[1] "2022-02-28 10:22:20 --- D1115_Graph_Predict01 Start ---"
[1] "2022-02-28 10:22:20 --- Log Start ---"
[1] "2022-02-28 10:22:20 --- graph Start ---"
[1] "--------------------------------------------------------------------------------"
[1] "graphVersion=D1115"
[1] "graphCategory=Graph"
[1] "graphType=Predict01"
[1] "graphTrackTypeCd=0"
[1] "graphJyokenCd=0"
[1] "--------------------------------------------------------------------------------"
[1] "2022-02-28 10:22:20 --- source_library.R Start ---"
[1] "2022-02-28 10:22:20 --- source_library.R Finished ---"
[1] "2022-02-28 10:22:20 --- RxSqlServerData Start ---"
[1] "2022-02-28 10:22:20 --- RxInSqlServer Start ---"
[1] "2022-02-28 10:22:21 --- RxInSqlServer Finish ---"
[1] "2022-02-28 10:22:21 --- rxSetComputeContext Start ---"
RxLocalSeq Compute Context
[1] "2022-02-28 10:22:21 --- rxSetComputeContext Finish ---"
[1] "2022-02-28 10:22:21 --- RxSqlServerData Start ---"
[1] "sqlQuery=SELECT * FROM ViewAnalyzeD1115Graph01Predict01"
[1] "2022-02-28 10:22:21 --- RxSqlServerData Finish ---"
[1] "2022-02-28 10:22:21 --- rxGetVarInfo Start ---"
Var 1: Race.RecKubun
       0 factor levels: 
Var 2: Race.DataKubun
       0 factor levels: 
Var 3: Race.MakeDate
       0 factor levels: 
Var 4: Race.RaceDate
       0 factor levels: 
Var 5: Race.JyoCd
       0 factor levels: 
Var 6: Race.Kaiji, Type: integer
Var 7: Race.Nichiji, Type: integer
Var 8: Race.RaceNum, Type: integer
Var 9: Race.RaceId
       0 factor levels: 
Var 10: Race.RaceDayId
       0 factor levels: 
Var 11: Race.YoubiCd
       0 factor levels: 
Var 12: Race.TokuNum
       0 factor levels: 
Var 13: Race.Hondai
       0 factor levels: 
Var 14: Race.Fukudai
       0 factor levels: 
Var 15: Race.Kakko
       0 factor levels: 
Var 16: Race.HondaiEng
       0 factor levels: 
Var 17: Race.FukudaiEng
       0 factor levels: 
Var 18: Race.KakkoEng
       0 factor levels: 
Var 19: Race.Ryakusyo10
       0 factor levels: 
Var 20: Race.Ryakusyo6
       0 factor levels: 
Var 21: Race.Ryakusyo3
       0 factor levels: 
Var 22: Race.Kubun
       0 factor levels: 
Var 23: Race.Nkai, Type: integer
Var 24: Race.GradeCd
       0 factor levels: 
Var 25: Race.GradeCdBefore
       0 factor levels: 
Var 26: Race.SyubetuCd
       0 factor levels: 
Var 27: Race.KigoCd
       0 factor levels: 
Var 28: Race.JyuryoCd
       0 factor levels: 
Var 29: Race.Jyoken1Cd
       0 factor levels: 
Var 30: Race.Jyoken2Cd
       0 factor levels: 
Var 31: Race.Jyoken3Cd
       0 factor levels: 
Var 32: Race.Jyoken4Cd
       0 factor levels: 
Var 33: Race.Jyoken5Cd
       0 factor levels: 
Var 34: Race.JyokenName
       0 factor levels: 
Var 35: Race.Kyori, Type: numeric
Var 36: Race.KyoriBefore, Type: numeric
Var 37: Race.DistanceTypeCd, Type: integer
Var 38: Race.DistanceType2Cd, Type: integer
Var 39: Race.TrackCd
       0 factor levels: 
Var 40: Race.TrackCdBefore
       0 factor levels: 
Var 41: Race.CourseKubunCd
       0 factor levels: 
Var 42: Race.CourseKubunCdBefore
       0 factor levels: 
Var 43: Race.Honsyokin1, Type: numeric
Var 44: Race.Honsyokin2, Type: numeric
Var 45: Race.Honsyokin3, Type: numeric
Var 46: Race.Honsyokin4, Type: numeric
Var 47: Race.Honsyokin5, Type: numeric
Var 48: Race.Honsyokin6, Type: numeric
Var 49: Race.Honsyokin7, Type: numeric
Var 50: Race.HonsyokinBefore1, Type: numeric
Var 51: Race.HonsyokinBefore2, Type: numeric
Var 52: Race.HonsyokinBefore3, Type: numeric
Var 53: Race.HonsyokinBefore4, Type: numeric
Var 54: Race.HonsyokinBefore5, Type: numeric
Var 55: Race.Fukasyokin1, Type: numeric
Var 56: Race.Fukasyokin2, Type: numeric
Var 57: Race.Fukasyokin3, Type: numeric
Var 58: Race.Fukasyokin4, Type: numeric
Var 59: Race.Fukasyokin5, Type: numeric
Var 60: Race.FukasyokinBefore1, Type: numeric
Var 61: Race.FukasyokinBefore2, Type: numeric
Var 62: Race.FukasyokinBefore3, Type: numeric
Var 63: Race.HassoTime
       0 factor levels: 
Var 64: Race.HassoTimeBefore
       0 factor levels: 
Var 65: Race.TorokuTosu, Type: numeric
Var 66: Race.SyussoTosu, Type: numeric
Var 67: Race.NyusenTosu, Type: numeric
Var 68: Race.TenkoCd
       0 factor levels: 
Var 69: Race.TrackTypeCd, Type: integer
Var 70: Race.TrackType2Cd, Type: integer
Var 71: Race.TrackType3Cd, Type: integer
Var 72: Race.CourseTypeCd, Type: integer
Var 73: Race.TrackConditionCd, Type: integer
Var 74: Race.SibaBabaCd
       0 factor levels: 
Var 75: Race.DirtBabaCd
       0 factor levels: 
Var 76: Race.FastestStart3Time, Type: numeric
Var 77: Race.FastestStart8Time, Type: numeric
Var 78: Race.FastestStart4Time, Type: numeric
Var 79: Race.FastestLast3Time, Type: numeric
Var 80: Race.FastestLast4Time, Type: numeric
Var 81: Race.RecordUpKubun
       0 factor levels: 
Var 82: Race.IsJraRace, Type: logical
Var 83: Race.IsUpdatedEntity, Type: logical
Var 84: Race.Timestamp01
       0 factor levels: 
Var 85: Race.IsPredictedRace, Type: logical
Var 86: Race.Timestamp02
       0 factor levels: 
Var 87: Race.IsConfirmedRace, Type: logical
Var 88: Race.IsAnalyzeNormalPastAndFuture, Type: logical
Var 89: Race.IsAnalyzeNormalPast, Type: logical
Var 90: Race.IsAnalyzeNormalFuture, Type: logical
Var 91: Race.IsAnalyzeFullPastAndFuture, Type: logical
Var 92: Race.IsAnalyzeFullPast, Type: logical
Var 93: Race.IsAnalyzeFullFuture, Type: logical
Var 94: Race.JyokenCd
       0 factor levels: 
Var 95: Race.RaceType1Cd
       0 factor levels: 
Var 96: Race.ThisRaceYear, Type: integer
Var 97: Race.PrevRaceYear, Type: integer
Var 98: Race.AnalyzeGeneralRaceDateFrom
       0 factor levels: 
Var 99: Race.AnalyzeGeneralRaceDateTo
       0 factor levels: 
Var 100: Race.AnalyzeGen01RaceDateFrom
       0 factor levels: 
Var 101: Race.AnalyzeGen01RaceDateTo
       0 factor levels: 
Var 102: Race.AnalyzeGen02RaceDateFrom
       0 factor levels: 
Var 103: Race.AnalyzeGen02RaceDateTo
       0 factor levels: 
Var 104: Race.AnalyzeGen05RaceDateFrom
       0 factor levels: 
Var 105: Race.AnalyzeGen05RaceDateTo
       0 factor levels: 
Var 106: Race.AnalyzeHorseRaceDateFrom
       0 factor levels: 
Var 107: Race.AnalyzeHorseRaceDateTo
       0 factor levels: 
Var 108: Race.AnalyzeJockeyRaceDateFrom
       0 factor levels: 
Var 109: Race.AnalyzeJockeyRaceDateTo
       0 factor levels: 
Var 110: Race.KyoriRemainder, Type: numeric
Var 111: Race.FastestStart38Time, Type: numeric
Var 112: Race.Timestamp03
       0 factor levels: 
Var 113: Race.CrawlDatetime
       0 factor levels: 
Var 114: Race.IsAutoBet, Type: logical
Var 115: Race.AutoBetDatetime
       0 factor levels: 
Var 116: Race.Timestamp05
       0 factor levels: 
Var 117: Race.DefaultHitRateA, Type: numeric
Var 118: Race.DefaultHitRateB, Type: numeric
Var 119: Race.DefaultHitRateC, Type: numeric
Var 120: RaceHorse.RecKubun
       0 factor levels: 
Var 121: RaceHorse.DataKubun
       0 factor levels: 
Var 122: RaceHorse.MakeDate
       0 factor levels: 
Var 123: RaceHorse.RaceDate
       0 factor levels: 
Var 124: RaceHorse.JyoCd
       0 factor levels: 
Var 125: RaceHorse.Kaiji, Type: integer
Var 126: RaceHorse.Nichiji, Type: integer
Var 127: RaceHorse.RaceNum, Type: integer
Var 128: RaceHorse.RaceId
       0 factor levels: 
Var 129: RaceHorse.KettoNum
       0 factor levels: 
Var 130: RaceHorse.Wakuban, Type: integer
Var 131: RaceHorse.Umaban, Type: integer
Var 132: RaceHorse.Bamei
       0 factor levels: 
Var 133: RaceHorse.UmaKigoCd
       0 factor levels: 
Var 134: RaceHorse.SexCd
       0 factor levels: 
Var 135: RaceHorse.HinsyuCd
       0 factor levels: 
Var 136: RaceHorse.KeiroCd
       0 factor levels: 
Var 137: RaceHorse.Barei, Type: numeric
Var 138: RaceHorse.TozaiCd
       0 factor levels: 
Var 139: RaceHorse.ChokyosiCode
       0 factor levels: 
Var 140: RaceHorse.ChokyosiRyakusyo
       0 factor levels: 
Var 141: RaceHorse.BanusiCode
       0 factor levels: 
Var 142: RaceHorse.BanusiName
       0 factor levels: 
Var 143: RaceHorse.SilkCd
       0 factor levels: 
Var 144: RaceHorse.Reserved1
       0 factor levels: 
Var 145: RaceHorse.Futan, Type: numeric
Var 146: RaceHorse.FutanBefore, Type: numeric
Var 147: RaceHorse.BlinkerCd
       0 factor levels: 
Var 148: RaceHorse.Reserved2
       0 factor levels: 
Var 149: RaceHorse.KisyuCode
       0 factor levels: 
Var 150: RaceHorse.KisyuCodeBefore
       0 factor levels: 
Var 151: RaceHorse.KisyuRyakusyo
       0 factor levels: 
Var 152: RaceHorse.KisyuRyakusyoBefore
       0 factor levels: 
Var 153: RaceHorse.MinaraiCd
       0 factor levels: 
Var 154: RaceHorse.MinaraiCdBefore
       0 factor levels: 
Var 155: RaceHorse.Bataijyu, Type: numeric
Var 156: RaceHorse.ZogenFugo
       0 factor levels: 
Var 157: RaceHorse.ZogenSa, Type: numeric
Var 158: RaceHorse.IjyoCd
       0 factor levels: 
Var 159: RaceHorse.NyusenJyuni, Type: numeric
Var 160: RaceHorse.KakuteiJyuni, Type: numeric
Var 161: RaceHorse.DochakuKubun
       0 factor levels: 
Var 162: RaceHorse.DochakuTosu, Type: numeric
Var 163: RaceHorse.Time, Type: numeric
Var 164: RaceHorse.ChakusaCd
       0 factor levels: 
Var 165: RaceHorse.ChakusaCdP
       0 factor levels: 
Var 166: RaceHorse.ChakusaCdPp
       0 factor levels: 
Var 167: RaceHorse.Jyuni1C, Type: numeric
Var 168: RaceHorse.Jyuni2C, Type: numeric
Var 169: RaceHorse.Jyuni3C, Type: numeric
Var 170: RaceHorse.Jyuni4C, Type: numeric
Var 171: RaceHorse.Odds, Type: numeric
Var 172: RaceHorse.Ninki, Type: numeric
Var 173: RaceHorse.Honsyokin, Type: numeric
Var 174: RaceHorse.Fukasyokin, Type: numeric
Var 175: RaceHorse.Reserved3
       0 factor levels: 
Var 176: RaceHorse.Reserved4
       0 factor levels: 
Var 177: RaceHorse.Last4Time, Type: numeric
Var 178: RaceHorse.Last3Time, Type: numeric
Var 179: RaceHorse.KettoNum1
       0 factor levels: 
Var 180: RaceHorse.Bamei1
       0 factor levels: 
Var 181: RaceHorse.KettoNum2
       0 factor levels: 
Var 182: RaceHorse.Bamei2
       0 factor levels: 
Var 183: RaceHorse.KettoNum3
       0 factor levels: 
Var 184: RaceHorse.Bamei3
       0 factor levels: 
Var 185: RaceHorse.TimeDiff, Type: numeric
Var 186: RaceHorse.RecordUpKubun
       0 factor levels: 
Var 187: RaceHorse.DmKubun
       0 factor levels: 
Var 188: RaceHorse.DmTime, Type: numeric
Var 189: RaceHorse.DmGosaP, Type: numeric
Var 190: RaceHorse.DmGosaM, Type: numeric
Var 191: RaceHorse.DmJyuni, Type: integer
Var 192: RaceHorse.RunTypeCd
       0 factor levels: 
Var 193: RaceHorse.IsUpdatedEntity, Type: logical
Var 194: RaceHorse.Timestamp01
       0 factor levels: 
Var 195: RaceHorse.IsConfirmedRaceHorse, Type: logical
Var 196: RaceHorse.IsRun, Type: numeric
Var 197: RaceHorse.Lifetime, Type: numeric
Var 198: RaceHorse.FutanRatio, Type: numeric
Var 199: RaceHorse.Timestamp02
       0 factor levels: 
Var 200: RaceHorse.IsHit1, Type: numeric
Var 201: RaceHorse.IsHit2, Type: numeric
Var 202: RaceHorse.IsHit3, Type: numeric
Var 203: RaceHorse.IsHit4, Type: numeric
Var 204: RaceHorse.IsHit5, Type: numeric
Var 205: RaceHorse.IsHit6, Type: numeric
Var 206: RaceHorse.Timestamp03
       0 factor levels: 
Var 207: RaceHorse.IsValidPrepTimeSdv, Type: logical
Var 208: RaceHorse.PrepTimeSdv, Type: numeric
Var 209: RaceHorse.IsValidRaceHorse, Type: logical
Var 210: RaceHorse.Timestamp04
       0 factor levels: 
Var 211: RaceHorse.IsValidTimeSdvByRace, Type: logical
Var 212: RaceHorse.TimeSdvByRace, Type: numeric
Var 213: RaceHorse.IsValidLastTimeSdvByRace, Type: logical
Var 214: RaceHorse.LastTimeSdvByRace, Type: numeric
Var 215: RaceHorse.IsValidFirstTimeSdvByRace, Type: logical
Var 216: RaceHorse.FirstTimeSdvByRace, Type: numeric
Var 217: RaceHorse.IsValidTimeSdv, Type: logical
Var 218: RaceHorse.TimeSdv, Type: numeric
Var 219: RaceHorse.IsValidLastTimeSdv, Type: logical
Var 220: RaceHorse.LastTimeSdv, Type: numeric
Var 221: RaceHorse.IsValidFirstTimeSdv, Type: logical
Var 222: RaceHorse.FirstTimeSdv, Type: numeric
Var 223: RaceHorse.IsValidOrderOfFinishSdv, Type: logical
Var 224: RaceHorse.OrderOfFinishSdv, Type: numeric
Var 225: RaceHorse.Timestamp05
       0 factor levels: 
Var 226: RaceHorse.IsValidUmabanSdv, Type: logical
Var 227: RaceHorse.UmabanSdv, Type: numeric
Var 228: RaceHorse.IsValidBareiSdv, Type: logical
Var 229: RaceHorse.BareiSdv, Type: numeric
Var 230: RaceHorse.IsValidBataijyuSdv, Type: logical
Var 231: RaceHorse.BataijyuSdv, Type: numeric
Var 232: RaceHorse.IsValidZogenSaSdv, Type: logical
Var 233: RaceHorse.ZogenSaSdv, Type: numeric
Var 234: RaceHorse.IsValidFutanSdv, Type: logical
Var 235: RaceHorse.FutanSdv, Type: numeric
Var 236: RaceHorse.IsValidLifetimeSdv, Type: logical
Var 237: RaceHorse.LifetimeSdv, Type: numeric
Var 238: RaceHorse.IsValidFutanRatioSdv, Type: logical
Var 239: RaceHorse.FutanRatioSdv, Type: numeric
Var 240: RaceHorse.Timestamp06
       0 factor levels: 
Var 241: RaceHorse.Timestamp07
       0 factor levels: 
Var 242: RaceHorse.Timestamp08
       0 factor levels: 
Var 243: RaceHorse.Timestamp09
       0 factor levels: 
Var 244: RaceHorse.IsValidPredictTime, Type: logical
Var 245: RaceHorse.PredictTime, Type: numeric
Var 246: RaceHorse.PredictTimeSdvByRace, Type: numeric
Var 247: RaceHorse.PredictTimeDvByRace, Type: numeric
Var 248: RaceHorse.PredictTimeRankByRace, Type: integer
Var 249: RaceHorse.Timestamp10
       0 factor levels: 
Var 250: RaceHorse.PredictDatetime
       0 factor levels: 
Var 251: RaceHorse.IsValidPredictValueA, Type: logical
Var 252: RaceHorse.PredictValueA, Type: numeric
Var 253: RaceHorse.PredictValueDvA, Type: numeric
Var 254: RaceHorse.PredictValueRankA, Type: integer
Var 255: RaceHorse.PredictErrorA, Type: integer
Var 256: RaceHorse.ExpectedOddsA, Type: numeric
Var 257: RaceHorse.Odds1A, Type: numeric
Var 258: RaceHorse.Odds2A, Type: numeric
Var 259: RaceHorse.IsValidPredictValueB, Type: logical
Var 260: RaceHorse.PredictValueB, Type: numeric
Var 261: RaceHorse.PredictValueDvB, Type: numeric
Var 262: RaceHorse.PredictValueRankB, Type: integer
Var 263: RaceHorse.PredictErrorB, Type: integer
Var 264: RaceHorse.ExpectedOddsB, Type: numeric
Var 265: RaceHorse.Odds1B, Type: numeric
Var 266: RaceHorse.Odds2B, Type: numeric
Var 267: RaceHorse.IsValidPredictValueC, Type: logical
Var 268: RaceHorse.PredictValueC, Type: numeric
Var 269: RaceHorse.PredictValueDvC, Type: numeric
Var 270: RaceHorse.PredictValueRankC, Type: integer
Var 271: RaceHorse.PredictErrorC, Type: integer
Var 272: RaceHorse.ExpectedOddsC, Type: numeric
Var 273: RaceHorse.Odds1C, Type: numeric
Var 274: RaceHorse.Odds2C, Type: numeric
Var 275: RaceHorse.Timestamp11
       0 factor levels: 
Var 276: RaceHorse.OddsLog, Type: numeric
Var 277: RaceHorse.OddsRatio, Type: numeric
Var 278: RaceHorse.OddsLogit, Type: numeric
Var 279: RaceHorse.ApprovalRate, Type: numeric
Var 280: RaceHorse.ApprovalRateLog, Type: numeric
Var 281: RaceHorse.IsHitA, Type: numeric
Var 282: RaceHorse.IsHitB, Type: numeric
Var 283: RaceHorse.IsHitC, Type: numeric
Var 284: RaceHorse.IsHitD, Type: numeric
Var 285: RaceHorse.IsHitE, Type: numeric
Var 286: RaceHorse.LifetimeLog, Type: numeric
Var 287: DataMining.DmTimeSdv, Type: numeric
Var 288: DataMiningTaisen.TmScoreSdv, Type: numeric
Var 289: OddsByWin.Odds1, Type: numeric
Var 290: OddsByWin.Ninki, Type: numeric
Var 291: OddsByWin.OddsLog1, Type: numeric
Var 292: OddsByWin.OddsRatio1, Type: numeric
Var 293: OddsByWin.OddsLogit1, Type: numeric
Var 294: OddsByWin.ApprovalRate1, Type: numeric
Var 295: OddsByWin.ApprovalRateLog1, Type: numeric
Var 296: PayoffByWin.RaceId
       0 factor levels: 
Var 297: PayoffByWin.BetTypeCd, Type: integer
Var 298: PayoffByWin.Kumi1, Type: integer
Var 299: PayoffByWin.Kumi2, Type: integer
Var 300: PayoffByWin.Kumi3, Type: integer
Var 301: PayoffByWin.IsHit, Type: numeric
Var 302: PayoffByWin.Ninki, Type: numeric
Var 303: PayoffByWin.Pay, Type: numeric
Var 304: PayoffByWin.PayLog, Type: numeric
Var 305: PredictByWin.RaceId
       0 factor levels: 
Var 306: PredictByWin.BetTypeCd, Type: integer
Var 307: PredictByWin.Kumi1, Type: integer
Var 308: PredictByWin.Kumi2, Type: integer
Var 309: PredictByWin.Kumi3, Type: integer
Var 310: PredictByWin.IsValidPredictValue, Type: logical
Var 311: PredictByWin.PredictValue, Type: numeric
Var 312: PredictByWin.PredictValueNorm, Type: numeric
Var 313: PredictByWin.PredictValueDv, Type: numeric
Var 314: PredictByWin.PredictValueRank, Type: numeric
Var 315: PredictByWin.IsValidPredictValue1, Type: logical
Var 316: PredictByWin.PredictValue1, Type: numeric
Var 317: PredictByWin.PredictError1, Type: numeric
Var 318: PredictByWin.ExpectedValue, Type: numeric
Var 319: PredictByWin.PredictDatetime
       0 factor levels: 
Var 320: PredictByWin.Timestamp01
       0 factor levels: 
Var 321: EOF, Type: integer
[1] "2022-02-28 10:22:21 --- rxGetVarInfo Finish---"
[1] "2022-02-28 10:22:21 --- rxImport Start ---"
Rows Read: 240474, Total Rows Processed: 240474, Total Chunk Time: 33.962 seconds 
[1] "2022-02-28 10:23:09 --- rxImport Finish ---"
[1] "object.size(data) auto=430.2 Mb"
[1] "--------------------------------------------------------------------------------"
[1] "nrow(data) RxSqlServerData=240474"
[1] "--------------------------------------------------------------------------------"
[1] "2022-02-28 10:23:09 --- RxSqlServerData Finish ---"
[1] "pdfFilename=pdf_Graph_Predict01_hist.OddsByWin.pdf"
null device 
          1 
[1] "pdfFilename=pdf_Graph_Predict01_hist.PayoffByWin.pdf"
null device 
          1 
[1] "pdfFilename=pdf_Graph_Predict01_hist.PredictByWin.pdf"
null device 
          1 
[1] "pdfFilename=pdf_Graph_Predict01_histogram.OddsByWin.pdf"
null device 
          1 
[1] "pdfFilename=pdf_Graph_Predict01_histogram.RaceHorse.TimeSdvByRace.pdf"
null device 
          1 
[1] "pdfFilename=pdf_Graph_Predict01_histogram.RaceHorse.LastTimeSdvByRace.pdf"
null device 
          1 
[1] "pdfFilename=pdf_Graph_Predict01_histogram.RaceHorse.FirstTimeSdvByRace.pdf"
null device 
          1 
[1] "pdfFilename=pdf_Graph_Predict01_histogram.RaceHorse.TimeSdv.pdf"
null device 
          1 
[1] "pdfFilename=pdf_Graph_Predict01_histogram.RaceHorse.LastTimeSdv.pdf"
null device 
          1 
[1] "pdfFilename=pdf_Graph_Predict01_histogram.RaceHorse.FirstTimeSdv.pdf"
null device 
          1 
[1] "pdfFilename=pdf_Graph_Predict01_histogram.PayoffByWin.Pay.pdf"
null device 
          1 
[1] "pdfFilename=pdf_Graph_Predict01_histogram.PayoffByWin.PayLog.pdf"
null device 
          1 
[1] "pdfFilename=pdf_Graph_Predict01_histogram.PredictByWin.PredictValue.pdf"
null device 
          1 
[1] "pdfFilename=pdf_Graph_Predict01_xyplot.PayoffByWin.Pay vs RaceHorse.UmabanSdv by Race.JyoType1Cd.pdf"
null device 
          1 
[1] "pdfFilename=pdf_Graph_Predict01_xyplot.RaceHorse.TimeSdv vs RaceHorse.TimeSdvByRace by Race.RaceType1Cd.pdf"
null device 
          1 
[1] "pdfFilename=pdf_Graph_Predict01_xyplot.PayoffByWin.Pay vs RaceHorse.TimeSdv by Race.RaceType1Cd.pdf"
null device 
          1 
[1] "pdfFilename=pdf_Graph_Predict01_xyplot.PayoffByWin.Pay vs RaceHorse.TimeSdvByRace by Race.RaceType1Cd.pdf"
null device 
          1 
[1] "pdfFilename=pdf_Graph_Predict01_xyplot.PayoffByWin.Pay vs RaceHorse.BataijyuSdv by Race.RaceType1Cd.pdf"
null device 
          1 
[1] "pdfFilename=pdf_Graph_Predict01_xyplot.PayoffByWin.Pay vs RaceHorse.ZogenSa by Race.RaceType1Cd.pdf"
null device 
          1 
[1] "pdfFilename=pdf_Graph_Predict01_xyplot.PayoffByWin.Pay vs RaceHorse.FutanSdv by Race.RaceType1Cd.pdf"
null device 
          1 
[1] "pdfFilename=pdf_Graph_Predict01_xyplot.PayoffByWin.Pay vs RaceHorse.FutanRatioSdv by Race.RaceType1Cd.pdf"
null device 
          1 
[1] "pdfFilename=pdf_Graph_Predict01_xyplot.PayoffByWin.Pay vs RaceHorse.LifetimeSdv by Race.RaceType1Cd.pdf"
null device 
          1 
[1] "pdfFilename=pdf_Graph_Predict01_xyplot.PayoffByWin.Pay vs PredictByWin.PredictValue by Race.RaceType1Cd.pdf"
null device 
          1 
[1] "pdfFilename=pdf_Graph_Predict01_xyplot.PayoffByWin.Pay vs OddsByWin.Odds1 by Race.RaceType1Cd.pdf"
null device 
          1 
[1] "pdfFilename=pdf_Graph_Predict01_xyplot.PayoffByWin.Pay vs OddsByWin.OddsLog1 by Race.RaceType1Cd.pdf"
null device 
          1 
[1] "pdfFilename=pdf_Graph_Predict01_xyplot.PayoffByWin.Pay vs DataMining.DmTimeSdv by Race.RaceType1Cd.pdf"
null device 
          1 
[1] "pdfFilename=pdf_Graph_Predict01_xyplot.PayoffByWin.Pay vs DataMiningTaisen.TmScoreSdv by Race.RaceType1Cd.pdf"
null device 
          1 
[1] "pdfFilename=pdf_Graph_Predict01_xyplot.PayoffByWin.Pay vs OddsByWin.OddsRatio1 by Race.RaceType1Cd.pdf"
null device 
          1 
[1] "pdfFilename=pdf_Graph_Predict01_xyplot.PayoffByWin.Pay vs OddsByWin.OddsLogit1 by Race.RaceType1Cd.pdf"
null device 
          1 
[1] "pdfFilename=pdf_Graph_Predict01_xyplot.PayoffByWin.Pay vs OddsByWin.ApprovalRate1 by Race.RaceType1Cd.pdf"
null device 
          1 
[1] "pdfFilename=pdf_Graph_Predict01_xyplot.PayoffByWin.Pay vs OddsByWin.ApprovalRateLog1 by Race.RaceType1Cd.pdf"
null device 
          1 
[1] "pdfFilename=pdf_Graph_Predict01_xyplot.PayoffByWin.PayLog vs RaceHorse.TimeSdv by Race.RaceType1Cd.pdf"
null device 
          1 
[1] "pdfFilename=pdf_Graph_Predict01_xyplot.PayoffByWin.PayLog vs RaceHorse.TimeSdvByRace by Race.RaceType1Cd.pdf"
null device 
          1 
[1] "pdfFilename=pdf_Graph_Predict01_xyplot.PayoffByWin.PayLog vs RaceHorse.BataijyuSdv by Race.RaceType1Cd.pdf"
null device 
          1 
[1] "pdfFilename=pdf_Graph_Predict01_xyplot.PayoffByWin.PayLog vs RaceHorse.ZogenSa by Race.RaceType1Cd.pdf"
null device 
          1 
[1] "pdfFilename=pdf_Graph_Predict01_xyplot.PayoffByWin.PayLog vs RaceHorse.FutanSdv by Race.RaceType1Cd.pdf"
null device 
          1 
[1] "pdfFilename=pdf_Graph_Predict01_xyplot.PayoffByWin.PayLog vs RaceHorse.FutanRatioSdv by Race.RaceType1Cd.pdf"
null device 
          1 
[1] "pdfFilename=pdf_Graph_Predict01_xyplot.PayoffByWin.PayLog vs RaceHorse.LifetimeSdv by Race.RaceType1Cd.pdf"
null device 
          1 
[1] "pdfFilename=pdf_Graph_Predict01_xyplot.PayoffByWin.PayLog vs PredictByWin.PredictValue by Race.RaceType1Cd.pdf"
null device 
          1 
[1] "pdfFilename=pdf_Graph_Predict01_xyplot.PayoffByWin.PayLog vs OddsByWin.Odds1 by Race.RaceType1Cd.pdf"
null device 
          1 
[1] "pdfFilename=pdf_Graph_Predict01_xyplot.PayoffByWin.PayLog vs OddsByWin.OddsLog1 by Race.RaceType1Cd.pdf"
null device 
          1 
[1] "pdfFilename=pdf_Graph_Predict01_xyplot.PayoffByWin.PayLog vs DataMining.DmTimeSdv by Race.RaceType1Cd.pdf"
null device 
          1 
[1] "pdfFilename=pdf_Graph_Predict01_xyplot.PayoffByWin.PayLog vs DataMiningTaisen.TmScoreSdv by Race.RaceType1Cd.pdf"
null device 
          1 
[1] "pdfFilename=pdf_Graph_Predict01_xyplot.PayoffByWin.PayLog vs OddsByWin.OddsRatio1 by Race.RaceType1Cd.pdf"
null device 
          1 
[1] "pdfFilename=pdf_Graph_Predict01_xyplot.PayoffByWin.PayLog vs OddsByWin.OddsLogit1 by Race.RaceType1Cd.pdf"
null device 
          1 
[1] "pdfFilename=pdf_Graph_Predict01_xyplot.PayoffByWin.PayLog vs OddsByWin.ApprovalRate1 by Race.RaceType1Cd.pdf"
null device 
          1 
[1] "pdfFilename=pdf_Graph_Predict01_xyplot.PayoffByWin.PayLog vs OddsByWin.ApprovalRateLog1 by Race.RaceType1Cd.pdf"
null device 
          1 
[1] "pdfFilename=pdf_Graph_Predict01_xyplot.RaceHorse.TimeSdv vs RaceHorse.UmabanSdv by Race.RaceType1Cd.pdf"
null device 
          1 
[1] "pdfFilename=pdf_Graph_Predict01_xyplot.RaceHorse.TimeSdv vs RaceHorse.BataijyuSdv by Race.RaceType1Cd.pdf"
null device 
          1 
[1] "pdfFilename=pdf_Graph_Predict01_xyplot.RaceHorse.TimeSdv vs RaceHorse.ZogenSa by Race.RaceType1Cd.pdf"
null device 
          1 
[1] "pdfFilename=pdf_Graph_Predict01_xyplot.RaceHorse.TimeSdv vs RaceHorse.FutanSdv by Race.RaceType1Cd.pdf"
null device 
          1 
[1] "pdfFilename=pdf_Graph_Predict01_xyplot.RaceHorse.TimeSdv vs RaceHorse.FutanRatioSdv by Race.RaceType1Cd.pdf"
null device 
          1 
[1] "pdfFilename=pdf_Graph_Predict01_xyplot.RaceHorse.TimeSdv vs RaceHorse.LifetimeSdv by Race.RaceType1Cd.pdf"
null device 
          1 
[1] "pdfFilename=pdf_Graph_Predict01_xyplot.RaceHorse.TimeSdv vs PredictByWin.PredictValue by Race.RaceType1Cd.pdf"
null device 
          1 
[1] "pdfFilename=pdf_Graph_Predict01_xyplot.RaceHorse.TimeSdv vs DataMining.DmTimeSdv by Race.RaceType1Cd.pdf"
null device 
          1 
[1] "pdfFilename=pdf_Graph_Predict01_xyplot.RaceHorse.TimeSdv vs DataMiningTaisen.TmScoreSdv by Race.RaceType1Cd.pdf"
null device 
          1 
[1] "pdfFilename=pdf_Graph_Predict01_xyplot.RaceHorse.TimeSdv vs OddsByWin.Odds1 by Race.RaceType1Cd.pdf"
null device 
          1 
[1] "pdfFilename=pdf_Graph_Predict01_xyplot.RaceHorse.TimeSdv vs OddsByWin.OddsLog1 by Race.RaceType1Cd.pdf"
null device 
          1 
[1] "pdfFilename=pdf_Graph_Predict01_xyplot.RaceHorse.TimeSdv vs OddsByWin.OddsRatio1 by Race.RaceType1Cd.pdf"
null device 
          1 
[1] "pdfFilename=pdf_Graph_Predict01_xyplot.RaceHorse.TimeSdv vs OddsByWin.OddsLogit1 by Race.RaceType1Cd.pdf"
null device 
          1 
[1] "pdfFilename=pdf_Graph_Predict01_xyplot.RaceHorse.TimeSdv vs OddsByWin.ApprovalRate1 by Race.RaceType1Cd.pdf"
null device 
          1 
[1] "pdfFilename=pdf_Graph_Predict01_xyplot.RaceHorse.TimeSdv vs OddsByWin.ApprovalRateLog1 by Race.RaceType1Cd.pdf"
null device 
          1 
[1] "pdfFilename=pdf_Graph_Predict01_xyplot.RaceHorse.TimeSdvByRace vs RaceHorse.UmabanSdv by Race.RaceType1Cd.pdf"
null device 
          1 
[1] "pdfFilename=pdf_Graph_Predict01_xyplot.RaceHorse.TimeSdvByRace vs RaceHorse.BataijyuSdv by Race.RaceType1Cd.pdf"
null device 
          1 
[1] "pdfFilename=pdf_Graph_Predict01_xyplot.RaceHorse.TimeSdvByRace vs RaceHorse.ZogenSa by Race.RaceType1Cd.pdf"
null device 
          1 
[1] "pdfFilename=pdf_Graph_Predict01_xyplot.RaceHorse.TimeSdvByRace vs RaceHorse.FutanSdv by Race.RaceType1Cd.pdf"
null device 
          1 
[1] "pdfFilename=pdf_Graph_Predict01_xyplot.RaceHorse.TimeSdvByRace vs RaceHorse.FutanRatioSdv by Race.RaceType1Cd.pdf"
null device 
          1 
[1] "pdfFilename=pdf_Graph_Predict01_xyplot.RaceHorse.TimeSdvByRace vs RaceHorse.LifetimeSdv by Race.RaceType1Cd.pdf"
null device 
          1 
[1] "pdfFilename=pdf_Graph_Predict01_xyplot.RaceHorse.TimeSdvByRace vs PredictByWin.PredictValue by Race.RaceType1Cd.pdf"
null device 
          1 
[1] "pdfFilename=pdf_Graph_Predict01_xyplot.RaceHorse.TimeSdvByRace vs DataMining.DmTimeSdv by Race.RaceType1Cd.pdf"
null device 
          1 
[1] "pdfFilename=pdf_Graph_Predict01_xyplot.RaceHorse.TimeSdvByRace vs DataMiningTaisen.TmScoreSdv by Race.RaceType1Cd.pdf"
null device 
          1 
[1] "pdfFilename=pdf_Graph_Predict01_xyplot.RaceHorse.TimeSdvByRace vs OddsByWin.Odds1 by Race.RaceType1Cd.pdf"
null device 
          1 
[1] "pdfFilename=pdf_Graph_Predict01_xyplot.RaceHorse.TimeSdvByRace vs OddsByWin.OddsLog1 by Race.RaceType1Cd.pdf"
null device 
          1 
[1] "pdfFilename=pdf_Graph_Predict01_xyplot.RaceHorse.TimeSdvByRace vs OddsByWin.OddsRatio1 by Race.RaceType1Cd.pdf"
null device 
          1 
[1] "pdfFilename=pdf_Graph_Predict01_xyplot.RaceHorse.TimeSdvByRace vs OddsByWin.OddsLogit1 by Race.RaceType1Cd.pdf"
null device 
          1 
[1] "pdfFilename=pdf_Graph_Predict01_xyplot.RaceHorse.TimeSdvByRace vs OddsByWin.ApprovalRate1 by Race.RaceType1Cd.pdf"
null device 
          1 
[1] "pdfFilename=pdf_Graph_Predict01_xyplot.RaceHorse.TimeSdvByRace vs OddsByWin.ApprovalRateLog1 by Race.RaceType1Cd.pdf"
null device 
          1 
[1] "pdfFilename=pdf_Graph_Predict01_xyplot.RaceHorse.OrderOfFinishSdv vs RaceHorse.UmabanSdv by Race.RaceType1Cd.pdf"
null device 
          1 
[1] "pdfFilename=pdf_Graph_Predict01_xyplot.RaceHorse.OrderOfFinishSdv vs RaceHorse.BataijyuSdv by Race.RaceType1Cd.pdf"
null device 
          1 
[1] "pdfFilename=pdf_Graph_Predict01_xyplot.RaceHorse.OrderOfFinishSdv vs RaceHorse.ZogenSa by Race.RaceType1Cd.pdf"
null device 
          1 
[1] "pdfFilename=pdf_Graph_Predict01_xyplot.RaceHorse.OrderOfFinishSdv vs RaceHorse.FutanSdv by Race.RaceType1Cd.pdf"
null device 
          1 
[1] "pdfFilename=pdf_Graph_Predict01_xyplot.RaceHorse.OrderOfFinishSdv vs RaceHorse.FutanRatioSdv by Race.RaceType1Cd.pdf"
null device 
          1 
[1] "pdfFilename=pdf_Graph_Predict01_xyplot.RaceHorse.OrderOfFinishSdv vs RaceHorse.LifetimeSdv by Race.RaceType1Cd.pdf"
null device 
          1 
[1] "pdfFilename=pdf_Graph_Predict01_xyplot.RaceHorse.OrderOfFinishSdv vs PredictByWin.PredictValue by Race.RaceType1Cd.pdf"
null device 
          1 
[1] "pdfFilename=pdf_Graph_Predict01_xyplot.RaceHorse.OrderOfFinishSdv vs DataMining.DmTimeSdv by Race.RaceType1Cd.pdf"
null device 
          1 
[1] "pdfFilename=pdf_Graph_Predict01_xyplot.RaceHorse.OrderOfFinishSdv vs DataMiningTaisen.TmScoreSdv by Race.RaceType1Cd.pdf"
null device 
          1 
[1] "pdfFilename=pdf_Graph_Predict01_xyplot.RaceHorse.OrderOfFinishSdv vs OddsByWin.Odds1 by Race.RaceType1Cd.pdf"
null device 
          1 
[1] "pdfFilename=pdf_Graph_Predict01_xyplot.RaceHorse.OrderOfFinishSdv vs OddsByWin.OddsLog1 by Race.RaceType1Cd.pdf"
null device 
          1 
[1] "pdfFilename=pdf_Graph_Predict01_xyplot.RaceHorse.OrderOfFinishSdv vs OddsByWin.OddsRatio1 by Race.RaceType1Cd.pdf"
null device 
          1 
[1] "pdfFilename=pdf_Graph_Predict01_xyplot.RaceHorse.OrderOfFinishSdv vs OddsByWin.OddsLogit1 by Race.RaceType1Cd.pdf"
null device 
          1 
[1] "pdfFilename=pdf_Graph_Predict01_xyplot.RaceHorse.OrderOfFinishSdv vs OddsByWin.ApprovalRate1 by Race.RaceType1Cd.pdf"
null device 
          1 
[1] "pdfFilename=pdf_Graph_Predict01_xyplot.RaceHorse.OrderOfFinishSdv vs OddsByWin.ApprovalRateLog1 by Race.RaceType1Cd.pdf"
null device 
          1 
[1] "2022-02-28 10:30:01 --- log Finish ---"
[1] "2022-02-28 10:30:01 --- graph Finish ---"
