[1] "2022-02-26 23:12:01 --- D1115_analyze_glm_Horse_IsHitA_Type16 Start ---"
[1] "2022-02-26 23:12:01 --- Log Start ---"
[1] "2022-02-26 23:12:01 --- analyze_glm.R Start ---"
[1] "analyzeVersion=D1115"
[1] "analyzeCategory=analyze"
[1] "analyzeType=Horse"
[1] "analyzeFamily=IsHitA"
[1] "analyzeFunc=glm"
[1] "analyzeTrackTypeCd=1"
[1] "analyzeJyokenCd=6"
[1] "2022-02-26 23:12:02 --- source_function.R Start ---"
[1] "2022-02-26 23:12:02 --- source_function.R Finished ---"

> print(paste0(Sys.time(), " --- source_library.R Start ---"))
[1] "2022-02-26 23:12:02 --- source_library.R Start ---"

> require("RevoScaleR")

> print(paste0(Sys.time(), " --- source_library.R Finished ---"))
[1] "2022-02-26 23:12:08 --- source_library.R Finished ---"
[1] "2022-02-26 23:12:09 --- RxSqlServerData Start ---"
[1] "2022-02-26 23:12:09 --- RxInSqlServer Start ---"
[1] "2022-02-26 23:12:10 --- RxInSqlServer Finish ---"
[1] "2022-02-26 23:12:12 --- rxSetComputeContext Start ---"
[1] "2022-02-26 23:12:12 --- rxSetComputeContext Finish ---"
[1] "2022-02-26 23:12:12 --- RxSqlServerData Start ---"
[1] "sqlQuery=SELECT * FROM ViewAnalyzeD1115analyze01HorseType16"
[1] "2022-02-26 23:12:12 --- RxSqlServerData Finish ---"
[1] "2022-02-26 23:12:13 --- rxGetVarInfo Start ---"
[1] "2022-02-26 23:12:15 --- rxGetVarInfo Finish---"
[1] "2022-02-26 23:12:15 --- rxImport Start ---"
Rows Read: 0, Total Rows Processed: 0, Total Chunk Time: 192.922 seconds 

No rows of data found.
[1] "2022-02-26 23:35:12 --- rxImport Finish ---"
[1] "object.size(data) auto=56 bytes"
[1] "--------------------------------------------------------------------------------"
[1] "nrow(data) RxSqlServerData="
[1] "--------------------------------------------------------------------------------"
[1] "str(data)="
 logi TRUE
[1] "2022-02-26 23:35:12 --- RxSqlServerData Finish ---"
[1] "2022-02-26 23:35:12 --- subset Start ---"
