[1] "2022-02-26 10:42:05 --- D1115_Predict_glm_Gen02_IsHitA_Type23 Start ---"
[1] "2022-02-26 10:42:05 --- Log Start ---"
[1] "2022-02-26 10:42:05 --- predict.R Start ---"
[1] "--------------------------------------------------------------------------------"
[1] "analyzeVersion=D1115"
[1] "analyzeCategory=Predict"
[1] "analyzeType=Gen02"
[1] "analyzeFamily=IsHitA"
[1] "analyzeFunc=glm"
[1] "analyzeTrackTypeCd=2"
[1] "analyzeJyokenCd=3"
[1] "--------------------------------------------------------------------------------"
[1] "2022-02-26 10:42:05 --- source_function.R Start ---"
[1] "2022-02-26 10:42:05 --- source_function.R Finished ---"

> print(paste0(Sys.time(), " --- source_library.R Start ---"))
[1] "2022-02-26 10:42:05 --- source_library.R Start ---"

> require("RevoScaleR")

> print(paste0(Sys.time(), " --- source_library.R Finished ---"))
[1] "2022-02-26 10:42:05 --- source_library.R Finished ---"
[1] "2022-02-26 10:42:05 --- Load Start ---"
[1] "analyzeTrackTypeCd=2"
[1] "analyzeJyokenCd=3"
[1] "loadFilename=RData_Analyze_glm_Gen02_Type23.RData"
[1] "2022-02-26 10:42:05 --- Load Finished ---"
[1] "2022-02-26 10:42:05 --- RxSqlServerData Start ---"
[1] "2022-02-26 10:42:05 --- RxInSqlServer Start ---"
[1] "2022-02-26 10:42:05 --- RxInSqlServer Finish ---"
[1] "2022-02-26 10:42:05 --- rxSetComputeContext Start ---"
[1] "2022-02-26 10:42:05 --- rxSetComputeContext Finish ---"
[1] "2022-02-26 10:42:05 --- RxSqlServerData Start ---"
[1] "analyzeTrackTypeCd=2"
[1] "analyzeJyokenCd=3"
[1] "predictSqlQuery=SELECT * FROM ViewAnalyzeD1115Predict01Gen02Type23"
[1] "2022-02-26 10:42:05 --- RxSqlServerData Finish ---"
[1] "2022-02-26 10:42:05 --- rxGetVarInfo Start ---"
[1] "2022-02-26 10:42:06 --- rxGetVarInfo Finish---"
[1] "2022-02-26 10:42:06 --- rxImport Start ---"
Rows Read: 13654, Total Rows Processed: 13654, Total Chunk Time: 34.223 seconds 
[1] "2022-02-26 10:43:09 --- rxImport Finish ---"
[1] "object.size(InputDataSet) auto=3.1 Mb"
[1] "--------------------------------------------------------------------------------"
[1] "nrow(InputDataSet) RxSqlServerData=13654"
[1] "--------------------------------------------------------------------------------"
[1] "str(InputDataSet)="
'data.frame':	13654 obs. of  33 variables:
 $ Race.RaceId                      : Factor w/ 1294 levels "20160110-08-01-03-12",..: 1 2 3 10 11 4 5 12 13 14 ...
 $ Race.IsPredictedRace             : logi  TRUE TRUE TRUE TRUE TRUE TRUE ...
 $ Race.IsAnalyzeNormalPastAndFuture: logi  TRUE TRUE TRUE TRUE TRUE TRUE ...
 $ Race.IsAnalyzeNormalPast         : logi  TRUE TRUE TRUE TRUE TRUE TRUE ...
 $ Race.IsAnalyzeNormalFuture       : logi  FALSE FALSE FALSE FALSE FALSE FALSE ...
 $ Race.IsAnalyzeFullPastAndFuture  : logi  TRUE TRUE TRUE TRUE TRUE TRUE ...
 $ Race.IsAnalyzeFullPast           : logi  TRUE TRUE TRUE TRUE TRUE TRUE ...
 $ Race.IsAnalyzeFullFuture         : logi  FALSE FALSE FALSE FALSE FALSE FALSE ...
 $ Race.JyokenCd                    : Factor w/ 1 level "3": 1 1 1 1 1 1 1 1 1 1 ...
 $ Race.JyoType1Cd                  : Factor w/ 113 levels "2-08-1200-3-1",..: 1 2 3 10 11 4 5 10 12 13 ...
 $ Race.RaceType1Cd                 : Factor w/ 6 levels "2-3-X-1","2-3-E-2",..: 1 1 2 1 1 1 1 1 4 1 ...
 $ RaceHorse.RaceId                 : Factor w/ 1294 levels "20160110-08-01-03-12",..: 1 2 3 10 11 4 5 12 13 14 ...
 $ RaceHorse.KettoNum               : Factor w/ 3017 levels "2012104046","2010103927",..: 1 2 3 7 10 4 5 11 2 12 ...
 $ Gen02.HansyokuNum                : Factor w/ 333 levels "11201954","11201953",..: 1 1 1 1 1 1 2 1 1 1 ...
 $ Gen02.TimeSdvByRaceAvg           : num  -0.0811 0.4711 0.1985 0.542 0.5654 ...
 $ Gen02.TimeSdvByRaceMin           : num  -0.0811 -0.0212 0.1985 -0.8978 0.5654 ...
 $ Gen02.TimeSdvByRaceMax           : num  -0.0811 1.2671 0.1985 1.3195 0.5654 ...
 $ Gen02.TimeSdvAvg                 : num  1.298 0.311 0.384 0.459 0.182 ...
 $ Gen02.TimeSdvMin                 : num  1.298 -0.0357 0.3845 -0.339 0.1823 ...
 $ Gen02.TimeSdvMax                 : num  1.298 0.758 0.384 1.165 0.182 ...
 $ Gen02.OrderOfFinishSdvAvg        : num  0.063 0.45 -0.0429 0.5527 0.7265 ...
 $ Gen02.RunCount                   : num  1 4 1 14 1 2 9 13 3 4 ...
 $ Gen02.HitCount1                  : num  0 0 0 1 0 0 0 0 0 0 ...
 $ Gen02.HitCount2                  : num  0 1 0 2 0 0 2 2 0 0 ...
 $ Gen02.HitCount3                  : num  0 0 0 2 0 1 2 0 1 0 ...
 $ Gen02.HitCount4                  : num  0 0 0 0 0 0 2 2 0 1 ...
 $ Gen02.HitCount5                  : num  0 0 0 3 1 0 3 1 0 0 ...
 $ Gen02.HitRate1                   : num  0 0 0 0.0714 0 ...
 $ Gen02.HitRate2                   : num  0 0.25 0 0.143 0 ...
 $ Gen02.HitRate3                   : num  0 0 0 0.143 0 ...
 $ Gen02.HitRate4                   : num  0 0 0 0 0 ...
 $ Gen02.HitRate5                   : num  0 0 0 0.214 1 ...
 $ EOF                              : int  1 1 1 1 1 1 1 1 1 1 ...
[1] "2022-02-26 10:43:09 --- RxSqlServerData Finish ---"
[1] "2022-02-26 10:43:09 --- subset Start ---"
[1] "--------------------------------------------------------------------------------"
[1] "nrow(InputDataSet) subset before=13654"
[1] "nrow(InputDataSet) subset after=13654"
[1] "nrow(InputDataSet) subset diff=0"
[1] "--------------------------------------------------------------------------------"
[1] "class(InputDataSet$Race.IsAnalyzeNormalPast)=logical"
[1] "class(InputDataSet$Race.analyzeTrackTypeCd)=NULL"
[1] "2022-02-26 10:43:09 --- subset Finish ---"
[1] "2022-02-26 10:43:09 --- transform Start ---"
[1] "--------------------------------------------------------------------------------"
[1] "nrow(InputDataSet) transaform before=13654"
[1] "nrow(InputDataSet) transaform after=13654"
[1] "nrow(InputDataSet) transaform diff=0"
[1] "--------------------------------------------------------------------------------"
[1] "str(InputDataSet)="
'data.frame':	13654 obs. of  33 variables:
 $ Race.RaceId                      : Factor w/ 1294 levels "20160110-08-01-03-12",..: 1 2 3 10 11 4 5 12 13 14 ...
 $ Race.IsPredictedRace             : logi  TRUE TRUE TRUE TRUE TRUE TRUE ...
 $ Race.IsAnalyzeNormalPastAndFuture: logi  TRUE TRUE TRUE TRUE TRUE TRUE ...
 $ Race.IsAnalyzeNormalPast         : logi  TRUE TRUE TRUE TRUE TRUE TRUE ...
 $ Race.IsAnalyzeNormalFuture       : logi  FALSE FALSE FALSE FALSE FALSE FALSE ...
 $ Race.IsAnalyzeFullPastAndFuture  : logi  TRUE TRUE TRUE TRUE TRUE TRUE ...
 $ Race.IsAnalyzeFullPast           : logi  TRUE TRUE TRUE TRUE TRUE TRUE ...
 $ Race.IsAnalyzeFullFuture         : logi  FALSE FALSE FALSE FALSE FALSE FALSE ...
 $ Race.JyokenCd                    : Factor w/ 1 level "3": 1 1 1 1 1 1 1 1 1 1 ...
 $ Race.JyoType1Cd                  : Factor w/ 113 levels "2-08-1200-3-1",..: 1 2 3 10 11 4 5 10 12 13 ...
 $ Race.RaceType1Cd                 : Factor w/ 6 levels "2-3-X-1","2-3-E-2",..: 1 1 2 1 1 1 1 1 4 1 ...
 $ RaceHorse.RaceId                 : Factor w/ 1294 levels "20160110-08-01-03-12",..: 1 2 3 10 11 4 5 12 13 14 ...
 $ RaceHorse.KettoNum               : Factor w/ 3017 levels "2012104046","2010103927",..: 1 2 3 7 10 4 5 11 2 12 ...
 $ Gen02.HansyokuNum                : Factor w/ 333 levels "11201954","11201953",..: 1 1 1 1 1 1 2 1 1 1 ...
 $ Gen02.TimeSdvByRaceAvg           : num  -0.0811 0.4711 0.1985 0.542 0.5654 ...
 $ Gen02.TimeSdvByRaceMin           : num  -0.0811 -0.0212 0.1985 -0.8978 0.5654 ...
 $ Gen02.TimeSdvByRaceMax           : num  -0.0811 1.2671 0.1985 1.3195 0.5654 ...
 $ Gen02.TimeSdvAvg                 : num  1.298 0.311 0.384 0.459 0.182 ...
 $ Gen02.TimeSdvMin                 : num  1.298 -0.0357 0.3845 -0.339 0.1823 ...
 $ Gen02.TimeSdvMax                 : num  1.298 0.758 0.384 1.165 0.182 ...
 $ Gen02.OrderOfFinishSdvAvg        : num  0.063 0.45 -0.0429 0.5527 0.7265 ...
 $ Gen02.RunCount                   : num  1 4 1 14 1 2 9 13 3 4 ...
 $ Gen02.HitCount1                  : num  0 0 0 1 0 0 0 0 0 0 ...
 $ Gen02.HitCount2                  : num  0 1 0 2 0 0 2 2 0 0 ...
 $ Gen02.HitCount3                  : num  0 0 0 2 0 1 2 0 1 0 ...
 $ Gen02.HitCount4                  : num  0 0 0 0 0 0 2 2 0 1 ...
 $ Gen02.HitCount5                  : num  0 0 0 3 1 0 3 1 0 0 ...
 $ Gen02.HitRate1                   : num  0 0 0 0.0714 0 ...
 $ Gen02.HitRate2                   : num  0 0.25 0 0.143 0 ...
 $ Gen02.HitRate3                   : num  0 0 0 0.143 0 ...
 $ Gen02.HitRate4                   : num  0 0 0 0 0 ...
 $ Gen02.HitRate5                   : num  0 0 0 0.214 1 ...
 $ EOF                              : int  1 1 1 1 1 1 1 1 1 1 ...
NULL
[1] "2022-02-26 10:43:09 --- transform Finish ---"
[1] "2022-02-26 10:43:09 --- na.omit Start ---"
[1] "--------------------------------------------------------------------------------"
[1] "nrow(InputDataSet) na.omit before=13654"
[1] "nrow(InputDataSet) na.omit after=13645"
[1] "nrow(InputDataSet) na.omit diff=9"
[1] "--------------------------------------------------------------------------------"
[1] "2022-02-26 10:43:09 --- na.omit Finish---"
[1] "2022-02-26 10:43:09 --- New Levels Start ---"
[1] "levels(data$Race.RaceType1Cd)=2-3-E-1"
[2] "levels(data$Race.RaceType1Cd)=2-3-X-1"
[3] "levels(data$Race.RaceType1Cd)=2-3-X-2"
[4] "levels(data$Race.RaceType1Cd)=2-3-E-2"
[5] "levels(data$Race.RaceType1Cd)=2-3-X-3"
[6] "levels(data$Race.RaceType1Cd)=2-3-E-3"
[1] "levels(InputDataSet$Race.RaceType1Cd)=2-3-X-1"
[2] "levels(InputDataSet$Race.RaceType1Cd)=2-3-E-2"
[3] "levels(InputDataSet$Race.RaceType1Cd)=2-3-X-2"
[4] "levels(InputDataSet$Race.RaceType1Cd)=2-3-E-1"
[5] "levels(InputDataSet$Race.RaceType1Cd)=2-3-X-3"
[6] "levels(InputDataSet$Race.RaceType1Cd)=2-3-E-3"
[1] "length(Race.RaceType1Cd.Index)=0"
[1] "2022-02-26 10:43:09 --- New Levels Finish ---"
[1] "2022-02-26 10:43:09 --- na.omit Start ---"
[1] "--------------------------------------------------------------------------------"
[1] "nrow(InputDataSet) na.omit levels before=13645"
[1] "nrow(InputDataSet) na.omit levels after=13645"
[1] "nrow(InputDataSet) na.omit levels diff=0"
[1] "--------------------------------------------------------------------------------"
[1] "2022-02-26 10:43:09 --- na.omit Finish ---"
[1] "2022-02-26 10:43:09 --- Predict InputDataSet Start ---"
[1] "--------------------------------------------------------------------------------"
[1] "nrow(InputDataSet) predict=13645"
[1] "--------------------------------------------------------------------------------"
[1] "str(InputDataSet)="
'data.frame':	13645 obs. of  33 variables:
 $ Race.RaceId                      : Factor w/ 1294 levels "20160110-08-01-03-12",..: 1 2 3 10 11 4 5 12 13 14 ...
 $ Race.IsPredictedRace             : logi  TRUE TRUE TRUE TRUE TRUE TRUE ...
 $ Race.IsAnalyzeNormalPastAndFuture: logi  TRUE TRUE TRUE TRUE TRUE TRUE ...
 $ Race.IsAnalyzeNormalPast         : logi  TRUE TRUE TRUE TRUE TRUE TRUE ...
 $ Race.IsAnalyzeNormalFuture       : logi  FALSE FALSE FALSE FALSE FALSE FALSE ...
 $ Race.IsAnalyzeFullPastAndFuture  : logi  TRUE TRUE TRUE TRUE TRUE TRUE ...
 $ Race.IsAnalyzeFullPast           : logi  TRUE TRUE TRUE TRUE TRUE TRUE ...
 $ Race.IsAnalyzeFullFuture         : logi  FALSE FALSE FALSE FALSE FALSE FALSE ...
 $ Race.JyokenCd                    : Factor w/ 1 level "3": 1 1 1 1 1 1 1 1 1 1 ...
 $ Race.JyoType1Cd                  : Factor w/ 113 levels "2-08-1200-3-1",..: 1 2 3 10 11 4 5 10 12 13 ...
 $ Race.RaceType1Cd                 : Factor w/ 6 levels "2-3-X-1","2-3-E-2",..: 1 1 2 1 1 1 1 1 4 1 ...
 $ RaceHorse.RaceId                 : Factor w/ 1294 levels "20160110-08-01-03-12",..: 1 2 3 10 11 4 5 12 13 14 ...
 $ RaceHorse.KettoNum               : Factor w/ 3017 levels "2012104046","2010103927",..: 1 2 3 7 10 4 5 11 2 12 ...
 $ Gen02.HansyokuNum                : Factor w/ 333 levels "11201954","11201953",..: 1 1 1 1 1 1 2 1 1 1 ...
 $ Gen02.TimeSdvByRaceAvg           : num  -0.0811 0.4711 0.1985 0.542 0.5654 ...
 $ Gen02.TimeSdvByRaceMin           : num  -0.0811 -0.0212 0.1985 -0.8978 0.5654 ...
 $ Gen02.TimeSdvByRaceMax           : num  -0.0811 1.2671 0.1985 1.3195 0.5654 ...
 $ Gen02.TimeSdvAvg                 : num  1.298 0.311 0.384 0.459 0.182 ...
 $ Gen02.TimeSdvMin                 : num  1.298 -0.0357 0.3845 -0.339 0.1823 ...
 $ Gen02.TimeSdvMax                 : num  1.298 0.758 0.384 1.165 0.182 ...
 $ Gen02.OrderOfFinishSdvAvg        : num  0.063 0.45 -0.0429 0.5527 0.7265 ...
 $ Gen02.RunCount                   : num  1 4 1 14 1 2 9 13 3 4 ...
 $ Gen02.HitCount1                  : num  0 0 0 1 0 0 0 0 0 0 ...
 $ Gen02.HitCount2                  : num  0 1 0 2 0 0 2 2 0 0 ...
 $ Gen02.HitCount3                  : num  0 0 0 2 0 1 2 0 1 0 ...
 $ Gen02.HitCount4                  : num  0 0 0 0 0 0 2 2 0 1 ...
 $ Gen02.HitCount5                  : num  0 0 0 3 1 0 3 1 0 0 ...
 $ Gen02.HitRate1                   : num  0 0 0 0.0714 0 ...
 $ Gen02.HitRate2                   : num  0 0.25 0 0.143 0 ...
 $ Gen02.HitRate3                   : num  0 0 0 0.143 0 ...
 $ Gen02.HitRate4                   : num  0 0 0 0 0 ...
 $ Gen02.HitRate5                   : num  0 0 0 0.214 1 ...
 $ EOF                              : int  1 1 1 1 1 1 1 1 1 1 ...
 - attr(*, "na.action")= 'omit' Named int  5621 8640 11028 11030 11060 11194 11202 11386 12693
  ..- attr(*, "names")= chr  "5621" "8640" "11028" "11030" ...
[1] "2022-02-26 10:43:09 --- Predict InputDataSet Finish ---"
[1] "2022-02-26 10:43:09 --- rxPredict (glm) Start ---"
[1] "analyzeFunc=glm"
Rows Read: 13645, Total Rows Processed: 13645, Total Chunk Time: Less than .001 seconds 
[1] "--------------------------------------------------------------------------------"
[1] "nrow(PredictDataSet) afte predict=13645"
[1] "--------------------------------------------------------------------------------"
[1] "str(PredictDataSet)"
'data.frame':	13645 obs. of  1 variable:
 $ RaceHorse.IsHitA_Pred: num  0.0477 0.0786 0.0616 0.0837 0.0855 ...
NULL
[1] "2022-02-26 10:43:09 --- rxPredict (glm) Finish ---"
[1] "2022-02-26 10:43:09 --- add key Start ---"
[1] "--------------------------------------------------------------------------------"
[1] "nrow(OutputDataSet) add KeyColmn=13645"
[1] "--------------------------------------------------------------------------------"
[1] "str(OutputDataSet) after add Key"
'data.frame':	13645 obs. of  2 variables:
 $ RaceHorse.RaceId  : Factor w/ 1294 levels "20160110-08-01-03-12",..: 1 2 3 10 11 4 5 12 13 14 ...
 $ RaceHorse.KettoNum: Factor w/ 3017 levels "2012104046","2010103927",..: 1 2 3 7 10 4 5 11 2 12 ...
NULL
[1] "2022-02-26 10:43:09 --- add key Finish ---"
[1] "2022-02-26 10:43:09 --- add PredictValue Start ---"
[1] "str(PredictDataSet) before rename="
[1] "colnames(PredictDataSet)=RaceHorse.IsHitA_Pred"
[1] "str(PredictDataSet) after rename="
'data.frame':	13645 obs. of  1 variable:
 $ PredictValue: num  0.0477 0.0786 0.0616 0.0837 0.0855 ...
NULL
[1] "str(OutputDataSet) before cbind="
'data.frame':	13645 obs. of  2 variables:
 $ RaceHorse.RaceId  : Factor w/ 1294 levels "20160110-08-01-03-12",..: 1 2 3 10 11 4 5 12 13 14 ...
 $ RaceHorse.KettoNum: Factor w/ 3017 levels "2012104046","2010103927",..: 1 2 3 7 10 4 5 11 2 12 ...
NULL
[1] "str(OutputDataSet) after cbind="
'data.frame':	13645 obs. of  3 variables:
 $ RaceHorse.RaceId  : Factor w/ 1294 levels "20160110-08-01-03-12",..: 1 2 3 10 11 4 5 12 13 14 ...
 $ RaceHorse.KettoNum: Factor w/ 3017 levels "2012104046","2010103927",..: 1 2 3 7 10 4 5 11 2 12 ...
 $ PredictValue      : num  0.0477 0.0786 0.0616 0.0837 0.0855 ...
NULL
[1] "2022-02-26 10:43:09 --- add PredictValue Finish ---"
[1] "2022-02-26 10:43:09 --- final Start ---"
[1] "--------------------------------------------------------------------------------"
[1] "nrow(OutputDataSet) final=13645"
[1] "--------------------------------------------------------------------------------"
[1] "str(OutputDataSet)="
'data.frame':	13645 obs. of  3 variables:
 $ RaceHorse.RaceId  : Factor w/ 1294 levels "20160110-08-01-03-12",..: 1 2 3 10 11 4 5 12 13 14 ...
 $ RaceHorse.KettoNum: Factor w/ 3017 levels "2012104046","2010103927",..: 1 2 3 7 10 4 5 11 2 12 ...
 $ PredictValue      : num  0.0477 0.0786 0.0616 0.0837 0.0855 ...
NULL
[1] "2022-02-26 10:43:09 --- final Finish ---"
[1] "2022-02-26 10:43:09 --- predict.R Finished ---"
[1] "2022-02-26 10:43:09 --- log Finish ---"
