[1] "2022-02-27 07:42:49 --- D1115_Predict_glm_Horse_IsHitA_Type24 Start ---"
[1] "2022-02-27 07:42:49 --- Log Start ---"
[1] "2022-02-27 07:42:49 --- predict.R Start ---"
[1] "--------------------------------------------------------------------------------"
[1] "analyzeVersion=D1115"
[1] "analyzeCategory=Predict"
[1] "analyzeType=Horse"
[1] "analyzeFamily=IsHitA"
[1] "analyzeFunc=glm"
[1] "analyzeTrackTypeCd=2"
[1] "analyzeJyokenCd=4"
[1] "--------------------------------------------------------------------------------"
[1] "2022-02-27 07:42:49 --- source_function.R Start ---"
[1] "2022-02-27 07:42:49 --- source_function.R Finished ---"
[1] "2022-02-27 07:42:49 --- source_library.R Start ---"
[1] "2022-02-27 07:42:49 --- source_library.R Finished ---"
[1] "2022-02-27 07:42:49 --- Load Start ---"
[1] "analyzeTrackTypeCd=2"
[1] "analyzeJyokenCd=4"
[1] "loadFilename=RData_Analyze_glm_Horse_Type24.RData"
[1] "2022-02-27 07:42:49 --- Load Finished ---"
[1] "2022-02-27 07:42:49 --- RxSqlServerData Start ---"
[1] "2022-02-27 07:42:49 --- RxInSqlServer Start ---"
[1] "2022-02-27 07:42:49 --- RxInSqlServer Finish ---"
[1] "2022-02-27 07:42:49 --- rxSetComputeContext Start ---"
[1] "2022-02-27 07:42:49 --- rxSetComputeContext Finish ---"
[1] "2022-02-27 07:42:49 --- RxSqlServerData Start ---"
[1] "analyzeTrackTypeCd=2"
[1] "analyzeJyokenCd=4"
[1] "predictSqlQuery=SELECT * FROM ViewAnalyzeD1115Predict01HorseType24"
[1] "2022-02-27 07:42:49 --- RxSqlServerData Finish ---"
[1] "2022-02-27 07:42:49 --- rxGetVarInfo Start ---"
[1] "2022-02-27 07:42:49 --- rxGetVarInfo Finish---"
[1] "2022-02-27 07:42:49 --- rxImport Start ---"
Rows Read: 178, Total Rows Processed: 178, Total Chunk Time: 19.706 seconds 
[1] "2022-02-27 07:43:43 --- rxImport Finish ---"
[1] "object.size(InputDataSet) auto=71 Kb"
[1] "--------------------------------------------------------------------------------"
[1] "nrow(InputDataSet) RxSqlServerData=178"
[1] "--------------------------------------------------------------------------------"
[1] "str(InputDataSet)="
'data.frame':	178 obs. of  33 variables:
 $ Race.RaceId                      : Factor w/ 12 levels "20220226-06-02-01-07",..: 8 8 3 3 9 4 5 6 10 10 ...
 $ Race.IsPredictedRace             : logi  TRUE TRUE TRUE TRUE TRUE TRUE ...
 $ Race.IsAnalyzeNormalPastAndFuture: logi  TRUE TRUE TRUE TRUE TRUE TRUE ...
 $ Race.IsAnalyzeNormalPast         : logi  FALSE FALSE FALSE FALSE FALSE FALSE ...
 $ Race.IsAnalyzeNormalFuture       : logi  TRUE TRUE TRUE TRUE TRUE TRUE ...
 $ Race.IsAnalyzeFullPastAndFuture  : logi  TRUE TRUE TRUE TRUE TRUE TRUE ...
 $ Race.IsAnalyzeFullPast           : logi  FALSE FALSE FALSE FALSE FALSE FALSE ...
 $ Race.IsAnalyzeFullFuture         : logi  TRUE TRUE TRUE TRUE TRUE TRUE ...
 $ Race.JyokenCd                    : Factor w/ 1 level "4": 1 1 1 1 1 1 1 1 1 1 ...
 $ Race.JyoType1Cd                  : Factor w/ 7 levels "2-06-1800-4-1",..: 6 6 3 3 7 4 1 5 4 4 ...
 $ Race.RaceType1Cd                 : Factor w/ 3 levels "2-4-X-2","2-4-X-1",..: 1 1 2 2 2 1 1 2 1 1 ...
 $ RaceHorse.RaceId                 : Factor w/ 12 levels "20220226-06-02-01-07",..: 8 8 3 3 9 4 5 6 10 10 ...
 $ RaceHorse.KettoNum               : Factor w/ 178 levels "2019110089","2019106574",..: 11 12 13 14 15 16 17 18 19 20 ...
 $ Horse.KettoNum                   : Factor w/ 178 levels "2019110089","2019106574",..: 11 12 13 14 15 16 17 18 19 20 ...
 $ Horse.TimeSdvByRaceAvg           : num  0.308 0.234 -0.204 -0.693 0.625 ...
 $ Horse.TimeSdvByRaceMin           : num  -1.27 -1.84 -1.98 -2.79 -1.06 ...
 $ Horse.TimeSdvByRaceMax           : num  1.25 1.25 1.27 1.07 1.53 ...
 $ Horse.TimeSdvAvg                 : num  0.0629 0.461 0.0799 -0.8274 0.6236 ...
 $ Horse.TimeSdvMin                 : num  -1.073 -0.672 -1.706 -1.879 -1.297 ...
 $ Horse.TimeSdvMax                 : num  1.156 1.264 1.189 0.963 1.662 ...
 $ Horse.OrderOfFinishSdvAvg        : num  0.352 0.334 -0.234 -0.512 0.813 ...
 $ Horse.RunCount                   : num  18 16 16 15 13 7 11 7 12 15 ...
 $ Horse.HitCount1                  : num  1 1 1 1 1 0 1 0 1 0 ...
 $ Horse.HitCount2                  : num  1 1 0 0 3 1 1 1 2 4 ...
 $ Horse.HitCount3                  : num  2 3 0 0 5 0 1 1 3 2 ...
 $ Horse.HitCount4                  : num  4 2 0 1 0 1 4 1 2 2 ...
 $ Horse.HitCount5                  : num  2 1 2 0 0 1 1 0 1 2 ...
 $ Horse.HitRate1                   : num  0.0556 0.0625 0.0625 0.0667 0.0769 ...
 $ Horse.HitRate2                   : num  0.0556 0.0625 0 0 0.2308 ...
 $ Horse.HitRate3                   : num  0.111 0.188 0 0 0.385 ...
 $ Horse.HitRate4                   : num  0.2222 0.125 0 0.0667 0 ...
 $ Horse.HitRate5                   : num  0.1111 0.0625 0.125 0 0 ...
 $ EOF                              : int  1 1 1 1 1 1 1 1 1 1 ...
[1] "2022-02-27 07:43:43 --- RxSqlServerData Finish ---"
[1] "2022-02-27 07:43:43 --- subset Start ---"
[1] "--------------------------------------------------------------------------------"
[1] "nrow(InputDataSet) subset before=178"
[1] "nrow(InputDataSet) subset after=178"
[1] "nrow(InputDataSet) subset diff=0"
[1] "--------------------------------------------------------------------------------"
[1] "class(InputDataSet$Race.IsAnalyzeNormalPast)=logical"
[1] "class(InputDataSet$Race.analyzeTrackTypeCd)=NULL"
[1] "2022-02-27 07:43:43 --- subset Finish ---"
[1] "2022-02-27 07:43:43 --- na.omit Start ---"
[1] "--------------------------------------------------------------------------------"
[1] "nrow(InputDataSet) na.omit before=178"
[1] "nrow(InputDataSet) na.omit after=178"
[1] "nrow(InputDataSet) na.omit diff=0"
[1] "--------------------------------------------------------------------------------"
[1] "2022-02-27 07:43:43 --- na.omit Finish---"
[1] "2022-02-27 07:43:43 --- New Levels Start ---"
[1] "levels(data$Race.RaceType1Cd)=2-4-X-1"
[2] "levels(data$Race.RaceType1Cd)=2-4-X-2"
[3] "levels(data$Race.RaceType1Cd)=2-4-E-2"
[4] "levels(data$Race.RaceType1Cd)=2-4-X-3"
[5] "levels(data$Race.RaceType1Cd)=2-4-E-1"
[1] "levels(InputDataSet$Race.RaceType1Cd)=2-4-X-2"
[2] "levels(InputDataSet$Race.RaceType1Cd)=2-4-X-1"
[3] "levels(InputDataSet$Race.RaceType1Cd)=2-4-E-2"
[1] "length(Race.RaceType1Cd.Index)=0"
[1] "2022-02-27 07:43:43 --- New Levels Finish ---"
[1] "2022-02-27 07:43:43 --- na.omit Start ---"
[1] "--------------------------------------------------------------------------------"
[1] "nrow(InputDataSet) na.omit levels before=178"
[1] "nrow(InputDataSet) na.omit levels after=178"
[1] "nrow(InputDataSet) na.omit levels diff=0"
[1] "--------------------------------------------------------------------------------"
[1] "2022-02-27 07:43:43 --- na.omit Finish ---"
[1] "2022-02-27 07:43:43 --- Predict InputDataSet Start ---"
[1] "--------------------------------------------------------------------------------"
[1] "nrow(InputDataSet) predict=178"
[1] "--------------------------------------------------------------------------------"
[1] "str(InputDataSet)="
'data.frame':	178 obs. of  33 variables:
 $ Race.RaceId                      : Factor w/ 12 levels "20220226-06-02-01-07",..: 8 8 3 3 9 4 5 6 10 10 ...
 $ Race.IsPredictedRace             : logi  TRUE TRUE TRUE TRUE TRUE TRUE ...
 $ Race.IsAnalyzeNormalPastAndFuture: logi  TRUE TRUE TRUE TRUE TRUE TRUE ...
 $ Race.IsAnalyzeNormalPast         : logi  FALSE FALSE FALSE FALSE FALSE FALSE ...
 $ Race.IsAnalyzeNormalFuture       : logi  TRUE TRUE TRUE TRUE TRUE TRUE ...
 $ Race.IsAnalyzeFullPastAndFuture  : logi  TRUE TRUE TRUE TRUE TRUE TRUE ...
 $ Race.IsAnalyzeFullPast           : logi  FALSE FALSE FALSE FALSE FALSE FALSE ...
 $ Race.IsAnalyzeFullFuture         : logi  TRUE TRUE TRUE TRUE TRUE TRUE ...
 $ Race.JyokenCd                    : Factor w/ 1 level "4": 1 1 1 1 1 1 1 1 1 1 ...
 $ Race.JyoType1Cd                  : Factor w/ 7 levels "2-06-1800-4-1",..: 6 6 3 3 7 4 1 5 4 4 ...
 $ Race.RaceType1Cd                 : Factor w/ 3 levels "2-4-X-2","2-4-X-1",..: 1 1 2 2 2 1 1 2 1 1 ...
 $ RaceHorse.RaceId                 : Factor w/ 12 levels "20220226-06-02-01-07",..: 8 8 3 3 9 4 5 6 10 10 ...
 $ RaceHorse.KettoNum               : Factor w/ 178 levels "2019110089","2019106574",..: 11 12 13 14 15 16 17 18 19 20 ...
 $ Horse.KettoNum                   : Factor w/ 178 levels "2019110089","2019106574",..: 11 12 13 14 15 16 17 18 19 20 ...
 $ Horse.TimeSdvByRaceAvg           : num  0.308 0.234 -0.204 -0.693 0.625 ...
 $ Horse.TimeSdvByRaceMin           : num  -1.27 -1.84 -1.98 -2.79 -1.06 ...
 $ Horse.TimeSdvByRaceMax           : num  1.25 1.25 1.27 1.07 1.53 ...
 $ Horse.TimeSdvAvg                 : num  0.0629 0.461 0.0799 -0.8274 0.6236 ...
 $ Horse.TimeSdvMin                 : num  -1.073 -0.672 -1.706 -1.879 -1.297 ...
 $ Horse.TimeSdvMax                 : num  1.156 1.264 1.189 0.963 1.662 ...
 $ Horse.OrderOfFinishSdvAvg        : num  0.352 0.334 -0.234 -0.512 0.813 ...
 $ Horse.RunCount                   : num  18 16 16 15 13 7 11 7 12 15 ...
 $ Horse.HitCount1                  : num  1 1 1 1 1 0 1 0 1 0 ...
 $ Horse.HitCount2                  : num  1 1 0 0 3 1 1 1 2 4 ...
 $ Horse.HitCount3                  : num  2 3 0 0 5 0 1 1 3 2 ...
 $ Horse.HitCount4                  : num  4 2 0 1 0 1 4 1 2 2 ...
 $ Horse.HitCount5                  : num  2 1 2 0 0 1 1 0 1 2 ...
 $ Horse.HitRate1                   : num  0.0556 0.0625 0.0625 0.0667 0.0769 ...
 $ Horse.HitRate2                   : num  0.0556 0.0625 0 0 0.2308 ...
 $ Horse.HitRate3                   : num  0.111 0.188 0 0 0.385 ...
 $ Horse.HitRate4                   : num  0.2222 0.125 0 0.0667 0 ...
 $ Horse.HitRate5                   : num  0.1111 0.0625 0.125 0 0 ...
 $ EOF                              : int  1 1 1 1 1 1 1 1 1 1 ...
[1] "2022-02-27 07:43:43 --- Predict InputDataSet Finish ---"
[1] "2022-02-27 07:43:43 --- rxPredict (glm) Start ---"
[1] "analyzeFunc=glm"
Rows Read: 178, Total Rows Processed: 178, Total Chunk Time: Less than .001 seconds 
[1] "--------------------------------------------------------------------------------"
[1] "nrow(PredictDataSet) afte predict=178"
[1] "--------------------------------------------------------------------------------"
[1] "str(PredictDataSet)"
'data.frame':	178 obs. of  1 variable:
 $ RaceHorse.IsHitA_Pred: num  0.0629 0.0569 0.031 0.0155 0.0962 ...
NULL
[1] "2022-02-27 07:43:43 --- rxPredict (glm) Finish ---"
[1] "2022-02-27 07:43:43 --- add key Start ---"
[1] "--------------------------------------------------------------------------------"
[1] "nrow(OutputDataSet) add KeyColmn=178"
[1] "--------------------------------------------------------------------------------"
[1] "str(OutputDataSet) after add Key"
'data.frame':	178 obs. of  2 variables:
 $ RaceHorse.RaceId  : Factor w/ 12 levels "20220226-06-02-01-07",..: 8 8 3 3 9 4 5 6 10 10 ...
 $ RaceHorse.KettoNum: Factor w/ 178 levels "2019110089","2019106574",..: 11 12 13 14 15 16 17 18 19 20 ...
NULL
[1] "2022-02-27 07:43:43 --- add key Finish ---"
[1] "2022-02-27 07:43:43 --- add PredictValue Start ---"
[1] "str(PredictDataSet) before rename="
[1] "colnames(PredictDataSet)=RaceHorse.IsHitA_Pred"
[1] "str(PredictDataSet) after rename="
'data.frame':	178 obs. of  1 variable:
 $ PredictValue: num  0.0629 0.0569 0.031 0.0155 0.0962 ...
NULL
[1] "str(OutputDataSet) before cbind="
'data.frame':	178 obs. of  2 variables:
 $ RaceHorse.RaceId  : Factor w/ 12 levels "20220226-06-02-01-07",..: 8 8 3 3 9 4 5 6 10 10 ...
 $ RaceHorse.KettoNum: Factor w/ 178 levels "2019110089","2019106574",..: 11 12 13 14 15 16 17 18 19 20 ...
NULL
[1] "str(OutputDataSet) after cbind="
'data.frame':	178 obs. of  3 variables:
 $ RaceHorse.RaceId  : Factor w/ 12 levels "20220226-06-02-01-07",..: 8 8 3 3 9 4 5 6 10 10 ...
 $ RaceHorse.KettoNum: Factor w/ 178 levels "2019110089","2019106574",..: 11 12 13 14 15 16 17 18 19 20 ...
 $ PredictValue      : num  0.0629 0.0569 0.031 0.0155 0.0962 ...
NULL
[1] "2022-02-27 07:43:43 --- add PredictValue Finish ---"
[1] "2022-02-27 07:43:43 --- final Start ---"
[1] "--------------------------------------------------------------------------------"
[1] "nrow(OutputDataSet) final=178"
[1] "--------------------------------------------------------------------------------"
[1] "str(OutputDataSet)="
'data.frame':	178 obs. of  3 variables:
 $ RaceHorse.RaceId  : Factor w/ 12 levels "20220226-06-02-01-07",..: 8 8 3 3 9 4 5 6 10 10 ...
 $ RaceHorse.KettoNum: Factor w/ 178 levels "2019110089","2019106574",..: 11 12 13 14 15 16 17 18 19 20 ...
 $ PredictValue      : num  0.0629 0.0569 0.031 0.0155 0.0962 ...
NULL
[1] "2022-02-27 07:43:43 --- final Finish ---"
[1] "2022-02-27 07:43:43 --- predict.R Finished ---"
[1] "2022-02-27 07:43:43 --- log Finish ---"
