[1] "2022-02-18 15:04:32 --- D1115_Predict_glm_DataMiningTaisen_IsHitA_Type26 Start ---"
[1] "2022-02-18 15:04:32 --- Log Start ---"
[1] "2022-02-18 15:04:33 --- predict.R Start ---"
[1] "--------------------------------------------------------------------------------"
[1] "analyzeVersion=D1115"
[1] "analyzeCategory=Predict"
[1] "analyzeType=DataMiningTaisen"
[1] "analyzeFamily=IsHitA"
[1] "analyzeFunc=glm"
[1] "analyzeTrackTypeCd=2"
[1] "analyzeJyokenCd=6"
[1] "--------------------------------------------------------------------------------"
[1] "2022-02-18 15:04:33 --- source_function.R Start ---"
[1] "2022-02-18 15:04:33 --- source_function.R Finished ---"

> print(paste0(Sys.time(), " --- source_library.R Start ---"))
[1] "2022-02-18 15:04:33 --- source_library.R Start ---"

> require("RevoScaleR")

> print(paste0(Sys.time(), " --- source_library.R Finished ---"))
[1] "2022-02-18 15:04:33 --- source_library.R Finished ---"
[1] "2022-02-18 15:04:33 --- Load Start ---"
[1] "analyzeTrackTypeCd=2"
[1] "analyzeJyokenCd=6"
[1] "loadFilename=RData_Analyze_glm_DataMiningTaisen_Type26.RData"
[1] "2022-02-18 15:04:34 --- Load Finished ---"
[1] "2022-02-18 15:04:34 --- RxSqlServerData Start ---"
[1] "2022-02-18 15:04:34 --- RxInSqlServer Start ---"
[1] "2022-02-18 15:04:34 --- RxInSqlServer Finish ---"
[1] "2022-02-18 15:04:34 --- rxSetComputeContext Start ---"
[1] "2022-02-18 15:04:34 --- rxSetComputeContext Finish ---"
[1] "2022-02-18 15:04:34 --- RxSqlServerData Start ---"
[1] "analyzeTrackTypeCd=2"
[1] "analyzeJyokenCd=6"
[1] "sqlQuery=SELECT * FROM ViewAnalyzeD1115analyze01DataMiningTaisenType26"
[1] "2022-02-18 15:04:34 --- RxSqlServerData Finish ---"
[1] "2022-02-18 15:04:34 --- rxGetVarInfo Start ---"
[1] "2022-02-18 15:04:34 --- rxGetVarInfo Finish---"
[1] "2022-02-18 15:04:35 --- rxImport Start ---"
Rows Read: 8534, Total Rows Processed: 8534, Total Chunk Time: 0.416 seconds 
[1] "2022-02-18 15:04:36 --- rxImport Finish ---"
[1] "object.size(InputDataSet) auto=1.7 Mb"
[1] "--------------------------------------------------------------------------------"
[1] "nrow(InputDataSet) RxSqlServerData=8534"
[1] "--------------------------------------------------------------------------------"
[1] "str(InputDataSet)="
'data.frame':	8534 obs. of  29 variables:
 $ Race.RaceId                      : Factor w/ 591 levels "20210221-05-01-08-03",..: 11 12 13 14 15 16 17 18 19 20 ...
 $ Race.IsPredictedRace             : logi  TRUE TRUE TRUE TRUE TRUE TRUE ...
 $ Race.IsAnalyzeNormalPastAndFuture: logi  TRUE TRUE TRUE TRUE TRUE TRUE ...
 $ Race.IsAnalyzeNormalPast         : logi  TRUE TRUE TRUE TRUE TRUE FALSE ...
 $ Race.IsAnalyzeNormalFuture       : logi  FALSE FALSE FALSE FALSE FALSE TRUE ...
 $ Race.IsAnalyzeFullPastAndFuture  : logi  TRUE TRUE TRUE TRUE TRUE TRUE ...
 $ Race.IsAnalyzeFullPast           : logi  TRUE TRUE TRUE TRUE TRUE FALSE ...
 $ Race.IsAnalyzeFullFuture         : logi  FALSE FALSE FALSE FALSE FALSE TRUE ...
 $ Race.JyokenCd                    : Factor w/ 1 level "6": 1 1 1 1 1 1 1 1 1 1 ...
 $ Race.JyoType1Cd                  : Factor w/ 74 levels "2-05-1600-1",..: 8 9 6 10 11 12 13 1 14 13 ...
 $ Race.RaceType0Cd                 : Factor w/ 112 levels "2-05-1600-1-6-X-12",..: 9 10 11 12 13 14 15 16 17 18 ...
 $ Race.RaceType1Cd                 : Factor w/ 1 level "2-6-X": 1 1 1 1 1 1 1 1 1 1 ...
 $ Race.RaceType2Cd                 : Factor w/ 1 level "2-6-X": 1 1 1 1 1 1 1 1 1 1 ...
 $ Race.RaceType3Cd                 : Factor w/ 2 levels "6-X-12","6-X-11": 2 2 2 1 1 2 2 2 1 1 ...
 $ Race.RaceType4Cd                 : Factor w/ 2 levels "2-6-12","2-6-11": 2 2 2 1 1 2 2 2 1 1 ...
 $ RaceHorse.RaceId                 : Factor w/ 591 levels "20210221-05-01-08-03",..: 11 12 13 14 15 16 17 18 19 20 ...
 $ RaceHorse.KettoNum               : Factor w/ 8510 levels "2018105458","2019110088",..: 11 12 13 14 15 16 17 18 19 20 ...
 $ RaceHorse.IsHit1                 : int  1 1 0 0 0 0 0 0 0 1 ...
 $ RaceHorse.IsHit2                 : int  0 0 0 0 0 0 0 0 1 0 ...
 $ RaceHorse.IsHit3                 : int  0 0 0 0 0 1 0 0 0 0 ...
 $ RaceHorse.IsHit4                 : int  0 0 0 0 0 0 0 0 0 0 ...
 $ RaceHorse.IsHit5                 : int  0 0 0 1 0 0 0 1 0 0 ...
 $ RaceHorse.IsHit6                 : int  0 0 1 0 1 0 1 0 0 0 ...
 $ RaceHorse.IsValidRaceHorse       : logi  TRUE TRUE TRUE TRUE TRUE TRUE ...
 $ RaceHorse.IsHitA                 : int  1 1 0 0 0 0 0 0 0 1 ...
 $ RaceHorse.IsHitB                 : int  1 1 0 0 0 0 0 0 1 1 ...
 $ RaceHorse.IsHitC                 : int  1 1 0 0 0 1 0 0 1 1 ...
 $ DataMiningTaisen.TmScoreSdv      : num  -0.144 -2.307 0.683 1.381 2.173 ...
 $ EOF                              : int  1 1 1 1 1 1 1 1 1 1 ...
[1] "2022-02-18 15:04:38 --- RxSqlServerData Finish ---"
[1] "2022-02-18 15:04:38 --- subset Start ---"
[1] "--------------------------------------------------------------------------------"
[1] "nrow(InputDataSet) subset before=8534"
[1] "nrow(InputDataSet) subset after=8534"
[1] "nrow(InputDataSet) subset diff=0"
[1] "--------------------------------------------------------------------------------"
[1] "class(InputDataSet$Race.IsAnalyzeNormalPast)=logical"
[1] "class(InputDataSet$Race.analyzeTrackTypeCd)=NULL"
[1] "2022-02-18 15:04:38 --- subset Finish ---"
[1] "2022-02-18 15:04:38 --- transform Start ---"
[1] "--------------------------------------------------------------------------------"
[1] "nrow(InputDataSet) transaform before=8534"
[1] "nrow(InputDataSet) transaform after=8534"
[1] "nrow(InputDataSet) transaform diff=0"
[1] "--------------------------------------------------------------------------------"
[1] "str(InputDataSet)="
'data.frame':	8534 obs. of  29 variables:
 $ Race.RaceId                      : Factor w/ 591 levels "20210221-05-01-08-03",..: 11 12 13 14 15 16 17 18 19 20 ...
 $ Race.IsPredictedRace             : logi  TRUE TRUE TRUE TRUE TRUE TRUE ...
 $ Race.IsAnalyzeNormalPastAndFuture: logi  TRUE TRUE TRUE TRUE TRUE TRUE ...
 $ Race.IsAnalyzeNormalPast         : logi  TRUE TRUE TRUE TRUE TRUE FALSE ...
 $ Race.IsAnalyzeNormalFuture       : logi  FALSE FALSE FALSE FALSE FALSE TRUE ...
 $ Race.IsAnalyzeFullPastAndFuture  : logi  TRUE TRUE TRUE TRUE TRUE TRUE ...
 $ Race.IsAnalyzeFullPast           : logi  TRUE TRUE TRUE TRUE TRUE FALSE ...
 $ Race.IsAnalyzeFullFuture         : logi  FALSE FALSE FALSE FALSE FALSE TRUE ...
 $ Race.JyokenCd                    : Factor w/ 1 level "6": 1 1 1 1 1 1 1 1 1 1 ...
 $ Race.JyoType1Cd                  : Factor w/ 74 levels "2-05-1600-1",..: 8 9 6 10 11 12 13 1 14 13 ...
 $ Race.RaceType0Cd                 : Factor w/ 112 levels "2-05-1600-1-6-X-12",..: 9 10 11 12 13 14 15 16 17 18 ...
 $ Race.RaceType1Cd                 : Factor w/ 1 level "2-6-X": 1 1 1 1 1 1 1 1 1 1 ...
 $ Race.RaceType2Cd                 : Factor w/ 1 level "2-6-X": 1 1 1 1 1 1 1 1 1 1 ...
 $ Race.RaceType3Cd                 : Factor w/ 2 levels "6-X-12","6-X-11": 2 2 2 1 1 2 2 2 1 1 ...
 $ Race.RaceType4Cd                 : Factor w/ 2 levels "2-6-12","2-6-11": 2 2 2 1 1 2 2 2 1 1 ...
 $ RaceHorse.RaceId                 : Factor w/ 591 levels "20210221-05-01-08-03",..: 11 12 13 14 15 16 17 18 19 20 ...
 $ RaceHorse.KettoNum               : Factor w/ 8510 levels "2018105458","2019110088",..: 11 12 13 14 15 16 17 18 19 20 ...
 $ RaceHorse.IsHit1                 : int  1 1 0 0 0 0 0 0 0 1 ...
 $ RaceHorse.IsHit2                 : int  0 0 0 0 0 0 0 0 1 0 ...
 $ RaceHorse.IsHit3                 : int  0 0 0 0 0 1 0 0 0 0 ...
 $ RaceHorse.IsHit4                 : int  0 0 0 0 0 0 0 0 0 0 ...
 $ RaceHorse.IsHit5                 : int  0 0 0 1 0 0 0 1 0 0 ...
 $ RaceHorse.IsHit6                 : int  0 0 1 0 1 0 1 0 0 0 ...
 $ RaceHorse.IsValidRaceHorse       : logi  TRUE TRUE TRUE TRUE TRUE TRUE ...
 $ RaceHorse.IsHitA                 : int  1 1 0 0 0 0 0 0 0 1 ...
 $ RaceHorse.IsHitB                 : int  1 1 0 0 0 0 0 0 1 1 ...
 $ RaceHorse.IsHitC                 : int  1 1 0 0 0 1 0 0 1 1 ...
 $ DataMiningTaisen.TmScoreSdv      : num  -0.144 -2.307 0.683 1.381 2.173 ...
 $ EOF                              : int  1 1 1 1 1 1 1 1 1 1 ...
NULL
[1] "2022-02-18 15:04:38 --- transform Finish ---"
[1] "2022-02-18 15:04:38 --- na.omit Start ---"
[1] "--------------------------------------------------------------------------------"
[1] "nrow(InputDataSet) na.omit before=8534"
[1] "nrow(InputDataSet) na.omit after=8534"
[1] "nrow(InputDataSet) na.omit diff=0"
[1] "--------------------------------------------------------------------------------"
[1] "2022-02-18 15:04:38 --- na.omit Finish---"
[1] "2022-02-18 15:04:39 --- New Levels Start ---"
[1] "levels(data$Race.RaceType1Cd)=2-6-X"
[1] "levels(InputDataSet$Race.RaceType1Cd)=2-6-X"
[1] "length(Race.RaceType1Cd.Index)=0"
[1] "2022-02-18 15:04:39 --- New Levels Finish ---"
[1] "2022-02-18 15:04:39 --- na.omit Start ---"
[1] "--------------------------------------------------------------------------------"
[1] "nrow(InputDataSet) na.omit levels before=8534"
[1] "nrow(InputDataSet) na.omit levels after=8534"
[1] "nrow(InputDataSet) na.omit levels diff=0"
[1] "--------------------------------------------------------------------------------"
[1] "2022-02-18 15:04:39 --- na.omit Finish ---"
[1] "2022-02-18 15:04:39 --- Predict InputDataSet Start ---"
[1] "--------------------------------------------------------------------------------"
[1] "nrow(InputDataSet) predict=8534"
[1] "--------------------------------------------------------------------------------"
[1] "str(InputDataSet)="
'data.frame':	8534 obs. of  29 variables:
 $ Race.RaceId                      : Factor w/ 591 levels "20210221-05-01-08-03",..: 11 12 13 14 15 16 17 18 19 20 ...
 $ Race.IsPredictedRace             : logi  TRUE TRUE TRUE TRUE TRUE TRUE ...
 $ Race.IsAnalyzeNormalPastAndFuture: logi  TRUE TRUE TRUE TRUE TRUE TRUE ...
 $ Race.IsAnalyzeNormalPast         : logi  TRUE TRUE TRUE TRUE TRUE FALSE ...
 $ Race.IsAnalyzeNormalFuture       : logi  FALSE FALSE FALSE FALSE FALSE TRUE ...
 $ Race.IsAnalyzeFullPastAndFuture  : logi  TRUE TRUE TRUE TRUE TRUE TRUE ...
 $ Race.IsAnalyzeFullPast           : logi  TRUE TRUE TRUE TRUE TRUE FALSE ...
 $ Race.IsAnalyzeFullFuture         : logi  FALSE FALSE FALSE FALSE FALSE TRUE ...
 $ Race.JyokenCd                    : Factor w/ 1 level "6": 1 1 1 1 1 1 1 1 1 1 ...
 $ Race.JyoType1Cd                  : Factor w/ 74 levels "2-05-1600-1",..: 8 9 6 10 11 12 13 1 14 13 ...
 $ Race.RaceType0Cd                 : Factor w/ 112 levels "2-05-1600-1-6-X-12",..: 9 10 11 12 13 14 15 16 17 18 ...
 $ Race.RaceType1Cd                 : Factor w/ 1 level "2-6-X": 1 1 1 1 1 1 1 1 1 1 ...
 $ Race.RaceType2Cd                 : Factor w/ 1 level "2-6-X": 1 1 1 1 1 1 1 1 1 1 ...
 $ Race.RaceType3Cd                 : Factor w/ 2 levels "6-X-12","6-X-11": 2 2 2 1 1 2 2 2 1 1 ...
 $ Race.RaceType4Cd                 : Factor w/ 2 levels "2-6-12","2-6-11": 2 2 2 1 1 2 2 2 1 1 ...
 $ RaceHorse.RaceId                 : Factor w/ 591 levels "20210221-05-01-08-03",..: 11 12 13 14 15 16 17 18 19 20 ...
 $ RaceHorse.KettoNum               : Factor w/ 8510 levels "2018105458","2019110088",..: 11 12 13 14 15 16 17 18 19 20 ...
 $ RaceHorse.IsHit1                 : int  1 1 0 0 0 0 0 0 0 1 ...
 $ RaceHorse.IsHit2                 : int  0 0 0 0 0 0 0 0 1 0 ...
 $ RaceHorse.IsHit3                 : int  0 0 0 0 0 1 0 0 0 0 ...
 $ RaceHorse.IsHit4                 : int  0 0 0 0 0 0 0 0 0 0 ...
 $ RaceHorse.IsHit5                 : int  0 0 0 1 0 0 0 1 0 0 ...
 $ RaceHorse.IsHit6                 : int  0 0 1 0 1 0 1 0 0 0 ...
 $ RaceHorse.IsValidRaceHorse       : logi  TRUE TRUE TRUE TRUE TRUE TRUE ...
 $ RaceHorse.IsHitA                 : int  1 1 0 0 0 0 0 0 0 1 ...
 $ RaceHorse.IsHitB                 : int  1 1 0 0 0 0 0 0 1 1 ...
 $ RaceHorse.IsHitC                 : int  1 1 0 0 0 1 0 0 1 1 ...
 $ DataMiningTaisen.TmScoreSdv      : num  -0.144 -2.307 0.683 1.381 2.173 ...
 $ EOF                              : int  1 1 1 1 1 1 1 1 1 1 ...
[1] "2022-02-18 15:04:39 --- Predict InputDataSet Finish ---"
[1] "2022-02-18 15:04:39 --- rxPredict (glm) Start ---"
[1] "analyzeFunc=glm"
Rows Read: 8534, Total Rows Processed: 8534, Total Chunk Time: Less than .001 seconds 
[1] "--------------------------------------------------------------------------------"
[1] "nrow(PredictDataSet) afte predict=8534"
[1] "--------------------------------------------------------------------------------"
[1] "str(PredictDataSet)"
'data.frame':	8534 obs. of  1 variable:
 $ RaceHorse.IsHitA_Pred: num  0.0547 0.0156 0.0867 0.1261 0.1882 ...
NULL
[1] "2022-02-18 15:04:39 --- rxPredict (glm) Finish ---"
[1] "2022-02-18 15:04:39 --- add key Start ---"
[1] "--------------------------------------------------------------------------------"
[1] "nrow(OutputDataSet) add KeyColmn=8534"
[1] "--------------------------------------------------------------------------------"
[1] "str(OutputDataSet) after add Key"
'data.frame':	8534 obs. of  2 variables:
 $ RaceHorse.RaceId  : Factor w/ 591 levels "20210221-05-01-08-03",..: 11 12 13 14 15 16 17 18 19 20 ...
 $ RaceHorse.KettoNum: Factor w/ 8510 levels "2018105458","2019110088",..: 11 12 13 14 15 16 17 18 19 20 ...
NULL
[1] "2022-02-18 15:04:39 --- add key Finish ---"
[1] "2022-02-18 15:04:39 --- add PredictValue Start ---"
[1] "str(PredictDataSet) before rename="
[1] "colnames(PredictDataSet)=RaceHorse.IsHitA_Pred"
[1] "str(PredictDataSet) after rename="
'data.frame':	8534 obs. of  1 variable:
 $ PredictValue: num  0.0547 0.0156 0.0867 0.1261 0.1882 ...
NULL
[1] "str(OutputDataSet) before cbind="
'data.frame':	8534 obs. of  2 variables:
 $ RaceHorse.RaceId  : Factor w/ 591 levels "20210221-05-01-08-03",..: 11 12 13 14 15 16 17 18 19 20 ...
 $ RaceHorse.KettoNum: Factor w/ 8510 levels "2018105458","2019110088",..: 11 12 13 14 15 16 17 18 19 20 ...
NULL
[1] "str(OutputDataSet) after cbind="
'data.frame':	8534 obs. of  3 variables:
 $ RaceHorse.RaceId  : Factor w/ 591 levels "20210221-05-01-08-03",..: 11 12 13 14 15 16 17 18 19 20 ...
 $ RaceHorse.KettoNum: Factor w/ 8510 levels "2018105458","2019110088",..: 11 12 13 14 15 16 17 18 19 20 ...
 $ PredictValue      : num  0.0547 0.0156 0.0867 0.1261 0.1882 ...
NULL
[1] "2022-02-18 15:04:40 --- add PredictValue Finish ---"
[1] "2022-02-18 15:04:40 --- final Start ---"
[1] "--------------------------------------------------------------------------------"
[1] "nrow(OutputDataSet) final=8534"
[1] "--------------------------------------------------------------------------------"
[1] "str(OutputDataSet)="
'data.frame':	8534 obs. of  3 variables:
 $ RaceHorse.RaceId  : Factor w/ 591 levels "20210221-05-01-08-03",..: 11 12 13 14 15 16 17 18 19 20 ...
 $ RaceHorse.KettoNum: Factor w/ 8510 levels "2018105458","2019110088",..: 11 12 13 14 15 16 17 18 19 20 ...
 $ PredictValue      : num  0.0547 0.0156 0.0867 0.1261 0.1882 ...
NULL
[1] "2022-02-18 15:04:40 --- final Finish ---"
[1] "2022-02-18 15:04:40 --- predict.R Finished ---"
[1] "2022-02-18 15:04:40 --- log Finish ---"
