[1] "2022-02-18 15:04:33 --- D1115_Predict_glm_Odds_IsHitA_Type13 Start ---"
[1] "2022-02-18 15:04:33 --- Log Start ---"
[1] "2022-02-18 15:04:33 --- predict.R Start ---"
[1] "--------------------------------------------------------------------------------"
[1] "analyzeVersion=D1115"
[1] "analyzeCategory=Predict"
[1] "analyzeType=Odds"
[1] "analyzeFamily=IsHitA"
[1] "analyzeFunc=glm"
[1] "analyzeTrackTypeCd=1"
[1] "analyzeJyokenCd=3"
[1] "--------------------------------------------------------------------------------"
[1] "2022-02-18 15:04:33 --- source_function.R Start ---"
[1] "2022-02-18 15:04:33 --- source_function.R Finished ---"

> print(paste0(Sys.time(), " --- source_library.R Start ---"))
[1] "2022-02-18 15:04:33 --- source_library.R Start ---"

> require("RevoScaleR")

> print(paste0(Sys.time(), " --- source_library.R Finished ---"))
[1] "2022-02-18 15:04:33 --- source_library.R Finished ---"
[1] "2022-02-18 15:04:33 --- Load Start ---"
[1] "analyzeTrackTypeCd=1"
[1] "analyzeJyokenCd=3"
[1] "loadFilename=RData_Analyze_glm_Odds_Type13.RData"
[1] "2022-02-18 15:04:33 --- Load Finished ---"
[1] "2022-02-18 15:04:33 --- RxSqlServerData Start ---"
[1] "2022-02-18 15:04:33 --- RxInSqlServer Start ---"
[1] "2022-02-18 15:04:33 --- RxInSqlServer Finish ---"
[1] "2022-02-18 15:04:33 --- rxSetComputeContext Start ---"
[1] "2022-02-18 15:04:33 --- rxSetComputeContext Finish ---"
[1] "2022-02-18 15:04:33 --- RxSqlServerData Start ---"
[1] "analyzeTrackTypeCd=1"
[1] "analyzeJyokenCd=3"
[1] "sqlQuery=SELECT * FROM ViewAnalyzeD1115analyze01OddsType13"
[1] "2022-02-18 15:04:33 --- RxSqlServerData Finish ---"
[1] "2022-02-18 15:04:33 --- rxGetVarInfo Start ---"
[1] "2022-02-18 15:04:34 --- rxGetVarInfo Finish---"
[1] "2022-02-18 15:04:34 --- rxImport Start ---"
Rows Read: 18083, Total Rows Processed: 18083, Total Chunk Time: 0.532 seconds 
[1] "2022-02-18 15:04:36 --- rxImport Finish ---"
[1] "object.size(InputDataSet) auto=3.4 Mb"
[1] "--------------------------------------------------------------------------------"
[1] "nrow(InputDataSet) RxSqlServerData=18083"
[1] "--------------------------------------------------------------------------------"
[1] "str(InputDataSet)="
'data.frame':	18083 obs. of  35 variables:
 $ Race.RaceId                      : Factor w/ 1461 levels "20180212-05-01-06-09",..: 11 12 13 14 15 16 17 18 19 20 ...
 $ Race.IsPredictedRace             : logi  TRUE TRUE TRUE TRUE TRUE TRUE ...
 $ Race.IsAnalyzeNormalPastAndFuture: logi  TRUE TRUE TRUE TRUE TRUE TRUE ...
 $ Race.IsAnalyzeNormalPast         : logi  TRUE TRUE TRUE TRUE FALSE FALSE ...
 $ Race.IsAnalyzeNormalFuture       : logi  FALSE FALSE FALSE FALSE TRUE TRUE ...
 $ Race.IsAnalyzeFullPastAndFuture  : logi  TRUE TRUE TRUE TRUE TRUE TRUE ...
 $ Race.IsAnalyzeFullPast           : logi  TRUE TRUE TRUE TRUE FALSE FALSE ...
 $ Race.IsAnalyzeFullFuture         : logi  FALSE FALSE FALSE FALSE TRUE TRUE ...
 $ Race.JyokenCd                    : Factor w/ 1 level "3": 1 1 1 1 1 1 1 1 1 1 ...
 $ Race.JyoType1Cd                  : Factor w/ 168 levels "1-05-1800-1",..: 9 10 11 12 13 1 12 14 15 16 ...
 $ Race.RaceType0Cd                 : Factor w/ 327 levels "1-05-1800-1-3-E-14",..: 11 12 13 14 15 1 14 16 17 18 ...
 $ Race.RaceType1Cd                 : Factor w/ 2 levels "1-3-E","1-3-X": 1 1 1 1 1 1 1 1 1 1 ...
 $ Race.RaceType2Cd                 : Factor w/ 2 levels "1-3-E","1-3-X": 1 1 1 1 1 1 1 1 1 1 ...
 $ Race.RaceType3Cd                 : Factor w/ 4 levels "3-E-14","3-E-13",..: 2 2 2 2 1 1 2 2 2 2 ...
 $ Race.RaceType4Cd                 : Factor w/ 2 levels "1-3-14","1-3-13": 2 2 2 2 1 1 2 2 2 2 ...
 $ RaceHorse.RaceId                 : Factor w/ 1461 levels "20180212-05-01-06-09",..: 11 12 13 14 15 16 17 18 19 20 ...
 $ RaceHorse.KettoNum               : Factor w/ 3577 levels "2012104757","2014102667",..: 11 12 13 14 15 16 17 18 19 20 ...
 $ RaceHorse.IsHit1                 : int  0 0 0 0 0 0 0 0 0 0 ...
 $ RaceHorse.IsHit2                 : int  0 1 0 0 0 0 0 0 0 0 ...
 $ RaceHorse.IsHit3                 : int  0 0 0 0 0 0 0 0 0 0 ...
 $ RaceHorse.IsHit4                 : int  0 0 0 0 0 0 0 0 0 0 ...
 $ RaceHorse.IsHit5                 : int  0 0 0 1 0 0 0 1 1 0 ...
 $ RaceHorse.IsHit6                 : int  1 0 1 0 1 1 1 0 0 1 ...
 $ RaceHorse.IsValidRaceHorse       : logi  TRUE TRUE TRUE TRUE TRUE TRUE ...
 $ RaceHorse.IsHitA                 : int  0 0 0 0 0 0 0 0 0 0 ...
 $ RaceHorse.IsHitB                 : int  0 1 0 0 0 0 0 0 0 0 ...
 $ RaceHorse.IsHitC                 : int  0 1 0 0 0 0 0 0 0 0 ...
 $ OddsByWin.Odds1                  : num  19.3 6 25.1 11 2 ...
 $ OddsByWin.Ninki                  : num  8 3 8 5 1 9 5 5 18 3 ...
 $ OddsByWin.OddsLog1               : num  3.01 1.95 3.26 2.48 1.1 ...
 $ OddsByWin.OddsRatio1             : num  0.0546 0.2 0.0415 0.1 1 ...
 $ OddsByWin.OddsLogit1             : num  -2.96 -1.792 -3.223 -2.398 -0.693 ...
 $ OddsByWin.ApprovalRate1          : num  0.0518 0.1667 0.0398 0.0909 0.5 ...
 $ OddsByWin.ApprovalRateLog1       : num  0.0505 0.1542 0.0391 0.087 0.4055 ...
 $ EOF                              : int  1 1 1 1 1 1 1 1 1 1 ...
[1] "2022-02-18 15:04:38 --- RxSqlServerData Finish ---"
[1] "2022-02-18 15:04:38 --- subset Start ---"
[1] "--------------------------------------------------------------------------------"
[1] "nrow(InputDataSet) subset before=18083"
[1] "nrow(InputDataSet) subset after=18083"
[1] "nrow(InputDataSet) subset diff=0"
[1] "--------------------------------------------------------------------------------"
[1] "class(InputDataSet$Race.IsAnalyzeNormalPast)=logical"
[1] "class(InputDataSet$Race.analyzeTrackTypeCd)=NULL"
[1] "2022-02-18 15:04:38 --- subset Finish ---"
[1] "2022-02-18 15:04:38 --- transform Start ---"
[1] "--------------------------------------------------------------------------------"
[1] "nrow(InputDataSet) transaform before=18083"
[1] "nrow(InputDataSet) transaform after=18083"
[1] "nrow(InputDataSet) transaform diff=0"
[1] "--------------------------------------------------------------------------------"
[1] "str(InputDataSet)="
'data.frame':	18083 obs. of  35 variables:
 $ Race.RaceId                      : Factor w/ 1461 levels "20180212-05-01-06-09",..: 11 12 13 14 15 16 17 18 19 20 ...
 $ Race.IsPredictedRace             : logi  TRUE TRUE TRUE TRUE TRUE TRUE ...
 $ Race.IsAnalyzeNormalPastAndFuture: logi  TRUE TRUE TRUE TRUE TRUE TRUE ...
 $ Race.IsAnalyzeNormalPast         : logi  TRUE TRUE TRUE TRUE FALSE FALSE ...
 $ Race.IsAnalyzeNormalFuture       : logi  FALSE FALSE FALSE FALSE TRUE TRUE ...
 $ Race.IsAnalyzeFullPastAndFuture  : logi  TRUE TRUE TRUE TRUE TRUE TRUE ...
 $ Race.IsAnalyzeFullPast           : logi  TRUE TRUE TRUE TRUE FALSE FALSE ...
 $ Race.IsAnalyzeFullFuture         : logi  FALSE FALSE FALSE FALSE TRUE TRUE ...
 $ Race.JyokenCd                    : Factor w/ 1 level "3": 1 1 1 1 1 1 1 1 1 1 ...
 $ Race.JyoType1Cd                  : Factor w/ 168 levels "1-05-1800-1",..: 9 10 11 12 13 1 12 14 15 16 ...
 $ Race.RaceType0Cd                 : Factor w/ 327 levels "1-05-1800-1-3-E-14",..: 11 12 13 14 15 1 14 16 17 18 ...
 $ Race.RaceType1Cd                 : Factor w/ 2 levels "1-3-E","1-3-X": 1 1 1 1 1 1 1 1 1 1 ...
 $ Race.RaceType2Cd                 : Factor w/ 2 levels "1-3-E","1-3-X": 1 1 1 1 1 1 1 1 1 1 ...
 $ Race.RaceType3Cd                 : Factor w/ 4 levels "3-E-14","3-E-13",..: 2 2 2 2 1 1 2 2 2 2 ...
 $ Race.RaceType4Cd                 : Factor w/ 2 levels "1-3-14","1-3-13": 2 2 2 2 1 1 2 2 2 2 ...
 $ RaceHorse.RaceId                 : Factor w/ 1461 levels "20180212-05-01-06-09",..: 11 12 13 14 15 16 17 18 19 20 ...
 $ RaceHorse.KettoNum               : Factor w/ 3577 levels "2012104757","2014102667",..: 11 12 13 14 15 16 17 18 19 20 ...
 $ RaceHorse.IsHit1                 : int  0 0 0 0 0 0 0 0 0 0 ...
 $ RaceHorse.IsHit2                 : int  0 1 0 0 0 0 0 0 0 0 ...
 $ RaceHorse.IsHit3                 : int  0 0 0 0 0 0 0 0 0 0 ...
 $ RaceHorse.IsHit4                 : int  0 0 0 0 0 0 0 0 0 0 ...
 $ RaceHorse.IsHit5                 : int  0 0 0 1 0 0 0 1 1 0 ...
 $ RaceHorse.IsHit6                 : int  1 0 1 0 1 1 1 0 0 1 ...
 $ RaceHorse.IsValidRaceHorse       : logi  TRUE TRUE TRUE TRUE TRUE TRUE ...
 $ RaceHorse.IsHitA                 : int  0 0 0 0 0 0 0 0 0 0 ...
 $ RaceHorse.IsHitB                 : int  0 1 0 0 0 0 0 0 0 0 ...
 $ RaceHorse.IsHitC                 : int  0 1 0 0 0 0 0 0 0 0 ...
 $ OddsByWin.Odds1                  : num  19.3 6 25.1 11 2 ...
 $ OddsByWin.Ninki                  : num  8 3 8 5 1 9 5 5 18 3 ...
 $ OddsByWin.OddsLog1               : num  3.01 1.95 3.26 2.48 1.1 ...
 $ OddsByWin.OddsRatio1             : num  0.0546 0.2 0.0415 0.1 1 ...
 $ OddsByWin.OddsLogit1             : num  -2.96 -1.792 -3.223 -2.398 -0.693 ...
 $ OddsByWin.ApprovalRate1          : num  0.0518 0.1667 0.0398 0.0909 0.5 ...
 $ OddsByWin.ApprovalRateLog1       : num  0.0505 0.1542 0.0391 0.087 0.4055 ...
 $ EOF                              : int  1 1 1 1 1 1 1 1 1 1 ...
NULL
[1] "2022-02-18 15:04:39 --- transform Finish ---"
[1] "2022-02-18 15:04:39 --- na.omit Start ---"
[1] "--------------------------------------------------------------------------------"
[1] "nrow(InputDataSet) na.omit before=18083"
[1] "nrow(InputDataSet) na.omit after=18022"
[1] "nrow(InputDataSet) na.omit diff=61"
[1] "--------------------------------------------------------------------------------"
[1] "2022-02-18 15:04:39 --- na.omit Finish---"
[1] "2022-02-18 15:04:39 --- New Levels Start ---"
[1] "levels(data$Race.RaceType1Cd)=1-3-E" "levels(data$Race.RaceType1Cd)=1-3-X"
[1] "levels(InputDataSet$Race.RaceType1Cd)=1-3-E"
[2] "levels(InputDataSet$Race.RaceType1Cd)=1-3-X"
[1] "length(Race.RaceType1Cd.Index)=0"
[1] "2022-02-18 15:04:39 --- New Levels Finish ---"
[1] "2022-02-18 15:04:39 --- na.omit Start ---"
[1] "--------------------------------------------------------------------------------"
[1] "nrow(InputDataSet) na.omit levels before=18022"
[1] "nrow(InputDataSet) na.omit levels after=18022"
[1] "nrow(InputDataSet) na.omit levels diff=0"
[1] "--------------------------------------------------------------------------------"
[1] "2022-02-18 15:04:39 --- na.omit Finish ---"
[1] "2022-02-18 15:04:39 --- Predict InputDataSet Start ---"
[1] "--------------------------------------------------------------------------------"
[1] "nrow(InputDataSet) predict=18022"
[1] "--------------------------------------------------------------------------------"
[1] "str(InputDataSet)="
'data.frame':	18022 obs. of  35 variables:
 $ Race.RaceId                      : Factor w/ 1461 levels "20180212-05-01-06-09",..: 11 12 13 14 15 16 17 18 19 20 ...
 $ Race.IsPredictedRace             : logi  TRUE TRUE TRUE TRUE TRUE TRUE ...
 $ Race.IsAnalyzeNormalPastAndFuture: logi  TRUE TRUE TRUE TRUE TRUE TRUE ...
 $ Race.IsAnalyzeNormalPast         : logi  TRUE TRUE TRUE TRUE FALSE FALSE ...
 $ Race.IsAnalyzeNormalFuture       : logi  FALSE FALSE FALSE FALSE TRUE TRUE ...
 $ Race.IsAnalyzeFullPastAndFuture  : logi  TRUE TRUE TRUE TRUE TRUE TRUE ...
 $ Race.IsAnalyzeFullPast           : logi  TRUE TRUE TRUE TRUE FALSE FALSE ...
 $ Race.IsAnalyzeFullFuture         : logi  FALSE FALSE FALSE FALSE TRUE TRUE ...
 $ Race.JyokenCd                    : Factor w/ 1 level "3": 1 1 1 1 1 1 1 1 1 1 ...
 $ Race.JyoType1Cd                  : Factor w/ 168 levels "1-05-1800-1",..: 9 10 11 12 13 1 12 14 15 16 ...
 $ Race.RaceType0Cd                 : Factor w/ 327 levels "1-05-1800-1-3-E-14",..: 11 12 13 14 15 1 14 16 17 18 ...
 $ Race.RaceType1Cd                 : Factor w/ 2 levels "1-3-E","1-3-X": 1 1 1 1 1 1 1 1 1 1 ...
 $ Race.RaceType2Cd                 : Factor w/ 2 levels "1-3-E","1-3-X": 1 1 1 1 1 1 1 1 1 1 ...
 $ Race.RaceType3Cd                 : Factor w/ 4 levels "3-E-14","3-E-13",..: 2 2 2 2 1 1 2 2 2 2 ...
 $ Race.RaceType4Cd                 : Factor w/ 2 levels "1-3-14","1-3-13": 2 2 2 2 1 1 2 2 2 2 ...
 $ RaceHorse.RaceId                 : Factor w/ 1461 levels "20180212-05-01-06-09",..: 11 12 13 14 15 16 17 18 19 20 ...
 $ RaceHorse.KettoNum               : Factor w/ 3577 levels "2012104757","2014102667",..: 11 12 13 14 15 16 17 18 19 20 ...
 $ RaceHorse.IsHit1                 : int  0 0 0 0 0 0 0 0 0 0 ...
 $ RaceHorse.IsHit2                 : int  0 1 0 0 0 0 0 0 0 0 ...
 $ RaceHorse.IsHit3                 : int  0 0 0 0 0 0 0 0 0 0 ...
 $ RaceHorse.IsHit4                 : int  0 0 0 0 0 0 0 0 0 0 ...
 $ RaceHorse.IsHit5                 : int  0 0 0 1 0 0 0 1 1 0 ...
 $ RaceHorse.IsHit6                 : int  1 0 1 0 1 1 1 0 0 1 ...
 $ RaceHorse.IsValidRaceHorse       : logi  TRUE TRUE TRUE TRUE TRUE TRUE ...
 $ RaceHorse.IsHitA                 : int  0 0 0 0 0 0 0 0 0 0 ...
 $ RaceHorse.IsHitB                 : int  0 1 0 0 0 0 0 0 0 0 ...
 $ RaceHorse.IsHitC                 : int  0 1 0 0 0 0 0 0 0 0 ...
 $ OddsByWin.Odds1                  : num  19.3 6 25.1 11 2 ...
 $ OddsByWin.Ninki                  : num  8 3 8 5 1 9 5 5 18 3 ...
 $ OddsByWin.OddsLog1               : num  3.01 1.95 3.26 2.48 1.1 ...
 $ OddsByWin.OddsRatio1             : num  0.0546 0.2 0.0415 0.1 1 ...
 $ OddsByWin.OddsLogit1             : num  -2.96 -1.792 -3.223 -2.398 -0.693 ...
 $ OddsByWin.ApprovalRate1          : num  0.0518 0.1667 0.0398 0.0909 0.5 ...
 $ OddsByWin.ApprovalRateLog1       : num  0.0505 0.1542 0.0391 0.087 0.4055 ...
 $ EOF                              : int  1 1 1 1 1 1 1 1 1 1 ...
 - attr(*, "na.action")= 'omit' Named int  996 1106 1168 1198 1435 1823 1946 3759 4743 4768 ...
  ..- attr(*, "names")= chr  "996" "1106" "1168" "1198" ...
[1] "2022-02-18 15:04:40 --- Predict InputDataSet Finish ---"
[1] "2022-02-18 15:04:40 --- rxPredict (glm) Start ---"
[1] "analyzeFunc=glm"
Rows Read: 18022, Total Rows Processed: 18022, Total Chunk Time: Less than .001 seconds 
[1] "--------------------------------------------------------------------------------"
[1] "nrow(PredictDataSet) afte predict=18022"
[1] "--------------------------------------------------------------------------------"
[1] "str(PredictDataSet)"
'data.frame':	18022 obs. of  1 variable:
 $ RaceHorse.IsHitA_Pred: num  0.041 0.1398 0.0307 0.0752 0.3633 ...
NULL
[1] "2022-02-18 15:04:40 --- rxPredict (glm) Finish ---"
[1] "2022-02-18 15:04:40 --- add key Start ---"
[1] "--------------------------------------------------------------------------------"
[1] "nrow(OutputDataSet) add KeyColmn=18022"
[1] "--------------------------------------------------------------------------------"
[1] "str(OutputDataSet) after add Key"
'data.frame':	18022 obs. of  2 variables:
 $ RaceHorse.RaceId  : Factor w/ 1461 levels "20180212-05-01-06-09",..: 11 12 13 14 15 16 17 18 19 20 ...
 $ RaceHorse.KettoNum: Factor w/ 3577 levels "2012104757","2014102667",..: 11 12 13 14 15 16 17 18 19 20 ...
NULL
[1] "2022-02-18 15:04:40 --- add key Finish ---"
[1] "2022-02-18 15:04:40 --- add PredictValue Start ---"
[1] "str(PredictDataSet) before rename="
[1] "colnames(PredictDataSet)=RaceHorse.IsHitA_Pred"
[1] "str(PredictDataSet) after rename="
'data.frame':	18022 obs. of  1 variable:
 $ PredictValue: num  0.041 0.1398 0.0307 0.0752 0.3633 ...
NULL
[1] "str(OutputDataSet) before cbind="
'data.frame':	18022 obs. of  2 variables:
 $ RaceHorse.RaceId  : Factor w/ 1461 levels "20180212-05-01-06-09",..: 11 12 13 14 15 16 17 18 19 20 ...
 $ RaceHorse.KettoNum: Factor w/ 3577 levels "2012104757","2014102667",..: 11 12 13 14 15 16 17 18 19 20 ...
NULL
[1] "str(OutputDataSet) after cbind="
'data.frame':	18022 obs. of  3 variables:
 $ RaceHorse.RaceId  : Factor w/ 1461 levels "20180212-05-01-06-09",..: 11 12 13 14 15 16 17 18 19 20 ...
 $ RaceHorse.KettoNum: Factor w/ 3577 levels "2012104757","2014102667",..: 11 12 13 14 15 16 17 18 19 20 ...
 $ PredictValue      : num  0.041 0.1398 0.0307 0.0752 0.3633 ...
NULL
[1] "2022-02-18 15:04:40 --- add PredictValue Finish ---"
[1] "2022-02-18 15:04:40 --- final Start ---"
[1] "--------------------------------------------------------------------------------"
[1] "nrow(OutputDataSet) final=18022"
[1] "--------------------------------------------------------------------------------"
[1] "str(OutputDataSet)="
'data.frame':	18022 obs. of  3 variables:
 $ RaceHorse.RaceId  : Factor w/ 1461 levels "20180212-05-01-06-09",..: 11 12 13 14 15 16 17 18 19 20 ...
 $ RaceHorse.KettoNum: Factor w/ 3577 levels "2012104757","2014102667",..: 11 12 13 14 15 16 17 18 19 20 ...
 $ PredictValue      : num  0.041 0.1398 0.0307 0.0752 0.3633 ...
NULL
[1] "2022-02-18 15:04:40 --- final Finish ---"
[1] "2022-02-18 15:04:40 --- predict.R Finished ---"
[1] "2022-02-18 15:04:40 --- log Finish ---"
