[1] "2022-02-07 06:24:18 --- D1113_Predict_glm_Jockey_IsHitA_Type23 Start ---"
[1] "2022-02-07 06:24:18 --- Log Start ---"
[1] "2022-02-07 06:24:18 --- predict.R Start ---"
[1] "analyzeVersion=D1113"
[1] "analyzeCategory=Predict"
[1] "analyzeType=Jockey"
[1] "analyzeFamily=IsHitA"
[1] "analyzeFunc=glm"
[1] "analyzeTrackTypeCd=2"
[1] "analyzeJyokenCd=3"
[1] "2022-02-07 06:24:18 --- source_function.R Start ---"
[1] "2022-02-07 06:24:18 --- source_function.R Finished ---"

> print(paste0(Sys.time(), " --- source_library.R Start ---"))
[1] "2022-02-07 06:24:18 --- source_library.R Start ---"

> require("RevoScaleR")

> print(paste0(Sys.time(), " --- source_library.R Finished ---"))
[1] "2022-02-07 06:24:18 --- source_library.R Finished ---"
[1] "2022-02-07 06:24:18 --- Load Start ---"
[1] "loadFilename=RData_Analyze_glm_Jockey_Type23.RData"
[1] "2022-02-07 06:24:19 --- Load Finished ---"
[1] "2022-02-07 06:24:19 --- RxSqlServerData Start ---"
[1] "sqlQuery=SELECT * FROM ViewAnalyzeD1113analyze01JockeyType23 WHERE [Race.IsPredictedRace] = 1"
Rows Read: 75, Total Rows Processed: 75, Total Chunk Time: 0.506 seconds 
[1] "head(InputDataSet)="
           Race.RaceId Race.IsPredictedRace Race.IsAnalyzeNormalPastAndFuture
1 20220205-05-01-03-12                 TRUE                              TRUE
2 20220205-05-01-03-12                 TRUE                              TRUE
3 20220205-05-01-03-12                 TRUE                              TRUE
4 20220205-05-01-03-12                 TRUE                              TRUE
5 20220205-05-01-03-12                 TRUE                              TRUE
6 20220205-05-01-03-12                 TRUE                              TRUE
  Race.IsAnalyzeNormalPast Race.IsAnalyzeNormalFuture
1                    FALSE                       TRUE
2                    FALSE                       TRUE
3                    FALSE                       TRUE
4                    FALSE                       TRUE
5                    FALSE                       TRUE
6                    FALSE                       TRUE
  Race.IsAnalyzeFullPastAndFuture Race.IsAnalyzeFullPast
1                            TRUE                  FALSE
2                            TRUE                  FALSE
3                            TRUE                  FALSE
4                            TRUE                  FALSE
5                            TRUE                  FALSE
6                            TRUE                  FALSE
  Race.IsAnalyzeFullFuture Race.JyokenCd Race.JyoType1Cd   Race.RaceType0Cd
1                     TRUE             3     2-05-1600-1 2-05-1600-1-3-X-14
2                     TRUE             3     2-05-1600-1 2-05-1600-1-3-X-14
3                     TRUE             3     2-05-1600-1 2-05-1600-1-3-X-14
4                     TRUE             3     2-05-1600-1 2-05-1600-1-3-X-14
5                     TRUE             3     2-05-1600-1 2-05-1600-1-3-X-14
6                     TRUE             3     2-05-1600-1 2-05-1600-1-3-X-14
  Race.RaceType1Cd Race.RaceType2Cd Race.RaceType3Cd Race.RaceType4Cd
1            2-3-X            2-3-X           3-X-14           2-3-14
2            2-3-X            2-3-X           3-X-14           2-3-14
3            2-3-X            2-3-X           3-X-14           2-3-14
4            2-3-X            2-3-X           3-X-14           2-3-14
5            2-3-X            2-3-X           3-X-14           2-3-14
6            2-3-X            2-3-X           3-X-14           2-3-14
      RaceHorse.RaceId RaceHorse.KettoNum RaceHorse.IsHit1 RaceHorse.IsHit2
1 20220205-05-01-03-12         2014105439                0                0
2 20220205-05-01-03-12         2015105450                0                0
3 20220205-05-01-03-12         2016102412                0                0
4 20220205-05-01-03-12         2017103117                0                0
5 20220205-05-01-03-12         2017103299                0                0
6 20220205-05-01-03-12         2017104317                0                0
  RaceHorse.IsHit3 RaceHorse.IsHit4 RaceHorse.IsHit5 RaceHorse.IsHit6
1                0                1                0                0
2                0                0                0                1
3                0                0                0                1
4                0                0                0                1
5                0                0                0                1
6                0                0                1                0
  RaceHorse.IsValidRaceHorse RaceHorse.IsHitA RaceHorse.IsHitB RaceHorse.IsHitC
1                       TRUE                0                0                0
2                       TRUE                0                0                0
3                       TRUE                0                0                0
4                       TRUE                0                0                0
5                       TRUE                0                0                0
6                       TRUE                0                0                0
  Jockey.KisyuCode Jockey.TimeDvByRaceAvg Jockey.TimeDvByRaceMax
1            01075               53.38897               72.58579
2            01009               47.99857               68.39364
3            00689               48.40390               71.26205
4            01192               44.63764               55.10527
5            01158               47.95156               68.14204
6            01122               51.86657               69.98785
  Jockey.RunCount Jockey.HitCount1 Jockey.HitCount2 Jockey.HitCount3
1             144               17               13               16
2              95                6                2                4
3              97                5                5                1
4              11                0                0                0
5             117                3                6                6
6             140                9               13               15
  Jockey.HitCount4 Jockey.HitCount5 Jockey.HitRate1 Jockey.HitRate2
1               15               13      0.11805556      0.09027778
2                4                6      0.06315789      0.02105263
3                9                8      0.05154639      0.05154639
4                0                1      0.00000000      0.00000000
5                4                9      0.02564103      0.05128205
6               10               10      0.06428571      0.09285714
  Jockey.HitRate3 Jockey.HitRate4 Jockey.HitRate5 EOF
1      0.11111111      0.10416667      0.09027778   1
2      0.04210526      0.04210526      0.06315789   1
3      0.01030928      0.09278351      0.08247423   1
4      0.00000000      0.00000000      0.09090909   1
5      0.05128205      0.03418803      0.07692308   1
6      0.10714286      0.07142857      0.07142857   1
[1] "object.size(InputDataSet) auto=36 Kb"
[1] "nrow(InputDataSet) RxSqlServerData=75"
[1] "str(InputDataSet)="
'data.frame':	75 obs. of  42 variables:
 $ Race.RaceId                      : Factor w/ 5 levels "20220205-05-01-03-12",..: 1 1 1 1 1 1 1 1 1 1 ...
 $ Race.IsPredictedRace             : logi  TRUE TRUE TRUE TRUE TRUE TRUE ...
 $ Race.IsAnalyzeNormalPastAndFuture: logi  TRUE TRUE TRUE TRUE TRUE TRUE ...
 $ Race.IsAnalyzeNormalPast         : logi  FALSE FALSE FALSE FALSE FALSE FALSE ...
 $ Race.IsAnalyzeNormalFuture       : logi  TRUE TRUE TRUE TRUE TRUE TRUE ...
 $ Race.IsAnalyzeFullPastAndFuture  : logi  TRUE TRUE TRUE TRUE TRUE TRUE ...
 $ Race.IsAnalyzeFullPast           : logi  FALSE FALSE FALSE FALSE FALSE FALSE ...
 $ Race.IsAnalyzeFullFuture         : logi  TRUE TRUE TRUE TRUE TRUE TRUE ...
 $ Race.JyokenCd                    : Factor w/ 1 level "3": 1 1 1 1 1 1 1 1 1 1 ...
 $ Race.JyoType1Cd                  : Factor w/ 5 levels "2-05-1600-1",..: 1 1 1 1 1 1 1 1 1 1 ...
 $ Race.RaceType0Cd                 : Factor w/ 5 levels "2-05-1600-1-3-X-14",..: 1 1 1 1 1 1 1 1 1 1 ...
 $ Race.RaceType1Cd                 : Factor w/ 2 levels "2-3-X","2-3-E": 1 1 1 1 1 1 1 1 1 1 ...
 $ Race.RaceType2Cd                 : Factor w/ 2 levels "2-3-X","2-3-E": 1 1 1 1 1 1 1 1 1 1 ...
 $ Race.RaceType3Cd                 : Factor w/ 2 levels "3-X-14","3-E-14": 1 1 1 1 1 1 1 1 1 1 ...
 $ Race.RaceType4Cd                 : Factor w/ 1 level "2-3-14": 1 1 1 1 1 1 1 1 1 1 ...
 $ RaceHorse.RaceId                 : Factor w/ 5 levels "20220205-05-01-03-12",..: 1 1 1 1 1 1 1 1 1 1 ...
 $ RaceHorse.KettoNum               : Factor w/ 75 levels "2014105439","2015105450",..: 1 2 3 4 5 6 7 8 9 10 ...
 $ RaceHorse.IsHit1                 : int  0 0 0 0 0 0 0 0 0 0 ...
 $ RaceHorse.IsHit2                 : int  0 0 0 0 0 0 0 0 0 0 ...
 $ RaceHorse.IsHit3                 : int  0 0 0 0 0 0 0 0 0 0 ...
 $ RaceHorse.IsHit4                 : int  1 0 0 0 0 0 0 0 0 0 ...
 $ RaceHorse.IsHit5                 : int  0 0 0 0 0 1 0 0 0 0 ...
 $ RaceHorse.IsHit6                 : int  0 1 1 1 1 0 1 1 1 1 ...
 $ RaceHorse.IsValidRaceHorse       : logi  TRUE TRUE TRUE TRUE TRUE TRUE ...
 $ RaceHorse.IsHitA                 : int  0 0 0 0 0 0 0 0 0 0 ...
 $ RaceHorse.IsHitB                 : int  0 0 0 0 0 0 0 0 0 0 ...
 $ RaceHorse.IsHitC                 : int  0 0 0 0 0 0 0 0 0 0 ...
 $ Jockey.KisyuCode                 : Factor w/ 58 levels "01075","01009",..: 1 2 3 4 5 6 7 8 9 10 ...
 $ Jockey.TimeDvByRaceAvg           : num  53.4 48 48.4 44.6 48 ...
 $ Jockey.TimeDvByRaceMax           : num  72.6 68.4 71.3 55.1 68.1 ...
 $ Jockey.RunCount                  : int  144 95 97 11 117 140 34 109 126 113 ...
 $ Jockey.HitCount1                 : int  17 6 5 0 3 9 5 13 26 13 ...
 $ Jockey.HitCount2                 : int  13 2 5 0 6 13 1 17 16 7 ...
 $ Jockey.HitCount3                 : int  16 4 1 0 6 15 3 9 13 8 ...
 $ Jockey.HitCount4                 : int  15 4 9 0 4 10 0 7 8 11 ...
 $ Jockey.HitCount5                 : int  13 6 8 1 9 10 1 10 12 11 ...
 $ Jockey.HitRate1                  : num  0.1181 0.0632 0.0515 0 0.0256 ...
 $ Jockey.HitRate2                  : num  0.0903 0.0211 0.0515 0 0.0513 ...
 $ Jockey.HitRate3                  : num  0.1111 0.0421 0.0103 0 0.0513 ...
 $ Jockey.HitRate4                  : num  0.1042 0.0421 0.0928 0 0.0342 ...
 $ Jockey.HitRate5                  : num  0.0903 0.0632 0.0825 0.0909 0.0769 ...
 $ EOF                              : int  1 1 1 1 1 1 1 1 1 1 ...
[1] "2022-02-07 06:24:20 --- RxSqlServerData Finish ---"
[1] "2022-02-07 06:24:20 --- subset Start ---"
[1] "nrow(InputDataSet) subset before=75"
[1] "nrow(InputDataSet) subset after=75"
[1] "nrow(InputDataSet) subset diff=0"
[1] "class(InputDataSet$Race.IsAnalyzeNormalPast)=logical"
[1] "class(InputDataSet$Race.analyzeTrackTypeCd)=NULL"
[1] "2022-02-07 06:24:20 --- subset Finish ---"
[1] "2022-02-07 06:24:20 --- transform Start ---"
[1] "nrow(InputDataSet) transaform before=75"
[1] "nrow(InputDataSet) transaform after=75"
[1] "nrow(InputDataSet) transaform diff=0"
[1] "str(InputDataSet)="
'data.frame':	75 obs. of  42 variables:
 $ Race.RaceId                      : Factor w/ 5 levels "20220205-05-01-03-12",..: 1 1 1 1 1 1 1 1 1 1 ...
 $ Race.IsPredictedRace             : logi  TRUE TRUE TRUE TRUE TRUE TRUE ...
 $ Race.IsAnalyzeNormalPastAndFuture: logi  TRUE TRUE TRUE TRUE TRUE TRUE ...
 $ Race.IsAnalyzeNormalPast         : logi  FALSE FALSE FALSE FALSE FALSE FALSE ...
 $ Race.IsAnalyzeNormalFuture       : logi  TRUE TRUE TRUE TRUE TRUE TRUE ...
 $ Race.IsAnalyzeFullPastAndFuture  : logi  TRUE TRUE TRUE TRUE TRUE TRUE ...
 $ Race.IsAnalyzeFullPast           : logi  FALSE FALSE FALSE FALSE FALSE FALSE ...
 $ Race.IsAnalyzeFullFuture         : logi  TRUE TRUE TRUE TRUE TRUE TRUE ...
 $ Race.JyokenCd                    : Factor w/ 1 level "3": 1 1 1 1 1 1 1 1 1 1 ...
 $ Race.JyoType1Cd                  : Factor w/ 5 levels "2-05-1600-1",..: 1 1 1 1 1 1 1 1 1 1 ...
 $ Race.RaceType0Cd                 : Factor w/ 5 levels "2-05-1600-1-3-X-14",..: 1 1 1 1 1 1 1 1 1 1 ...
 $ Race.RaceType1Cd                 : Factor w/ 2 levels "2-3-X","2-3-E": 1 1 1 1 1 1 1 1 1 1 ...
 $ Race.RaceType2Cd                 : Factor w/ 2 levels "2-3-X","2-3-E": 1 1 1 1 1 1 1 1 1 1 ...
 $ Race.RaceType3Cd                 : Factor w/ 2 levels "3-X-14","3-E-14": 1 1 1 1 1 1 1 1 1 1 ...
 $ Race.RaceType4Cd                 : Factor w/ 1 level "2-3-14": 1 1 1 1 1 1 1 1 1 1 ...
 $ RaceHorse.RaceId                 : Factor w/ 5 levels "20220205-05-01-03-12",..: 1 1 1 1 1 1 1 1 1 1 ...
 $ RaceHorse.KettoNum               : Factor w/ 75 levels "2014105439","2015105450",..: 1 2 3 4 5 6 7 8 9 10 ...
 $ RaceHorse.IsHit1                 : int  0 0 0 0 0 0 0 0 0 0 ...
 $ RaceHorse.IsHit2                 : int  0 0 0 0 0 0 0 0 0 0 ...
 $ RaceHorse.IsHit3                 : int  0 0 0 0 0 0 0 0 0 0 ...
 $ RaceHorse.IsHit4                 : int  1 0 0 0 0 0 0 0 0 0 ...
 $ RaceHorse.IsHit5                 : int  0 0 0 0 0 1 0 0 0 0 ...
 $ RaceHorse.IsHit6                 : int  0 1 1 1 1 0 1 1 1 1 ...
 $ RaceHorse.IsValidRaceHorse       : logi  TRUE TRUE TRUE TRUE TRUE TRUE ...
 $ RaceHorse.IsHitA                 : int  0 0 0 0 0 0 0 0 0 0 ...
 $ RaceHorse.IsHitB                 : int  0 0 0 0 0 0 0 0 0 0 ...
 $ RaceHorse.IsHitC                 : int  0 0 0 0 0 0 0 0 0 0 ...
 $ Jockey.KisyuCode                 : Factor w/ 58 levels "01075","01009",..: 1 2 3 4 5 6 7 8 9 10 ...
 $ Jockey.TimeDvByRaceAvg           : num  53.4 48 48.4 44.6 48 ...
 $ Jockey.TimeDvByRaceMax           : num  72.6 68.4 71.3 55.1 68.1 ...
 $ Jockey.RunCount                  : int  144 95 97 11 117 140 34 109 126 113 ...
 $ Jockey.HitCount1                 : int  17 6 5 0 3 9 5 13 26 13 ...
 $ Jockey.HitCount2                 : int  13 2 5 0 6 13 1 17 16 7 ...
 $ Jockey.HitCount3                 : int  16 4 1 0 6 15 3 9 13 8 ...
 $ Jockey.HitCount4                 : int  15 4 9 0 4 10 0 7 8 11 ...
 $ Jockey.HitCount5                 : int  13 6 8 1 9 10 1 10 12 11 ...
 $ Jockey.HitRate1                  : num  0.1181 0.0632 0.0515 0 0.0256 ...
 $ Jockey.HitRate2                  : num  0.0903 0.0211 0.0515 0 0.0513 ...
 $ Jockey.HitRate3                  : num  0.1111 0.0421 0.0103 0 0.0513 ...
 $ Jockey.HitRate4                  : num  0.1042 0.0421 0.0928 0 0.0342 ...
 $ Jockey.HitRate5                  : num  0.0903 0.0632 0.0825 0.0909 0.0769 ...
 $ EOF                              : int  1 1 1 1 1 1 1 1 1 1 ...
NULL
[1] "2022-02-07 06:24:20 --- transform Finish ---"
[1] "2022-02-07 06:24:20 --- na.omit Start ---"
[1] "nrow(InputDataSet) na.omit before=75"
[1] "nrow(InputDataSet) na.omit after=75"
[1] "nrow(InputDataSet) na.omit diff=0"
[1] "2022-02-07 06:24:20 --- na.omit Finish---"
[1] "2022-02-07 06:24:20 --- New Levels Start ---"
[1] "levels(data$Race.RaceType1Cd)=2-3-E" "levels(data$Race.RaceType1Cd)=2-3-X"
[1] "levels(InputDataSet$Race.RaceType1Cd)=2-3-X"
[2] "levels(InputDataSet$Race.RaceType1Cd)=2-3-E"
[1] "length(Race.RaceType1Cd.Index)=0"
[1] "2022-02-07 06:24:20 --- New Levels Finish ---"
[1] "2022-02-07 06:24:20 --- na.omit Start ---"
[1] "nrow(InputDataSet) na.omit levels before=75"
[1] "nrow(InputDataSet) na.omit levels after=75"
[1] "nrow(InputDataSet) na.omit levels diff=0"
[1] "2022-02-07 06:24:20 --- na.omit Finish ---"
[1] "2022-02-07 06:24:20 --- Predict InputDataSet Start ---"
[1] "nrow(InputDataSet) predict=75"
[1] "str(InputDataSet)="
'data.frame':	75 obs. of  42 variables:
 $ Race.RaceId                      : Factor w/ 5 levels "20220205-05-01-03-12",..: 1 1 1 1 1 1 1 1 1 1 ...
 $ Race.IsPredictedRace             : logi  TRUE TRUE TRUE TRUE TRUE TRUE ...
 $ Race.IsAnalyzeNormalPastAndFuture: logi  TRUE TRUE TRUE TRUE TRUE TRUE ...
 $ Race.IsAnalyzeNormalPast         : logi  FALSE FALSE FALSE FALSE FALSE FALSE ...
 $ Race.IsAnalyzeNormalFuture       : logi  TRUE TRUE TRUE TRUE TRUE TRUE ...
 $ Race.IsAnalyzeFullPastAndFuture  : logi  TRUE TRUE TRUE TRUE TRUE TRUE ...
 $ Race.IsAnalyzeFullPast           : logi  FALSE FALSE FALSE FALSE FALSE FALSE ...
 $ Race.IsAnalyzeFullFuture         : logi  TRUE TRUE TRUE TRUE TRUE TRUE ...
 $ Race.JyokenCd                    : Factor w/ 1 level "3": 1 1 1 1 1 1 1 1 1 1 ...
 $ Race.JyoType1Cd                  : Factor w/ 5 levels "2-05-1600-1",..: 1 1 1 1 1 1 1 1 1 1 ...
 $ Race.RaceType0Cd                 : Factor w/ 5 levels "2-05-1600-1-3-X-14",..: 1 1 1 1 1 1 1 1 1 1 ...
 $ Race.RaceType1Cd                 : Factor w/ 2 levels "2-3-X","2-3-E": 1 1 1 1 1 1 1 1 1 1 ...
 $ Race.RaceType2Cd                 : Factor w/ 2 levels "2-3-X","2-3-E": 1 1 1 1 1 1 1 1 1 1 ...
 $ Race.RaceType3Cd                 : Factor w/ 2 levels "3-X-14","3-E-14": 1 1 1 1 1 1 1 1 1 1 ...
 $ Race.RaceType4Cd                 : Factor w/ 1 level "2-3-14": 1 1 1 1 1 1 1 1 1 1 ...
 $ RaceHorse.RaceId                 : Factor w/ 5 levels "20220205-05-01-03-12",..: 1 1 1 1 1 1 1 1 1 1 ...
 $ RaceHorse.KettoNum               : Factor w/ 75 levels "2014105439","2015105450",..: 1 2 3 4 5 6 7 8 9 10 ...
 $ RaceHorse.IsHit1                 : int  0 0 0 0 0 0 0 0 0 0 ...
 $ RaceHorse.IsHit2                 : int  0 0 0 0 0 0 0 0 0 0 ...
 $ RaceHorse.IsHit3                 : int  0 0 0 0 0 0 0 0 0 0 ...
 $ RaceHorse.IsHit4                 : int  1 0 0 0 0 0 0 0 0 0 ...
 $ RaceHorse.IsHit5                 : int  0 0 0 0 0 1 0 0 0 0 ...
 $ RaceHorse.IsHit6                 : int  0 1 1 1 1 0 1 1 1 1 ...
 $ RaceHorse.IsValidRaceHorse       : logi  TRUE TRUE TRUE TRUE TRUE TRUE ...
 $ RaceHorse.IsHitA                 : int  0 0 0 0 0 0 0 0 0 0 ...
 $ RaceHorse.IsHitB                 : int  0 0 0 0 0 0 0 0 0 0 ...
 $ RaceHorse.IsHitC                 : int  0 0 0 0 0 0 0 0 0 0 ...
 $ Jockey.KisyuCode                 : Factor w/ 58 levels "01075","01009",..: 1 2 3 4 5 6 7 8 9 10 ...
 $ Jockey.TimeDvByRaceAvg           : num  53.4 48 48.4 44.6 48 ...
 $ Jockey.TimeDvByRaceMax           : num  72.6 68.4 71.3 55.1 68.1 ...
 $ Jockey.RunCount                  : int  144 95 97 11 117 140 34 109 126 113 ...
 $ Jockey.HitCount1                 : int  17 6 5 0 3 9 5 13 26 13 ...
 $ Jockey.HitCount2                 : int  13 2 5 0 6 13 1 17 16 7 ...
 $ Jockey.HitCount3                 : int  16 4 1 0 6 15 3 9 13 8 ...
 $ Jockey.HitCount4                 : int  15 4 9 0 4 10 0 7 8 11 ...
 $ Jockey.HitCount5                 : int  13 6 8 1 9 10 1 10 12 11 ...
 $ Jockey.HitRate1                  : num  0.1181 0.0632 0.0515 0 0.0256 ...
 $ Jockey.HitRate2                  : num  0.0903 0.0211 0.0515 0 0.0513 ...
 $ Jockey.HitRate3                  : num  0.1111 0.0421 0.0103 0 0.0513 ...
 $ Jockey.HitRate4                  : num  0.1042 0.0421 0.0928 0 0.0342 ...
 $ Jockey.HitRate5                  : num  0.0903 0.0632 0.0825 0.0909 0.0769 ...
 $ EOF                              : int  1 1 1 1 1 1 1 1 1 1 ...
[1] "2022-02-07 06:24:20 --- Predict InputDataSet Finish ---"
[1] "2022-02-07 06:24:20 --- rxPredict (glm) Start ---"
[1] "analyzeFunc=glm"
Rows Read: 75, Total Rows Processed: 75, Total Chunk Time: 0.001 seconds 
[1] "nrow(PredictDataSet) afte predict=75"
[1] "str(PredictDataSet)"
'data.frame':	75 obs. of  1 variable:
 $ RaceHorse.IsHitA_Pred: num  0.1027 0.045 0.048 0.0264 0.0447 ...
NULL
[1] "head(PredictDataSet) afte predict="
  RaceHorse.IsHitA_Pred
1            0.10265043
2            0.04502644
3            0.04798065
4            0.02641492
5            0.04469520
6            0.08177754
[1] "2022-02-07 06:24:20 --- rxPredict (glm) Finish ---"
[1] "2022-02-07 06:24:20 --- add key Start ---"
[1] "nrow(OutputDataSet) add KeyColmn=75"
[1] "str(OutputDataSet) after add Key"
'data.frame':	75 obs. of  2 variables:
 $ RaceHorse.RaceId  : Factor w/ 5 levels "20220205-05-01-03-12",..: 1 1 1 1 1 1 1 1 1 1 ...
 $ RaceHorse.KettoNum: Factor w/ 75 levels "2014105439","2015105450",..: 1 2 3 4 5 6 7 8 9 10 ...
NULL
[1] "2022-02-07 06:24:20 --- add key Finish ---"
[1] "2022-02-07 06:24:20 --- add PredictValue Start ---"
[1] "str(PredictDataSet) before rename="
[1] "colnames(PredictDataSet)=RaceHorse.IsHitA_Pred"
[1] "str(PredictDataSet) after rename="
'data.frame':	75 obs. of  1 variable:
 $ PredictValue: num  0.1027 0.045 0.048 0.0264 0.0447 ...
NULL
[1] "str(OutputDataSet) before cbind="
'data.frame':	75 obs. of  2 variables:
 $ RaceHorse.RaceId  : Factor w/ 5 levels "20220205-05-01-03-12",..: 1 1 1 1 1 1 1 1 1 1 ...
 $ RaceHorse.KettoNum: Factor w/ 75 levels "2014105439","2015105450",..: 1 2 3 4 5 6 7 8 9 10 ...
NULL
[1] "str(OutputDataSet) after cbind="
'data.frame':	75 obs. of  3 variables:
 $ RaceHorse.RaceId  : Factor w/ 5 levels "20220205-05-01-03-12",..: 1 1 1 1 1 1 1 1 1 1 ...
 $ RaceHorse.KettoNum: Factor w/ 75 levels "2014105439","2015105450",..: 1 2 3 4 5 6 7 8 9 10 ...
 $ PredictValue      : num  0.1027 0.045 0.048 0.0264 0.0447 ...
NULL
[1] "2022-02-07 06:24:20 --- add PredictValue Finish ---"
[1] "2022-02-07 06:24:20 --- final Start ---"
[1] "nrow(OutputDataSet) final=75"
[1] "head(OutputDataSet)="
      RaceHorse.RaceId RaceHorse.KettoNum PredictValue
1 20220205-05-01-03-12         2014105439   0.10265043
2 20220205-05-01-03-12         2015105450   0.04502644
3 20220205-05-01-03-12         2016102412   0.04798065
4 20220205-05-01-03-12         2017103117   0.02641492
5 20220205-05-01-03-12         2017103299   0.04469520
6 20220205-05-01-03-12         2017104317   0.08177754
[1] "str(OutputDataSet)="
'data.frame':	75 obs. of  3 variables:
 $ RaceHorse.RaceId  : Factor w/ 5 levels "20220205-05-01-03-12",..: 1 1 1 1 1 1 1 1 1 1 ...
 $ RaceHorse.KettoNum: Factor w/ 75 levels "2014105439","2015105450",..: 1 2 3 4 5 6 7 8 9 10 ...
 $ PredictValue      : num  0.1027 0.045 0.048 0.0264 0.0447 ...
NULL
[1] "2022-02-07 06:24:20 --- final Finish ---"
[1] "2022-02-07 06:24:20 --- predict.R Finished ---"
[1] "2022-02-07 06:24:20 --- log Finish ---"
