[1] "2022-02-06 20:47:08 --- D1113_analyze_glm_Gen02_IsHitA_Type14 Start ---"
[1] "2022-02-06 20:47:08 --- Log Start ---"
[1] "2022-02-06 20:47:08 --- analyze_glm.R Start ---"
[1] "analyzeVersion=D1113"
[1] "analyzeCategory=analyze"
[1] "analyzeType=Gen02"
[1] "analyzeFamily=IsHitA"
[1] "analyzeFunc=glm"
[1] "analyzeTrackTypeCd=1"
[1] "analyzeJyokenCd=4"
[1] "2022-02-06 20:47:08 --- source_function.R Start ---"
[1] "2022-02-06 20:47:08 --- source_function.R Finished ---"

> print(paste0(Sys.time(), " --- source_library.R Start ---"))
[1] "2022-02-06 20:47:08 --- source_library.R Start ---"

> require("RevoScaleR")

> print(paste0(Sys.time(), " --- source_library.R Finished ---"))
[1] "2022-02-06 20:47:08 --- source_library.R Finished ---"
[1] "2022-02-06 20:47:08 --- RxSqlServerData Start ---"
[1] "sqlQuery=SELECT * FROM ViewAnalyzeD1113analyze01Gen02Type14"
Rows Read: 30471, Total Rows Processed: 30471, Total Chunk Time: 1.908 seconds 
[1] "head(data)="
           Race.RaceId Race.IsPredictedRace Race.IsAnalyzeNormalPastAndFuture
1 20180826-10-02-10-07                 TRUE                              TRUE
2 20180616-09-03-05-12                 TRUE                              TRUE
3 20200126-10-01-04-06                 TRUE                              TRUE
4 20170520-08-03-09-09                 TRUE                              TRUE
5 20170226-09-01-02-08                 TRUE                              TRUE
6 20210724-04-03-01-12                 TRUE                              TRUE
  Race.IsAnalyzeNormalPast Race.IsAnalyzeNormalFuture
1                     TRUE                      FALSE
2                     TRUE                      FALSE
3                     TRUE                      FALSE
4                     TRUE                      FALSE
5                     TRUE                      FALSE
6                    FALSE                       TRUE
  Race.IsAnalyzeFullPastAndFuture Race.IsAnalyzeFullPast
1                            TRUE                   TRUE
2                            TRUE                   TRUE
3                            TRUE                   TRUE
4                            TRUE                   TRUE
5                            TRUE                   TRUE
6                            TRUE                  FALSE
  Race.IsAnalyzeFullFuture Race.JyokenCd Race.JyoType1Cd   Race.RaceType0Cd
1                    FALSE             4     1-10-1800-1 1-10-1800-1-4-X-13
2                    FALSE             4     1-09-1600-1 1-09-1600-1-4-X-13
3                    FALSE             4     1-10-1800-3 1-10-1800-3-4-X-14
4                    FALSE             4     1-08-1400-1 1-08-1400-1-4-X-14
5                    FALSE             4     1-09-1800-1 1-09-1800-1-4-X-14
6                     TRUE             4     1-04-1000-1 1-04-1000-1-4-X-13
  Race.RaceType1Cd Race.RaceType2Cd Race.RaceType3Cd Race.RaceType4Cd
1            1-4-X            1-4-X           4-X-13           1-4-13
2            1-4-X            1-4-X           4-X-13           1-4-13
3            1-4-X            1-4-X           4-X-14           1-4-14
4            1-4-X            1-4-X           4-X-14           1-4-14
5            1-4-X            1-4-X           4-X-14           1-4-14
6            1-4-X            1-4-X           4-X-13           1-4-13
      RaceHorse.RaceId RaceHorse.KettoNum RaceHorse.IsHit1 RaceHorse.IsHit2
1 20180826-10-02-10-07         2014105787                0                0
2 20180616-09-03-05-12         2014106105                0                0
3 20200126-10-01-04-06         2014105389                0                0
4 20170520-08-03-09-09         2013100675                0                0
5 20170226-09-01-02-08         2013102479                0                0
6 20210724-04-03-01-12         2017105132                0                1
  RaceHorse.IsHit3 RaceHorse.IsHit4 RaceHorse.IsHit5 RaceHorse.IsHit6
1                1                0                0                0
2                0                0                0                1
3                0                0                0                1
4                0                0                0                1
5                0                0                0                1
6                0                0                0                0
  RaceHorse.IsValidRaceHorse RaceHorse.IsHitA RaceHorse.IsHitB RaceHorse.IsHitC
1                       TRUE                0                0                1
2                       TRUE                0                0                0
3                       TRUE                0                0                0
4                       TRUE                0                0                0
5                       TRUE                0                0                0
6                       TRUE                0                1                1
  Gen02.HansyokuNum Gen02.TimeDvByRaceAvg Gen02.TimeDvByRaceMax Gen02.RunCount
1          12246302                    55                    67             10
2          12260775                    54                    61              4
3          12258440                    56                    66             28
4          12256551                    52                    61              8
5          12257358                    51                    61              5
6          12258449                    53                    69             26
  Gen02.HitCount1 Gen02.HitCount2 Gen02.HitCount3 Gen02.HitCount4
1               3               1               0               1
2               0               1               0               0
3               1               3               4               5
4               0               0               0               2
5               0               1               0               0
6               2               1               4               3
  Gen02.HitCount5 Gen02.HitRate1 Gen02.HitRate2 Gen02.HitRate3 Gen02.HitRate4
1               1           0.30           0.10            0.0            0.1
2               1           0.00           0.25            0.0            0.0
3               4           0.04           0.11            0.1            0.2
4               1           0.00           0.00            0.0            0.2
5               1           0.00           0.20            0.0            0.0
6               1           0.08           0.04            0.2            0.1
  Gen02.HitRate5 EOF
1           0.10   1
2           0.25   1
3           0.14   1
4           0.12   1
5           0.20   1
6           0.04   1
[1] "object.size(data) auto=7 Mb"
[1] "nrow(data) RxSqlServerData=30471"
[1] "str(data)="
'data.frame':	30471 obs. of  42 variables:
 $ Race.RaceId                      : Factor w/ 2691 levels "20180722-02-02-06-08",..: 11 12 13 14 15 16 17 18 19 20 ...
 $ Race.IsPredictedRace             : logi  TRUE TRUE TRUE TRUE TRUE TRUE ...
 $ Race.IsAnalyzeNormalPastAndFuture: logi  TRUE TRUE TRUE TRUE TRUE TRUE ...
 $ Race.IsAnalyzeNormalPast         : logi  TRUE TRUE TRUE TRUE TRUE FALSE ...
 $ Race.IsAnalyzeNormalFuture       : logi  FALSE FALSE FALSE FALSE FALSE TRUE ...
 $ Race.IsAnalyzeFullPastAndFuture  : logi  TRUE TRUE TRUE TRUE TRUE TRUE ...
 $ Race.IsAnalyzeFullPast           : logi  TRUE TRUE TRUE TRUE TRUE FALSE ...
 $ Race.IsAnalyzeFullFuture         : logi  FALSE FALSE FALSE FALSE FALSE TRUE ...
 $ Race.JyokenCd                    : Factor w/ 1 level "4": 1 1 1 1 1 1 1 1 1 1 ...
 $ Race.JyoType1Cd                  : Factor w/ 182 levels "1-02-1800-1",..: 4 10 11 12 13 14 15 16 17 4 ...
 $ Race.RaceType0Cd                 : Factor w/ 548 levels "1-02-1800-1-4-X-13",..: 4 11 12 13 14 15 16 17 18 19 ...
 $ Race.RaceType1Cd                 : Factor w/ 2 levels "1-4-X","1-4-E": 1 1 1 1 1 1 1 1 2 1 ...
 $ Race.RaceType2Cd                 : Factor w/ 2 levels "1-4-X","1-4-E": 1 1 1 1 1 1 1 1 2 1 ...
 $ Race.RaceType3Cd                 : Factor w/ 8 levels "4-X-13","4-E-14",..: 1 1 3 3 3 1 1 3 4 3 ...
 $ Race.RaceType4Cd                 : Factor w/ 4 levels "1-4-13","1-4-14",..: 1 1 2 2 2 1 1 2 1 2 ...
 $ RaceHorse.RaceId                 : Factor w/ 2691 levels "20180722-02-02-06-08",..: 11 12 13 14 15 16 17 18 19 20 ...
 $ RaceHorse.KettoNum               : Factor w/ 6564 levels "2013100376","2015105419",..: 11 12 13 14 15 16 17 18 19 20 ...
 $ RaceHorse.IsHit1                 : int  0 0 0 0 0 0 0 0 0 0 ...
 $ RaceHorse.IsHit2                 : int  0 0 0 0 0 1 0 0 0 0 ...
 $ RaceHorse.IsHit3                 : int  1 0 0 0 0 0 1 0 1 0 ...
 $ RaceHorse.IsHit4                 : int  0 0 0 0 0 0 0 0 0 0 ...
 $ RaceHorse.IsHit5                 : int  0 0 0 0 0 0 0 0 0 0 ...
 $ RaceHorse.IsHit6                 : int  0 1 1 1 1 0 0 1 0 1 ...
 $ RaceHorse.IsValidRaceHorse       : logi  TRUE TRUE TRUE TRUE TRUE TRUE ...
 $ RaceHorse.IsHitA                 : int  0 0 0 0 0 0 0 0 0 0 ...
 $ RaceHorse.IsHitB                 : int  0 0 0 0 0 1 0 0 0 0 ...
 $ RaceHorse.IsHitC                 : int  1 0 0 0 0 1 1 0 1 0 ...
 $ Gen02.HansyokuNum                : Factor w/ 4373 levels "12257700","12260682",..: 11 12 13 14 15 16 17 18 19 20 ...
 $ Gen02.TimeDvByRaceAvg            : num  54.7 54.2 55.8 51.7 51.3 ...
 $ Gen02.TimeDvByRaceMax            : num  66.8 61.2 65.6 61.2 60.7 ...
 $ Gen02.RunCount                   : int  10 4 28 8 5 26 1 13 3 9 ...
 $ Gen02.HitCount1                  : int  3 0 1 0 0 2 0 0 0 2 ...
 $ Gen02.HitCount2                  : int  1 1 3 0 1 1 0 0 0 1 ...
 $ Gen02.HitCount3                  : int  0 0 4 0 0 4 0 1 0 0 ...
 $ Gen02.HitCount4                  : int  1 0 5 2 0 3 1 1 0 0 ...
 $ Gen02.HitCount5                  : int  1 1 4 1 1 1 0 1 1 3 ...
 $ Gen02.HitRate1                   : num  0.3 0 0.0357 0 0 ...
 $ Gen02.HitRate2                   : num  0.1 0.25 0.107 0 0.2 ...
 $ Gen02.HitRate3                   : num  0 0 0.143 0 0 ...
 $ Gen02.HitRate4                   : num  0.1 0 0.179 0.25 0 ...
 $ Gen02.HitRate5                   : num  0.1 0.25 0.143 0.125 0.2 ...
 $ EOF                              : int  1 1 1 1 1 1 1 1 1 1 ...
[1] "2022-02-06 20:47:12 --- RxSqlServerData Finish ---"
[1] "2022-02-06 20:47:12 --- subset Start ---"
[1] "nrow(data) subset before=30471"
[1] "nrow(data) subset after =25284"
[1] "nrow(data) subset diff =5187"
[1] "2022-02-06 20:47:12 --- subset Finish---"
[1] "2022-02-06 20:47:12 --- transform Start ---"
[1] "nrow(data) transform before=25284"
[1] "nrow(data) transform after=25284"
[1] "nrow(data) transform diff=0"
[1] "str(data)="
'data.frame':	25284 obs. of  42 variables:
 $ Race.RaceId                      : Factor w/ 2691 levels "20180722-02-02-06-08",..: 11 12 13 14 15 17 18 19 20 21 ...
 $ Race.IsPredictedRace             : logi  TRUE TRUE TRUE TRUE TRUE TRUE ...
 $ Race.IsAnalyzeNormalPastAndFuture: logi  TRUE TRUE TRUE TRUE TRUE TRUE ...
 $ Race.IsAnalyzeNormalPast         : logi  TRUE TRUE TRUE TRUE TRUE TRUE ...
 $ Race.IsAnalyzeNormalFuture       : logi  FALSE FALSE FALSE FALSE FALSE FALSE ...
 $ Race.IsAnalyzeFullPastAndFuture  : logi  TRUE TRUE TRUE TRUE TRUE TRUE ...
 $ Race.IsAnalyzeFullPast           : logi  TRUE TRUE TRUE TRUE TRUE TRUE ...
 $ Race.IsAnalyzeFullFuture         : logi  FALSE FALSE FALSE FALSE FALSE FALSE ...
 $ Race.JyokenCd                    : Factor w/ 1 level "4": 1 1 1 1 1 1 1 1 1 1 ...
 $ Race.JyoType1Cd                  : Factor w/ 182 levels "1-02-1800-1",..: 4 10 11 12 13 15 16 17 4 1 ...
 $ Race.RaceType0Cd                 : Factor w/ 548 levels "1-02-1800-1-4-X-13",..: 4 11 12 13 14 16 17 18 19 20 ...
 $ Race.RaceType1Cd                 : Factor w/ 2 levels "1-4-X","1-4-E": 1 1 1 1 1 1 1 2 1 2 ...
 $ Race.RaceType2Cd                 : Factor w/ 2 levels "1-4-X","1-4-E": 1 1 1 1 1 1 1 2 1 2 ...
 $ Race.RaceType3Cd                 : Factor w/ 8 levels "4-X-13","4-E-14",..: 1 1 3 3 3 1 3 4 3 4 ...
 $ Race.RaceType4Cd                 : Factor w/ 4 levels "1-4-13","1-4-14",..: 1 1 2 2 2 1 2 1 2 1 ...
 $ RaceHorse.RaceId                 : Factor w/ 2691 levels "20180722-02-02-06-08",..: 11 12 13 14 15 17 18 19 20 21 ...
 $ RaceHorse.KettoNum               : Factor w/ 6564 levels "2013100376","2015105419",..: 11 12 13 14 15 17 18 19 20 21 ...
 $ RaceHorse.IsHit1                 : int  0 0 0 0 0 0 0 0 0 0 ...
 $ RaceHorse.IsHit2                 : int  0 0 0 0 0 0 0 0 0 0 ...
 $ RaceHorse.IsHit3                 : int  1 0 0 0 0 1 0 1 0 0 ...
 $ RaceHorse.IsHit4                 : int  0 0 0 0 0 0 0 0 0 0 ...
 $ RaceHorse.IsHit5                 : int  0 0 0 0 0 0 0 0 0 0 ...
 $ RaceHorse.IsHit6                 : int  0 1 1 1 1 0 1 0 1 1 ...
 $ RaceHorse.IsValidRaceHorse       : logi  TRUE TRUE TRUE TRUE TRUE TRUE ...
 $ RaceHorse.IsHitA                 : int  0 0 0 0 0 0 0 0 0 0 ...
 $ RaceHorse.IsHitB                 : int  0 0 0 0 0 0 0 0 0 0 ...
 $ RaceHorse.IsHitC                 : int  1 0 0 0 0 1 0 1 0 0 ...
 $ Gen02.HansyokuNum                : Factor w/ 4373 levels "12257700","12260682",..: 11 12 13 14 15 17 18 19 20 21 ...
 $ Gen02.TimeDvByRaceAvg            : num  54.7 54.2 55.8 51.7 51.3 ...
 $ Gen02.TimeDvByRaceMax            : num  66.8 61.2 65.6 61.2 60.7 ...
 $ Gen02.RunCount                   : int  10 4 28 8 5 1 13 3 9 14 ...
 $ Gen02.HitCount1                  : int  3 0 1 0 0 0 0 0 2 0 ...
 $ Gen02.HitCount2                  : int  1 1 3 0 1 0 0 0 1 2 ...
 $ Gen02.HitCount3                  : int  0 0 4 0 0 0 1 0 0 1 ...
 $ Gen02.HitCount4                  : int  1 0 5 2 0 1 1 0 0 0 ...
 $ Gen02.HitCount5                  : int  1 1 4 1 1 0 1 1 3 3 ...
 $ Gen02.HitRate1                   : num  0.3 0 0.0357 0 0 ...
 $ Gen02.HitRate2                   : num  0.1 0.25 0.107 0 0.2 ...
 $ Gen02.HitRate3                   : num  0 0 0.143 0 0 ...
 $ Gen02.HitRate4                   : num  0.1 0 0.179 0.25 0 ...
 $ Gen02.HitRate5                   : num  0.1 0.25 0.143 0.125 0.2 ...
 $ EOF                              : int  1 1 1 1 1 1 1 1 1 1 ...
NULL
[1] "2022-02-06 20:47:12 --- transform Finish ---"
[1] "2022-02-06 20:47:12 --- na.omit Start ---"
[1] "nrow(data) na.omit before=25284"
[1] "nrow(data) na.omit after =25284"
[1] "nrow(data) na.omit diff =0"
'data.frame':	25284 obs. of  42 variables:
 $ Race.RaceId                      : Factor w/ 2691 levels "20180722-02-02-06-08",..: 11 12 13 14 15 17 18 19 20 21 ...
 $ Race.IsPredictedRace             : logi  TRUE TRUE TRUE TRUE TRUE TRUE ...
 $ Race.IsAnalyzeNormalPastAndFuture: logi  TRUE TRUE TRUE TRUE TRUE TRUE ...
 $ Race.IsAnalyzeNormalPast         : logi  TRUE TRUE TRUE TRUE TRUE TRUE ...
 $ Race.IsAnalyzeNormalFuture       : logi  FALSE FALSE FALSE FALSE FALSE FALSE ...
 $ Race.IsAnalyzeFullPastAndFuture  : logi  TRUE TRUE TRUE TRUE TRUE TRUE ...
 $ Race.IsAnalyzeFullPast           : logi  TRUE TRUE TRUE TRUE TRUE TRUE ...
 $ Race.IsAnalyzeFullFuture         : logi  FALSE FALSE FALSE FALSE FALSE FALSE ...
 $ Race.JyokenCd                    : Factor w/ 1 level "4": 1 1 1 1 1 1 1 1 1 1 ...
 $ Race.JyoType1Cd                  : Factor w/ 182 levels "1-02-1800-1",..: 4 10 11 12 13 15 16 17 4 1 ...
 $ Race.RaceType0Cd                 : Factor w/ 548 levels "1-02-1800-1-4-X-13",..: 4 11 12 13 14 16 17 18 19 20 ...
 $ Race.RaceType1Cd                 : Factor w/ 2 levels "1-4-X","1-4-E": 1 1 1 1 1 1 1 2 1 2 ...
 $ Race.RaceType2Cd                 : Factor w/ 2 levels "1-4-X","1-4-E": 1 1 1 1 1 1 1 2 1 2 ...
 $ Race.RaceType3Cd                 : Factor w/ 8 levels "4-X-13","4-E-14",..: 1 1 3 3 3 1 3 4 3 4 ...
 $ Race.RaceType4Cd                 : Factor w/ 4 levels "1-4-13","1-4-14",..: 1 1 2 2 2 1 2 1 2 1 ...
 $ RaceHorse.RaceId                 : Factor w/ 2691 levels "20180722-02-02-06-08",..: 11 12 13 14 15 17 18 19 20 21 ...
 $ RaceHorse.KettoNum               : Factor w/ 6564 levels "2013100376","2015105419",..: 11 12 13 14 15 17 18 19 20 21 ...
 $ RaceHorse.IsHit1                 : int  0 0 0 0 0 0 0 0 0 0 ...
 $ RaceHorse.IsHit2                 : int  0 0 0 0 0 0 0 0 0 0 ...
 $ RaceHorse.IsHit3                 : int  1 0 0 0 0 1 0 1 0 0 ...
 $ RaceHorse.IsHit4                 : int  0 0 0 0 0 0 0 0 0 0 ...
 $ RaceHorse.IsHit5                 : int  0 0 0 0 0 0 0 0 0 0 ...
 $ RaceHorse.IsHit6                 : int  0 1 1 1 1 0 1 0 1 1 ...
 $ RaceHorse.IsValidRaceHorse       : logi  TRUE TRUE TRUE TRUE TRUE TRUE ...
 $ RaceHorse.IsHitA                 : int  0 0 0 0 0 0 0 0 0 0 ...
 $ RaceHorse.IsHitB                 : int  0 0 0 0 0 0 0 0 0 0 ...
 $ RaceHorse.IsHitC                 : int  1 0 0 0 0 1 0 1 0 0 ...
 $ Gen02.HansyokuNum                : Factor w/ 4373 levels "12257700","12260682",..: 11 12 13 14 15 17 18 19 20 21 ...
 $ Gen02.TimeDvByRaceAvg            : num  54.7 54.2 55.8 51.7 51.3 ...
 $ Gen02.TimeDvByRaceMax            : num  66.8 61.2 65.6 61.2 60.7 ...
 $ Gen02.RunCount                   : int  10 4 28 8 5 1 13 3 9 14 ...
 $ Gen02.HitCount1                  : int  3 0 1 0 0 0 0 0 2 0 ...
 $ Gen02.HitCount2                  : int  1 1 3 0 1 0 0 0 1 2 ...
 $ Gen02.HitCount3                  : int  0 0 4 0 0 0 1 0 0 1 ...
 $ Gen02.HitCount4                  : int  1 0 5 2 0 1 1 0 0 0 ...
 $ Gen02.HitCount5                  : int  1 1 4 1 1 0 1 1 3 3 ...
 $ Gen02.HitRate1                   : num  0.3 0 0.0357 0 0 ...
 $ Gen02.HitRate2                   : num  0.1 0.25 0.107 0 0.2 ...
 $ Gen02.HitRate3                   : num  0 0 0.143 0 0 ...
 $ Gen02.HitRate4                   : num  0.1 0 0.179 0.25 0 ...
 $ Gen02.HitRate5                   : num  0.1 0.25 0.143 0.125 0.2 ...
 $ EOF                              : int  1 1 1 1 1 1 1 1 1 1 ...
[1] "2022-02-06 20:47:13 --- na.omit Finish ---"
[1] "2022-02-06 20:47:13 --- rxGlm with rxStepControl Start ---"
[1] "2022-02-06 20:47:13 --- source_logic_glm.R Start ---"
[1] "2022-02-06 20:47:13 --- source_logic_glm.R Finished ---"
Rows Read: 25284, Total Rows Processed: 25284, Total Chunk Time: 0.003 seconds 

Starting values (iteration 1) time: 0.013 secs.
Rows Read: 25284, Total Rows Processed: 25284, Total Chunk Time: 0.002 seconds 

Iteration 2 time: 0.007 secs.
Rows Read: 25284, Total Rows Processed: 25284, Total Chunk Time: 0.003 seconds 

Iteration 3 time: 0.005 secs.
Rows Read: 25284, Total Rows Processed: 25284, Total Chunk Time: 0.004 seconds 

Iteration 4 time: 0.006 secs.
Rows Read: 25284, Total Rows Processed: 25284, Total Chunk Time: 0.003 seconds 

Iteration 5 time: 0.005 secs.
Rows Read: 25284, Total Rows Processed: 25284, Total Chunk Time: 0.003 seconds 

Iteration 6 time: 0.005 secs.

Elapsed computation time: 0.058 secs.
Rows Read: 25284, Total Rows Processed: 25284, Total Chunk Time: 0.002 seconds 

Starting values (iteration 1) time: 0.010 secs.
Rows Read: 25284, Total Rows Processed: 25284, Total Chunk Time: 0.003 seconds 

Iteration 2 time: 0.007 secs.
Rows Read: 25284, Total Rows Processed: 25284, Total Chunk Time: 0.003 seconds 

Iteration 3 time: 0.005 secs.
Rows Read: 25284, Total Rows Processed: 25284, Total Chunk Time: 0.002 seconds 

Iteration 4 time: 0.005 secs.
Rows Read: 25284, Total Rows Processed: 25284, Total Chunk Time: 0.003 seconds 

Iteration 5 time: 0.005 secs.
Rows Read: 25284, Total Rows Processed: 25284, Total Chunk Time: 0.003 seconds 

Iteration 6 time: 0.004 secs.

Elapsed computation time: 0.056 secs.
Rows Read: 25284, Total Rows Processed: 25284, Total Chunk Time: 0.003 seconds 

Starting values (iteration 1) time: 0.010 secs.
Rows Read: 25284, Total Rows Processed: 25284, Total Chunk Time: 0.003 seconds 

Iteration 2 time: 0.007 secs.
Rows Read: 25284, Total Rows Processed: 25284, Total Chunk Time: 0.002 seconds 

Iteration 3 time: 0.004 secs.
Rows Read: 25284, Total Rows Processed: 25284, Total Chunk Time: 0.003 seconds 

Iteration 4 time: 0.006 secs.
Rows Read: 25284, Total Rows Processed: 25284, Total Chunk Time: 0.003 seconds 

Iteration 5 time: 0.005 secs.
Rows Read: 25284, Total Rows Processed: 25284, Total Chunk Time: 0.003 seconds 

Iteration 6 time: 0.006 secs.

Elapsed computation time: 0.059 secs.
Rows Read: 25284, Total Rows Processed: 25284, Total Chunk Time: 0.003 seconds 

Starting values (iteration 1) time: 0.013 secs.
Rows Read: 25284, Total Rows Processed: 25284, Total Chunk Time: 0.004 seconds 

Iteration 2 time: 0.009 secs.
Rows Read: 25284, Total Rows Processed: 25284, Total Chunk Time: 0.004 seconds 

Iteration 3 time: 0.007 secs.
Rows Read: 25284, Total Rows Processed: 25284, Total Chunk Time: 0.003 seconds 

Iteration 4 time: 0.005 secs.
Rows Read: 25284, Total Rows Processed: 25284, Total Chunk Time: 0.003 seconds 

Iteration 5 time: 0.005 secs.
Rows Read: 25284, Total Rows Processed: 25284, Total Chunk Time: 0.004 seconds 

Iteration 6 time: 0.006 secs.

Elapsed computation time: 0.065 secs.
Rows Read: 25284, Total Rows Processed: 25284, Total Chunk Time: 0.003 seconds 

Starting values (iteration 1) time: 0.009 secs.
Rows Read: 25284, Total Rows Processed: 25284, Total Chunk Time: 0.003 seconds 

Iteration 2 time: 0.009 secs.
Rows Read: 25284, Total Rows Processed: 25284, Total Chunk Time: 0.003 seconds 

Iteration 3 time: 0.005 secs.
Rows Read: 25284, Total Rows Processed: 25284, Total Chunk Time: 0.003 seconds 

Iteration 4 time: 0.005 secs.
Rows Read: 25284, Total Rows Processed: 25284, Total Chunk Time: 0.003 seconds 

Iteration 5 time: 0.005 secs.

Elapsed computation time: 0.051 secs.
Rows Read: 25284, Total Rows Processed: 25284, Total Chunk Time: 0.003 seconds 

Starting values (iteration 1) time: 0.010 secs.
Rows Read: 25284, Total Rows Processed: 25284, Total Chunk Time: 0.003 seconds 

Iteration 2 time: 0.007 secs.
Rows Read: 25284, Total Rows Processed: 25284, Total Chunk Time: 0.003 seconds 

Iteration 3 time: 0.005 secs.
Rows Read: 25284, Total Rows Processed: 25284, Total Chunk Time: 0.003 seconds 

Iteration 4 time: 0.005 secs.
Rows Read: 25284, Total Rows Processed: 25284, Total Chunk Time: 0.003 seconds 

Iteration 5 time: 0.005 secs.
Rows Read: 25284, Total Rows Processed: 25284, Total Chunk Time: 0.003 seconds 

Iteration 6 time: 0.005 secs.

Elapsed computation time: 0.060 secs.

Elapsed computation time: 0.377 secs.
[1] "analyze.results.glm.step="
Generalized Linear Model Results for: RaceHorse.IsHitA ~
    Gen02.TimeDvByRaceAvg
Data: data
Dependent variable(s): RaceHorse.IsHitA
Total independent variables: 2 
Number of valid observations: 25284
Number of missing observations: 0 
Family-link: binomial-logit 
 
 
Coefficients:
                      RaceHorse.IsHitA
(Intercept)                       -7.8
Gen02.TimeDvByRaceAvg              0.1
[1] "analyze.results.glm.step.summary"
Call:
rxGlm(formula = form, data = data, family = binomial(), variableSelection = analyze.results.glm.step.varsel)

Generalized Linear Model Results for: RaceHorse.IsHitA ~
    Gen02.TimeDvByRaceAvg
Data: data
Dependent variable(s): RaceHorse.IsHitA
Total independent variables: 2 
Number of valid observations: 25284
Number of missing observations: 0 
Family-link: binomial-logit 
 
Residual deviance: 13059.009 (on 25282 degrees of freedom)
 
Coefficients:
                      Estimate Std. Error z value Pr(>|z|)    
(Intercept)           -7.79058    0.25674   -30.3  2.2e-16 ***
Gen02.TimeDvByRaceAvg  0.10069    0.00476    21.2  2.2e-16 ***
---
Signif. codes:  0 '***' 0.001 '**' 0.01 '*' 0.05 '.' 0.1 ' ' 1

(Dispersion parameter for binomial family taken to be 1)

Condition number of final variance-covariance matrix: 1 
Number of iterations: 6
[1] "2022-02-06 20:47:13 --- rxGlm with rxStepControl Finish ---"
[1] "2022-02-06 20:47:13 --- rxStepPlot Start ---"
[1] "pdfFilename=pdf_analyze_glm_Gen02_Type14_rxStepPlot.pdf"
[1] "rxStepPlot="
[1] "2022-02-06 20:47:13 --- rxStepPlot Finish ---"
[1] "2022-02-06 20:47:13 --- save.image Start ---"
[1] "save.image"
[1] "rdataFilename=RData_analyze_glm_Gen02_Type14.RData"
[1] "2022-02-06 20:47:15 --- save.image Finish ---"
[1] "2022-02-06 20:47:15 --- final Start ---"
[1] "nrow(data) final=25284"
[1] "2022-02-06 20:47:15 --- final Finish ---"
[1] "2022-02-06 20:47:15 --- analyze_glm.R Finished ---"
[1] "2022-02-06 20:47:15 --- log Finish ---"
