[1] "2022-02-07 06:24:36 --- D1113_Predict_glm_Horse_IsHitA_Type25 Start ---"
[1] "2022-02-07 06:24:36 --- Log Start ---"
[1] "2022-02-07 06:24:36 --- predict.R Start ---"
[1] "analyzeVersion=D1113"
[1] "analyzeCategory=Predict"
[1] "analyzeType=Horse"
[1] "analyzeFamily=IsHitA"
[1] "analyzeFunc=glm"
[1] "analyzeTrackTypeCd=2"
[1] "analyzeJyokenCd=5"
[1] "2022-02-07 06:24:36 --- source_function.R Start ---"
[1] "2022-02-07 06:24:36 --- source_function.R Finished ---"

> print(paste0(Sys.time(), " --- source_library.R Start ---"))
[1] "2022-02-07 06:24:36 --- source_library.R Start ---"

> require("RevoScaleR")

> print(paste0(Sys.time(), " --- source_library.R Finished ---"))
[1] "2022-02-07 06:24:36 --- source_library.R Finished ---"
[1] "2022-02-07 06:24:36 --- Load Start ---"
[1] "loadFilename=RData_Analyze_glm_Horse_Type25.RData"
[1] "2022-02-07 06:24:37 --- Load Finished ---"
[1] "2022-02-07 06:24:37 --- RxSqlServerData Start ---"
[1] "sqlQuery=SELECT * FROM ViewAnalyzeD1113analyze01HorseType25 WHERE [Race.IsPredictedRace] = 1"
Rows Read: 130, Total Rows Processed: 130, Total Chunk Time: 5.373 seconds 
[1] "head(InputDataSet)="
           Race.RaceId Race.IsPredictedRace Race.IsAnalyzeNormalPastAndFuture
1 20220205-05-01-03-01                 TRUE                              TRUE
2 20220205-05-01-03-01                 TRUE                              TRUE
3 20220205-05-01-03-01                 TRUE                              TRUE
4 20220205-05-01-03-01                 TRUE                              TRUE
5 20220205-05-01-03-01                 TRUE                              TRUE
6 20220205-05-01-03-01                 TRUE                              TRUE
  Race.IsAnalyzeNormalPast Race.IsAnalyzeNormalFuture
1                    FALSE                       TRUE
2                    FALSE                       TRUE
3                    FALSE                       TRUE
4                    FALSE                       TRUE
5                    FALSE                       TRUE
6                    FALSE                       TRUE
  Race.IsAnalyzeFullPastAndFuture Race.IsAnalyzeFullPast
1                            TRUE                  FALSE
2                            TRUE                  FALSE
3                            TRUE                  FALSE
4                            TRUE                  FALSE
5                            TRUE                  FALSE
6                            TRUE                  FALSE
  Race.IsAnalyzeFullFuture Race.JyokenCd Race.JyoType1Cd   Race.RaceType0Cd
1                     TRUE             5     2-05-1400-1 2-05-1400-1-5-X-12
2                     TRUE             5     2-05-1400-1 2-05-1400-1-5-X-12
3                     TRUE             5     2-05-1400-1 2-05-1400-1-5-X-12
4                     TRUE             5     2-05-1400-1 2-05-1400-1-5-X-12
5                     TRUE             5     2-05-1400-1 2-05-1400-1-5-X-12
6                     TRUE             5     2-05-1400-1 2-05-1400-1-5-X-12
  Race.RaceType1Cd Race.RaceType2Cd Race.RaceType3Cd Race.RaceType4Cd
1            2-5-X            2-5-X           5-X-12           2-5-12
2            2-5-X            2-5-X           5-X-12           2-5-12
3            2-5-X            2-5-X           5-X-12           2-5-12
4            2-5-X            2-5-X           5-X-12           2-5-12
5            2-5-X            2-5-X           5-X-12           2-5-12
6            2-5-X            2-5-X           5-X-12           2-5-12
      RaceHorse.RaceId RaceHorse.KettoNum RaceHorse.IsHit1 RaceHorse.IsHit2
1 20220205-05-01-03-01         2019101636                0                0
2 20220205-05-01-03-01         2019102186                0                1
3 20220205-05-01-03-01         2019104083                0                0
4 20220205-05-01-03-01         2019104803                0                0
5 20220205-05-01-03-01         2019105266                0                0
6 20220205-05-01-03-01         2019106317                0                0
  RaceHorse.IsHit3 RaceHorse.IsHit4 RaceHorse.IsHit5 RaceHorse.IsHit6
1                0                0                0                1
2                0                0                0                0
3                0                0                0                1
4                0                1                0                0
5                0                0                1                0
6                0                0                0                1
  RaceHorse.IsValidRaceHorse RaceHorse.IsHitA RaceHorse.IsHitB RaceHorse.IsHitC
1                       TRUE                0                0                0
2                       TRUE                0                1                1
3                       TRUE                0                0                0
4                       TRUE                0                0                0
5                       TRUE                0                0                0
6                       TRUE                0                0                0
  Horse.PrevKettoNum Horse.TimeDvByRaceAvg Horse.TimeDvByRaceMax Horse.RunCount
1         2019101636              44.85350              44.85350              1
2         2019102186              59.01790              59.51945              2
3         2019104083              65.77370              65.77370              1
4         2019104803              48.79418              48.79418              1
5         2019105266              49.16265              52.11100              2
6         2019106317              47.41360              47.41360              1
  Horse.HitCount1 Horse.HitCount2 Horse.HitCount3 Horse.HitCount4
1               0               0               0               0
2               0               0               0               2
3               0               1               0               0
4               0               0               0               0
5               0               0               0               0
6               0               0               0               0
  Horse.HitCount5 Horse.HitRate1 Horse.HitRate2 Horse.HitRate3 Horse.HitRate4
1               0              0              0              0              0
2               0              0              0              0              1
3               0              0              1              0              0
4               0              0              0              0              0
5               0              0              0              0              0
6               0              0              0              0              0
  Horse.HitRate5 EOF
1              0   1
2              0   1
3              0   1
4              0   1
5              0   1
6              0   1
[1] "object.size(InputDataSet) auto=58.2 Kb"
[1] "nrow(InputDataSet) RxSqlServerData=130"
[1] "str(InputDataSet)="
'data.frame':	130 obs. of  42 variables:
 $ Race.RaceId                      : Factor w/ 14 levels "20220205-05-01-03-01",..: 1 1 1 1 1 1 2 2 2 2 ...
 $ Race.IsPredictedRace             : logi  TRUE TRUE TRUE TRUE TRUE TRUE ...
 $ Race.IsAnalyzeNormalPastAndFuture: logi  TRUE TRUE TRUE TRUE TRUE TRUE ...
 $ Race.IsAnalyzeNormalPast         : logi  FALSE FALSE FALSE FALSE FALSE FALSE ...
 $ Race.IsAnalyzeNormalFuture       : logi  TRUE TRUE TRUE TRUE TRUE TRUE ...
 $ Race.IsAnalyzeFullPastAndFuture  : logi  TRUE TRUE TRUE TRUE TRUE TRUE ...
 $ Race.IsAnalyzeFullPast           : logi  FALSE FALSE FALSE FALSE FALSE FALSE ...
 $ Race.IsAnalyzeFullFuture         : logi  TRUE TRUE TRUE TRUE TRUE TRUE ...
 $ Race.JyokenCd                    : Factor w/ 1 level "5": 1 1 1 1 1 1 1 1 1 1 ...
 $ Race.JyoType1Cd                  : Factor w/ 12 levels "2-05-1400-1",..: 1 1 1 1 1 1 2 2 2 2 ...
 $ Race.RaceType0Cd                 : Factor w/ 12 levels "2-05-1400-1-5-X-12",..: 1 1 1 1 1 1 2 2 2 2 ...
 $ Race.RaceType1Cd                 : Factor w/ 1 level "2-5-X": 1 1 1 1 1 1 1 1 1 1 ...
 $ Race.RaceType2Cd                 : Factor w/ 1 level "2-5-X": 1 1 1 1 1 1 1 1 1 1 ...
 $ Race.RaceType3Cd                 : Factor w/ 1 level "5-X-12": 1 1 1 1 1 1 1 1 1 1 ...
 $ Race.RaceType4Cd                 : Factor w/ 1 level "2-5-12": 1 1 1 1 1 1 1 1 1 1 ...
 $ RaceHorse.RaceId                 : Factor w/ 14 levels "20220205-05-01-03-01",..: 1 1 1 1 1 1 2 2 2 2 ...
 $ RaceHorse.KettoNum               : Factor w/ 130 levels "2019101636","2019102186",..: 1 2 3 4 5 6 7 8 9 10 ...
 $ RaceHorse.IsHit1                 : int  0 0 0 0 0 0 0 0 0 0 ...
 $ RaceHorse.IsHit2                 : int  0 1 0 0 0 0 0 0 0 0 ...
 $ RaceHorse.IsHit3                 : int  0 0 0 0 0 0 0 0 0 0 ...
 $ RaceHorse.IsHit4                 : int  0 0 0 1 0 0 0 0 0 0 ...
 $ RaceHorse.IsHit5                 : int  0 0 0 0 1 0 0 0 0 0 ...
 $ RaceHorse.IsHit6                 : int  1 0 1 0 0 1 1 1 1 1 ...
 $ RaceHorse.IsValidRaceHorse       : logi  TRUE TRUE TRUE TRUE TRUE TRUE ...
 $ RaceHorse.IsHitA                 : int  0 0 0 0 0 0 0 0 0 0 ...
 $ RaceHorse.IsHitB                 : int  0 1 0 0 0 0 0 0 0 0 ...
 $ RaceHorse.IsHitC                 : int  0 1 0 0 0 0 0 0 0 0 ...
 $ Horse.PrevKettoNum               : Factor w/ 130 levels "2019101636","2019102186",..: 1 2 3 4 5 6 7 8 9 10 ...
 $ Horse.TimeDvByRaceAvg            : num  44.9 59 65.8 48.8 49.2 ...
 $ Horse.TimeDvByRaceMax            : num  44.9 59.5 65.8 48.8 52.1 ...
 $ Horse.RunCount                   : int  1 2 1 1 2 1 1 2 3 1 ...
 $ Horse.HitCount1                  : int  0 0 0 0 0 0 0 0 0 0 ...
 $ Horse.HitCount2                  : int  0 0 1 0 0 0 1 1 2 0 ...
 $ Horse.HitCount3                  : int  0 0 0 0 0 0 0 1 0 0 ...
 $ Horse.HitCount4                  : int  0 2 0 0 0 0 0 0 0 0 ...
 $ Horse.HitCount5                  : int  0 0 0 0 0 0 0 0 0 0 ...
 $ Horse.HitRate1                   : num  0 0 0 0 0 0 0 0 0 0 ...
 $ Horse.HitRate2                   : num  0 0 1 0 0 ...
 $ Horse.HitRate3                   : num  0 0 0 0 0 0 0 0.5 0 0 ...
 $ Horse.HitRate4                   : num  0 1 0 0 0 0 0 0 0 0 ...
 $ Horse.HitRate5                   : num  0 0 0 0 0 0 0 0 0 0 ...
 $ EOF                              : int  1 1 1 1 1 1 1 1 1 1 ...
[1] "2022-02-07 06:24:44 --- RxSqlServerData Finish ---"
[1] "2022-02-07 06:24:44 --- subset Start ---"
[1] "nrow(InputDataSet) subset before=130"
[1] "nrow(InputDataSet) subset after=130"
[1] "nrow(InputDataSet) subset diff=0"
[1] "class(InputDataSet$Race.IsAnalyzeNormalPast)=logical"
[1] "class(InputDataSet$Race.analyzeTrackTypeCd)=NULL"
[1] "2022-02-07 06:24:44 --- subset Finish ---"
[1] "2022-02-07 06:24:44 --- transform Start ---"
[1] "nrow(InputDataSet) transaform before=130"
[1] "nrow(InputDataSet) transaform after=130"
[1] "nrow(InputDataSet) transaform diff=0"
[1] "str(InputDataSet)="
'data.frame':	130 obs. of  42 variables:
 $ Race.RaceId                      : Factor w/ 14 levels "20220205-05-01-03-01",..: 1 1 1 1 1 1 2 2 2 2 ...
 $ Race.IsPredictedRace             : logi  TRUE TRUE TRUE TRUE TRUE TRUE ...
 $ Race.IsAnalyzeNormalPastAndFuture: logi  TRUE TRUE TRUE TRUE TRUE TRUE ...
 $ Race.IsAnalyzeNormalPast         : logi  FALSE FALSE FALSE FALSE FALSE FALSE ...
 $ Race.IsAnalyzeNormalFuture       : logi  TRUE TRUE TRUE TRUE TRUE TRUE ...
 $ Race.IsAnalyzeFullPastAndFuture  : logi  TRUE TRUE TRUE TRUE TRUE TRUE ...
 $ Race.IsAnalyzeFullPast           : logi  FALSE FALSE FALSE FALSE FALSE FALSE ...
 $ Race.IsAnalyzeFullFuture         : logi  TRUE TRUE TRUE TRUE TRUE TRUE ...
 $ Race.JyokenCd                    : Factor w/ 1 level "5": 1 1 1 1 1 1 1 1 1 1 ...
 $ Race.JyoType1Cd                  : Factor w/ 12 levels "2-05-1400-1",..: 1 1 1 1 1 1 2 2 2 2 ...
 $ Race.RaceType0Cd                 : Factor w/ 12 levels "2-05-1400-1-5-X-12",..: 1 1 1 1 1 1 2 2 2 2 ...
 $ Race.RaceType1Cd                 : Factor w/ 1 level "2-5-X": 1 1 1 1 1 1 1 1 1 1 ...
 $ Race.RaceType2Cd                 : Factor w/ 1 level "2-5-X": 1 1 1 1 1 1 1 1 1 1 ...
 $ Race.RaceType3Cd                 : Factor w/ 1 level "5-X-12": 1 1 1 1 1 1 1 1 1 1 ...
 $ Race.RaceType4Cd                 : Factor w/ 1 level "2-5-12": 1 1 1 1 1 1 1 1 1 1 ...
 $ RaceHorse.RaceId                 : Factor w/ 14 levels "20220205-05-01-03-01",..: 1 1 1 1 1 1 2 2 2 2 ...
 $ RaceHorse.KettoNum               : Factor w/ 130 levels "2019101636","2019102186",..: 1 2 3 4 5 6 7 8 9 10 ...
 $ RaceHorse.IsHit1                 : int  0 0 0 0 0 0 0 0 0 0 ...
 $ RaceHorse.IsHit2                 : int  0 1 0 0 0 0 0 0 0 0 ...
 $ RaceHorse.IsHit3                 : int  0 0 0 0 0 0 0 0 0 0 ...
 $ RaceHorse.IsHit4                 : int  0 0 0 1 0 0 0 0 0 0 ...
 $ RaceHorse.IsHit5                 : int  0 0 0 0 1 0 0 0 0 0 ...
 $ RaceHorse.IsHit6                 : int  1 0 1 0 0 1 1 1 1 1 ...
 $ RaceHorse.IsValidRaceHorse       : logi  TRUE TRUE TRUE TRUE TRUE TRUE ...
 $ RaceHorse.IsHitA                 : int  0 0 0 0 0 0 0 0 0 0 ...
 $ RaceHorse.IsHitB                 : int  0 1 0 0 0 0 0 0 0 0 ...
 $ RaceHorse.IsHitC                 : int  0 1 0 0 0 0 0 0 0 0 ...
 $ Horse.PrevKettoNum               : Factor w/ 130 levels "2019101636","2019102186",..: 1 2 3 4 5 6 7 8 9 10 ...
 $ Horse.TimeDvByRaceAvg            : num  44.9 59 65.8 48.8 49.2 ...
 $ Horse.TimeDvByRaceMax            : num  44.9 59.5 65.8 48.8 52.1 ...
 $ Horse.RunCount                   : int  1 2 1 1 2 1 1 2 3 1 ...
 $ Horse.HitCount1                  : int  0 0 0 0 0 0 0 0 0 0 ...
 $ Horse.HitCount2                  : int  0 0 1 0 0 0 1 1 2 0 ...
 $ Horse.HitCount3                  : int  0 0 0 0 0 0 0 1 0 0 ...
 $ Horse.HitCount4                  : int  0 2 0 0 0 0 0 0 0 0 ...
 $ Horse.HitCount5                  : int  0 0 0 0 0 0 0 0 0 0 ...
 $ Horse.HitRate1                   : num  0 0 0 0 0 0 0 0 0 0 ...
 $ Horse.HitRate2                   : num  0 0 1 0 0 ...
 $ Horse.HitRate3                   : num  0 0 0 0 0 0 0 0.5 0 0 ...
 $ Horse.HitRate4                   : num  0 1 0 0 0 0 0 0 0 0 ...
 $ Horse.HitRate5                   : num  0 0 0 0 0 0 0 0 0 0 ...
 $ EOF                              : int  1 1 1 1 1 1 1 1 1 1 ...
NULL
[1] "2022-02-07 06:24:44 --- transform Finish ---"
[1] "2022-02-07 06:24:44 --- na.omit Start ---"
[1] "nrow(InputDataSet) na.omit before=130"
[1] "nrow(InputDataSet) na.omit after=130"
[1] "nrow(InputDataSet) na.omit diff=0"
[1] "2022-02-07 06:24:44 --- na.omit Finish---"
[1] "2022-02-07 06:24:44 --- New Levels Start ---"
[1] "levels(data$Race.RaceType1Cd)=2-5-X"
[1] "levels(InputDataSet$Race.RaceType1Cd)=2-5-X"
[1] "length(Race.RaceType1Cd.Index)=0"
[1] "2022-02-07 06:24:44 --- New Levels Finish ---"
[1] "2022-02-07 06:24:44 --- na.omit Start ---"
[1] "nrow(InputDataSet) na.omit levels before=130"
[1] "nrow(InputDataSet) na.omit levels after=130"
[1] "nrow(InputDataSet) na.omit levels diff=0"
[1] "2022-02-07 06:24:44 --- na.omit Finish ---"
[1] "2022-02-07 06:24:44 --- Predict InputDataSet Start ---"
[1] "nrow(InputDataSet) predict=130"
[1] "str(InputDataSet)="
'data.frame':	130 obs. of  42 variables:
 $ Race.RaceId                      : Factor w/ 14 levels "20220205-05-01-03-01",..: 1 1 1 1 1 1 2 2 2 2 ...
 $ Race.IsPredictedRace             : logi  TRUE TRUE TRUE TRUE TRUE TRUE ...
 $ Race.IsAnalyzeNormalPastAndFuture: logi  TRUE TRUE TRUE TRUE TRUE TRUE ...
 $ Race.IsAnalyzeNormalPast         : logi  FALSE FALSE FALSE FALSE FALSE FALSE ...
 $ Race.IsAnalyzeNormalFuture       : logi  TRUE TRUE TRUE TRUE TRUE TRUE ...
 $ Race.IsAnalyzeFullPastAndFuture  : logi  TRUE TRUE TRUE TRUE TRUE TRUE ...
 $ Race.IsAnalyzeFullPast           : logi  FALSE FALSE FALSE FALSE FALSE FALSE ...
 $ Race.IsAnalyzeFullFuture         : logi  TRUE TRUE TRUE TRUE TRUE TRUE ...
 $ Race.JyokenCd                    : Factor w/ 1 level "5": 1 1 1 1 1 1 1 1 1 1 ...
 $ Race.JyoType1Cd                  : Factor w/ 12 levels "2-05-1400-1",..: 1 1 1 1 1 1 2 2 2 2 ...
 $ Race.RaceType0Cd                 : Factor w/ 12 levels "2-05-1400-1-5-X-12",..: 1 1 1 1 1 1 2 2 2 2 ...
 $ Race.RaceType1Cd                 : Factor w/ 1 level "2-5-X": 1 1 1 1 1 1 1 1 1 1 ...
 $ Race.RaceType2Cd                 : Factor w/ 1 level "2-5-X": 1 1 1 1 1 1 1 1 1 1 ...
 $ Race.RaceType3Cd                 : Factor w/ 1 level "5-X-12": 1 1 1 1 1 1 1 1 1 1 ...
 $ Race.RaceType4Cd                 : Factor w/ 1 level "2-5-12": 1 1 1 1 1 1 1 1 1 1 ...
 $ RaceHorse.RaceId                 : Factor w/ 14 levels "20220205-05-01-03-01",..: 1 1 1 1 1 1 2 2 2 2 ...
 $ RaceHorse.KettoNum               : Factor w/ 130 levels "2019101636","2019102186",..: 1 2 3 4 5 6 7 8 9 10 ...
 $ RaceHorse.IsHit1                 : int  0 0 0 0 0 0 0 0 0 0 ...
 $ RaceHorse.IsHit2                 : int  0 1 0 0 0 0 0 0 0 0 ...
 $ RaceHorse.IsHit3                 : int  0 0 0 0 0 0 0 0 0 0 ...
 $ RaceHorse.IsHit4                 : int  0 0 0 1 0 0 0 0 0 0 ...
 $ RaceHorse.IsHit5                 : int  0 0 0 0 1 0 0 0 0 0 ...
 $ RaceHorse.IsHit6                 : int  1 0 1 0 0 1 1 1 1 1 ...
 $ RaceHorse.IsValidRaceHorse       : logi  TRUE TRUE TRUE TRUE TRUE TRUE ...
 $ RaceHorse.IsHitA                 : int  0 0 0 0 0 0 0 0 0 0 ...
 $ RaceHorse.IsHitB                 : int  0 1 0 0 0 0 0 0 0 0 ...
 $ RaceHorse.IsHitC                 : int  0 1 0 0 0 0 0 0 0 0 ...
 $ Horse.PrevKettoNum               : Factor w/ 130 levels "2019101636","2019102186",..: 1 2 3 4 5 6 7 8 9 10 ...
 $ Horse.TimeDvByRaceAvg            : num  44.9 59 65.8 48.8 49.2 ...
 $ Horse.TimeDvByRaceMax            : num  44.9 59.5 65.8 48.8 52.1 ...
 $ Horse.RunCount                   : int  1 2 1 1 2 1 1 2 3 1 ...
 $ Horse.HitCount1                  : int  0 0 0 0 0 0 0 0 0 0 ...
 $ Horse.HitCount2                  : int  0 0 1 0 0 0 1 1 2 0 ...
 $ Horse.HitCount3                  : int  0 0 0 0 0 0 0 1 0 0 ...
 $ Horse.HitCount4                  : int  0 2 0 0 0 0 0 0 0 0 ...
 $ Horse.HitCount5                  : int  0 0 0 0 0 0 0 0 0 0 ...
 $ Horse.HitRate1                   : num  0 0 0 0 0 0 0 0 0 0 ...
 $ Horse.HitRate2                   : num  0 0 1 0 0 ...
 $ Horse.HitRate3                   : num  0 0 0 0 0 0 0 0.5 0 0 ...
 $ Horse.HitRate4                   : num  0 1 0 0 0 0 0 0 0 0 ...
 $ Horse.HitRate5                   : num  0 0 0 0 0 0 0 0 0 0 ...
 $ EOF                              : int  1 1 1 1 1 1 1 1 1 1 ...
[1] "2022-02-07 06:24:44 --- Predict InputDataSet Finish ---"
[1] "2022-02-07 06:24:44 --- rxPredict (glm) Start ---"
[1] "analyzeFunc=glm"
Rows Read: 130, Total Rows Processed: 130, Total Chunk Time: 0.001 seconds 
[1] "nrow(PredictDataSet) afte predict=130"
[1] "str(PredictDataSet)"
'data.frame':	130 obs. of  1 variable:
 $ RaceHorse.IsHitA_Pred: num  0.0117 0.1721 0.4487 0.0257 0.0276 ...
NULL
[1] "head(PredictDataSet) afte predict="
  RaceHorse.IsHitA_Pred
1            0.01174776
2            0.17211237
3            0.44870676
4            0.02567656
5            0.02760611
6            0.01954927
[1] "2022-02-07 06:24:44 --- rxPredict (glm) Finish ---"
[1] "2022-02-07 06:24:44 --- add key Start ---"
[1] "nrow(OutputDataSet) add KeyColmn=130"
[1] "str(OutputDataSet) after add Key"
'data.frame':	130 obs. of  2 variables:
 $ RaceHorse.RaceId  : Factor w/ 14 levels "20220205-05-01-03-01",..: 1 1 1 1 1 1 2 2 2 2 ...
 $ RaceHorse.KettoNum: Factor w/ 130 levels "2019101636","2019102186",..: 1 2 3 4 5 6 7 8 9 10 ...
NULL
[1] "2022-02-07 06:24:44 --- add key Finish ---"
[1] "2022-02-07 06:24:44 --- add PredictValue Start ---"
[1] "str(PredictDataSet) before rename="
[1] "colnames(PredictDataSet)=RaceHorse.IsHitA_Pred"
[1] "str(PredictDataSet) after rename="
'data.frame':	130 obs. of  1 variable:
 $ PredictValue: num  0.0117 0.1721 0.4487 0.0257 0.0276 ...
NULL
[1] "str(OutputDataSet) before cbind="
'data.frame':	130 obs. of  2 variables:
 $ RaceHorse.RaceId  : Factor w/ 14 levels "20220205-05-01-03-01",..: 1 1 1 1 1 1 2 2 2 2 ...
 $ RaceHorse.KettoNum: Factor w/ 130 levels "2019101636","2019102186",..: 1 2 3 4 5 6 7 8 9 10 ...
NULL
[1] "str(OutputDataSet) after cbind="
'data.frame':	130 obs. of  3 variables:
 $ RaceHorse.RaceId  : Factor w/ 14 levels "20220205-05-01-03-01",..: 1 1 1 1 1 1 2 2 2 2 ...
 $ RaceHorse.KettoNum: Factor w/ 130 levels "2019101636","2019102186",..: 1 2 3 4 5 6 7 8 9 10 ...
 $ PredictValue      : num  0.0117 0.1721 0.4487 0.0257 0.0276 ...
NULL
[1] "2022-02-07 06:24:44 --- add PredictValue Finish ---"
[1] "2022-02-07 06:24:44 --- final Start ---"
[1] "nrow(OutputDataSet) final=130"
[1] "head(OutputDataSet)="
      RaceHorse.RaceId RaceHorse.KettoNum PredictValue
1 20220205-05-01-03-01         2019101636   0.01174776
2 20220205-05-01-03-01         2019102186   0.17211237
3 20220205-05-01-03-01         2019104083   0.44870676
4 20220205-05-01-03-01         2019104803   0.02567656
5 20220205-05-01-03-01         2019105266   0.02760611
6 20220205-05-01-03-01         2019106317   0.01954927
[1] "str(OutputDataSet)="
'data.frame':	130 obs. of  3 variables:
 $ RaceHorse.RaceId  : Factor w/ 14 levels "20220205-05-01-03-01",..: 1 1 1 1 1 1 2 2 2 2 ...
 $ RaceHorse.KettoNum: Factor w/ 130 levels "2019101636","2019102186",..: 1 2 3 4 5 6 7 8 9 10 ...
 $ PredictValue      : num  0.0117 0.1721 0.4487 0.0257 0.0276 ...
NULL
[1] "2022-02-07 06:24:44 --- final Finish ---"
[1] "2022-02-07 06:24:44 --- predict.R Finished ---"
[1] "2022-02-07 06:24:44 --- log Finish ---"
