[1] "2022-02-07 06:24:27 --- D1113_Predict_glm_Gen01_IsHitA_Type16 Start ---"
[1] "2022-02-07 06:24:27 --- Log Start ---"
[1] "2022-02-07 06:24:27 --- predict.R Start ---"
[1] "analyzeVersion=D1113"
[1] "analyzeCategory=Predict"
[1] "analyzeType=Gen01"
[1] "analyzeFamily=IsHitA"
[1] "analyzeFunc=glm"
[1] "analyzeTrackTypeCd=1"
[1] "analyzeJyokenCd=6"
[1] "2022-02-07 06:24:27 --- source_function.R Start ---"
[1] "2022-02-07 06:24:27 --- source_function.R Finished ---"

> print(paste0(Sys.time(), " --- source_library.R Start ---"))
[1] "2022-02-07 06:24:27 --- source_library.R Start ---"

> require("RevoScaleR")

> print(paste0(Sys.time(), " --- source_library.R Finished ---"))
[1] "2022-02-07 06:24:27 --- source_library.R Finished ---"
[1] "2022-02-07 06:24:27 --- Load Start ---"
[1] "loadFilename=RData_Analyze_glm_Gen01_Type16.RData"
[1] "2022-02-07 06:24:27 --- Load Finished ---"
[1] "2022-02-07 06:24:27 --- RxSqlServerData Start ---"
[1] "sqlQuery=SELECT * FROM ViewAnalyzeD1113analyze01Gen01Type16 WHERE [Race.IsPredictedRace] = 1"
Rows Read: 64, Total Rows Processed: 64, Total Chunk Time: 1.369 seconds 
[1] "head(InputDataSet)="
           Race.RaceId Race.IsPredictedRace Race.IsAnalyzeNormalPastAndFuture
1 20220205-05-01-03-06                 TRUE                              TRUE
2 20220205-05-01-03-06                 TRUE                              TRUE
3 20220205-05-01-03-06                 TRUE                              TRUE
4 20220205-05-01-03-06                 TRUE                              TRUE
5 20220205-05-01-03-06                 TRUE                              TRUE
6 20220205-05-01-03-06                 TRUE                              TRUE
  Race.IsAnalyzeNormalPast Race.IsAnalyzeNormalFuture
1                    FALSE                       TRUE
2                    FALSE                       TRUE
3                    FALSE                       TRUE
4                    FALSE                       TRUE
5                    FALSE                       TRUE
6                    FALSE                       TRUE
  Race.IsAnalyzeFullPastAndFuture Race.IsAnalyzeFullPast
1                            TRUE                  FALSE
2                            TRUE                  FALSE
3                            TRUE                  FALSE
4                            TRUE                  FALSE
5                            TRUE                  FALSE
6                            TRUE                  FALSE
  Race.IsAnalyzeFullFuture Race.JyokenCd Race.JyoType1Cd   Race.RaceType0Cd
1                     TRUE             6     1-05-1800-1 1-05-1800-1-6-X-12
2                     TRUE             6     1-05-1800-1 1-05-1800-1-6-X-12
3                     TRUE             6     1-05-1800-1 1-05-1800-1-6-X-12
4                     TRUE             6     1-05-1800-1 1-05-1800-1-6-X-12
5                     TRUE             6     1-05-1800-1 1-05-1800-1-6-X-12
6                     TRUE             6     1-05-1800-1 1-05-1800-1-6-X-12
  Race.RaceType1Cd Race.RaceType2Cd Race.RaceType3Cd Race.RaceType4Cd
1            1-6-X            1-6-X           6-X-12           1-6-12
2            1-6-X            1-6-X           6-X-12           1-6-12
3            1-6-X            1-6-X           6-X-12           1-6-12
4            1-6-X            1-6-X           6-X-12           1-6-12
5            1-6-X            1-6-X           6-X-12           1-6-12
6            1-6-X            1-6-X           6-X-12           1-6-12
      RaceHorse.RaceId RaceHorse.KettoNum RaceHorse.IsHit1 RaceHorse.IsHit2
1 20220205-05-01-03-06         2019102071                0                0
2 20220205-05-01-03-06         2019102333                0                0
3 20220205-05-01-03-06         2019102500                0                0
4 20220205-05-01-03-06         2019102944                0                0
5 20220205-05-01-03-06         2019104669                0                0
6 20220205-05-01-03-06         2019104843                0                0
  RaceHorse.IsHit3 RaceHorse.IsHit4 RaceHorse.IsHit5 RaceHorse.IsHit6
1                0                0                0                1
2                0                0                0                1
3                0                0                0                1
4                0                0                0                1
5                0                0                0                1
6                0                1                0                0
  RaceHorse.IsValidRaceHorse RaceHorse.IsHitA RaceHorse.IsHitB RaceHorse.IsHitC
1                       TRUE                0                0                0
2                       TRUE                0                0                0
3                       TRUE                0                0                0
4                       TRUE                0                0                0
5                       TRUE                0                0                0
6                       TRUE                0                0                0
  Gen01.HansyokuNum Gen01.TimeDvByRaceAvg Gen01.TimeDvByRaceMax Gen01.RunCount
1          11201853              50.80566              70.99563            358
2          11202159              50.02708              69.32245            466
3          11202352              51.99531              72.17507            268
4          11202350              48.80450              65.24244             85
5          11202349              54.56914              69.97355            297
6          11202219              52.33284              70.66581            630
  Gen01.HitCount1 Gen01.HitCount2 Gen01.HitCount3 Gen01.HitCount4
1              29              29              22              36
2              30              29              39              40
3              24              30              24              23
4               3               5               4               2
5              39              30              36              29
6              61              59              60              58
  Gen01.HitCount5 Gen01.HitRate1 Gen01.HitRate2 Gen01.HitRate3 Gen01.HitRate4
1              24     0.08100559     0.08100559     0.06145251     0.10055866
2              34     0.06437768     0.06223176     0.08369099     0.08583691
3              28     0.08955224     0.11194030     0.08955224     0.08582090
4               8     0.03529412     0.05882353     0.04705882     0.02352941
5              26     0.13131313     0.10101010     0.12121212     0.09764310
6              63     0.09682540     0.09365079     0.09523810     0.09206349
  Gen01.HitRate5 EOF
1     0.06703911   1
2     0.07296137   1
3     0.10447761   1
4     0.09411765   1
5     0.08754209   1
6     0.10000000   1
[1] "object.size(InputDataSet) auto=31.6 Kb"
[1] "nrow(InputDataSet) RxSqlServerData=64"
[1] "str(InputDataSet)="
'data.frame':	64 obs. of  42 variables:
 $ Race.RaceId                      : Factor w/ 4 levels "20220205-05-01-03-06",..: 1 1 1 1 1 1 1 1 1 1 ...
 $ Race.IsPredictedRace             : logi  TRUE TRUE TRUE TRUE TRUE TRUE ...
 $ Race.IsAnalyzeNormalPastAndFuture: logi  TRUE TRUE TRUE TRUE TRUE TRUE ...
 $ Race.IsAnalyzeNormalPast         : logi  FALSE FALSE FALSE FALSE FALSE FALSE ...
 $ Race.IsAnalyzeNormalFuture       : logi  TRUE TRUE TRUE TRUE TRUE TRUE ...
 $ Race.IsAnalyzeFullPastAndFuture  : logi  TRUE TRUE TRUE TRUE TRUE TRUE ...
 $ Race.IsAnalyzeFullPast           : logi  FALSE FALSE FALSE FALSE FALSE FALSE ...
 $ Race.IsAnalyzeFullFuture         : logi  TRUE TRUE TRUE TRUE TRUE TRUE ...
 $ Race.JyokenCd                    : Factor w/ 1 level "6": 1 1 1 1 1 1 1 1 1 1 ...
 $ Race.JyoType1Cd                  : Factor w/ 4 levels "1-05-1800-1",..: 1 1 1 1 1 1 1 1 1 1 ...
 $ Race.RaceType0Cd                 : Factor w/ 4 levels "1-05-1800-1-6-X-12",..: 1 1 1 1 1 1 1 1 1 1 ...
 $ Race.RaceType1Cd                 : Factor w/ 1 level "1-6-X": 1 1 1 1 1 1 1 1 1 1 ...
 $ Race.RaceType2Cd                 : Factor w/ 1 level "1-6-X": 1 1 1 1 1 1 1 1 1 1 ...
 $ Race.RaceType3Cd                 : Factor w/ 1 level "6-X-12": 1 1 1 1 1 1 1 1 1 1 ...
 $ Race.RaceType4Cd                 : Factor w/ 1 level "1-6-12": 1 1 1 1 1 1 1 1 1 1 ...
 $ RaceHorse.RaceId                 : Factor w/ 4 levels "20220205-05-01-03-06",..: 1 1 1 1 1 1 1 1 1 1 ...
 $ RaceHorse.KettoNum               : Factor w/ 64 levels "2019102071","2019102333",..: 1 2 3 4 5 6 7 8 9 10 ...
 $ RaceHorse.IsHit1                 : int  0 0 0 0 0 0 0 0 1 0 ...
 $ RaceHorse.IsHit2                 : int  0 0 0 0 0 0 1 0 0 0 ...
 $ RaceHorse.IsHit3                 : int  0 0 0 0 0 0 0 0 0 1 ...
 $ RaceHorse.IsHit4                 : int  0 0 0 0 0 1 0 0 0 0 ...
 $ RaceHorse.IsHit5                 : int  0 0 0 0 0 0 0 0 0 0 ...
 $ RaceHorse.IsHit6                 : int  1 1 1 1 1 0 0 1 0 0 ...
 $ RaceHorse.IsValidRaceHorse       : logi  TRUE TRUE TRUE TRUE TRUE TRUE ...
 $ RaceHorse.IsHitA                 : int  0 0 0 0 0 0 0 0 1 0 ...
 $ RaceHorse.IsHitB                 : int  0 0 0 0 0 0 1 0 1 0 ...
 $ RaceHorse.IsHitC                 : int  0 0 0 0 0 0 1 0 1 1 ...
 $ Gen01.HansyokuNum                : Factor w/ 40 levels "11201853","11202159",..: 1 2 3 4 5 6 7 8 9 8 ...
 $ Gen01.TimeDvByRaceAvg            : num  50.8 50 52 48.8 54.6 ...
 $ Gen01.TimeDvByRaceMax            : num  71 69.3 72.2 65.2 70 ...
 $ Gen01.RunCount                   : int  358 466 268 85 297 630 53 533 51 533 ...
 $ Gen01.HitCount1                  : int  29 30 24 3 39 61 4 71 9 71 ...
 $ Gen01.HitCount2                  : int  29 29 30 5 30 59 8 63 3 63 ...
 $ Gen01.HitCount3                  : int  22 39 24 4 36 60 7 41 4 41 ...
 $ Gen01.HitCount4                  : int  36 40 23 2 29 58 3 41 4 41 ...
 $ Gen01.HitCount5                  : int  24 34 28 8 26 63 5 40 7 40 ...
 $ Gen01.HitRate1                   : num  0.081 0.0644 0.0896 0.0353 0.1313 ...
 $ Gen01.HitRate2                   : num  0.081 0.0622 0.1119 0.0588 0.101 ...
 $ Gen01.HitRate3                   : num  0.0615 0.0837 0.0896 0.0471 0.1212 ...
 $ Gen01.HitRate4                   : num  0.1006 0.0858 0.0858 0.0235 0.0976 ...
 $ Gen01.HitRate5                   : num  0.067 0.073 0.1045 0.0941 0.0875 ...
 $ EOF                              : int  1 1 1 1 1 1 1 1 1 1 ...
[1] "2022-02-07 06:24:30 --- RxSqlServerData Finish ---"
[1] "2022-02-07 06:24:30 --- subset Start ---"
[1] "nrow(InputDataSet) subset before=64"
[1] "nrow(InputDataSet) subset after=64"
[1] "nrow(InputDataSet) subset diff=0"
[1] "class(InputDataSet$Race.IsAnalyzeNormalPast)=logical"
[1] "class(InputDataSet$Race.analyzeTrackTypeCd)=NULL"
[1] "2022-02-07 06:24:30 --- subset Finish ---"
[1] "2022-02-07 06:24:30 --- transform Start ---"
[1] "nrow(InputDataSet) transaform before=64"
[1] "nrow(InputDataSet) transaform after=64"
[1] "nrow(InputDataSet) transaform diff=0"
[1] "str(InputDataSet)="
'data.frame':	64 obs. of  42 variables:
 $ Race.RaceId                      : Factor w/ 4 levels "20220205-05-01-03-06",..: 1 1 1 1 1 1 1 1 1 1 ...
 $ Race.IsPredictedRace             : logi  TRUE TRUE TRUE TRUE TRUE TRUE ...
 $ Race.IsAnalyzeNormalPastAndFuture: logi  TRUE TRUE TRUE TRUE TRUE TRUE ...
 $ Race.IsAnalyzeNormalPast         : logi  FALSE FALSE FALSE FALSE FALSE FALSE ...
 $ Race.IsAnalyzeNormalFuture       : logi  TRUE TRUE TRUE TRUE TRUE TRUE ...
 $ Race.IsAnalyzeFullPastAndFuture  : logi  TRUE TRUE TRUE TRUE TRUE TRUE ...
 $ Race.IsAnalyzeFullPast           : logi  FALSE FALSE FALSE FALSE FALSE FALSE ...
 $ Race.IsAnalyzeFullFuture         : logi  TRUE TRUE TRUE TRUE TRUE TRUE ...
 $ Race.JyokenCd                    : Factor w/ 1 level "6": 1 1 1 1 1 1 1 1 1 1 ...
 $ Race.JyoType1Cd                  : Factor w/ 4 levels "1-05-1800-1",..: 1 1 1 1 1 1 1 1 1 1 ...
 $ Race.RaceType0Cd                 : Factor w/ 4 levels "1-05-1800-1-6-X-12",..: 1 1 1 1 1 1 1 1 1 1 ...
 $ Race.RaceType1Cd                 : Factor w/ 1 level "1-6-X": 1 1 1 1 1 1 1 1 1 1 ...
 $ Race.RaceType2Cd                 : Factor w/ 1 level "1-6-X": 1 1 1 1 1 1 1 1 1 1 ...
 $ Race.RaceType3Cd                 : Factor w/ 1 level "6-X-12": 1 1 1 1 1 1 1 1 1 1 ...
 $ Race.RaceType4Cd                 : Factor w/ 1 level "1-6-12": 1 1 1 1 1 1 1 1 1 1 ...
 $ RaceHorse.RaceId                 : Factor w/ 4 levels "20220205-05-01-03-06",..: 1 1 1 1 1 1 1 1 1 1 ...
 $ RaceHorse.KettoNum               : Factor w/ 64 levels "2019102071","2019102333",..: 1 2 3 4 5 6 7 8 9 10 ...
 $ RaceHorse.IsHit1                 : int  0 0 0 0 0 0 0 0 1 0 ...
 $ RaceHorse.IsHit2                 : int  0 0 0 0 0 0 1 0 0 0 ...
 $ RaceHorse.IsHit3                 : int  0 0 0 0 0 0 0 0 0 1 ...
 $ RaceHorse.IsHit4                 : int  0 0 0 0 0 1 0 0 0 0 ...
 $ RaceHorse.IsHit5                 : int  0 0 0 0 0 0 0 0 0 0 ...
 $ RaceHorse.IsHit6                 : int  1 1 1 1 1 0 0 1 0 0 ...
 $ RaceHorse.IsValidRaceHorse       : logi  TRUE TRUE TRUE TRUE TRUE TRUE ...
 $ RaceHorse.IsHitA                 : int  0 0 0 0 0 0 0 0 1 0 ...
 $ RaceHorse.IsHitB                 : int  0 0 0 0 0 0 1 0 1 0 ...
 $ RaceHorse.IsHitC                 : int  0 0 0 0 0 0 1 0 1 1 ...
 $ Gen01.HansyokuNum                : Factor w/ 40 levels "11201853","11202159",..: 1 2 3 4 5 6 7 8 9 8 ...
 $ Gen01.TimeDvByRaceAvg            : num  50.8 50 52 48.8 54.6 ...
 $ Gen01.TimeDvByRaceMax            : num  71 69.3 72.2 65.2 70 ...
 $ Gen01.RunCount                   : int  358 466 268 85 297 630 53 533 51 533 ...
 $ Gen01.HitCount1                  : int  29 30 24 3 39 61 4 71 9 71 ...
 $ Gen01.HitCount2                  : int  29 29 30 5 30 59 8 63 3 63 ...
 $ Gen01.HitCount3                  : int  22 39 24 4 36 60 7 41 4 41 ...
 $ Gen01.HitCount4                  : int  36 40 23 2 29 58 3 41 4 41 ...
 $ Gen01.HitCount5                  : int  24 34 28 8 26 63 5 40 7 40 ...
 $ Gen01.HitRate1                   : num  0.081 0.0644 0.0896 0.0353 0.1313 ...
 $ Gen01.HitRate2                   : num  0.081 0.0622 0.1119 0.0588 0.101 ...
 $ Gen01.HitRate3                   : num  0.0615 0.0837 0.0896 0.0471 0.1212 ...
 $ Gen01.HitRate4                   : num  0.1006 0.0858 0.0858 0.0235 0.0976 ...
 $ Gen01.HitRate5                   : num  0.067 0.073 0.1045 0.0941 0.0875 ...
 $ EOF                              : int  1 1 1 1 1 1 1 1 1 1 ...
NULL
[1] "2022-02-07 06:24:30 --- transform Finish ---"
[1] "2022-02-07 06:24:30 --- na.omit Start ---"
[1] "nrow(InputDataSet) na.omit before=64"
[1] "nrow(InputDataSet) na.omit after=64"
[1] "nrow(InputDataSet) na.omit diff=0"
[1] "2022-02-07 06:24:30 --- na.omit Finish---"
[1] "2022-02-07 06:24:30 --- New Levels Start ---"
[1] "levels(data$Race.RaceType1Cd)=1-6-X"
[1] "levels(InputDataSet$Race.RaceType1Cd)=1-6-X"
[1] "length(Race.RaceType1Cd.Index)=0"
[1] "2022-02-07 06:24:30 --- New Levels Finish ---"
[1] "2022-02-07 06:24:30 --- na.omit Start ---"
[1] "nrow(InputDataSet) na.omit levels before=64"
[1] "nrow(InputDataSet) na.omit levels after=64"
[1] "nrow(InputDataSet) na.omit levels diff=0"
[1] "2022-02-07 06:24:30 --- na.omit Finish ---"
[1] "2022-02-07 06:24:30 --- Predict InputDataSet Start ---"
[1] "nrow(InputDataSet) predict=64"
[1] "str(InputDataSet)="
'data.frame':	64 obs. of  42 variables:
 $ Race.RaceId                      : Factor w/ 4 levels "20220205-05-01-03-06",..: 1 1 1 1 1 1 1 1 1 1 ...
 $ Race.IsPredictedRace             : logi  TRUE TRUE TRUE TRUE TRUE TRUE ...
 $ Race.IsAnalyzeNormalPastAndFuture: logi  TRUE TRUE TRUE TRUE TRUE TRUE ...
 $ Race.IsAnalyzeNormalPast         : logi  FALSE FALSE FALSE FALSE FALSE FALSE ...
 $ Race.IsAnalyzeNormalFuture       : logi  TRUE TRUE TRUE TRUE TRUE TRUE ...
 $ Race.IsAnalyzeFullPastAndFuture  : logi  TRUE TRUE TRUE TRUE TRUE TRUE ...
 $ Race.IsAnalyzeFullPast           : logi  FALSE FALSE FALSE FALSE FALSE FALSE ...
 $ Race.IsAnalyzeFullFuture         : logi  TRUE TRUE TRUE TRUE TRUE TRUE ...
 $ Race.JyokenCd                    : Factor w/ 1 level "6": 1 1 1 1 1 1 1 1 1 1 ...
 $ Race.JyoType1Cd                  : Factor w/ 4 levels "1-05-1800-1",..: 1 1 1 1 1 1 1 1 1 1 ...
 $ Race.RaceType0Cd                 : Factor w/ 4 levels "1-05-1800-1-6-X-12",..: 1 1 1 1 1 1 1 1 1 1 ...
 $ Race.RaceType1Cd                 : Factor w/ 1 level "1-6-X": 1 1 1 1 1 1 1 1 1 1 ...
 $ Race.RaceType2Cd                 : Factor w/ 1 level "1-6-X": 1 1 1 1 1 1 1 1 1 1 ...
 $ Race.RaceType3Cd                 : Factor w/ 1 level "6-X-12": 1 1 1 1 1 1 1 1 1 1 ...
 $ Race.RaceType4Cd                 : Factor w/ 1 level "1-6-12": 1 1 1 1 1 1 1 1 1 1 ...
 $ RaceHorse.RaceId                 : Factor w/ 4 levels "20220205-05-01-03-06",..: 1 1 1 1 1 1 1 1 1 1 ...
 $ RaceHorse.KettoNum               : Factor w/ 64 levels "2019102071","2019102333",..: 1 2 3 4 5 6 7 8 9 10 ...
 $ RaceHorse.IsHit1                 : int  0 0 0 0 0 0 0 0 1 0 ...
 $ RaceHorse.IsHit2                 : int  0 0 0 0 0 0 1 0 0 0 ...
 $ RaceHorse.IsHit3                 : int  0 0 0 0 0 0 0 0 0 1 ...
 $ RaceHorse.IsHit4                 : int  0 0 0 0 0 1 0 0 0 0 ...
 $ RaceHorse.IsHit5                 : int  0 0 0 0 0 0 0 0 0 0 ...
 $ RaceHorse.IsHit6                 : int  1 1 1 1 1 0 0 1 0 0 ...
 $ RaceHorse.IsValidRaceHorse       : logi  TRUE TRUE TRUE TRUE TRUE TRUE ...
 $ RaceHorse.IsHitA                 : int  0 0 0 0 0 0 0 0 1 0 ...
 $ RaceHorse.IsHitB                 : int  0 0 0 0 0 0 1 0 1 0 ...
 $ RaceHorse.IsHitC                 : int  0 0 0 0 0 0 1 0 1 1 ...
 $ Gen01.HansyokuNum                : Factor w/ 40 levels "11201853","11202159",..: 1 2 3 4 5 6 7 8 9 8 ...
 $ Gen01.TimeDvByRaceAvg            : num  50.8 50 52 48.8 54.6 ...
 $ Gen01.TimeDvByRaceMax            : num  71 69.3 72.2 65.2 70 ...
 $ Gen01.RunCount                   : int  358 466 268 85 297 630 53 533 51 533 ...
 $ Gen01.HitCount1                  : int  29 30 24 3 39 61 4 71 9 71 ...
 $ Gen01.HitCount2                  : int  29 29 30 5 30 59 8 63 3 63 ...
 $ Gen01.HitCount3                  : int  22 39 24 4 36 60 7 41 4 41 ...
 $ Gen01.HitCount4                  : int  36 40 23 2 29 58 3 41 4 41 ...
 $ Gen01.HitCount5                  : int  24 34 28 8 26 63 5 40 7 40 ...
 $ Gen01.HitRate1                   : num  0.081 0.0644 0.0896 0.0353 0.1313 ...
 $ Gen01.HitRate2                   : num  0.081 0.0622 0.1119 0.0588 0.101 ...
 $ Gen01.HitRate3                   : num  0.0615 0.0837 0.0896 0.0471 0.1212 ...
 $ Gen01.HitRate4                   : num  0.1006 0.0858 0.0858 0.0235 0.0976 ...
 $ Gen01.HitRate5                   : num  0.067 0.073 0.1045 0.0941 0.0875 ...
 $ EOF                              : int  1 1 1 1 1 1 1 1 1 1 ...
[1] "2022-02-07 06:24:30 --- Predict InputDataSet Finish ---"
[1] "2022-02-07 06:24:30 --- rxPredict (glm) Start ---"
[1] "analyzeFunc=glm"
Rows Read: 64, Total Rows Processed: 64, Total Chunk Time: Less than .001 seconds 
[1] "nrow(PredictDataSet) afte predict=64"
[1] "str(PredictDataSet)"
'data.frame':	64 obs. of  1 variable:
 $ RaceHorse.IsHitA_Pred: num  0.062 0.0538 0.0767 0.043 0.12 ...
NULL
[1] "head(PredictDataSet) afte predict="
  RaceHorse.IsHitA_Pred
1            0.06197675
2            0.05381248
3            0.07670772
4            0.04301052
5            0.12000962
6            0.08143934
[1] "2022-02-07 06:24:30 --- rxPredict (glm) Finish ---"
[1] "2022-02-07 06:24:30 --- add key Start ---"
[1] "nrow(OutputDataSet) add KeyColmn=64"
[1] "str(OutputDataSet) after add Key"
'data.frame':	64 obs. of  2 variables:
 $ RaceHorse.RaceId  : Factor w/ 4 levels "20220205-05-01-03-06",..: 1 1 1 1 1 1 1 1 1 1 ...
 $ RaceHorse.KettoNum: Factor w/ 64 levels "2019102071","2019102333",..: 1 2 3 4 5 6 7 8 9 10 ...
NULL
[1] "2022-02-07 06:24:30 --- add key Finish ---"
[1] "2022-02-07 06:24:30 --- add PredictValue Start ---"
[1] "str(PredictDataSet) before rename="
[1] "colnames(PredictDataSet)=RaceHorse.IsHitA_Pred"
[1] "str(PredictDataSet) after rename="
'data.frame':	64 obs. of  1 variable:
 $ PredictValue: num  0.062 0.0538 0.0767 0.043 0.12 ...
NULL
[1] "str(OutputDataSet) before cbind="
'data.frame':	64 obs. of  2 variables:
 $ RaceHorse.RaceId  : Factor w/ 4 levels "20220205-05-01-03-06",..: 1 1 1 1 1 1 1 1 1 1 ...
 $ RaceHorse.KettoNum: Factor w/ 64 levels "2019102071","2019102333",..: 1 2 3 4 5 6 7 8 9 10 ...
NULL
[1] "str(OutputDataSet) after cbind="
'data.frame':	64 obs. of  3 variables:
 $ RaceHorse.RaceId  : Factor w/ 4 levels "20220205-05-01-03-06",..: 1 1 1 1 1 1 1 1 1 1 ...
 $ RaceHorse.KettoNum: Factor w/ 64 levels "2019102071","2019102333",..: 1 2 3 4 5 6 7 8 9 10 ...
 $ PredictValue      : num  0.062 0.0538 0.0767 0.043 0.12 ...
NULL
[1] "2022-02-07 06:24:30 --- add PredictValue Finish ---"
[1] "2022-02-07 06:24:30 --- final Start ---"
[1] "nrow(OutputDataSet) final=64"
[1] "head(OutputDataSet)="
      RaceHorse.RaceId RaceHorse.KettoNum PredictValue
1 20220205-05-01-03-06         2019102071   0.06197675
2 20220205-05-01-03-06         2019102333   0.05381248
3 20220205-05-01-03-06         2019102500   0.07670772
4 20220205-05-01-03-06         2019102944   0.04301052
5 20220205-05-01-03-06         2019104669   0.12000962
6 20220205-05-01-03-06         2019104843   0.08143934
[1] "str(OutputDataSet)="
'data.frame':	64 obs. of  3 variables:
 $ RaceHorse.RaceId  : Factor w/ 4 levels "20220205-05-01-03-06",..: 1 1 1 1 1 1 1 1 1 1 ...
 $ RaceHorse.KettoNum: Factor w/ 64 levels "2019102071","2019102333",..: 1 2 3 4 5 6 7 8 9 10 ...
 $ PredictValue      : num  0.062 0.0538 0.0767 0.043 0.12 ...
NULL
[1] "2022-02-07 06:24:30 --- final Finish ---"
[1] "2022-02-07 06:24:30 --- predict.R Finished ---"
[1] "2022-02-07 06:24:30 --- log Finish ---"
