[1] "2022-02-07 06:24:02 --- D1113_Predict_glm_Odds_IsHitA_Type23 Start ---"
[1] "2022-02-07 06:24:02 --- Log Start ---"
[1] "2022-02-07 06:24:02 --- predict.R Start ---"
[1] "analyzeVersion=D1113"
[1] "analyzeCategory=Predict"
[1] "analyzeType=Odds"
[1] "analyzeFamily=IsHitA"
[1] "analyzeFunc=glm"
[1] "analyzeTrackTypeCd=2"
[1] "analyzeJyokenCd=3"
[1] "2022-02-07 06:24:02 --- source_function.R Start ---"
[1] "2022-02-07 06:24:02 --- source_function.R Finished ---"

> print(paste0(Sys.time(), " --- source_library.R Start ---"))
[1] "2022-02-07 06:24:02 --- source_library.R Start ---"

> require("RevoScaleR")

> print(paste0(Sys.time(), " --- source_library.R Finished ---"))
[1] "2022-02-07 06:24:02 --- source_library.R Finished ---"
[1] "2022-02-07 06:24:02 --- Load Start ---"
[1] "loadFilename=RData_Analyze_glm_Odds_Type23.RData"
[1] "2022-02-07 06:24:03 --- Load Finished ---"
[1] "2022-02-07 06:24:03 --- RxSqlServerData Start ---"
[1] "sqlQuery=SELECT * FROM ViewAnalyzeD1113analyze01OddsType23 WHERE [Race.IsPredictedRace] = 1"
Rows Read: 75, Total Rows Processed: 75, Total Chunk Time: 0.009 seconds 
[1] "head(InputDataSet)="
           Race.RaceId Race.IsPredictedRace Race.IsAnalyzeNormalPastAndFuture
1 20220205-05-01-03-12                 TRUE                              TRUE
2 20220205-05-01-03-12                 TRUE                              TRUE
3 20220205-05-01-03-12                 TRUE                              TRUE
4 20220205-05-01-03-12                 TRUE                              TRUE
5 20220205-05-01-03-12                 TRUE                              TRUE
6 20220205-05-01-03-12                 TRUE                              TRUE
  Race.IsAnalyzeNormalPast Race.IsAnalyzeNormalFuture
1                    FALSE                       TRUE
2                    FALSE                       TRUE
3                    FALSE                       TRUE
4                    FALSE                       TRUE
5                    FALSE                       TRUE
6                    FALSE                       TRUE
  Race.IsAnalyzeFullPastAndFuture Race.IsAnalyzeFullPast
1                            TRUE                  FALSE
2                            TRUE                  FALSE
3                            TRUE                  FALSE
4                            TRUE                  FALSE
5                            TRUE                  FALSE
6                            TRUE                  FALSE
  Race.IsAnalyzeFullFuture Race.JyokenCd Race.JyoType1Cd   Race.RaceType0Cd
1                     TRUE             3     2-05-1600-1 2-05-1600-1-3-X-14
2                     TRUE             3     2-05-1600-1 2-05-1600-1-3-X-14
3                     TRUE             3     2-05-1600-1 2-05-1600-1-3-X-14
4                     TRUE             3     2-05-1600-1 2-05-1600-1-3-X-14
5                     TRUE             3     2-05-1600-1 2-05-1600-1-3-X-14
6                     TRUE             3     2-05-1600-1 2-05-1600-1-3-X-14
  Race.RaceType1Cd Race.RaceType2Cd Race.RaceType3Cd Race.RaceType4Cd
1            2-3-X            2-3-X           3-X-14           2-3-14
2            2-3-X            2-3-X           3-X-14           2-3-14
3            2-3-X            2-3-X           3-X-14           2-3-14
4            2-3-X            2-3-X           3-X-14           2-3-14
5            2-3-X            2-3-X           3-X-14           2-3-14
6            2-3-X            2-3-X           3-X-14           2-3-14
      RaceHorse.RaceId RaceHorse.KettoNum RaceHorse.IsHit1 RaceHorse.IsHit2
1 20220205-05-01-03-12         2018102345                0                0
2 20220205-05-01-03-12         2014105439                0                0
3 20220205-05-01-03-12         2018104919                0                0
4 20220205-05-01-03-12         2018104462                1                0
5 20220205-05-01-03-12         2017104317                0                0
6 20220205-05-01-03-12         2015105450                0                0
  RaceHorse.IsHit3 RaceHorse.IsHit4 RaceHorse.IsHit5 RaceHorse.IsHit6
1                0                0                0                1
2                0                1                0                0
3                0                0                0                1
4                0                0                0                0
5                0                0                1                0
6                0                0                0                1
  RaceHorse.IsValidRaceHorse RaceHorse.IsHitA RaceHorse.IsHitB RaceHorse.IsHitC
1                       TRUE                0                0                0
2                       TRUE                0                0                0
3                       TRUE                0                0                0
4                       TRUE                1                1                1
5                       TRUE                0                0                0
6                       TRUE                0                0                0
  OddsByWin.Odds1 OddsByWin.Ninki OddsByWin.OddsLog1 OddsByWin.OddsRatio1
1            63.4              12           4.165114          0.016025641
2            29.9               8           3.430756          0.034602076
3             6.1               4           1.960095          0.196078431
4             5.4               3           1.856298          0.227272727
5           144.0              13           4.976734          0.006993007
6           405.5              16           6.007584          0.002472188
  OddsByWin.OddsLogit1 OddsByWin.ApprovalRate1 OddsByWin.ApprovalRateLog1 EOF
1            -4.149464             0.015772871                0.015649772   1
2            -3.397858             0.033444816                0.032897704   1
3            -1.808289             0.163934426                0.151806013   1
4            -1.686399             0.185185185                0.169899037   1
5            -4.969813             0.006944444                0.006920443   1
6            -6.005121             0.002466091                0.002463055   1
[1] "object.size(InputDataSet) auto=29 Kb"
[1] "nrow(InputDataSet) RxSqlServerData=75"
[1] "str(InputDataSet)="
'data.frame':	75 obs. of  35 variables:
 $ Race.RaceId                      : Factor w/ 5 levels "20220205-05-01-03-12",..: 1 1 1 1 1 1 1 1 1 1 ...
 $ Race.IsPredictedRace             : logi  TRUE TRUE TRUE TRUE TRUE TRUE ...
 $ Race.IsAnalyzeNormalPastAndFuture: logi  TRUE TRUE TRUE TRUE TRUE TRUE ...
 $ Race.IsAnalyzeNormalPast         : logi  FALSE FALSE FALSE FALSE FALSE FALSE ...
 $ Race.IsAnalyzeNormalFuture       : logi  TRUE TRUE TRUE TRUE TRUE TRUE ...
 $ Race.IsAnalyzeFullPastAndFuture  : logi  TRUE TRUE TRUE TRUE TRUE TRUE ...
 $ Race.IsAnalyzeFullPast           : logi  FALSE FALSE FALSE FALSE FALSE FALSE ...
 $ Race.IsAnalyzeFullFuture         : logi  TRUE TRUE TRUE TRUE TRUE TRUE ...
 $ Race.JyokenCd                    : Factor w/ 1 level "3": 1 1 1 1 1 1 1 1 1 1 ...
 $ Race.JyoType1Cd                  : Factor w/ 5 levels "2-05-1600-1",..: 1 1 1 1 1 1 1 1 1 1 ...
 $ Race.RaceType0Cd                 : Factor w/ 5 levels "2-05-1600-1-3-X-14",..: 1 1 1 1 1 1 1 1 1 1 ...
 $ Race.RaceType1Cd                 : Factor w/ 2 levels "2-3-X","2-3-E": 1 1 1 1 1 1 1 1 1 1 ...
 $ Race.RaceType2Cd                 : Factor w/ 2 levels "2-3-X","2-3-E": 1 1 1 1 1 1 1 1 1 1 ...
 $ Race.RaceType3Cd                 : Factor w/ 2 levels "3-X-14","3-E-14": 1 1 1 1 1 1 1 1 1 1 ...
 $ Race.RaceType4Cd                 : Factor w/ 1 level "2-3-14": 1 1 1 1 1 1 1 1 1 1 ...
 $ RaceHorse.RaceId                 : Factor w/ 5 levels "20220205-05-01-03-12",..: 1 1 1 1 1 1 1 1 1 1 ...
 $ RaceHorse.KettoNum               : Factor w/ 75 levels "2018102345","2014105439",..: 1 2 3 4 5 6 7 8 9 10 ...
 $ RaceHorse.IsHit1                 : int  0 0 0 1 0 0 0 0 0 0 ...
 $ RaceHorse.IsHit2                 : int  0 0 0 0 0 0 0 0 0 0 ...
 $ RaceHorse.IsHit3                 : int  0 0 0 0 0 0 0 0 0 0 ...
 $ RaceHorse.IsHit4                 : int  0 1 0 0 0 0 0 0 0 0 ...
 $ RaceHorse.IsHit5                 : int  0 0 0 0 1 0 0 0 0 0 ...
 $ RaceHorse.IsHit6                 : int  1 0 1 0 0 1 1 1 1 1 ...
 $ RaceHorse.IsValidRaceHorse       : logi  TRUE TRUE TRUE TRUE TRUE TRUE ...
 $ RaceHorse.IsHitA                 : int  0 0 0 1 0 0 0 0 0 0 ...
 $ RaceHorse.IsHitB                 : int  0 0 0 1 0 0 0 0 0 0 ...
 $ RaceHorse.IsHitC                 : int  0 0 0 1 0 0 0 0 0 0 ...
 $ OddsByWin.Odds1                  : num  63.4 29.9 6.1 5.4 144 ...
 $ OddsByWin.Ninki                  : num  12 8 4 3 13 16 15 10 2 7 ...
 $ OddsByWin.OddsLog1               : num  4.17 3.43 1.96 1.86 4.98 ...
 $ OddsByWin.OddsRatio1             : num  0.01603 0.0346 0.19608 0.22727 0.00699 ...
 $ OddsByWin.OddsLogit1             : num  -4.15 -3.4 -1.81 -1.69 -4.97 ...
 $ OddsByWin.ApprovalRate1          : num  0.01577 0.03344 0.16393 0.18519 0.00694 ...
 $ OddsByWin.ApprovalRateLog1       : num  0.01565 0.0329 0.15181 0.1699 0.00692 ...
 $ EOF                              : int  1 1 1 1 1 1 1 1 1 1 ...
[1] "2022-02-07 06:24:03 --- RxSqlServerData Finish ---"
[1] "2022-02-07 06:24:03 --- subset Start ---"
[1] "nrow(InputDataSet) subset before=75"
[1] "nrow(InputDataSet) subset after=75"
[1] "nrow(InputDataSet) subset diff=0"
[1] "class(InputDataSet$Race.IsAnalyzeNormalPast)=logical"
[1] "class(InputDataSet$Race.analyzeTrackTypeCd)=NULL"
[1] "2022-02-07 06:24:03 --- subset Finish ---"
[1] "2022-02-07 06:24:03 --- transform Start ---"
[1] "nrow(InputDataSet) transaform before=75"
[1] "nrow(InputDataSet) transaform after=75"
[1] "nrow(InputDataSet) transaform diff=0"
[1] "str(InputDataSet)="
'data.frame':	75 obs. of  35 variables:
 $ Race.RaceId                      : Factor w/ 5 levels "20220205-05-01-03-12",..: 1 1 1 1 1 1 1 1 1 1 ...
 $ Race.IsPredictedRace             : logi  TRUE TRUE TRUE TRUE TRUE TRUE ...
 $ Race.IsAnalyzeNormalPastAndFuture: logi  TRUE TRUE TRUE TRUE TRUE TRUE ...
 $ Race.IsAnalyzeNormalPast         : logi  FALSE FALSE FALSE FALSE FALSE FALSE ...
 $ Race.IsAnalyzeNormalFuture       : logi  TRUE TRUE TRUE TRUE TRUE TRUE ...
 $ Race.IsAnalyzeFullPastAndFuture  : logi  TRUE TRUE TRUE TRUE TRUE TRUE ...
 $ Race.IsAnalyzeFullPast           : logi  FALSE FALSE FALSE FALSE FALSE FALSE ...
 $ Race.IsAnalyzeFullFuture         : logi  TRUE TRUE TRUE TRUE TRUE TRUE ...
 $ Race.JyokenCd                    : Factor w/ 1 level "3": 1 1 1 1 1 1 1 1 1 1 ...
 $ Race.JyoType1Cd                  : Factor w/ 5 levels "2-05-1600-1",..: 1 1 1 1 1 1 1 1 1 1 ...
 $ Race.RaceType0Cd                 : Factor w/ 5 levels "2-05-1600-1-3-X-14",..: 1 1 1 1 1 1 1 1 1 1 ...
 $ Race.RaceType1Cd                 : Factor w/ 2 levels "2-3-X","2-3-E": 1 1 1 1 1 1 1 1 1 1 ...
 $ Race.RaceType2Cd                 : Factor w/ 2 levels "2-3-X","2-3-E": 1 1 1 1 1 1 1 1 1 1 ...
 $ Race.RaceType3Cd                 : Factor w/ 2 levels "3-X-14","3-E-14": 1 1 1 1 1 1 1 1 1 1 ...
 $ Race.RaceType4Cd                 : Factor w/ 1 level "2-3-14": 1 1 1 1 1 1 1 1 1 1 ...
 $ RaceHorse.RaceId                 : Factor w/ 5 levels "20220205-05-01-03-12",..: 1 1 1 1 1 1 1 1 1 1 ...
 $ RaceHorse.KettoNum               : Factor w/ 75 levels "2018102345","2014105439",..: 1 2 3 4 5 6 7 8 9 10 ...
 $ RaceHorse.IsHit1                 : int  0 0 0 1 0 0 0 0 0 0 ...
 $ RaceHorse.IsHit2                 : int  0 0 0 0 0 0 0 0 0 0 ...
 $ RaceHorse.IsHit3                 : int  0 0 0 0 0 0 0 0 0 0 ...
 $ RaceHorse.IsHit4                 : int  0 1 0 0 0 0 0 0 0 0 ...
 $ RaceHorse.IsHit5                 : int  0 0 0 0 1 0 0 0 0 0 ...
 $ RaceHorse.IsHit6                 : int  1 0 1 0 0 1 1 1 1 1 ...
 $ RaceHorse.IsValidRaceHorse       : logi  TRUE TRUE TRUE TRUE TRUE TRUE ...
 $ RaceHorse.IsHitA                 : int  0 0 0 1 0 0 0 0 0 0 ...
 $ RaceHorse.IsHitB                 : int  0 0 0 1 0 0 0 0 0 0 ...
 $ RaceHorse.IsHitC                 : int  0 0 0 1 0 0 0 0 0 0 ...
 $ OddsByWin.Odds1                  : num  63.4 29.9 6.1 5.4 144 ...
 $ OddsByWin.Ninki                  : num  12 8 4 3 13 16 15 10 2 7 ...
 $ OddsByWin.OddsLog1               : num  4.17 3.43 1.96 1.86 4.98 ...
 $ OddsByWin.OddsRatio1             : num  0.01603 0.0346 0.19608 0.22727 0.00699 ...
 $ OddsByWin.OddsLogit1             : num  -4.15 -3.4 -1.81 -1.69 -4.97 ...
 $ OddsByWin.ApprovalRate1          : num  0.01577 0.03344 0.16393 0.18519 0.00694 ...
 $ OddsByWin.ApprovalRateLog1       : num  0.01565 0.0329 0.15181 0.1699 0.00692 ...
 $ EOF                              : int  1 1 1 1 1 1 1 1 1 1 ...
NULL
[1] "2022-02-07 06:24:04 --- transform Finish ---"
[1] "2022-02-07 06:24:04 --- na.omit Start ---"
[1] "nrow(InputDataSet) na.omit before=75"
[1] "nrow(InputDataSet) na.omit after=75"
[1] "nrow(InputDataSet) na.omit diff=0"
[1] "2022-02-07 06:24:04 --- na.omit Finish---"
[1] "2022-02-07 06:24:04 --- New Levels Start ---"
[1] "levels(data$Race.RaceType1Cd)=2-3-X" "levels(data$Race.RaceType1Cd)=2-3-E"
[1] "levels(InputDataSet$Race.RaceType1Cd)=2-3-X"
[2] "levels(InputDataSet$Race.RaceType1Cd)=2-3-E"
[1] "length(Race.RaceType1Cd.Index)=0"
[1] "2022-02-07 06:24:04 --- New Levels Finish ---"
[1] "2022-02-07 06:24:04 --- na.omit Start ---"
[1] "nrow(InputDataSet) na.omit levels before=75"
[1] "nrow(InputDataSet) na.omit levels after=75"
[1] "nrow(InputDataSet) na.omit levels diff=0"
[1] "2022-02-07 06:24:04 --- na.omit Finish ---"
[1] "2022-02-07 06:24:04 --- Predict InputDataSet Start ---"
[1] "nrow(InputDataSet) predict=75"
[1] "str(InputDataSet)="
'data.frame':	75 obs. of  35 variables:
 $ Race.RaceId                      : Factor w/ 5 levels "20220205-05-01-03-12",..: 1 1 1 1 1 1 1 1 1 1 ...
 $ Race.IsPredictedRace             : logi  TRUE TRUE TRUE TRUE TRUE TRUE ...
 $ Race.IsAnalyzeNormalPastAndFuture: logi  TRUE TRUE TRUE TRUE TRUE TRUE ...
 $ Race.IsAnalyzeNormalPast         : logi  FALSE FALSE FALSE FALSE FALSE FALSE ...
 $ Race.IsAnalyzeNormalFuture       : logi  TRUE TRUE TRUE TRUE TRUE TRUE ...
 $ Race.IsAnalyzeFullPastAndFuture  : logi  TRUE TRUE TRUE TRUE TRUE TRUE ...
 $ Race.IsAnalyzeFullPast           : logi  FALSE FALSE FALSE FALSE FALSE FALSE ...
 $ Race.IsAnalyzeFullFuture         : logi  TRUE TRUE TRUE TRUE TRUE TRUE ...
 $ Race.JyokenCd                    : Factor w/ 1 level "3": 1 1 1 1 1 1 1 1 1 1 ...
 $ Race.JyoType1Cd                  : Factor w/ 5 levels "2-05-1600-1",..: 1 1 1 1 1 1 1 1 1 1 ...
 $ Race.RaceType0Cd                 : Factor w/ 5 levels "2-05-1600-1-3-X-14",..: 1 1 1 1 1 1 1 1 1 1 ...
 $ Race.RaceType1Cd                 : Factor w/ 2 levels "2-3-X","2-3-E": 1 1 1 1 1 1 1 1 1 1 ...
 $ Race.RaceType2Cd                 : Factor w/ 2 levels "2-3-X","2-3-E": 1 1 1 1 1 1 1 1 1 1 ...
 $ Race.RaceType3Cd                 : Factor w/ 2 levels "3-X-14","3-E-14": 1 1 1 1 1 1 1 1 1 1 ...
 $ Race.RaceType4Cd                 : Factor w/ 1 level "2-3-14": 1 1 1 1 1 1 1 1 1 1 ...
 $ RaceHorse.RaceId                 : Factor w/ 5 levels "20220205-05-01-03-12",..: 1 1 1 1 1 1 1 1 1 1 ...
 $ RaceHorse.KettoNum               : Factor w/ 75 levels "2018102345","2014105439",..: 1 2 3 4 5 6 7 8 9 10 ...
 $ RaceHorse.IsHit1                 : int  0 0 0 1 0 0 0 0 0 0 ...
 $ RaceHorse.IsHit2                 : int  0 0 0 0 0 0 0 0 0 0 ...
 $ RaceHorse.IsHit3                 : int  0 0 0 0 0 0 0 0 0 0 ...
 $ RaceHorse.IsHit4                 : int  0 1 0 0 0 0 0 0 0 0 ...
 $ RaceHorse.IsHit5                 : int  0 0 0 0 1 0 0 0 0 0 ...
 $ RaceHorse.IsHit6                 : int  1 0 1 0 0 1 1 1 1 1 ...
 $ RaceHorse.IsValidRaceHorse       : logi  TRUE TRUE TRUE TRUE TRUE TRUE ...
 $ RaceHorse.IsHitA                 : int  0 0 0 1 0 0 0 0 0 0 ...
 $ RaceHorse.IsHitB                 : int  0 0 0 1 0 0 0 0 0 0 ...
 $ RaceHorse.IsHitC                 : int  0 0 0 1 0 0 0 0 0 0 ...
 $ OddsByWin.Odds1                  : num  63.4 29.9 6.1 5.4 144 ...
 $ OddsByWin.Ninki                  : num  12 8 4 3 13 16 15 10 2 7 ...
 $ OddsByWin.OddsLog1               : num  4.17 3.43 1.96 1.86 4.98 ...
 $ OddsByWin.OddsRatio1             : num  0.01603 0.0346 0.19608 0.22727 0.00699 ...
 $ OddsByWin.OddsLogit1             : num  -4.15 -3.4 -1.81 -1.69 -4.97 ...
 $ OddsByWin.ApprovalRate1          : num  0.01577 0.03344 0.16393 0.18519 0.00694 ...
 $ OddsByWin.ApprovalRateLog1       : num  0.01565 0.0329 0.15181 0.1699 0.00692 ...
 $ EOF                              : int  1 1 1 1 1 1 1 1 1 1 ...
[1] "2022-02-07 06:24:04 --- Predict InputDataSet Finish ---"
[1] "2022-02-07 06:24:04 --- rxPredict (glm) Start ---"
[1] "analyzeFunc=glm"
Rows Read: 75, Total Rows Processed: 75, Total Chunk Time: 0.001 seconds 
[1] "nrow(PredictDataSet) afte predict=75"
[1] "str(PredictDataSet)"
'data.frame':	75 obs. of  1 variable:
 $ RaceHorse.IsHitA_Pred: num  0.0106 0.02493 0.13874 0.15648 0.00413 ...
NULL
[1] "head(PredictDataSet) afte predict="
  RaceHorse.IsHitA_Pred
1           0.010596105
2           0.024932427
3           0.138741080
4           0.156480669
5           0.004125257
6           0.001247621
[1] "2022-02-07 06:24:04 --- rxPredict (glm) Finish ---"
[1] "2022-02-07 06:24:04 --- add key Start ---"
[1] "nrow(OutputDataSet) add KeyColmn=75"
[1] "str(OutputDataSet) after add Key"
'data.frame':	75 obs. of  2 variables:
 $ RaceHorse.RaceId  : Factor w/ 5 levels "20220205-05-01-03-12",..: 1 1 1 1 1 1 1 1 1 1 ...
 $ RaceHorse.KettoNum: Factor w/ 75 levels "2018102345","2014105439",..: 1 2 3 4 5 6 7 8 9 10 ...
NULL
[1] "2022-02-07 06:24:04 --- add key Finish ---"
[1] "2022-02-07 06:24:04 --- add PredictValue Start ---"
[1] "str(PredictDataSet) before rename="
[1] "colnames(PredictDataSet)=RaceHorse.IsHitA_Pred"
[1] "str(PredictDataSet) after rename="
'data.frame':	75 obs. of  1 variable:
 $ PredictValue: num  0.0106 0.02493 0.13874 0.15648 0.00413 ...
NULL
[1] "str(OutputDataSet) before cbind="
'data.frame':	75 obs. of  2 variables:
 $ RaceHorse.RaceId  : Factor w/ 5 levels "20220205-05-01-03-12",..: 1 1 1 1 1 1 1 1 1 1 ...
 $ RaceHorse.KettoNum: Factor w/ 75 levels "2018102345","2014105439",..: 1 2 3 4 5 6 7 8 9 10 ...
NULL
[1] "str(OutputDataSet) after cbind="
'data.frame':	75 obs. of  3 variables:
 $ RaceHorse.RaceId  : Factor w/ 5 levels "20220205-05-01-03-12",..: 1 1 1 1 1 1 1 1 1 1 ...
 $ RaceHorse.KettoNum: Factor w/ 75 levels "2018102345","2014105439",..: 1 2 3 4 5 6 7 8 9 10 ...
 $ PredictValue      : num  0.0106 0.02493 0.13874 0.15648 0.00413 ...
NULL
[1] "2022-02-07 06:24:04 --- add PredictValue Finish ---"
[1] "2022-02-07 06:24:04 --- final Start ---"
[1] "nrow(OutputDataSet) final=75"
[1] "head(OutputDataSet)="
      RaceHorse.RaceId RaceHorse.KettoNum PredictValue
1 20220205-05-01-03-12         2018102345  0.010596105
2 20220205-05-01-03-12         2014105439  0.024932427
3 20220205-05-01-03-12         2018104919  0.138741080
4 20220205-05-01-03-12         2018104462  0.156480669
5 20220205-05-01-03-12         2017104317  0.004125257
6 20220205-05-01-03-12         2015105450  0.001247621
[1] "str(OutputDataSet)="
'data.frame':	75 obs. of  3 variables:
 $ RaceHorse.RaceId  : Factor w/ 5 levels "20220205-05-01-03-12",..: 1 1 1 1 1 1 1 1 1 1 ...
 $ RaceHorse.KettoNum: Factor w/ 75 levels "2018102345","2014105439",..: 1 2 3 4 5 6 7 8 9 10 ...
 $ PredictValue      : num  0.0106 0.02493 0.13874 0.15648 0.00413 ...
NULL
[1] "2022-02-07 06:24:04 --- final Finish ---"
[1] "2022-02-07 06:24:04 --- predict.R Finished ---"
[1] "2022-02-07 06:24:04 --- log Finish ---"
