[1] "2022-02-07 06:24:03 --- D1113_Predict_glm_Jockey_IsHitA_Type15 Start ---"
[1] "2022-02-07 06:24:03 --- Log Start ---"
[1] "2022-02-07 06:24:03 --- predict.R Start ---"
[1] "analyzeVersion=D1113"
[1] "analyzeCategory=Predict"
[1] "analyzeType=Jockey"
[1] "analyzeFamily=IsHitA"
[1] "analyzeFunc=glm"
[1] "analyzeTrackTypeCd=1"
[1] "analyzeJyokenCd=5"
[1] "2022-02-07 06:24:03 --- source_function.R Start ---"
[1] "2022-02-07 06:24:03 --- source_function.R Finished ---"

> print(paste0(Sys.time(), " --- source_library.R Start ---"))
[1] "2022-02-07 06:24:03 --- source_library.R Start ---"

> require("RevoScaleR")

> print(paste0(Sys.time(), " --- source_library.R Finished ---"))
[1] "2022-02-07 06:24:03 --- source_library.R Finished ---"
[1] "2022-02-07 06:24:03 --- Load Start ---"
[1] "loadFilename=RData_Analyze_glm_Jockey_Type15.RData"
[1] "2022-02-07 06:24:04 --- Load Finished ---"
[1] "2022-02-07 06:24:04 --- RxSqlServerData Start ---"
[1] "sqlQuery=SELECT * FROM ViewAnalyzeD1113analyze01JockeyType15 WHERE [Race.IsPredictedRace] = 1"
Rows Read: 136, Total Rows Processed: 136, Total Chunk Time: 2.877 seconds 
[1] "head(InputDataSet)="
           Race.RaceId Race.IsPredictedRace Race.IsAnalyzeNormalPastAndFuture
1 20220205-05-01-03-05                 TRUE                              TRUE
2 20220205-05-01-03-05                 TRUE                              TRUE
3 20220205-05-01-03-05                 TRUE                              TRUE
4 20220205-05-01-03-05                 TRUE                              TRUE
5 20220205-05-01-03-05                 TRUE                              TRUE
6 20220205-05-01-03-05                 TRUE                              TRUE
  Race.IsAnalyzeNormalPast Race.IsAnalyzeNormalFuture
1                    FALSE                       TRUE
2                    FALSE                       TRUE
3                    FALSE                       TRUE
4                    FALSE                       TRUE
5                    FALSE                       TRUE
6                    FALSE                       TRUE
  Race.IsAnalyzeFullPastAndFuture Race.IsAnalyzeFullPast
1                            TRUE                  FALSE
2                            TRUE                  FALSE
3                            TRUE                  FALSE
4                            TRUE                  FALSE
5                            TRUE                  FALSE
6                            TRUE                  FALSE
  Race.IsAnalyzeFullFuture Race.JyokenCd Race.JyoType1Cd   Race.RaceType0Cd
1                     TRUE             5     1-05-2400-1 1-05-2400-1-5-X-12
2                     TRUE             5     1-05-2400-1 1-05-2400-1-5-X-12
3                     TRUE             5     1-05-2400-1 1-05-2400-1-5-X-12
4                     TRUE             5     1-05-2400-1 1-05-2400-1-5-X-12
5                     TRUE             5     1-05-2400-1 1-05-2400-1-5-X-12
6                     TRUE             5     1-05-2400-1 1-05-2400-1-5-X-12
  Race.RaceType1Cd Race.RaceType2Cd Race.RaceType3Cd Race.RaceType4Cd
1            1-5-X            1-5-X           5-X-12           1-5-12
2            1-5-X            1-5-X           5-X-12           1-5-12
3            1-5-X            1-5-X           5-X-12           1-5-12
4            1-5-X            1-5-X           5-X-12           1-5-12
5            1-5-X            1-5-X           5-X-12           1-5-12
6            1-5-X            1-5-X           5-X-12           1-5-12
      RaceHorse.RaceId RaceHorse.KettoNum RaceHorse.IsHit1 RaceHorse.IsHit2
1 20220205-05-01-03-05         2019100218                0                0
2 20220205-05-01-03-05         2019100235                0                0
3 20220205-05-01-03-05         2019100462                0                0
4 20220205-05-01-03-05         2019100788                0                1
5 20220205-05-01-03-05         2019101138                0                0
6 20220205-05-01-03-05         2019102703                0                0
  RaceHorse.IsHit3 RaceHorse.IsHit4 RaceHorse.IsHit5 RaceHorse.IsHit6
1                0                0                0                1
2                0                0                1                0
3                0                0                0                1
4                0                0                0                0
5                0                0                0                1
6                0                0                0                1
  RaceHorse.IsValidRaceHorse RaceHorse.IsHitA RaceHorse.IsHitB RaceHorse.IsHitC
1                       TRUE                0                0                0
2                       TRUE                0                0                0
3                       TRUE                0                0                0
4                       TRUE                0                1                1
5                       TRUE                0                0                0
6                       TRUE                0                0                0
  Jockey.KisyuCode Jockey.TimeDvByRaceAvg Jockey.TimeDvByRaceMax
1            01158               48.36617               70.45559
2            05212               56.25870               79.98801
3            01192               45.08241               64.06352
4            05386               55.62374               69.80654
5            01153               47.20151               69.71637
6            01188               49.48268               67.06775
  Jockey.RunCount Jockey.HitCount1 Jockey.HitCount2 Jockey.HitCount3
1             405               13               22               23
2             406               89               56               54
3              42                2                0                1
4             499               78               74               60
5             242                5                4                7
6             122                3                2                8
  Jockey.HitCount4 Jockey.HitCount5 Jockey.HitRate1 Jockey.HitRate2
1               27               19      0.03209877      0.05432099
2               33               29      0.21921182      0.13793103
3                0                2      0.04761905      0.00000000
4               38               46      0.15631263      0.14829659
5               10               13      0.02066116      0.01652893
6                7                7      0.02459016      0.01639344
  Jockey.HitRate3 Jockey.HitRate4 Jockey.HitRate5 EOF
1      0.05679012      0.06666667      0.04691358   1
2      0.13300493      0.08128079      0.07142857   1
3      0.02380952      0.00000000      0.04761905   1
4      0.12024048      0.07615230      0.09218437   1
5      0.02892562      0.04132231      0.05371901   1
6      0.06557377      0.05737705      0.05737705   1
[1] "object.size(InputDataSet) auto=53.5 Kb"
[1] "nrow(InputDataSet) RxSqlServerData=136"
[1] "str(InputDataSet)="
'data.frame':	136 obs. of  42 variables:
 $ Race.RaceId                      : Factor w/ 9 levels "20220205-05-01-03-05",..: 1 1 1 1 1 1 1 1 1 1 ...
 $ Race.IsPredictedRace             : logi  TRUE TRUE TRUE TRUE TRUE TRUE ...
 $ Race.IsAnalyzeNormalPastAndFuture: logi  TRUE TRUE TRUE TRUE TRUE TRUE ...
 $ Race.IsAnalyzeNormalPast         : logi  FALSE FALSE FALSE FALSE FALSE FALSE ...
 $ Race.IsAnalyzeNormalFuture       : logi  TRUE TRUE TRUE TRUE TRUE TRUE ...
 $ Race.IsAnalyzeFullPastAndFuture  : logi  TRUE TRUE TRUE TRUE TRUE TRUE ...
 $ Race.IsAnalyzeFullPast           : logi  FALSE FALSE FALSE FALSE FALSE FALSE ...
 $ Race.IsAnalyzeFullFuture         : logi  TRUE TRUE TRUE TRUE TRUE TRUE ...
 $ Race.JyokenCd                    : Factor w/ 1 level "5": 1 1 1 1 1 1 1 1 1 1 ...
 $ Race.JyoType1Cd                  : Factor w/ 7 levels "1-05-2400-1",..: 1 1 1 1 1 1 1 1 1 1 ...
 $ Race.RaceType0Cd                 : Factor w/ 7 levels "1-05-2400-1-5-X-12",..: 1 1 1 1 1 1 1 1 1 1 ...
 $ Race.RaceType1Cd                 : Factor w/ 1 level "1-5-X": 1 1 1 1 1 1 1 1 1 1 ...
 $ Race.RaceType2Cd                 : Factor w/ 1 level "1-5-X": 1 1 1 1 1 1 1 1 1 1 ...
 $ Race.RaceType3Cd                 : Factor w/ 1 level "5-X-12": 1 1 1 1 1 1 1 1 1 1 ...
 $ Race.RaceType4Cd                 : Factor w/ 1 level "1-5-12": 1 1 1 1 1 1 1 1 1 1 ...
 $ RaceHorse.RaceId                 : Factor w/ 9 levels "20220205-05-01-03-05",..: 1 1 1 1 1 1 1 1 1 1 ...
 $ RaceHorse.KettoNum               : Factor w/ 136 levels "2019100218","2019100235",..: 1 2 3 4 5 6 7 8 9 10 ...
 $ RaceHorse.IsHit1                 : int  0 0 0 0 0 0 0 0 0 0 ...
 $ RaceHorse.IsHit2                 : int  0 0 0 1 0 0 0 0 0 0 ...
 $ RaceHorse.IsHit3                 : int  0 0 0 0 0 0 0 0 0 0 ...
 $ RaceHorse.IsHit4                 : int  0 0 0 0 0 0 0 0 0 0 ...
 $ RaceHorse.IsHit5                 : int  0 1 0 0 0 0 0 0 0 0 ...
 $ RaceHorse.IsHit6                 : int  1 0 1 0 1 1 1 1 1 1 ...
 $ RaceHorse.IsValidRaceHorse       : logi  TRUE TRUE TRUE TRUE TRUE TRUE ...
 $ RaceHorse.IsHitA                 : int  0 0 0 0 0 0 0 0 0 0 ...
 $ RaceHorse.IsHitB                 : int  0 0 0 1 0 0 0 0 0 0 ...
 $ RaceHorse.IsHitC                 : int  0 0 0 1 0 0 0 0 0 0 ...
 $ Jockey.KisyuCode                 : Factor w/ 70 levels "01158","05212",..: 1 2 3 4 5 6 7 8 9 10 ...
 $ Jockey.TimeDvByRaceAvg           : num  48.4 56.3 45.1 55.6 47.2 ...
 $ Jockey.TimeDvByRaceMax           : num  70.5 80 64.1 69.8 69.7 ...
 $ Jockey.RunCount                  : int  405 406 42 499 242 122 301 130 497 396 ...
 $ Jockey.HitCount1                 : int  13 89 2 78 5 3 14 2 29 12 ...
 $ Jockey.HitCount2                 : int  22 56 0 74 4 2 16 8 31 10 ...
 $ Jockey.HitCount3                 : int  23 54 1 60 7 8 14 3 30 17 ...
 $ Jockey.HitCount4                 : int  27 33 0 38 10 7 14 4 41 19 ...
 $ Jockey.HitCount5                 : int  19 29 2 46 13 7 13 8 39 32 ...
 $ Jockey.HitRate1                  : num  0.0321 0.2192 0.0476 0.1563 0.0207 ...
 $ Jockey.HitRate2                  : num  0.0543 0.1379 0 0.1483 0.0165 ...
 $ Jockey.HitRate3                  : num  0.0568 0.133 0.0238 0.1202 0.0289 ...
 $ Jockey.HitRate4                  : num  0.0667 0.0813 0 0.0762 0.0413 ...
 $ Jockey.HitRate5                  : num  0.0469 0.0714 0.0476 0.0922 0.0537 ...
 $ EOF                              : int  1 1 1 1 1 1 1 1 1 1 ...
[1] "2022-02-07 06:24:08 --- RxSqlServerData Finish ---"
[1] "2022-02-07 06:24:08 --- subset Start ---"
[1] "nrow(InputDataSet) subset before=136"
[1] "nrow(InputDataSet) subset after=136"
[1] "nrow(InputDataSet) subset diff=0"
[1] "class(InputDataSet$Race.IsAnalyzeNormalPast)=logical"
[1] "class(InputDataSet$Race.analyzeTrackTypeCd)=NULL"
[1] "2022-02-07 06:24:08 --- subset Finish ---"
[1] "2022-02-07 06:24:08 --- transform Start ---"
[1] "nrow(InputDataSet) transaform before=136"
[1] "nrow(InputDataSet) transaform after=136"
[1] "nrow(InputDataSet) transaform diff=0"
[1] "str(InputDataSet)="
'data.frame':	136 obs. of  42 variables:
 $ Race.RaceId                      : Factor w/ 9 levels "20220205-05-01-03-05",..: 1 1 1 1 1 1 1 1 1 1 ...
 $ Race.IsPredictedRace             : logi  TRUE TRUE TRUE TRUE TRUE TRUE ...
 $ Race.IsAnalyzeNormalPastAndFuture: logi  TRUE TRUE TRUE TRUE TRUE TRUE ...
 $ Race.IsAnalyzeNormalPast         : logi  FALSE FALSE FALSE FALSE FALSE FALSE ...
 $ Race.IsAnalyzeNormalFuture       : logi  TRUE TRUE TRUE TRUE TRUE TRUE ...
 $ Race.IsAnalyzeFullPastAndFuture  : logi  TRUE TRUE TRUE TRUE TRUE TRUE ...
 $ Race.IsAnalyzeFullPast           : logi  FALSE FALSE FALSE FALSE FALSE FALSE ...
 $ Race.IsAnalyzeFullFuture         : logi  TRUE TRUE TRUE TRUE TRUE TRUE ...
 $ Race.JyokenCd                    : Factor w/ 1 level "5": 1 1 1 1 1 1 1 1 1 1 ...
 $ Race.JyoType1Cd                  : Factor w/ 7 levels "1-05-2400-1",..: 1 1 1 1 1 1 1 1 1 1 ...
 $ Race.RaceType0Cd                 : Factor w/ 7 levels "1-05-2400-1-5-X-12",..: 1 1 1 1 1 1 1 1 1 1 ...
 $ Race.RaceType1Cd                 : Factor w/ 1 level "1-5-X": 1 1 1 1 1 1 1 1 1 1 ...
 $ Race.RaceType2Cd                 : Factor w/ 1 level "1-5-X": 1 1 1 1 1 1 1 1 1 1 ...
 $ Race.RaceType3Cd                 : Factor w/ 1 level "5-X-12": 1 1 1 1 1 1 1 1 1 1 ...
 $ Race.RaceType4Cd                 : Factor w/ 1 level "1-5-12": 1 1 1 1 1 1 1 1 1 1 ...
 $ RaceHorse.RaceId                 : Factor w/ 9 levels "20220205-05-01-03-05",..: 1 1 1 1 1 1 1 1 1 1 ...
 $ RaceHorse.KettoNum               : Factor w/ 136 levels "2019100218","2019100235",..: 1 2 3 4 5 6 7 8 9 10 ...
 $ RaceHorse.IsHit1                 : int  0 0 0 0 0 0 0 0 0 0 ...
 $ RaceHorse.IsHit2                 : int  0 0 0 1 0 0 0 0 0 0 ...
 $ RaceHorse.IsHit3                 : int  0 0 0 0 0 0 0 0 0 0 ...
 $ RaceHorse.IsHit4                 : int  0 0 0 0 0 0 0 0 0 0 ...
 $ RaceHorse.IsHit5                 : int  0 1 0 0 0 0 0 0 0 0 ...
 $ RaceHorse.IsHit6                 : int  1 0 1 0 1 1 1 1 1 1 ...
 $ RaceHorse.IsValidRaceHorse       : logi  TRUE TRUE TRUE TRUE TRUE TRUE ...
 $ RaceHorse.IsHitA                 : int  0 0 0 0 0 0 0 0 0 0 ...
 $ RaceHorse.IsHitB                 : int  0 0 0 1 0 0 0 0 0 0 ...
 $ RaceHorse.IsHitC                 : int  0 0 0 1 0 0 0 0 0 0 ...
 $ Jockey.KisyuCode                 : Factor w/ 70 levels "01158","05212",..: 1 2 3 4 5 6 7 8 9 10 ...
 $ Jockey.TimeDvByRaceAvg           : num  48.4 56.3 45.1 55.6 47.2 ...
 $ Jockey.TimeDvByRaceMax           : num  70.5 80 64.1 69.8 69.7 ...
 $ Jockey.RunCount                  : int  405 406 42 499 242 122 301 130 497 396 ...
 $ Jockey.HitCount1                 : int  13 89 2 78 5 3 14 2 29 12 ...
 $ Jockey.HitCount2                 : int  22 56 0 74 4 2 16 8 31 10 ...
 $ Jockey.HitCount3                 : int  23 54 1 60 7 8 14 3 30 17 ...
 $ Jockey.HitCount4                 : int  27 33 0 38 10 7 14 4 41 19 ...
 $ Jockey.HitCount5                 : int  19 29 2 46 13 7 13 8 39 32 ...
 $ Jockey.HitRate1                  : num  0.0321 0.2192 0.0476 0.1563 0.0207 ...
 $ Jockey.HitRate2                  : num  0.0543 0.1379 0 0.1483 0.0165 ...
 $ Jockey.HitRate3                  : num  0.0568 0.133 0.0238 0.1202 0.0289 ...
 $ Jockey.HitRate4                  : num  0.0667 0.0813 0 0.0762 0.0413 ...
 $ Jockey.HitRate5                  : num  0.0469 0.0714 0.0476 0.0922 0.0537 ...
 $ EOF                              : int  1 1 1 1 1 1 1 1 1 1 ...
NULL
[1] "2022-02-07 06:24:08 --- transform Finish ---"
[1] "2022-02-07 06:24:08 --- na.omit Start ---"
[1] "nrow(InputDataSet) na.omit before=136"
[1] "nrow(InputDataSet) na.omit after=136"
[1] "nrow(InputDataSet) na.omit diff=0"
[1] "2022-02-07 06:24:08 --- na.omit Finish---"
[1] "2022-02-07 06:24:08 --- New Levels Start ---"
[1] "levels(data$Race.RaceType1Cd)=1-5-X"
[1] "levels(InputDataSet$Race.RaceType1Cd)=1-5-X"
[1] "length(Race.RaceType1Cd.Index)=0"
[1] "2022-02-07 06:24:08 --- New Levels Finish ---"
[1] "2022-02-07 06:24:08 --- na.omit Start ---"
[1] "nrow(InputDataSet) na.omit levels before=136"
[1] "nrow(InputDataSet) na.omit levels after=136"
[1] "nrow(InputDataSet) na.omit levels diff=0"
[1] "2022-02-07 06:24:08 --- na.omit Finish ---"
[1] "2022-02-07 06:24:08 --- Predict InputDataSet Start ---"
[1] "nrow(InputDataSet) predict=136"
[1] "str(InputDataSet)="
'data.frame':	136 obs. of  42 variables:
 $ Race.RaceId                      : Factor w/ 9 levels "20220205-05-01-03-05",..: 1 1 1 1 1 1 1 1 1 1 ...
 $ Race.IsPredictedRace             : logi  TRUE TRUE TRUE TRUE TRUE TRUE ...
 $ Race.IsAnalyzeNormalPastAndFuture: logi  TRUE TRUE TRUE TRUE TRUE TRUE ...
 $ Race.IsAnalyzeNormalPast         : logi  FALSE FALSE FALSE FALSE FALSE FALSE ...
 $ Race.IsAnalyzeNormalFuture       : logi  TRUE TRUE TRUE TRUE TRUE TRUE ...
 $ Race.IsAnalyzeFullPastAndFuture  : logi  TRUE TRUE TRUE TRUE TRUE TRUE ...
 $ Race.IsAnalyzeFullPast           : logi  FALSE FALSE FALSE FALSE FALSE FALSE ...
 $ Race.IsAnalyzeFullFuture         : logi  TRUE TRUE TRUE TRUE TRUE TRUE ...
 $ Race.JyokenCd                    : Factor w/ 1 level "5": 1 1 1 1 1 1 1 1 1 1 ...
 $ Race.JyoType1Cd                  : Factor w/ 7 levels "1-05-2400-1",..: 1 1 1 1 1 1 1 1 1 1 ...
 $ Race.RaceType0Cd                 : Factor w/ 7 levels "1-05-2400-1-5-X-12",..: 1 1 1 1 1 1 1 1 1 1 ...
 $ Race.RaceType1Cd                 : Factor w/ 1 level "1-5-X": 1 1 1 1 1 1 1 1 1 1 ...
 $ Race.RaceType2Cd                 : Factor w/ 1 level "1-5-X": 1 1 1 1 1 1 1 1 1 1 ...
 $ Race.RaceType3Cd                 : Factor w/ 1 level "5-X-12": 1 1 1 1 1 1 1 1 1 1 ...
 $ Race.RaceType4Cd                 : Factor w/ 1 level "1-5-12": 1 1 1 1 1 1 1 1 1 1 ...
 $ RaceHorse.RaceId                 : Factor w/ 9 levels "20220205-05-01-03-05",..: 1 1 1 1 1 1 1 1 1 1 ...
 $ RaceHorse.KettoNum               : Factor w/ 136 levels "2019100218","2019100235",..: 1 2 3 4 5 6 7 8 9 10 ...
 $ RaceHorse.IsHit1                 : int  0 0 0 0 0 0 0 0 0 0 ...
 $ RaceHorse.IsHit2                 : int  0 0 0 1 0 0 0 0 0 0 ...
 $ RaceHorse.IsHit3                 : int  0 0 0 0 0 0 0 0 0 0 ...
 $ RaceHorse.IsHit4                 : int  0 0 0 0 0 0 0 0 0 0 ...
 $ RaceHorse.IsHit5                 : int  0 1 0 0 0 0 0 0 0 0 ...
 $ RaceHorse.IsHit6                 : int  1 0 1 0 1 1 1 1 1 1 ...
 $ RaceHorse.IsValidRaceHorse       : logi  TRUE TRUE TRUE TRUE TRUE TRUE ...
 $ RaceHorse.IsHitA                 : int  0 0 0 0 0 0 0 0 0 0 ...
 $ RaceHorse.IsHitB                 : int  0 0 0 1 0 0 0 0 0 0 ...
 $ RaceHorse.IsHitC                 : int  0 0 0 1 0 0 0 0 0 0 ...
 $ Jockey.KisyuCode                 : Factor w/ 70 levels "01158","05212",..: 1 2 3 4 5 6 7 8 9 10 ...
 $ Jockey.TimeDvByRaceAvg           : num  48.4 56.3 45.1 55.6 47.2 ...
 $ Jockey.TimeDvByRaceMax           : num  70.5 80 64.1 69.8 69.7 ...
 $ Jockey.RunCount                  : int  405 406 42 499 242 122 301 130 497 396 ...
 $ Jockey.HitCount1                 : int  13 89 2 78 5 3 14 2 29 12 ...
 $ Jockey.HitCount2                 : int  22 56 0 74 4 2 16 8 31 10 ...
 $ Jockey.HitCount3                 : int  23 54 1 60 7 8 14 3 30 17 ...
 $ Jockey.HitCount4                 : int  27 33 0 38 10 7 14 4 41 19 ...
 $ Jockey.HitCount5                 : int  19 29 2 46 13 7 13 8 39 32 ...
 $ Jockey.HitRate1                  : num  0.0321 0.2192 0.0476 0.1563 0.0207 ...
 $ Jockey.HitRate2                  : num  0.0543 0.1379 0 0.1483 0.0165 ...
 $ Jockey.HitRate3                  : num  0.0568 0.133 0.0238 0.1202 0.0289 ...
 $ Jockey.HitRate4                  : num  0.0667 0.0813 0 0.0762 0.0413 ...
 $ Jockey.HitRate5                  : num  0.0469 0.0714 0.0476 0.0922 0.0537 ...
 $ EOF                              : int  1 1 1 1 1 1 1 1 1 1 ...
[1] "2022-02-07 06:24:08 --- Predict InputDataSet Finish ---"
[1] "2022-02-07 06:24:08 --- rxPredict (glm) Start ---"
[1] "analyzeFunc=glm"
Rows Read: 136, Total Rows Processed: 136, Total Chunk Time: Less than .001 seconds 
[1] "nrow(PredictDataSet) afte predict=136"
[1] "str(PredictDataSet)"
'data.frame':	136 obs. of  1 variable:
 $ RaceHorse.IsHitA_Pred: num  0.0361 0.1936 0.0212 0.1557 0.0288 ...
NULL
[1] "head(PredictDataSet) afte predict="
  RaceHorse.IsHitA_Pred
1            0.03612675
2            0.19359752
3            0.02118907
4            0.15566227
5            0.02877040
6            0.04299877
[1] "2022-02-07 06:24:08 --- rxPredict (glm) Finish ---"
[1] "2022-02-07 06:24:08 --- add key Start ---"
[1] "nrow(OutputDataSet) add KeyColmn=136"
[1] "str(OutputDataSet) after add Key"
'data.frame':	136 obs. of  2 variables:
 $ RaceHorse.RaceId  : Factor w/ 9 levels "20220205-05-01-03-05",..: 1 1 1 1 1 1 1 1 1 1 ...
 $ RaceHorse.KettoNum: Factor w/ 136 levels "2019100218","2019100235",..: 1 2 3 4 5 6 7 8 9 10 ...
NULL
[1] "2022-02-07 06:24:08 --- add key Finish ---"
[1] "2022-02-07 06:24:08 --- add PredictValue Start ---"
[1] "str(PredictDataSet) before rename="
[1] "colnames(PredictDataSet)=RaceHorse.IsHitA_Pred"
[1] "str(PredictDataSet) after rename="
'data.frame':	136 obs. of  1 variable:
 $ PredictValue: num  0.0361 0.1936 0.0212 0.1557 0.0288 ...
NULL
[1] "str(OutputDataSet) before cbind="
'data.frame':	136 obs. of  2 variables:
 $ RaceHorse.RaceId  : Factor w/ 9 levels "20220205-05-01-03-05",..: 1 1 1 1 1 1 1 1 1 1 ...
 $ RaceHorse.KettoNum: Factor w/ 136 levels "2019100218","2019100235",..: 1 2 3 4 5 6 7 8 9 10 ...
NULL
[1] "str(OutputDataSet) after cbind="
'data.frame':	136 obs. of  3 variables:
 $ RaceHorse.RaceId  : Factor w/ 9 levels "20220205-05-01-03-05",..: 1 1 1 1 1 1 1 1 1 1 ...
 $ RaceHorse.KettoNum: Factor w/ 136 levels "2019100218","2019100235",..: 1 2 3 4 5 6 7 8 9 10 ...
 $ PredictValue      : num  0.0361 0.1936 0.0212 0.1557 0.0288 ...
NULL
[1] "2022-02-07 06:24:08 --- add PredictValue Finish ---"
[1] "2022-02-07 06:24:08 --- final Start ---"
[1] "nrow(OutputDataSet) final=136"
[1] "head(OutputDataSet)="
      RaceHorse.RaceId RaceHorse.KettoNum PredictValue
1 20220205-05-01-03-05         2019100218   0.03612675
2 20220205-05-01-03-05         2019100235   0.19359752
3 20220205-05-01-03-05         2019100462   0.02118907
4 20220205-05-01-03-05         2019100788   0.15566227
5 20220205-05-01-03-05         2019101138   0.02877040
6 20220205-05-01-03-05         2019102703   0.04299877
[1] "str(OutputDataSet)="
'data.frame':	136 obs. of  3 variables:
 $ RaceHorse.RaceId  : Factor w/ 9 levels "20220205-05-01-03-05",..: 1 1 1 1 1 1 1 1 1 1 ...
 $ RaceHorse.KettoNum: Factor w/ 136 levels "2019100218","2019100235",..: 1 2 3 4 5 6 7 8 9 10 ...
 $ PredictValue      : num  0.0361 0.1936 0.0212 0.1557 0.0288 ...
NULL
[1] "2022-02-07 06:24:08 --- final Finish ---"
[1] "2022-02-07 06:24:08 --- predict.R Finished ---"
[1] "2022-02-07 06:24:08 --- log Finish ---"
