[1] "2022-02-06 20:48:10 --- D1113_analyze_glm_Horse_IsHitA_Type13 Start ---"
[1] "2022-02-06 20:48:10 --- Log Start ---"
[1] "2022-02-06 20:48:10 --- analyze_glm.R Start ---"
[1] "analyzeVersion=D1113"
[1] "analyzeCategory=analyze"
[1] "analyzeType=Horse"
[1] "analyzeFamily=IsHitA"
[1] "analyzeFunc=glm"
[1] "analyzeTrackTypeCd=1"
[1] "analyzeJyokenCd=3"
[1] "2022-02-06 20:48:10 --- source_function.R Start ---"
[1] "2022-02-06 20:48:10 --- source_function.R Finished ---"

> print(paste0(Sys.time(), " --- source_library.R Start ---"))
[1] "2022-02-06 20:48:10 --- source_library.R Start ---"

> require("RevoScaleR")

> print(paste0(Sys.time(), " --- source_library.R Finished ---"))
[1] "2022-02-06 20:48:10 --- source_library.R Finished ---"
[1] "2022-02-06 20:48:10 --- RxSqlServerData Start ---"
[1] "sqlQuery=SELECT * FROM ViewAnalyzeD1113analyze01HorseType13"
Rows Read: 13372, Total Rows Processed: 13372, Total Chunk Time: 60.006 seconds 
[1] "head(data)="
           Race.RaceId Race.IsPredictedRace Race.IsAnalyzeNormalPastAndFuture
1 20160109-08-01-02-12                 TRUE                              TRUE
2 20160109-08-01-02-12                 TRUE                              TRUE
3 20160110-06-01-03-12                 TRUE                              TRUE
4 20160110-06-01-03-12                 TRUE                              TRUE
5 20160110-08-01-03-09                 TRUE                              TRUE
6 20160110-08-01-03-09                 TRUE                              TRUE
  Race.IsAnalyzeNormalPast Race.IsAnalyzeNormalFuture
1                     TRUE                      FALSE
2                     TRUE                      FALSE
3                     TRUE                      FALSE
4                     TRUE                      FALSE
5                     TRUE                      FALSE
6                     TRUE                      FALSE
  Race.IsAnalyzeFullPastAndFuture Race.IsAnalyzeFullPast
1                            TRUE                   TRUE
2                            TRUE                   TRUE
3                            TRUE                   TRUE
4                            TRUE                   TRUE
5                            TRUE                   TRUE
6                            TRUE                   TRUE
  Race.IsAnalyzeFullFuture Race.JyokenCd Race.JyoType1Cd   Race.RaceType0Cd
1                    FALSE             3     1-08-1400-1 1-08-1400-1-3-X-14
2                    FALSE             3     1-08-1400-1 1-08-1400-1-3-X-14
3                    FALSE             3     1-06-1200-1 1-06-1200-1-3-X-14
4                    FALSE             3     1-06-1200-1 1-06-1200-1-3-X-14
5                    FALSE             3     1-08-1800-1 1-08-1800-1-3-E-14
6                    FALSE             3     1-08-1800-1 1-08-1800-1-3-E-14
  Race.RaceType1Cd Race.RaceType2Cd Race.RaceType3Cd Race.RaceType4Cd
1            1-3-X            1-3-X           3-X-14           1-3-14
2            1-3-X            1-3-X           3-X-14           1-3-14
3            1-3-X            1-3-X           3-X-14           1-3-14
4            1-3-X            1-3-X           3-X-14           1-3-14
5            1-3-E            1-3-E           3-E-14           1-3-14
6            1-3-E            1-3-E           3-E-14           1-3-14
      RaceHorse.RaceId RaceHorse.KettoNum RaceHorse.IsHit1 RaceHorse.IsHit2
1 20160109-08-01-02-12         2008102762                0                0
2 20160109-08-01-02-12         2011103620                1                0
3 20160110-06-01-03-12         2008105592                0                0
4 20160110-06-01-03-12         2011103509                0                0
5 20160110-08-01-03-09         2010103767                0                0
6 20160110-08-01-03-09         2011103884                0                0
  RaceHorse.IsHit3 RaceHorse.IsHit4 RaceHorse.IsHit5 RaceHorse.IsHit6
1                1                0                0                0
2                0                0                0                0
3                1                0                0                0
4                0                0                1                0
5                0                1                0                0
6                0                0                1                0
  RaceHorse.IsValidRaceHorse RaceHorse.IsHitA RaceHorse.IsHitB RaceHorse.IsHitC
1                       TRUE                0                0                1
2                       TRUE                1                1                1
3                       TRUE                0                0                1
4                       TRUE                0                0                0
5                       TRUE                0                0                0
6                       TRUE                0                0                0
  Horse.PrevKettoNum Horse.TimeDvByRaceAvg Horse.TimeDvByRaceMax Horse.RunCount
1         2008102762                    57                    63              9
2         2011103620                    62                    62              2
3         2008105592                    54                    54              3
4         2011103509                    59                    59              1
5         2010103767                    51                    55              2
6         2011103884                    53                    61              3
  Horse.HitCount1 Horse.HitCount2 Horse.HitCount3 Horse.HitCount4
1               0               2               2               3
2               0               2               0               0
3               0               0               0               0
4               0               0               1               0
5               0               0               0               0
6               1               0               0               1
  Horse.HitCount5 Horse.HitRate1 Horse.HitRate2 Horse.HitRate3 Horse.HitRate4
1               0            0.0            0.2            0.2            0.3
2               0            0.0            1.0            0.0            0.0
3               0            0.0            0.0            0.0            0.0
4               0            0.0            0.0            1.0            0.0
5               0            0.0            0.0            0.0            0.0
6               0            0.3            0.0            0.0            0.3
  Horse.HitRate5 EOF
1              0   1
2              0   1
3              0   1
4              0   1
5              0   1
6              0   1
[1] "object.size(data) auto=3.1 Mb"
[1] "nrow(data) RxSqlServerData=13372"
[1] "str(data)="
'data.frame':	13372 obs. of  42 variables:
 $ Race.RaceId                      : Factor w/ 1456 levels "20160109-08-01-02-12",..: 1 1 2 2 3 3 4 5 6 7 ...
 $ Race.IsPredictedRace             : logi  TRUE TRUE TRUE TRUE TRUE TRUE ...
 $ Race.IsAnalyzeNormalPastAndFuture: logi  TRUE TRUE TRUE TRUE TRUE TRUE ...
 $ Race.IsAnalyzeNormalPast         : logi  TRUE TRUE TRUE TRUE TRUE TRUE ...
 $ Race.IsAnalyzeNormalFuture       : logi  FALSE FALSE FALSE FALSE FALSE FALSE ...
 $ Race.IsAnalyzeFullPastAndFuture  : logi  TRUE TRUE TRUE TRUE TRUE TRUE ...
 $ Race.IsAnalyzeFullPast           : logi  TRUE TRUE TRUE TRUE TRUE TRUE ...
 $ Race.IsAnalyzeFullFuture         : logi  FALSE FALSE FALSE FALSE FALSE FALSE ...
 $ Race.JyokenCd                    : Factor w/ 1 level "3": 1 1 1 1 1 1 1 1 1 1 ...
 $ Race.JyoType1Cd                  : Factor w/ 168 levels "1-08-1400-1",..: 1 1 2 2 3 3 4 5 6 7 ...
 $ Race.RaceType0Cd                 : Factor w/ 327 levels "1-08-1400-1-3-X-14",..: 1 1 2 2 3 3 4 5 6 7 ...
 $ Race.RaceType1Cd                 : Factor w/ 2 levels "1-3-X","1-3-E": 1 1 1 1 2 2 2 1 1 2 ...
 $ Race.RaceType2Cd                 : Factor w/ 2 levels "1-3-X","1-3-E": 1 1 1 1 2 2 2 1 1 2 ...
 $ Race.RaceType3Cd                 : Factor w/ 4 levels "3-X-14","3-E-14",..: 1 1 1 1 2 2 2 1 1 2 ...
 $ Race.RaceType4Cd                 : Factor w/ 2 levels "1-3-14","1-3-13": 1 1 1 1 1 1 1 1 1 1 ...
 $ RaceHorse.RaceId                 : Factor w/ 1456 levels "20160109-08-01-02-12",..: 1 1 2 2 3 3 4 5 6 7 ...
 $ RaceHorse.KettoNum               : Factor w/ 2486 levels "2008102762","2011103620",..: 1 2 3 4 5 6 7 1 8 9 ...
 $ RaceHorse.IsHit1                 : int  0 1 0 0 0 0 0 0 0 0 ...
 $ RaceHorse.IsHit2                 : int  0 0 0 0 0 0 0 1 0 0 ...
 $ RaceHorse.IsHit3                 : int  1 0 1 0 0 0 0 0 1 0 ...
 $ RaceHorse.IsHit4                 : int  0 0 0 0 1 0 0 0 0 1 ...
 $ RaceHorse.IsHit5                 : int  0 0 0 1 0 1 1 0 0 0 ...
 $ RaceHorse.IsHit6                 : int  0 0 0 0 0 0 0 0 0 0 ...
 $ RaceHorse.IsValidRaceHorse       : logi  TRUE TRUE TRUE TRUE TRUE TRUE ...
 $ RaceHorse.IsHitA                 : int  0 1 0 0 0 0 0 0 0 0 ...
 $ RaceHorse.IsHitB                 : int  0 1 0 0 0 0 0 1 0 0 ...
 $ RaceHorse.IsHitC                 : int  1 1 1 0 0 0 0 1 1 0 ...
 $ Horse.PrevKettoNum               : Factor w/ 2486 levels "2008102762","2011103620",..: 1 2 3 4 5 6 7 1 8 9 ...
 $ Horse.TimeDvByRaceAvg            : num  57 62.2 53.6 59.5 51.3 ...
 $ Horse.TimeDvByRaceMax            : num  63.1 62.4 54.4 59.5 54.5 ...
 $ Horse.RunCount                   : int  9 2 3 1 2 3 3 10 1 10 ...
 $ Horse.HitCount1                  : int  0 0 0 0 0 1 0 0 0 0 ...
 $ Horse.HitCount2                  : int  2 2 0 0 0 0 1 2 0 1 ...
 $ Horse.HitCount3                  : int  2 0 0 1 0 0 0 3 0 3 ...
 $ Horse.HitCount4                  : int  3 0 0 0 0 1 1 3 0 0 ...
 $ Horse.HitCount5                  : int  0 0 0 0 0 0 0 0 0 1 ...
 $ Horse.HitRate1                   : num  0 0 0 0 0 ...
 $ Horse.HitRate2                   : num  0.222 1 0 0 0 ...
 $ Horse.HitRate3                   : num  0.222 0 0 1 0 ...
 $ Horse.HitRate4                   : num  0.333 0 0 0 0 ...
 $ Horse.HitRate5                   : num  0 0 0 0 0 0 0 0 0 0.1 ...
 $ EOF                              : int  1 1 1 1 1 1 1 1 1 1 ...
[1] "2022-02-06 20:49:47 --- RxSqlServerData Finish ---"
[1] "2022-02-06 20:49:47 --- subset Start ---"
[1] "nrow(data) subset before=13372"
[1] "nrow(data) subset after =10968"
[1] "nrow(data) subset diff =2404"
[1] "2022-02-06 20:49:47 --- subset Finish---"
[1] "2022-02-06 20:49:47 --- transform Start ---"
[1] "nrow(data) transform before=10968"
[1] "nrow(data) transform after=10968"
[1] "nrow(data) transform diff=0"
[1] "str(data)="
'data.frame':	10968 obs. of  42 variables:
 $ Race.RaceId                      : Factor w/ 1456 levels "20160109-08-01-02-12",..: 1 1 2 2 3 3 4 5 6 7 ...
 $ Race.IsPredictedRace             : logi  TRUE TRUE TRUE TRUE TRUE TRUE ...
 $ Race.IsAnalyzeNormalPastAndFuture: logi  TRUE TRUE TRUE TRUE TRUE TRUE ...
 $ Race.IsAnalyzeNormalPast         : logi  TRUE TRUE TRUE TRUE TRUE TRUE ...
 $ Race.IsAnalyzeNormalFuture       : logi  FALSE FALSE FALSE FALSE FALSE FALSE ...
 $ Race.IsAnalyzeFullPastAndFuture  : logi  TRUE TRUE TRUE TRUE TRUE TRUE ...
 $ Race.IsAnalyzeFullPast           : logi  TRUE TRUE TRUE TRUE TRUE TRUE ...
 $ Race.IsAnalyzeFullFuture         : logi  FALSE FALSE FALSE FALSE FALSE FALSE ...
 $ Race.JyokenCd                    : Factor w/ 1 level "3": 1 1 1 1 1 1 1 1 1 1 ...
 $ Race.JyoType1Cd                  : Factor w/ 168 levels "1-08-1400-1",..: 1 1 2 2 3 3 4 5 6 7 ...
 $ Race.RaceType0Cd                 : Factor w/ 327 levels "1-08-1400-1-3-X-14",..: 1 1 2 2 3 3 4 5 6 7 ...
 $ Race.RaceType1Cd                 : Factor w/ 2 levels "1-3-X","1-3-E": 1 1 1 1 2 2 2 1 1 2 ...
 $ Race.RaceType2Cd                 : Factor w/ 2 levels "1-3-X","1-3-E": 1 1 1 1 2 2 2 1 1 2 ...
 $ Race.RaceType3Cd                 : Factor w/ 4 levels "3-X-14","3-E-14",..: 1 1 1 1 2 2 2 1 1 2 ...
 $ Race.RaceType4Cd                 : Factor w/ 2 levels "1-3-14","1-3-13": 1 1 1 1 1 1 1 1 1 1 ...
 $ RaceHorse.RaceId                 : Factor w/ 1456 levels "20160109-08-01-02-12",..: 1 1 2 2 3 3 4 5 6 7 ...
 $ RaceHorse.KettoNum               : Factor w/ 2486 levels "2008102762","2011103620",..: 1 2 3 4 5 6 7 1 8 9 ...
 $ RaceHorse.IsHit1                 : int  0 1 0 0 0 0 0 0 0 0 ...
 $ RaceHorse.IsHit2                 : int  0 0 0 0 0 0 0 1 0 0 ...
 $ RaceHorse.IsHit3                 : int  1 0 1 0 0 0 0 0 1 0 ...
 $ RaceHorse.IsHit4                 : int  0 0 0 0 1 0 0 0 0 1 ...
 $ RaceHorse.IsHit5                 : int  0 0 0 1 0 1 1 0 0 0 ...
 $ RaceHorse.IsHit6                 : int  0 0 0 0 0 0 0 0 0 0 ...
 $ RaceHorse.IsValidRaceHorse       : logi  TRUE TRUE TRUE TRUE TRUE TRUE ...
 $ RaceHorse.IsHitA                 : int  0 1 0 0 0 0 0 0 0 0 ...
 $ RaceHorse.IsHitB                 : int  0 1 0 0 0 0 0 1 0 0 ...
 $ RaceHorse.IsHitC                 : int  1 1 1 0 0 0 0 1 1 0 ...
 $ Horse.PrevKettoNum               : Factor w/ 2486 levels "2008102762","2011103620",..: 1 2 3 4 5 6 7 1 8 9 ...
 $ Horse.TimeDvByRaceAvg            : num  57 62.2 53.6 59.5 51.3 ...
 $ Horse.TimeDvByRaceMax            : num  63.1 62.4 54.4 59.5 54.5 ...
 $ Horse.RunCount                   : int  9 2 3 1 2 3 3 10 1 10 ...
 $ Horse.HitCount1                  : int  0 0 0 0 0 1 0 0 0 0 ...
 $ Horse.HitCount2                  : int  2 2 0 0 0 0 1 2 0 1 ...
 $ Horse.HitCount3                  : int  2 0 0 1 0 0 0 3 0 3 ...
 $ Horse.HitCount4                  : int  3 0 0 0 0 1 1 3 0 0 ...
 $ Horse.HitCount5                  : int  0 0 0 0 0 0 0 0 0 1 ...
 $ Horse.HitRate1                   : num  0 0 0 0 0 ...
 $ Horse.HitRate2                   : num  0.222 1 0 0 0 ...
 $ Horse.HitRate3                   : num  0.222 0 0 1 0 ...
 $ Horse.HitRate4                   : num  0.333 0 0 0 0 ...
 $ Horse.HitRate5                   : num  0 0 0 0 0 0 0 0 0 0.1 ...
 $ EOF                              : int  1 1 1 1 1 1 1 1 1 1 ...
NULL
[1] "2022-02-06 20:49:48 --- transform Finish ---"
[1] "2022-02-06 20:49:48 --- na.omit Start ---"
[1] "nrow(data) na.omit before=10968"
[1] "nrow(data) na.omit after =10968"
[1] "nrow(data) na.omit diff =0"
'data.frame':	10968 obs. of  42 variables:
 $ Race.RaceId                      : Factor w/ 1456 levels "20160109-08-01-02-12",..: 1 1 2 2 3 3 4 5 6 7 ...
 $ Race.IsPredictedRace             : logi  TRUE TRUE TRUE TRUE TRUE TRUE ...
 $ Race.IsAnalyzeNormalPastAndFuture: logi  TRUE TRUE TRUE TRUE TRUE TRUE ...
 $ Race.IsAnalyzeNormalPast         : logi  TRUE TRUE TRUE TRUE TRUE TRUE ...
 $ Race.IsAnalyzeNormalFuture       : logi  FALSE FALSE FALSE FALSE FALSE FALSE ...
 $ Race.IsAnalyzeFullPastAndFuture  : logi  TRUE TRUE TRUE TRUE TRUE TRUE ...
 $ Race.IsAnalyzeFullPast           : logi  TRUE TRUE TRUE TRUE TRUE TRUE ...
 $ Race.IsAnalyzeFullFuture         : logi  FALSE FALSE FALSE FALSE FALSE FALSE ...
 $ Race.JyokenCd                    : Factor w/ 1 level "3": 1 1 1 1 1 1 1 1 1 1 ...
 $ Race.JyoType1Cd                  : Factor w/ 168 levels "1-08-1400-1",..: 1 1 2 2 3 3 4 5 6 7 ...
 $ Race.RaceType0Cd                 : Factor w/ 327 levels "1-08-1400-1-3-X-14",..: 1 1 2 2 3 3 4 5 6 7 ...
 $ Race.RaceType1Cd                 : Factor w/ 2 levels "1-3-X","1-3-E": 1 1 1 1 2 2 2 1 1 2 ...
 $ Race.RaceType2Cd                 : Factor w/ 2 levels "1-3-X","1-3-E": 1 1 1 1 2 2 2 1 1 2 ...
 $ Race.RaceType3Cd                 : Factor w/ 4 levels "3-X-14","3-E-14",..: 1 1 1 1 2 2 2 1 1 2 ...
 $ Race.RaceType4Cd                 : Factor w/ 2 levels "1-3-14","1-3-13": 1 1 1 1 1 1 1 1 1 1 ...
 $ RaceHorse.RaceId                 : Factor w/ 1456 levels "20160109-08-01-02-12",..: 1 1 2 2 3 3 4 5 6 7 ...
 $ RaceHorse.KettoNum               : Factor w/ 2486 levels "2008102762","2011103620",..: 1 2 3 4 5 6 7 1 8 9 ...
 $ RaceHorse.IsHit1                 : int  0 1 0 0 0 0 0 0 0 0 ...
 $ RaceHorse.IsHit2                 : int  0 0 0 0 0 0 0 1 0 0 ...
 $ RaceHorse.IsHit3                 : int  1 0 1 0 0 0 0 0 1 0 ...
 $ RaceHorse.IsHit4                 : int  0 0 0 0 1 0 0 0 0 1 ...
 $ RaceHorse.IsHit5                 : int  0 0 0 1 0 1 1 0 0 0 ...
 $ RaceHorse.IsHit6                 : int  0 0 0 0 0 0 0 0 0 0 ...
 $ RaceHorse.IsValidRaceHorse       : logi  TRUE TRUE TRUE TRUE TRUE TRUE ...
 $ RaceHorse.IsHitA                 : int  0 1 0 0 0 0 0 0 0 0 ...
 $ RaceHorse.IsHitB                 : int  0 1 0 0 0 0 0 1 0 0 ...
 $ RaceHorse.IsHitC                 : int  1 1 1 0 0 0 0 1 1 0 ...
 $ Horse.PrevKettoNum               : Factor w/ 2486 levels "2008102762","2011103620",..: 1 2 3 4 5 6 7 1 8 9 ...
 $ Horse.TimeDvByRaceAvg            : num  57 62.2 53.6 59.5 51.3 ...
 $ Horse.TimeDvByRaceMax            : num  63.1 62.4 54.4 59.5 54.5 ...
 $ Horse.RunCount                   : int  9 2 3 1 2 3 3 10 1 10 ...
 $ Horse.HitCount1                  : int  0 0 0 0 0 1 0 0 0 0 ...
 $ Horse.HitCount2                  : int  2 2 0 0 0 0 1 2 0 1 ...
 $ Horse.HitCount3                  : int  2 0 0 1 0 0 0 3 0 3 ...
 $ Horse.HitCount4                  : int  3 0 0 0 0 1 1 3 0 0 ...
 $ Horse.HitCount5                  : int  0 0 0 0 0 0 0 0 0 1 ...
 $ Horse.HitRate1                   : num  0 0 0 0 0 ...
 $ Horse.HitRate2                   : num  0.222 1 0 0 0 ...
 $ Horse.HitRate3                   : num  0.222 0 0 1 0 ...
 $ Horse.HitRate4                   : num  0.333 0 0 0 0 ...
 $ Horse.HitRate5                   : num  0 0 0 0 0 0 0 0 0 0.1 ...
 $ EOF                              : int  1 1 1 1 1 1 1 1 1 1 ...
[1] "2022-02-06 20:49:48 --- na.omit Finish ---"
[1] "2022-02-06 20:49:48 --- rxGlm with rxStepControl Start ---"
[1] "2022-02-06 20:49:48 --- source_logic_glm.R Start ---"
[1] "2022-02-06 20:49:48 --- source_logic_glm.R Finished ---"
Rows Read: 10968, Total Rows Processed: 10968, Total Chunk Time: 0.002 seconds 

Starting values (iteration 1) time: 0.020 secs.
Rows Read: 10968, Total Rows Processed: 10968, Total Chunk Time: 0.002 seconds 

Iteration 2 time: 0.007 secs.
Rows Read: 10968, Total Rows Processed: 10968, Total Chunk Time: 0.002 seconds 

Iteration 3 time: 0.004 secs.
Rows Read: 10968, Total Rows Processed: 10968, Total Chunk Time: 0.002 seconds 

Iteration 4 time: 0.005 secs.
Rows Read: 10968, Total Rows Processed: 10968, Total Chunk Time: 0.002 seconds 

Iteration 5 time: 0.004 secs.
Rows Read: 10968, Total Rows Processed: 10968, Total Chunk Time: 0.002 seconds 

Iteration 6 time: 0.005 secs.
Rows Read: 10968, Total Rows Processed: 10968, Total Chunk Time: 0.002 seconds 

Iteration 7 time: 0.005 secs.

Elapsed computation time: 0.067 secs.
Rows Read: 10968, Total Rows Processed: 10968, Total Chunk Time: 0.002 seconds 

Starting values (iteration 1) time: 0.008 secs.
Rows Read: 10968, Total Rows Processed: 10968, Total Chunk Time: 0.002 seconds 

Iteration 2 time: 0.004 secs.
Rows Read: 10968, Total Rows Processed: 10968, Total Chunk Time: 0.002 seconds 

Iteration 3 time: 0.005 secs.
Rows Read: 10968, Total Rows Processed: 10968, Total Chunk Time: 0.002 seconds 

Iteration 4 time: 0.004 secs.
Rows Read: 10968, Total Rows Processed: 10968, Total Chunk Time: 0.001 seconds 

Iteration 5 time: 0.004 secs.
Rows Read: 10968, Total Rows Processed: 10968, Total Chunk Time: 0.002 seconds 

Iteration 6 time: 0.004 secs.
Rows Read: 10968, Total Rows Processed: 10968, Total Chunk Time: 0.001 seconds 

Iteration 7 time: 0.004 secs.

Elapsed computation time: 0.048 secs.
Rows Read: 10968, Total Rows Processed: 10968, Total Chunk Time: 0.002 seconds 

Starting values (iteration 1) time: 0.007 secs.
Rows Read: 10968, Total Rows Processed: 10968, Total Chunk Time: 0.002 seconds 

Iteration 2 time: 0.006 secs.
Rows Read: 10968, Total Rows Processed: 10968, Total Chunk Time: 0.001 seconds 

Iteration 3 time: 0.003 secs.
Rows Read: 10968, Total Rows Processed: 10968, Total Chunk Time: 0.002 seconds 

Iteration 4 time: 0.003 secs.
Rows Read: 10968, Total Rows Processed: 10968, Total Chunk Time: Less than .001 seconds 

Iteration 5 time: 0.004 secs.
Rows Read: 10968, Total Rows Processed: 10968, Total Chunk Time: 0.001 seconds 

Iteration 6 time: 0.003 secs.

Elapsed computation time: 0.040 secs.
Rows Read: 10968, Total Rows Processed: 10968, Total Chunk Time: 0.001 seconds 

Starting values (iteration 1) time: 0.007 secs.
Rows Read: 10968, Total Rows Processed: 10968, Total Chunk Time: Less than .001 seconds 

Iteration 2 time: 0.005 secs.
Rows Read: 10968, Total Rows Processed: 10968, Total Chunk Time: 0.002 seconds 

Iteration 3 time: 0.005 secs.
Rows Read: 10968, Total Rows Processed: 10968, Total Chunk Time: Less than .001 seconds 

Iteration 4 time: 0.003 secs.
Rows Read: 10968, Total Rows Processed: 10968, Total Chunk Time: Less than .001 seconds 

Iteration 5 time: 0.004 secs.
Rows Read: 10968, Total Rows Processed: 10968, Total Chunk Time: 0.001 seconds 

Iteration 6 time: 0.004 secs.
Rows Read: 10968, Total Rows Processed: 10968, Total Chunk Time: 0.001 seconds 

Iteration 7 time: 0.005 secs.

Elapsed computation time: 0.055 secs.

Elapsed computation time: 0.227 secs.
[1] "analyze.results.glm.step="
Generalized Linear Model Results for: RaceHorse.IsHitA ~
    Horse.TimeDvByRaceAvg + Horse.HitRate1
Data: data
Dependent variable(s): RaceHorse.IsHitA
Total independent variables: 3 
Number of valid observations: 10968
Number of missing observations: 0 
Family-link: binomial-logit 
 
 
Coefficients:
                      RaceHorse.IsHitA
(Intercept)                       -9.8
Horse.TimeDvByRaceAvg              0.1
Horse.HitRate1                    -0.7
[1] "analyze.results.glm.step.summary"
Call:
rxGlm(formula = form, data = data, family = binomial(), variableSelection = analyze.results.glm.step.varsel)

Generalized Linear Model Results for: RaceHorse.IsHitA ~
    Horse.TimeDvByRaceAvg + Horse.HitRate1
Data: data
Dependent variable(s): RaceHorse.IsHitA
Total independent variables: 3 
Number of valid observations: 10968
Number of missing observations: 0 
Family-link: binomial-logit 
 
Residual deviance: 5187.683 (on 10965 degrees of freedom)
 
Coefficients:
                      Estimate Std. Error z value Pr(>|z|)    
(Intercept)            -9.8484     0.4298  -22.91  2.2e-16 ***
Horse.TimeDvByRaceAvg   0.1374     0.0079   17.39  2.2e-16 ***
Horse.HitRate1         -0.6855     0.2711   -2.53    0.011 *  
---
Signif. codes:  0 '***' 0.001 '**' 0.01 '*' 0.05 '.' 0.1 ' ' 1

(Dispersion parameter for binomial family taken to be 1)

Condition number of final variance-covariance matrix: 2 
Number of iterations: 7
[1] "2022-02-06 20:49:48 --- rxGlm with rxStepControl Finish ---"
[1] "2022-02-06 20:49:48 --- rxStepPlot Start ---"
[1] "pdfFilename=pdf_analyze_glm_Horse_Type13_rxStepPlot.pdf"
[1] "rxStepPlot="
[1] "2022-02-06 20:49:48 --- rxStepPlot Finish ---"
[1] "2022-02-06 20:49:48 --- save.image Start ---"
[1] "save.image"
[1] "rdataFilename=RData_analyze_glm_Horse_Type13.RData"
[1] "2022-02-06 20:49:50 --- save.image Finish ---"
[1] "2022-02-06 20:49:50 --- final Start ---"
[1] "nrow(data) final=10968"
[1] "2022-02-06 20:49:50 --- final Finish ---"
[1] "2022-02-06 20:49:50 --- analyze_glm.R Finished ---"
[1] "2022-02-06 20:49:50 --- log Finish ---"
