[1] "2022-02-04 05:09:15 --- D1113_Predict_glm_Horse_IsHitA_Type15 Start ---"
[1] "2022-02-04 05:09:15 --- Log Start ---"
[1] "2022-02-04 05:09:15 --- predict.R Start ---"
[1] "analyzeVersion=D1113"
[1] "analyzeCategory=Predict"
[1] "analyzeType=Horse"
[1] "analyzeFamily=IsHitA"
[1] "analyzeFunc=glm"
[1] "analyzeTrackTypeCd=1"
[1] "analyzeJyokenCd=5"
[1] "2022-02-04 05:09:15 --- source_function.R Start ---"
[1] "2022-02-04 05:09:16 --- source_function.R Finished ---"

> print(paste0(Sys.time(), " --- source_library.R Start ---"))
[1] "2022-02-04 05:09:16 --- source_library.R Start ---"

> require("RevoScaleR")

> print(paste0(Sys.time(), " --- source_library.R Finished ---"))
[1] "2022-02-04 05:09:16 --- source_library.R Finished ---"
[1] "2022-02-04 05:09:16 --- Load Start ---"
[1] "loadFilename=RData_Analyze_glm_Horse_Type15.RData"
[1] "2022-02-04 05:09:16 --- Load Finished ---"
[1] "2022-02-04 05:09:16 --- RxSqlServerData Start ---"
[1] "sqlQuery=SELECT * FROM ViewAnalyzeD1113analyze01HorseType15"
Rows Read: 28637, Total Rows Processed: 28637, Total Chunk Time: 210.721 seconds 
[1] "head(InputDataSet)="
           Race.RaceId Race.IsPredictedRace Race.IsAnalyzeNormalPastAndFuture
1 20190505-04-01-04-06                FALSE                              TRUE
2 20160410-03-01-02-07                FALSE                              TRUE
3 20200711-02-02-03-03                FALSE                              TRUE
4 20170805-01-01-03-03                FALSE                              TRUE
5 20160206-05-01-03-05                FALSE                              TRUE
6 20160604-05-03-01-06                FALSE                              TRUE
  Race.IsAnalyzeNormalPast Race.IsAnalyzeNormalFuture
1                     TRUE                      FALSE
2                     TRUE                      FALSE
3                     TRUE                      FALSE
4                     TRUE                      FALSE
5                     TRUE                      FALSE
6                     TRUE                      FALSE
  Race.IsAnalyzeFullPastAndFuture Race.IsAnalyzeFullPast
1                            TRUE                   TRUE
2                            TRUE                   TRUE
3                            TRUE                   TRUE
4                            TRUE                   TRUE
5                            TRUE                   TRUE
6                            TRUE                   TRUE
  Race.IsAnalyzeFullFuture Race.JyokenCd Race.JyoType1Cd   Race.RaceType0Cd
1                    FALSE             5     1-04-2000-1 1-04-2000-1-5-X-12
2                    FALSE             5     1-03-1800-1 1-03-1800-1-5-X-12
3                    FALSE             5     1-02-1200-1 1-02-1200-1-5-X-12
4                    FALSE             5     1-01-1200-1 1-01-1200-1-5-X-12
5                    FALSE             5     1-05-1800-1 1-05-1800-1-5-X-12
6                    FALSE             5     1-05-1800-1 1-05-1800-1-5-X-12
  Race.RaceType1Cd Race.RaceType2Cd Race.RaceType3Cd Race.RaceType4Cd
1            1-5-X            1-5-X           5-X-12           1-5-12
2            1-5-X            1-5-X           5-X-12           1-5-12
3            1-5-X            1-5-X           5-X-12           1-5-12
4            1-5-X            1-5-X           5-X-12           1-5-12
5            1-5-X            1-5-X           5-X-12           1-5-12
6            1-5-X            1-5-X           5-X-12           1-5-12
      RaceHorse.RaceId RaceHorse.KettoNum RaceHorse.IsHit1 RaceHorse.IsHit2
1 20190505-04-01-04-06         2016104338                0                0
2 20160410-03-01-02-07         2013101628                0                0
3 20200711-02-02-03-03         2017104559                0                1
4 20170805-01-01-03-03         2014105995                0                0
5 20160206-05-01-03-05         2013104103                0                0
6 20160604-05-03-01-06         2013101416                0                0
  RaceHorse.IsHit3 RaceHorse.IsHit4 RaceHorse.IsHit5 RaceHorse.IsHit6
1                0                0                0                1
2                1                0                0                0
3                0                0                0                0
4                1                0                0                0
5                0                0                0                1
6                0                0                0                1
  RaceHorse.IsValidRaceHorse RaceHorse.IsHitA RaceHorse.IsHitB RaceHorse.IsHitC
1                       TRUE                0                0                0
2                       TRUE                0                0                1
3                       TRUE                0                1                1
4                       TRUE                0                0                1
5                       TRUE                0                0                0
6                       TRUE                0                0                0
  Horse.PrevKettoNum Horse.TimeDvByRaceAvg Horse.TimeDvByRaceMax Horse.RunCount
1         2016104338              40.25352              47.42213              4
2         2013101628              53.51561              54.02701              2
3         2017104559              57.55665              61.16417              7
4         2014105995              53.97312              58.80830              3
5         2013104103              58.25717              58.25717              1
6         2013101416              51.27241              58.12922              4
  Horse.HitCount1 Horse.HitCount2 Horse.HitCount3 Horse.HitCount4
1               0               0               0               0
2               0               0               0               0
3               0               1               1               2
4               0               0               0               1
5               0               0               0               0
6               0               0               0               1
  Horse.HitCount5 Horse.HitRate1 Horse.HitRate2 Horse.HitRate3 Horse.HitRate4
1               0              0      0.0000000      0.0000000      0.0000000
2               0              0      0.0000000      0.0000000      0.0000000
3               0              0      0.1428571      0.1428571      0.2857143
4               1              0      0.0000000      0.0000000      0.3333333
5               1              0      0.0000000      0.0000000      0.0000000
6               0              0      0.0000000      0.0000000      0.2500000
  Horse.HitRate5 EOF
1      0.0000000   1
2      0.0000000   1
3      0.0000000   1
4      0.3333333   1
5      1.0000000   1
6      0.0000000   1
[1] "object.size(InputDataSet) auto=7.3 Mb"
[1] "nrow(InputDataSet) RxSqlServerData=28637"
[1] "str(InputDataSet)="
'data.frame':	28637 obs. of  42 variables:
 $ Race.RaceId                      : Factor w/ 2950 levels "20190217-10-01-04-03",..: 11 12 13 14 15 16 17 18 19 20 ...
 $ Race.IsPredictedRace             : logi  FALSE FALSE FALSE FALSE FALSE FALSE ...
 $ Race.IsAnalyzeNormalPastAndFuture: logi  TRUE TRUE TRUE TRUE TRUE TRUE ...
 $ Race.IsAnalyzeNormalPast         : logi  TRUE TRUE TRUE TRUE TRUE TRUE ...
 $ Race.IsAnalyzeNormalFuture       : logi  FALSE FALSE FALSE FALSE FALSE FALSE ...
 $ Race.IsAnalyzeFullPastAndFuture  : logi  TRUE TRUE TRUE TRUE TRUE TRUE ...
 $ Race.IsAnalyzeFullPast           : logi  TRUE TRUE TRUE TRUE TRUE TRUE ...
 $ Race.IsAnalyzeFullFuture         : logi  FALSE FALSE FALSE FALSE FALSE FALSE ...
 $ Race.JyokenCd                    : Factor w/ 1 level "5": 1 1 1 1 1 1 1 1 1 1 ...
 $ Race.JyoType1Cd                  : Factor w/ 182 levels "1-10-2000-1",..: 4 11 12 5 13 13 4 2 14 6 ...
 $ Race.RaceType0Cd                 : Factor w/ 288 levels "1-10-2000-1-5-X-12",..: 4 11 12 5 13 13 14 2 15 6 ...
 $ Race.RaceType1Cd                 : Factor w/ 1 level "1-5-X": 1 1 1 1 1 1 1 1 1 1 ...
 $ Race.RaceType2Cd                 : Factor w/ 1 level "1-5-X": 1 1 1 1 1 1 1 1 1 1 ...
 $ Race.RaceType3Cd                 : Factor w/ 2 levels "5-X-12","5-X-11": 1 1 1 1 1 1 2 1 1 1 ...
 $ Race.RaceType4Cd                 : Factor w/ 2 levels "1-5-12","1-5-11": 1 1 1 1 1 1 2 1 1 1 ...
 $ RaceHorse.RaceId                 : Factor w/ 2950 levels "20190217-10-01-04-03",..: 11 12 13 14 15 16 17 18 19 20 ...
 $ RaceHorse.KettoNum               : Factor w/ 10492 levels "2016103947","2016104967",..: 11 12 13 14 15 16 17 18 19 20 ...
 $ RaceHorse.IsHit1                 : int  0 0 0 0 0 0 0 0 0 0 ...
 $ RaceHorse.IsHit2                 : int  0 0 1 0 0 0 0 0 0 0 ...
 $ RaceHorse.IsHit3                 : int  0 1 0 1 0 0 1 1 0 1 ...
 $ RaceHorse.IsHit4                 : int  0 0 0 0 0 0 0 0 0 0 ...
 $ RaceHorse.IsHit5                 : int  0 0 0 0 0 0 0 0 0 0 ...
 $ RaceHorse.IsHit6                 : int  1 0 0 0 1 1 0 0 1 0 ...
 $ RaceHorse.IsValidRaceHorse       : logi  TRUE TRUE TRUE TRUE TRUE TRUE ...
 $ RaceHorse.IsHitA                 : int  0 0 0 0 0 0 0 0 0 0 ...
 $ RaceHorse.IsHitB                 : int  0 0 1 0 0 0 0 0 0 0 ...
 $ RaceHorse.IsHitC                 : int  0 1 1 1 0 0 1 1 0 1 ...
 $ Horse.PrevKettoNum               : Factor w/ 10492 levels "2016103947","2016104967",..: 11 12 13 14 15 16 17 18 19 20 ...
 $ Horse.TimeDvByRaceAvg            : num  40.3 53.5 57.6 54 58.3 ...
 $ Horse.TimeDvByRaceMax            : num  47.4 54 61.2 58.8 58.3 ...
 $ Horse.RunCount                   : int  4 2 7 3 1 4 1 1 1 2 ...
 $ Horse.HitCount1                  : int  0 0 0 0 0 0 0 0 0 0 ...
 $ Horse.HitCount2                  : int  0 0 1 0 0 0 0 0 0 0 ...
 $ Horse.HitCount3                  : int  0 0 1 0 0 0 1 0 0 0 ...
 $ Horse.HitCount4                  : int  0 0 2 1 0 1 0 1 0 0 ...
 $ Horse.HitCount5                  : int  0 0 0 1 1 0 0 0 0 0 ...
 $ Horse.HitRate1                   : num  0 0 0 0 0 0 0 0 0 0 ...
 $ Horse.HitRate2                   : num  0 0 0.143 0 0 ...
 $ Horse.HitRate3                   : num  0 0 0.143 0 0 ...
 $ Horse.HitRate4                   : num  0 0 0.286 0.333 0 ...
 $ Horse.HitRate5                   : num  0 0 0 0.333 1 ...
 $ EOF                              : int  1 1 1 1 1 1 1 1 1 1 ...
[1] "2022-02-04 05:15:47 --- RxSqlServerData Finish ---"
[1] "2022-02-04 05:15:47 --- subset Start ---"
[1] "nrow(InputDataSet) subset before=28637"
[1] "nrow(InputDataSet) subset after=28637"
[1] "nrow(InputDataSet) subset diff=0"
[1] "class(InputDataSet$Race.IsAnalyzeNormalPast)=logical"
[1] "class(InputDataSet$Race.analyzeTrackTypeCd)=NULL"
[1] "2022-02-04 05:15:47 --- subset Finish ---"
[1] "2022-02-04 05:15:47 --- transform Start ---"
[1] "2022-02-04 05:15:47 --- Transform Finished ---"
[1] "nrow(InputDataSet) transaform before=28637"
[1] "nrow(InputDataSet) transaform after=28637"
[1] "nrow(InputDataSet) transaform diff=0"
[1] "str(InputDataSet)="
'data.frame':	28637 obs. of  42 variables:
 $ Race.RaceId                      : Factor w/ 2950 levels "20190217-10-01-04-03",..: 11 12 13 14 15 16 17 18 19 20 ...
 $ Race.IsPredictedRace             : logi  FALSE FALSE FALSE FALSE FALSE FALSE ...
 $ Race.IsAnalyzeNormalPastAndFuture: logi  TRUE TRUE TRUE TRUE TRUE TRUE ...
 $ Race.IsAnalyzeNormalPast         : logi  TRUE TRUE TRUE TRUE TRUE TRUE ...
 $ Race.IsAnalyzeNormalFuture       : logi  FALSE FALSE FALSE FALSE FALSE FALSE ...
 $ Race.IsAnalyzeFullPastAndFuture  : logi  TRUE TRUE TRUE TRUE TRUE TRUE ...
 $ Race.IsAnalyzeFullPast           : logi  TRUE TRUE TRUE TRUE TRUE TRUE ...
 $ Race.IsAnalyzeFullFuture         : logi  FALSE FALSE FALSE FALSE FALSE FALSE ...
 $ Race.JyokenCd                    : Factor w/ 1 level "5": 1 1 1 1 1 1 1 1 1 1 ...
 $ Race.JyoType1Cd                  : Factor w/ 182 levels "1-10-2000-1",..: 4 11 12 5 13 13 4 2 14 6 ...
 $ Race.RaceType0Cd                 : Factor w/ 288 levels "1-10-2000-1-5-X-12",..: 4 11 12 5 13 13 14 2 15 6 ...
 $ Race.RaceType1Cd                 : Factor w/ 1 level "1-5-X": 1 1 1 1 1 1 1 1 1 1 ...
 $ Race.RaceType2Cd                 : Factor w/ 1 level "1-5-X": 1 1 1 1 1 1 1 1 1 1 ...
 $ Race.RaceType3Cd                 : Factor w/ 2 levels "5-X-12","5-X-11": 1 1 1 1 1 1 2 1 1 1 ...
 $ Race.RaceType4Cd                 : Factor w/ 2 levels "1-5-12","1-5-11": 1 1 1 1 1 1 2 1 1 1 ...
 $ RaceHorse.RaceId                 : Factor w/ 2950 levels "20190217-10-01-04-03",..: 11 12 13 14 15 16 17 18 19 20 ...
 $ RaceHorse.KettoNum               : Factor w/ 10492 levels "2016103947","2016104967",..: 11 12 13 14 15 16 17 18 19 20 ...
 $ RaceHorse.IsHit1                 : int  0 0 0 0 0 0 0 0 0 0 ...
 $ RaceHorse.IsHit2                 : int  0 0 1 0 0 0 0 0 0 0 ...
 $ RaceHorse.IsHit3                 : int  0 1 0 1 0 0 1 1 0 1 ...
 $ RaceHorse.IsHit4                 : int  0 0 0 0 0 0 0 0 0 0 ...
 $ RaceHorse.IsHit5                 : int  0 0 0 0 0 0 0 0 0 0 ...
 $ RaceHorse.IsHit6                 : int  1 0 0 0 1 1 0 0 1 0 ...
 $ RaceHorse.IsValidRaceHorse       : logi  TRUE TRUE TRUE TRUE TRUE TRUE ...
 $ RaceHorse.IsHitA                 : int  0 0 0 0 0 0 0 0 0 0 ...
 $ RaceHorse.IsHitB                 : int  0 0 1 0 0 0 0 0 0 0 ...
 $ RaceHorse.IsHitC                 : int  0 1 1 1 0 0 1 1 0 1 ...
 $ Horse.PrevKettoNum               : Factor w/ 10492 levels "2016103947","2016104967",..: 11 12 13 14 15 16 17 18 19 20 ...
 $ Horse.TimeDvByRaceAvg            : num  40.3 53.5 57.6 54 58.3 ...
 $ Horse.TimeDvByRaceMax            : num  47.4 54 61.2 58.8 58.3 ...
 $ Horse.RunCount                   : int  4 2 7 3 1 4 1 1 1 2 ...
 $ Horse.HitCount1                  : int  0 0 0 0 0 0 0 0 0 0 ...
 $ Horse.HitCount2                  : int  0 0 1 0 0 0 0 0 0 0 ...
 $ Horse.HitCount3                  : int  0 0 1 0 0 0 1 0 0 0 ...
 $ Horse.HitCount4                  : int  0 0 2 1 0 1 0 1 0 0 ...
 $ Horse.HitCount5                  : int  0 0 0 1 1 0 0 0 0 0 ...
 $ Horse.HitRate1                   : num  0 0 0 0 0 0 0 0 0 0 ...
 $ Horse.HitRate2                   : num  0 0 0.143 0 0 ...
 $ Horse.HitRate3                   : num  0 0 0.143 0 0 ...
 $ Horse.HitRate4                   : num  0 0 0.286 0.333 0 ...
 $ Horse.HitRate5                   : num  0 0 0 0.333 1 ...
 $ EOF                              : int  1 1 1 1 1 1 1 1 1 1 ...
NULL
[1] "2022-02-04 05:15:47 --- transform Finish ---"
[1] "2022-02-04 05:15:47 --- na.omit Start ---"
[1] "nrow(InputDataSet) na.omit before=28637"
[1] "nrow(InputDataSet) na.omit after=28277"
[1] "nrow(InputDataSet) na.omit diff=360"
[1] "2022-02-04 05:15:47 --- na.omit Finish---"
[1] "2022-02-04 05:15:47 --- New Levels Start ---"
[1] "levels(data$Race.RaceType1Cd)=1-5-X"
[1] "levels(InputDataSet$Race.RaceType1Cd)=1-5-X"
[1] "length(Race.RaceType1Cd.Index)=0"
[1] "2022-02-04 05:15:47 --- New Levels Finish ---"
[1] "2022-02-04 05:15:47 --- na.omit Start ---"
[1] "nrow(InputDataSet) na.omit levels before=28277"
[1] "nrow(InputDataSet) na.omit levels after=28277"
[1] "nrow(InputDataSet) na.omit levels diff=0"
[1] "2022-02-04 05:15:47 --- na.omit Finish ---"
[1] "2022-02-04 05:15:47 --- Predict InputDataSet Start ---"
[1] "nrow(InputDataSet) predict=28277"
[1] "str(InputDataSet)="
'data.frame':	28277 obs. of  42 variables:
 $ Race.RaceId                      : Factor w/ 2950 levels "20190217-10-01-04-03",..: 11 12 13 14 15 16 17 18 19 20 ...
 $ Race.IsPredictedRace             : logi  FALSE FALSE FALSE FALSE FALSE FALSE ...
 $ Race.IsAnalyzeNormalPastAndFuture: logi  TRUE TRUE TRUE TRUE TRUE TRUE ...
 $ Race.IsAnalyzeNormalPast         : logi  TRUE TRUE TRUE TRUE TRUE TRUE ...
 $ Race.IsAnalyzeNormalFuture       : logi  FALSE FALSE FALSE FALSE FALSE FALSE ...
 $ Race.IsAnalyzeFullPastAndFuture  : logi  TRUE TRUE TRUE TRUE TRUE TRUE ...
 $ Race.IsAnalyzeFullPast           : logi  TRUE TRUE TRUE TRUE TRUE TRUE ...
 $ Race.IsAnalyzeFullFuture         : logi  FALSE FALSE FALSE FALSE FALSE FALSE ...
 $ Race.JyokenCd                    : Factor w/ 1 level "5": 1 1 1 1 1 1 1 1 1 1 ...
 $ Race.JyoType1Cd                  : Factor w/ 182 levels "1-10-2000-1",..: 4 11 12 5 13 13 4 2 14 6 ...
 $ Race.RaceType0Cd                 : Factor w/ 288 levels "1-10-2000-1-5-X-12",..: 4 11 12 5 13 13 14 2 15 6 ...
 $ Race.RaceType1Cd                 : Factor w/ 1 level "1-5-X": 1 1 1 1 1 1 1 1 1 1 ...
 $ Race.RaceType2Cd                 : Factor w/ 1 level "1-5-X": 1 1 1 1 1 1 1 1 1 1 ...
 $ Race.RaceType3Cd                 : Factor w/ 2 levels "5-X-12","5-X-11": 1 1 1 1 1 1 2 1 1 1 ...
 $ Race.RaceType4Cd                 : Factor w/ 2 levels "1-5-12","1-5-11": 1 1 1 1 1 1 2 1 1 1 ...
 $ RaceHorse.RaceId                 : Factor w/ 2950 levels "20190217-10-01-04-03",..: 11 12 13 14 15 16 17 18 19 20 ...
 $ RaceHorse.KettoNum               : Factor w/ 10492 levels "2016103947","2016104967",..: 11 12 13 14 15 16 17 18 19 20 ...
 $ RaceHorse.IsHit1                 : int  0 0 0 0 0 0 0 0 0 0 ...
 $ RaceHorse.IsHit2                 : int  0 0 1 0 0 0 0 0 0 0 ...
 $ RaceHorse.IsHit3                 : int  0 1 0 1 0 0 1 1 0 1 ...
 $ RaceHorse.IsHit4                 : int  0 0 0 0 0 0 0 0 0 0 ...
 $ RaceHorse.IsHit5                 : int  0 0 0 0 0 0 0 0 0 0 ...
 $ RaceHorse.IsHit6                 : int  1 0 0 0 1 1 0 0 1 0 ...
 $ RaceHorse.IsValidRaceHorse       : logi  TRUE TRUE TRUE TRUE TRUE TRUE ...
 $ RaceHorse.IsHitA                 : int  0 0 0 0 0 0 0 0 0 0 ...
 $ RaceHorse.IsHitB                 : int  0 0 1 0 0 0 0 0 0 0 ...
 $ RaceHorse.IsHitC                 : int  0 1 1 1 0 0 1 1 0 1 ...
 $ Horse.PrevKettoNum               : Factor w/ 10492 levels "2016103947","2016104967",..: 11 12 13 14 15 16 17 18 19 20 ...
 $ Horse.TimeDvByRaceAvg            : num  40.3 53.5 57.6 54 58.3 ...
 $ Horse.TimeDvByRaceMax            : num  47.4 54 61.2 58.8 58.3 ...
 $ Horse.RunCount                   : int  4 2 7 3 1 4 1 1 1 2 ...
 $ Horse.HitCount1                  : int  0 0 0 0 0 0 0 0 0 0 ...
 $ Horse.HitCount2                  : int  0 0 1 0 0 0 0 0 0 0 ...
 $ Horse.HitCount3                  : int  0 0 1 0 0 0 1 0 0 0 ...
 $ Horse.HitCount4                  : int  0 0 2 1 0 1 0 1 0 0 ...
 $ Horse.HitCount5                  : int  0 0 0 1 1 0 0 0 0 0 ...
 $ Horse.HitRate1                   : num  0 0 0 0 0 0 0 0 0 0 ...
 $ Horse.HitRate2                   : num  0 0 0.143 0 0 ...
 $ Horse.HitRate3                   : num  0 0 0.143 0 0 ...
 $ Horse.HitRate4                   : num  0 0 0.286 0.333 0 ...
 $ Horse.HitRate5                   : num  0 0 0 0.333 1 ...
 $ EOF                              : int  1 1 1 1 1 1 1 1 1 1 ...
 - attr(*, "na.action")= 'omit' Named int  62 173 192 299 313 511 761 784 1130 1359 ...
  ..- attr(*, "names")= chr  "62" "173" "192" "299" ...
[1] "2022-02-04 05:15:48 --- Predict InputDataSet Finish ---"
[1] "2022-02-04 05:15:48 --- rxPredict (glm) Start ---"
[1] "analyzeFunc=glm"
Rows Read: 28277, Total Rows Processed: 28277, Total Chunk Time: Less than .001 seconds 
[1] "nrow(PredictDataSet) afte predict=28277"
[1] "str(PredictDataSet)"
'data.frame':	28277 obs. of  1 variable:
 $ RaceHorse.IsHitA_Pred: num  0.00446 0.06171 0.12981 0.0673 0.1467 ...
NULL
[1] "head(PredictDataSet) afte predict="
  RaceHorse.IsHitA_Pred
1           0.004455274
2           0.061711809
3           0.129809066
4           0.067303593
5           0.146704710
6           0.040072178
[1] "2022-02-04 05:15:48 --- rxPredict (glm) Finish ---"
[1] "2022-02-04 05:15:48 --- add key Start ---"
[1] "nrow(OutputDataSet) add KeyColmn=28277"
[1] "str(OutputDataSet) after add Key"
'data.frame':	28277 obs. of  2 variables:
 $ RaceHorse.RaceId  : Factor w/ 2950 levels "20190217-10-01-04-03",..: 11 12 13 14 15 16 17 18 19 20 ...
 $ RaceHorse.KettoNum: Factor w/ 10492 levels "2016103947","2016104967",..: 11 12 13 14 15 16 17 18 19 20 ...
NULL
[1] "2022-02-04 05:15:48 --- add key Finish ---"
[1] "2022-02-04 05:15:48 --- add PredictValue Start ---"
[1] "str(PredictDataSet) before rename="
[1] "colnames(PredictDataSet)=RaceHorse.IsHitA_Pred"
[1] "str(PredictDataSet) after rename="
'data.frame':	28277 obs. of  1 variable:
 $ PredictValue: num  0.00446 0.06171 0.12981 0.0673 0.1467 ...
NULL
[1] "str(OutputDataSet) before cbind="
'data.frame':	28277 obs. of  2 variables:
 $ RaceHorse.RaceId  : Factor w/ 2950 levels "20190217-10-01-04-03",..: 11 12 13 14 15 16 17 18 19 20 ...
 $ RaceHorse.KettoNum: Factor w/ 10492 levels "2016103947","2016104967",..: 11 12 13 14 15 16 17 18 19 20 ...
NULL
[1] "str(OutputDataSet) after cbind="
'data.frame':	28277 obs. of  3 variables:
 $ RaceHorse.RaceId  : Factor w/ 2950 levels "20190217-10-01-04-03",..: 11 12 13 14 15 16 17 18 19 20 ...
 $ RaceHorse.KettoNum: Factor w/ 10492 levels "2016103947","2016104967",..: 11 12 13 14 15 16 17 18 19 20 ...
 $ PredictValue      : num  0.00446 0.06171 0.12981 0.0673 0.1467 ...
NULL
[1] "2022-02-04 05:15:48 --- add PredictValue Finish ---"
[1] "2022-02-04 05:15:48 --- final Start ---"
[1] "nrow(OutputDataSet) final=28277"
[1] "head(OutputDataSet)="
      RaceHorse.RaceId RaceHorse.KettoNum PredictValue
1 20190505-04-01-04-06         2016104338  0.004455274
2 20160410-03-01-02-07         2013101628  0.061711809
3 20200711-02-02-03-03         2017104559  0.129809066
4 20170805-01-01-03-03         2014105995  0.067303593
5 20160206-05-01-03-05         2013104103  0.146704710
6 20160604-05-03-01-06         2013101416  0.040072178
[1] "str(OutputDataSet)="
'data.frame':	28277 obs. of  3 variables:
 $ RaceHorse.RaceId  : Factor w/ 2950 levels "20190217-10-01-04-03",..: 11 12 13 14 15 16 17 18 19 20 ...
 $ RaceHorse.KettoNum: Factor w/ 10492 levels "2016103947","2016104967",..: 11 12 13 14 15 16 17 18 19 20 ...
 $ PredictValue      : num  0.00446 0.06171 0.12981 0.0673 0.1467 ...
NULL
[1] "2022-02-04 05:15:48 --- final Finish ---"
[1] "2022-02-04 05:15:48 --- predict.R Finished ---"
[1] "2022-02-04 05:15:48 --- log Finish ---"
