[1] "2022-02-04 05:14:43 --- D1113_Predict_glm_Jockey_IsHitA_Type25 Start ---"
[1] "2022-02-04 05:14:43 --- Log Start ---"
[1] "2022-02-04 05:14:43 --- predict.R Start ---"
[1] "analyzeVersion=D1113"
[1] "analyzeCategory=Predict"
[1] "analyzeType=Jockey"
[1] "analyzeFamily=IsHitA"
[1] "analyzeFunc=glm"
[1] "analyzeTrackTypeCd=2"
[1] "analyzeJyokenCd=5"
[1] "2022-02-04 05:14:43 --- source_function.R Start ---"
[1] "2022-02-04 05:14:43 --- source_function.R Finished ---"

> print(paste0(Sys.time(), " --- source_library.R Start ---"))
[1] "2022-02-04 05:14:43 --- source_library.R Start ---"

> require("RevoScaleR")

> print(paste0(Sys.time(), " --- source_library.R Finished ---"))
[1] "2022-02-04 05:14:43 --- source_library.R Finished ---"
[1] "2022-02-04 05:14:43 --- Load Start ---"
[1] "loadFilename=RData_Analyze_glm_Jockey_Type25.RData"
[1] "2022-02-04 05:14:44 --- Load Finished ---"
[1] "2022-02-04 05:14:44 --- RxSqlServerData Start ---"
[1] "sqlQuery=SELECT * FROM ViewAnalyzeD1113analyze01JockeyType25"
Rows Read: 59394, Total Rows Processed: 59394, Total Chunk Time: 79.007 seconds 
[1] "head(InputDataSet)="
           Race.RaceId Race.IsPredictedRace Race.IsAnalyzeNormalPastAndFuture
1 20170729-04-02-01-02                FALSE                              TRUE
2 20161009-08-04-02-01                FALSE                              TRUE
3 20180225-09-01-02-02                FALSE                              TRUE
4 20200111-06-01-03-02                FALSE                              TRUE
5 20190414-03-01-04-01                FALSE                              TRUE
6 20210717-10-03-05-02                FALSE                              TRUE
  Race.IsAnalyzeNormalPast Race.IsAnalyzeNormalFuture
1                     TRUE                      FALSE
2                     TRUE                      FALSE
3                     TRUE                      FALSE
4                     TRUE                      FALSE
5                     TRUE                      FALSE
6                    FALSE                       TRUE
  Race.IsAnalyzeFullPastAndFuture Race.IsAnalyzeFullPast
1                            TRUE                   TRUE
2                            TRUE                   TRUE
3                            TRUE                   TRUE
4                            TRUE                   TRUE
5                            TRUE                   TRUE
6                            TRUE                  FALSE
  Race.IsAnalyzeFullFuture Race.JyokenCd Race.JyoType1Cd   Race.RaceType0Cd
1                    FALSE             5     2-04-1200-2 2-04-1200-2-5-X-11
2                    FALSE             5     2-08-1400-4 2-08-1400-4-5-X-11
3                    FALSE             5     2-09-1400-1 2-09-1400-1-5-X-12
4                    FALSE             5     2-06-1800-1 2-06-1800-1-5-X-12
5                    FALSE             5     2-03-1150-2 2-03-1150-2-5-X-12
6                     TRUE             5     2-10-1700-1 2-10-1700-1-5-X-12
  Race.RaceType1Cd Race.RaceType2Cd Race.RaceType3Cd Race.RaceType4Cd
1            2-5-X            2-5-X           5-X-11           2-5-11
2            2-5-X            2-5-X           5-X-11           2-5-11
3            2-5-X            2-5-X           5-X-12           2-5-12
4            2-5-X            2-5-X           5-X-12           2-5-12
5            2-5-X            2-5-X           5-X-12           2-5-12
6            2-5-X            2-5-X           5-X-12           2-5-12
      RaceHorse.RaceId RaceHorse.KettoNum RaceHorse.IsHit1 RaceHorse.IsHit2
1 20170729-04-02-01-02         2015101242                0                0
2 20161009-08-04-02-01         2014105998                0                0
3 20180225-09-01-02-02         2015104500                0                0
4 20200111-06-01-03-02         2017106729                0                0
5 20190414-03-01-04-01         2016103970                0                0
6 20210717-10-03-05-02         2018101381                0                0
  RaceHorse.IsHit3 RaceHorse.IsHit4 RaceHorse.IsHit5 RaceHorse.IsHit6
1                0                1                0                0
2                0                0                0                1
3                0                1                0                0
4                0                0                0                1
5                0                0                1                0
6                0                0                0                1
  RaceHorse.IsValidRaceHorse RaceHorse.IsHitA RaceHorse.IsHitB RaceHorse.IsHitC
1                       TRUE                0                0                0
2                       TRUE                0                0                0
3                       TRUE                0                0                0
4                       TRUE                0                0                0
5                       TRUE                0                0                0
6                       TRUE                0                0                0
  Jockey.KisyuCode Jockey.TimeDvByRaceAvg Jockey.TimeDvByRaceMax
1            05386               56.30754               70.84814
2            01014               55.54126               72.42274
3            01124               49.67013               69.45282
4            00733               51.47962               75.96148
5            01149               46.09359               63.88525
6            00732               53.52733               74.05730
  Jockey.RunCount Jockey.HitCount1 Jockey.HitCount2 Jockey.HitCount3
1             496               97               70               57
2             346               59               44               40
3             322               18               12               15
4             200                9               18                7
5             210                1                5                5
6             481               56               44               40
  Jockey.HitCount4 Jockey.HitCount5 Jockey.HitRate1 Jockey.HitRate2
1               45               37     0.195564516      0.14112903
2               31               30     0.170520231      0.12716763
3               24               19     0.055900621      0.03726708
4               14               15     0.045000000      0.09000000
5                7                9     0.004761905      0.02380952
6               50               42     0.116424116      0.09147609
  Jockey.HitRate3 Jockey.HitRate4 Jockey.HitRate5 EOF
1      0.11491935      0.09072581      0.07459677   1
2      0.11560694      0.08959538      0.08670520   1
3      0.04658385      0.07453416      0.05900621   1
4      0.03500000      0.07000000      0.07500000   1
5      0.02380952      0.03333333      0.04285714   1
6      0.08316008      0.10395010      0.08731809   1
[1] "object.size(InputDataSet) auto=13.2 Mb"
[1] "nrow(InputDataSet) RxSqlServerData=59394"
[1] "str(InputDataSet)="
'data.frame':	59394 obs. of  42 variables:
 $ Race.RaceId                      : Factor w/ 4044 levels "20160925-09-04-06-01",..: 11 12 13 14 15 16 17 18 19 20 ...
 $ Race.IsPredictedRace             : logi  FALSE FALSE FALSE FALSE FALSE FALSE ...
 $ Race.IsAnalyzeNormalPastAndFuture: logi  TRUE TRUE TRUE TRUE TRUE TRUE ...
 $ Race.IsAnalyzeNormalPast         : logi  TRUE TRUE TRUE TRUE TRUE FALSE ...
 $ Race.IsAnalyzeNormalFuture       : logi  FALSE FALSE FALSE FALSE FALSE TRUE ...
 $ Race.IsAnalyzeFullPastAndFuture  : logi  TRUE TRUE TRUE TRUE TRUE TRUE ...
 $ Race.IsAnalyzeFullPast           : logi  TRUE TRUE TRUE TRUE TRUE FALSE ...
 $ Race.IsAnalyzeFullFuture         : logi  FALSE FALSE FALSE FALSE FALSE TRUE ...
 $ Race.JyokenCd                    : Factor w/ 1 level "5": 1 1 1 1 1 1 1 1 1 1 ...
 $ Race.JyoType1Cd                  : Factor w/ 118 levels "2-09-1400-1",..: 9 10 1 2 11 8 12 1 8 13 ...
 $ Race.RaceType0Cd                 : Factor w/ 205 levels "2-09-1400-1-5-X-11",..: 9 10 11 12 13 8 14 11 8 15 ...
 $ Race.RaceType1Cd                 : Factor w/ 1 level "2-5-X": 1 1 1 1 1 1 1 1 1 1 ...
 $ Race.RaceType2Cd                 : Factor w/ 1 level "2-5-X": 1 1 1 1 1 1 1 1 1 1 ...
 $ Race.RaceType3Cd                 : Factor w/ 2 levels "5-X-11","5-X-12": 1 1 2 2 2 2 2 2 2 2 ...
 $ Race.RaceType4Cd                 : Factor w/ 2 levels "2-5-11","2-5-12": 1 1 2 2 2 2 2 2 2 2 ...
 $ RaceHorse.RaceId                 : Factor w/ 4044 levels "20160925-09-04-06-01",..: 11 12 13 14 15 16 17 18 19 20 ...
 $ RaceHorse.KettoNum               : Factor w/ 20503 levels "2014103757","2019100502",..: 11 12 13 14 15 16 17 18 19 20 ...
 $ RaceHorse.IsHit1                 : int  0 0 0 0 0 0 0 0 0 0 ...
 $ RaceHorse.IsHit2                 : int  0 0 0 0 0 0 0 0 0 1 ...
 $ RaceHorse.IsHit3                 : int  0 0 0 0 0 0 0 0 0 0 ...
 $ RaceHorse.IsHit4                 : int  1 0 1 0 0 0 0 0 0 0 ...
 $ RaceHorse.IsHit5                 : int  0 0 0 0 1 0 0 0 0 0 ...
 $ RaceHorse.IsHit6                 : int  0 1 0 1 0 1 1 1 1 0 ...
 $ RaceHorse.IsValidRaceHorse       : logi  TRUE TRUE TRUE TRUE TRUE TRUE ...
 $ RaceHorse.IsHitA                 : int  0 0 0 0 0 0 0 0 0 0 ...
 $ RaceHorse.IsHitB                 : int  0 0 0 0 0 0 0 0 0 1 ...
 $ RaceHorse.IsHitC                 : int  0 0 0 0 0 0 0 0 0 1 ...
 $ Jockey.KisyuCode                 : Factor w/ 209 levels "00894","01184",..: 10 11 12 13 14 15 16 5 17 5 ...
 $ Jockey.TimeDvByRaceAvg           : num  56.3 55.5 49.7 51.5 46.1 ...
 $ Jockey.TimeDvByRaceMax           : num  70.8 72.4 69.5 76 63.9 ...
 $ Jockey.RunCount                  : int  496 346 322 200 210 481 72 503 94 487 ...
 $ Jockey.HitCount1                 : int  97 59 18 9 1 56 2 30 1 38 ...
 $ Jockey.HitCount2                 : int  70 44 12 18 5 44 3 46 5 59 ...
 $ Jockey.HitCount3                 : int  57 40 15 7 5 40 2 46 3 34 ...
 $ Jockey.HitCount4                 : int  45 31 24 14 7 50 5 46 5 60 ...
 $ Jockey.HitCount5                 : int  37 30 19 15 9 42 6 42 5 44 ...
 $ Jockey.HitRate1                  : num  0.19556 0.17052 0.0559 0.045 0.00476 ...
 $ Jockey.HitRate2                  : num  0.1411 0.1272 0.0373 0.09 0.0238 ...
 $ Jockey.HitRate3                  : num  0.1149 0.1156 0.0466 0.035 0.0238 ...
 $ Jockey.HitRate4                  : num  0.0907 0.0896 0.0745 0.07 0.0333 ...
 $ Jockey.HitRate5                  : num  0.0746 0.0867 0.059 0.075 0.0429 ...
 $ EOF                              : int  1 1 1 1 1 1 1 1 1 1 ...
[1] "2022-02-04 05:18:47 --- RxSqlServerData Finish ---"
[1] "2022-02-04 05:18:47 --- subset Start ---"
[1] "nrow(InputDataSet) subset before=59394"
[1] "nrow(InputDataSet) subset after=59394"
[1] "nrow(InputDataSet) subset diff=0"
[1] "class(InputDataSet$Race.IsAnalyzeNormalPast)=logical"
[1] "class(InputDataSet$Race.analyzeTrackTypeCd)=NULL"
[1] "2022-02-04 05:18:47 --- subset Finish ---"
[1] "2022-02-04 05:18:47 --- transform Start ---"
[1] "2022-02-04 05:18:47 --- Transform Finished ---"
[1] "nrow(InputDataSet) transaform before=59394"
[1] "nrow(InputDataSet) transaform after=59394"
[1] "nrow(InputDataSet) transaform diff=0"
[1] "str(InputDataSet)="
'data.frame':	59394 obs. of  42 variables:
 $ Race.RaceId                      : Factor w/ 4044 levels "20160925-09-04-06-01",..: 11 12 13 14 15 16 17 18 19 20 ...
 $ Race.IsPredictedRace             : logi  FALSE FALSE FALSE FALSE FALSE FALSE ...
 $ Race.IsAnalyzeNormalPastAndFuture: logi  TRUE TRUE TRUE TRUE TRUE TRUE ...
 $ Race.IsAnalyzeNormalPast         : logi  TRUE TRUE TRUE TRUE TRUE FALSE ...
 $ Race.IsAnalyzeNormalFuture       : logi  FALSE FALSE FALSE FALSE FALSE TRUE ...
 $ Race.IsAnalyzeFullPastAndFuture  : logi  TRUE TRUE TRUE TRUE TRUE TRUE ...
 $ Race.IsAnalyzeFullPast           : logi  TRUE TRUE TRUE TRUE TRUE FALSE ...
 $ Race.IsAnalyzeFullFuture         : logi  FALSE FALSE FALSE FALSE FALSE TRUE ...
 $ Race.JyokenCd                    : Factor w/ 1 level "5": 1 1 1 1 1 1 1 1 1 1 ...
 $ Race.JyoType1Cd                  : Factor w/ 118 levels "2-09-1400-1",..: 9 10 1 2 11 8 12 1 8 13 ...
 $ Race.RaceType0Cd                 : Factor w/ 205 levels "2-09-1400-1-5-X-11",..: 9 10 11 12 13 8 14 11 8 15 ...
 $ Race.RaceType1Cd                 : Factor w/ 1 level "2-5-X": 1 1 1 1 1 1 1 1 1 1 ...
 $ Race.RaceType2Cd                 : Factor w/ 1 level "2-5-X": 1 1 1 1 1 1 1 1 1 1 ...
 $ Race.RaceType3Cd                 : Factor w/ 2 levels "5-X-11","5-X-12": 1 1 2 2 2 2 2 2 2 2 ...
 $ Race.RaceType4Cd                 : Factor w/ 2 levels "2-5-11","2-5-12": 1 1 2 2 2 2 2 2 2 2 ...
 $ RaceHorse.RaceId                 : Factor w/ 4044 levels "20160925-09-04-06-01",..: 11 12 13 14 15 16 17 18 19 20 ...
 $ RaceHorse.KettoNum               : Factor w/ 20503 levels "2014103757","2019100502",..: 11 12 13 14 15 16 17 18 19 20 ...
 $ RaceHorse.IsHit1                 : int  0 0 0 0 0 0 0 0 0 0 ...
 $ RaceHorse.IsHit2                 : int  0 0 0 0 0 0 0 0 0 1 ...
 $ RaceHorse.IsHit3                 : int  0 0 0 0 0 0 0 0 0 0 ...
 $ RaceHorse.IsHit4                 : int  1 0 1 0 0 0 0 0 0 0 ...
 $ RaceHorse.IsHit5                 : int  0 0 0 0 1 0 0 0 0 0 ...
 $ RaceHorse.IsHit6                 : int  0 1 0 1 0 1 1 1 1 0 ...
 $ RaceHorse.IsValidRaceHorse       : logi  TRUE TRUE TRUE TRUE TRUE TRUE ...
 $ RaceHorse.IsHitA                 : int  0 0 0 0 0 0 0 0 0 0 ...
 $ RaceHorse.IsHitB                 : int  0 0 0 0 0 0 0 0 0 1 ...
 $ RaceHorse.IsHitC                 : int  0 0 0 0 0 0 0 0 0 1 ...
 $ Jockey.KisyuCode                 : Factor w/ 209 levels "00894","01184",..: 10 11 12 13 14 15 16 5 17 5 ...
 $ Jockey.TimeDvByRaceAvg           : num  56.3 55.5 49.7 51.5 46.1 ...
 $ Jockey.TimeDvByRaceMax           : num  70.8 72.4 69.5 76 63.9 ...
 $ Jockey.RunCount                  : int  496 346 322 200 210 481 72 503 94 487 ...
 $ Jockey.HitCount1                 : int  97 59 18 9 1 56 2 30 1 38 ...
 $ Jockey.HitCount2                 : int  70 44 12 18 5 44 3 46 5 59 ...
 $ Jockey.HitCount3                 : int  57 40 15 7 5 40 2 46 3 34 ...
 $ Jockey.HitCount4                 : int  45 31 24 14 7 50 5 46 5 60 ...
 $ Jockey.HitCount5                 : int  37 30 19 15 9 42 6 42 5 44 ...
 $ Jockey.HitRate1                  : num  0.19556 0.17052 0.0559 0.045 0.00476 ...
 $ Jockey.HitRate2                  : num  0.1411 0.1272 0.0373 0.09 0.0238 ...
 $ Jockey.HitRate3                  : num  0.1149 0.1156 0.0466 0.035 0.0238 ...
 $ Jockey.HitRate4                  : num  0.0907 0.0896 0.0745 0.07 0.0333 ...
 $ Jockey.HitRate5                  : num  0.0746 0.0867 0.059 0.075 0.0429 ...
 $ EOF                              : int  1 1 1 1 1 1 1 1 1 1 ...
NULL
[1] "2022-02-04 05:18:47 --- transform Finish ---"
[1] "2022-02-04 05:18:47 --- na.omit Start ---"
[1] "nrow(InputDataSet) na.omit before=59394"
[1] "nrow(InputDataSet) na.omit after=58431"
[1] "nrow(InputDataSet) na.omit diff=963"
[1] "2022-02-04 05:18:48 --- na.omit Finish---"
[1] "2022-02-04 05:18:48 --- New Levels Start ---"
[1] "levels(data$Race.RaceType1Cd)=2-5-X"
[1] "levels(InputDataSet$Race.RaceType1Cd)=2-5-X"
[1] "length(Race.RaceType1Cd.Index)=0"
[1] "2022-02-04 05:18:48 --- New Levels Finish ---"
[1] "2022-02-04 05:18:48 --- na.omit Start ---"
[1] "nrow(InputDataSet) na.omit levels before=58431"
[1] "nrow(InputDataSet) na.omit levels after=58431"
[1] "nrow(InputDataSet) na.omit levels diff=0"
[1] "2022-02-04 05:18:48 --- na.omit Finish ---"
[1] "2022-02-04 05:18:48 --- Predict InputDataSet Start ---"
[1] "nrow(InputDataSet) predict=58431"
[1] "str(InputDataSet)="
'data.frame':	58431 obs. of  42 variables:
 $ Race.RaceId                      : Factor w/ 4044 levels "20160925-09-04-06-01",..: 11 12 13 14 15 16 17 18 19 20 ...
 $ Race.IsPredictedRace             : logi  FALSE FALSE FALSE FALSE FALSE FALSE ...
 $ Race.IsAnalyzeNormalPastAndFuture: logi  TRUE TRUE TRUE TRUE TRUE TRUE ...
 $ Race.IsAnalyzeNormalPast         : logi  TRUE TRUE TRUE TRUE TRUE FALSE ...
 $ Race.IsAnalyzeNormalFuture       : logi  FALSE FALSE FALSE FALSE FALSE TRUE ...
 $ Race.IsAnalyzeFullPastAndFuture  : logi  TRUE TRUE TRUE TRUE TRUE TRUE ...
 $ Race.IsAnalyzeFullPast           : logi  TRUE TRUE TRUE TRUE TRUE FALSE ...
 $ Race.IsAnalyzeFullFuture         : logi  FALSE FALSE FALSE FALSE FALSE TRUE ...
 $ Race.JyokenCd                    : Factor w/ 1 level "5": 1 1 1 1 1 1 1 1 1 1 ...
 $ Race.JyoType1Cd                  : Factor w/ 118 levels "2-09-1400-1",..: 9 10 1 2 11 8 12 1 8 13 ...
 $ Race.RaceType0Cd                 : Factor w/ 205 levels "2-09-1400-1-5-X-11",..: 9 10 11 12 13 8 14 11 8 15 ...
 $ Race.RaceType1Cd                 : Factor w/ 1 level "2-5-X": 1 1 1 1 1 1 1 1 1 1 ...
 $ Race.RaceType2Cd                 : Factor w/ 1 level "2-5-X": 1 1 1 1 1 1 1 1 1 1 ...
 $ Race.RaceType3Cd                 : Factor w/ 2 levels "5-X-11","5-X-12": 1 1 2 2 2 2 2 2 2 2 ...
 $ Race.RaceType4Cd                 : Factor w/ 2 levels "2-5-11","2-5-12": 1 1 2 2 2 2 2 2 2 2 ...
 $ RaceHorse.RaceId                 : Factor w/ 4044 levels "20160925-09-04-06-01",..: 11 12 13 14 15 16 17 18 19 20 ...
 $ RaceHorse.KettoNum               : Factor w/ 20503 levels "2014103757","2019100502",..: 11 12 13 14 15 16 17 18 19 20 ...
 $ RaceHorse.IsHit1                 : int  0 0 0 0 0 0 0 0 0 0 ...
 $ RaceHorse.IsHit2                 : int  0 0 0 0 0 0 0 0 0 1 ...
 $ RaceHorse.IsHit3                 : int  0 0 0 0 0 0 0 0 0 0 ...
 $ RaceHorse.IsHit4                 : int  1 0 1 0 0 0 0 0 0 0 ...
 $ RaceHorse.IsHit5                 : int  0 0 0 0 1 0 0 0 0 0 ...
 $ RaceHorse.IsHit6                 : int  0 1 0 1 0 1 1 1 1 0 ...
 $ RaceHorse.IsValidRaceHorse       : logi  TRUE TRUE TRUE TRUE TRUE TRUE ...
 $ RaceHorse.IsHitA                 : int  0 0 0 0 0 0 0 0 0 0 ...
 $ RaceHorse.IsHitB                 : int  0 0 0 0 0 0 0 0 0 1 ...
 $ RaceHorse.IsHitC                 : int  0 0 0 0 0 0 0 0 0 1 ...
 $ Jockey.KisyuCode                 : Factor w/ 209 levels "00894","01184",..: 10 11 12 13 14 15 16 5 17 5 ...
 $ Jockey.TimeDvByRaceAvg           : num  56.3 55.5 49.7 51.5 46.1 ...
 $ Jockey.TimeDvByRaceMax           : num  70.8 72.4 69.5 76 63.9 ...
 $ Jockey.RunCount                  : int  496 346 322 200 210 481 72 503 94 487 ...
 $ Jockey.HitCount1                 : int  97 59 18 9 1 56 2 30 1 38 ...
 $ Jockey.HitCount2                 : int  70 44 12 18 5 44 3 46 5 59 ...
 $ Jockey.HitCount3                 : int  57 40 15 7 5 40 2 46 3 34 ...
 $ Jockey.HitCount4                 : int  45 31 24 14 7 50 5 46 5 60 ...
 $ Jockey.HitCount5                 : int  37 30 19 15 9 42 6 42 5 44 ...
 $ Jockey.HitRate1                  : num  0.19556 0.17052 0.0559 0.045 0.00476 ...
 $ Jockey.HitRate2                  : num  0.1411 0.1272 0.0373 0.09 0.0238 ...
 $ Jockey.HitRate3                  : num  0.1149 0.1156 0.0466 0.035 0.0238 ...
 $ Jockey.HitRate4                  : num  0.0907 0.0896 0.0745 0.07 0.0333 ...
 $ Jockey.HitRate5                  : num  0.0746 0.0867 0.059 0.075 0.0429 ...
 $ EOF                              : int  1 1 1 1 1 1 1 1 1 1 ...
 - attr(*, "na.action")= 'omit' Named int  90 94 229 241 247 260 361 418 420 431 ...
  ..- attr(*, "names")= chr  "90" "94" "229" "241" ...
[1] "2022-02-04 05:18:48 --- Predict InputDataSet Finish ---"
[1] "2022-02-04 05:18:48 --- rxPredict (glm) Start ---"
[1] "analyzeFunc=glm"
Rows Read: 58431, Total Rows Processed: 58431, Total Chunk Time: 0.003 seconds 
[1] "nrow(PredictDataSet) afte predict=58431"
[1] "str(PredictDataSet)"
'data.frame':	58431 obs. of  1 variable:
 $ RaceHorse.IsHitA_Pred: num  0.1884 0.1615 0.0524 0.0679 0.0263 ...
NULL
[1] "head(PredictDataSet) afte predict="
  RaceHorse.IsHitA_Pred
1            0.18835355
2            0.16148394
3            0.05243439
4            0.06794546
5            0.02633681
6            0.10815087
[1] "2022-02-04 05:18:48 --- rxPredict (glm) Finish ---"
[1] "2022-02-04 05:18:48 --- add key Start ---"
[1] "nrow(OutputDataSet) add KeyColmn=58431"
[1] "str(OutputDataSet) after add Key"
'data.frame':	58431 obs. of  2 variables:
 $ RaceHorse.RaceId  : Factor w/ 4044 levels "20160925-09-04-06-01",..: 11 12 13 14 15 16 17 18 19 20 ...
 $ RaceHorse.KettoNum: Factor w/ 20503 levels "2014103757","2019100502",..: 11 12 13 14 15 16 17 18 19 20 ...
NULL
[1] "2022-02-04 05:18:48 --- add key Finish ---"
[1] "2022-02-04 05:18:48 --- add PredictValue Start ---"
[1] "str(PredictDataSet) before rename="
[1] "colnames(PredictDataSet)=RaceHorse.IsHitA_Pred"
[1] "str(PredictDataSet) after rename="
'data.frame':	58431 obs. of  1 variable:
 $ PredictValue: num  0.1884 0.1615 0.0524 0.0679 0.0263 ...
NULL
[1] "str(OutputDataSet) before cbind="
'data.frame':	58431 obs. of  2 variables:
 $ RaceHorse.RaceId  : Factor w/ 4044 levels "20160925-09-04-06-01",..: 11 12 13 14 15 16 17 18 19 20 ...
 $ RaceHorse.KettoNum: Factor w/ 20503 levels "2014103757","2019100502",..: 11 12 13 14 15 16 17 18 19 20 ...
NULL
[1] "str(OutputDataSet) after cbind="
'data.frame':	58431 obs. of  3 variables:
 $ RaceHorse.RaceId  : Factor w/ 4044 levels "20160925-09-04-06-01",..: 11 12 13 14 15 16 17 18 19 20 ...
 $ RaceHorse.KettoNum: Factor w/ 20503 levels "2014103757","2019100502",..: 11 12 13 14 15 16 17 18 19 20 ...
 $ PredictValue      : num  0.1884 0.1615 0.0524 0.0679 0.0263 ...
NULL
[1] "2022-02-04 05:18:49 --- add PredictValue Finish ---"
[1] "2022-02-04 05:18:49 --- final Start ---"
[1] "nrow(OutputDataSet) final=58431"
[1] "head(OutputDataSet)="
      RaceHorse.RaceId RaceHorse.KettoNum PredictValue
1 20170729-04-02-01-02         2015101242   0.18835355
2 20161009-08-04-02-01         2014105998   0.16148394
3 20180225-09-01-02-02         2015104500   0.05243439
4 20200111-06-01-03-02         2017106729   0.06794546
5 20190414-03-01-04-01         2016103970   0.02633681
6 20210717-10-03-05-02         2018101381   0.10815087
[1] "str(OutputDataSet)="
'data.frame':	58431 obs. of  3 variables:
 $ RaceHorse.RaceId  : Factor w/ 4044 levels "20160925-09-04-06-01",..: 11 12 13 14 15 16 17 18 19 20 ...
 $ RaceHorse.KettoNum: Factor w/ 20503 levels "2014103757","2019100502",..: 11 12 13 14 15 16 17 18 19 20 ...
 $ PredictValue      : num  0.1884 0.1615 0.0524 0.0679 0.0263 ...
NULL
[1] "2022-02-04 05:18:49 --- final Finish ---"
[1] "2022-02-04 05:18:49 --- predict.R Finished ---"
[1] "2022-02-04 05:18:49 --- log Finish ---"
