[1] "2022-02-15 05:40:50 --- D1115_Predict_glm_Jockey_IsHitA_Type11 Start ---"
[1] "2022-02-15 05:40:50 --- Log Start ---"
[1] "2022-02-15 05:40:50 --- predict.R Start ---"
[1] "--------------------------------------------------------------------------------"
[1] "analyzeVersion=D1115"
[1] "analyzeCategory=Predict"
[1] "analyzeType=Jockey"
[1] "analyzeFamily=IsHitA"
[1] "analyzeFunc=glm"
[1] "analyzeTrackTypeCd=1"
[1] "analyzeJyokenCd=1"
[1] "--------------------------------------------------------------------------------"
[1] "2022-02-15 05:40:50 --- source_function.R Start ---"
[1] "2022-02-15 05:40:50 --- source_function.R Finished ---"

> print(paste0(Sys.time(), " --- source_library.R Start ---"))
[1] "2022-02-15 05:40:50 --- source_library.R Start ---"

> require("RevoScaleR")

> print(paste0(Sys.time(), " --- source_library.R Finished ---"))
[1] "2022-02-15 05:40:50 --- source_library.R Finished ---"
[1] "2022-02-15 05:40:50 --- Load Start ---"
[1] "analyzeTrackTypeCd=1"
[1] "analyzeJyokenCd=1"
[1] "loadFilename=RData_Analyze_glm_Jockey_Type11.RData"
[1] "2022-02-15 05:40:50 --- Load Finished ---"
[1] "2022-02-15 05:40:50 --- RxSqlServerData Start ---"
[1] "2022-02-15 05:40:50 --- RxInSqlServer Start ---"
[1] "2022-02-15 05:40:50 --- RxInSqlServer Finish ---"
[1] "2022-02-15 05:40:50 --- rxSetComputeContext Start ---"
[1] "2022-02-15 05:40:50 --- rxSetComputeContext Finish ---"
[1] "2022-02-15 05:40:50 --- RxSqlServerData Start ---"
[1] "analyzeTrackTypeCd=1"
[1] "analyzeJyokenCd=1"
[1] "sqlQuery=SELECT * FROM ViewAnalyzeD1115analyze01JockeyType11"
[1] "2022-02-15 05:40:50 --- RxSqlServerData Finish ---"
[1] "2022-02-15 05:40:50 --- rxGetVarInfo Start ---"
[1] "2022-02-15 05:40:51 --- rxGetVarInfo Finish---"
[1] "2022-02-15 05:40:51 --- rxImport Start ---"
Rows Read: 15149, Total Rows Processed: 15149, Total Chunk Time: 127.614 seconds 
[1] "2022-02-15 05:44:48 --- rxImport Finish ---"
[1] "object.size(InputDataSet) auto=3.2 Mb"
[1] "--------------------------------------------------------------------------------"
[1] "nrow(InputDataSet) RxSqlServerData=15149"
[1] "--------------------------------------------------------------------------------"
[1] "str(InputDataSet)="
'data.frame':	15149 obs. of  41 variables:
 $ Race.RaceId                      : Factor w/ 1143 levels "20160105-06-01-01-11",..: 1 1 1 1 1 1 1 1 1 1 ...
 $ Race.IsPredictedRace             : logi  TRUE TRUE TRUE TRUE TRUE TRUE ...
 $ Race.IsAnalyzeNormalPastAndFuture: logi  TRUE TRUE TRUE TRUE TRUE TRUE ...
 $ Race.IsAnalyzeNormalPast         : logi  TRUE TRUE TRUE TRUE TRUE TRUE ...
 $ Race.IsAnalyzeNormalFuture       : logi  FALSE FALSE FALSE FALSE FALSE FALSE ...
 $ Race.IsAnalyzeFullPastAndFuture  : logi  TRUE TRUE TRUE TRUE TRUE TRUE ...
 $ Race.IsAnalyzeFullPast           : logi  TRUE TRUE TRUE TRUE TRUE TRUE ...
 $ Race.IsAnalyzeFullFuture         : logi  FALSE FALSE FALSE FALSE FALSE FALSE ...
 $ Race.JyokenCd                    : Factor w/ 1 level "1": 1 1 1 1 1 1 1 1 1 1 ...
 $ Race.JyoType1Cd                  : Factor w/ 156 levels "1-06-2000-1",..: 1 1 1 1 1 1 1 1 1 1 ...
 $ Race.RaceType0Cd                 : Factor w/ 428 levels "1-06-2000-1-1-C-14",..: 1 1 1 1 1 1 1 1 1 1 ...
 $ Race.RaceType1Cd                 : Factor w/ 6 levels "1-1-C","1-1-B",..: 1 1 1 1 1 1 1 1 1 1 ...
 $ Race.RaceType2Cd                 : Factor w/ 6 levels "1-1-C","1-1-B",..: 1 1 1 1 1 1 1 1 1 1 ...
 $ Race.RaceType3Cd                 : Factor w/ 22 levels "1-C-14","1-C-12",..: 1 1 1 1 1 1 1 1 1 1 ...
 $ Race.RaceType4Cd                 : Factor w/ 4 levels "1-1-14","1-1-12",..: 1 1 1 1 1 1 1 1 1 1 ...
 $ RaceHorse.RaceId                 : Factor w/ 1143 levels "20160105-06-01-01-11",..: 1 1 1 1 1 1 1 1 1 1 ...
 $ RaceHorse.KettoNum               : Factor w/ 3567 levels "2007101798","2008103120",..: 1 2 3 4 5 6 7 8 9 10 ...
 $ RaceHorse.IsHit1                 : int  0 0 0 0 0 0 0 0 0 0 ...
 $ RaceHorse.IsHit2                 : int  0 0 0 0 0 0 0 0 0 1 ...
 $ RaceHorse.IsHit3                 : int  0 0 0 0 0 1 0 0 0 0 ...
 $ RaceHorse.IsHit4                 : int  0 0 0 0 0 0 0 1 0 0 ...
 $ RaceHorse.IsHit5                 : int  0 0 1 0 0 0 0 0 0 0 ...
 $ RaceHorse.IsHit6                 : int  1 1 0 1 1 0 1 0 1 0 ...
 $ RaceHorse.IsValidRaceHorse       : logi  TRUE TRUE TRUE TRUE TRUE TRUE ...
 $ RaceHorse.IsHitA                 : int  0 0 0 0 0 0 0 0 0 0 ...
 $ RaceHorse.IsHitB                 : int  0 0 0 0 0 0 0 0 0 1 ...
 $ RaceHorse.IsHitC                 : int  0 0 0 0 0 1 0 0 0 1 ...
 $ Jockey.KisyuCode                 : Factor w/ 173 levels "01096","05243",..: 1 2 3 4 5 6 7 8 9 10 ...
 $ Jockey.TimeDvByRaceAvg           : num  46.3 47.7 51.8 49.2 50.5 ...
 $ Jockey.RunCount                  : int  12 17 16 15 10 16 18 5 20 8 ...
 $ Jockey.HitCount1                 : int  0 0 1 0 0 5 1 0 3 0 ...
 $ Jockey.HitCount2                 : int  0 1 3 0 0 0 0 0 3 0 ...
 $ Jockey.HitCount3                 : int  2 2 0 1 0 2 1 0 1 0 ...
 $ Jockey.HitCount4                 : int  1 0 1 2 1 2 1 0 2 0 ...
 $ Jockey.HitCount5                 : int  1 2 2 1 1 1 3 0 2 2 ...
 $ Jockey.HitRate1                  : num  0 0 0.0625 0 0 ...
 $ Jockey.HitRate2                  : num  0 0.0588 0.1875 0 0 ...
 $ Jockey.HitRate3                  : num  0.1667 0.1176 0 0.0667 0 ...
 $ Jockey.HitRate4                  : num  0.0833 0 0.0625 0.1333 0.1 ...
 $ Jockey.HitRate5                  : num  0.0833 0.1176 0.125 0.0667 0.1 ...
 $ EOF                              : int  1 1 1 1 1 1 1 1 1 1 ...
[1] "2022-02-15 05:44:49 --- RxSqlServerData Finish ---"
[1] "2022-02-15 05:44:49 --- subset Start ---"
[1] "--------------------------------------------------------------------------------"
[1] "nrow(InputDataSet) subset before=15149"
[1] "nrow(InputDataSet) subset after=15149"
[1] "nrow(InputDataSet) subset diff=0"
[1] "--------------------------------------------------------------------------------"
[1] "class(InputDataSet$Race.IsAnalyzeNormalPast)=logical"
[1] "class(InputDataSet$Race.analyzeTrackTypeCd)=NULL"
[1] "2022-02-15 05:44:49 --- subset Finish ---"
[1] "2022-02-15 05:44:49 --- transform Start ---"
[1] "--------------------------------------------------------------------------------"
[1] "nrow(InputDataSet) transaform before=15149"
[1] "nrow(InputDataSet) transaform after=15149"
[1] "nrow(InputDataSet) transaform diff=0"
[1] "--------------------------------------------------------------------------------"
[1] "str(InputDataSet)="
'data.frame':	15149 obs. of  41 variables:
 $ Race.RaceId                      : Factor w/ 1143 levels "20160105-06-01-01-11",..: 1 1 1 1 1 1 1 1 1 1 ...
 $ Race.IsPredictedRace             : logi  TRUE TRUE TRUE TRUE TRUE TRUE ...
 $ Race.IsAnalyzeNormalPastAndFuture: logi  TRUE TRUE TRUE TRUE TRUE TRUE ...
 $ Race.IsAnalyzeNormalPast         : logi  TRUE TRUE TRUE TRUE TRUE TRUE ...
 $ Race.IsAnalyzeNormalFuture       : logi  FALSE FALSE FALSE FALSE FALSE FALSE ...
 $ Race.IsAnalyzeFullPastAndFuture  : logi  TRUE TRUE TRUE TRUE TRUE TRUE ...
 $ Race.IsAnalyzeFullPast           : logi  TRUE TRUE TRUE TRUE TRUE TRUE ...
 $ Race.IsAnalyzeFullFuture         : logi  FALSE FALSE FALSE FALSE FALSE FALSE ...
 $ Race.JyokenCd                    : Factor w/ 1 level "1": 1 1 1 1 1 1 1 1 1 1 ...
 $ Race.JyoType1Cd                  : Factor w/ 156 levels "1-06-2000-1",..: 1 1 1 1 1 1 1 1 1 1 ...
 $ Race.RaceType0Cd                 : Factor w/ 428 levels "1-06-2000-1-1-C-14",..: 1 1 1 1 1 1 1 1 1 1 ...
 $ Race.RaceType1Cd                 : Factor w/ 6 levels "1-1-C","1-1-B",..: 1 1 1 1 1 1 1 1 1 1 ...
 $ Race.RaceType2Cd                 : Factor w/ 6 levels "1-1-C","1-1-B",..: 1 1 1 1 1 1 1 1 1 1 ...
 $ Race.RaceType3Cd                 : Factor w/ 22 levels "1-C-14","1-C-12",..: 1 1 1 1 1 1 1 1 1 1 ...
 $ Race.RaceType4Cd                 : Factor w/ 4 levels "1-1-14","1-1-12",..: 1 1 1 1 1 1 1 1 1 1 ...
 $ RaceHorse.RaceId                 : Factor w/ 1143 levels "20160105-06-01-01-11",..: 1 1 1 1 1 1 1 1 1 1 ...
 $ RaceHorse.KettoNum               : Factor w/ 3567 levels "2007101798","2008103120",..: 1 2 3 4 5 6 7 8 9 10 ...
 $ RaceHorse.IsHit1                 : int  0 0 0 0 0 0 0 0 0 0 ...
 $ RaceHorse.IsHit2                 : int  0 0 0 0 0 0 0 0 0 1 ...
 $ RaceHorse.IsHit3                 : int  0 0 0 0 0 1 0 0 0 0 ...
 $ RaceHorse.IsHit4                 : int  0 0 0 0 0 0 0 1 0 0 ...
 $ RaceHorse.IsHit5                 : int  0 0 1 0 0 0 0 0 0 0 ...
 $ RaceHorse.IsHit6                 : int  1 1 0 1 1 0 1 0 1 0 ...
 $ RaceHorse.IsValidRaceHorse       : logi  TRUE TRUE TRUE TRUE TRUE TRUE ...
 $ RaceHorse.IsHitA                 : int  0 0 0 0 0 0 0 0 0 0 ...
 $ RaceHorse.IsHitB                 : int  0 0 0 0 0 0 0 0 0 1 ...
 $ RaceHorse.IsHitC                 : int  0 0 0 0 0 1 0 0 0 1 ...
 $ Jockey.KisyuCode                 : Factor w/ 173 levels "01096","05243",..: 1 2 3 4 5 6 7 8 9 10 ...
 $ Jockey.TimeDvByRaceAvg           : num  46.3 47.7 51.8 49.2 50.5 ...
 $ Jockey.RunCount                  : int  12 17 16 15 10 16 18 5 20 8 ...
 $ Jockey.HitCount1                 : int  0 0 1 0 0 5 1 0 3 0 ...
 $ Jockey.HitCount2                 : int  0 1 3 0 0 0 0 0 3 0 ...
 $ Jockey.HitCount3                 : int  2 2 0 1 0 2 1 0 1 0 ...
 $ Jockey.HitCount4                 : int  1 0 1 2 1 2 1 0 2 0 ...
 $ Jockey.HitCount5                 : int  1 2 2 1 1 1 3 0 2 2 ...
 $ Jockey.HitRate1                  : num  0 0 0.0625 0 0 ...
 $ Jockey.HitRate2                  : num  0 0.0588 0.1875 0 0 ...
 $ Jockey.HitRate3                  : num  0.1667 0.1176 0 0.0667 0 ...
 $ Jockey.HitRate4                  : num  0.0833 0 0.0625 0.1333 0.1 ...
 $ Jockey.HitRate5                  : num  0.0833 0.1176 0.125 0.0667 0.1 ...
 $ EOF                              : int  1 1 1 1 1 1 1 1 1 1 ...
NULL
[1] "2022-02-15 05:44:50 --- transform Finish ---"
[1] "2022-02-15 05:44:50 --- na.omit Start ---"
[1] "--------------------------------------------------------------------------------"
[1] "nrow(InputDataSet) na.omit before=15149"
[1] "nrow(InputDataSet) na.omit after=15149"
[1] "nrow(InputDataSet) na.omit diff=0"
[1] "--------------------------------------------------------------------------------"
[1] "2022-02-15 05:44:50 --- na.omit Finish---"
[1] "2022-02-15 05:44:50 --- New Levels Start ---"
[1] "levels(data$Race.RaceType1Cd)=1-1-E" "levels(data$Race.RaceType1Cd)=1-1-C"
[3] "levels(data$Race.RaceType1Cd)=1-1-B" "levels(data$Race.RaceType1Cd)=1-1-A"
[5] "levels(data$Race.RaceType1Cd)=1-1-D" "levels(data$Race.RaceType1Cd)=1-1-L"
[1] "levels(InputDataSet$Race.RaceType1Cd)=1-1-C"
[2] "levels(InputDataSet$Race.RaceType1Cd)=1-1-B"
[3] "levels(InputDataSet$Race.RaceType1Cd)=1-1-E"
[4] "levels(InputDataSet$Race.RaceType1Cd)=1-1-A"
[5] "levels(InputDataSet$Race.RaceType1Cd)=1-1-D"
[6] "levels(InputDataSet$Race.RaceType1Cd)=1-1-L"
[1] "length(Race.RaceType1Cd.Index)=0"
[1] "2022-02-15 05:44:50 --- New Levels Finish ---"
[1] "2022-02-15 05:44:50 --- na.omit Start ---"
[1] "--------------------------------------------------------------------------------"
[1] "nrow(InputDataSet) na.omit levels before=15149"
[1] "nrow(InputDataSet) na.omit levels after=15149"
[1] "nrow(InputDataSet) na.omit levels diff=0"
[1] "--------------------------------------------------------------------------------"
[1] "2022-02-15 05:44:50 --- na.omit Finish ---"
[1] "2022-02-15 05:44:50 --- Predict InputDataSet Start ---"
[1] "--------------------------------------------------------------------------------"
[1] "nrow(InputDataSet) predict=15149"
[1] "--------------------------------------------------------------------------------"
[1] "str(InputDataSet)="
'data.frame':	15149 obs. of  41 variables:
 $ Race.RaceId                      : Factor w/ 1143 levels "20160105-06-01-01-11",..: 1 1 1 1 1 1 1 1 1 1 ...
 $ Race.IsPredictedRace             : logi  TRUE TRUE TRUE TRUE TRUE TRUE ...
 $ Race.IsAnalyzeNormalPastAndFuture: logi  TRUE TRUE TRUE TRUE TRUE TRUE ...
 $ Race.IsAnalyzeNormalPast         : logi  TRUE TRUE TRUE TRUE TRUE TRUE ...
 $ Race.IsAnalyzeNormalFuture       : logi  FALSE FALSE FALSE FALSE FALSE FALSE ...
 $ Race.IsAnalyzeFullPastAndFuture  : logi  TRUE TRUE TRUE TRUE TRUE TRUE ...
 $ Race.IsAnalyzeFullPast           : logi  TRUE TRUE TRUE TRUE TRUE TRUE ...
 $ Race.IsAnalyzeFullFuture         : logi  FALSE FALSE FALSE FALSE FALSE FALSE ...
 $ Race.JyokenCd                    : Factor w/ 1 level "1": 1 1 1 1 1 1 1 1 1 1 ...
 $ Race.JyoType1Cd                  : Factor w/ 156 levels "1-06-2000-1",..: 1 1 1 1 1 1 1 1 1 1 ...
 $ Race.RaceType0Cd                 : Factor w/ 428 levels "1-06-2000-1-1-C-14",..: 1 1 1 1 1 1 1 1 1 1 ...
 $ Race.RaceType1Cd                 : Factor w/ 6 levels "1-1-C","1-1-B",..: 1 1 1 1 1 1 1 1 1 1 ...
 $ Race.RaceType2Cd                 : Factor w/ 6 levels "1-1-C","1-1-B",..: 1 1 1 1 1 1 1 1 1 1 ...
 $ Race.RaceType3Cd                 : Factor w/ 22 levels "1-C-14","1-C-12",..: 1 1 1 1 1 1 1 1 1 1 ...
 $ Race.RaceType4Cd                 : Factor w/ 4 levels "1-1-14","1-1-12",..: 1 1 1 1 1 1 1 1 1 1 ...
 $ RaceHorse.RaceId                 : Factor w/ 1143 levels "20160105-06-01-01-11",..: 1 1 1 1 1 1 1 1 1 1 ...
 $ RaceHorse.KettoNum               : Factor w/ 3567 levels "2007101798","2008103120",..: 1 2 3 4 5 6 7 8 9 10 ...
 $ RaceHorse.IsHit1                 : int  0 0 0 0 0 0 0 0 0 0 ...
 $ RaceHorse.IsHit2                 : int  0 0 0 0 0 0 0 0 0 1 ...
 $ RaceHorse.IsHit3                 : int  0 0 0 0 0 1 0 0 0 0 ...
 $ RaceHorse.IsHit4                 : int  0 0 0 0 0 0 0 1 0 0 ...
 $ RaceHorse.IsHit5                 : int  0 0 1 0 0 0 0 0 0 0 ...
 $ RaceHorse.IsHit6                 : int  1 1 0 1 1 0 1 0 1 0 ...
 $ RaceHorse.IsValidRaceHorse       : logi  TRUE TRUE TRUE TRUE TRUE TRUE ...
 $ RaceHorse.IsHitA                 : int  0 0 0 0 0 0 0 0 0 0 ...
 $ RaceHorse.IsHitB                 : int  0 0 0 0 0 0 0 0 0 1 ...
 $ RaceHorse.IsHitC                 : int  0 0 0 0 0 1 0 0 0 1 ...
 $ Jockey.KisyuCode                 : Factor w/ 173 levels "01096","05243",..: 1 2 3 4 5 6 7 8 9 10 ...
 $ Jockey.TimeDvByRaceAvg           : num  46.3 47.7 51.8 49.2 50.5 ...
 $ Jockey.RunCount                  : int  12 17 16 15 10 16 18 5 20 8 ...
 $ Jockey.HitCount1                 : int  0 0 1 0 0 5 1 0 3 0 ...
 $ Jockey.HitCount2                 : int  0 1 3 0 0 0 0 0 3 0 ...
 $ Jockey.HitCount3                 : int  2 2 0 1 0 2 1 0 1 0 ...
 $ Jockey.HitCount4                 : int  1 0 1 2 1 2 1 0 2 0 ...
 $ Jockey.HitCount5                 : int  1 2 2 1 1 1 3 0 2 2 ...
 $ Jockey.HitRate1                  : num  0 0 0.0625 0 0 ...
 $ Jockey.HitRate2                  : num  0 0.0588 0.1875 0 0 ...
 $ Jockey.HitRate3                  : num  0.1667 0.1176 0 0.0667 0 ...
 $ Jockey.HitRate4                  : num  0.0833 0 0.0625 0.1333 0.1 ...
 $ Jockey.HitRate5                  : num  0.0833 0.1176 0.125 0.0667 0.1 ...
 $ EOF                              : int  1 1 1 1 1 1 1 1 1 1 ...
[1] "2022-02-15 05:44:51 --- Predict InputDataSet Finish ---"
[1] "2022-02-15 05:44:51 --- rxPredict (glm) Start ---"
[1] "analyzeFunc=glm"
Rows Read: 15149, Total Rows Processed: 15149, Total Chunk Time: Less than .001 seconds 
[1] "--------------------------------------------------------------------------------"
[1] "nrow(PredictDataSet) afte predict=15149"
[1] "--------------------------------------------------------------------------------"
[1] "str(PredictDataSet)"
'data.frame':	15149 obs. of  1 variable:
 $ RaceHorse.IsHitA_Pred: num  0.0607 0.0607 0.0707 0.0607 0.0607 ...
NULL
[1] "2022-02-15 05:44:51 --- rxPredict (glm) Finish ---"
[1] "2022-02-15 05:44:51 --- add key Start ---"
[1] "--------------------------------------------------------------------------------"
[1] "nrow(OutputDataSet) add KeyColmn=15149"
[1] "--------------------------------------------------------------------------------"
[1] "str(OutputDataSet) after add Key"
'data.frame':	15149 obs. of  2 variables:
 $ RaceHorse.RaceId  : Factor w/ 1143 levels "20160105-06-01-01-11",..: 1 1 1 1 1 1 1 1 1 1 ...
 $ RaceHorse.KettoNum: Factor w/ 3567 levels "2007101798","2008103120",..: 1 2 3 4 5 6 7 8 9 10 ...
NULL
[1] "2022-02-15 05:44:51 --- add key Finish ---"
[1] "2022-02-15 05:44:51 --- add PredictValue Start ---"
[1] "str(PredictDataSet) before rename="
[1] "colnames(PredictDataSet)=RaceHorse.IsHitA_Pred"
[1] "str(PredictDataSet) after rename="
'data.frame':	15149 obs. of  1 variable:
 $ PredictValue: num  0.0607 0.0607 0.0707 0.0607 0.0607 ...
NULL
[1] "str(OutputDataSet) before cbind="
'data.frame':	15149 obs. of  2 variables:
 $ RaceHorse.RaceId  : Factor w/ 1143 levels "20160105-06-01-01-11",..: 1 1 1 1 1 1 1 1 1 1 ...
 $ RaceHorse.KettoNum: Factor w/ 3567 levels "2007101798","2008103120",..: 1 2 3 4 5 6 7 8 9 10 ...
NULL
[1] "str(OutputDataSet) after cbind="
'data.frame':	15149 obs. of  3 variables:
 $ RaceHorse.RaceId  : Factor w/ 1143 levels "20160105-06-01-01-11",..: 1 1 1 1 1 1 1 1 1 1 ...
 $ RaceHorse.KettoNum: Factor w/ 3567 levels "2007101798","2008103120",..: 1 2 3 4 5 6 7 8 9 10 ...
 $ PredictValue      : num  0.0607 0.0607 0.0707 0.0607 0.0607 ...
NULL
[1] "2022-02-15 05:44:51 --- add PredictValue Finish ---"
[1] "2022-02-15 05:44:51 --- final Start ---"
[1] "--------------------------------------------------------------------------------"
[1] "nrow(OutputDataSet) final=15149"
[1] "--------------------------------------------------------------------------------"
[1] "str(OutputDataSet)="
'data.frame':	15149 obs. of  3 variables:
 $ RaceHorse.RaceId  : Factor w/ 1143 levels "20160105-06-01-01-11",..: 1 1 1 1 1 1 1 1 1 1 ...
 $ RaceHorse.KettoNum: Factor w/ 3567 levels "2007101798","2008103120",..: 1 2 3 4 5 6 7 8 9 10 ...
 $ PredictValue      : num  0.0607 0.0607 0.0707 0.0607 0.0607 ...
NULL
[1] "2022-02-15 05:44:51 --- final Finish ---"
[1] "2022-02-15 05:44:51 --- predict.R Finished ---"
[1] "2022-02-15 05:44:51 --- log Finish ---"
