[1] "2022-02-14 14:50:57 --- D1115_analyze_glm_Horse_IsHitA_Type16 Start ---"
[1] "2022-02-14 14:50:57 --- Log Start ---"
[1] "2022-02-14 14:50:57 --- analyze_glm.R Start ---"
[1] "analyzeVersion=D1115"
[1] "analyzeCategory=analyze"
[1] "analyzeType=Horse"
[1] "analyzeFamily=IsHitA"
[1] "analyzeFunc=glm"
[1] "analyzeTrackTypeCd=1"
[1] "analyzeJyokenCd=6"
[1] "2022-02-14 14:50:57 --- source_function.R Start ---"
[1] "2022-02-14 14:50:57 --- source_function.R Finished ---"

> print(paste0(Sys.time(), " --- source_library.R Start ---"))
[1] "2022-02-14 14:50:57 --- source_library.R Start ---"

> require("RevoScaleR")

> print(paste0(Sys.time(), " --- source_library.R Finished ---"))
[1] "2022-02-14 14:50:58 --- source_library.R Finished ---"
[1] "2022-02-14 14:50:58 --- RxSqlServerData Start ---"
[1] "2022-02-14 14:50:58 --- RxInSqlServer Start ---"
[1] "2022-02-14 14:50:58 --- RxInSqlServer Finish ---"
[1] "2022-02-14 14:50:58 --- rxSetComputeContext Start ---"
[1] "2022-02-14 14:50:58 --- rxSetComputeContext Finish ---"
[1] "2022-02-14 14:50:58 --- RxSqlServerData Start ---"
[1] "sqlQuery=SELECT * FROM ViewAnalyzeD1115analyze01HorseType16"
[1] "2022-02-14 14:50:58 --- RxSqlServerData Finish ---"
[1] "2022-02-14 14:50:58 --- rxGetVarInfo Start ---"
[1] "2022-02-14 14:50:59 --- rxGetVarInfo Finish---"
[1] "2022-02-14 14:50:59 --- rxImport Start ---"
Rows Read: 0, Total Rows Processed: 0, Total Chunk Time: 2222.767 seconds 

No rows of data found.
[1] "2022-02-14 18:34:14 --- rxImport Finish ---"
[1] "object.size(data) auto=56 bytes"
[1] "--------------------------------------------------------------------------------"
[1] "nrow(data) RxSqlServerData="
[1] "--------------------------------------------------------------------------------"
[1] "str(data)="
 logi TRUE
[1] "2022-02-14 18:34:14 --- RxSqlServerData Finish ---"
[1] "2022-02-14 18:34:14 --- subset Start ---"
