[1] "2022-02-15 07:30:53 --- D1115_Predict_glm_Gen01_IsHitA_Type14 Start ---"
[1] "2022-02-15 07:30:53 --- Log Start ---"
[1] "2022-02-15 07:30:53 --- predict.R Start ---"
[1] "--------------------------------------------------------------------------------"
[1] "analyzeVersion=D1115"
[1] "analyzeCategory=Predict"
[1] "analyzeType=Gen01"
[1] "analyzeFamily=IsHitA"
[1] "analyzeFunc=glm"
[1] "analyzeTrackTypeCd=1"
[1] "analyzeJyokenCd=4"
[1] "--------------------------------------------------------------------------------"
[1] "2022-02-15 07:30:53 --- source_function.R Start ---"
[1] "2022-02-15 07:30:53 --- source_function.R Finished ---"

> print(paste0(Sys.time(), " --- source_library.R Start ---"))
[1] "2022-02-15 07:30:53 --- source_library.R Start ---"

> require("RevoScaleR")

> print(paste0(Sys.time(), " --- source_library.R Finished ---"))
[1] "2022-02-15 07:30:53 --- source_library.R Finished ---"
[1] "2022-02-15 07:30:53 --- Load Start ---"
[1] "analyzeTrackTypeCd=1"
[1] "analyzeJyokenCd=4"
[1] "loadFilename=RData_Analyze_glm_Gen01_Type14.RData"
[1] "2022-02-15 07:30:53 --- Load Finished ---"
[1] "2022-02-15 07:30:53 --- RxSqlServerData Start ---"
[1] "2022-02-15 07:30:53 --- RxInSqlServer Start ---"
[1] "2022-02-15 07:30:53 --- RxInSqlServer Finish ---"
[1] "2022-02-15 07:30:53 --- rxSetComputeContext Start ---"
[1] "2022-02-15 07:30:53 --- rxSetComputeContext Finish ---"
[1] "2022-02-15 07:30:53 --- RxSqlServerData Start ---"
[1] "analyzeTrackTypeCd=1"
[1] "analyzeJyokenCd=4"
[1] "sqlQuery=SELECT * FROM ViewAnalyzeD1115analyze01Gen01Type14"
[1] "2022-02-15 07:30:53 --- RxSqlServerData Finish ---"
[1] "2022-02-15 07:30:53 --- rxGetVarInfo Start ---"
[1] "2022-02-15 07:30:54 --- rxGetVarInfo Finish---"
[1] "2022-02-15 07:30:54 --- rxImport Start ---"
Rows Read: 35972, Total Rows Processed: 35972, Total Chunk Time: 77.077 seconds 
[1] "2022-02-15 07:33:08 --- rxImport Finish ---"
[1] "object.size(InputDataSet) auto=7.6 Mb"
[1] "--------------------------------------------------------------------------------"
[1] "nrow(InputDataSet) RxSqlServerData=35972"
[1] "--------------------------------------------------------------------------------"
[1] "str(InputDataSet)="
'data.frame':	35972 obs. of  41 variables:
 $ Race.RaceId                      : Factor w/ 2700 levels "20160423-08-03-01-07",..: 2 2 2 2 2 2 2 2 2 2 ...
 $ Race.IsPredictedRace             : logi  TRUE TRUE TRUE TRUE TRUE TRUE ...
 $ Race.IsAnalyzeNormalPastAndFuture: logi  TRUE TRUE TRUE TRUE TRUE TRUE ...
 $ Race.IsAnalyzeNormalPast         : logi  TRUE TRUE TRUE TRUE TRUE TRUE ...
 $ Race.IsAnalyzeNormalFuture       : logi  FALSE FALSE FALSE FALSE FALSE FALSE ...
 $ Race.IsAnalyzeFullPastAndFuture  : logi  TRUE TRUE TRUE TRUE TRUE TRUE ...
 $ Race.IsAnalyzeFullPast           : logi  TRUE TRUE TRUE TRUE TRUE TRUE ...
 $ Race.IsAnalyzeFullFuture         : logi  FALSE FALSE FALSE FALSE FALSE FALSE ...
 $ Race.JyokenCd                    : Factor w/ 1 level "4": 1 1 1 1 1 1 1 1 1 1 ...
 $ Race.JyoType1Cd                  : Factor w/ 182 levels "1-08-1600-1",..: 2 2 2 2 2 2 2 2 2 2 ...
 $ Race.RaceType0Cd                 : Factor w/ 549 levels "1-08-1600-1-4-X-14",..: 2 2 2 2 2 2 2 2 2 2 ...
 $ Race.RaceType1Cd                 : Factor w/ 2 levels "1-4-X","1-4-E": 1 1 1 1 1 1 1 1 1 1 ...
 $ Race.RaceType2Cd                 : Factor w/ 2 levels "1-4-X","1-4-E": 1 1 1 1 1 1 1 1 1 1 ...
 $ Race.RaceType3Cd                 : Factor w/ 8 levels "4-X-14","4-E-14",..: 1 1 1 1 1 1 1 1 1 1 ...
 $ Race.RaceType4Cd                 : Factor w/ 4 levels "1-4-14","1-4-12",..: 1 1 1 1 1 1 1 1 1 1 ...
 $ RaceHorse.RaceId                 : Factor w/ 2700 levels "20160423-08-03-01-07",..: 2 2 2 2 2 2 2 2 2 2 ...
 $ RaceHorse.KettoNum               : Factor w/ 8034 levels "2011100342","2011101922",..: 11 12 13 14 15 16 17 18 19 20 ...
 $ RaceHorse.IsHit1                 : int  0 0 0 0 0 0 0 0 0 0 ...
 $ RaceHorse.IsHit2                 : int  0 0 0 0 1 0 0 0 0 0 ...
 $ RaceHorse.IsHit3                 : int  0 0 0 0 0 0 0 0 0 1 ...
 $ RaceHorse.IsHit4                 : int  0 0 0 0 0 0 0 1 0 0 ...
 $ RaceHorse.IsHit5                 : int  0 0 0 1 0 0 0 0 0 0 ...
 $ RaceHorse.IsHit6                 : int  1 1 1 0 0 1 1 0 1 0 ...
 $ RaceHorse.IsValidRaceHorse       : logi  TRUE TRUE TRUE TRUE TRUE TRUE ...
 $ RaceHorse.IsHitA                 : int  0 0 0 0 0 0 0 0 0 0 ...
 $ RaceHorse.IsHitB                 : int  0 0 0 0 1 0 0 0 0 0 ...
 $ RaceHorse.IsHitC                 : int  0 0 0 0 1 0 0 0 0 1 ...
 $ Gen01.HansyokuNum                : Factor w/ 403 levels "11202119","11202170",..: 10 1 11 3 12 13 14 15 6 16 ...
 $ Gen01.TimeDvByRaceAvg            : num  49.7 50.8 47.2 51.2 46.3 ...
 $ Gen01.RunCount                   : int  3 137 119 143 9 96 247 67 159 7 ...
 $ Gen01.HitCount1                  : int  0 32 15 30 0 15 84 7 29 0 ...
 $ Gen01.HitCount2                  : int  0 5 7 10 0 4 11 1 8 0 ...
 $ Gen01.HitCount3                  : int  0 4 0 4 1 2 7 1 9 2 ...
 $ Gen01.HitCount4                  : int  1 7 3 6 0 3 11 3 8 0 ...
 $ Gen01.HitCount5                  : int  0 6 1 4 0 3 6 2 9 1 ...
 $ Gen01.HitRate1                   : num  0 0.234 0.126 0.21 0 ...
 $ Gen01.HitRate2                   : num  0 0.0365 0.0588 0.0699 0 ...
 $ Gen01.HitRate3                   : num  0 0.0292 0 0.028 0.1111 ...
 $ Gen01.HitRate4                   : num  0.3333 0.0511 0.0252 0.042 0 ...
 $ Gen01.HitRate5                   : num  0 0.0438 0.0084 0.028 0 ...
 $ EOF                              : int  1 1 1 1 1 1 1 1 1 1 ...
[1] "2022-02-15 07:33:09 --- RxSqlServerData Finish ---"
[1] "2022-02-15 07:33:09 --- subset Start ---"
[1] "--------------------------------------------------------------------------------"
[1] "nrow(InputDataSet) subset before=35972"
[1] "nrow(InputDataSet) subset after=35972"
[1] "nrow(InputDataSet) subset diff=0"
[1] "--------------------------------------------------------------------------------"
[1] "class(InputDataSet$Race.IsAnalyzeNormalPast)=logical"
[1] "class(InputDataSet$Race.analyzeTrackTypeCd)=NULL"
[1] "2022-02-15 07:33:09 --- subset Finish ---"
[1] "2022-02-15 07:33:09 --- transform Start ---"
[1] "--------------------------------------------------------------------------------"
[1] "nrow(InputDataSet) transaform before=35972"
[1] "nrow(InputDataSet) transaform after=35972"
[1] "nrow(InputDataSet) transaform diff=0"
[1] "--------------------------------------------------------------------------------"
[1] "str(InputDataSet)="
'data.frame':	35972 obs. of  41 variables:
 $ Race.RaceId                      : Factor w/ 2700 levels "20160423-08-03-01-07",..: 2 2 2 2 2 2 2 2 2 2 ...
 $ Race.IsPredictedRace             : logi  TRUE TRUE TRUE TRUE TRUE TRUE ...
 $ Race.IsAnalyzeNormalPastAndFuture: logi  TRUE TRUE TRUE TRUE TRUE TRUE ...
 $ Race.IsAnalyzeNormalPast         : logi  TRUE TRUE TRUE TRUE TRUE TRUE ...
 $ Race.IsAnalyzeNormalFuture       : logi  FALSE FALSE FALSE FALSE FALSE FALSE ...
 $ Race.IsAnalyzeFullPastAndFuture  : logi  TRUE TRUE TRUE TRUE TRUE TRUE ...
 $ Race.IsAnalyzeFullPast           : logi  TRUE TRUE TRUE TRUE TRUE TRUE ...
 $ Race.IsAnalyzeFullFuture         : logi  FALSE FALSE FALSE FALSE FALSE FALSE ...
 $ Race.JyokenCd                    : Factor w/ 1 level "4": 1 1 1 1 1 1 1 1 1 1 ...
 $ Race.JyoType1Cd                  : Factor w/ 182 levels "1-08-1600-1",..: 2 2 2 2 2 2 2 2 2 2 ...
 $ Race.RaceType0Cd                 : Factor w/ 549 levels "1-08-1600-1-4-X-14",..: 2 2 2 2 2 2 2 2 2 2 ...
 $ Race.RaceType1Cd                 : Factor w/ 2 levels "1-4-X","1-4-E": 1 1 1 1 1 1 1 1 1 1 ...
 $ Race.RaceType2Cd                 : Factor w/ 2 levels "1-4-X","1-4-E": 1 1 1 1 1 1 1 1 1 1 ...
 $ Race.RaceType3Cd                 : Factor w/ 8 levels "4-X-14","4-E-14",..: 1 1 1 1 1 1 1 1 1 1 ...
 $ Race.RaceType4Cd                 : Factor w/ 4 levels "1-4-14","1-4-12",..: 1 1 1 1 1 1 1 1 1 1 ...
 $ RaceHorse.RaceId                 : Factor w/ 2700 levels "20160423-08-03-01-07",..: 2 2 2 2 2 2 2 2 2 2 ...
 $ RaceHorse.KettoNum               : Factor w/ 8034 levels "2011100342","2011101922",..: 11 12 13 14 15 16 17 18 19 20 ...
 $ RaceHorse.IsHit1                 : int  0 0 0 0 0 0 0 0 0 0 ...
 $ RaceHorse.IsHit2                 : int  0 0 0 0 1 0 0 0 0 0 ...
 $ RaceHorse.IsHit3                 : int  0 0 0 0 0 0 0 0 0 1 ...
 $ RaceHorse.IsHit4                 : int  0 0 0 0 0 0 0 1 0 0 ...
 $ RaceHorse.IsHit5                 : int  0 0 0 1 0 0 0 0 0 0 ...
 $ RaceHorse.IsHit6                 : int  1 1 1 0 0 1 1 0 1 0 ...
 $ RaceHorse.IsValidRaceHorse       : logi  TRUE TRUE TRUE TRUE TRUE TRUE ...
 $ RaceHorse.IsHitA                 : int  0 0 0 0 0 0 0 0 0 0 ...
 $ RaceHorse.IsHitB                 : int  0 0 0 0 1 0 0 0 0 0 ...
 $ RaceHorse.IsHitC                 : int  0 0 0 0 1 0 0 0 0 1 ...
 $ Gen01.HansyokuNum                : Factor w/ 403 levels "11202119","11202170",..: 10 1 11 3 12 13 14 15 6 16 ...
 $ Gen01.TimeDvByRaceAvg            : num  49.7 50.8 47.2 51.2 46.3 ...
 $ Gen01.RunCount                   : int  3 137 119 143 9 96 247 67 159 7 ...
 $ Gen01.HitCount1                  : int  0 32 15 30 0 15 84 7 29 0 ...
 $ Gen01.HitCount2                  : int  0 5 7 10 0 4 11 1 8 0 ...
 $ Gen01.HitCount3                  : int  0 4 0 4 1 2 7 1 9 2 ...
 $ Gen01.HitCount4                  : int  1 7 3 6 0 3 11 3 8 0 ...
 $ Gen01.HitCount5                  : int  0 6 1 4 0 3 6 2 9 1 ...
 $ Gen01.HitRate1                   : num  0 0.234 0.126 0.21 0 ...
 $ Gen01.HitRate2                   : num  0 0.0365 0.0588 0.0699 0 ...
 $ Gen01.HitRate3                   : num  0 0.0292 0 0.028 0.1111 ...
 $ Gen01.HitRate4                   : num  0.3333 0.0511 0.0252 0.042 0 ...
 $ Gen01.HitRate5                   : num  0 0.0438 0.0084 0.028 0 ...
 $ EOF                              : int  1 1 1 1 1 1 1 1 1 1 ...
NULL
[1] "2022-02-15 07:33:09 --- transform Finish ---"
[1] "2022-02-15 07:33:09 --- na.omit Start ---"
[1] "--------------------------------------------------------------------------------"
[1] "nrow(InputDataSet) na.omit before=35972"
[1] "nrow(InputDataSet) na.omit after=35972"
[1] "nrow(InputDataSet) na.omit diff=0"
[1] "--------------------------------------------------------------------------------"
[1] "2022-02-15 07:33:09 --- na.omit Finish---"
[1] "2022-02-15 07:33:09 --- New Levels Start ---"
[1] "levels(data$Race.RaceType1Cd)=1-4-X" "levels(data$Race.RaceType1Cd)=1-4-E"
[1] "levels(InputDataSet$Race.RaceType1Cd)=1-4-X"
[2] "levels(InputDataSet$Race.RaceType1Cd)=1-4-E"
[1] "length(Race.RaceType1Cd.Index)=0"
[1] "2022-02-15 07:33:09 --- New Levels Finish ---"
[1] "2022-02-15 07:33:09 --- na.omit Start ---"
[1] "--------------------------------------------------------------------------------"
[1] "nrow(InputDataSet) na.omit levels before=35972"
[1] "nrow(InputDataSet) na.omit levels after=35972"
[1] "nrow(InputDataSet) na.omit levels diff=0"
[1] "--------------------------------------------------------------------------------"
[1] "2022-02-15 07:33:09 --- na.omit Finish ---"
[1] "2022-02-15 07:33:09 --- Predict InputDataSet Start ---"
[1] "--------------------------------------------------------------------------------"
[1] "nrow(InputDataSet) predict=35972"
[1] "--------------------------------------------------------------------------------"
[1] "str(InputDataSet)="
'data.frame':	35972 obs. of  41 variables:
 $ Race.RaceId                      : Factor w/ 2700 levels "20160423-08-03-01-07",..: 2 2 2 2 2 2 2 2 2 2 ...
 $ Race.IsPredictedRace             : logi  TRUE TRUE TRUE TRUE TRUE TRUE ...
 $ Race.IsAnalyzeNormalPastAndFuture: logi  TRUE TRUE TRUE TRUE TRUE TRUE ...
 $ Race.IsAnalyzeNormalPast         : logi  TRUE TRUE TRUE TRUE TRUE TRUE ...
 $ Race.IsAnalyzeNormalFuture       : logi  FALSE FALSE FALSE FALSE FALSE FALSE ...
 $ Race.IsAnalyzeFullPastAndFuture  : logi  TRUE TRUE TRUE TRUE TRUE TRUE ...
 $ Race.IsAnalyzeFullPast           : logi  TRUE TRUE TRUE TRUE TRUE TRUE ...
 $ Race.IsAnalyzeFullFuture         : logi  FALSE FALSE FALSE FALSE FALSE FALSE ...
 $ Race.JyokenCd                    : Factor w/ 1 level "4": 1 1 1 1 1 1 1 1 1 1 ...
 $ Race.JyoType1Cd                  : Factor w/ 182 levels "1-08-1600-1",..: 2 2 2 2 2 2 2 2 2 2 ...
 $ Race.RaceType0Cd                 : Factor w/ 549 levels "1-08-1600-1-4-X-14",..: 2 2 2 2 2 2 2 2 2 2 ...
 $ Race.RaceType1Cd                 : Factor w/ 2 levels "1-4-X","1-4-E": 1 1 1 1 1 1 1 1 1 1 ...
 $ Race.RaceType2Cd                 : Factor w/ 2 levels "1-4-X","1-4-E": 1 1 1 1 1 1 1 1 1 1 ...
 $ Race.RaceType3Cd                 : Factor w/ 8 levels "4-X-14","4-E-14",..: 1 1 1 1 1 1 1 1 1 1 ...
 $ Race.RaceType4Cd                 : Factor w/ 4 levels "1-4-14","1-4-12",..: 1 1 1 1 1 1 1 1 1 1 ...
 $ RaceHorse.RaceId                 : Factor w/ 2700 levels "20160423-08-03-01-07",..: 2 2 2 2 2 2 2 2 2 2 ...
 $ RaceHorse.KettoNum               : Factor w/ 8034 levels "2011100342","2011101922",..: 11 12 13 14 15 16 17 18 19 20 ...
 $ RaceHorse.IsHit1                 : int  0 0 0 0 0 0 0 0 0 0 ...
 $ RaceHorse.IsHit2                 : int  0 0 0 0 1 0 0 0 0 0 ...
 $ RaceHorse.IsHit3                 : int  0 0 0 0 0 0 0 0 0 1 ...
 $ RaceHorse.IsHit4                 : int  0 0 0 0 0 0 0 1 0 0 ...
 $ RaceHorse.IsHit5                 : int  0 0 0 1 0 0 0 0 0 0 ...
 $ RaceHorse.IsHit6                 : int  1 1 1 0 0 1 1 0 1 0 ...
 $ RaceHorse.IsValidRaceHorse       : logi  TRUE TRUE TRUE TRUE TRUE TRUE ...
 $ RaceHorse.IsHitA                 : int  0 0 0 0 0 0 0 0 0 0 ...
 $ RaceHorse.IsHitB                 : int  0 0 0 0 1 0 0 0 0 0 ...
 $ RaceHorse.IsHitC                 : int  0 0 0 0 1 0 0 0 0 1 ...
 $ Gen01.HansyokuNum                : Factor w/ 403 levels "11202119","11202170",..: 10 1 11 3 12 13 14 15 6 16 ...
 $ Gen01.TimeDvByRaceAvg            : num  49.7 50.8 47.2 51.2 46.3 ...
 $ Gen01.RunCount                   : int  3 137 119 143 9 96 247 67 159 7 ...
 $ Gen01.HitCount1                  : int  0 32 15 30 0 15 84 7 29 0 ...
 $ Gen01.HitCount2                  : int  0 5 7 10 0 4 11 1 8 0 ...
 $ Gen01.HitCount3                  : int  0 4 0 4 1 2 7 1 9 2 ...
 $ Gen01.HitCount4                  : int  1 7 3 6 0 3 11 3 8 0 ...
 $ Gen01.HitCount5                  : int  0 6 1 4 0 3 6 2 9 1 ...
 $ Gen01.HitRate1                   : num  0 0.234 0.126 0.21 0 ...
 $ Gen01.HitRate2                   : num  0 0.0365 0.0588 0.0699 0 ...
 $ Gen01.HitRate3                   : num  0 0.0292 0 0.028 0.1111 ...
 $ Gen01.HitRate4                   : num  0.3333 0.0511 0.0252 0.042 0 ...
 $ Gen01.HitRate5                   : num  0 0.0438 0.0084 0.028 0 ...
 $ EOF                              : int  1 1 1 1 1 1 1 1 1 1 ...
[1] "2022-02-15 07:33:10 --- Predict InputDataSet Finish ---"
[1] "2022-02-15 07:33:10 --- rxPredict (glm) Start ---"
[1] "analyzeFunc=glm"
Rows Read: 35972, Total Rows Processed: 35972, Total Chunk Time: Less than .001 seconds 
[1] "--------------------------------------------------------------------------------"
[1] "nrow(PredictDataSet) afte predict=35972"
[1] "--------------------------------------------------------------------------------"
[1] "str(PredictDataSet)"
'data.frame':	35972 obs. of  1 variable:
 $ RaceHorse.IsHitA_Pred: num  0.0537 0.0811 0.0672 0.0778 0.0537 ...
NULL
[1] "2022-02-15 07:33:10 --- rxPredict (glm) Finish ---"
[1] "2022-02-15 07:33:10 --- add key Start ---"
[1] "--------------------------------------------------------------------------------"
[1] "nrow(OutputDataSet) add KeyColmn=35972"
[1] "--------------------------------------------------------------------------------"
[1] "str(OutputDataSet) after add Key"
'data.frame':	35972 obs. of  2 variables:
 $ RaceHorse.RaceId  : Factor w/ 2700 levels "20160423-08-03-01-07",..: 2 2 2 2 2 2 2 2 2 2 ...
 $ RaceHorse.KettoNum: Factor w/ 8034 levels "2011100342","2011101922",..: 11 12 13 14 15 16 17 18 19 20 ...
NULL
[1] "2022-02-15 07:33:10 --- add key Finish ---"
[1] "2022-02-15 07:33:10 --- add PredictValue Start ---"
[1] "str(PredictDataSet) before rename="
[1] "colnames(PredictDataSet)=RaceHorse.IsHitA_Pred"
[1] "str(PredictDataSet) after rename="
'data.frame':	35972 obs. of  1 variable:
 $ PredictValue: num  0.0537 0.0811 0.0672 0.0778 0.0537 ...
NULL
[1] "str(OutputDataSet) before cbind="
'data.frame':	35972 obs. of  2 variables:
 $ RaceHorse.RaceId  : Factor w/ 2700 levels "20160423-08-03-01-07",..: 2 2 2 2 2 2 2 2 2 2 ...
 $ RaceHorse.KettoNum: Factor w/ 8034 levels "2011100342","2011101922",..: 11 12 13 14 15 16 17 18 19 20 ...
NULL
[1] "str(OutputDataSet) after cbind="
'data.frame':	35972 obs. of  3 variables:
 $ RaceHorse.RaceId  : Factor w/ 2700 levels "20160423-08-03-01-07",..: 2 2 2 2 2 2 2 2 2 2 ...
 $ RaceHorse.KettoNum: Factor w/ 8034 levels "2011100342","2011101922",..: 11 12 13 14 15 16 17 18 19 20 ...
 $ PredictValue      : num  0.0537 0.0811 0.0672 0.0778 0.0537 ...
NULL
[1] "2022-02-15 07:33:10 --- add PredictValue Finish ---"
[1] "2022-02-15 07:33:10 --- final Start ---"
[1] "--------------------------------------------------------------------------------"
[1] "nrow(OutputDataSet) final=35972"
[1] "--------------------------------------------------------------------------------"
[1] "str(OutputDataSet)="
'data.frame':	35972 obs. of  3 variables:
 $ RaceHorse.RaceId  : Factor w/ 2700 levels "20160423-08-03-01-07",..: 2 2 2 2 2 2 2 2 2 2 ...
 $ RaceHorse.KettoNum: Factor w/ 8034 levels "2011100342","2011101922",..: 11 12 13 14 15 16 17 18 19 20 ...
 $ PredictValue      : num  0.0537 0.0811 0.0672 0.0778 0.0537 ...
NULL
[1] "2022-02-15 07:33:10 --- final Finish ---"
[1] "2022-02-15 07:33:10 --- predict.R Finished ---"
[1] "2022-02-15 07:33:10 --- log Finish ---"
