[1] "2022-02-15 05:32:25 --- D1115_Predict_glm_Gen01_IsHitA_Type22 Start ---"
[1] "2022-02-15 05:32:25 --- Log Start ---"
[1] "2022-02-15 05:32:25 --- predict.R Start ---"
[1] "--------------------------------------------------------------------------------"
[1] "analyzeVersion=D1115"
[1] "analyzeCategory=Predict"
[1] "analyzeType=Gen01"
[1] "analyzeFamily=IsHitA"
[1] "analyzeFunc=glm"
[1] "analyzeTrackTypeCd=2"
[1] "analyzeJyokenCd=2"
[1] "--------------------------------------------------------------------------------"
[1] "2022-02-15 05:32:25 --- source_function.R Start ---"
[1] "2022-02-15 05:32:25 --- source_function.R Finished ---"

> print(paste0(Sys.time(), " --- source_library.R Start ---"))
[1] "2022-02-15 05:32:25 --- source_library.R Start ---"

> require("RevoScaleR")

> print(paste0(Sys.time(), " --- source_library.R Finished ---"))
[1] "2022-02-15 05:32:25 --- source_library.R Finished ---"
[1] "2022-02-15 05:32:25 --- Load Start ---"
[1] "analyzeTrackTypeCd=2"
[1] "analyzeJyokenCd=2"
[1] "loadFilename=RData_Analyze_glm_Gen01_Type22.RData"
[1] "2022-02-15 05:32:25 --- Load Finished ---"
[1] "2022-02-15 05:32:25 --- RxSqlServerData Start ---"
[1] "2022-02-15 05:32:25 --- RxInSqlServer Start ---"
[1] "2022-02-15 05:32:25 --- RxInSqlServer Finish ---"
[1] "2022-02-15 05:32:25 --- rxSetComputeContext Start ---"
[1] "2022-02-15 05:32:25 --- rxSetComputeContext Finish ---"
[1] "2022-02-15 05:32:25 --- RxSqlServerData Start ---"
[1] "analyzeTrackTypeCd=2"
[1] "analyzeJyokenCd=2"
[1] "sqlQuery=SELECT * FROM ViewAnalyzeD1115analyze01Gen01Type22"
[1] "2022-02-15 05:32:25 --- RxSqlServerData Finish ---"
[1] "2022-02-15 05:32:25 --- rxGetVarInfo Start ---"
[1] "2022-02-15 05:32:26 --- rxGetVarInfo Finish---"
[1] "2022-02-15 05:32:26 --- rxImport Start ---"
Rows Read: 7301, Total Rows Processed: 7301, Total Chunk Time: 18.098 seconds 
[1] "2022-02-15 05:33:04 --- rxImport Finish ---"
[1] "object.size(InputDataSet) auto=1.5 Mb"
[1] "--------------------------------------------------------------------------------"
[1] "nrow(InputDataSet) RxSqlServerData=7301"
[1] "--------------------------------------------------------------------------------"
[1] "str(InputDataSet)="
'data.frame':	7301 obs. of  41 variables:
 $ Race.RaceId                      : Factor w/ 511 levels "20161016-05-04-05-10",..: 11 12 13 14 15 16 17 18 19 20 ...
 $ Race.IsPredictedRace             : logi  TRUE TRUE TRUE TRUE TRUE TRUE ...
 $ Race.IsAnalyzeNormalPastAndFuture: logi  TRUE TRUE TRUE TRUE TRUE TRUE ...
 $ Race.IsAnalyzeNormalPast         : logi  TRUE TRUE TRUE TRUE TRUE TRUE ...
 $ Race.IsAnalyzeNormalFuture       : logi  FALSE FALSE FALSE FALSE FALSE FALSE ...
 $ Race.IsAnalyzeFullPastAndFuture  : logi  TRUE TRUE TRUE TRUE TRUE TRUE ...
 $ Race.IsAnalyzeFullPast           : logi  TRUE TRUE TRUE TRUE TRUE TRUE ...
 $ Race.IsAnalyzeFullFuture         : logi  FALSE FALSE FALSE FALSE FALSE FALSE ...
 $ Race.JyokenCd                    : Factor w/ 1 level "2": 1 1 1 1 1 1 1 1 1 1 ...
 $ Race.JyoType1Cd                  : Factor w/ 82 levels "2-05-2100-1",..: 9 10 11 12 3 7 10 13 14 1 ...
 $ Race.RaceType0Cd                 : Factor w/ 132 levels "2-05-2100-1-2-E-13",..: 9 10 11 12 13 14 10 15 16 17 ...
 $ Race.RaceType1Cd                 : Factor w/ 2 levels "2-2-E","2-2-X": 1 1 1 1 1 1 1 1 1 1 ...
 $ Race.RaceType2Cd                 : Factor w/ 2 levels "2-2-E","2-2-X": 1 1 1 1 1 1 1 1 1 1 ...
 $ Race.RaceType3Cd                 : Factor w/ 3 levels "2-E-13","2-E-14",..: 2 2 2 2 2 2 2 2 2 2 ...
 $ Race.RaceType4Cd                 : Factor w/ 2 levels "2-2-13","2-2-14": 2 2 2 2 2 2 2 2 2 2 ...
 $ RaceHorse.RaceId                 : Factor w/ 511 levels "20161016-05-04-05-10",..: 11 12 13 14 15 16 17 18 19 20 ...
 $ RaceHorse.KettoNum               : Factor w/ 1479 levels "2011105806","2010105892",..: 11 12 13 14 15 16 17 18 19 20 ...
 $ RaceHorse.IsHit1                 : int  0 0 0 1 0 0 0 0 0 0 ...
 $ RaceHorse.IsHit2                 : int  0 0 0 0 0 0 0 0 0 0 ...
 $ RaceHorse.IsHit3                 : int  0 0 0 0 0 0 0 0 0 0 ...
 $ RaceHorse.IsHit4                 : int  0 0 0 0 0 0 1 0 0 0 ...
 $ RaceHorse.IsHit5                 : int  0 0 0 0 0 1 0 0 0 0 ...
 $ RaceHorse.IsHit6                 : int  1 1 1 0 1 0 0 1 1 1 ...
 $ RaceHorse.IsValidRaceHorse       : logi  TRUE TRUE TRUE TRUE TRUE TRUE ...
 $ RaceHorse.IsHitA                 : int  0 0 0 1 0 0 0 0 0 0 ...
 $ RaceHorse.IsHitB                 : int  0 0 0 1 0 0 0 0 0 0 ...
 $ RaceHorse.IsHitC                 : int  0 0 0 1 0 0 0 0 0 0 ...
 $ Gen01.HansyokuNum                : Factor w/ 250 levels "11202132","11202062",..: 10 11 12 13 14 15 16 17 17 18 ...
 $ Gen01.TimeDvByRaceAvg            : num  41.7 49.4 54.9 55.1 44.6 ...
 $ Gen01.RunCount                   : int  8 3 7 4 13 3 40 51 52 5 ...
 $ Gen01.HitCount1                  : int  2 1 2 0 2 1 8 15 15 1 ...
 $ Gen01.HitCount2                  : int  0 0 1 1 0 0 0 1 1 0 ...
 $ Gen01.HitCount3                  : int  0 0 0 1 0 1 0 2 1 1 ...
 $ Gen01.HitCount4                  : int  0 1 0 0 0 0 3 1 2 1 ...
 $ Gen01.HitCount5                  : int  0 0 0 0 0 0 1 2 2 0 ...
 $ Gen01.HitRate1                   : num  0.25 0.333 0.286 0 0.154 ...
 $ Gen01.HitRate2                   : num  0 0 0.143 0.25 0 ...
 $ Gen01.HitRate3                   : num  0 0 0 0.25 0 ...
 $ Gen01.HitRate4                   : num  0 0.333 0 0 0 ...
 $ Gen01.HitRate5                   : num  0 0 0 0 0 ...
 $ EOF                              : int  1 1 1 1 1 1 1 1 1 1 ...
[1] "2022-02-15 05:33:04 --- RxSqlServerData Finish ---"
[1] "2022-02-15 05:33:04 --- subset Start ---"
[1] "--------------------------------------------------------------------------------"
[1] "nrow(InputDataSet) subset before=7301"
[1] "nrow(InputDataSet) subset after=7301"
[1] "nrow(InputDataSet) subset diff=0"
[1] "--------------------------------------------------------------------------------"
[1] "class(InputDataSet$Race.IsAnalyzeNormalPast)=logical"
[1] "class(InputDataSet$Race.analyzeTrackTypeCd)=NULL"
[1] "2022-02-15 05:33:04 --- subset Finish ---"
[1] "2022-02-15 05:33:04 --- transform Start ---"
[1] "--------------------------------------------------------------------------------"
[1] "nrow(InputDataSet) transaform before=7301"
[1] "nrow(InputDataSet) transaform after=7301"
[1] "nrow(InputDataSet) transaform diff=0"
[1] "--------------------------------------------------------------------------------"
[1] "str(InputDataSet)="
'data.frame':	7301 obs. of  41 variables:
 $ Race.RaceId                      : Factor w/ 511 levels "20161016-05-04-05-10",..: 11 12 13 14 15 16 17 18 19 20 ...
 $ Race.IsPredictedRace             : logi  TRUE TRUE TRUE TRUE TRUE TRUE ...
 $ Race.IsAnalyzeNormalPastAndFuture: logi  TRUE TRUE TRUE TRUE TRUE TRUE ...
 $ Race.IsAnalyzeNormalPast         : logi  TRUE TRUE TRUE TRUE TRUE TRUE ...
 $ Race.IsAnalyzeNormalFuture       : logi  FALSE FALSE FALSE FALSE FALSE FALSE ...
 $ Race.IsAnalyzeFullPastAndFuture  : logi  TRUE TRUE TRUE TRUE TRUE TRUE ...
 $ Race.IsAnalyzeFullPast           : logi  TRUE TRUE TRUE TRUE TRUE TRUE ...
 $ Race.IsAnalyzeFullFuture         : logi  FALSE FALSE FALSE FALSE FALSE FALSE ...
 $ Race.JyokenCd                    : Factor w/ 1 level "2": 1 1 1 1 1 1 1 1 1 1 ...
 $ Race.JyoType1Cd                  : Factor w/ 82 levels "2-05-2100-1",..: 9 10 11 12 3 7 10 13 14 1 ...
 $ Race.RaceType0Cd                 : Factor w/ 132 levels "2-05-2100-1-2-E-13",..: 9 10 11 12 13 14 10 15 16 17 ...
 $ Race.RaceType1Cd                 : Factor w/ 2 levels "2-2-E","2-2-X": 1 1 1 1 1 1 1 1 1 1 ...
 $ Race.RaceType2Cd                 : Factor w/ 2 levels "2-2-E","2-2-X": 1 1 1 1 1 1 1 1 1 1 ...
 $ Race.RaceType3Cd                 : Factor w/ 3 levels "2-E-13","2-E-14",..: 2 2 2 2 2 2 2 2 2 2 ...
 $ Race.RaceType4Cd                 : Factor w/ 2 levels "2-2-13","2-2-14": 2 2 2 2 2 2 2 2 2 2 ...
 $ RaceHorse.RaceId                 : Factor w/ 511 levels "20161016-05-04-05-10",..: 11 12 13 14 15 16 17 18 19 20 ...
 $ RaceHorse.KettoNum               : Factor w/ 1479 levels "2011105806","2010105892",..: 11 12 13 14 15 16 17 18 19 20 ...
 $ RaceHorse.IsHit1                 : int  0 0 0 1 0 0 0 0 0 0 ...
 $ RaceHorse.IsHit2                 : int  0 0 0 0 0 0 0 0 0 0 ...
 $ RaceHorse.IsHit3                 : int  0 0 0 0 0 0 0 0 0 0 ...
 $ RaceHorse.IsHit4                 : int  0 0 0 0 0 0 1 0 0 0 ...
 $ RaceHorse.IsHit5                 : int  0 0 0 0 0 1 0 0 0 0 ...
 $ RaceHorse.IsHit6                 : int  1 1 1 0 1 0 0 1 1 1 ...
 $ RaceHorse.IsValidRaceHorse       : logi  TRUE TRUE TRUE TRUE TRUE TRUE ...
 $ RaceHorse.IsHitA                 : int  0 0 0 1 0 0 0 0 0 0 ...
 $ RaceHorse.IsHitB                 : int  0 0 0 1 0 0 0 0 0 0 ...
 $ RaceHorse.IsHitC                 : int  0 0 0 1 0 0 0 0 0 0 ...
 $ Gen01.HansyokuNum                : Factor w/ 250 levels "11202132","11202062",..: 10 11 12 13 14 15 16 17 17 18 ...
 $ Gen01.TimeDvByRaceAvg            : num  41.7 49.4 54.9 55.1 44.6 ...
 $ Gen01.RunCount                   : int  8 3 7 4 13 3 40 51 52 5 ...
 $ Gen01.HitCount1                  : int  2 1 2 0 2 1 8 15 15 1 ...
 $ Gen01.HitCount2                  : int  0 0 1 1 0 0 0 1 1 0 ...
 $ Gen01.HitCount3                  : int  0 0 0 1 0 1 0 2 1 1 ...
 $ Gen01.HitCount4                  : int  0 1 0 0 0 0 3 1 2 1 ...
 $ Gen01.HitCount5                  : int  0 0 0 0 0 0 1 2 2 0 ...
 $ Gen01.HitRate1                   : num  0.25 0.333 0.286 0 0.154 ...
 $ Gen01.HitRate2                   : num  0 0 0.143 0.25 0 ...
 $ Gen01.HitRate3                   : num  0 0 0 0.25 0 ...
 $ Gen01.HitRate4                   : num  0 0.333 0 0 0 ...
 $ Gen01.HitRate5                   : num  0 0 0 0 0 ...
 $ EOF                              : int  1 1 1 1 1 1 1 1 1 1 ...
NULL
[1] "2022-02-15 05:33:05 --- transform Finish ---"
[1] "2022-02-15 05:33:05 --- na.omit Start ---"
[1] "--------------------------------------------------------------------------------"
[1] "nrow(InputDataSet) na.omit before=7301"
[1] "nrow(InputDataSet) na.omit after=7301"
[1] "nrow(InputDataSet) na.omit diff=0"
[1] "--------------------------------------------------------------------------------"
[1] "2022-02-15 05:33:05 --- na.omit Finish---"
[1] "2022-02-15 05:33:05 --- New Levels Start ---"
[1] "levels(data$Race.RaceType1Cd)=2-2-E" "levels(data$Race.RaceType1Cd)=2-2-X"
[1] "levels(InputDataSet$Race.RaceType1Cd)=2-2-E"
[2] "levels(InputDataSet$Race.RaceType1Cd)=2-2-X"
[1] "length(Race.RaceType1Cd.Index)=0"
[1] "2022-02-15 05:33:05 --- New Levels Finish ---"
[1] "2022-02-15 05:33:05 --- na.omit Start ---"
[1] "--------------------------------------------------------------------------------"
[1] "nrow(InputDataSet) na.omit levels before=7301"
[1] "nrow(InputDataSet) na.omit levels after=7301"
[1] "nrow(InputDataSet) na.omit levels diff=0"
[1] "--------------------------------------------------------------------------------"
[1] "2022-02-15 05:33:05 --- na.omit Finish ---"
[1] "2022-02-15 05:33:05 --- Predict InputDataSet Start ---"
[1] "--------------------------------------------------------------------------------"
[1] "nrow(InputDataSet) predict=7301"
[1] "--------------------------------------------------------------------------------"
[1] "str(InputDataSet)="
'data.frame':	7301 obs. of  41 variables:
 $ Race.RaceId                      : Factor w/ 511 levels "20161016-05-04-05-10",..: 11 12 13 14 15 16 17 18 19 20 ...
 $ Race.IsPredictedRace             : logi  TRUE TRUE TRUE TRUE TRUE TRUE ...
 $ Race.IsAnalyzeNormalPastAndFuture: logi  TRUE TRUE TRUE TRUE TRUE TRUE ...
 $ Race.IsAnalyzeNormalPast         : logi  TRUE TRUE TRUE TRUE TRUE TRUE ...
 $ Race.IsAnalyzeNormalFuture       : logi  FALSE FALSE FALSE FALSE FALSE FALSE ...
 $ Race.IsAnalyzeFullPastAndFuture  : logi  TRUE TRUE TRUE TRUE TRUE TRUE ...
 $ Race.IsAnalyzeFullPast           : logi  TRUE TRUE TRUE TRUE TRUE TRUE ...
 $ Race.IsAnalyzeFullFuture         : logi  FALSE FALSE FALSE FALSE FALSE FALSE ...
 $ Race.JyokenCd                    : Factor w/ 1 level "2": 1 1 1 1 1 1 1 1 1 1 ...
 $ Race.JyoType1Cd                  : Factor w/ 82 levels "2-05-2100-1",..: 9 10 11 12 3 7 10 13 14 1 ...
 $ Race.RaceType0Cd                 : Factor w/ 132 levels "2-05-2100-1-2-E-13",..: 9 10 11 12 13 14 10 15 16 17 ...
 $ Race.RaceType1Cd                 : Factor w/ 2 levels "2-2-E","2-2-X": 1 1 1 1 1 1 1 1 1 1 ...
 $ Race.RaceType2Cd                 : Factor w/ 2 levels "2-2-E","2-2-X": 1 1 1 1 1 1 1 1 1 1 ...
 $ Race.RaceType3Cd                 : Factor w/ 3 levels "2-E-13","2-E-14",..: 2 2 2 2 2 2 2 2 2 2 ...
 $ Race.RaceType4Cd                 : Factor w/ 2 levels "2-2-13","2-2-14": 2 2 2 2 2 2 2 2 2 2 ...
 $ RaceHorse.RaceId                 : Factor w/ 511 levels "20161016-05-04-05-10",..: 11 12 13 14 15 16 17 18 19 20 ...
 $ RaceHorse.KettoNum               : Factor w/ 1479 levels "2011105806","2010105892",..: 11 12 13 14 15 16 17 18 19 20 ...
 $ RaceHorse.IsHit1                 : int  0 0 0 1 0 0 0 0 0 0 ...
 $ RaceHorse.IsHit2                 : int  0 0 0 0 0 0 0 0 0 0 ...
 $ RaceHorse.IsHit3                 : int  0 0 0 0 0 0 0 0 0 0 ...
 $ RaceHorse.IsHit4                 : int  0 0 0 0 0 0 1 0 0 0 ...
 $ RaceHorse.IsHit5                 : int  0 0 0 0 0 1 0 0 0 0 ...
 $ RaceHorse.IsHit6                 : int  1 1 1 0 1 0 0 1 1 1 ...
 $ RaceHorse.IsValidRaceHorse       : logi  TRUE TRUE TRUE TRUE TRUE TRUE ...
 $ RaceHorse.IsHitA                 : int  0 0 0 1 0 0 0 0 0 0 ...
 $ RaceHorse.IsHitB                 : int  0 0 0 1 0 0 0 0 0 0 ...
 $ RaceHorse.IsHitC                 : int  0 0 0 1 0 0 0 0 0 0 ...
 $ Gen01.HansyokuNum                : Factor w/ 250 levels "11202132","11202062",..: 10 11 12 13 14 15 16 17 17 18 ...
 $ Gen01.TimeDvByRaceAvg            : num  41.7 49.4 54.9 55.1 44.6 ...
 $ Gen01.RunCount                   : int  8 3 7 4 13 3 40 51 52 5 ...
 $ Gen01.HitCount1                  : int  2 1 2 0 2 1 8 15 15 1 ...
 $ Gen01.HitCount2                  : int  0 0 1 1 0 0 0 1 1 0 ...
 $ Gen01.HitCount3                  : int  0 0 0 1 0 1 0 2 1 1 ...
 $ Gen01.HitCount4                  : int  0 1 0 0 0 0 3 1 2 1 ...
 $ Gen01.HitCount5                  : int  0 0 0 0 0 0 1 2 2 0 ...
 $ Gen01.HitRate1                   : num  0.25 0.333 0.286 0 0.154 ...
 $ Gen01.HitRate2                   : num  0 0 0.143 0.25 0 ...
 $ Gen01.HitRate3                   : num  0 0 0 0.25 0 ...
 $ Gen01.HitRate4                   : num  0 0.333 0 0 0 ...
 $ Gen01.HitRate5                   : num  0 0 0 0 0 ...
 $ EOF                              : int  1 1 1 1 1 1 1 1 1 1 ...
[1] "2022-02-15 05:33:05 --- Predict InputDataSet Finish ---"
[1] "2022-02-15 05:33:05 --- rxPredict (glm) Start ---"
[1] "analyzeFunc=glm"
Rows Read: 7301, Total Rows Processed: 7301, Total Chunk Time: 0.001 seconds 
[1] "--------------------------------------------------------------------------------"
[1] "nrow(PredictDataSet) afte predict=7301"
[1] "--------------------------------------------------------------------------------"
[1] "str(PredictDataSet)"
'data.frame':	7301 obs. of  1 variable:
 $ RaceHorse.IsHitA_Pred: num  0.0688 0.0726 0.0704 0.0584 0.0646 ...
NULL
[1] "2022-02-15 05:33:05 --- rxPredict (glm) Finish ---"
[1] "2022-02-15 05:33:05 --- add key Start ---"
[1] "--------------------------------------------------------------------------------"
[1] "nrow(OutputDataSet) add KeyColmn=7301"
[1] "--------------------------------------------------------------------------------"
[1] "str(OutputDataSet) after add Key"
'data.frame':	7301 obs. of  2 variables:
 $ RaceHorse.RaceId  : Factor w/ 511 levels "20161016-05-04-05-10",..: 11 12 13 14 15 16 17 18 19 20 ...
 $ RaceHorse.KettoNum: Factor w/ 1479 levels "2011105806","2010105892",..: 11 12 13 14 15 16 17 18 19 20 ...
NULL
[1] "2022-02-15 05:33:05 --- add key Finish ---"
[1] "2022-02-15 05:33:05 --- add PredictValue Start ---"
[1] "str(PredictDataSet) before rename="
[1] "colnames(PredictDataSet)=RaceHorse.IsHitA_Pred"
[1] "str(PredictDataSet) after rename="
'data.frame':	7301 obs. of  1 variable:
 $ PredictValue: num  0.0688 0.0726 0.0704 0.0584 0.0646 ...
NULL
[1] "str(OutputDataSet) before cbind="
'data.frame':	7301 obs. of  2 variables:
 $ RaceHorse.RaceId  : Factor w/ 511 levels "20161016-05-04-05-10",..: 11 12 13 14 15 16 17 18 19 20 ...
 $ RaceHorse.KettoNum: Factor w/ 1479 levels "2011105806","2010105892",..: 11 12 13 14 15 16 17 18 19 20 ...
NULL
[1] "str(OutputDataSet) after cbind="
'data.frame':	7301 obs. of  3 variables:
 $ RaceHorse.RaceId  : Factor w/ 511 levels "20161016-05-04-05-10",..: 11 12 13 14 15 16 17 18 19 20 ...
 $ RaceHorse.KettoNum: Factor w/ 1479 levels "2011105806","2010105892",..: 11 12 13 14 15 16 17 18 19 20 ...
 $ PredictValue      : num  0.0688 0.0726 0.0704 0.0584 0.0646 ...
NULL
[1] "2022-02-15 05:33:06 --- add PredictValue Finish ---"
[1] "2022-02-15 05:33:06 --- final Start ---"
[1] "--------------------------------------------------------------------------------"
[1] "nrow(OutputDataSet) final=7301"
[1] "--------------------------------------------------------------------------------"
[1] "str(OutputDataSet)="
'data.frame':	7301 obs. of  3 variables:
 $ RaceHorse.RaceId  : Factor w/ 511 levels "20161016-05-04-05-10",..: 11 12 13 14 15 16 17 18 19 20 ...
 $ RaceHorse.KettoNum: Factor w/ 1479 levels "2011105806","2010105892",..: 11 12 13 14 15 16 17 18 19 20 ...
 $ PredictValue      : num  0.0688 0.0726 0.0704 0.0584 0.0646 ...
NULL
[1] "2022-02-15 05:33:06 --- final Finish ---"
[1] "2022-02-15 05:33:06 --- predict.R Finished ---"
[1] "2022-02-15 05:33:06 --- log Finish ---"
