[1] "2022-02-06 15:05:48 --- D1113_Predict_glm_Odds_IsHitA_Type31 Start ---"
[1] "2022-02-06 15:05:48 --- Log Start ---"
[1] "2022-02-06 15:05:48 --- predict.R Start ---"
[1] "analyzeVersion=D1113"
[1] "analyzeCategory=Predict"
[1] "analyzeType=Odds"
[1] "analyzeFamily=IsHitA"
[1] "analyzeFunc=glm"
[1] "analyzeTrackTypeCd=3"
[1] "analyzeJyokenCd=1"
[1] "2022-02-06 15:05:48 --- source_function.R Start ---"
[1] "2022-02-06 15:05:48 --- source_function.R Finished ---"

> print(paste0(Sys.time(), " --- source_library.R Start ---"))
[1] "2022-02-06 15:05:48 --- source_library.R Start ---"

> require("RevoScaleR")

> print(paste0(Sys.time(), " --- source_library.R Finished ---"))
[1] "2022-02-06 15:05:48 --- source_library.R Finished ---"
[1] "2022-02-06 15:05:48 --- Load Start ---"
[1] "loadFilename=RData_Analyze_glm_Odds_Type31.RData"
[1] "2022-02-06 15:05:48 --- Load Finished ---"
[1] "2022-02-06 15:05:48 --- RxSqlServerData Start ---"
[1] "sqlQuery=SELECT * FROM ViewAnalyzeD1113analyze01OddsType31 WHERE [Race.IsPredictedRace] = 1"
Rows Read: 3071, Total Rows Processed: 3071, Total Chunk Time: 0.269 seconds 
[1] "head(InputDataSet)="
           Race.RaceId Race.IsPredictedRace Race.IsAnalyzeNormalPastAndFuture
1 20200411-03-01-01-05                 TRUE                              TRUE
2 20161022-04-03-03-04                 TRUE                              TRUE
3 20161029-04-03-05-04                 TRUE                              TRUE
4 20161029-04-03-05-04                 TRUE                              TRUE
5 20161105-03-03-01-04                 TRUE                              TRUE
6 20161105-03-03-01-04                 TRUE                              TRUE
  Race.IsAnalyzeNormalPast Race.IsAnalyzeNormalFuture
1                     TRUE                      FALSE
2                     TRUE                      FALSE
3                     TRUE                      FALSE
4                     TRUE                      FALSE
5                     TRUE                      FALSE
6                     TRUE                      FALSE
  Race.IsAnalyzeFullPastAndFuture Race.IsAnalyzeFullPast
1                            TRUE                   TRUE
2                            TRUE                   TRUE
3                            TRUE                   TRUE
4                            TRUE                   TRUE
5                            TRUE                   TRUE
6                            TRUE                   TRUE
  Race.IsAnalyzeFullFuture Race.JyokenCd Race.JyoType1Cd   Race.RaceType0Cd
1                    FALSE             1     3-03-2750-1 3-03-2750-1-1-X-19
2                    FALSE             1     3-04-3250-1 3-04-3250-1-1-X-18
3                    FALSE             1     3-04-2850-2 3-04-2850-2-1-X-18
4                    FALSE             1     3-04-2850-2 3-04-2850-2-1-X-18
5                    FALSE             1     3-03-3350-1 3-03-3350-1-1-X-18
6                    FALSE             1     3-03-3350-1 3-03-3350-1-1-X-18
  Race.RaceType1Cd Race.RaceType2Cd Race.RaceType3Cd Race.RaceType4Cd
1            3-1-X            3-1-X           1-X-19           3-1-19
2            3-1-X            3-1-X           1-X-18           3-1-18
3            3-1-X            3-1-X           1-X-18           3-1-18
4            3-1-X            3-1-X           1-X-18           3-1-18
5            3-1-X            3-1-X           1-X-18           3-1-18
6            3-1-X            3-1-X           1-X-18           3-1-18
      RaceHorse.RaceId RaceHorse.KettoNum RaceHorse.IsHit1 RaceHorse.IsHit2
1 20200411-03-01-01-05         2015110032                0                0
2 20161022-04-03-03-04         2010102488                0                0
3 20161029-04-03-05-04         2010104096                0                0
4 20161029-04-03-05-04         2012105255                0                1
5 20161105-03-03-01-04         2010102488                0                0
6 20161105-03-03-01-04         2012106290                0                0
  RaceHorse.IsHit3 RaceHorse.IsHit4 RaceHorse.IsHit5 RaceHorse.IsHit6
1                0                0                0                0
2                0                0                1                0
3                1                0                0                0
4                0                0                0                0
5                0                0                1                0
6                1                0                0                0
  RaceHorse.IsValidRaceHorse RaceHorse.IsHitA RaceHorse.IsHitB RaceHorse.IsHitC
1                      FALSE                0                0                0
2                       TRUE                0                0                0
3                       TRUE                0                0                1
4                       TRUE                0                1                1
5                       TRUE                0                0                0
6                       TRUE                0                0                1
  OddsByWin.Odds1 OddsByWin.Ninki OddsByWin.OddsLog1 OddsByWin.OddsRatio1
1             3.8               2           1.568616           0.35714286
2             3.9               2           1.589235           0.34482759
3             7.9               4           2.186051           0.14492754
4             4.7               2           1.740466           0.27027027
5             6.2               3           1.974081           0.19230769
6            23.2               7           3.186353           0.04504505
  OddsByWin.OddsLogit1 OddsByWin.ApprovalRate1 OddsByWin.ApprovalRateLog1 EOF
1            -1.335001              0.26315789                 0.23361485   1
2            -1.360977              0.25641026                 0.22825865   1
3            -2.066863              0.12658228                 0.11918852   1
4            -1.547563              0.21276596                 0.19290367   1
5            -1.824549              0.16129032                 0.14953173   1
6            -3.144152              0.04310345                 0.04220035   1
[1] "object.size(InputDataSet) auto=610.6 Kb"
[1] "nrow(InputDataSet) RxSqlServerData=3071"
[1] "str(InputDataSet)="
'data.frame':	3071 obs. of  35 variables:
 $ Race.RaceId                      : Factor w/ 258 levels "20190119-07-01-01-05",..: 6 7 8 8 9 9 10 11 12 13 ...
 $ Race.IsPredictedRace             : logi  TRUE TRUE TRUE TRUE TRUE TRUE ...
 $ Race.IsAnalyzeNormalPastAndFuture: logi  TRUE TRUE TRUE TRUE TRUE TRUE ...
 $ Race.IsAnalyzeNormalPast         : logi  TRUE TRUE TRUE TRUE TRUE TRUE ...
 $ Race.IsAnalyzeNormalFuture       : logi  FALSE FALSE FALSE FALSE FALSE FALSE ...
 $ Race.IsAnalyzeFullPastAndFuture  : logi  TRUE TRUE TRUE TRUE TRUE TRUE ...
 $ Race.IsAnalyzeFullPast           : logi  TRUE TRUE TRUE TRUE TRUE TRUE ...
 $ Race.IsAnalyzeFullFuture         : logi  FALSE FALSE FALSE FALSE FALSE FALSE ...
 $ Race.JyokenCd                    : Factor w/ 1 level "1": 1 1 1 1 1 1 1 1 1 1 ...
 $ Race.JyoType1Cd                  : Factor w/ 60 levels "3-07-3330-1",..: 5 6 7 7 8 8 9 4 3 9 ...
 $ Race.RaceType0Cd                 : Factor w/ 92 levels "3-07-3330-1-1-X-19",..: 5 6 7 7 8 8 9 4 10 11 ...
 $ Race.RaceType1Cd                 : Factor w/ 5 levels "3-1-X","3-1-E",..: 1 1 1 1 1 1 1 1 1 1 ...
 $ Race.RaceType2Cd                 : Factor w/ 5 levels "3-1-X","3-1-E",..: 1 1 1 1 1 1 1 1 1 1 ...
 $ Race.RaceType3Cd                 : Factor w/ 9 levels "1-X-19","1-E-19",..: 1 3 3 3 3 3 3 1 1 1 ...
 $ Race.RaceType4Cd                 : Factor w/ 2 levels "3-1-19","3-1-18": 1 2 2 2 2 2 2 1 1 1 ...
 $ RaceHorse.RaceId                 : Factor w/ 258 levels "20190119-07-01-01-05",..: 6 7 8 8 9 9 10 11 12 13 ...
 $ RaceHorse.KettoNum               : Factor w/ 562 levels "2010200007","2008105982",..: 11 12 13 14 12 15 14 16 17 14 ...
 $ RaceHorse.IsHit1                 : int  0 0 0 0 0 0 0 0 0 1 ...
 $ RaceHorse.IsHit2                 : int  0 0 0 1 0 0 0 0 0 0 ...
 $ RaceHorse.IsHit3                 : int  0 0 1 0 0 1 0 0 0 0 ...
 $ RaceHorse.IsHit4                 : int  0 0 0 0 0 0 0 0 0 0 ...
 $ RaceHorse.IsHit5                 : int  0 1 0 0 1 0 1 1 1 0 ...
 $ RaceHorse.IsHit6                 : int  0 0 0 0 0 0 0 0 0 0 ...
 $ RaceHorse.IsValidRaceHorse       : logi  FALSE TRUE TRUE TRUE TRUE TRUE ...
 $ RaceHorse.IsHitA                 : int  0 0 0 0 0 0 0 0 0 1 ...
 $ RaceHorse.IsHitB                 : int  0 0 0 1 0 0 0 0 0 1 ...
 $ RaceHorse.IsHitC                 : int  0 0 1 1 0 1 0 0 0 1 ...
 $ OddsByWin.Odds1                  : num  3.8 3.9 7.9 4.7 6.2 23.2 2.9 85.2 64.4 4.5 ...
 $ OddsByWin.Ninki                  : num  2 2 4 2 3 7 1 8 8 2 ...
 $ OddsByWin.OddsLog1               : num  1.57 1.59 2.19 1.74 1.97 ...
 $ OddsByWin.OddsRatio1             : num  0.357 0.345 0.145 0.27 0.192 ...
 $ OddsByWin.OddsLogit1             : num  -1.34 -1.36 -2.07 -1.55 -1.82 ...
 $ OddsByWin.ApprovalRate1          : num  0.263 0.256 0.127 0.213 0.161 ...
 $ OddsByWin.ApprovalRateLog1       : num  0.234 0.228 0.119 0.193 0.15 ...
 $ EOF                              : int  1 1 1 1 1 1 1 1 1 1 ...
[1] "2022-02-06 15:05:50 --- RxSqlServerData Finish ---"
[1] "2022-02-06 15:05:50 --- subset Start ---"
[1] "nrow(InputDataSet) subset before=3071"
[1] "nrow(InputDataSet) subset after=3071"
[1] "nrow(InputDataSet) subset diff=0"
[1] "class(InputDataSet$Race.IsAnalyzeNormalPast)=logical"
[1] "class(InputDataSet$Race.analyzeTrackTypeCd)=NULL"
[1] "2022-02-06 15:05:50 --- subset Finish ---"
[1] "2022-02-06 15:05:50 --- transform Start ---"
[1] "nrow(InputDataSet) transaform before=3071"
[1] "nrow(InputDataSet) transaform after=3071"
[1] "nrow(InputDataSet) transaform diff=0"
[1] "str(InputDataSet)="
'data.frame':	3071 obs. of  35 variables:
 $ Race.RaceId                      : Factor w/ 258 levels "20190119-07-01-01-05",..: 6 7 8 8 9 9 10 11 12 13 ...
 $ Race.IsPredictedRace             : logi  TRUE TRUE TRUE TRUE TRUE TRUE ...
 $ Race.IsAnalyzeNormalPastAndFuture: logi  TRUE TRUE TRUE TRUE TRUE TRUE ...
 $ Race.IsAnalyzeNormalPast         : logi  TRUE TRUE TRUE TRUE TRUE TRUE ...
 $ Race.IsAnalyzeNormalFuture       : logi  FALSE FALSE FALSE FALSE FALSE FALSE ...
 $ Race.IsAnalyzeFullPastAndFuture  : logi  TRUE TRUE TRUE TRUE TRUE TRUE ...
 $ Race.IsAnalyzeFullPast           : logi  TRUE TRUE TRUE TRUE TRUE TRUE ...
 $ Race.IsAnalyzeFullFuture         : logi  FALSE FALSE FALSE FALSE FALSE FALSE ...
 $ Race.JyokenCd                    : Factor w/ 1 level "1": 1 1 1 1 1 1 1 1 1 1 ...
 $ Race.JyoType1Cd                  : Factor w/ 60 levels "3-07-3330-1",..: 5 6 7 7 8 8 9 4 3 9 ...
 $ Race.RaceType0Cd                 : Factor w/ 92 levels "3-07-3330-1-1-X-19",..: 5 6 7 7 8 8 9 4 10 11 ...
 $ Race.RaceType1Cd                 : Factor w/ 5 levels "3-1-X","3-1-E",..: 1 1 1 1 1 1 1 1 1 1 ...
 $ Race.RaceType2Cd                 : Factor w/ 5 levels "3-1-X","3-1-E",..: 1 1 1 1 1 1 1 1 1 1 ...
 $ Race.RaceType3Cd                 : Factor w/ 9 levels "1-X-19","1-E-19",..: 1 3 3 3 3 3 3 1 1 1 ...
 $ Race.RaceType4Cd                 : Factor w/ 2 levels "3-1-19","3-1-18": 1 2 2 2 2 2 2 1 1 1 ...
 $ RaceHorse.RaceId                 : Factor w/ 258 levels "20190119-07-01-01-05",..: 6 7 8 8 9 9 10 11 12 13 ...
 $ RaceHorse.KettoNum               : Factor w/ 562 levels "2010200007","2008105982",..: 11 12 13 14 12 15 14 16 17 14 ...
 $ RaceHorse.IsHit1                 : int  0 0 0 0 0 0 0 0 0 1 ...
 $ RaceHorse.IsHit2                 : int  0 0 0 1 0 0 0 0 0 0 ...
 $ RaceHorse.IsHit3                 : int  0 0 1 0 0 1 0 0 0 0 ...
 $ RaceHorse.IsHit4                 : int  0 0 0 0 0 0 0 0 0 0 ...
 $ RaceHorse.IsHit5                 : int  0 1 0 0 1 0 1 1 1 0 ...
 $ RaceHorse.IsHit6                 : int  0 0 0 0 0 0 0 0 0 0 ...
 $ RaceHorse.IsValidRaceHorse       : logi  FALSE TRUE TRUE TRUE TRUE TRUE ...
 $ RaceHorse.IsHitA                 : int  0 0 0 0 0 0 0 0 0 1 ...
 $ RaceHorse.IsHitB                 : int  0 0 0 1 0 0 0 0 0 1 ...
 $ RaceHorse.IsHitC                 : int  0 0 1 1 0 1 0 0 0 1 ...
 $ OddsByWin.Odds1                  : num  3.8 3.9 7.9 4.7 6.2 23.2 2.9 85.2 64.4 4.5 ...
 $ OddsByWin.Ninki                  : num  2 2 4 2 3 7 1 8 8 2 ...
 $ OddsByWin.OddsLog1               : num  1.57 1.59 2.19 1.74 1.97 ...
 $ OddsByWin.OddsRatio1             : num  0.357 0.345 0.145 0.27 0.192 ...
 $ OddsByWin.OddsLogit1             : num  -1.34 -1.36 -2.07 -1.55 -1.82 ...
 $ OddsByWin.ApprovalRate1          : num  0.263 0.256 0.127 0.213 0.161 ...
 $ OddsByWin.ApprovalRateLog1       : num  0.234 0.228 0.119 0.193 0.15 ...
 $ EOF                              : int  1 1 1 1 1 1 1 1 1 1 ...
NULL
[1] "2022-02-06 15:05:50 --- transform Finish ---"
[1] "2022-02-06 15:05:50 --- na.omit Start ---"
[1] "nrow(InputDataSet) na.omit before=3071"
[1] "nrow(InputDataSet) na.omit after=3063"
[1] "nrow(InputDataSet) na.omit diff=8"
[1] "2022-02-06 15:05:50 --- na.omit Finish---"
[1] "2022-02-06 15:05:50 --- New Levels Start ---"
[1] "levels(data$Race.RaceType1Cd)=3-1-X" "levels(data$Race.RaceType1Cd)=3-1-H"
[3] "levels(data$Race.RaceType1Cd)=3-1-E" "levels(data$Race.RaceType1Cd)=3-1-G"
[5] "levels(data$Race.RaceType1Cd)=3-1-F"
[1] "levels(InputDataSet$Race.RaceType1Cd)=3-1-X"
[2] "levels(InputDataSet$Race.RaceType1Cd)=3-1-E"
[3] "levels(InputDataSet$Race.RaceType1Cd)=3-1-H"
[4] "levels(InputDataSet$Race.RaceType1Cd)=3-1-G"
[5] "levels(InputDataSet$Race.RaceType1Cd)=3-1-F"
[1] "length(Race.RaceType1Cd.Index)=0"
[1] "2022-02-06 15:05:50 --- New Levels Finish ---"
[1] "2022-02-06 15:05:50 --- na.omit Start ---"
[1] "nrow(InputDataSet) na.omit levels before=3063"
[1] "nrow(InputDataSet) na.omit levels after=3063"
[1] "nrow(InputDataSet) na.omit levels diff=0"
[1] "2022-02-06 15:05:50 --- na.omit Finish ---"
[1] "2022-02-06 15:05:50 --- Predict InputDataSet Start ---"
[1] "nrow(InputDataSet) predict=3063"
[1] "str(InputDataSet)="
'data.frame':	3063 obs. of  35 variables:
 $ Race.RaceId                      : Factor w/ 258 levels "20190119-07-01-01-05",..: 6 7 8 8 9 9 10 11 12 13 ...
 $ Race.IsPredictedRace             : logi  TRUE TRUE TRUE TRUE TRUE TRUE ...
 $ Race.IsAnalyzeNormalPastAndFuture: logi  TRUE TRUE TRUE TRUE TRUE TRUE ...
 $ Race.IsAnalyzeNormalPast         : logi  TRUE TRUE TRUE TRUE TRUE TRUE ...
 $ Race.IsAnalyzeNormalFuture       : logi  FALSE FALSE FALSE FALSE FALSE FALSE ...
 $ Race.IsAnalyzeFullPastAndFuture  : logi  TRUE TRUE TRUE TRUE TRUE TRUE ...
 $ Race.IsAnalyzeFullPast           : logi  TRUE TRUE TRUE TRUE TRUE TRUE ...
 $ Race.IsAnalyzeFullFuture         : logi  FALSE FALSE FALSE FALSE FALSE FALSE ...
 $ Race.JyokenCd                    : Factor w/ 1 level "1": 1 1 1 1 1 1 1 1 1 1 ...
 $ Race.JyoType1Cd                  : Factor w/ 60 levels "3-07-3330-1",..: 5 6 7 7 8 8 9 4 3 9 ...
 $ Race.RaceType0Cd                 : Factor w/ 92 levels "3-07-3330-1-1-X-19",..: 5 6 7 7 8 8 9 4 10 11 ...
 $ Race.RaceType1Cd                 : Factor w/ 5 levels "3-1-X","3-1-E",..: 1 1 1 1 1 1 1 1 1 1 ...
 $ Race.RaceType2Cd                 : Factor w/ 5 levels "3-1-X","3-1-E",..: 1 1 1 1 1 1 1 1 1 1 ...
 $ Race.RaceType3Cd                 : Factor w/ 9 levels "1-X-19","1-E-19",..: 1 3 3 3 3 3 3 1 1 1 ...
 $ Race.RaceType4Cd                 : Factor w/ 2 levels "3-1-19","3-1-18": 1 2 2 2 2 2 2 1 1 1 ...
 $ RaceHorse.RaceId                 : Factor w/ 258 levels "20190119-07-01-01-05",..: 6 7 8 8 9 9 10 11 12 13 ...
 $ RaceHorse.KettoNum               : Factor w/ 562 levels "2010200007","2008105982",..: 11 12 13 14 12 15 14 16 17 14 ...
 $ RaceHorse.IsHit1                 : int  0 0 0 0 0 0 0 0 0 1 ...
 $ RaceHorse.IsHit2                 : int  0 0 0 1 0 0 0 0 0 0 ...
 $ RaceHorse.IsHit3                 : int  0 0 1 0 0 1 0 0 0 0 ...
 $ RaceHorse.IsHit4                 : int  0 0 0 0 0 0 0 0 0 0 ...
 $ RaceHorse.IsHit5                 : int  0 1 0 0 1 0 1 1 1 0 ...
 $ RaceHorse.IsHit6                 : int  0 0 0 0 0 0 0 0 0 0 ...
 $ RaceHorse.IsValidRaceHorse       : logi  FALSE TRUE TRUE TRUE TRUE TRUE ...
 $ RaceHorse.IsHitA                 : int  0 0 0 0 0 0 0 0 0 1 ...
 $ RaceHorse.IsHitB                 : int  0 0 0 1 0 0 0 0 0 1 ...
 $ RaceHorse.IsHitC                 : int  0 0 1 1 0 1 0 0 0 1 ...
 $ OddsByWin.Odds1                  : num  3.8 3.9 7.9 4.7 6.2 23.2 2.9 85.2 64.4 4.5 ...
 $ OddsByWin.Ninki                  : num  2 2 4 2 3 7 1 8 8 2 ...
 $ OddsByWin.OddsLog1               : num  1.57 1.59 2.19 1.74 1.97 ...
 $ OddsByWin.OddsRatio1             : num  0.357 0.345 0.145 0.27 0.192 ...
 $ OddsByWin.OddsLogit1             : num  -1.34 -1.36 -2.07 -1.55 -1.82 ...
 $ OddsByWin.ApprovalRate1          : num  0.263 0.256 0.127 0.213 0.161 ...
 $ OddsByWin.ApprovalRateLog1       : num  0.234 0.228 0.119 0.193 0.15 ...
 $ EOF                              : int  1 1 1 1 1 1 1 1 1 1 ...
 - attr(*, "na.action")= 'omit' Named int  998 1116 1299 1302 1319 1320 1323 1465
  ..- attr(*, "names")= chr  "998" "1116" "1299" "1302" ...
[1] "2022-02-06 15:05:50 --- Predict InputDataSet Finish ---"
[1] "2022-02-06 15:05:50 --- rxPredict (glm) Start ---"
[1] "analyzeFunc=glm"
Rows Read: 3063, Total Rows Processed: 3063, Total Chunk Time: 0.001 seconds 
[1] "nrow(PredictDataSet) afte predict=3063"
[1] "str(PredictDataSet)"
'data.frame':	3063 obs. of  1 variable:
 $ RaceHorse.IsHitA_Pred: num  0.226 0.221 0.115 0.188 0.146 ...
NULL
[1] "head(PredictDataSet) afte predict="
  RaceHorse.IsHitA_Pred
1            0.22607480
2            0.22110784
3            0.11539552
4            0.18774165
5            0.14555972
6            0.03829313
[1] "2022-02-06 15:05:50 --- rxPredict (glm) Finish ---"
[1] "2022-02-06 15:05:50 --- add key Start ---"
[1] "nrow(OutputDataSet) add KeyColmn=3063"
[1] "str(OutputDataSet) after add Key"
'data.frame':	3063 obs. of  2 variables:
 $ RaceHorse.RaceId  : Factor w/ 258 levels "20190119-07-01-01-05",..: 6 7 8 8 9 9 10 11 12 13 ...
 $ RaceHorse.KettoNum: Factor w/ 562 levels "2010200007","2008105982",..: 11 12 13 14 12 15 14 16 17 14 ...
NULL
[1] "2022-02-06 15:05:50 --- add key Finish ---"
[1] "2022-02-06 15:05:50 --- add PredictValue Start ---"
[1] "str(PredictDataSet) before rename="
[1] "colnames(PredictDataSet)=RaceHorse.IsHitA_Pred"
[1] "str(PredictDataSet) after rename="
'data.frame':	3063 obs. of  1 variable:
 $ PredictValue: num  0.226 0.221 0.115 0.188 0.146 ...
NULL
[1] "str(OutputDataSet) before cbind="
'data.frame':	3063 obs. of  2 variables:
 $ RaceHorse.RaceId  : Factor w/ 258 levels "20190119-07-01-01-05",..: 6 7 8 8 9 9 10 11 12 13 ...
 $ RaceHorse.KettoNum: Factor w/ 562 levels "2010200007","2008105982",..: 11 12 13 14 12 15 14 16 17 14 ...
NULL
[1] "str(OutputDataSet) after cbind="
'data.frame':	3063 obs. of  3 variables:
 $ RaceHorse.RaceId  : Factor w/ 258 levels "20190119-07-01-01-05",..: 6 7 8 8 9 9 10 11 12 13 ...
 $ RaceHorse.KettoNum: Factor w/ 562 levels "2010200007","2008105982",..: 11 12 13 14 12 15 14 16 17 14 ...
 $ PredictValue      : num  0.226 0.221 0.115 0.188 0.146 ...
NULL
[1] "2022-02-06 15:05:50 --- add PredictValue Finish ---"
[1] "2022-02-06 15:05:50 --- final Start ---"
[1] "nrow(OutputDataSet) final=3063"
[1] "head(OutputDataSet)="
      RaceHorse.RaceId RaceHorse.KettoNum PredictValue
1 20200411-03-01-01-05         2015110032   0.22607480
2 20161022-04-03-03-04         2010102488   0.22110784
3 20161029-04-03-05-04         2010104096   0.11539552
4 20161029-04-03-05-04         2012105255   0.18774165
5 20161105-03-03-01-04         2010102488   0.14555972
6 20161105-03-03-01-04         2012106290   0.03829313
[1] "str(OutputDataSet)="
'data.frame':	3063 obs. of  3 variables:
 $ RaceHorse.RaceId  : Factor w/ 258 levels "20190119-07-01-01-05",..: 6 7 8 8 9 9 10 11 12 13 ...
 $ RaceHorse.KettoNum: Factor w/ 562 levels "2010200007","2008105982",..: 11 12 13 14 12 15 14 16 17 14 ...
 $ PredictValue      : num  0.226 0.221 0.115 0.188 0.146 ...
NULL
[1] "2022-02-06 15:05:50 --- final Finish ---"
[1] "2022-02-06 15:05:50 --- predict.R Finished ---"
[1] "2022-02-06 15:05:50 --- log Finish ---"
