[1] "2022-02-06 21:16:03 --- D1113_analyze_glm_Jockey_IsHitA_Type35 Start ---"
[1] "2022-02-06 21:16:03 --- Log Start ---"
[1] "2022-02-06 21:16:03 --- analyze_glm.R Start ---"
[1] "analyzeVersion=D1113"
[1] "analyzeCategory=analyze"
[1] "analyzeType=Jockey"
[1] "analyzeFamily=IsHitA"
[1] "analyzeFunc=glm"
[1] "analyzeTrackTypeCd=3"
[1] "analyzeJyokenCd=5"
[1] "2022-02-06 21:16:03 --- source_function.R Start ---"
[1] "2022-02-06 21:16:03 --- source_function.R Finished ---"

> print(paste0(Sys.time(), " --- source_library.R Start ---"))
[1] "2022-02-06 21:16:03 --- source_library.R Start ---"

> require("RevoScaleR")

> print(paste0(Sys.time(), " --- source_library.R Finished ---"))
[1] "2022-02-06 21:16:03 --- source_library.R Finished ---"
[1] "2022-02-06 21:16:03 --- RxSqlServerData Start ---"
[1] "sqlQuery=SELECT * FROM ViewAnalyzeD1113analyze01JockeyType35"
Rows Read: 6425, Total Rows Processed: 6425, Total Chunk Time: 7.900 seconds 
[1] "head(data)="
           Race.RaceId Race.IsPredictedRace Race.IsAnalyzeNormalPastAndFuture
1 20171210-07-04-04-04                 TRUE                              TRUE
2 20210815-04-04-02-01                 TRUE                              TRUE
3 20190706-03-02-03-01                 TRUE                              TRUE
4 20160313-07-02-02-05                 TRUE                              TRUE
5 20160319-07-02-03-04                 TRUE                              TRUE
6 20160410-03-01-02-04                 TRUE                              TRUE
  Race.IsAnalyzeNormalPast Race.IsAnalyzeNormalFuture
1                     TRUE                      FALSE
2                    FALSE                       TRUE
3                     TRUE                      FALSE
4                     TRUE                      FALSE
5                     TRUE                      FALSE
6                     TRUE                      FALSE
  Race.IsAnalyzeFullPastAndFuture Race.IsAnalyzeFullPast
1                            TRUE                   TRUE
2                            TRUE                  FALSE
3                            TRUE                   TRUE
4                            TRUE                   TRUE
5                            TRUE                   TRUE
6                            TRUE                   TRUE
  Race.IsAnalyzeFullFuture Race.JyokenCd Race.JyoType1Cd   Race.RaceType0Cd
1                    FALSE             5     3-07-3000-1 3-07-3000-1-5-X-18
2                     TRUE             5     3-04-2850-2 3-04-2850-2-5-X-18
3                    FALSE             5     3-03-2750-1 3-03-2750-1-5-X-18
4                    FALSE             5     3-07-3000-1 3-07-3000-1-5-X-19
5                    FALSE             5     3-07-3000-4 3-07-3000-4-5-X-19
6                    FALSE             5     3-03-2750-1 3-03-2750-1-5-X-19
  Race.RaceType1Cd Race.RaceType2Cd Race.RaceType3Cd Race.RaceType4Cd
1            3-5-X            3-5-X           5-X-18           3-5-18
2            3-5-X            3-5-X           5-X-18           3-5-18
3            3-5-X            3-5-X           5-X-18           3-5-18
4            3-5-X            3-5-X           5-X-19           3-5-19
5            3-5-X            3-5-X           5-X-19           3-5-19
6            3-5-X            3-5-X           5-X-19           3-5-19
      RaceHorse.RaceId RaceHorse.KettoNum RaceHorse.IsHit1 RaceHorse.IsHit2
1 20171210-07-04-04-04         2013103154                0                0
2 20210815-04-04-02-01         2017101493                0                0
3 20190706-03-02-03-01         2013102275                0                0
4 20160313-07-02-02-05         2005105204                0                1
5 20160319-07-02-03-04         2010101660                0                1
6 20160410-03-01-02-04         2005105204                0                0
  RaceHorse.IsHit3 RaceHorse.IsHit4 RaceHorse.IsHit5 RaceHorse.IsHit6
1                0                0                0                0
2                0                0                0                0
3                1                0                0                0
4                0                0                0                0
5                0                0                0                0
6                0                1                0                0
  RaceHorse.IsValidRaceHorse RaceHorse.IsHitA RaceHorse.IsHitB RaceHorse.IsHitC
1                      FALSE                0                0                0
2                      FALSE                0                0                0
3                       TRUE                0                0                1
4                       TRUE                0                1                1
5                       TRUE                0                1                1
6                       TRUE                0                0                0
  Jockey.KisyuCode Jockey.TimeDvByRaceAvg Jockey.TimeDvByRaceMax
1            00691                     53                     66
2            01069                     51                     69
3            01113                     50                     68
4            01143                     50                     69
5            01143                     50                     69
6            01143                     50                     69
  Jockey.RunCount Jockey.HitCount1 Jockey.HitCount2 Jockey.HitCount3
1             158               25               26               13
2             289               32               30               27
3             276               12               23               14
4              54                4                2                5
5              55                4                3                5
6              57                4                4                5
  Jockey.HitCount4 Jockey.HitCount5 Jockey.HitRate1 Jockey.HitRate2
1               21               11            0.16            0.16
2               34               24            0.11            0.10
3               20               26            0.04            0.08
4                4                2            0.07            0.04
5                4                2            0.07            0.05
6                4                2            0.07            0.07
  Jockey.HitRate3 Jockey.HitRate4 Jockey.HitRate5 EOF
1            0.08            0.13            0.07   1
2            0.09            0.12            0.08   1
3            0.05            0.07            0.09   1
4            0.09            0.07            0.04   1
5            0.09            0.07            0.04   1
6            0.09            0.07            0.04   1
[1] "object.size(data) auto=1.4 Mb"
[1] "nrow(data) RxSqlServerData=6425"
[1] "str(data)="
'data.frame':	6425 obs. of  42 variables:
 $ Race.RaceId                      : Factor w/ 515 levels "20171210-07-04-04-04",..: 1 2 3 4 5 6 7 8 9 10 ...
 $ Race.IsPredictedRace             : logi  TRUE TRUE TRUE TRUE TRUE TRUE ...
 $ Race.IsAnalyzeNormalPastAndFuture: logi  TRUE TRUE TRUE TRUE TRUE TRUE ...
 $ Race.IsAnalyzeNormalPast         : logi  TRUE FALSE TRUE TRUE TRUE TRUE ...
 $ Race.IsAnalyzeNormalFuture       : logi  FALSE TRUE FALSE FALSE FALSE FALSE ...
 $ Race.IsAnalyzeFullPastAndFuture  : logi  TRUE TRUE TRUE TRUE TRUE TRUE ...
 $ Race.IsAnalyzeFullPast           : logi  TRUE FALSE TRUE TRUE TRUE TRUE ...
 $ Race.IsAnalyzeFullFuture         : logi  FALSE TRUE FALSE FALSE FALSE FALSE ...
 $ Race.JyokenCd                    : Factor w/ 1 level "5": 1 1 1 1 1 1 1 1 1 1 ...
 $ Race.JyoType1Cd                  : Factor w/ 36 levels "3-07-3000-1",..: 1 2 3 1 4 3 3 5 5 5 ...
 $ Race.RaceType0Cd                 : Factor w/ 52 levels "3-07-3000-1-5-X-18",..: 1 2 3 4 5 6 6 7 7 7 ...
 $ Race.RaceType1Cd                 : Factor w/ 1 level "3-5-X": 1 1 1 1 1 1 1 1 1 1 ...
 $ Race.RaceType2Cd                 : Factor w/ 1 level "3-5-X": 1 1 1 1 1 1 1 1 1 1 ...
 $ Race.RaceType3Cd                 : Factor w/ 2 levels "5-X-18","5-X-19": 1 1 1 2 2 2 2 2 2 2 ...
 $ Race.RaceType4Cd                 : Factor w/ 2 levels "3-5-18","3-5-19": 1 1 1 2 2 2 2 2 2 2 ...
 $ RaceHorse.RaceId                 : Factor w/ 515 levels "20171210-07-04-04-04",..: 1 2 3 4 5 6 7 8 9 10 ...
 $ RaceHorse.KettoNum               : Factor w/ 1912 levels "2013103154","2017101493",..: 1 2 3 4 5 4 5 6 5 6 ...
 $ RaceHorse.IsHit1                 : int  0 0 0 0 0 0 0 0 1 0 ...
 $ RaceHorse.IsHit2                 : int  0 0 0 1 1 0 1 0 0 0 ...
 $ RaceHorse.IsHit3                 : int  0 0 1 0 0 0 0 0 0 0 ...
 $ RaceHorse.IsHit4                 : int  0 0 0 0 0 1 0 0 0 1 ...
 $ RaceHorse.IsHit5                 : int  0 0 0 0 0 0 0 1 0 0 ...
 $ RaceHorse.IsHit6                 : int  0 0 0 0 0 0 0 0 0 0 ...
 $ RaceHorse.IsValidRaceHorse       : logi  FALSE FALSE TRUE TRUE TRUE TRUE ...
 $ RaceHorse.IsHitA                 : int  0 0 0 0 0 0 0 0 1 0 ...
 $ RaceHorse.IsHitB                 : int  0 0 0 1 1 0 1 0 1 0 ...
 $ RaceHorse.IsHitC                 : int  0 0 1 1 1 0 1 0 1 0 ...
 $ Jockey.KisyuCode                 : Factor w/ 34 levels "00691","01069",..: 1 2 3 4 4 4 4 4 4 4 ...
 $ Jockey.TimeDvByRaceAvg           : num  52.7 51.5 49.5 49.6 49.8 ...
 $ Jockey.TimeDvByRaceMax           : num  66.5 69.3 67.5 69.4 69.4 ...
 $ Jockey.RunCount                  : int  158 289 276 54 55 57 58 60 61 62 ...
 $ Jockey.HitCount1                 : int  25 32 12 4 4 4 4 4 4 5 ...
 $ Jockey.HitCount2                 : int  26 30 23 2 3 4 4 5 5 5 ...
 $ Jockey.HitCount3                 : int  13 27 14 5 5 5 5 5 5 5 ...
 $ Jockey.HitCount4                 : int  21 34 20 4 4 4 5 5 5 5 ...
 $ Jockey.HitCount5                 : int  11 24 26 2 2 2 2 2 3 3 ...
 $ Jockey.HitRate1                  : num  0.1582 0.1107 0.0435 0.0741 0.0727 ...
 $ Jockey.HitRate2                  : num  0.1646 0.1038 0.0833 0.037 0.0545 ...
 $ Jockey.HitRate3                  : num  0.0823 0.0934 0.0507 0.0926 0.0909 ...
 $ Jockey.HitRate4                  : num  0.1329 0.1176 0.0725 0.0741 0.0727 ...
 $ Jockey.HitRate5                  : num  0.0696 0.083 0.0942 0.037 0.0364 ...
 $ EOF                              : int  1 1 1 1 1 1 1 1 1 1 ...
[1] "2022-02-06 21:16:19 --- RxSqlServerData Finish ---"
[1] "2022-02-06 21:16:19 --- subset Start ---"
[1] "nrow(data) subset before=6425"
[1] "nrow(data) subset after =4962"
[1] "nrow(data) subset diff =1463"
[1] "2022-02-06 21:16:19 --- subset Finish---"
[1] "2022-02-06 21:16:19 --- transform Start ---"
[1] "nrow(data) transform before=4962"
[1] "nrow(data) transform after=4962"
[1] "nrow(data) transform diff=0"
[1] "str(data)="
'data.frame':	4962 obs. of  42 variables:
 $ Race.RaceId                      : Factor w/ 515 levels "20171210-07-04-04-04",..: 3 4 5 6 7 8 9 10 11 12 ...
 $ Race.IsPredictedRace             : logi  TRUE TRUE TRUE TRUE TRUE TRUE ...
 $ Race.IsAnalyzeNormalPastAndFuture: logi  TRUE TRUE TRUE TRUE TRUE TRUE ...
 $ Race.IsAnalyzeNormalPast         : logi  TRUE TRUE TRUE TRUE TRUE TRUE ...
 $ Race.IsAnalyzeNormalFuture       : logi  FALSE FALSE FALSE FALSE FALSE FALSE ...
 $ Race.IsAnalyzeFullPastAndFuture  : logi  TRUE TRUE TRUE TRUE TRUE TRUE ...
 $ Race.IsAnalyzeFullPast           : logi  TRUE TRUE TRUE TRUE TRUE TRUE ...
 $ Race.IsAnalyzeFullFuture         : logi  FALSE FALSE FALSE FALSE FALSE FALSE ...
 $ Race.JyokenCd                    : Factor w/ 1 level "5": 1 1 1 1 1 1 1 1 1 1 ...
 $ Race.JyoType1Cd                  : Factor w/ 36 levels "3-07-3000-1",..: 3 1 4 3 3 5 5 5 5 6 ...
 $ Race.RaceType0Cd                 : Factor w/ 52 levels "3-07-3000-1-5-X-18",..: 3 4 5 6 6 7 7 7 7 8 ...
 $ Race.RaceType1Cd                 : Factor w/ 1 level "3-5-X": 1 1 1 1 1 1 1 1 1 1 ...
 $ Race.RaceType2Cd                 : Factor w/ 1 level "3-5-X": 1 1 1 1 1 1 1 1 1 1 ...
 $ Race.RaceType3Cd                 : Factor w/ 2 levels "5-X-18","5-X-19": 1 2 2 2 2 2 2 2 2 2 ...
 $ Race.RaceType4Cd                 : Factor w/ 2 levels "3-5-18","3-5-19": 1 2 2 2 2 2 2 2 2 2 ...
 $ RaceHorse.RaceId                 : Factor w/ 515 levels "20171210-07-04-04-04",..: 3 4 5 6 7 8 9 10 11 12 ...
 $ RaceHorse.KettoNum               : Factor w/ 1912 levels "2013103154","2017101493",..: 3 4 5 4 5 6 5 6 7 8 ...
 $ RaceHorse.IsHit1                 : int  0 0 0 0 0 0 1 0 0 1 ...
 $ RaceHorse.IsHit2                 : int  0 1 1 0 1 0 0 0 1 0 ...
 $ RaceHorse.IsHit3                 : int  1 0 0 0 0 0 0 0 0 0 ...
 $ RaceHorse.IsHit4                 : int  0 0 0 1 0 0 0 1 0 0 ...
 $ RaceHorse.IsHit5                 : int  0 0 0 0 0 1 0 0 0 0 ...
 $ RaceHorse.IsHit6                 : int  0 0 0 0 0 0 0 0 0 0 ...
 $ RaceHorse.IsValidRaceHorse       : logi  TRUE TRUE TRUE TRUE TRUE TRUE ...
 $ RaceHorse.IsHitA                 : int  0 0 0 0 0 0 1 0 0 1 ...
 $ RaceHorse.IsHitB                 : int  0 1 1 0 1 0 1 0 1 1 ...
 $ RaceHorse.IsHitC                 : int  1 1 1 0 1 0 1 0 1 1 ...
 $ Jockey.KisyuCode                 : Factor w/ 34 levels "00691","01069",..: 3 4 4 4 4 4 4 4 4 5 ...
 $ Jockey.TimeDvByRaceAvg           : num  49.5 49.6 49.8 49.7 49.8 ...
 $ Jockey.TimeDvByRaceMax           : num  67.5 69.4 69.4 69.4 69.4 ...
 $ Jockey.RunCount                  : int  276 54 55 57 58 60 61 62 63 116 ...
 $ Jockey.HitCount1                 : int  12 4 4 4 4 4 4 5 5 9 ...
 $ Jockey.HitCount2                 : int  23 2 3 4 4 5 5 5 5 5 ...
 $ Jockey.HitCount3                 : int  14 5 5 5 5 5 5 5 5 15 ...
 $ Jockey.HitCount4                 : int  20 4 4 4 5 5 5 5 6 14 ...
 $ Jockey.HitCount5                 : int  26 2 2 2 2 2 3 3 3 11 ...
 $ Jockey.HitRate1                  : num  0.0435 0.0741 0.0727 0.0702 0.069 ...
 $ Jockey.HitRate2                  : num  0.0833 0.037 0.0545 0.0702 0.069 ...
 $ Jockey.HitRate3                  : num  0.0507 0.0926 0.0909 0.0877 0.0862 ...
 $ Jockey.HitRate4                  : num  0.0725 0.0741 0.0727 0.0702 0.0862 ...
 $ Jockey.HitRate5                  : num  0.0942 0.037 0.0364 0.0351 0.0345 ...
 $ EOF                              : int  1 1 1 1 1 1 1 1 1 1 ...
NULL
[1] "2022-02-06 21:16:20 --- transform Finish ---"
[1] "2022-02-06 21:16:20 --- na.omit Start ---"
[1] "nrow(data) na.omit before=4962"
[1] "nrow(data) na.omit after =4962"
[1] "nrow(data) na.omit diff =0"
'data.frame':	4962 obs. of  42 variables:
 $ Race.RaceId                      : Factor w/ 515 levels "20171210-07-04-04-04",..: 3 4 5 6 7 8 9 10 11 12 ...
 $ Race.IsPredictedRace             : logi  TRUE TRUE TRUE TRUE TRUE TRUE ...
 $ Race.IsAnalyzeNormalPastAndFuture: logi  TRUE TRUE TRUE TRUE TRUE TRUE ...
 $ Race.IsAnalyzeNormalPast         : logi  TRUE TRUE TRUE TRUE TRUE TRUE ...
 $ Race.IsAnalyzeNormalFuture       : logi  FALSE FALSE FALSE FALSE FALSE FALSE ...
 $ Race.IsAnalyzeFullPastAndFuture  : logi  TRUE TRUE TRUE TRUE TRUE TRUE ...
 $ Race.IsAnalyzeFullPast           : logi  TRUE TRUE TRUE TRUE TRUE TRUE ...
 $ Race.IsAnalyzeFullFuture         : logi  FALSE FALSE FALSE FALSE FALSE FALSE ...
 $ Race.JyokenCd                    : Factor w/ 1 level "5": 1 1 1 1 1 1 1 1 1 1 ...
 $ Race.JyoType1Cd                  : Factor w/ 36 levels "3-07-3000-1",..: 3 1 4 3 3 5 5 5 5 6 ...
 $ Race.RaceType0Cd                 : Factor w/ 52 levels "3-07-3000-1-5-X-18",..: 3 4 5 6 6 7 7 7 7 8 ...
 $ Race.RaceType1Cd                 : Factor w/ 1 level "3-5-X": 1 1 1 1 1 1 1 1 1 1 ...
 $ Race.RaceType2Cd                 : Factor w/ 1 level "3-5-X": 1 1 1 1 1 1 1 1 1 1 ...
 $ Race.RaceType3Cd                 : Factor w/ 2 levels "5-X-18","5-X-19": 1 2 2 2 2 2 2 2 2 2 ...
 $ Race.RaceType4Cd                 : Factor w/ 2 levels "3-5-18","3-5-19": 1 2 2 2 2 2 2 2 2 2 ...
 $ RaceHorse.RaceId                 : Factor w/ 515 levels "20171210-07-04-04-04",..: 3 4 5 6 7 8 9 10 11 12 ...
 $ RaceHorse.KettoNum               : Factor w/ 1912 levels "2013103154","2017101493",..: 3 4 5 4 5 6 5 6 7 8 ...
 $ RaceHorse.IsHit1                 : int  0 0 0 0 0 0 1 0 0 1 ...
 $ RaceHorse.IsHit2                 : int  0 1 1 0 1 0 0 0 1 0 ...
 $ RaceHorse.IsHit3                 : int  1 0 0 0 0 0 0 0 0 0 ...
 $ RaceHorse.IsHit4                 : int  0 0 0 1 0 0 0 1 0 0 ...
 $ RaceHorse.IsHit5                 : int  0 0 0 0 0 1 0 0 0 0 ...
 $ RaceHorse.IsHit6                 : int  0 0 0 0 0 0 0 0 0 0 ...
 $ RaceHorse.IsValidRaceHorse       : logi  TRUE TRUE TRUE TRUE TRUE TRUE ...
 $ RaceHorse.IsHitA                 : int  0 0 0 0 0 0 1 0 0 1 ...
 $ RaceHorse.IsHitB                 : int  0 1 1 0 1 0 1 0 1 1 ...
 $ RaceHorse.IsHitC                 : int  1 1 1 0 1 0 1 0 1 1 ...
 $ Jockey.KisyuCode                 : Factor w/ 34 levels "00691","01069",..: 3 4 4 4 4 4 4 4 4 5 ...
 $ Jockey.TimeDvByRaceAvg           : num  49.5 49.6 49.8 49.7 49.8 ...
 $ Jockey.TimeDvByRaceMax           : num  67.5 69.4 69.4 69.4 69.4 ...
 $ Jockey.RunCount                  : int  276 54 55 57 58 60 61 62 63 116 ...
 $ Jockey.HitCount1                 : int  12 4 4 4 4 4 4 5 5 9 ...
 $ Jockey.HitCount2                 : int  23 2 3 4 4 5 5 5 5 5 ...
 $ Jockey.HitCount3                 : int  14 5 5 5 5 5 5 5 5 15 ...
 $ Jockey.HitCount4                 : int  20 4 4 4 5 5 5 5 6 14 ...
 $ Jockey.HitCount5                 : int  26 2 2 2 2 2 3 3 3 11 ...
 $ Jockey.HitRate1                  : num  0.0435 0.0741 0.0727 0.0702 0.069 ...
 $ Jockey.HitRate2                  : num  0.0833 0.037 0.0545 0.0702 0.069 ...
 $ Jockey.HitRate3                  : num  0.0507 0.0926 0.0909 0.0877 0.0862 ...
 $ Jockey.HitRate4                  : num  0.0725 0.0741 0.0727 0.0702 0.0862 ...
 $ Jockey.HitRate5                  : num  0.0942 0.037 0.0364 0.0351 0.0345 ...
 $ EOF                              : int  1 1 1 1 1 1 1 1 1 1 ...
[1] "2022-02-06 21:16:20 --- na.omit Finish ---"
[1] "2022-02-06 21:16:20 --- rxGlm with rxStepControl Start ---"
[1] "2022-02-06 21:16:20 --- source_logic_glm.R Start ---"
[1] "2022-02-06 21:16:20 --- source_logic_glm.R Finished ---"
Rows Read: 4962, Total Rows Processed: 4962, Total Chunk Time: Less than .001 seconds 

Starting values (iteration 1) time: 0.007 secs.
Rows Read: 4962, Total Rows Processed: 4962, Total Chunk Time: 0.001 seconds 

Iteration 2 time: 0.004 secs.
Rows Read: 4962, Total Rows Processed: 4962, Total Chunk Time: 0.001 seconds 

Iteration 3 time: 0.003 secs.
Rows Read: 4962, Total Rows Processed: 4962, Total Chunk Time: 0.001 seconds 

Iteration 4 time: 0.004 secs.
Rows Read: 4962, Total Rows Processed: 4962, Total Chunk Time: 0.001 seconds 

Iteration 5 time: 0.003 secs.
Rows Read: 4962, Total Rows Processed: 4962, Total Chunk Time: Less than .001 seconds 

Iteration 6 time: 0.005 secs.

Elapsed computation time: 0.044 secs.
Rows Read: 4962, Total Rows Processed: 4962, Total Chunk Time: Less than .001 seconds 

Starting values (iteration 1) time: 0.005 secs.
Rows Read: 4962, Total Rows Processed: 4962, Total Chunk Time: Less than .001 seconds 

Iteration 2 time: 0.004 secs.
Rows Read: 4962, Total Rows Processed: 4962, Total Chunk Time: Less than .001 seconds 

Iteration 3 time: 0.003 secs.
Rows Read: 4962, Total Rows Processed: 4962, Total Chunk Time: 0.001 seconds 

Iteration 4 time: 0.005 secs.
Rows Read: 4962, Total Rows Processed: 4962, Total Chunk Time: Less than .001 seconds 

Iteration 5 time: 0.004 secs.
Rows Read: 4962, Total Rows Processed: 4962, Total Chunk Time: 0.001 seconds 

Iteration 6 time: 0.003 secs.

Elapsed computation time: 0.043 secs.
Rows Read: 4962, Total Rows Processed: 4962, Total Chunk Time: Less than .001 seconds 

Starting values (iteration 1) time: 0.005 secs.
Rows Read: 4962, Total Rows Processed: 4962, Total Chunk Time: 0.001 seconds 

Iteration 2 time: 0.005 secs.
Rows Read: 4962, Total Rows Processed: 4962, Total Chunk Time: Less than .001 seconds 

Iteration 3 time: 0.004 secs.
Rows Read: 4962, Total Rows Processed: 4962, Total Chunk Time: 0.001 seconds 

Iteration 4 time: 0.003 secs.
Rows Read: 4962, Total Rows Processed: 4962, Total Chunk Time: 0.001 seconds 

Iteration 5 time: 0.003 secs.
Rows Read: 4962, Total Rows Processed: 4962, Total Chunk Time: 0.001 seconds 

Iteration 6 time: 0.003 secs.

Elapsed computation time: 0.042 secs.
Rows Read: 4962, Total Rows Processed: 4962, Total Chunk Time: 0.001 seconds 

Starting values (iteration 1) time: 0.004 secs.
Rows Read: 4962, Total Rows Processed: 4962, Total Chunk Time: 0.001 seconds 

Iteration 2 time: 0.004 secs.
Rows Read: 4962, Total Rows Processed: 4962, Total Chunk Time: 0.001 seconds 

Iteration 3 time: 0.003 secs.
Rows Read: 4962, Total Rows Processed: 4962, Total Chunk Time: 0.001 seconds 

Iteration 4 time: 0.003 secs.
Rows Read: 4962, Total Rows Processed: 4962, Total Chunk Time: 0.001 seconds 

Iteration 5 time: 0.003 secs.
Rows Read: 4962, Total Rows Processed: 4962, Total Chunk Time: 0.001 seconds 

Iteration 6 time: 0.003 secs.

Elapsed computation time: 0.039 secs.
Rows Read: 4962, Total Rows Processed: 4962, Total Chunk Time: Less than .001 seconds 

Starting values (iteration 1) time: 0.004 secs.
Rows Read: 4962, Total Rows Processed: 4962, Total Chunk Time: Less than .001 seconds 

Iteration 2 time: 0.004 secs.
Rows Read: 4962, Total Rows Processed: 4962, Total Chunk Time: 0.001 seconds 

Iteration 3 time: 0.003 secs.
Rows Read: 4962, Total Rows Processed: 4962, Total Chunk Time: 0.001 seconds 

Iteration 4 time: 0.003 secs.
Rows Read: 4962, Total Rows Processed: 4962, Total Chunk Time: 0.001 seconds 

Iteration 5 time: 0.003 secs.

Elapsed computation time: 0.034 secs.
Rows Read: 4962, Total Rows Processed: 4962, Total Chunk Time: 0.001 seconds 

Starting values (iteration 1) time: 0.004 secs.
Rows Read: 4962, Total Rows Processed: 4962, Total Chunk Time: Less than .001 seconds 

Iteration 2 time: 0.007 secs.
Rows Read: 4962, Total Rows Processed: 4962, Total Chunk Time: 0.003 seconds 

Iteration 3 time: 0.011 secs.
Rows Read: 4962, Total Rows Processed: 4962, Total Chunk Time: Less than .001 seconds 

Iteration 4 time: 0.004 secs.
Rows Read: 4962, Total Rows Processed: 4962, Total Chunk Time: Less than .001 seconds 

Iteration 5 time: 0.004 secs.
Rows Read: 4962, Total Rows Processed: 4962, Total Chunk Time: 0.001 seconds 

Iteration 6 time: 0.003 secs.

Elapsed computation time: 0.065 secs.

Elapsed computation time: 0.296 secs.
[1] "analyze.results.glm.step="
Generalized Linear Model Results for: RaceHorse.IsHitA ~
    Jockey.TimeDvByRaceAvg
Data: data
Dependent variable(s): RaceHorse.IsHitA
Total independent variables: 2 
Number of valid observations: 4962
Number of missing observations: 0 
Family-link: binomial-logit 
 
 
Coefficients:
                       RaceHorse.IsHitA
(Intercept)                       -14.1
Jockey.TimeDvByRaceAvg              0.2
[1] "analyze.results.glm.step.summary"
Call:
rxGlm(formula = form, data = data, family = binomial(), variableSelection = analyze.results.glm.step.varsel)

Generalized Linear Model Results for: RaceHorse.IsHitA ~
    Jockey.TimeDvByRaceAvg
Data: data
Dependent variable(s): RaceHorse.IsHitA
Total independent variables: 2 
Number of valid observations: 4962
Number of missing observations: 0 
Family-link: binomial-logit 
 
Residual deviance: 2801.231 (on 4960 degrees of freedom)
 
Coefficients:
                       Estimate Std. Error z value Pr(>|z|)    
(Intercept)            -14.0507     1.4405   -9.75  2.2e-16 ***
Jockey.TimeDvByRaceAvg   0.2299     0.0282    8.16  2.2e-16 ***
---
Signif. codes:  0 '***' 0.001 '**' 0.01 '*' 0.05 '.' 0.1 ' ' 1

(Dispersion parameter for binomial family taken to be 1)

Condition number of final variance-covariance matrix: 1 
Number of iterations: 6
[1] "2022-02-06 21:16:20 --- rxGlm with rxStepControl Finish ---"
[1] "2022-02-06 21:16:20 --- rxStepPlot Start ---"
[1] "pdfFilename=pdf_analyze_glm_Jockey_Type35_rxStepPlot.pdf"
[1] "rxStepPlot="
[1] "2022-02-06 21:16:20 --- rxStepPlot Finish ---"
[1] "2022-02-06 21:16:20 --- save.image Start ---"
[1] "save.image"
[1] "rdataFilename=RData_analyze_glm_Jockey_Type35.RData"
[1] "2022-02-06 21:16:22 --- save.image Finish ---"
[1] "2022-02-06 21:16:22 --- final Start ---"
[1] "nrow(data) final=4962"
[1] "2022-02-06 21:16:22 --- final Finish ---"
[1] "2022-02-06 21:16:22 --- analyze_glm.R Finished ---"
[1] "2022-02-06 21:16:22 --- log Finish ---"
