[1] "2022-02-06 20:47:15 --- D1113_analyze_glm_Gen02_IsHitA_Type15 Start ---"
[1] "2022-02-06 20:47:15 --- Log Start ---"
[1] "2022-02-06 20:47:15 --- analyze_glm.R Start ---"
[1] "analyzeVersion=D1113"
[1] "analyzeCategory=analyze"
[1] "analyzeType=Gen02"
[1] "analyzeFamily=IsHitA"
[1] "analyzeFunc=glm"
[1] "analyzeTrackTypeCd=1"
[1] "analyzeJyokenCd=5"
[1] "2022-02-06 20:47:15 --- source_function.R Start ---"
[1] "2022-02-06 20:47:15 --- source_function.R Finished ---"

> print(paste0(Sys.time(), " --- source_library.R Start ---"))
[1] "2022-02-06 20:47:15 --- source_library.R Start ---"

> require("RevoScaleR")

> print(paste0(Sys.time(), " --- source_library.R Finished ---"))
[1] "2022-02-06 20:47:15 --- source_library.R Finished ---"
[1] "2022-02-06 20:47:15 --- RxSqlServerData Start ---"
[1] "sqlQuery=SELECT * FROM ViewAnalyzeD1113analyze01Gen02Type15"
Rows Read: 39535, Total Rows Processed: 39535, Total Chunk Time: 2.423 seconds 
[1] "head(data)="
           Race.RaceId Race.IsPredictedRace Race.IsAnalyzeNormalPastAndFuture
1 20210418-04-01-04-06                 TRUE                              TRUE
2 20201206-06-05-02-03                 TRUE                              TRUE
3 20210626-09-03-03-06                 TRUE                              TRUE
4 20191123-08-05-07-03                 TRUE                              TRUE
5 20200816-01-02-02-01                 TRUE                              TRUE
6 20171203-06-05-02-03                 TRUE                              TRUE
  Race.IsAnalyzeNormalPast Race.IsAnalyzeNormalFuture
1                    FALSE                       TRUE
2                     TRUE                      FALSE
3                    FALSE                       TRUE
4                     TRUE                      FALSE
5                     TRUE                      FALSE
6                     TRUE                      FALSE
  Race.IsAnalyzeFullPastAndFuture Race.IsAnalyzeFullPast
1                            TRUE                  FALSE
2                            TRUE                   TRUE
3                            TRUE                  FALSE
4                            TRUE                   TRUE
5                            TRUE                   TRUE
6                            TRUE                   TRUE
  Race.IsAnalyzeFullFuture Race.JyokenCd Race.JyoType1Cd   Race.RaceType0Cd
1                     TRUE             5     1-04-1400-3 1-04-1400-3-5-X-12
2                    FALSE             5     1-06-1200-2 1-06-1200-2-5-X-11
3                     TRUE             5     1-09-2000-1 1-09-2000-1-5-X-12
4                    FALSE             5     1-08-1800-1 1-08-1800-1-5-X-11
5                    FALSE             5     1-01-1200-1 1-01-1200-1-5-X-11
6                    FALSE             5     1-06-1200-1 1-06-1200-1-5-X-11
  Race.RaceType1Cd Race.RaceType2Cd Race.RaceType3Cd Race.RaceType4Cd
1            1-5-X            1-5-X           5-X-12           1-5-12
2            1-5-X            1-5-X           5-X-11           1-5-11
3            1-5-X            1-5-X           5-X-12           1-5-12
4            1-5-X            1-5-X           5-X-11           1-5-11
5            1-5-X            1-5-X           5-X-11           1-5-11
6            1-5-X            1-5-X           5-X-11           1-5-11
      RaceHorse.RaceId RaceHorse.KettoNum RaceHorse.IsHit1 RaceHorse.IsHit2
1 20210418-04-01-04-06         2018106089                0                0
2 20201206-06-05-02-03         2018101782                0                0
3 20210626-09-03-03-06         2018106511                0                0
4 20191123-08-05-07-03         2017106255                0                0
5 20200816-01-02-02-01         2018100592                1                0
6 20171203-06-05-02-03         2015101784                0                0
  RaceHorse.IsHit3 RaceHorse.IsHit4 RaceHorse.IsHit5 RaceHorse.IsHit6
1                0                0                0                1
2                0                0                1                0
3                0                0                0                1
4                0                0                0                1
5                0                0                0                0
6                0                0                0                1
  RaceHorse.IsValidRaceHorse RaceHorse.IsHitA RaceHorse.IsHitB RaceHorse.IsHitC
1                      FALSE                0                0                0
2                       TRUE                0                0                0
3                       TRUE                0                0                0
4                       TRUE                0                0                0
5                       TRUE                1                1                1
6                       TRUE                0                0                0
  Gen02.HansyokuNum Gen02.TimeDvByRaceAvg Gen02.TimeDvByRaceMax Gen02.RunCount
1          12260173                    55                    65              8
2          12258730                    60                    64              5
3          12260782                    61                    67              3
4          12256155                    49                    56              4
5          12250855                    55                    70             11
6          12255525                    50                    64             10
  Gen02.HitCount1 Gen02.HitCount2 Gen02.HitCount3 Gen02.HitCount4
1               0               0               1               1
2               1               2               1               0
3               1               1               0               0
4               0               0               0               1
5               2               1               1               1
6               1               0               0               1
  Gen02.HitCount5 Gen02.HitRate1 Gen02.HitRate2 Gen02.HitRate3 Gen02.HitRate4
1               1            0.0           0.00           0.12           0.12
2               1            0.2           0.40           0.20           0.00
3               0            0.3           0.33           0.00           0.00
4               1            0.0           0.00           0.00           0.25
5               1            0.2           0.09           0.09           0.09
6               0            0.1           0.00           0.00           0.10
  Gen02.HitRate5 EOF
1           0.12   1
2           0.20   1
3           0.00   1
4           0.25   1
5           0.09   1
6           0.00   1
[1] "object.size(data) auto=9.5 Mb"
[1] "nrow(data) RxSqlServerData=39535"
[1] "str(data)="
'data.frame':	39535 obs. of  42 variables:
 $ Race.RaceId                      : Factor w/ 2992 levels "20191222-06-05-08-03",..: 11 12 13 14 15 16 17 10 18 2 ...
 $ Race.IsPredictedRace             : logi  TRUE TRUE TRUE TRUE TRUE TRUE ...
 $ Race.IsAnalyzeNormalPastAndFuture: logi  TRUE TRUE TRUE TRUE TRUE TRUE ...
 $ Race.IsAnalyzeNormalPast         : logi  FALSE TRUE FALSE TRUE TRUE TRUE ...
 $ Race.IsAnalyzeNormalFuture       : logi  TRUE FALSE TRUE FALSE FALSE FALSE ...
 $ Race.IsAnalyzeFullPastAndFuture  : logi  TRUE TRUE TRUE TRUE TRUE TRUE ...
 $ Race.IsAnalyzeFullPast           : logi  FALSE TRUE FALSE TRUE TRUE TRUE ...
 $ Race.IsAnalyzeFullFuture         : logi  TRUE FALSE TRUE FALSE FALSE FALSE ...
 $ Race.JyokenCd                    : Factor w/ 1 level "5": 1 1 1 1 1 1 1 1 1 1 ...
 $ Race.JyoType1Cd                  : Factor w/ 182 levels "1-06-1600-1",..: 9 10 11 8 12 13 14 8 15 2 ...
 $ Race.RaceType0Cd                 : Factor w/ 290 levels "1-06-1600-1-5-X-11",..: 9 10 11 12 13 14 15 8 16 2 ...
 $ Race.RaceType1Cd                 : Factor w/ 1 level "1-5-X": 1 1 1 1 1 1 1 1 1 1 ...
 $ Race.RaceType2Cd                 : Factor w/ 1 level "1-5-X": 1 1 1 1 1 1 1 1 1 1 ...
 $ Race.RaceType3Cd                 : Factor w/ 2 levels "5-X-11","5-X-12": 2 1 2 1 1 1 2 2 1 2 ...
 $ Race.RaceType4Cd                 : Factor w/ 2 levels "1-5-11","1-5-12": 2 1 2 1 1 1 2 2 1 2 ...
 $ RaceHorse.RaceId                 : Factor w/ 2992 levels "20191222-06-05-08-03",..: 11 12 13 14 15 16 17 10 18 2 ...
 $ RaceHorse.KettoNum               : Factor w/ 14614 levels "2017104966","2013101382",..: 11 12 13 14 15 16 17 10 18 2 ...
 $ RaceHorse.IsHit1                 : int  0 0 0 0 1 0 0 0 1 0 ...
 $ RaceHorse.IsHit2                 : int  0 0 0 0 0 0 0 0 0 0 ...
 $ RaceHorse.IsHit3                 : int  0 0 0 0 0 0 0 0 0 0 ...
 $ RaceHorse.IsHit4                 : int  0 0 0 0 0 0 0 0 0 0 ...
 $ RaceHorse.IsHit5                 : int  0 1 0 0 0 0 0 0 0 1 ...
 $ RaceHorse.IsHit6                 : int  1 0 1 1 0 1 0 1 0 0 ...
 $ RaceHorse.IsValidRaceHorse       : logi  FALSE TRUE TRUE TRUE TRUE TRUE ...
 $ RaceHorse.IsHitA                 : int  0 0 0 0 1 0 0 0 1 0 ...
 $ RaceHorse.IsHitB                 : int  0 0 0 0 1 0 0 0 1 0 ...
 $ RaceHorse.IsHitC                 : int  0 0 0 0 1 0 0 0 1 0 ...
 $ Gen02.HansyokuNum                : Factor w/ 7720 levels "12252779","12247766",..: 11 12 13 14 15 16 17 10 18 2 ...
 $ Gen02.TimeDvByRaceAvg            : num  55.3 60 60.6 49 54.5 ...
 $ Gen02.TimeDvByRaceMax            : num  65 63.9 66.6 56.5 70.3 ...
 $ Gen02.RunCount                   : int  8 5 3 4 11 10 12 9 21 14 ...
 $ Gen02.HitCount1                  : int  0 1 1 0 2 1 0 1 2 1 ...
 $ Gen02.HitCount2                  : int  0 2 1 0 1 0 0 0 0 1 ...
 $ Gen02.HitCount3                  : int  1 1 0 0 1 0 1 0 1 0 ...
 $ Gen02.HitCount4                  : int  1 0 0 1 1 1 0 1 4 0 ...
 $ Gen02.HitCount5                  : int  1 1 0 1 1 0 0 1 3 3 ...
 $ Gen02.HitRate1                   : num  0 0.2 0.333 0 0.182 ...
 $ Gen02.HitRate2                   : num  0 0.4 0.3333 0 0.0909 ...
 $ Gen02.HitRate3                   : num  0.125 0.2 0 0 0.0909 ...
 $ Gen02.HitRate4                   : num  0.125 0 0 0.25 0.0909 ...
 $ Gen02.HitRate5                   : num  0.125 0.2 0 0.25 0.0909 ...
 $ EOF                              : int  1 1 1 1 1 1 1 1 1 1 ...
[1] "2022-02-06 20:47:21 --- RxSqlServerData Finish ---"
[1] "2022-02-06 20:47:21 --- subset Start ---"
[1] "nrow(data) subset before=39535"
[1] "nrow(data) subset after =31873"
[1] "nrow(data) subset diff =7662"
[1] "2022-02-06 20:47:21 --- subset Finish---"
[1] "2022-02-06 20:47:21 --- transform Start ---"
[1] "nrow(data) transform before=31873"
[1] "nrow(data) transform after=31873"
[1] "nrow(data) transform diff=0"
[1] "str(data)="
'data.frame':	31873 obs. of  42 variables:
 $ Race.RaceId                      : Factor w/ 2992 levels "20191222-06-05-08-03",..: 12 14 15 16 10 18 2 8 19 20 ...
 $ Race.IsPredictedRace             : logi  TRUE TRUE TRUE TRUE TRUE TRUE ...
 $ Race.IsAnalyzeNormalPastAndFuture: logi  TRUE TRUE TRUE TRUE TRUE TRUE ...
 $ Race.IsAnalyzeNormalPast         : logi  TRUE TRUE TRUE TRUE TRUE TRUE ...
 $ Race.IsAnalyzeNormalFuture       : logi  FALSE FALSE FALSE FALSE FALSE FALSE ...
 $ Race.IsAnalyzeFullPastAndFuture  : logi  TRUE TRUE TRUE TRUE TRUE TRUE ...
 $ Race.IsAnalyzeFullPast           : logi  TRUE TRUE TRUE TRUE TRUE TRUE ...
 $ Race.IsAnalyzeFullFuture         : logi  FALSE FALSE FALSE FALSE FALSE FALSE ...
 $ Race.JyokenCd                    : Factor w/ 1 level "5": 1 1 1 1 1 1 1 1 1 1 ...
 $ Race.JyoType1Cd                  : Factor w/ 182 levels "1-06-1600-1",..: 10 8 12 13 8 15 2 7 3 16 ...
 $ Race.RaceType0Cd                 : Factor w/ 290 levels "1-06-1600-1-5-X-11",..: 10 12 13 14 8 16 2 7 3 17 ...
 $ Race.RaceType1Cd                 : Factor w/ 1 level "1-5-X": 1 1 1 1 1 1 1 1 1 1 ...
 $ Race.RaceType2Cd                 : Factor w/ 1 level "1-5-X": 1 1 1 1 1 1 1 1 1 1 ...
 $ Race.RaceType3Cd                 : Factor w/ 2 levels "5-X-11","5-X-12": 1 1 1 1 2 1 2 1 2 2 ...
 $ Race.RaceType4Cd                 : Factor w/ 2 levels "1-5-11","1-5-12": 1 1 1 1 2 1 2 1 2 2 ...
 $ RaceHorse.RaceId                 : Factor w/ 2992 levels "20191222-06-05-08-03",..: 12 14 15 16 10 18 2 8 19 20 ...
 $ RaceHorse.KettoNum               : Factor w/ 14614 levels "2017104966","2013101382",..: 12 14 15 16 10 18 2 8 19 20 ...
 $ RaceHorse.IsHit1                 : int  0 0 1 0 0 1 0 0 0 0 ...
 $ RaceHorse.IsHit2                 : int  0 0 0 0 0 0 0 0 0 1 ...
 $ RaceHorse.IsHit3                 : int  0 0 0 0 0 0 0 0 0 0 ...
 $ RaceHorse.IsHit4                 : int  0 0 0 0 0 0 0 1 0 0 ...
 $ RaceHorse.IsHit5                 : int  1 0 0 0 0 0 1 0 0 0 ...
 $ RaceHorse.IsHit6                 : int  0 1 0 1 1 0 0 0 1 0 ...
 $ RaceHorse.IsValidRaceHorse       : logi  TRUE TRUE TRUE TRUE TRUE TRUE ...
 $ RaceHorse.IsHitA                 : int  0 0 1 0 0 1 0 0 0 0 ...
 $ RaceHorse.IsHitB                 : int  0 0 1 0 0 1 0 0 0 1 ...
 $ RaceHorse.IsHitC                 : int  0 0 1 0 0 1 0 0 0 1 ...
 $ Gen02.HansyokuNum                : Factor w/ 7720 levels "12252779","12247766",..: 12 14 15 16 10 18 2 8 19 20 ...
 $ Gen02.TimeDvByRaceAvg            : num  60 49 54.5 49.7 49.3 ...
 $ Gen02.TimeDvByRaceMax            : num  63.9 56.5 70.3 64.2 64.2 ...
 $ Gen02.RunCount                   : int  5 4 11 10 9 21 14 18 8 14 ...
 $ Gen02.HitCount1                  : int  1 0 2 1 1 2 1 1 0 2 ...
 $ Gen02.HitCount2                  : int  2 0 1 0 0 0 1 3 0 1 ...
 $ Gen02.HitCount3                  : int  1 0 1 0 0 1 0 1 0 3 ...
 $ Gen02.HitCount4                  : int  0 1 1 1 1 4 0 3 1 0 ...
 $ Gen02.HitCount5                  : int  1 1 1 0 1 3 3 1 1 2 ...
 $ Gen02.HitRate1                   : num  0.2 0 0.182 0.1 0.111 ...
 $ Gen02.HitRate2                   : num  0.4 0 0.0909 0 0 ...
 $ Gen02.HitRate3                   : num  0.2 0 0.0909 0 0 ...
 $ Gen02.HitRate4                   : num  0 0.25 0.0909 0.1 0.1111 ...
 $ Gen02.HitRate5                   : num  0.2 0.25 0.0909 0 0.1111 ...
 $ EOF                              : int  1 1 1 1 1 1 1 1 1 1 ...
NULL
[1] "2022-02-06 20:47:22 --- transform Finish ---"
[1] "2022-02-06 20:47:22 --- na.omit Start ---"
[1] "nrow(data) na.omit before=31873"
[1] "nrow(data) na.omit after =31873"
[1] "nrow(data) na.omit diff =0"
'data.frame':	31873 obs. of  42 variables:
 $ Race.RaceId                      : Factor w/ 2992 levels "20191222-06-05-08-03",..: 12 14 15 16 10 18 2 8 19 20 ...
 $ Race.IsPredictedRace             : logi  TRUE TRUE TRUE TRUE TRUE TRUE ...
 $ Race.IsAnalyzeNormalPastAndFuture: logi  TRUE TRUE TRUE TRUE TRUE TRUE ...
 $ Race.IsAnalyzeNormalPast         : logi  TRUE TRUE TRUE TRUE TRUE TRUE ...
 $ Race.IsAnalyzeNormalFuture       : logi  FALSE FALSE FALSE FALSE FALSE FALSE ...
 $ Race.IsAnalyzeFullPastAndFuture  : logi  TRUE TRUE TRUE TRUE TRUE TRUE ...
 $ Race.IsAnalyzeFullPast           : logi  TRUE TRUE TRUE TRUE TRUE TRUE ...
 $ Race.IsAnalyzeFullFuture         : logi  FALSE FALSE FALSE FALSE FALSE FALSE ...
 $ Race.JyokenCd                    : Factor w/ 1 level "5": 1 1 1 1 1 1 1 1 1 1 ...
 $ Race.JyoType1Cd                  : Factor w/ 182 levels "1-06-1600-1",..: 10 8 12 13 8 15 2 7 3 16 ...
 $ Race.RaceType0Cd                 : Factor w/ 290 levels "1-06-1600-1-5-X-11",..: 10 12 13 14 8 16 2 7 3 17 ...
 $ Race.RaceType1Cd                 : Factor w/ 1 level "1-5-X": 1 1 1 1 1 1 1 1 1 1 ...
 $ Race.RaceType2Cd                 : Factor w/ 1 level "1-5-X": 1 1 1 1 1 1 1 1 1 1 ...
 $ Race.RaceType3Cd                 : Factor w/ 2 levels "5-X-11","5-X-12": 1 1 1 1 2 1 2 1 2 2 ...
 $ Race.RaceType4Cd                 : Factor w/ 2 levels "1-5-11","1-5-12": 1 1 1 1 2 1 2 1 2 2 ...
 $ RaceHorse.RaceId                 : Factor w/ 2992 levels "20191222-06-05-08-03",..: 12 14 15 16 10 18 2 8 19 20 ...
 $ RaceHorse.KettoNum               : Factor w/ 14614 levels "2017104966","2013101382",..: 12 14 15 16 10 18 2 8 19 20 ...
 $ RaceHorse.IsHit1                 : int  0 0 1 0 0 1 0 0 0 0 ...
 $ RaceHorse.IsHit2                 : int  0 0 0 0 0 0 0 0 0 1 ...
 $ RaceHorse.IsHit3                 : int  0 0 0 0 0 0 0 0 0 0 ...
 $ RaceHorse.IsHit4                 : int  0 0 0 0 0 0 0 1 0 0 ...
 $ RaceHorse.IsHit5                 : int  1 0 0 0 0 0 1 0 0 0 ...
 $ RaceHorse.IsHit6                 : int  0 1 0 1 1 0 0 0 1 0 ...
 $ RaceHorse.IsValidRaceHorse       : logi  TRUE TRUE TRUE TRUE TRUE TRUE ...
 $ RaceHorse.IsHitA                 : int  0 0 1 0 0 1 0 0 0 0 ...
 $ RaceHorse.IsHitB                 : int  0 0 1 0 0 1 0 0 0 1 ...
 $ RaceHorse.IsHitC                 : int  0 0 1 0 0 1 0 0 0 1 ...
 $ Gen02.HansyokuNum                : Factor w/ 7720 levels "12252779","12247766",..: 12 14 15 16 10 18 2 8 19 20 ...
 $ Gen02.TimeDvByRaceAvg            : num  60 49 54.5 49.7 49.3 ...
 $ Gen02.TimeDvByRaceMax            : num  63.9 56.5 70.3 64.2 64.2 ...
 $ Gen02.RunCount                   : int  5 4 11 10 9 21 14 18 8 14 ...
 $ Gen02.HitCount1                  : int  1 0 2 1 1 2 1 1 0 2 ...
 $ Gen02.HitCount2                  : int  2 0 1 0 0 0 1 3 0 1 ...
 $ Gen02.HitCount3                  : int  1 0 1 0 0 1 0 1 0 3 ...
 $ Gen02.HitCount4                  : int  0 1 1 1 1 4 0 3 1 0 ...
 $ Gen02.HitCount5                  : int  1 1 1 0 1 3 3 1 1 2 ...
 $ Gen02.HitRate1                   : num  0.2 0 0.182 0.1 0.111 ...
 $ Gen02.HitRate2                   : num  0.4 0 0.0909 0 0 ...
 $ Gen02.HitRate3                   : num  0.2 0 0.0909 0 0 ...
 $ Gen02.HitRate4                   : num  0 0.25 0.0909 0.1 0.1111 ...
 $ Gen02.HitRate5                   : num  0.2 0.25 0.0909 0 0.1111 ...
 $ EOF                              : int  1 1 1 1 1 1 1 1 1 1 ...
[1] "2022-02-06 20:47:22 --- na.omit Finish ---"
[1] "2022-02-06 20:47:22 --- rxGlm with rxStepControl Start ---"
[1] "2022-02-06 20:47:22 --- source_logic_glm.R Start ---"
[1] "2022-02-06 20:47:22 --- source_logic_glm.R Finished ---"
Rows Read: 31873, Total Rows Processed: 31873, Total Chunk Time: 0.004 seconds 

Starting values (iteration 1) time: 0.031 secs.
Rows Read: 31873, Total Rows Processed: 31873, Total Chunk Time: 0.003 seconds 

Iteration 2 time: 0.009 secs.
Rows Read: 31873, Total Rows Processed: 31873, Total Chunk Time: 0.003 seconds 

Iteration 3 time: 0.006 secs.
Rows Read: 31873, Total Rows Processed: 31873, Total Chunk Time: 0.003 seconds 

Iteration 4 time: 0.006 secs.
Rows Read: 31873, Total Rows Processed: 31873, Total Chunk Time: 0.003 seconds 

Iteration 5 time: 0.006 secs.
Rows Read: 31873, Total Rows Processed: 31873, Total Chunk Time: 0.003 seconds 

Iteration 6 time: 0.006 secs.
Rows Read: 31873, Total Rows Processed: 31873, Total Chunk Time: 0.003 seconds 

Iteration 7 time: 0.005 secs.

Elapsed computation time: 0.086 secs.
Rows Read: 31873, Total Rows Processed: 31873, Total Chunk Time: 0.003 seconds 

Starting values (iteration 1) time: 0.015 secs.
Rows Read: 31873, Total Rows Processed: 31873, Total Chunk Time: 0.003 seconds 

Iteration 2 time: 0.009 secs.
Rows Read: 31873, Total Rows Processed: 31873, Total Chunk Time: 0.003 seconds 

Iteration 3 time: 0.005 secs.
Rows Read: 31873, Total Rows Processed: 31873, Total Chunk Time: 0.003 seconds 

Iteration 4 time: 0.005 secs.
Rows Read: 31873, Total Rows Processed: 31873, Total Chunk Time: 0.003 seconds 

Iteration 5 time: 0.006 secs.
Rows Read: 31873, Total Rows Processed: 31873, Total Chunk Time: 0.003 seconds 

Iteration 6 time: 0.005 secs.

Elapsed computation time: 0.062 secs.
Rows Read: 31873, Total Rows Processed: 31873, Total Chunk Time: 0.003 seconds 

Starting values (iteration 1) time: 0.014 secs.
Rows Read: 31873, Total Rows Processed: 31873, Total Chunk Time: 0.003 seconds 

Iteration 2 time: 0.010 secs.
Rows Read: 31873, Total Rows Processed: 31873, Total Chunk Time: 0.003 seconds 

Iteration 3 time: 0.005 secs.
Rows Read: 31873, Total Rows Processed: 31873, Total Chunk Time: 0.003 seconds 

Iteration 4 time: 0.005 secs.
Rows Read: 31873, Total Rows Processed: 31873, Total Chunk Time: 0.002 seconds 

Iteration 5 time: 0.006 secs.
Rows Read: 31873, Total Rows Processed: 31873, Total Chunk Time: 0.003 seconds 

Iteration 6 time: 0.005 secs.

Elapsed computation time: 0.060 secs.
Rows Read: 31873, Total Rows Processed: 31873, Total Chunk Time: 0.004 seconds 

Starting values (iteration 1) time: 0.014 secs.
Rows Read: 31873, Total Rows Processed: 31873, Total Chunk Time: 0.004 seconds 

Iteration 2 time: 0.010 secs.
Rows Read: 31873, Total Rows Processed: 31873, Total Chunk Time: 0.003 seconds 

Iteration 3 time: 0.006 secs.
Rows Read: 31873, Total Rows Processed: 31873, Total Chunk Time: 0.003 seconds 

Iteration 4 time: 0.006 secs.
Rows Read: 31873, Total Rows Processed: 31873, Total Chunk Time: 0.004 seconds 

Iteration 5 time: 0.006 secs.
Rows Read: 31873, Total Rows Processed: 31873, Total Chunk Time: 0.003 seconds 

Iteration 6 time: 0.007 secs.
Rows Read: 31873, Total Rows Processed: 31873, Total Chunk Time: 0.004 seconds 

Iteration 7 time: 0.007 secs.

Elapsed computation time: 0.074 secs.

Elapsed computation time: 0.306 secs.
[1] "analyze.results.glm.step="
Generalized Linear Model Results for: RaceHorse.IsHitA ~
    Gen02.TimeDvByRaceAvg + Gen02.HitRate1
Data: data
Dependent variable(s): RaceHorse.IsHitA
Total independent variables: 3 
Number of valid observations: 31873
Number of missing observations: 0 
Family-link: binomial-logit 
 
 
Coefficients:
                      RaceHorse.IsHitA
(Intercept)                       -9.2
Gen02.TimeDvByRaceAvg              0.1
Gen02.HitRate1                    -0.9
[1] "analyze.results.glm.step.summary"
Call:
rxGlm(formula = form, data = data, family = binomial(), variableSelection = analyze.results.glm.step.varsel)

Generalized Linear Model Results for: RaceHorse.IsHitA ~
    Gen02.TimeDvByRaceAvg + Gen02.HitRate1
Data: data
Dependent variable(s): RaceHorse.IsHitA
Total independent variables: 3 
Number of valid observations: 31873
Number of missing observations: 0 
Family-link: binomial-logit 
 
Residual deviance: 15504.005 (on 31870 degrees of freedom)
 
Coefficients:
                      Estimate Std. Error z value Pr(>|z|)    
(Intercept)           -9.24751    0.27492   -33.6  2.2e-16 ***
Gen02.TimeDvByRaceAvg  0.12788    0.00518    24.7  2.2e-16 ***
Gen02.HitRate1        -0.92232    0.16186    -5.7  1.2e-08 ***
---
Signif. codes:  0 '***' 0.001 '**' 0.01 '*' 0.05 '.' 0.1 ' ' 1

(Dispersion parameter for binomial family taken to be 1)

Condition number of final variance-covariance matrix: 3 
Number of iterations: 7
[1] "2022-02-06 20:47:22 --- rxGlm with rxStepControl Finish ---"
[1] "2022-02-06 20:47:22 --- rxStepPlot Start ---"
[1] "pdfFilename=pdf_analyze_glm_Gen02_Type15_rxStepPlot.pdf"
[1] "rxStepPlot="
[1] "2022-02-06 20:47:22 --- rxStepPlot Finish ---"
[1] "2022-02-06 20:47:22 --- save.image Start ---"
[1] "save.image"
[1] "rdataFilename=RData_analyze_glm_Gen02_Type15.RData"
[1] "2022-02-06 20:47:24 --- save.image Finish ---"
[1] "2022-02-06 20:47:24 --- final Start ---"
[1] "nrow(data) final=31873"
[1] "2022-02-06 20:47:24 --- final Finish ---"
[1] "2022-02-06 20:47:24 --- analyze_glm.R Finished ---"
[1] "2022-02-06 20:47:24 --- log Finish ---"
