[1] "2022-02-06 20:49:50 --- D1113_analyze_glm_Horse_IsHitA_Type14 Start ---"
[1] "2022-02-06 20:49:50 --- Log Start ---"
[1] "2022-02-06 20:49:50 --- analyze_glm.R Start ---"
[1] "analyzeVersion=D1113"
[1] "analyzeCategory=analyze"
[1] "analyzeType=Horse"
[1] "analyzeFamily=IsHitA"
[1] "analyzeFunc=glm"
[1] "analyzeTrackTypeCd=1"
[1] "analyzeJyokenCd=4"
[1] "2022-02-06 20:49:50 --- source_function.R Start ---"
[1] "2022-02-06 20:49:50 --- source_function.R Finished ---"

> print(paste0(Sys.time(), " --- source_library.R Start ---"))
[1] "2022-02-06 20:49:50 --- source_library.R Start ---"

> require("RevoScaleR")

> print(paste0(Sys.time(), " --- source_library.R Finished ---"))
[1] "2022-02-06 20:49:50 --- source_library.R Finished ---"
[1] "2022-02-06 20:49:50 --- RxSqlServerData Start ---"
[1] "sqlQuery=SELECT * FROM ViewAnalyzeD1113analyze01HorseType14"
Rows Read: 25396, Total Rows Processed: 25396, Total Chunk Time: 105.964 seconds 
[1] "head(data)="
           Race.RaceId Race.IsPredictedRace Race.IsAnalyzeNormalPastAndFuture
1 20160327-07-02-06-07                 TRUE                              TRUE
2 20160515-04-01-06-08                 TRUE                              TRUE
3 20180818-04-02-07-12                 TRUE                              TRUE
4 20190512-08-03-08-06                 TRUE                              TRUE
5 20190727-10-02-01-12                 TRUE                              TRUE
6 20160110-08-01-03-08                 TRUE                              TRUE
  Race.IsAnalyzeNormalPast Race.IsAnalyzeNormalFuture
1                     TRUE                      FALSE
2                     TRUE                      FALSE
3                     TRUE                      FALSE
4                     TRUE                      FALSE
5                     TRUE                      FALSE
6                     TRUE                      FALSE
  Race.IsAnalyzeFullPastAndFuture Race.IsAnalyzeFullPast
1                            TRUE                   TRUE
2                            TRUE                   TRUE
3                            TRUE                   TRUE
4                            TRUE                   TRUE
5                            TRUE                   TRUE
6                            TRUE                   TRUE
  Race.IsAnalyzeFullFuture Race.JyokenCd Race.JyoType1Cd   Race.RaceType0Cd
1                    FALSE             4     1-07-1200-1 1-07-1200-1-4-X-14
2                    FALSE             4     1-04-1400-1 1-04-1400-1-4-X-14
3                    FALSE             4     1-04-1400-1 1-04-1400-1-4-X-13
4                    FALSE             4     1-08-1600-1 1-08-1600-1-4-X-12
5                    FALSE             4     1-10-1200-1 1-10-1200-1-4-X-13
6                    FALSE             4     1-08-1600-1 1-08-1600-1-4-X-14
  Race.RaceType1Cd Race.RaceType2Cd Race.RaceType3Cd Race.RaceType4Cd
1            1-4-X            1-4-X           4-X-14           1-4-14
2            1-4-X            1-4-X           4-X-14           1-4-14
3            1-4-X            1-4-X           4-X-13           1-4-13
4            1-4-X            1-4-X           4-X-12           1-4-12
5            1-4-X            1-4-X           4-X-13           1-4-13
6            1-4-X            1-4-X           4-X-14           1-4-14
      RaceHorse.RaceId RaceHorse.KettoNum RaceHorse.IsHit1 RaceHorse.IsHit2
1 20160327-07-02-06-07         2012101374                1                0
2 20160515-04-01-06-08         2011104420                0                0
3 20180818-04-02-07-12         2014101974                1                0
4 20190512-08-03-08-06         2016104590                0                0
5 20190727-10-02-01-12         2014102777                0                0
6 20160110-08-01-03-08         2011103688                0                0
  RaceHorse.IsHit3 RaceHorse.IsHit4 RaceHorse.IsHit5 RaceHorse.IsHit6
1                0                0                0                0
2                0                0                1                0
3                0                0                0                0
4                0                0                1                0
5                0                0                1                0
6                0                1                0                0
  RaceHorse.IsValidRaceHorse RaceHorse.IsHitA RaceHorse.IsHitB RaceHorse.IsHitC
1                       TRUE                1                1                1
2                       TRUE                0                0                0
3                       TRUE                1                1                1
4                       TRUE                0                0                0
5                       TRUE                0                0                0
6                       TRUE                0                0                0
  Horse.PrevKettoNum Horse.TimeDvByRaceAvg Horse.TimeDvByRaceMax Horse.RunCount
1         2012101374                    59                    62              5
2         2011104420                    53                    58              4
3         2014101974                    55                    60              3
4         2016104590                    28                    28              1
5         2014102777                    51                    61             10
6         2011103688                    57                    61              4
  Horse.HitCount1 Horse.HitCount2 Horse.HitCount3 Horse.HitCount4
1               0               1               0               1
2               0               0               1               0
3               0               1               0               0
4               0               0               0               0
5               0               0               3               1
6               1               2               0               0
  Horse.HitCount5 Horse.HitRate1 Horse.HitRate2 Horse.HitRate3 Horse.HitRate4
1               3            0.0            0.2            0.0            0.2
2               0            0.0            0.0            0.2            0.0
3               0            0.0            0.3            0.0            0.0
4               0            0.0            0.0            0.0            0.0
5               0            0.0            0.0            0.3            0.1
6               0            0.2            0.5            0.0            0.0
  Horse.HitRate5 EOF
1            0.6   1
2            0.0   1
3            0.0   1
4            0.0   1
5            0.0   1
6            0.0   1
[1] "object.size(data) auto=6 Mb"
[1] "nrow(data) RxSqlServerData=25396"
[1] "str(data)="
'data.frame':	25396 obs. of  42 variables:
 $ Race.RaceId                      : Factor w/ 2612 levels "20160327-07-02-06-07",..: 1 2 3 4 5 6 7 7 8 8 ...
 $ Race.IsPredictedRace             : logi  TRUE TRUE TRUE TRUE TRUE TRUE ...
 $ Race.IsAnalyzeNormalPastAndFuture: logi  TRUE TRUE TRUE TRUE TRUE TRUE ...
 $ Race.IsAnalyzeNormalPast         : logi  TRUE TRUE TRUE TRUE TRUE TRUE ...
 $ Race.IsAnalyzeNormalFuture       : logi  FALSE FALSE FALSE FALSE FALSE FALSE ...
 $ Race.IsAnalyzeFullPastAndFuture  : logi  TRUE TRUE TRUE TRUE TRUE TRUE ...
 $ Race.IsAnalyzeFullPast           : logi  TRUE TRUE TRUE TRUE TRUE TRUE ...
 $ Race.IsAnalyzeFullFuture         : logi  FALSE FALSE FALSE FALSE FALSE FALSE ...
 $ Race.JyokenCd                    : Factor w/ 1 level "4": 1 1 1 1 1 1 1 1 1 1 ...
 $ Race.JyoType1Cd                  : Factor w/ 180 levels "1-07-1200-1",..: 1 2 2 3 4 3 5 5 6 6 ...
 $ Race.RaceType0Cd                 : Factor w/ 532 levels "1-07-1200-1-4-X-14",..: 1 2 3 4 5 6 7 7 8 8 ...
 $ Race.RaceType1Cd                 : Factor w/ 2 levels "1-4-X","1-4-E": 1 1 1 1 1 1 2 2 1 1 ...
 $ Race.RaceType2Cd                 : Factor w/ 2 levels "1-4-X","1-4-E": 1 1 1 1 1 1 2 2 1 1 ...
 $ Race.RaceType3Cd                 : Factor w/ 8 levels "4-X-14","4-X-13",..: 1 1 2 3 2 1 4 4 1 1 ...
 $ Race.RaceType4Cd                 : Factor w/ 4 levels "1-4-14","1-4-13",..: 1 1 2 3 2 1 1 1 1 1 ...
 $ RaceHorse.RaceId                 : Factor w/ 2612 levels "20160327-07-02-06-07",..: 1 2 3 4 5 6 7 7 8 8 ...
 $ RaceHorse.KettoNum               : Factor w/ 5269 levels "2012101374","2011104420",..: 1 2 3 4 5 6 7 2 8 9 ...
 $ RaceHorse.IsHit1                 : int  1 0 1 0 0 0 0 0 0 0 ...
 $ RaceHorse.IsHit2                 : int  0 0 0 0 0 0 0 0 1 0 ...
 $ RaceHorse.IsHit3                 : int  0 0 0 0 0 0 0 0 0 0 ...
 $ RaceHorse.IsHit4                 : int  0 0 0 0 0 1 0 1 0 0 ...
 $ RaceHorse.IsHit5                 : int  0 1 0 1 1 0 1 0 0 1 ...
 $ RaceHorse.IsHit6                 : int  0 0 0 0 0 0 0 0 0 0 ...
 $ RaceHorse.IsValidRaceHorse       : logi  TRUE TRUE TRUE TRUE TRUE TRUE ...
 $ RaceHorse.IsHitA                 : int  1 0 1 0 0 0 0 0 0 0 ...
 $ RaceHorse.IsHitB                 : int  1 0 1 0 0 0 0 0 1 0 ...
 $ RaceHorse.IsHitC                 : int  1 0 1 0 0 0 0 0 1 0 ...
 $ Horse.PrevKettoNum               : Factor w/ 5269 levels "2012101374","2011104420",..: 1 2 3 4 5 6 7 2 8 9 ...
 $ Horse.TimeDvByRaceAvg            : num  59.2 53.3 55.5 28 50.8 ...
 $ Horse.TimeDvByRaceMax            : num  62.1 58.3 60.3 28 61.1 ...
 $ Horse.RunCount                   : int  5 4 3 1 10 4 3 4 7 9 ...
 $ Horse.HitCount1                  : int  0 0 0 0 0 1 0 0 0 0 ...
 $ Horse.HitCount2                  : int  1 0 1 0 0 2 1 0 0 1 ...
 $ Horse.HitCount3                  : int  0 1 0 0 3 0 0 0 0 1 ...
 $ Horse.HitCount4                  : int  1 0 0 0 1 0 1 1 1 0 ...
 $ Horse.HitCount5                  : int  3 0 0 0 0 0 1 1 0 2 ...
 $ Horse.HitRate1                   : num  0 0 0 0 0 0.25 0 0 0 0 ...
 $ Horse.HitRate2                   : num  0.2 0 0.333 0 0 ...
 $ Horse.HitRate3                   : num  0 0.25 0 0 0.3 ...
 $ Horse.HitRate4                   : num  0.2 0 0 0 0.1 ...
 $ Horse.HitRate5                   : num  0.6 0 0 0 0 ...
 $ EOF                              : int  1 1 1 1 1 1 1 1 1 1 ...
[1] "2022-02-06 20:53:25 --- RxSqlServerData Finish ---"
[1] "2022-02-06 20:53:25 --- subset Start ---"
[1] "nrow(data) subset before=25396"
[1] "nrow(data) subset after =21130"
[1] "nrow(data) subset diff =4266"
[1] "2022-02-06 20:53:25 --- subset Finish---"
[1] "2022-02-06 20:53:25 --- transform Start ---"
[1] "nrow(data) transform before=21130"
[1] "nrow(data) transform after=21130"
[1] "nrow(data) transform diff=0"
[1] "str(data)="
'data.frame':	21130 obs. of  42 variables:
 $ Race.RaceId                      : Factor w/ 2612 levels "20160327-07-02-06-07",..: 1 2 3 4 5 6 7 7 8 8 ...
 $ Race.IsPredictedRace             : logi  TRUE TRUE TRUE TRUE TRUE TRUE ...
 $ Race.IsAnalyzeNormalPastAndFuture: logi  TRUE TRUE TRUE TRUE TRUE TRUE ...
 $ Race.IsAnalyzeNormalPast         : logi  TRUE TRUE TRUE TRUE TRUE TRUE ...
 $ Race.IsAnalyzeNormalFuture       : logi  FALSE FALSE FALSE FALSE FALSE FALSE ...
 $ Race.IsAnalyzeFullPastAndFuture  : logi  TRUE TRUE TRUE TRUE TRUE TRUE ...
 $ Race.IsAnalyzeFullPast           : logi  TRUE TRUE TRUE TRUE TRUE TRUE ...
 $ Race.IsAnalyzeFullFuture         : logi  FALSE FALSE FALSE FALSE FALSE FALSE ...
 $ Race.JyokenCd                    : Factor w/ 1 level "4": 1 1 1 1 1 1 1 1 1 1 ...
 $ Race.JyoType1Cd                  : Factor w/ 180 levels "1-07-1200-1",..: 1 2 2 3 4 3 5 5 6 6 ...
 $ Race.RaceType0Cd                 : Factor w/ 532 levels "1-07-1200-1-4-X-14",..: 1 2 3 4 5 6 7 7 8 8 ...
 $ Race.RaceType1Cd                 : Factor w/ 2 levels "1-4-X","1-4-E": 1 1 1 1 1 1 2 2 1 1 ...
 $ Race.RaceType2Cd                 : Factor w/ 2 levels "1-4-X","1-4-E": 1 1 1 1 1 1 2 2 1 1 ...
 $ Race.RaceType3Cd                 : Factor w/ 8 levels "4-X-14","4-X-13",..: 1 1 2 3 2 1 4 4 1 1 ...
 $ Race.RaceType4Cd                 : Factor w/ 4 levels "1-4-14","1-4-13",..: 1 1 2 3 2 1 1 1 1 1 ...
 $ RaceHorse.RaceId                 : Factor w/ 2612 levels "20160327-07-02-06-07",..: 1 2 3 4 5 6 7 7 8 8 ...
 $ RaceHorse.KettoNum               : Factor w/ 5269 levels "2012101374","2011104420",..: 1 2 3 4 5 6 7 2 8 9 ...
 $ RaceHorse.IsHit1                 : int  1 0 1 0 0 0 0 0 0 0 ...
 $ RaceHorse.IsHit2                 : int  0 0 0 0 0 0 0 0 1 0 ...
 $ RaceHorse.IsHit3                 : int  0 0 0 0 0 0 0 0 0 0 ...
 $ RaceHorse.IsHit4                 : int  0 0 0 0 0 1 0 1 0 0 ...
 $ RaceHorse.IsHit5                 : int  0 1 0 1 1 0 1 0 0 1 ...
 $ RaceHorse.IsHit6                 : int  0 0 0 0 0 0 0 0 0 0 ...
 $ RaceHorse.IsValidRaceHorse       : logi  TRUE TRUE TRUE TRUE TRUE TRUE ...
 $ RaceHorse.IsHitA                 : int  1 0 1 0 0 0 0 0 0 0 ...
 $ RaceHorse.IsHitB                 : int  1 0 1 0 0 0 0 0 1 0 ...
 $ RaceHorse.IsHitC                 : int  1 0 1 0 0 0 0 0 1 0 ...
 $ Horse.PrevKettoNum               : Factor w/ 5269 levels "2012101374","2011104420",..: 1 2 3 4 5 6 7 2 8 9 ...
 $ Horse.TimeDvByRaceAvg            : num  59.2 53.3 55.5 28 50.8 ...
 $ Horse.TimeDvByRaceMax            : num  62.1 58.3 60.3 28 61.1 ...
 $ Horse.RunCount                   : int  5 4 3 1 10 4 3 4 7 9 ...
 $ Horse.HitCount1                  : int  0 0 0 0 0 1 0 0 0 0 ...
 $ Horse.HitCount2                  : int  1 0 1 0 0 2 1 0 0 1 ...
 $ Horse.HitCount3                  : int  0 1 0 0 3 0 0 0 0 1 ...
 $ Horse.HitCount4                  : int  1 0 0 0 1 0 1 1 1 0 ...
 $ Horse.HitCount5                  : int  3 0 0 0 0 0 1 1 0 2 ...
 $ Horse.HitRate1                   : num  0 0 0 0 0 0.25 0 0 0 0 ...
 $ Horse.HitRate2                   : num  0.2 0 0.333 0 0 ...
 $ Horse.HitRate3                   : num  0 0.25 0 0 0.3 ...
 $ Horse.HitRate4                   : num  0.2 0 0 0 0.1 ...
 $ Horse.HitRate5                   : num  0.6 0 0 0 0 ...
 $ EOF                              : int  1 1 1 1 1 1 1 1 1 1 ...
NULL
[1] "2022-02-06 20:53:25 --- transform Finish ---"
[1] "2022-02-06 20:53:25 --- na.omit Start ---"
[1] "nrow(data) na.omit before=21130"
[1] "nrow(data) na.omit after =21130"
[1] "nrow(data) na.omit diff =0"
'data.frame':	21130 obs. of  42 variables:
 $ Race.RaceId                      : Factor w/ 2612 levels "20160327-07-02-06-07",..: 1 2 3 4 5 6 7 7 8 8 ...
 $ Race.IsPredictedRace             : logi  TRUE TRUE TRUE TRUE TRUE TRUE ...
 $ Race.IsAnalyzeNormalPastAndFuture: logi  TRUE TRUE TRUE TRUE TRUE TRUE ...
 $ Race.IsAnalyzeNormalPast         : logi  TRUE TRUE TRUE TRUE TRUE TRUE ...
 $ Race.IsAnalyzeNormalFuture       : logi  FALSE FALSE FALSE FALSE FALSE FALSE ...
 $ Race.IsAnalyzeFullPastAndFuture  : logi  TRUE TRUE TRUE TRUE TRUE TRUE ...
 $ Race.IsAnalyzeFullPast           : logi  TRUE TRUE TRUE TRUE TRUE TRUE ...
 $ Race.IsAnalyzeFullFuture         : logi  FALSE FALSE FALSE FALSE FALSE FALSE ...
 $ Race.JyokenCd                    : Factor w/ 1 level "4": 1 1 1 1 1 1 1 1 1 1 ...
 $ Race.JyoType1Cd                  : Factor w/ 180 levels "1-07-1200-1",..: 1 2 2 3 4 3 5 5 6 6 ...
 $ Race.RaceType0Cd                 : Factor w/ 532 levels "1-07-1200-1-4-X-14",..: 1 2 3 4 5 6 7 7 8 8 ...
 $ Race.RaceType1Cd                 : Factor w/ 2 levels "1-4-X","1-4-E": 1 1 1 1 1 1 2 2 1 1 ...
 $ Race.RaceType2Cd                 : Factor w/ 2 levels "1-4-X","1-4-E": 1 1 1 1 1 1 2 2 1 1 ...
 $ Race.RaceType3Cd                 : Factor w/ 8 levels "4-X-14","4-X-13",..: 1 1 2 3 2 1 4 4 1 1 ...
 $ Race.RaceType4Cd                 : Factor w/ 4 levels "1-4-14","1-4-13",..: 1 1 2 3 2 1 1 1 1 1 ...
 $ RaceHorse.RaceId                 : Factor w/ 2612 levels "20160327-07-02-06-07",..: 1 2 3 4 5 6 7 7 8 8 ...
 $ RaceHorse.KettoNum               : Factor w/ 5269 levels "2012101374","2011104420",..: 1 2 3 4 5 6 7 2 8 9 ...
 $ RaceHorse.IsHit1                 : int  1 0 1 0 0 0 0 0 0 0 ...
 $ RaceHorse.IsHit2                 : int  0 0 0 0 0 0 0 0 1 0 ...
 $ RaceHorse.IsHit3                 : int  0 0 0 0 0 0 0 0 0 0 ...
 $ RaceHorse.IsHit4                 : int  0 0 0 0 0 1 0 1 0 0 ...
 $ RaceHorse.IsHit5                 : int  0 1 0 1 1 0 1 0 0 1 ...
 $ RaceHorse.IsHit6                 : int  0 0 0 0 0 0 0 0 0 0 ...
 $ RaceHorse.IsValidRaceHorse       : logi  TRUE TRUE TRUE TRUE TRUE TRUE ...
 $ RaceHorse.IsHitA                 : int  1 0 1 0 0 0 0 0 0 0 ...
 $ RaceHorse.IsHitB                 : int  1 0 1 0 0 0 0 0 1 0 ...
 $ RaceHorse.IsHitC                 : int  1 0 1 0 0 0 0 0 1 0 ...
 $ Horse.PrevKettoNum               : Factor w/ 5269 levels "2012101374","2011104420",..: 1 2 3 4 5 6 7 2 8 9 ...
 $ Horse.TimeDvByRaceAvg            : num  59.2 53.3 55.5 28 50.8 ...
 $ Horse.TimeDvByRaceMax            : num  62.1 58.3 60.3 28 61.1 ...
 $ Horse.RunCount                   : int  5 4 3 1 10 4 3 4 7 9 ...
 $ Horse.HitCount1                  : int  0 0 0 0 0 1 0 0 0 0 ...
 $ Horse.HitCount2                  : int  1 0 1 0 0 2 1 0 0 1 ...
 $ Horse.HitCount3                  : int  0 1 0 0 3 0 0 0 0 1 ...
 $ Horse.HitCount4                  : int  1 0 0 0 1 0 1 1 1 0 ...
 $ Horse.HitCount5                  : int  3 0 0 0 0 0 1 1 0 2 ...
 $ Horse.HitRate1                   : num  0 0 0 0 0 0.25 0 0 0 0 ...
 $ Horse.HitRate2                   : num  0.2 0 0.333 0 0 ...
 $ Horse.HitRate3                   : num  0 0.25 0 0 0.3 ...
 $ Horse.HitRate4                   : num  0.2 0 0 0 0.1 ...
 $ Horse.HitRate5                   : num  0.6 0 0 0 0 ...
 $ EOF                              : int  1 1 1 1 1 1 1 1 1 1 ...
[1] "2022-02-06 20:53:26 --- na.omit Finish ---"
[1] "2022-02-06 20:53:26 --- rxGlm with rxStepControl Start ---"
[1] "2022-02-06 20:53:26 --- source_logic_glm.R Start ---"
[1] "2022-02-06 20:53:26 --- source_logic_glm.R Finished ---"
Rows Read: 21130, Total Rows Processed: 21130, Total Chunk Time: 0.003 seconds 

Starting values (iteration 1) time: 0.011 secs.
Rows Read: 21130, Total Rows Processed: 21130, Total Chunk Time: 0.003 seconds 

Iteration 2 time: 0.008 secs.
Rows Read: 21130, Total Rows Processed: 21130, Total Chunk Time: 0.003 seconds 

Iteration 3 time: 0.005 secs.
Rows Read: 21130, Total Rows Processed: 21130, Total Chunk Time: 0.003 seconds 

Iteration 4 time: 0.005 secs.
Rows Read: 21130, Total Rows Processed: 21130, Total Chunk Time: 0.003 seconds 

Iteration 5 time: 0.005 secs.
Rows Read: 21130, Total Rows Processed: 21130, Total Chunk Time: 0.002 seconds 

Iteration 6 time: 0.005 secs.
Rows Read: 21130, Total Rows Processed: 21130, Total Chunk Time: 0.002 seconds 

Iteration 7 time: 0.005 secs.

Elapsed computation time: 0.063 secs.
Rows Read: 21130, Total Rows Processed: 21130, Total Chunk Time: 0.002 seconds 

Starting values (iteration 1) time: 0.009 secs.
Rows Read: 21130, Total Rows Processed: 21130, Total Chunk Time: 0.002 seconds 

Iteration 2 time: 0.006 secs.
Rows Read: 21130, Total Rows Processed: 21130, Total Chunk Time: 0.002 seconds 

Iteration 3 time: 0.005 secs.
Rows Read: 21130, Total Rows Processed: 21130, Total Chunk Time: 0.002 seconds 

Iteration 4 time: 0.004 secs.
Rows Read: 21130, Total Rows Processed: 21130, Total Chunk Time: 0.002 seconds 

Iteration 5 time: 0.005 secs.
Rows Read: 21130, Total Rows Processed: 21130, Total Chunk Time: 0.002 seconds 

Iteration 6 time: 0.004 secs.
Rows Read: 21130, Total Rows Processed: 21130, Total Chunk Time: 0.003 seconds 

Iteration 7 time: 0.005 secs.

Elapsed computation time: 0.060 secs.
Rows Read: 21130, Total Rows Processed: 21130, Total Chunk Time: 0.002 seconds 

Starting values (iteration 1) time: 0.009 secs.
Rows Read: 21130, Total Rows Processed: 21130, Total Chunk Time: 0.002 seconds 

Iteration 2 time: 0.006 secs.
Rows Read: 21130, Total Rows Processed: 21130, Total Chunk Time: 0.002 seconds 

Iteration 3 time: 0.005 secs.
Rows Read: 21130, Total Rows Processed: 21130, Total Chunk Time: 0.002 seconds 

Iteration 4 time: 0.005 secs.
Rows Read: 21130, Total Rows Processed: 21130, Total Chunk Time: 0.003 seconds 

Iteration 5 time: 0.005 secs.
Rows Read: 21130, Total Rows Processed: 21130, Total Chunk Time: 0.002 seconds 

Iteration 6 time: 0.005 secs.

Elapsed computation time: 0.054 secs.
Rows Read: 21130, Total Rows Processed: 21130, Total Chunk Time: 0.002 seconds 

Starting values (iteration 1) time: 0.009 secs.
Rows Read: 21130, Total Rows Processed: 21130, Total Chunk Time: 0.003 seconds 

Iteration 2 time: 0.007 secs.
Rows Read: 21130, Total Rows Processed: 21130, Total Chunk Time: 0.003 seconds 

Iteration 3 time: 0.005 secs.
Rows Read: 21130, Total Rows Processed: 21130, Total Chunk Time: 0.002 seconds 

Iteration 4 time: 0.005 secs.
Rows Read: 21130, Total Rows Processed: 21130, Total Chunk Time: 0.003 seconds 

Iteration 5 time: 0.005 secs.
Rows Read: 21130, Total Rows Processed: 21130, Total Chunk Time: 0.002 seconds 

Iteration 6 time: 0.004 secs.
Rows Read: 21130, Total Rows Processed: 21130, Total Chunk Time: 0.003 seconds 

Iteration 7 time: 0.004 secs.

Elapsed computation time: 0.062 secs.

Elapsed computation time: 0.255 secs.
[1] "analyze.results.glm.step="
Generalized Linear Model Results for: RaceHorse.IsHitA ~
    Horse.TimeDvByRaceAvg + Horse.HitRate1
Data: data
Dependent variable(s): RaceHorse.IsHitA
Total independent variables: 3 
Number of valid observations: 21130
Number of missing observations: 0 
Family-link: binomial-logit 
 
 
Coefficients:
                      RaceHorse.IsHitA
(Intercept)                      -10.3
Horse.TimeDvByRaceAvg              0.1
Horse.HitRate1                    -0.5
[1] "analyze.results.glm.step.summary"
Call:
rxGlm(formula = form, data = data, family = binomial(), variableSelection = analyze.results.glm.step.varsel)

Generalized Linear Model Results for: RaceHorse.IsHitA ~
    Horse.TimeDvByRaceAvg + Horse.HitRate1
Data: data
Dependent variable(s): RaceHorse.IsHitA
Total independent variables: 3 
Number of valid observations: 21130
Number of missing observations: 0 
Family-link: binomial-logit 
 
Residual deviance: 10336.569 (on 21127 degrees of freedom)
 
Coefficients:
                       Estimate Std. Error z value Pr(>|z|)    
(Intercept)           -10.31184    0.32506  -31.72  2.2e-16 ***
Horse.TimeDvByRaceAvg   0.14659    0.00595   24.63  2.2e-16 ***
Horse.HitRate1         -0.53693    0.20999   -2.56    0.011 *  
---
Signif. codes:  0 '***' 0.001 '**' 0.01 '*' 0.05 '.' 0.1 ' ' 1

(Dispersion parameter for binomial family taken to be 1)

Condition number of final variance-covariance matrix: 2 
Number of iterations: 7
[1] "2022-02-06 20:53:26 --- rxGlm with rxStepControl Finish ---"
[1] "2022-02-06 20:53:26 --- rxStepPlot Start ---"
[1] "pdfFilename=pdf_analyze_glm_Horse_Type14_rxStepPlot.pdf"
[1] "rxStepPlot="
[1] "2022-02-06 20:53:26 --- rxStepPlot Finish ---"
[1] "2022-02-06 20:53:26 --- save.image Start ---"
[1] "save.image"
[1] "rdataFilename=RData_analyze_glm_Horse_Type14.RData"
[1] "2022-02-06 20:53:28 --- save.image Finish ---"
[1] "2022-02-06 20:53:28 --- final Start ---"
[1] "nrow(data) final=21130"
[1] "2022-02-06 20:53:28 --- final Finish ---"
[1] "2022-02-06 20:53:28 --- analyze_glm.R Finished ---"
[1] "2022-02-06 20:53:28 --- log Finish ---"
