[1] "2022-02-06 20:48:11 --- D1113_analyze_glm_Gen02_IsHitA_Type26 Start ---"
[1] "2022-02-06 20:48:11 --- Log Start ---"
[1] "2022-02-06 20:48:11 --- analyze_glm.R Start ---"
[1] "analyzeVersion=D1113"
[1] "analyzeCategory=analyze"
[1] "analyzeType=Gen02"
[1] "analyzeFamily=IsHitA"
[1] "analyzeFunc=glm"
[1] "analyzeTrackTypeCd=2"
[1] "analyzeJyokenCd=6"
[1] "2022-02-06 20:48:11 --- source_function.R Start ---"
[1] "2022-02-06 20:48:11 --- source_function.R Finished ---"

> print(paste0(Sys.time(), " --- source_library.R Start ---"))
[1] "2022-02-06 20:48:11 --- source_library.R Start ---"

> require("RevoScaleR")

> print(paste0(Sys.time(), " --- source_library.R Finished ---"))
[1] "2022-02-06 20:48:12 --- source_library.R Finished ---"
[1] "2022-02-06 20:48:12 --- RxSqlServerData Start ---"
[1] "sqlQuery=SELECT * FROM ViewAnalyzeD1113analyze01Gen02Type26"
Rows Read: 3876, Total Rows Processed: 3876, Total Chunk Time: 1.223 seconds 
[1] "head(data)="
           Race.RaceId Race.IsPredictedRace Race.IsAnalyzeNormalPastAndFuture
1 20161112-05-05-03-06                 TRUE                              TRUE
2 20180106-06-01-01-03                 TRUE                              TRUE
3 20201115-05-05-04-06                 TRUE                              TRUE
4 20190316-06-02-07-04                 TRUE                              TRUE
5 20171014-05-04-04-04                 TRUE                              TRUE
6 20211212-09-06-04-04                 TRUE                              TRUE
  Race.IsAnalyzeNormalPast Race.IsAnalyzeNormalFuture
1                     TRUE                      FALSE
2                     TRUE                      FALSE
3                     TRUE                      FALSE
4                     TRUE                      FALSE
5                     TRUE                      FALSE
6                    FALSE                       TRUE
  Race.IsAnalyzeFullPastAndFuture Race.IsAnalyzeFullPast
1                            TRUE                   TRUE
2                            TRUE                   TRUE
3                            TRUE                   TRUE
4                            TRUE                   TRUE
5                            TRUE                   TRUE
6                            TRUE                  FALSE
  Race.IsAnalyzeFullFuture Race.JyokenCd Race.JyoType1Cd   Race.RaceType0Cd
1                    FALSE             6     2-05-1600-3 2-05-1600-3-6-X-11
2                    FALSE             6     2-06-1800-1 2-06-1800-1-6-X-12
3                    FALSE             6     2-05-1600-1 2-05-1600-1-6-X-11
4                    FALSE             6     2-06-1800-1 2-06-1800-1-6-X-12
5                    FALSE             6     2-05-1400-4 2-05-1400-4-6-X-11
6                     TRUE             6     2-09-1800-1 2-09-1800-1-6-X-11
  Race.RaceType1Cd Race.RaceType2Cd Race.RaceType3Cd Race.RaceType4Cd
1            2-6-X            2-6-X           6-X-11           2-6-11
2            2-6-X            2-6-X           6-X-12           2-6-12
3            2-6-X            2-6-X           6-X-11           2-6-11
4            2-6-X            2-6-X           6-X-12           2-6-12
5            2-6-X            2-6-X           6-X-11           2-6-11
6            2-6-X            2-6-X           6-X-11           2-6-11
      RaceHorse.RaceId RaceHorse.KettoNum RaceHorse.IsHit1 RaceHorse.IsHit2
1 20161112-05-05-03-06         2014109036                0                0
2 20180106-06-01-01-03         2015106192                0                0
3 20201115-05-05-04-06         2018102373                0                0
4 20190316-06-02-07-04         2016103715                0                0
5 20171014-05-04-04-04         2015105243                0                0
6 20211212-09-06-04-04         2019102453                0                0
  RaceHorse.IsHit3 RaceHorse.IsHit4 RaceHorse.IsHit5 RaceHorse.IsHit6
1                0                0                0                1
2                0                1                0                0
3                0                0                0                1
4                0                0                0                1
5                0                0                0                1
6                0                0                1                0
  RaceHorse.IsValidRaceHorse RaceHorse.IsHitA RaceHorse.IsHitB RaceHorse.IsHitC
1                      FALSE                0                0                0
2                       TRUE                0                0                0
3                       TRUE                0                0                0
4                       TRUE                0                0                0
5                       TRUE                0                0                0
6                       TRUE                0                0                0
  Gen02.HansyokuNum Gen02.TimeDvByRaceAvg Gen02.TimeDvByRaceMax Gen02.RunCount
1          12252386                    49                    59              3
2          12254873                    57                    60              2
3          12260960                    56                    61              2
4          12244770                    49                    56              4
5          12253331                    68                    68              1
6          12259539                    59                    69              3
  Gen02.HitCount1 Gen02.HitCount2 Gen02.HitCount3 Gen02.HitCount4
1               0               0               0               1
2               0               1               0               0
3               0               0               1               0
4               0               0               0               0
5               1               0               0               0
6               1               0               1               0
  Gen02.HitCount5 Gen02.HitRate1 Gen02.HitRate2 Gen02.HitRate3 Gen02.HitRate4
1               0            0.0            0.0            0.0            0.3
2               1            0.0            0.5            0.0            0.0
3               0            0.0            0.0            0.5            0.0
4               1            0.0            0.0            0.0            0.0
5               0            1.0            0.0            0.0            0.0
6               0            0.3            0.0            0.3            0.0
  Gen02.HitRate5 EOF
1            0.0   1
2            0.5   1
3            0.0   1
4            0.2   1
5            0.0   1
6            0.0   1
[1] "object.size(data) auto=1.3 Mb"
[1] "nrow(data) RxSqlServerData=3876"
[1] "str(data)="
'data.frame':	3876 obs. of  42 variables:
 $ Race.RaceId                      : Factor w/ 585 levels "20180113-06-01-04-04",..: 11 12 13 14 15 16 17 18 19 20 ...
 $ Race.IsPredictedRace             : logi  TRUE TRUE TRUE TRUE TRUE TRUE ...
 $ Race.IsAnalyzeNormalPastAndFuture: logi  TRUE TRUE TRUE TRUE TRUE TRUE ...
 $ Race.IsAnalyzeNormalPast         : logi  TRUE TRUE TRUE TRUE TRUE FALSE ...
 $ Race.IsAnalyzeNormalFuture       : logi  FALSE FALSE FALSE FALSE FALSE TRUE ...
 $ Race.IsAnalyzeFullPastAndFuture  : logi  TRUE TRUE TRUE TRUE TRUE TRUE ...
 $ Race.IsAnalyzeFullPast           : logi  TRUE TRUE TRUE TRUE TRUE FALSE ...
 $ Race.IsAnalyzeFullFuture         : logi  FALSE FALSE FALSE FALSE FALSE TRUE ...
 $ Race.JyokenCd                    : Factor w/ 1 level "6": 1 1 1 1 1 1 1 1 1 1 ...
 $ Race.JyoType1Cd                  : Factor w/ 74 levels "2-06-1200-1",..: 9 10 11 10 12 13 14 15 10 1 ...
 $ Race.RaceType0Cd                 : Factor w/ 112 levels "2-06-1200-1-6-X-12",..: 9 10 11 10 12 13 14 15 10 16 ...
 $ Race.RaceType1Cd                 : Factor w/ 1 level "2-6-X": 1 1 1 1 1 1 1 1 1 1 ...
 $ Race.RaceType2Cd                 : Factor w/ 1 level "2-6-X": 1 1 1 1 1 1 1 1 1 1 ...
 $ Race.RaceType3Cd                 : Factor w/ 2 levels "6-X-12","6-X-11": 2 1 2 1 2 2 2 1 1 2 ...
 $ Race.RaceType4Cd                 : Factor w/ 2 levels "2-6-12","2-6-11": 2 1 2 1 2 2 2 1 1 2 ...
 $ RaceHorse.RaceId                 : Factor w/ 585 levels "20180113-06-01-04-04",..: 11 12 13 14 15 16 17 18 19 20 ...
 $ RaceHorse.KettoNum               : Factor w/ 3867 levels "2015104423","2014100647",..: 11 12 13 14 15 16 17 18 19 20 ...
 $ RaceHorse.IsHit1                 : int  0 0 0 0 0 0 1 0 0 0 ...
 $ RaceHorse.IsHit2                 : int  0 0 0 0 0 0 0 0 0 0 ...
 $ RaceHorse.IsHit3                 : int  0 0 0 0 0 0 0 0 0 0 ...
 $ RaceHorse.IsHit4                 : int  0 1 0 0 0 0 0 0 0 0 ...
 $ RaceHorse.IsHit5                 : int  0 0 0 0 0 1 0 0 0 0 ...
 $ RaceHorse.IsHit6                 : int  1 0 1 1 1 0 0 1 1 1 ...
 $ RaceHorse.IsValidRaceHorse       : logi  FALSE TRUE TRUE TRUE TRUE TRUE ...
 $ RaceHorse.IsHitA                 : int  0 0 0 0 0 0 1 0 0 0 ...
 $ RaceHorse.IsHitB                 : int  0 0 0 0 0 0 1 0 0 0 ...
 $ RaceHorse.IsHitC                 : int  0 0 0 0 0 0 1 0 0 0 ...
 $ Gen02.HansyokuNum                : Factor w/ 2675 levels "12255295","12248706",..: 11 12 13 14 15 16 17 18 19 20 ...
 $ Gen02.TimeDvByRaceAvg            : num  49.5 57 56.3 48.9 67.7 ...
 $ Gen02.TimeDvByRaceMax            : num  58.7 60.3 60.8 55.7 67.7 ...
 $ Gen02.RunCount                   : int  3 2 2 4 1 3 2 3 1 3 ...
 $ Gen02.HitCount1                  : int  0 0 0 0 1 1 0 1 0 0 ...
 $ Gen02.HitCount2                  : int  0 1 0 0 0 0 0 0 0 0 ...
 $ Gen02.HitCount3                  : int  0 0 1 0 0 1 0 0 0 0 ...
 $ Gen02.HitCount4                  : int  1 0 0 0 0 0 0 1 0 1 ...
 $ Gen02.HitCount5                  : int  0 1 0 1 0 0 0 0 0 0 ...
 $ Gen02.HitRate1                   : num  0 0 0 0 1 ...
 $ Gen02.HitRate2                   : num  0 0.5 0 0 0 0 0 0 0 0 ...
 $ Gen02.HitRate3                   : num  0 0 0.5 0 0 ...
 $ Gen02.HitRate4                   : num  0.333 0 0 0 0 ...
 $ Gen02.HitRate5                   : num  0 0.5 0 0.25 0 0 0 0 0 0 ...
 $ EOF                              : int  1 1 1 1 1 1 1 1 1 1 ...
[1] "2022-02-06 20:48:15 --- RxSqlServerData Finish ---"
[1] "2022-02-06 20:48:15 --- subset Start ---"
[1] "nrow(data) subset before=3876"
[1] "nrow(data) subset after =2929"
[1] "nrow(data) subset diff =947"
[1] "2022-02-06 20:48:15 --- subset Finish---"
[1] "2022-02-06 20:48:15 --- transform Start ---"
[1] "nrow(data) transform before=2929"
[1] "nrow(data) transform after=2929"
[1] "nrow(data) transform diff=0"
[1] "str(data)="
'data.frame':	2929 obs. of  42 variables:
 $ Race.RaceId                      : Factor w/ 585 levels "20180113-06-01-04-04",..: 12 13 14 15 17 18 19 20 21 22 ...
 $ Race.IsPredictedRace             : logi  TRUE TRUE TRUE TRUE TRUE TRUE ...
 $ Race.IsAnalyzeNormalPastAndFuture: logi  TRUE TRUE TRUE TRUE TRUE TRUE ...
 $ Race.IsAnalyzeNormalPast         : logi  TRUE TRUE TRUE TRUE TRUE TRUE ...
 $ Race.IsAnalyzeNormalFuture       : logi  FALSE FALSE FALSE FALSE FALSE FALSE ...
 $ Race.IsAnalyzeFullPastAndFuture  : logi  TRUE TRUE TRUE TRUE TRUE TRUE ...
 $ Race.IsAnalyzeFullPast           : logi  TRUE TRUE TRUE TRUE TRUE TRUE ...
 $ Race.IsAnalyzeFullFuture         : logi  FALSE FALSE FALSE FALSE FALSE FALSE ...
 $ Race.JyokenCd                    : Factor w/ 1 level "6": 1 1 1 1 1 1 1 1 1 1 ...
 $ Race.JyoType1Cd                  : Factor w/ 74 levels "2-06-1200-1",..: 10 11 10 12 14 15 10 1 16 16 ...
 $ Race.RaceType0Cd                 : Factor w/ 112 levels "2-06-1200-1-6-X-12",..: 10 11 10 12 14 15 10 16 17 18 ...
 $ Race.RaceType1Cd                 : Factor w/ 1 level "2-6-X": 1 1 1 1 1 1 1 1 1 1 ...
 $ Race.RaceType2Cd                 : Factor w/ 1 level "2-6-X": 1 1 1 1 1 1 1 1 1 1 ...
 $ Race.RaceType3Cd                 : Factor w/ 2 levels "6-X-12","6-X-11": 1 2 1 2 2 1 1 2 2 1 ...
 $ Race.RaceType4Cd                 : Factor w/ 2 levels "2-6-12","2-6-11": 1 2 1 2 2 1 1 2 2 1 ...
 $ RaceHorse.RaceId                 : Factor w/ 585 levels "20180113-06-01-04-04",..: 12 13 14 15 17 18 19 20 21 22 ...
 $ RaceHorse.KettoNum               : Factor w/ 3867 levels "2015104423","2014100647",..: 12 13 14 15 17 18 19 20 21 22 ...
 $ RaceHorse.IsHit1                 : int  0 0 0 0 1 0 0 0 0 0 ...
 $ RaceHorse.IsHit2                 : int  0 0 0 0 0 0 0 0 0 0 ...
 $ RaceHorse.IsHit3                 : int  0 0 0 0 0 0 0 0 0 0 ...
 $ RaceHorse.IsHit4                 : int  1 0 0 0 0 0 0 0 0 0 ...
 $ RaceHorse.IsHit5                 : int  0 0 0 0 0 0 0 0 0 0 ...
 $ RaceHorse.IsHit6                 : int  0 1 1 1 0 1 1 1 1 1 ...
 $ RaceHorse.IsValidRaceHorse       : logi  TRUE TRUE TRUE TRUE TRUE TRUE ...
 $ RaceHorse.IsHitA                 : int  0 0 0 0 1 0 0 0 0 0 ...
 $ RaceHorse.IsHitB                 : int  0 0 0 0 1 0 0 0 0 0 ...
 $ RaceHorse.IsHitC                 : int  0 0 0 0 1 0 0 0 0 0 ...
 $ Gen02.HansyokuNum                : Factor w/ 2675 levels "12255295","12248706",..: 12 13 14 15 17 18 19 20 21 22 ...
 $ Gen02.TimeDvByRaceAvg            : num  57 56.3 48.9 67.7 48.1 ...
 $ Gen02.TimeDvByRaceMax            : num  60.3 60.8 55.7 67.7 52.3 ...
 $ Gen02.RunCount                   : int  2 2 4 1 2 3 1 3 1 1 ...
 $ Gen02.HitCount1                  : int  0 0 0 1 0 1 0 0 0 0 ...
 $ Gen02.HitCount2                  : int  1 0 0 0 0 0 0 0 0 0 ...
 $ Gen02.HitCount3                  : int  0 1 0 0 0 0 0 0 0 0 ...
 $ Gen02.HitCount4                  : int  0 0 0 0 0 1 0 1 0 0 ...
 $ Gen02.HitCount5                  : int  1 0 1 0 0 0 0 0 0 0 ...
 $ Gen02.HitRate1                   : num  0 0 0 1 0 ...
 $ Gen02.HitRate2                   : num  0.5 0 0 0 0 0 0 0 0 0 ...
 $ Gen02.HitRate3                   : num  0 0.5 0 0 0 0 0 0 0 0 ...
 $ Gen02.HitRate4                   : num  0 0 0 0 0 ...
 $ Gen02.HitRate5                   : num  0.5 0 0.25 0 0 0 0 0 0 0 ...
 $ EOF                              : int  1 1 1 1 1 1 1 1 1 1 ...
NULL
[1] "2022-02-06 20:48:15 --- transform Finish ---"
[1] "2022-02-06 20:48:15 --- na.omit Start ---"
[1] "nrow(data) na.omit before=2929"
[1] "nrow(data) na.omit after =2929"
[1] "nrow(data) na.omit diff =0"
'data.frame':	2929 obs. of  42 variables:
 $ Race.RaceId                      : Factor w/ 585 levels "20180113-06-01-04-04",..: 12 13 14 15 17 18 19 20 21 22 ...
 $ Race.IsPredictedRace             : logi  TRUE TRUE TRUE TRUE TRUE TRUE ...
 $ Race.IsAnalyzeNormalPastAndFuture: logi  TRUE TRUE TRUE TRUE TRUE TRUE ...
 $ Race.IsAnalyzeNormalPast         : logi  TRUE TRUE TRUE TRUE TRUE TRUE ...
 $ Race.IsAnalyzeNormalFuture       : logi  FALSE FALSE FALSE FALSE FALSE FALSE ...
 $ Race.IsAnalyzeFullPastAndFuture  : logi  TRUE TRUE TRUE TRUE TRUE TRUE ...
 $ Race.IsAnalyzeFullPast           : logi  TRUE TRUE TRUE TRUE TRUE TRUE ...
 $ Race.IsAnalyzeFullFuture         : logi  FALSE FALSE FALSE FALSE FALSE FALSE ...
 $ Race.JyokenCd                    : Factor w/ 1 level "6": 1 1 1 1 1 1 1 1 1 1 ...
 $ Race.JyoType1Cd                  : Factor w/ 74 levels "2-06-1200-1",..: 10 11 10 12 14 15 10 1 16 16 ...
 $ Race.RaceType0Cd                 : Factor w/ 112 levels "2-06-1200-1-6-X-12",..: 10 11 10 12 14 15 10 16 17 18 ...
 $ Race.RaceType1Cd                 : Factor w/ 1 level "2-6-X": 1 1 1 1 1 1 1 1 1 1 ...
 $ Race.RaceType2Cd                 : Factor w/ 1 level "2-6-X": 1 1 1 1 1 1 1 1 1 1 ...
 $ Race.RaceType3Cd                 : Factor w/ 2 levels "6-X-12","6-X-11": 1 2 1 2 2 1 1 2 2 1 ...
 $ Race.RaceType4Cd                 : Factor w/ 2 levels "2-6-12","2-6-11": 1 2 1 2 2 1 1 2 2 1 ...
 $ RaceHorse.RaceId                 : Factor w/ 585 levels "20180113-06-01-04-04",..: 12 13 14 15 17 18 19 20 21 22 ...
 $ RaceHorse.KettoNum               : Factor w/ 3867 levels "2015104423","2014100647",..: 12 13 14 15 17 18 19 20 21 22 ...
 $ RaceHorse.IsHit1                 : int  0 0 0 0 1 0 0 0 0 0 ...
 $ RaceHorse.IsHit2                 : int  0 0 0 0 0 0 0 0 0 0 ...
 $ RaceHorse.IsHit3                 : int  0 0 0 0 0 0 0 0 0 0 ...
 $ RaceHorse.IsHit4                 : int  1 0 0 0 0 0 0 0 0 0 ...
 $ RaceHorse.IsHit5                 : int  0 0 0 0 0 0 0 0 0 0 ...
 $ RaceHorse.IsHit6                 : int  0 1 1 1 0 1 1 1 1 1 ...
 $ RaceHorse.IsValidRaceHorse       : logi  TRUE TRUE TRUE TRUE TRUE TRUE ...
 $ RaceHorse.IsHitA                 : int  0 0 0 0 1 0 0 0 0 0 ...
 $ RaceHorse.IsHitB                 : int  0 0 0 0 1 0 0 0 0 0 ...
 $ RaceHorse.IsHitC                 : int  0 0 0 0 1 0 0 0 0 0 ...
 $ Gen02.HansyokuNum                : Factor w/ 2675 levels "12255295","12248706",..: 12 13 14 15 17 18 19 20 21 22 ...
 $ Gen02.TimeDvByRaceAvg            : num  57 56.3 48.9 67.7 48.1 ...
 $ Gen02.TimeDvByRaceMax            : num  60.3 60.8 55.7 67.7 52.3 ...
 $ Gen02.RunCount                   : int  2 2 4 1 2 3 1 3 1 1 ...
 $ Gen02.HitCount1                  : int  0 0 0 1 0 1 0 0 0 0 ...
 $ Gen02.HitCount2                  : int  1 0 0 0 0 0 0 0 0 0 ...
 $ Gen02.HitCount3                  : int  0 1 0 0 0 0 0 0 0 0 ...
 $ Gen02.HitCount4                  : int  0 0 0 0 0 1 0 1 0 0 ...
 $ Gen02.HitCount5                  : int  1 0 1 0 0 0 0 0 0 0 ...
 $ Gen02.HitRate1                   : num  0 0 0 1 0 ...
 $ Gen02.HitRate2                   : num  0.5 0 0 0 0 0 0 0 0 0 ...
 $ Gen02.HitRate3                   : num  0 0.5 0 0 0 0 0 0 0 0 ...
 $ Gen02.HitRate4                   : num  0 0 0 0 0 ...
 $ Gen02.HitRate5                   : num  0.5 0 0.25 0 0 0 0 0 0 0 ...
 $ EOF                              : int  1 1 1 1 1 1 1 1 1 1 ...
[1] "2022-02-06 20:48:16 --- na.omit Finish ---"
[1] "2022-02-06 20:48:16 --- rxGlm with rxStepControl Start ---"
[1] "2022-02-06 20:48:16 --- source_logic_glm.R Start ---"
[1] "2022-02-06 20:48:16 --- source_logic_glm.R Finished ---"
Rows Read: 2929, Total Rows Processed: 2929, Total Chunk Time: 0.001 seconds 

Starting values (iteration 1) time: 0.007 secs.
Rows Read: 2929, Total Rows Processed: 2929, Total Chunk Time: Less than .001 seconds 

Iteration 2 time: 0.004 secs.
Rows Read: 2929, Total Rows Processed: 2929, Total Chunk Time: 0.001 seconds 

Iteration 3 time: 0.003 secs.
Rows Read: 2929, Total Rows Processed: 2929, Total Chunk Time: Less than .001 seconds 

Iteration 4 time: 0.003 secs.
Rows Read: 2929, Total Rows Processed: 2929, Total Chunk Time: Less than .001 seconds 

Iteration 5 time: 0.003 secs.
Rows Read: 2929, Total Rows Processed: 2929, Total Chunk Time: Less than .001 seconds 

Iteration 6 time: 0.003 secs.

Elapsed computation time: 0.035 secs.
Rows Read: 2929, Total Rows Processed: 2929, Total Chunk Time: 0.001 seconds 

Starting values (iteration 1) time: 0.005 secs.
Rows Read: 2929, Total Rows Processed: 2929, Total Chunk Time: Less than .001 seconds 

Iteration 2 time: 0.003 secs.
Rows Read: 2929, Total Rows Processed: 2929, Total Chunk Time: Less than .001 seconds 

Iteration 3 time: 0.003 secs.
Rows Read: 2929, Total Rows Processed: 2929, Total Chunk Time: 0.001 seconds 

Iteration 4 time: 0.002 secs.
Rows Read: 2929, Total Rows Processed: 2929, Total Chunk Time: 0.001 seconds 

Iteration 5 time: 0.003 secs.
Rows Read: 2929, Total Rows Processed: 2929, Total Chunk Time: Less than .001 seconds 

Iteration 6 time: 0.003 secs.

Elapsed computation time: 0.033 secs.
Rows Read: 2929, Total Rows Processed: 2929, Total Chunk Time: Less than .001 seconds 

Starting values (iteration 1) time: 0.005 secs.
Rows Read: 2929, Total Rows Processed: 2929, Total Chunk Time: Less than .001 seconds 

Iteration 2 time: 0.004 secs.
Rows Read: 2929, Total Rows Processed: 2929, Total Chunk Time: Less than .001 seconds 

Iteration 3 time: 0.003 secs.
Rows Read: 2929, Total Rows Processed: 2929, Total Chunk Time: Less than .001 seconds 

Iteration 4 time: 0.002 secs.
Rows Read: 2929, Total Rows Processed: 2929, Total Chunk Time: 0.001 seconds 

Iteration 5 time: 0.003 secs.
Rows Read: 2929, Total Rows Processed: 2929, Total Chunk Time: 0.001 seconds 

Iteration 6 time: 0.003 secs.

Elapsed computation time: 0.032 secs.
Rows Read: 2929, Total Rows Processed: 2929, Total Chunk Time: Less than .001 seconds 

Starting values (iteration 1) time: 0.004 secs.
Rows Read: 2929, Total Rows Processed: 2929, Total Chunk Time: Less than .001 seconds 

Iteration 2 time: 0.004 secs.
Rows Read: 2929, Total Rows Processed: 2929, Total Chunk Time: Less than .001 seconds 

Iteration 3 time: 0.003 secs.
Rows Read: 2929, Total Rows Processed: 2929, Total Chunk Time: 0.001 seconds 

Iteration 4 time: 0.003 secs.
Rows Read: 2929, Total Rows Processed: 2929, Total Chunk Time: Less than .001 seconds 

Iteration 5 time: 0.003 secs.
Rows Read: 2929, Total Rows Processed: 2929, Total Chunk Time: 0.001 seconds 

Iteration 6 time: 0.003 secs.

Elapsed computation time: 0.033 secs.

Elapsed computation time: 0.143 secs.
[1] "analyze.results.glm.step="
Generalized Linear Model Results for: RaceHorse.IsHitA ~
    Gen02.TimeDvByRaceAvg + Gen02.HitRate1
Data: data
Dependent variable(s): RaceHorse.IsHitA
Total independent variables: 3 
Number of valid observations: 2929
Number of missing observations: 0 
Family-link: binomial-logit 
 
 
Coefficients:
                      RaceHorse.IsHitA
(Intercept)                      -4.24
Gen02.TimeDvByRaceAvg             0.03
Gen02.HitRate1                    0.75
[1] "analyze.results.glm.step.summary"
Call:
rxGlm(formula = form, data = data, family = binomial(), variableSelection = analyze.results.glm.step.varsel)

Generalized Linear Model Results for: RaceHorse.IsHitA ~
    Gen02.TimeDvByRaceAvg + Gen02.HitRate1
Data: data
Dependent variable(s): RaceHorse.IsHitA
Total independent variables: 3 
Number of valid observations: 2929
Number of missing observations: 0 
Family-link: binomial-logit 
 
Residual deviance: 1420.92 (on 2926 degrees of freedom)
 
Coefficients:
                      Estimate Std. Error z value Pr(>|z|)    
(Intercept)            -4.2396     0.6039   -7.02  2.2e-16 ***
Gen02.TimeDvByRaceAvg   0.0287     0.0115    2.50   0.0125 *  
Gen02.HitRate1          0.7463     0.2682    2.78   0.0054 ** 
---
Signif. codes:  0 '***' 0.001 '**' 0.01 '*' 0.05 '.' 0.1 ' ' 1

(Dispersion parameter for binomial family taken to be 1)

Condition number of final variance-covariance matrix: 3 
Number of iterations: 6
[1] "2022-02-06 20:48:16 --- rxGlm with rxStepControl Finish ---"
[1] "2022-02-06 20:48:16 --- rxStepPlot Start ---"
[1] "pdfFilename=pdf_analyze_glm_Gen02_Type26_rxStepPlot.pdf"
[1] "rxStepPlot="
[1] "2022-02-06 20:48:16 --- rxStepPlot Finish ---"
[1] "2022-02-06 20:48:16 --- save.image Start ---"
[1] "save.image"
[1] "rdataFilename=RData_analyze_glm_Gen02_Type26.RData"
[1] "2022-02-06 20:48:17 --- save.image Finish ---"
[1] "2022-02-06 20:48:17 --- final Start ---"
[1] "nrow(data) final=2929"
[1] "2022-02-06 20:48:17 --- final Finish ---"
[1] "2022-02-06 20:48:17 --- analyze_glm.R Finished ---"
[1] "2022-02-06 20:48:17 --- log Finish ---"
