[1] "2022-02-06 21:04:25 --- D1113_analyze_glm_Horse_IsHitA_Type24 Start ---"
[1] "2022-02-06 21:04:25 --- Log Start ---"
[1] "2022-02-06 21:04:25 --- analyze_glm.R Start ---"
[1] "analyzeVersion=D1113"
[1] "analyzeCategory=analyze"
[1] "analyzeType=Horse"
[1] "analyzeFamily=IsHitA"
[1] "analyzeFunc=glm"
[1] "analyzeTrackTypeCd=2"
[1] "analyzeJyokenCd=4"
[1] "2022-02-06 21:04:25 --- source_function.R Start ---"
[1] "2022-02-06 21:04:25 --- source_function.R Finished ---"

> print(paste0(Sys.time(), " --- source_library.R Start ---"))
[1] "2022-02-06 21:04:25 --- source_library.R Start ---"

> require("RevoScaleR")

> print(paste0(Sys.time(), " --- source_library.R Finished ---"))
[1] "2022-02-06 21:04:25 --- source_library.R Finished ---"
[1] "2022-02-06 21:04:25 --- RxSqlServerData Start ---"
[1] "sqlQuery=SELECT * FROM ViewAnalyzeD1113analyze01HorseType24"
Rows Read: 38198, Total Rows Processed: 38198, Total Chunk Time: 302.298 seconds 
[1] "head(data)="
           Race.RaceId Race.IsPredictedRace Race.IsAnalyzeNormalPastAndFuture
1 20160828-01-02-04-07                 TRUE                              TRUE
2 20180310-07-02-01-08                 TRUE                              TRUE
3 20180923-06-04-07-12                 TRUE                              TRUE
4 20180923-06-04-07-12                 TRUE                              TRUE
5 20181007-05-04-02-08                 TRUE                              TRUE
6 20190216-05-01-07-07                 TRUE                              TRUE
  Race.IsAnalyzeNormalPast Race.IsAnalyzeNormalFuture
1                     TRUE                      FALSE
2                     TRUE                      FALSE
3                     TRUE                      FALSE
4                     TRUE                      FALSE
5                     TRUE                      FALSE
6                     TRUE                      FALSE
  Race.IsAnalyzeFullPastAndFuture Race.IsAnalyzeFullPast
1                            TRUE                   TRUE
2                            TRUE                   TRUE
3                            TRUE                   TRUE
4                            TRUE                   TRUE
5                            TRUE                   TRUE
6                            TRUE                   TRUE
  Race.IsAnalyzeFullFuture Race.JyokenCd Race.JyoType1Cd   Race.RaceType0Cd
1                    FALSE             4     2-01-1000-1 2-01-1000-1-4-X-13
2                    FALSE             4     2-07-1400-2 2-07-1400-2-4-X-14
3                    FALSE             4     2-06-1200-2 2-06-1200-2-4-X-13
4                    FALSE             4     2-06-1200-2 2-06-1200-2-4-X-13
5                    FALSE             4     2-05-1300-1 2-05-1300-1-4-X-13
6                    FALSE             4     2-05-1400-1 2-05-1400-1-4-X-14
  Race.RaceType1Cd Race.RaceType2Cd Race.RaceType3Cd Race.RaceType4Cd
1            2-4-X            2-4-X           4-X-13           2-4-13
2            2-4-X            2-4-X           4-X-14           2-4-14
3            2-4-X            2-4-X           4-X-13           2-4-13
4            2-4-X            2-4-X           4-X-13           2-4-13
5            2-4-X            2-4-X           4-X-13           2-4-13
6            2-4-X            2-4-X           4-X-14           2-4-14
      RaceHorse.RaceId RaceHorse.KettoNum RaceHorse.IsHit1 RaceHorse.IsHit2
1 20160828-01-02-04-07         2011100083                0                0
2 20180310-07-02-01-08         2014102081                0                1
3 20180923-06-04-07-12         2015100644                0                0
4 20180923-06-04-07-12         2015105306                0                0
5 20181007-05-04-02-08         2014101353                1                0
6 20190216-05-01-07-07         2014103444                0                0
  RaceHorse.IsHit3 RaceHorse.IsHit4 RaceHorse.IsHit5 RaceHorse.IsHit6
1                0                1                0                0
2                0                0                0                0
3                0                1                0                0
4                0                1                0                0
5                0                0                0                0
6                0                1                0                0
  RaceHorse.IsValidRaceHorse RaceHorse.IsHitA RaceHorse.IsHitB RaceHorse.IsHitC
1                       TRUE                0                0                0
2                       TRUE                0                1                1
3                       TRUE                0                0                0
4                       TRUE                0                0                0
5                       TRUE                1                1                1
6                       TRUE                0                0                0
  Horse.PrevKettoNum Horse.TimeDvByRaceAvg Horse.TimeDvByRaceMax Horse.RunCount
1         2011100083                    43                    62             15
2         2014102081                    54                    58              4
3         2015100644                    58                    62              3
4         2015105306                    59                    59              1
5         2014101353                    54                    61              9
6         2014103444                    51                    63             10
  Horse.HitCount1 Horse.HitCount2 Horse.HitCount3 Horse.HitCount4
1               0               1               0               1
2               0               0               0               1
3               0               0               1               0
4               0               0               1               0
5               0               0               2               1
6               0               2               1               0
  Horse.HitCount5 Horse.HitRate1 Horse.HitRate2 Horse.HitRate3 Horse.HitRate4
1               1              0           0.07            0.0           0.07
2               1              0           0.00            0.0           0.25
3               1              0           0.00            0.3           0.00
4               0              0           0.00            1.0           0.00
5               2              0           0.00            0.2           0.11
6               1              0           0.20            0.1           0.00
  Horse.HitRate5 EOF
1           0.07   1
2           0.25   1
3           0.33   1
4           0.00   1
5           0.22   1
6           0.10   1
[1] "object.size(data) auto=8.8 Mb"
[1] "nrow(data) RxSqlServerData=38198"
[1] "str(data)="
'data.frame':	38198 obs. of  42 variables:
 $ Race.RaceId                      : Factor w/ 3381 levels "20160828-01-02-04-07",..: 1 2 3 3 4 5 5 6 6 6 ...
 $ Race.IsPredictedRace             : logi  TRUE TRUE TRUE TRUE TRUE TRUE ...
 $ Race.IsAnalyzeNormalPastAndFuture: logi  TRUE TRUE TRUE TRUE TRUE TRUE ...
 $ Race.IsAnalyzeNormalPast         : logi  TRUE TRUE TRUE TRUE TRUE TRUE ...
 $ Race.IsAnalyzeNormalFuture       : logi  FALSE FALSE FALSE FALSE FALSE FALSE ...
 $ Race.IsAnalyzeFullPastAndFuture  : logi  TRUE TRUE TRUE TRUE TRUE TRUE ...
 $ Race.IsAnalyzeFullPast           : logi  TRUE TRUE TRUE TRUE TRUE TRUE ...
 $ Race.IsAnalyzeFullFuture         : logi  FALSE FALSE FALSE FALSE FALSE FALSE ...
 $ Race.JyokenCd                    : Factor w/ 1 level "4": 1 1 1 1 1 1 1 1 1 1 ...
 $ Race.JyoType1Cd                  : Factor w/ 134 levels "2-01-1000-1",..: 1 2 3 3 4 5 5 6 6 6 ...
 $ Race.RaceType0Cd                 : Factor w/ 339 levels "2-01-1000-1-4-X-13",..: 1 2 3 3 4 5 5 6 6 6 ...
 $ Race.RaceType1Cd                 : Factor w/ 2 levels "2-4-X","2-4-E": 1 1 1 1 1 1 1 1 1 1 ...
 $ Race.RaceType2Cd                 : Factor w/ 2 levels "2-4-X","2-4-E": 1 1 1 1 1 1 1 1 1 1 ...
 $ Race.RaceType3Cd                 : Factor w/ 8 levels "4-X-13","4-X-14",..: 1 2 1 1 1 2 2 2 2 2 ...
 $ Race.RaceType4Cd                 : Factor w/ 4 levels "2-4-13","2-4-14",..: 1 2 1 1 1 2 2 2 2 2 ...
 $ RaceHorse.RaceId                 : Factor w/ 3381 levels "20160828-01-02-04-07",..: 1 2 3 3 4 5 5 6 6 6 ...
 $ RaceHorse.KettoNum               : Factor w/ 7295 levels "2011100083","2014102081",..: 1 2 3 4 5 6 7 8 9 10 ...
 $ RaceHorse.IsHit1                 : int  0 0 0 0 1 0 0 0 1 0 ...
 $ RaceHorse.IsHit2                 : int  0 1 0 0 0 0 0 1 0 0 ...
 $ RaceHorse.IsHit3                 : int  0 0 0 0 0 0 0 0 0 0 ...
 $ RaceHorse.IsHit4                 : int  1 0 1 1 0 1 1 0 0 0 ...
 $ RaceHorse.IsHit5                 : int  0 0 0 0 0 0 0 0 0 1 ...
 $ RaceHorse.IsHit6                 : int  0 0 0 0 0 0 0 0 0 0 ...
 $ RaceHorse.IsValidRaceHorse       : logi  TRUE TRUE TRUE TRUE TRUE TRUE ...
 $ RaceHorse.IsHitA                 : int  0 0 0 0 1 0 0 0 1 0 ...
 $ RaceHorse.IsHitB                 : int  0 1 0 0 1 0 0 1 1 0 ...
 $ RaceHorse.IsHitC                 : int  0 1 0 0 1 0 0 1 1 0 ...
 $ Horse.PrevKettoNum               : Factor w/ 7295 levels "2011100083","2014102081",..: 1 2 3 4 5 6 7 8 9 10 ...
 $ Horse.TimeDvByRaceAvg            : num  42.6 53.5 57.5 58.8 54.4 ...
 $ Horse.TimeDvByRaceMax            : num  62 57.7 62.2 58.8 61.4 ...
 $ Horse.RunCount                   : int  15 4 3 1 9 10 3 4 5 17 ...
 $ Horse.HitCount1                  : int  0 0 0 0 0 0 0 0 1 0 ...
 $ Horse.HitCount2                  : int  1 0 0 0 0 2 1 0 1 0 ...
 $ Horse.HitCount3                  : int  0 0 1 1 2 1 0 0 0 1 ...
 $ Horse.HitCount4                  : int  1 1 0 0 1 0 0 1 0 2 ...
 $ Horse.HitCount5                  : int  1 1 1 0 2 1 1 0 0 2 ...
 $ Horse.HitRate1                   : num  0 0 0 0 0 0 0 0 0.2 0 ...
 $ Horse.HitRate2                   : num  0.0667 0 0 0 0 ...
 $ Horse.HitRate3                   : num  0 0 0.333 1 0.222 ...
 $ Horse.HitRate4                   : num  0.0667 0.25 0 0 0.1111 ...
 $ Horse.HitRate5                   : num  0.0667 0.25 0.3333 0 0.2222 ...
 $ EOF                              : int  1 1 1 1 1 1 1 1 1 1 ...
[1] "2022-02-06 21:14:10 --- RxSqlServerData Finish ---"
[1] "2022-02-06 21:14:10 --- subset Start ---"
[1] "nrow(data) subset before=38198"
[1] "nrow(data) subset after =31564"
[1] "nrow(data) subset diff =6634"
[1] "2022-02-06 21:14:10 --- subset Finish---"
[1] "2022-02-06 21:14:10 --- transform Start ---"
[1] "nrow(data) transform before=31564"
[1] "nrow(data) transform after=31564"
[1] "nrow(data) transform diff=0"
[1] "str(data)="
'data.frame':	31564 obs. of  42 variables:
 $ Race.RaceId                      : Factor w/ 3381 levels "20160828-01-02-04-07",..: 1 2 3 3 4 5 5 6 6 6 ...
 $ Race.IsPredictedRace             : logi  TRUE TRUE TRUE TRUE TRUE TRUE ...
 $ Race.IsAnalyzeNormalPastAndFuture: logi  TRUE TRUE TRUE TRUE TRUE TRUE ...
 $ Race.IsAnalyzeNormalPast         : logi  TRUE TRUE TRUE TRUE TRUE TRUE ...
 $ Race.IsAnalyzeNormalFuture       : logi  FALSE FALSE FALSE FALSE FALSE FALSE ...
 $ Race.IsAnalyzeFullPastAndFuture  : logi  TRUE TRUE TRUE TRUE TRUE TRUE ...
 $ Race.IsAnalyzeFullPast           : logi  TRUE TRUE TRUE TRUE TRUE TRUE ...
 $ Race.IsAnalyzeFullFuture         : logi  FALSE FALSE FALSE FALSE FALSE FALSE ...
 $ Race.JyokenCd                    : Factor w/ 1 level "4": 1 1 1 1 1 1 1 1 1 1 ...
 $ Race.JyoType1Cd                  : Factor w/ 134 levels "2-01-1000-1",..: 1 2 3 3 4 5 5 6 6 6 ...
 $ Race.RaceType0Cd                 : Factor w/ 339 levels "2-01-1000-1-4-X-13",..: 1 2 3 3 4 5 5 6 6 6 ...
 $ Race.RaceType1Cd                 : Factor w/ 2 levels "2-4-X","2-4-E": 1 1 1 1 1 1 1 1 1 1 ...
 $ Race.RaceType2Cd                 : Factor w/ 2 levels "2-4-X","2-4-E": 1 1 1 1 1 1 1 1 1 1 ...
 $ Race.RaceType3Cd                 : Factor w/ 8 levels "4-X-13","4-X-14",..: 1 2 1 1 1 2 2 2 2 2 ...
 $ Race.RaceType4Cd                 : Factor w/ 4 levels "2-4-13","2-4-14",..: 1 2 1 1 1 2 2 2 2 2 ...
 $ RaceHorse.RaceId                 : Factor w/ 3381 levels "20160828-01-02-04-07",..: 1 2 3 3 4 5 5 6 6 6 ...
 $ RaceHorse.KettoNum               : Factor w/ 7295 levels "2011100083","2014102081",..: 1 2 3 4 5 6 7 8 9 10 ...
 $ RaceHorse.IsHit1                 : int  0 0 0 0 1 0 0 0 1 0 ...
 $ RaceHorse.IsHit2                 : int  0 1 0 0 0 0 0 1 0 0 ...
 $ RaceHorse.IsHit3                 : int  0 0 0 0 0 0 0 0 0 0 ...
 $ RaceHorse.IsHit4                 : int  1 0 1 1 0 1 1 0 0 0 ...
 $ RaceHorse.IsHit5                 : int  0 0 0 0 0 0 0 0 0 1 ...
 $ RaceHorse.IsHit6                 : int  0 0 0 0 0 0 0 0 0 0 ...
 $ RaceHorse.IsValidRaceHorse       : logi  TRUE TRUE TRUE TRUE TRUE TRUE ...
 $ RaceHorse.IsHitA                 : int  0 0 0 0 1 0 0 0 1 0 ...
 $ RaceHorse.IsHitB                 : int  0 1 0 0 1 0 0 1 1 0 ...
 $ RaceHorse.IsHitC                 : int  0 1 0 0 1 0 0 1 1 0 ...
 $ Horse.PrevKettoNum               : Factor w/ 7295 levels "2011100083","2014102081",..: 1 2 3 4 5 6 7 8 9 10 ...
 $ Horse.TimeDvByRaceAvg            : num  42.6 53.5 57.5 58.8 54.4 ...
 $ Horse.TimeDvByRaceMax            : num  62 57.7 62.2 58.8 61.4 ...
 $ Horse.RunCount                   : int  15 4 3 1 9 10 3 4 5 17 ...
 $ Horse.HitCount1                  : int  0 0 0 0 0 0 0 0 1 0 ...
 $ Horse.HitCount2                  : int  1 0 0 0 0 2 1 0 1 0 ...
 $ Horse.HitCount3                  : int  0 0 1 1 2 1 0 0 0 1 ...
 $ Horse.HitCount4                  : int  1 1 0 0 1 0 0 1 0 2 ...
 $ Horse.HitCount5                  : int  1 1 1 0 2 1 1 0 0 2 ...
 $ Horse.HitRate1                   : num  0 0 0 0 0 0 0 0 0.2 0 ...
 $ Horse.HitRate2                   : num  0.0667 0 0 0 0 ...
 $ Horse.HitRate3                   : num  0 0 0.333 1 0.222 ...
 $ Horse.HitRate4                   : num  0.0667 0.25 0 0 0.1111 ...
 $ Horse.HitRate5                   : num  0.0667 0.25 0.3333 0 0.2222 ...
 $ EOF                              : int  1 1 1 1 1 1 1 1 1 1 ...
NULL
[1] "2022-02-06 21:14:10 --- transform Finish ---"
[1] "2022-02-06 21:14:10 --- na.omit Start ---"
[1] "nrow(data) na.omit before=31564"
[1] "nrow(data) na.omit after =31564"
[1] "nrow(data) na.omit diff =0"
'data.frame':	31564 obs. of  42 variables:
 $ Race.RaceId                      : Factor w/ 3381 levels "20160828-01-02-04-07",..: 1 2 3 3 4 5 5 6 6 6 ...
 $ Race.IsPredictedRace             : logi  TRUE TRUE TRUE TRUE TRUE TRUE ...
 $ Race.IsAnalyzeNormalPastAndFuture: logi  TRUE TRUE TRUE TRUE TRUE TRUE ...
 $ Race.IsAnalyzeNormalPast         : logi  TRUE TRUE TRUE TRUE TRUE TRUE ...
 $ Race.IsAnalyzeNormalFuture       : logi  FALSE FALSE FALSE FALSE FALSE FALSE ...
 $ Race.IsAnalyzeFullPastAndFuture  : logi  TRUE TRUE TRUE TRUE TRUE TRUE ...
 $ Race.IsAnalyzeFullPast           : logi  TRUE TRUE TRUE TRUE TRUE TRUE ...
 $ Race.IsAnalyzeFullFuture         : logi  FALSE FALSE FALSE FALSE FALSE FALSE ...
 $ Race.JyokenCd                    : Factor w/ 1 level "4": 1 1 1 1 1 1 1 1 1 1 ...
 $ Race.JyoType1Cd                  : Factor w/ 134 levels "2-01-1000-1",..: 1 2 3 3 4 5 5 6 6 6 ...
 $ Race.RaceType0Cd                 : Factor w/ 339 levels "2-01-1000-1-4-X-13",..: 1 2 3 3 4 5 5 6 6 6 ...
 $ Race.RaceType1Cd                 : Factor w/ 2 levels "2-4-X","2-4-E": 1 1 1 1 1 1 1 1 1 1 ...
 $ Race.RaceType2Cd                 : Factor w/ 2 levels "2-4-X","2-4-E": 1 1 1 1 1 1 1 1 1 1 ...
 $ Race.RaceType3Cd                 : Factor w/ 8 levels "4-X-13","4-X-14",..: 1 2 1 1 1 2 2 2 2 2 ...
 $ Race.RaceType4Cd                 : Factor w/ 4 levels "2-4-13","2-4-14",..: 1 2 1 1 1 2 2 2 2 2 ...
 $ RaceHorse.RaceId                 : Factor w/ 3381 levels "20160828-01-02-04-07",..: 1 2 3 3 4 5 5 6 6 6 ...
 $ RaceHorse.KettoNum               : Factor w/ 7295 levels "2011100083","2014102081",..: 1 2 3 4 5 6 7 8 9 10 ...
 $ RaceHorse.IsHit1                 : int  0 0 0 0 1 0 0 0 1 0 ...
 $ RaceHorse.IsHit2                 : int  0 1 0 0 0 0 0 1 0 0 ...
 $ RaceHorse.IsHit3                 : int  0 0 0 0 0 0 0 0 0 0 ...
 $ RaceHorse.IsHit4                 : int  1 0 1 1 0 1 1 0 0 0 ...
 $ RaceHorse.IsHit5                 : int  0 0 0 0 0 0 0 0 0 1 ...
 $ RaceHorse.IsHit6                 : int  0 0 0 0 0 0 0 0 0 0 ...
 $ RaceHorse.IsValidRaceHorse       : logi  TRUE TRUE TRUE TRUE TRUE TRUE ...
 $ RaceHorse.IsHitA                 : int  0 0 0 0 1 0 0 0 1 0 ...
 $ RaceHorse.IsHitB                 : int  0 1 0 0 1 0 0 1 1 0 ...
 $ RaceHorse.IsHitC                 : int  0 1 0 0 1 0 0 1 1 0 ...
 $ Horse.PrevKettoNum               : Factor w/ 7295 levels "2011100083","2014102081",..: 1 2 3 4 5 6 7 8 9 10 ...
 $ Horse.TimeDvByRaceAvg            : num  42.6 53.5 57.5 58.8 54.4 ...
 $ Horse.TimeDvByRaceMax            : num  62 57.7 62.2 58.8 61.4 ...
 $ Horse.RunCount                   : int  15 4 3 1 9 10 3 4 5 17 ...
 $ Horse.HitCount1                  : int  0 0 0 0 0 0 0 0 1 0 ...
 $ Horse.HitCount2                  : int  1 0 0 0 0 2 1 0 1 0 ...
 $ Horse.HitCount3                  : int  0 0 1 1 2 1 0 0 0 1 ...
 $ Horse.HitCount4                  : int  1 1 0 0 1 0 0 1 0 2 ...
 $ Horse.HitCount5                  : int  1 1 1 0 2 1 1 0 0 2 ...
 $ Horse.HitRate1                   : num  0 0 0 0 0 0 0 0 0.2 0 ...
 $ Horse.HitRate2                   : num  0.0667 0 0 0 0 ...
 $ Horse.HitRate3                   : num  0 0 0.333 1 0.222 ...
 $ Horse.HitRate4                   : num  0.0667 0.25 0 0 0.1111 ...
 $ Horse.HitRate5                   : num  0.0667 0.25 0.3333 0 0.2222 ...
 $ EOF                              : int  1 1 1 1 1 1 1 1 1 1 ...
[1] "2022-02-06 21:14:10 --- na.omit Finish ---"
[1] "2022-02-06 21:14:10 --- rxGlm with rxStepControl Start ---"
[1] "2022-02-06 21:14:10 --- source_logic_glm.R Start ---"
[1] "2022-02-06 21:14:10 --- source_logic_glm.R Finished ---"
Rows Read: 31564, Total Rows Processed: 31564, Total Chunk Time: 0.004 seconds 

Starting values (iteration 1) time: 0.014 secs.
Rows Read: 31564, Total Rows Processed: 31564, Total Chunk Time: 0.004 seconds 

Iteration 2 time: 0.009 secs.
Rows Read: 31564, Total Rows Processed: 31564, Total Chunk Time: 0.007 seconds 

Iteration 3 time: 0.016 secs.
Rows Read: 31564, Total Rows Processed: 31564, Total Chunk Time: 0.006 seconds 

Iteration 4 time: 0.014 secs.
Rows Read: 31564, Total Rows Processed: 31564, Total Chunk Time: 0.010 seconds 

Iteration 5 time: 0.017 secs.
Rows Read: 31564, Total Rows Processed: 31564, Total Chunk Time: 0.004 seconds 

Iteration 6 time: 0.006 secs.
Rows Read: 31564, Total Rows Processed: 31564, Total Chunk Time: 0.004 seconds 

Iteration 7 time: 0.007 secs.

Elapsed computation time: 0.106 secs.
Rows Read: 31564, Total Rows Processed: 31564, Total Chunk Time: 0.004 seconds 

Starting values (iteration 1) time: 0.015 secs.
Rows Read: 31564, Total Rows Processed: 31564, Total Chunk Time: 0.004 seconds 

Iteration 2 time: 0.011 secs.
Rows Read: 31564, Total Rows Processed: 31564, Total Chunk Time: 0.004 seconds 

Iteration 3 time: 0.007 secs.
Rows Read: 31564, Total Rows Processed: 31564, Total Chunk Time: 0.004 seconds 

Iteration 4 time: 0.008 secs.
Rows Read: 31564, Total Rows Processed: 31564, Total Chunk Time: 0.003 seconds 

Iteration 5 time: 0.007 secs.
Rows Read: 31564, Total Rows Processed: 31564, Total Chunk Time: 0.004 seconds 

Iteration 6 time: 0.008 secs.
Rows Read: 31564, Total Rows Processed: 31564, Total Chunk Time: 0.004 seconds 

Iteration 7 time: 0.009 secs.

Elapsed computation time: 0.088 secs.
Rows Read: 31564, Total Rows Processed: 31564, Total Chunk Time: 0.003 seconds 

Starting values (iteration 1) time: 0.013 secs.
Rows Read: 31564, Total Rows Processed: 31564, Total Chunk Time: 0.006 seconds 

Iteration 2 time: 0.011 secs.
Rows Read: 31564, Total Rows Processed: 31564, Total Chunk Time: 0.005 seconds 

Iteration 3 time: 0.009 secs.
Rows Read: 31564, Total Rows Processed: 31564, Total Chunk Time: 0.004 seconds 

Iteration 4 time: 0.007 secs.
Rows Read: 31564, Total Rows Processed: 31564, Total Chunk Time: 0.005 seconds 

Iteration 5 time: 0.007 secs.
Rows Read: 31564, Total Rows Processed: 31564, Total Chunk Time: 0.004 seconds 

Iteration 6 time: 0.007 secs.

Elapsed computation time: 0.071 secs.
Rows Read: 31564, Total Rows Processed: 31564, Total Chunk Time: 0.004 seconds 

Starting values (iteration 1) time: 0.017 secs.
Rows Read: 31564, Total Rows Processed: 31564, Total Chunk Time: 0.006 seconds 

Iteration 2 time: 0.014 secs.
Rows Read: 31564, Total Rows Processed: 31564, Total Chunk Time: 0.004 seconds 

Iteration 3 time: 0.006 secs.
Rows Read: 31564, Total Rows Processed: 31564, Total Chunk Time: 0.004 seconds 

Iteration 4 time: 0.008 secs.
Rows Read: 31564, Total Rows Processed: 31564, Total Chunk Time: 0.007 seconds 

Iteration 5 time: 0.013 secs.
Rows Read: 31564, Total Rows Processed: 31564, Total Chunk Time: 0.005 seconds 

Iteration 6 time: 0.008 secs.
Rows Read: 31564, Total Rows Processed: 31564, Total Chunk Time: 0.005 seconds 

Iteration 7 time: 0.009 secs.

Elapsed computation time: 0.098 secs.

Elapsed computation time: 0.388 secs.
[1] "analyze.results.glm.step="
Generalized Linear Model Results for: RaceHorse.IsHitA ~
    Horse.TimeDvByRaceAvg + Horse.HitRate1
Data: data
Dependent variable(s): RaceHorse.IsHitA
Total independent variables: 3 
Number of valid observations: 31564
Number of missing observations: 0 
Family-link: binomial-logit 
 
 
Coefficients:
                      RaceHorse.IsHitA
(Intercept)                      -11.0
Horse.TimeDvByRaceAvg              0.2
Horse.HitRate1                    -0.3
[1] "analyze.results.glm.step.summary"
Call:
rxGlm(formula = form, data = data, family = binomial(), variableSelection = analyze.results.glm.step.varsel)

Generalized Linear Model Results for: RaceHorse.IsHitA ~
    Horse.TimeDvByRaceAvg + Horse.HitRate1
Data: data
Dependent variable(s): RaceHorse.IsHitA
Total independent variables: 3 
Number of valid observations: 31564
Number of missing observations: 0 
Family-link: binomial-logit 
 
Residual deviance: 15384.39 (on 31561 degrees of freedom)
 
Coefficients:
                       Estimate Std. Error z value Pr(>|z|)    
(Intercept)           -11.04110    0.26663  -41.41  2.2e-16 ***
Horse.TimeDvByRaceAvg   0.16241    0.00493   32.92  2.2e-16 ***
Horse.HitRate1         -0.29194    0.18474   -1.58     0.11    
---
Signif. codes:  0 '***' 0.001 '**' 0.01 '*' 0.05 '.' 0.1 ' ' 1

(Dispersion parameter for binomial family taken to be 1)

Condition number of final variance-covariance matrix: 2 
Number of iterations: 7
[1] "2022-02-06 21:14:11 --- rxGlm with rxStepControl Finish ---"
[1] "2022-02-06 21:14:11 --- rxStepPlot Start ---"
[1] "pdfFilename=pdf_analyze_glm_Horse_Type24_rxStepPlot.pdf"
[1] "rxStepPlot="
[1] "2022-02-06 21:14:11 --- rxStepPlot Finish ---"
[1] "2022-02-06 21:14:11 --- save.image Start ---"
[1] "save.image"
[1] "rdataFilename=RData_analyze_glm_Horse_Type24.RData"
[1] "2022-02-06 21:14:13 --- save.image Finish ---"
[1] "2022-02-06 21:14:13 --- final Start ---"
[1] "nrow(data) final=31564"
[1] "2022-02-06 21:14:13 --- final Finish ---"
[1] "2022-02-06 21:14:13 --- analyze_glm.R Finished ---"
[1] "2022-02-06 21:14:13 --- log Finish ---"
