[1] "2022-02-14 14:50:39 --- D1115_analyze_glm_Gen01_IsHitA_Type15 Start ---"
[1] "2022-02-14 14:50:39 --- Log Start ---"
[1] "2022-02-14 14:50:40 --- analyze_glm.R Start ---"
[1] "analyzeVersion=D1115"
[1] "analyzeCategory=analyze"
[1] "analyzeType=Gen01"
[1] "analyzeFamily=IsHitA"
[1] "analyzeFunc=glm"
[1] "analyzeTrackTypeCd=1"
[1] "analyzeJyokenCd=5"
[1] "2022-02-14 14:50:40 --- source_function.R Start ---"
[1] "2022-02-14 14:50:40 --- source_function.R Finished ---"

> print(paste0(Sys.time(), " --- source_library.R Start ---"))
[1] "2022-02-14 14:50:40 --- source_library.R Start ---"

> require("RevoScaleR")

> print(paste0(Sys.time(), " --- source_library.R Finished ---"))
[1] "2022-02-14 14:50:40 --- source_library.R Finished ---"
[1] "2022-02-14 14:50:40 --- RxSqlServerData Start ---"
[1] "2022-02-14 14:50:40 --- RxInSqlServer Start ---"
[1] "2022-02-14 14:50:41 --- RxInSqlServer Finish ---"
[1] "2022-02-14 14:50:41 --- rxSetComputeContext Start ---"
[1] "2022-02-14 14:50:41 --- rxSetComputeContext Finish ---"
[1] "2022-02-14 14:50:41 --- RxSqlServerData Start ---"
[1] "sqlQuery=SELECT * FROM ViewAnalyzeD1115analyze01Gen01Type15"
[1] "2022-02-14 14:50:41 --- RxSqlServerData Finish ---"
[1] "2022-02-14 14:50:41 --- rxGetVarInfo Start ---"
[1] "2022-02-14 14:50:41 --- rxGetVarInfo Finish---"
[1] "2022-02-14 14:50:41 --- rxImport Start ---"
Rows Read: 44690, Total Rows Processed: 44690, Total Chunk Time: 3007.590 seconds 
[1] "2022-02-14 16:27:17 --- rxImport Finish ---"
[1] "object.size(data) auto=9.7 Mb"
[1] "--------------------------------------------------------------------------------"
[1] "nrow(data) RxSqlServerData=44690"
[1] "--------------------------------------------------------------------------------"
[1] "str(data)="
'data.frame':	44690 obs. of  41 variables:
 $ Race.RaceId                      : Factor w/ 3002 levels "20160423-08-03-01-04",..: 2 2 2 2 2 2 2 2 2 2 ...
 $ Race.IsPredictedRace             : logi  TRUE TRUE TRUE TRUE TRUE TRUE ...
 $ Race.IsAnalyzeNormalPastAndFuture: logi  TRUE TRUE TRUE TRUE TRUE TRUE ...
 $ Race.IsAnalyzeNormalPast         : logi  TRUE TRUE TRUE TRUE TRUE TRUE ...
 $ Race.IsAnalyzeNormalFuture       : logi  FALSE FALSE FALSE FALSE FALSE FALSE ...
 $ Race.IsAnalyzeFullPastAndFuture  : logi  TRUE TRUE TRUE TRUE TRUE TRUE ...
 $ Race.IsAnalyzeFullPast           : logi  TRUE TRUE TRUE TRUE TRUE TRUE ...
 $ Race.IsAnalyzeFullFuture         : logi  FALSE FALSE FALSE FALSE FALSE FALSE ...
 $ Race.JyokenCd                    : Factor w/ 1 level "5": 1 1 1 1 1 1 1 1 1 1 ...
 $ Race.JyoType1Cd                  : Factor w/ 182 levels "1-08-1800-1",..: 2 2 2 2 2 2 2 2 2 2 ...
 $ Race.RaceType0Cd                 : Factor w/ 290 levels "1-08-1800-1-5-X-12",..: 2 2 2 2 2 2 2 2 2 2 ...
 $ Race.RaceType1Cd                 : Factor w/ 1 level "1-5-X": 1 1 1 1 1 1 1 1 1 1 ...
 $ Race.RaceType2Cd                 : Factor w/ 1 level "1-5-X": 1 1 1 1 1 1 1 1 1 1 ...
 $ Race.RaceType3Cd                 : Factor w/ 2 levels "5-X-12","5-X-11": 1 1 1 1 1 1 1 1 1 1 ...
 $ Race.RaceType4Cd                 : Factor w/ 2 levels "1-5-12","1-5-11": 1 1 1 1 1 1 1 1 1 1 ...
 $ RaceHorse.RaceId                 : Factor w/ 3002 levels "20160423-08-03-01-04",..: 2 2 2 2 2 2 2 2 2 2 ...
 $ RaceHorse.KettoNum               : Factor w/ 16702 levels "2013101466","2013102049",..: 11 12 13 14 15 16 17 18 19 20 ...
 $ RaceHorse.IsHit1                 : int  0 0 0 0 0 0 0 0 0 0 ...
 $ RaceHorse.IsHit2                 : int  0 0 0 0 0 0 0 0 0 0 ...
 $ RaceHorse.IsHit3                 : int  0 0 0 1 0 0 0 0 0 0 ...
 $ RaceHorse.IsHit4                 : int  0 0 0 0 0 0 0 0 0 0 ...
 $ RaceHorse.IsHit5                 : int  0 0 0 0 0 0 0 0 0 0 ...
 $ RaceHorse.IsHit6                 : int  1 1 1 0 1 1 1 1 1 1 ...
 $ RaceHorse.IsValidRaceHorse       : logi  TRUE TRUE TRUE TRUE TRUE TRUE ...
 $ RaceHorse.IsHitA                 : int  0 0 0 0 0 0 0 0 0 0 ...
 $ RaceHorse.IsHitB                 : int  0 0 0 0 0 0 0 0 0 0 ...
 $ RaceHorse.IsHitC                 : int  0 0 0 1 0 0 0 0 0 0 ...
 $ Gen01.HansyokuNum                : Factor w/ 471 levels "11201872","11201964",..: 11 12 13 1 1 1 1 2 14 15 ...
 $ Gen01.TimeDvByRaceAvg            : num  47.8 48.7 48 49.7 49.7 ...
 $ Gen01.RunCount                   : int  156 201 115 341 341 341 341 215 242 117 ...
 $ Gen01.HitCount1                  : int  22 35 21 85 85 85 85 35 50 21 ...
 $ Gen01.HitCount2                  : int  1 0 0 3 3 3 3 2 4 1 ...
 $ Gen01.HitCount3                  : int  1 0 1 4 4 4 4 6 5 2 ...
 $ Gen01.HitCount4                  : int  3 2 2 3 3 3 3 7 5 2 ...
 $ Gen01.HitCount5                  : int  1 8 2 5 5 5 5 3 7 2 ...
 $ Gen01.HitRate1                   : num  0.141 0.174 0.183 0.249 0.249 ...
 $ Gen01.HitRate2                   : num  0.00641 0 0 0.0088 0.0088 ...
 $ Gen01.HitRate3                   : num  0.00641 0 0.0087 0.01173 0.01173 ...
 $ Gen01.HitRate4                   : num  0.01923 0.00995 0.01739 0.0088 0.0088 ...
 $ Gen01.HitRate5                   : num  0.00641 0.0398 0.01739 0.01466 0.01466 ...
 $ EOF                              : int  1 1 1 1 1 1 1 1 1 1 ...
[1] "2022-02-14 16:27:18 --- RxSqlServerData Finish ---"
[1] "2022-02-14 16:27:18 --- subset Start ---"
[1] "--------------------------------------------------------------------------------"
[1] "nrow(data) subset before=44690"
[1] "nrow(data) subset after =36894"
[1] "nrow(data) subset diff =7796"
[1] "--------------------------------------------------------------------------------"
[1] "2022-02-14 16:27:18 --- subset Finish---"
[1] "2022-02-14 16:27:18 --- transform Start ---"
[1] "--------------------------------------------------------------------------------"
[1] "nrow(data) transform before=36894"
[1] "nrow(data) transform after=36894"
[1] "nrow(data) transform diff=0"
[1] "--------------------------------------------------------------------------------"
[1] "str(data)="
'data.frame':	36894 obs. of  41 variables:
 $ Race.RaceId                      : Factor w/ 3002 levels "20160423-08-03-01-04",..: 2 2 2 2 2 2 2 2 2 2 ...
 $ Race.IsPredictedRace             : logi  TRUE TRUE TRUE TRUE TRUE TRUE ...
 $ Race.IsAnalyzeNormalPastAndFuture: logi  TRUE TRUE TRUE TRUE TRUE TRUE ...
 $ Race.IsAnalyzeNormalPast         : logi  TRUE TRUE TRUE TRUE TRUE TRUE ...
 $ Race.IsAnalyzeNormalFuture       : logi  FALSE FALSE FALSE FALSE FALSE FALSE ...
 $ Race.IsAnalyzeFullPastAndFuture  : logi  TRUE TRUE TRUE TRUE TRUE TRUE ...
 $ Race.IsAnalyzeFullPast           : logi  TRUE TRUE TRUE TRUE TRUE TRUE ...
 $ Race.IsAnalyzeFullFuture         : logi  FALSE FALSE FALSE FALSE FALSE FALSE ...
 $ Race.JyokenCd                    : Factor w/ 1 level "5": 1 1 1 1 1 1 1 1 1 1 ...
 $ Race.JyoType1Cd                  : Factor w/ 182 levels "1-08-1800-1",..: 2 2 2 2 2 2 2 2 2 2 ...
 $ Race.RaceType0Cd                 : Factor w/ 290 levels "1-08-1800-1-5-X-12",..: 2 2 2 2 2 2 2 2 2 2 ...
 $ Race.RaceType1Cd                 : Factor w/ 1 level "1-5-X": 1 1 1 1 1 1 1 1 1 1 ...
 $ Race.RaceType2Cd                 : Factor w/ 1 level "1-5-X": 1 1 1 1 1 1 1 1 1 1 ...
 $ Race.RaceType3Cd                 : Factor w/ 2 levels "5-X-12","5-X-11": 1 1 1 1 1 1 1 1 1 1 ...
 $ Race.RaceType4Cd                 : Factor w/ 2 levels "1-5-12","1-5-11": 1 1 1 1 1 1 1 1 1 1 ...
 $ RaceHorse.RaceId                 : Factor w/ 3002 levels "20160423-08-03-01-04",..: 2 2 2 2 2 2 2 2 2 2 ...
 $ RaceHorse.KettoNum               : Factor w/ 16702 levels "2013101466","2013102049",..: 11 12 13 14 15 16 17 18 19 20 ...
 $ RaceHorse.IsHit1                 : int  0 0 0 0 0 0 0 0 0 0 ...
 $ RaceHorse.IsHit2                 : int  0 0 0 0 0 0 0 0 0 0 ...
 $ RaceHorse.IsHit3                 : int  0 0 0 1 0 0 0 0 0 0 ...
 $ RaceHorse.IsHit4                 : int  0 0 0 0 0 0 0 0 0 0 ...
 $ RaceHorse.IsHit5                 : int  0 0 0 0 0 0 0 0 0 0 ...
 $ RaceHorse.IsHit6                 : int  1 1 1 0 1 1 1 1 1 1 ...
 $ RaceHorse.IsValidRaceHorse       : logi  TRUE TRUE TRUE TRUE TRUE TRUE ...
 $ RaceHorse.IsHitA                 : int  0 0 0 0 0 0 0 0 0 0 ...
 $ RaceHorse.IsHitB                 : int  0 0 0 0 0 0 0 0 0 0 ...
 $ RaceHorse.IsHitC                 : int  0 0 0 1 0 0 0 0 0 0 ...
 $ Gen01.HansyokuNum                : Factor w/ 471 levels "11201872","11201964",..: 11 12 13 1 1 1 1 2 14 15 ...
 $ Gen01.TimeDvByRaceAvg            : num  47.8 48.7 48 49.7 49.7 ...
 $ Gen01.RunCount                   : int  156 201 115 341 341 341 341 215 242 117 ...
 $ Gen01.HitCount1                  : int  22 35 21 85 85 85 85 35 50 21 ...
 $ Gen01.HitCount2                  : int  1 0 0 3 3 3 3 2 4 1 ...
 $ Gen01.HitCount3                  : int  1 0 1 4 4 4 4 6 5 2 ...
 $ Gen01.HitCount4                  : int  3 2 2 3 3 3 3 7 5 2 ...
 $ Gen01.HitCount5                  : int  1 8 2 5 5 5 5 3 7 2 ...
 $ Gen01.HitRate1                   : num  0.141 0.174 0.183 0.249 0.249 ...
 $ Gen01.HitRate2                   : num  0.00641 0 0 0.0088 0.0088 ...
 $ Gen01.HitRate3                   : num  0.00641 0 0.0087 0.01173 0.01173 ...
 $ Gen01.HitRate4                   : num  0.01923 0.00995 0.01739 0.0088 0.0088 ...
 $ Gen01.HitRate5                   : num  0.00641 0.0398 0.01739 0.01466 0.01466 ...
 $ EOF                              : int  1 1 1 1 1 1 1 1 1 1 ...
NULL
[1] "2022-02-14 16:27:19 --- transform Finish ---"
[1] "2022-02-14 16:27:19 --- na.omit Start ---"
[1] "--------------------------------------------------------------------------------"
[1] "nrow(data) na.omit before=36894"
[1] "nrow(data) na.omit after =36894"
[1] "nrow(data) na.omit diff =0"
[1] "--------------------------------------------------------------------------------"
'data.frame':	36894 obs. of  41 variables:
 $ Race.RaceId                      : Factor w/ 3002 levels "20160423-08-03-01-04",..: 2 2 2 2 2 2 2 2 2 2 ...
 $ Race.IsPredictedRace             : logi  TRUE TRUE TRUE TRUE TRUE TRUE ...
 $ Race.IsAnalyzeNormalPastAndFuture: logi  TRUE TRUE TRUE TRUE TRUE TRUE ...
 $ Race.IsAnalyzeNormalPast         : logi  TRUE TRUE TRUE TRUE TRUE TRUE ...
 $ Race.IsAnalyzeNormalFuture       : logi  FALSE FALSE FALSE FALSE FALSE FALSE ...
 $ Race.IsAnalyzeFullPastAndFuture  : logi  TRUE TRUE TRUE TRUE TRUE TRUE ...
 $ Race.IsAnalyzeFullPast           : logi  TRUE TRUE TRUE TRUE TRUE TRUE ...
 $ Race.IsAnalyzeFullFuture         : logi  FALSE FALSE FALSE FALSE FALSE FALSE ...
 $ Race.JyokenCd                    : Factor w/ 1 level "5": 1 1 1 1 1 1 1 1 1 1 ...
 $ Race.JyoType1Cd                  : Factor w/ 182 levels "1-08-1800-1",..: 2 2 2 2 2 2 2 2 2 2 ...
 $ Race.RaceType0Cd                 : Factor w/ 290 levels "1-08-1800-1-5-X-12",..: 2 2 2 2 2 2 2 2 2 2 ...
 $ Race.RaceType1Cd                 : Factor w/ 1 level "1-5-X": 1 1 1 1 1 1 1 1 1 1 ...
 $ Race.RaceType2Cd                 : Factor w/ 1 level "1-5-X": 1 1 1 1 1 1 1 1 1 1 ...
 $ Race.RaceType3Cd                 : Factor w/ 2 levels "5-X-12","5-X-11": 1 1 1 1 1 1 1 1 1 1 ...
 $ Race.RaceType4Cd                 : Factor w/ 2 levels "1-5-12","1-5-11": 1 1 1 1 1 1 1 1 1 1 ...
 $ RaceHorse.RaceId                 : Factor w/ 3002 levels "20160423-08-03-01-04",..: 2 2 2 2 2 2 2 2 2 2 ...
 $ RaceHorse.KettoNum               : Factor w/ 16702 levels "2013101466","2013102049",..: 11 12 13 14 15 16 17 18 19 20 ...
 $ RaceHorse.IsHit1                 : int  0 0 0 0 0 0 0 0 0 0 ...
 $ RaceHorse.IsHit2                 : int  0 0 0 0 0 0 0 0 0 0 ...
 $ RaceHorse.IsHit3                 : int  0 0 0 1 0 0 0 0 0 0 ...
 $ RaceHorse.IsHit4                 : int  0 0 0 0 0 0 0 0 0 0 ...
 $ RaceHorse.IsHit5                 : int  0 0 0 0 0 0 0 0 0 0 ...
 $ RaceHorse.IsHit6                 : int  1 1 1 0 1 1 1 1 1 1 ...
 $ RaceHorse.IsValidRaceHorse       : logi  TRUE TRUE TRUE TRUE TRUE TRUE ...
 $ RaceHorse.IsHitA                 : int  0 0 0 0 0 0 0 0 0 0 ...
 $ RaceHorse.IsHitB                 : int  0 0 0 0 0 0 0 0 0 0 ...
 $ RaceHorse.IsHitC                 : int  0 0 0 1 0 0 0 0 0 0 ...
 $ Gen01.HansyokuNum                : Factor w/ 471 levels "11201872","11201964",..: 11 12 13 1 1 1 1 2 14 15 ...
 $ Gen01.TimeDvByRaceAvg            : num  47.8 48.7 48 49.7 49.7 ...
 $ Gen01.RunCount                   : int  156 201 115 341 341 341 341 215 242 117 ...
 $ Gen01.HitCount1                  : int  22 35 21 85 85 85 85 35 50 21 ...
 $ Gen01.HitCount2                  : int  1 0 0 3 3 3 3 2 4 1 ...
 $ Gen01.HitCount3                  : int  1 0 1 4 4 4 4 6 5 2 ...
 $ Gen01.HitCount4                  : int  3 2 2 3 3 3 3 7 5 2 ...
 $ Gen01.HitCount5                  : int  1 8 2 5 5 5 5 3 7 2 ...
 $ Gen01.HitRate1                   : num  0.141 0.174 0.183 0.249 0.249 ...
 $ Gen01.HitRate2                   : num  0.00641 0 0 0.0088 0.0088 ...
 $ Gen01.HitRate3                   : num  0.00641 0 0.0087 0.01173 0.01173 ...
 $ Gen01.HitRate4                   : num  0.01923 0.00995 0.01739 0.0088 0.0088 ...
 $ Gen01.HitRate5                   : num  0.00641 0.0398 0.01739 0.01466 0.01466 ...
 $ EOF                              : int  1 1 1 1 1 1 1 1 1 1 ...
[1] "2022-02-14 16:27:20 --- na.omit Finish ---"
[1] "2022-02-14 16:27:20 --- rxGlm with rxStepControl Start ---"
[1] "2022-02-14 16:27:20 --- source_logic_glm.R Start ---"
[1] "2022-02-14 16:27:20 --- source_logic_glm.R Finished ---"
Rows Read: 36894, Total Rows Processed: 36894, Total Chunk Time: 0.002 seconds 

Starting values (iteration 1) time: 0.020 secs.
Rows Read: 36894, Total Rows Processed: 36894, Total Chunk Time: 0.003 seconds 

Iteration 2 time: 0.011 secs.
Rows Read: 36894, Total Rows Processed: 36894, Total Chunk Time: 0.004 seconds 

Iteration 3 time: 0.006 secs.
Rows Read: 36894, Total Rows Processed: 36894, Total Chunk Time: 0.003 seconds 

Iteration 4 time: 0.007 secs.
Rows Read: 36894, Total Rows Processed: 36894, Total Chunk Time: 0.003 seconds 

Iteration 5 time: 0.007 secs.

Elapsed computation time: 0.075 secs.
Rows Read: 36894, Total Rows Processed: 36894, Total Chunk Time: 0.001 seconds 

Starting values (iteration 1) time: 0.014 secs.
Rows Read: 36894, Total Rows Processed: 36894, Total Chunk Time: 0.003 seconds 

Iteration 2 time: 0.011 secs.

Elapsed computation time: 0.038 secs.
Rows Read: 36894, Total Rows Processed: 36894, Total Chunk Time: 0.001 seconds 

Starting values (iteration 1) time: 0.015 secs.
Rows Read: 36894, Total Rows Processed: 36894, Total Chunk Time: 0.003 seconds 

Iteration 2 time: 0.012 secs.
Rows Read: 36894, Total Rows Processed: 36894, Total Chunk Time: 0.003 seconds 

Iteration 3 time: 0.007 secs.
Rows Read: 36894, Total Rows Processed: 36894, Total Chunk Time: 0.004 seconds 

Iteration 4 time: 0.007 secs.
Rows Read: 36894, Total Rows Processed: 36894, Total Chunk Time: 0.003 seconds 

Iteration 5 time: 0.007 secs.

Elapsed computation time: 0.074 secs.

Elapsed computation time: 0.212 secs.
[1] "analyze.results.glm.step="
Logistic Regression Results for: RaceHorse.IsHitA ~ Gen01.HitRate1
Data: data
Dependent variable(s): RaceHorse.IsHitA
Total independent variables: 2 
Number of valid observations: 36894
Number of missing observations: 0 
 
Coefficients:
               RaceHorse.IsHitA
(Intercept)                  -3
Gen01.HitRate1                3
[1] "analyze.results.glm.step.summary"
Call:
rxLogit(formula = form, data = data, variableSelection = analyze.results.glm.step.varsel)

Logistic Regression Results for: RaceHorse.IsHitA ~ Gen01.HitRate1
Data: data
Dependent variable(s): RaceHorse.IsHitA
Total independent variables: 2 
Number of valid observations: 36894
Number of missing observations: 0 
-2*LogLikelihood: 17797.249 (Residual deviance on 36892 degrees of freedom)
 
Coefficients:
               Estimate Std. Error z value Pr(>|z|)    
(Intercept)     -3.2378     0.0418   -77.4  2.2e-16 ***
Gen01.HitRate1   3.0481     0.1695    18.0  2.2e-16 ***
---
Signif. codes:  0 '***' 0.001 '**' 0.01 '*' 0.05 '.' 0.1 ' ' 1

Condition number of final variance-covariance matrix: 1 
Number of iterations: 5
[1] "2022-02-14 16:27:20 --- rxGlm with rxStepControl Finish ---"
[1] "2022-02-14 16:27:20 --- rxStepPlot Start ---"
[1] "pdfFilename=pdf_analyze_glm_Gen01_Type15_rxStepPlot.pdf"
[1] "rxStepPlot="
[1] "2022-02-14 16:27:20 --- rxStepPlot Finish ---"
[1] "2022-02-14 16:27:20 --- save.image Start ---"
[1] "save.image"
[1] "rdataFilename=RData_analyze_glm_Gen01_Type15.RData"
[1] "2022-02-14 16:27:20 --- save.image Finish ---"
[1] "2022-02-14 16:27:20 --- final Start ---"
[1] "--------------------------------------------------------------------------------"
[1] "nrow(data) final=36894"
[1] "--------------------------------------------------------------------------------"
[1] "2022-02-14 16:27:21 --- final Finish ---"
[1] "2022-02-14 16:27:21 --- analyze_glm.R Finished ---"
[1] "2022-02-14 16:27:21 --- log Finish ---"
