[1] "2022-02-14 14:51:08 --- D1115_analyze_glm_Jockey_IsHitA_Type23 Start ---"
[1] "2022-02-14 14:51:08 --- Log Start ---"
[1] "2022-02-14 14:51:08 --- analyze_glm.R Start ---"
[1] "analyzeVersion=D1115"
[1] "analyzeCategory=analyze"
[1] "analyzeType=Jockey"
[1] "analyzeFamily=IsHitA"
[1] "analyzeFunc=glm"
[1] "analyzeTrackTypeCd=2"
[1] "analyzeJyokenCd=3"
[1] "2022-02-14 14:51:08 --- source_function.R Start ---"
[1] "2022-02-14 14:51:08 --- source_function.R Finished ---"

> print(paste0(Sys.time(), " --- source_library.R Start ---"))
[1] "2022-02-14 14:51:08 --- source_library.R Start ---"

> require("RevoScaleR")

> print(paste0(Sys.time(), " --- source_library.R Finished ---"))
[1] "2022-02-14 14:51:09 --- source_library.R Finished ---"
[1] "2022-02-14 14:51:09 --- RxSqlServerData Start ---"
[1] "2022-02-14 14:51:09 --- RxInSqlServer Start ---"
[1] "2022-02-14 14:51:09 --- RxInSqlServer Finish ---"
[1] "2022-02-14 14:51:09 --- rxSetComputeContext Start ---"
[1] "2022-02-14 14:51:09 --- rxSetComputeContext Finish ---"
[1] "2022-02-14 14:51:09 --- RxSqlServerData Start ---"
[1] "sqlQuery=SELECT * FROM ViewAnalyzeD1115analyze01JockeyType23"
[1] "2022-02-14 14:51:09 --- RxSqlServerData Finish ---"
[1] "2022-02-14 14:51:09 --- rxGetVarInfo Start ---"
[1] "2022-02-14 14:51:10 --- rxGetVarInfo Finish---"
[1] "2022-02-14 14:51:10 --- rxImport Start ---"
Rows Read: 18754, Total Rows Processed: 18754, Total Chunk Time: 203.817 seconds 
[1] "2022-02-14 14:58:03 --- rxImport Finish ---"
[1] "object.size(data) auto=3.9 Mb"
[1] "--------------------------------------------------------------------------------"
[1] "nrow(data) RxSqlServerData=18754"
[1] "--------------------------------------------------------------------------------"
[1] "str(data)="
'data.frame':	18754 obs. of  41 variables:
 $ Race.RaceId                      : Factor w/ 1284 levels "20160105-06-01-01-08",..: 1 1 1 1 1 1 1 1 1 1 ...
 $ Race.IsPredictedRace             : logi  TRUE TRUE TRUE TRUE TRUE TRUE ...
 $ Race.IsAnalyzeNormalPastAndFuture: logi  TRUE TRUE TRUE TRUE TRUE TRUE ...
 $ Race.IsAnalyzeNormalPast         : logi  TRUE TRUE TRUE TRUE TRUE TRUE ...
 $ Race.IsAnalyzeNormalFuture       : logi  FALSE FALSE FALSE FALSE FALSE FALSE ...
 $ Race.IsAnalyzeFullPastAndFuture  : logi  TRUE TRUE TRUE TRUE TRUE TRUE ...
 $ Race.IsAnalyzeFullPast           : logi  TRUE TRUE TRUE TRUE TRUE TRUE ...
 $ Race.IsAnalyzeFullFuture         : logi  FALSE FALSE FALSE FALSE FALSE FALSE ...
 $ Race.JyokenCd                    : Factor w/ 1 level "3": 1 1 1 1 1 1 1 1 1 1 ...
 $ Race.JyoType1Cd                  : Factor w/ 112 levels "2-06-1200-1",..: 1 1 1 1 1 1 1 1 1 1 ...
 $ Race.RaceType0Cd                 : Factor w/ 281 levels "2-06-1200-1-3-X-14",..: 1 1 1 1 1 1 1 1 1 1 ...
 $ Race.RaceType1Cd                 : Factor w/ 2 levels "2-3-X","2-3-E": 1 1 1 1 1 1 1 1 1 1 ...
 $ Race.RaceType2Cd                 : Factor w/ 2 levels "2-3-X","2-3-E": 1 1 1 1 1 1 1 1 1 1 ...
 $ Race.RaceType3Cd                 : Factor w/ 4 levels "3-X-14","3-E-14",..: 1 1 1 1 1 1 1 1 1 1 ...
 $ Race.RaceType4Cd                 : Factor w/ 2 levels "2-3-14","2-3-13": 1 1 1 1 1 1 1 1 1 1 ...
 $ RaceHorse.RaceId                 : Factor w/ 1284 levels "20160105-06-01-01-08",..: 1 1 1 1 1 1 1 1 1 1 ...
 $ RaceHorse.KettoNum               : Factor w/ 3881 levels "2009101967","2009103618",..: 1 2 3 4 5 6 7 8 9 10 ...
 $ RaceHorse.IsHit1                 : int  0 0 0 0 0 0 0 0 0 0 ...
 $ RaceHorse.IsHit2                 : int  0 0 0 0 0 0 0 0 0 0 ...
 $ RaceHorse.IsHit3                 : int  0 0 0 0 0 0 0 0 0 1 ...
 $ RaceHorse.IsHit4                 : int  1 0 0 0 0 0 0 0 0 0 ...
 $ RaceHorse.IsHit5                 : int  0 0 0 0 0 0 0 1 0 0 ...
 $ RaceHorse.IsHit6                 : int  0 1 1 1 1 1 1 0 1 0 ...
 $ RaceHorse.IsValidRaceHorse       : logi  TRUE TRUE TRUE TRUE TRUE TRUE ...
 $ RaceHorse.IsHitA                 : int  0 0 0 0 0 0 0 0 0 0 ...
 $ RaceHorse.IsHitB                 : int  0 0 0 0 0 0 0 0 0 0 ...
 $ RaceHorse.IsHitC                 : int  0 0 0 0 0 0 0 0 0 1 ...
 $ Jockey.KisyuCode                 : Factor w/ 178 levels "01117","01096",..: 1 2 3 4 5 6 7 8 9 10 ...
 $ Jockey.TimeDvByRaceAvg           : num  50.1 51 49.7 51.8 50.4 ...
 $ Jockey.RunCount                  : int  8 15 17 16 22 3 6 25 28 18 ...
 $ Jockey.HitCount1                 : int  0 1 1 2 2 0 0 4 5 0 ...
 $ Jockey.HitCount2                 : int  1 0 2 0 2 0 0 3 2 1 ...
 $ Jockey.HitCount3                 : int  2 1 0 3 1 0 0 1 2 2 ...
 $ Jockey.HitCount4                 : int  0 2 1 1 0 0 0 0 2 1 ...
 $ Jockey.HitCount5                 : int  0 0 1 0 1 0 0 4 3 2 ...
 $ Jockey.HitRate1                  : num  0 0.0667 0.0588 0.125 0.0909 ...
 $ Jockey.HitRate2                  : num  0.125 0 0.1176 0 0.0909 ...
 $ Jockey.HitRate3                  : num  0.25 0.0667 0 0.1875 0.0455 ...
 $ Jockey.HitRate4                  : num  0 0.1333 0.0588 0.0625 0 ...
 $ Jockey.HitRate5                  : num  0 0 0.0588 0 0.0455 ...
 $ EOF                              : int  1 1 1 1 1 1 1 1 1 1 ...
[1] "2022-02-14 14:58:03 --- RxSqlServerData Finish ---"
[1] "2022-02-14 14:58:03 --- subset Start ---"
[1] "--------------------------------------------------------------------------------"
[1] "nrow(data) subset before=18754"
[1] "nrow(data) subset after =14877"
[1] "nrow(data) subset diff =3877"
[1] "--------------------------------------------------------------------------------"
[1] "2022-02-14 14:58:03 --- subset Finish---"
[1] "2022-02-14 14:58:03 --- transform Start ---"
[1] "--------------------------------------------------------------------------------"
[1] "nrow(data) transform before=14877"
[1] "nrow(data) transform after=14877"
[1] "nrow(data) transform diff=0"
[1] "--------------------------------------------------------------------------------"
[1] "str(data)="
'data.frame':	14877 obs. of  41 variables:
 $ Race.RaceId                      : Factor w/ 1284 levels "20160105-06-01-01-08",..: 1 1 1 1 1 1 1 1 1 1 ...
 $ Race.IsPredictedRace             : logi  TRUE TRUE TRUE TRUE TRUE TRUE ...
 $ Race.IsAnalyzeNormalPastAndFuture: logi  TRUE TRUE TRUE TRUE TRUE TRUE ...
 $ Race.IsAnalyzeNormalPast         : logi  TRUE TRUE TRUE TRUE TRUE TRUE ...
 $ Race.IsAnalyzeNormalFuture       : logi  FALSE FALSE FALSE FALSE FALSE FALSE ...
 $ Race.IsAnalyzeFullPastAndFuture  : logi  TRUE TRUE TRUE TRUE TRUE TRUE ...
 $ Race.IsAnalyzeFullPast           : logi  TRUE TRUE TRUE TRUE TRUE TRUE ...
 $ Race.IsAnalyzeFullFuture         : logi  FALSE FALSE FALSE FALSE FALSE FALSE ...
 $ Race.JyokenCd                    : Factor w/ 1 level "3": 1 1 1 1 1 1 1 1 1 1 ...
 $ Race.JyoType1Cd                  : Factor w/ 112 levels "2-06-1200-1",..: 1 1 1 1 1 1 1 1 1 1 ...
 $ Race.RaceType0Cd                 : Factor w/ 281 levels "2-06-1200-1-3-X-14",..: 1 1 1 1 1 1 1 1 1 1 ...
 $ Race.RaceType1Cd                 : Factor w/ 2 levels "2-3-X","2-3-E": 1 1 1 1 1 1 1 1 1 1 ...
 $ Race.RaceType2Cd                 : Factor w/ 2 levels "2-3-X","2-3-E": 1 1 1 1 1 1 1 1 1 1 ...
 $ Race.RaceType3Cd                 : Factor w/ 4 levels "3-X-14","3-E-14",..: 1 1 1 1 1 1 1 1 1 1 ...
 $ Race.RaceType4Cd                 : Factor w/ 2 levels "2-3-14","2-3-13": 1 1 1 1 1 1 1 1 1 1 ...
 $ RaceHorse.RaceId                 : Factor w/ 1284 levels "20160105-06-01-01-08",..: 1 1 1 1 1 1 1 1 1 1 ...
 $ RaceHorse.KettoNum               : Factor w/ 3881 levels "2009101967","2009103618",..: 1 2 3 4 5 6 7 8 9 10 ...
 $ RaceHorse.IsHit1                 : int  0 0 0 0 0 0 0 0 0 0 ...
 $ RaceHorse.IsHit2                 : int  0 0 0 0 0 0 0 0 0 0 ...
 $ RaceHorse.IsHit3                 : int  0 0 0 0 0 0 0 0 0 1 ...
 $ RaceHorse.IsHit4                 : int  1 0 0 0 0 0 0 0 0 0 ...
 $ RaceHorse.IsHit5                 : int  0 0 0 0 0 0 0 1 0 0 ...
 $ RaceHorse.IsHit6                 : int  0 1 1 1 1 1 1 0 1 0 ...
 $ RaceHorse.IsValidRaceHorse       : logi  TRUE TRUE TRUE TRUE TRUE TRUE ...
 $ RaceHorse.IsHitA                 : int  0 0 0 0 0 0 0 0 0 0 ...
 $ RaceHorse.IsHitB                 : int  0 0 0 0 0 0 0 0 0 0 ...
 $ RaceHorse.IsHitC                 : int  0 0 0 0 0 0 0 0 0 1 ...
 $ Jockey.KisyuCode                 : Factor w/ 178 levels "01117","01096",..: 1 2 3 4 5 6 7 8 9 10 ...
 $ Jockey.TimeDvByRaceAvg           : num  50.1 51 49.7 51.8 50.4 ...
 $ Jockey.RunCount                  : int  8 15 17 16 22 3 6 25 28 18 ...
 $ Jockey.HitCount1                 : int  0 1 1 2 2 0 0 4 5 0 ...
 $ Jockey.HitCount2                 : int  1 0 2 0 2 0 0 3 2 1 ...
 $ Jockey.HitCount3                 : int  2 1 0 3 1 0 0 1 2 2 ...
 $ Jockey.HitCount4                 : int  0 2 1 1 0 0 0 0 2 1 ...
 $ Jockey.HitCount5                 : int  0 0 1 0 1 0 0 4 3 2 ...
 $ Jockey.HitRate1                  : num  0 0.0667 0.0588 0.125 0.0909 ...
 $ Jockey.HitRate2                  : num  0.125 0 0.1176 0 0.0909 ...
 $ Jockey.HitRate3                  : num  0.25 0.0667 0 0.1875 0.0455 ...
 $ Jockey.HitRate4                  : num  0 0.1333 0.0588 0.0625 0 ...
 $ Jockey.HitRate5                  : num  0 0 0.0588 0 0.0455 ...
 $ EOF                              : int  1 1 1 1 1 1 1 1 1 1 ...
NULL
[1] "2022-02-14 14:58:03 --- transform Finish ---"
[1] "2022-02-14 14:58:03 --- na.omit Start ---"
[1] "--------------------------------------------------------------------------------"
[1] "nrow(data) na.omit before=14877"
[1] "nrow(data) na.omit after =14877"
[1] "nrow(data) na.omit diff =0"
[1] "--------------------------------------------------------------------------------"
'data.frame':	14877 obs. of  41 variables:
 $ Race.RaceId                      : Factor w/ 1284 levels "20160105-06-01-01-08",..: 1 1 1 1 1 1 1 1 1 1 ...
 $ Race.IsPredictedRace             : logi  TRUE TRUE TRUE TRUE TRUE TRUE ...
 $ Race.IsAnalyzeNormalPastAndFuture: logi  TRUE TRUE TRUE TRUE TRUE TRUE ...
 $ Race.IsAnalyzeNormalPast         : logi  TRUE TRUE TRUE TRUE TRUE TRUE ...
 $ Race.IsAnalyzeNormalFuture       : logi  FALSE FALSE FALSE FALSE FALSE FALSE ...
 $ Race.IsAnalyzeFullPastAndFuture  : logi  TRUE TRUE TRUE TRUE TRUE TRUE ...
 $ Race.IsAnalyzeFullPast           : logi  TRUE TRUE TRUE TRUE TRUE TRUE ...
 $ Race.IsAnalyzeFullFuture         : logi  FALSE FALSE FALSE FALSE FALSE FALSE ...
 $ Race.JyokenCd                    : Factor w/ 1 level "3": 1 1 1 1 1 1 1 1 1 1 ...
 $ Race.JyoType1Cd                  : Factor w/ 112 levels "2-06-1200-1",..: 1 1 1 1 1 1 1 1 1 1 ...
 $ Race.RaceType0Cd                 : Factor w/ 281 levels "2-06-1200-1-3-X-14",..: 1 1 1 1 1 1 1 1 1 1 ...
 $ Race.RaceType1Cd                 : Factor w/ 2 levels "2-3-X","2-3-E": 1 1 1 1 1 1 1 1 1 1 ...
 $ Race.RaceType2Cd                 : Factor w/ 2 levels "2-3-X","2-3-E": 1 1 1 1 1 1 1 1 1 1 ...
 $ Race.RaceType3Cd                 : Factor w/ 4 levels "3-X-14","3-E-14",..: 1 1 1 1 1 1 1 1 1 1 ...
 $ Race.RaceType4Cd                 : Factor w/ 2 levels "2-3-14","2-3-13": 1 1 1 1 1 1 1 1 1 1 ...
 $ RaceHorse.RaceId                 : Factor w/ 1284 levels "20160105-06-01-01-08",..: 1 1 1 1 1 1 1 1 1 1 ...
 $ RaceHorse.KettoNum               : Factor w/ 3881 levels "2009101967","2009103618",..: 1 2 3 4 5 6 7 8 9 10 ...
 $ RaceHorse.IsHit1                 : int  0 0 0 0 0 0 0 0 0 0 ...
 $ RaceHorse.IsHit2                 : int  0 0 0 0 0 0 0 0 0 0 ...
 $ RaceHorse.IsHit3                 : int  0 0 0 0 0 0 0 0 0 1 ...
 $ RaceHorse.IsHit4                 : int  1 0 0 0 0 0 0 0 0 0 ...
 $ RaceHorse.IsHit5                 : int  0 0 0 0 0 0 0 1 0 0 ...
 $ RaceHorse.IsHit6                 : int  0 1 1 1 1 1 1 0 1 0 ...
 $ RaceHorse.IsValidRaceHorse       : logi  TRUE TRUE TRUE TRUE TRUE TRUE ...
 $ RaceHorse.IsHitA                 : int  0 0 0 0 0 0 0 0 0 0 ...
 $ RaceHorse.IsHitB                 : int  0 0 0 0 0 0 0 0 0 0 ...
 $ RaceHorse.IsHitC                 : int  0 0 0 0 0 0 0 0 0 1 ...
 $ Jockey.KisyuCode                 : Factor w/ 178 levels "01117","01096",..: 1 2 3 4 5 6 7 8 9 10 ...
 $ Jockey.TimeDvByRaceAvg           : num  50.1 51 49.7 51.8 50.4 ...
 $ Jockey.RunCount                  : int  8 15 17 16 22 3 6 25 28 18 ...
 $ Jockey.HitCount1                 : int  0 1 1 2 2 0 0 4 5 0 ...
 $ Jockey.HitCount2                 : int  1 0 2 0 2 0 0 3 2 1 ...
 $ Jockey.HitCount3                 : int  2 1 0 3 1 0 0 1 2 2 ...
 $ Jockey.HitCount4                 : int  0 2 1 1 0 0 0 0 2 1 ...
 $ Jockey.HitCount5                 : int  0 0 1 0 1 0 0 4 3 2 ...
 $ Jockey.HitRate1                  : num  0 0.0667 0.0588 0.125 0.0909 ...
 $ Jockey.HitRate2                  : num  0.125 0 0.1176 0 0.0909 ...
 $ Jockey.HitRate3                  : num  0.25 0.0667 0 0.1875 0.0455 ...
 $ Jockey.HitRate4                  : num  0 0.1333 0.0588 0.0625 0 ...
 $ Jockey.HitRate5                  : num  0 0 0.0588 0 0.0455 ...
 $ EOF                              : int  1 1 1 1 1 1 1 1 1 1 ...
[1] "2022-02-14 14:58:04 --- na.omit Finish ---"
[1] "2022-02-14 14:58:04 --- rxGlm with rxStepControl Start ---"
[1] "2022-02-14 14:58:04 --- source_logic_glm.R Start ---"
[1] "2022-02-14 14:58:04 --- source_logic_glm.R Finished ---"
Rows Read: 14877, Total Rows Processed: 14877, Total Chunk Time: Less than .001 seconds 

Starting values (iteration 1) time: 0.009 secs.
Rows Read: 14877, Total Rows Processed: 14877, Total Chunk Time: 0.004 seconds 

Iteration 2 time: 0.010 secs.
Rows Read: 14877, Total Rows Processed: 14877, Total Chunk Time: 0.002 seconds 

Iteration 3 time: 0.005 secs.
Rows Read: 14877, Total Rows Processed: 14877, Total Chunk Time: Less than .001 seconds 

Iteration 4 time: 0.004 secs.
Rows Read: 14877, Total Rows Processed: 14877, Total Chunk Time: 0.002 seconds 

Iteration 5 time: 0.005 secs.

Elapsed computation time: 0.052 secs.
Rows Read: 14877, Total Rows Processed: 14877, Total Chunk Time: 0.001 seconds 

Starting values (iteration 1) time: 0.006 secs.
Rows Read: 14877, Total Rows Processed: 14877, Total Chunk Time: 0.002 seconds 

Iteration 2 time: 0.006 secs.

Elapsed computation time: 0.022 secs.
Rows Read: 14877, Total Rows Processed: 14877, Total Chunk Time: Less than .001 seconds 

Starting values (iteration 1) time: 0.006 secs.
Rows Read: 14877, Total Rows Processed: 14877, Total Chunk Time: 0.001 seconds 

Iteration 2 time: 0.005 secs.
Rows Read: 14877, Total Rows Processed: 14877, Total Chunk Time: 0.001 seconds 

Iteration 3 time: 0.007 secs.
Rows Read: 14877, Total Rows Processed: 14877, Total Chunk Time: 0.002 seconds 

Iteration 4 time: 0.005 secs.
Rows Read: 14877, Total Rows Processed: 14877, Total Chunk Time: Less than .001 seconds 

Iteration 5 time: 0.004 secs.

Elapsed computation time: 0.057 secs.

Elapsed computation time: 0.149 secs.
[1] "analyze.results.glm.step="
Logistic Regression Results for: RaceHorse.IsHitA ~ Jockey.HitRate1
Data: data
Dependent variable(s): RaceHorse.IsHitA
Total independent variables: 2 
Number of valid observations: 14877
Number of missing observations: 0 
 
Coefficients:
                RaceHorse.IsHitA
(Intercept)                   -3
Jockey.HitRate1                2
[1] "analyze.results.glm.step.summary"
Call:
rxLogit(formula = form, data = data, variableSelection = analyze.results.glm.step.varsel)

Logistic Regression Results for: RaceHorse.IsHitA ~ Jockey.HitRate1
Data: data
Dependent variable(s): RaceHorse.IsHitA
Total independent variables: 2 
Number of valid observations: 14877
Number of missing observations: 0 
-2*LogLikelihood: 7284.485 (Residual deviance on 14875 degrees of freedom)
 
Coefficients:
                Estimate Std. Error z value Pr(>|z|)    
(Intercept)      -2.8380     0.0431  -65.85  2.2e-16 ***
Jockey.HitRate1   2.3632     0.2809    8.41  2.2e-16 ***
---
Signif. codes:  0 '***' 0.001 '**' 0.01 '*' 0.05 '.' 0.1 ' ' 1

Condition number of final variance-covariance matrix: 1 
Number of iterations: 5
[1] "2022-02-14 14:58:04 --- rxGlm with rxStepControl Finish ---"
[1] "2022-02-14 14:58:04 --- rxStepPlot Start ---"
[1] "pdfFilename=pdf_analyze_glm_Jockey_Type23_rxStepPlot.pdf"
[1] "rxStepPlot="
[1] "2022-02-14 14:58:04 --- rxStepPlot Finish ---"
[1] "2022-02-14 14:58:04 --- save.image Start ---"
[1] "save.image"
[1] "rdataFilename=RData_analyze_glm_Jockey_Type23.RData"
[1] "2022-02-14 14:58:04 --- save.image Finish ---"
[1] "2022-02-14 14:58:04 --- final Start ---"
[1] "--------------------------------------------------------------------------------"
[1] "nrow(data) final=14877"
[1] "--------------------------------------------------------------------------------"
[1] "2022-02-14 14:58:04 --- final Finish ---"
[1] "2022-02-14 14:58:04 --- analyze_glm.R Finished ---"
[1] "2022-02-14 14:58:04 --- log Finish ---"
