[1] "2022-02-14 14:50:47 --- D1115_analyze_glm_Gen01_IsHitA_Type35 Start ---"
[1] "2022-02-14 14:50:47 --- Log Start ---"
[1] "2022-02-14 14:50:47 --- analyze_glm.R Start ---"
[1] "analyzeVersion=D1115"
[1] "analyzeCategory=analyze"
[1] "analyzeType=Gen01"
[1] "analyzeFamily=IsHitA"
[1] "analyzeFunc=glm"
[1] "analyzeTrackTypeCd=3"
[1] "analyzeJyokenCd=5"
[1] "2022-02-14 14:50:47 --- source_function.R Start ---"
[1] "2022-02-14 14:50:47 --- source_function.R Finished ---"

> print(paste0(Sys.time(), " --- source_library.R Start ---"))
[1] "2022-02-14 14:50:47 --- source_library.R Start ---"

> require("RevoScaleR")

> print(paste0(Sys.time(), " --- source_library.R Finished ---"))
[1] "2022-02-14 14:50:47 --- source_library.R Finished ---"
[1] "2022-02-14 14:50:47 --- RxSqlServerData Start ---"
[1] "2022-02-14 14:50:47 --- RxInSqlServer Start ---"
[1] "2022-02-14 14:50:47 --- RxInSqlServer Finish ---"
[1] "2022-02-14 14:50:47 --- rxSetComputeContext Start ---"
[1] "2022-02-14 14:50:47 --- rxSetComputeContext Finish ---"
[1] "2022-02-14 14:50:47 --- RxSqlServerData Start ---"
[1] "sqlQuery=SELECT * FROM ViewAnalyzeD1115analyze01Gen01Type35"
[1] "2022-02-14 14:50:48 --- RxSqlServerData Finish ---"
[1] "2022-02-14 14:50:48 --- rxGetVarInfo Start ---"
[1] "2022-02-14 14:50:48 --- rxGetVarInfo Finish---"
[1] "2022-02-14 14:50:48 --- rxImport Start ---"
Rows Read: 6269, Total Rows Processed: 6269, Total Chunk Time: 177.361 seconds 
[1] "2022-02-14 14:56:26 --- rxImport Finish ---"
[1] "object.size(data) auto=1.4 Mb"
[1] "--------------------------------------------------------------------------------"
[1] "nrow(data) RxSqlServerData=6269"
[1] "--------------------------------------------------------------------------------"
[1] "str(data)="
'data.frame':	6269 obs. of  41 variables:
 $ Race.RaceId                      : Factor w/ 517 levels "20160828-10-02-10-04",..: 11 12 13 14 15 16 17 18 19 20 ...
 $ Race.IsPredictedRace             : logi  TRUE TRUE TRUE TRUE TRUE TRUE ...
 $ Race.IsAnalyzeNormalPastAndFuture: logi  TRUE TRUE TRUE TRUE TRUE TRUE ...
 $ Race.IsAnalyzeNormalPast         : logi  TRUE TRUE TRUE TRUE TRUE TRUE ...
 $ Race.IsAnalyzeNormalFuture       : logi  FALSE FALSE FALSE FALSE FALSE FALSE ...
 $ Race.IsAnalyzeFullPastAndFuture  : logi  TRUE TRUE TRUE TRUE TRUE TRUE ...
 $ Race.IsAnalyzeFullPast           : logi  TRUE TRUE TRUE TRUE TRUE TRUE ...
 $ Race.IsAnalyzeFullFuture         : logi  FALSE FALSE FALSE FALSE FALSE FALSE ...
 $ Race.JyokenCd                    : Factor w/ 1 level "5": 1 1 1 1 1 1 1 1 1 1 ...
 $ Race.JyoType1Cd                  : Factor w/ 36 levels "3-10-2860-2",..: 8 8 7 9 10 7 4 5 5 8 ...
 $ Race.RaceType0Cd                 : Factor w/ 52 levels "3-10-2860-2-5-X-18",..: 8 8 9 10 11 9 12 13 13 8 ...
 $ Race.RaceType1Cd                 : Factor w/ 1 level "3-5-X": 1 1 1 1 1 1 1 1 1 1 ...
 $ Race.RaceType2Cd                 : Factor w/ 1 level "3-5-X": 1 1 1 1 1 1 1 1 1 1 ...
 $ Race.RaceType3Cd                 : Factor w/ 2 levels "5-X-18","5-X-19": 2 2 2 2 2 2 2 2 2 2 ...
 $ Race.RaceType4Cd                 : Factor w/ 2 levels "3-5-18","3-5-19": 2 2 2 2 2 2 2 2 2 2 ...
 $ RaceHorse.RaceId                 : Factor w/ 517 levels "20160828-10-02-10-04",..: 11 12 13 14 15 16 17 18 19 20 ...
 $ RaceHorse.KettoNum               : Factor w/ 1865 levels "2013106477","2012105778",..: 11 12 13 14 15 16 17 18 19 20 ...
 $ RaceHorse.IsHit1                 : int  0 0 0 0 0 0 0 0 1 1 ...
 $ RaceHorse.IsHit2                 : int  0 0 0 0 0 1 0 1 0 0 ...
 $ RaceHorse.IsHit3                 : int  0 0 0 0 0 0 1 0 0 0 ...
 $ RaceHorse.IsHit4                 : int  0 0 0 0 0 0 0 0 0 0 ...
 $ RaceHorse.IsHit5                 : int  0 0 0 0 0 0 0 0 0 0 ...
 $ RaceHorse.IsHit6                 : int  1 1 1 1 1 0 0 0 0 0 ...
 $ RaceHorse.IsValidRaceHorse       : logi  TRUE TRUE TRUE TRUE TRUE TRUE ...
 $ RaceHorse.IsHitA                 : int  0 0 0 0 0 0 0 0 1 1 ...
 $ RaceHorse.IsHitB                 : int  0 0 0 0 0 1 0 1 1 1 ...
 $ RaceHorse.IsHitC                 : int  0 0 0 0 0 1 1 1 1 1 ...
 $ Gen01.HansyokuNum                : Factor w/ 250 levels "11201853","11202137",..: 10 11 12 13 14 15 16 17 18 19 ...
 $ Gen01.TimeDvByRaceAvg            : num  50.5 38.8 49.1 43.8 57.1 ...
 $ Gen01.RunCount                   : int  6 2 5 5 3 1 8 12 19 4 ...
 $ Gen01.HitCount1                  : int  1 0 2 0 1 0 1 8 6 1 ...
 $ Gen01.HitCount2                  : int  0 0 0 0 0 0 0 0 1 0 ...
 $ Gen01.HitCount3                  : int  0 0 0 0 0 1 0 1 1 0 ...
 $ Gen01.HitCount4                  : int  1 0 0 0 1 0 0 0 1 0 ...
 $ Gen01.HitCount5                  : int  0 0 1 0 0 0 2 0 2 0 ...
 $ Gen01.HitRate1                   : num  0.167 0 0.4 0 0.333 ...
 $ Gen01.HitRate2                   : num  0 0 0 0 0 ...
 $ Gen01.HitRate3                   : num  0 0 0 0 0 ...
 $ Gen01.HitRate4                   : num  0.167 0 0 0 0.333 ...
 $ Gen01.HitRate5                   : num  0 0 0.2 0 0 ...
 $ EOF                              : int  1 1 1 1 1 1 1 1 1 1 ...
[1] "2022-02-14 14:56:26 --- RxSqlServerData Finish ---"
[1] "2022-02-14 14:56:26 --- subset Start ---"
[1] "--------------------------------------------------------------------------------"
[1] "nrow(data) subset before=6269"
[1] "nrow(data) subset after =5176"
[1] "nrow(data) subset diff =1093"
[1] "--------------------------------------------------------------------------------"
[1] "2022-02-14 14:56:26 --- subset Finish---"
[1] "2022-02-14 14:56:26 --- transform Start ---"
[1] "--------------------------------------------------------------------------------"
[1] "nrow(data) transform before=5176"
[1] "nrow(data) transform after=5176"
[1] "nrow(data) transform diff=0"
[1] "--------------------------------------------------------------------------------"
[1] "str(data)="
'data.frame':	5176 obs. of  41 variables:
 $ Race.RaceId                      : Factor w/ 517 levels "20160828-10-02-10-04",..: 11 12 13 14 15 16 17 18 19 20 ...
 $ Race.IsPredictedRace             : logi  TRUE TRUE TRUE TRUE TRUE TRUE ...
 $ Race.IsAnalyzeNormalPastAndFuture: logi  TRUE TRUE TRUE TRUE TRUE TRUE ...
 $ Race.IsAnalyzeNormalPast         : logi  TRUE TRUE TRUE TRUE TRUE TRUE ...
 $ Race.IsAnalyzeNormalFuture       : logi  FALSE FALSE FALSE FALSE FALSE FALSE ...
 $ Race.IsAnalyzeFullPastAndFuture  : logi  TRUE TRUE TRUE TRUE TRUE TRUE ...
 $ Race.IsAnalyzeFullPast           : logi  TRUE TRUE TRUE TRUE TRUE TRUE ...
 $ Race.IsAnalyzeFullFuture         : logi  FALSE FALSE FALSE FALSE FALSE FALSE ...
 $ Race.JyokenCd                    : Factor w/ 1 level "5": 1 1 1 1 1 1 1 1 1 1 ...
 $ Race.JyoType1Cd                  : Factor w/ 36 levels "3-10-2860-2",..: 8 8 7 9 10 7 4 5 5 8 ...
 $ Race.RaceType0Cd                 : Factor w/ 52 levels "3-10-2860-2-5-X-18",..: 8 8 9 10 11 9 12 13 13 8 ...
 $ Race.RaceType1Cd                 : Factor w/ 1 level "3-5-X": 1 1 1 1 1 1 1 1 1 1 ...
 $ Race.RaceType2Cd                 : Factor w/ 1 level "3-5-X": 1 1 1 1 1 1 1 1 1 1 ...
 $ Race.RaceType3Cd                 : Factor w/ 2 levels "5-X-18","5-X-19": 2 2 2 2 2 2 2 2 2 2 ...
 $ Race.RaceType4Cd                 : Factor w/ 2 levels "3-5-18","3-5-19": 2 2 2 2 2 2 2 2 2 2 ...
 $ RaceHorse.RaceId                 : Factor w/ 517 levels "20160828-10-02-10-04",..: 11 12 13 14 15 16 17 18 19 20 ...
 $ RaceHorse.KettoNum               : Factor w/ 1865 levels "2013106477","2012105778",..: 11 12 13 14 15 16 17 18 19 20 ...
 $ RaceHorse.IsHit1                 : int  0 0 0 0 0 0 0 0 1 1 ...
 $ RaceHorse.IsHit2                 : int  0 0 0 0 0 1 0 1 0 0 ...
 $ RaceHorse.IsHit3                 : int  0 0 0 0 0 0 1 0 0 0 ...
 $ RaceHorse.IsHit4                 : int  0 0 0 0 0 0 0 0 0 0 ...
 $ RaceHorse.IsHit5                 : int  0 0 0 0 0 0 0 0 0 0 ...
 $ RaceHorse.IsHit6                 : int  1 1 1 1 1 0 0 0 0 0 ...
 $ RaceHorse.IsValidRaceHorse       : logi  TRUE TRUE TRUE TRUE TRUE TRUE ...
 $ RaceHorse.IsHitA                 : int  0 0 0 0 0 0 0 0 1 1 ...
 $ RaceHorse.IsHitB                 : int  0 0 0 0 0 1 0 1 1 1 ...
 $ RaceHorse.IsHitC                 : int  0 0 0 0 0 1 1 1 1 1 ...
 $ Gen01.HansyokuNum                : Factor w/ 250 levels "11201853","11202137",..: 10 11 12 13 14 15 16 17 18 19 ...
 $ Gen01.TimeDvByRaceAvg            : num  50.5 38.8 49.1 43.8 57.1 ...
 $ Gen01.RunCount                   : int  6 2 5 5 3 1 8 12 19 4 ...
 $ Gen01.HitCount1                  : int  1 0 2 0 1 0 1 8 6 1 ...
 $ Gen01.HitCount2                  : int  0 0 0 0 0 0 0 0 1 0 ...
 $ Gen01.HitCount3                  : int  0 0 0 0 0 1 0 1 1 0 ...
 $ Gen01.HitCount4                  : int  1 0 0 0 1 0 0 0 1 0 ...
 $ Gen01.HitCount5                  : int  0 0 1 0 0 0 2 0 2 0 ...
 $ Gen01.HitRate1                   : num  0.167 0 0.4 0 0.333 ...
 $ Gen01.HitRate2                   : num  0 0 0 0 0 ...
 $ Gen01.HitRate3                   : num  0 0 0 0 0 ...
 $ Gen01.HitRate4                   : num  0.167 0 0 0 0.333 ...
 $ Gen01.HitRate5                   : num  0 0 0.2 0 0 ...
 $ EOF                              : int  1 1 1 1 1 1 1 1 1 1 ...
NULL
[1] "2022-02-14 14:56:26 --- transform Finish ---"
[1] "2022-02-14 14:56:26 --- na.omit Start ---"
[1] "--------------------------------------------------------------------------------"
[1] "nrow(data) na.omit before=5176"
[1] "nrow(data) na.omit after =5176"
[1] "nrow(data) na.omit diff =0"
[1] "--------------------------------------------------------------------------------"
'data.frame':	5176 obs. of  41 variables:
 $ Race.RaceId                      : Factor w/ 517 levels "20160828-10-02-10-04",..: 11 12 13 14 15 16 17 18 19 20 ...
 $ Race.IsPredictedRace             : logi  TRUE TRUE TRUE TRUE TRUE TRUE ...
 $ Race.IsAnalyzeNormalPastAndFuture: logi  TRUE TRUE TRUE TRUE TRUE TRUE ...
 $ Race.IsAnalyzeNormalPast         : logi  TRUE TRUE TRUE TRUE TRUE TRUE ...
 $ Race.IsAnalyzeNormalFuture       : logi  FALSE FALSE FALSE FALSE FALSE FALSE ...
 $ Race.IsAnalyzeFullPastAndFuture  : logi  TRUE TRUE TRUE TRUE TRUE TRUE ...
 $ Race.IsAnalyzeFullPast           : logi  TRUE TRUE TRUE TRUE TRUE TRUE ...
 $ Race.IsAnalyzeFullFuture         : logi  FALSE FALSE FALSE FALSE FALSE FALSE ...
 $ Race.JyokenCd                    : Factor w/ 1 level "5": 1 1 1 1 1 1 1 1 1 1 ...
 $ Race.JyoType1Cd                  : Factor w/ 36 levels "3-10-2860-2",..: 8 8 7 9 10 7 4 5 5 8 ...
 $ Race.RaceType0Cd                 : Factor w/ 52 levels "3-10-2860-2-5-X-18",..: 8 8 9 10 11 9 12 13 13 8 ...
 $ Race.RaceType1Cd                 : Factor w/ 1 level "3-5-X": 1 1 1 1 1 1 1 1 1 1 ...
 $ Race.RaceType2Cd                 : Factor w/ 1 level "3-5-X": 1 1 1 1 1 1 1 1 1 1 ...
 $ Race.RaceType3Cd                 : Factor w/ 2 levels "5-X-18","5-X-19": 2 2 2 2 2 2 2 2 2 2 ...
 $ Race.RaceType4Cd                 : Factor w/ 2 levels "3-5-18","3-5-19": 2 2 2 2 2 2 2 2 2 2 ...
 $ RaceHorse.RaceId                 : Factor w/ 517 levels "20160828-10-02-10-04",..: 11 12 13 14 15 16 17 18 19 20 ...
 $ RaceHorse.KettoNum               : Factor w/ 1865 levels "2013106477","2012105778",..: 11 12 13 14 15 16 17 18 19 20 ...
 $ RaceHorse.IsHit1                 : int  0 0 0 0 0 0 0 0 1 1 ...
 $ RaceHorse.IsHit2                 : int  0 0 0 0 0 1 0 1 0 0 ...
 $ RaceHorse.IsHit3                 : int  0 0 0 0 0 0 1 0 0 0 ...
 $ RaceHorse.IsHit4                 : int  0 0 0 0 0 0 0 0 0 0 ...
 $ RaceHorse.IsHit5                 : int  0 0 0 0 0 0 0 0 0 0 ...
 $ RaceHorse.IsHit6                 : int  1 1 1 1 1 0 0 0 0 0 ...
 $ RaceHorse.IsValidRaceHorse       : logi  TRUE TRUE TRUE TRUE TRUE TRUE ...
 $ RaceHorse.IsHitA                 : int  0 0 0 0 0 0 0 0 1 1 ...
 $ RaceHorse.IsHitB                 : int  0 0 0 0 0 1 0 1 1 1 ...
 $ RaceHorse.IsHitC                 : int  0 0 0 0 0 1 1 1 1 1 ...
 $ Gen01.HansyokuNum                : Factor w/ 250 levels "11201853","11202137",..: 10 11 12 13 14 15 16 17 18 19 ...
 $ Gen01.TimeDvByRaceAvg            : num  50.5 38.8 49.1 43.8 57.1 ...
 $ Gen01.RunCount                   : int  6 2 5 5 3 1 8 12 19 4 ...
 $ Gen01.HitCount1                  : int  1 0 2 0 1 0 1 8 6 1 ...
 $ Gen01.HitCount2                  : int  0 0 0 0 0 0 0 0 1 0 ...
 $ Gen01.HitCount3                  : int  0 0 0 0 0 1 0 1 1 0 ...
 $ Gen01.HitCount4                  : int  1 0 0 0 1 0 0 0 1 0 ...
 $ Gen01.HitCount5                  : int  0 0 1 0 0 0 2 0 2 0 ...
 $ Gen01.HitRate1                   : num  0.167 0 0.4 0 0.333 ...
 $ Gen01.HitRate2                   : num  0 0 0 0 0 ...
 $ Gen01.HitRate3                   : num  0 0 0 0 0 ...
 $ Gen01.HitRate4                   : num  0.167 0 0 0 0.333 ...
 $ Gen01.HitRate5                   : num  0 0 0.2 0 0 ...
 $ EOF                              : int  1 1 1 1 1 1 1 1 1 1 ...
[1] "2022-02-14 14:56:26 --- na.omit Finish ---"
[1] "2022-02-14 14:56:26 --- rxGlm with rxStepControl Start ---"
[1] "2022-02-14 14:56:26 --- source_logic_glm.R Start ---"
[1] "2022-02-14 14:56:26 --- source_logic_glm.R Finished ---"
Rows Read: 5176, Total Rows Processed: 5176, Total Chunk Time: 0.001 seconds 

Starting values (iteration 1) time: 0.005 secs.
Rows Read: 5176, Total Rows Processed: 5176, Total Chunk Time: 0.001 seconds 

Iteration 2 time: 0.004 secs.
Rows Read: 5176, Total Rows Processed: 5176, Total Chunk Time: 0.001 seconds 

Iteration 3 time: 0.003 secs.
Rows Read: 5176, Total Rows Processed: 5176, Total Chunk Time: 0.001 seconds 

Iteration 4 time: 0.004 secs.

Elapsed computation time: 0.028 secs.
Rows Read: 5176, Total Rows Processed: 5176, Total Chunk Time: Less than .001 seconds 

Starting values (iteration 1) time: 0.004 secs.
Rows Read: 5176, Total Rows Processed: 5176, Total Chunk Time: Less than .001 seconds 

Iteration 2 time: 0.004 secs.

Elapsed computation time: 0.015 secs.
Rows Read: 5176, Total Rows Processed: 5176, Total Chunk Time: Less than .001 seconds 

Starting values (iteration 1) time: 0.005 secs.
Rows Read: 5176, Total Rows Processed: 5176, Total Chunk Time: Less than .001 seconds 

Iteration 2 time: 0.004 secs.
Rows Read: 5176, Total Rows Processed: 5176, Total Chunk Time: Less than .001 seconds 

Iteration 3 time: 0.005 secs.
Rows Read: 5176, Total Rows Processed: 5176, Total Chunk Time: 0.001 seconds 

Iteration 4 time: 0.004 secs.

Elapsed computation time: 0.032 secs.

Elapsed computation time: 0.088 secs.
[1] "analyze.results.glm.step="
Logistic Regression Results for: RaceHorse.IsHitA ~ Gen01.HitRate1
Data: data
Dependent variable(s): RaceHorse.IsHitA
Total independent variables: 2 
Number of valid observations: 5176
Number of missing observations: 0 
 
Coefficients:
               RaceHorse.IsHitA
(Intercept)                -2.6
Gen01.HitRate1              0.7
[1] "analyze.results.glm.step.summary"
Call:
rxLogit(formula = form, data = data, variableSelection = analyze.results.glm.step.varsel)

Logistic Regression Results for: RaceHorse.IsHitA ~ Gen01.HitRate1
Data: data
Dependent variable(s): RaceHorse.IsHitA
Total independent variables: 2 
Number of valid observations: 5176
Number of missing observations: 0 
-2*LogLikelihood: 2894.712 (Residual deviance on 5174 degrees of freedom)
 
Coefficients:
               Estimate Std. Error z value Pr(>|z|)    
(Intercept)     -2.5923     0.0869  -29.84  2.2e-16 ***
Gen01.HitRate1   0.6715     0.2887    2.33     0.02 *  
---
Signif. codes:  0 '***' 0.001 '**' 0.01 '*' 0.05 '.' 0.1 ' ' 1

Condition number of final variance-covariance matrix: 1 
Number of iterations: 4
[1] "2022-02-14 14:56:27 --- rxGlm with rxStepControl Finish ---"
[1] "2022-02-14 14:56:27 --- rxStepPlot Start ---"
[1] "pdfFilename=pdf_analyze_glm_Gen01_Type35_rxStepPlot.pdf"
[1] "rxStepPlot="
[1] "2022-02-14 14:56:27 --- rxStepPlot Finish ---"
[1] "2022-02-14 14:56:27 --- save.image Start ---"
[1] "save.image"
[1] "rdataFilename=RData_analyze_glm_Gen01_Type35.RData"
[1] "2022-02-14 14:56:27 --- save.image Finish ---"
[1] "2022-02-14 14:56:27 --- final Start ---"
[1] "--------------------------------------------------------------------------------"
[1] "nrow(data) final=5176"
[1] "--------------------------------------------------------------------------------"
[1] "2022-02-14 14:56:27 --- final Finish ---"
[1] "2022-02-14 14:56:27 --- analyze_glm.R Finished ---"
[1] "2022-02-14 14:56:27 --- log Finish ---"
