[1] "2022-02-14 14:51:16 --- D1115_analyze_glm_Odds_IsHitA_Type13 Start ---"
[1] "2022-02-14 14:51:16 --- Log Start ---"
[1] "2022-02-14 14:51:16 --- analyze_glm.R Start ---"
[1] "analyzeVersion=D1115"
[1] "analyzeCategory=analyze"
[1] "analyzeType=Odds"
[1] "analyzeFamily=IsHitA"
[1] "analyzeFunc=glm"
[1] "analyzeTrackTypeCd=1"
[1] "analyzeJyokenCd=3"
[1] "2022-02-14 14:51:16 --- source_function.R Start ---"
[1] "2022-02-14 14:51:16 --- source_function.R Finished ---"

> print(paste0(Sys.time(), " --- source_library.R Start ---"))
[1] "2022-02-14 14:51:16 --- source_library.R Start ---"

> require("RevoScaleR")

> print(paste0(Sys.time(), " --- source_library.R Finished ---"))
[1] "2022-02-14 14:51:16 --- source_library.R Finished ---"
[1] "2022-02-14 14:51:16 --- RxSqlServerData Start ---"
[1] "2022-02-14 14:51:16 --- RxInSqlServer Start ---"
[1] "2022-02-14 14:51:16 --- RxInSqlServer Finish ---"
[1] "2022-02-14 14:51:16 --- rxSetComputeContext Start ---"
[1] "2022-02-14 14:51:16 --- rxSetComputeContext Finish ---"
[1] "2022-02-14 14:51:16 --- RxSqlServerData Start ---"
[1] "sqlQuery=SELECT * FROM ViewAnalyzeD1115analyze01OddsType13"
[1] "2022-02-14 14:51:17 --- RxSqlServerData Finish ---"
[1] "2022-02-14 14:51:17 --- rxGetVarInfo Start ---"
[1] "2022-02-14 14:51:17 --- rxGetVarInfo Finish---"
[1] "2022-02-14 14:51:17 --- rxImport Start ---"
Rows Read: 18083, Total Rows Processed: 18083, Total Chunk Time: 6.174 seconds 
[1] "2022-02-14 14:51:26 --- rxImport Finish ---"
[1] "object.size(data) auto=3.4 Mb"
[1] "--------------------------------------------------------------------------------"
[1] "nrow(data) RxSqlServerData=18083"
[1] "--------------------------------------------------------------------------------"
[1] "str(data)="
'data.frame':	18083 obs. of  35 variables:
 $ Race.RaceId                      : Factor w/ 1461 levels "20160105-06-01-01-12",..: 1 1 1 1 1 1 1 1 1 1 ...
 $ Race.IsPredictedRace             : logi  TRUE TRUE TRUE TRUE TRUE TRUE ...
 $ Race.IsAnalyzeNormalPastAndFuture: logi  TRUE TRUE TRUE TRUE TRUE TRUE ...
 $ Race.IsAnalyzeNormalPast         : logi  TRUE TRUE TRUE TRUE TRUE TRUE ...
 $ Race.IsAnalyzeNormalFuture       : logi  FALSE FALSE FALSE FALSE FALSE FALSE ...
 $ Race.IsAnalyzeFullPastAndFuture  : logi  TRUE TRUE TRUE TRUE TRUE TRUE ...
 $ Race.IsAnalyzeFullPast           : logi  TRUE TRUE TRUE TRUE TRUE TRUE ...
 $ Race.IsAnalyzeFullFuture         : logi  FALSE FALSE FALSE FALSE FALSE FALSE ...
 $ Race.JyokenCd                    : Factor w/ 1 level "3": 1 1 1 1 1 1 1 1 1 1 ...
 $ Race.JyoType1Cd                  : Factor w/ 168 levels "1-06-1600-1",..: 1 1 1 1 1 1 1 1 1 1 ...
 $ Race.RaceType0Cd                 : Factor w/ 327 levels "1-06-1600-1-3-X-14",..: 1 1 1 1 1 1 1 1 1 1 ...
 $ Race.RaceType1Cd                 : Factor w/ 2 levels "1-3-X","1-3-E": 1 1 1 1 1 1 1 1 1 1 ...
 $ Race.RaceType2Cd                 : Factor w/ 2 levels "1-3-X","1-3-E": 1 1 1 1 1 1 1 1 1 1 ...
 $ Race.RaceType3Cd                 : Factor w/ 4 levels "3-X-14","3-E-14",..: 1 1 1 1 1 1 1 1 1 1 ...
 $ Race.RaceType4Cd                 : Factor w/ 2 levels "1-3-14","1-3-13": 1 1 1 1 1 1 1 1 1 1 ...
 $ RaceHorse.RaceId                 : Factor w/ 1461 levels "20160105-06-01-01-12",..: 1 1 1 1 1 1 1 1 1 1 ...
 $ RaceHorse.KettoNum               : Factor w/ 3577 levels "2011103326","2012100287",..: 1 2 3 4 5 6 7 8 9 10 ...
 $ RaceHorse.IsHit1                 : int  0 0 0 0 0 0 0 1 0 0 ...
 $ RaceHorse.IsHit2                 : int  0 0 1 0 0 0 0 0 0 0 ...
 $ RaceHorse.IsHit3                 : int  0 0 0 0 0 0 1 0 0 0 ...
 $ RaceHorse.IsHit4                 : int  0 0 0 0 0 0 0 0 0 0 ...
 $ RaceHorse.IsHit5                 : int  0 0 0 0 0 0 0 0 0 0 ...
 $ RaceHorse.IsHit6                 : int  1 1 0 1 1 1 0 0 1 1 ...
 $ RaceHorse.IsValidRaceHorse       : logi  TRUE TRUE TRUE TRUE TRUE TRUE ...
 $ RaceHorse.IsHitA                 : int  0 0 0 0 0 0 0 1 0 0 ...
 $ RaceHorse.IsHitB                 : int  0 0 1 0 0 0 0 1 0 0 ...
 $ RaceHorse.IsHitC                 : int  0 0 1 0 0 0 1 1 0 0 ...
 $ OddsByWin.Odds1                  : num  345.4 5.6 10.8 14.3 21.3 ...
 $ OddsByWin.Ninki                  : num  16 2 3 5 8 12 6 1 11 13 ...
 $ OddsByWin.OddsLog1               : num  5.85 1.89 2.47 2.73 3.1 ...
 $ OddsByWin.OddsRatio1             : num  0.0029 0.2174 0.102 0.0752 0.0493 ...
 $ OddsByWin.OddsLogit1             : num  -5.84 -1.72 -2.38 -2.66 -3.06 ...
 $ OddsByWin.ApprovalRate1          : num  0.0029 0.1786 0.0926 0.0699 0.0469 ...
 $ OddsByWin.ApprovalRateLog1       : num  0.00289 0.1643 0.08855 0.06759 0.04588 ...
 $ EOF                              : int  1 1 1 1 1 1 1 1 1 1 ...
[1] "2022-02-14 14:51:26 --- RxSqlServerData Finish ---"
[1] "2022-02-14 14:51:26 --- subset Start ---"
[1] "--------------------------------------------------------------------------------"
[1] "nrow(data) subset before=18083"
[1] "nrow(data) subset after =14913"
[1] "nrow(data) subset diff =3170"
[1] "--------------------------------------------------------------------------------"
[1] "2022-02-14 14:51:26 --- subset Finish---"
[1] "2022-02-14 14:51:26 --- transform Start ---"
[1] "--------------------------------------------------------------------------------"
[1] "nrow(data) transform before=14913"
[1] "nrow(data) transform after=14913"
[1] "nrow(data) transform diff=0"
[1] "--------------------------------------------------------------------------------"
[1] "str(data)="
'data.frame':	14913 obs. of  35 variables:
 $ Race.RaceId                      : Factor w/ 1461 levels "20160105-06-01-01-12",..: 1 1 1 1 1 1 1 1 1 1 ...
 $ Race.IsPredictedRace             : logi  TRUE TRUE TRUE TRUE TRUE TRUE ...
 $ Race.IsAnalyzeNormalPastAndFuture: logi  TRUE TRUE TRUE TRUE TRUE TRUE ...
 $ Race.IsAnalyzeNormalPast         : logi  TRUE TRUE TRUE TRUE TRUE TRUE ...
 $ Race.IsAnalyzeNormalFuture       : logi  FALSE FALSE FALSE FALSE FALSE FALSE ...
 $ Race.IsAnalyzeFullPastAndFuture  : logi  TRUE TRUE TRUE TRUE TRUE TRUE ...
 $ Race.IsAnalyzeFullPast           : logi  TRUE TRUE TRUE TRUE TRUE TRUE ...
 $ Race.IsAnalyzeFullFuture         : logi  FALSE FALSE FALSE FALSE FALSE FALSE ...
 $ Race.JyokenCd                    : Factor w/ 1 level "3": 1 1 1 1 1 1 1 1 1 1 ...
 $ Race.JyoType1Cd                  : Factor w/ 168 levels "1-06-1600-1",..: 1 1 1 1 1 1 1 1 1 1 ...
 $ Race.RaceType0Cd                 : Factor w/ 327 levels "1-06-1600-1-3-X-14",..: 1 1 1 1 1 1 1 1 1 1 ...
 $ Race.RaceType1Cd                 : Factor w/ 2 levels "1-3-X","1-3-E": 1 1 1 1 1 1 1 1 1 1 ...
 $ Race.RaceType2Cd                 : Factor w/ 2 levels "1-3-X","1-3-E": 1 1 1 1 1 1 1 1 1 1 ...
 $ Race.RaceType3Cd                 : Factor w/ 4 levels "3-X-14","3-E-14",..: 1 1 1 1 1 1 1 1 1 1 ...
 $ Race.RaceType4Cd                 : Factor w/ 2 levels "1-3-14","1-3-13": 1 1 1 1 1 1 1 1 1 1 ...
 $ RaceHorse.RaceId                 : Factor w/ 1461 levels "20160105-06-01-01-12",..: 1 1 1 1 1 1 1 1 1 1 ...
 $ RaceHorse.KettoNum               : Factor w/ 3577 levels "2011103326","2012100287",..: 1 2 3 4 5 6 7 8 9 10 ...
 $ RaceHorse.IsHit1                 : int  0 0 0 0 0 0 0 1 0 0 ...
 $ RaceHorse.IsHit2                 : int  0 0 1 0 0 0 0 0 0 0 ...
 $ RaceHorse.IsHit3                 : int  0 0 0 0 0 0 1 0 0 0 ...
 $ RaceHorse.IsHit4                 : int  0 0 0 0 0 0 0 0 0 0 ...
 $ RaceHorse.IsHit5                 : int  0 0 0 0 0 0 0 0 0 0 ...
 $ RaceHorse.IsHit6                 : int  1 1 0 1 1 1 0 0 1 1 ...
 $ RaceHorse.IsValidRaceHorse       : logi  TRUE TRUE TRUE TRUE TRUE TRUE ...
 $ RaceHorse.IsHitA                 : int  0 0 0 0 0 0 0 1 0 0 ...
 $ RaceHorse.IsHitB                 : int  0 0 1 0 0 0 0 1 0 0 ...
 $ RaceHorse.IsHitC                 : int  0 0 1 0 0 0 1 1 0 0 ...
 $ OddsByWin.Odds1                  : num  345.4 5.6 10.8 14.3 21.3 ...
 $ OddsByWin.Ninki                  : num  16 2 3 5 8 12 6 1 11 13 ...
 $ OddsByWin.OddsLog1               : num  5.85 1.89 2.47 2.73 3.1 ...
 $ OddsByWin.OddsRatio1             : num  0.0029 0.2174 0.102 0.0752 0.0493 ...
 $ OddsByWin.OddsLogit1             : num  -5.84 -1.72 -2.38 -2.66 -3.06 ...
 $ OddsByWin.ApprovalRate1          : num  0.0029 0.1786 0.0926 0.0699 0.0469 ...
 $ OddsByWin.ApprovalRateLog1       : num  0.00289 0.1643 0.08855 0.06759 0.04588 ...
 $ EOF                              : int  1 1 1 1 1 1 1 1 1 1 ...
NULL
[1] "2022-02-14 14:51:27 --- transform Finish ---"
[1] "2022-02-14 14:51:27 --- na.omit Start ---"
[1] "--------------------------------------------------------------------------------"
[1] "nrow(data) na.omit before=14913"
[1] "nrow(data) na.omit after =14861"
[1] "nrow(data) na.omit diff =52"
[1] "--------------------------------------------------------------------------------"
'data.frame':	14861 obs. of  35 variables:
 $ Race.RaceId                      : Factor w/ 1461 levels "20160105-06-01-01-12",..: 1 1 1 1 1 1 1 1 1 1 ...
 $ Race.IsPredictedRace             : logi  TRUE TRUE TRUE TRUE TRUE TRUE ...
 $ Race.IsAnalyzeNormalPastAndFuture: logi  TRUE TRUE TRUE TRUE TRUE TRUE ...
 $ Race.IsAnalyzeNormalPast         : logi  TRUE TRUE TRUE TRUE TRUE TRUE ...
 $ Race.IsAnalyzeNormalFuture       : logi  FALSE FALSE FALSE FALSE FALSE FALSE ...
 $ Race.IsAnalyzeFullPastAndFuture  : logi  TRUE TRUE TRUE TRUE TRUE TRUE ...
 $ Race.IsAnalyzeFullPast           : logi  TRUE TRUE TRUE TRUE TRUE TRUE ...
 $ Race.IsAnalyzeFullFuture         : logi  FALSE FALSE FALSE FALSE FALSE FALSE ...
 $ Race.JyokenCd                    : Factor w/ 1 level "3": 1 1 1 1 1 1 1 1 1 1 ...
 $ Race.JyoType1Cd                  : Factor w/ 168 levels "1-06-1600-1",..: 1 1 1 1 1 1 1 1 1 1 ...
 $ Race.RaceType0Cd                 : Factor w/ 327 levels "1-06-1600-1-3-X-14",..: 1 1 1 1 1 1 1 1 1 1 ...
 $ Race.RaceType1Cd                 : Factor w/ 2 levels "1-3-X","1-3-E": 1 1 1 1 1 1 1 1 1 1 ...
 $ Race.RaceType2Cd                 : Factor w/ 2 levels "1-3-X","1-3-E": 1 1 1 1 1 1 1 1 1 1 ...
 $ Race.RaceType3Cd                 : Factor w/ 4 levels "3-X-14","3-E-14",..: 1 1 1 1 1 1 1 1 1 1 ...
 $ Race.RaceType4Cd                 : Factor w/ 2 levels "1-3-14","1-3-13": 1 1 1 1 1 1 1 1 1 1 ...
 $ RaceHorse.RaceId                 : Factor w/ 1461 levels "20160105-06-01-01-12",..: 1 1 1 1 1 1 1 1 1 1 ...
 $ RaceHorse.KettoNum               : Factor w/ 3577 levels "2011103326","2012100287",..: 1 2 3 4 5 6 7 8 9 10 ...
 $ RaceHorse.IsHit1                 : int  0 0 0 0 0 0 0 1 0 0 ...
 $ RaceHorse.IsHit2                 : int  0 0 1 0 0 0 0 0 0 0 ...
 $ RaceHorse.IsHit3                 : int  0 0 0 0 0 0 1 0 0 0 ...
 $ RaceHorse.IsHit4                 : int  0 0 0 0 0 0 0 0 0 0 ...
 $ RaceHorse.IsHit5                 : int  0 0 0 0 0 0 0 0 0 0 ...
 $ RaceHorse.IsHit6                 : int  1 1 0 1 1 1 0 0 1 1 ...
 $ RaceHorse.IsValidRaceHorse       : logi  TRUE TRUE TRUE TRUE TRUE TRUE ...
 $ RaceHorse.IsHitA                 : int  0 0 0 0 0 0 0 1 0 0 ...
 $ RaceHorse.IsHitB                 : int  0 0 1 0 0 0 0 1 0 0 ...
 $ RaceHorse.IsHitC                 : int  0 0 1 0 0 0 1 1 0 0 ...
 $ OddsByWin.Odds1                  : num  345.4 5.6 10.8 14.3 21.3 ...
 $ OddsByWin.Ninki                  : num  16 2 3 5 8 12 6 1 11 13 ...
 $ OddsByWin.OddsLog1               : num  5.85 1.89 2.47 2.73 3.1 ...
 $ OddsByWin.OddsRatio1             : num  0.0029 0.2174 0.102 0.0752 0.0493 ...
 $ OddsByWin.OddsLogit1             : num  -5.84 -1.72 -2.38 -2.66 -3.06 ...
 $ OddsByWin.ApprovalRate1          : num  0.0029 0.1786 0.0926 0.0699 0.0469 ...
 $ OddsByWin.ApprovalRateLog1       : num  0.00289 0.1643 0.08855 0.06759 0.04588 ...
 $ EOF                              : int  1 1 1 1 1 1 1 1 1 1 ...
 - attr(*, "na.action")= 'omit' Named int  772 983 1055 1683 1770 1972 2180 2531 3971 4256 ...
  ..- attr(*, "names")= chr  "772" "983" "1055" "1683" ...
[1] "2022-02-14 14:51:27 --- na.omit Finish ---"
[1] "2022-02-14 14:51:27 --- rxGlm with rxStepControl Start ---"
[1] "2022-02-14 14:51:27 --- source_logic_glm.R Start ---"
[1] "2022-02-14 14:51:27 --- source_logic_glm.R Finished ---"
Rows Read: 14861, Total Rows Processed: 14861, Total Chunk Time: Less than .001 seconds 

Starting values (iteration 1) time: 0.007 secs.
Rows Read: 14861, Total Rows Processed: 14861, Total Chunk Time: 0.002 seconds 

Iteration 2 time: 0.006 secs.
Rows Read: 14861, Total Rows Processed: 14861, Total Chunk Time: 0.001 seconds 

Iteration 3 time: 0.004 secs.
Rows Read: 14861, Total Rows Processed: 14861, Total Chunk Time: 0.002 seconds 

Iteration 4 time: 0.004 secs.
Rows Read: 14861, Total Rows Processed: 14861, Total Chunk Time: 0.002 seconds 

Iteration 5 time: 0.004 secs.
Rows Read: 14861, Total Rows Processed: 14861, Total Chunk Time: 0.002 seconds 

Iteration 6 time: 0.004 secs.

Elapsed computation time: 0.050 secs.
Rows Read: 14861, Total Rows Processed: 14861, Total Chunk Time: Less than .001 seconds 

Starting values (iteration 1) time: 0.006 secs.
Rows Read: 14861, Total Rows Processed: 14861, Total Chunk Time: 0.002 seconds 

Iteration 2 time: 0.006 secs.

Elapsed computation time: 0.019 secs.
Rows Read: 14861, Total Rows Processed: 14861, Total Chunk Time: Less than .001 seconds 

Starting values (iteration 1) time: 0.007 secs.
Rows Read: 14861, Total Rows Processed: 14861, Total Chunk Time: Less than .001 seconds 

Iteration 2 time: 0.007 secs.
Rows Read: 14861, Total Rows Processed: 14861, Total Chunk Time: 0.002 seconds 

Iteration 3 time: 0.005 secs.
Rows Read: 14861, Total Rows Processed: 14861, Total Chunk Time: 0.001 seconds 

Iteration 4 time: 0.004 secs.
Rows Read: 14861, Total Rows Processed: 14861, Total Chunk Time: Less than .001 seconds 

Iteration 5 time: 0.005 secs.
Rows Read: 14861, Total Rows Processed: 14861, Total Chunk Time: 0.002 seconds 

Iteration 6 time: 0.004 secs.

Elapsed computation time: 0.051 secs.

Elapsed computation time: 0.137 secs.
[1] "analyze.results.glm.step="
Logistic Regression Results for: RaceHorse.IsHitA ~
    OddsByWin.OddsLogit1
Data: data
Dependent variable(s): RaceHorse.IsHitA
Total independent variables: 2 
Number of valid observations: 14861
Number of missing observations: 0 
 
Coefficients:
                     RaceHorse.IsHitA
(Intercept)                       0.2
OddsByWin.OddsLogit1              1.1
[1] "analyze.results.glm.step.summary"
Call:
rxLogit(formula = form, data = data, variableSelection = analyze.results.glm.step.varsel)

Logistic Regression Results for: RaceHorse.IsHitA ~
    OddsByWin.OddsLogit1
Data: data
Dependent variable(s): RaceHorse.IsHitA
Total independent variables: 2 
Number of valid observations: 14861
Number of missing observations: 0 
-2*LogLikelihood: 6838.706 (Residual deviance on 14859 degrees of freedom)
 
Coefficients:
                     Estimate Std. Error z value Pr(>|z|)    
(Intercept)            0.2311     0.0742    3.12   0.0018 ** 
OddsByWin.OddsLogit1   1.1431     0.0362   31.55  2.2e-16 ***
---
Signif. codes:  0 '***' 0.001 '**' 0.01 '*' 0.05 '.' 0.1 ' ' 1

Condition number of final variance-covariance matrix: 1 
Number of iterations: 6
[1] "2022-02-14 14:51:27 --- rxGlm with rxStepControl Finish ---"
[1] "2022-02-14 14:51:27 --- rxStepPlot Start ---"
[1] "pdfFilename=pdf_analyze_glm_Odds_Type13_rxStepPlot.pdf"
[1] "rxStepPlot="
[1] "2022-02-14 14:51:27 --- rxStepPlot Finish ---"
[1] "2022-02-14 14:51:27 --- save.image Start ---"
[1] "save.image"
[1] "rdataFilename=RData_analyze_glm_Odds_Type13.RData"
[1] "2022-02-14 14:51:28 --- save.image Finish ---"
[1] "2022-02-14 14:51:28 --- final Start ---"
[1] "--------------------------------------------------------------------------------"
[1] "nrow(data) final=14861"
[1] "--------------------------------------------------------------------------------"
[1] "2022-02-14 14:51:28 --- final Finish ---"
[1] "2022-02-14 14:51:28 --- analyze_glm.R Finished ---"
[1] "2022-02-14 14:51:28 --- log Finish ---"
