[1] "2022-02-07 16:45:49 --- D1113_analyze_glm_Gen01_IsHitA_Type14 Start ---"
[1] "2022-02-07 16:45:49 --- Log Start ---"
[1] "2022-02-07 16:45:49 --- analyze_glm.R Start ---"
[1] "analyzeVersion=D1113"
[1] "analyzeCategory=analyze"
[1] "analyzeType=Gen01"
[1] "analyzeFamily=IsHitA"
[1] "analyzeFunc=glm"
[1] "analyzeTrackTypeCd=1"
[1] "analyzeJyokenCd=4"
[1] "2022-02-07 16:45:49 --- source_function.R Start ---"
[1] "2022-02-07 16:45:49 --- source_function.R Finished ---"

> print(paste0(Sys.time(), " --- source_library.R Start ---"))
[1] "2022-02-07 16:45:49 --- source_library.R Start ---"

> require("RevoScaleR")

> print(paste0(Sys.time(), " --- source_library.R Finished ---"))
[1] "2022-02-07 16:45:49 --- source_library.R Finished ---"
[1] "2022-02-07 16:45:49 --- RxSqlServerData Start ---"
[1] "sqlQuery=SELECT * FROM ViewAnalyzeD1113analyze01Gen01Type14"
Rows Read: 35924, Total Rows Processed: 35924, Total Chunk Time: 638.045 seconds 
[1] "head(data)="
           Race.RaceId Race.IsPredictedRace Race.IsAnalyzeNormalPastAndFuture
1 20180714-07-03-05-09                FALSE                              TRUE
2 20200705-03-02-02-09                FALSE                              TRUE
3 20190519-04-01-08-08                FALSE                              TRUE
4 20180422-08-03-02-06                FALSE                              TRUE
5 20200905-04-03-07-12                FALSE                              TRUE
6 20171217-07-04-06-09                FALSE                              TRUE
  Race.IsAnalyzeNormalPast Race.IsAnalyzeNormalFuture
1                     TRUE                      FALSE
2                     TRUE                      FALSE
3                     TRUE                      FALSE
4                     TRUE                      FALSE
5                     TRUE                      FALSE
6                     TRUE                      FALSE
  Race.IsAnalyzeFullPastAndFuture Race.IsAnalyzeFullPast
1                            TRUE                   TRUE
2                            TRUE                   TRUE
3                            TRUE                   TRUE
4                            TRUE                   TRUE
5                            TRUE                   TRUE
6                            TRUE                   TRUE
  Race.IsAnalyzeFullFuture Race.JyokenCd Race.JyoType1Cd   Race.RaceType0Cd
1                    FALSE             4     1-07-1200-1 1-07-1200-1-4-E-13
2                    FALSE             4     1-03-1800-3 1-03-1800-3-4-E-13
3                    FALSE             4     1-04-1600-1 1-04-1600-1-4-X-14
4                    FALSE             4     1-08-1600-1 1-08-1600-1-4-X-12
5                    FALSE             4     1-04-1800-1 1-04-1800-1-4-X-13
6                    FALSE             4     1-07-2200-1 1-07-2200-1-4-X-13
  Race.RaceType1Cd Race.RaceType2Cd Race.RaceType3Cd Race.RaceType4Cd
1            1-4-E            1-4-E           4-E-13           1-4-13
2            1-4-E            1-4-E           4-E-13           1-4-13
3            1-4-X            1-4-X           4-X-14           1-4-14
4            1-4-X            1-4-X           4-X-12           1-4-12
5            1-4-X            1-4-X           4-X-13           1-4-13
6            1-4-X            1-4-X           4-X-13           1-4-13
      RaceHorse.RaceId RaceHorse.KettoNum RaceHorse.IsHit1 RaceHorse.IsHit2
1 20180714-07-03-05-09         2012101409                0                0
2 20200705-03-02-02-09         2016103129                0                0
3 20190519-04-01-08-08         2015104300                0                0
4 20180422-08-03-02-06         2015102580                0                0
5 20200905-04-03-07-12         2016106237                0                0
6 20171217-07-04-06-09         2014100407                0                0
  RaceHorse.IsHit3 RaceHorse.IsHit4 RaceHorse.IsHit5 RaceHorse.IsHit6
1                0                0                0                1
2                0                0                0                1
3                0                0                1                0
4                0                0                0                1
5                0                0                1                0
6                0                0                0                1
  RaceHorse.IsValidRaceHorse RaceHorse.IsHitA RaceHorse.IsHitB RaceHorse.IsHitC
1                       TRUE                0                0                0
2                       TRUE                0                0                0
3                       TRUE                0                0                0
4                       TRUE                0                0                0
5                       TRUE                0                0                0
6                       TRUE                0                0                0
  Gen01.HansyokuNum Gen01.TimeDvByRaceAvg Gen01.TimeDvByRaceMax Gen01.RunCount
1          11201914                    51                    70            567
2          11202293                    49                    65             94
3          11202219                    52                    74            597
4          11202307                    50                    59              2
5          11202252                    48                    67            108
6          11202051                    51                    76            780
  Gen01.HitCount1 Gen01.HitCount2 Gen01.HitCount3 Gen01.HitCount4
1              43              41              40              48
2               6               4               9              10
3              45              45              50              39
4               1               0               0               0
5               4               8               7               6
6              49              71              46              57
  Gen01.HitCount5 Gen01.HitRate1 Gen01.HitRate2 Gen01.HitRate3 Gen01.HitRate4
1              38           0.08           0.07           0.07           0.08
2               9           0.06           0.04           0.10           0.11
3              56           0.08           0.08           0.08           0.07
4               0           0.50           0.00           0.00           0.00
5               3           0.04           0.07           0.06           0.06
6              50           0.06           0.09           0.06           0.07
  Gen01.HitRate5 EOF
1           0.07   1
2           0.10   1
3           0.09   1
4           0.00   1
5           0.03   1
6           0.06   1
[1] "object.size(data) auto=7.8 Mb"
[1] "nrow(data) RxSqlServerData=35924"
[1] "str(data)="
'data.frame':	35924 obs. of  42 variables:
 $ Race.RaceId                      : Factor w/ 2691 levels "20180708-03-02-04-09",..: 11 12 13 14 15 16 17 18 19 20 ...
 $ Race.IsPredictedRace             : logi  FALSE FALSE FALSE FALSE FALSE FALSE ...
 $ Race.IsAnalyzeNormalPastAndFuture: logi  TRUE TRUE TRUE TRUE TRUE TRUE ...
 $ Race.IsAnalyzeNormalPast         : logi  TRUE TRUE TRUE TRUE TRUE TRUE ...
 $ Race.IsAnalyzeNormalFuture       : logi  FALSE FALSE FALSE FALSE FALSE FALSE ...
 $ Race.IsAnalyzeFullPastAndFuture  : logi  TRUE TRUE TRUE TRUE TRUE TRUE ...
 $ Race.IsAnalyzeFullPast           : logi  TRUE TRUE TRUE TRUE TRUE TRUE ...
 $ Race.IsAnalyzeFullFuture         : logi  FALSE FALSE FALSE FALSE FALSE FALSE ...
 $ Race.JyokenCd                    : Factor w/ 1 level "4": 1 1 1 1 1 1 1 1 1 1 ...
 $ Race.JyoType1Cd                  : Factor w/ 182 levels "1-03-1200-1",..: 9 10 11 12 13 14 15 16 17 18 ...
 $ Race.RaceType0Cd                 : Factor w/ 548 levels "1-03-1200-1-4-E-13",..: 11 12 13 14 15 16 17 18 19 20 ...
 $ Race.RaceType1Cd                 : Factor w/ 2 levels "1-4-E","1-4-X": 1 1 2 2 2 2 2 2 2 2 ...
 $ Race.RaceType2Cd                 : Factor w/ 2 levels "1-4-E","1-4-X": 1 1 2 2 2 2 2 2 2 2 ...
 $ Race.RaceType3Cd                 : Factor w/ 8 levels "4-E-13","4-X-14",..: 1 1 2 5 4 4 5 4 4 4 ...
 $ Race.RaceType4Cd                 : Factor w/ 4 levels "1-4-13","1-4-14",..: 1 1 2 4 1 1 4 1 1 1 ...
 $ RaceHorse.RaceId                 : Factor w/ 2691 levels "20180708-03-02-04-09",..: 11 12 13 14 15 16 17 18 19 20 ...
 $ RaceHorse.KettoNum               : Factor w/ 8036 levels "2014110102","2012103429",..: 11 12 13 14 15 16 17 18 19 20 ...
 $ RaceHorse.IsHit1                 : int  0 0 0 0 0 0 0 0 0 0 ...
 $ RaceHorse.IsHit2                 : int  0 0 0 0 0 0 0 0 0 0 ...
 $ RaceHorse.IsHit3                 : int  0 0 0 0 0 0 0 0 0 0 ...
 $ RaceHorse.IsHit4                 : int  0 0 0 0 0 0 0 0 0 0 ...
 $ RaceHorse.IsHit5                 : int  0 0 1 0 1 0 0 0 1 0 ...
 $ RaceHorse.IsHit6                 : int  1 1 0 1 0 1 1 1 0 1 ...
 $ RaceHorse.IsValidRaceHorse       : logi  TRUE TRUE TRUE TRUE TRUE TRUE ...
 $ RaceHorse.IsHitA                 : int  0 0 0 0 0 0 0 0 0 0 ...
 $ RaceHorse.IsHitB                 : int  0 0 0 0 0 0 0 0 0 0 ...
 $ RaceHorse.IsHitC                 : int  0 0 0 0 0 0 0 0 0 0 ...
 $ Gen01.HansyokuNum                : Factor w/ 411 levels "11406796","11202202",..: 7 10 11 12 13 14 15 16 17 18 ...
 $ Gen01.TimeDvByRaceAvg            : num  50.8 48.9 51.7 50.2 48.2 ...
 $ Gen01.TimeDvByRaceMax            : num  70.5 64.8 74.2 59.5 66.6 ...
 $ Gen01.RunCount                   : int  567 94 597 2 108 780 35 690 173 44 ...
 $ Gen01.HitCount1                  : int  43 6 45 1 4 49 2 57 17 3 ...
 $ Gen01.HitCount2                  : int  41 4 45 0 8 71 4 58 15 4 ...
 $ Gen01.HitCount3                  : int  40 9 50 0 7 46 2 66 9 2 ...
 $ Gen01.HitCount4                  : int  48 10 39 0 6 57 0 54 8 2 ...
 $ Gen01.HitCount5                  : int  38 9 56 0 3 50 0 72 11 1 ...
 $ Gen01.HitRate1                   : num  0.0758 0.0638 0.0754 0.5 0.037 ...
 $ Gen01.HitRate2                   : num  0.0723 0.0426 0.0754 0 0.0741 ...
 $ Gen01.HitRate3                   : num  0.0705 0.0957 0.0838 0 0.0648 ...
 $ Gen01.HitRate4                   : num  0.0847 0.1064 0.0653 0 0.0556 ...
 $ Gen01.HitRate5                   : num  0.067 0.0957 0.0938 0 0.0278 ...
 $ EOF                              : int  1 1 1 1 1 1 1 1 1 1 ...
[1] "2022-02-07 17:08:32 --- RxSqlServerData Finish ---"
[1] "2022-02-07 17:08:32 --- subset Start ---"
[1] "nrow(data) subset before=35924"
[1] "nrow(data) subset after =29709"
[1] "nrow(data) subset diff =6215"
[1] "2022-02-07 17:08:32 --- subset Finish---"
[1] "2022-02-07 17:08:32 --- transform Start ---"
[1] "nrow(data) transform before=29709"
[1] "nrow(data) transform after=29709"
[1] "nrow(data) transform diff=0"
[1] "str(data)="
'data.frame':	29709 obs. of  42 variables:
 $ Race.RaceId                      : Factor w/ 2691 levels "20180708-03-02-04-09",..: 11 12 13 14 15 16 17 18 19 21 ...
 $ Race.IsPredictedRace             : logi  FALSE FALSE FALSE FALSE FALSE FALSE ...
 $ Race.IsAnalyzeNormalPastAndFuture: logi  TRUE TRUE TRUE TRUE TRUE TRUE ...
 $ Race.IsAnalyzeNormalPast         : logi  TRUE TRUE TRUE TRUE TRUE TRUE ...
 $ Race.IsAnalyzeNormalFuture       : logi  FALSE FALSE FALSE FALSE FALSE FALSE ...
 $ Race.IsAnalyzeFullPastAndFuture  : logi  TRUE TRUE TRUE TRUE TRUE TRUE ...
 $ Race.IsAnalyzeFullPast           : logi  TRUE TRUE TRUE TRUE TRUE TRUE ...
 $ Race.IsAnalyzeFullFuture         : logi  FALSE FALSE FALSE FALSE FALSE FALSE ...
 $ Race.JyokenCd                    : Factor w/ 1 level "4": 1 1 1 1 1 1 1 1 1 1 ...
 $ Race.JyoType1Cd                  : Factor w/ 182 levels "1-03-1200-1",..: 9 10 11 12 13 14 15 16 17 19 ...
 $ Race.RaceType0Cd                 : Factor w/ 548 levels "1-03-1200-1-4-E-13",..: 11 12 13 14 15 16 17 18 19 21 ...
 $ Race.RaceType1Cd                 : Factor w/ 2 levels "1-4-E","1-4-X": 1 1 2 2 2 2 2 2 2 2 ...
 $ Race.RaceType2Cd                 : Factor w/ 2 levels "1-4-E","1-4-X": 1 1 2 2 2 2 2 2 2 2 ...
 $ Race.RaceType3Cd                 : Factor w/ 8 levels "4-E-13","4-X-14",..: 1 1 2 5 4 4 5 4 4 4 ...
 $ Race.RaceType4Cd                 : Factor w/ 4 levels "1-4-13","1-4-14",..: 1 1 2 4 1 1 4 1 1 1 ...
 $ RaceHorse.RaceId                 : Factor w/ 2691 levels "20180708-03-02-04-09",..: 11 12 13 14 15 16 17 18 19 21 ...
 $ RaceHorse.KettoNum               : Factor w/ 8036 levels "2014110102","2012103429",..: 11 12 13 14 15 16 17 18 19 21 ...
 $ RaceHorse.IsHit1                 : int  0 0 0 0 0 0 0 0 0 0 ...
 $ RaceHorse.IsHit2                 : int  0 0 0 0 0 0 0 0 0 0 ...
 $ RaceHorse.IsHit3                 : int  0 0 0 0 0 0 0 0 0 0 ...
 $ RaceHorse.IsHit4                 : int  0 0 0 0 0 0 0 0 0 0 ...
 $ RaceHorse.IsHit5                 : int  0 0 1 0 1 0 0 0 1 0 ...
 $ RaceHorse.IsHit6                 : int  1 1 0 1 0 1 1 1 0 1 ...
 $ RaceHorse.IsValidRaceHorse       : logi  TRUE TRUE TRUE TRUE TRUE TRUE ...
 $ RaceHorse.IsHitA                 : int  0 0 0 0 0 0 0 0 0 0 ...
 $ RaceHorse.IsHitB                 : int  0 0 0 0 0 0 0 0 0 0 ...
 $ RaceHorse.IsHitC                 : int  0 0 0 0 0 0 0 0 0 0 ...
 $ Gen01.HansyokuNum                : Factor w/ 411 levels "11406796","11202202",..: 7 10 11 12 13 14 15 16 17 15 ...
 $ Gen01.TimeDvByRaceAvg            : num  50.8 48.9 51.7 50.2 48.2 ...
 $ Gen01.TimeDvByRaceMax            : num  70.5 64.8 74.2 59.5 66.6 ...
 $ Gen01.RunCount                   : int  567 94 597 2 108 780 35 690 173 41 ...
 $ Gen01.HitCount1                  : int  43 6 45 1 4 49 2 57 17 2 ...
 $ Gen01.HitCount2                  : int  41 4 45 0 8 71 4 58 15 5 ...
 $ Gen01.HitCount3                  : int  40 9 50 0 7 46 2 66 9 3 ...
 $ Gen01.HitCount4                  : int  48 10 39 0 6 57 0 54 8 1 ...
 $ Gen01.HitCount5                  : int  38 9 56 0 3 50 0 72 11 0 ...
 $ Gen01.HitRate1                   : num  0.0758 0.0638 0.0754 0.5 0.037 ...
 $ Gen01.HitRate2                   : num  0.0723 0.0426 0.0754 0 0.0741 ...
 $ Gen01.HitRate3                   : num  0.0705 0.0957 0.0838 0 0.0648 ...
 $ Gen01.HitRate4                   : num  0.0847 0.1064 0.0653 0 0.0556 ...
 $ Gen01.HitRate5                   : num  0.067 0.0957 0.0938 0 0.0278 ...
 $ EOF                              : int  1 1 1 1 1 1 1 1 1 1 ...
NULL
[1] "2022-02-07 17:08:32 --- transform Finish ---"
[1] "2022-02-07 17:08:32 --- na.omit Start ---"
[1] "nrow(data) na.omit before=29709"
[1] "nrow(data) na.omit after =29709"
[1] "nrow(data) na.omit diff =0"
'data.frame':	29709 obs. of  42 variables:
 $ Race.RaceId                      : Factor w/ 2691 levels "20180708-03-02-04-09",..: 11 12 13 14 15 16 17 18 19 21 ...
 $ Race.IsPredictedRace             : logi  FALSE FALSE FALSE FALSE FALSE FALSE ...
 $ Race.IsAnalyzeNormalPastAndFuture: logi  TRUE TRUE TRUE TRUE TRUE TRUE ...
 $ Race.IsAnalyzeNormalPast         : logi  TRUE TRUE TRUE TRUE TRUE TRUE ...
 $ Race.IsAnalyzeNormalFuture       : logi  FALSE FALSE FALSE FALSE FALSE FALSE ...
 $ Race.IsAnalyzeFullPastAndFuture  : logi  TRUE TRUE TRUE TRUE TRUE TRUE ...
 $ Race.IsAnalyzeFullPast           : logi  TRUE TRUE TRUE TRUE TRUE TRUE ...
 $ Race.IsAnalyzeFullFuture         : logi  FALSE FALSE FALSE FALSE FALSE FALSE ...
 $ Race.JyokenCd                    : Factor w/ 1 level "4": 1 1 1 1 1 1 1 1 1 1 ...
 $ Race.JyoType1Cd                  : Factor w/ 182 levels "1-03-1200-1",..: 9 10 11 12 13 14 15 16 17 19 ...
 $ Race.RaceType0Cd                 : Factor w/ 548 levels "1-03-1200-1-4-E-13",..: 11 12 13 14 15 16 17 18 19 21 ...
 $ Race.RaceType1Cd                 : Factor w/ 2 levels "1-4-E","1-4-X": 1 1 2 2 2 2 2 2 2 2 ...
 $ Race.RaceType2Cd                 : Factor w/ 2 levels "1-4-E","1-4-X": 1 1 2 2 2 2 2 2 2 2 ...
 $ Race.RaceType3Cd                 : Factor w/ 8 levels "4-E-13","4-X-14",..: 1 1 2 5 4 4 5 4 4 4 ...
 $ Race.RaceType4Cd                 : Factor w/ 4 levels "1-4-13","1-4-14",..: 1 1 2 4 1 1 4 1 1 1 ...
 $ RaceHorse.RaceId                 : Factor w/ 2691 levels "20180708-03-02-04-09",..: 11 12 13 14 15 16 17 18 19 21 ...
 $ RaceHorse.KettoNum               : Factor w/ 8036 levels "2014110102","2012103429",..: 11 12 13 14 15 16 17 18 19 21 ...
 $ RaceHorse.IsHit1                 : int  0 0 0 0 0 0 0 0 0 0 ...
 $ RaceHorse.IsHit2                 : int  0 0 0 0 0 0 0 0 0 0 ...
 $ RaceHorse.IsHit3                 : int  0 0 0 0 0 0 0 0 0 0 ...
 $ RaceHorse.IsHit4                 : int  0 0 0 0 0 0 0 0 0 0 ...
 $ RaceHorse.IsHit5                 : int  0 0 1 0 1 0 0 0 1 0 ...
 $ RaceHorse.IsHit6                 : int  1 1 0 1 0 1 1 1 0 1 ...
 $ RaceHorse.IsValidRaceHorse       : logi  TRUE TRUE TRUE TRUE TRUE TRUE ...
 $ RaceHorse.IsHitA                 : int  0 0 0 0 0 0 0 0 0 0 ...
 $ RaceHorse.IsHitB                 : int  0 0 0 0 0 0 0 0 0 0 ...
 $ RaceHorse.IsHitC                 : int  0 0 0 0 0 0 0 0 0 0 ...
 $ Gen01.HansyokuNum                : Factor w/ 411 levels "11406796","11202202",..: 7 10 11 12 13 14 15 16 17 15 ...
 $ Gen01.TimeDvByRaceAvg            : num  50.8 48.9 51.7 50.2 48.2 ...
 $ Gen01.TimeDvByRaceMax            : num  70.5 64.8 74.2 59.5 66.6 ...
 $ Gen01.RunCount                   : int  567 94 597 2 108 780 35 690 173 41 ...
 $ Gen01.HitCount1                  : int  43 6 45 1 4 49 2 57 17 2 ...
 $ Gen01.HitCount2                  : int  41 4 45 0 8 71 4 58 15 5 ...
 $ Gen01.HitCount3                  : int  40 9 50 0 7 46 2 66 9 3 ...
 $ Gen01.HitCount4                  : int  48 10 39 0 6 57 0 54 8 1 ...
 $ Gen01.HitCount5                  : int  38 9 56 0 3 50 0 72 11 0 ...
 $ Gen01.HitRate1                   : num  0.0758 0.0638 0.0754 0.5 0.037 ...
 $ Gen01.HitRate2                   : num  0.0723 0.0426 0.0754 0 0.0741 ...
 $ Gen01.HitRate3                   : num  0.0705 0.0957 0.0838 0 0.0648 ...
 $ Gen01.HitRate4                   : num  0.0847 0.1064 0.0653 0 0.0556 ...
 $ Gen01.HitRate5                   : num  0.067 0.0957 0.0938 0 0.0278 ...
 $ EOF                              : int  1 1 1 1 1 1 1 1 1 1 ...
[1] "2022-02-07 17:08:33 --- na.omit Finish ---"
[1] "2022-02-07 17:08:33 --- rxGlm with rxStepControl Start ---"
[1] "2022-02-07 17:08:33 --- source_logic_glm.R Start ---"
[1] "2022-02-07 17:08:33 --- source_logic_glm.R Finished ---"
Rows Read: 29709, Total Rows Processed: 29709, Total Chunk Time: 0.007 seconds 

Starting values (iteration 1) time: 0.033 secs.
Rows Read: 29709, Total Rows Processed: 29709, Total Chunk Time: 0.003 seconds 

Iteration 2 time: 0.010 secs.
Rows Read: 29709, Total Rows Processed: 29709, Total Chunk Time: 0.005 seconds 

Iteration 3 time: 0.007 secs.
Rows Read: 29709, Total Rows Processed: 29709, Total Chunk Time: 0.003 seconds 

Iteration 4 time: 0.005 secs.
Rows Read: 29709, Total Rows Processed: 29709, Total Chunk Time: 0.003 seconds 

Iteration 5 time: 0.006 secs.
Rows Read: 29709, Total Rows Processed: 29709, Total Chunk Time: 0.002 seconds 

Iteration 6 time: 0.005 secs.

Elapsed computation time: 0.096 secs.
Rows Read: 29709, Total Rows Processed: 29709, Total Chunk Time: 0.002 seconds 

Starting values (iteration 1) time: 0.011 secs.
Rows Read: 29709, Total Rows Processed: 29709, Total Chunk Time: 0.003 seconds 

Iteration 2 time: 0.007 secs.
Rows Read: 29709, Total Rows Processed: 29709, Total Chunk Time: 0.006 seconds 

Iteration 3 time: 0.008 secs.
Rows Read: 29709, Total Rows Processed: 29709, Total Chunk Time: 0.002 seconds 

Iteration 4 time: 0.005 secs.
Rows Read: 29709, Total Rows Processed: 29709, Total Chunk Time: 0.003 seconds 

Iteration 5 time: 0.005 secs.

Elapsed computation time: 0.057 secs.
Rows Read: 29709, Total Rows Processed: 29709, Total Chunk Time: 0.002 seconds 

Starting values (iteration 1) time: 0.009 secs.
Rows Read: 29709, Total Rows Processed: 29709, Total Chunk Time: 0.003 seconds 

Iteration 2 time: 0.008 secs.
Rows Read: 29709, Total Rows Processed: 29709, Total Chunk Time: 0.004 seconds 

Iteration 3 time: 0.005 secs.
Rows Read: 29709, Total Rows Processed: 29709, Total Chunk Time: 0.003 seconds 

Iteration 4 time: 0.005 secs.
Rows Read: 29709, Total Rows Processed: 29709, Total Chunk Time: 0.003 seconds 

Iteration 5 time: 0.005 secs.
Rows Read: 29709, Total Rows Processed: 29709, Total Chunk Time: 0.002 seconds 

Iteration 6 time: 0.004 secs.

Elapsed computation time: 0.053 secs.

Elapsed computation time: 0.222 secs.
[1] "analyze.results.glm.step="
Generalized Linear Model Results for: RaceHorse.IsHitA ~ Gen01.HitRate1
Data: data
Dependent variable(s): RaceHorse.IsHitA
Total independent variables: 2 
Number of valid observations: 29709
Number of missing observations: 0 
Family-link: binomial-logit 
 
 
Coefficients:
               RaceHorse.IsHitA
(Intercept)                  -3
Gen01.HitRate1                2
[1] "analyze.results.glm.step.summary"
Call:
rxGlm(formula = form, data = data, family = binomial(), variableSelection = analyze.results.glm.step.varsel)

Generalized Linear Model Results for: RaceHorse.IsHitA ~ Gen01.HitRate1
Data: data
Dependent variable(s): RaceHorse.IsHitA
Total independent variables: 2 
Number of valid observations: 29709
Number of missing observations: 0 
Family-link: binomial-logit 
 
Residual deviance: 15743.121 (on 29707 degrees of freedom)
 
Coefficients:
               Estimate Std. Error z value Pr(>|z|)    
(Intercept)     -2.7140     0.0342  -79.36  2.2e-16 ***
Gen01.HitRate1   2.4639     0.3109    7.92  2.2e-16 ***
---
Signif. codes:  0 '***' 0.001 '**' 0.01 '*' 0.05 '.' 0.1 ' ' 1

(Dispersion parameter for binomial family taken to be 1)

Condition number of final variance-covariance matrix: 1 
Number of iterations: 6
[1] "2022-02-07 17:08:33 --- rxGlm with rxStepControl Finish ---"
[1] "2022-02-07 17:08:33 --- rxStepPlot Start ---"
[1] "pdfFilename=pdf_analyze_glm_Gen01_Type14_rxStepPlot.pdf"
[1] "rxStepPlot="
[1] "2022-02-07 17:08:33 --- rxStepPlot Finish ---"
[1] "2022-02-07 17:08:33 --- save.image Start ---"
[1] "save.image"
[1] "rdataFilename=RData_analyze_glm_Gen01_Type14.RData"
[1] "2022-02-07 17:08:35 --- save.image Finish ---"
[1] "2022-02-07 17:08:35 --- final Start ---"
[1] "nrow(data) final=29709"
[1] "2022-02-07 17:08:35 --- final Finish ---"
[1] "2022-02-07 17:08:35 --- analyze_glm.R Finished ---"
[1] "2022-02-07 17:08:35 --- log Finish ---"
