[1] "2022-02-07 10:57:31 --- D1113_Predict_glm_Gen01_IsHitA_Type26 Start ---"
[1] "2022-02-07 10:57:31 --- Log Start ---"
[1] "2022-02-07 10:57:31 --- predict.R Start ---"
[1] "analyzeVersion=D1113"
[1] "analyzeCategory=Predict"
[1] "analyzeType=Gen01"
[1] "analyzeFamily=IsHitA"
[1] "analyzeFunc=glm"
[1] "analyzeTrackTypeCd=2"
[1] "analyzeJyokenCd=6"
[1] "2022-02-07 10:57:31 --- source_function.R Start ---"
[1] "2022-02-07 10:57:31 --- source_function.R Finished ---"

> print(paste0(Sys.time(), " --- source_library.R Start ---"))
[1] "2022-02-07 10:57:31 --- source_library.R Start ---"

> require("RevoScaleR")

> print(paste0(Sys.time(), " --- source_library.R Finished ---"))
[1] "2022-02-07 10:57:31 --- source_library.R Finished ---"
[1] "2022-02-07 10:57:31 --- Load Start ---"
[1] "loadFilename=RData_Analyze_glm_Gen01_Type26.RData"
[1] "2022-02-07 10:57:32 --- Load Finished ---"
[1] "2022-02-07 10:57:32 --- RxSqlServerData Start ---"
[1] "sqlQuery=SELECT * FROM ViewAnalyzeD1113analyze01Gen01Type26 WHERE [Race.IsPredictedRace] = 1"
Rows Read: 16, Total Rows Processed: 16, Total Chunk Time: 0.102 seconds 
[1] "head(InputDataSet)="
           Race.RaceId Race.IsPredictedRace Race.IsAnalyzeNormalPastAndFuture
1 20220206-05-01-04-03                 TRUE                              TRUE
2 20220206-05-01-04-03                 TRUE                              TRUE
3 20220206-05-01-04-03                 TRUE                              TRUE
4 20220206-05-01-04-03                 TRUE                              TRUE
5 20220206-05-01-04-03                 TRUE                              TRUE
6 20220206-05-01-04-03                 TRUE                              TRUE
  Race.IsAnalyzeNormalPast Race.IsAnalyzeNormalFuture
1                    FALSE                       TRUE
2                    FALSE                       TRUE
3                    FALSE                       TRUE
4                    FALSE                       TRUE
5                    FALSE                       TRUE
6                    FALSE                       TRUE
  Race.IsAnalyzeFullPastAndFuture Race.IsAnalyzeFullPast
1                            TRUE                  FALSE
2                            TRUE                  FALSE
3                            TRUE                  FALSE
4                            TRUE                  FALSE
5                            TRUE                  FALSE
6                            TRUE                  FALSE
  Race.IsAnalyzeFullFuture Race.JyokenCd Race.JyoType1Cd   Race.RaceType0Cd
1                     TRUE             6     2-05-1600-1 2-05-1600-1-6-X-12
2                     TRUE             6     2-05-1600-1 2-05-1600-1-6-X-12
3                     TRUE             6     2-05-1600-1 2-05-1600-1-6-X-12
4                     TRUE             6     2-05-1600-1 2-05-1600-1-6-X-12
5                     TRUE             6     2-05-1600-1 2-05-1600-1-6-X-12
6                     TRUE             6     2-05-1600-1 2-05-1600-1-6-X-12
  Race.RaceType1Cd Race.RaceType2Cd Race.RaceType3Cd Race.RaceType4Cd
1            2-6-X            2-6-X           6-X-12           2-6-12
2            2-6-X            2-6-X           6-X-12           2-6-12
3            2-6-X            2-6-X           6-X-12           2-6-12
4            2-6-X            2-6-X           6-X-12           2-6-12
5            2-6-X            2-6-X           6-X-12           2-6-12
6            2-6-X            2-6-X           6-X-12           2-6-12
      RaceHorse.RaceId RaceHorse.KettoNum RaceHorse.IsHit1 RaceHorse.IsHit2
1 20220206-05-01-04-03         2019100056                0                0
2 20220206-05-01-04-03         2019100077                0                0
3 20220206-05-01-04-03         2019100279                0                0
4 20220206-05-01-04-03         2019101239                0                0
5 20220206-05-01-04-03         2019101484                0                0
6 20220206-05-01-04-03         2019101553                0                0
  RaceHorse.IsHit3 RaceHorse.IsHit4 RaceHorse.IsHit5 RaceHorse.IsHit6
1                0                0                0                1
2                0                0                0                1
3                0                0                0                1
4                0                0                0                1
5                0                0                0                1
6                0                0                0                1
  RaceHorse.IsValidRaceHorse RaceHorse.IsHitA RaceHorse.IsHitB RaceHorse.IsHitC
1                       TRUE                0                0                0
2                       TRUE                0                0                0
3                       TRUE                0                0                0
4                       TRUE                0                0                0
5                       TRUE                0                0                0
6                       TRUE                0                0                0
  Gen01.HansyokuNum Gen01.TimeDvByRaceAvg Gen01.TimeDvByRaceMax Gen01.RunCount
1          11407047              52.60149              66.09660              2
2          11202115              52.08539              71.84021            249
3          11202240              49.37094              63.34083             58
4          11202436              53.63821              61.93963             13
5          11202307              54.63051              70.84850            269
6          11202121              48.72579              65.40191             96
  Gen01.HitCount1 Gen01.HitCount2 Gen01.HitCount3 Gen01.HitCount4
1               0               1               0               0
2              28              19              13              18
3               1               2               1               4
4               1               1               2               1
5              35              35              33              24
6               3               4               3               7
  Gen01.HitCount5 Gen01.HitRate1 Gen01.HitRate2 Gen01.HitRate3 Gen01.HitRate4
1               0     0.00000000     0.50000000     0.00000000     0.00000000
2              12     0.11244980     0.07630522     0.05220884     0.07228916
3               8     0.01724138     0.03448276     0.01724138     0.06896552
4               2     0.07692308     0.07692308     0.15384615     0.07692308
5              18     0.13011152     0.13011152     0.12267658     0.08921933
6               6     0.03125000     0.04166667     0.03125000     0.07291667
  Gen01.HitRate5 EOF
1     0.00000000   1
2     0.04819277   1
3     0.13793103   1
4     0.15384615   1
5     0.06691450   1
6     0.06250000   1
[1] "object.size(InputDataSet) auto=16.3 Kb"
[1] "nrow(InputDataSet) RxSqlServerData=16"
[1] "str(InputDataSet)="
'data.frame':	16 obs. of  42 variables:
 $ Race.RaceId                      : Factor w/ 1 level "20220206-05-01-04-03": 1 1 1 1 1 1 1 1 1 1 ...
 $ Race.IsPredictedRace             : logi  TRUE TRUE TRUE TRUE TRUE TRUE ...
 $ Race.IsAnalyzeNormalPastAndFuture: logi  TRUE TRUE TRUE TRUE TRUE TRUE ...
 $ Race.IsAnalyzeNormalPast         : logi  FALSE FALSE FALSE FALSE FALSE FALSE ...
 $ Race.IsAnalyzeNormalFuture       : logi  TRUE TRUE TRUE TRUE TRUE TRUE ...
 $ Race.IsAnalyzeFullPastAndFuture  : logi  TRUE TRUE TRUE TRUE TRUE TRUE ...
 $ Race.IsAnalyzeFullPast           : logi  FALSE FALSE FALSE FALSE FALSE FALSE ...
 $ Race.IsAnalyzeFullFuture         : logi  TRUE TRUE TRUE TRUE TRUE TRUE ...
 $ Race.JyokenCd                    : Factor w/ 1 level "6": 1 1 1 1 1 1 1 1 1 1 ...
 $ Race.JyoType1Cd                  : Factor w/ 1 level "2-05-1600-1": 1 1 1 1 1 1 1 1 1 1 ...
 $ Race.RaceType0Cd                 : Factor w/ 1 level "2-05-1600-1-6-X-12": 1 1 1 1 1 1 1 1 1 1 ...
 $ Race.RaceType1Cd                 : Factor w/ 1 level "2-6-X": 1 1 1 1 1 1 1 1 1 1 ...
 $ Race.RaceType2Cd                 : Factor w/ 1 level "2-6-X": 1 1 1 1 1 1 1 1 1 1 ...
 $ Race.RaceType3Cd                 : Factor w/ 1 level "6-X-12": 1 1 1 1 1 1 1 1 1 1 ...
 $ Race.RaceType4Cd                 : Factor w/ 1 level "2-6-12": 1 1 1 1 1 1 1 1 1 1 ...
 $ RaceHorse.RaceId                 : Factor w/ 1 level "20220206-05-01-04-03": 1 1 1 1 1 1 1 1 1 1 ...
 $ RaceHorse.KettoNum               : Factor w/ 16 levels "2019100056","2019100077",..: 1 2 3 4 5 6 7 8 9 10 ...
 $ RaceHorse.IsHit1                 : int  0 0 0 0 0 0 0 0 0 1 ...
 $ RaceHorse.IsHit2                 : int  0 0 0 0 0 0 0 1 0 0 ...
 $ RaceHorse.IsHit3                 : int  0 0 0 0 0 0 0 0 1 0 ...
 $ RaceHorse.IsHit4                 : int  0 0 0 0 0 0 0 0 0 0 ...
 $ RaceHorse.IsHit5                 : int  0 0 0 0 0 0 0 0 0 0 ...
 $ RaceHorse.IsHit6                 : int  1 1 1 1 1 1 1 0 0 0 ...
 $ RaceHorse.IsValidRaceHorse       : logi  TRUE TRUE TRUE TRUE TRUE TRUE ...
 $ RaceHorse.IsHitA                 : int  0 0 0 0 0 0 0 0 0 1 ...
 $ RaceHorse.IsHitB                 : int  0 0 0 0 0 0 0 1 0 1 ...
 $ RaceHorse.IsHitC                 : int  0 0 0 0 0 0 0 1 1 1 ...
 $ Gen01.HansyokuNum                : Factor w/ 15 levels "11407047","11202115",..: 1 2 3 4 5 6 7 8 9 10 ...
 $ Gen01.TimeDvByRaceAvg            : num  52.6 52.1 49.4 53.6 54.6 ...
 $ Gen01.TimeDvByRaceMax            : num  66.1 71.8 63.3 61.9 70.8 ...
 $ Gen01.RunCount                   : int  2 249 58 13 269 96 209 102 63 46 ...
 $ Gen01.HitCount1                  : int  0 28 1 1 35 3 5 4 3 1 ...
 $ Gen01.HitCount2                  : int  1 19 2 1 35 4 11 8 7 3 ...
 $ Gen01.HitCount3                  : int  0 13 1 2 33 3 14 8 2 2 ...
 $ Gen01.HitCount4                  : int  0 18 4 1 24 7 28 8 5 2 ...
 $ Gen01.HitCount5                  : int  0 12 8 2 18 6 21 10 9 7 ...
 $ Gen01.HitRate1                   : num  0 0.1124 0.0172 0.0769 0.1301 ...
 $ Gen01.HitRate2                   : num  0.5 0.0763 0.0345 0.0769 0.1301 ...
 $ Gen01.HitRate3                   : num  0 0.0522 0.0172 0.1538 0.1227 ...
 $ Gen01.HitRate4                   : num  0 0.0723 0.069 0.0769 0.0892 ...
 $ Gen01.HitRate5                   : num  0 0.0482 0.1379 0.1538 0.0669 ...
 $ EOF                              : int  1 1 1 1 1 1 1 1 1 1 ...
[1] "2022-02-07 10:57:33 --- RxSqlServerData Finish ---"
[1] "2022-02-07 10:57:33 --- subset Start ---"
[1] "nrow(InputDataSet) subset before=16"
[1] "nrow(InputDataSet) subset after=16"
[1] "nrow(InputDataSet) subset diff=0"
[1] "class(InputDataSet$Race.IsAnalyzeNormalPast)=logical"
[1] "class(InputDataSet$Race.analyzeTrackTypeCd)=NULL"
[1] "2022-02-07 10:57:33 --- subset Finish ---"
[1] "2022-02-07 10:57:33 --- transform Start ---"
[1] "nrow(InputDataSet) transaform before=16"
[1] "nrow(InputDataSet) transaform after=16"
[1] "nrow(InputDataSet) transaform diff=0"
[1] "str(InputDataSet)="
'data.frame':	16 obs. of  42 variables:
 $ Race.RaceId                      : Factor w/ 1 level "20220206-05-01-04-03": 1 1 1 1 1 1 1 1 1 1 ...
 $ Race.IsPredictedRace             : logi  TRUE TRUE TRUE TRUE TRUE TRUE ...
 $ Race.IsAnalyzeNormalPastAndFuture: logi  TRUE TRUE TRUE TRUE TRUE TRUE ...
 $ Race.IsAnalyzeNormalPast         : logi  FALSE FALSE FALSE FALSE FALSE FALSE ...
 $ Race.IsAnalyzeNormalFuture       : logi  TRUE TRUE TRUE TRUE TRUE TRUE ...
 $ Race.IsAnalyzeFullPastAndFuture  : logi  TRUE TRUE TRUE TRUE TRUE TRUE ...
 $ Race.IsAnalyzeFullPast           : logi  FALSE FALSE FALSE FALSE FALSE FALSE ...
 $ Race.IsAnalyzeFullFuture         : logi  TRUE TRUE TRUE TRUE TRUE TRUE ...
 $ Race.JyokenCd                    : Factor w/ 1 level "6": 1 1 1 1 1 1 1 1 1 1 ...
 $ Race.JyoType1Cd                  : Factor w/ 1 level "2-05-1600-1": 1 1 1 1 1 1 1 1 1 1 ...
 $ Race.RaceType0Cd                 : Factor w/ 1 level "2-05-1600-1-6-X-12": 1 1 1 1 1 1 1 1 1 1 ...
 $ Race.RaceType1Cd                 : Factor w/ 1 level "2-6-X": 1 1 1 1 1 1 1 1 1 1 ...
 $ Race.RaceType2Cd                 : Factor w/ 1 level "2-6-X": 1 1 1 1 1 1 1 1 1 1 ...
 $ Race.RaceType3Cd                 : Factor w/ 1 level "6-X-12": 1 1 1 1 1 1 1 1 1 1 ...
 $ Race.RaceType4Cd                 : Factor w/ 1 level "2-6-12": 1 1 1 1 1 1 1 1 1 1 ...
 $ RaceHorse.RaceId                 : Factor w/ 1 level "20220206-05-01-04-03": 1 1 1 1 1 1 1 1 1 1 ...
 $ RaceHorse.KettoNum               : Factor w/ 16 levels "2019100056","2019100077",..: 1 2 3 4 5 6 7 8 9 10 ...
 $ RaceHorse.IsHit1                 : int  0 0 0 0 0 0 0 0 0 1 ...
 $ RaceHorse.IsHit2                 : int  0 0 0 0 0 0 0 1 0 0 ...
 $ RaceHorse.IsHit3                 : int  0 0 0 0 0 0 0 0 1 0 ...
 $ RaceHorse.IsHit4                 : int  0 0 0 0 0 0 0 0 0 0 ...
 $ RaceHorse.IsHit5                 : int  0 0 0 0 0 0 0 0 0 0 ...
 $ RaceHorse.IsHit6                 : int  1 1 1 1 1 1 1 0 0 0 ...
 $ RaceHorse.IsValidRaceHorse       : logi  TRUE TRUE TRUE TRUE TRUE TRUE ...
 $ RaceHorse.IsHitA                 : int  0 0 0 0 0 0 0 0 0 1 ...
 $ RaceHorse.IsHitB                 : int  0 0 0 0 0 0 0 1 0 1 ...
 $ RaceHorse.IsHitC                 : int  0 0 0 0 0 0 0 1 1 1 ...
 $ Gen01.HansyokuNum                : Factor w/ 15 levels "11407047","11202115",..: 1 2 3 4 5 6 7 8 9 10 ...
 $ Gen01.TimeDvByRaceAvg            : num  52.6 52.1 49.4 53.6 54.6 ...
 $ Gen01.TimeDvByRaceMax            : num  66.1 71.8 63.3 61.9 70.8 ...
 $ Gen01.RunCount                   : int  2 249 58 13 269 96 209 102 63 46 ...
 $ Gen01.HitCount1                  : int  0 28 1 1 35 3 5 4 3 1 ...
 $ Gen01.HitCount2                  : int  1 19 2 1 35 4 11 8 7 3 ...
 $ Gen01.HitCount3                  : int  0 13 1 2 33 3 14 8 2 2 ...
 $ Gen01.HitCount4                  : int  0 18 4 1 24 7 28 8 5 2 ...
 $ Gen01.HitCount5                  : int  0 12 8 2 18 6 21 10 9 7 ...
 $ Gen01.HitRate1                   : num  0 0.1124 0.0172 0.0769 0.1301 ...
 $ Gen01.HitRate2                   : num  0.5 0.0763 0.0345 0.0769 0.1301 ...
 $ Gen01.HitRate3                   : num  0 0.0522 0.0172 0.1538 0.1227 ...
 $ Gen01.HitRate4                   : num  0 0.0723 0.069 0.0769 0.0892 ...
 $ Gen01.HitRate5                   : num  0 0.0482 0.1379 0.1538 0.0669 ...
 $ EOF                              : int  1 1 1 1 1 1 1 1 1 1 ...
NULL
[1] "2022-02-07 10:57:33 --- transform Finish ---"
[1] "2022-02-07 10:57:33 --- na.omit Start ---"
[1] "nrow(InputDataSet) na.omit before=16"
[1] "nrow(InputDataSet) na.omit after=16"
[1] "nrow(InputDataSet) na.omit diff=0"
[1] "2022-02-07 10:57:33 --- na.omit Finish---"
[1] "2022-02-07 10:57:33 --- New Levels Start ---"
[1] "levels(data$Race.RaceType1Cd)=2-6-X"
[1] "levels(InputDataSet$Race.RaceType1Cd)=2-6-X"
[1] "length(Race.RaceType1Cd.Index)=0"
[1] "2022-02-07 10:57:33 --- New Levels Finish ---"
[1] "2022-02-07 10:57:33 --- na.omit Start ---"
[1] "nrow(InputDataSet) na.omit levels before=16"
[1] "nrow(InputDataSet) na.omit levels after=16"
[1] "nrow(InputDataSet) na.omit levels diff=0"
[1] "2022-02-07 10:57:33 --- na.omit Finish ---"
[1] "2022-02-07 10:57:33 --- Predict InputDataSet Start ---"
[1] "nrow(InputDataSet) predict=16"
[1] "str(InputDataSet)="
'data.frame':	16 obs. of  42 variables:
 $ Race.RaceId                      : Factor w/ 1 level "20220206-05-01-04-03": 1 1 1 1 1 1 1 1 1 1 ...
 $ Race.IsPredictedRace             : logi  TRUE TRUE TRUE TRUE TRUE TRUE ...
 $ Race.IsAnalyzeNormalPastAndFuture: logi  TRUE TRUE TRUE TRUE TRUE TRUE ...
 $ Race.IsAnalyzeNormalPast         : logi  FALSE FALSE FALSE FALSE FALSE FALSE ...
 $ Race.IsAnalyzeNormalFuture       : logi  TRUE TRUE TRUE TRUE TRUE TRUE ...
 $ Race.IsAnalyzeFullPastAndFuture  : logi  TRUE TRUE TRUE TRUE TRUE TRUE ...
 $ Race.IsAnalyzeFullPast           : logi  FALSE FALSE FALSE FALSE FALSE FALSE ...
 $ Race.IsAnalyzeFullFuture         : logi  TRUE TRUE TRUE TRUE TRUE TRUE ...
 $ Race.JyokenCd                    : Factor w/ 1 level "6": 1 1 1 1 1 1 1 1 1 1 ...
 $ Race.JyoType1Cd                  : Factor w/ 1 level "2-05-1600-1": 1 1 1 1 1 1 1 1 1 1 ...
 $ Race.RaceType0Cd                 : Factor w/ 1 level "2-05-1600-1-6-X-12": 1 1 1 1 1 1 1 1 1 1 ...
 $ Race.RaceType1Cd                 : Factor w/ 1 level "2-6-X": 1 1 1 1 1 1 1 1 1 1 ...
 $ Race.RaceType2Cd                 : Factor w/ 1 level "2-6-X": 1 1 1 1 1 1 1 1 1 1 ...
 $ Race.RaceType3Cd                 : Factor w/ 1 level "6-X-12": 1 1 1 1 1 1 1 1 1 1 ...
 $ Race.RaceType4Cd                 : Factor w/ 1 level "2-6-12": 1 1 1 1 1 1 1 1 1 1 ...
 $ RaceHorse.RaceId                 : Factor w/ 1 level "20220206-05-01-04-03": 1 1 1 1 1 1 1 1 1 1 ...
 $ RaceHorse.KettoNum               : Factor w/ 16 levels "2019100056","2019100077",..: 1 2 3 4 5 6 7 8 9 10 ...
 $ RaceHorse.IsHit1                 : int  0 0 0 0 0 0 0 0 0 1 ...
 $ RaceHorse.IsHit2                 : int  0 0 0 0 0 0 0 1 0 0 ...
 $ RaceHorse.IsHit3                 : int  0 0 0 0 0 0 0 0 1 0 ...
 $ RaceHorse.IsHit4                 : int  0 0 0 0 0 0 0 0 0 0 ...
 $ RaceHorse.IsHit5                 : int  0 0 0 0 0 0 0 0 0 0 ...
 $ RaceHorse.IsHit6                 : int  1 1 1 1 1 1 1 0 0 0 ...
 $ RaceHorse.IsValidRaceHorse       : logi  TRUE TRUE TRUE TRUE TRUE TRUE ...
 $ RaceHorse.IsHitA                 : int  0 0 0 0 0 0 0 0 0 1 ...
 $ RaceHorse.IsHitB                 : int  0 0 0 0 0 0 0 1 0 1 ...
 $ RaceHorse.IsHitC                 : int  0 0 0 0 0 0 0 1 1 1 ...
 $ Gen01.HansyokuNum                : Factor w/ 15 levels "11407047","11202115",..: 1 2 3 4 5 6 7 8 9 10 ...
 $ Gen01.TimeDvByRaceAvg            : num  52.6 52.1 49.4 53.6 54.6 ...
 $ Gen01.TimeDvByRaceMax            : num  66.1 71.8 63.3 61.9 70.8 ...
 $ Gen01.RunCount                   : int  2 249 58 13 269 96 209 102 63 46 ...
 $ Gen01.HitCount1                  : int  0 28 1 1 35 3 5 4 3 1 ...
 $ Gen01.HitCount2                  : int  1 19 2 1 35 4 11 8 7 3 ...
 $ Gen01.HitCount3                  : int  0 13 1 2 33 3 14 8 2 2 ...
 $ Gen01.HitCount4                  : int  0 18 4 1 24 7 28 8 5 2 ...
 $ Gen01.HitCount5                  : int  0 12 8 2 18 6 21 10 9 7 ...
 $ Gen01.HitRate1                   : num  0 0.1124 0.0172 0.0769 0.1301 ...
 $ Gen01.HitRate2                   : num  0.5 0.0763 0.0345 0.0769 0.1301 ...
 $ Gen01.HitRate3                   : num  0 0.0522 0.0172 0.1538 0.1227 ...
 $ Gen01.HitRate4                   : num  0 0.0723 0.069 0.0769 0.0892 ...
 $ Gen01.HitRate5                   : num  0 0.0482 0.1379 0.1538 0.0669 ...
 $ EOF                              : int  1 1 1 1 1 1 1 1 1 1 ...
[1] "2022-02-07 10:57:33 --- Predict InputDataSet Finish ---"
[1] "2022-02-07 10:57:33 --- rxPredict (glm) Start ---"
[1] "analyzeFunc=glm"
Rows Read: 16, Total Rows Processed: 16, Total Chunk Time: Less than .001 seconds 
[1] "nrow(PredictDataSet) afte predict=16"
[1] "str(PredictDataSet)"
'data.frame':	16 obs. of  1 variable:
 $ RaceHorse.IsHitA_Pred: num  0.0564 0.0761 0.0591 0.0693 0.0797 ...
NULL
[1] "head(PredictDataSet) afte predict="
  RaceHorse.IsHitA_Pred
1            0.05642864
2            0.07611506
3            0.05910162
4            0.06929613
5            0.07972967
6            0.06136032
[1] "2022-02-07 10:57:33 --- rxPredict (glm) Finish ---"
[1] "2022-02-07 10:57:33 --- add key Start ---"
[1] "nrow(OutputDataSet) add KeyColmn=16"
[1] "str(OutputDataSet) after add Key"
'data.frame':	16 obs. of  2 variables:
 $ RaceHorse.RaceId  : Factor w/ 1 level "20220206-05-01-04-03": 1 1 1 1 1 1 1 1 1 1 ...
 $ RaceHorse.KettoNum: Factor w/ 16 levels "2019100056","2019100077",..: 1 2 3 4 5 6 7 8 9 10 ...
NULL
[1] "2022-02-07 10:57:33 --- add key Finish ---"
[1] "2022-02-07 10:57:33 --- add PredictValue Start ---"
[1] "str(PredictDataSet) before rename="
[1] "colnames(PredictDataSet)=RaceHorse.IsHitA_Pred"
[1] "str(PredictDataSet) after rename="
'data.frame':	16 obs. of  1 variable:
 $ PredictValue: num  0.0564 0.0761 0.0591 0.0693 0.0797 ...
NULL
[1] "str(OutputDataSet) before cbind="
'data.frame':	16 obs. of  2 variables:
 $ RaceHorse.RaceId  : Factor w/ 1 level "20220206-05-01-04-03": 1 1 1 1 1 1 1 1 1 1 ...
 $ RaceHorse.KettoNum: Factor w/ 16 levels "2019100056","2019100077",..: 1 2 3 4 5 6 7 8 9 10 ...
NULL
[1] "str(OutputDataSet) after cbind="
'data.frame':	16 obs. of  3 variables:
 $ RaceHorse.RaceId  : Factor w/ 1 level "20220206-05-01-04-03": 1 1 1 1 1 1 1 1 1 1 ...
 $ RaceHorse.KettoNum: Factor w/ 16 levels "2019100056","2019100077",..: 1 2 3 4 5 6 7 8 9 10 ...
 $ PredictValue      : num  0.0564 0.0761 0.0591 0.0693 0.0797 ...
NULL
[1] "2022-02-07 10:57:33 --- add PredictValue Finish ---"
[1] "2022-02-07 10:57:33 --- final Start ---"
[1] "nrow(OutputDataSet) final=16"
[1] "head(OutputDataSet)="
      RaceHorse.RaceId RaceHorse.KettoNum PredictValue
1 20220206-05-01-04-03         2019100056   0.05642864
2 20220206-05-01-04-03         2019100077   0.07611506
3 20220206-05-01-04-03         2019100279   0.05910162
4 20220206-05-01-04-03         2019101239   0.06929613
5 20220206-05-01-04-03         2019101484   0.07972967
6 20220206-05-01-04-03         2019101553   0.06136032
[1] "str(OutputDataSet)="
'data.frame':	16 obs. of  3 variables:
 $ RaceHorse.RaceId  : Factor w/ 1 level "20220206-05-01-04-03": 1 1 1 1 1 1 1 1 1 1 ...
 $ RaceHorse.KettoNum: Factor w/ 16 levels "2019100056","2019100077",..: 1 2 3 4 5 6 7 8 9 10 ...
 $ PredictValue      : num  0.0564 0.0761 0.0591 0.0693 0.0797 ...
NULL
[1] "2022-02-07 10:57:33 --- final Finish ---"
[1] "2022-02-07 10:57:33 --- predict.R Finished ---"
[1] "2022-02-07 10:57:33 --- log Finish ---"
