[1] "2022-01-22 19:03:19 --- source_function.R Start ---"
[1] "2022-01-22 19:03:19 --- source_function.R Finished ---"
[1] "2022-01-22 19:03:19 --- source_library.R Start ---"
[1] "2022-01-22 19:03:22 --- source_library.R Finished ---"
Rows Read: 17908, Total Rows Processed: 17908, Total Chunk Time: 6.515 seconds 
[1] "object.size(data) auto=2.9 Mb"
[1] "object.size(data) GiB=0 GiB"
[1] "object.size(data) MiB=2.9 MiB"
[1] "nrow(data) database=17908"
[1] "str(data)="
'data.frame':	17908 obs. of  32 variables:
 $ Race.RaceId                      : Factor w/ 1456 levels "20180218-05-01-08-08",..: 1 2 3 4 5 6 7 8 9 10 ...
 $ Race.IsPredictedRace             : logi  TRUE TRUE TRUE TRUE TRUE TRUE ...
 $ Race.IsAnalyzeNormalPastAndFuture: logi  TRUE TRUE TRUE TRUE TRUE TRUE ...
 $ Race.IsAnalyzeNormalPast         : logi  TRUE TRUE TRUE TRUE TRUE TRUE ...
 $ Race.IsAnalyzeNormalFuture       : logi  FALSE FALSE FALSE FALSE FALSE FALSE ...
 $ Race.IsAnalyzeFullPastAndFuture  : logi  TRUE TRUE TRUE TRUE TRUE TRUE ...
 $ Race.IsAnalyzeFullPast           : logi  TRUE TRUE TRUE TRUE TRUE TRUE ...
 $ Race.IsAnalyzeFullFuture         : logi  FALSE FALSE FALSE FALSE FALSE FALSE ...
 $ Race.JyokenCd                    : Factor w/ 1 level "3": 1 1 1 1 1 1 1 1 1 1 ...
 $ Race.JyoType1Cd                  : Factor w/ 168 levels "1-05-2000-1",..: 1 2 3 4 5 6 7 8 9 10 ...
 $ Race.RaceType0Cd                 : Factor w/ 328 levels "1-05-2000-1-3-X-14",..: 1 2 3 4 5 6 7 8 9 10 ...
 $ Race.RaceType1Cd                 : Factor w/ 1 level "3": 1 1 1 1 1 1 1 1 1 1 ...
 $ Race.RaceType2Cd                 : Factor w/ 2 levels "1-3-X","1-3-E": 1 2 1 1 2 2 1 2 2 2 ...
 $ Race.RaceType3Cd                 : Factor w/ 4 levels "3-X-14","3-E-13",..: 1 2 1 3 2 2 3 2 4 2 ...
 $ Race.RaceType4Cd                 : Factor w/ 2 levels "1-3-14","1-3-13": 1 2 1 2 2 2 2 2 1 2 ...
 $ RaceHorse.RaceId                 : Factor w/ 1456 levels "20180218-05-01-08-08",..: 1 2 3 4 5 6 7 8 9 10 ...
 $ RaceHorse.KettoNum               : Factor w/ 3518 levels "2014101708","2017105803",..: 1 2 3 4 5 6 7 8 9 10 ...
 $ RaceHorse.IsHit1                 : int  0 0 0 0 0 0 0 0 0 0 ...
 $ RaceHorse.IsHit2                 : int  0 0 0 0 0 0 0 0 0 0 ...
 $ RaceHorse.IsHit3                 : int  0 0 0 0 0 0 0 0 0 0 ...
 $ RaceHorse.IsHit4                 : int  0 0 0 0 0 0 0 0 0 1 ...
 $ RaceHorse.IsHit5                 : int  0 0 0 0 0 0 0 0 0 0 ...
 $ RaceHorse.IsHit6                 : int  1 1 1 1 1 1 1 1 1 0 ...
 $ RaceHorse.IsValidRaceHorse       : logi  TRUE FALSE TRUE FALSE TRUE TRUE ...
 $ RaceHorse.IsHitA                 : int  0 0 0 0 0 0 0 0 0 0 ...
 $ RaceHorse.IsHitB                 : int  0 0 0 0 0 0 0 0 0 0 ...
 $ RaceHorse.IsHitC                 : int  0 0 0 0 0 0 0 0 0 0 ...
 $ RaceHorse.IsHitD                 : int  0 0 0 0 0 0 0 0 0 1 ...
 $ RaceHorse.IsHitE                 : int  0 0 0 0 0 0 0 0 0 1 ...
 $ Gen01.TimeDvByRace               : num  40.4 49.4 48.6 47.7 48.6 ...
 $ Gen01.TimeDvByRaceType1          : num  59.2 54.7 50.8 50.5 45.3 ...
 $ EOF                              : int  1 1 1 1 1 1 1 1 1 1 ...
[1] "nrow(data) subset before=17908"
[1] "nrow(data) subset after =14661"
[1] "nrow(data) subset diff =3247"
[1] "nrow(data) transform before=17908"
[1] "nrow(data) transform after=14661"
[1] "nrow(data) transform diff=3247"
[1] "nrow(data) na.omit before=14661"
[1] "nrow(data) na.omit after =14661"
[1] "nrow(data) na.omit diff =0"
[1] "glm nrow(data) input=14661"
[1] "str(data)="
'data.frame':	14661 obs. of  32 variables:
 $ Race.RaceId                      : Factor w/ 1456 levels "20180218-05-01-08-08",..: 1 3 5 6 7 8 10 11 12 13 ...
 $ Race.IsPredictedRace             : logi  TRUE TRUE TRUE TRUE TRUE TRUE ...
 $ Race.IsAnalyzeNormalPastAndFuture: logi  TRUE TRUE TRUE TRUE TRUE TRUE ...
 $ Race.IsAnalyzeNormalPast         : logi  TRUE TRUE TRUE TRUE TRUE TRUE ...
 $ Race.IsAnalyzeNormalFuture       : logi  FALSE FALSE FALSE FALSE FALSE FALSE ...
 $ Race.IsAnalyzeFullPastAndFuture  : logi  TRUE TRUE TRUE TRUE TRUE TRUE ...
 $ Race.IsAnalyzeFullPast           : logi  TRUE TRUE TRUE TRUE TRUE TRUE ...
 $ Race.IsAnalyzeFullFuture         : logi  FALSE FALSE FALSE FALSE FALSE FALSE ...
 $ Race.JyokenCd                    : Factor w/ 1 level "3": 1 1 1 1 1 1 1 1 1 1 ...
 $ Race.JyoType1Cd                  : Factor w/ 168 levels "1-05-2000-1",..: 1 3 5 6 7 8 10 11 12 13 ...
 $ Race.RaceType0Cd                 : Factor w/ 328 levels "1-05-2000-1-3-X-14",..: 1 3 5 6 7 8 10 11 12 13 ...
 $ Race.RaceType1Cd                 : Factor w/ 1 level "3": 1 1 1 1 1 1 1 1 1 1 ...
 $ Race.RaceType2Cd                 : Factor w/ 2 levels "1-3-X","1-3-E": 1 1 2 2 1 2 2 1 1 1 ...
 $ Race.RaceType3Cd                 : Factor w/ 4 levels "3-X-14","3-E-13",..: 1 1 2 2 3 2 2 3 3 3 ...
 $ Race.RaceType4Cd                 : Factor w/ 2 levels "1-3-14","1-3-13": 1 1 2 2 2 2 2 2 2 2 ...
 $ RaceHorse.RaceId                 : Factor w/ 1456 levels "20180218-05-01-08-08",..: 1 3 5 6 7 8 10 11 12 13 ...
 $ RaceHorse.KettoNum               : Factor w/ 3518 levels "2014101708","2017105803",..: 1 3 5 6 7 8 10 11 12 13 ...
 $ RaceHorse.IsHit1                 : int  0 0 0 0 0 0 0 0 0 0 ...
 $ RaceHorse.IsHit2                 : int  0 0 0 0 0 0 0 0 1 1 ...
 $ RaceHorse.IsHit3                 : int  0 0 0 0 0 0 0 0 0 0 ...
 $ RaceHorse.IsHit4                 : int  0 0 0 0 0 0 1 1 0 0 ...
 $ RaceHorse.IsHit5                 : int  0 0 0 0 0 0 0 0 0 0 ...
 $ RaceHorse.IsHit6                 : int  1 1 1 1 1 1 0 0 0 0 ...
 $ RaceHorse.IsValidRaceHorse       : logi  TRUE TRUE TRUE TRUE TRUE TRUE ...
 $ RaceHorse.IsHitA                 : int  0 0 0 0 0 0 0 0 0 0 ...
 $ RaceHorse.IsHitB                 : int  0 0 0 0 0 0 0 0 1 1 ...
 $ RaceHorse.IsHitC                 : int  0 0 0 0 0 0 0 0 1 1 ...
 $ RaceHorse.IsHitD                 : int  0 0 0 0 0 0 1 1 1 1 ...
 $ RaceHorse.IsHitE                 : int  0 0 0 0 0 0 1 1 1 1 ...
 $ Gen01.TimeDvByRace               : num  40.4 48.6 48.6 51.1 48.8 ...
 $ Gen01.TimeDvByRaceType1          : num  59.2 50.8 45.3 57 61.1 ...
 $ EOF                              : int  1 1 1 1 1 1 1 1 1 1 ...
[1] "2022-01-22 19:03:35 --- source_logic_glm.R Start ---"
[1] "2022-01-22 19:03:35 --- source_logic_glm.R Finished ---"
[1] "jackpot_results_glm="

Call:  glm(formula = RaceHorse.IsHitA ~ +1 + Gen01.TimeDvByRace, family = "binomial", 
    data = data)

Coefficients:
       (Intercept)  Gen01.TimeDvByRace  
            -8.984               0.128  

Degrees of Freedom: 14660 Total (i.e. Null);  14659 Residual
Null Deviance:	    8220 
Residual Deviance: 8120 	AIC: 8120
[1] "jackpot_results_glm_summary="

Call:
glm(formula = RaceHorse.IsHitA ~ +1 + Gen01.TimeDvByRace, family = "binomial", 
    data = data)

Deviance Residuals: 
   Min      1Q  Median      3Q     Max  
-1.157  -0.427  -0.402  -0.362   2.816  

Coefficients:
                   Estimate Std. Error z value Pr(>|z|)    
(Intercept)         -8.9842     0.6511   -13.8   <2e-16 ***
Gen01.TimeDvByRace   0.1282     0.0127    10.1   <2e-16 ***
---
Signif. codes:  0 '***' 0.001 '**' 0.01 '*' 0.05 '.' 0.1 ' ' 1

(Dispersion parameter for binomial family taken to be 1)

    Null deviance: 8218.5  on 14660  degrees of freedom
Residual deviance: 8117.9  on 14659  degrees of freedom
AIC: 8122

Number of Fisher Scoring iterations: 5

[1] "jackpot_results_glm_step <- Step"
[1] "jackpot_results_glm_step="

Call:  glm(formula = RaceHorse.IsHitA ~ +1 + Gen01.TimeDvByRace, family = "binomial", 
    data = data)

Coefficients:
       (Intercept)  Gen01.TimeDvByRace  
            -8.984               0.128  

Degrees of Freedom: 14660 Total (i.e. Null);  14659 Residual
Null Deviance:	    8220 
Residual Deviance: 8120 	AIC: 8120
[1] "jackpot_results_glm_step_summary="

Call:
glm(formula = RaceHorse.IsHitA ~ +1 + Gen01.TimeDvByRace, family = "binomial", 
    data = data)

Deviance Residuals: 
   Min      1Q  Median      3Q     Max  
-1.157  -0.427  -0.402  -0.362   2.816  

Coefficients:
                   Estimate Std. Error z value Pr(>|z|)    
(Intercept)         -8.9842     0.6511   -13.8   <2e-16 ***
Gen01.TimeDvByRace   0.1282     0.0127    10.1   <2e-16 ***
---
Signif. codes:  0 '***' 0.001 '**' 0.01 '*' 0.05 '.' 0.1 ' ' 1

(Dispersion parameter for binomial family taken to be 1)

    Null deviance: 8218.5  on 14660  degrees of freedom
Residual deviance: 8117.9  on 14659  degrees of freedom
AIC: 8122

Number of Fisher Scoring iterations: 5

[1] "pdfFilename=pdf_glm_Type13.plot_jackpot_results_glm.pdf"
[1] "pdfFilename=pdf_glm_Type13.plot_jackpot_results_glm_step.pdf"
[1] "save.image"
[1] "rdataFilename=RData_glm_Type13.RData"
[1] "log sink finish"
