[1] "2022-02-04 18:08:44 --- D1113_Predict_glm_Gen02_IsHitA_Type26 Start ---"
[1] "2022-02-04 18:08:44 --- Log Start ---"
[1] "2022-02-04 18:08:44 --- predict.R Start ---"
[1] "analyzeVersion=D1113"
[1] "analyzeCategory=Predict"
[1] "analyzeType=Gen02"
[1] "analyzeFamily=IsHitA"
[1] "analyzeFunc=glm"
[1] "analyzeTrackTypeCd=2"
[1] "analyzeJyokenCd=6"
[1] "2022-02-04 18:08:45 --- source_function.R Start ---"
[1] "2022-02-04 18:08:45 --- source_function.R Finished ---"

> print(paste0(Sys.time(), " --- source_library.R Start ---"))
[1] "2022-02-04 18:08:45 --- source_library.R Start ---"

> require("RevoScaleR")

> print(paste0(Sys.time(), " --- source_library.R Finished ---"))
[1] "2022-02-04 18:08:45 --- source_library.R Finished ---"
[1] "2022-02-04 18:08:45 --- Load Start ---"
[1] "loadFilename=RData_Analyze_glm_Gen02_Type26.RData"
[1] "2022-02-04 18:08:45 --- Load Finished ---"
[1] "2022-02-04 18:08:45 --- RxSqlServerData Start ---"
[1] "sqlQuery=SELECT * FROM ViewAnalyzeD1113analyze01Gen02Type26 WHERE [Race.IsPredictedRace] = 1"
Rows Read: 3894, Total Rows Processed: 3894, Total Chunk Time: 10.601 seconds 
[1] "head(InputDataSet)="
           Race.RaceId Race.IsPredictedRace Race.IsAnalyzeNormalPastAndFuture
1 20200126-06-01-09-06                 TRUE                              TRUE
2 20161225-06-05-09-04                 TRUE                              TRUE
3 20190203-07-01-06-05                 TRUE                              TRUE
4 20201010-08-04-01-04                 TRUE                              TRUE
5 20201018-04-04-04-05                 TRUE                              TRUE
6 20191012-05-04-03-04                 TRUE                              TRUE
  Race.IsAnalyzeNormalPast Race.IsAnalyzeNormalFuture
1                     TRUE                      FALSE
2                     TRUE                      FALSE
3                     TRUE                      FALSE
4                     TRUE                      FALSE
5                     TRUE                      FALSE
6                     TRUE                      FALSE
  Race.IsAnalyzeFullPastAndFuture Race.IsAnalyzeFullPast
1                            TRUE                   TRUE
2                            TRUE                   TRUE
3                            TRUE                   TRUE
4                            TRUE                   TRUE
5                            TRUE                   TRUE
6                            TRUE                   TRUE
  Race.IsAnalyzeFullFuture Race.JyokenCd Race.JyoType1Cd   Race.RaceType0Cd
1                    FALSE             6     2-06-1800-2 2-06-1800-2-6-X-12
2                    FALSE             6     2-06-1200-2 2-06-1200-2-6-X-11
3                    FALSE             6     2-07-1400-2 2-07-1400-2-6-X-12
4                    FALSE             6     2-08-1200-4 2-08-1200-4-6-X-11
5                    FALSE             6     2-04-1800-1 2-04-1800-1-6-X-11
6                    FALSE             6     2-05-1400-1 2-05-1400-1-6-X-11
  Race.RaceType1Cd Race.RaceType2Cd Race.RaceType3Cd Race.RaceType4Cd
1            2-6-X            2-6-X           6-X-12           2-6-12
2            2-6-X            2-6-X           6-X-11           2-6-11
3            2-6-X            2-6-X           6-X-12           2-6-12
4            2-6-X            2-6-X           6-X-11           2-6-11
5            2-6-X            2-6-X           6-X-11           2-6-11
6            2-6-X            2-6-X           6-X-11           2-6-11
      RaceHorse.RaceId RaceHorse.KettoNum RaceHorse.IsHit1 RaceHorse.IsHit2
1 20200126-06-01-09-06         2017103706                0                0
2 20161225-06-05-09-04         2014102078                0                0
3 20190203-07-01-06-05         2016102889                0                0
4 20201010-08-04-01-04         2018106697                0                0
5 20201018-04-04-04-05         2018102144                0                0
6 20191012-05-04-03-04         2017105991                0                0
  RaceHorse.IsHit3 RaceHorse.IsHit4 RaceHorse.IsHit5 RaceHorse.IsHit6
1                0                0                0                1
2                0                0                0                1
3                0                0                0                1
4                0                1                0                0
5                0                0                0                1
6                0                0                0                0
  RaceHorse.IsValidRaceHorse RaceHorse.IsHitA RaceHorse.IsHitB RaceHorse.IsHitC
1                       TRUE                0                0                0
2                       TRUE                0                0                0
3                       TRUE                0                0                0
4                       TRUE                0                0                0
5                       TRUE                0                0                0
6                      FALSE                0                0                0
  Gen02.HansyokuNum Gen02.TimeDvByRaceAvg Gen02.TimeDvByRaceMax Gen02.RunCount
1          12252564              40.79112              40.79112              1
2          12256112              57.63462              58.15723              2
3          12258155              52.26804              58.85328              3
4          12262176              56.78405              56.78405              1
5          12257366              54.44543              54.44543              1
6          12251271              58.24557              60.04301              4
  Gen02.HitCount1 Gen02.HitCount2 Gen02.HitCount3 Gen02.HitCount4
1               0               0               0               0
2               0               0               0               2
3               0               0               1               0
4               0               0               0               0
5               0               0               0               0
6               0               1               2               0
  Gen02.HitCount5 Gen02.HitRate1 Gen02.HitRate2 Gen02.HitRate3 Gen02.HitRate4
1               0              0           0.00      0.0000000              0
2               0              0           0.00      0.0000000              1
3               0              0           0.00      0.3333333              0
4               0              0           0.00      0.0000000              0
5               0              0           0.00      0.0000000              0
6               1              0           0.25      0.5000000              0
  Gen02.HitRate5 EOF
1           0.00   1
2           0.00   1
3           0.00   1
4           0.00   1
5           0.00   1
6           0.25   1
[1] "object.size(InputDataSet) auto=1.3 Mb"
[1] "nrow(InputDataSet) RxSqlServerData=3894"
[1] "str(InputDataSet)="
'data.frame':	3894 obs. of  42 variables:
 $ Race.RaceId                      : Factor w/ 587 levels "20161225-06-05-09-04",..: 11 1 12 13 14 15 16 17 18 19 ...
 $ Race.IsPredictedRace             : logi  TRUE TRUE TRUE TRUE TRUE TRUE ...
 $ Race.IsAnalyzeNormalPastAndFuture: logi  TRUE TRUE TRUE TRUE TRUE TRUE ...
 $ Race.IsAnalyzeNormalPast         : logi  TRUE TRUE TRUE TRUE TRUE TRUE ...
 $ Race.IsAnalyzeNormalFuture       : logi  FALSE FALSE FALSE FALSE FALSE FALSE ...
 $ Race.IsAnalyzeFullPastAndFuture  : logi  TRUE TRUE TRUE TRUE TRUE TRUE ...
 $ Race.IsAnalyzeFullPast           : logi  TRUE TRUE TRUE TRUE TRUE TRUE ...
 $ Race.IsAnalyzeFullFuture         : logi  FALSE FALSE FALSE FALSE FALSE FALSE ...
 $ Race.JyokenCd                    : Factor w/ 1 level "6": 1 1 1 1 1 1 1 1 1 1 ...
 $ Race.JyoType1Cd                  : Factor w/ 74 levels "2-06-1200-2",..: 4 1 8 9 10 11 3 12 13 14 ...
 $ Race.RaceType0Cd                 : Factor w/ 112 levels "2-06-1200-2-6-X-11",..: 5 1 9 10 11 12 13 14 15 16 ...
 $ Race.RaceType1Cd                 : Factor w/ 1 level "2-6-X": 1 1 1 1 1 1 1 1 1 1 ...
 $ Race.RaceType2Cd                 : Factor w/ 1 level "2-6-X": 1 1 1 1 1 1 1 1 1 1 ...
 $ Race.RaceType3Cd                 : Factor w/ 2 levels "6-X-11","6-X-12": 2 1 2 1 1 1 1 2 2 2 ...
 $ Race.RaceType4Cd                 : Factor w/ 2 levels "2-6-11","2-6-12": 2 1 2 1 1 1 1 2 2 2 ...
 $ RaceHorse.RaceId                 : Factor w/ 587 levels "20161225-06-05-09-04",..: 11 1 12 13 14 15 16 17 18 19 ...
 $ RaceHorse.KettoNum               : Factor w/ 3867 levels "2014101667","2017104400",..: 11 12 13 14 15 16 17 18 19 20 ...
 $ RaceHorse.IsHit1                 : int  0 0 0 0 0 0 0 0 0 0 ...
 $ RaceHorse.IsHit2                 : int  0 0 0 0 0 0 0 0 0 0 ...
 $ RaceHorse.IsHit3                 : int  0 0 0 0 0 0 0 0 0 0 ...
 $ RaceHorse.IsHit4                 : int  0 0 0 1 0 0 0 0 0 0 ...
 $ RaceHorse.IsHit5                 : int  0 0 0 0 0 0 0 0 0 0 ...
 $ RaceHorse.IsHit6                 : int  1 1 1 0 1 0 1 1 1 1 ...
 $ RaceHorse.IsValidRaceHorse       : logi  TRUE TRUE TRUE TRUE TRUE FALSE ...
 $ RaceHorse.IsHitA                 : int  0 0 0 0 0 0 0 0 0 0 ...
 $ RaceHorse.IsHitB                 : int  0 0 0 0 0 0 0 0 0 0 ...
 $ RaceHorse.IsHitC                 : int  0 0 0 0 0 0 0 0 0 0 ...
 $ Gen02.HansyokuNum                : Factor w/ 2675 levels "12250194","12256231",..: 11 12 13 14 15 16 17 18 19 20 ...
 $ Gen02.TimeDvByRaceAvg            : num  40.8 57.6 52.3 56.8 54.4 ...
 $ Gen02.TimeDvByRaceMax            : num  40.8 58.2 58.9 56.8 54.4 ...
 $ Gen02.RunCount                   : int  1 2 3 1 1 4 4 1 1 3 ...
 $ Gen02.HitCount1                  : int  0 0 0 0 0 0 0 0 0 0 ...
 $ Gen02.HitCount2                  : int  0 0 0 0 0 1 1 0 0 0 ...
 $ Gen02.HitCount3                  : int  0 0 1 0 0 2 0 0 0 0 ...
 $ Gen02.HitCount4                  : int  0 2 0 0 0 0 1 0 0 0 ...
 $ Gen02.HitCount5                  : int  0 0 0 0 0 1 0 0 1 0 ...
 $ Gen02.HitRate1                   : num  0 0 0 0 0 0 0 0 0 0 ...
 $ Gen02.HitRate2                   : num  0 0 0 0 0 0.25 0.25 0 0 0 ...
 $ Gen02.HitRate3                   : num  0 0 0.333 0 0 ...
 $ Gen02.HitRate4                   : num  0 1 0 0 0 0 0.25 0 0 0 ...
 $ Gen02.HitRate5                   : num  0 0 0 0 0 0.25 0 0 1 0 ...
 $ EOF                              : int  1 1 1 1 1 1 1 1 1 1 ...
[1] "2022-02-04 18:09:07 --- RxSqlServerData Finish ---"
[1] "2022-02-04 18:09:07 --- subset Start ---"
[1] "nrow(InputDataSet) subset before=3894"
[1] "nrow(InputDataSet) subset after=3894"
[1] "nrow(InputDataSet) subset diff=0"
[1] "class(InputDataSet$Race.IsAnalyzeNormalPast)=logical"
[1] "class(InputDataSet$Race.analyzeTrackTypeCd)=NULL"
[1] "2022-02-04 18:09:07 --- subset Finish ---"
[1] "2022-02-04 18:09:07 --- transform Start ---"
[1] "nrow(InputDataSet) transaform before=3894"
[1] "nrow(InputDataSet) transaform after=3894"
[1] "nrow(InputDataSet) transaform diff=0"
[1] "str(InputDataSet)="
'data.frame':	3894 obs. of  42 variables:
 $ Race.RaceId                      : Factor w/ 587 levels "20161225-06-05-09-04",..: 11 1 12 13 14 15 16 17 18 19 ...
 $ Race.IsPredictedRace             : logi  TRUE TRUE TRUE TRUE TRUE TRUE ...
 $ Race.IsAnalyzeNormalPastAndFuture: logi  TRUE TRUE TRUE TRUE TRUE TRUE ...
 $ Race.IsAnalyzeNormalPast         : logi  TRUE TRUE TRUE TRUE TRUE TRUE ...
 $ Race.IsAnalyzeNormalFuture       : logi  FALSE FALSE FALSE FALSE FALSE FALSE ...
 $ Race.IsAnalyzeFullPastAndFuture  : logi  TRUE TRUE TRUE TRUE TRUE TRUE ...
 $ Race.IsAnalyzeFullPast           : logi  TRUE TRUE TRUE TRUE TRUE TRUE ...
 $ Race.IsAnalyzeFullFuture         : logi  FALSE FALSE FALSE FALSE FALSE FALSE ...
 $ Race.JyokenCd                    : Factor w/ 1 level "6": 1 1 1 1 1 1 1 1 1 1 ...
 $ Race.JyoType1Cd                  : Factor w/ 74 levels "2-06-1200-2",..: 4 1 8 9 10 11 3 12 13 14 ...
 $ Race.RaceType0Cd                 : Factor w/ 112 levels "2-06-1200-2-6-X-11",..: 5 1 9 10 11 12 13 14 15 16 ...
 $ Race.RaceType1Cd                 : Factor w/ 1 level "2-6-X": 1 1 1 1 1 1 1 1 1 1 ...
 $ Race.RaceType2Cd                 : Factor w/ 1 level "2-6-X": 1 1 1 1 1 1 1 1 1 1 ...
 $ Race.RaceType3Cd                 : Factor w/ 2 levels "6-X-11","6-X-12": 2 1 2 1 1 1 1 2 2 2 ...
 $ Race.RaceType4Cd                 : Factor w/ 2 levels "2-6-11","2-6-12": 2 1 2 1 1 1 1 2 2 2 ...
 $ RaceHorse.RaceId                 : Factor w/ 587 levels "20161225-06-05-09-04",..: 11 1 12 13 14 15 16 17 18 19 ...
 $ RaceHorse.KettoNum               : Factor w/ 3867 levels "2014101667","2017104400",..: 11 12 13 14 15 16 17 18 19 20 ...
 $ RaceHorse.IsHit1                 : int  0 0 0 0 0 0 0 0 0 0 ...
 $ RaceHorse.IsHit2                 : int  0 0 0 0 0 0 0 0 0 0 ...
 $ RaceHorse.IsHit3                 : int  0 0 0 0 0 0 0 0 0 0 ...
 $ RaceHorse.IsHit4                 : int  0 0 0 1 0 0 0 0 0 0 ...
 $ RaceHorse.IsHit5                 : int  0 0 0 0 0 0 0 0 0 0 ...
 $ RaceHorse.IsHit6                 : int  1 1 1 0 1 0 1 1 1 1 ...
 $ RaceHorse.IsValidRaceHorse       : logi  TRUE TRUE TRUE TRUE TRUE FALSE ...
 $ RaceHorse.IsHitA                 : int  0 0 0 0 0 0 0 0 0 0 ...
 $ RaceHorse.IsHitB                 : int  0 0 0 0 0 0 0 0 0 0 ...
 $ RaceHorse.IsHitC                 : int  0 0 0 0 0 0 0 0 0 0 ...
 $ Gen02.HansyokuNum                : Factor w/ 2675 levels "12250194","12256231",..: 11 12 13 14 15 16 17 18 19 20 ...
 $ Gen02.TimeDvByRaceAvg            : num  40.8 57.6 52.3 56.8 54.4 ...
 $ Gen02.TimeDvByRaceMax            : num  40.8 58.2 58.9 56.8 54.4 ...
 $ Gen02.RunCount                   : int  1 2 3 1 1 4 4 1 1 3 ...
 $ Gen02.HitCount1                  : int  0 0 0 0 0 0 0 0 0 0 ...
 $ Gen02.HitCount2                  : int  0 0 0 0 0 1 1 0 0 0 ...
 $ Gen02.HitCount3                  : int  0 0 1 0 0 2 0 0 0 0 ...
 $ Gen02.HitCount4                  : int  0 2 0 0 0 0 1 0 0 0 ...
 $ Gen02.HitCount5                  : int  0 0 0 0 0 1 0 0 1 0 ...
 $ Gen02.HitRate1                   : num  0 0 0 0 0 0 0 0 0 0 ...
 $ Gen02.HitRate2                   : num  0 0 0 0 0 0.25 0.25 0 0 0 ...
 $ Gen02.HitRate3                   : num  0 0 0.333 0 0 ...
 $ Gen02.HitRate4                   : num  0 1 0 0 0 0 0.25 0 0 0 ...
 $ Gen02.HitRate5                   : num  0 0 0 0 0 0.25 0 0 1 0 ...
 $ EOF                              : int  1 1 1 1 1 1 1 1 1 1 ...
NULL
[1] "2022-02-04 18:09:07 --- transform Finish ---"
[1] "2022-02-04 18:09:07 --- na.omit Start ---"
[1] "nrow(InputDataSet) na.omit before=3894"
[1] "nrow(InputDataSet) na.omit after=3894"
[1] "nrow(InputDataSet) na.omit diff=0"
[1] "2022-02-04 18:09:07 --- na.omit Finish---"
[1] "2022-02-04 18:09:07 --- New Levels Start ---"
[1] "levels(data$Race.RaceType1Cd)=2-6-X"
[1] "levels(InputDataSet$Race.RaceType1Cd)=2-6-X"
[1] "length(Race.RaceType1Cd.Index)=0"
[1] "2022-02-04 18:09:07 --- New Levels Finish ---"
[1] "2022-02-04 18:09:07 --- na.omit Start ---"
[1] "nrow(InputDataSet) na.omit levels before=3894"
[1] "nrow(InputDataSet) na.omit levels after=3894"
[1] "nrow(InputDataSet) na.omit levels diff=0"
[1] "2022-02-04 18:09:07 --- na.omit Finish ---"
[1] "2022-02-04 18:09:07 --- Predict InputDataSet Start ---"
[1] "nrow(InputDataSet) predict=3894"
[1] "str(InputDataSet)="
'data.frame':	3894 obs. of  42 variables:
 $ Race.RaceId                      : Factor w/ 587 levels "20161225-06-05-09-04",..: 11 1 12 13 14 15 16 17 18 19 ...
 $ Race.IsPredictedRace             : logi  TRUE TRUE TRUE TRUE TRUE TRUE ...
 $ Race.IsAnalyzeNormalPastAndFuture: logi  TRUE TRUE TRUE TRUE TRUE TRUE ...
 $ Race.IsAnalyzeNormalPast         : logi  TRUE TRUE TRUE TRUE TRUE TRUE ...
 $ Race.IsAnalyzeNormalFuture       : logi  FALSE FALSE FALSE FALSE FALSE FALSE ...
 $ Race.IsAnalyzeFullPastAndFuture  : logi  TRUE TRUE TRUE TRUE TRUE TRUE ...
 $ Race.IsAnalyzeFullPast           : logi  TRUE TRUE TRUE TRUE TRUE TRUE ...
 $ Race.IsAnalyzeFullFuture         : logi  FALSE FALSE FALSE FALSE FALSE FALSE ...
 $ Race.JyokenCd                    : Factor w/ 1 level "6": 1 1 1 1 1 1 1 1 1 1 ...
 $ Race.JyoType1Cd                  : Factor w/ 74 levels "2-06-1200-2",..: 4 1 8 9 10 11 3 12 13 14 ...
 $ Race.RaceType0Cd                 : Factor w/ 112 levels "2-06-1200-2-6-X-11",..: 5 1 9 10 11 12 13 14 15 16 ...
 $ Race.RaceType1Cd                 : Factor w/ 1 level "2-6-X": 1 1 1 1 1 1 1 1 1 1 ...
 $ Race.RaceType2Cd                 : Factor w/ 1 level "2-6-X": 1 1 1 1 1 1 1 1 1 1 ...
 $ Race.RaceType3Cd                 : Factor w/ 2 levels "6-X-11","6-X-12": 2 1 2 1 1 1 1 2 2 2 ...
 $ Race.RaceType4Cd                 : Factor w/ 2 levels "2-6-11","2-6-12": 2 1 2 1 1 1 1 2 2 2 ...
 $ RaceHorse.RaceId                 : Factor w/ 587 levels "20161225-06-05-09-04",..: 11 1 12 13 14 15 16 17 18 19 ...
 $ RaceHorse.KettoNum               : Factor w/ 3867 levels "2014101667","2017104400",..: 11 12 13 14 15 16 17 18 19 20 ...
 $ RaceHorse.IsHit1                 : int  0 0 0 0 0 0 0 0 0 0 ...
 $ RaceHorse.IsHit2                 : int  0 0 0 0 0 0 0 0 0 0 ...
 $ RaceHorse.IsHit3                 : int  0 0 0 0 0 0 0 0 0 0 ...
 $ RaceHorse.IsHit4                 : int  0 0 0 1 0 0 0 0 0 0 ...
 $ RaceHorse.IsHit5                 : int  0 0 0 0 0 0 0 0 0 0 ...
 $ RaceHorse.IsHit6                 : int  1 1 1 0 1 0 1 1 1 1 ...
 $ RaceHorse.IsValidRaceHorse       : logi  TRUE TRUE TRUE TRUE TRUE FALSE ...
 $ RaceHorse.IsHitA                 : int  0 0 0 0 0 0 0 0 0 0 ...
 $ RaceHorse.IsHitB                 : int  0 0 0 0 0 0 0 0 0 0 ...
 $ RaceHorse.IsHitC                 : int  0 0 0 0 0 0 0 0 0 0 ...
 $ Gen02.HansyokuNum                : Factor w/ 2675 levels "12250194","12256231",..: 11 12 13 14 15 16 17 18 19 20 ...
 $ Gen02.TimeDvByRaceAvg            : num  40.8 57.6 52.3 56.8 54.4 ...
 $ Gen02.TimeDvByRaceMax            : num  40.8 58.2 58.9 56.8 54.4 ...
 $ Gen02.RunCount                   : int  1 2 3 1 1 4 4 1 1 3 ...
 $ Gen02.HitCount1                  : int  0 0 0 0 0 0 0 0 0 0 ...
 $ Gen02.HitCount2                  : int  0 0 0 0 0 1 1 0 0 0 ...
 $ Gen02.HitCount3                  : int  0 0 1 0 0 2 0 0 0 0 ...
 $ Gen02.HitCount4                  : int  0 2 0 0 0 0 1 0 0 0 ...
 $ Gen02.HitCount5                  : int  0 0 0 0 0 1 0 0 1 0 ...
 $ Gen02.HitRate1                   : num  0 0 0 0 0 0 0 0 0 0 ...
 $ Gen02.HitRate2                   : num  0 0 0 0 0 0.25 0.25 0 0 0 ...
 $ Gen02.HitRate3                   : num  0 0 0.333 0 0 ...
 $ Gen02.HitRate4                   : num  0 1 0 0 0 0 0.25 0 0 0 ...
 $ Gen02.HitRate5                   : num  0 0 0 0 0 0.25 0 0 1 0 ...
 $ EOF                              : int  1 1 1 1 1 1 1 1 1 1 ...
[1] "2022-02-04 18:09:07 --- Predict InputDataSet Finish ---"
[1] "2022-02-04 18:09:07 --- rxPredict (glm) Start ---"
[1] "analyzeFunc=glm"
Rows Read: 3894, Total Rows Processed: 3894, Total Chunk Time: Less than .001 seconds 
[1] "nrow(PredictDataSet) afte predict=3894"
[1] "str(PredictDataSet)"
'data.frame':	3894 obs. of  1 variable:
 $ RaceHorse.IsHitA_Pred: num  0.0445 0.0702 0.0608 0.0686 0.0644 ...
NULL
[1] "head(PredictDataSet) afte predict="
  RaceHorse.IsHitA_Pred
1            0.04445943
2            0.07018764
3            0.06076884
4            0.06860960
5            0.06443877
6            0.07134178
[1] "2022-02-04 18:09:07 --- rxPredict (glm) Finish ---"
[1] "2022-02-04 18:09:07 --- add key Start ---"
[1] "nrow(OutputDataSet) add KeyColmn=3894"
[1] "str(OutputDataSet) after add Key"
'data.frame':	3894 obs. of  2 variables:
 $ RaceHorse.RaceId  : Factor w/ 587 levels "20161225-06-05-09-04",..: 11 1 12 13 14 15 16 17 18 19 ...
 $ RaceHorse.KettoNum: Factor w/ 3867 levels "2014101667","2017104400",..: 11 12 13 14 15 16 17 18 19 20 ...
NULL
[1] "2022-02-04 18:09:07 --- add key Finish ---"
[1] "2022-02-04 18:09:07 --- add PredictValue Start ---"
[1] "str(PredictDataSet) before rename="
[1] "colnames(PredictDataSet)=RaceHorse.IsHitA_Pred"
[1] "str(PredictDataSet) after rename="
'data.frame':	3894 obs. of  1 variable:
 $ PredictValue: num  0.0445 0.0702 0.0608 0.0686 0.0644 ...
NULL
[1] "str(OutputDataSet) before cbind="
'data.frame':	3894 obs. of  2 variables:
 $ RaceHorse.RaceId  : Factor w/ 587 levels "20161225-06-05-09-04",..: 11 1 12 13 14 15 16 17 18 19 ...
 $ RaceHorse.KettoNum: Factor w/ 3867 levels "2014101667","2017104400",..: 11 12 13 14 15 16 17 18 19 20 ...
NULL
[1] "str(OutputDataSet) after cbind="
'data.frame':	3894 obs. of  3 variables:
 $ RaceHorse.RaceId  : Factor w/ 587 levels "20161225-06-05-09-04",..: 11 1 12 13 14 15 16 17 18 19 ...
 $ RaceHorse.KettoNum: Factor w/ 3867 levels "2014101667","2017104400",..: 11 12 13 14 15 16 17 18 19 20 ...
 $ PredictValue      : num  0.0445 0.0702 0.0608 0.0686 0.0644 ...
NULL
[1] "2022-02-04 18:09:07 --- add PredictValue Finish ---"
[1] "2022-02-04 18:09:07 --- final Start ---"
[1] "nrow(OutputDataSet) final=3894"
[1] "head(OutputDataSet)="
      RaceHorse.RaceId RaceHorse.KettoNum PredictValue
1 20200126-06-01-09-06         2017103706   0.04445943
2 20161225-06-05-09-04         2014102078   0.07018764
3 20190203-07-01-06-05         2016102889   0.06076884
4 20201010-08-04-01-04         2018106697   0.06860960
5 20201018-04-04-04-05         2018102144   0.06443877
6 20191012-05-04-03-04         2017105991   0.07134178
[1] "str(OutputDataSet)="
'data.frame':	3894 obs. of  3 variables:
 $ RaceHorse.RaceId  : Factor w/ 587 levels "20161225-06-05-09-04",..: 11 1 12 13 14 15 16 17 18 19 ...
 $ RaceHorse.KettoNum: Factor w/ 3867 levels "2014101667","2017104400",..: 11 12 13 14 15 16 17 18 19 20 ...
 $ PredictValue      : num  0.0445 0.0702 0.0608 0.0686 0.0644 ...
NULL
[1] "2022-02-04 18:09:07 --- final Finish ---"
[1] "2022-02-04 18:09:07 --- predict.R Finished ---"
[1] "2022-02-04 18:09:07 --- log Finish ---"
