[1] "2022-02-07 22:21:57 --- D1113_analyze_glm_Jockey_IsHitA_Type14 Start ---"
[1] "2022-02-07 22:21:57 --- Log Start ---"
[1] "2022-02-07 22:21:57 --- analyze_glm.R Start ---"
[1] "analyzeVersion=D1113"
[1] "analyzeCategory=analyze"
[1] "analyzeType=Jockey"
[1] "analyzeFamily=IsHitA"
[1] "analyzeFunc=glm"
[1] "analyzeTrackTypeCd=1"
[1] "analyzeJyokenCd=4"
[1] "2022-02-07 22:21:57 --- source_function.R Start ---"
[1] "2022-02-07 22:21:57 --- source_function.R Finished ---"

> print(paste0(Sys.time(), " --- source_library.R Start ---"))
[1] "2022-02-07 22:21:57 --- source_library.R Start ---"

> require("RevoScaleR")

> print(paste0(Sys.time(), " --- source_library.R Finished ---"))
[1] "2022-02-07 22:21:58 --- source_library.R Finished ---"
[1] "2022-02-07 22:21:58 --- RxSqlServerData Start ---"
[1] "sqlQuery=SELECT * FROM ViewAnalyzeD1113analyze01JockeyType14"
Rows Read: 36211, Total Rows Processed: 36211, Total Chunk Time: 94.879 seconds 
[1] "head(data)="
           Race.RaceId Race.IsPredictedRace Race.IsAnalyzeNormalPastAndFuture
1 20200905-04-03-07-12                FALSE                              TRUE
2 20210919-06-04-04-12                FALSE                              TRUE
3 20170225-06-02-01-09                FALSE                              TRUE
4 20160619-09-03-06-08                FALSE                              TRUE
5 20211016-04-05-03-09                FALSE                              TRUE
6 20180422-08-03-02-06                FALSE                              TRUE
  Race.IsAnalyzeNormalPast Race.IsAnalyzeNormalFuture
1                     TRUE                      FALSE
2                    FALSE                       TRUE
3                     TRUE                      FALSE
4                     TRUE                      FALSE
5                    FALSE                       TRUE
6                     TRUE                      FALSE
  Race.IsAnalyzeFullPastAndFuture Race.IsAnalyzeFullPast
1                            TRUE                   TRUE
2                            TRUE                  FALSE
3                            TRUE                   TRUE
4                            TRUE                   TRUE
5                            TRUE                  FALSE
6                            TRUE                   TRUE
  Race.IsAnalyzeFullFuture Race.JyokenCd Race.JyoType1Cd   Race.RaceType0Cd
1                    FALSE             4     1-04-1800-1 1-04-1800-1-4-X-13
2                     TRUE             4     1-06-1200-1 1-06-1200-1-4-X-13
3                    FALSE             4     1-06-2200-1 1-06-2200-1-4-E-12
4                    FALSE             4     1-09-2000-3 1-09-2000-3-4-X-13
5                     TRUE             4     1-04-1400-1 1-04-1400-1-4-X-13
6                    FALSE             4     1-08-1600-1 1-08-1600-1-4-X-12
  Race.RaceType1Cd Race.RaceType2Cd Race.RaceType3Cd Race.RaceType4Cd
1            1-4-X            1-4-X           4-X-13           1-4-13
2            1-4-X            1-4-X           4-X-13           1-4-13
3            1-4-E            1-4-E           4-E-12           1-4-12
4            1-4-X            1-4-X           4-X-13           1-4-13
5            1-4-X            1-4-X           4-X-13           1-4-13
6            1-4-X            1-4-X           4-X-12           1-4-12
      RaceHorse.RaceId RaceHorse.KettoNum RaceHorse.IsHit1 RaceHorse.IsHit2
1 20200905-04-03-07-12         2016106237                0                0
2 20210919-06-04-04-12         2018106612                0                0
3 20170225-06-02-01-09         2014105787                0                0
4 20160619-09-03-06-08         2013104560                0                0
5 20211016-04-05-03-09         2015100751                0                1
6 20180422-08-03-02-06         2015102580                0                0
  RaceHorse.IsHit3 RaceHorse.IsHit4 RaceHorse.IsHit5 RaceHorse.IsHit6
1                0                0                1                0
2                0                0                0                1
3                0                1                0                0
4                0                0                0                1
5                0                0                0                0
6                0                0                0                1
  RaceHorse.IsValidRaceHorse RaceHorse.IsHitA RaceHorse.IsHitB RaceHorse.IsHitC
1                       TRUE                0                0                0
2                       TRUE                0                0                0
3                       TRUE                0                0                0
4                       TRUE                0                0                0
5                       TRUE                0                1                1
6                       TRUE                0                0                0
  Jockey.KisyuCode Jockey.TimeDvByRaceAvg Jockey.TimeDvByRaceMax
1            01167                     47                     67
2            01178                     49                     71
3            05386                     54                     73
4            01115                     54                     69
5            01091                     51                     72
6            01018                     52                     74
  Jockey.RunCount Jockey.HitCount1 Jockey.HitCount2 Jockey.HitCount3
1             135                7                8                4
2             200               10                9               11
3             159               25               19               14
4             273               44               38               18
5             325               18               22               30
6             343               24               28               28
  Jockey.HitCount4 Jockey.HitCount5 Jockey.HitRate1 Jockey.HitRate2
1                4                7            0.05            0.06
2               18               14            0.05            0.04
3               13               15            0.16            0.12
4               20               19            0.16            0.14
5               31               26            0.06            0.07
6               29               27            0.07            0.08
  Jockey.HitRate3 Jockey.HitRate4 Jockey.HitRate5 EOF
1            0.03            0.03            0.05   1
2            0.06            0.09            0.07   1
3            0.09            0.08            0.09   1
4            0.07            0.07            0.07   1
5            0.09            0.10            0.08   1
6            0.08            0.08            0.08   1
[1] "object.size(data) auto=7.9 Mb"
[1] "nrow(data) RxSqlServerData=36211"
[1] "str(data)="
'data.frame':	36211 obs. of  42 variables:
 $ Race.RaceId                      : Factor w/ 2691 levels "20181110-03-03-03-10",..: 11 5 3 12 7 9 10 13 1 2 ...
 $ Race.IsPredictedRace             : logi  FALSE FALSE FALSE FALSE FALSE FALSE ...
 $ Race.IsAnalyzeNormalPastAndFuture: logi  TRUE TRUE TRUE TRUE TRUE TRUE ...
 $ Race.IsAnalyzeNormalPast         : logi  TRUE FALSE TRUE TRUE FALSE TRUE ...
 $ Race.IsAnalyzeNormalFuture       : logi  FALSE TRUE FALSE FALSE TRUE FALSE ...
 $ Race.IsAnalyzeFullPastAndFuture  : logi  TRUE TRUE TRUE TRUE TRUE TRUE ...
 $ Race.IsAnalyzeFullPast           : logi  TRUE FALSE TRUE TRUE FALSE TRUE ...
 $ Race.IsAnalyzeFullFuture         : logi  FALSE TRUE FALSE FALSE TRUE FALSE ...
 $ Race.JyokenCd                    : Factor w/ 1 level "4": 1 1 1 1 1 1 1 1 1 1 ...
 $ Race.JyoType1Cd                  : Factor w/ 182 levels "1-03-2000-1",..: 9 4 3 10 6 8 2 11 1 2 ...
 $ Race.RaceType0Cd                 : Factor w/ 548 levels "1-03-2000-1-4-E-13",..: 10 5 3 11 7 9 2 12 1 2 ...
 $ Race.RaceType1Cd                 : Factor w/ 2 levels "1-4-E","1-4-X": 2 2 1 2 2 2 2 1 1 2 ...
 $ Race.RaceType2Cd                 : Factor w/ 2 levels "1-4-E","1-4-X": 2 2 1 2 2 2 2 1 1 2 ...
 $ Race.RaceType3Cd                 : Factor w/ 8 levels "4-E-13","4-X-13",..: 2 2 3 2 2 6 2 1 1 2 ...
 $ Race.RaceType4Cd                 : Factor w/ 4 levels "1-4-13","1-4-12",..: 1 1 2 1 1 2 1 1 1 1 ...
 $ RaceHorse.RaceId                 : Factor w/ 2691 levels "20181110-03-03-03-10",..: 11 5 3 12 7 9 10 13 1 2 ...
 $ RaceHorse.KettoNum               : Factor w/ 8137 levels "2015104901","2013102152",..: 11 5 3 12 7 9 10 13 1 2 ...
 $ RaceHorse.IsHit1                 : int  0 0 0 0 0 0 0 0 0 0 ...
 $ RaceHorse.IsHit2                 : int  0 0 0 0 1 0 0 1 0 0 ...
 $ RaceHorse.IsHit3                 : int  0 0 0 0 0 0 0 0 0 0 ...
 $ RaceHorse.IsHit4                 : int  0 0 1 0 0 0 0 0 0 0 ...
 $ RaceHorse.IsHit5                 : int  1 0 0 0 0 0 0 0 0 0 ...
 $ RaceHorse.IsHit6                 : int  0 1 0 1 0 1 1 0 1 1 ...
 $ RaceHorse.IsValidRaceHorse       : logi  TRUE TRUE TRUE TRUE TRUE TRUE ...
 $ RaceHorse.IsHitA                 : int  0 0 0 0 0 0 0 0 0 0 ...
 $ RaceHorse.IsHitB                 : int  0 0 0 0 1 0 0 1 0 0 ...
 $ RaceHorse.IsHitC                 : int  0 0 0 0 1 0 0 1 0 0 ...
 $ Jockey.KisyuCode                 : Factor w/ 219 levels "01128","01159",..: 11 5 3 12 7 9 10 13 1 2 ...
 $ Jockey.TimeDvByRaceAvg           : num  46.5 49.5 54 53.8 51 ...
 $ Jockey.TimeDvByRaceMax           : num  66.6 70.8 73.4 69.4 72.1 ...
 $ Jockey.RunCount                  : int  135 200 159 273 325 343 39 142 210 18 ...
 $ Jockey.HitCount1                 : int  7 10 25 44 18 24 2 10 12 0 ...
 $ Jockey.HitCount2                 : int  8 9 19 38 22 28 1 10 8 0 ...
 $ Jockey.HitCount3                 : int  4 11 14 18 30 28 2 13 19 0 ...
 $ Jockey.HitCount4                 : int  4 18 13 20 31 29 1 15 13 2 ...
 $ Jockey.HitCount5                 : int  7 14 15 19 26 27 2 13 17 1 ...
 $ Jockey.HitRate1                  : num  0.0519 0.05 0.1572 0.1612 0.0554 ...
 $ Jockey.HitRate2                  : num  0.0593 0.045 0.1195 0.1392 0.0677 ...
 $ Jockey.HitRate3                  : num  0.0296 0.055 0.0881 0.0659 0.0923 ...
 $ Jockey.HitRate4                  : num  0.0296 0.09 0.0818 0.0733 0.0954 ...
 $ Jockey.HitRate5                  : num  0.0519 0.07 0.0943 0.0696 0.08 ...
 $ EOF                              : int  1 1 1 1 1 1 1 1 1 1 ...
[1] "2022-02-07 22:27:19 --- RxSqlServerData Finish ---"
[1] "2022-02-07 22:27:19 --- subset Start ---"
[1] "nrow(data) subset before=36211"
[1] "nrow(data) subset after =29924"
[1] "nrow(data) subset diff =6287"
[1] "2022-02-07 22:27:19 --- subset Finish---"
[1] "2022-02-07 22:27:19 --- transform Start ---"
[1] "nrow(data) transform before=29924"
[1] "nrow(data) transform after=29924"
[1] "nrow(data) transform diff=0"
[1] "str(data)="
'data.frame':	29924 obs. of  42 variables:
 $ Race.RaceId                      : Factor w/ 2691 levels "20181110-03-03-03-10",..: 11 3 12 9 10 13 1 2 14 4 ...
 $ Race.IsPredictedRace             : logi  FALSE FALSE FALSE FALSE FALSE FALSE ...
 $ Race.IsAnalyzeNormalPastAndFuture: logi  TRUE TRUE TRUE TRUE TRUE TRUE ...
 $ Race.IsAnalyzeNormalPast         : logi  TRUE TRUE TRUE TRUE TRUE TRUE ...
 $ Race.IsAnalyzeNormalFuture       : logi  FALSE FALSE FALSE FALSE FALSE FALSE ...
 $ Race.IsAnalyzeFullPastAndFuture  : logi  TRUE TRUE TRUE TRUE TRUE TRUE ...
 $ Race.IsAnalyzeFullPast           : logi  TRUE TRUE TRUE TRUE TRUE TRUE ...
 $ Race.IsAnalyzeFullFuture         : logi  FALSE FALSE FALSE FALSE FALSE FALSE ...
 $ Race.JyokenCd                    : Factor w/ 1 level "4": 1 1 1 1 1 1 1 1 1 1 ...
 $ Race.JyoType1Cd                  : Factor w/ 182 levels "1-03-2000-1",..: 9 3 10 8 2 11 1 2 12 2 ...
 $ Race.RaceType0Cd                 : Factor w/ 548 levels "1-03-2000-1-4-E-13",..: 10 3 11 9 2 12 1 2 13 4 ...
 $ Race.RaceType1Cd                 : Factor w/ 2 levels "1-4-E","1-4-X": 2 1 2 2 2 1 1 2 2 1 ...
 $ Race.RaceType2Cd                 : Factor w/ 2 levels "1-4-E","1-4-X": 2 1 2 2 2 1 1 2 2 1 ...
 $ Race.RaceType3Cd                 : Factor w/ 8 levels "4-E-13","4-X-13",..: 2 3 2 6 2 1 1 2 5 4 ...
 $ Race.RaceType4Cd                 : Factor w/ 4 levels "1-4-13","1-4-12",..: 1 2 1 2 1 1 1 1 4 3 ...
 $ RaceHorse.RaceId                 : Factor w/ 2691 levels "20181110-03-03-03-10",..: 11 3 12 9 10 13 1 2 14 4 ...
 $ RaceHorse.KettoNum               : Factor w/ 8137 levels "2015104901","2013102152",..: 11 3 12 9 10 13 1 2 14 4 ...
 $ RaceHorse.IsHit1                 : int  0 0 0 0 0 0 0 0 0 0 ...
 $ RaceHorse.IsHit2                 : int  0 0 0 0 0 1 0 0 0 0 ...
 $ RaceHorse.IsHit3                 : int  0 0 0 0 0 0 0 0 0 0 ...
 $ RaceHorse.IsHit4                 : int  0 1 0 0 0 0 0 0 0 0 ...
 $ RaceHorse.IsHit5                 : int  1 0 0 0 0 0 0 0 1 0 ...
 $ RaceHorse.IsHit6                 : int  0 0 1 1 1 0 1 1 0 1 ...
 $ RaceHorse.IsValidRaceHorse       : logi  TRUE TRUE TRUE TRUE TRUE TRUE ...
 $ RaceHorse.IsHitA                 : int  0 0 0 0 0 0 0 0 0 0 ...
 $ RaceHorse.IsHitB                 : int  0 0 0 0 0 1 0 0 0 0 ...
 $ RaceHorse.IsHitC                 : int  0 0 0 0 0 1 0 0 0 0 ...
 $ Jockey.KisyuCode                 : Factor w/ 219 levels "01128","01159",..: 11 3 12 9 10 13 1 2 14 4 ...
 $ Jockey.TimeDvByRaceAvg           : num  46.5 54 53.8 51.8 48.4 ...
 $ Jockey.TimeDvByRaceMax           : num  66.6 73.4 69.4 74.2 64.8 ...
 $ Jockey.RunCount                  : int  135 159 273 343 39 142 210 18 182 88 ...
 $ Jockey.HitCount1                 : int  7 25 44 24 2 10 12 0 9 4 ...
 $ Jockey.HitCount2                 : int  8 19 38 28 1 10 8 0 10 6 ...
 $ Jockey.HitCount3                 : int  4 14 18 28 2 13 19 0 13 5 ...
 $ Jockey.HitCount4                 : int  4 13 20 29 1 15 13 2 9 5 ...
 $ Jockey.HitCount5                 : int  7 15 19 27 2 13 17 1 9 3 ...
 $ Jockey.HitRate1                  : num  0.0519 0.1572 0.1612 0.07 0.0513 ...
 $ Jockey.HitRate2                  : num  0.0593 0.1195 0.1392 0.0816 0.0256 ...
 $ Jockey.HitRate3                  : num  0.0296 0.0881 0.0659 0.0816 0.0513 ...
 $ Jockey.HitRate4                  : num  0.0296 0.0818 0.0733 0.0845 0.0256 ...
 $ Jockey.HitRate5                  : num  0.0519 0.0943 0.0696 0.0787 0.0513 ...
 $ EOF                              : int  1 1 1 1 1 1 1 1 1 1 ...
NULL
[1] "2022-02-07 22:27:19 --- transform Finish ---"
[1] "2022-02-07 22:27:19 --- na.omit Start ---"
[1] "nrow(data) na.omit before=29924"
[1] "nrow(data) na.omit after =29924"
[1] "nrow(data) na.omit diff =0"
'data.frame':	29924 obs. of  42 variables:
 $ Race.RaceId                      : Factor w/ 2691 levels "20181110-03-03-03-10",..: 11 3 12 9 10 13 1 2 14 4 ...
 $ Race.IsPredictedRace             : logi  FALSE FALSE FALSE FALSE FALSE FALSE ...
 $ Race.IsAnalyzeNormalPastAndFuture: logi  TRUE TRUE TRUE TRUE TRUE TRUE ...
 $ Race.IsAnalyzeNormalPast         : logi  TRUE TRUE TRUE TRUE TRUE TRUE ...
 $ Race.IsAnalyzeNormalFuture       : logi  FALSE FALSE FALSE FALSE FALSE FALSE ...
 $ Race.IsAnalyzeFullPastAndFuture  : logi  TRUE TRUE TRUE TRUE TRUE TRUE ...
 $ Race.IsAnalyzeFullPast           : logi  TRUE TRUE TRUE TRUE TRUE TRUE ...
 $ Race.IsAnalyzeFullFuture         : logi  FALSE FALSE FALSE FALSE FALSE FALSE ...
 $ Race.JyokenCd                    : Factor w/ 1 level "4": 1 1 1 1 1 1 1 1 1 1 ...
 $ Race.JyoType1Cd                  : Factor w/ 182 levels "1-03-2000-1",..: 9 3 10 8 2 11 1 2 12 2 ...
 $ Race.RaceType0Cd                 : Factor w/ 548 levels "1-03-2000-1-4-E-13",..: 10 3 11 9 2 12 1 2 13 4 ...
 $ Race.RaceType1Cd                 : Factor w/ 2 levels "1-4-E","1-4-X": 2 1 2 2 2 1 1 2 2 1 ...
 $ Race.RaceType2Cd                 : Factor w/ 2 levels "1-4-E","1-4-X": 2 1 2 2 2 1 1 2 2 1 ...
 $ Race.RaceType3Cd                 : Factor w/ 8 levels "4-E-13","4-X-13",..: 2 3 2 6 2 1 1 2 5 4 ...
 $ Race.RaceType4Cd                 : Factor w/ 4 levels "1-4-13","1-4-12",..: 1 2 1 2 1 1 1 1 4 3 ...
 $ RaceHorse.RaceId                 : Factor w/ 2691 levels "20181110-03-03-03-10",..: 11 3 12 9 10 13 1 2 14 4 ...
 $ RaceHorse.KettoNum               : Factor w/ 8137 levels "2015104901","2013102152",..: 11 3 12 9 10 13 1 2 14 4 ...
 $ RaceHorse.IsHit1                 : int  0 0 0 0 0 0 0 0 0 0 ...
 $ RaceHorse.IsHit2                 : int  0 0 0 0 0 1 0 0 0 0 ...
 $ RaceHorse.IsHit3                 : int  0 0 0 0 0 0 0 0 0 0 ...
 $ RaceHorse.IsHit4                 : int  0 1 0 0 0 0 0 0 0 0 ...
 $ RaceHorse.IsHit5                 : int  1 0 0 0 0 0 0 0 1 0 ...
 $ RaceHorse.IsHit6                 : int  0 0 1 1 1 0 1 1 0 1 ...
 $ RaceHorse.IsValidRaceHorse       : logi  TRUE TRUE TRUE TRUE TRUE TRUE ...
 $ RaceHorse.IsHitA                 : int  0 0 0 0 0 0 0 0 0 0 ...
 $ RaceHorse.IsHitB                 : int  0 0 0 0 0 1 0 0 0 0 ...
 $ RaceHorse.IsHitC                 : int  0 0 0 0 0 1 0 0 0 0 ...
 $ Jockey.KisyuCode                 : Factor w/ 219 levels "01128","01159",..: 11 3 12 9 10 13 1 2 14 4 ...
 $ Jockey.TimeDvByRaceAvg           : num  46.5 54 53.8 51.8 48.4 ...
 $ Jockey.TimeDvByRaceMax           : num  66.6 73.4 69.4 74.2 64.8 ...
 $ Jockey.RunCount                  : int  135 159 273 343 39 142 210 18 182 88 ...
 $ Jockey.HitCount1                 : int  7 25 44 24 2 10 12 0 9 4 ...
 $ Jockey.HitCount2                 : int  8 19 38 28 1 10 8 0 10 6 ...
 $ Jockey.HitCount3                 : int  4 14 18 28 2 13 19 0 13 5 ...
 $ Jockey.HitCount4                 : int  4 13 20 29 1 15 13 2 9 5 ...
 $ Jockey.HitCount5                 : int  7 15 19 27 2 13 17 1 9 3 ...
 $ Jockey.HitRate1                  : num  0.0519 0.1572 0.1612 0.07 0.0513 ...
 $ Jockey.HitRate2                  : num  0.0593 0.1195 0.1392 0.0816 0.0256 ...
 $ Jockey.HitRate3                  : num  0.0296 0.0881 0.0659 0.0816 0.0513 ...
 $ Jockey.HitRate4                  : num  0.0296 0.0818 0.0733 0.0845 0.0256 ...
 $ Jockey.HitRate5                  : num  0.0519 0.0943 0.0696 0.0787 0.0513 ...
 $ EOF                              : int  1 1 1 1 1 1 1 1 1 1 ...
[1] "2022-02-07 22:27:19 --- na.omit Finish ---"
[1] "2022-02-07 22:27:19 --- rxGlm with rxStepControl Start ---"
[1] "2022-02-07 22:27:19 --- source_logic_glm.R Start ---"
[1] "2022-02-07 22:27:19 --- source_logic_glm.R Finished ---"
Rows Read: 29924, Total Rows Processed: 29924, Total Chunk Time: 0.004 seconds 

Starting values (iteration 1) time: 0.016 secs.
Rows Read: 29924, Total Rows Processed: 29924, Total Chunk Time: 0.003 seconds 

Iteration 2 time: 0.008 secs.
Rows Read: 29924, Total Rows Processed: 29924, Total Chunk Time: 0.003 seconds 

Iteration 3 time: 0.006 secs.
Rows Read: 29924, Total Rows Processed: 29924, Total Chunk Time: 0.004 seconds 

Iteration 4 time: 0.007 secs.
Rows Read: 29924, Total Rows Processed: 29924, Total Chunk Time: 0.005 seconds 

Iteration 5 time: 0.008 secs.
Rows Read: 29924, Total Rows Processed: 29924, Total Chunk Time: 0.004 seconds 

Iteration 6 time: 0.008 secs.

Elapsed computation time: 0.064 secs.
Rows Read: 29924, Total Rows Processed: 29924, Total Chunk Time: 0.003 seconds 

Starting values (iteration 1) time: 0.012 secs.
Rows Read: 29924, Total Rows Processed: 29924, Total Chunk Time: 0.003 seconds 

Iteration 2 time: 0.008 secs.
Rows Read: 29924, Total Rows Processed: 29924, Total Chunk Time: 0.003 seconds 

Iteration 3 time: 0.006 secs.
Rows Read: 29924, Total Rows Processed: 29924, Total Chunk Time: 0.003 seconds 

Iteration 4 time: 0.006 secs.
Rows Read: 29924, Total Rows Processed: 29924, Total Chunk Time: 0.003 seconds 

Iteration 5 time: 0.007 secs.

Elapsed computation time: 0.051 secs.
Rows Read: 29924, Total Rows Processed: 29924, Total Chunk Time: 0.004 seconds 

Starting values (iteration 1) time: 0.012 secs.
Rows Read: 29924, Total Rows Processed: 29924, Total Chunk Time: 0.004 seconds 

Iteration 2 time: 0.010 secs.
Rows Read: 29924, Total Rows Processed: 29924, Total Chunk Time: 0.004 seconds 

Iteration 3 time: 0.007 secs.
Rows Read: 29924, Total Rows Processed: 29924, Total Chunk Time: 0.004 seconds 

Iteration 4 time: 0.009 secs.
Rows Read: 29924, Total Rows Processed: 29924, Total Chunk Time: 0.003 seconds 

Iteration 5 time: 0.007 secs.
Rows Read: 29924, Total Rows Processed: 29924, Total Chunk Time: 0.004 seconds 

Iteration 6 time: 0.006 secs.

Elapsed computation time: 0.063 secs.

Elapsed computation time: 0.193 secs.
[1] "analyze.results.glm.step="
Generalized Linear Model Results for: RaceHorse.IsHitA ~
    Jockey.TimeDvByRaceAvg
Data: data
Dependent variable(s): RaceHorse.IsHitA
Total independent variables: 2 
Number of valid observations: 29924
Number of missing observations: 0 
Family-link: binomial-logit 
 
 
Coefficients:
                       RaceHorse.IsHitA
(Intercept)                       -13.2
Jockey.TimeDvByRaceAvg              0.2
[1] "analyze.results.glm.step.summary"
Call:
rxGlm(formula = form, data = data, family = binomial(), variableSelection = analyze.results.glm.step.varsel)

Generalized Linear Model Results for: RaceHorse.IsHitA ~
    Jockey.TimeDvByRaceAvg
Data: data
Dependent variable(s): RaceHorse.IsHitA
Total independent variables: 2 
Number of valid observations: 29924
Number of missing observations: 0 
Family-link: binomial-logit 
 
Residual deviance: 15196.034 (on 29922 degrees of freedom)
 
Coefficients:
                        Estimate Std. Error z value Pr(>|z|)    
(Intercept)            -13.18035    0.40785   -32.3  2.2e-16 ***
Jockey.TimeDvByRaceAvg   0.20876    0.00786    26.5  2.2e-16 ***
---
Signif. codes:  0 '***' 0.001 '**' 0.01 '*' 0.05 '.' 0.1 ' ' 1

(Dispersion parameter for binomial family taken to be 1)

Condition number of final variance-covariance matrix: 1 
Number of iterations: 6
[1] "2022-02-07 22:27:20 --- rxGlm with rxStepControl Finish ---"
[1] "2022-02-07 22:27:20 --- rxStepPlot Start ---"
[1] "pdfFilename=pdf_analyze_glm_Jockey_Type14_rxStepPlot.pdf"
[1] "rxStepPlot="
[1] "2022-02-07 22:27:20 --- rxStepPlot Finish ---"
[1] "2022-02-07 22:27:20 --- save.image Start ---"
[1] "save.image"
[1] "rdataFilename=RData_analyze_glm_Jockey_Type14.RData"
[1] "2022-02-07 22:27:22 --- save.image Finish ---"
[1] "2022-02-07 22:27:22 --- final Start ---"
[1] "nrow(data) final=29924"
[1] "2022-02-07 22:27:22 --- final Finish ---"
[1] "2022-02-07 22:27:22 --- analyze_glm.R Finished ---"
[1] "2022-02-07 22:27:22 --- log Finish ---"
