[1] "2022-02-04 22:32:13 --- D1113_Predict_glm_Gen01_IsHitA_Type15 Start ---"
[1] "2022-02-04 22:32:13 --- Log Start ---"
[1] "2022-02-04 22:32:13 --- predict.R Start ---"
[1] "analyzeVersion=D1113"
[1] "analyzeCategory=Predict"
[1] "analyzeType=Gen01"
[1] "analyzeFamily=IsHitA"
[1] "analyzeFunc=glm"
[1] "analyzeTrackTypeCd=1"
[1] "analyzeJyokenCd=5"
[1] "2022-02-04 22:32:13 --- source_function.R Start ---"
[1] "2022-02-04 22:32:13 --- source_function.R Finished ---"

> print(paste0(Sys.time(), " --- source_library.R Start ---"))
[1] "2022-02-04 22:32:13 --- source_library.R Start ---"

> require("RevoScaleR")

> print(paste0(Sys.time(), " --- source_library.R Finished ---"))
[1] "2022-02-04 22:32:13 --- source_library.R Finished ---"
[1] "2022-02-04 22:32:13 --- Load Start ---"
[1] "loadFilename=RData_Analyze_glm_Gen01_Type15.RData"
[1] "2022-02-04 22:32:14 --- Load Finished ---"
[1] "2022-02-04 22:32:14 --- RxSqlServerData Start ---"
[1] "sqlQuery=SELECT * FROM ViewAnalyzeD1113analyze01Gen01Type15 WHERE [Race.IsPredictedRace] = 1"
