[1] "2022-02-06 15:04:58 --- D1113_Predict_glm_Jockey_IsHitA_Type11 Start ---"
[1] "2022-02-06 15:04:58 --- Log Start ---"
[1] "2022-02-06 15:04:58 --- predict.R Start ---"
[1] "analyzeVersion=D1113"
[1] "analyzeCategory=Predict"
[1] "analyzeType=Jockey"
[1] "analyzeFamily=IsHitA"
[1] "analyzeFunc=glm"
[1] "analyzeTrackTypeCd=1"
[1] "analyzeJyokenCd=1"
[1] "2022-02-06 15:04:59 --- source_function.R Start ---"
[1] "2022-02-06 15:04:59 --- source_function.R Finished ---"

> print(paste0(Sys.time(), " --- source_library.R Start ---"))
[1] "2022-02-06 15:04:59 --- source_library.R Start ---"

> require("RevoScaleR")

> print(paste0(Sys.time(), " --- source_library.R Finished ---"))
[1] "2022-02-06 15:04:59 --- source_library.R Finished ---"
[1] "2022-02-06 15:04:59 --- Load Start ---"
[1] "loadFilename=RData_Analyze_glm_Jockey_Type11.RData"
[1] "2022-02-06 15:04:59 --- Load Finished ---"
[1] "2022-02-06 15:04:59 --- RxSqlServerData Start ---"
[1] "sqlQuery=SELECT * FROM ViewAnalyzeD1113analyze01JockeyType11 WHERE [Race.IsPredictedRace] = 1"
Rows Read: 15434, Total Rows Processed: 15434, Total Chunk Time: 10.675 seconds 
[1] "head(InputDataSet)="
           Race.RaceId Race.IsPredictedRace Race.IsAnalyzeNormalPastAndFuture
1 20180804-04-02-03-08                 TRUE                              TRUE
2 20180304-06-02-04-11                 TRUE                              TRUE
3 20180120-08-01-06-10                 TRUE                              TRUE
4 20160813-01-01-05-10                 TRUE                              TRUE
5 20160813-01-01-05-10                 TRUE                              TRUE
6 20171126-05-05-08-11                 TRUE                              TRUE
  Race.IsAnalyzeNormalPast Race.IsAnalyzeNormalFuture
1                     TRUE                      FALSE
2                     TRUE                      FALSE
3                     TRUE                      FALSE
4                     TRUE                      FALSE
5                     TRUE                      FALSE
6                     TRUE                      FALSE
  Race.IsAnalyzeFullPastAndFuture Race.IsAnalyzeFullPast
1                            TRUE                   TRUE
2                            TRUE                   TRUE
3                            TRUE                   TRUE
4                            TRUE                   TRUE
5                            TRUE                   TRUE
6                            TRUE                   TRUE
  Race.IsAnalyzeFullFuture Race.JyokenCd Race.JyoType1Cd   Race.RaceType0Cd
1                    FALSE             1     1-04-1400-1 1-04-1400-1-1-E-11
2                    FALSE             1     1-06-2000-1 1-06-2000-1-1-B-12
3                    FALSE             1     1-08-2000-2 1-08-2000-2-1-E-12
4                    FALSE             1     1-01-1800-1 1-01-1800-1-1-E-11
5                    FALSE             1     1-01-1800-1 1-01-1800-1-1-E-11
6                    FALSE             1     1-05-2400-1 1-05-2400-1-1-A-13
  Race.RaceType1Cd Race.RaceType2Cd Race.RaceType3Cd Race.RaceType4Cd
1            1-1-E            1-1-E           1-E-11           1-1-11
2            1-1-B            1-1-B           1-B-12           1-1-12
3            1-1-E            1-1-E           1-E-12           1-1-12
4            1-1-E            1-1-E           1-E-11           1-1-11
5            1-1-E            1-1-E           1-E-11           1-1-11
6            1-1-A            1-1-A           1-A-13           1-1-13
      RaceHorse.RaceId RaceHorse.KettoNum RaceHorse.IsHit1 RaceHorse.IsHit2
1 20180804-04-02-03-08         2016100978                0                0
2 20180304-06-02-04-11         2015100150                0                0
3 20180120-08-01-06-10         2015101953                0                0
4 20160813-01-01-05-10         2014100427                0                0
5 20160813-01-01-05-10         2014104335                0                0
6 20171126-05-05-08-11         2012190004                0                0
  RaceHorse.IsHit3 RaceHorse.IsHit4 RaceHorse.IsHit5 RaceHorse.IsHit6
1                0                0                0                1
2                0                0                0                1
3                0                0                0                1
4                0                0                0                1
5                0                0                0                1
6                0                0                0                1
  RaceHorse.IsValidRaceHorse RaceHorse.IsHitA RaceHorse.IsHitB RaceHorse.IsHitC
1                       TRUE                0                0                0
2                      FALSE                0                0                0
3                       TRUE                0                0                0
4                       TRUE                0                0                0
5                       TRUE                0                0                0
6                       TRUE                0                0                0
  Jockey.KisyuCode Jockey.TimeDvByRaceAvg Jockey.TimeDvByRaceMax
1            01108               39.67053               57.39294
2            01158               38.90848               54.33192
3            00894               51.03313               73.81550
4            05502               51.66361               53.93211
5            01025               51.96411               67.23359
6            05517               55.62335               55.62335
  Jockey.RunCount Jockey.HitCount1 Jockey.HitCount2 Jockey.HitCount3
1              13                0                0                0
2               2                0                0                0
3              83                8               10                5
4               2                0                0                0
5              59                5                2                6
6               1                0                0                0
  Jockey.HitCount4 Jockey.HitCount5 Jockey.HitRate1 Jockey.HitRate2
1                1                0      0.00000000      0.00000000
2                1                0      0.00000000      0.00000000
3                6               15      0.09638554      0.12048193
4                0                0      0.00000000      0.00000000
5                7                6      0.08474576      0.03389831
6                0                0      0.00000000      0.00000000
  Jockey.HitRate3 Jockey.HitRate4 Jockey.HitRate5 EOF
1      0.00000000      0.07692308       0.0000000   1
2      0.00000000      0.50000000       0.0000000   1
3      0.06024096      0.07228916       0.1807229   1
4      0.00000000      0.00000000       0.0000000   1
5      0.10169492      0.11864407       0.1016949   1
6      0.00000000      0.00000000       0.0000000   1
[1] "object.size(InputDataSet) auto=3.4 Mb"
[1] "nrow(InputDataSet) RxSqlServerData=15434"
[1] "str(InputDataSet)="
'data.frame':	15434 obs. of  42 variables:
 $ Race.RaceId                      : Factor w/ 1139 levels "20180804-04-02-03-08",..: 1 2 3 4 4 5 6 6 6 7 ...
 $ Race.IsPredictedRace             : logi  TRUE TRUE TRUE TRUE TRUE TRUE ...
 $ Race.IsAnalyzeNormalPastAndFuture: logi  TRUE TRUE TRUE TRUE TRUE TRUE ...
 $ Race.IsAnalyzeNormalPast         : logi  TRUE TRUE TRUE TRUE TRUE TRUE ...
 $ Race.IsAnalyzeNormalFuture       : logi  FALSE FALSE FALSE FALSE FALSE FALSE ...
 $ Race.IsAnalyzeFullPastAndFuture  : logi  TRUE TRUE TRUE TRUE TRUE TRUE ...
 $ Race.IsAnalyzeFullPast           : logi  TRUE TRUE TRUE TRUE TRUE TRUE ...
 $ Race.IsAnalyzeFullFuture         : logi  FALSE FALSE FALSE FALSE FALSE FALSE ...
 $ Race.JyokenCd                    : Factor w/ 1 level "1": 1 1 1 1 1 1 1 1 1 1 ...
 $ Race.JyoType1Cd                  : Factor w/ 156 levels "1-04-1400-1",..: 1 2 3 4 4 5 6 6 6 5 ...
 $ Race.RaceType0Cd                 : Factor w/ 425 levels "1-04-1400-1-1-E-11",..: 1 2 3 4 4 5 6 6 6 5 ...
 $ Race.RaceType1Cd                 : Factor w/ 6 levels "1-1-E","1-1-B",..: 1 2 1 1 1 3 1 1 1 3 ...
 $ Race.RaceType2Cd                 : Factor w/ 6 levels "1-1-E","1-1-B",..: 1 2 1 1 1 3 1 1 1 3 ...
 $ Race.RaceType3Cd                 : Factor w/ 22 levels "1-E-11","1-B-12",..: 1 2 3 1 1 4 1 1 1 4 ...
 $ Race.RaceType4Cd                 : Factor w/ 4 levels "1-1-11","1-1-12",..: 1 2 2 1 1 3 1 1 1 3 ...
 $ RaceHorse.RaceId                 : Factor w/ 1139 levels "20180804-04-02-03-08",..: 1 2 3 4 4 5 6 6 6 7 ...
 $ RaceHorse.KettoNum               : Factor w/ 3622 levels "2016100978","2015100150",..: 1 2 3 4 5 6 7 8 9 10 ...
 $ RaceHorse.IsHit1                 : int  0 0 0 0 0 0 0 0 0 0 ...
 $ RaceHorse.IsHit2                 : int  0 0 0 0 0 0 0 0 0 0 ...
 $ RaceHorse.IsHit3                 : int  0 0 0 0 0 0 0 0 0 0 ...
 $ RaceHorse.IsHit4                 : int  0 0 0 0 0 0 0 0 0 0 ...
 $ RaceHorse.IsHit5                 : int  0 0 0 0 0 0 0 0 0 0 ...
 $ RaceHorse.IsHit6                 : int  1 1 1 1 1 1 1 1 1 1 ...
 $ RaceHorse.IsValidRaceHorse       : logi  TRUE FALSE TRUE TRUE TRUE TRUE ...
 $ RaceHorse.IsHitA                 : int  0 0 0 0 0 0 0 0 0 0 ...
 $ RaceHorse.IsHitB                 : int  0 0 0 0 0 0 0 0 0 0 ...
 $ RaceHorse.IsHitC                 : int  0 0 0 0 0 0 0 0 0 0 ...
 $ Jockey.KisyuCode                 : Factor w/ 183 levels "01108","01158",..: 1 2 3 4 5 6 7 8 9 10 ...
 $ Jockey.TimeDvByRaceAvg           : num  39.7 38.9 51 51.7 52 ...
 $ Jockey.TimeDvByRaceMax           : num  57.4 54.3 73.8 53.9 67.2 ...
 $ Jockey.RunCount                  : int  13 2 83 2 59 1 4 7 10 2 ...
 $ Jockey.HitCount1                 : int  0 0 8 0 5 0 0 0 0 0 ...
 $ Jockey.HitCount2                 : int  0 0 10 0 2 0 1 2 0 0 ...
 $ Jockey.HitCount3                 : int  0 0 5 0 6 0 0 0 4 0 ...
 $ Jockey.HitCount4                 : int  1 1 6 0 7 0 0 0 0 0 ...
 $ Jockey.HitCount5                 : int  0 0 15 0 6 0 0 0 0 0 ...
 $ Jockey.HitRate1                  : num  0 0 0.0964 0 0.0847 ...
 $ Jockey.HitRate2                  : num  0 0 0.1205 0 0.0339 ...
 $ Jockey.HitRate3                  : num  0 0 0.0602 0 0.1017 ...
 $ Jockey.HitRate4                  : num  0.0769 0.5 0.0723 0 0.1186 ...
 $ Jockey.HitRate5                  : num  0 0 0.181 0 0.102 ...
 $ EOF                              : int  1 1 1 1 1 1 1 1 1 1 ...
[1] "2022-02-06 15:05:23 --- RxSqlServerData Finish ---"
[1] "2022-02-06 15:05:23 --- subset Start ---"
[1] "nrow(InputDataSet) subset before=15434"
[1] "nrow(InputDataSet) subset after=15434"
[1] "nrow(InputDataSet) subset diff=0"
[1] "class(InputDataSet$Race.IsAnalyzeNormalPast)=logical"
[1] "class(InputDataSet$Race.analyzeTrackTypeCd)=NULL"
[1] "2022-02-06 15:05:23 --- subset Finish ---"
[1] "2022-02-06 15:05:23 --- transform Start ---"
[1] "nrow(InputDataSet) transaform before=15434"
[1] "nrow(InputDataSet) transaform after=15434"
[1] "nrow(InputDataSet) transaform diff=0"
[1] "str(InputDataSet)="
'data.frame':	15434 obs. of  42 variables:
 $ Race.RaceId                      : Factor w/ 1139 levels "20180804-04-02-03-08",..: 1 2 3 4 4 5 6 6 6 7 ...
 $ Race.IsPredictedRace             : logi  TRUE TRUE TRUE TRUE TRUE TRUE ...
 $ Race.IsAnalyzeNormalPastAndFuture: logi  TRUE TRUE TRUE TRUE TRUE TRUE ...
 $ Race.IsAnalyzeNormalPast         : logi  TRUE TRUE TRUE TRUE TRUE TRUE ...
 $ Race.IsAnalyzeNormalFuture       : logi  FALSE FALSE FALSE FALSE FALSE FALSE ...
 $ Race.IsAnalyzeFullPastAndFuture  : logi  TRUE TRUE TRUE TRUE TRUE TRUE ...
 $ Race.IsAnalyzeFullPast           : logi  TRUE TRUE TRUE TRUE TRUE TRUE ...
 $ Race.IsAnalyzeFullFuture         : logi  FALSE FALSE FALSE FALSE FALSE FALSE ...
 $ Race.JyokenCd                    : Factor w/ 1 level "1": 1 1 1 1 1 1 1 1 1 1 ...
 $ Race.JyoType1Cd                  : Factor w/ 156 levels "1-04-1400-1",..: 1 2 3 4 4 5 6 6 6 5 ...
 $ Race.RaceType0Cd                 : Factor w/ 425 levels "1-04-1400-1-1-E-11",..: 1 2 3 4 4 5 6 6 6 5 ...
 $ Race.RaceType1Cd                 : Factor w/ 6 levels "1-1-E","1-1-B",..: 1 2 1 1 1 3 1 1 1 3 ...
 $ Race.RaceType2Cd                 : Factor w/ 6 levels "1-1-E","1-1-B",..: 1 2 1 1 1 3 1 1 1 3 ...
 $ Race.RaceType3Cd                 : Factor w/ 22 levels "1-E-11","1-B-12",..: 1 2 3 1 1 4 1 1 1 4 ...
 $ Race.RaceType4Cd                 : Factor w/ 4 levels "1-1-11","1-1-12",..: 1 2 2 1 1 3 1 1 1 3 ...
 $ RaceHorse.RaceId                 : Factor w/ 1139 levels "20180804-04-02-03-08",..: 1 2 3 4 4 5 6 6 6 7 ...
 $ RaceHorse.KettoNum               : Factor w/ 3622 levels "2016100978","2015100150",..: 1 2 3 4 5 6 7 8 9 10 ...
 $ RaceHorse.IsHit1                 : int  0 0 0 0 0 0 0 0 0 0 ...
 $ RaceHorse.IsHit2                 : int  0 0 0 0 0 0 0 0 0 0 ...
 $ RaceHorse.IsHit3                 : int  0 0 0 0 0 0 0 0 0 0 ...
 $ RaceHorse.IsHit4                 : int  0 0 0 0 0 0 0 0 0 0 ...
 $ RaceHorse.IsHit5                 : int  0 0 0 0 0 0 0 0 0 0 ...
 $ RaceHorse.IsHit6                 : int  1 1 1 1 1 1 1 1 1 1 ...
 $ RaceHorse.IsValidRaceHorse       : logi  TRUE FALSE TRUE TRUE TRUE TRUE ...
 $ RaceHorse.IsHitA                 : int  0 0 0 0 0 0 0 0 0 0 ...
 $ RaceHorse.IsHitB                 : int  0 0 0 0 0 0 0 0 0 0 ...
 $ RaceHorse.IsHitC                 : int  0 0 0 0 0 0 0 0 0 0 ...
 $ Jockey.KisyuCode                 : Factor w/ 183 levels "01108","01158",..: 1 2 3 4 5 6 7 8 9 10 ...
 $ Jockey.TimeDvByRaceAvg           : num  39.7 38.9 51 51.7 52 ...
 $ Jockey.TimeDvByRaceMax           : num  57.4 54.3 73.8 53.9 67.2 ...
 $ Jockey.RunCount                  : int  13 2 83 2 59 1 4 7 10 2 ...
 $ Jockey.HitCount1                 : int  0 0 8 0 5 0 0 0 0 0 ...
 $ Jockey.HitCount2                 : int  0 0 10 0 2 0 1 2 0 0 ...
 $ Jockey.HitCount3                 : int  0 0 5 0 6 0 0 0 4 0 ...
 $ Jockey.HitCount4                 : int  1 1 6 0 7 0 0 0 0 0 ...
 $ Jockey.HitCount5                 : int  0 0 15 0 6 0 0 0 0 0 ...
 $ Jockey.HitRate1                  : num  0 0 0.0964 0 0.0847 ...
 $ Jockey.HitRate2                  : num  0 0 0.1205 0 0.0339 ...
 $ Jockey.HitRate3                  : num  0 0 0.0602 0 0.1017 ...
 $ Jockey.HitRate4                  : num  0.0769 0.5 0.0723 0 0.1186 ...
 $ Jockey.HitRate5                  : num  0 0 0.181 0 0.102 ...
 $ EOF                              : int  1 1 1 1 1 1 1 1 1 1 ...
NULL
[1] "2022-02-06 15:05:23 --- transform Finish ---"
[1] "2022-02-06 15:05:23 --- na.omit Start ---"
[1] "nrow(InputDataSet) na.omit before=15434"
[1] "nrow(InputDataSet) na.omit after=15434"
[1] "nrow(InputDataSet) na.omit diff=0"
[1] "2022-02-06 15:05:23 --- na.omit Finish---"
[1] "2022-02-06 15:05:23 --- New Levels Start ---"
[1] "levels(data$Race.RaceType1Cd)=1-1-E" "levels(data$Race.RaceType1Cd)=1-1-B"
[3] "levels(data$Race.RaceType1Cd)=1-1-A" "levels(data$Race.RaceType1Cd)=1-1-L"
[5] "levels(data$Race.RaceType1Cd)=1-1-C" "levels(data$Race.RaceType1Cd)=1-1-D"
[1] "levels(InputDataSet$Race.RaceType1Cd)=1-1-E"
[2] "levels(InputDataSet$Race.RaceType1Cd)=1-1-B"
[3] "levels(InputDataSet$Race.RaceType1Cd)=1-1-A"
[4] "levels(InputDataSet$Race.RaceType1Cd)=1-1-L"
[5] "levels(InputDataSet$Race.RaceType1Cd)=1-1-C"
[6] "levels(InputDataSet$Race.RaceType1Cd)=1-1-D"
[1] "length(Race.RaceType1Cd.Index)=0"
[1] "2022-02-06 15:05:23 --- New Levels Finish ---"
[1] "2022-02-06 15:05:23 --- na.omit Start ---"
[1] "nrow(InputDataSet) na.omit levels before=15434"
[1] "nrow(InputDataSet) na.omit levels after=15434"
[1] "nrow(InputDataSet) na.omit levels diff=0"
[1] "2022-02-06 15:05:23 --- na.omit Finish ---"
[1] "2022-02-06 15:05:23 --- Predict InputDataSet Start ---"
[1] "nrow(InputDataSet) predict=15434"
[1] "str(InputDataSet)="
'data.frame':	15434 obs. of  42 variables:
 $ Race.RaceId                      : Factor w/ 1139 levels "20180804-04-02-03-08",..: 1 2 3 4 4 5 6 6 6 7 ...
 $ Race.IsPredictedRace             : logi  TRUE TRUE TRUE TRUE TRUE TRUE ...
 $ Race.IsAnalyzeNormalPastAndFuture: logi  TRUE TRUE TRUE TRUE TRUE TRUE ...
 $ Race.IsAnalyzeNormalPast         : logi  TRUE TRUE TRUE TRUE TRUE TRUE ...
 $ Race.IsAnalyzeNormalFuture       : logi  FALSE FALSE FALSE FALSE FALSE FALSE ...
 $ Race.IsAnalyzeFullPastAndFuture  : logi  TRUE TRUE TRUE TRUE TRUE TRUE ...
 $ Race.IsAnalyzeFullPast           : logi  TRUE TRUE TRUE TRUE TRUE TRUE ...
 $ Race.IsAnalyzeFullFuture         : logi  FALSE FALSE FALSE FALSE FALSE FALSE ...
 $ Race.JyokenCd                    : Factor w/ 1 level "1": 1 1 1 1 1 1 1 1 1 1 ...
 $ Race.JyoType1Cd                  : Factor w/ 156 levels "1-04-1400-1",..: 1 2 3 4 4 5 6 6 6 5 ...
 $ Race.RaceType0Cd                 : Factor w/ 425 levels "1-04-1400-1-1-E-11",..: 1 2 3 4 4 5 6 6 6 5 ...
 $ Race.RaceType1Cd                 : Factor w/ 6 levels "1-1-E","1-1-B",..: 1 2 1 1 1 3 1 1 1 3 ...
 $ Race.RaceType2Cd                 : Factor w/ 6 levels "1-1-E","1-1-B",..: 1 2 1 1 1 3 1 1 1 3 ...
 $ Race.RaceType3Cd                 : Factor w/ 22 levels "1-E-11","1-B-12",..: 1 2 3 1 1 4 1 1 1 4 ...
 $ Race.RaceType4Cd                 : Factor w/ 4 levels "1-1-11","1-1-12",..: 1 2 2 1 1 3 1 1 1 3 ...
 $ RaceHorse.RaceId                 : Factor w/ 1139 levels "20180804-04-02-03-08",..: 1 2 3 4 4 5 6 6 6 7 ...
 $ RaceHorse.KettoNum               : Factor w/ 3622 levels "2016100978","2015100150",..: 1 2 3 4 5 6 7 8 9 10 ...
 $ RaceHorse.IsHit1                 : int  0 0 0 0 0 0 0 0 0 0 ...
 $ RaceHorse.IsHit2                 : int  0 0 0 0 0 0 0 0 0 0 ...
 $ RaceHorse.IsHit3                 : int  0 0 0 0 0 0 0 0 0 0 ...
 $ RaceHorse.IsHit4                 : int  0 0 0 0 0 0 0 0 0 0 ...
 $ RaceHorse.IsHit5                 : int  0 0 0 0 0 0 0 0 0 0 ...
 $ RaceHorse.IsHit6                 : int  1 1 1 1 1 1 1 1 1 1 ...
 $ RaceHorse.IsValidRaceHorse       : logi  TRUE FALSE TRUE TRUE TRUE TRUE ...
 $ RaceHorse.IsHitA                 : int  0 0 0 0 0 0 0 0 0 0 ...
 $ RaceHorse.IsHitB                 : int  0 0 0 0 0 0 0 0 0 0 ...
 $ RaceHorse.IsHitC                 : int  0 0 0 0 0 0 0 0 0 0 ...
 $ Jockey.KisyuCode                 : Factor w/ 183 levels "01108","01158",..: 1 2 3 4 5 6 7 8 9 10 ...
 $ Jockey.TimeDvByRaceAvg           : num  39.7 38.9 51 51.7 52 ...
 $ Jockey.TimeDvByRaceMax           : num  57.4 54.3 73.8 53.9 67.2 ...
 $ Jockey.RunCount                  : int  13 2 83 2 59 1 4 7 10 2 ...
 $ Jockey.HitCount1                 : int  0 0 8 0 5 0 0 0 0 0 ...
 $ Jockey.HitCount2                 : int  0 0 10 0 2 0 1 2 0 0 ...
 $ Jockey.HitCount3                 : int  0 0 5 0 6 0 0 0 4 0 ...
 $ Jockey.HitCount4                 : int  1 1 6 0 7 0 0 0 0 0 ...
 $ Jockey.HitCount5                 : int  0 0 15 0 6 0 0 0 0 0 ...
 $ Jockey.HitRate1                  : num  0 0 0.0964 0 0.0847 ...
 $ Jockey.HitRate2                  : num  0 0 0.1205 0 0.0339 ...
 $ Jockey.HitRate3                  : num  0 0 0.0602 0 0.1017 ...
 $ Jockey.HitRate4                  : num  0.0769 0.5 0.0723 0 0.1186 ...
 $ Jockey.HitRate5                  : num  0 0 0.181 0 0.102 ...
 $ EOF                              : int  1 1 1 1 1 1 1 1 1 1 ...
[1] "2022-02-06 15:05:23 --- Predict InputDataSet Finish ---"
[1] "2022-02-06 15:05:23 --- rxPredict (glm) Start ---"
[1] "analyzeFunc=glm"
Rows Read: 15434, Total Rows Processed: 15434, Total Chunk Time: 0.005 seconds 
[1] "nrow(PredictDataSet) afte predict=15434"
[1] "str(PredictDataSet)"
'data.frame':	15434 obs. of  1 variable:
 $ RaceHorse.IsHitA_Pred: num  0.0176 0.0162 0.0741 0.0667 0.0801 ...
NULL
[1] "head(PredictDataSet) afte predict="
  RaceHorse.IsHitA_Pred
1            0.01763376
2            0.01617540
3            0.07408127
4            0.06671657
5            0.08011938
6            0.10137891
[1] "2022-02-06 15:05:24 --- rxPredict (glm) Finish ---"
[1] "2022-02-06 15:05:24 --- add key Start ---"
[1] "nrow(OutputDataSet) add KeyColmn=15434"
[1] "str(OutputDataSet) after add Key"
'data.frame':	15434 obs. of  2 variables:
 $ RaceHorse.RaceId  : Factor w/ 1139 levels "20180804-04-02-03-08",..: 1 2 3 4 4 5 6 6 6 7 ...
 $ RaceHorse.KettoNum: Factor w/ 3622 levels "2016100978","2015100150",..: 1 2 3 4 5 6 7 8 9 10 ...
NULL
[1] "2022-02-06 15:05:24 --- add key Finish ---"
[1] "2022-02-06 15:05:24 --- add PredictValue Start ---"
[1] "str(PredictDataSet) before rename="
[1] "colnames(PredictDataSet)=RaceHorse.IsHitA_Pred"
[1] "str(PredictDataSet) after rename="
'data.frame':	15434 obs. of  1 variable:
 $ PredictValue: num  0.0176 0.0162 0.0741 0.0667 0.0801 ...
NULL
[1] "str(OutputDataSet) before cbind="
'data.frame':	15434 obs. of  2 variables:
 $ RaceHorse.RaceId  : Factor w/ 1139 levels "20180804-04-02-03-08",..: 1 2 3 4 4 5 6 6 6 7 ...
 $ RaceHorse.KettoNum: Factor w/ 3622 levels "2016100978","2015100150",..: 1 2 3 4 5 6 7 8 9 10 ...
NULL
[1] "str(OutputDataSet) after cbind="
'data.frame':	15434 obs. of  3 variables:
 $ RaceHorse.RaceId  : Factor w/ 1139 levels "20180804-04-02-03-08",..: 1 2 3 4 4 5 6 6 6 7 ...
 $ RaceHorse.KettoNum: Factor w/ 3622 levels "2016100978","2015100150",..: 1 2 3 4 5 6 7 8 9 10 ...
 $ PredictValue      : num  0.0176 0.0162 0.0741 0.0667 0.0801 ...
NULL
[1] "2022-02-06 15:05:24 --- add PredictValue Finish ---"
[1] "2022-02-06 15:05:24 --- final Start ---"
[1] "nrow(OutputDataSet) final=15434"
[1] "head(OutputDataSet)="
      RaceHorse.RaceId RaceHorse.KettoNum PredictValue
1 20180804-04-02-03-08         2016100978   0.01763376
2 20180304-06-02-04-11         2015100150   0.01617540
3 20180120-08-01-06-10         2015101953   0.07408127
4 20160813-01-01-05-10         2014100427   0.06671657
5 20160813-01-01-05-10         2014104335   0.08011938
6 20171126-05-05-08-11         2012190004   0.10137891
[1] "str(OutputDataSet)="
'data.frame':	15434 obs. of  3 variables:
 $ RaceHorse.RaceId  : Factor w/ 1139 levels "20180804-04-02-03-08",..: 1 2 3 4 4 5 6 6 6 7 ...
 $ RaceHorse.KettoNum: Factor w/ 3622 levels "2016100978","2015100150",..: 1 2 3 4 5 6 7 8 9 10 ...
 $ PredictValue      : num  0.0176 0.0162 0.0741 0.0667 0.0801 ...
NULL
[1] "2022-02-06 15:05:24 --- final Finish ---"
[1] "2022-02-06 15:05:24 --- predict.R Finished ---"
[1] "2022-02-06 15:05:24 --- log Finish ---"
