[1] "2022-02-04 17:45:35 --- D1113_Predict_glm_Gen02_IsHitA_Type23 Start ---"
[1] "2022-02-04 17:45:35 --- Log Start ---"
[1] "2022-02-04 17:45:35 --- predict.R Start ---"
[1] "analyzeVersion=D1113"
[1] "analyzeCategory=Predict"
[1] "analyzeType=Gen02"
[1] "analyzeFamily=IsHitA"
[1] "analyzeFunc=glm"
[1] "analyzeTrackTypeCd=2"
[1] "analyzeJyokenCd=3"
[1] "2022-02-04 17:45:35 --- source_function.R Start ---"
[1] "2022-02-04 17:45:35 --- source_function.R Finished ---"

> print(paste0(Sys.time(), " --- source_library.R Start ---"))
[1] "2022-02-04 17:45:35 --- source_library.R Start ---"

> require("RevoScaleR")

> print(paste0(Sys.time(), " --- source_library.R Finished ---"))
[1] "2022-02-04 17:45:35 --- source_library.R Finished ---"
[1] "2022-02-04 17:45:35 --- Load Start ---"
[1] "loadFilename=RData_Analyze_glm_Gen02_Type23.RData"
[1] "2022-02-04 17:45:36 --- Load Finished ---"
[1] "2022-02-04 17:45:36 --- RxSqlServerData Start ---"
[1] "sqlQuery=SELECT * FROM ViewAnalyzeD1113analyze01Gen02Type23 WHERE [Race.IsPredictedRace] = 1"
Rows Read: 15063, Total Rows Processed: 15063, Total Chunk Time: 90.471 seconds 
[1] "head(InputDataSet)="
           Race.RaceId Race.IsPredictedRace Race.IsAnalyzeNormalPastAndFuture
1 20211211-07-06-03-10                 TRUE                              TRUE
2 20200405-09-02-04-08                 TRUE                              TRUE
3 20200411-09-02-05-12                 TRUE                              TRUE
4 20191019-04-03-03-11                 TRUE                              TRUE
5 20160508-04-01-04-12                 TRUE                              TRUE
6 20190316-07-02-03-12                 TRUE                              TRUE
  Race.IsAnalyzeNormalPast Race.IsAnalyzeNormalFuture
1                    FALSE                       TRUE
2                     TRUE                      FALSE
3                     TRUE                      FALSE
4                     TRUE                      FALSE
5                     TRUE                      FALSE
6                     TRUE                      FALSE
  Race.IsAnalyzeFullPastAndFuture Race.IsAnalyzeFullPast
1                            TRUE                  FALSE
2                            TRUE                   TRUE
3                            TRUE                   TRUE
4                            TRUE                   TRUE
5                            TRUE                   TRUE
6                            TRUE                   TRUE
  Race.IsAnalyzeFullFuture Race.JyokenCd Race.JyoType1Cd   Race.RaceType0Cd
1                     TRUE             3     2-07-1900-1 2-07-1900-1-3-E-13
2                    FALSE             3     2-09-1400-1 2-09-1400-1-3-X-14
3                    FALSE             3     2-09-1800-1 2-09-1800-1-3-X-14
4                    FALSE             3     2-04-1200-3 2-04-1200-3-3-E-13
5                    FALSE             3     2-04-1800-1 2-04-1800-1-3-E-14
6                    FALSE             3     2-07-1200-1 2-07-1200-1-3-E-14
  Race.RaceType1Cd Race.RaceType2Cd Race.RaceType3Cd Race.RaceType4Cd
1            2-3-E            2-3-E           3-E-13           2-3-13
2            2-3-X            2-3-X           3-X-14           2-3-14
3            2-3-X            2-3-X           3-X-14           2-3-14
4            2-3-E            2-3-E           3-E-13           2-3-13
5            2-3-E            2-3-E           3-E-14           2-3-14
6            2-3-E            2-3-E           3-E-14           2-3-14
      RaceHorse.RaceId RaceHorse.KettoNum RaceHorse.IsHit1 RaceHorse.IsHit2
1 20211211-07-06-03-10         2015105583                0                0
2 20200405-09-02-04-08         2016102236                0                0
3 20200411-09-02-05-12         2015102647                0                0
4 20191019-04-03-03-11         2014105554                0                0
5 20160508-04-01-04-12         2010103556                0                0
6 20190316-07-02-03-12         2014101167                0                0
  RaceHorse.IsHit3 RaceHorse.IsHit4 RaceHorse.IsHit5 RaceHorse.IsHit6
1                0                0                0                1
2                0                1                0                0
3                0                0                0                1
4                0                0                0                1
5                0                0                0                1
6                0                1                0                0
  RaceHorse.IsValidRaceHorse RaceHorse.IsHitA RaceHorse.IsHitB RaceHorse.IsHitC
1                       TRUE                0                0                0
2                       TRUE                0                0                0
3                       TRUE                0                0                0
4                       TRUE                0                0                0
5                       TRUE                0                0                0
6                       TRUE                0                0                0
  Gen02.HansyokuNum Gen02.TimeDvByRaceAvg Gen02.TimeDvByRaceMax Gen02.RunCount
1          12258545              54.67862              54.67862              1
2          12258225              44.81775              44.81775              1
3          12252228              51.46929              60.71139              9
4          12259548              50.67239              50.67239              1
5          12249134              37.34229              44.42914              2
6          12259336              57.50939              57.50939              1
  Gen02.HitCount1 Gen02.HitCount2 Gen02.HitCount3 Gen02.HitCount4
1               0               0               0               0
2               0               0               0               0
3               0               0               1               1
4               0               0               0               0
5               0               0               0               0
6               0               0               0               0
  Gen02.HitCount5 Gen02.HitRate1 Gen02.HitRate2 Gen02.HitRate3 Gen02.HitRate4
1               1              0              0      0.0000000      0.0000000
2               0              0              0      0.0000000      0.0000000
3               0              0              0      0.1111111      0.1111111
4               0              0              0      0.0000000      0.0000000
5               0              0              0      0.0000000      0.0000000
6               1              0              0      0.0000000      0.0000000
  Gen02.HitRate5 EOF
1              1   1
2              0   1
3              0   1
4              0   1
5              0   1
6              1   1
[1] "object.size(InputDataSet) auto=3.5 Mb"
[1] "nrow(InputDataSet) RxSqlServerData=15063"
[1] "str(InputDataSet)="
'data.frame':	15063 obs. of  42 variables:
 $ Race.RaceId                      : Factor w/ 1287 levels "20170701-03-02-01-10",..: 11 12 6 13 14 15 16 17 18 19 ...
 $ Race.IsPredictedRace             : logi  TRUE TRUE TRUE TRUE TRUE TRUE ...
 $ Race.IsAnalyzeNormalPastAndFuture: logi  TRUE TRUE TRUE TRUE TRUE TRUE ...
 $ Race.IsAnalyzeNormalPast         : logi  FALSE TRUE TRUE TRUE TRUE TRUE ...
 $ Race.IsAnalyzeNormalFuture       : logi  TRUE FALSE FALSE FALSE FALSE FALSE ...
 $ Race.IsAnalyzeFullPastAndFuture  : logi  TRUE TRUE TRUE TRUE TRUE TRUE ...
 $ Race.IsAnalyzeFullPast           : logi  FALSE TRUE TRUE TRUE TRUE TRUE ...
 $ Race.IsAnalyzeFullFuture         : logi  TRUE FALSE FALSE FALSE FALSE FALSE ...
 $ Race.JyokenCd                    : Factor w/ 1 level "3": 1 1 1 1 1 1 1 1 1 1 ...
 $ Race.JyoType1Cd                  : Factor w/ 112 levels "2-03-1700-1",..: 11 12 6 13 14 15 16 3 17 2 ...
 $ Race.RaceType0Cd                 : Factor w/ 281 levels "2-03-1700-1-3-E-13",..: 11 12 6 13 14 15 16 17 18 2 ...
 $ Race.RaceType1Cd                 : Factor w/ 2 levels "2-3-E","2-3-X": 1 2 2 1 1 1 2 1 2 2 ...
 $ Race.RaceType2Cd                 : Factor w/ 2 levels "2-3-E","2-3-X": 1 2 2 1 1 1 2 1 2 2 ...
 $ Race.RaceType3Cd                 : Factor w/ 4 levels "3-E-13","3-X-13",..: 1 3 3 1 4 4 3 1 3 2 ...
 $ Race.RaceType4Cd                 : Factor w/ 2 levels "2-3-13","2-3-14": 1 2 2 1 2 2 2 1 2 1 ...
 $ RaceHorse.RaceId                 : Factor w/ 1287 levels "20170701-03-02-01-10",..: 11 12 6 13 14 15 16 17 18 19 ...
 $ RaceHorse.KettoNum               : Factor w/ 3155 levels "2012100285","2014110104",..: 11 12 13 14 15 16 17 18 19 20 ...
 $ RaceHorse.IsHit1                 : int  0 0 0 0 0 0 0 0 0 0 ...
 $ RaceHorse.IsHit2                 : int  0 0 0 0 0 0 0 0 0 0 ...
 $ RaceHorse.IsHit3                 : int  0 0 0 0 0 0 1 0 0 0 ...
 $ RaceHorse.IsHit4                 : int  0 1 0 0 0 1 0 0 0 0 ...
 $ RaceHorse.IsHit5                 : int  0 0 0 0 0 0 0 0 0 0 ...
 $ RaceHorse.IsHit6                 : int  1 0 1 1 1 0 0 1 1 1 ...
 $ RaceHorse.IsValidRaceHorse       : logi  TRUE TRUE TRUE TRUE TRUE TRUE ...
 $ RaceHorse.IsHitA                 : int  0 0 0 0 0 0 0 0 0 0 ...
 $ RaceHorse.IsHitB                 : int  0 0 0 0 0 0 0 0 0 0 ...
 $ RaceHorse.IsHitC                 : int  0 0 0 0 0 0 1 0 0 0 ...
 $ Gen02.HansyokuNum                : Factor w/ 2500 levels "12258267","12429531",..: 11 12 13 14 15 16 17 18 19 20 ...
 $ Gen02.TimeDvByRaceAvg            : num  54.7 44.8 51.5 50.7 37.3 ...
 $ Gen02.TimeDvByRaceMax            : num  54.7 44.8 60.7 50.7 44.4 ...
 $ Gen02.RunCount                   : int  1 1 9 1 2 1 4 1 3 1 ...
 $ Gen02.HitCount1                  : int  0 0 0 0 0 0 0 0 0 0 ...
 $ Gen02.HitCount2                  : int  0 0 0 0 0 0 0 0 0 0 ...
 $ Gen02.HitCount3                  : int  0 0 1 0 0 0 0 0 0 0 ...
 $ Gen02.HitCount4                  : int  0 0 1 0 0 0 1 0 0 0 ...
 $ Gen02.HitCount5                  : int  1 0 0 0 0 1 1 0 0 0 ...
 $ Gen02.HitRate1                   : num  0 0 0 0 0 0 0 0 0 0 ...
 $ Gen02.HitRate2                   : num  0 0 0 0 0 0 0 0 0 0 ...
 $ Gen02.HitRate3                   : num  0 0 0.111 0 0 ...
 $ Gen02.HitRate4                   : num  0 0 0.111 0 0 ...
 $ Gen02.HitRate5                   : num  1 0 0 0 0 1 0.25 0 0 0 ...
 $ EOF                              : int  1 1 1 1 1 1 1 1 1 1 ...
[1] "2022-02-04 17:47:48 --- RxSqlServerData Finish ---"
[1] "2022-02-04 17:47:48 --- subset Start ---"
[1] "nrow(InputDataSet) subset before=15063"
[1] "nrow(InputDataSet) subset after=15063"
[1] "nrow(InputDataSet) subset diff=0"
[1] "class(InputDataSet$Race.IsAnalyzeNormalPast)=logical"
[1] "class(InputDataSet$Race.analyzeTrackTypeCd)=NULL"
[1] "2022-02-04 17:47:48 --- subset Finish ---"
[1] "2022-02-04 17:47:48 --- transform Start ---"
[1] "nrow(InputDataSet) transaform before=15063"
[1] "nrow(InputDataSet) transaform after=15063"
[1] "nrow(InputDataSet) transaform diff=0"
[1] "str(InputDataSet)="
'data.frame':	15063 obs. of  42 variables:
 $ Race.RaceId                      : Factor w/ 1287 levels "20170701-03-02-01-10",..: 11 12 6 13 14 15 16 17 18 19 ...
 $ Race.IsPredictedRace             : logi  TRUE TRUE TRUE TRUE TRUE TRUE ...
 $ Race.IsAnalyzeNormalPastAndFuture: logi  TRUE TRUE TRUE TRUE TRUE TRUE ...
 $ Race.IsAnalyzeNormalPast         : logi  FALSE TRUE TRUE TRUE TRUE TRUE ...
 $ Race.IsAnalyzeNormalFuture       : logi  TRUE FALSE FALSE FALSE FALSE FALSE ...
 $ Race.IsAnalyzeFullPastAndFuture  : logi  TRUE TRUE TRUE TRUE TRUE TRUE ...
 $ Race.IsAnalyzeFullPast           : logi  FALSE TRUE TRUE TRUE TRUE TRUE ...
 $ Race.IsAnalyzeFullFuture         : logi  TRUE FALSE FALSE FALSE FALSE FALSE ...
 $ Race.JyokenCd                    : Factor w/ 1 level "3": 1 1 1 1 1 1 1 1 1 1 ...
 $ Race.JyoType1Cd                  : Factor w/ 112 levels "2-03-1700-1",..: 11 12 6 13 14 15 16 3 17 2 ...
 $ Race.RaceType0Cd                 : Factor w/ 281 levels "2-03-1700-1-3-E-13",..: 11 12 6 13 14 15 16 17 18 2 ...
 $ Race.RaceType1Cd                 : Factor w/ 2 levels "2-3-E","2-3-X": 1 2 2 1 1 1 2 1 2 2 ...
 $ Race.RaceType2Cd                 : Factor w/ 2 levels "2-3-E","2-3-X": 1 2 2 1 1 1 2 1 2 2 ...
 $ Race.RaceType3Cd                 : Factor w/ 4 levels "3-E-13","3-X-13",..: 1 3 3 1 4 4 3 1 3 2 ...
 $ Race.RaceType4Cd                 : Factor w/ 2 levels "2-3-13","2-3-14": 1 2 2 1 2 2 2 1 2 1 ...
 $ RaceHorse.RaceId                 : Factor w/ 1287 levels "20170701-03-02-01-10",..: 11 12 6 13 14 15 16 17 18 19 ...
 $ RaceHorse.KettoNum               : Factor w/ 3155 levels "2012100285","2014110104",..: 11 12 13 14 15 16 17 18 19 20 ...
 $ RaceHorse.IsHit1                 : int  0 0 0 0 0 0 0 0 0 0 ...
 $ RaceHorse.IsHit2                 : int  0 0 0 0 0 0 0 0 0 0 ...
 $ RaceHorse.IsHit3                 : int  0 0 0 0 0 0 1 0 0 0 ...
 $ RaceHorse.IsHit4                 : int  0 1 0 0 0 1 0 0 0 0 ...
 $ RaceHorse.IsHit5                 : int  0 0 0 0 0 0 0 0 0 0 ...
 $ RaceHorse.IsHit6                 : int  1 0 1 1 1 0 0 1 1 1 ...
 $ RaceHorse.IsValidRaceHorse       : logi  TRUE TRUE TRUE TRUE TRUE TRUE ...
 $ RaceHorse.IsHitA                 : int  0 0 0 0 0 0 0 0 0 0 ...
 $ RaceHorse.IsHitB                 : int  0 0 0 0 0 0 0 0 0 0 ...
 $ RaceHorse.IsHitC                 : int  0 0 0 0 0 0 1 0 0 0 ...
 $ Gen02.HansyokuNum                : Factor w/ 2500 levels "12258267","12429531",..: 11 12 13 14 15 16 17 18 19 20 ...
 $ Gen02.TimeDvByRaceAvg            : num  54.7 44.8 51.5 50.7 37.3 ...
 $ Gen02.TimeDvByRaceMax            : num  54.7 44.8 60.7 50.7 44.4 ...
 $ Gen02.RunCount                   : int  1 1 9 1 2 1 4 1 3 1 ...
 $ Gen02.HitCount1                  : int  0 0 0 0 0 0 0 0 0 0 ...
 $ Gen02.HitCount2                  : int  0 0 0 0 0 0 0 0 0 0 ...
 $ Gen02.HitCount3                  : int  0 0 1 0 0 0 0 0 0 0 ...
 $ Gen02.HitCount4                  : int  0 0 1 0 0 0 1 0 0 0 ...
 $ Gen02.HitCount5                  : int  1 0 0 0 0 1 1 0 0 0 ...
 $ Gen02.HitRate1                   : num  0 0 0 0 0 0 0 0 0 0 ...
 $ Gen02.HitRate2                   : num  0 0 0 0 0 0 0 0 0 0 ...
 $ Gen02.HitRate3                   : num  0 0 0.111 0 0 ...
 $ Gen02.HitRate4                   : num  0 0 0.111 0 0 ...
 $ Gen02.HitRate5                   : num  1 0 0 0 0 1 0.25 0 0 0 ...
 $ EOF                              : int  1 1 1 1 1 1 1 1 1 1 ...
NULL
[1] "2022-02-04 17:47:48 --- transform Finish ---"
[1] "2022-02-04 17:47:48 --- na.omit Start ---"
[1] "nrow(InputDataSet) na.omit before=15063"
[1] "nrow(InputDataSet) na.omit after=15063"
[1] "nrow(InputDataSet) na.omit diff=0"
[1] "2022-02-04 17:47:48 --- na.omit Finish---"
[1] "2022-02-04 17:47:48 --- New Levels Start ---"
[1] "levels(data$Race.RaceType1Cd)=2-3-E" "levels(data$Race.RaceType1Cd)=2-3-X"
[1] "levels(InputDataSet$Race.RaceType1Cd)=2-3-E"
[2] "levels(InputDataSet$Race.RaceType1Cd)=2-3-X"
[1] "length(Race.RaceType1Cd.Index)=0"
[1] "2022-02-04 17:47:48 --- New Levels Finish ---"
[1] "2022-02-04 17:47:48 --- na.omit Start ---"
[1] "nrow(InputDataSet) na.omit levels before=15063"
[1] "nrow(InputDataSet) na.omit levels after=15063"
[1] "nrow(InputDataSet) na.omit levels diff=0"
[1] "2022-02-04 17:47:48 --- na.omit Finish ---"
[1] "2022-02-04 17:47:48 --- Predict InputDataSet Start ---"
[1] "nrow(InputDataSet) predict=15063"
[1] "str(InputDataSet)="
'data.frame':	15063 obs. of  42 variables:
 $ Race.RaceId                      : Factor w/ 1287 levels "20170701-03-02-01-10",..: 11 12 6 13 14 15 16 17 18 19 ...
 $ Race.IsPredictedRace             : logi  TRUE TRUE TRUE TRUE TRUE TRUE ...
 $ Race.IsAnalyzeNormalPastAndFuture: logi  TRUE TRUE TRUE TRUE TRUE TRUE ...
 $ Race.IsAnalyzeNormalPast         : logi  FALSE TRUE TRUE TRUE TRUE TRUE ...
 $ Race.IsAnalyzeNormalFuture       : logi  TRUE FALSE FALSE FALSE FALSE FALSE ...
 $ Race.IsAnalyzeFullPastAndFuture  : logi  TRUE TRUE TRUE TRUE TRUE TRUE ...
 $ Race.IsAnalyzeFullPast           : logi  FALSE TRUE TRUE TRUE TRUE TRUE ...
 $ Race.IsAnalyzeFullFuture         : logi  TRUE FALSE FALSE FALSE FALSE FALSE ...
 $ Race.JyokenCd                    : Factor w/ 1 level "3": 1 1 1 1 1 1 1 1 1 1 ...
 $ Race.JyoType1Cd                  : Factor w/ 112 levels "2-03-1700-1",..: 11 12 6 13 14 15 16 3 17 2 ...
 $ Race.RaceType0Cd                 : Factor w/ 281 levels "2-03-1700-1-3-E-13",..: 11 12 6 13 14 15 16 17 18 2 ...
 $ Race.RaceType1Cd                 : Factor w/ 2 levels "2-3-E","2-3-X": 1 2 2 1 1 1 2 1 2 2 ...
 $ Race.RaceType2Cd                 : Factor w/ 2 levels "2-3-E","2-3-X": 1 2 2 1 1 1 2 1 2 2 ...
 $ Race.RaceType3Cd                 : Factor w/ 4 levels "3-E-13","3-X-13",..: 1 3 3 1 4 4 3 1 3 2 ...
 $ Race.RaceType4Cd                 : Factor w/ 2 levels "2-3-13","2-3-14": 1 2 2 1 2 2 2 1 2 1 ...
 $ RaceHorse.RaceId                 : Factor w/ 1287 levels "20170701-03-02-01-10",..: 11 12 6 13 14 15 16 17 18 19 ...
 $ RaceHorse.KettoNum               : Factor w/ 3155 levels "2012100285","2014110104",..: 11 12 13 14 15 16 17 18 19 20 ...
 $ RaceHorse.IsHit1                 : int  0 0 0 0 0 0 0 0 0 0 ...
 $ RaceHorse.IsHit2                 : int  0 0 0 0 0 0 0 0 0 0 ...
 $ RaceHorse.IsHit3                 : int  0 0 0 0 0 0 1 0 0 0 ...
 $ RaceHorse.IsHit4                 : int  0 1 0 0 0 1 0 0 0 0 ...
 $ RaceHorse.IsHit5                 : int  0 0 0 0 0 0 0 0 0 0 ...
 $ RaceHorse.IsHit6                 : int  1 0 1 1 1 0 0 1 1 1 ...
 $ RaceHorse.IsValidRaceHorse       : logi  TRUE TRUE TRUE TRUE TRUE TRUE ...
 $ RaceHorse.IsHitA                 : int  0 0 0 0 0 0 0 0 0 0 ...
 $ RaceHorse.IsHitB                 : int  0 0 0 0 0 0 0 0 0 0 ...
 $ RaceHorse.IsHitC                 : int  0 0 0 0 0 0 1 0 0 0 ...
 $ Gen02.HansyokuNum                : Factor w/ 2500 levels "12258267","12429531",..: 11 12 13 14 15 16 17 18 19 20 ...
 $ Gen02.TimeDvByRaceAvg            : num  54.7 44.8 51.5 50.7 37.3 ...
 $ Gen02.TimeDvByRaceMax            : num  54.7 44.8 60.7 50.7 44.4 ...
 $ Gen02.RunCount                   : int  1 1 9 1 2 1 4 1 3 1 ...
 $ Gen02.HitCount1                  : int  0 0 0 0 0 0 0 0 0 0 ...
 $ Gen02.HitCount2                  : int  0 0 0 0 0 0 0 0 0 0 ...
 $ Gen02.HitCount3                  : int  0 0 1 0 0 0 0 0 0 0 ...
 $ Gen02.HitCount4                  : int  0 0 1 0 0 0 1 0 0 0 ...
 $ Gen02.HitCount5                  : int  1 0 0 0 0 1 1 0 0 0 ...
 $ Gen02.HitRate1                   : num  0 0 0 0 0 0 0 0 0 0 ...
 $ Gen02.HitRate2                   : num  0 0 0 0 0 0 0 0 0 0 ...
 $ Gen02.HitRate3                   : num  0 0 0.111 0 0 ...
 $ Gen02.HitRate4                   : num  0 0 0.111 0 0 ...
 $ Gen02.HitRate5                   : num  1 0 0 0 0 1 0.25 0 0 0 ...
 $ EOF                              : int  1 1 1 1 1 1 1 1 1 1 ...
[1] "2022-02-04 17:47:48 --- Predict InputDataSet Finish ---"
[1] "2022-02-04 17:47:48 --- rxPredict (glm) Start ---"
[1] "analyzeFunc=glm"
Rows Read: 15063, Total Rows Processed: 15063, Total Chunk Time: Less than .001 seconds 
[1] "nrow(PredictDataSet) afte predict=15063"
[1] "str(PredictDataSet)"
'data.frame':	15063 obs. of  1 variable:
 $ RaceHorse.IsHitA_Pred: num  0.08 0.0335 0.0606 0.0565 0.017 ...
NULL
[1] "head(PredictDataSet) afte predict="
  RaceHorse.IsHitA_Pred
1            0.07999261
2            0.03353655
3            0.06057398
4            0.05648505
5            0.01700058
6            0.10167452
[1] "2022-02-04 17:47:48 --- rxPredict (glm) Finish ---"
[1] "2022-02-04 17:47:48 --- add key Start ---"
[1] "nrow(OutputDataSet) add KeyColmn=15063"
[1] "str(OutputDataSet) after add Key"
'data.frame':	15063 obs. of  2 variables:
 $ RaceHorse.RaceId  : Factor w/ 1287 levels "20170701-03-02-01-10",..: 11 12 6 13 14 15 16 17 18 19 ...
 $ RaceHorse.KettoNum: Factor w/ 3155 levels "2012100285","2014110104",..: 11 12 13 14 15 16 17 18 19 20 ...
NULL
[1] "2022-02-04 17:47:48 --- add key Finish ---"
[1] "2022-02-04 17:47:48 --- add PredictValue Start ---"
[1] "str(PredictDataSet) before rename="
[1] "colnames(PredictDataSet)=RaceHorse.IsHitA_Pred"
[1] "str(PredictDataSet) after rename="
'data.frame':	15063 obs. of  1 variable:
 $ PredictValue: num  0.08 0.0335 0.0606 0.0565 0.017 ...
NULL
[1] "str(OutputDataSet) before cbind="
'data.frame':	15063 obs. of  2 variables:
 $ RaceHorse.RaceId  : Factor w/ 1287 levels "20170701-03-02-01-10",..: 11 12 6 13 14 15 16 17 18 19 ...
 $ RaceHorse.KettoNum: Factor w/ 3155 levels "2012100285","2014110104",..: 11 12 13 14 15 16 17 18 19 20 ...
NULL
[1] "str(OutputDataSet) after cbind="
'data.frame':	15063 obs. of  3 variables:
 $ RaceHorse.RaceId  : Factor w/ 1287 levels "20170701-03-02-01-10",..: 11 12 6 13 14 15 16 17 18 19 ...
 $ RaceHorse.KettoNum: Factor w/ 3155 levels "2012100285","2014110104",..: 11 12 13 14 15 16 17 18 19 20 ...
 $ PredictValue      : num  0.08 0.0335 0.0606 0.0565 0.017 ...
NULL
[1] "2022-02-04 17:47:49 --- add PredictValue Finish ---"
[1] "2022-02-04 17:47:49 --- final Start ---"
[1] "nrow(OutputDataSet) final=15063"
[1] "head(OutputDataSet)="
      RaceHorse.RaceId RaceHorse.KettoNum PredictValue
1 20211211-07-06-03-10         2015105583   0.07999261
2 20200405-09-02-04-08         2016102236   0.03353655
3 20200411-09-02-05-12         2015102647   0.06057398
4 20191019-04-03-03-11         2014105554   0.05648505
5 20160508-04-01-04-12         2010103556   0.01700058
6 20190316-07-02-03-12         2014101167   0.10167452
[1] "str(OutputDataSet)="
'data.frame':	15063 obs. of  3 variables:
 $ RaceHorse.RaceId  : Factor w/ 1287 levels "20170701-03-02-01-10",..: 11 12 6 13 14 15 16 17 18 19 ...
 $ RaceHorse.KettoNum: Factor w/ 3155 levels "2012100285","2014110104",..: 11 12 13 14 15 16 17 18 19 20 ...
 $ PredictValue      : num  0.08 0.0335 0.0606 0.0565 0.017 ...
NULL
[1] "2022-02-04 17:47:49 --- final Finish ---"
[1] "2022-02-04 17:47:49 --- predict.R Finished ---"
[1] "2022-02-04 17:47:49 --- log Finish ---"
