[1] "2022-02-07 16:40:42 --- D1113_analyze_glm_Gen02_IsHitA_Type13 Start ---"
[1] "2022-02-07 16:40:42 --- Log Start ---"
[1] "2022-02-07 16:40:42 --- analyze_glm.R Start ---"
[1] "analyzeVersion=D1113"
[1] "analyzeCategory=analyze"
[1] "analyzeType=Gen02"
[1] "analyzeFamily=IsHitA"
[1] "analyzeFunc=glm"
[1] "analyzeTrackTypeCd=1"
[1] "analyzeJyokenCd=3"
[1] "2022-02-07 16:40:42 --- source_function.R Start ---"
[1] "2022-02-07 16:40:42 --- source_function.R Finished ---"

> print(paste0(Sys.time(), " --- source_library.R Start ---"))
[1] "2022-02-07 16:40:42 --- source_library.R Start ---"

> require("RevoScaleR")

> print(paste0(Sys.time(), " --- source_library.R Finished ---"))
[1] "2022-02-07 16:40:43 --- source_library.R Finished ---"
[1] "2022-02-07 16:40:43 --- RxSqlServerData Start ---"
[1] "sqlQuery=SELECT * FROM ViewAnalyzeD1113analyze01Gen02Type13"
Rows Read: 14828, Total Rows Processed: 14828, Total Chunk Time: 250.583 seconds 
[1] "head(data)="
           Race.RaceId Race.IsPredictedRace Race.IsAnalyzeNormalPastAndFuture
1 20170416-09-02-08-09                FALSE                              TRUE
2 20170715-02-02-03-11                FALSE                              TRUE
3 20200328-09-02-01-10                FALSE                              TRUE
4 20201219-09-06-05-10                FALSE                              TRUE
5 20160611-09-03-03-10                FALSE                              TRUE
6 20200530-05-02-11-10                FALSE                              TRUE
  Race.IsAnalyzeNormalPast Race.IsAnalyzeNormalFuture
1                     TRUE                      FALSE
2                     TRUE                      FALSE
3                     TRUE                      FALSE
4                     TRUE                      FALSE
5                     TRUE                      FALSE
6                     TRUE                      FALSE
  Race.IsAnalyzeFullPastAndFuture Race.IsAnalyzeFullPast
1                            TRUE                   TRUE
2                            TRUE                   TRUE
3                            TRUE                   TRUE
4                            TRUE                   TRUE
5                            TRUE                   TRUE
6                            TRUE                   TRUE
  Race.IsAnalyzeFullFuture Race.JyokenCd Race.JyoType1Cd   Race.RaceType0Cd
1                    FALSE             3     1-09-1200-1 1-09-1200-1-3-E-14
2                    FALSE             3     1-02-1200-1 1-02-1200-1-3-E-13
3                    FALSE             3     1-09-1600-2 1-09-1600-2-3-E-14
4                    FALSE             3     1-09-1800-1 1-09-1800-1-3-E-13
5                    FALSE             3     1-09-1400-1 1-09-1400-1-3-E-13
6                    FALSE             3     1-05-1600-1 1-05-1600-1-3-E-14
  Race.RaceType1Cd Race.RaceType2Cd Race.RaceType3Cd Race.RaceType4Cd
1            1-3-E            1-3-E           3-E-14           1-3-14
2            1-3-E            1-3-E           3-E-13           1-3-13
3            1-3-E            1-3-E           3-E-14           1-3-14
4            1-3-E            1-3-E           3-E-13           1-3-13
5            1-3-E            1-3-E           3-E-13           1-3-13
6            1-3-E            1-3-E           3-E-14           1-3-14
      RaceHorse.RaceId RaceHorse.KettoNum RaceHorse.IsHit1 RaceHorse.IsHit2
1 20170416-09-02-08-09         2011104997                0                0
2 20170715-02-02-03-11         2012110030                0                0
3 20200328-09-02-01-10         2011104859                0                0
4 20201219-09-06-05-10         2016104348                0                0
5 20160611-09-03-03-10         2012104152                0                0
6 20200530-05-02-11-10         2014104103                0                0
  RaceHorse.IsHit3 RaceHorse.IsHit4 RaceHorse.IsHit5 RaceHorse.IsHit6
1                0                0                0                1
2                1                0                0                0
3                0                0                0                1
4                0                0                0                1
5                0                0                0                1
6                0                0                0                1
  RaceHorse.IsValidRaceHorse RaceHorse.IsHitA RaceHorse.IsHitB RaceHorse.IsHitC
1                       TRUE                0                0                0
2                       TRUE                0                0                1
3                       TRUE                0                0                0
4                       TRUE                0                0                0
5                       TRUE                0                0                0
6                       TRUE                0                0                0
  Gen02.HansyokuNum Gen02.TimeDvByRaceAvg Gen02.TimeDvByRaceMax Gen02.RunCount
1          12255135                    52                    62              7
2          12428011                    59                    61              2
3          12257166                    45                    60             14
4          12256389                    49                    60              6
5          12243752                    52                    63              8
6          12253568                    60                    67              5
  Gen02.HitCount1 Gen02.HitCount2 Gen02.HitCount3 Gen02.HitCount4
1               0               1               0               0
2               0               1               0               0
3               0               0               2               0
4               1               0               0               0
5               2               0               1               1
6               1               1               2               0
  Gen02.HitCount5 Gen02.HitRate1 Gen02.HitRate2 Gen02.HitRate3 Gen02.HitRate4
1               1            0.0            0.1            0.0            0.0
2               1            0.0            0.5            0.0            0.0
3               0            0.0            0.0            0.1            0.0
4               2            0.2            0.0            0.0            0.0
5               0            0.2            0.0            0.1            0.1
6               0            0.2            0.2            0.4            0.0
  Gen02.HitRate5 EOF
1            0.1   1
2            0.5   1
3            0.0   1
4            0.3   1
5            0.0   1
6            0.0   1
[1] "object.size(data) auto=3.4 Mb"
[1] "nrow(data) RxSqlServerData=14828"
[1] "str(data)="
'data.frame':	14828 obs. of  42 variables:
 $ Race.RaceId                      : Factor w/ 1456 levels "20170930-09-04-08-10",..: 11 12 13 14 15 16 17 18 19 20 ...
 $ Race.IsPredictedRace             : logi  FALSE FALSE FALSE FALSE FALSE FALSE ...
 $ Race.IsAnalyzeNormalPastAndFuture: logi  TRUE TRUE TRUE TRUE TRUE TRUE ...
 $ Race.IsAnalyzeNormalPast         : logi  TRUE TRUE TRUE TRUE TRUE TRUE ...
 $ Race.IsAnalyzeNormalFuture       : logi  FALSE FALSE FALSE FALSE FALSE FALSE ...
 $ Race.IsAnalyzeFullPastAndFuture  : logi  TRUE TRUE TRUE TRUE TRUE TRUE ...
 $ Race.IsAnalyzeFullPast           : logi  TRUE TRUE TRUE TRUE TRUE TRUE ...
 $ Race.IsAnalyzeFullFuture         : logi  FALSE FALSE FALSE FALSE FALSE FALSE ...
 $ Race.JyokenCd                    : Factor w/ 1 level "3": 1 1 1 1 1 1 1 1 1 1 ...
 $ Race.JyoType1Cd                  : Factor w/ 168 levels "1-09-1200-1",..: 1 10 11 7 12 13 14 15 16 17 ...
 $ Race.RaceType0Cd                 : Factor w/ 327 levels "1-09-1200-1-3-E-13",..: 10 11 12 7 13 14 15 16 17 18 ...
 $ Race.RaceType1Cd                 : Factor w/ 2 levels "1-3-E","1-3-X": 1 1 1 1 1 1 1 1 1 1 ...
 $ Race.RaceType2Cd                 : Factor w/ 2 levels "1-3-E","1-3-X": 1 1 1 1 1 1 1 1 1 1 ...
 $ Race.RaceType3Cd                 : Factor w/ 4 levels "3-E-13","3-X-14",..: 3 1 3 1 1 3 1 1 3 1 ...
 $ Race.RaceType4Cd                 : Factor w/ 2 levels "1-3-13","1-3-14": 2 1 2 1 1 2 1 1 2 1 ...
 $ RaceHorse.RaceId                 : Factor w/ 1456 levels "20170930-09-04-08-10",..: 11 12 13 14 15 16 17 18 19 20 ...
 $ RaceHorse.KettoNum               : Factor w/ 2835 levels "2013103801","2016105553",..: 11 12 13 14 15 16 17 18 19 20 ...
 $ RaceHorse.IsHit1                 : int  0 0 0 0 0 0 0 0 0 0 ...
 $ RaceHorse.IsHit2                 : int  0 0 0 0 0 0 0 0 0 0 ...
 $ RaceHorse.IsHit3                 : int  0 1 0 0 0 0 0 0 0 1 ...
 $ RaceHorse.IsHit4                 : int  0 0 0 0 0 0 1 0 0 0 ...
 $ RaceHorse.IsHit5                 : int  0 0 0 0 0 0 0 1 0 0 ...
 $ RaceHorse.IsHit6                 : int  1 0 1 1 1 1 0 0 1 0 ...
 $ RaceHorse.IsValidRaceHorse       : logi  TRUE TRUE TRUE TRUE TRUE TRUE ...
 $ RaceHorse.IsHitA                 : int  0 0 0 0 0 0 0 0 0 0 ...
 $ RaceHorse.IsHitB                 : int  0 0 0 0 0 0 0 0 0 0 ...
 $ RaceHorse.IsHitC                 : int  0 1 0 0 0 0 0 0 0 1 ...
 $ Gen02.HansyokuNum                : Factor w/ 2184 levels "12250837","12255244",..: 11 12 13 14 15 16 17 18 19 20 ...
 $ Gen02.TimeDvByRaceAvg            : num  51.7 58.6 45.2 49.3 52.2 ...
 $ Gen02.TimeDvByRaceMax            : num  61.8 60.9 60.2 60.1 62.5 ...
 $ Gen02.RunCount                   : int  7 2 14 6 8 5 5 1 23 6 ...
 $ Gen02.HitCount1                  : int  0 0 0 1 2 1 1 0 0 1 ...
 $ Gen02.HitCount2                  : int  1 1 0 0 0 1 1 1 0 1 ...
 $ Gen02.HitCount3                  : int  0 0 2 0 1 2 1 0 1 0 ...
 $ Gen02.HitCount4                  : int  0 0 0 0 1 0 0 0 1 1 ...
 $ Gen02.HitCount5                  : int  1 1 0 2 0 0 1 0 2 1 ...
 $ Gen02.HitRate1                   : num  0 0 0 0.167 0.25 ...
 $ Gen02.HitRate2                   : num  0.143 0.5 0 0 0 ...
 $ Gen02.HitRate3                   : num  0 0 0.143 0 0.125 ...
 $ Gen02.HitRate4                   : num  0 0 0 0 0.125 ...
 $ Gen02.HitRate5                   : num  0.143 0.5 0 0.333 0 ...
 $ EOF                              : int  1 1 1 1 1 1 1 1 1 1 ...
[1] "2022-02-07 16:47:35 --- RxSqlServerData Finish ---"
[1] "2022-02-07 16:47:35 --- subset Start ---"
[1] "nrow(data) subset before=14828"
[1] "nrow(data) subset after =12143"
[1] "nrow(data) subset diff =2685"
[1] "2022-02-07 16:47:35 --- subset Finish---"
[1] "2022-02-07 16:47:35 --- transform Start ---"
[1] "nrow(data) transform before=12143"
[1] "nrow(data) transform after=12143"
[1] "nrow(data) transform diff=0"
[1] "str(data)="
'data.frame':	12143 obs. of  42 variables:
 $ Race.RaceId                      : Factor w/ 1456 levels "20170930-09-04-08-10",..: 11 12 13 14 15 16 17 18 19 20 ...
 $ Race.IsPredictedRace             : logi  FALSE FALSE FALSE FALSE FALSE FALSE ...
 $ Race.IsAnalyzeNormalPastAndFuture: logi  TRUE TRUE TRUE TRUE TRUE TRUE ...
 $ Race.IsAnalyzeNormalPast         : logi  TRUE TRUE TRUE TRUE TRUE TRUE ...
 $ Race.IsAnalyzeNormalFuture       : logi  FALSE FALSE FALSE FALSE FALSE FALSE ...
 $ Race.IsAnalyzeFullPastAndFuture  : logi  TRUE TRUE TRUE TRUE TRUE TRUE ...
 $ Race.IsAnalyzeFullPast           : logi  TRUE TRUE TRUE TRUE TRUE TRUE ...
 $ Race.IsAnalyzeFullFuture         : logi  FALSE FALSE FALSE FALSE FALSE FALSE ...
 $ Race.JyokenCd                    : Factor w/ 1 level "3": 1 1 1 1 1 1 1 1 1 1 ...
 $ Race.JyoType1Cd                  : Factor w/ 168 levels "1-09-1200-1",..: 1 10 11 7 12 13 14 15 16 17 ...
 $ Race.RaceType0Cd                 : Factor w/ 327 levels "1-09-1200-1-3-E-13",..: 10 11 12 7 13 14 15 16 17 18 ...
 $ Race.RaceType1Cd                 : Factor w/ 2 levels "1-3-E","1-3-X": 1 1 1 1 1 1 1 1 1 1 ...
 $ Race.RaceType2Cd                 : Factor w/ 2 levels "1-3-E","1-3-X": 1 1 1 1 1 1 1 1 1 1 ...
 $ Race.RaceType3Cd                 : Factor w/ 4 levels "3-E-13","3-X-14",..: 3 1 3 1 1 3 1 1 3 1 ...
 $ Race.RaceType4Cd                 : Factor w/ 2 levels "1-3-13","1-3-14": 2 1 2 1 1 2 1 1 2 1 ...
 $ RaceHorse.RaceId                 : Factor w/ 1456 levels "20170930-09-04-08-10",..: 11 12 13 14 15 16 17 18 19 20 ...
 $ RaceHorse.KettoNum               : Factor w/ 2835 levels "2013103801","2016105553",..: 11 12 13 14 15 16 17 18 19 20 ...
 $ RaceHorse.IsHit1                 : int  0 0 0 0 0 0 0 0 0 0 ...
 $ RaceHorse.IsHit2                 : int  0 0 0 0 0 0 0 0 0 0 ...
 $ RaceHorse.IsHit3                 : int  0 1 0 0 0 0 0 0 0 1 ...
 $ RaceHorse.IsHit4                 : int  0 0 0 0 0 0 1 0 0 0 ...
 $ RaceHorse.IsHit5                 : int  0 0 0 0 0 0 0 1 0 0 ...
 $ RaceHorse.IsHit6                 : int  1 0 1 1 1 1 0 0 1 0 ...
 $ RaceHorse.IsValidRaceHorse       : logi  TRUE TRUE TRUE TRUE TRUE TRUE ...
 $ RaceHorse.IsHitA                 : int  0 0 0 0 0 0 0 0 0 0 ...
 $ RaceHorse.IsHitB                 : int  0 0 0 0 0 0 0 0 0 0 ...
 $ RaceHorse.IsHitC                 : int  0 1 0 0 0 0 0 0 0 1 ...
 $ Gen02.HansyokuNum                : Factor w/ 2184 levels "12250837","12255244",..: 11 12 13 14 15 16 17 18 19 20 ...
 $ Gen02.TimeDvByRaceAvg            : num  51.7 58.6 45.2 49.3 52.2 ...
 $ Gen02.TimeDvByRaceMax            : num  61.8 60.9 60.2 60.1 62.5 ...
 $ Gen02.RunCount                   : int  7 2 14 6 8 5 5 1 23 6 ...
 $ Gen02.HitCount1                  : int  0 0 0 1 2 1 1 0 0 1 ...
 $ Gen02.HitCount2                  : int  1 1 0 0 0 1 1 1 0 1 ...
 $ Gen02.HitCount3                  : int  0 0 2 0 1 2 1 0 1 0 ...
 $ Gen02.HitCount4                  : int  0 0 0 0 1 0 0 0 1 1 ...
 $ Gen02.HitCount5                  : int  1 1 0 2 0 0 1 0 2 1 ...
 $ Gen02.HitRate1                   : num  0 0 0 0.167 0.25 ...
 $ Gen02.HitRate2                   : num  0.143 0.5 0 0 0 ...
 $ Gen02.HitRate3                   : num  0 0 0.143 0 0.125 ...
 $ Gen02.HitRate4                   : num  0 0 0 0 0.125 ...
 $ Gen02.HitRate5                   : num  0.143 0.5 0 0.333 0 ...
 $ EOF                              : int  1 1 1 1 1 1 1 1 1 1 ...
NULL
[1] "2022-02-07 16:47:35 --- transform Finish ---"
[1] "2022-02-07 16:47:35 --- na.omit Start ---"
[1] "nrow(data) na.omit before=12143"
[1] "nrow(data) na.omit after =12143"
[1] "nrow(data) na.omit diff =0"
'data.frame':	12143 obs. of  42 variables:
 $ Race.RaceId                      : Factor w/ 1456 levels "20170930-09-04-08-10",..: 11 12 13 14 15 16 17 18 19 20 ...
 $ Race.IsPredictedRace             : logi  FALSE FALSE FALSE FALSE FALSE FALSE ...
 $ Race.IsAnalyzeNormalPastAndFuture: logi  TRUE TRUE TRUE TRUE TRUE TRUE ...
 $ Race.IsAnalyzeNormalPast         : logi  TRUE TRUE TRUE TRUE TRUE TRUE ...
 $ Race.IsAnalyzeNormalFuture       : logi  FALSE FALSE FALSE FALSE FALSE FALSE ...
 $ Race.IsAnalyzeFullPastAndFuture  : logi  TRUE TRUE TRUE TRUE TRUE TRUE ...
 $ Race.IsAnalyzeFullPast           : logi  TRUE TRUE TRUE TRUE TRUE TRUE ...
 $ Race.IsAnalyzeFullFuture         : logi  FALSE FALSE FALSE FALSE FALSE FALSE ...
 $ Race.JyokenCd                    : Factor w/ 1 level "3": 1 1 1 1 1 1 1 1 1 1 ...
 $ Race.JyoType1Cd                  : Factor w/ 168 levels "1-09-1200-1",..: 1 10 11 7 12 13 14 15 16 17 ...
 $ Race.RaceType0Cd                 : Factor w/ 327 levels "1-09-1200-1-3-E-13",..: 10 11 12 7 13 14 15 16 17 18 ...
 $ Race.RaceType1Cd                 : Factor w/ 2 levels "1-3-E","1-3-X": 1 1 1 1 1 1 1 1 1 1 ...
 $ Race.RaceType2Cd                 : Factor w/ 2 levels "1-3-E","1-3-X": 1 1 1 1 1 1 1 1 1 1 ...
 $ Race.RaceType3Cd                 : Factor w/ 4 levels "3-E-13","3-X-14",..: 3 1 3 1 1 3 1 1 3 1 ...
 $ Race.RaceType4Cd                 : Factor w/ 2 levels "1-3-13","1-3-14": 2 1 2 1 1 2 1 1 2 1 ...
 $ RaceHorse.RaceId                 : Factor w/ 1456 levels "20170930-09-04-08-10",..: 11 12 13 14 15 16 17 18 19 20 ...
 $ RaceHorse.KettoNum               : Factor w/ 2835 levels "2013103801","2016105553",..: 11 12 13 14 15 16 17 18 19 20 ...
 $ RaceHorse.IsHit1                 : int  0 0 0 0 0 0 0 0 0 0 ...
 $ RaceHorse.IsHit2                 : int  0 0 0 0 0 0 0 0 0 0 ...
 $ RaceHorse.IsHit3                 : int  0 1 0 0 0 0 0 0 0 1 ...
 $ RaceHorse.IsHit4                 : int  0 0 0 0 0 0 1 0 0 0 ...
 $ RaceHorse.IsHit5                 : int  0 0 0 0 0 0 0 1 0 0 ...
 $ RaceHorse.IsHit6                 : int  1 0 1 1 1 1 0 0 1 0 ...
 $ RaceHorse.IsValidRaceHorse       : logi  TRUE TRUE TRUE TRUE TRUE TRUE ...
 $ RaceHorse.IsHitA                 : int  0 0 0 0 0 0 0 0 0 0 ...
 $ RaceHorse.IsHitB                 : int  0 0 0 0 0 0 0 0 0 0 ...
 $ RaceHorse.IsHitC                 : int  0 1 0 0 0 0 0 0 0 1 ...
 $ Gen02.HansyokuNum                : Factor w/ 2184 levels "12250837","12255244",..: 11 12 13 14 15 16 17 18 19 20 ...
 $ Gen02.TimeDvByRaceAvg            : num  51.7 58.6 45.2 49.3 52.2 ...
 $ Gen02.TimeDvByRaceMax            : num  61.8 60.9 60.2 60.1 62.5 ...
 $ Gen02.RunCount                   : int  7 2 14 6 8 5 5 1 23 6 ...
 $ Gen02.HitCount1                  : int  0 0 0 1 2 1 1 0 0 1 ...
 $ Gen02.HitCount2                  : int  1 1 0 0 0 1 1 1 0 1 ...
 $ Gen02.HitCount3                  : int  0 0 2 0 1 2 1 0 1 0 ...
 $ Gen02.HitCount4                  : int  0 0 0 0 1 0 0 0 1 1 ...
 $ Gen02.HitCount5                  : int  1 1 0 2 0 0 1 0 2 1 ...
 $ Gen02.HitRate1                   : num  0 0 0 0.167 0.25 ...
 $ Gen02.HitRate2                   : num  0.143 0.5 0 0 0 ...
 $ Gen02.HitRate3                   : num  0 0 0.143 0 0.125 ...
 $ Gen02.HitRate4                   : num  0 0 0 0 0.125 ...
 $ Gen02.HitRate5                   : num  0.143 0.5 0 0.333 0 ...
 $ EOF                              : int  1 1 1 1 1 1 1 1 1 1 ...
[1] "2022-02-07 16:47:36 --- na.omit Finish ---"
[1] "2022-02-07 16:47:36 --- rxGlm with rxStepControl Start ---"
[1] "2022-02-07 16:47:36 --- source_logic_glm.R Start ---"
[1] "2022-02-07 16:47:36 --- source_logic_glm.R Finished ---"
Rows Read: 12143, Total Rows Processed: 12143, Total Chunk Time: 0.001 seconds 

Starting values (iteration 1) time: 0.012 secs.
Rows Read: 12143, Total Rows Processed: 12143, Total Chunk Time: 0.001 seconds 

Iteration 2 time: 0.005 secs.
Rows Read: 12143, Total Rows Processed: 12143, Total Chunk Time: Less than .001 seconds 

Iteration 3 time: 0.004 secs.
Rows Read: 12143, Total Rows Processed: 12143, Total Chunk Time: 0.001 seconds 

Iteration 4 time: 0.004 secs.
Rows Read: 12143, Total Rows Processed: 12143, Total Chunk Time: 0.002 seconds 

Iteration 5 time: 0.006 secs.
Rows Read: 12143, Total Rows Processed: 12143, Total Chunk Time: 0.002 seconds 

Iteration 6 time: 0.005 secs.

Elapsed computation time: 0.052 secs.
Rows Read: 12143, Total Rows Processed: 12143, Total Chunk Time: Less than .001 seconds 

Starting values (iteration 1) time: 0.006 secs.
Rows Read: 12143, Total Rows Processed: 12143, Total Chunk Time: 0.002 seconds 

Iteration 2 time: 0.006 secs.
Rows Read: 12143, Total Rows Processed: 12143, Total Chunk Time: 0.002 seconds 

Iteration 3 time: 0.005 secs.
Rows Read: 12143, Total Rows Processed: 12143, Total Chunk Time: 0.002 seconds 

Iteration 4 time: 0.004 secs.
Rows Read: 12143, Total Rows Processed: 12143, Total Chunk Time: Less than .001 seconds 

Iteration 5 time: 0.003 secs.

Elapsed computation time: 0.040 secs.
Rows Read: 12143, Total Rows Processed: 12143, Total Chunk Time: Less than .001 seconds 

Starting values (iteration 1) time: 0.006 secs.
Rows Read: 12143, Total Rows Processed: 12143, Total Chunk Time: 0.001 seconds 

Iteration 2 time: 0.005 secs.
Rows Read: 12143, Total Rows Processed: 12143, Total Chunk Time: Less than .001 seconds 

Iteration 3 time: 0.004 secs.
Rows Read: 12143, Total Rows Processed: 12143, Total Chunk Time: 0.002 seconds 

Iteration 4 time: 0.005 secs.
Rows Read: 12143, Total Rows Processed: 12143, Total Chunk Time: 0.002 seconds 

Iteration 5 time: 0.006 secs.
Rows Read: 12143, Total Rows Processed: 12143, Total Chunk Time: 0.002 seconds 

Iteration 6 time: 0.006 secs.

Elapsed computation time: 0.051 secs.

Elapsed computation time: 0.156 secs.
[1] "analyze.results.glm.step="
Generalized Linear Model Results for: RaceHorse.IsHitA ~ Gen02.HitRate1
Data: data
Dependent variable(s): RaceHorse.IsHitA
Total independent variables: 2 
Number of valid observations: 12143
Number of missing observations: 0 
Family-link: binomial-logit 
 
 
Coefficients:
               RaceHorse.IsHitA
(Intercept)                  -3
Gen02.HitRate1                1
[1] "analyze.results.glm.step.summary"
Call:
rxGlm(formula = form, data = data, family = binomial(), variableSelection = analyze.results.glm.step.varsel)

Generalized Linear Model Results for: RaceHorse.IsHitA ~ Gen02.HitRate1
Data: data
Dependent variable(s): RaceHorse.IsHitA
Total independent variables: 2 
Number of valid observations: 12143
Number of missing observations: 0 
Family-link: binomial-logit 
 
Residual deviance: 6522.008 (on 12141 degrees of freedom)
 
Coefficients:
               Estimate Std. Error z value Pr(>|z|)    
(Intercept)     -2.5712     0.0373   -68.9  2.2e-16 ***
Gen02.HitRate1   1.1571     0.1835     6.3  2.9e-10 ***
---
Signif. codes:  0 '***' 0.001 '**' 0.01 '*' 0.05 '.' 0.1 ' ' 1

(Dispersion parameter for binomial family taken to be 1)

Condition number of final variance-covariance matrix: 1 
Number of iterations: 6
[1] "2022-02-07 16:47:36 --- rxGlm with rxStepControl Finish ---"
[1] "2022-02-07 16:47:36 --- rxStepPlot Start ---"
[1] "pdfFilename=pdf_analyze_glm_Gen02_Type13_rxStepPlot.pdf"
[1] "rxStepPlot="
[1] "2022-02-07 16:47:36 --- rxStepPlot Finish ---"
[1] "2022-02-07 16:47:36 --- save.image Start ---"
[1] "save.image"
[1] "rdataFilename=RData_analyze_glm_Gen02_Type13.RData"
[1] "2022-02-07 16:47:38 --- save.image Finish ---"
[1] "2022-02-07 16:47:38 --- final Start ---"
[1] "nrow(data) final=12143"
[1] "2022-02-07 16:47:38 --- final Finish ---"
[1] "2022-02-07 16:47:38 --- analyze_glm.R Finished ---"
[1] "2022-02-07 16:47:38 --- log Finish ---"
