[1] "2022-02-06 20:48:24 --- D1113_analyze_glm_Gen02_IsHitA_Type35 Start ---"
[1] "2022-02-06 20:48:24 --- Log Start ---"
[1] "2022-02-06 20:48:24 --- analyze_glm.R Start ---"
[1] "analyzeVersion=D1113"
[1] "analyzeCategory=analyze"
[1] "analyzeType=Gen02"
[1] "analyzeFamily=IsHitA"
[1] "analyzeFunc=glm"
[1] "analyzeTrackTypeCd=3"
[1] "analyzeJyokenCd=5"
[1] "2022-02-06 20:48:24 --- source_function.R Start ---"
[1] "2022-02-06 20:48:24 --- source_function.R Finished ---"

> print(paste0(Sys.time(), " --- source_library.R Start ---"))
[1] "2022-02-06 20:48:24 --- source_library.R Start ---"

> require("RevoScaleR")

> print(paste0(Sys.time(), " --- source_library.R Finished ---"))
[1] "2022-02-06 20:48:25 --- source_library.R Finished ---"
[1] "2022-02-06 20:48:25 --- RxSqlServerData Start ---"
[1] "sqlQuery=SELECT * FROM ViewAnalyzeD1113analyze01Gen02Type35"
Rows Read: 4921, Total Rows Processed: 4921, Total Chunk Time: 0.832 seconds 
[1] "head(data)="
           Race.RaceId Race.IsPredictedRace Race.IsAnalyzeNormalPastAndFuture
1 20190824-04-02-09-01                 TRUE                              TRUE
2 20180825-04-02-09-04                 TRUE                              TRUE
3 20190113-06-01-04-04                 TRUE                              TRUE
4 20160430-04-01-01-04                 TRUE                              TRUE
5 20160515-04-01-06-04                 TRUE                              TRUE
6 20200106-08-01-02-04                 TRUE                              TRUE
  Race.IsAnalyzeNormalPast Race.IsAnalyzeNormalFuture
1                     TRUE                      FALSE
2                     TRUE                      FALSE
3                     TRUE                      FALSE
4                     TRUE                      FALSE
5                     TRUE                      FALSE
6                     TRUE                      FALSE
  Race.IsAnalyzeFullPastAndFuture Race.IsAnalyzeFullPast
1                            TRUE                   TRUE
2                            TRUE                   TRUE
3                            TRUE                   TRUE
4                            TRUE                   TRUE
5                            TRUE                   TRUE
6                            TRUE                   TRUE
  Race.IsAnalyzeFullFuture Race.JyokenCd Race.JyoType1Cd   Race.RaceType0Cd
1                    FALSE             5     3-04-2850-2 3-04-2850-2-5-X-18
2                    FALSE             5     3-04-2850-1 3-04-2850-1-5-X-18
3                    FALSE             5     3-06-2880-1 3-06-2880-1-5-X-19
4                    FALSE             5     3-04-2890-1 3-04-2890-1-5-X-19
5                    FALSE             5     3-04-2890-1 3-04-2890-1-5-X-19
6                    FALSE             5     3-08-2910-1 3-08-2910-1-5-X-19
  Race.RaceType1Cd Race.RaceType2Cd Race.RaceType3Cd Race.RaceType4Cd
1            3-5-X            3-5-X           5-X-18           3-5-18
2            3-5-X            3-5-X           5-X-18           3-5-18
3            3-5-X            3-5-X           5-X-19           3-5-19
4            3-5-X            3-5-X           5-X-19           3-5-19
5            3-5-X            3-5-X           5-X-19           3-5-19
6            3-5-X            3-5-X           5-X-19           3-5-19
      RaceHorse.RaceId RaceHorse.KettoNum RaceHorse.IsHit1 RaceHorse.IsHit2
1 20190824-04-02-09-01         2016103133                0                0
2 20180825-04-02-09-04         2013102344                0                0
3 20190113-06-01-04-04         2013103496                0                0
4 20160430-04-01-01-04         2009101399                0                0
5 20160515-04-01-06-04         2010109123                0                0
6 20200106-08-01-02-04         2013106184                0                0
  RaceHorse.IsHit3 RaceHorse.IsHit4 RaceHorse.IsHit5 RaceHorse.IsHit6
1                0                0                0                1
2                0                0                0                1
3                0                0                0                1
4                0                0                0                1
5                0                0                0                1
6                0                0                0                1
  RaceHorse.IsValidRaceHorse RaceHorse.IsHitA RaceHorse.IsHitB RaceHorse.IsHitC
1                       TRUE                0                0                0
2                       TRUE                0                0                0
3                       TRUE                0                0                0
4                       TRUE                0                0                0
5                       TRUE                0                0                0
6                       TRUE                0                0                0
  Gen02.HansyokuNum Gen02.TimeDvByRaceAvg Gen02.TimeDvByRaceMax Gen02.RunCount
1          12250670                    49                    58             10
2          12244711                    45                    56              9
3          12247647                    53                    58             11
4          12253123                    54                    60              3
5          12251677                    51                    60              5
6          12251489                    56                    62              8
  Gen02.HitCount1 Gen02.HitCount2 Gen02.HitCount3 Gen02.HitCount4
1               1               1               1               1
2               0               0               0               0
3               0               2               1               1
4               0               1               0               0
5               0               1               0               0
6               1               1               2               1
  Gen02.HitCount5 Gen02.HitRate1 Gen02.HitRate2 Gen02.HitRate3 Gen02.HitRate4
1               2            0.1            0.1           0.10           0.10
2               1            0.0            0.0           0.00           0.00
3               2            0.0            0.2           0.09           0.09
4               0            0.0            0.3           0.00           0.00
5               1            0.0            0.2           0.00           0.00
6               1            0.1            0.1           0.25           0.12
  Gen02.HitRate5 EOF
1            0.2   1
2            0.1   1
3            0.2   1
4            0.0   1
5            0.2   1
6            0.1   1
[1] "object.size(data) auto=1.2 Mb"
[1] "nrow(data) RxSqlServerData=4921"
[1] "str(data)="
'data.frame':	4921 obs. of  42 variables:
 $ Race.RaceId                      : Factor w/ 515 levels "20161211-07-04-04-04",..: 11 12 13 14 15 16 17 18 19 5 ...
 $ Race.IsPredictedRace             : logi  TRUE TRUE TRUE TRUE TRUE TRUE ...
 $ Race.IsAnalyzeNormalPastAndFuture: logi  TRUE TRUE TRUE TRUE TRUE TRUE ...
 $ Race.IsAnalyzeNormalPast         : logi  TRUE TRUE TRUE TRUE TRUE TRUE ...
 $ Race.IsAnalyzeNormalFuture       : logi  FALSE FALSE FALSE FALSE FALSE FALSE ...
 $ Race.IsAnalyzeFullPastAndFuture  : logi  TRUE TRUE TRUE TRUE TRUE TRUE ...
 $ Race.IsAnalyzeFullPast           : logi  TRUE TRUE TRUE TRUE TRUE TRUE ...
 $ Race.IsAnalyzeFullFuture         : logi  FALSE FALSE FALSE FALSE FALSE FALSE ...
 $ Race.JyokenCd                    : Factor w/ 1 level "5": 1 1 1 1 1 1 1 1 1 1 ...
 $ Race.JyoType1Cd                  : Factor w/ 36 levels "3-07-3000-1",..: 3 7 10 11 11 4 1 6 6 5 ...
 $ Race.RaceType0Cd                 : Factor w/ 52 levels "3-07-3000-1-5-X-18",..: 3 7 10 11 11 12 1 13 13 5 ...
 $ Race.RaceType1Cd                 : Factor w/ 1 level "3-5-X": 1 1 1 1 1 1 1 1 1 1 ...
 $ Race.RaceType2Cd                 : Factor w/ 1 level "3-5-X": 1 1 1 1 1 1 1 1 1 1 ...
 $ Race.RaceType3Cd                 : Factor w/ 2 levels "5-X-18","5-X-19": 1 1 2 2 2 2 1 2 2 2 ...
 $ Race.RaceType4Cd                 : Factor w/ 2 levels "3-5-18","3-5-19": 1 1 2 2 2 2 1 2 2 2 ...
 $ RaceHorse.RaceId                 : Factor w/ 515 levels "20161211-07-04-04-04",..: 11 12 13 14 15 16 17 18 19 5 ...
 $ RaceHorse.KettoNum               : Factor w/ 1502 levels "2012103615","2011101882",..: 11 12 13 14 15 16 17 18 19 20 ...
 $ RaceHorse.IsHit1                 : int  0 0 0 0 0 0 0 0 0 0 ...
 $ RaceHorse.IsHit2                 : int  0 0 0 0 0 0 0 0 0 0 ...
 $ RaceHorse.IsHit3                 : int  0 0 0 0 0 0 0 0 0 0 ...
 $ RaceHorse.IsHit4                 : int  0 0 0 0 0 0 0 0 1 0 ...
 $ RaceHorse.IsHit5                 : int  0 0 0 0 0 0 0 0 0 0 ...
 $ RaceHorse.IsHit6                 : int  1 1 1 1 1 1 1 0 0 1 ...
 $ RaceHorse.IsValidRaceHorse       : logi  TRUE TRUE TRUE TRUE TRUE TRUE ...
 $ RaceHorse.IsHitA                 : int  0 0 0 0 0 0 0 0 0 0 ...
 $ RaceHorse.IsHitB                 : int  0 0 0 0 0 0 0 0 0 0 ...
 $ RaceHorse.IsHitC                 : int  0 0 0 0 0 0 0 0 0 0 ...
 $ Gen02.HansyokuNum                : Factor w/ 1344 levels "12254238","12243278",..: 11 12 13 14 15 16 17 18 19 20 ...
 $ Gen02.TimeDvByRaceAvg            : num  49.3 45 52.5 53.9 51 ...
 $ Gen02.TimeDvByRaceMax            : num  58.2 55.7 57.9 59.9 60.4 ...
 $ Gen02.RunCount                   : int  10 9 11 3 5 8 24 2 3 1 ...
 $ Gen02.HitCount1                  : int  1 0 0 0 0 1 1 0 0 0 ...
 $ Gen02.HitCount2                  : int  1 0 2 1 1 1 3 0 0 0 ...
 $ Gen02.HitCount3                  : int  1 0 1 0 0 2 4 0 1 0 ...
 $ Gen02.HitCount4                  : int  1 0 1 0 0 1 4 0 0 0 ...
 $ Gen02.HitCount5                  : int  2 1 2 0 1 1 3 0 1 0 ...
 $ Gen02.HitRate1                   : num  0.1 0 0 0 0 ...
 $ Gen02.HitRate2                   : num  0.1 0 0.182 0.333 0.2 ...
 $ Gen02.HitRate3                   : num  0.1 0 0.0909 0 0 ...
 $ Gen02.HitRate4                   : num  0.1 0 0.0909 0 0 ...
 $ Gen02.HitRate5                   : num  0.2 0.111 0.182 0 0.2 ...
 $ EOF                              : int  1 1 1 1 1 1 1 1 1 1 ...
[1] "2022-02-06 20:48:28 --- RxSqlServerData Finish ---"
[1] "2022-02-06 20:48:28 --- subset Start ---"
[1] "nrow(data) subset before=4921"
[1] "nrow(data) subset after =3845"
[1] "nrow(data) subset diff =1076"
[1] "2022-02-06 20:48:28 --- subset Finish---"
[1] "2022-02-06 20:48:28 --- transform Start ---"
[1] "nrow(data) transform before=3845"
[1] "nrow(data) transform after=3845"
[1] "nrow(data) transform diff=0"
[1] "str(data)="
'data.frame':	3845 obs. of  42 variables:
 $ Race.RaceId                      : Factor w/ 515 levels "20161211-07-04-04-04",..: 11 12 13 14 15 16 17 19 5 20 ...
 $ Race.IsPredictedRace             : logi  TRUE TRUE TRUE TRUE TRUE TRUE ...
 $ Race.IsAnalyzeNormalPastAndFuture: logi  TRUE TRUE TRUE TRUE TRUE TRUE ...
 $ Race.IsAnalyzeNormalPast         : logi  TRUE TRUE TRUE TRUE TRUE TRUE ...
 $ Race.IsAnalyzeNormalFuture       : logi  FALSE FALSE FALSE FALSE FALSE FALSE ...
 $ Race.IsAnalyzeFullPastAndFuture  : logi  TRUE TRUE TRUE TRUE TRUE TRUE ...
 $ Race.IsAnalyzeFullPast           : logi  TRUE TRUE TRUE TRUE TRUE TRUE ...
 $ Race.IsAnalyzeFullFuture         : logi  FALSE FALSE FALSE FALSE FALSE FALSE ...
 $ Race.JyokenCd                    : Factor w/ 1 level "5": 1 1 1 1 1 1 1 1 1 1 ...
 $ Race.JyoType1Cd                  : Factor w/ 36 levels "3-07-3000-1",..: 3 7 10 11 11 4 1 6 5 1 ...
 $ Race.RaceType0Cd                 : Factor w/ 52 levels "3-07-3000-1-5-X-18",..: 3 7 10 11 11 12 1 13 5 14 ...
 $ Race.RaceType1Cd                 : Factor w/ 1 level "3-5-X": 1 1 1 1 1 1 1 1 1 1 ...
 $ Race.RaceType2Cd                 : Factor w/ 1 level "3-5-X": 1 1 1 1 1 1 1 1 1 1 ...
 $ Race.RaceType3Cd                 : Factor w/ 2 levels "5-X-18","5-X-19": 1 1 2 2 2 2 1 2 2 2 ...
 $ Race.RaceType4Cd                 : Factor w/ 2 levels "3-5-18","3-5-19": 1 1 2 2 2 2 1 2 2 2 ...
 $ RaceHorse.RaceId                 : Factor w/ 515 levels "20161211-07-04-04-04",..: 11 12 13 14 15 16 17 19 5 20 ...
 $ RaceHorse.KettoNum               : Factor w/ 1502 levels "2012103615","2011101882",..: 11 12 13 14 15 16 17 19 20 21 ...
 $ RaceHorse.IsHit1                 : int  0 0 0 0 0 0 0 0 0 0 ...
 $ RaceHorse.IsHit2                 : int  0 0 0 0 0 0 0 0 0 0 ...
 $ RaceHorse.IsHit3                 : int  0 0 0 0 0 0 0 0 0 0 ...
 $ RaceHorse.IsHit4                 : int  0 0 0 0 0 0 0 1 0 0 ...
 $ RaceHorse.IsHit5                 : int  0 0 0 0 0 0 0 0 0 0 ...
 $ RaceHorse.IsHit6                 : int  1 1 1 1 1 1 1 0 1 1 ...
 $ RaceHorse.IsValidRaceHorse       : logi  TRUE TRUE TRUE TRUE TRUE TRUE ...
 $ RaceHorse.IsHitA                 : int  0 0 0 0 0 0 0 0 0 0 ...
 $ RaceHorse.IsHitB                 : int  0 0 0 0 0 0 0 0 0 0 ...
 $ RaceHorse.IsHitC                 : int  0 0 0 0 0 0 0 0 0 0 ...
 $ Gen02.HansyokuNum                : Factor w/ 1344 levels "12254238","12243278",..: 11 12 13 14 15 16 17 19 20 21 ...
 $ Gen02.TimeDvByRaceAvg            : num  49.3 45 52.5 53.9 51 ...
 $ Gen02.TimeDvByRaceMax            : num  58.2 55.7 57.9 59.9 60.4 ...
 $ Gen02.RunCount                   : int  10 9 11 3 5 8 24 3 1 2 ...
 $ Gen02.HitCount1                  : int  1 0 0 0 0 1 1 0 0 0 ...
 $ Gen02.HitCount2                  : int  1 0 2 1 1 1 3 0 0 0 ...
 $ Gen02.HitCount3                  : int  1 0 1 0 0 2 4 1 0 0 ...
 $ Gen02.HitCount4                  : int  1 0 1 0 0 1 4 0 0 0 ...
 $ Gen02.HitCount5                  : int  2 1 2 0 1 1 3 1 0 0 ...
 $ Gen02.HitRate1                   : num  0.1 0 0 0 0 ...
 $ Gen02.HitRate2                   : num  0.1 0 0.182 0.333 0.2 ...
 $ Gen02.HitRate3                   : num  0.1 0 0.0909 0 0 ...
 $ Gen02.HitRate4                   : num  0.1 0 0.0909 0 0 ...
 $ Gen02.HitRate5                   : num  0.2 0.111 0.182 0 0.2 ...
 $ EOF                              : int  1 1 1 1 1 1 1 1 1 1 ...
NULL
[1] "2022-02-06 20:48:28 --- transform Finish ---"
[1] "2022-02-06 20:48:28 --- na.omit Start ---"
[1] "nrow(data) na.omit before=3845"
[1] "nrow(data) na.omit after =3845"
[1] "nrow(data) na.omit diff =0"
'data.frame':	3845 obs. of  42 variables:
 $ Race.RaceId                      : Factor w/ 515 levels "20161211-07-04-04-04",..: 11 12 13 14 15 16 17 19 5 20 ...
 $ Race.IsPredictedRace             : logi  TRUE TRUE TRUE TRUE TRUE TRUE ...
 $ Race.IsAnalyzeNormalPastAndFuture: logi  TRUE TRUE TRUE TRUE TRUE TRUE ...
 $ Race.IsAnalyzeNormalPast         : logi  TRUE TRUE TRUE TRUE TRUE TRUE ...
 $ Race.IsAnalyzeNormalFuture       : logi  FALSE FALSE FALSE FALSE FALSE FALSE ...
 $ Race.IsAnalyzeFullPastAndFuture  : logi  TRUE TRUE TRUE TRUE TRUE TRUE ...
 $ Race.IsAnalyzeFullPast           : logi  TRUE TRUE TRUE TRUE TRUE TRUE ...
 $ Race.IsAnalyzeFullFuture         : logi  FALSE FALSE FALSE FALSE FALSE FALSE ...
 $ Race.JyokenCd                    : Factor w/ 1 level "5": 1 1 1 1 1 1 1 1 1 1 ...
 $ Race.JyoType1Cd                  : Factor w/ 36 levels "3-07-3000-1",..: 3 7 10 11 11 4 1 6 5 1 ...
 $ Race.RaceType0Cd                 : Factor w/ 52 levels "3-07-3000-1-5-X-18",..: 3 7 10 11 11 12 1 13 5 14 ...
 $ Race.RaceType1Cd                 : Factor w/ 1 level "3-5-X": 1 1 1 1 1 1 1 1 1 1 ...
 $ Race.RaceType2Cd                 : Factor w/ 1 level "3-5-X": 1 1 1 1 1 1 1 1 1 1 ...
 $ Race.RaceType3Cd                 : Factor w/ 2 levels "5-X-18","5-X-19": 1 1 2 2 2 2 1 2 2 2 ...
 $ Race.RaceType4Cd                 : Factor w/ 2 levels "3-5-18","3-5-19": 1 1 2 2 2 2 1 2 2 2 ...
 $ RaceHorse.RaceId                 : Factor w/ 515 levels "20161211-07-04-04-04",..: 11 12 13 14 15 16 17 19 5 20 ...
 $ RaceHorse.KettoNum               : Factor w/ 1502 levels "2012103615","2011101882",..: 11 12 13 14 15 16 17 19 20 21 ...
 $ RaceHorse.IsHit1                 : int  0 0 0 0 0 0 0 0 0 0 ...
 $ RaceHorse.IsHit2                 : int  0 0 0 0 0 0 0 0 0 0 ...
 $ RaceHorse.IsHit3                 : int  0 0 0 0 0 0 0 0 0 0 ...
 $ RaceHorse.IsHit4                 : int  0 0 0 0 0 0 0 1 0 0 ...
 $ RaceHorse.IsHit5                 : int  0 0 0 0 0 0 0 0 0 0 ...
 $ RaceHorse.IsHit6                 : int  1 1 1 1 1 1 1 0 1 1 ...
 $ RaceHorse.IsValidRaceHorse       : logi  TRUE TRUE TRUE TRUE TRUE TRUE ...
 $ RaceHorse.IsHitA                 : int  0 0 0 0 0 0 0 0 0 0 ...
 $ RaceHorse.IsHitB                 : int  0 0 0 0 0 0 0 0 0 0 ...
 $ RaceHorse.IsHitC                 : int  0 0 0 0 0 0 0 0 0 0 ...
 $ Gen02.HansyokuNum                : Factor w/ 1344 levels "12254238","12243278",..: 11 12 13 14 15 16 17 19 20 21 ...
 $ Gen02.TimeDvByRaceAvg            : num  49.3 45 52.5 53.9 51 ...
 $ Gen02.TimeDvByRaceMax            : num  58.2 55.7 57.9 59.9 60.4 ...
 $ Gen02.RunCount                   : int  10 9 11 3 5 8 24 3 1 2 ...
 $ Gen02.HitCount1                  : int  1 0 0 0 0 1 1 0 0 0 ...
 $ Gen02.HitCount2                  : int  1 0 2 1 1 1 3 0 0 0 ...
 $ Gen02.HitCount3                  : int  1 0 1 0 0 2 4 1 0 0 ...
 $ Gen02.HitCount4                  : int  1 0 1 0 0 1 4 0 0 0 ...
 $ Gen02.HitCount5                  : int  2 1 2 0 1 1 3 1 0 0 ...
 $ Gen02.HitRate1                   : num  0.1 0 0 0 0 ...
 $ Gen02.HitRate2                   : num  0.1 0 0.182 0.333 0.2 ...
 $ Gen02.HitRate3                   : num  0.1 0 0.0909 0 0 ...
 $ Gen02.HitRate4                   : num  0.1 0 0.0909 0 0 ...
 $ Gen02.HitRate5                   : num  0.2 0.111 0.182 0 0.2 ...
 $ EOF                              : int  1 1 1 1 1 1 1 1 1 1 ...
[1] "2022-02-06 20:48:28 --- na.omit Finish ---"
[1] "2022-02-06 20:48:28 --- rxGlm with rxStepControl Start ---"
[1] "2022-02-06 20:48:28 --- source_logic_glm.R Start ---"
[1] "2022-02-06 20:48:28 --- source_logic_glm.R Finished ---"
Rows Read: 3845, Total Rows Processed: 3845, Total Chunk Time: Less than .001 seconds 

Starting values (iteration 1) time: 0.007 secs.
Rows Read: 3845, Total Rows Processed: 3845, Total Chunk Time: Less than .001 seconds 

Iteration 2 time: 0.004 secs.
Rows Read: 3845, Total Rows Processed: 3845, Total Chunk Time: Less than .001 seconds 

Iteration 3 time: 0.002 secs.
Rows Read: 3845, Total Rows Processed: 3845, Total Chunk Time: Less than .001 seconds 

Iteration 4 time: 0.003 secs.
Rows Read: 3845, Total Rows Processed: 3845, Total Chunk Time: 0.001 seconds 

Iteration 5 time: 0.003 secs.
Rows Read: 3845, Total Rows Processed: 3845, Total Chunk Time: Less than .001 seconds 

Iteration 6 time: 0.003 secs.
Rows Read: 3845, Total Rows Processed: 3845, Total Chunk Time: 0.001 seconds 

Iteration 7 time: 0.003 secs.

Elapsed computation time: 0.049 secs.
Rows Read: 3845, Total Rows Processed: 3845, Total Chunk Time: Less than .001 seconds 

Starting values (iteration 1) time: 0.004 secs.
Rows Read: 3845, Total Rows Processed: 3845, Total Chunk Time: Less than .001 seconds 

Iteration 2 time: 0.005 secs.
Rows Read: 3845, Total Rows Processed: 3845, Total Chunk Time: Less than .001 seconds 

Iteration 3 time: 0.002 secs.
Rows Read: 3845, Total Rows Processed: 3845, Total Chunk Time: Less than .001 seconds 

Iteration 4 time: 0.003 secs.
Rows Read: 3845, Total Rows Processed: 3845, Total Chunk Time: Less than .001 seconds 

Iteration 5 time: 0.003 secs.
Rows Read: 3845, Total Rows Processed: 3845, Total Chunk Time: 0.001 seconds 

Iteration 6 time: 0.003 secs.
Rows Read: 3845, Total Rows Processed: 3845, Total Chunk Time: Less than .001 seconds 

Iteration 7 time: 0.003 secs.

Elapsed computation time: 0.047 secs.
Rows Read: 3845, Total Rows Processed: 3845, Total Chunk Time: Less than .001 seconds 

Starting values (iteration 1) time: 0.004 secs.
Rows Read: 3845, Total Rows Processed: 3845, Total Chunk Time: Less than .001 seconds 

Iteration 2 time: 0.003 secs.
Rows Read: 3845, Total Rows Processed: 3845, Total Chunk Time: Less than .001 seconds 

Iteration 3 time: 0.002 secs.
Rows Read: 3845, Total Rows Processed: 3845, Total Chunk Time: 0.001 seconds 

Iteration 4 time: 0.004 secs.
Rows Read: 3845, Total Rows Processed: 3845, Total Chunk Time: Less than .001 seconds 

Iteration 5 time: 0.003 secs.
Rows Read: 3845, Total Rows Processed: 3845, Total Chunk Time: Less than .001 seconds 

Iteration 6 time: 0.003 secs.

Elapsed computation time: 0.040 secs.
Rows Read: 3845, Total Rows Processed: 3845, Total Chunk Time: Less than .001 seconds 

Starting values (iteration 1) time: 0.004 secs.
Rows Read: 3845, Total Rows Processed: 3845, Total Chunk Time: 0.001 seconds 

Iteration 2 time: 0.004 secs.
Rows Read: 3845, Total Rows Processed: 3845, Total Chunk Time: Less than .001 seconds 

Iteration 3 time: 0.003 secs.
Rows Read: 3845, Total Rows Processed: 3845, Total Chunk Time: Less than .001 seconds 

Iteration 4 time: 0.003 secs.
Rows Read: 3845, Total Rows Processed: 3845, Total Chunk Time: Less than .001 seconds 

Iteration 5 time: 0.003 secs.
Rows Read: 3845, Total Rows Processed: 3845, Total Chunk Time: Less than .001 seconds 

Iteration 6 time: 0.003 secs.
Rows Read: 3845, Total Rows Processed: 3845, Total Chunk Time: Less than .001 seconds 

Iteration 7 time: 0.004 secs.

Elapsed computation time: 0.050 secs.

Elapsed computation time: 0.201 secs.
[1] "analyze.results.glm.step="
Generalized Linear Model Results for: RaceHorse.IsHitA ~
    Gen02.TimeDvByRaceAvg + Gen02.HitRate1
Data: data
Dependent variable(s): RaceHorse.IsHitA
Total independent variables: 3 
Number of valid observations: 3845
Number of missing observations: 0 
Family-link: binomial-logit 
 
 
Coefficients:
                      RaceHorse.IsHitA
(Intercept)                      -10.2
Gen02.TimeDvByRaceAvg              0.2
Gen02.HitRate1                    -4.2
[1] "analyze.results.glm.step.summary"
Call:
rxGlm(formula = form, data = data, family = binomial(), variableSelection = analyze.results.glm.step.varsel)

Generalized Linear Model Results for: RaceHorse.IsHitA ~
    Gen02.TimeDvByRaceAvg + Gen02.HitRate1
Data: data
Dependent variable(s): RaceHorse.IsHitA
Total independent variables: 3 
Number of valid observations: 3845
Number of missing observations: 0 
Family-link: binomial-logit 
 
Residual deviance: 2244.616 (on 3842 degrees of freedom)
 
Coefficients:
                      Estimate Std. Error z value Pr(>|z|)    
(Intercept)           -10.1788     0.6819  -14.93  2.2e-16 ***
Gen02.TimeDvByRaceAvg   0.1541     0.0127   12.13  2.2e-16 ***
Gen02.HitRate1         -4.2156     1.0349   -4.07  4.6e-05 ***
---
Signif. codes:  0 '***' 0.001 '**' 0.01 '*' 0.05 '.' 0.1 ' ' 1

(Dispersion parameter for binomial family taken to be 1)

Condition number of final variance-covariance matrix: 1 
Number of iterations: 7
[1] "2022-02-06 20:48:29 --- rxGlm with rxStepControl Finish ---"
[1] "2022-02-06 20:48:29 --- rxStepPlot Start ---"
[1] "pdfFilename=pdf_analyze_glm_Gen02_Type35_rxStepPlot.pdf"
[1] "rxStepPlot="
[1] "2022-02-06 20:48:29 --- rxStepPlot Finish ---"
[1] "2022-02-06 20:48:29 --- save.image Start ---"
[1] "save.image"
[1] "rdataFilename=RData_analyze_glm_Gen02_Type35.RData"
[1] "2022-02-06 20:48:30 --- save.image Finish ---"
[1] "2022-02-06 20:48:30 --- final Start ---"
[1] "nrow(data) final=3845"
[1] "2022-02-06 20:48:30 --- final Finish ---"
[1] "2022-02-06 20:48:30 --- analyze_glm.R Finished ---"
[1] "2022-02-06 20:48:30 --- log Finish ---"
