[1] "2022-02-06 07:22:01 --- D1113_Predict_glm_Jockey_IsHitA_Type23 Start ---"
[1] "2022-02-06 07:22:01 --- Log Start ---"
[1] "2022-02-06 07:22:01 --- predict.R Start ---"
[1] "analyzeVersion=D1113"
[1] "analyzeCategory=Predict"
[1] "analyzeType=Jockey"
[1] "analyzeFamily=IsHitA"
[1] "analyzeFunc=glm"
[1] "analyzeTrackTypeCd=2"
[1] "analyzeJyokenCd=3"
[1] "2022-02-06 07:22:01 --- source_function.R Start ---"
[1] "2022-02-06 07:22:01 --- source_function.R Finished ---"

> print(paste0(Sys.time(), " --- source_library.R Start ---"))
[1] "2022-02-06 07:22:01 --- source_library.R Start ---"

> require("RevoScaleR")

> print(paste0(Sys.time(), " --- source_library.R Finished ---"))
[1] "2022-02-06 07:22:01 --- source_library.R Finished ---"
[1] "2022-02-06 07:22:01 --- Load Start ---"
[1] "loadFilename=RData_Analyze_glm_Jockey_Type23.RData"
[1] "2022-02-06 07:22:02 --- Load Finished ---"
[1] "2022-02-06 07:22:02 --- RxSqlServerData Start ---"
[1] "sqlQuery=SELECT * FROM ViewAnalyzeD1113analyze01JockeyType23 WHERE [Race.IsPredictedRace] = 1"
Rows Read: 134, Total Rows Processed: 134, Total Chunk Time: 0.407 seconds 
[1] "head(InputDataSet)="
     Race.RaceId Race.IsPredictedRace Race.IsAnalyzeNormalPastAndFuture
1 20220206-10-10                 TRUE                              TRUE
2 20220206-10-10                 TRUE                              TRUE
3 20220206-10-10                 TRUE                              TRUE
4 20220206-10-10                 TRUE                              TRUE
5 20220206-10-10                 TRUE                              TRUE
6 20220206-10-10                 TRUE                              TRUE
  Race.IsAnalyzeNormalPast Race.IsAnalyzeNormalFuture
1                    FALSE                       TRUE
2                    FALSE                       TRUE
3                    FALSE                       TRUE
4                    FALSE                       TRUE
5                    FALSE                       TRUE
6                    FALSE                       TRUE
  Race.IsAnalyzeFullPastAndFuture Race.IsAnalyzeFullPast
1                            TRUE                  FALSE
2                            TRUE                  FALSE
3                            TRUE                  FALSE
4                            TRUE                  FALSE
5                            TRUE                  FALSE
6                            TRUE                  FALSE
  Race.IsAnalyzeFullFuture Race.JyokenCd Race.JyoType1Cd   Race.RaceType0Cd
1                     TRUE             3     2-10-1700-1 2-10-1700-1-3-E-14
2                     TRUE             3     2-10-1700-1 2-10-1700-1-3-E-14
3                     TRUE             3     2-10-1700-1 2-10-1700-1-3-E-14
4                     TRUE             3     2-10-1700-1 2-10-1700-1-3-E-14
5                     TRUE             3     2-10-1700-1 2-10-1700-1-3-E-14
6                     TRUE             3     2-10-1700-1 2-10-1700-1-3-E-14
  Race.RaceType1Cd Race.RaceType2Cd Race.RaceType3Cd Race.RaceType4Cd
1            2-3-E            2-3-E           3-E-14           2-3-14
2            2-3-E            2-3-E           3-E-14           2-3-14
3            2-3-E            2-3-E           3-E-14           2-3-14
4            2-3-E            2-3-E           3-E-14           2-3-14
5            2-3-E            2-3-E           3-E-14           2-3-14
6            2-3-E            2-3-E           3-E-14           2-3-14
  RaceHorse.RaceId RaceHorse.KettoNum RaceHorse.IsHit1 RaceHorse.IsHit2
1   20220206-10-10         2014106348                0                0
2   20220206-10-10         2015105451                0                0
3   20220206-10-10         2016101646                0                0
4   20220206-10-10         2016102571                0                0
5   20220206-10-10         2017101591                0                0
6   20220206-10-10         2017102543                0                0
  RaceHorse.IsHit3 RaceHorse.IsHit4 RaceHorse.IsHit5 RaceHorse.IsHit6
1                0                0                0                0
2                0                0                0                0
3                0                0                0                0
4                0                0                0                0
5                0                0                0                0
6                0                0                0                0
  RaceHorse.IsValidRaceHorse RaceHorse.IsHitA RaceHorse.IsHitB RaceHorse.IsHitC
1                      FALSE                0                0                0
2                      FALSE                0                0                0
3                      FALSE                0                0                0
4                      FALSE                0                0                0
5                      FALSE                0                0                0
6                      FALSE                0                0                0
  Jockey.KisyuCode Jockey.TimeDvByRaceAvg Jockey.TimeDvByRaceMax
1            01168               48.86542               65.37297
2            01181               47.09047               66.40813
3            01147               48.55464               64.82899
4            01154               48.19960               65.68802
5            01176               50.02152               65.71734
6            01178               50.26978               66.92602
  Jockey.RunCount Jockey.HitCount1 Jockey.HitCount2 Jockey.HitCount3
1              59                2                2                1
2              32                3                1                0
3              18                1                1                0
4             108                6                3                4
5              55                1                2                6
6              75                7                3                2
  Jockey.HitCount4 Jockey.HitCount5 Jockey.HitRate1 Jockey.HitRate2
1                4                6      0.03389831      0.03389831
2                1                2      0.09375000      0.03125000
3                0                0      0.05555556      0.05555556
4                3                7      0.05555556      0.02777778
5                3                4      0.01818182      0.03636364
6                7                5      0.09333333      0.04000000
  Jockey.HitRate3 Jockey.HitRate4 Jockey.HitRate5 EOF
1      0.01694915      0.06779661      0.10169492   1
2      0.00000000      0.03125000      0.06250000   1
3      0.00000000      0.00000000      0.00000000   1
4      0.03703704      0.02777778      0.06481481   1
5      0.10909091      0.05454545      0.07272727   1
6      0.02666667      0.09333333      0.06666667   1
[1] "object.size(InputDataSet) auto=48 Kb"
[1] "nrow(InputDataSet) RxSqlServerData=134"
[1] "str(InputDataSet)="
'data.frame':	134 obs. of  42 variables:
 $ Race.RaceId                      : Factor w/ 9 levels "20220206-10-01-08-10",..: 2 2 2 2 2 2 2 2 2 2 ...
 $ Race.IsPredictedRace             : logi  TRUE TRUE TRUE TRUE TRUE TRUE ...
 $ Race.IsAnalyzeNormalPastAndFuture: logi  TRUE TRUE TRUE TRUE TRUE TRUE ...
 $ Race.IsAnalyzeNormalPast         : logi  FALSE FALSE FALSE FALSE FALSE FALSE ...
 $ Race.IsAnalyzeNormalFuture       : logi  TRUE TRUE TRUE TRUE TRUE TRUE ...
 $ Race.IsAnalyzeFullPastAndFuture  : logi  TRUE TRUE TRUE TRUE TRUE TRUE ...
 $ Race.IsAnalyzeFullPast           : logi  FALSE FALSE FALSE FALSE FALSE FALSE ...
 $ Race.IsAnalyzeFullFuture         : logi  TRUE TRUE TRUE TRUE TRUE TRUE ...
 $ Race.JyokenCd                    : Factor w/ 1 level "3": 1 1 1 1 1 1 1 1 1 1 ...
 $ Race.JyoType1Cd                  : Factor w/ 6 levels "2-10-1700-1",..: 1 1 1 1 1 1 1 1 1 1 ...
 $ Race.RaceType0Cd                 : Factor w/ 6 levels "2-10-1700-1-3-E-14",..: 1 1 1 1 1 1 1 1 1 1 ...
 $ Race.RaceType1Cd                 : Factor w/ 2 levels "2-3-E","2-3-X": 1 1 1 1 1 1 1 1 1 1 ...
 $ Race.RaceType2Cd                 : Factor w/ 2 levels "2-3-E","2-3-X": 1 1 1 1 1 1 1 1 1 1 ...
 $ Race.RaceType3Cd                 : Factor w/ 2 levels "3-E-14","3-X-14": 1 1 1 1 1 1 1 1 1 1 ...
 $ Race.RaceType4Cd                 : Factor w/ 1 level "2-3-14": 1 1 1 1 1 1 1 1 1 1 ...
 $ RaceHorse.RaceId                 : Factor w/ 9 levels "20220206-10-01-08-10",..: 2 2 2 2 2 2 2 2 2 2 ...
 $ RaceHorse.KettoNum               : Factor w/ 75 levels "2014106348","2015105451",..: 1 2 3 4 5 6 7 8 9 10 ...
 $ RaceHorse.IsHit1                 : int  0 0 0 0 0 0 0 0 0 0 ...
 $ RaceHorse.IsHit2                 : int  0 0 0 0 0 0 0 0 0 0 ...
 $ RaceHorse.IsHit3                 : int  0 0 0 0 0 0 0 0 0 0 ...
 $ RaceHorse.IsHit4                 : int  0 0 0 0 0 0 0 0 0 0 ...
 $ RaceHorse.IsHit5                 : int  0 0 0 0 0 0 0 0 0 0 ...
 $ RaceHorse.IsHit6                 : int  0 0 0 0 0 0 0 0 0 0 ...
 $ RaceHorse.IsValidRaceHorse       : logi  FALSE FALSE FALSE FALSE FALSE FALSE ...
 $ RaceHorse.IsHitA                 : int  0 0 0 0 0 0 0 0 0 0 ...
 $ RaceHorse.IsHitB                 : int  0 0 0 0 0 0 0 0 0 0 ...
 $ RaceHorse.IsHitC                 : int  0 0 0 0 0 0 0 0 0 0 ...
 $ Jockey.KisyuCode                 : Factor w/ 58 levels "01168","01181",..: 1 2 3 4 5 6 7 8 9 10 ...
 $ Jockey.TimeDvByRaceAvg           : num  48.9 47.1 48.6 48.2 50 ...
 $ Jockey.TimeDvByRaceMax           : num  65.4 66.4 64.8 65.7 65.7 ...
 $ Jockey.RunCount                  : int  59 32 18 108 55 75 116 116 120 3 ...
 $ Jockey.HitCount1                 : int  2 3 1 6 1 7 6 10 14 0 ...
 $ Jockey.HitCount2                 : int  2 1 1 3 2 3 8 5 11 0 ...
 $ Jockey.HitCount3                 : int  1 0 0 4 6 2 9 10 7 0 ...
 $ Jockey.HitCount4                 : int  4 1 0 3 3 7 7 5 11 0 ...
 $ Jockey.HitCount5                 : int  6 2 0 7 4 5 9 12 7 0 ...
 $ Jockey.HitRate1                  : num  0.0339 0.0938 0.0556 0.0556 0.0182 ...
 $ Jockey.HitRate2                  : num  0.0339 0.0312 0.0556 0.0278 0.0364 ...
 $ Jockey.HitRate3                  : num  0.0169 0 0 0.037 0.1091 ...
 $ Jockey.HitRate4                  : num  0.0678 0.0312 0 0.0278 0.0545 ...
 $ Jockey.HitRate5                  : num  0.1017 0.0625 0 0.0648 0.0727 ...
 $ EOF                              : int  1 1 1 1 1 1 1 1 1 1 ...
[1] "2022-02-06 07:22:03 --- RxSqlServerData Finish ---"
[1] "2022-02-06 07:22:03 --- subset Start ---"
[1] "nrow(InputDataSet) subset before=134"
[1] "nrow(InputDataSet) subset after=134"
[1] "nrow(InputDataSet) subset diff=0"
[1] "class(InputDataSet$Race.IsAnalyzeNormalPast)=logical"
[1] "class(InputDataSet$Race.analyzeTrackTypeCd)=NULL"
[1] "2022-02-06 07:22:03 --- subset Finish ---"
[1] "2022-02-06 07:22:03 --- transform Start ---"
[1] "nrow(InputDataSet) transaform before=134"
[1] "nrow(InputDataSet) transaform after=134"
[1] "nrow(InputDataSet) transaform diff=0"
[1] "str(InputDataSet)="
'data.frame':	134 obs. of  42 variables:
 $ Race.RaceId                      : Factor w/ 9 levels "20220206-10-01-08-10",..: 2 2 2 2 2 2 2 2 2 2 ...
 $ Race.IsPredictedRace             : logi  TRUE TRUE TRUE TRUE TRUE TRUE ...
 $ Race.IsAnalyzeNormalPastAndFuture: logi  TRUE TRUE TRUE TRUE TRUE TRUE ...
 $ Race.IsAnalyzeNormalPast         : logi  FALSE FALSE FALSE FALSE FALSE FALSE ...
 $ Race.IsAnalyzeNormalFuture       : logi  TRUE TRUE TRUE TRUE TRUE TRUE ...
 $ Race.IsAnalyzeFullPastAndFuture  : logi  TRUE TRUE TRUE TRUE TRUE TRUE ...
 $ Race.IsAnalyzeFullPast           : logi  FALSE FALSE FALSE FALSE FALSE FALSE ...
 $ Race.IsAnalyzeFullFuture         : logi  TRUE TRUE TRUE TRUE TRUE TRUE ...
 $ Race.JyokenCd                    : Factor w/ 1 level "3": 1 1 1 1 1 1 1 1 1 1 ...
 $ Race.JyoType1Cd                  : Factor w/ 6 levels "2-10-1700-1",..: 1 1 1 1 1 1 1 1 1 1 ...
 $ Race.RaceType0Cd                 : Factor w/ 6 levels "2-10-1700-1-3-E-14",..: 1 1 1 1 1 1 1 1 1 1 ...
 $ Race.RaceType1Cd                 : Factor w/ 2 levels "2-3-E","2-3-X": 1 1 1 1 1 1 1 1 1 1 ...
 $ Race.RaceType2Cd                 : Factor w/ 2 levels "2-3-E","2-3-X": 1 1 1 1 1 1 1 1 1 1 ...
 $ Race.RaceType3Cd                 : Factor w/ 2 levels "3-E-14","3-X-14": 1 1 1 1 1 1 1 1 1 1 ...
 $ Race.RaceType4Cd                 : Factor w/ 1 level "2-3-14": 1 1 1 1 1 1 1 1 1 1 ...
 $ RaceHorse.RaceId                 : Factor w/ 9 levels "20220206-10-01-08-10",..: 2 2 2 2 2 2 2 2 2 2 ...
 $ RaceHorse.KettoNum               : Factor w/ 75 levels "2014106348","2015105451",..: 1 2 3 4 5 6 7 8 9 10 ...
 $ RaceHorse.IsHit1                 : int  0 0 0 0 0 0 0 0 0 0 ...
 $ RaceHorse.IsHit2                 : int  0 0 0 0 0 0 0 0 0 0 ...
 $ RaceHorse.IsHit3                 : int  0 0 0 0 0 0 0 0 0 0 ...
 $ RaceHorse.IsHit4                 : int  0 0 0 0 0 0 0 0 0 0 ...
 $ RaceHorse.IsHit5                 : int  0 0 0 0 0 0 0 0 0 0 ...
 $ RaceHorse.IsHit6                 : int  0 0 0 0 0 0 0 0 0 0 ...
 $ RaceHorse.IsValidRaceHorse       : logi  FALSE FALSE FALSE FALSE FALSE FALSE ...
 $ RaceHorse.IsHitA                 : int  0 0 0 0 0 0 0 0 0 0 ...
 $ RaceHorse.IsHitB                 : int  0 0 0 0 0 0 0 0 0 0 ...
 $ RaceHorse.IsHitC                 : int  0 0 0 0 0 0 0 0 0 0 ...
 $ Jockey.KisyuCode                 : Factor w/ 58 levels "01168","01181",..: 1 2 3 4 5 6 7 8 9 10 ...
 $ Jockey.TimeDvByRaceAvg           : num  48.9 47.1 48.6 48.2 50 ...
 $ Jockey.TimeDvByRaceMax           : num  65.4 66.4 64.8 65.7 65.7 ...
 $ Jockey.RunCount                  : int  59 32 18 108 55 75 116 116 120 3 ...
 $ Jockey.HitCount1                 : int  2 3 1 6 1 7 6 10 14 0 ...
 $ Jockey.HitCount2                 : int  2 1 1 3 2 3 8 5 11 0 ...
 $ Jockey.HitCount3                 : int  1 0 0 4 6 2 9 10 7 0 ...
 $ Jockey.HitCount4                 : int  4 1 0 3 3 7 7 5 11 0 ...
 $ Jockey.HitCount5                 : int  6 2 0 7 4 5 9 12 7 0 ...
 $ Jockey.HitRate1                  : num  0.0339 0.0938 0.0556 0.0556 0.0182 ...
 $ Jockey.HitRate2                  : num  0.0339 0.0312 0.0556 0.0278 0.0364 ...
 $ Jockey.HitRate3                  : num  0.0169 0 0 0.037 0.1091 ...
 $ Jockey.HitRate4                  : num  0.0678 0.0312 0 0.0278 0.0545 ...
 $ Jockey.HitRate5                  : num  0.1017 0.0625 0 0.0648 0.0727 ...
 $ EOF                              : int  1 1 1 1 1 1 1 1 1 1 ...
NULL
[1] "2022-02-06 07:22:03 --- transform Finish ---"
[1] "2022-02-06 07:22:03 --- na.omit Start ---"
[1] "nrow(InputDataSet) na.omit before=134"
[1] "nrow(InputDataSet) na.omit after=134"
[1] "nrow(InputDataSet) na.omit diff=0"
[1] "2022-02-06 07:22:03 --- na.omit Finish---"
[1] "2022-02-06 07:22:03 --- New Levels Start ---"
[1] "levels(data$Race.RaceType1Cd)=2-3-E" "levels(data$Race.RaceType1Cd)=2-3-X"
[1] "levels(InputDataSet$Race.RaceType1Cd)=2-3-E"
[2] "levels(InputDataSet$Race.RaceType1Cd)=2-3-X"
[1] "length(Race.RaceType1Cd.Index)=0"
[1] "2022-02-06 07:22:03 --- New Levels Finish ---"
[1] "2022-02-06 07:22:03 --- na.omit Start ---"
[1] "nrow(InputDataSet) na.omit levels before=134"
[1] "nrow(InputDataSet) na.omit levels after=134"
[1] "nrow(InputDataSet) na.omit levels diff=0"
[1] "2022-02-06 07:22:03 --- na.omit Finish ---"
[1] "2022-02-06 07:22:03 --- Predict InputDataSet Start ---"
[1] "nrow(InputDataSet) predict=134"
[1] "str(InputDataSet)="
'data.frame':	134 obs. of  42 variables:
 $ Race.RaceId                      : Factor w/ 9 levels "20220206-10-01-08-10",..: 2 2 2 2 2 2 2 2 2 2 ...
 $ Race.IsPredictedRace             : logi  TRUE TRUE TRUE TRUE TRUE TRUE ...
 $ Race.IsAnalyzeNormalPastAndFuture: logi  TRUE TRUE TRUE TRUE TRUE TRUE ...
 $ Race.IsAnalyzeNormalPast         : logi  FALSE FALSE FALSE FALSE FALSE FALSE ...
 $ Race.IsAnalyzeNormalFuture       : logi  TRUE TRUE TRUE TRUE TRUE TRUE ...
 $ Race.IsAnalyzeFullPastAndFuture  : logi  TRUE TRUE TRUE TRUE TRUE TRUE ...
 $ Race.IsAnalyzeFullPast           : logi  FALSE FALSE FALSE FALSE FALSE FALSE ...
 $ Race.IsAnalyzeFullFuture         : logi  TRUE TRUE TRUE TRUE TRUE TRUE ...
 $ Race.JyokenCd                    : Factor w/ 1 level "3": 1 1 1 1 1 1 1 1 1 1 ...
 $ Race.JyoType1Cd                  : Factor w/ 6 levels "2-10-1700-1",..: 1 1 1 1 1 1 1 1 1 1 ...
 $ Race.RaceType0Cd                 : Factor w/ 6 levels "2-10-1700-1-3-E-14",..: 1 1 1 1 1 1 1 1 1 1 ...
 $ Race.RaceType1Cd                 : Factor w/ 2 levels "2-3-E","2-3-X": 1 1 1 1 1 1 1 1 1 1 ...
 $ Race.RaceType2Cd                 : Factor w/ 2 levels "2-3-E","2-3-X": 1 1 1 1 1 1 1 1 1 1 ...
 $ Race.RaceType3Cd                 : Factor w/ 2 levels "3-E-14","3-X-14": 1 1 1 1 1 1 1 1 1 1 ...
 $ Race.RaceType4Cd                 : Factor w/ 1 level "2-3-14": 1 1 1 1 1 1 1 1 1 1 ...
 $ RaceHorse.RaceId                 : Factor w/ 9 levels "20220206-10-01-08-10",..: 2 2 2 2 2 2 2 2 2 2 ...
 $ RaceHorse.KettoNum               : Factor w/ 75 levels "2014106348","2015105451",..: 1 2 3 4 5 6 7 8 9 10 ...
 $ RaceHorse.IsHit1                 : int  0 0 0 0 0 0 0 0 0 0 ...
 $ RaceHorse.IsHit2                 : int  0 0 0 0 0 0 0 0 0 0 ...
 $ RaceHorse.IsHit3                 : int  0 0 0 0 0 0 0 0 0 0 ...
 $ RaceHorse.IsHit4                 : int  0 0 0 0 0 0 0 0 0 0 ...
 $ RaceHorse.IsHit5                 : int  0 0 0 0 0 0 0 0 0 0 ...
 $ RaceHorse.IsHit6                 : int  0 0 0 0 0 0 0 0 0 0 ...
 $ RaceHorse.IsValidRaceHorse       : logi  FALSE FALSE FALSE FALSE FALSE FALSE ...
 $ RaceHorse.IsHitA                 : int  0 0 0 0 0 0 0 0 0 0 ...
 $ RaceHorse.IsHitB                 : int  0 0 0 0 0 0 0 0 0 0 ...
 $ RaceHorse.IsHitC                 : int  0 0 0 0 0 0 0 0 0 0 ...
 $ Jockey.KisyuCode                 : Factor w/ 58 levels "01168","01181",..: 1 2 3 4 5 6 7 8 9 10 ...
 $ Jockey.TimeDvByRaceAvg           : num  48.9 47.1 48.6 48.2 50 ...
 $ Jockey.TimeDvByRaceMax           : num  65.4 66.4 64.8 65.7 65.7 ...
 $ Jockey.RunCount                  : int  59 32 18 108 55 75 116 116 120 3 ...
 $ Jockey.HitCount1                 : int  2 3 1 6 1 7 6 10 14 0 ...
 $ Jockey.HitCount2                 : int  2 1 1 3 2 3 8 5 11 0 ...
 $ Jockey.HitCount3                 : int  1 0 0 4 6 2 9 10 7 0 ...
 $ Jockey.HitCount4                 : int  4 1 0 3 3 7 7 5 11 0 ...
 $ Jockey.HitCount5                 : int  6 2 0 7 4 5 9 12 7 0 ...
 $ Jockey.HitRate1                  : num  0.0339 0.0938 0.0556 0.0556 0.0182 ...
 $ Jockey.HitRate2                  : num  0.0339 0.0312 0.0556 0.0278 0.0364 ...
 $ Jockey.HitRate3                  : num  0.0169 0 0 0.037 0.1091 ...
 $ Jockey.HitRate4                  : num  0.0678 0.0312 0 0.0278 0.0545 ...
 $ Jockey.HitRate5                  : num  0.1017 0.0625 0 0.0648 0.0727 ...
 $ EOF                              : int  1 1 1 1 1 1 1 1 1 1 ...
[1] "2022-02-06 07:22:03 --- Predict InputDataSet Finish ---"
[1] "2022-02-06 07:22:03 --- rxPredict (glm) Start ---"
[1] "analyzeFunc=glm"
Rows Read: 134, Total Rows Processed: 134, Total Chunk Time: Less than .001 seconds 
[1] "nrow(PredictDataSet) afte predict=134"
[1] "str(PredictDataSet)"
'data.frame':	134 obs. of  1 variable:
 $ RaceHorse.IsHitA_Pred: num  0.0521 0.0401 0.0498 0.0472 0.0617 ...
NULL
[1] "head(PredictDataSet) afte predict="
  RaceHorse.IsHitA_Pred
1            0.05211614
2            0.04006506
3            0.04978313
4            0.04723910
5            0.06173130
6            0.06400213
[1] "2022-02-06 07:22:03 --- rxPredict (glm) Finish ---"
[1] "2022-02-06 07:22:03 --- add key Start ---"
[1] "nrow(OutputDataSet) add KeyColmn=134"
[1] "str(OutputDataSet) after add Key"
'data.frame':	134 obs. of  2 variables:
 $ RaceHorse.RaceId  : Factor w/ 9 levels "20220206-10-01-08-10",..: 2 2 2 2 2 2 2 2 2 2 ...
 $ RaceHorse.KettoNum: Factor w/ 75 levels "2014106348","2015105451",..: 1 2 3 4 5 6 7 8 9 10 ...
NULL
[1] "2022-02-06 07:22:03 --- add key Finish ---"
[1] "2022-02-06 07:22:03 --- add PredictValue Start ---"
[1] "str(PredictDataSet) before rename="
[1] "colnames(PredictDataSet)=RaceHorse.IsHitA_Pred"
[1] "str(PredictDataSet) after rename="
'data.frame':	134 obs. of  1 variable:
 $ PredictValue: num  0.0521 0.0401 0.0498 0.0472 0.0617 ...
NULL
[1] "str(OutputDataSet) before cbind="
'data.frame':	134 obs. of  2 variables:
 $ RaceHorse.RaceId  : Factor w/ 9 levels "20220206-10-01-08-10",..: 2 2 2 2 2 2 2 2 2 2 ...
 $ RaceHorse.KettoNum: Factor w/ 75 levels "2014106348","2015105451",..: 1 2 3 4 5 6 7 8 9 10 ...
NULL
[1] "str(OutputDataSet) after cbind="
'data.frame':	134 obs. of  3 variables:
 $ RaceHorse.RaceId  : Factor w/ 9 levels "20220206-10-01-08-10",..: 2 2 2 2 2 2 2 2 2 2 ...
 $ RaceHorse.KettoNum: Factor w/ 75 levels "2014106348","2015105451",..: 1 2 3 4 5 6 7 8 9 10 ...
 $ PredictValue      : num  0.0521 0.0401 0.0498 0.0472 0.0617 ...
NULL
[1] "2022-02-06 07:22:03 --- add PredictValue Finish ---"
[1] "2022-02-06 07:22:03 --- final Start ---"
[1] "nrow(OutputDataSet) final=134"
[1] "head(OutputDataSet)="
  RaceHorse.RaceId RaceHorse.KettoNum PredictValue
1   20220206-10-10         2014106348   0.05211614
2   20220206-10-10         2015105451   0.04006506
3   20220206-10-10         2016101646   0.04978313
4   20220206-10-10         2016102571   0.04723910
5   20220206-10-10         2017101591   0.06173130
6   20220206-10-10         2017102543   0.06400213
[1] "str(OutputDataSet)="
'data.frame':	134 obs. of  3 variables:
 $ RaceHorse.RaceId  : Factor w/ 9 levels "20220206-10-01-08-10",..: 2 2 2 2 2 2 2 2 2 2 ...
 $ RaceHorse.KettoNum: Factor w/ 75 levels "2014106348","2015105451",..: 1 2 3 4 5 6 7 8 9 10 ...
 $ PredictValue      : num  0.0521 0.0401 0.0498 0.0472 0.0617 ...
NULL
[1] "2022-02-06 07:22:03 --- final Finish ---"
[1] "2022-02-06 07:22:03 --- predict.R Finished ---"
[1] "2022-02-06 07:22:03 --- log Finish ---"
