[1] "2022-02-04 17:18:43 --- D1113_Predict_glm_Odds_IsHitA_Type12 Start ---"
[1] "2022-02-04 17:18:43 --- Log Start ---"
[1] "2022-02-04 17:18:43 --- predict.R Start ---"
[1] "analyzeVersion=D1113"
[1] "analyzeCategory=Predict"
[1] "analyzeType=Odds"
[1] "analyzeFamily=IsHitA"
[1] "analyzeFunc=glm"
[1] "analyzeTrackTypeCd=1"
[1] "analyzeJyokenCd=2"
[1] "2022-02-04 17:18:43 --- source_function.R Start ---"
[1] "2022-02-04 17:18:43 --- source_function.R Finished ---"

> print(paste0(Sys.time(), " --- source_library.R Start ---"))
[1] "2022-02-04 17:18:43 --- source_library.R Start ---"

> require("RevoScaleR")

> print(paste0(Sys.time(), " --- source_library.R Finished ---"))
[1] "2022-02-04 17:18:43 --- source_library.R Finished ---"
[1] "2022-02-04 17:18:43 --- Load Start ---"
[1] "loadFilename=RData_Analyze_glm_Odds_Type12.RData"
[1] "2022-02-04 17:18:44 --- Load Finished ---"
[1] "2022-02-04 17:18:44 --- RxSqlServerData Start ---"
[1] "sqlQuery=SELECT * FROM ViewAnalyzeD1113analyze01OddsType12 WHERE [Race.IsPredictedRace] = 1"
Rows Read: 8557, Total Rows Processed: 8557, Total Chunk Time: 0.271 seconds 
[1] "head(InputDataSet)="
           Race.RaceId Race.IsPredictedRace Race.IsAnalyzeNormalPastAndFuture
1 20160207-08-02-04-10                 TRUE                              TRUE
2 20160207-08-02-04-10                 TRUE                              TRUE
3 20160207-08-02-04-10                 TRUE                              TRUE
4 20160207-08-02-04-10                 TRUE                              TRUE
5 20160207-08-02-04-10                 TRUE                              TRUE
6 20160207-08-02-04-10                 TRUE                              TRUE
  Race.IsAnalyzeNormalPast Race.IsAnalyzeNormalFuture
1                     TRUE                      FALSE
2                     TRUE                      FALSE
3                     TRUE                      FALSE
4                     TRUE                      FALSE
5                     TRUE                      FALSE
6                     TRUE                      FALSE
  Race.IsAnalyzeFullPastAndFuture Race.IsAnalyzeFullPast
1                            TRUE                   TRUE
2                            TRUE                   TRUE
3                            TRUE                   TRUE
4                            TRUE                   TRUE
5                            TRUE                   TRUE
6                            TRUE                   TRUE
  Race.IsAnalyzeFullFuture Race.JyokenCd Race.JyoType1Cd   Race.RaceType0Cd
1                    FALSE             2     1-08-1200-1 1-08-1200-1-2-E-14
2                    FALSE             2     1-08-1200-1 1-08-1200-1-2-E-14
3                    FALSE             2     1-08-1200-1 1-08-1200-1-2-E-14
4                    FALSE             2     1-08-1200-1 1-08-1200-1-2-E-14
5                    FALSE             2     1-08-1200-1 1-08-1200-1-2-E-14
6                    FALSE             2     1-08-1200-1 1-08-1200-1-2-E-14
  Race.RaceType1Cd Race.RaceType2Cd Race.RaceType3Cd Race.RaceType4Cd
1            1-2-E            1-2-E           2-E-14           1-2-14
2            1-2-E            1-2-E           2-E-14           1-2-14
3            1-2-E            1-2-E           2-E-14           1-2-14
4            1-2-E            1-2-E           2-E-14           1-2-14
5            1-2-E            1-2-E           2-E-14           1-2-14
6            1-2-E            1-2-E           2-E-14           1-2-14
      RaceHorse.RaceId RaceHorse.KettoNum RaceHorse.IsHit1 RaceHorse.IsHit2
1 20160207-08-02-04-10         2009105017                0                0
2 20160207-08-02-04-10         2009105019                0                0
3 20160207-08-02-04-10         2009105680                0                0
4 20160207-08-02-04-10         2010100707                0                0
5 20160207-08-02-04-10         2010102252                0                0
6 20160207-08-02-04-10         2010104200                0                0
  RaceHorse.IsHit3 RaceHorse.IsHit4 RaceHorse.IsHit5 RaceHorse.IsHit6
1                0                1                0                0
2                0                0                0                1
3                0                0                0                1
4                1                0                0                0
5                0                0                0                1
6                0                0                0                1
  RaceHorse.IsValidRaceHorse RaceHorse.IsHitA RaceHorse.IsHitB RaceHorse.IsHitC
1                       TRUE                0                0                0
2                       TRUE                0                0                0
3                       TRUE                0                0                0
4                       TRUE                0                0                1
5                       TRUE                0                0                0
6                       TRUE                0                0                0
  OddsByWin.Odds1 OddsByWin.Ninki OddsByWin.OddsLog1 OddsByWin.OddsRatio1
1             4.3               1           1.667707           0.30303030
2            39.7              12           3.706228           0.02583979
3            33.5              11           3.540959           0.03076923
4             6.9               3           2.066863           0.16949153
5            65.4              13           4.195697           0.01552795
6            33.0              10           3.526361           0.03125000
  OddsByWin.OddsLogit1 OddsByWin.ApprovalRate1 OddsByWin.ApprovalRateLog1 EOF
1            -1.458615              0.23255814                 0.20909180   1
2            -3.681351              0.02518892                 0.02487690   1
3            -3.511545              0.02985075                 0.02941389   1
4            -1.931521              0.14492754                 0.13534135   1
5            -4.180522              0.01529052                 0.01517480   1
6            -3.496508              0.03030303                 0.02985296   1
[1] "object.size(InputDataSet) auto=1.6 Mb"
[1] "nrow(InputDataSet) RxSqlServerData=8557"
[1] "str(InputDataSet)="
'data.frame':	8557 obs. of  35 variables:
 $ Race.RaceId                      : Factor w/ 656 levels "20160207-08-02-04-10",..: 1 1 1 1 1 1 1 1 1 1 ...
 $ Race.IsPredictedRace             : logi  TRUE TRUE TRUE TRUE TRUE TRUE ...
 $ Race.IsAnalyzeNormalPastAndFuture: logi  TRUE TRUE TRUE TRUE TRUE TRUE ...
 $ Race.IsAnalyzeNormalPast         : logi  TRUE TRUE TRUE TRUE TRUE TRUE ...
 $ Race.IsAnalyzeNormalFuture       : logi  FALSE FALSE FALSE FALSE FALSE FALSE ...
 $ Race.IsAnalyzeFullPastAndFuture  : logi  TRUE TRUE TRUE TRUE TRUE TRUE ...
 $ Race.IsAnalyzeFullPast           : logi  TRUE TRUE TRUE TRUE TRUE TRUE ...
 $ Race.IsAnalyzeFullFuture         : logi  FALSE FALSE FALSE FALSE FALSE FALSE ...
 $ Race.JyokenCd                    : Factor w/ 1 level "2": 1 1 1 1 1 1 1 1 1 1 ...
 $ Race.JyoType1Cd                  : Factor w/ 122 levels "1-08-1200-1",..: 1 1 1 1 1 1 1 1 1 1 ...
 $ Race.RaceType0Cd                 : Factor w/ 178 levels "1-08-1200-1-2-E-14",..: 1 1 1 1 1 1 1 1 1 1 ...
 $ Race.RaceType1Cd                 : Factor w/ 1 level "1-2-E": 1 1 1 1 1 1 1 1 1 1 ...
 $ Race.RaceType2Cd                 : Factor w/ 1 level "1-2-E": 1 1 1 1 1 1 1 1 1 1 ...
 $ Race.RaceType3Cd                 : Factor w/ 2 levels "2-E-14","2-E-13": 1 1 1 1 1 1 1 1 1 1 ...
 $ Race.RaceType4Cd                 : Factor w/ 2 levels "1-2-14","1-2-13": 1 1 1 1 1 1 1 1 1 1 ...
 $ RaceHorse.RaceId                 : Factor w/ 656 levels "20160207-08-02-04-10",..: 1 1 1 1 1 1 1 1 1 1 ...
 $ RaceHorse.KettoNum               : Factor w/ 1747 levels "2009105017","2009105019",..: 1 2 3 4 5 6 7 8 9 10 ...
 $ RaceHorse.IsHit1                 : int  0 0 0 0 0 0 0 0 0 0 ...
 $ RaceHorse.IsHit2                 : int  0 0 0 0 0 0 0 0 0 0 ...
 $ RaceHorse.IsHit3                 : int  0 0 0 1 0 0 0 0 0 0 ...
 $ RaceHorse.IsHit4                 : int  1 0 0 0 0 0 0 0 0 0 ...
 $ RaceHorse.IsHit5                 : int  0 0 0 0 0 0 0 0 0 0 ...
 $ RaceHorse.IsHit6                 : int  0 1 1 0 1 1 1 1 1 0 ...
 $ RaceHorse.IsValidRaceHorse       : logi  TRUE TRUE TRUE TRUE TRUE TRUE ...
 $ RaceHorse.IsHitA                 : int  0 0 0 0 0 0 0 0 0 0 ...
 $ RaceHorse.IsHitB                 : int  0 0 0 0 0 0 0 0 0 0 ...
 $ RaceHorse.IsHitC                 : int  0 0 0 1 0 0 0 0 0 0 ...
 $ OddsByWin.Odds1                  : num  4.3 39.7 33.5 6.9 65.4 33 26.3 13.2 7.5 NA ...
 $ OddsByWin.Ninki                  : num  1 12 11 3 13 10 9 8 4 NA ...
 $ OddsByWin.OddsLog1               : num  1.67 3.71 3.54 2.07 4.2 ...
 $ OddsByWin.OddsRatio1             : num  0.303 0.0258 0.0308 0.1695 0.0155 ...
 $ OddsByWin.OddsLogit1             : num  -1.46 -3.68 -3.51 -1.93 -4.18 ...
 $ OddsByWin.ApprovalRate1          : num  0.2326 0.0252 0.0299 0.1449 0.0153 ...
 $ OddsByWin.ApprovalRateLog1       : num  0.2091 0.0249 0.0294 0.1353 0.0152 ...
 $ EOF                              : int  1 1 1 1 1 1 1 1 1 1 ...
[1] "2022-02-04 17:18:45 --- RxSqlServerData Finish ---"
[1] "2022-02-04 17:18:45 --- subset Start ---"
[1] "nrow(InputDataSet) subset before=8557"
[1] "nrow(InputDataSet) subset after=8557"
[1] "nrow(InputDataSet) subset diff=0"
[1] "class(InputDataSet$Race.IsAnalyzeNormalPast)=logical"
[1] "class(InputDataSet$Race.analyzeTrackTypeCd)=NULL"
[1] "2022-02-04 17:18:45 --- subset Finish ---"
[1] "2022-02-04 17:18:45 --- transform Start ---"
[1] "nrow(InputDataSet) transaform before=8557"
[1] "nrow(InputDataSet) transaform after=8557"
[1] "nrow(InputDataSet) transaform diff=0"
[1] "str(InputDataSet)="
'data.frame':	8557 obs. of  35 variables:
 $ Race.RaceId                      : Factor w/ 656 levels "20160207-08-02-04-10",..: 1 1 1 1 1 1 1 1 1 1 ...
 $ Race.IsPredictedRace             : logi  TRUE TRUE TRUE TRUE TRUE TRUE ...
 $ Race.IsAnalyzeNormalPastAndFuture: logi  TRUE TRUE TRUE TRUE TRUE TRUE ...
 $ Race.IsAnalyzeNormalPast         : logi  TRUE TRUE TRUE TRUE TRUE TRUE ...
 $ Race.IsAnalyzeNormalFuture       : logi  FALSE FALSE FALSE FALSE FALSE FALSE ...
 $ Race.IsAnalyzeFullPastAndFuture  : logi  TRUE TRUE TRUE TRUE TRUE TRUE ...
 $ Race.IsAnalyzeFullPast           : logi  TRUE TRUE TRUE TRUE TRUE TRUE ...
 $ Race.IsAnalyzeFullFuture         : logi  FALSE FALSE FALSE FALSE FALSE FALSE ...
 $ Race.JyokenCd                    : Factor w/ 1 level "2": 1 1 1 1 1 1 1 1 1 1 ...
 $ Race.JyoType1Cd                  : Factor w/ 122 levels "1-08-1200-1",..: 1 1 1 1 1 1 1 1 1 1 ...
 $ Race.RaceType0Cd                 : Factor w/ 178 levels "1-08-1200-1-2-E-14",..: 1 1 1 1 1 1 1 1 1 1 ...
 $ Race.RaceType1Cd                 : Factor w/ 1 level "1-2-E": 1 1 1 1 1 1 1 1 1 1 ...
 $ Race.RaceType2Cd                 : Factor w/ 1 level "1-2-E": 1 1 1 1 1 1 1 1 1 1 ...
 $ Race.RaceType3Cd                 : Factor w/ 2 levels "2-E-14","2-E-13": 1 1 1 1 1 1 1 1 1 1 ...
 $ Race.RaceType4Cd                 : Factor w/ 2 levels "1-2-14","1-2-13": 1 1 1 1 1 1 1 1 1 1 ...
 $ RaceHorse.RaceId                 : Factor w/ 656 levels "20160207-08-02-04-10",..: 1 1 1 1 1 1 1 1 1 1 ...
 $ RaceHorse.KettoNum               : Factor w/ 1747 levels "2009105017","2009105019",..: 1 2 3 4 5 6 7 8 9 10 ...
 $ RaceHorse.IsHit1                 : int  0 0 0 0 0 0 0 0 0 0 ...
 $ RaceHorse.IsHit2                 : int  0 0 0 0 0 0 0 0 0 0 ...
 $ RaceHorse.IsHit3                 : int  0 0 0 1 0 0 0 0 0 0 ...
 $ RaceHorse.IsHit4                 : int  1 0 0 0 0 0 0 0 0 0 ...
 $ RaceHorse.IsHit5                 : int  0 0 0 0 0 0 0 0 0 0 ...
 $ RaceHorse.IsHit6                 : int  0 1 1 0 1 1 1 1 1 0 ...
 $ RaceHorse.IsValidRaceHorse       : logi  TRUE TRUE TRUE TRUE TRUE TRUE ...
 $ RaceHorse.IsHitA                 : int  0 0 0 0 0 0 0 0 0 0 ...
 $ RaceHorse.IsHitB                 : int  0 0 0 0 0 0 0 0 0 0 ...
 $ RaceHorse.IsHitC                 : int  0 0 0 1 0 0 0 0 0 0 ...
 $ OddsByWin.Odds1                  : num  4.3 39.7 33.5 6.9 65.4 33 26.3 13.2 7.5 NA ...
 $ OddsByWin.Ninki                  : num  1 12 11 3 13 10 9 8 4 NA ...
 $ OddsByWin.OddsLog1               : num  1.67 3.71 3.54 2.07 4.2 ...
 $ OddsByWin.OddsRatio1             : num  0.303 0.0258 0.0308 0.1695 0.0155 ...
 $ OddsByWin.OddsLogit1             : num  -1.46 -3.68 -3.51 -1.93 -4.18 ...
 $ OddsByWin.ApprovalRate1          : num  0.2326 0.0252 0.0299 0.1449 0.0153 ...
 $ OddsByWin.ApprovalRateLog1       : num  0.2091 0.0249 0.0294 0.1353 0.0152 ...
 $ EOF                              : int  1 1 1 1 1 1 1 1 1 1 ...
NULL
[1] "2022-02-04 17:18:45 --- transform Finish ---"
[1] "2022-02-04 17:18:45 --- na.omit Start ---"
[1] "nrow(InputDataSet) na.omit before=8557"
[1] "nrow(InputDataSet) na.omit after=8502"
[1] "nrow(InputDataSet) na.omit diff=55"
[1] "2022-02-04 17:18:45 --- na.omit Finish---"
[1] "2022-02-04 17:18:45 --- New Levels Start ---"
[1] "levels(data$Race.RaceType1Cd)=1-2-E"
[1] "levels(InputDataSet$Race.RaceType1Cd)=1-2-E"
[1] "length(Race.RaceType1Cd.Index)=0"
[1] "2022-02-04 17:18:45 --- New Levels Finish ---"
[1] "2022-02-04 17:18:45 --- na.omit Start ---"
[1] "nrow(InputDataSet) na.omit levels before=8502"
[1] "nrow(InputDataSet) na.omit levels after=8502"
[1] "nrow(InputDataSet) na.omit levels diff=0"
[1] "2022-02-04 17:18:45 --- na.omit Finish ---"
[1] "2022-02-04 17:18:45 --- Predict InputDataSet Start ---"
[1] "nrow(InputDataSet) predict=8502"
[1] "str(InputDataSet)="
'data.frame':	8502 obs. of  35 variables:
 $ Race.RaceId                      : Factor w/ 656 levels "20160207-08-02-04-10",..: 1 1 1 1 1 1 1 1 1 1 ...
 $ Race.IsPredictedRace             : logi  TRUE TRUE TRUE TRUE TRUE TRUE ...
 $ Race.IsAnalyzeNormalPastAndFuture: logi  TRUE TRUE TRUE TRUE TRUE TRUE ...
 $ Race.IsAnalyzeNormalPast         : logi  TRUE TRUE TRUE TRUE TRUE TRUE ...
 $ Race.IsAnalyzeNormalFuture       : logi  FALSE FALSE FALSE FALSE FALSE FALSE ...
 $ Race.IsAnalyzeFullPastAndFuture  : logi  TRUE TRUE TRUE TRUE TRUE TRUE ...
 $ Race.IsAnalyzeFullPast           : logi  TRUE TRUE TRUE TRUE TRUE TRUE ...
 $ Race.IsAnalyzeFullFuture         : logi  FALSE FALSE FALSE FALSE FALSE FALSE ...
 $ Race.JyokenCd                    : Factor w/ 1 level "2": 1 1 1 1 1 1 1 1 1 1 ...
 $ Race.JyoType1Cd                  : Factor w/ 122 levels "1-08-1200-1",..: 1 1 1 1 1 1 1 1 1 1 ...
 $ Race.RaceType0Cd                 : Factor w/ 178 levels "1-08-1200-1-2-E-14",..: 1 1 1 1 1 1 1 1 1 1 ...
 $ Race.RaceType1Cd                 : Factor w/ 1 level "1-2-E": 1 1 1 1 1 1 1 1 1 1 ...
 $ Race.RaceType2Cd                 : Factor w/ 1 level "1-2-E": 1 1 1 1 1 1 1 1 1 1 ...
 $ Race.RaceType3Cd                 : Factor w/ 2 levels "2-E-14","2-E-13": 1 1 1 1 1 1 1 1 1 1 ...
 $ Race.RaceType4Cd                 : Factor w/ 2 levels "1-2-14","1-2-13": 1 1 1 1 1 1 1 1 1 1 ...
 $ RaceHorse.RaceId                 : Factor w/ 656 levels "20160207-08-02-04-10",..: 1 1 1 1 1 1 1 1 1 1 ...
 $ RaceHorse.KettoNum               : Factor w/ 1747 levels "2009105017","2009105019",..: 1 2 3 4 5 6 7 8 9 11 ...
 $ RaceHorse.IsHit1                 : int  0 0 0 0 0 0 0 0 0 0 ...
 $ RaceHorse.IsHit2                 : int  0 0 0 0 0 0 0 0 0 0 ...
 $ RaceHorse.IsHit3                 : int  0 0 0 1 0 0 0 0 0 0 ...
 $ RaceHorse.IsHit4                 : int  1 0 0 0 0 0 0 0 0 0 ...
 $ RaceHorse.IsHit5                 : int  0 0 0 0 0 0 0 0 0 0 ...
 $ RaceHorse.IsHit6                 : int  0 1 1 0 1 1 1 1 1 1 ...
 $ RaceHorse.IsValidRaceHorse       : logi  TRUE TRUE TRUE TRUE TRUE TRUE ...
 $ RaceHorse.IsHitA                 : int  0 0 0 0 0 0 0 0 0 0 ...
 $ RaceHorse.IsHitB                 : int  0 0 0 0 0 0 0 0 0 0 ...
 $ RaceHorse.IsHitC                 : int  0 0 0 1 0 0 0 0 0 0 ...
 $ OddsByWin.Odds1                  : num  4.3 39.7 33.5 6.9 65.4 33 26.3 13.2 7.5 66.2 ...
 $ OddsByWin.Ninki                  : num  1 12 11 3 13 10 9 8 4 14 ...
 $ OddsByWin.OddsLog1               : num  1.67 3.71 3.54 2.07 4.2 ...
 $ OddsByWin.OddsRatio1             : num  0.303 0.0258 0.0308 0.1695 0.0155 ...
 $ OddsByWin.OddsLogit1             : num  -1.46 -3.68 -3.51 -1.93 -4.18 ...
 $ OddsByWin.ApprovalRate1          : num  0.2326 0.0252 0.0299 0.1449 0.0153 ...
 $ OddsByWin.ApprovalRateLog1       : num  0.2091 0.0249 0.0294 0.1353 0.0152 ...
 $ EOF                              : int  1 1 1 1 1 1 1 1 1 1 ...
 - attr(*, "na.action")= 'omit' Named int  10 398 625 1139 1390 1588 1761 2233 2261 2341 ...
  ..- attr(*, "names")= chr  "10" "398" "625" "1139" ...
[1] "2022-02-04 17:18:46 --- Predict InputDataSet Finish ---"
[1] "2022-02-04 17:18:46 --- rxPredict (glm) Start ---"
[1] "analyzeFunc=glm"
Rows Read: 8502, Total Rows Processed: 8502, Total Chunk Time: Less than .001 seconds 
[1] "nrow(PredictDataSet) afte predict=8502"
[1] "str(PredictDataSet)"
'data.frame':	8502 obs. of  1 variable:
 $ RaceHorse.IsHitA_Pred: num  0.1839 0.0223 0.0265 0.1216 0.0135 ...
NULL
[1] "head(PredictDataSet) afte predict="
  RaceHorse.IsHitA_Pred
1            0.18385772
2            0.02234511
3            0.02650013
4            0.12161289
5            0.01348761
6            0.02690243
[1] "2022-02-04 17:18:46 --- rxPredict (glm) Finish ---"
[1] "2022-02-04 17:18:46 --- add key Start ---"
[1] "nrow(OutputDataSet) add KeyColmn=8502"
[1] "str(OutputDataSet) after add Key"
'data.frame':	8502 obs. of  2 variables:
 $ RaceHorse.RaceId  : Factor w/ 656 levels "20160207-08-02-04-10",..: 1 1 1 1 1 1 1 1 1 1 ...
 $ RaceHorse.KettoNum: Factor w/ 1747 levels "2009105017","2009105019",..: 1 2 3 4 5 6 7 8 9 11 ...
NULL
[1] "2022-02-04 17:18:46 --- add key Finish ---"
[1] "2022-02-04 17:18:46 --- add PredictValue Start ---"
[1] "str(PredictDataSet) before rename="
[1] "colnames(PredictDataSet)=RaceHorse.IsHitA_Pred"
[1] "str(PredictDataSet) after rename="
'data.frame':	8502 obs. of  1 variable:
 $ PredictValue: num  0.1839 0.0223 0.0265 0.1216 0.0135 ...
NULL
[1] "str(OutputDataSet) before cbind="
'data.frame':	8502 obs. of  2 variables:
 $ RaceHorse.RaceId  : Factor w/ 656 levels "20160207-08-02-04-10",..: 1 1 1 1 1 1 1 1 1 1 ...
 $ RaceHorse.KettoNum: Factor w/ 1747 levels "2009105017","2009105019",..: 1 2 3 4 5 6 7 8 9 11 ...
NULL
[1] "str(OutputDataSet) after cbind="
'data.frame':	8502 obs. of  3 variables:
 $ RaceHorse.RaceId  : Factor w/ 656 levels "20160207-08-02-04-10",..: 1 1 1 1 1 1 1 1 1 1 ...
 $ RaceHorse.KettoNum: Factor w/ 1747 levels "2009105017","2009105019",..: 1 2 3 4 5 6 7 8 9 11 ...
 $ PredictValue      : num  0.1839 0.0223 0.0265 0.1216 0.0135 ...
NULL
[1] "2022-02-04 17:18:46 --- add PredictValue Finish ---"
[1] "2022-02-04 17:18:46 --- final Start ---"
[1] "nrow(OutputDataSet) final=8502"
[1] "head(OutputDataSet)="
      RaceHorse.RaceId RaceHorse.KettoNum PredictValue
1 20160207-08-02-04-10         2009105017   0.18385772
2 20160207-08-02-04-10         2009105019   0.02234511
3 20160207-08-02-04-10         2009105680   0.02650013
4 20160207-08-02-04-10         2010100707   0.12161289
5 20160207-08-02-04-10         2010102252   0.01348761
6 20160207-08-02-04-10         2010104200   0.02690243
[1] "str(OutputDataSet)="
'data.frame':	8502 obs. of  3 variables:
 $ RaceHorse.RaceId  : Factor w/ 656 levels "20160207-08-02-04-10",..: 1 1 1 1 1 1 1 1 1 1 ...
 $ RaceHorse.KettoNum: Factor w/ 1747 levels "2009105017","2009105019",..: 1 2 3 4 5 6 7 8 9 11 ...
 $ PredictValue      : num  0.1839 0.0223 0.0265 0.1216 0.0135 ...
NULL
[1] "2022-02-04 17:18:46 --- final Finish ---"
[1] "2022-02-04 17:18:46 --- predict.R Finished ---"
[1] "2022-02-04 17:18:46 --- log Finish ---"
