[1] "2022-02-07 20:13:20 --- D1113_analyze_glm_Odds_IsHitA_Type13 Start ---"
[1] "2022-02-07 20:13:20 --- Log Start ---"
[1] "2022-02-07 20:13:20 --- analyze_glm.R Start ---"
[1] "analyzeVersion=D1113"
[1] "analyzeCategory=analyze"
[1] "analyzeType=Odds"
[1] "analyzeFamily=IsHitA"
[1] "analyzeFunc=glm"
[1] "analyzeTrackTypeCd=1"
[1] "analyzeJyokenCd=3"
[1] "2022-02-07 20:13:20 --- source_function.R Start ---"
[1] "2022-02-07 20:13:20 --- source_function.R Finished ---"

> print(paste0(Sys.time(), " --- source_library.R Start ---"))
[1] "2022-02-07 20:13:20 --- source_library.R Start ---"

> require("RevoScaleR")

> print(paste0(Sys.time(), " --- source_library.R Finished ---"))
[1] "2022-02-07 20:13:21 --- source_library.R Finished ---"
[1] "2022-02-07 20:13:21 --- RxSqlServerData Start ---"
[1] "sqlQuery=SELECT * FROM ViewAnalyzeD1113analyze01OddsType13"
Rows Read: 18018, Total Rows Processed: 18018, Total Chunk Time: 0.423 seconds 
[1] "head(data)="
           Race.RaceId Race.IsPredictedRace Race.IsAnalyzeNormalPastAndFuture
1 20200322-09-01-09-09                FALSE                              TRUE
2 20200509-08-03-05-09                FALSE                              TRUE
3 20210920-06-04-05-10                FALSE                              TRUE
4 20210619-09-03-01-09                FALSE                              TRUE
5 20160806-01-01-03-12                FALSE                              TRUE
6 20160828-10-02-10-10                FALSE                              TRUE
  Race.IsAnalyzeNormalPast Race.IsAnalyzeNormalFuture
1                     TRUE                      FALSE
2                     TRUE                      FALSE
3                    FALSE                       TRUE
4                    FALSE                       TRUE
5                     TRUE                      FALSE
6                     TRUE                      FALSE
  Race.IsAnalyzeFullPastAndFuture Race.IsAnalyzeFullPast
1                            TRUE                   TRUE
2                            TRUE                   TRUE
3                            TRUE                  FALSE
4                            TRUE                  FALSE
5                            TRUE                   TRUE
6                            TRUE                   TRUE
  Race.IsAnalyzeFullFuture Race.JyokenCd Race.JyoType1Cd   Race.RaceType0Cd
1                    FALSE             3     1-09-1800-1 1-09-1800-1-3-E-14
2                    FALSE             3     1-08-2000-1 1-08-2000-1-3-E-14
3                     TRUE             3     1-06-2000-1 1-06-2000-1-3-E-13
4                     TRUE             3     1-09-1600-3 1-09-1600-3-3-E-13
5                    FALSE             3     1-01-1200-1 1-01-1200-1-3-E-13
6                    FALSE             3     1-10-1200-3 1-10-1200-3-3-E-13
  Race.RaceType1Cd Race.RaceType2Cd Race.RaceType3Cd Race.RaceType4Cd
1            1-3-E            1-3-E           3-E-14           1-3-14
2            1-3-E            1-3-E           3-E-14           1-3-14
3            1-3-E            1-3-E           3-E-13           1-3-13
4            1-3-E            1-3-E           3-E-13           1-3-13
5            1-3-E            1-3-E           3-E-13           1-3-13
6            1-3-E            1-3-E           3-E-13           1-3-13
      RaceHorse.RaceId RaceHorse.KettoNum RaceHorse.IsHit1 RaceHorse.IsHit2
1 20200322-09-01-09-09         2016104883                0                0
2 20200509-08-03-05-09         2016102133                0                0
3 20210920-06-04-05-10         2016105768                0                0
4 20210619-09-03-01-09         2017105522                0                0
5 20160806-01-01-03-12         2012105191                0                0
6 20160828-10-02-10-10         2012110038                1                0
  RaceHorse.IsHit3 RaceHorse.IsHit4 RaceHorse.IsHit5 RaceHorse.IsHit6
1                0                1                0                0
2                0                0                0                1
3                0                1                0                0
4                1                0                0                0
5                0                0                0                1
6                0                0                0                0
  RaceHorse.IsValidRaceHorse RaceHorse.IsHitA RaceHorse.IsHitB RaceHorse.IsHitC
1                       TRUE                0                0                0
2                       TRUE                0                0                0
3                       TRUE                0                0                0
4                       TRUE                0                0                1
5                       TRUE                0                0                0
6                       TRUE                1                1                1
  OddsByWin.Odds1 OddsByWin.Ninki OddsByWin.OddsLog1 OddsByWin.OddsRatio1
1              13               4                  3                 0.08
2               3               1                  1                 0.56
3               7               5                  2                 0.17
4               4               2                  2                 0.36
5              80              14                  4                 0.01
6               5               2                  2                 0.26
  OddsByWin.OddsLogit1 OddsByWin.ApprovalRate1 OddsByWin.ApprovalRateLog1 EOF
1                   -3                    0.08                       0.07   1
2                   -1                    0.36                       0.31   1
3                   -2                    0.15                       0.14   1
4                   -1                    0.26                       0.23   1
5                   -4                    0.01                       0.01   1
6                   -2                    0.20                       0.19   1
[1] "object.size(data) auto=3.4 Mb"
[1] "nrow(data) RxSqlServerData=18018"
[1] "str(data)="
'data.frame':	18018 obs. of  35 variables:
 $ Race.RaceId                      : Factor w/ 1456 levels "20161008-05-04-01-10",..: 11 12 13 14 15 16 17 18 19 20 ...
 $ Race.IsPredictedRace             : logi  FALSE FALSE FALSE FALSE FALSE FALSE ...
 $ Race.IsAnalyzeNormalPastAndFuture: logi  TRUE TRUE TRUE TRUE TRUE TRUE ...
 $ Race.IsAnalyzeNormalPast         : logi  TRUE TRUE FALSE FALSE TRUE TRUE ...
 $ Race.IsAnalyzeNormalFuture       : logi  FALSE FALSE TRUE TRUE FALSE FALSE ...
 $ Race.IsAnalyzeFullPastAndFuture  : logi  TRUE TRUE TRUE TRUE TRUE TRUE ...
 $ Race.IsAnalyzeFullPast           : logi  TRUE TRUE FALSE FALSE TRUE TRUE ...
 $ Race.IsAnalyzeFullFuture         : logi  FALSE FALSE TRUE TRUE FALSE FALSE ...
 $ Race.JyokenCd                    : Factor w/ 1 level "3": 1 1 1 1 1 1 1 1 1 1 ...
 $ Race.JyoType1Cd                  : Factor w/ 168 levels "1-05-2400-2",..: 10 11 12 13 14 15 16 17 9 17 ...
 $ Race.RaceType0Cd                 : Factor w/ 327 levels "1-05-2400-2-3-E-13",..: 11 12 13 14 15 16 17 18 19 18 ...
 $ Race.RaceType1Cd                 : Factor w/ 2 levels "1-3-E","1-3-X": 1 1 1 1 1 1 1 2 1 2 ...
 $ Race.RaceType2Cd                 : Factor w/ 2 levels "1-3-E","1-3-X": 1 1 1 1 1 1 1 2 1 2 ...
 $ Race.RaceType3Cd                 : Factor w/ 4 levels "3-E-13","3-X-13",..: 3 3 1 1 1 1 3 2 3 2 ...
 $ Race.RaceType4Cd                 : Factor w/ 2 levels "1-3-13","1-3-14": 2 2 1 1 1 1 2 1 2 1 ...
 $ RaceHorse.RaceId                 : Factor w/ 1456 levels "20161008-05-04-01-10",..: 11 12 13 14 15 16 17 18 19 20 ...
 $ RaceHorse.KettoNum               : Factor w/ 3563 levels "2012103708","2015101286",..: 11 12 13 14 15 16 17 18 19 20 ...
 $ RaceHorse.IsHit1                 : int  0 0 0 0 0 1 0 1 0 0 ...
 $ RaceHorse.IsHit2                 : int  0 0 0 0 0 0 0 0 0 0 ...
 $ RaceHorse.IsHit3                 : int  0 0 0 1 0 0 0 0 0 0 ...
 $ RaceHorse.IsHit4                 : int  1 0 1 0 0 0 0 0 0 0 ...
 $ RaceHorse.IsHit5                 : int  0 0 0 0 0 0 0 0 0 0 ...
 $ RaceHorse.IsHit6                 : int  0 1 0 0 1 0 1 0 1 1 ...
 $ RaceHorse.IsValidRaceHorse       : logi  TRUE TRUE TRUE TRUE TRUE TRUE ...
 $ RaceHorse.IsHitA                 : int  0 0 0 0 0 1 0 1 0 0 ...
 $ RaceHorse.IsHitB                 : int  0 0 0 0 0 1 0 1 0 0 ...
 $ RaceHorse.IsHitC                 : int  0 0 0 1 0 1 0 1 0 0 ...
 $ OddsByWin.Odds1                  : num  13 2.8 6.8 3.8 80.5 4.9 9.8 9.6 37.1 16.2 ...
 $ OddsByWin.Ninki                  : num  4 1 5 2 14 2 4 4 10 6 ...
 $ OddsByWin.OddsLog1               : num  2.64 1.34 2.05 1.57 4.4 ...
 $ OddsByWin.OddsRatio1             : num  0.0833 0.5556 0.1724 0.3571 0.0126 ...
 $ OddsByWin.OddsLogit1             : num  -2.56 -1.03 -1.92 -1.34 -4.39 ...
 $ OddsByWin.ApprovalRate1          : num  0.0769 0.3571 0.1471 0.2632 0.0124 ...
 $ OddsByWin.ApprovalRateLog1       : num  0.0741 0.3054 0.1372 0.2336 0.0123 ...
 $ EOF                              : int  1 1 1 1 1 1 1 1 1 1 ...
[1] "2022-02-07 20:13:23 --- RxSqlServerData Finish ---"
[1] "2022-02-07 20:13:23 --- subset Start ---"
[1] "nrow(data) subset before=18018"
[1] "nrow(data) subset after =14739"
[1] "nrow(data) subset diff =3279"
[1] "2022-02-07 20:13:23 --- subset Finish---"
[1] "2022-02-07 20:13:23 --- transform Start ---"
[1] "nrow(data) transform before=14739"
[1] "nrow(data) transform after=14739"
[1] "nrow(data) transform diff=0"
[1] "str(data)="
'data.frame':	14739 obs. of  35 variables:
 $ Race.RaceId                      : Factor w/ 1456 levels "20161008-05-04-01-10",..: 11 12 15 16 18 20 21 22 23 24 ...
 $ Race.IsPredictedRace             : logi  FALSE FALSE FALSE FALSE FALSE FALSE ...
 $ Race.IsAnalyzeNormalPastAndFuture: logi  TRUE TRUE TRUE TRUE TRUE TRUE ...
 $ Race.IsAnalyzeNormalPast         : logi  TRUE TRUE TRUE TRUE TRUE TRUE ...
 $ Race.IsAnalyzeNormalFuture       : logi  FALSE FALSE FALSE FALSE FALSE FALSE ...
 $ Race.IsAnalyzeFullPastAndFuture  : logi  TRUE TRUE TRUE TRUE TRUE TRUE ...
 $ Race.IsAnalyzeFullPast           : logi  TRUE TRUE TRUE TRUE TRUE TRUE ...
 $ Race.IsAnalyzeFullFuture         : logi  FALSE FALSE FALSE FALSE FALSE FALSE ...
 $ Race.JyokenCd                    : Factor w/ 1 level "3": 1 1 1 1 1 1 1 1 1 1 ...
 $ Race.JyoType1Cd                  : Factor w/ 168 levels "1-05-2400-2",..: 10 11 14 15 17 17 18 19 20 9 ...
 $ Race.RaceType0Cd                 : Factor w/ 327 levels "1-05-2400-2-3-E-13",..: 11 12 15 16 18 18 20 21 22 10 ...
 $ Race.RaceType1Cd                 : Factor w/ 2 levels "1-3-E","1-3-X": 1 1 1 1 2 2 1 1 1 1 ...
 $ Race.RaceType2Cd                 : Factor w/ 2 levels "1-3-E","1-3-X": 1 1 1 1 2 2 1 1 1 1 ...
 $ Race.RaceType3Cd                 : Factor w/ 4 levels "3-E-13","3-X-13",..: 3 3 1 1 2 2 1 1 1 1 ...
 $ Race.RaceType4Cd                 : Factor w/ 2 levels "1-3-13","1-3-14": 2 2 1 1 1 1 1 1 1 1 ...
 $ RaceHorse.RaceId                 : Factor w/ 1456 levels "20161008-05-04-01-10",..: 11 12 15 16 18 20 21 22 23 24 ...
 $ RaceHorse.KettoNum               : Factor w/ 3563 levels "2012103708","2015101286",..: 11 12 15 16 18 20 21 22 23 24 ...
 $ RaceHorse.IsHit1                 : int  0 0 0 1 1 0 0 0 0 0 ...
 $ RaceHorse.IsHit2                 : int  0 0 0 0 0 0 0 0 0 0 ...
 $ RaceHorse.IsHit3                 : int  0 0 0 0 0 0 0 0 0 0 ...
 $ RaceHorse.IsHit4                 : int  1 0 0 0 0 0 0 1 0 0 ...
 $ RaceHorse.IsHit5                 : int  0 0 0 0 0 0 1 0 0 0 ...
 $ RaceHorse.IsHit6                 : int  0 1 1 0 0 1 0 0 1 1 ...
 $ RaceHorse.IsValidRaceHorse       : logi  TRUE TRUE TRUE TRUE TRUE TRUE ...
 $ RaceHorse.IsHitA                 : int  0 0 0 1 1 0 0 0 0 0 ...
 $ RaceHorse.IsHitB                 : int  0 0 0 1 1 0 0 0 0 0 ...
 $ RaceHorse.IsHitC                 : int  0 0 0 1 1 0 0 0 0 0 ...
 $ OddsByWin.Odds1                  : num  13 2.8 80.5 4.9 9.6 ...
 $ OddsByWin.Ninki                  : num  4 1 14 2 4 6 3 4 5 12 ...
 $ OddsByWin.OddsLog1               : num  2.64 1.34 4.4 1.77 2.36 ...
 $ OddsByWin.OddsRatio1             : num  0.0833 0.5556 0.0126 0.2564 0.1163 ...
 $ OddsByWin.OddsLogit1             : num  -2.56 -1.03 -4.39 -1.59 -2.26 ...
 $ OddsByWin.ApprovalRate1          : num  0.0769 0.3571 0.0124 0.2041 0.1042 ...
 $ OddsByWin.ApprovalRateLog1       : num  0.0741 0.3054 0.0123 0.1857 0.0991 ...
 $ EOF                              : int  1 1 1 1 1 1 1 1 1 1 ...
NULL
[1] "2022-02-07 20:13:23 --- transform Finish ---"
[1] "2022-02-07 20:13:23 --- na.omit Start ---"
[1] "nrow(data) na.omit before=14739"
[1] "nrow(data) na.omit after =14739"
[1] "nrow(data) na.omit diff =0"
'data.frame':	14739 obs. of  35 variables:
 $ Race.RaceId                      : Factor w/ 1456 levels "20161008-05-04-01-10",..: 11 12 15 16 18 20 21 22 23 24 ...
 $ Race.IsPredictedRace             : logi  FALSE FALSE FALSE FALSE FALSE FALSE ...
 $ Race.IsAnalyzeNormalPastAndFuture: logi  TRUE TRUE TRUE TRUE TRUE TRUE ...
 $ Race.IsAnalyzeNormalPast         : logi  TRUE TRUE TRUE TRUE TRUE TRUE ...
 $ Race.IsAnalyzeNormalFuture       : logi  FALSE FALSE FALSE FALSE FALSE FALSE ...
 $ Race.IsAnalyzeFullPastAndFuture  : logi  TRUE TRUE TRUE TRUE TRUE TRUE ...
 $ Race.IsAnalyzeFullPast           : logi  TRUE TRUE TRUE TRUE TRUE TRUE ...
 $ Race.IsAnalyzeFullFuture         : logi  FALSE FALSE FALSE FALSE FALSE FALSE ...
 $ Race.JyokenCd                    : Factor w/ 1 level "3": 1 1 1 1 1 1 1 1 1 1 ...
 $ Race.JyoType1Cd                  : Factor w/ 168 levels "1-05-2400-2",..: 10 11 14 15 17 17 18 19 20 9 ...
 $ Race.RaceType0Cd                 : Factor w/ 327 levels "1-05-2400-2-3-E-13",..: 11 12 15 16 18 18 20 21 22 10 ...
 $ Race.RaceType1Cd                 : Factor w/ 2 levels "1-3-E","1-3-X": 1 1 1 1 2 2 1 1 1 1 ...
 $ Race.RaceType2Cd                 : Factor w/ 2 levels "1-3-E","1-3-X": 1 1 1 1 2 2 1 1 1 1 ...
 $ Race.RaceType3Cd                 : Factor w/ 4 levels "3-E-13","3-X-13",..: 3 3 1 1 2 2 1 1 1 1 ...
 $ Race.RaceType4Cd                 : Factor w/ 2 levels "1-3-13","1-3-14": 2 2 1 1 1 1 1 1 1 1 ...
 $ RaceHorse.RaceId                 : Factor w/ 1456 levels "20161008-05-04-01-10",..: 11 12 15 16 18 20 21 22 23 24 ...
 $ RaceHorse.KettoNum               : Factor w/ 3563 levels "2012103708","2015101286",..: 11 12 15 16 18 20 21 22 23 24 ...
 $ RaceHorse.IsHit1                 : int  0 0 0 1 1 0 0 0 0 0 ...
 $ RaceHorse.IsHit2                 : int  0 0 0 0 0 0 0 0 0 0 ...
 $ RaceHorse.IsHit3                 : int  0 0 0 0 0 0 0 0 0 0 ...
 $ RaceHorse.IsHit4                 : int  1 0 0 0 0 0 0 1 0 0 ...
 $ RaceHorse.IsHit5                 : int  0 0 0 0 0 0 1 0 0 0 ...
 $ RaceHorse.IsHit6                 : int  0 1 1 0 0 1 0 0 1 1 ...
 $ RaceHorse.IsValidRaceHorse       : logi  TRUE TRUE TRUE TRUE TRUE TRUE ...
 $ RaceHorse.IsHitA                 : int  0 0 0 1 1 0 0 0 0 0 ...
 $ RaceHorse.IsHitB                 : int  0 0 0 1 1 0 0 0 0 0 ...
 $ RaceHorse.IsHitC                 : int  0 0 0 1 1 0 0 0 0 0 ...
 $ OddsByWin.Odds1                  : num  13 2.8 80.5 4.9 9.6 ...
 $ OddsByWin.Ninki                  : num  4 1 14 2 4 6 3 4 5 12 ...
 $ OddsByWin.OddsLog1               : num  2.64 1.34 4.4 1.77 2.36 ...
 $ OddsByWin.OddsRatio1             : num  0.0833 0.5556 0.0126 0.2564 0.1163 ...
 $ OddsByWin.OddsLogit1             : num  -2.56 -1.03 -4.39 -1.59 -2.26 ...
 $ OddsByWin.ApprovalRate1          : num  0.0769 0.3571 0.0124 0.2041 0.1042 ...
 $ OddsByWin.ApprovalRateLog1       : num  0.0741 0.3054 0.0123 0.1857 0.0991 ...
 $ EOF                              : int  1 1 1 1 1 1 1 1 1 1 ...
[1] "2022-02-07 20:13:23 --- na.omit Finish ---"
[1] "2022-02-07 20:13:23 --- rxGlm with rxStepControl Start ---"
[1] "2022-02-07 20:13:23 --- source_logic_glm.R Start ---"
[1] "2022-02-07 20:13:23 --- source_logic_glm.R Finished ---"
Rows Read: 14739, Total Rows Processed: 14739, Total Chunk Time: 0.002 seconds 

Starting values (iteration 1) time: 0.009 secs.
Rows Read: 14739, Total Rows Processed: 14739, Total Chunk Time: 0.001 seconds 

Iteration 2 time: 0.005 secs.
Rows Read: 14739, Total Rows Processed: 14739, Total Chunk Time: Less than .001 seconds 

Iteration 3 time: 0.004 secs.
Rows Read: 14739, Total Rows Processed: 14739, Total Chunk Time: 0.002 seconds 

Iteration 4 time: 0.004 secs.
Rows Read: 14739, Total Rows Processed: 14739, Total Chunk Time: 0.002 seconds 

Iteration 5 time: 0.004 secs.
Rows Read: 14739, Total Rows Processed: 14739, Total Chunk Time: Less than .001 seconds 

Iteration 6 time: 0.004 secs.
Rows Read: 14739, Total Rows Processed: 14739, Total Chunk Time: 0.002 seconds 

Iteration 7 time: 0.004 secs.

Elapsed computation time: 0.055 secs.
Rows Read: 14739, Total Rows Processed: 14739, Total Chunk Time: Less than .001 seconds 

Starting values (iteration 1) time: 0.005 secs.
Rows Read: 14739, Total Rows Processed: 14739, Total Chunk Time: 0.002 seconds 

Iteration 2 time: 0.006 secs.
Rows Read: 14739, Total Rows Processed: 14739, Total Chunk Time: 0.002 seconds 

Iteration 3 time: 0.003 secs.
Rows Read: 14739, Total Rows Processed: 14739, Total Chunk Time: 0.001 seconds 

Iteration 4 time: 0.004 secs.
Rows Read: 14739, Total Rows Processed: 14739, Total Chunk Time: 0.002 seconds 

Iteration 5 time: 0.003 secs.

Elapsed computation time: 0.039 secs.
Rows Read: 14739, Total Rows Processed: 14739, Total Chunk Time: 0.002 seconds 

Starting values (iteration 1) time: 0.006 secs.
Rows Read: 14739, Total Rows Processed: 14739, Total Chunk Time: 0.002 seconds 

Iteration 2 time: 0.004 secs.
Rows Read: 14739, Total Rows Processed: 14739, Total Chunk Time: 0.002 seconds 

Iteration 3 time: 0.004 secs.
Rows Read: 14739, Total Rows Processed: 14739, Total Chunk Time: 0.002 seconds 

Iteration 4 time: 0.004 secs.
Rows Read: 14739, Total Rows Processed: 14739, Total Chunk Time: 0.002 seconds 

Iteration 5 time: 0.004 secs.
Rows Read: 14739, Total Rows Processed: 14739, Total Chunk Time: 0.002 seconds 

Iteration 6 time: 0.004 secs.
Rows Read: 14739, Total Rows Processed: 14739, Total Chunk Time: 0.002 seconds 

Iteration 7 time: 0.005 secs.

Elapsed computation time: 0.055 secs.

Elapsed computation time: 0.159 secs.
[1] "analyze.results.glm.step="
Generalized Linear Model Results for: RaceHorse.IsHitA ~
    OddsByWin.OddsLogit1
Data: data
Dependent variable(s): RaceHorse.IsHitA
Total independent variables: 2 
Number of valid observations: 14739
Number of missing observations: 0 
Family-link: binomial-logit 
 
 
Coefficients:
                     RaceHorse.IsHitA
(Intercept)                       0.2
OddsByWin.OddsLogit1              1.1
[1] "analyze.results.glm.step.summary"
Call:
rxGlm(formula = form, data = data, family = binomial(), variableSelection = analyze.results.glm.step.varsel)

Generalized Linear Model Results for: RaceHorse.IsHitA ~
    OddsByWin.OddsLogit1
Data: data
Dependent variable(s): RaceHorse.IsHitA
Total independent variables: 2 
Number of valid observations: 14739
Number of missing observations: 0 
Family-link: binomial-logit 
 
Residual deviance: 6831.192 (on 14737 degrees of freedom)
 
Coefficients:
                     Estimate Std. Error z value Pr(>|z|)    
(Intercept)            0.2295     0.0742    3.09    0.002 ** 
OddsByWin.OddsLogit1   1.1402     0.0363   31.45  2.2e-16 ***
---
Signif. codes:  0 '***' 0.001 '**' 0.01 '*' 0.05 '.' 0.1 ' ' 1

(Dispersion parameter for binomial family taken to be 1)

Condition number of final variance-covariance matrix: 1 
Number of iterations: 7
[1] "2022-02-07 20:13:24 --- rxGlm with rxStepControl Finish ---"
[1] "2022-02-07 20:13:24 --- rxStepPlot Start ---"
[1] "pdfFilename=pdf_analyze_glm_Odds_Type13_rxStepPlot.pdf"
[1] "rxStepPlot="
[1] "2022-02-07 20:13:24 --- rxStepPlot Finish ---"
[1] "2022-02-07 20:13:24 --- save.image Start ---"
[1] "save.image"
[1] "rdataFilename=RData_analyze_glm_Odds_Type13.RData"
[1] "2022-02-07 20:13:26 --- save.image Finish ---"
[1] "2022-02-07 20:13:26 --- final Start ---"
[1] "nrow(data) final=14739"
[1] "2022-02-07 20:13:26 --- final Finish ---"
[1] "2022-02-07 20:13:26 --- analyze_glm.R Finished ---"
[1] "2022-02-07 20:13:26 --- log Finish ---"
