[1] "2022-02-03 18:49:10 --- D1113_analyze_glm_Horse_IsHitA_Type31 Start ---"
[1] "2022-02-03 18:49:10 --- Log Start ---"
[1] "2022-02-03 18:49:10 --- analyze_glm.R Start ---"
[1] "analyzeVersion=D1113"
[1] "analyzeCategory=analyze"
[1] "analyzeType=Horse"
[1] "analyzeFamily=IsHitA"
[1] "analyzeFunc=glm"
[1] "analyzeTrackTypeCd=3"
[1] "analyzeJyokenCd=1"
[1] "2022-02-03 18:49:10 --- source_function.R Start ---"
[1] "2022-02-03 18:49:10 --- source_function.R Finished ---"

> print(paste0(Sys.time(), " --- source_library.R Start ---"))
[1] "2022-02-03 18:49:10 --- source_library.R Start ---"

> require("RevoScaleR")

> print(paste0(Sys.time(), " --- source_library.R Finished ---"))
[1] "2022-02-03 18:49:10 --- source_library.R Finished ---"
[1] "2022-02-03 18:49:10 --- RxSqlServerData Start ---"
[1] "sqlQuery=SELECT * FROM ViewAnalyzeD1113analyze01HorseType31"
Rows Read: 1958, Total Rows Processed: 1958, Total Chunk Time: 2.494 seconds 
[1] "head(data)="
           Race.RaceId Race.IsPredictedRace Race.IsAnalyzeNormalPastAndFuture
1 20160109-06-01-02-08                 TRUE                              TRUE
2 20170305-06-02-04-04                 TRUE                              TRUE
3 20170408-03-01-01-05                 TRUE                              TRUE
4 20170422-03-01-05-04                 TRUE                              TRUE
5 20170429-04-01-01-04                 TRUE                              TRUE
6 20170506-04-01-03-01                 TRUE                              TRUE
  Race.IsAnalyzeNormalPast Race.IsAnalyzeNormalFuture
1                     TRUE                      FALSE
2                     TRUE                      FALSE
3                     TRUE                      FALSE
4                     TRUE                      FALSE
5                     TRUE                      FALSE
6                     TRUE                      FALSE
  Race.IsAnalyzeFullPastAndFuture Race.IsAnalyzeFullPast
1                            TRUE                   TRUE
2                            TRUE                   TRUE
3                            TRUE                   TRUE
4                            TRUE                   TRUE
5                            TRUE                   TRUE
6                            TRUE                   TRUE
  Race.IsAnalyzeFullFuture Race.JyokenCd Race.JyoType1Cd   Race.RaceType0Cd
1                    FALSE             1     3-06-3200-1 3-06-3200-1-1-E-19
2                    FALSE             1     3-06-3200-1 3-06-3200-1-1-X-19
3                    FALSE             1     3-03-2750-1 3-03-2750-1-1-X-19
4                    FALSE             1     3-03-3380-1 3-03-3380-1-1-X-19
5                    FALSE             1     3-04-2890-1 3-04-2890-1-1-X-19
6                    FALSE             1     3-04-3290-1 3-04-3290-1-1-X-19
  Race.RaceType1Cd Race.RaceType2Cd Race.RaceType3Cd Race.RaceType4Cd
1            3-1-E            3-1-E           1-E-19           3-1-19
2            3-1-X            3-1-X           1-X-19           3-1-19
3            3-1-X            3-1-X           1-X-19           3-1-19
4            3-1-X            3-1-X           1-X-19           3-1-19
5            3-1-X            3-1-X           1-X-19           3-1-19
6            3-1-X            3-1-X           1-X-19           3-1-19
      RaceHorse.RaceId RaceHorse.KettoNum RaceHorse.IsHit1 RaceHorse.IsHit2
1 20160109-06-01-02-08         2009103053               NA               NA
2 20170305-06-02-04-04         2009105278               NA               NA
3 20170408-03-01-01-05         2012106290               NA               NA
4 20170422-03-01-05-04         2010100752               NA               NA
5 20170429-04-01-01-04         2009106109               NA               NA
6 20170506-04-01-03-01         2010100330               NA               NA
  RaceHorse.IsHit3 RaceHorse.IsHit4 RaceHorse.IsHit5 RaceHorse.IsHit6
1               NA               NA               NA               NA
2               NA               NA               NA               NA
3               NA               NA               NA               NA
4               NA               NA               NA               NA
5               NA               NA               NA               NA
6               NA               NA               NA               NA
  RaceHorse.IsValidRaceHorse RaceHorse.IsHitA RaceHorse.IsHitB RaceHorse.IsHitC
1                      FALSE               NA               NA               NA
2                      FALSE               NA               NA               NA
3                      FALSE               NA               NA               NA
4                      FALSE               NA               NA               NA
5                      FALSE               NA               NA               NA
6                      FALSE               NA               NA               NA
  Horse.PrevKettoNum Horse.TimeDvByRaceAvg Horse.TimeDvByRaceMax Horse.RunCount
1         2009103053                    54                    54              1
2         2009105278                    56                    56              1
3         2012106290                    60                    60              1
4         2010100752                    45                    61              7
5         2009106109                    58                    58              1
6         2010100330                    60                    68              6
  Horse.HitCount1 Horse.HitCount2 Horse.HitCount3 Horse.HitCount4
1               0               0               0               0
2               0               1               0               0
3               0               0               1               0
4               0               1               0               0
5               0               0               1               0
6               2               1               0               1
  Horse.HitCount5 Horse.HitRate1 Horse.HitRate2 Horse.HitRate3 Horse.HitRate4
1               0            0.0            0.0              0            0.0
2               0            0.0            1.0              0            0.0
3               0            0.0            0.0              1            0.0
4               2            0.0            0.1              0            0.0
5               0            0.0            0.0              1            0.0
6               2            0.3            0.2              0            0.2
  Horse.HitRate5 EOF
1            0.0   1
2            0.0   1
3            0.0   1
4            0.3   1
5            0.0   1
6            0.3   1
[1] "object.size(data) auto=503.7 Kb"
[1] "nrow(data) RxSqlServerData=1958"
[1] "str(data)="
'data.frame':	1958 obs. of  42 variables:
 $ Race.RaceId                      : Factor w/ 259 levels "20160109-06-01-02-08",..: 1 2 3 4 5 6 7 8 9 10 ...
 $ Race.IsPredictedRace             : logi  TRUE TRUE TRUE TRUE TRUE TRUE ...
 $ Race.IsAnalyzeNormalPastAndFuture: logi  TRUE TRUE TRUE TRUE TRUE TRUE ...
 $ Race.IsAnalyzeNormalPast         : logi  TRUE TRUE TRUE TRUE TRUE TRUE ...
 $ Race.IsAnalyzeNormalFuture       : logi  FALSE FALSE FALSE FALSE FALSE FALSE ...
 $ Race.IsAnalyzeFullPastAndFuture  : logi  TRUE TRUE TRUE TRUE TRUE TRUE ...
 $ Race.IsAnalyzeFullPast           : logi  TRUE TRUE TRUE TRUE TRUE TRUE ...
 $ Race.IsAnalyzeFullFuture         : logi  FALSE FALSE FALSE FALSE FALSE FALSE ...
 $ Race.JyokenCd                    : Factor w/ 1 level "1": 1 1 1 1 1 1 1 1 1 1 ...
 $ Race.JyoType1Cd                  : Factor w/ 60 levels "3-06-3200-1",..: 1 1 2 3 4 5 6 2 7 3 ...
 $ Race.RaceType0Cd                 : Factor w/ 92 levels "3-06-3200-1-1-E-19",..: 1 2 3 4 5 6 7 8 9 10 ...
 $ Race.RaceType1Cd                 : Factor w/ 5 levels "3-1-E","3-1-X",..: 1 2 2 2 2 2 2 2 2 2 ...
 $ Race.RaceType2Cd                 : Factor w/ 5 levels "3-1-E","3-1-X",..: 1 2 2 2 2 2 2 2 2 2 ...
 $ Race.RaceType3Cd                 : Factor w/ 9 levels "1-E-19","1-X-19",..: 1 2 2 2 2 2 3 3 3 3 ...
 $ Race.RaceType4Cd                 : Factor w/ 2 levels "3-1-19","3-1-18": 1 1 1 1 1 1 2 2 2 2 ...
 $ RaceHorse.RaceId                 : Factor w/ 259 levels "20160109-06-01-02-08",..: 1 2 3 4 5 6 7 8 9 10 ...
 $ RaceHorse.KettoNum               : Factor w/ 430 levels "2009103053","2009105278",..: 1 2 3 4 5 6 7 8 9 10 ...
 $ RaceHorse.IsHit1                 : int  NA NA NA NA NA NA NA NA NA NA ...
 $ RaceHorse.IsHit2                 : int  NA NA NA NA NA NA NA NA NA NA ...
 $ RaceHorse.IsHit3                 : int  NA NA NA NA NA NA NA NA NA NA ...
 $ RaceHorse.IsHit4                 : int  NA NA NA NA NA NA NA NA NA NA ...
 $ RaceHorse.IsHit5                 : int  NA NA NA NA NA NA NA NA NA NA ...
 $ RaceHorse.IsHit6                 : int  NA NA NA NA NA NA NA NA NA NA ...
 $ RaceHorse.IsValidRaceHorse       : logi  FALSE FALSE FALSE FALSE FALSE FALSE ...
 $ RaceHorse.IsHitA                 : int  NA NA NA NA NA NA NA NA NA NA ...
 $ RaceHorse.IsHitB                 : int  NA NA NA NA NA NA NA NA NA NA ...
 $ RaceHorse.IsHitC                 : int  NA NA NA NA NA NA NA NA NA NA ...
 $ Horse.PrevKettoNum               : Factor w/ 430 levels "2009103053","2009105278",..: 1 2 3 4 5 6 7 8 9 10 ...
 $ Horse.TimeDvByRaceAvg            : num  54.1 55.8 59.7 45.2 57.6 ...
 $ Horse.TimeDvByRaceMax            : num  54.1 55.8 59.7 60.7 57.6 ...
 $ Horse.RunCount                   : int  1 1 1 7 1 6 4 7 5 5 ...
 $ Horse.HitCount1                  : int  0 0 0 0 0 2 1 0 0 1 ...
 $ Horse.HitCount2                  : int  0 1 0 1 0 1 0 0 0 2 ...
 $ Horse.HitCount3                  : int  0 0 1 0 1 0 0 0 0 1 ...
 $ Horse.HitCount4                  : int  0 0 0 0 0 1 2 0 1 0 ...
 $ Horse.HitCount5                  : int  0 0 0 2 0 2 0 2 2 0 ...
 $ Horse.HitRate1                   : num  0 0 0 0 0 ...
 $ Horse.HitRate2                   : num  0 1 0 0.143 0 ...
 $ Horse.HitRate3                   : num  0 0 1 0 1 0 0 0 0 0.2 ...
 $ Horse.HitRate4                   : num  0 0 0 0 0 ...
 $ Horse.HitRate5                   : num  0 0 0 0.286 0 ...
 $ EOF                              : int  1 1 1 1 1 1 1 1 1 1 ...
[1] "2022-02-03 18:49:16 --- RxSqlServerData Finish ---"
[1] "2022-02-03 18:49:16 --- subset Start ---"
[1] "nrow(data) subset before=1958"
[1] "nrow(data) subset after =1533"
[1] "nrow(data) subset diff =425"
[1] "2022-02-03 18:49:16 --- subset Finish---"
[1] "2022-02-03 18:49:16 --- transform Start ---"
[1] "nrow(data) transform before=1533"
[1] "nrow(data) transform after=1533"
[1] "nrow(data) transform diff=0"
[1] "str(data)="
'data.frame':	1533 obs. of  42 variables:
 $ Race.RaceId                      : Factor w/ 259 levels "20160109-06-01-02-08",..: 33 34 35 35 35 36 37 38 39 41 ...
 $ Race.IsPredictedRace             : logi  TRUE TRUE TRUE TRUE TRUE TRUE ...
 $ Race.IsAnalyzeNormalPastAndFuture: logi  TRUE TRUE TRUE TRUE TRUE TRUE ...
 $ Race.IsAnalyzeNormalPast         : logi  TRUE TRUE TRUE TRUE TRUE TRUE ...
 $ Race.IsAnalyzeNormalFuture       : logi  FALSE FALSE FALSE FALSE FALSE FALSE ...
 $ Race.IsAnalyzeFullPastAndFuture  : logi  TRUE TRUE TRUE TRUE TRUE TRUE ...
 $ Race.IsAnalyzeFullPast           : logi  TRUE TRUE TRUE TRUE TRUE TRUE ...
 $ Race.IsAnalyzeFullFuture         : logi  FALSE FALSE FALSE FALSE FALSE FALSE ...
 $ Race.JyokenCd                    : Factor w/ 1 level "1": 1 1 1 1 1 1 1 1 1 1 ...
 $ Race.JyoType1Cd                  : Factor w/ 60 levels "3-06-3200-1",..: 16 23 13 13 13 1 24 8 25 27 ...
 $ Race.RaceType0Cd                 : Factor w/ 92 levels "3-06-3200-1-1-E-19",..: 27 28 16 16 16 1 29 11 30 32 ...
 $ Race.RaceType1Cd                 : Factor w/ 5 levels "3-1-E","3-1-X",..: 1 1 1 1 1 1 5 3 1 4 ...
 $ Race.RaceType2Cd                 : Factor w/ 5 levels "3-1-E","3-1-X",..: 1 1 1 1 1 1 5 3 1 4 ...
 $ Race.RaceType3Cd                 : Factor w/ 9 levels "1-E-19","1-X-19",..: 1 5 1 1 1 1 7 4 5 8 ...
 $ Race.RaceType4Cd                 : Factor w/ 2 levels "3-1-19","3-1-18": 1 2 1 1 1 1 1 2 2 2 ...
 $ RaceHorse.RaceId                 : Factor w/ 259 levels "20160109-06-01-02-08",..: 33 34 35 35 35 36 37 38 39 41 ...
 $ RaceHorse.KettoNum               : Factor w/ 430 levels "2009103053","2009105278",..: 42 43 44 45 46 47 46 47 37 54 ...
 $ RaceHorse.IsHit1                 : int  0 1 0 0 1 0 0 1 0 1 ...
 $ RaceHorse.IsHit2                 : int  0 0 0 1 0 1 0 0 1 0 ...
 $ RaceHorse.IsHit3                 : int  1 0 1 0 0 0 1 0 0 0 ...
 $ RaceHorse.IsHit4                 : int  0 0 0 0 0 0 0 0 0 0 ...
 $ RaceHorse.IsHit5                 : int  0 0 0 0 0 0 0 0 0 0 ...
 $ RaceHorse.IsHit6                 : int  0 0 0 0 0 0 0 0 0 0 ...
 $ RaceHorse.IsValidRaceHorse       : logi  TRUE TRUE TRUE TRUE TRUE TRUE ...
 $ RaceHorse.IsHitA                 : int  0 1 0 0 1 0 0 1 0 1 ...
 $ RaceHorse.IsHitB                 : int  0 1 0 1 1 1 0 1 1 1 ...
 $ RaceHorse.IsHitC                 : int  1 1 1 1 1 1 1 1 1 1 ...
 $ Horse.PrevKettoNum               : Factor w/ 430 levels "2009103053","2009105278",..: 42 43 44 45 46 47 46 47 37 54 ...
 $ Horse.TimeDvByRaceAvg            : num  62.1 54.4 55.4 45.1 60.8 ...
 $ Horse.TimeDvByRaceMax            : num  65.3 54.4 60.5 52.1 62.4 ...
 $ Horse.RunCount                   : int  3 1 3 3 2 1 1 1 2 4 ...
 $ Horse.HitCount1                  : int  1 0 0 0 2 1 0 0 0 3 ...
 $ Horse.HitCount2                  : int  2 0 1 0 0 0 0 0 0 0 ...
 $ Horse.HitCount3                  : int  0 0 1 0 0 0 1 0 1 0 ...
 $ Horse.HitCount4                  : int  0 0 0 0 0 0 0 1 0 0 ...
 $ Horse.HitCount5                  : int  0 1 1 0 0 0 0 0 1 0 ...
 $ Horse.HitRate1                   : num  0.333 0 0 0 1 ...
 $ Horse.HitRate2                   : num  0.667 0 0.333 0 0 ...
 $ Horse.HitRate3                   : num  0 0 0.333 0 0 ...
 $ Horse.HitRate4                   : num  0 0 0 0 0 0 0 1 0 0 ...
 $ Horse.HitRate5                   : num  0 1 0.333 0 0 ...
 $ EOF                              : int  1 1 1 1 1 1 1 1 1 1 ...
NULL
[1] "2022-02-03 18:49:16 --- transform Finish ---"
[1] "2022-02-03 18:49:16 --- na.omit Start ---"
[1] "nrow(data) na.omit before=1533"
[1] "nrow(data) na.omit after =1533"
[1] "nrow(data) na.omit diff =0"
'data.frame':	1533 obs. of  42 variables:
 $ Race.RaceId                      : Factor w/ 259 levels "20160109-06-01-02-08",..: 33 34 35 35 35 36 37 38 39 41 ...
 $ Race.IsPredictedRace             : logi  TRUE TRUE TRUE TRUE TRUE TRUE ...
 $ Race.IsAnalyzeNormalPastAndFuture: logi  TRUE TRUE TRUE TRUE TRUE TRUE ...
 $ Race.IsAnalyzeNormalPast         : logi  TRUE TRUE TRUE TRUE TRUE TRUE ...
 $ Race.IsAnalyzeNormalFuture       : logi  FALSE FALSE FALSE FALSE FALSE FALSE ...
 $ Race.IsAnalyzeFullPastAndFuture  : logi  TRUE TRUE TRUE TRUE TRUE TRUE ...
 $ Race.IsAnalyzeFullPast           : logi  TRUE TRUE TRUE TRUE TRUE TRUE ...
 $ Race.IsAnalyzeFullFuture         : logi  FALSE FALSE FALSE FALSE FALSE FALSE ...
 $ Race.JyokenCd                    : Factor w/ 1 level "1": 1 1 1 1 1 1 1 1 1 1 ...
 $ Race.JyoType1Cd                  : Factor w/ 60 levels "3-06-3200-1",..: 16 23 13 13 13 1 24 8 25 27 ...
 $ Race.RaceType0Cd                 : Factor w/ 92 levels "3-06-3200-1-1-E-19",..: 27 28 16 16 16 1 29 11 30 32 ...
 $ Race.RaceType1Cd                 : Factor w/ 5 levels "3-1-E","3-1-X",..: 1 1 1 1 1 1 5 3 1 4 ...
 $ Race.RaceType2Cd                 : Factor w/ 5 levels "3-1-E","3-1-X",..: 1 1 1 1 1 1 5 3 1 4 ...
 $ Race.RaceType3Cd                 : Factor w/ 9 levels "1-E-19","1-X-19",..: 1 5 1 1 1 1 7 4 5 8 ...
 $ Race.RaceType4Cd                 : Factor w/ 2 levels "3-1-19","3-1-18": 1 2 1 1 1 1 1 2 2 2 ...
 $ RaceHorse.RaceId                 : Factor w/ 259 levels "20160109-06-01-02-08",..: 33 34 35 35 35 36 37 38 39 41 ...
 $ RaceHorse.KettoNum               : Factor w/ 430 levels "2009103053","2009105278",..: 42 43 44 45 46 47 46 47 37 54 ...
 $ RaceHorse.IsHit1                 : int  0 1 0 0 1 0 0 1 0 1 ...
 $ RaceHorse.IsHit2                 : int  0 0 0 1 0 1 0 0 1 0 ...
 $ RaceHorse.IsHit3                 : int  1 0 1 0 0 0 1 0 0 0 ...
 $ RaceHorse.IsHit4                 : int  0 0 0 0 0 0 0 0 0 0 ...
 $ RaceHorse.IsHit5                 : int  0 0 0 0 0 0 0 0 0 0 ...
 $ RaceHorse.IsHit6                 : int  0 0 0 0 0 0 0 0 0 0 ...
 $ RaceHorse.IsValidRaceHorse       : logi  TRUE TRUE TRUE TRUE TRUE TRUE ...
 $ RaceHorse.IsHitA                 : int  0 1 0 0 1 0 0 1 0 1 ...
 $ RaceHorse.IsHitB                 : int  0 1 0 1 1 1 0 1 1 1 ...
 $ RaceHorse.IsHitC                 : int  1 1 1 1 1 1 1 1 1 1 ...
 $ Horse.PrevKettoNum               : Factor w/ 430 levels "2009103053","2009105278",..: 42 43 44 45 46 47 46 47 37 54 ...
 $ Horse.TimeDvByRaceAvg            : num  62.1 54.4 55.4 45.1 60.8 ...
 $ Horse.TimeDvByRaceMax            : num  65.3 54.4 60.5 52.1 62.4 ...
 $ Horse.RunCount                   : int  3 1 3 3 2 1 1 1 2 4 ...
 $ Horse.HitCount1                  : int  1 0 0 0 2 1 0 0 0 3 ...
 $ Horse.HitCount2                  : int  2 0 1 0 0 0 0 0 0 0 ...
 $ Horse.HitCount3                  : int  0 0 1 0 0 0 1 0 1 0 ...
 $ Horse.HitCount4                  : int  0 0 0 0 0 0 0 1 0 0 ...
 $ Horse.HitCount5                  : int  0 1 1 0 0 0 0 0 1 0 ...
 $ Horse.HitRate1                   : num  0.333 0 0 0 1 ...
 $ Horse.HitRate2                   : num  0.667 0 0.333 0 0 ...
 $ Horse.HitRate3                   : num  0 0 0.333 0 0 ...
 $ Horse.HitRate4                   : num  0 0 0 0 0 0 0 1 0 0 ...
 $ Horse.HitRate5                   : num  0 1 0.333 0 0 ...
 $ EOF                              : int  1 1 1 1 1 1 1 1 1 1 ...
[1] "2022-02-03 18:49:16 --- na.omit Finish ---"
[1] "2022-02-03 18:49:16 --- rxGlm with rxStepControl Start ---"
[1] "2022-02-03 18:49:16 --- source_logic_glm.R Start ---"
[1] "2022-02-03 18:49:16 --- source_logic_glm.R Finished ---"
Rows Read: 1533, Total Rows Processed: 1533, Total Chunk Time: 0.001 seconds 

Starting values (iteration 1) time: 0.006 secs.
Rows Read: 1533, Total Rows Processed: 1533, Total Chunk Time: 0.001 seconds 

Iteration 2 time: 0.005 secs.
Rows Read: 1533, Total Rows Processed: 1533, Total Chunk Time: Less than .001 seconds 

Iteration 3 time: 0.003 secs.
Rows Read: 1533, Total Rows Processed: 1533, Total Chunk Time: Less than .001 seconds 

Iteration 4 time: 0.004 secs.
Rows Read: 1533, Total Rows Processed: 1533, Total Chunk Time: 0.001 seconds 

Iteration 5 time: 0.004 secs.
Rows Read: 1533, Total Rows Processed: 1533, Total Chunk Time: 0.001 seconds 

Iteration 6 time: 0.003 secs.

Elapsed computation time: 0.042 secs.
Rows Read: 1533, Total Rows Processed: 1533, Total Chunk Time: 0.001 seconds 

Starting values (iteration 1) time: 0.004 secs.
Rows Read: 1533, Total Rows Processed: 1533, Total Chunk Time: 0.001 seconds 

Iteration 2 time: 0.004 secs.
Rows Read: 1533, Total Rows Processed: 1533, Total Chunk Time: 0.001 seconds 

Iteration 3 time: 0.003 secs.
Rows Read: 1533, Total Rows Processed: 1533, Total Chunk Time: Less than .001 seconds 

Iteration 4 time: 0.004 secs.
Rows Read: 1533, Total Rows Processed: 1533, Total Chunk Time: Less than .001 seconds 

Iteration 5 time: 0.003 secs.
Rows Read: 1533, Total Rows Processed: 1533, Total Chunk Time: Less than .001 seconds 

Iteration 6 time: 0.004 secs.

Elapsed computation time: 0.043 secs.
Rows Read: 1533, Total Rows Processed: 1533, Total Chunk Time: Less than .001 seconds 

Starting values (iteration 1) time: 0.005 secs.
Rows Read: 1533, Total Rows Processed: 1533, Total Chunk Time: Less than .001 seconds 

Iteration 2 time: 0.004 secs.
Rows Read: 1533, Total Rows Processed: 1533, Total Chunk Time: 0.001 seconds 

Iteration 3 time: 0.003 secs.
Rows Read: 1533, Total Rows Processed: 1533, Total Chunk Time: 0.001 seconds 

Iteration 4 time: 0.004 secs.
Rows Read: 1533, Total Rows Processed: 1533, Total Chunk Time: Less than .001 seconds 

Iteration 5 time: 0.003 secs.

Elapsed computation time: 0.036 secs.
Rows Read: 1533, Total Rows Processed: 1533, Total Chunk Time: Less than .001 seconds 

Starting values (iteration 1) time: 0.004 secs.
Rows Read: 1533, Total Rows Processed: 1533, Total Chunk Time: 0.001 seconds 

Iteration 2 time: 0.004 secs.
Rows Read: 1533, Total Rows Processed: 1533, Total Chunk Time: Less than .001 seconds 

Iteration 3 time: 0.003 secs.
Rows Read: 1533, Total Rows Processed: 1533, Total Chunk Time: 0.001 seconds 

Iteration 4 time: 0.003 secs.
Rows Read: 1533, Total Rows Processed: 1533, Total Chunk Time: 0.001 seconds 

Iteration 5 time: 0.003 secs.
Rows Read: 1533, Total Rows Processed: 1533, Total Chunk Time: 0.001 seconds 

Iteration 6 time: 0.003 secs.

Elapsed computation time: 0.040 secs.
Rows Read: 1533, Total Rows Processed: 1533, Total Chunk Time: Less than .001 seconds 

Starting values (iteration 1) time: 0.004 secs.
Rows Read: 1533, Total Rows Processed: 1533, Total Chunk Time: 0.001 seconds 

Iteration 2 time: 0.003 secs.
Rows Read: 1533, Total Rows Processed: 1533, Total Chunk Time: Less than .001 seconds 

Iteration 3 time: 0.003 secs.
Rows Read: 1533, Total Rows Processed: 1533, Total Chunk Time: 0.001 seconds 

Iteration 4 time: 0.005 secs.
Rows Read: 1533, Total Rows Processed: 1533, Total Chunk Time: 0.001 seconds 

Iteration 5 time: 0.003 secs.

Elapsed computation time: 0.036 secs.
Rows Read: 1533, Total Rows Processed: 1533, Total Chunk Time: Less than .001 seconds 

Starting values (iteration 1) time: 0.004 secs.
Rows Read: 1533, Total Rows Processed: 1533, Total Chunk Time: 0.001 seconds 

Iteration 2 time: 0.003 secs.
Rows Read: 1533, Total Rows Processed: 1533, Total Chunk Time: Less than .001 seconds 

Iteration 3 time: 0.003 secs.
Rows Read: 1533, Total Rows Processed: 1533, Total Chunk Time: Less than .001 seconds 

Iteration 4 time: 0.003 secs.
Rows Read: 1533, Total Rows Processed: 1533, Total Chunk Time: 0.001 seconds 

Iteration 5 time: 0.004 secs.
Rows Read: 1533, Total Rows Processed: 1533, Total Chunk Time: Less than .001 seconds 

Iteration 6 time: 0.003 secs.

Elapsed computation time: 0.039 secs.

Elapsed computation time: 0.257 secs.
[1] "analyze.results.glm.step="
Generalized Linear Model Results for: RaceHorse.IsHitA ~
    Horse.TimeDvByRaceAvg
Data: data
Dependent variable(s): RaceHorse.IsHitA
Total independent variables: 2 
Number of valid observations: 1533
Number of missing observations: 0 
Family-link: binomial-logit 
 
 
Coefficients:
                      RaceHorse.IsHitA
(Intercept)                      -10.0
Horse.TimeDvByRaceAvg              0.1
[1] "analyze.results.glm.step.summary"
Call:
rxGlm(formula = form, data = data, family = binomial(), variableSelection = analyze.results.glm.step.varsel)

Generalized Linear Model Results for: RaceHorse.IsHitA ~
    Horse.TimeDvByRaceAvg
Data: data
Dependent variable(s): RaceHorse.IsHitA
Total independent variables: 2 
Number of valid observations: 1533
Number of missing observations: 0 
Family-link: binomial-logit 
 
Residual deviance: 910.729 (on 1531 degrees of freedom)
 
Coefficients:
                      Estimate Std. Error z value Pr(>|z|)    
(Intercept)            -9.9537     0.9580   -10.4  2.2e-16 ***
Horse.TimeDvByRaceAvg   0.1441     0.0172     8.4  2.2e-16 ***
---
Signif. codes:  0 '***' 0.001 '**' 0.01 '*' 0.05 '.' 0.1 ' ' 1

(Dispersion parameter for binomial family taken to be 1)

Condition number of final variance-covariance matrix: 1 
Number of iterations: 6
[1] "2022-02-03 18:49:16 --- rxGlm with rxStepControl Finish ---"
[1] "2022-02-03 18:49:16 --- rxStepPlot Start ---"
[1] "pdfFilename=pdf_analyze_glm_Horse_Type31_rxStepPlot.pdf"
[1] "rxStepPlot="
[1] "2022-02-03 18:49:17 --- rxStepPlot Finish ---"
[1] "2022-02-03 18:49:17 --- save.image Start ---"
[1] "save.image"
[1] "rdataFilename=RData_analyze_glm_Horse_Type31.RData"
[1] "2022-02-03 18:49:18 --- save.image Finish ---"
[1] "2022-02-03 18:49:18 --- final Start ---"
[1] "nrow(data) final=1533"
[1] "2022-02-03 18:49:18 --- final Finish ---"
[1] "2022-02-03 18:49:18 --- analyze_glm.R Finished ---"
[1] "2022-02-03 18:49:18 --- log Finish ---"
