[1] "2022-02-07 16:41:33 --- D1113_Predict_glm_Gen01_IsHitA_Type23 Start ---"
[1] "2022-02-07 16:41:33 --- Log Start ---"
[1] "2022-02-07 16:41:33 --- predict.R Start ---"
[1] "analyzeVersion=D1113"
[1] "analyzeCategory=Predict"
[1] "analyzeType=Gen01"
[1] "analyzeFamily=IsHitA"
[1] "analyzeFunc=glm"
[1] "analyzeTrackTypeCd=2"
[1] "analyzeJyokenCd=3"
[1] "2022-02-07 16:41:33 --- source_function.R Start ---"
[1] "2022-02-07 16:41:33 --- source_function.R Finished ---"

> print(paste0(Sys.time(), " --- source_library.R Start ---"))
[1] "2022-02-07 16:41:33 --- source_library.R Start ---"

> require("RevoScaleR")

> print(paste0(Sys.time(), " --- source_library.R Finished ---"))
[1] "2022-02-07 16:41:33 --- source_library.R Finished ---"
[1] "2022-02-07 16:41:33 --- Load Start ---"
[1] "loadFilename=RData_Analyze_glm_Gen01_Type23.RData"
[1] "2022-02-07 16:41:33 --- Load Finished ---"
[1] "2022-02-07 16:41:33 --- RxSqlServerData Start ---"
[1] "sqlQuery=SELECT * FROM ViewAnalyzeD1113analyze01Gen01Type23 WHERE [Race.IsPredictedRace] = 1"
Rows Read: 18625, Total Rows Processed: 18625, Total Chunk Time: 177.400 seconds 
[1] "head(InputDataSet)="
           Race.RaceId Race.IsPredictedRace Race.IsAnalyzeNormalPastAndFuture
1 20160105-06-01-01-08                 TRUE                              TRUE
2 20160105-06-01-01-08                 TRUE                              TRUE
3 20160105-06-01-01-08                 TRUE                              TRUE
4 20160105-06-01-01-08                 TRUE                              TRUE
5 20160105-06-01-01-08                 TRUE                              TRUE
6 20160105-06-01-01-08                 TRUE                              TRUE
  Race.IsAnalyzeNormalPast Race.IsAnalyzeNormalFuture
1                     TRUE                      FALSE
2                     TRUE                      FALSE
3                     TRUE                      FALSE
4                     TRUE                      FALSE
5                     TRUE                      FALSE
6                     TRUE                      FALSE
  Race.IsAnalyzeFullPastAndFuture Race.IsAnalyzeFullPast
1                            TRUE                   TRUE
2                            TRUE                   TRUE
3                            TRUE                   TRUE
4                            TRUE                   TRUE
5                            TRUE                   TRUE
6                            TRUE                   TRUE
  Race.IsAnalyzeFullFuture Race.JyokenCd Race.JyoType1Cd   Race.RaceType0Cd
1                    FALSE             3     2-06-1200-1 2-06-1200-1-3-X-14
2                    FALSE             3     2-06-1200-1 2-06-1200-1-3-X-14
3                    FALSE             3     2-06-1200-1 2-06-1200-1-3-X-14
4                    FALSE             3     2-06-1200-1 2-06-1200-1-3-X-14
5                    FALSE             3     2-06-1200-1 2-06-1200-1-3-X-14
6                    FALSE             3     2-06-1200-1 2-06-1200-1-3-X-14
  Race.RaceType1Cd Race.RaceType2Cd Race.RaceType3Cd Race.RaceType4Cd
1            2-3-X            2-3-X           3-X-14           2-3-14
2            2-3-X            2-3-X           3-X-14           2-3-14
3            2-3-X            2-3-X           3-X-14           2-3-14
4            2-3-X            2-3-X           3-X-14           2-3-14
5            2-3-X            2-3-X           3-X-14           2-3-14
6            2-3-X            2-3-X           3-X-14           2-3-14
      RaceHorse.RaceId RaceHorse.KettoNum RaceHorse.IsHit1 RaceHorse.IsHit2
1 20160105-06-01-01-08         2009101967                0                0
2 20160105-06-01-01-08         2009103618                0                0
3 20160105-06-01-01-08         2010100326                0                0
4 20160105-06-01-01-08         2010101761                0                0
5 20160105-06-01-01-08         2010102007                0                0
6 20160105-06-01-01-08         2010105812                0                0
  RaceHorse.IsHit3 RaceHorse.IsHit4 RaceHorse.IsHit5 RaceHorse.IsHit6
1                0                1                0                0
2                0                0                0                1
3                0                0                0                1
4                0                0                0                1
5                0                0                0                1
6                0                0                0                1
  RaceHorse.IsValidRaceHorse RaceHorse.IsHitA RaceHorse.IsHitB RaceHorse.IsHitC
1                       TRUE                0                0                0
2                       TRUE                0                0                0
3                       TRUE                0                0                0
4                       TRUE                0                0                0
5                       TRUE                0                0                0
6                       TRUE                0                0                0
  Gen01.HansyokuNum Gen01.TimeDvByRaceAvg Gen01.TimeDvByRaceMax Gen01.RunCount
1          11201987              58.21719              67.35998              2
2          11201981              49.92704              67.81783            226
3          11201799              49.45626              66.44956            122
4          11201876              51.00191              61.72285             32
5          11201981              49.92704              67.81783            226
6          11202121              49.93968              60.29455             20
  Gen01.HitCount1 Gen01.HitCount2 Gen01.HitCount3 Gen01.HitCount4
1               0               1               0               0
2               8              12              14              18
3               4               7               6              10
4               1               3               1               5
5               8              12              14              18
6               0               2               1               2
  Gen01.HitCount5 Gen01.HitRate1 Gen01.HitRate2 Gen01.HitRate3 Gen01.HitRate4
1               0     0.00000000     0.50000000     0.00000000     0.00000000
2              12     0.03539823     0.05309735     0.06194690     0.07964602
3               7     0.03278689     0.05737705     0.04918033     0.08196721
4               3     0.03125000     0.09375000     0.03125000     0.15625000
5              12     0.03539823     0.05309735     0.06194690     0.07964602
6               0     0.00000000     0.10000000     0.05000000     0.10000000
  Gen01.HitRate5 EOF
1     0.00000000   1
2     0.05309735   1
3     0.05737705   1
4     0.09375000   1
5     0.05309735   1
6     0.00000000   1
[1] "object.size(InputDataSet) auto=4 Mb"
[1] "nrow(InputDataSet) RxSqlServerData=18625"
[1] "str(InputDataSet)="
'data.frame':	18625 obs. of  42 variables:
 $ Race.RaceId                      : Factor w/ 1279 levels "20160105-06-01-01-08",..: 1 1 1 1 1 1 1 1 1 1 ...
 $ Race.IsPredictedRace             : logi  TRUE TRUE TRUE TRUE TRUE TRUE ...
 $ Race.IsAnalyzeNormalPastAndFuture: logi  TRUE TRUE TRUE TRUE TRUE TRUE ...
 $ Race.IsAnalyzeNormalPast         : logi  TRUE TRUE TRUE TRUE TRUE TRUE ...
 $ Race.IsAnalyzeNormalFuture       : logi  FALSE FALSE FALSE FALSE FALSE FALSE ...
 $ Race.IsAnalyzeFullPastAndFuture  : logi  TRUE TRUE TRUE TRUE TRUE TRUE ...
 $ Race.IsAnalyzeFullPast           : logi  TRUE TRUE TRUE TRUE TRUE TRUE ...
 $ Race.IsAnalyzeFullFuture         : logi  FALSE FALSE FALSE FALSE FALSE FALSE ...
 $ Race.JyokenCd                    : Factor w/ 1 level "3": 1 1 1 1 1 1 1 1 1 1 ...
 $ Race.JyoType1Cd                  : Factor w/ 112 levels "2-06-1200-1",..: 1 1 1 1 1 1 1 1 1 1 ...
 $ Race.RaceType0Cd                 : Factor w/ 280 levels "2-06-1200-1-3-X-14",..: 1 1 1 1 1 1 1 1 1 1 ...
 $ Race.RaceType1Cd                 : Factor w/ 2 levels "2-3-X","2-3-E": 1 1 1 1 1 1 1 1 1 1 ...
 $ Race.RaceType2Cd                 : Factor w/ 2 levels "2-3-X","2-3-E": 1 1 1 1 1 1 1 1 1 1 ...
 $ Race.RaceType3Cd                 : Factor w/ 4 levels "3-X-14","3-E-14",..: 1 1 1 1 1 1 1 1 1 1 ...
 $ Race.RaceType4Cd                 : Factor w/ 2 levels "2-3-14","2-3-13": 1 1 1 1 1 1 1 1 1 1 ...
 $ RaceHorse.RaceId                 : Factor w/ 1279 levels "20160105-06-01-01-08",..: 1 1 1 1 1 1 1 1 1 1 ...
 $ RaceHorse.KettoNum               : Factor w/ 3822 levels "2009101967","2009103618",..: 1 2 3 4 5 6 7 8 9 10 ...
 $ RaceHorse.IsHit1                 : int  0 0 0 0 0 0 0 0 0 0 ...
 $ RaceHorse.IsHit2                 : int  0 0 0 0 0 0 0 0 0 0 ...
 $ RaceHorse.IsHit3                 : int  0 0 0 0 0 0 0 0 0 0 ...
 $ RaceHorse.IsHit4                 : int  1 0 0 0 0 0 0 0 0 0 ...
 $ RaceHorse.IsHit5                 : int  0 0 0 0 0 0 0 0 1 0 ...
 $ RaceHorse.IsHit6                 : int  0 1 1 1 1 1 1 1 0 1 ...
 $ RaceHorse.IsValidRaceHorse       : logi  TRUE TRUE TRUE TRUE TRUE TRUE ...
 $ RaceHorse.IsHitA                 : int  0 0 0 0 0 0 0 0 0 0 ...
 $ RaceHorse.IsHitB                 : int  0 0 0 0 0 0 0 0 0 0 ...
 $ RaceHorse.IsHitC                 : int  0 0 0 0 0 0 0 0 0 0 ...
 $ Gen01.HansyokuNum                : Factor w/ 338 levels "11201987","11201981",..: 1 2 3 4 2 5 6 7 8 9 ...
 $ Gen01.TimeDvByRaceAvg            : num  58.2 49.9 49.5 51 49.9 ...
 $ Gen01.TimeDvByRaceMax            : num  67.4 67.8 66.4 61.7 67.8 ...
 $ Gen01.RunCount                   : int  2 226 122 32 226 20 69 15 5 100 ...
 $ Gen01.HitCount1                  : int  0 8 4 1 8 0 6 2 0 6 ...
 $ Gen01.HitCount2                  : int  1 12 7 3 12 2 8 0 0 11 ...
 $ Gen01.HitCount3                  : int  0 14 6 1 14 1 9 1 0 10 ...
 $ Gen01.HitCount4                  : int  0 18 10 5 18 2 5 0 0 2 ...
 $ Gen01.HitCount5                  : int  0 12 7 3 12 0 4 1 1 7 ...
 $ Gen01.HitRate1                   : num  0 0.0354 0.0328 0.0312 0.0354 ...
 $ Gen01.HitRate2                   : num  0.5 0.0531 0.0574 0.0938 0.0531 ...
 $ Gen01.HitRate3                   : num  0 0.0619 0.0492 0.0312 0.0619 ...
 $ Gen01.HitRate4                   : num  0 0.0796 0.082 0.1562 0.0796 ...
 $ Gen01.HitRate5                   : num  0 0.0531 0.0574 0.0938 0.0531 ...
 $ EOF                              : int  1 1 1 1 1 1 1 1 1 1 ...
[1] "2022-02-07 16:44:32 --- RxSqlServerData Finish ---"
[1] "2022-02-07 16:44:32 --- subset Start ---"
[1] "nrow(InputDataSet) subset before=18625"
[1] "nrow(InputDataSet) subset after=18625"
[1] "nrow(InputDataSet) subset diff=0"
[1] "class(InputDataSet$Race.IsAnalyzeNormalPast)=logical"
[1] "class(InputDataSet$Race.analyzeTrackTypeCd)=NULL"
[1] "2022-02-07 16:44:32 --- subset Finish ---"
[1] "2022-02-07 16:44:32 --- transform Start ---"
[1] "nrow(InputDataSet) transaform before=18625"
[1] "nrow(InputDataSet) transaform after=18625"
[1] "nrow(InputDataSet) transaform diff=0"
[1] "str(InputDataSet)="
'data.frame':	18625 obs. of  42 variables:
 $ Race.RaceId                      : Factor w/ 1279 levels "20160105-06-01-01-08",..: 1 1 1 1 1 1 1 1 1 1 ...
 $ Race.IsPredictedRace             : logi  TRUE TRUE TRUE TRUE TRUE TRUE ...
 $ Race.IsAnalyzeNormalPastAndFuture: logi  TRUE TRUE TRUE TRUE TRUE TRUE ...
 $ Race.IsAnalyzeNormalPast         : logi  TRUE TRUE TRUE TRUE TRUE TRUE ...
 $ Race.IsAnalyzeNormalFuture       : logi  FALSE FALSE FALSE FALSE FALSE FALSE ...
 $ Race.IsAnalyzeFullPastAndFuture  : logi  TRUE TRUE TRUE TRUE TRUE TRUE ...
 $ Race.IsAnalyzeFullPast           : logi  TRUE TRUE TRUE TRUE TRUE TRUE ...
 $ Race.IsAnalyzeFullFuture         : logi  FALSE FALSE FALSE FALSE FALSE FALSE ...
 $ Race.JyokenCd                    : Factor w/ 1 level "3": 1 1 1 1 1 1 1 1 1 1 ...
 $ Race.JyoType1Cd                  : Factor w/ 112 levels "2-06-1200-1",..: 1 1 1 1 1 1 1 1 1 1 ...
 $ Race.RaceType0Cd                 : Factor w/ 280 levels "2-06-1200-1-3-X-14",..: 1 1 1 1 1 1 1 1 1 1 ...
 $ Race.RaceType1Cd                 : Factor w/ 2 levels "2-3-X","2-3-E": 1 1 1 1 1 1 1 1 1 1 ...
 $ Race.RaceType2Cd                 : Factor w/ 2 levels "2-3-X","2-3-E": 1 1 1 1 1 1 1 1 1 1 ...
 $ Race.RaceType3Cd                 : Factor w/ 4 levels "3-X-14","3-E-14",..: 1 1 1 1 1 1 1 1 1 1 ...
 $ Race.RaceType4Cd                 : Factor w/ 2 levels "2-3-14","2-3-13": 1 1 1 1 1 1 1 1 1 1 ...
 $ RaceHorse.RaceId                 : Factor w/ 1279 levels "20160105-06-01-01-08",..: 1 1 1 1 1 1 1 1 1 1 ...
 $ RaceHorse.KettoNum               : Factor w/ 3822 levels "2009101967","2009103618",..: 1 2 3 4 5 6 7 8 9 10 ...
 $ RaceHorse.IsHit1                 : int  0 0 0 0 0 0 0 0 0 0 ...
 $ RaceHorse.IsHit2                 : int  0 0 0 0 0 0 0 0 0 0 ...
 $ RaceHorse.IsHit3                 : int  0 0 0 0 0 0 0 0 0 0 ...
 $ RaceHorse.IsHit4                 : int  1 0 0 0 0 0 0 0 0 0 ...
 $ RaceHorse.IsHit5                 : int  0 0 0 0 0 0 0 0 1 0 ...
 $ RaceHorse.IsHit6                 : int  0 1 1 1 1 1 1 1 0 1 ...
 $ RaceHorse.IsValidRaceHorse       : logi  TRUE TRUE TRUE TRUE TRUE TRUE ...
 $ RaceHorse.IsHitA                 : int  0 0 0 0 0 0 0 0 0 0 ...
 $ RaceHorse.IsHitB                 : int  0 0 0 0 0 0 0 0 0 0 ...
 $ RaceHorse.IsHitC                 : int  0 0 0 0 0 0 0 0 0 0 ...
 $ Gen01.HansyokuNum                : Factor w/ 338 levels "11201987","11201981",..: 1 2 3 4 2 5 6 7 8 9 ...
 $ Gen01.TimeDvByRaceAvg            : num  58.2 49.9 49.5 51 49.9 ...
 $ Gen01.TimeDvByRaceMax            : num  67.4 67.8 66.4 61.7 67.8 ...
 $ Gen01.RunCount                   : int  2 226 122 32 226 20 69 15 5 100 ...
 $ Gen01.HitCount1                  : int  0 8 4 1 8 0 6 2 0 6 ...
 $ Gen01.HitCount2                  : int  1 12 7 3 12 2 8 0 0 11 ...
 $ Gen01.HitCount3                  : int  0 14 6 1 14 1 9 1 0 10 ...
 $ Gen01.HitCount4                  : int  0 18 10 5 18 2 5 0 0 2 ...
 $ Gen01.HitCount5                  : int  0 12 7 3 12 0 4 1 1 7 ...
 $ Gen01.HitRate1                   : num  0 0.0354 0.0328 0.0312 0.0354 ...
 $ Gen01.HitRate2                   : num  0.5 0.0531 0.0574 0.0938 0.0531 ...
 $ Gen01.HitRate3                   : num  0 0.0619 0.0492 0.0312 0.0619 ...
 $ Gen01.HitRate4                   : num  0 0.0796 0.082 0.1562 0.0796 ...
 $ Gen01.HitRate5                   : num  0 0.0531 0.0574 0.0938 0.0531 ...
 $ EOF                              : int  1 1 1 1 1 1 1 1 1 1 ...
NULL
[1] "2022-02-07 16:44:32 --- transform Finish ---"
[1] "2022-02-07 16:44:32 --- na.omit Start ---"
[1] "nrow(InputDataSet) na.omit before=18625"
[1] "nrow(InputDataSet) na.omit after=18625"
[1] "nrow(InputDataSet) na.omit diff=0"
[1] "2022-02-07 16:44:32 --- na.omit Finish---"
[1] "2022-02-07 16:44:32 --- New Levels Start ---"
[1] "levels(data$Race.RaceType1Cd)=2-3-E" "levels(data$Race.RaceType1Cd)=2-3-X"
[1] "levels(InputDataSet$Race.RaceType1Cd)=2-3-X"
[2] "levels(InputDataSet$Race.RaceType1Cd)=2-3-E"
[1] "length(Race.RaceType1Cd.Index)=0"
[1] "2022-02-07 16:44:32 --- New Levels Finish ---"
[1] "2022-02-07 16:44:32 --- na.omit Start ---"
[1] "nrow(InputDataSet) na.omit levels before=18625"
[1] "nrow(InputDataSet) na.omit levels after=18625"
[1] "nrow(InputDataSet) na.omit levels diff=0"
[1] "2022-02-07 16:44:32 --- na.omit Finish ---"
[1] "2022-02-07 16:44:32 --- Predict InputDataSet Start ---"
[1] "nrow(InputDataSet) predict=18625"
[1] "str(InputDataSet)="
'data.frame':	18625 obs. of  42 variables:
 $ Race.RaceId                      : Factor w/ 1279 levels "20160105-06-01-01-08",..: 1 1 1 1 1 1 1 1 1 1 ...
 $ Race.IsPredictedRace             : logi  TRUE TRUE TRUE TRUE TRUE TRUE ...
 $ Race.IsAnalyzeNormalPastAndFuture: logi  TRUE TRUE TRUE TRUE TRUE TRUE ...
 $ Race.IsAnalyzeNormalPast         : logi  TRUE TRUE TRUE TRUE TRUE TRUE ...
 $ Race.IsAnalyzeNormalFuture       : logi  FALSE FALSE FALSE FALSE FALSE FALSE ...
 $ Race.IsAnalyzeFullPastAndFuture  : logi  TRUE TRUE TRUE TRUE TRUE TRUE ...
 $ Race.IsAnalyzeFullPast           : logi  TRUE TRUE TRUE TRUE TRUE TRUE ...
 $ Race.IsAnalyzeFullFuture         : logi  FALSE FALSE FALSE FALSE FALSE FALSE ...
 $ Race.JyokenCd                    : Factor w/ 1 level "3": 1 1 1 1 1 1 1 1 1 1 ...
 $ Race.JyoType1Cd                  : Factor w/ 112 levels "2-06-1200-1",..: 1 1 1 1 1 1 1 1 1 1 ...
 $ Race.RaceType0Cd                 : Factor w/ 280 levels "2-06-1200-1-3-X-14",..: 1 1 1 1 1 1 1 1 1 1 ...
 $ Race.RaceType1Cd                 : Factor w/ 2 levels "2-3-X","2-3-E": 1 1 1 1 1 1 1 1 1 1 ...
 $ Race.RaceType2Cd                 : Factor w/ 2 levels "2-3-X","2-3-E": 1 1 1 1 1 1 1 1 1 1 ...
 $ Race.RaceType3Cd                 : Factor w/ 4 levels "3-X-14","3-E-14",..: 1 1 1 1 1 1 1 1 1 1 ...
 $ Race.RaceType4Cd                 : Factor w/ 2 levels "2-3-14","2-3-13": 1 1 1 1 1 1 1 1 1 1 ...
 $ RaceHorse.RaceId                 : Factor w/ 1279 levels "20160105-06-01-01-08",..: 1 1 1 1 1 1 1 1 1 1 ...
 $ RaceHorse.KettoNum               : Factor w/ 3822 levels "2009101967","2009103618",..: 1 2 3 4 5 6 7 8 9 10 ...
 $ RaceHorse.IsHit1                 : int  0 0 0 0 0 0 0 0 0 0 ...
 $ RaceHorse.IsHit2                 : int  0 0 0 0 0 0 0 0 0 0 ...
 $ RaceHorse.IsHit3                 : int  0 0 0 0 0 0 0 0 0 0 ...
 $ RaceHorse.IsHit4                 : int  1 0 0 0 0 0 0 0 0 0 ...
 $ RaceHorse.IsHit5                 : int  0 0 0 0 0 0 0 0 1 0 ...
 $ RaceHorse.IsHit6                 : int  0 1 1 1 1 1 1 1 0 1 ...
 $ RaceHorse.IsValidRaceHorse       : logi  TRUE TRUE TRUE TRUE TRUE TRUE ...
 $ RaceHorse.IsHitA                 : int  0 0 0 0 0 0 0 0 0 0 ...
 $ RaceHorse.IsHitB                 : int  0 0 0 0 0 0 0 0 0 0 ...
 $ RaceHorse.IsHitC                 : int  0 0 0 0 0 0 0 0 0 0 ...
 $ Gen01.HansyokuNum                : Factor w/ 338 levels "11201987","11201981",..: 1 2 3 4 2 5 6 7 8 9 ...
 $ Gen01.TimeDvByRaceAvg            : num  58.2 49.9 49.5 51 49.9 ...
 $ Gen01.TimeDvByRaceMax            : num  67.4 67.8 66.4 61.7 67.8 ...
 $ Gen01.RunCount                   : int  2 226 122 32 226 20 69 15 5 100 ...
 $ Gen01.HitCount1                  : int  0 8 4 1 8 0 6 2 0 6 ...
 $ Gen01.HitCount2                  : int  1 12 7 3 12 2 8 0 0 11 ...
 $ Gen01.HitCount3                  : int  0 14 6 1 14 1 9 1 0 10 ...
 $ Gen01.HitCount4                  : int  0 18 10 5 18 2 5 0 0 2 ...
 $ Gen01.HitCount5                  : int  0 12 7 3 12 0 4 1 1 7 ...
 $ Gen01.HitRate1                   : num  0 0.0354 0.0328 0.0312 0.0354 ...
 $ Gen01.HitRate2                   : num  0.5 0.0531 0.0574 0.0938 0.0531 ...
 $ Gen01.HitRate3                   : num  0 0.0619 0.0492 0.0312 0.0619 ...
 $ Gen01.HitRate4                   : num  0 0.0796 0.082 0.1562 0.0796 ...
 $ Gen01.HitRate5                   : num  0 0.0531 0.0574 0.0938 0.0531 ...
 $ EOF                              : int  1 1 1 1 1 1 1 1 1 1 ...
[1] "2022-02-07 16:44:32 --- Predict InputDataSet Finish ---"
[1] "2022-02-07 16:44:32 --- rxPredict (glm) Start ---"
[1] "analyzeFunc=glm"
Rows Read: 18625, Total Rows Processed: 18625, Total Chunk Time: Less than .001 seconds 
[1] "nrow(PredictDataSet) afte predict=18625"
[1] "str(PredictDataSet)"
'data.frame':	18625 obs. of  1 variable:
 $ RaceHorse.IsHitA_Pred: num  0.1013 0.0627 0.061 0.0668 0.0627 ...
NULL
[1] "head(PredictDataSet) afte predict="
  RaceHorse.IsHitA_Pred
1            0.10125325
2            0.06270419
3            0.06098704
4            0.06679515
5            0.06270419
6            0.06275090
[1] "2022-02-07 16:44:32 --- rxPredict (glm) Finish ---"
[1] "2022-02-07 16:44:32 --- add key Start ---"
[1] "nrow(OutputDataSet) add KeyColmn=18625"
[1] "str(OutputDataSet) after add Key"
'data.frame':	18625 obs. of  2 variables:
 $ RaceHorse.RaceId  : Factor w/ 1279 levels "20160105-06-01-01-08",..: 1 1 1 1 1 1 1 1 1 1 ...
 $ RaceHorse.KettoNum: Factor w/ 3822 levels "2009101967","2009103618",..: 1 2 3 4 5 6 7 8 9 10 ...
NULL
[1] "2022-02-07 16:44:32 --- add key Finish ---"
[1] "2022-02-07 16:44:32 --- add PredictValue Start ---"
[1] "str(PredictDataSet) before rename="
[1] "colnames(PredictDataSet)=RaceHorse.IsHitA_Pred"
[1] "str(PredictDataSet) after rename="
'data.frame':	18625 obs. of  1 variable:
 $ PredictValue: num  0.1013 0.0627 0.061 0.0668 0.0627 ...
NULL
[1] "str(OutputDataSet) before cbind="
'data.frame':	18625 obs. of  2 variables:
 $ RaceHorse.RaceId  : Factor w/ 1279 levels "20160105-06-01-01-08",..: 1 1 1 1 1 1 1 1 1 1 ...
 $ RaceHorse.KettoNum: Factor w/ 3822 levels "2009101967","2009103618",..: 1 2 3 4 5 6 7 8 9 10 ...
NULL
[1] "str(OutputDataSet) after cbind="
'data.frame':	18625 obs. of  3 variables:
 $ RaceHorse.RaceId  : Factor w/ 1279 levels "20160105-06-01-01-08",..: 1 1 1 1 1 1 1 1 1 1 ...
 $ RaceHorse.KettoNum: Factor w/ 3822 levels "2009101967","2009103618",..: 1 2 3 4 5 6 7 8 9 10 ...
 $ PredictValue      : num  0.1013 0.0627 0.061 0.0668 0.0627 ...
NULL
[1] "2022-02-07 16:44:32 --- add PredictValue Finish ---"
[1] "2022-02-07 16:44:32 --- final Start ---"
[1] "nrow(OutputDataSet) final=18625"
[1] "head(OutputDataSet)="
      RaceHorse.RaceId RaceHorse.KettoNum PredictValue
1 20160105-06-01-01-08         2009101967   0.10125325
2 20160105-06-01-01-08         2009103618   0.06270419
3 20160105-06-01-01-08         2010100326   0.06098704
4 20160105-06-01-01-08         2010101761   0.06679515
5 20160105-06-01-01-08         2010102007   0.06270419
6 20160105-06-01-01-08         2010105812   0.06275090
[1] "str(OutputDataSet)="
'data.frame':	18625 obs. of  3 variables:
 $ RaceHorse.RaceId  : Factor w/ 1279 levels "20160105-06-01-01-08",..: 1 1 1 1 1 1 1 1 1 1 ...
 $ RaceHorse.KettoNum: Factor w/ 3822 levels "2009101967","2009103618",..: 1 2 3 4 5 6 7 8 9 10 ...
 $ PredictValue      : num  0.1013 0.0627 0.061 0.0668 0.0627 ...
NULL
[1] "2022-02-07 16:44:32 --- final Finish ---"
[1] "2022-02-07 16:44:32 --- predict.R Finished ---"
[1] "2022-02-07 16:44:32 --- log Finish ---"
