[1] "2022-02-08 11:49:18 --- D1114_Predict_glm_Jockey_IsHitA_Type26 Start ---"
[1] "2022-02-08 11:49:18 --- Log Start ---"
[1] "2022-02-08 11:49:18 --- predict.R Start ---"
[1] "analyzeVersion=D1114"
[1] "analyzeCategory=Predict"
[1] "analyzeType=Jockey"
[1] "analyzeFamily=IsHitA"
[1] "analyzeFunc=glm"
[1] "analyzeTrackTypeCd=2"
[1] "analyzeJyokenCd=6"
[1] "2022-02-08 11:49:19 --- source_function.R Start ---"
[1] "2022-02-08 11:49:19 --- source_function.R Finished ---"

> print(paste0(Sys.time(), " --- source_library.R Start ---"))
[1] "2022-02-08 11:49:19 --- source_library.R Start ---"

> require("RevoScaleR")

> print(paste0(Sys.time(), " --- source_library.R Finished ---"))
[1] "2022-02-08 11:49:19 --- source_library.R Finished ---"
[1] "2022-02-08 11:49:19 --- Load Start ---"
[1] "loadFilename=RData_Analyze_glm_Jockey_Type26.RData"
[1] "2022-02-08 11:49:20 --- Load Finished ---"
[1] "2022-02-08 11:49:20 --- RxSqlServerData Start ---"
[1] "sqlQuery=SELECT * FROM ViewAnalyzeD1114analyze01JockeyType26 WHERE [Race.IsPredictedRace] = 1"
Rows Read: 512845, Total Rows Processed: 512845, Total Chunk Time: 15.257 seconds 
[1] "head(InputDataSet)="
           Race.RaceId Race.IsPredictedRace Race.IsAnalyzeNormalPastAndFuture
1 20170617-05-03-05-05                 TRUE                              TRUE
2 20170617-05-03-05-05                 TRUE                              TRUE
3 20170617-05-03-05-05                 TRUE                              TRUE
4 20170617-05-03-05-05                 TRUE                              TRUE
5 20170617-05-03-05-05                 TRUE                              TRUE
6 20170617-05-03-05-05                 TRUE                              TRUE
  Race.IsAnalyzeNormalPast Race.IsAnalyzeNormalFuture
1                     TRUE                      FALSE
2                     TRUE                      FALSE
3                     TRUE                      FALSE
4                     TRUE                      FALSE
5                     TRUE                      FALSE
6                     TRUE                      FALSE
  Race.IsAnalyzeFullPastAndFuture Race.IsAnalyzeFullPast
1                            TRUE                   TRUE
2                            TRUE                   TRUE
3                            TRUE                   TRUE
4                            TRUE                   TRUE
5                            TRUE                   TRUE
6                            TRUE                   TRUE
  Race.IsAnalyzeFullFuture Race.JyokenCd Race.JyoType1Cd   Race.RaceType0Cd
1                    FALSE             6     2-05-1400-1 2-05-1400-1-6-X-11
2                    FALSE             6     2-05-1400-1 2-05-1400-1-6-X-11
3                    FALSE             6     2-05-1400-1 2-05-1400-1-6-X-11
4                    FALSE             6     2-05-1400-1 2-05-1400-1-6-X-11
5                    FALSE             6     2-05-1400-1 2-05-1400-1-6-X-11
6                    FALSE             6     2-05-1400-1 2-05-1400-1-6-X-11
  Race.RaceType1Cd Race.RaceType2Cd Race.RaceType3Cd Race.RaceType4Cd
1            2-6-X            2-6-X           6-X-11           2-6-11
2            2-6-X            2-6-X           6-X-11           2-6-11
3            2-6-X            2-6-X           6-X-11           2-6-11
4            2-6-X            2-6-X           6-X-11           2-6-11
5            2-6-X            2-6-X           6-X-11           2-6-11
6            2-6-X            2-6-X           6-X-11           2-6-11
      RaceHorse.RaceId RaceHorse.KettoNum RaceHorse.IsHit1 RaceHorse.IsHit2
1 20170617-05-03-05-05         2015100224                0                0
2 20170617-05-03-05-05         2015100224                0                0
3 20170617-05-03-05-05         2015100224                0                0
4 20170617-05-03-05-05         2015100224                0                0
5 20170617-05-03-05-05         2015100224                0                0
6 20170617-05-03-05-05         2015100224                0                0
  RaceHorse.IsHit3 RaceHorse.IsHit4 RaceHorse.IsHit5 RaceHorse.IsHit6
1                0                0                0                1
2                0                0                0                1
3                0                0                0                1
4                0                0                0                1
5                0                0                0                1
6                0                0                0                1
  RaceHorse.IsValidRaceHorse RaceHorse.IsHitA RaceHorse.IsHitB RaceHorse.IsHitC
1                       TRUE                0                0                0
2                       TRUE                0                0                0
3                       TRUE                0                0                0
4                       TRUE                0                0                0
5                       TRUE                0                0                0
6                       TRUE                0                0                0
         Jockey.RaceId Jockey.KettoNum Jockey.KisyuCode Jockey.Num
1 20170617-05-03-05-05      2015100224            01118         19
2 20170617-05-03-05-05      2015100224            01118         18
3 20170617-05-03-05-05      2015100224            01118          5
4 20170617-05-03-05-05      2015100224            01118          4
5 20170617-05-03-05-05      2015100224            01118          3
6 20170617-05-03-05-05      2015100224            01118          2
  Jockey.PrevKettoNum    Jockey.PrevRaceId Jockey.SyussoTosu
1          2011102152 20130928-06-04-08-05                16
2          2011109022 20131109-05-05-03-05                15
3          2013101160 20160124-06-01-08-03                16
4          2013102453 20160320-06-02-07-04                16
5          2014101686 20160618-05-03-05-05                16
6          2014100621 20161030-04-03-06-05                15
  Jockey.TimeDvByRace Jockey.RunCount Jockey.HitCount1 Jockey.HitCount2
1            51.71924               1                0                0
2            37.03172               1                0                0
3            56.33432               1                0                0
4            59.37332               1                0                0
5            32.57166               1                0                0
6            52.15625               1                0                0
  Jockey.HitCount3 Jockey.HitCount4 Jockey.HitCount5 EOF
1                0                0                0   1
2                0                0                0   1
3                0                0                1   1
4                0                1                0   1
5                0                0                0   1
6                0                0                0   1
[1] "object.size(InputDataSet) auto=90.3 Mb"
[1] "nrow(InputDataSet) RxSqlServerData=512845"
[1] "str(InputDataSet)="
'data.frame':	512845 obs. of  42 variables:
 $ Race.RaceId                      : Factor w/ 585 levels "20160618-05-03-05-05",..: 2 2 2 2 2 2 2 2 2 2 ...
 $ Race.IsPredictedRace             : logi  TRUE TRUE TRUE TRUE TRUE TRUE ...
 $ Race.IsAnalyzeNormalPastAndFuture: logi  TRUE TRUE TRUE TRUE TRUE TRUE ...
 $ Race.IsAnalyzeNormalPast         : logi  TRUE TRUE TRUE TRUE TRUE TRUE ...
 $ Race.IsAnalyzeNormalFuture       : logi  FALSE FALSE FALSE FALSE FALSE FALSE ...
 $ Race.IsAnalyzeFullPastAndFuture  : logi  TRUE TRUE TRUE TRUE TRUE TRUE ...
 $ Race.IsAnalyzeFullPast           : logi  TRUE TRUE TRUE TRUE TRUE TRUE ...
 $ Race.IsAnalyzeFullFuture         : logi  FALSE FALSE FALSE FALSE FALSE FALSE ...
 $ Race.JyokenCd                    : Factor w/ 1 level "6": 1 1 1 1 1 1 1 1 1 1 ...
 $ Race.JyoType1Cd                  : Factor w/ 74 levels "2-05-1400-2",..: 2 2 2 2 2 2 2 2 2 2 ...
 $ Race.RaceType0Cd                 : Factor w/ 112 levels "2-05-1400-2-6-X-11",..: 2 2 2 2 2 2 2 2 2 2 ...
 $ Race.RaceType1Cd                 : Factor w/ 1 level "2-6-X": 1 1 1 1 1 1 1 1 1 1 ...
 $ Race.RaceType2Cd                 : Factor w/ 1 level "2-6-X": 1 1 1 1 1 1 1 1 1 1 ...
 $ Race.RaceType3Cd                 : Factor w/ 2 levels "6-X-11","6-X-12": 1 1 1 1 1 1 1 1 1 1 ...
 $ Race.RaceType4Cd                 : Factor w/ 2 levels "2-6-11","2-6-12": 1 1 1 1 1 1 1 1 1 1 ...
 $ RaceHorse.RaceId                 : Factor w/ 585 levels "20160618-05-03-05-05",..: 2 2 2 2 2 2 2 2 2 2 ...
 $ RaceHorse.KettoNum               : Factor w/ 8339 levels "2014100929","2015100224",..: 2 2 2 2 2 2 2 2 2 2 ...
 $ RaceHorse.IsHit1                 : int  0 0 0 0 0 0 0 0 0 0 ...
 $ RaceHorse.IsHit2                 : int  0 0 0 0 0 0 0 0 0 0 ...
 $ RaceHorse.IsHit3                 : int  0 0 0 0 0 0 0 0 0 0 ...
 $ RaceHorse.IsHit4                 : int  0 0 0 0 0 0 0 0 0 0 ...
 $ RaceHorse.IsHit5                 : int  0 0 0 0 0 0 0 0 0 0 ...
 $ RaceHorse.IsHit6                 : int  1 1 1 1 1 1 1 1 1 1 ...
 $ RaceHorse.IsValidRaceHorse       : logi  TRUE TRUE TRUE TRUE TRUE TRUE ...
 $ RaceHorse.IsHitA                 : int  0 0 0 0 0 0 0 0 0 0 ...
 $ RaceHorse.IsHitB                 : int  0 0 0 0 0 0 0 0 0 0 ...
 $ RaceHorse.IsHitC                 : int  0 0 0 0 0 0 0 0 0 0 ...
 $ Jockey.RaceId                    : Factor w/ 585 levels "20160618-05-03-05-05",..: 2 2 2 2 2 2 2 2 2 2 ...
 $ Jockey.KettoNum                  : Factor w/ 8339 levels "2014100929","2015100224",..: 2 2 2 2 2 2 2 2 2 2 ...
 $ Jockey.KisyuCode                 : Factor w/ 174 levels "00684","01118",..: 2 2 2 2 2 2 2 2 2 2 ...
 $ Jockey.Num                       : num  19 18 5 4 3 2 1 17 16 15 ...
 $ Jockey.PrevKettoNum              : Factor w/ 12785 levels "2009100183","2009102047",..: 11 12 13 14 15 16 17 18 19 20 ...
 $ Jockey.PrevRaceId                : Factor w/ 1023 levels "20111225-06-05-08-03",..: 11 12 13 14 15 16 17 18 19 20 ...
 $ Jockey.SyussoTosu                : num  16 15 16 16 16 15 16 16 16 13 ...
 $ Jockey.TimeDvByRace              : num  51.7 37 56.3 59.4 32.6 ...
 $ Jockey.RunCount                  : int  1 1 1 1 1 1 1 1 1 1 ...
 $ Jockey.HitCount1                 : int  0 0 0 0 0 0 0 0 0 0 ...
 $ Jockey.HitCount2                 : int  0 0 0 0 0 0 0 0 0 0 ...
 $ Jockey.HitCount3                 : int  0 0 0 0 0 0 0 0 0 0 ...
 $ Jockey.HitCount4                 : int  0 0 0 1 0 0 0 1 0 0 ...
 $ Jockey.HitCount5                 : int  0 0 1 0 0 0 0 0 0 0 ...
 $ EOF                              : int  1 1 1 1 1 1 1 1 1 1 ...
[1] "2022-02-08 11:49:41 --- RxSqlServerData Finish ---"
[1] "2022-02-08 11:49:41 --- subset Start ---"
[1] "nrow(InputDataSet) subset before=512845"
[1] "nrow(InputDataSet) subset after=512845"
[1] "nrow(InputDataSet) subset diff=0"
[1] "class(InputDataSet$Race.IsAnalyzeNormalPast)=logical"
[1] "class(InputDataSet$Race.analyzeTrackTypeCd)=NULL"
[1] "2022-02-08 11:49:41 --- subset Finish ---"
[1] "2022-02-08 11:49:41 --- transform Start ---"
[1] "nrow(InputDataSet) transaform before=512845"
[1] "nrow(InputDataSet) transaform after=512845"
[1] "nrow(InputDataSet) transaform diff=0"
[1] "str(InputDataSet)="
'data.frame':	512845 obs. of  42 variables:
 $ Race.RaceId                      : Factor w/ 585 levels "20160618-05-03-05-05",..: 2 2 2 2 2 2 2 2 2 2 ...
 $ Race.IsPredictedRace             : logi  TRUE TRUE TRUE TRUE TRUE TRUE ...
 $ Race.IsAnalyzeNormalPastAndFuture: logi  TRUE TRUE TRUE TRUE TRUE TRUE ...
 $ Race.IsAnalyzeNormalPast         : logi  TRUE TRUE TRUE TRUE TRUE TRUE ...
 $ Race.IsAnalyzeNormalFuture       : logi  FALSE FALSE FALSE FALSE FALSE FALSE ...
 $ Race.IsAnalyzeFullPastAndFuture  : logi  TRUE TRUE TRUE TRUE TRUE TRUE ...
 $ Race.IsAnalyzeFullPast           : logi  TRUE TRUE TRUE TRUE TRUE TRUE ...
 $ Race.IsAnalyzeFullFuture         : logi  FALSE FALSE FALSE FALSE FALSE FALSE ...
 $ Race.JyokenCd                    : Factor w/ 1 level "6": 1 1 1 1 1 1 1 1 1 1 ...
 $ Race.JyoType1Cd                  : Factor w/ 74 levels "2-05-1400-2",..: 2 2 2 2 2 2 2 2 2 2 ...
 $ Race.RaceType0Cd                 : Factor w/ 112 levels "2-05-1400-2-6-X-11",..: 2 2 2 2 2 2 2 2 2 2 ...
 $ Race.RaceType1Cd                 : Factor w/ 1 level "2-6-X": 1 1 1 1 1 1 1 1 1 1 ...
 $ Race.RaceType2Cd                 : Factor w/ 1 level "2-6-X": 1 1 1 1 1 1 1 1 1 1 ...
 $ Race.RaceType3Cd                 : Factor w/ 2 levels "6-X-11","6-X-12": 1 1 1 1 1 1 1 1 1 1 ...
 $ Race.RaceType4Cd                 : Factor w/ 2 levels "2-6-11","2-6-12": 1 1 1 1 1 1 1 1 1 1 ...
 $ RaceHorse.RaceId                 : Factor w/ 585 levels "20160618-05-03-05-05",..: 2 2 2 2 2 2 2 2 2 2 ...
 $ RaceHorse.KettoNum               : Factor w/ 8339 levels "2014100929","2015100224",..: 2 2 2 2 2 2 2 2 2 2 ...
 $ RaceHorse.IsHit1                 : int  0 0 0 0 0 0 0 0 0 0 ...
 $ RaceHorse.IsHit2                 : int  0 0 0 0 0 0 0 0 0 0 ...
 $ RaceHorse.IsHit3                 : int  0 0 0 0 0 0 0 0 0 0 ...
 $ RaceHorse.IsHit4                 : int  0 0 0 0 0 0 0 0 0 0 ...
 $ RaceHorse.IsHit5                 : int  0 0 0 0 0 0 0 0 0 0 ...
 $ RaceHorse.IsHit6                 : int  1 1 1 1 1 1 1 1 1 1 ...
 $ RaceHorse.IsValidRaceHorse       : logi  TRUE TRUE TRUE TRUE TRUE TRUE ...
 $ RaceHorse.IsHitA                 : int  0 0 0 0 0 0 0 0 0 0 ...
 $ RaceHorse.IsHitB                 : int  0 0 0 0 0 0 0 0 0 0 ...
 $ RaceHorse.IsHitC                 : int  0 0 0 0 0 0 0 0 0 0 ...
 $ Jockey.RaceId                    : Factor w/ 585 levels "20160618-05-03-05-05",..: 2 2 2 2 2 2 2 2 2 2 ...
 $ Jockey.KettoNum                  : Factor w/ 8339 levels "2014100929","2015100224",..: 2 2 2 2 2 2 2 2 2 2 ...
 $ Jockey.KisyuCode                 : Factor w/ 174 levels "00684","01118",..: 2 2 2 2 2 2 2 2 2 2 ...
 $ Jockey.Num                       : num  19 18 5 4 3 2 1 17 16 15 ...
 $ Jockey.PrevKettoNum              : Factor w/ 12785 levels "2009100183","2009102047",..: 11 12 13 14 15 16 17 18 19 20 ...
 $ Jockey.PrevRaceId                : Factor w/ 1023 levels "20111225-06-05-08-03",..: 11 12 13 14 15 16 17 18 19 20 ...
 $ Jockey.SyussoTosu                : num  16 15 16 16 16 15 16 16 16 13 ...
 $ Jockey.TimeDvByRace              : num  51.7 37 56.3 59.4 32.6 ...
 $ Jockey.RunCount                  : int  1 1 1 1 1 1 1 1 1 1 ...
 $ Jockey.HitCount1                 : int  0 0 0 0 0 0 0 0 0 0 ...
 $ Jockey.HitCount2                 : int  0 0 0 0 0 0 0 0 0 0 ...
 $ Jockey.HitCount3                 : int  0 0 0 0 0 0 0 0 0 0 ...
 $ Jockey.HitCount4                 : int  0 0 0 1 0 0 0 1 0 0 ...
 $ Jockey.HitCount5                 : int  0 0 1 0 0 0 0 0 0 0 ...
 $ EOF                              : int  1 1 1 1 1 1 1 1 1 1 ...
NULL
[1] "2022-02-08 11:49:41 --- transform Finish ---"
[1] "2022-02-08 11:49:41 --- na.omit Start ---"
[1] "nrow(InputDataSet) na.omit before=512845"
[1] "nrow(InputDataSet) na.omit after=512845"
[1] "nrow(InputDataSet) na.omit diff=0"
[1] "2022-02-08 11:49:42 --- na.omit Finish---"
[1] "2022-02-08 11:49:42 --- New Levels Start ---"
[1] "levels(data$Race.RaceType1Cd)=2-6-X"
[1] "levels(InputDataSet$Race.RaceType1Cd)=2-6-X"
[1] "length(Race.RaceType1Cd.Index)=0"
[1] "2022-02-08 11:49:42 --- New Levels Finish ---"
[1] "2022-02-08 11:49:42 --- na.omit Start ---"
[1] "nrow(InputDataSet) na.omit levels before=512845"
[1] "nrow(InputDataSet) na.omit levels after=512845"
[1] "nrow(InputDataSet) na.omit levels diff=0"
[1] "2022-02-08 11:49:42 --- na.omit Finish ---"
[1] "2022-02-08 11:49:42 --- Predict InputDataSet Start ---"
[1] "nrow(InputDataSet) predict=512845"
[1] "str(InputDataSet)="
'data.frame':	512845 obs. of  42 variables:
 $ Race.RaceId                      : Factor w/ 585 levels "20160618-05-03-05-05",..: 2 2 2 2 2 2 2 2 2 2 ...
 $ Race.IsPredictedRace             : logi  TRUE TRUE TRUE TRUE TRUE TRUE ...
 $ Race.IsAnalyzeNormalPastAndFuture: logi  TRUE TRUE TRUE TRUE TRUE TRUE ...
 $ Race.IsAnalyzeNormalPast         : logi  TRUE TRUE TRUE TRUE TRUE TRUE ...
 $ Race.IsAnalyzeNormalFuture       : logi  FALSE FALSE FALSE FALSE FALSE FALSE ...
 $ Race.IsAnalyzeFullPastAndFuture  : logi  TRUE TRUE TRUE TRUE TRUE TRUE ...
 $ Race.IsAnalyzeFullPast           : logi  TRUE TRUE TRUE TRUE TRUE TRUE ...
 $ Race.IsAnalyzeFullFuture         : logi  FALSE FALSE FALSE FALSE FALSE FALSE ...
 $ Race.JyokenCd                    : Factor w/ 1 level "6": 1 1 1 1 1 1 1 1 1 1 ...
 $ Race.JyoType1Cd                  : Factor w/ 74 levels "2-05-1400-2",..: 2 2 2 2 2 2 2 2 2 2 ...
 $ Race.RaceType0Cd                 : Factor w/ 112 levels "2-05-1400-2-6-X-11",..: 2 2 2 2 2 2 2 2 2 2 ...
 $ Race.RaceType1Cd                 : Factor w/ 1 level "2-6-X": 1 1 1 1 1 1 1 1 1 1 ...
 $ Race.RaceType2Cd                 : Factor w/ 1 level "2-6-X": 1 1 1 1 1 1 1 1 1 1 ...
 $ Race.RaceType3Cd                 : Factor w/ 2 levels "6-X-11","6-X-12": 1 1 1 1 1 1 1 1 1 1 ...
 $ Race.RaceType4Cd                 : Factor w/ 2 levels "2-6-11","2-6-12": 1 1 1 1 1 1 1 1 1 1 ...
 $ RaceHorse.RaceId                 : Factor w/ 585 levels "20160618-05-03-05-05",..: 2 2 2 2 2 2 2 2 2 2 ...
 $ RaceHorse.KettoNum               : Factor w/ 8339 levels "2014100929","2015100224",..: 2 2 2 2 2 2 2 2 2 2 ...
 $ RaceHorse.IsHit1                 : int  0 0 0 0 0 0 0 0 0 0 ...
 $ RaceHorse.IsHit2                 : int  0 0 0 0 0 0 0 0 0 0 ...
 $ RaceHorse.IsHit3                 : int  0 0 0 0 0 0 0 0 0 0 ...
 $ RaceHorse.IsHit4                 : int  0 0 0 0 0 0 0 0 0 0 ...
 $ RaceHorse.IsHit5                 : int  0 0 0 0 0 0 0 0 0 0 ...
 $ RaceHorse.IsHit6                 : int  1 1 1 1 1 1 1 1 1 1 ...
 $ RaceHorse.IsValidRaceHorse       : logi  TRUE TRUE TRUE TRUE TRUE TRUE ...
 $ RaceHorse.IsHitA                 : int  0 0 0 0 0 0 0 0 0 0 ...
 $ RaceHorse.IsHitB                 : int  0 0 0 0 0 0 0 0 0 0 ...
 $ RaceHorse.IsHitC                 : int  0 0 0 0 0 0 0 0 0 0 ...
 $ Jockey.RaceId                    : Factor w/ 585 levels "20160618-05-03-05-05",..: 2 2 2 2 2 2 2 2 2 2 ...
 $ Jockey.KettoNum                  : Factor w/ 8339 levels "2014100929","2015100224",..: 2 2 2 2 2 2 2 2 2 2 ...
 $ Jockey.KisyuCode                 : Factor w/ 174 levels "00684","01118",..: 2 2 2 2 2 2 2 2 2 2 ...
 $ Jockey.Num                       : num  19 18 5 4 3 2 1 17 16 15 ...
 $ Jockey.PrevKettoNum              : Factor w/ 12785 levels "2009100183","2009102047",..: 11 12 13 14 15 16 17 18 19 20 ...
 $ Jockey.PrevRaceId                : Factor w/ 1023 levels "20111225-06-05-08-03",..: 11 12 13 14 15 16 17 18 19 20 ...
 $ Jockey.SyussoTosu                : num  16 15 16 16 16 15 16 16 16 13 ...
 $ Jockey.TimeDvByRace              : num  51.7 37 56.3 59.4 32.6 ...
 $ Jockey.RunCount                  : int  1 1 1 1 1 1 1 1 1 1 ...
 $ Jockey.HitCount1                 : int  0 0 0 0 0 0 0 0 0 0 ...
 $ Jockey.HitCount2                 : int  0 0 0 0 0 0 0 0 0 0 ...
 $ Jockey.HitCount3                 : int  0 0 0 0 0 0 0 0 0 0 ...
 $ Jockey.HitCount4                 : int  0 0 0 1 0 0 0 1 0 0 ...
 $ Jockey.HitCount5                 : int  0 0 1 0 0 0 0 0 0 0 ...
 $ EOF                              : int  1 1 1 1 1 1 1 1 1 1 ...
[1] "2022-02-08 11:49:42 --- Predict InputDataSet Finish ---"
[1] "2022-02-08 11:49:42 --- rxPredict (glm) Start ---"
[1] "analyzeFunc=glm"
Rows Read: 512845, Total Rows Processed: 512845, Total Chunk Time: 0.010 seconds 
[1] "nrow(PredictDataSet) afte predict=512845"
[1] "str(PredictDataSet)"
'data.frame':	512845 obs. of  1 variable:
 $ RaceHorse.IsHitA_Pred: num  0.0763 0.0775 0.0763 0.0763 0.0763 ...
NULL
[1] "head(PredictDataSet) afte predict="
  RaceHorse.IsHitA_Pred
1            0.07633920
2            0.07745789
3            0.07633920
4            0.07633920
5            0.07633920
6            0.07745789
[1] "2022-02-08 11:49:43 --- rxPredict (glm) Finish ---"
[1] "2022-02-08 11:49:43 --- add key Start ---"
[1] "nrow(OutputDataSet) add KeyColmn=512845"
[1] "str(OutputDataSet) after add Key"
'data.frame':	512845 obs. of  2 variables:
 $ RaceHorse.RaceId  : Factor w/ 585 levels "20160618-05-03-05-05",..: 2 2 2 2 2 2 2 2 2 2 ...
 $ RaceHorse.KettoNum: Factor w/ 8339 levels "2014100929","2015100224",..: 2 2 2 2 2 2 2 2 2 2 ...
NULL
[1] "2022-02-08 11:49:43 --- add key Finish ---"
[1] "2022-02-08 11:49:43 --- add PredictValue Start ---"
[1] "str(PredictDataSet) before rename="
[1] "colnames(PredictDataSet)=RaceHorse.IsHitA_Pred"
[1] "str(PredictDataSet) after rename="
'data.frame':	512845 obs. of  1 variable:
 $ PredictValue: num  0.0763 0.0775 0.0763 0.0763 0.0763 ...
NULL
[1] "str(OutputDataSet) before cbind="
'data.frame':	512845 obs. of  2 variables:
 $ RaceHorse.RaceId  : Factor w/ 585 levels "20160618-05-03-05-05",..: 2 2 2 2 2 2 2 2 2 2 ...
 $ RaceHorse.KettoNum: Factor w/ 8339 levels "2014100929","2015100224",..: 2 2 2 2 2 2 2 2 2 2 ...
NULL
[1] "str(OutputDataSet) after cbind="
'data.frame':	512845 obs. of  3 variables:
 $ RaceHorse.RaceId  : Factor w/ 585 levels "20160618-05-03-05-05",..: 2 2 2 2 2 2 2 2 2 2 ...
 $ RaceHorse.KettoNum: Factor w/ 8339 levels "2014100929","2015100224",..: 2 2 2 2 2 2 2 2 2 2 ...
 $ PredictValue      : num  0.0763 0.0775 0.0763 0.0763 0.0763 ...
NULL
[1] "2022-02-08 11:49:43 --- add PredictValue Finish ---"
[1] "2022-02-08 11:49:43 --- final Start ---"
[1] "nrow(OutputDataSet) final=512845"
[1] "head(OutputDataSet)="
      RaceHorse.RaceId RaceHorse.KettoNum PredictValue
1 20170617-05-03-05-05         2015100224   0.07633920
2 20170617-05-03-05-05         2015100224   0.07745789
3 20170617-05-03-05-05         2015100224   0.07633920
4 20170617-05-03-05-05         2015100224   0.07633920
5 20170617-05-03-05-05         2015100224   0.07633920
6 20170617-05-03-05-05         2015100224   0.07745789
[1] "str(OutputDataSet)="
'data.frame':	512845 obs. of  3 variables:
 $ RaceHorse.RaceId  : Factor w/ 585 levels "20160618-05-03-05-05",..: 2 2 2 2 2 2 2 2 2 2 ...
 $ RaceHorse.KettoNum: Factor w/ 8339 levels "2014100929","2015100224",..: 2 2 2 2 2 2 2 2 2 2 ...
 $ PredictValue      : num  0.0763 0.0775 0.0763 0.0763 0.0763 ...
NULL
[1] "2022-02-08 11:49:43 --- final Finish ---"
[1] "2022-02-08 11:49:43 --- predict.R Finished ---"
[1] "2022-02-08 11:49:43 --- log Finish ---"
