[1] "2022-02-08 14:15:43 --- D1114_Predict_glm_Odds_IsHitA_Type11 Start ---"
[1] "2022-02-08 14:15:43 --- Log Start ---"
[1] "2022-02-08 14:15:43 --- predict.R Start ---"
[1] "analyzeVersion=D1114"
[1] "analyzeCategory=Predict"
[1] "analyzeType=Odds"
[1] "analyzeFamily=IsHitA"
[1] "analyzeFunc=glm"
[1] "analyzeTrackTypeCd=1"
[1] "analyzeJyokenCd=1"
[1] "2022-02-08 14:15:43 --- source_function.R Start ---"
[1] "2022-02-08 14:15:43 --- source_function.R Finished ---"

> print(paste0(Sys.time(), " --- source_library.R Start ---"))
[1] "2022-02-08 14:15:43 --- source_library.R Start ---"

> require("RevoScaleR")

> print(paste0(Sys.time(), " --- source_library.R Finished ---"))
[1] "2022-02-08 14:15:43 --- source_library.R Finished ---"
[1] "2022-02-08 14:15:43 --- Load Start ---"
[1] "loadFilename=RData_Analyze_glm_Odds_Type11.RData"
[1] "2022-02-08 14:15:43 --- Load Finished ---"
[1] "2022-02-08 14:15:43 --- RxSqlServerData Start ---"
[1] "sqlQuery=SELECT * FROM ViewAnalyzeD1114analyze01OddsType11 WHERE [Race.IsPredictedRace] = 1"
Rows Read: 15841, Total Rows Processed: 15841, Total Chunk Time: 0.316 seconds 
[1] "head(InputDataSet)="
           Race.RaceId Race.IsPredictedRace Race.IsAnalyzeNormalPastAndFuture
1 20170304-06-02-03-11                 TRUE                              TRUE
2 20170521-04-01-08-11                 TRUE                              TRUE
3 20170730-04-02-02-11                 TRUE                              TRUE
4 20170806-01-01-04-11                 TRUE                              TRUE
5 20171001-09-04-09-11                 TRUE                              TRUE
6 20171112-05-05-04-11                 TRUE                              TRUE
  Race.IsAnalyzeNormalPast Race.IsAnalyzeNormalFuture
1                     TRUE                      FALSE
2                     TRUE                      FALSE
3                     TRUE                      FALSE
4                     TRUE                      FALSE
5                     TRUE                      FALSE
6                     TRUE                      FALSE
  Race.IsAnalyzeFullPastAndFuture Race.IsAnalyzeFullPast
1                            TRUE                   TRUE
2                            TRUE                   TRUE
3                            TRUE                   TRUE
4                            TRUE                   TRUE
5                            TRUE                   TRUE
6                            TRUE                   TRUE
  Race.IsAnalyzeFullFuture Race.JyokenCd Race.JyoType1Cd   Race.RaceType0Cd
1                    FALSE             1     1-06-1200-1 1-06-1200-1-1-C-14
2                    FALSE             1     1-04-1000-1 1-04-1000-1-1-E-14
3                    FALSE             1     1-04-1000-1 1-04-1000-1-1-C-13
4                    FALSE             1     1-01-1200-1 1-01-1200-1-1-E-13
5                    FALSE             1     1-09-1600-1 1-09-1600-1-1-E-13
6                    FALSE             1     1-05-1400-1 1-05-1400-1-1-E-13
  Race.RaceType1Cd Race.RaceType2Cd Race.RaceType3Cd Race.RaceType4Cd
1            1-1-C            1-1-C           1-C-14           1-1-14
2            1-1-E            1-1-E           1-E-14           1-1-14
3            1-1-C            1-1-C           1-C-13           1-1-13
4            1-1-E            1-1-E           1-E-13           1-1-13
5            1-1-E            1-1-E           1-E-13           1-1-13
6            1-1-E            1-1-E           1-E-13           1-1-13
      RaceHorse.RaceId RaceHorse.KettoNum RaceHorse.IsHit1 RaceHorse.IsHit2
1 20170304-06-02-03-11         2012104438                0                0
2 20170521-04-01-08-11         2011104366                0                0
3 20170730-04-02-02-11         2012103486                0                0
4 20170806-01-01-04-11         2012104602                0                0
5 20171001-09-04-09-11         2011101188                0                0
6 20171112-05-05-04-11         2011104097                0                0
  RaceHorse.IsHit3 RaceHorse.IsHit4 RaceHorse.IsHit5 RaceHorse.IsHit6
1                0                0                1                0
2                0                0                1                0
3                0                1                0                0
4                0                0                1                0
5                0                1                0                0
6                0                0                1                0
  RaceHorse.IsValidRaceHorse RaceHorse.IsHitA RaceHorse.IsHitB RaceHorse.IsHitC
1                       TRUE                0                0                0
2                       TRUE                0                0                0
3                       TRUE                0                0                0
4                       TRUE                0                0                0
5                       TRUE                0                0                0
6                       TRUE                0                0                0
      OddsByWin.RaceId OddsByWin.SyussoTosu OddsByWin.Odds1 OddsByWin.Ninki
1 20170304-06-02-03-11                   16            14.5               5
2 20170521-04-01-08-11                   16            16.6               8
3 20170730-04-02-02-11                   16             3.4               2
4 20170806-01-01-04-11                   11             8.4               6
5 20171001-09-04-09-11                   13            78.7              13
6 20171112-05-05-04-11                   16            21.0              10
  OddsByWin.OddsLog1 OddsByWin.OddsRatio1 OddsByWin.OddsLogit1
1           2.740840           0.07407407            -2.674149
2           2.867899           0.06410256            -2.809403
3           1.481605           0.41666667            -1.223775
4           2.240710           0.13513514            -2.128232
5           4.378270           0.01287001            -4.365643
6           3.091042           0.05000000            -3.044522
  OddsByWin.ApprovalRate1 OddsByWin.ApprovalRateLog1 EOF
1              0.06896552                 0.06669137   1
2              0.06024096                 0.05849621   1
3              0.29411765                 0.25782911   1
4              0.11904762                 0.11247798   1
5              0.01270648                 0.01262643   1
6              0.04761905                 0.04652002   1
[1] "object.size(InputDataSet) auto=3.3 Mb"
[1] "nrow(InputDataSet) RxSqlServerData=15841"
[1] "str(InputDataSet)="
'data.frame':	15841 obs. of  37 variables:
 $ Race.RaceId                      : Factor w/ 1140 levels "20170304-06-02-03-11",..: 1 2 3 4 5 6 7 8 9 10 ...
 $ Race.IsPredictedRace             : logi  TRUE TRUE TRUE TRUE TRUE TRUE ...
 $ Race.IsAnalyzeNormalPastAndFuture: logi  TRUE TRUE TRUE TRUE TRUE TRUE ...
 $ Race.IsAnalyzeNormalPast         : logi  TRUE TRUE TRUE TRUE TRUE TRUE ...
 $ Race.IsAnalyzeNormalFuture       : logi  FALSE FALSE FALSE FALSE FALSE FALSE ...
 $ Race.IsAnalyzeFullPastAndFuture  : logi  TRUE TRUE TRUE TRUE TRUE TRUE ...
 $ Race.IsAnalyzeFullPast           : logi  TRUE TRUE TRUE TRUE TRUE TRUE ...
 $ Race.IsAnalyzeFullFuture         : logi  FALSE FALSE FALSE FALSE FALSE FALSE ...
 $ Race.JyokenCd                    : Factor w/ 1 level "1": 1 1 1 1 1 1 1 1 1 1 ...
 $ Race.JyoType1Cd                  : Factor w/ 156 levels "1-06-1200-1",..: 1 2 2 3 4 5 1 6 7 4 ...
 $ Race.RaceType0Cd                 : Factor w/ 426 levels "1-06-1200-1-1-C-14",..: 1 2 3 4 5 6 7 8 9 10 ...
 $ Race.RaceType1Cd                 : Factor w/ 6 levels "1-1-C","1-1-E",..: 1 2 1 2 2 2 2 1 3 3 ...
 $ Race.RaceType2Cd                 : Factor w/ 6 levels "1-1-C","1-1-E",..: 1 2 1 2 2 2 2 1 3 3 ...
 $ Race.RaceType3Cd                 : Factor w/ 22 levels "1-C-14","1-E-14",..: 1 2 3 4 4 4 2 3 5 6 ...
 $ Race.RaceType4Cd                 : Factor w/ 4 levels "1-1-14","1-1-13",..: 1 1 2 2 2 2 1 2 1 2 ...
 $ RaceHorse.RaceId                 : Factor w/ 1140 levels "20170304-06-02-03-11",..: 1 2 3 4 5 6 7 8 9 10 ...
 $ RaceHorse.KettoNum               : Factor w/ 3713 levels "2012104438","2011104366",..: 1 2 3 4 5 6 4 4 7 7 ...
 $ RaceHorse.IsHit1                 : int  0 0 0 0 0 0 0 0 0 0 ...
 $ RaceHorse.IsHit2                 : int  0 0 0 0 0 0 0 0 0 0 ...
 $ RaceHorse.IsHit3                 : int  0 0 0 0 0 0 0 0 0 0 ...
 $ RaceHorse.IsHit4                 : int  0 0 1 0 1 0 1 1 0 1 ...
 $ RaceHorse.IsHit5                 : int  1 1 0 1 0 1 0 0 1 0 ...
 $ RaceHorse.IsHit6                 : int  0 0 0 0 0 0 0 0 0 0 ...
 $ RaceHorse.IsValidRaceHorse       : logi  TRUE TRUE TRUE TRUE TRUE TRUE ...
 $ RaceHorse.IsHitA                 : int  0 0 0 0 0 0 0 0 0 0 ...
 $ RaceHorse.IsHitB                 : int  0 0 0 0 0 0 0 0 0 0 ...
 $ RaceHorse.IsHitC                 : int  0 0 0 0 0 0 0 0 0 0 ...
 $ OddsByWin.RaceId                 : Factor w/ 1140 levels "20170304-06-02-03-11",..: 1 2 3 4 5 6 7 8 9 10 ...
 $ OddsByWin.SyussoTosu             : num  16 16 16 11 13 16 9 16 13 18 ...
 $ OddsByWin.Odds1                  : num  14.5 16.6 3.4 8.4 78.7 21 7.1 40.2 39.2 67.1 ...
 $ OddsByWin.Ninki                  : num  5 8 2 6 13 10 3 13 12 13 ...
 $ OddsByWin.OddsLog1               : num  2.74 2.87 1.48 2.24 4.38 ...
 $ OddsByWin.OddsRatio1             : num  0.0741 0.0641 0.4167 0.1351 0.0129 ...
 $ OddsByWin.OddsLogit1             : num  -2.67 -2.81 -1.22 -2.13 -4.37 ...
 $ OddsByWin.ApprovalRate1          : num  0.069 0.0602 0.2941 0.119 0.0127 ...
 $ OddsByWin.ApprovalRateLog1       : num  0.0667 0.0585 0.2578 0.1125 0.0126 ...
 $ EOF                              : int  1 1 1 1 1 1 1 1 1 1 ...
[1] "2022-02-08 14:15:44 --- RxSqlServerData Finish ---"
[1] "2022-02-08 14:15:44 --- subset Start ---"
[1] "nrow(InputDataSet) subset before=15841"
[1] "nrow(InputDataSet) subset after=15841"
[1] "nrow(InputDataSet) subset diff=0"
[1] "class(InputDataSet$Race.IsAnalyzeNormalPast)=logical"
[1] "class(InputDataSet$Race.analyzeTrackTypeCd)=NULL"
[1] "2022-02-08 14:15:44 --- subset Finish ---"
[1] "2022-02-08 14:15:44 --- transform Start ---"
[1] "nrow(InputDataSet) transaform before=15841"
[1] "nrow(InputDataSet) transaform after=15841"
[1] "nrow(InputDataSet) transaform diff=0"
[1] "str(InputDataSet)="
'data.frame':	15841 obs. of  37 variables:
 $ Race.RaceId                      : Factor w/ 1140 levels "20170304-06-02-03-11",..: 1 2 3 4 5 6 7 8 9 10 ...
 $ Race.IsPredictedRace             : logi  TRUE TRUE TRUE TRUE TRUE TRUE ...
 $ Race.IsAnalyzeNormalPastAndFuture: logi  TRUE TRUE TRUE TRUE TRUE TRUE ...
 $ Race.IsAnalyzeNormalPast         : logi  TRUE TRUE TRUE TRUE TRUE TRUE ...
 $ Race.IsAnalyzeNormalFuture       : logi  FALSE FALSE FALSE FALSE FALSE FALSE ...
 $ Race.IsAnalyzeFullPastAndFuture  : logi  TRUE TRUE TRUE TRUE TRUE TRUE ...
 $ Race.IsAnalyzeFullPast           : logi  TRUE TRUE TRUE TRUE TRUE TRUE ...
 $ Race.IsAnalyzeFullFuture         : logi  FALSE FALSE FALSE FALSE FALSE FALSE ...
 $ Race.JyokenCd                    : Factor w/ 1 level "1": 1 1 1 1 1 1 1 1 1 1 ...
 $ Race.JyoType1Cd                  : Factor w/ 156 levels "1-06-1200-1",..: 1 2 2 3 4 5 1 6 7 4 ...
 $ Race.RaceType0Cd                 : Factor w/ 426 levels "1-06-1200-1-1-C-14",..: 1 2 3 4 5 6 7 8 9 10 ...
 $ Race.RaceType1Cd                 : Factor w/ 6 levels "1-1-C","1-1-E",..: 1 2 1 2 2 2 2 1 3 3 ...
 $ Race.RaceType2Cd                 : Factor w/ 6 levels "1-1-C","1-1-E",..: 1 2 1 2 2 2 2 1 3 3 ...
 $ Race.RaceType3Cd                 : Factor w/ 22 levels "1-C-14","1-E-14",..: 1 2 3 4 4 4 2 3 5 6 ...
 $ Race.RaceType4Cd                 : Factor w/ 4 levels "1-1-14","1-1-13",..: 1 1 2 2 2 2 1 2 1 2 ...
 $ RaceHorse.RaceId                 : Factor w/ 1140 levels "20170304-06-02-03-11",..: 1 2 3 4 5 6 7 8 9 10 ...
 $ RaceHorse.KettoNum               : Factor w/ 3713 levels "2012104438","2011104366",..: 1 2 3 4 5 6 4 4 7 7 ...
 $ RaceHorse.IsHit1                 : int  0 0 0 0 0 0 0 0 0 0 ...
 $ RaceHorse.IsHit2                 : int  0 0 0 0 0 0 0 0 0 0 ...
 $ RaceHorse.IsHit3                 : int  0 0 0 0 0 0 0 0 0 0 ...
 $ RaceHorse.IsHit4                 : int  0 0 1 0 1 0 1 1 0 1 ...
 $ RaceHorse.IsHit5                 : int  1 1 0 1 0 1 0 0 1 0 ...
 $ RaceHorse.IsHit6                 : int  0 0 0 0 0 0 0 0 0 0 ...
 $ RaceHorse.IsValidRaceHorse       : logi  TRUE TRUE TRUE TRUE TRUE TRUE ...
 $ RaceHorse.IsHitA                 : int  0 0 0 0 0 0 0 0 0 0 ...
 $ RaceHorse.IsHitB                 : int  0 0 0 0 0 0 0 0 0 0 ...
 $ RaceHorse.IsHitC                 : int  0 0 0 0 0 0 0 0 0 0 ...
 $ OddsByWin.RaceId                 : Factor w/ 1140 levels "20170304-06-02-03-11",..: 1 2 3 4 5 6 7 8 9 10 ...
 $ OddsByWin.SyussoTosu             : num  16 16 16 11 13 16 9 16 13 18 ...
 $ OddsByWin.Odds1                  : num  14.5 16.6 3.4 8.4 78.7 21 7.1 40.2 39.2 67.1 ...
 $ OddsByWin.Ninki                  : num  5 8 2 6 13 10 3 13 12 13 ...
 $ OddsByWin.OddsLog1               : num  2.74 2.87 1.48 2.24 4.38 ...
 $ OddsByWin.OddsRatio1             : num  0.0741 0.0641 0.4167 0.1351 0.0129 ...
 $ OddsByWin.OddsLogit1             : num  -2.67 -2.81 -1.22 -2.13 -4.37 ...
 $ OddsByWin.ApprovalRate1          : num  0.069 0.0602 0.2941 0.119 0.0127 ...
 $ OddsByWin.ApprovalRateLog1       : num  0.0667 0.0585 0.2578 0.1125 0.0126 ...
 $ EOF                              : int  1 1 1 1 1 1 1 1 1 1 ...
NULL
[1] "2022-02-08 14:15:44 --- transform Finish ---"
[1] "2022-02-08 14:15:44 --- na.omit Start ---"
[1] "nrow(InputDataSet) na.omit before=15841"
[1] "nrow(InputDataSet) na.omit after=15788"
[1] "nrow(InputDataSet) na.omit diff=53"
[1] "2022-02-08 14:15:44 --- na.omit Finish---"
[1] "2022-02-08 14:15:44 --- New Levels Start ---"
[1] "levels(data$Race.RaceType1Cd)=1-1-C" "levels(data$Race.RaceType1Cd)=1-1-E"
[3] "levels(data$Race.RaceType1Cd)=1-1-L" "levels(data$Race.RaceType1Cd)=1-1-A"
[5] "levels(data$Race.RaceType1Cd)=1-1-B" "levels(data$Race.RaceType1Cd)=1-1-D"
[1] "levels(InputDataSet$Race.RaceType1Cd)=1-1-C"
[2] "levels(InputDataSet$Race.RaceType1Cd)=1-1-E"
[3] "levels(InputDataSet$Race.RaceType1Cd)=1-1-L"
[4] "levels(InputDataSet$Race.RaceType1Cd)=1-1-B"
[5] "levels(InputDataSet$Race.RaceType1Cd)=1-1-A"
[6] "levels(InputDataSet$Race.RaceType1Cd)=1-1-D"
[1] "length(Race.RaceType1Cd.Index)=0"
[1] "2022-02-08 14:15:44 --- New Levels Finish ---"
[1] "2022-02-08 14:15:44 --- na.omit Start ---"
[1] "nrow(InputDataSet) na.omit levels before=15788"
[1] "nrow(InputDataSet) na.omit levels after=15788"
[1] "nrow(InputDataSet) na.omit levels diff=0"
[1] "2022-02-08 14:15:44 --- na.omit Finish ---"
[1] "2022-02-08 14:15:44 --- Predict InputDataSet Start ---"
[1] "nrow(InputDataSet) predict=15788"
[1] "str(InputDataSet)="
'data.frame':	15788 obs. of  37 variables:
 $ Race.RaceId                      : Factor w/ 1140 levels "20170304-06-02-03-11",..: 1 2 3 4 5 6 7 8 9 10 ...
 $ Race.IsPredictedRace             : logi  TRUE TRUE TRUE TRUE TRUE TRUE ...
 $ Race.IsAnalyzeNormalPastAndFuture: logi  TRUE TRUE TRUE TRUE TRUE TRUE ...
 $ Race.IsAnalyzeNormalPast         : logi  TRUE TRUE TRUE TRUE TRUE TRUE ...
 $ Race.IsAnalyzeNormalFuture       : logi  FALSE FALSE FALSE FALSE FALSE FALSE ...
 $ Race.IsAnalyzeFullPastAndFuture  : logi  TRUE TRUE TRUE TRUE TRUE TRUE ...
 $ Race.IsAnalyzeFullPast           : logi  TRUE TRUE TRUE TRUE TRUE TRUE ...
 $ Race.IsAnalyzeFullFuture         : logi  FALSE FALSE FALSE FALSE FALSE FALSE ...
 $ Race.JyokenCd                    : Factor w/ 1 level "1": 1 1 1 1 1 1 1 1 1 1 ...
 $ Race.JyoType1Cd                  : Factor w/ 156 levels "1-06-1200-1",..: 1 2 2 3 4 5 1 6 7 4 ...
 $ Race.RaceType0Cd                 : Factor w/ 426 levels "1-06-1200-1-1-C-14",..: 1 2 3 4 5 6 7 8 9 10 ...
 $ Race.RaceType1Cd                 : Factor w/ 6 levels "1-1-C","1-1-E",..: 1 2 1 2 2 2 2 1 3 3 ...
 $ Race.RaceType2Cd                 : Factor w/ 6 levels "1-1-C","1-1-E",..: 1 2 1 2 2 2 2 1 3 3 ...
 $ Race.RaceType3Cd                 : Factor w/ 22 levels "1-C-14","1-E-14",..: 1 2 3 4 4 4 2 3 5 6 ...
 $ Race.RaceType4Cd                 : Factor w/ 4 levels "1-1-14","1-1-13",..: 1 1 2 2 2 2 1 2 1 2 ...
 $ RaceHorse.RaceId                 : Factor w/ 1140 levels "20170304-06-02-03-11",..: 1 2 3 4 5 6 7 8 9 10 ...
 $ RaceHorse.KettoNum               : Factor w/ 3713 levels "2012104438","2011104366",..: 1 2 3 4 5 6 4 4 7 7 ...
 $ RaceHorse.IsHit1                 : int  0 0 0 0 0 0 0 0 0 0 ...
 $ RaceHorse.IsHit2                 : int  0 0 0 0 0 0 0 0 0 0 ...
 $ RaceHorse.IsHit3                 : int  0 0 0 0 0 0 0 0 0 0 ...
 $ RaceHorse.IsHit4                 : int  0 0 1 0 1 0 1 1 0 1 ...
 $ RaceHorse.IsHit5                 : int  1 1 0 1 0 1 0 0 1 0 ...
 $ RaceHorse.IsHit6                 : int  0 0 0 0 0 0 0 0 0 0 ...
 $ RaceHorse.IsValidRaceHorse       : logi  TRUE TRUE TRUE TRUE TRUE TRUE ...
 $ RaceHorse.IsHitA                 : int  0 0 0 0 0 0 0 0 0 0 ...
 $ RaceHorse.IsHitB                 : int  0 0 0 0 0 0 0 0 0 0 ...
 $ RaceHorse.IsHitC                 : int  0 0 0 0 0 0 0 0 0 0 ...
 $ OddsByWin.RaceId                 : Factor w/ 1140 levels "20170304-06-02-03-11",..: 1 2 3 4 5 6 7 8 9 10 ...
 $ OddsByWin.SyussoTosu             : num  16 16 16 11 13 16 9 16 13 18 ...
 $ OddsByWin.Odds1                  : num  14.5 16.6 3.4 8.4 78.7 21 7.1 40.2 39.2 67.1 ...
 $ OddsByWin.Ninki                  : num  5 8 2 6 13 10 3 13 12 13 ...
 $ OddsByWin.OddsLog1               : num  2.74 2.87 1.48 2.24 4.38 ...
 $ OddsByWin.OddsRatio1             : num  0.0741 0.0641 0.4167 0.1351 0.0129 ...
 $ OddsByWin.OddsLogit1             : num  -2.67 -2.81 -1.22 -2.13 -4.37 ...
 $ OddsByWin.ApprovalRate1          : num  0.069 0.0602 0.2941 0.119 0.0127 ...
 $ OddsByWin.ApprovalRateLog1       : num  0.0667 0.0585 0.2578 0.1125 0.0126 ...
 $ EOF                              : int  1 1 1 1 1 1 1 1 1 1 ...
 - attr(*, "na.action")= 'omit' Named int  1808 2171 2209 2210 3082 3084 3110 3114 3116 3118 ...
  ..- attr(*, "names")= chr  "1808" "2171" "2209" "2210" ...
[1] "2022-02-08 14:15:44 --- Predict InputDataSet Finish ---"
[1] "2022-02-08 14:15:44 --- rxPredict (glm) Start ---"
[1] "analyzeFunc=glm"
Rows Read: 15788, Total Rows Processed: 15788, Total Chunk Time: Less than .001 seconds 
[1] "nrow(PredictDataSet) afte predict=15788"
[1] "str(PredictDataSet)"
'data.frame':	15788 obs. of  1 variable:
 $ RaceHorse.IsHitA_Pred: num  0.0529 0.0451 0.2527 0.0991 0.0068 ...
NULL
[1] "head(PredictDataSet) afte predict="
  RaceHorse.IsHitA_Pred
1           0.052908226
2           0.045099988
3           0.252650684
4           0.099105430
5           0.006797043
6           0.034073330
[1] "2022-02-08 14:15:44 --- rxPredict (glm) Finish ---"
[1] "2022-02-08 14:15:44 --- add key Start ---"
[1] "nrow(OutputDataSet) add KeyColmn=15788"
[1] "str(OutputDataSet) after add Key"
'data.frame':	15788 obs. of  2 variables:
 $ RaceHorse.RaceId  : Factor w/ 1140 levels "20170304-06-02-03-11",..: 1 2 3 4 5 6 7 8 9 10 ...
 $ RaceHorse.KettoNum: Factor w/ 3713 levels "2012104438","2011104366",..: 1 2 3 4 5 6 4 4 7 7 ...
NULL
[1] "2022-02-08 14:15:44 --- add key Finish ---"
[1] "2022-02-08 14:15:44 --- add PredictValue Start ---"
[1] "str(PredictDataSet) before rename="
[1] "colnames(PredictDataSet)=RaceHorse.IsHitA_Pred"
[1] "str(PredictDataSet) after rename="
'data.frame':	15788 obs. of  1 variable:
 $ PredictValue: num  0.0529 0.0451 0.2527 0.0991 0.0068 ...
NULL
[1] "str(OutputDataSet) before cbind="
'data.frame':	15788 obs. of  2 variables:
 $ RaceHorse.RaceId  : Factor w/ 1140 levels "20170304-06-02-03-11",..: 1 2 3 4 5 6 7 8 9 10 ...
 $ RaceHorse.KettoNum: Factor w/ 3713 levels "2012104438","2011104366",..: 1 2 3 4 5 6 4 4 7 7 ...
NULL
[1] "str(OutputDataSet) after cbind="
'data.frame':	15788 obs. of  3 variables:
 $ RaceHorse.RaceId  : Factor w/ 1140 levels "20170304-06-02-03-11",..: 1 2 3 4 5 6 7 8 9 10 ...
 $ RaceHorse.KettoNum: Factor w/ 3713 levels "2012104438","2011104366",..: 1 2 3 4 5 6 4 4 7 7 ...
 $ PredictValue      : num  0.0529 0.0451 0.2527 0.0991 0.0068 ...
NULL
[1] "2022-02-08 14:15:44 --- add PredictValue Finish ---"
[1] "2022-02-08 14:15:44 --- final Start ---"
[1] "nrow(OutputDataSet) final=15788"
[1] "head(OutputDataSet)="
      RaceHorse.RaceId RaceHorse.KettoNum PredictValue
1 20170304-06-02-03-11         2012104438  0.052908226
2 20170521-04-01-08-11         2011104366  0.045099988
3 20170730-04-02-02-11         2012103486  0.252650684
4 20170806-01-01-04-11         2012104602  0.099105430
5 20171001-09-04-09-11         2011101188  0.006797043
6 20171112-05-05-04-11         2011104097  0.034073330
[1] "str(OutputDataSet)="
'data.frame':	15788 obs. of  3 variables:
 $ RaceHorse.RaceId  : Factor w/ 1140 levels "20170304-06-02-03-11",..: 1 2 3 4 5 6 7 8 9 10 ...
 $ RaceHorse.KettoNum: Factor w/ 3713 levels "2012104438","2011104366",..: 1 2 3 4 5 6 4 4 7 7 ...
 $ PredictValue      : num  0.0529 0.0451 0.2527 0.0991 0.0068 ...
NULL
[1] "2022-02-08 14:15:44 --- final Finish ---"
[1] "2022-02-08 14:15:44 --- predict.R Finished ---"
[1] "2022-02-08 14:15:44 --- log Finish ---"
