[1] "2022-02-08 16:56:56 --- D1114_analyze_glm_Horse_IsHitA_Type23 Start ---"
[1] "2022-02-08 16:56:56 --- Log Start ---"
[1] "2022-02-08 16:56:56 --- analyze_glm.R Start ---"
[1] "analyzeVersion=D1114"
[1] "analyzeCategory=analyze"
[1] "analyzeType=Horse"
[1] "analyzeFamily=IsHitA"
[1] "analyzeFunc=glm"
[1] "analyzeTrackTypeCd=2"
[1] "analyzeJyokenCd=3"
[1] "2022-02-08 16:56:56 --- source_function.R Start ---"
[1] "2022-02-08 16:56:56 --- source_function.R Finished ---"

> print(paste0(Sys.time(), " --- source_library.R Start ---"))
[1] "2022-02-08 16:56:56 --- source_library.R Start ---"

> require("RevoScaleR")

> print(paste0(Sys.time(), " --- source_library.R Finished ---"))
[1] "2022-02-08 16:56:57 --- source_library.R Finished ---"
[1] "2022-02-08 16:56:57 --- RxSqlServerData Start ---"
[1] "sqlQuery=SELECT * FROM ViewAnalyzeD1114analyze01HorseType23"
Rows Read: 47475, Total Rows Processed: 47475, Total Chunk Time: 2.688 seconds 
[1] "head(data)="
           Race.RaceId Race.IsPredictedRace Race.IsAnalyzeNormalPastAndFuture
1 20160207-08-02-04-08                 TRUE                              TRUE
2 20160207-08-02-04-08                 TRUE                              TRUE
3 20160207-08-02-04-08                 TRUE                              TRUE
4 20160207-08-02-04-08                 TRUE                              TRUE
5 20160207-08-02-04-08                 TRUE                              TRUE
6 20160207-08-02-04-08                 TRUE                              TRUE
  Race.IsAnalyzeNormalPast Race.IsAnalyzeNormalFuture
1                     TRUE                      FALSE
2                     TRUE                      FALSE
3                     TRUE                      FALSE
4                     TRUE                      FALSE
5                     TRUE                      FALSE
6                     TRUE                      FALSE
  Race.IsAnalyzeFullPastAndFuture Race.IsAnalyzeFullPast
1                            TRUE                   TRUE
2                            TRUE                   TRUE
3                            TRUE                   TRUE
4                            TRUE                   TRUE
5                            TRUE                   TRUE
6                            TRUE                   TRUE
  Race.IsAnalyzeFullFuture Race.JyokenCd Race.JyoType1Cd   Race.RaceType0Cd
1                    FALSE             3     2-08-1900-1 2-08-1900-1-3-X-14
2                    FALSE             3     2-08-1900-1 2-08-1900-1-3-X-14
3                    FALSE             3     2-08-1900-1 2-08-1900-1-3-X-14
4                    FALSE             3     2-08-1900-1 2-08-1900-1-3-X-14
5                    FALSE             3     2-08-1900-1 2-08-1900-1-3-X-14
6                    FALSE             3     2-08-1900-1 2-08-1900-1-3-X-14
  Race.RaceType1Cd Race.RaceType2Cd Race.RaceType3Cd Race.RaceType4Cd
1            2-3-X            2-3-X           3-X-14           2-3-14
2            2-3-X            2-3-X           3-X-14           2-3-14
3            2-3-X            2-3-X           3-X-14           2-3-14
4            2-3-X            2-3-X           3-X-14           2-3-14
5            2-3-X            2-3-X           3-X-14           2-3-14
6            2-3-X            2-3-X           3-X-14           2-3-14
      RaceHorse.RaceId RaceHorse.KettoNum RaceHorse.IsHit1 RaceHorse.IsHit2
1 20160207-08-02-04-08         2009103381                0                0
2 20160207-08-02-04-08         2009103381                0                0
3 20160207-08-02-04-08         2010100666                0                0
4 20160207-08-02-04-08         2010100666                0                0
5 20160207-08-02-04-08         2010100666                0                0
6 20160207-08-02-04-08         2010100666                0                0
  RaceHorse.IsHit3 RaceHorse.IsHit4 RaceHorse.IsHit5 RaceHorse.IsHit6
1                0                0                0                1
2                0                0                0                1
3                0                0                0                1
4                0                0                0                1
5                0                0                0                1
6                0                0                0                1
  RaceHorse.IsValidRaceHorse RaceHorse.IsHitA RaceHorse.IsHitB RaceHorse.IsHitC
1                       TRUE                0                0                0
2                       TRUE                0                0                0
3                       TRUE                0                0                0
4                       TRUE                0                0                0
5                       TRUE                0                0                0
6                       TRUE                0                0                0
          Horse.RaceId Horse.KettoNum Horse.Num Horse.PrevKettoNum
1 20160207-08-02-04-08     2009103381         2         2009103381
2 20160207-08-02-04-08     2009103381         1         2009103381
3 20160207-08-02-04-08     2010100666         4         2010100666
4 20160207-08-02-04-08     2010100666         3         2010100666
5 20160207-08-02-04-08     2010100666         2         2010100666
6 20160207-08-02-04-08     2010100666         1         2010100666
      Horse.PrevRaceId Horse.SyussoTosu Horse.TimeDvByRace Horse.RunCount
1 20141227-09-05-07-08               14                 50              1
2 20150201-05-01-02-12               14                 43              1
3 20150502-08-03-03-12               14                 56              1
4 20150516-08-03-07-12               10                 48              1
5 20151004-09-04-09-12               16                 49              1
6 20151220-09-05-06-08               16                 30              1
  Horse.HitCount1 Horse.HitCount2 Horse.HitCount3 Horse.HitCount4
1               0               0               0               0
2               0               0               0               0
3               0               0               0               0
4               0               0               0               0
5               0               0               0               0
6               0               0               0               0
  Horse.HitCount5 EOF
1               0   1
2               0   1
3               1   1
4               0   1
5               0   1
6               0   1
[1] "object.size(data) auto=9.1 Mb"
[1] "nrow(data) RxSqlServerData=47475"
[1] "str(data)="
'data.frame':	47475 obs. of  41 variables:
 $ Race.RaceId                      : Factor w/ 1279 levels "20160207-08-02-04-08",..: 1 1 1 1 1 1 1 1 1 1 ...
 $ Race.IsPredictedRace             : logi  TRUE TRUE TRUE TRUE TRUE TRUE ...
 $ Race.IsAnalyzeNormalPastAndFuture: logi  TRUE TRUE TRUE TRUE TRUE TRUE ...
 $ Race.IsAnalyzeNormalPast         : logi  TRUE TRUE TRUE TRUE TRUE TRUE ...
 $ Race.IsAnalyzeNormalFuture       : logi  FALSE FALSE FALSE FALSE FALSE FALSE ...
 $ Race.IsAnalyzeFullPastAndFuture  : logi  TRUE TRUE TRUE TRUE TRUE TRUE ...
 $ Race.IsAnalyzeFullPast           : logi  TRUE TRUE TRUE TRUE TRUE TRUE ...
 $ Race.IsAnalyzeFullFuture         : logi  FALSE FALSE FALSE FALSE FALSE FALSE ...
 $ Race.JyokenCd                    : Factor w/ 1 level "3": 1 1 1 1 1 1 1 1 1 1 ...
 $ Race.JyoType1Cd                  : Factor w/ 112 levels "2-08-1900-1",..: 1 1 1 1 1 1 1 1 1 1 ...
 $ Race.RaceType0Cd                 : Factor w/ 280 levels "2-08-1900-1-3-X-14",..: 1 1 1 1 1 1 1 1 1 1 ...
 $ Race.RaceType1Cd                 : Factor w/ 2 levels "2-3-X","2-3-E": 1 1 1 1 1 1 1 1 1 1 ...
 $ Race.RaceType2Cd                 : Factor w/ 2 levels "2-3-X","2-3-E": 1 1 1 1 1 1 1 1 1 1 ...
 $ Race.RaceType3Cd                 : Factor w/ 4 levels "3-X-14","3-X-13",..: 1 1 1 1 1 1 1 1 1 1 ...
 $ Race.RaceType4Cd                 : Factor w/ 2 levels "2-3-14","2-3-13": 1 1 1 1 1 1 1 1 1 1 ...
 $ RaceHorse.RaceId                 : Factor w/ 1279 levels "20160207-08-02-04-08",..: 1 1 1 1 1 1 1 1 1 1 ...
 $ RaceHorse.KettoNum               : Factor w/ 2854 levels "2009103381","2010100666",..: 1 1 2 2 2 2 2 2 2 2 ...
 $ RaceHorse.IsHit1                 : int  0 0 0 0 0 0 0 0 0 0 ...
 $ RaceHorse.IsHit2                 : int  0 0 0 0 0 0 0 0 0 0 ...
 $ RaceHorse.IsHit3                 : int  0 0 0 0 0 0 0 0 0 0 ...
 $ RaceHorse.IsHit4                 : int  0 0 0 0 0 0 0 0 0 0 ...
 $ RaceHorse.IsHit5                 : int  0 0 0 0 0 0 0 0 0 0 ...
 $ RaceHorse.IsHit6                 : int  1 1 1 1 1 1 1 1 1 1 ...
 $ RaceHorse.IsValidRaceHorse       : logi  TRUE TRUE TRUE TRUE TRUE TRUE ...
 $ RaceHorse.IsHitA                 : int  0 0 0 0 0 0 0 0 0 0 ...
 $ RaceHorse.IsHitB                 : int  0 0 0 0 0 0 0 0 0 0 ...
 $ RaceHorse.IsHitC                 : int  0 0 0 0 0 0 0 0 0 0 ...
 $ Horse.RaceId                     : Factor w/ 1279 levels "20160207-08-02-04-08",..: 1 1 1 1 1 1 1 1 1 1 ...
 $ Horse.KettoNum                   : Factor w/ 2854 levels "2009103381","2010100666",..: 1 1 2 2 2 2 2 2 2 2 ...
 $ Horse.Num                        : num  2 1 4 3 2 1 9 8 7 6 ...
 $ Horse.PrevKettoNum               : Factor w/ 2854 levels "2009103381","2010100666",..: 1 1 2 2 2 2 2 2 2 2 ...
 $ Horse.PrevRaceId                 : Factor w/ 1799 levels "20141227-09-05-07-08",..: 1 2 3 4 5 6 7 8 9 10 ...
 $ Horse.SyussoTosu                 : num  14 14 14 10 16 16 16 16 16 13 ...
 $ Horse.TimeDvByRace               : num  49.9 42.7 55.7 48.1 48.6 ...
 $ Horse.RunCount                   : int  1 1 1 1 1 1 1 1 1 1 ...
 $ Horse.HitCount1                  : int  0 0 0 0 0 0 0 1 0 0 ...
 $ Horse.HitCount2                  : int  0 0 0 0 0 0 1 0 0 0 ...
 $ Horse.HitCount3                  : int  0 0 0 0 0 0 0 0 0 0 ...
 $ Horse.HitCount4                  : int  0 0 0 0 0 0 0 0 0 0 ...
 $ Horse.HitCount5                  : int  0 0 1 0 0 0 0 0 1 1 ...
 $ EOF                              : int  1 1 1 1 1 1 1 1 1 1 ...
[1] "2022-02-08 16:57:02 --- RxSqlServerData Finish ---"
[1] "2022-02-08 16:57:02 --- subset Start ---"
[1] "nrow(data) subset before=47475"
[1] "nrow(data) subset after =37625"
[1] "nrow(data) subset diff =9850"
[1] "2022-02-08 16:57:02 --- subset Finish---"
[1] "2022-02-08 16:57:02 --- transform Start ---"
[1] "nrow(data) transform before=37625"
[1] "nrow(data) transform after=37625"
[1] "nrow(data) transform diff=0"
[1] "str(data)="
'data.frame':	37625 obs. of  41 variables:
 $ Race.RaceId                      : Factor w/ 1279 levels "20160207-08-02-04-08",..: 1 1 1 1 1 1 1 1 1 1 ...
 $ Race.IsPredictedRace             : logi  TRUE TRUE TRUE TRUE TRUE TRUE ...
 $ Race.IsAnalyzeNormalPastAndFuture: logi  TRUE TRUE TRUE TRUE TRUE TRUE ...
 $ Race.IsAnalyzeNormalPast         : logi  TRUE TRUE TRUE TRUE TRUE TRUE ...
 $ Race.IsAnalyzeNormalFuture       : logi  FALSE FALSE FALSE FALSE FALSE FALSE ...
 $ Race.IsAnalyzeFullPastAndFuture  : logi  TRUE TRUE TRUE TRUE TRUE TRUE ...
 $ Race.IsAnalyzeFullPast           : logi  TRUE TRUE TRUE TRUE TRUE TRUE ...
 $ Race.IsAnalyzeFullFuture         : logi  FALSE FALSE FALSE FALSE FALSE FALSE ...
 $ Race.JyokenCd                    : Factor w/ 1 level "3": 1 1 1 1 1 1 1 1 1 1 ...
 $ Race.JyoType1Cd                  : Factor w/ 112 levels "2-08-1900-1",..: 1 1 1 1 1 1 1 1 1 1 ...
 $ Race.RaceType0Cd                 : Factor w/ 280 levels "2-08-1900-1-3-X-14",..: 1 1 1 1 1 1 1 1 1 1 ...
 $ Race.RaceType1Cd                 : Factor w/ 2 levels "2-3-X","2-3-E": 1 1 1 1 1 1 1 1 1 1 ...
 $ Race.RaceType2Cd                 : Factor w/ 2 levels "2-3-X","2-3-E": 1 1 1 1 1 1 1 1 1 1 ...
 $ Race.RaceType3Cd                 : Factor w/ 4 levels "3-X-14","3-X-13",..: 1 1 1 1 1 1 1 1 1 1 ...
 $ Race.RaceType4Cd                 : Factor w/ 2 levels "2-3-14","2-3-13": 1 1 1 1 1 1 1 1 1 1 ...
 $ RaceHorse.RaceId                 : Factor w/ 1279 levels "20160207-08-02-04-08",..: 1 1 1 1 1 1 1 1 1 1 ...
 $ RaceHorse.KettoNum               : Factor w/ 2854 levels "2009103381","2010100666",..: 1 1 2 2 2 2 2 2 2 2 ...
 $ RaceHorse.IsHit1                 : int  0 0 0 0 0 0 0 0 0 0 ...
 $ RaceHorse.IsHit2                 : int  0 0 0 0 0 0 0 0 0 0 ...
 $ RaceHorse.IsHit3                 : int  0 0 0 0 0 0 0 0 0 0 ...
 $ RaceHorse.IsHit4                 : int  0 0 0 0 0 0 0 0 0 0 ...
 $ RaceHorse.IsHit5                 : int  0 0 0 0 0 0 0 0 0 0 ...
 $ RaceHorse.IsHit6                 : int  1 1 1 1 1 1 1 1 1 1 ...
 $ RaceHorse.IsValidRaceHorse       : logi  TRUE TRUE TRUE TRUE TRUE TRUE ...
 $ RaceHorse.IsHitA                 : int  0 0 0 0 0 0 0 0 0 0 ...
 $ RaceHorse.IsHitB                 : int  0 0 0 0 0 0 0 0 0 0 ...
 $ RaceHorse.IsHitC                 : int  0 0 0 0 0 0 0 0 0 0 ...
 $ Horse.RaceId                     : Factor w/ 1279 levels "20160207-08-02-04-08",..: 1 1 1 1 1 1 1 1 1 1 ...
 $ Horse.KettoNum                   : Factor w/ 2854 levels "2009103381","2010100666",..: 1 1 2 2 2 2 2 2 2 2 ...
 $ Horse.Num                        : num  2 1 4 3 2 1 9 8 7 6 ...
 $ Horse.PrevKettoNum               : Factor w/ 2854 levels "2009103381","2010100666",..: 1 1 2 2 2 2 2 2 2 2 ...
 $ Horse.PrevRaceId                 : Factor w/ 1799 levels "20141227-09-05-07-08",..: 1 2 3 4 5 6 7 8 9 10 ...
 $ Horse.SyussoTosu                 : num  14 14 14 10 16 16 16 16 16 13 ...
 $ Horse.TimeDvByRace               : num  49.9 42.7 55.7 48.1 48.6 ...
 $ Horse.RunCount                   : int  1 1 1 1 1 1 1 1 1 1 ...
 $ Horse.HitCount1                  : int  0 0 0 0 0 0 0 1 0 0 ...
 $ Horse.HitCount2                  : int  0 0 0 0 0 0 1 0 0 0 ...
 $ Horse.HitCount3                  : int  0 0 0 0 0 0 0 0 0 0 ...
 $ Horse.HitCount4                  : int  0 0 0 0 0 0 0 0 0 0 ...
 $ Horse.HitCount5                  : int  0 0 1 0 0 0 0 0 1 1 ...
 $ EOF                              : int  1 1 1 1 1 1 1 1 1 1 ...
NULL
[1] "2022-02-08 16:57:03 --- transform Finish ---"
[1] "2022-02-08 16:57:03 --- na.omit Start ---"
[1] "nrow(data) na.omit before=37625"
[1] "nrow(data) na.omit after =37625"
[1] "nrow(data) na.omit diff =0"
'data.frame':	37625 obs. of  41 variables:
 $ Race.RaceId                      : Factor w/ 1279 levels "20160207-08-02-04-08",..: 1 1 1 1 1 1 1 1 1 1 ...
 $ Race.IsPredictedRace             : logi  TRUE TRUE TRUE TRUE TRUE TRUE ...
 $ Race.IsAnalyzeNormalPastAndFuture: logi  TRUE TRUE TRUE TRUE TRUE TRUE ...
 $ Race.IsAnalyzeNormalPast         : logi  TRUE TRUE TRUE TRUE TRUE TRUE ...
 $ Race.IsAnalyzeNormalFuture       : logi  FALSE FALSE FALSE FALSE FALSE FALSE ...
 $ Race.IsAnalyzeFullPastAndFuture  : logi  TRUE TRUE TRUE TRUE TRUE TRUE ...
 $ Race.IsAnalyzeFullPast           : logi  TRUE TRUE TRUE TRUE TRUE TRUE ...
 $ Race.IsAnalyzeFullFuture         : logi  FALSE FALSE FALSE FALSE FALSE FALSE ...
 $ Race.JyokenCd                    : Factor w/ 1 level "3": 1 1 1 1 1 1 1 1 1 1 ...
 $ Race.JyoType1Cd                  : Factor w/ 112 levels "2-08-1900-1",..: 1 1 1 1 1 1 1 1 1 1 ...
 $ Race.RaceType0Cd                 : Factor w/ 280 levels "2-08-1900-1-3-X-14",..: 1 1 1 1 1 1 1 1 1 1 ...
 $ Race.RaceType1Cd                 : Factor w/ 2 levels "2-3-X","2-3-E": 1 1 1 1 1 1 1 1 1 1 ...
 $ Race.RaceType2Cd                 : Factor w/ 2 levels "2-3-X","2-3-E": 1 1 1 1 1 1 1 1 1 1 ...
 $ Race.RaceType3Cd                 : Factor w/ 4 levels "3-X-14","3-X-13",..: 1 1 1 1 1 1 1 1 1 1 ...
 $ Race.RaceType4Cd                 : Factor w/ 2 levels "2-3-14","2-3-13": 1 1 1 1 1 1 1 1 1 1 ...
 $ RaceHorse.RaceId                 : Factor w/ 1279 levels "20160207-08-02-04-08",..: 1 1 1 1 1 1 1 1 1 1 ...
 $ RaceHorse.KettoNum               : Factor w/ 2854 levels "2009103381","2010100666",..: 1 1 2 2 2 2 2 2 2 2 ...
 $ RaceHorse.IsHit1                 : int  0 0 0 0 0 0 0 0 0 0 ...
 $ RaceHorse.IsHit2                 : int  0 0 0 0 0 0 0 0 0 0 ...
 $ RaceHorse.IsHit3                 : int  0 0 0 0 0 0 0 0 0 0 ...
 $ RaceHorse.IsHit4                 : int  0 0 0 0 0 0 0 0 0 0 ...
 $ RaceHorse.IsHit5                 : int  0 0 0 0 0 0 0 0 0 0 ...
 $ RaceHorse.IsHit6                 : int  1 1 1 1 1 1 1 1 1 1 ...
 $ RaceHorse.IsValidRaceHorse       : logi  TRUE TRUE TRUE TRUE TRUE TRUE ...
 $ RaceHorse.IsHitA                 : int  0 0 0 0 0 0 0 0 0 0 ...
 $ RaceHorse.IsHitB                 : int  0 0 0 0 0 0 0 0 0 0 ...
 $ RaceHorse.IsHitC                 : int  0 0 0 0 0 0 0 0 0 0 ...
 $ Horse.RaceId                     : Factor w/ 1279 levels "20160207-08-02-04-08",..: 1 1 1 1 1 1 1 1 1 1 ...
 $ Horse.KettoNum                   : Factor w/ 2854 levels "2009103381","2010100666",..: 1 1 2 2 2 2 2 2 2 2 ...
 $ Horse.Num                        : num  2 1 4 3 2 1 9 8 7 6 ...
 $ Horse.PrevKettoNum               : Factor w/ 2854 levels "2009103381","2010100666",..: 1 1 2 2 2 2 2 2 2 2 ...
 $ Horse.PrevRaceId                 : Factor w/ 1799 levels "20141227-09-05-07-08",..: 1 2 3 4 5 6 7 8 9 10 ...
 $ Horse.SyussoTosu                 : num  14 14 14 10 16 16 16 16 16 13 ...
 $ Horse.TimeDvByRace               : num  49.9 42.7 55.7 48.1 48.6 ...
 $ Horse.RunCount                   : int  1 1 1 1 1 1 1 1 1 1 ...
 $ Horse.HitCount1                  : int  0 0 0 0 0 0 0 1 0 0 ...
 $ Horse.HitCount2                  : int  0 0 0 0 0 0 1 0 0 0 ...
 $ Horse.HitCount3                  : int  0 0 0 0 0 0 0 0 0 0 ...
 $ Horse.HitCount4                  : int  0 0 0 0 0 0 0 0 0 0 ...
 $ Horse.HitCount5                  : int  0 0 1 0 0 0 0 0 1 1 ...
 $ EOF                              : int  1 1 1 1 1 1 1 1 1 1 ...
[1] "2022-02-08 16:57:03 --- na.omit Finish ---"
[1] "2022-02-08 16:57:03 --- rxGlm with rxStepControl Start ---"
[1] "2022-02-08 16:57:03 --- source_logic_glm.R Start ---"
[1] "2022-02-08 16:57:03 --- source_logic_glm.R Finished ---"
Rows Read: 37625, Total Rows Processed: 37625, Total Chunk Time: 0.005 seconds 

Starting values (iteration 1) time: 0.017 secs.
Rows Read: 37625, Total Rows Processed: 37625, Total Chunk Time: 0.005 seconds 

Iteration 2 time: 0.012 secs.
Rows Read: 37625, Total Rows Processed: 37625, Total Chunk Time: 0.005 seconds 

Iteration 3 time: 0.008 secs.
Rows Read: 37625, Total Rows Processed: 37625, Total Chunk Time: 0.006 seconds 

Iteration 4 time: 0.011 secs.
Rows Read: 37625, Total Rows Processed: 37625, Total Chunk Time: 0.006 seconds 

Iteration 5 time: 0.011 secs.
Rows Read: 37625, Total Rows Processed: 37625, Total Chunk Time: 0.006 seconds 

Iteration 6 time: 0.010 secs.

Elapsed computation time: 0.092 secs.
Rows Read: 37625, Total Rows Processed: 37625, Total Chunk Time: 0.005 seconds 

Starting values (iteration 1) time: 0.018 secs.
Rows Read: 37625, Total Rows Processed: 37625, Total Chunk Time: 0.006 seconds 

Iteration 2 time: 0.013 secs.
Rows Read: 37625, Total Rows Processed: 37625, Total Chunk Time: 0.006 seconds 

Iteration 3 time: 0.010 secs.
Rows Read: 37625, Total Rows Processed: 37625, Total Chunk Time: 0.005 seconds 

Iteration 4 time: 0.008 secs.
Rows Read: 37625, Total Rows Processed: 37625, Total Chunk Time: 0.006 seconds 

Iteration 5 time: 0.010 secs.
Rows Read: 37625, Total Rows Processed: 37625, Total Chunk Time: 0.006 seconds 

Iteration 6 time: 0.011 secs.

Elapsed computation time: 0.099 secs.
Rows Read: 37625, Total Rows Processed: 37625, Total Chunk Time: 0.005 seconds 

Starting values (iteration 1) time: 0.016 secs.
Rows Read: 37625, Total Rows Processed: 37625, Total Chunk Time: 0.006 seconds 

Iteration 2 time: 0.014 secs.
Rows Read: 37625, Total Rows Processed: 37625, Total Chunk Time: 0.004 seconds 

Iteration 3 time: 0.007 secs.
Rows Read: 37625, Total Rows Processed: 37625, Total Chunk Time: 0.006 seconds 

Iteration 4 time: 0.010 secs.
Rows Read: 37625, Total Rows Processed: 37625, Total Chunk Time: 0.007 seconds 

Iteration 5 time: 0.014 secs.
Rows Read: 37625, Total Rows Processed: 37625, Total Chunk Time: 0.006 seconds 

Iteration 6 time: 0.009 secs.

Elapsed computation time: 0.092 secs.
Rows Read: 37625, Total Rows Processed: 37625, Total Chunk Time: 0.004 seconds 

Starting values (iteration 1) time: 0.014 secs.
Rows Read: 37625, Total Rows Processed: 37625, Total Chunk Time: 0.005 seconds 

Iteration 2 time: 0.012 secs.
Rows Read: 37625, Total Rows Processed: 37625, Total Chunk Time: 0.005 seconds 

Iteration 3 time: 0.008 secs.
Rows Read: 37625, Total Rows Processed: 37625, Total Chunk Time: 0.005 seconds 

Iteration 4 time: 0.009 secs.
Rows Read: 37625, Total Rows Processed: 37625, Total Chunk Time: 0.006 seconds 

Iteration 5 time: 0.009 secs.
Rows Read: 37625, Total Rows Processed: 37625, Total Chunk Time: 0.005 seconds 

Iteration 6 time: 0.008 secs.

Elapsed computation time: 0.084 secs.
Rows Read: 37625, Total Rows Processed: 37625, Total Chunk Time: 0.005 seconds 

Starting values (iteration 1) time: 0.018 secs.
Rows Read: 37625, Total Rows Processed: 37625, Total Chunk Time: 0.006 seconds 

Iteration 2 time: 0.013 secs.
Rows Read: 37625, Total Rows Processed: 37625, Total Chunk Time: 0.006 seconds 

Iteration 3 time: 0.010 secs.
Rows Read: 37625, Total Rows Processed: 37625, Total Chunk Time: 0.006 seconds 

Iteration 4 time: 0.008 secs.
Rows Read: 37625, Total Rows Processed: 37625, Total Chunk Time: 0.006 seconds 

Iteration 5 time: 0.009 secs.
Rows Read: 37625, Total Rows Processed: 37625, Total Chunk Time: 0.004 seconds 

Iteration 6 time: 0.008 secs.

Elapsed computation time: 0.087 secs.
Rows Read: 37625, Total Rows Processed: 37625, Total Chunk Time: 0.004 seconds 

Starting values (iteration 1) time: 0.012 secs.
Rows Read: 37625, Total Rows Processed: 37625, Total Chunk Time: 0.004 seconds 

Iteration 2 time: 0.010 secs.
Rows Read: 37625, Total Rows Processed: 37625, Total Chunk Time: 0.005 seconds 

Iteration 3 time: 0.008 secs.
Rows Read: 37625, Total Rows Processed: 37625, Total Chunk Time: 0.005 seconds 

Iteration 4 time: 0.008 secs.
Rows Read: 37625, Total Rows Processed: 37625, Total Chunk Time: 0.004 seconds 

Iteration 5 time: 0.007 secs.
Rows Read: 37625, Total Rows Processed: 37625, Total Chunk Time: 0.004 seconds 

Iteration 6 time: 0.007 secs.

Elapsed computation time: 0.070 secs.
Rows Read: 37625, Total Rows Processed: 37625, Total Chunk Time: 0.006 seconds 

Starting values (iteration 1) time: 0.015 secs.
Rows Read: 37625, Total Rows Processed: 37625, Total Chunk Time: 0.009 seconds 

Iteration 2 time: 0.018 secs.
Rows Read: 37625, Total Rows Processed: 37625, Total Chunk Time: 0.004 seconds 

Iteration 3 time: 0.010 secs.
Rows Read: 37625, Total Rows Processed: 37625, Total Chunk Time: 0.005 seconds 

Iteration 4 time: 0.009 secs.
Rows Read: 37625, Total Rows Processed: 37625, Total Chunk Time: 0.004 seconds 

Iteration 5 time: 0.007 secs.
Rows Read: 37625, Total Rows Processed: 37625, Total Chunk Time: 0.005 seconds 

Iteration 6 time: 0.008 secs.

Elapsed computation time: 0.087 secs.
Rows Read: 37625, Total Rows Processed: 37625, Total Chunk Time: 0.006 seconds 

Starting values (iteration 1) time: 0.018 secs.
Rows Read: 37625, Total Rows Processed: 37625, Total Chunk Time: 0.006 seconds 

Iteration 2 time: 0.013 secs.
Rows Read: 37625, Total Rows Processed: 37625, Total Chunk Time: 0.006 seconds 

Iteration 3 time: 0.012 secs.
Rows Read: 37625, Total Rows Processed: 37625, Total Chunk Time: 0.004 seconds 

Iteration 4 time: 0.008 secs.
Rows Read: 37625, Total Rows Processed: 37625, Total Chunk Time: 0.004 seconds 

Iteration 5 time: 0.008 secs.
Rows Read: 37625, Total Rows Processed: 37625, Total Chunk Time: 0.005 seconds 

Iteration 6 time: 0.008 secs.

Elapsed computation time: 0.091 secs.
Rows Read: 37625, Total Rows Processed: 37625, Total Chunk Time: 0.005 seconds 

Starting values (iteration 1) time: 0.012 secs.
Rows Read: 37625, Total Rows Processed: 37625, Total Chunk Time: 0.005 seconds 

Iteration 2 time: 0.012 secs.
Rows Read: 37625, Total Rows Processed: 37625, Total Chunk Time: 0.004 seconds 

Iteration 3 time: 0.007 secs.
Rows Read: 37625, Total Rows Processed: 37625, Total Chunk Time: 0.004 seconds 

Iteration 4 time: 0.006 secs.
Rows Read: 37625, Total Rows Processed: 37625, Total Chunk Time: 0.004 seconds 

Iteration 5 time: 0.007 secs.
Rows Read: 37625, Total Rows Processed: 37625, Total Chunk Time: 0.003 seconds 

Iteration 6 time: 0.006 secs.

Elapsed computation time: 0.070 secs.
Rows Read: 37625, Total Rows Processed: 37625, Total Chunk Time: 0.005 seconds 

Starting values (iteration 1) time: 0.013 secs.
Rows Read: 37625, Total Rows Processed: 37625, Total Chunk Time: 0.005 seconds 

Iteration 2 time: 0.011 secs.
Rows Read: 37625, Total Rows Processed: 37625, Total Chunk Time: 0.005 seconds 

Iteration 3 time: 0.009 secs.
Rows Read: 37625, Total Rows Processed: 37625, Total Chunk Time: 0.004 seconds 

Iteration 4 time: 0.008 secs.
Rows Read: 37625, Total Rows Processed: 37625, Total Chunk Time: 0.004 seconds 

Iteration 5 time: 0.007 secs.
Rows Read: 37625, Total Rows Processed: 37625, Total Chunk Time: 0.004 seconds 

Iteration 6 time: 0.007 secs.

Elapsed computation time: 0.075 secs.
Rows Read: 37625, Total Rows Processed: 37625, Total Chunk Time: 0.005 seconds 

Starting values (iteration 1) time: 0.011 secs.
Rows Read: 37625, Total Rows Processed: 37625, Total Chunk Time: 0.005 seconds 

Iteration 2 time: 0.013 secs.
Rows Read: 37625, Total Rows Processed: 37625, Total Chunk Time: 0.005 seconds 

Iteration 3 time: 0.010 secs.
Rows Read: 37625, Total Rows Processed: 37625, Total Chunk Time: 0.005 seconds 

Iteration 4 time: 0.008 secs.
Rows Read: 37625, Total Rows Processed: 37625, Total Chunk Time: 0.004 seconds 

Iteration 5 time: 0.007 secs.
Rows Read: 37625, Total Rows Processed: 37625, Total Chunk Time: 0.006 seconds 

Iteration 6 time: 0.008 secs.

Elapsed computation time: 0.080 secs.

Elapsed computation time: 1.007 secs.
[1] "analyze.results.glm.step="
Generalized Linear Model Results for: RaceHorse.IsHitA ~
    Horse.HitCount1
Data: data
Dependent variable(s): RaceHorse.IsHitA
Total independent variables: 2 
Number of valid observations: 37625
Number of missing observations: 0 
Family-link: binomial-logit 
 
 
Coefficients:
                RaceHorse.IsHitA
(Intercept)                 -2.9
Horse.HitCount1              0.9
[1] "analyze.results.glm.step.summary"
Call:
rxGlm(formula = form, data = data, family = binomial(), variableSelection = analyze.results.glm.step.varsel)

Generalized Linear Model Results for: RaceHorse.IsHitA ~
    Horse.HitCount1
Data: data
Dependent variable(s): RaceHorse.IsHitA
Total independent variables: 2 
Number of valid observations: 37625
Number of missing observations: 0 
Family-link: binomial-logit 
 
Residual deviance: 15821.873 (on 37623 degrees of freedom)
 
Coefficients:
                Estimate Std. Error z value Pr(>|z|)    
(Intercept)      -2.8796     0.0232 -124.30  2.2e-16 ***
Horse.HitCount1   0.8666     0.1276    6.79  1.1e-11 ***
---
Signif. codes:  0 '***' 0.001 '**' 0.01 '*' 0.05 '.' 0.1 ' ' 1

(Dispersion parameter for binomial family taken to be 1)

Condition number of final variance-covariance matrix: 1 
Number of iterations: 6
[1] "2022-02-08 16:57:04 --- rxGlm with rxStepControl Finish ---"
[1] "2022-02-08 16:57:04 --- rxStepPlot Start ---"
[1] "pdfFilename=pdf_analyze_glm_Horse_Type23_rxStepPlot.pdf"
[1] "rxStepPlot="
[1] "2022-02-08 16:57:04 --- rxStepPlot Finish ---"
[1] "2022-02-08 16:57:04 --- save.image Start ---"
[1] "save.image"
[1] "rdataFilename=RData_analyze_glm_Horse_Type23.RData"
[1] "2022-02-08 16:57:06 --- save.image Finish ---"
[1] "2022-02-08 16:57:06 --- final Start ---"
[1] "nrow(data) final=37625"
[1] "2022-02-08 16:57:06 --- final Finish ---"
[1] "2022-02-08 16:57:06 --- analyze_glm.R Finished ---"
[1] "2022-02-08 16:57:06 --- log Finish ---"
