[1] "2022-02-08 22:33:50 --- D1114_analyze_glm_Gen01_IsHitA_Type26 Start ---"
[1] "2022-02-08 22:33:50 --- Log Start ---"
[1] "2022-02-08 22:33:50 --- analyze_glm.R Start ---"
[1] "analyzeVersion=D1114"
[1] "analyzeCategory=analyze"
[1] "analyzeType=Gen01"
[1] "analyzeFamily=IsHitA"
[1] "analyzeFunc=glm"
[1] "analyzeTrackTypeCd=2"
[1] "analyzeJyokenCd=6"
[1] "2022-02-08 22:33:50 --- source_function.R Start ---"
[1] "2022-02-08 22:33:50 --- source_function.R Finished ---"

> print(paste0(Sys.time(), " --- source_library.R Start ---"))
[1] "2022-02-08 22:33:50 --- source_library.R Start ---"

> require("RevoScaleR")

> print(paste0(Sys.time(), " --- source_library.R Finished ---"))
[1] "2022-02-08 22:33:51 --- source_library.R Finished ---"
[1] "2022-02-08 22:33:51 --- RxSqlServerData Start ---"
[1] "sqlQuery=SELECT * FROM ViewAnalyzeD1114analyze01Gen01Type26"
Rows Read: 138687, Total Rows Processed: 138687, Total Chunk Time: 13.777 seconds 
[1] "head(data)="
           Race.RaceId Race.IsPredictedRace Race.IsAnalyzeNormalPastAndFuture
1 20160109-06-01-02-03                 TRUE                              TRUE
2 20160109-06-01-02-03                 TRUE                              TRUE
3 20160109-06-01-02-03                 TRUE                              TRUE
4 20160109-06-01-02-03                 TRUE                              TRUE
5 20160109-06-01-02-03                 TRUE                              TRUE
6 20160109-06-01-02-03                 TRUE                              TRUE
  Race.IsAnalyzeNormalPast Race.IsAnalyzeNormalFuture
1                     TRUE                      FALSE
2                     TRUE                      FALSE
3                     TRUE                      FALSE
4                     TRUE                      FALSE
5                     TRUE                      FALSE
6                     TRUE                      FALSE
  Race.IsAnalyzeFullPastAndFuture Race.IsAnalyzeFullPast
1                            TRUE                   TRUE
2                            TRUE                   TRUE
3                            TRUE                   TRUE
4                            TRUE                   TRUE
5                            TRUE                   TRUE
6                            TRUE                   TRUE
  Race.IsAnalyzeFullFuture Race.JyokenCd Race.JyoType1Cd   Race.RaceType0Cd
1                    FALSE             6     2-06-1200-1 2-06-1200-1-6-X-12
2                    FALSE             6     2-06-1200-1 2-06-1200-1-6-X-12
3                    FALSE             6     2-06-1200-1 2-06-1200-1-6-X-12
4                    FALSE             6     2-06-1200-1 2-06-1200-1-6-X-12
5                    FALSE             6     2-06-1200-1 2-06-1200-1-6-X-12
6                    FALSE             6     2-06-1200-1 2-06-1200-1-6-X-12
  Race.RaceType1Cd Race.RaceType2Cd Race.RaceType3Cd Race.RaceType4Cd
1            2-6-X            2-6-X           6-X-12           2-6-12
2            2-6-X            2-6-X           6-X-12           2-6-12
3            2-6-X            2-6-X           6-X-12           2-6-12
4            2-6-X            2-6-X           6-X-12           2-6-12
5            2-6-X            2-6-X           6-X-12           2-6-12
6            2-6-X            2-6-X           6-X-12           2-6-12
      RaceHorse.RaceId RaceHorse.KettoNum RaceHorse.IsHit1 RaceHorse.IsHit2
1 20160109-06-01-02-03         2013100539                0                0
2 20160109-06-01-02-03         2013100539                0                0
3 20160109-06-01-02-03         2013100539                0                0
4 20160109-06-01-02-03         2013100539                0                0
5 20160109-06-01-02-03         2013100539                0                0
6 20160109-06-01-02-03         2013100539                0                0
  RaceHorse.IsHit3 RaceHorse.IsHit4 RaceHorse.IsHit5 RaceHorse.IsHit6
1                0                0                0                1
2                0                0                0                1
3                0                0                0                1
4                0                0                0                1
5                0                0                0                1
6                0                0                0                1
  RaceHorse.IsValidRaceHorse RaceHorse.IsHitA RaceHorse.IsHitB RaceHorse.IsHitC
1                       TRUE                0                0                0
2                       TRUE                0                0                0
3                       TRUE                0                0                0
4                       TRUE                0                0                0
5                       TRUE                0                0                0
6                       TRUE                0                0                0
          Gen01.RaceId Gen01.KettoNum Gen01.HansyokuNum Gen01.RowNum
1 20160109-06-01-02-03     2013100539          11201975            1
2 20160109-06-01-02-03     2013100539          11201975            2
3 20160109-06-01-02-03     2013100539          11201975            3
4 20160109-06-01-02-03     2013100539          11201975            4
5 20160109-06-01-02-03     2013100539          11201975            5
6 20160109-06-01-02-03     2013100539          11201975            6
  Gen01.PrevKettoNum     Gen01.PrevRaceId Gen01.SyussoTosu Gen01.TimeDvByRace
1         2013100211 20151226-06-05-07-04               16                 59
2         2013102552 20151212-09-05-03-06               12                 61
3         2013103457 20151212-06-05-03-06               15                 57
4         2013103547 20151206-06-05-02-05               13                 61
5         2013102398 20151205-06-05-01-06               16                 56
6         2013102358 20151123-08-05-07-06               12                 47
  Gen01.RunCount Gen01.HitCount1 Gen01.HitCount2 Gen01.HitCount3
1              1               0               0               0
2              1               1               0               0
3              1               0               0               0
4              1               0               0               1
5              1               0               0               0
6              1               0               0               0
  Gen01.HitCount4 Gen01.HitCount5 EOF
1               1               0   1
2               0               0   1
3               1               0   1
4               0               0   1
5               0               0   1
6               0               0   1
[1] "object.size(data) auto=25.9 Mb"
[1] "nrow(data) RxSqlServerData=138687"
[1] "str(data)="
'data.frame':	138687 obs. of  42 variables:
 $ Race.RaceId                      : Factor w/ 585 levels "20160109-06-01-02-03",..: 1 1 1 1 1 1 1 1 1 1 ...
 $ Race.IsPredictedRace             : logi  TRUE TRUE TRUE TRUE TRUE TRUE ...
 $ Race.IsAnalyzeNormalPastAndFuture: logi  TRUE TRUE TRUE TRUE TRUE TRUE ...
 $ Race.IsAnalyzeNormalPast         : logi  TRUE TRUE TRUE TRUE TRUE TRUE ...
 $ Race.IsAnalyzeNormalFuture       : logi  FALSE FALSE FALSE FALSE FALSE FALSE ...
 $ Race.IsAnalyzeFullPastAndFuture  : logi  TRUE TRUE TRUE TRUE TRUE TRUE ...
 $ Race.IsAnalyzeFullPast           : logi  TRUE TRUE TRUE TRUE TRUE TRUE ...
 $ Race.IsAnalyzeFullFuture         : logi  FALSE FALSE FALSE FALSE FALSE FALSE ...
 $ Race.JyokenCd                    : Factor w/ 1 level "6": 1 1 1 1 1 1 1 1 1 1 ...
 $ Race.JyoType1Cd                  : Factor w/ 74 levels "2-06-1200-1",..: 1 1 1 1 1 1 1 1 1 1 ...
 $ Race.RaceType0Cd                 : Factor w/ 112 levels "2-06-1200-1-6-X-12",..: 1 1 1 1 1 1 1 1 1 1 ...
 $ Race.RaceType1Cd                 : Factor w/ 1 level "2-6-X": 1 1 1 1 1 1 1 1 1 1 ...
 $ Race.RaceType2Cd                 : Factor w/ 1 level "2-6-X": 1 1 1 1 1 1 1 1 1 1 ...
 $ Race.RaceType3Cd                 : Factor w/ 2 levels "6-X-12","6-X-11": 1 1 1 1 1 1 1 1 1 1 ...
 $ Race.RaceType4Cd                 : Factor w/ 2 levels "2-6-12","2-6-11": 1 1 1 1 1 1 1 1 1 1 ...
 $ RaceHorse.RaceId                 : Factor w/ 585 levels "20160109-06-01-02-03",..: 1 1 1 1 1 1 1 1 1 1 ...
 $ RaceHorse.KettoNum               : Factor w/ 8133 levels "2013100539","2013105383",..: 1 1 1 1 1 1 1 1 1 1 ...
 $ RaceHorse.IsHit1                 : int  0 0 0 0 0 0 0 0 0 0 ...
 $ RaceHorse.IsHit2                 : int  0 0 0 0 0 0 0 0 0 0 ...
 $ RaceHorse.IsHit3                 : int  0 0 0 0 0 0 0 0 0 0 ...
 $ RaceHorse.IsHit4                 : int  0 0 0 0 0 0 0 0 0 0 ...
 $ RaceHorse.IsHit5                 : int  0 0 0 0 0 0 0 0 0 0 ...
 $ RaceHorse.IsHit6                 : int  1 1 1 1 1 1 1 1 1 1 ...
 $ RaceHorse.IsValidRaceHorse       : logi  TRUE TRUE TRUE TRUE TRUE TRUE ...
 $ RaceHorse.IsHitA                 : int  0 0 0 0 0 0 0 0 0 0 ...
 $ RaceHorse.IsHitB                 : int  0 0 0 0 0 0 0 0 0 0 ...
 $ RaceHorse.IsHitC                 : int  0 0 0 0 0 0 0 0 0 0 ...
 $ Gen01.RaceId                     : Factor w/ 585 levels "20160109-06-01-02-03",..: 1 1 1 1 1 1 1 1 1 1 ...
 $ Gen01.KettoNum                   : Factor w/ 8133 levels "2013100539","2013105383",..: 1 1 1 1 1 1 1 1 1 1 ...
 $ Gen01.HansyokuNum                : Factor w/ 361 levels "11201975","11202238",..: 1 1 1 1 1 1 1 1 1 1 ...
 $ Gen01.RowNum                     : num  1 2 3 4 5 6 7 8 9 10 ...
 $ Gen01.PrevKettoNum               : Factor w/ 9623 levels "2013100211","2013102552",..: 1 2 3 4 5 6 7 8 9 10 ...
 $ Gen01.PrevRaceId                 : Factor w/ 1053 levels "20151226-06-05-07-04",..: 1 2 3 4 5 6 7 7 7 7 ...
 $ Gen01.SyussoTosu                 : num  16 12 15 13 16 12 16 16 16 16 ...
 $ Gen01.TimeDvByRace               : num  58.5 61.2 56.8 61.4 55.5 ...
 $ Gen01.RunCount                   : int  1 1 1 1 1 1 1 1 1 1 ...
 $ Gen01.HitCount1                  : int  0 1 0 0 0 0 0 0 0 0 ...
 $ Gen01.HitCount2                  : int  0 0 0 0 0 0 0 0 0 0 ...
 $ Gen01.HitCount3                  : int  0 0 0 1 0 0 0 0 0 1 ...
 $ Gen01.HitCount4                  : int  1 0 1 0 0 0 0 1 0 0 ...
 $ Gen01.HitCount5                  : int  0 0 0 0 0 0 0 0 1 0 ...
 $ EOF                              : int  1 1 1 1 1 1 1 1 1 1 ...
[1] "2022-02-08 22:34:15 --- RxSqlServerData Finish ---"
[1] "2022-02-08 22:34:15 --- subset Start ---"
[1] "nrow(data) subset before=138687"
[1] "nrow(data) subset after =106137"
[1] "nrow(data) subset diff =32550"
[1] "2022-02-08 22:34:16 --- subset Finish---"
[1] "2022-02-08 22:34:16 --- transform Start ---"
[1] "nrow(data) transform before=106137"
[1] "nrow(data) transform after=106137"
[1] "nrow(data) transform diff=0"
[1] "str(data)="
'data.frame':	106137 obs. of  42 variables:
 $ Race.RaceId                      : Factor w/ 585 levels "20160109-06-01-02-03",..: 1 1 1 1 1 1 1 1 1 1 ...
 $ Race.IsPredictedRace             : logi  TRUE TRUE TRUE TRUE TRUE TRUE ...
 $ Race.IsAnalyzeNormalPastAndFuture: logi  TRUE TRUE TRUE TRUE TRUE TRUE ...
 $ Race.IsAnalyzeNormalPast         : logi  TRUE TRUE TRUE TRUE TRUE TRUE ...
 $ Race.IsAnalyzeNormalFuture       : logi  FALSE FALSE FALSE FALSE FALSE FALSE ...
 $ Race.IsAnalyzeFullPastAndFuture  : logi  TRUE TRUE TRUE TRUE TRUE TRUE ...
 $ Race.IsAnalyzeFullPast           : logi  TRUE TRUE TRUE TRUE TRUE TRUE ...
 $ Race.IsAnalyzeFullFuture         : logi  FALSE FALSE FALSE FALSE FALSE FALSE ...
 $ Race.JyokenCd                    : Factor w/ 1 level "6": 1 1 1 1 1 1 1 1 1 1 ...
 $ Race.JyoType1Cd                  : Factor w/ 74 levels "2-06-1200-1",..: 1 1 1 1 1 1 1 1 1 1 ...
 $ Race.RaceType0Cd                 : Factor w/ 112 levels "2-06-1200-1-6-X-12",..: 1 1 1 1 1 1 1 1 1 1 ...
 $ Race.RaceType1Cd                 : Factor w/ 1 level "2-6-X": 1 1 1 1 1 1 1 1 1 1 ...
 $ Race.RaceType2Cd                 : Factor w/ 1 level "2-6-X": 1 1 1 1 1 1 1 1 1 1 ...
 $ Race.RaceType3Cd                 : Factor w/ 2 levels "6-X-12","6-X-11": 1 1 1 1 1 1 1 1 1 1 ...
 $ Race.RaceType4Cd                 : Factor w/ 2 levels "2-6-12","2-6-11": 1 1 1 1 1 1 1 1 1 1 ...
 $ RaceHorse.RaceId                 : Factor w/ 585 levels "20160109-06-01-02-03",..: 1 1 1 1 1 1 1 1 1 1 ...
 $ RaceHorse.KettoNum               : Factor w/ 8133 levels "2013100539","2013105383",..: 1 1 1 1 1 1 1 1 1 1 ...
 $ RaceHorse.IsHit1                 : int  0 0 0 0 0 0 0 0 0 0 ...
 $ RaceHorse.IsHit2                 : int  0 0 0 0 0 0 0 0 0 0 ...
 $ RaceHorse.IsHit3                 : int  0 0 0 0 0 0 0 0 0 0 ...
 $ RaceHorse.IsHit4                 : int  0 0 0 0 0 0 0 0 0 0 ...
 $ RaceHorse.IsHit5                 : int  0 0 0 0 0 0 0 0 0 0 ...
 $ RaceHorse.IsHit6                 : int  1 1 1 1 1 1 1 1 1 1 ...
 $ RaceHorse.IsValidRaceHorse       : logi  TRUE TRUE TRUE TRUE TRUE TRUE ...
 $ RaceHorse.IsHitA                 : int  0 0 0 0 0 0 0 0 0 0 ...
 $ RaceHorse.IsHitB                 : int  0 0 0 0 0 0 0 0 0 0 ...
 $ RaceHorse.IsHitC                 : int  0 0 0 0 0 0 0 0 0 0 ...
 $ Gen01.RaceId                     : Factor w/ 585 levels "20160109-06-01-02-03",..: 1 1 1 1 1 1 1 1 1 1 ...
 $ Gen01.KettoNum                   : Factor w/ 8133 levels "2013100539","2013105383",..: 1 1 1 1 1 1 1 1 1 1 ...
 $ Gen01.HansyokuNum                : Factor w/ 361 levels "11201975","11202238",..: 1 1 1 1 1 1 1 1 1 1 ...
 $ Gen01.RowNum                     : num  1 2 3 4 5 6 7 8 9 10 ...
 $ Gen01.PrevKettoNum               : Factor w/ 9623 levels "2013100211","2013102552",..: 1 2 3 4 5 6 7 8 9 10 ...
 $ Gen01.PrevRaceId                 : Factor w/ 1053 levels "20151226-06-05-07-04",..: 1 2 3 4 5 6 7 7 7 7 ...
 $ Gen01.SyussoTosu                 : num  16 12 15 13 16 12 16 16 16 16 ...
 $ Gen01.TimeDvByRace               : num  58.5 61.2 56.8 61.4 55.5 ...
 $ Gen01.RunCount                   : int  1 1 1 1 1 1 1 1 1 1 ...
 $ Gen01.HitCount1                  : int  0 1 0 0 0 0 0 0 0 0 ...
 $ Gen01.HitCount2                  : int  0 0 0 0 0 0 0 0 0 0 ...
 $ Gen01.HitCount3                  : int  0 0 0 1 0 0 0 0 0 1 ...
 $ Gen01.HitCount4                  : int  1 0 1 0 0 0 0 1 0 0 ...
 $ Gen01.HitCount5                  : int  0 0 0 0 0 0 0 0 1 0 ...
 $ EOF                              : int  1 1 1 1 1 1 1 1 1 1 ...
NULL
[1] "2022-02-08 22:34:17 --- transform Finish ---"
[1] "2022-02-08 22:34:17 --- na.omit Start ---"
[1] "nrow(data) na.omit before=106137"
[1] "nrow(data) na.omit after =106137"
[1] "nrow(data) na.omit diff =0"
'data.frame':	106137 obs. of  42 variables:
 $ Race.RaceId                      : Factor w/ 585 levels "20160109-06-01-02-03",..: 1 1 1 1 1 1 1 1 1 1 ...
 $ Race.IsPredictedRace             : logi  TRUE TRUE TRUE TRUE TRUE TRUE ...
 $ Race.IsAnalyzeNormalPastAndFuture: logi  TRUE TRUE TRUE TRUE TRUE TRUE ...
 $ Race.IsAnalyzeNormalPast         : logi  TRUE TRUE TRUE TRUE TRUE TRUE ...
 $ Race.IsAnalyzeNormalFuture       : logi  FALSE FALSE FALSE FALSE FALSE FALSE ...
 $ Race.IsAnalyzeFullPastAndFuture  : logi  TRUE TRUE TRUE TRUE TRUE TRUE ...
 $ Race.IsAnalyzeFullPast           : logi  TRUE TRUE TRUE TRUE TRUE TRUE ...
 $ Race.IsAnalyzeFullFuture         : logi  FALSE FALSE FALSE FALSE FALSE FALSE ...
 $ Race.JyokenCd                    : Factor w/ 1 level "6": 1 1 1 1 1 1 1 1 1 1 ...
 $ Race.JyoType1Cd                  : Factor w/ 74 levels "2-06-1200-1",..: 1 1 1 1 1 1 1 1 1 1 ...
 $ Race.RaceType0Cd                 : Factor w/ 112 levels "2-06-1200-1-6-X-12",..: 1 1 1 1 1 1 1 1 1 1 ...
 $ Race.RaceType1Cd                 : Factor w/ 1 level "2-6-X": 1 1 1 1 1 1 1 1 1 1 ...
 $ Race.RaceType2Cd                 : Factor w/ 1 level "2-6-X": 1 1 1 1 1 1 1 1 1 1 ...
 $ Race.RaceType3Cd                 : Factor w/ 2 levels "6-X-12","6-X-11": 1 1 1 1 1 1 1 1 1 1 ...
 $ Race.RaceType4Cd                 : Factor w/ 2 levels "2-6-12","2-6-11": 1 1 1 1 1 1 1 1 1 1 ...
 $ RaceHorse.RaceId                 : Factor w/ 585 levels "20160109-06-01-02-03",..: 1 1 1 1 1 1 1 1 1 1 ...
 $ RaceHorse.KettoNum               : Factor w/ 8133 levels "2013100539","2013105383",..: 1 1 1 1 1 1 1 1 1 1 ...
 $ RaceHorse.IsHit1                 : int  0 0 0 0 0 0 0 0 0 0 ...
 $ RaceHorse.IsHit2                 : int  0 0 0 0 0 0 0 0 0 0 ...
 $ RaceHorse.IsHit3                 : int  0 0 0 0 0 0 0 0 0 0 ...
 $ RaceHorse.IsHit4                 : int  0 0 0 0 0 0 0 0 0 0 ...
 $ RaceHorse.IsHit5                 : int  0 0 0 0 0 0 0 0 0 0 ...
 $ RaceHorse.IsHit6                 : int  1 1 1 1 1 1 1 1 1 1 ...
 $ RaceHorse.IsValidRaceHorse       : logi  TRUE TRUE TRUE TRUE TRUE TRUE ...
 $ RaceHorse.IsHitA                 : int  0 0 0 0 0 0 0 0 0 0 ...
 $ RaceHorse.IsHitB                 : int  0 0 0 0 0 0 0 0 0 0 ...
 $ RaceHorse.IsHitC                 : int  0 0 0 0 0 0 0 0 0 0 ...
 $ Gen01.RaceId                     : Factor w/ 585 levels "20160109-06-01-02-03",..: 1 1 1 1 1 1 1 1 1 1 ...
 $ Gen01.KettoNum                   : Factor w/ 8133 levels "2013100539","2013105383",..: 1 1 1 1 1 1 1 1 1 1 ...
 $ Gen01.HansyokuNum                : Factor w/ 361 levels "11201975","11202238",..: 1 1 1 1 1 1 1 1 1 1 ...
 $ Gen01.RowNum                     : num  1 2 3 4 5 6 7 8 9 10 ...
 $ Gen01.PrevKettoNum               : Factor w/ 9623 levels "2013100211","2013102552",..: 1 2 3 4 5 6 7 8 9 10 ...
 $ Gen01.PrevRaceId                 : Factor w/ 1053 levels "20151226-06-05-07-04",..: 1 2 3 4 5 6 7 7 7 7 ...
 $ Gen01.SyussoTosu                 : num  16 12 15 13 16 12 16 16 16 16 ...
 $ Gen01.TimeDvByRace               : num  58.5 61.2 56.8 61.4 55.5 ...
 $ Gen01.RunCount                   : int  1 1 1 1 1 1 1 1 1 1 ...
 $ Gen01.HitCount1                  : int  0 1 0 0 0 0 0 0 0 0 ...
 $ Gen01.HitCount2                  : int  0 0 0 0 0 0 0 0 0 0 ...
 $ Gen01.HitCount3                  : int  0 0 0 1 0 0 0 0 0 1 ...
 $ Gen01.HitCount4                  : int  1 0 1 0 0 0 0 1 0 0 ...
 $ Gen01.HitCount5                  : int  0 0 0 0 0 0 0 0 1 0 ...
 $ EOF                              : int  1 1 1 1 1 1 1 1 1 1 ...
[1] "2022-02-08 22:34:18 --- na.omit Finish ---"
[1] "2022-02-08 22:34:18 --- rxGlm with rxStepControl Start ---"
[1] "2022-02-08 22:34:18 --- source_logic_glm.R Start ---"
[1] "2022-02-08 22:34:18 --- source_logic_glm.R Finished ---"
Rows Read: 106137, Total Rows Processed: 106137, Total Chunk Time: 0.005 seconds 

Starting values (iteration 1) time: 0.029 secs.
Rows Read: 106137, Total Rows Processed: 106137, Total Chunk Time: 0.009 seconds 

Iteration 2 time: 0.019 secs.
Rows Read: 106137, Total Rows Processed: 106137, Total Chunk Time: 0.009 seconds 

Iteration 3 time: 0.013 secs.
Rows Read: 106137, Total Rows Processed: 106137, Total Chunk Time: 0.009 seconds 

Iteration 4 time: 0.013 secs.

Elapsed computation time: 0.084 secs.
Rows Read: 106137, Total Rows Processed: 106137, Total Chunk Time: 0.003 seconds 

Starting values (iteration 1) time: 0.019 secs.
Rows Read: 106137, Total Rows Processed: 106137, Total Chunk Time: 0.008 seconds 

Iteration 2 time: 0.018 secs.
Rows Read: 106137, Total Rows Processed: 106137, Total Chunk Time: 0.007 seconds 

Iteration 3 time: 0.011 secs.
Rows Read: 106137, Total Rows Processed: 106137, Total Chunk Time: 0.007 seconds 

Iteration 4 time: 0.011 secs.

Elapsed computation time: 0.076 secs.
Rows Read: 106137, Total Rows Processed: 106137, Total Chunk Time: 0.003 seconds 

Starting values (iteration 1) time: 0.018 secs.
Rows Read: 106137, Total Rows Processed: 106137, Total Chunk Time: 0.008 seconds 

Iteration 2 time: 0.018 secs.
Rows Read: 106137, Total Rows Processed: 106137, Total Chunk Time: 0.007 seconds 

Iteration 3 time: 0.011 secs.
Rows Read: 106137, Total Rows Processed: 106137, Total Chunk Time: 0.008 seconds 

Iteration 4 time: 0.011 secs.

Elapsed computation time: 0.091 secs.
Rows Read: 106137, Total Rows Processed: 106137, Total Chunk Time: 0.004 seconds 

Starting values (iteration 1) time: 0.018 secs.
Rows Read: 106137, Total Rows Processed: 106137, Total Chunk Time: 0.008 seconds 

Iteration 2 time: 0.016 secs.
Rows Read: 106137, Total Rows Processed: 106137, Total Chunk Time: 0.007 seconds 

Iteration 3 time: 0.011 secs.
Rows Read: 106137, Total Rows Processed: 106137, Total Chunk Time: 0.008 seconds 

Iteration 4 time: 0.010 secs.

Elapsed computation time: 0.069 secs.
Rows Read: 106137, Total Rows Processed: 106137, Total Chunk Time: 0.003 seconds 

Starting values (iteration 1) time: 0.018 secs.
Rows Read: 106137, Total Rows Processed: 106137, Total Chunk Time: 0.007 seconds 

Iteration 2 time: 0.017 secs.
Rows Read: 106137, Total Rows Processed: 106137, Total Chunk Time: 0.007 seconds 

Iteration 3 time: 0.011 secs.
Rows Read: 106137, Total Rows Processed: 106137, Total Chunk Time: 0.008 seconds 

Iteration 4 time: 0.011 secs.

Elapsed computation time: 0.071 secs.
Rows Read: 106137, Total Rows Processed: 106137, Total Chunk Time: 0.003 seconds 

Starting values (iteration 1) time: 0.017 secs.
Rows Read: 106137, Total Rows Processed: 106137, Total Chunk Time: 0.007 seconds 

Iteration 2 time: 0.015 secs.
Rows Read: 106137, Total Rows Processed: 106137, Total Chunk Time: 0.006 seconds 

Iteration 3 time: 0.010 secs.
Rows Read: 106137, Total Rows Processed: 106137, Total Chunk Time: 0.007 seconds 

Iteration 4 time: 0.009 secs.

Elapsed computation time: 0.070 secs.
Rows Read: 106137, Total Rows Processed: 106137, Total Chunk Time: 0.003 seconds 

Starting values (iteration 1) time: 0.017 secs.
Rows Read: 106137, Total Rows Processed: 106137, Total Chunk Time: 0.007 seconds 

Iteration 2 time: 0.015 secs.
Rows Read: 106137, Total Rows Processed: 106137, Total Chunk Time: 0.006 seconds 

Iteration 3 time: 0.010 secs.
Rows Read: 106137, Total Rows Processed: 106137, Total Chunk Time: 0.006 seconds 

Iteration 4 time: 0.010 secs.

Elapsed computation time: 0.067 secs.
Rows Read: 106137, Total Rows Processed: 106137, Total Chunk Time: 0.003 seconds 

Starting values (iteration 1) time: 0.018 secs.
Rows Read: 106137, Total Rows Processed: 106137, Total Chunk Time: 0.007 seconds 

Iteration 2 time: 0.017 secs.
Rows Read: 106137, Total Rows Processed: 106137, Total Chunk Time: 0.007 seconds 

Iteration 3 time: 0.010 secs.
Rows Read: 106137, Total Rows Processed: 106137, Total Chunk Time: 0.009 seconds 

Iteration 4 time: 0.012 secs.

Elapsed computation time: 0.074 secs.

Elapsed computation time: 0.655 secs.
[1] "analyze.results.glm.step="
Logistic Regression Results for: RaceHorse.IsHitA ~ Gen01.HitCount1 +
    Gen01.SyussoTosu
Data: data
Dependent variable(s): RaceHorse.IsHitA
Total independent variables: 3 
Number of valid observations: 106137
Number of missing observations: 0 
 
Coefficients:
                 RaceHorse.IsHitA
(Intercept)                 -2.49
Gen01.HitCount1              0.33
Gen01.SyussoTosu            -0.01
[1] "analyze.results.glm.step.summary"
Call:
rxLogit(formula = form, data = data, variableSelection = analyze.results.glm.step.varsel)

Logistic Regression Results for: RaceHorse.IsHitA ~ Gen01.HitCount1 +
    Gen01.SyussoTosu
Data: data
Dependent variable(s): RaceHorse.IsHitA
Total independent variables: 3 
Number of valid observations: 106137
Number of missing observations: 0 
-2*LogLikelihood: 53277.727 (Residual deviance on 106134 degrees of freedom)
 
Coefficients:
                 Estimate Std. Error z value Pr(>|z|)    
(Intercept)      -2.48572    0.09214  -26.98  2.2e-16 ***
Gen01.HitCount1   0.32859    0.04161    7.90  2.2e-16 ***
Gen01.SyussoTosu -0.00960    0.00615   -1.56     0.12    
---
Signif. codes:  0 '***' 0.001 '**' 0.01 '*' 0.05 '.' 0.1 ' ' 1

Condition number of final variance-covariance matrix: 1 
Number of iterations: 4
[1] "2022-02-08 22:34:19 --- rxGlm with rxStepControl Finish ---"
[1] "2022-02-08 22:34:20 --- rxStepPlot Start ---"
[1] "pdfFilename=pdf_analyze_glm_Gen01_Type26_rxStepPlot.pdf"
[1] "rxStepPlot="
[1] "2022-02-08 22:34:20 --- rxStepPlot Finish ---"
[1] "2022-02-08 22:34:20 --- save.image Start ---"
[1] "save.image"
[1] "rdataFilename=RData_analyze_glm_Gen01_Type26.RData"
[1] "2022-02-08 22:34:20 --- save.image Finish ---"
[1] "2022-02-08 22:34:20 --- final Start ---"
[1] "nrow(data) final=106137"
[1] "2022-02-08 22:34:20 --- final Finish ---"
[1] "2022-02-08 22:34:20 --- analyze_glm.R Finished ---"
[1] "2022-02-08 22:34:20 --- log Finish ---"
