[1] "2022-02-08 22:23:32 --- D1114_analyze_glm_Jockey_IsHitA_Type16 Start ---"
[1] "2022-02-08 22:23:32 --- Log Start ---"
[1] "2022-02-08 22:23:32 --- analyze_glm.R Start ---"
[1] "analyzeVersion=D1114"
[1] "analyzeCategory=analyze"
[1] "analyzeType=Jockey"
[1] "analyzeFamily=IsHitA"
[1] "analyzeFunc=glm"
[1] "analyzeTrackTypeCd=1"
[1] "analyzeJyokenCd=6"
[1] "2022-02-08 22:23:32 --- source_function.R Start ---"
[1] "2022-02-08 22:23:32 --- source_function.R Finished ---"

> print(paste0(Sys.time(), " --- source_library.R Start ---"))
[1] "2022-02-08 22:23:32 --- source_library.R Start ---"

> require("RevoScaleR")

> print(paste0(Sys.time(), " --- source_library.R Finished ---"))
[1] "2022-02-08 22:23:32 --- source_library.R Finished ---"
[1] "2022-02-08 22:23:32 --- RxSqlServerData Start ---"
[1] "sqlQuery=SELECT * FROM ViewAnalyzeD1114analyze01JockeyType16"
Rows Read: 314123, Total Rows Processed: 314123, Total Chunk Time: 32.587 seconds 
[1] "head(data)="
           Race.RaceId Race.IsPredictedRace Race.IsAnalyzeNormalPastAndFuture
1 20160105-06-01-01-06                 TRUE                              TRUE
2 20160105-06-01-01-06                 TRUE                              TRUE
3 20160105-06-01-01-06                 TRUE                              TRUE
4 20160105-06-01-01-06                 TRUE                              TRUE
5 20160105-06-01-01-06                 TRUE                              TRUE
6 20160105-06-01-01-06                 TRUE                              TRUE
  Race.IsAnalyzeNormalPast Race.IsAnalyzeNormalFuture
1                     TRUE                      FALSE
2                     TRUE                      FALSE
3                     TRUE                      FALSE
4                     TRUE                      FALSE
5                     TRUE                      FALSE
6                     TRUE                      FALSE
  Race.IsAnalyzeFullPastAndFuture Race.IsAnalyzeFullPast
1                            TRUE                   TRUE
2                            TRUE                   TRUE
3                            TRUE                   TRUE
4                            TRUE                   TRUE
5                            TRUE                   TRUE
6                            TRUE                   TRUE
  Race.IsAnalyzeFullFuture Race.JyokenCd Race.JyoType1Cd   Race.RaceType0Cd
1                    FALSE             6     1-06-2000-1 1-06-2000-1-6-X-12
2                    FALSE             6     1-06-2000-1 1-06-2000-1-6-X-12
3                    FALSE             6     1-06-2000-1 1-06-2000-1-6-X-12
4                    FALSE             6     1-06-2000-1 1-06-2000-1-6-X-12
5                    FALSE             6     1-06-2000-1 1-06-2000-1-6-X-12
6                    FALSE             6     1-06-2000-1 1-06-2000-1-6-X-12
  Race.RaceType1Cd Race.RaceType2Cd Race.RaceType3Cd Race.RaceType4Cd
1            1-6-X            1-6-X           6-X-12           1-6-12
2            1-6-X            1-6-X           6-X-12           1-6-12
3            1-6-X            1-6-X           6-X-12           1-6-12
4            1-6-X            1-6-X           6-X-12           1-6-12
5            1-6-X            1-6-X           6-X-12           1-6-12
6            1-6-X            1-6-X           6-X-12           1-6-12
      RaceHorse.RaceId RaceHorse.KettoNum RaceHorse.IsHit1 RaceHorse.IsHit2
1 20160105-06-01-01-06         2013100548                0                0
2 20160105-06-01-01-06         2013100548                0                0
3 20160105-06-01-01-06         2013100548                0                0
4 20160105-06-01-01-06         2013100548                0                0
5 20160105-06-01-01-06         2013100548                0                0
6 20160105-06-01-01-06         2013100548                0                0
  RaceHorse.IsHit3 RaceHorse.IsHit4 RaceHorse.IsHit5 RaceHorse.IsHit6
1                0                0                0                1
2                0                0                0                1
3                0                0                0                1
4                0                0                0                1
5                0                0                0                1
6                0                0                0                1
  RaceHorse.IsValidRaceHorse RaceHorse.IsHitA RaceHorse.IsHitB RaceHorse.IsHitC
1                       TRUE                0                0                0
2                       TRUE                0                0                0
3                       TRUE                0                0                0
4                       TRUE                0                0                0
5                       TRUE                0                0                0
6                       TRUE                0                0                0
         Jockey.RaceId Jockey.KettoNum Jockey.KisyuCode Jockey.RowNum
1 20160105-06-01-01-06      2013100548            00641             1
2 20160105-06-01-01-06      2013100548            00641             2
3 20160105-06-01-01-06      2013100548            00641             3
4 20160105-06-01-01-06      2013100548            00641             4
5 20160105-06-01-01-06      2013100548            00641             5
6 20160105-06-01-01-06      2013100548            00641             6
  Jockey.PrevKettoNum    Jockey.PrevRaceId Jockey.SyussoTosu
1          2013102879 20151226-06-05-07-05                18
2          2013104463 20151220-06-05-06-05                16
3          2013104345 20151219-06-05-05-05                16
4          2013101594 20151213-06-05-04-05                16
5          2013100914 20151206-06-05-02-06                13
6          2013100629 20151129-05-05-09-04                18
  Jockey.TimeDvByRace Jockey.RunCount Jockey.HitCount1 Jockey.HitCount2
1                  55               1                0                0
2                  38               1                0                0
3                  49               1                0                0
4                  46               1                0                0
5                  26               1                0                0
6                  61               1                1                0
  Jockey.HitCount3 Jockey.HitCount4 Jockey.HitCount5 EOF
1                0                0                0   1
2                0                0                0   1
3                0                0                0   1
4                0                0                0   1
5                0                0                0   1
6                0                0                0   1
[1] "object.size(data) auto=57.8 Mb"
[1] "nrow(data) RxSqlServerData=314123"
[1] "str(data)="
'data.frame':	314123 obs. of  42 variables:
 $ Race.RaceId                      : Factor w/ 1208 levels "20160105-06-01-01-06",..: 1 1 1 1 1 1 1 1 1 1 ...
 $ Race.IsPredictedRace             : logi  TRUE TRUE TRUE TRUE TRUE TRUE ...
 $ Race.IsAnalyzeNormalPastAndFuture: logi  TRUE TRUE TRUE TRUE TRUE TRUE ...
 $ Race.IsAnalyzeNormalPast         : logi  TRUE TRUE TRUE TRUE TRUE TRUE ...
 $ Race.IsAnalyzeNormalFuture       : logi  FALSE FALSE FALSE FALSE FALSE FALSE ...
 $ Race.IsAnalyzeFullPastAndFuture  : logi  TRUE TRUE TRUE TRUE TRUE TRUE ...
 $ Race.IsAnalyzeFullPast           : logi  TRUE TRUE TRUE TRUE TRUE TRUE ...
 $ Race.IsAnalyzeFullFuture         : logi  FALSE FALSE FALSE FALSE FALSE FALSE ...
 $ Race.JyokenCd                    : Factor w/ 1 level "6": 1 1 1 1 1 1 1 1 1 1 ...
 $ Race.JyoType1Cd                  : Factor w/ 126 levels "1-06-2000-1",..: 1 1 1 1 1 1 1 1 1 1 ...
 $ Race.RaceType0Cd                 : Factor w/ 155 levels "1-06-2000-1-6-X-12",..: 1 1 1 1 1 1 1 1 1 1 ...
 $ Race.RaceType1Cd                 : Factor w/ 1 level "1-6-X": 1 1 1 1 1 1 1 1 1 1 ...
 $ Race.RaceType2Cd                 : Factor w/ 1 level "1-6-X": 1 1 1 1 1 1 1 1 1 1 ...
 $ Race.RaceType3Cd                 : Factor w/ 2 levels "6-X-12","6-X-11": 1 1 1 1 1 1 1 1 1 1 ...
 $ Race.RaceType4Cd                 : Factor w/ 2 levels "1-6-12","1-6-11": 1 1 1 1 1 1 1 1 1 1 ...
 $ RaceHorse.RaceId                 : Factor w/ 1208 levels "20160105-06-01-01-06",..: 1 1 1 1 1 1 1 1 1 1 ...
 $ RaceHorse.KettoNum               : Factor w/ 16187 levels "2013100548","2013101435",..: 1 1 1 1 1 1 1 1 1 1 ...
 $ RaceHorse.IsHit1                 : int  0 0 0 0 0 0 0 0 0 0 ...
 $ RaceHorse.IsHit2                 : int  0 0 0 0 0 0 0 0 0 0 ...
 $ RaceHorse.IsHit3                 : int  0 0 0 0 0 0 0 0 0 0 ...
 $ RaceHorse.IsHit4                 : int  0 0 0 0 0 0 0 0 0 0 ...
 $ RaceHorse.IsHit5                 : int  0 0 0 0 0 0 0 0 0 0 ...
 $ RaceHorse.IsHit6                 : int  1 1 1 1 1 1 1 1 1 1 ...
 $ RaceHorse.IsValidRaceHorse       : logi  TRUE TRUE TRUE TRUE TRUE TRUE ...
 $ RaceHorse.IsHitA                 : int  0 0 0 0 0 0 0 0 0 0 ...
 $ RaceHorse.IsHitB                 : int  0 0 0 0 0 0 0 0 0 0 ...
 $ RaceHorse.IsHitC                 : int  0 0 0 0 0 0 0 0 0 0 ...
 $ Jockey.RaceId                    : Factor w/ 1208 levels "20160105-06-01-01-06",..: 1 1 1 1 1 1 1 1 1 1 ...
 $ Jockey.KettoNum                  : Factor w/ 16187 levels "2013100548","2013101435",..: 1 1 1 1 1 1 1 1 1 1 ...
 $ Jockey.KisyuCode                 : Factor w/ 176 levels "00641","01096",..: 1 1 1 1 1 1 1 1 1 1 ...
 $ Jockey.RowNum                    : num  1 2 3 4 5 6 7 8 9 10 ...
 $ Jockey.PrevKettoNum              : Factor w/ 17488 levels "2013102879","2013104463",..: 1 2 3 4 5 6 7 8 9 10 ...
 $ Jockey.PrevRaceId                : Factor w/ 1715 levels "20151226-06-05-07-05",..: 1 2 3 4 5 6 7 8 9 10 ...
 $ Jockey.SyussoTosu                : num  18 16 16 16 13 18 18 16 18 11 ...
 $ Jockey.TimeDvByRace              : num  55.3 38.4 48.6 45.6 26.4 ...
 $ Jockey.RunCount                  : int  1 1 1 1 1 1 1 1 1 1 ...
 $ Jockey.HitCount1                 : int  0 0 0 0 0 1 0 0 0 0 ...
 $ Jockey.HitCount2                 : int  0 0 0 0 0 0 0 0 0 0 ...
 $ Jockey.HitCount3                 : int  0 0 0 0 0 0 0 0 1 0 ...
 $ Jockey.HitCount4                 : int  0 0 0 0 0 0 0 0 0 0 ...
 $ Jockey.HitCount5                 : int  0 0 0 0 0 0 0 0 0 1 ...
 $ EOF                              : int  1 1 1 1 1 1 1 1 1 1 ...
[1] "2022-02-08 22:24:28 --- RxSqlServerData Finish ---"
[1] "2022-02-08 22:24:28 --- subset Start ---"
[1] "nrow(data) subset before=314123"
[1] "nrow(data) subset after =245867"
[1] "nrow(data) subset diff =68256"
[1] "2022-02-08 22:24:29 --- subset Finish---"
[1] "2022-02-08 22:24:29 --- transform Start ---"
[1] "nrow(data) transform before=245867"
[1] "nrow(data) transform after=245867"
[1] "nrow(data) transform diff=0"
[1] "str(data)="
'data.frame':	245867 obs. of  42 variables:
 $ Race.RaceId                      : Factor w/ 1208 levels "20160105-06-01-01-06",..: 1 1 1 1 1 1 1 1 1 1 ...
 $ Race.IsPredictedRace             : logi  TRUE TRUE TRUE TRUE TRUE TRUE ...
 $ Race.IsAnalyzeNormalPastAndFuture: logi  TRUE TRUE TRUE TRUE TRUE TRUE ...
 $ Race.IsAnalyzeNormalPast         : logi  TRUE TRUE TRUE TRUE TRUE TRUE ...
 $ Race.IsAnalyzeNormalFuture       : logi  FALSE FALSE FALSE FALSE FALSE FALSE ...
 $ Race.IsAnalyzeFullPastAndFuture  : logi  TRUE TRUE TRUE TRUE TRUE TRUE ...
 $ Race.IsAnalyzeFullPast           : logi  TRUE TRUE TRUE TRUE TRUE TRUE ...
 $ Race.IsAnalyzeFullFuture         : logi  FALSE FALSE FALSE FALSE FALSE FALSE ...
 $ Race.JyokenCd                    : Factor w/ 1 level "6": 1 1 1 1 1 1 1 1 1 1 ...
 $ Race.JyoType1Cd                  : Factor w/ 126 levels "1-06-2000-1",..: 1 1 1 1 1 1 1 1 1 1 ...
 $ Race.RaceType0Cd                 : Factor w/ 155 levels "1-06-2000-1-6-X-12",..: 1 1 1 1 1 1 1 1 1 1 ...
 $ Race.RaceType1Cd                 : Factor w/ 1 level "1-6-X": 1 1 1 1 1 1 1 1 1 1 ...
 $ Race.RaceType2Cd                 : Factor w/ 1 level "1-6-X": 1 1 1 1 1 1 1 1 1 1 ...
 $ Race.RaceType3Cd                 : Factor w/ 2 levels "6-X-12","6-X-11": 1 1 1 1 1 1 1 1 1 1 ...
 $ Race.RaceType4Cd                 : Factor w/ 2 levels "1-6-12","1-6-11": 1 1 1 1 1 1 1 1 1 1 ...
 $ RaceHorse.RaceId                 : Factor w/ 1208 levels "20160105-06-01-01-06",..: 1 1 1 1 1 1 1 1 1 1 ...
 $ RaceHorse.KettoNum               : Factor w/ 16187 levels "2013100548","2013101435",..: 1 1 1 1 1 1 1 1 1 1 ...
 $ RaceHorse.IsHit1                 : int  0 0 0 0 0 0 0 0 0 0 ...
 $ RaceHorse.IsHit2                 : int  0 0 0 0 0 0 0 0 0 0 ...
 $ RaceHorse.IsHit3                 : int  0 0 0 0 0 0 0 0 0 0 ...
 $ RaceHorse.IsHit4                 : int  0 0 0 0 0 0 0 0 0 0 ...
 $ RaceHorse.IsHit5                 : int  0 0 0 0 0 0 0 0 0 0 ...
 $ RaceHorse.IsHit6                 : int  1 1 1 1 1 1 1 1 1 1 ...
 $ RaceHorse.IsValidRaceHorse       : logi  TRUE TRUE TRUE TRUE TRUE TRUE ...
 $ RaceHorse.IsHitA                 : int  0 0 0 0 0 0 0 0 0 0 ...
 $ RaceHorse.IsHitB                 : int  0 0 0 0 0 0 0 0 0 0 ...
 $ RaceHorse.IsHitC                 : int  0 0 0 0 0 0 0 0 0 0 ...
 $ Jockey.RaceId                    : Factor w/ 1208 levels "20160105-06-01-01-06",..: 1 1 1 1 1 1 1 1 1 1 ...
 $ Jockey.KettoNum                  : Factor w/ 16187 levels "2013100548","2013101435",..: 1 1 1 1 1 1 1 1 1 1 ...
 $ Jockey.KisyuCode                 : Factor w/ 176 levels "00641","01096",..: 1 1 1 1 1 1 1 1 1 1 ...
 $ Jockey.RowNum                    : num  1 2 3 4 5 6 7 8 9 10 ...
 $ Jockey.PrevKettoNum              : Factor w/ 17488 levels "2013102879","2013104463",..: 1 2 3 4 5 6 7 8 9 10 ...
 $ Jockey.PrevRaceId                : Factor w/ 1715 levels "20151226-06-05-07-05",..: 1 2 3 4 5 6 7 8 9 10 ...
 $ Jockey.SyussoTosu                : num  18 16 16 16 13 18 18 16 18 11 ...
 $ Jockey.TimeDvByRace              : num  55.3 38.4 48.6 45.6 26.4 ...
 $ Jockey.RunCount                  : int  1 1 1 1 1 1 1 1 1 1 ...
 $ Jockey.HitCount1                 : int  0 0 0 0 0 1 0 0 0 0 ...
 $ Jockey.HitCount2                 : int  0 0 0 0 0 0 0 0 0 0 ...
 $ Jockey.HitCount3                 : int  0 0 0 0 0 0 0 0 1 0 ...
 $ Jockey.HitCount4                 : int  0 0 0 0 0 0 0 0 0 0 ...
 $ Jockey.HitCount5                 : int  0 0 0 0 0 0 0 0 0 1 ...
 $ EOF                              : int  1 1 1 1 1 1 1 1 1 1 ...
NULL
[1] "2022-02-08 22:24:30 --- transform Finish ---"
[1] "2022-02-08 22:24:30 --- na.omit Start ---"
[1] "nrow(data) na.omit before=245867"
[1] "nrow(data) na.omit after =245867"
[1] "nrow(data) na.omit diff =0"
'data.frame':	245867 obs. of  42 variables:
 $ Race.RaceId                      : Factor w/ 1208 levels "20160105-06-01-01-06",..: 1 1 1 1 1 1 1 1 1 1 ...
 $ Race.IsPredictedRace             : logi  TRUE TRUE TRUE TRUE TRUE TRUE ...
 $ Race.IsAnalyzeNormalPastAndFuture: logi  TRUE TRUE TRUE TRUE TRUE TRUE ...
 $ Race.IsAnalyzeNormalPast         : logi  TRUE TRUE TRUE TRUE TRUE TRUE ...
 $ Race.IsAnalyzeNormalFuture       : logi  FALSE FALSE FALSE FALSE FALSE FALSE ...
 $ Race.IsAnalyzeFullPastAndFuture  : logi  TRUE TRUE TRUE TRUE TRUE TRUE ...
 $ Race.IsAnalyzeFullPast           : logi  TRUE TRUE TRUE TRUE TRUE TRUE ...
 $ Race.IsAnalyzeFullFuture         : logi  FALSE FALSE FALSE FALSE FALSE FALSE ...
 $ Race.JyokenCd                    : Factor w/ 1 level "6": 1 1 1 1 1 1 1 1 1 1 ...
 $ Race.JyoType1Cd                  : Factor w/ 126 levels "1-06-2000-1",..: 1 1 1 1 1 1 1 1 1 1 ...
 $ Race.RaceType0Cd                 : Factor w/ 155 levels "1-06-2000-1-6-X-12",..: 1 1 1 1 1 1 1 1 1 1 ...
 $ Race.RaceType1Cd                 : Factor w/ 1 level "1-6-X": 1 1 1 1 1 1 1 1 1 1 ...
 $ Race.RaceType2Cd                 : Factor w/ 1 level "1-6-X": 1 1 1 1 1 1 1 1 1 1 ...
 $ Race.RaceType3Cd                 : Factor w/ 2 levels "6-X-12","6-X-11": 1 1 1 1 1 1 1 1 1 1 ...
 $ Race.RaceType4Cd                 : Factor w/ 2 levels "1-6-12","1-6-11": 1 1 1 1 1 1 1 1 1 1 ...
 $ RaceHorse.RaceId                 : Factor w/ 1208 levels "20160105-06-01-01-06",..: 1 1 1 1 1 1 1 1 1 1 ...
 $ RaceHorse.KettoNum               : Factor w/ 16187 levels "2013100548","2013101435",..: 1 1 1 1 1 1 1 1 1 1 ...
 $ RaceHorse.IsHit1                 : int  0 0 0 0 0 0 0 0 0 0 ...
 $ RaceHorse.IsHit2                 : int  0 0 0 0 0 0 0 0 0 0 ...
 $ RaceHorse.IsHit3                 : int  0 0 0 0 0 0 0 0 0 0 ...
 $ RaceHorse.IsHit4                 : int  0 0 0 0 0 0 0 0 0 0 ...
 $ RaceHorse.IsHit5                 : int  0 0 0 0 0 0 0 0 0 0 ...
 $ RaceHorse.IsHit6                 : int  1 1 1 1 1 1 1 1 1 1 ...
 $ RaceHorse.IsValidRaceHorse       : logi  TRUE TRUE TRUE TRUE TRUE TRUE ...
 $ RaceHorse.IsHitA                 : int  0 0 0 0 0 0 0 0 0 0 ...
 $ RaceHorse.IsHitB                 : int  0 0 0 0 0 0 0 0 0 0 ...
 $ RaceHorse.IsHitC                 : int  0 0 0 0 0 0 0 0 0 0 ...
 $ Jockey.RaceId                    : Factor w/ 1208 levels "20160105-06-01-01-06",..: 1 1 1 1 1 1 1 1 1 1 ...
 $ Jockey.KettoNum                  : Factor w/ 16187 levels "2013100548","2013101435",..: 1 1 1 1 1 1 1 1 1 1 ...
 $ Jockey.KisyuCode                 : Factor w/ 176 levels "00641","01096",..: 1 1 1 1 1 1 1 1 1 1 ...
 $ Jockey.RowNum                    : num  1 2 3 4 5 6 7 8 9 10 ...
 $ Jockey.PrevKettoNum              : Factor w/ 17488 levels "2013102879","2013104463",..: 1 2 3 4 5 6 7 8 9 10 ...
 $ Jockey.PrevRaceId                : Factor w/ 1715 levels "20151226-06-05-07-05",..: 1 2 3 4 5 6 7 8 9 10 ...
 $ Jockey.SyussoTosu                : num  18 16 16 16 13 18 18 16 18 11 ...
 $ Jockey.TimeDvByRace              : num  55.3 38.4 48.6 45.6 26.4 ...
 $ Jockey.RunCount                  : int  1 1 1 1 1 1 1 1 1 1 ...
 $ Jockey.HitCount1                 : int  0 0 0 0 0 1 0 0 0 0 ...
 $ Jockey.HitCount2                 : int  0 0 0 0 0 0 0 0 0 0 ...
 $ Jockey.HitCount3                 : int  0 0 0 0 0 0 0 0 1 0 ...
 $ Jockey.HitCount4                 : int  0 0 0 0 0 0 0 0 0 0 ...
 $ Jockey.HitCount5                 : int  0 0 0 0 0 0 0 0 0 1 ...
 $ EOF                              : int  1 1 1 1 1 1 1 1 1 1 ...
[1] "2022-02-08 22:24:32 --- na.omit Finish ---"
[1] "2022-02-08 22:24:32 --- rxGlm with rxStepControl Start ---"
[1] "2022-02-08 22:24:32 --- source_logic_glm.R Start ---"
[1] "2022-02-08 22:24:32 --- source_logic_glm.R Finished ---"
Rows Read: 245867, Total Rows Processed: 245867, Total Chunk Time: 0.007 seconds 

Starting values (iteration 1) time: 0.040 secs.
Rows Read: 245867, Total Rows Processed: 245867, Total Chunk Time: 0.017 seconds 

Iteration 2 time: 0.033 secs.
Rows Read: 245867, Total Rows Processed: 245867, Total Chunk Time: 0.016 seconds 

Iteration 3 time: 0.021 secs.
Rows Read: 245867, Total Rows Processed: 245867, Total Chunk Time: 0.023 seconds 

Iteration 4 time: 0.028 secs.
Rows Read: 245867, Total Rows Processed: 245867, Total Chunk Time: 0.018 seconds 

Iteration 5 time: 0.022 secs.

Elapsed computation time: 0.259 secs.
Rows Read: 245867, Total Rows Processed: 245867, Total Chunk Time: 0.005 seconds 

Starting values (iteration 1) time: 0.034 secs.
Rows Read: 245867, Total Rows Processed: 245867, Total Chunk Time: 0.015 seconds 

Iteration 2 time: 0.032 secs.
Rows Read: 245867, Total Rows Processed: 245867, Total Chunk Time: 0.014 seconds 

Iteration 3 time: 0.020 secs.
Rows Read: 245867, Total Rows Processed: 245867, Total Chunk Time: 0.016 seconds 

Iteration 4 time: 0.020 secs.

Elapsed computation time: 0.129 secs.
Rows Read: 245867, Total Rows Processed: 245867, Total Chunk Time: 0.007 seconds 

Starting values (iteration 1) time: 0.038 secs.
Rows Read: 245867, Total Rows Processed: 245867, Total Chunk Time: 0.014 seconds 

Iteration 2 time: 0.031 secs.
Rows Read: 245867, Total Rows Processed: 245867, Total Chunk Time: 0.015 seconds 

Iteration 3 time: 0.019 secs.
Rows Read: 245867, Total Rows Processed: 245867, Total Chunk Time: 0.019 seconds 

Iteration 4 time: 0.023 secs.
Rows Read: 245867, Total Rows Processed: 245867, Total Chunk Time: 0.014 seconds 

Iteration 5 time: 0.019 secs.

Elapsed computation time: 0.154 secs.
Rows Read: 245867, Total Rows Processed: 245867, Total Chunk Time: 0.008 seconds 

Starting values (iteration 1) time: 0.042 secs.
Rows Read: 245867, Total Rows Processed: 245867, Total Chunk Time: 0.014 seconds 

Iteration 2 time: 0.030 secs.
Rows Read: 245867, Total Rows Processed: 245867, Total Chunk Time: 0.015 seconds 

Iteration 3 time: 0.019 secs.
Rows Read: 245867, Total Rows Processed: 245867, Total Chunk Time: 0.014 seconds 

Iteration 4 time: 0.018 secs.
Rows Read: 245867, Total Rows Processed: 245867, Total Chunk Time: 0.018 seconds 

Iteration 5 time: 0.023 secs.

Elapsed computation time: 0.181 secs.
Rows Read: 245867, Total Rows Processed: 245867, Total Chunk Time: 0.006 seconds 

Starting values (iteration 1) time: 0.035 secs.
Rows Read: 245867, Total Rows Processed: 245867, Total Chunk Time: 0.014 seconds 

Iteration 2 time: 0.031 secs.
Rows Read: 245867, Total Rows Processed: 245867, Total Chunk Time: 0.014 seconds 

Iteration 3 time: 0.019 secs.
Rows Read: 245867, Total Rows Processed: 245867, Total Chunk Time: 0.016 seconds 

Iteration 4 time: 0.021 secs.
Rows Read: 245867, Total Rows Processed: 245867, Total Chunk Time: 0.015 seconds 

Iteration 5 time: 0.019 secs.

Elapsed computation time: 0.157 secs.
Rows Read: 245867, Total Rows Processed: 245867, Total Chunk Time: 0.004 seconds 

Starting values (iteration 1) time: 0.032 secs.
Rows Read: 245867, Total Rows Processed: 245867, Total Chunk Time: 0.012 seconds 

Iteration 2 time: 0.027 secs.
Rows Read: 245867, Total Rows Processed: 245867, Total Chunk Time: 0.012 seconds 

Iteration 3 time: 0.016 secs.
Rows Read: 245867, Total Rows Processed: 245867, Total Chunk Time: 0.012 seconds 

Iteration 4 time: 0.016 secs.

Elapsed computation time: 0.124 secs.
Rows Read: 245867, Total Rows Processed: 245867, Total Chunk Time: 0.005 seconds 

Starting values (iteration 1) time: 0.035 secs.
Rows Read: 245867, Total Rows Processed: 245867, Total Chunk Time: 0.011 seconds 

Iteration 2 time: 0.028 secs.
Rows Read: 245867, Total Rows Processed: 245867, Total Chunk Time: 0.012 seconds 

Iteration 3 time: 0.016 secs.
Rows Read: 245867, Total Rows Processed: 245867, Total Chunk Time: 0.012 seconds 

Iteration 4 time: 0.017 secs.
Rows Read: 245867, Total Rows Processed: 245867, Total Chunk Time: 0.020 seconds 

Iteration 5 time: 0.025 secs.

Elapsed computation time: 0.226 secs.
Rows Read: 245867, Total Rows Processed: 245867, Total Chunk Time: 0.007 seconds 

Starting values (iteration 1) time: 0.035 secs.
Rows Read: 245867, Total Rows Processed: 245867, Total Chunk Time: 0.014 seconds 

Iteration 2 time: 0.031 secs.
Rows Read: 245867, Total Rows Processed: 245867, Total Chunk Time: 0.014 seconds 

Iteration 3 time: 0.018 secs.
Rows Read: 245867, Total Rows Processed: 245867, Total Chunk Time: 0.018 seconds 

Iteration 4 time: 0.022 secs.
Rows Read: 245867, Total Rows Processed: 245867, Total Chunk Time: 0.014 seconds 

Iteration 5 time: 0.018 secs.

Elapsed computation time: 0.147 secs.

Elapsed computation time: 1.456 secs.
[1] "analyze.results.glm.step="
Logistic Regression Results for: RaceHorse.IsHitA ~ Jockey.HitCount1 +
    Jockey.SyussoTosu
Data: data
Dependent variable(s): RaceHorse.IsHitA
Total independent variables: 3 
Number of valid observations: 245867
Number of missing observations: 0 
 
Coefficients:
                  RaceHorse.IsHitA
(Intercept)                  -2.07
Jockey.HitCount1              0.69
Jockey.SyussoTosu            -0.03
[1] "analyze.results.glm.step.summary"
Call:
rxLogit(formula = form, data = data, variableSelection = analyze.results.glm.step.varsel)

Logistic Regression Results for: RaceHorse.IsHitA ~ Jockey.HitCount1 +
    Jockey.SyussoTosu
Data: data
Dependent variable(s): RaceHorse.IsHitA
Total independent variables: 3 
Number of valid observations: 245867
Number of missing observations: 0 
-2*LogLikelihood: 134426.098 (Residual deviance on 245864 degrees of freedom)
 
Coefficients:
                  Estimate Std. Error z value Pr(>|z|)    
(Intercept)       -2.07030    0.03516   -58.9  2.2e-16 ***
Jockey.HitCount1   0.68623    0.02237    30.7  2.2e-16 ***
Jockey.SyussoTosu -0.03275    0.00244   -13.4  2.2e-16 ***
---
Signif. codes:  0 '***' 0.001 '**' 0.01 '*' 0.05 '.' 0.1 ' ' 1

Condition number of final variance-covariance matrix: 1 
Number of iterations: 5
[1] "2022-02-08 22:24:34 --- rxGlm with rxStepControl Finish ---"
[1] "2022-02-08 22:24:34 --- rxStepPlot Start ---"
[1] "pdfFilename=pdf_analyze_glm_Jockey_Type16_rxStepPlot.pdf"
[1] "rxStepPlot="
[1] "2022-02-08 22:24:34 --- rxStepPlot Finish ---"
[1] "2022-02-08 22:24:34 --- save.image Start ---"
[1] "save.image"
[1] "rdataFilename=RData_analyze_glm_Jockey_Type16.RData"
[1] "2022-02-08 22:24:35 --- save.image Finish ---"
[1] "2022-02-08 22:24:35 --- final Start ---"
[1] "nrow(data) final=245867"
[1] "2022-02-08 22:24:35 --- final Finish ---"
[1] "2022-02-08 22:24:35 --- analyze_glm.R Finished ---"
[1] "2022-02-08 22:24:35 --- log Finish ---"
