[1] "2022-02-08 22:11:16 --- D1114_analyze_glm_Jockey_IsHitA_Type11 Start ---"
[1] "2022-02-08 22:11:16 --- Log Start ---"
[1] "2022-02-08 22:11:16 --- analyze_glm.R Start ---"
[1] "analyzeVersion=D1114"
[1] "analyzeCategory=analyze"
[1] "analyzeType=Jockey"
[1] "analyzeFamily=IsHitA"
[1] "analyzeFunc=glm"
[1] "analyzeTrackTypeCd=1"
[1] "analyzeJyokenCd=1"
[1] "2022-02-08 22:11:16 --- source_function.R Start ---"
[1] "2022-02-08 22:11:16 --- source_function.R Finished ---"

> print(paste0(Sys.time(), " --- source_library.R Start ---"))
[1] "2022-02-08 22:11:17 --- source_library.R Start ---"

> require("RevoScaleR")

> print(paste0(Sys.time(), " --- source_library.R Finished ---"))
[1] "2022-02-08 22:11:17 --- source_library.R Finished ---"
[1] "2022-02-08 22:11:17 --- RxSqlServerData Start ---"
[1] "sqlQuery=SELECT * FROM ViewAnalyzeD1114analyze01JockeyType11"
Rows Read: 262625, Total Rows Processed: 262625, Total Chunk Time: 7.930 seconds 
[1] "head(data)="
           Race.RaceId Race.IsPredictedRace Race.IsAnalyzeNormalPastAndFuture
1 20160105-06-01-01-11                 TRUE                              TRUE
2 20160105-06-01-01-11                 TRUE                              TRUE
3 20160105-06-01-01-11                 TRUE                              TRUE
4 20160105-06-01-01-11                 TRUE                              TRUE
5 20160105-06-01-01-11                 TRUE                              TRUE
6 20160105-06-01-01-11                 TRUE                              TRUE
  Race.IsAnalyzeNormalPast Race.IsAnalyzeNormalFuture
1                     TRUE                      FALSE
2                     TRUE                      FALSE
3                     TRUE                      FALSE
4                     TRUE                      FALSE
5                     TRUE                      FALSE
6                     TRUE                      FALSE
  Race.IsAnalyzeFullPastAndFuture Race.IsAnalyzeFullPast
1                            TRUE                   TRUE
2                            TRUE                   TRUE
3                            TRUE                   TRUE
4                            TRUE                   TRUE
5                            TRUE                   TRUE
6                            TRUE                   TRUE
  Race.IsAnalyzeFullFuture Race.JyokenCd Race.JyoType1Cd   Race.RaceType0Cd
1                    FALSE             1     1-06-2000-1 1-06-2000-1-1-C-14
2                    FALSE             1     1-06-2000-1 1-06-2000-1-1-C-14
3                    FALSE             1     1-06-2000-1 1-06-2000-1-1-C-14
4                    FALSE             1     1-06-2000-1 1-06-2000-1-1-C-14
5                    FALSE             1     1-06-2000-1 1-06-2000-1-1-C-14
6                    FALSE             1     1-06-2000-1 1-06-2000-1-1-C-14
  Race.RaceType1Cd Race.RaceType2Cd Race.RaceType3Cd Race.RaceType4Cd
1            1-1-C            1-1-C           1-C-14           1-1-14
2            1-1-C            1-1-C           1-C-14           1-1-14
3            1-1-C            1-1-C           1-C-14           1-1-14
4            1-1-C            1-1-C           1-C-14           1-1-14
5            1-1-C            1-1-C           1-C-14           1-1-14
6            1-1-C            1-1-C           1-C-14           1-1-14
      RaceHorse.RaceId RaceHorse.KettoNum RaceHorse.IsHit1 RaceHorse.IsHit2
1 20160105-06-01-01-11         2010104134                0                0
2 20160105-06-01-01-11         2010104134                0                0
3 20160105-06-01-01-11         2010104134                0                0
4 20160105-06-01-01-11         2010104134                0                0
5 20160105-06-01-01-11         2010104134                0                0
6 20160105-06-01-01-11         2010104134                0                0
  RaceHorse.IsHit3 RaceHorse.IsHit4 RaceHorse.IsHit5 RaceHorse.IsHit6
1                1                0                0                0
2                1                0                0                0
3                1                0                0                0
4                1                0                0                0
5                1                0                0                0
6                1                0                0                0
  RaceHorse.IsValidRaceHorse RaceHorse.IsHitA RaceHorse.IsHitB RaceHorse.IsHitC
1                       TRUE                0                0                1
2                       TRUE                0                0                1
3                       TRUE                0                0                1
4                       TRUE                0                0                1
5                       TRUE                0                0                1
6                       TRUE                0                0                1
         Jockey.RaceId Jockey.KettoNum Jockey.KisyuCode Jockey.RowNum
1 20160105-06-01-01-11      2010104134            05212             1
2 20160105-06-01-01-11      2010104134            05212             2
3 20160105-06-01-01-11      2010104134            05212             3
4 20160105-06-01-01-11      2010104134            05212             4
5 20160105-06-01-01-11      2010104134            05212             5
6 20160105-06-01-01-11      2010104134            05212             6
  Jockey.PrevKettoNum    Jockey.PrevRaceId Jockey.SyussoTosu
1          2010104134 20151212-09-05-03-11                18
2          2013105867 20151128-08-05-08-11                12
3          2013105662 20151123-05-05-07-11                11
4          2010103783 20151024-05-04-06-11                16
5          2008103125 20150906-04-02-12-11                18
6          2008103919 20150830-01-02-04-11                16
  Jockey.TimeDvByRace Jockey.RunCount Jockey.HitCount1 Jockey.HitCount2
1                  68               1                1                0
2                  55               1                0                0
3                  50               1                0                0
4                  61               1                0                0
5                  66               1                1                0
6                  58               1                0                0
  Jockey.HitCount3 Jockey.HitCount4 Jockey.HitCount5 EOF
1                0                0                0   1
2                0                0                1   1
3                0                0                0   1
4                1                0                0   1
5                0                0                0   1
6                0                0                0   1
[1] "object.size(data) auto=46.4 Mb"
[1] "nrow(data) RxSqlServerData=262625"
[1] "str(data)="
'data.frame':	262625 obs. of  42 variables:
 $ Race.RaceId                      : Factor w/ 1139 levels "20160105-06-01-01-11",..: 1 1 1 1 1 1 1 1 1 1 ...
 $ Race.IsPredictedRace             : logi  TRUE TRUE TRUE TRUE TRUE TRUE ...
 $ Race.IsAnalyzeNormalPastAndFuture: logi  TRUE TRUE TRUE TRUE TRUE TRUE ...
 $ Race.IsAnalyzeNormalPast         : logi  TRUE TRUE TRUE TRUE TRUE TRUE ...
 $ Race.IsAnalyzeNormalFuture       : logi  FALSE FALSE FALSE FALSE FALSE FALSE ...
 $ Race.IsAnalyzeFullPastAndFuture  : logi  TRUE TRUE TRUE TRUE TRUE TRUE ...
 $ Race.IsAnalyzeFullPast           : logi  TRUE TRUE TRUE TRUE TRUE TRUE ...
 $ Race.IsAnalyzeFullFuture         : logi  FALSE FALSE FALSE FALSE FALSE FALSE ...
 $ Race.JyokenCd                    : Factor w/ 1 level "1": 1 1 1 1 1 1 1 1 1 1 ...
 $ Race.JyoType1Cd                  : Factor w/ 156 levels "1-06-2000-1",..: 1 1 1 1 1 1 1 1 1 1 ...
 $ Race.RaceType0Cd                 : Factor w/ 426 levels "1-06-2000-1-1-C-14",..: 1 1 1 1 1 1 1 1 1 1 ...
 $ Race.RaceType1Cd                 : Factor w/ 6 levels "1-1-C","1-1-E",..: 1 1 1 1 1 1 1 1 1 1 ...
 $ Race.RaceType2Cd                 : Factor w/ 6 levels "1-1-C","1-1-E",..: 1 1 1 1 1 1 1 1 1 1 ...
 $ Race.RaceType3Cd                 : Factor w/ 22 levels "1-C-14","1-E-12",..: 1 1 1 1 1 1 1 1 1 1 ...
 $ Race.RaceType4Cd                 : Factor w/ 4 levels "1-1-14","1-1-12",..: 1 1 1 1 1 1 1 1 1 1 ...
 $ RaceHorse.RaceId                 : Factor w/ 1139 levels "20160105-06-01-01-11",..: 1 1 1 1 1 1 1 1 1 1 ...
 $ RaceHorse.KettoNum               : Factor w/ 3622 levels "2010104134","2013100637",..: 1 1 1 1 1 1 1 1 1 1 ...
 $ RaceHorse.IsHit1                 : int  0 0 0 0 0 0 0 0 0 0 ...
 $ RaceHorse.IsHit2                 : int  0 0 0 0 0 0 0 0 0 0 ...
 $ RaceHorse.IsHit3                 : int  1 1 1 1 1 1 1 1 1 1 ...
 $ RaceHorse.IsHit4                 : int  0 0 0 0 0 0 0 0 0 0 ...
 $ RaceHorse.IsHit5                 : int  0 0 0 0 0 0 0 0 0 0 ...
 $ RaceHorse.IsHit6                 : int  0 0 0 0 0 0 0 0 0 0 ...
 $ RaceHorse.IsValidRaceHorse       : logi  TRUE TRUE TRUE TRUE TRUE TRUE ...
 $ RaceHorse.IsHitA                 : int  0 0 0 0 0 0 0 0 0 0 ...
 $ RaceHorse.IsHitB                 : int  0 0 0 0 0 0 0 0 0 0 ...
 $ RaceHorse.IsHitC                 : int  1 1 1 1 1 1 1 1 1 1 ...
 $ Jockey.RaceId                    : Factor w/ 1139 levels "20160105-06-01-01-11",..: 1 1 1 1 1 1 1 1 1 1 ...
 $ Jockey.KettoNum                  : Factor w/ 3622 levels "2010104134","2013100637",..: 1 1 1 1 1 1 1 1 1 1 ...
 $ Jockey.KisyuCode                 : Factor w/ 183 levels "05212","01032",..: 1 1 1 1 1 1 1 1 1 1 ...
 $ Jockey.RowNum                    : num  1 2 3 4 5 6 7 8 9 10 ...
 $ Jockey.PrevKettoNum              : Factor w/ 4695 levels "2010104134","2013105867",..: 1 2 3 4 5 6 7 8 9 10 ...
 $ Jockey.PrevRaceId                : Factor w/ 1850 levels "20151212-09-05-03-11",..: 1 2 3 4 5 6 7 8 9 10 ...
 $ Jockey.SyussoTosu                : num  18 12 11 16 18 16 12 14 16 16 ...
 $ Jockey.TimeDvByRace              : num  67.8 54.9 50.5 61.5 65.9 ...
 $ Jockey.RunCount                  : int  1 1 1 1 1 1 1 1 1 1 ...
 $ Jockey.HitCount1                 : int  1 0 0 0 1 0 0 1 1 0 ...
 $ Jockey.HitCount2                 : int  0 0 0 0 0 0 0 0 0 0 ...
 $ Jockey.HitCount3                 : int  0 0 0 1 0 0 0 0 0 0 ...
 $ Jockey.HitCount4                 : int  0 0 0 0 0 0 0 0 0 1 ...
 $ Jockey.HitCount5                 : int  0 1 0 0 0 0 0 0 0 0 ...
 $ EOF                              : int  1 1 1 1 1 1 1 1 1 1 ...
[1] "2022-02-08 22:11:37 --- RxSqlServerData Finish ---"
[1] "2022-02-08 22:11:37 --- subset Start ---"
[1] "nrow(data) subset before=262625"
[1] "nrow(data) subset after =208575"
[1] "nrow(data) subset diff =54050"
[1] "2022-02-08 22:11:38 --- subset Finish---"
[1] "2022-02-08 22:11:38 --- transform Start ---"
[1] "nrow(data) transform before=208575"
[1] "nrow(data) transform after=208575"
[1] "nrow(data) transform diff=0"
[1] "str(data)="
'data.frame':	208575 obs. of  42 variables:
 $ Race.RaceId                      : Factor w/ 1139 levels "20160105-06-01-01-11",..: 1 1 1 1 1 1 1 1 1 1 ...
 $ Race.IsPredictedRace             : logi  TRUE TRUE TRUE TRUE TRUE TRUE ...
 $ Race.IsAnalyzeNormalPastAndFuture: logi  TRUE TRUE TRUE TRUE TRUE TRUE ...
 $ Race.IsAnalyzeNormalPast         : logi  TRUE TRUE TRUE TRUE TRUE TRUE ...
 $ Race.IsAnalyzeNormalFuture       : logi  FALSE FALSE FALSE FALSE FALSE FALSE ...
 $ Race.IsAnalyzeFullPastAndFuture  : logi  TRUE TRUE TRUE TRUE TRUE TRUE ...
 $ Race.IsAnalyzeFullPast           : logi  TRUE TRUE TRUE TRUE TRUE TRUE ...
 $ Race.IsAnalyzeFullFuture         : logi  FALSE FALSE FALSE FALSE FALSE FALSE ...
 $ Race.JyokenCd                    : Factor w/ 1 level "1": 1 1 1 1 1 1 1 1 1 1 ...
 $ Race.JyoType1Cd                  : Factor w/ 156 levels "1-06-2000-1",..: 1 1 1 1 1 1 1 1 1 1 ...
 $ Race.RaceType0Cd                 : Factor w/ 426 levels "1-06-2000-1-1-C-14",..: 1 1 1 1 1 1 1 1 1 1 ...
 $ Race.RaceType1Cd                 : Factor w/ 6 levels "1-1-C","1-1-E",..: 1 1 1 1 1 1 1 1 1 1 ...
 $ Race.RaceType2Cd                 : Factor w/ 6 levels "1-1-C","1-1-E",..: 1 1 1 1 1 1 1 1 1 1 ...
 $ Race.RaceType3Cd                 : Factor w/ 22 levels "1-C-14","1-E-12",..: 1 1 1 1 1 1 1 1 1 1 ...
 $ Race.RaceType4Cd                 : Factor w/ 4 levels "1-1-14","1-1-12",..: 1 1 1 1 1 1 1 1 1 1 ...
 $ RaceHorse.RaceId                 : Factor w/ 1139 levels "20160105-06-01-01-11",..: 1 1 1 1 1 1 1 1 1 1 ...
 $ RaceHorse.KettoNum               : Factor w/ 3622 levels "2010104134","2013100637",..: 1 1 1 1 1 1 1 1 1 1 ...
 $ RaceHorse.IsHit1                 : int  0 0 0 0 0 0 0 0 0 0 ...
 $ RaceHorse.IsHit2                 : int  0 0 0 0 0 0 0 0 0 0 ...
 $ RaceHorse.IsHit3                 : int  1 1 1 1 1 1 1 1 1 1 ...
 $ RaceHorse.IsHit4                 : int  0 0 0 0 0 0 0 0 0 0 ...
 $ RaceHorse.IsHit5                 : int  0 0 0 0 0 0 0 0 0 0 ...
 $ RaceHorse.IsHit6                 : int  0 0 0 0 0 0 0 0 0 0 ...
 $ RaceHorse.IsValidRaceHorse       : logi  TRUE TRUE TRUE TRUE TRUE TRUE ...
 $ RaceHorse.IsHitA                 : int  0 0 0 0 0 0 0 0 0 0 ...
 $ RaceHorse.IsHitB                 : int  0 0 0 0 0 0 0 0 0 0 ...
 $ RaceHorse.IsHitC                 : int  1 1 1 1 1 1 1 1 1 1 ...
 $ Jockey.RaceId                    : Factor w/ 1139 levels "20160105-06-01-01-11",..: 1 1 1 1 1 1 1 1 1 1 ...
 $ Jockey.KettoNum                  : Factor w/ 3622 levels "2010104134","2013100637",..: 1 1 1 1 1 1 1 1 1 1 ...
 $ Jockey.KisyuCode                 : Factor w/ 183 levels "05212","01032",..: 1 1 1 1 1 1 1 1 1 1 ...
 $ Jockey.RowNum                    : num  1 2 3 4 5 6 7 8 9 10 ...
 $ Jockey.PrevKettoNum              : Factor w/ 4695 levels "2010104134","2013105867",..: 1 2 3 4 5 6 7 8 9 10 ...
 $ Jockey.PrevRaceId                : Factor w/ 1850 levels "20151212-09-05-03-11",..: 1 2 3 4 5 6 7 8 9 10 ...
 $ Jockey.SyussoTosu                : num  18 12 11 16 18 16 12 14 16 16 ...
 $ Jockey.TimeDvByRace              : num  67.8 54.9 50.5 61.5 65.9 ...
 $ Jockey.RunCount                  : int  1 1 1 1 1 1 1 1 1 1 ...
 $ Jockey.HitCount1                 : int  1 0 0 0 1 0 0 1 1 0 ...
 $ Jockey.HitCount2                 : int  0 0 0 0 0 0 0 0 0 0 ...
 $ Jockey.HitCount3                 : int  0 0 0 1 0 0 0 0 0 0 ...
 $ Jockey.HitCount4                 : int  0 0 0 0 0 0 0 0 0 1 ...
 $ Jockey.HitCount5                 : int  0 1 0 0 0 0 0 0 0 0 ...
 $ EOF                              : int  1 1 1 1 1 1 1 1 1 1 ...
NULL
[1] "2022-02-08 22:11:39 --- transform Finish ---"
[1] "2022-02-08 22:11:39 --- na.omit Start ---"
[1] "nrow(data) na.omit before=208575"
[1] "nrow(data) na.omit after =208575"
[1] "nrow(data) na.omit diff =0"
'data.frame':	208575 obs. of  42 variables:
 $ Race.RaceId                      : Factor w/ 1139 levels "20160105-06-01-01-11",..: 1 1 1 1 1 1 1 1 1 1 ...
 $ Race.IsPredictedRace             : logi  TRUE TRUE TRUE TRUE TRUE TRUE ...
 $ Race.IsAnalyzeNormalPastAndFuture: logi  TRUE TRUE TRUE TRUE TRUE TRUE ...
 $ Race.IsAnalyzeNormalPast         : logi  TRUE TRUE TRUE TRUE TRUE TRUE ...
 $ Race.IsAnalyzeNormalFuture       : logi  FALSE FALSE FALSE FALSE FALSE FALSE ...
 $ Race.IsAnalyzeFullPastAndFuture  : logi  TRUE TRUE TRUE TRUE TRUE TRUE ...
 $ Race.IsAnalyzeFullPast           : logi  TRUE TRUE TRUE TRUE TRUE TRUE ...
 $ Race.IsAnalyzeFullFuture         : logi  FALSE FALSE FALSE FALSE FALSE FALSE ...
 $ Race.JyokenCd                    : Factor w/ 1 level "1": 1 1 1 1 1 1 1 1 1 1 ...
 $ Race.JyoType1Cd                  : Factor w/ 156 levels "1-06-2000-1",..: 1 1 1 1 1 1 1 1 1 1 ...
 $ Race.RaceType0Cd                 : Factor w/ 426 levels "1-06-2000-1-1-C-14",..: 1 1 1 1 1 1 1 1 1 1 ...
 $ Race.RaceType1Cd                 : Factor w/ 6 levels "1-1-C","1-1-E",..: 1 1 1 1 1 1 1 1 1 1 ...
 $ Race.RaceType2Cd                 : Factor w/ 6 levels "1-1-C","1-1-E",..: 1 1 1 1 1 1 1 1 1 1 ...
 $ Race.RaceType3Cd                 : Factor w/ 22 levels "1-C-14","1-E-12",..: 1 1 1 1 1 1 1 1 1 1 ...
 $ Race.RaceType4Cd                 : Factor w/ 4 levels "1-1-14","1-1-12",..: 1 1 1 1 1 1 1 1 1 1 ...
 $ RaceHorse.RaceId                 : Factor w/ 1139 levels "20160105-06-01-01-11",..: 1 1 1 1 1 1 1 1 1 1 ...
 $ RaceHorse.KettoNum               : Factor w/ 3622 levels "2010104134","2013100637",..: 1 1 1 1 1 1 1 1 1 1 ...
 $ RaceHorse.IsHit1                 : int  0 0 0 0 0 0 0 0 0 0 ...
 $ RaceHorse.IsHit2                 : int  0 0 0 0 0 0 0 0 0 0 ...
 $ RaceHorse.IsHit3                 : int  1 1 1 1 1 1 1 1 1 1 ...
 $ RaceHorse.IsHit4                 : int  0 0 0 0 0 0 0 0 0 0 ...
 $ RaceHorse.IsHit5                 : int  0 0 0 0 0 0 0 0 0 0 ...
 $ RaceHorse.IsHit6                 : int  0 0 0 0 0 0 0 0 0 0 ...
 $ RaceHorse.IsValidRaceHorse       : logi  TRUE TRUE TRUE TRUE TRUE TRUE ...
 $ RaceHorse.IsHitA                 : int  0 0 0 0 0 0 0 0 0 0 ...
 $ RaceHorse.IsHitB                 : int  0 0 0 0 0 0 0 0 0 0 ...
 $ RaceHorse.IsHitC                 : int  1 1 1 1 1 1 1 1 1 1 ...
 $ Jockey.RaceId                    : Factor w/ 1139 levels "20160105-06-01-01-11",..: 1 1 1 1 1 1 1 1 1 1 ...
 $ Jockey.KettoNum                  : Factor w/ 3622 levels "2010104134","2013100637",..: 1 1 1 1 1 1 1 1 1 1 ...
 $ Jockey.KisyuCode                 : Factor w/ 183 levels "05212","01032",..: 1 1 1 1 1 1 1 1 1 1 ...
 $ Jockey.RowNum                    : num  1 2 3 4 5 6 7 8 9 10 ...
 $ Jockey.PrevKettoNum              : Factor w/ 4695 levels "2010104134","2013105867",..: 1 2 3 4 5 6 7 8 9 10 ...
 $ Jockey.PrevRaceId                : Factor w/ 1850 levels "20151212-09-05-03-11",..: 1 2 3 4 5 6 7 8 9 10 ...
 $ Jockey.SyussoTosu                : num  18 12 11 16 18 16 12 14 16 16 ...
 $ Jockey.TimeDvByRace              : num  67.8 54.9 50.5 61.5 65.9 ...
 $ Jockey.RunCount                  : int  1 1 1 1 1 1 1 1 1 1 ...
 $ Jockey.HitCount1                 : int  1 0 0 0 1 0 0 1 1 0 ...
 $ Jockey.HitCount2                 : int  0 0 0 0 0 0 0 0 0 0 ...
 $ Jockey.HitCount3                 : int  0 0 0 1 0 0 0 0 0 0 ...
 $ Jockey.HitCount4                 : int  0 0 0 0 0 0 0 0 0 1 ...
 $ Jockey.HitCount5                 : int  0 1 0 0 0 0 0 0 0 0 ...
 $ EOF                              : int  1 1 1 1 1 1 1 1 1 1 ...
[1] "2022-02-08 22:11:40 --- na.omit Finish ---"
[1] "2022-02-08 22:11:40 --- rxGlm with rxStepControl Start ---"
[1] "2022-02-08 22:11:41 --- source_logic_glm.R Start ---"
[1] "2022-02-08 22:11:41 --- source_logic_glm.R Finished ---"
Rows Read: 208575, Total Rows Processed: 208575, Total Chunk Time: 0.007 seconds 

Starting values (iteration 1) time: 0.029 secs.
Rows Read: 208575, Total Rows Processed: 208575, Total Chunk Time: 0.017 seconds 

Iteration 2 time: 0.027 secs.
Rows Read: 208575, Total Rows Processed: 208575, Total Chunk Time: 0.017 seconds 

Iteration 3 time: 0.022 secs.
Rows Read: 208575, Total Rows Processed: 208575, Total Chunk Time: 0.018 seconds 

Iteration 4 time: 0.023 secs.
Rows Read: 208575, Total Rows Processed: 208575, Total Chunk Time: 0.017 seconds 

Iteration 5 time: 0.022 secs.

Elapsed computation time: 0.154 secs.
Rows Read: 208575, Total Rows Processed: 208575, Total Chunk Time: 0.006 seconds 

Starting values (iteration 1) time: 0.020 secs.
Rows Read: 208575, Total Rows Processed: 208575, Total Chunk Time: 0.015 seconds 

Iteration 2 time: 0.023 secs.
Rows Read: 208575, Total Rows Processed: 208575, Total Chunk Time: 0.014 seconds 

Iteration 3 time: 0.018 secs.
Rows Read: 208575, Total Rows Processed: 208575, Total Chunk Time: 0.014 seconds 

Iteration 4 time: 0.019 secs.

Elapsed computation time: 0.121 secs.
Rows Read: 208575, Total Rows Processed: 208575, Total Chunk Time: 0.005 seconds 

Starting values (iteration 1) time: 0.017 secs.
Rows Read: 208575, Total Rows Processed: 208575, Total Chunk Time: 0.015 seconds 

Iteration 2 time: 0.024 secs.
Rows Read: 208575, Total Rows Processed: 208575, Total Chunk Time: 0.014 seconds 

Iteration 3 time: 0.019 secs.
Rows Read: 208575, Total Rows Processed: 208575, Total Chunk Time: 0.015 seconds 

Iteration 4 time: 0.020 secs.
Rows Read: 208575, Total Rows Processed: 208575, Total Chunk Time: 0.013 seconds 

Iteration 5 time: 0.019 secs.

Elapsed computation time: 0.161 secs.
Rows Read: 208575, Total Rows Processed: 208575, Total Chunk Time: 0.006 seconds 

Starting values (iteration 1) time: 0.021 secs.
Rows Read: 208575, Total Rows Processed: 208575, Total Chunk Time: 0.014 seconds 

Iteration 2 time: 0.023 secs.
Rows Read: 208575, Total Rows Processed: 208575, Total Chunk Time: 0.015 seconds 

Iteration 3 time: 0.020 secs.
Rows Read: 208575, Total Rows Processed: 208575, Total Chunk Time: 0.015 seconds 

Iteration 4 time: 0.020 secs.
Rows Read: 208575, Total Rows Processed: 208575, Total Chunk Time: 0.014 seconds 

Iteration 5 time: 0.019 secs.

Elapsed computation time: 0.149 secs.
Rows Read: 208575, Total Rows Processed: 208575, Total Chunk Time: 0.006 seconds 

Starting values (iteration 1) time: 0.018 secs.
Rows Read: 208575, Total Rows Processed: 208575, Total Chunk Time: 0.015 seconds 

Iteration 2 time: 0.024 secs.
Rows Read: 208575, Total Rows Processed: 208575, Total Chunk Time: 0.015 seconds 

Iteration 3 time: 0.019 secs.
Rows Read: 208575, Total Rows Processed: 208575, Total Chunk Time: 0.014 seconds 

Iteration 4 time: 0.020 secs.
Rows Read: 208575, Total Rows Processed: 208575, Total Chunk Time: 0.014 seconds 

Iteration 5 time: 0.019 secs.

Elapsed computation time: 0.157 secs.
Rows Read: 208575, Total Rows Processed: 208575, Total Chunk Time: 0.005 seconds 

Starting values (iteration 1) time: 0.017 secs.
Rows Read: 208575, Total Rows Processed: 208575, Total Chunk Time: 0.012 seconds 

Iteration 2 time: 0.020 secs.
Rows Read: 208575, Total Rows Processed: 208575, Total Chunk Time: 0.012 seconds 

Iteration 3 time: 0.018 secs.
Rows Read: 208575, Total Rows Processed: 208575, Total Chunk Time: 0.012 seconds 

Iteration 4 time: 0.016 secs.

Elapsed computation time: 0.117 secs.
Rows Read: 208575, Total Rows Processed: 208575, Total Chunk Time: 0.005 seconds 

Starting values (iteration 1) time: 0.019 secs.
Rows Read: 208575, Total Rows Processed: 208575, Total Chunk Time: 0.011 seconds 

Iteration 2 time: 0.024 secs.
Rows Read: 208575, Total Rows Processed: 208575, Total Chunk Time: 0.011 seconds 

Iteration 3 time: 0.015 secs.
Rows Read: 208575, Total Rows Processed: 208575, Total Chunk Time: 0.010 seconds 

Iteration 4 time: 0.015 secs.
Rows Read: 208575, Total Rows Processed: 208575, Total Chunk Time: 0.011 seconds 

Iteration 5 time: 0.016 secs.

Elapsed computation time: 0.140 secs.
Rows Read: 208575, Total Rows Processed: 208575, Total Chunk Time: 0.006 seconds 

Starting values (iteration 1) time: 0.019 secs.
Rows Read: 208575, Total Rows Processed: 208575, Total Chunk Time: 0.015 seconds 

Iteration 2 time: 0.024 secs.
Rows Read: 208575, Total Rows Processed: 208575, Total Chunk Time: 0.015 seconds 

Iteration 3 time: 0.019 secs.
Rows Read: 208575, Total Rows Processed: 208575, Total Chunk Time: 0.015 seconds 

Iteration 4 time: 0.021 secs.
Rows Read: 208575, Total Rows Processed: 208575, Total Chunk Time: 0.014 seconds 

Iteration 5 time: 0.020 secs.

Elapsed computation time: 0.155 secs.

Elapsed computation time: 1.274 secs.
[1] "analyze.results.glm.step="
Logistic Regression Results for: RaceHorse.IsHitA ~ Jockey.HitCount1 +
    Jockey.SyussoTosu
Data: data
Dependent variable(s): RaceHorse.IsHitA
Total independent variables: 3 
Number of valid observations: 208575
Number of missing observations: 0 
 
Coefficients:
                  RaceHorse.IsHitA
(Intercept)                  -1.89
Jockey.HitCount1              0.52
Jockey.SyussoTosu            -0.04
[1] "analyze.results.glm.step.summary"
Call:
rxLogit(formula = form, data = data, variableSelection = analyze.results.glm.step.varsel)

Logistic Regression Results for: RaceHorse.IsHitA ~ Jockey.HitCount1 +
    Jockey.SyussoTosu
Data: data
Dependent variable(s): RaceHorse.IsHitA
Total independent variables: 3 
Number of valid observations: 208575
Number of missing observations: 0 
-2*LogLikelihood: 114020.203 (Residual deviance on 208572 degrees of freedom)
 
Coefficients:
                  Estimate Std. Error z value Pr(>|z|)    
(Intercept)       -1.89297    0.04009   -47.2  2.2e-16 ***
Jockey.HitCount1   0.52104    0.02561    20.3  2.2e-16 ***
Jockey.SyussoTosu -0.04281    0.00272   -15.8  2.2e-16 ***
---
Signif. codes:  0 '***' 0.001 '**' 0.01 '*' 0.05 '.' 0.1 ' ' 1

Condition number of final variance-covariance matrix: 1 
Number of iterations: 5
[1] "2022-02-08 22:11:42 --- rxGlm with rxStepControl Finish ---"
[1] "2022-02-08 22:11:42 --- rxStepPlot Start ---"
[1] "pdfFilename=pdf_analyze_glm_Jockey_Type11_rxStepPlot.pdf"
[1] "rxStepPlot="
[1] "2022-02-08 22:11:43 --- rxStepPlot Finish ---"
[1] "2022-02-08 22:11:43 --- save.image Start ---"
[1] "save.image"
[1] "rdataFilename=RData_analyze_glm_Jockey_Type11.RData"
[1] "2022-02-08 22:11:43 --- save.image Finish ---"
[1] "2022-02-08 22:11:43 --- final Start ---"
[1] "nrow(data) final=208575"
[1] "2022-02-08 22:11:43 --- final Finish ---"
[1] "2022-02-08 22:11:43 --- analyze_glm.R Finished ---"
[1] "2022-02-08 22:11:43 --- log Finish ---"
