[1] "2022-02-08 11:10:42 --- D1114_Predict_glm_Horse_IsHitA_Type15 Start ---"
[1] "2022-02-08 11:10:42 --- Log Start ---"
[1] "2022-02-08 11:10:42 --- predict.R Start ---"
[1] "analyzeVersion=D1114"
[1] "analyzeCategory=Predict"
[1] "analyzeType=Horse"
[1] "analyzeFamily=IsHitA"
[1] "analyzeFunc=glm"
[1] "analyzeTrackTypeCd=1"
[1] "analyzeJyokenCd=5"
[1] "2022-02-08 11:10:43 --- source_function.R Start ---"
[1] "2022-02-08 11:10:43 --- source_function.R Finished ---"

> print(paste0(Sys.time(), " --- source_library.R Start ---"))
[1] "2022-02-08 11:10:43 --- source_library.R Start ---"

> require("RevoScaleR")

> print(paste0(Sys.time(), " --- source_library.R Finished ---"))
[1] "2022-02-08 11:10:43 --- source_library.R Finished ---"
[1] "2022-02-08 11:10:43 --- Load Start ---"
[1] "loadFilename=RData_Analyze_glm_Horse_Type15.RData"
[1] "2022-02-08 11:10:44 --- Load Finished ---"
[1] "2022-02-08 11:10:44 --- RxSqlServerData Start ---"
[1] "sqlQuery=SELECT * FROM ViewAnalyzeD1114analyze01HorseType15 WHERE [Race.IsPredictedRace] = 1"
Rows Read: 76589, Total Rows Processed: 76589, Total Chunk Time: 4.961 seconds 
[1] "head(InputDataSet)="
           Race.RaceId Race.IsPredictedRace Race.IsAnalyzeNormalPastAndFuture
1 20160123-08-01-07-05                 TRUE                              TRUE
2 20170226-10-01-06-04                 TRUE                              TRUE
3 20170304-09-01-03-05                 TRUE                              TRUE
4 20170423-03-01-06-06                 TRUE                              TRUE
5 20170429-08-03-03-04                 TRUE                              TRUE
6 20170514-04-01-06-05                 TRUE                              TRUE
  Race.IsAnalyzeNormalPast Race.IsAnalyzeNormalFuture
1                     TRUE                      FALSE
2                     TRUE                      FALSE
3                     TRUE                      FALSE
4                     TRUE                      FALSE
5                     TRUE                      FALSE
6                     TRUE                      FALSE
  Race.IsAnalyzeFullPastAndFuture Race.IsAnalyzeFullPast
1                            TRUE                   TRUE
2                            TRUE                   TRUE
3                            TRUE                   TRUE
4                            TRUE                   TRUE
5                            TRUE                   TRUE
6                            TRUE                   TRUE
  Race.IsAnalyzeFullFuture Race.JyokenCd Race.JyoType1Cd   Race.RaceType0Cd
1                    FALSE             5     1-08-1600-1 1-08-1600-1-5-X-12
2                    FALSE             5     1-10-1200-1 1-10-1200-1-5-X-12
3                    FALSE             5     1-09-1600-1 1-09-1600-1-5-X-12
4                    FALSE             5     1-03-1200-1 1-03-1200-1-5-X-12
5                    FALSE             5     1-08-1400-1 1-08-1400-1-5-X-12
6                    FALSE             5     1-04-1600-2 1-04-1600-2-5-X-12
  Race.RaceType1Cd Race.RaceType2Cd Race.RaceType3Cd Race.RaceType4Cd
1            1-5-X            1-5-X           5-X-12           1-5-12
2            1-5-X            1-5-X           5-X-12           1-5-12
3            1-5-X            1-5-X           5-X-12           1-5-12
4            1-5-X            1-5-X           5-X-12           1-5-12
5            1-5-X            1-5-X           5-X-12           1-5-12
6            1-5-X            1-5-X           5-X-12           1-5-12
      RaceHorse.RaceId RaceHorse.KettoNum RaceHorse.IsHit1 RaceHorse.IsHit2
1 20160123-08-01-07-05         2013103396                0                0
2 20170226-10-01-06-04         2014103209                1                0
3 20170304-09-01-03-05         2014102133                0                0
4 20170423-03-01-06-06         2014105489                0                0
5 20170429-08-03-03-04         2014100488                0                0
6 20170514-04-01-06-05         2014103109                0                0
  RaceHorse.IsHit3 RaceHorse.IsHit4 RaceHorse.IsHit5 RaceHorse.IsHit6
1                0                0                1                0
2                0                0                0                0
3                0                1                0                0
4                0                0                1                0
5                0                1                0                0
6                0                1                0                0
  RaceHorse.IsValidRaceHorse RaceHorse.IsHitA RaceHorse.IsHitB RaceHorse.IsHitC
1                       TRUE                0                0                0
2                       TRUE                1                1                1
3                       TRUE                0                0                0
4                       TRUE                0                0                0
5                       TRUE                0                0                0
6                       TRUE                0                0                0
          Horse.RaceId Horse.KettoNum Horse.Num Horse.PrevKettoNum
1 20160123-08-01-07-05     2013103396         3         2013103396
2 20170226-10-01-06-04     2014103209         4         2014103209
3 20170304-09-01-03-05     2014102133         3         2014102133
4 20170423-03-01-06-06     2014105489         2         2014105489
5 20170429-08-03-03-04     2014100488         4         2014100488
6 20170514-04-01-06-05     2014103109         1         2014103109
      Horse.PrevRaceId Horse.SyussoTosu Horse.TimeDvByRace Horse.RunCount
1 20150906-01-02-06-01               13           59.28485              1
2 20160724-02-02-06-01               13           40.89701              1
3 20160807-01-01-04-01               11           61.35600              1
4 20170213-10-01-01-03               18           56.73945              1
5 20160730-10-02-01-01               11           33.25174              1
6 20170415-09-02-07-04               18           57.61351              1
  Horse.HitCount1 Horse.HitCount2 Horse.HitCount3 Horse.HitCount4
1               0               0               1               0
2               0               0               0               0
3               0               1               0               0
4               0               0               0               0
5               0               0               0               0
6               0               0               0               0
  Horse.HitCount5 EOF
1               0   1
2               0   1
3               0   1
4               1   1
5               0   1
6               0   1
[1] "object.size(InputDataSet) auto=16.1 Mb"
[1] "nrow(InputDataSet) RxSqlServerData=76589"
[1] "str(InputDataSet)="
'data.frame':	76589 obs. of  41 variables:
 $ Race.RaceId                      : Factor w/ 2936 levels "20160123-08-01-07-05",..: 1 2 3 4 5 6 7 8 9 10 ...
 $ Race.IsPredictedRace             : logi  TRUE TRUE TRUE TRUE TRUE TRUE ...
 $ Race.IsAnalyzeNormalPastAndFuture: logi  TRUE TRUE TRUE TRUE TRUE TRUE ...
 $ Race.IsAnalyzeNormalPast         : logi  TRUE TRUE TRUE TRUE TRUE TRUE ...
 $ Race.IsAnalyzeNormalFuture       : logi  FALSE FALSE FALSE FALSE FALSE FALSE ...
 $ Race.IsAnalyzeFullPastAndFuture  : logi  TRUE TRUE TRUE TRUE TRUE TRUE ...
 $ Race.IsAnalyzeFullPast           : logi  TRUE TRUE TRUE TRUE TRUE TRUE ...
 $ Race.IsAnalyzeFullFuture         : logi  FALSE FALSE FALSE FALSE FALSE FALSE ...
 $ Race.JyokenCd                    : Factor w/ 1 level "5": 1 1 1 1 1 1 1 1 1 1 ...
 $ Race.JyoType1Cd                  : Factor w/ 182 levels "1-08-1600-1",..: 1 2 3 4 5 6 7 5 8 8 ...
 $ Race.RaceType0Cd                 : Factor w/ 288 levels "1-08-1600-1-5-X-12",..: 1 2 3 4 5 6 7 5 8 8 ...
 $ Race.RaceType1Cd                 : Factor w/ 1 level "1-5-X": 1 1 1 1 1 1 1 1 1 1 ...
 $ Race.RaceType2Cd                 : Factor w/ 1 level "1-5-X": 1 1 1 1 1 1 1 1 1 1 ...
 $ Race.RaceType3Cd                 : Factor w/ 2 levels "5-X-12","5-X-11": 1 1 1 1 1 1 1 1 1 1 ...
 $ Race.RaceType4Cd                 : Factor w/ 2 levels "1-5-12","1-5-11": 1 1 1 1 1 1 1 1 1 1 ...
 $ RaceHorse.RaceId                 : Factor w/ 2936 levels "20160123-08-01-07-05",..: 1 2 3 4 5 6 7 8 9 10 ...
 $ RaceHorse.KettoNum               : Factor w/ 10493 levels "2013103396","2014103209",..: 1 2 3 4 5 6 7 8 9 10 ...
 $ RaceHorse.IsHit1                 : int  0 1 0 0 0 0 0 0 0 1 ...
 $ RaceHorse.IsHit2                 : int  0 0 0 0 0 0 0 0 0 0 ...
 $ RaceHorse.IsHit3                 : int  0 0 0 0 0 0 0 0 0 0 ...
 $ RaceHorse.IsHit4                 : int  0 0 1 0 1 1 1 0 1 0 ...
 $ RaceHorse.IsHit5                 : int  1 0 0 1 0 0 0 1 0 0 ...
 $ RaceHorse.IsHit6                 : int  0 0 0 0 0 0 0 0 0 0 ...
 $ RaceHorse.IsValidRaceHorse       : logi  TRUE TRUE TRUE TRUE TRUE TRUE ...
 $ RaceHorse.IsHitA                 : int  0 1 0 0 0 0 0 0 0 1 ...
 $ RaceHorse.IsHitB                 : int  0 1 0 0 0 0 0 0 0 1 ...
 $ RaceHorse.IsHitC                 : int  0 1 0 0 0 0 0 0 0 1 ...
 $ Horse.RaceId                     : Factor w/ 2936 levels "20160123-08-01-07-05",..: 1 2 3 4 5 6 7 8 9 10 ...
 $ Horse.KettoNum                   : Factor w/ 10493 levels "2013103396","2014103209",..: 1 2 3 4 5 6 7 8 9 10 ...
 $ Horse.Num                        : num  3 4 3 2 4 1 1 4 3 1 ...
 $ Horse.PrevKettoNum               : Factor w/ 10493 levels "2013103396","2014103209",..: 1 2 3 4 5 6 7 8 9 10 ...
 $ Horse.PrevRaceId                 : Factor w/ 3120 levels "20150906-01-02-06-01",..: 1 2 3 4 5 6 7 11 9 10 ...
 $ Horse.SyussoTosu                 : num  13 13 11 18 11 18 18 18 17 16 ...
 $ Horse.TimeDvByRace               : num  59.3 40.9 61.4 56.7 33.3 ...
 $ Horse.RunCount                   : int  1 1 1 1 1 1 1 1 1 1 ...
 $ Horse.HitCount1                  : int  0 0 0 0 0 0 0 0 0 0 ...
 $ Horse.HitCount2                  : int  0 0 1 0 0 0 0 0 0 0 ...
 $ Horse.HitCount3                  : int  1 0 0 0 0 0 0 0 0 0 ...
 $ Horse.HitCount4                  : int  0 0 0 0 0 0 0 0 0 0 ...
 $ Horse.HitCount5                  : int  0 0 0 1 0 0 0 0 0 0 ...
 $ EOF                              : int  1 1 1 1 1 1 1 1 1 1 ...
[1] "2022-02-08 11:10:53 --- RxSqlServerData Finish ---"
[1] "2022-02-08 11:10:53 --- subset Start ---"
[1] "nrow(InputDataSet) subset before=76589"
[1] "nrow(InputDataSet) subset after=76589"
[1] "nrow(InputDataSet) subset diff=0"
[1] "class(InputDataSet$Race.IsAnalyzeNormalPast)=logical"
[1] "class(InputDataSet$Race.analyzeTrackTypeCd)=NULL"
[1] "2022-02-08 11:10:53 --- subset Finish ---"
[1] "2022-02-08 11:10:53 --- transform Start ---"
[1] "nrow(InputDataSet) transaform before=76589"
[1] "nrow(InputDataSet) transaform after=76589"
[1] "nrow(InputDataSet) transaform diff=0"
[1] "str(InputDataSet)="
'data.frame':	76589 obs. of  41 variables:
 $ Race.RaceId                      : Factor w/ 2936 levels "20160123-08-01-07-05",..: 1 2 3 4 5 6 7 8 9 10 ...
 $ Race.IsPredictedRace             : logi  TRUE TRUE TRUE TRUE TRUE TRUE ...
 $ Race.IsAnalyzeNormalPastAndFuture: logi  TRUE TRUE TRUE TRUE TRUE TRUE ...
 $ Race.IsAnalyzeNormalPast         : logi  TRUE TRUE TRUE TRUE TRUE TRUE ...
 $ Race.IsAnalyzeNormalFuture       : logi  FALSE FALSE FALSE FALSE FALSE FALSE ...
 $ Race.IsAnalyzeFullPastAndFuture  : logi  TRUE TRUE TRUE TRUE TRUE TRUE ...
 $ Race.IsAnalyzeFullPast           : logi  TRUE TRUE TRUE TRUE TRUE TRUE ...
 $ Race.IsAnalyzeFullFuture         : logi  FALSE FALSE FALSE FALSE FALSE FALSE ...
 $ Race.JyokenCd                    : Factor w/ 1 level "5": 1 1 1 1 1 1 1 1 1 1 ...
 $ Race.JyoType1Cd                  : Factor w/ 182 levels "1-08-1600-1",..: 1 2 3 4 5 6 7 5 8 8 ...
 $ Race.RaceType0Cd                 : Factor w/ 288 levels "1-08-1600-1-5-X-12",..: 1 2 3 4 5 6 7 5 8 8 ...
 $ Race.RaceType1Cd                 : Factor w/ 1 level "1-5-X": 1 1 1 1 1 1 1 1 1 1 ...
 $ Race.RaceType2Cd                 : Factor w/ 1 level "1-5-X": 1 1 1 1 1 1 1 1 1 1 ...
 $ Race.RaceType3Cd                 : Factor w/ 2 levels "5-X-12","5-X-11": 1 1 1 1 1 1 1 1 1 1 ...
 $ Race.RaceType4Cd                 : Factor w/ 2 levels "1-5-12","1-5-11": 1 1 1 1 1 1 1 1 1 1 ...
 $ RaceHorse.RaceId                 : Factor w/ 2936 levels "20160123-08-01-07-05",..: 1 2 3 4 5 6 7 8 9 10 ...
 $ RaceHorse.KettoNum               : Factor w/ 10493 levels "2013103396","2014103209",..: 1 2 3 4 5 6 7 8 9 10 ...
 $ RaceHorse.IsHit1                 : int  0 1 0 0 0 0 0 0 0 1 ...
 $ RaceHorse.IsHit2                 : int  0 0 0 0 0 0 0 0 0 0 ...
 $ RaceHorse.IsHit3                 : int  0 0 0 0 0 0 0 0 0 0 ...
 $ RaceHorse.IsHit4                 : int  0 0 1 0 1 1 1 0 1 0 ...
 $ RaceHorse.IsHit5                 : int  1 0 0 1 0 0 0 1 0 0 ...
 $ RaceHorse.IsHit6                 : int  0 0 0 0 0 0 0 0 0 0 ...
 $ RaceHorse.IsValidRaceHorse       : logi  TRUE TRUE TRUE TRUE TRUE TRUE ...
 $ RaceHorse.IsHitA                 : int  0 1 0 0 0 0 0 0 0 1 ...
 $ RaceHorse.IsHitB                 : int  0 1 0 0 0 0 0 0 0 1 ...
 $ RaceHorse.IsHitC                 : int  0 1 0 0 0 0 0 0 0 1 ...
 $ Horse.RaceId                     : Factor w/ 2936 levels "20160123-08-01-07-05",..: 1 2 3 4 5 6 7 8 9 10 ...
 $ Horse.KettoNum                   : Factor w/ 10493 levels "2013103396","2014103209",..: 1 2 3 4 5 6 7 8 9 10 ...
 $ Horse.Num                        : num  3 4 3 2 4 1 1 4 3 1 ...
 $ Horse.PrevKettoNum               : Factor w/ 10493 levels "2013103396","2014103209",..: 1 2 3 4 5 6 7 8 9 10 ...
 $ Horse.PrevRaceId                 : Factor w/ 3120 levels "20150906-01-02-06-01",..: 1 2 3 4 5 6 7 11 9 10 ...
 $ Horse.SyussoTosu                 : num  13 13 11 18 11 18 18 18 17 16 ...
 $ Horse.TimeDvByRace               : num  59.3 40.9 61.4 56.7 33.3 ...
 $ Horse.RunCount                   : int  1 1 1 1 1 1 1 1 1 1 ...
 $ Horse.HitCount1                  : int  0 0 0 0 0 0 0 0 0 0 ...
 $ Horse.HitCount2                  : int  0 0 1 0 0 0 0 0 0 0 ...
 $ Horse.HitCount3                  : int  1 0 0 0 0 0 0 0 0 0 ...
 $ Horse.HitCount4                  : int  0 0 0 0 0 0 0 0 0 0 ...
 $ Horse.HitCount5                  : int  0 0 0 1 0 0 0 0 0 0 ...
 $ EOF                              : int  1 1 1 1 1 1 1 1 1 1 ...
NULL
[1] "2022-02-08 11:10:53 --- transform Finish ---"
[1] "2022-02-08 11:10:53 --- na.omit Start ---"
[1] "nrow(InputDataSet) na.omit before=76589"
[1] "nrow(InputDataSet) na.omit after=76589"
[1] "nrow(InputDataSet) na.omit diff=0"
[1] "2022-02-08 11:10:53 --- na.omit Finish---"
[1] "2022-02-08 11:10:53 --- New Levels Start ---"
[1] "levels(data$Race.RaceType1Cd)=1-5-X"
[1] "levels(InputDataSet$Race.RaceType1Cd)=1-5-X"
[1] "length(Race.RaceType1Cd.Index)=0"
[1] "2022-02-08 11:10:53 --- New Levels Finish ---"
[1] "2022-02-08 11:10:53 --- na.omit Start ---"
[1] "nrow(InputDataSet) na.omit levels before=76589"
[1] "nrow(InputDataSet) na.omit levels after=76589"
[1] "nrow(InputDataSet) na.omit levels diff=0"
[1] "2022-02-08 11:10:53 --- na.omit Finish ---"
[1] "2022-02-08 11:10:53 --- Predict InputDataSet Start ---"
[1] "nrow(InputDataSet) predict=76589"
[1] "str(InputDataSet)="
'data.frame':	76589 obs. of  41 variables:
 $ Race.RaceId                      : Factor w/ 2936 levels "20160123-08-01-07-05",..: 1 2 3 4 5 6 7 8 9 10 ...
 $ Race.IsPredictedRace             : logi  TRUE TRUE TRUE TRUE TRUE TRUE ...
 $ Race.IsAnalyzeNormalPastAndFuture: logi  TRUE TRUE TRUE TRUE TRUE TRUE ...
 $ Race.IsAnalyzeNormalPast         : logi  TRUE TRUE TRUE TRUE TRUE TRUE ...
 $ Race.IsAnalyzeNormalFuture       : logi  FALSE FALSE FALSE FALSE FALSE FALSE ...
 $ Race.IsAnalyzeFullPastAndFuture  : logi  TRUE TRUE TRUE TRUE TRUE TRUE ...
 $ Race.IsAnalyzeFullPast           : logi  TRUE TRUE TRUE TRUE TRUE TRUE ...
 $ Race.IsAnalyzeFullFuture         : logi  FALSE FALSE FALSE FALSE FALSE FALSE ...
 $ Race.JyokenCd                    : Factor w/ 1 level "5": 1 1 1 1 1 1 1 1 1 1 ...
 $ Race.JyoType1Cd                  : Factor w/ 182 levels "1-08-1600-1",..: 1 2 3 4 5 6 7 5 8 8 ...
 $ Race.RaceType0Cd                 : Factor w/ 288 levels "1-08-1600-1-5-X-12",..: 1 2 3 4 5 6 7 5 8 8 ...
 $ Race.RaceType1Cd                 : Factor w/ 1 level "1-5-X": 1 1 1 1 1 1 1 1 1 1 ...
 $ Race.RaceType2Cd                 : Factor w/ 1 level "1-5-X": 1 1 1 1 1 1 1 1 1 1 ...
 $ Race.RaceType3Cd                 : Factor w/ 2 levels "5-X-12","5-X-11": 1 1 1 1 1 1 1 1 1 1 ...
 $ Race.RaceType4Cd                 : Factor w/ 2 levels "1-5-12","1-5-11": 1 1 1 1 1 1 1 1 1 1 ...
 $ RaceHorse.RaceId                 : Factor w/ 2936 levels "20160123-08-01-07-05",..: 1 2 3 4 5 6 7 8 9 10 ...
 $ RaceHorse.KettoNum               : Factor w/ 10493 levels "2013103396","2014103209",..: 1 2 3 4 5 6 7 8 9 10 ...
 $ RaceHorse.IsHit1                 : int  0 1 0 0 0 0 0 0 0 1 ...
 $ RaceHorse.IsHit2                 : int  0 0 0 0 0 0 0 0 0 0 ...
 $ RaceHorse.IsHit3                 : int  0 0 0 0 0 0 0 0 0 0 ...
 $ RaceHorse.IsHit4                 : int  0 0 1 0 1 1 1 0 1 0 ...
 $ RaceHorse.IsHit5                 : int  1 0 0 1 0 0 0 1 0 0 ...
 $ RaceHorse.IsHit6                 : int  0 0 0 0 0 0 0 0 0 0 ...
 $ RaceHorse.IsValidRaceHorse       : logi  TRUE TRUE TRUE TRUE TRUE TRUE ...
 $ RaceHorse.IsHitA                 : int  0 1 0 0 0 0 0 0 0 1 ...
 $ RaceHorse.IsHitB                 : int  0 1 0 0 0 0 0 0 0 1 ...
 $ RaceHorse.IsHitC                 : int  0 1 0 0 0 0 0 0 0 1 ...
 $ Horse.RaceId                     : Factor w/ 2936 levels "20160123-08-01-07-05",..: 1 2 3 4 5 6 7 8 9 10 ...
 $ Horse.KettoNum                   : Factor w/ 10493 levels "2013103396","2014103209",..: 1 2 3 4 5 6 7 8 9 10 ...
 $ Horse.Num                        : num  3 4 3 2 4 1 1 4 3 1 ...
 $ Horse.PrevKettoNum               : Factor w/ 10493 levels "2013103396","2014103209",..: 1 2 3 4 5 6 7 8 9 10 ...
 $ Horse.PrevRaceId                 : Factor w/ 3120 levels "20150906-01-02-06-01",..: 1 2 3 4 5 6 7 11 9 10 ...
 $ Horse.SyussoTosu                 : num  13 13 11 18 11 18 18 18 17 16 ...
 $ Horse.TimeDvByRace               : num  59.3 40.9 61.4 56.7 33.3 ...
 $ Horse.RunCount                   : int  1 1 1 1 1 1 1 1 1 1 ...
 $ Horse.HitCount1                  : int  0 0 0 0 0 0 0 0 0 0 ...
 $ Horse.HitCount2                  : int  0 0 1 0 0 0 0 0 0 0 ...
 $ Horse.HitCount3                  : int  1 0 0 0 0 0 0 0 0 0 ...
 $ Horse.HitCount4                  : int  0 0 0 0 0 0 0 0 0 0 ...
 $ Horse.HitCount5                  : int  0 0 0 1 0 0 0 0 0 0 ...
 $ EOF                              : int  1 1 1 1 1 1 1 1 1 1 ...
[1] "2022-02-08 11:10:54 --- Predict InputDataSet Finish ---"
[1] "2022-02-08 11:10:54 --- rxPredict (glm) Start ---"
[1] "analyzeFunc=glm"
Rows Read: 76589, Total Rows Processed: 76589, Total Chunk Time: 0.001 seconds 
[1] "nrow(PredictDataSet) afte predict=76589"
[1] "str(PredictDataSet)"
'data.frame':	76589 obs. of  1 variable:
 $ RaceHorse.IsHitA_Pred: num  0.0796 0.0796 0.0796 0.0796 0.0796 ...
NULL
[1] "head(PredictDataSet) afte predict="
  RaceHorse.IsHitA_Pred
1            0.07963116
2            0.07963116
3            0.07963116
4            0.07963116
5            0.07963116
6            0.07963116
[1] "2022-02-08 11:10:54 --- rxPredict (glm) Finish ---"
[1] "2022-02-08 11:10:54 --- add key Start ---"
[1] "nrow(OutputDataSet) add KeyColmn=76589"
[1] "str(OutputDataSet) after add Key"
'data.frame':	76589 obs. of  2 variables:
 $ RaceHorse.RaceId  : Factor w/ 2936 levels "20160123-08-01-07-05",..: 1 2 3 4 5 6 7 8 9 10 ...
 $ RaceHorse.KettoNum: Factor w/ 10493 levels "2013103396","2014103209",..: 1 2 3 4 5 6 7 8 9 10 ...
NULL
[1] "2022-02-08 11:10:54 --- add key Finish ---"
[1] "2022-02-08 11:10:54 --- add PredictValue Start ---"
[1] "str(PredictDataSet) before rename="
[1] "colnames(PredictDataSet)=RaceHorse.IsHitA_Pred"
[1] "str(PredictDataSet) after rename="
'data.frame':	76589 obs. of  1 variable:
 $ PredictValue: num  0.0796 0.0796 0.0796 0.0796 0.0796 ...
NULL
[1] "str(OutputDataSet) before cbind="
'data.frame':	76589 obs. of  2 variables:
 $ RaceHorse.RaceId  : Factor w/ 2936 levels "20160123-08-01-07-05",..: 1 2 3 4 5 6 7 8 9 10 ...
 $ RaceHorse.KettoNum: Factor w/ 10493 levels "2013103396","2014103209",..: 1 2 3 4 5 6 7 8 9 10 ...
NULL
[1] "str(OutputDataSet) after cbind="
'data.frame':	76589 obs. of  3 variables:
 $ RaceHorse.RaceId  : Factor w/ 2936 levels "20160123-08-01-07-05",..: 1 2 3 4 5 6 7 8 9 10 ...
 $ RaceHorse.KettoNum: Factor w/ 10493 levels "2013103396","2014103209",..: 1 2 3 4 5 6 7 8 9 10 ...
 $ PredictValue      : num  0.0796 0.0796 0.0796 0.0796 0.0796 ...
NULL
[1] "2022-02-08 11:10:54 --- add PredictValue Finish ---"
[1] "2022-02-08 11:10:54 --- final Start ---"
[1] "nrow(OutputDataSet) final=76589"
[1] "head(OutputDataSet)="
      RaceHorse.RaceId RaceHorse.KettoNum PredictValue
1 20160123-08-01-07-05         2013103396   0.07963116
2 20170226-10-01-06-04         2014103209   0.07963116
3 20170304-09-01-03-05         2014102133   0.07963116
4 20170423-03-01-06-06         2014105489   0.07963116
5 20170429-08-03-03-04         2014100488   0.07963116
6 20170514-04-01-06-05         2014103109   0.07963116
[1] "str(OutputDataSet)="
'data.frame':	76589 obs. of  3 variables:
 $ RaceHorse.RaceId  : Factor w/ 2936 levels "20160123-08-01-07-05",..: 1 2 3 4 5 6 7 8 9 10 ...
 $ RaceHorse.KettoNum: Factor w/ 10493 levels "2013103396","2014103209",..: 1 2 3 4 5 6 7 8 9 10 ...
 $ PredictValue      : num  0.0796 0.0796 0.0796 0.0796 0.0796 ...
NULL
[1] "2022-02-08 11:10:54 --- final Finish ---"
[1] "2022-02-08 11:10:54 --- predict.R Finished ---"
[1] "2022-02-08 11:10:54 --- log Finish ---"
