[1] "2022-02-08 11:50:52 --- D1114_Predict_glm_Jockey_IsHitA_Type35 Start ---"
[1] "2022-02-08 11:50:52 --- Log Start ---"
[1] "2022-02-08 11:50:52 --- predict.R Start ---"
[1] "analyzeVersion=D1114"
[1] "analyzeCategory=Predict"
[1] "analyzeType=Jockey"
[1] "analyzeFamily=IsHitA"
[1] "analyzeFunc=glm"
[1] "analyzeTrackTypeCd=3"
[1] "analyzeJyokenCd=5"
[1] "2022-02-08 11:50:53 --- source_function.R Start ---"
[1] "2022-02-08 11:50:53 --- source_function.R Finished ---"

> print(paste0(Sys.time(), " --- source_library.R Start ---"))
[1] "2022-02-08 11:50:53 --- source_library.R Start ---"

> require("RevoScaleR")

> print(paste0(Sys.time(), " --- source_library.R Finished ---"))
[1] "2022-02-08 11:50:53 --- source_library.R Finished ---"
[1] "2022-02-08 11:50:53 --- Load Start ---"
[1] "loadFilename=RData_Analyze_glm_Jockey_Type35.RData"
[1] "2022-02-08 11:50:54 --- Load Finished ---"
[1] "2022-02-08 11:50:54 --- RxSqlServerData Start ---"
[1] "sqlQuery=SELECT * FROM ViewAnalyzeD1114analyze01JockeyType35 WHERE [Race.IsPredictedRace] = 1"
Rows Read: 621491, Total Rows Processed: 621491, Total Chunk Time: 16.629 seconds 
[1] "head(InputDataSet)="
           Race.RaceId Race.IsPredictedRace Race.IsAnalyzeNormalPastAndFuture
1 20210110-06-01-03-04                 TRUE                              TRUE
2 20210110-06-01-03-04                 TRUE                              TRUE
3 20210110-06-01-03-04                 TRUE                              TRUE
4 20210110-06-01-03-04                 TRUE                              TRUE
5 20210110-06-01-03-04                 TRUE                              TRUE
6 20210110-06-01-03-04                 TRUE                              TRUE
  Race.IsAnalyzeNormalPast Race.IsAnalyzeNormalFuture
1                    FALSE                       TRUE
2                    FALSE                       TRUE
3                    FALSE                       TRUE
4                    FALSE                       TRUE
5                    FALSE                       TRUE
6                    FALSE                       TRUE
  Race.IsAnalyzeFullPastAndFuture Race.IsAnalyzeFullPast
1                            TRUE                  FALSE
2                            TRUE                  FALSE
3                            TRUE                  FALSE
4                            TRUE                  FALSE
5                            TRUE                  FALSE
6                            TRUE                  FALSE
  Race.IsAnalyzeFullFuture Race.JyokenCd Race.JyoType1Cd   Race.RaceType0Cd
1                     TRUE             5     3-06-2880-1 3-06-2880-1-5-X-19
2                     TRUE             5     3-06-2880-1 3-06-2880-1-5-X-19
3                     TRUE             5     3-06-2880-1 3-06-2880-1-5-X-19
4                     TRUE             5     3-06-2880-1 3-06-2880-1-5-X-19
5                     TRUE             5     3-06-2880-1 3-06-2880-1-5-X-19
6                     TRUE             5     3-06-2880-1 3-06-2880-1-5-X-19
  Race.RaceType1Cd Race.RaceType2Cd Race.RaceType3Cd Race.RaceType4Cd
1            3-5-X            3-5-X           5-X-19           3-5-19
2            3-5-X            3-5-X           5-X-19           3-5-19
3            3-5-X            3-5-X           5-X-19           3-5-19
4            3-5-X            3-5-X           5-X-19           3-5-19
5            3-5-X            3-5-X           5-X-19           3-5-19
6            3-5-X            3-5-X           5-X-19           3-5-19
      RaceHorse.RaceId RaceHorse.KettoNum RaceHorse.IsHit1 RaceHorse.IsHit2
1 20210110-06-01-03-04         2016100158                0                1
2 20210110-06-01-03-04         2016100158                0                1
3 20210110-06-01-03-04         2016100158                0                1
4 20210110-06-01-03-04         2016100158                0                1
5 20210110-06-01-03-04         2016100158                0                1
6 20210110-06-01-03-04         2016100158                0                1
  RaceHorse.IsHit3 RaceHorse.IsHit4 RaceHorse.IsHit5 RaceHorse.IsHit6
1                0                0                0                0
2                0                0                0                0
3                0                0                0                0
4                0                0                0                0
5                0                0                0                0
6                0                0                0                0
  RaceHorse.IsValidRaceHorse RaceHorse.IsHitA RaceHorse.IsHitB RaceHorse.IsHitC
1                       TRUE                0                1                1
2                       TRUE                0                1                1
3                       TRUE                0                1                1
4                       TRUE                0                1                1
5                       TRUE                0                1                1
6                       TRUE                0                1                1
         Jockey.RaceId Jockey.KettoNum Jockey.KisyuCode Jockey.Num
1 20210110-06-01-03-04      2016100158            01046          8
2 20210110-06-01-03-04      2016100158            01046          7
3 20210110-06-01-03-04      2016100158            01046          6
4 20210110-06-01-03-04      2016100158            01046          5
5 20210110-06-01-03-04      2016100158            01046          4
6 20210110-06-01-03-04      2016100158            01046          3
  Jockey.PrevKettoNum    Jockey.PrevRaceId Jockey.SyussoTosu
1          2014105957 20201107-03-03-03-05                 9
2          2015101987 20201108-03-03-04-04                10
3          2016100158 20201128-05-05-08-04                12
4          2014101308 20201129-09-05-09-05                11
5          2016104519 20201212-07-03-03-04                14
6          2017106162 20201219-07-03-05-04                14
  Jockey.TimeDvByRace Jockey.RunCount Jockey.HitCount1 Jockey.HitCount2
1            59.77895               1                1                0
2            48.68224               1                0                0
3            65.34648               1                0                1
4            58.08775               1                0                0
5            35.92509               1                0                0
6            39.56427               1                0                0
  Jockey.HitCount3 Jockey.HitCount4 Jockey.HitCount5 EOF
1                0                0                0   1
2                0                0                0   1
3                0                0                0   1
4                0                1                0   1
5                0                0                0   1
6                0                0                0   1
[1] "object.size(InputDataSet) auto=107.4 Mb"
[1] "nrow(InputDataSet) RxSqlServerData=621491"
[1] "str(InputDataSet)="
'data.frame':	621491 obs. of  42 variables:
 $ Race.RaceId                      : Factor w/ 515 levels "20210904-04-04-07-01",..: 2 2 2 2 2 2 2 2 2 2 ...
 $ Race.IsPredictedRace             : logi  TRUE TRUE TRUE TRUE TRUE TRUE ...
 $ Race.IsAnalyzeNormalPastAndFuture: logi  TRUE TRUE TRUE TRUE TRUE TRUE ...
 $ Race.IsAnalyzeNormalPast         : logi  FALSE FALSE FALSE FALSE FALSE FALSE ...
 $ Race.IsAnalyzeNormalFuture       : logi  TRUE TRUE TRUE TRUE TRUE TRUE ...
 $ Race.IsAnalyzeFullPastAndFuture  : logi  TRUE TRUE TRUE TRUE TRUE TRUE ...
 $ Race.IsAnalyzeFullPast           : logi  FALSE FALSE FALSE FALSE FALSE FALSE ...
 $ Race.IsAnalyzeFullFuture         : logi  TRUE TRUE TRUE TRUE TRUE TRUE ...
 $ Race.JyokenCd                    : Factor w/ 1 level "5": 1 1 1 1 1 1 1 1 1 1 ...
 $ Race.JyoType1Cd                  : Factor w/ 36 levels "3-04-2850-2",..: 2 2 2 2 2 2 2 2 2 2 ...
 $ Race.RaceType0Cd                 : Factor w/ 52 levels "3-04-2850-2-5-X-18",..: 2 2 2 2 2 2 2 2 2 2 ...
 $ Race.RaceType1Cd                 : Factor w/ 1 level "3-5-X": 1 1 1 1 1 1 1 1 1 1 ...
 $ Race.RaceType2Cd                 : Factor w/ 1 level "3-5-X": 1 1 1 1 1 1 1 1 1 1 ...
 $ Race.RaceType3Cd                 : Factor w/ 2 levels "5-X-18","5-X-19": 2 2 2 2 2 2 2 2 2 2 ...
 $ Race.RaceType4Cd                 : Factor w/ 2 levels "3-5-18","3-5-19": 2 2 2 2 2 2 2 2 2 2 ...
 $ RaceHorse.RaceId                 : Factor w/ 515 levels "20210904-04-04-07-01",..: 2 2 2 2 2 2 2 2 2 2 ...
 $ RaceHorse.KettoNum               : Factor w/ 1912 levels "2013103569","2016100158",..: 2 2 2 2 2 2 2 2 2 2 ...
 $ RaceHorse.IsHit1                 : int  0 0 0 0 0 0 0 0 0 0 ...
 $ RaceHorse.IsHit2                 : int  1 1 1 1 1 1 1 1 1 1 ...
 $ RaceHorse.IsHit3                 : int  0 0 0 0 0 0 0 0 0 0 ...
 $ RaceHorse.IsHit4                 : int  0 0 0 0 0 0 0 0 0 0 ...
 $ RaceHorse.IsHit5                 : int  0 0 0 0 0 0 0 0 0 0 ...
 $ RaceHorse.IsHit6                 : int  0 0 0 0 0 0 0 0 0 0 ...
 $ RaceHorse.IsValidRaceHorse       : logi  TRUE TRUE TRUE TRUE TRUE TRUE ...
 $ RaceHorse.IsHitA                 : int  0 0 0 0 0 0 0 0 0 0 ...
 $ RaceHorse.IsHitB                 : int  1 1 1 1 1 1 1 1 1 1 ...
 $ RaceHorse.IsHitC                 : int  1 1 1 1 1 1 1 1 1 1 ...
 $ Jockey.RaceId                    : Factor w/ 515 levels "20210904-04-04-07-01",..: 2 2 2 2 2 2 2 2 2 2 ...
 $ Jockey.KettoNum                  : Factor w/ 1912 levels "2013103569","2016100158",..: 2 2 2 2 2 2 2 2 2 2 ...
 $ Jockey.KisyuCode                 : Factor w/ 34 levels "01139","01046",..: 2 2 2 2 2 2 2 2 2 2 ...
 $ Jockey.Num                       : num  8 7 6 5 4 3 2 1 100 99 ...
 $ Jockey.PrevKettoNum              : Factor w/ 2684 levels "2014109137","2013105905",..: 8 9 10 11 12 13 14 11 15 16 ...
 $ Jockey.PrevRaceId                : Factor w/ 912 levels "20181124-05-05-07-04",..: 11 12 13 14 15 16 17 18 19 20 ...
 $ Jockey.SyussoTosu                : num  9 10 12 11 14 14 13 13 13 14 ...
 $ Jockey.TimeDvByRace              : num  59.8 48.7 65.3 58.1 35.9 ...
 $ Jockey.RunCount                  : int  1 1 1 1 1 1 1 1 1 1 ...
 $ Jockey.HitCount1                 : int  1 0 0 0 0 0 0 0 0 0 ...
 $ Jockey.HitCount2                 : int  0 0 1 0 0 0 0 0 0 0 ...
 $ Jockey.HitCount3                 : int  0 0 0 0 0 0 0 0 0 0 ...
 $ Jockey.HitCount4                 : int  0 0 0 1 0 0 0 0 0 0 ...
 $ Jockey.HitCount5                 : int  0 0 0 0 0 0 0 0 0 0 ...
 $ EOF                              : int  1 1 1 1 1 1 1 1 1 1 ...
[1] "2022-02-08 11:51:16 --- RxSqlServerData Finish ---"
[1] "2022-02-08 11:51:16 --- subset Start ---"
[1] "nrow(InputDataSet) subset before=621491"
[1] "nrow(InputDataSet) subset after=621491"
[1] "nrow(InputDataSet) subset diff=0"
[1] "class(InputDataSet$Race.IsAnalyzeNormalPast)=logical"
[1] "class(InputDataSet$Race.analyzeTrackTypeCd)=NULL"
[1] "2022-02-08 11:51:16 --- subset Finish ---"
[1] "2022-02-08 11:51:16 --- transform Start ---"
[1] "nrow(InputDataSet) transaform before=621491"
[1] "nrow(InputDataSet) transaform after=621491"
[1] "nrow(InputDataSet) transaform diff=0"
[1] "str(InputDataSet)="
'data.frame':	621491 obs. of  42 variables:
 $ Race.RaceId                      : Factor w/ 515 levels "20210904-04-04-07-01",..: 2 2 2 2 2 2 2 2 2 2 ...
 $ Race.IsPredictedRace             : logi  TRUE TRUE TRUE TRUE TRUE TRUE ...
 $ Race.IsAnalyzeNormalPastAndFuture: logi  TRUE TRUE TRUE TRUE TRUE TRUE ...
 $ Race.IsAnalyzeNormalPast         : logi  FALSE FALSE FALSE FALSE FALSE FALSE ...
 $ Race.IsAnalyzeNormalFuture       : logi  TRUE TRUE TRUE TRUE TRUE TRUE ...
 $ Race.IsAnalyzeFullPastAndFuture  : logi  TRUE TRUE TRUE TRUE TRUE TRUE ...
 $ Race.IsAnalyzeFullPast           : logi  FALSE FALSE FALSE FALSE FALSE FALSE ...
 $ Race.IsAnalyzeFullFuture         : logi  TRUE TRUE TRUE TRUE TRUE TRUE ...
 $ Race.JyokenCd                    : Factor w/ 1 level "5": 1 1 1 1 1 1 1 1 1 1 ...
 $ Race.JyoType1Cd                  : Factor w/ 36 levels "3-04-2850-2",..: 2 2 2 2 2 2 2 2 2 2 ...
 $ Race.RaceType0Cd                 : Factor w/ 52 levels "3-04-2850-2-5-X-18",..: 2 2 2 2 2 2 2 2 2 2 ...
 $ Race.RaceType1Cd                 : Factor w/ 1 level "3-5-X": 1 1 1 1 1 1 1 1 1 1 ...
 $ Race.RaceType2Cd                 : Factor w/ 1 level "3-5-X": 1 1 1 1 1 1 1 1 1 1 ...
 $ Race.RaceType3Cd                 : Factor w/ 2 levels "5-X-18","5-X-19": 2 2 2 2 2 2 2 2 2 2 ...
 $ Race.RaceType4Cd                 : Factor w/ 2 levels "3-5-18","3-5-19": 2 2 2 2 2 2 2 2 2 2 ...
 $ RaceHorse.RaceId                 : Factor w/ 515 levels "20210904-04-04-07-01",..: 2 2 2 2 2 2 2 2 2 2 ...
 $ RaceHorse.KettoNum               : Factor w/ 1912 levels "2013103569","2016100158",..: 2 2 2 2 2 2 2 2 2 2 ...
 $ RaceHorse.IsHit1                 : int  0 0 0 0 0 0 0 0 0 0 ...
 $ RaceHorse.IsHit2                 : int  1 1 1 1 1 1 1 1 1 1 ...
 $ RaceHorse.IsHit3                 : int  0 0 0 0 0 0 0 0 0 0 ...
 $ RaceHorse.IsHit4                 : int  0 0 0 0 0 0 0 0 0 0 ...
 $ RaceHorse.IsHit5                 : int  0 0 0 0 0 0 0 0 0 0 ...
 $ RaceHorse.IsHit6                 : int  0 0 0 0 0 0 0 0 0 0 ...
 $ RaceHorse.IsValidRaceHorse       : logi  TRUE TRUE TRUE TRUE TRUE TRUE ...
 $ RaceHorse.IsHitA                 : int  0 0 0 0 0 0 0 0 0 0 ...
 $ RaceHorse.IsHitB                 : int  1 1 1 1 1 1 1 1 1 1 ...
 $ RaceHorse.IsHitC                 : int  1 1 1 1 1 1 1 1 1 1 ...
 $ Jockey.RaceId                    : Factor w/ 515 levels "20210904-04-04-07-01",..: 2 2 2 2 2 2 2 2 2 2 ...
 $ Jockey.KettoNum                  : Factor w/ 1912 levels "2013103569","2016100158",..: 2 2 2 2 2 2 2 2 2 2 ...
 $ Jockey.KisyuCode                 : Factor w/ 34 levels "01139","01046",..: 2 2 2 2 2 2 2 2 2 2 ...
 $ Jockey.Num                       : num  8 7 6 5 4 3 2 1 100 99 ...
 $ Jockey.PrevKettoNum              : Factor w/ 2684 levels "2014109137","2013105905",..: 8 9 10 11 12 13 14 11 15 16 ...
 $ Jockey.PrevRaceId                : Factor w/ 912 levels "20181124-05-05-07-04",..: 11 12 13 14 15 16 17 18 19 20 ...
 $ Jockey.SyussoTosu                : num  9 10 12 11 14 14 13 13 13 14 ...
 $ Jockey.TimeDvByRace              : num  59.8 48.7 65.3 58.1 35.9 ...
 $ Jockey.RunCount                  : int  1 1 1 1 1 1 1 1 1 1 ...
 $ Jockey.HitCount1                 : int  1 0 0 0 0 0 0 0 0 0 ...
 $ Jockey.HitCount2                 : int  0 0 1 0 0 0 0 0 0 0 ...
 $ Jockey.HitCount3                 : int  0 0 0 0 0 0 0 0 0 0 ...
 $ Jockey.HitCount4                 : int  0 0 0 1 0 0 0 0 0 0 ...
 $ Jockey.HitCount5                 : int  0 0 0 0 0 0 0 0 0 0 ...
 $ EOF                              : int  1 1 1 1 1 1 1 1 1 1 ...
NULL
[1] "2022-02-08 11:51:16 --- transform Finish ---"
[1] "2022-02-08 11:51:16 --- na.omit Start ---"
[1] "nrow(InputDataSet) na.omit before=621491"
[1] "nrow(InputDataSet) na.omit after=621491"
[1] "nrow(InputDataSet) na.omit diff=0"
[1] "2022-02-08 11:51:16 --- na.omit Finish---"
[1] "2022-02-08 11:51:16 --- New Levels Start ---"
[1] "levels(data$Race.RaceType1Cd)=3-5-X"
[1] "levels(InputDataSet$Race.RaceType1Cd)=3-5-X"
[1] "length(Race.RaceType1Cd.Index)=0"
[1] "2022-02-08 11:51:16 --- New Levels Finish ---"
[1] "2022-02-08 11:51:16 --- na.omit Start ---"
[1] "nrow(InputDataSet) na.omit levels before=621491"
[1] "nrow(InputDataSet) na.omit levels after=621491"
[1] "nrow(InputDataSet) na.omit levels diff=0"
[1] "2022-02-08 11:51:17 --- na.omit Finish ---"
[1] "2022-02-08 11:51:17 --- Predict InputDataSet Start ---"
[1] "nrow(InputDataSet) predict=621491"
[1] "str(InputDataSet)="
'data.frame':	621491 obs. of  42 variables:
 $ Race.RaceId                      : Factor w/ 515 levels "20210904-04-04-07-01",..: 2 2 2 2 2 2 2 2 2 2 ...
 $ Race.IsPredictedRace             : logi  TRUE TRUE TRUE TRUE TRUE TRUE ...
 $ Race.IsAnalyzeNormalPastAndFuture: logi  TRUE TRUE TRUE TRUE TRUE TRUE ...
 $ Race.IsAnalyzeNormalPast         : logi  FALSE FALSE FALSE FALSE FALSE FALSE ...
 $ Race.IsAnalyzeNormalFuture       : logi  TRUE TRUE TRUE TRUE TRUE TRUE ...
 $ Race.IsAnalyzeFullPastAndFuture  : logi  TRUE TRUE TRUE TRUE TRUE TRUE ...
 $ Race.IsAnalyzeFullPast           : logi  FALSE FALSE FALSE FALSE FALSE FALSE ...
 $ Race.IsAnalyzeFullFuture         : logi  TRUE TRUE TRUE TRUE TRUE TRUE ...
 $ Race.JyokenCd                    : Factor w/ 1 level "5": 1 1 1 1 1 1 1 1 1 1 ...
 $ Race.JyoType1Cd                  : Factor w/ 36 levels "3-04-2850-2",..: 2 2 2 2 2 2 2 2 2 2 ...
 $ Race.RaceType0Cd                 : Factor w/ 52 levels "3-04-2850-2-5-X-18",..: 2 2 2 2 2 2 2 2 2 2 ...
 $ Race.RaceType1Cd                 : Factor w/ 1 level "3-5-X": 1 1 1 1 1 1 1 1 1 1 ...
 $ Race.RaceType2Cd                 : Factor w/ 1 level "3-5-X": 1 1 1 1 1 1 1 1 1 1 ...
 $ Race.RaceType3Cd                 : Factor w/ 2 levels "5-X-18","5-X-19": 2 2 2 2 2 2 2 2 2 2 ...
 $ Race.RaceType4Cd                 : Factor w/ 2 levels "3-5-18","3-5-19": 2 2 2 2 2 2 2 2 2 2 ...
 $ RaceHorse.RaceId                 : Factor w/ 515 levels "20210904-04-04-07-01",..: 2 2 2 2 2 2 2 2 2 2 ...
 $ RaceHorse.KettoNum               : Factor w/ 1912 levels "2013103569","2016100158",..: 2 2 2 2 2 2 2 2 2 2 ...
 $ RaceHorse.IsHit1                 : int  0 0 0 0 0 0 0 0 0 0 ...
 $ RaceHorse.IsHit2                 : int  1 1 1 1 1 1 1 1 1 1 ...
 $ RaceHorse.IsHit3                 : int  0 0 0 0 0 0 0 0 0 0 ...
 $ RaceHorse.IsHit4                 : int  0 0 0 0 0 0 0 0 0 0 ...
 $ RaceHorse.IsHit5                 : int  0 0 0 0 0 0 0 0 0 0 ...
 $ RaceHorse.IsHit6                 : int  0 0 0 0 0 0 0 0 0 0 ...
 $ RaceHorse.IsValidRaceHorse       : logi  TRUE TRUE TRUE TRUE TRUE TRUE ...
 $ RaceHorse.IsHitA                 : int  0 0 0 0 0 0 0 0 0 0 ...
 $ RaceHorse.IsHitB                 : int  1 1 1 1 1 1 1 1 1 1 ...
 $ RaceHorse.IsHitC                 : int  1 1 1 1 1 1 1 1 1 1 ...
 $ Jockey.RaceId                    : Factor w/ 515 levels "20210904-04-04-07-01",..: 2 2 2 2 2 2 2 2 2 2 ...
 $ Jockey.KettoNum                  : Factor w/ 1912 levels "2013103569","2016100158",..: 2 2 2 2 2 2 2 2 2 2 ...
 $ Jockey.KisyuCode                 : Factor w/ 34 levels "01139","01046",..: 2 2 2 2 2 2 2 2 2 2 ...
 $ Jockey.Num                       : num  8 7 6 5 4 3 2 1 100 99 ...
 $ Jockey.PrevKettoNum              : Factor w/ 2684 levels "2014109137","2013105905",..: 8 9 10 11 12 13 14 11 15 16 ...
 $ Jockey.PrevRaceId                : Factor w/ 912 levels "20181124-05-05-07-04",..: 11 12 13 14 15 16 17 18 19 20 ...
 $ Jockey.SyussoTosu                : num  9 10 12 11 14 14 13 13 13 14 ...
 $ Jockey.TimeDvByRace              : num  59.8 48.7 65.3 58.1 35.9 ...
 $ Jockey.RunCount                  : int  1 1 1 1 1 1 1 1 1 1 ...
 $ Jockey.HitCount1                 : int  1 0 0 0 0 0 0 0 0 0 ...
 $ Jockey.HitCount2                 : int  0 0 1 0 0 0 0 0 0 0 ...
 $ Jockey.HitCount3                 : int  0 0 0 0 0 0 0 0 0 0 ...
 $ Jockey.HitCount4                 : int  0 0 0 1 0 0 0 0 0 0 ...
 $ Jockey.HitCount5                 : int  0 0 0 0 0 0 0 0 0 0 ...
 $ EOF                              : int  1 1 1 1 1 1 1 1 1 1 ...
[1] "2022-02-08 11:51:17 --- Predict InputDataSet Finish ---"
[1] "2022-02-08 11:51:17 --- rxPredict (glm) Start ---"
[1] "analyzeFunc=glm"
Rows Read: 621491, Total Rows Processed: 621491, Total Chunk Time: 0.006 seconds 
[1] "nrow(PredictDataSet) afte predict=621491"
[1] "str(PredictDataSet)"
'data.frame':	621491 obs. of  1 variable:
 $ RaceHorse.IsHitA_Pred: num  0.1105 0.0888 0.0852 0.087 0.0817 ...
NULL
[1] "head(PredictDataSet) afte predict="
  RaceHorse.IsHitA_Pred
1            0.11052418
2            0.08880007
3            0.08517279
4            0.08696932
5            0.08168039
6            0.08168039
[1] "2022-02-08 11:51:17 --- rxPredict (glm) Finish ---"
[1] "2022-02-08 11:51:17 --- add key Start ---"
[1] "nrow(OutputDataSet) add KeyColmn=621491"
[1] "str(OutputDataSet) after add Key"
'data.frame':	621491 obs. of  2 variables:
 $ RaceHorse.RaceId  : Factor w/ 515 levels "20210904-04-04-07-01",..: 2 2 2 2 2 2 2 2 2 2 ...
 $ RaceHorse.KettoNum: Factor w/ 1912 levels "2013103569","2016100158",..: 2 2 2 2 2 2 2 2 2 2 ...
NULL
[1] "2022-02-08 11:51:17 --- add key Finish ---"
[1] "2022-02-08 11:51:17 --- add PredictValue Start ---"
[1] "str(PredictDataSet) before rename="
[1] "colnames(PredictDataSet)=RaceHorse.IsHitA_Pred"
[1] "str(PredictDataSet) after rename="
'data.frame':	621491 obs. of  1 variable:
 $ PredictValue: num  0.1105 0.0888 0.0852 0.087 0.0817 ...
NULL
[1] "str(OutputDataSet) before cbind="
'data.frame':	621491 obs. of  2 variables:
 $ RaceHorse.RaceId  : Factor w/ 515 levels "20210904-04-04-07-01",..: 2 2 2 2 2 2 2 2 2 2 ...
 $ RaceHorse.KettoNum: Factor w/ 1912 levels "2013103569","2016100158",..: 2 2 2 2 2 2 2 2 2 2 ...
NULL
[1] "str(OutputDataSet) after cbind="
'data.frame':	621491 obs. of  3 variables:
 $ RaceHorse.RaceId  : Factor w/ 515 levels "20210904-04-04-07-01",..: 2 2 2 2 2 2 2 2 2 2 ...
 $ RaceHorse.KettoNum: Factor w/ 1912 levels "2013103569","2016100158",..: 2 2 2 2 2 2 2 2 2 2 ...
 $ PredictValue      : num  0.1105 0.0888 0.0852 0.087 0.0817 ...
NULL
[1] "2022-02-08 11:51:17 --- add PredictValue Finish ---"
[1] "2022-02-08 11:51:17 --- final Start ---"
[1] "nrow(OutputDataSet) final=621491"
[1] "head(OutputDataSet)="
      RaceHorse.RaceId RaceHorse.KettoNum PredictValue
1 20210110-06-01-03-04         2016100158   0.11052418
2 20210110-06-01-03-04         2016100158   0.08880007
3 20210110-06-01-03-04         2016100158   0.08517279
4 20210110-06-01-03-04         2016100158   0.08696932
5 20210110-06-01-03-04         2016100158   0.08168039
6 20210110-06-01-03-04         2016100158   0.08168039
[1] "str(OutputDataSet)="
'data.frame':	621491 obs. of  3 variables:
 $ RaceHorse.RaceId  : Factor w/ 515 levels "20210904-04-04-07-01",..: 2 2 2 2 2 2 2 2 2 2 ...
 $ RaceHorse.KettoNum: Factor w/ 1912 levels "2013103569","2016100158",..: 2 2 2 2 2 2 2 2 2 2 ...
 $ PredictValue      : num  0.1105 0.0888 0.0852 0.087 0.0817 ...
NULL
[1] "2022-02-08 11:51:17 --- final Finish ---"
[1] "2022-02-08 11:51:17 --- predict.R Finished ---"
[1] "2022-02-08 11:51:17 --- log Finish ---"
