[1] "2022-02-08 11:27:13 --- D1114_Predict_glm_Jockey_IsHitA_Type24 Start ---"
[1] "2022-02-08 11:27:13 --- Log Start ---"
[1] "2022-02-08 11:27:13 --- predict.R Start ---"
[1] "analyzeVersion=D1114"
[1] "analyzeCategory=Predict"
[1] "analyzeType=Jockey"
[1] "analyzeFamily=IsHitA"
[1] "analyzeFunc=glm"
[1] "analyzeTrackTypeCd=2"
[1] "analyzeJyokenCd=4"
[1] "2022-02-08 11:27:13 --- source_function.R Start ---"
[1] "2022-02-08 11:27:13 --- source_function.R Finished ---"

> print(paste0(Sys.time(), " --- source_library.R Start ---"))
[1] "2022-02-08 11:27:14 --- source_library.R Start ---"

> require("RevoScaleR")

> print(paste0(Sys.time(), " --- source_library.R Finished ---"))
[1] "2022-02-08 11:27:14 --- source_library.R Finished ---"
[1] "2022-02-08 11:27:14 --- Load Start ---"
[1] "loadFilename=RData_Analyze_glm_Jockey_Type24.RData"
[1] "2022-02-08 11:27:16 --- Load Finished ---"
[1] "2022-02-08 11:27:16 --- RxSqlServerData Start ---"
[1] "sqlQuery=SELECT * FROM ViewAnalyzeD1114analyze01JockeyType24 WHERE [Race.IsPredictedRace] = 1"
Rows Read: 4397546, Total Rows Processed: 4397546, Total Chunk Time: 227.353 seconds 
[1] "head(InputDataSet)="
           Race.RaceId Race.IsPredictedRace Race.IsAnalyzeNormalPastAndFuture
1 20160110-06-01-03-07                 TRUE                              TRUE
2 20160110-06-01-03-07                 TRUE                              TRUE
3 20160110-06-01-03-07                 TRUE                              TRUE
4 20160124-06-01-08-07                 TRUE                              TRUE
5 20160124-06-01-08-07                 TRUE                              TRUE
6 20160124-06-01-08-07                 TRUE                              TRUE
  Race.IsAnalyzeNormalPast Race.IsAnalyzeNormalFuture
1                     TRUE                      FALSE
2                     TRUE                      FALSE
3                     TRUE                      FALSE
4                     TRUE                      FALSE
5                     TRUE                      FALSE
6                     TRUE                      FALSE
  Race.IsAnalyzeFullPastAndFuture Race.IsAnalyzeFullPast
1                            TRUE                   TRUE
2                            TRUE                   TRUE
3                            TRUE                   TRUE
4                            TRUE                   TRUE
5                            TRUE                   TRUE
6                            TRUE                   TRUE
  Race.IsAnalyzeFullFuture Race.JyokenCd Race.JyoType1Cd   Race.RaceType0Cd
1                    FALSE             4     2-06-1800-1 2-06-1800-1-4-X-14
2                    FALSE             4     2-06-1800-1 2-06-1800-1-4-X-14
3                    FALSE             4     2-06-1800-1 2-06-1800-1-4-X-14
4                    FALSE             4     2-06-1200-2 2-06-1200-2-4-X-12
5                    FALSE             4     2-06-1200-2 2-06-1200-2-4-X-12
6                    FALSE             4     2-06-1200-2 2-06-1200-2-4-X-12
  Race.RaceType1Cd Race.RaceType2Cd Race.RaceType3Cd Race.RaceType4Cd
1            2-4-X            2-4-X           4-X-14           2-4-14
2            2-4-X            2-4-X           4-X-14           2-4-14
3            2-4-X            2-4-X           4-X-14           2-4-14
4            2-4-X            2-4-X           4-X-12           2-4-12
5            2-4-X            2-4-X           4-X-12           2-4-12
6            2-4-X            2-4-X           4-X-12           2-4-12
      RaceHorse.RaceId RaceHorse.KettoNum RaceHorse.IsHit1 RaceHorse.IsHit2
1 20160110-06-01-03-07         2010106531                0                0
2 20160110-06-01-03-07         2010106531                0                0
3 20160110-06-01-03-07         2010106531                0                0
4 20160124-06-01-08-07         2013109177                0                0
5 20160124-06-01-08-07         2013109177                0                0
6 20160124-06-01-08-07         2013109177                0                0
  RaceHorse.IsHit3 RaceHorse.IsHit4 RaceHorse.IsHit5 RaceHorse.IsHit6
1                0                1                0                0
2                0                1                0                0
3                0                1                0                0
4                0                0                0                1
5                0                0                0                1
6                0                0                0                1
  RaceHorse.IsValidRaceHorse RaceHorse.IsHitA RaceHorse.IsHitB RaceHorse.IsHitC
1                       TRUE                0                0                0
2                       TRUE                0                0                0
3                       TRUE                0                0                0
4                       TRUE                0                0                0
5                       TRUE                0                0                0
6                       TRUE                0                0                0
         Jockey.RaceId Jockey.KettoNum Jockey.KisyuCode Jockey.Num
1 20160110-06-01-03-07      2010106531            01150         98
2 20160110-06-01-03-07      2010106531            01150         99
3 20160110-06-01-03-07      2010106531            01150        100
4 20160124-06-01-08-07      2013109177            05471         98
5 20160124-06-01-08-07      2013109177            05471         99
6 20160124-06-01-08-07      2013109177            05471        100
  Jockey.PrevKettoNum    Jockey.PrevRaceId Jockey.SyussoTosu
1          2011101086 20150404-06-03-03-08                10
2          2012105638 20150404-06-03-03-07                16
3          2011105461 20150329-06-03-02-07                16
4          2007101539 20110206-05-01-04-08                15
5          2008106631 20110206-05-01-04-06                16
6          2007104601 20110130-05-01-02-08                16
  Jockey.TimeDvByRace Jockey.RunCount Jockey.HitCount1 Jockey.HitCount2
1            44.39797               1                0                0
2            49.86174               1                0                0
3            55.39164               1                0                0
4            36.69647               1                0                0
5            57.00040               1                0                0
6            58.70226               1                0                0
  Jockey.HitCount3 Jockey.HitCount4 Jockey.HitCount5 EOF
1                0                0                0   1
2                0                0                0   1
3                0                0                0   1
4                0                0                0   1
5                0                0                1   1
6                0                1                0   1
[1] "object.size(InputDataSet) auto=758.5 Mb"
[1] "nrow(InputDataSet) RxSqlServerData=4397546"
[1] "str(InputDataSet)="
'data.frame':	4397546 obs. of  42 variables:
 $ Race.RaceId                      : Factor w/ 3416 levels "20211120-03-02-05-09",..: 2 2 2 3 3 3 2 2 2 4 ...
 $ Race.IsPredictedRace             : logi  TRUE TRUE TRUE TRUE TRUE TRUE ...
 $ Race.IsAnalyzeNormalPastAndFuture: logi  TRUE TRUE TRUE TRUE TRUE TRUE ...
 $ Race.IsAnalyzeNormalPast         : logi  TRUE TRUE TRUE TRUE TRUE TRUE ...
 $ Race.IsAnalyzeNormalFuture       : logi  FALSE FALSE FALSE FALSE FALSE FALSE ...
 $ Race.IsAnalyzeFullPastAndFuture  : logi  TRUE TRUE TRUE TRUE TRUE TRUE ...
 $ Race.IsAnalyzeFullPast           : logi  TRUE TRUE TRUE TRUE TRUE TRUE ...
 $ Race.IsAnalyzeFullFuture         : logi  FALSE FALSE FALSE FALSE FALSE FALSE ...
 $ Race.JyokenCd                    : Factor w/ 1 level "4": 1 1 1 1 1 1 1 1 1 1 ...
 $ Race.JyoType1Cd                  : Factor w/ 134 levels "2-03-1150-1",..: 2 2 2 3 3 3 2 2 2 4 ...
 $ Race.RaceType0Cd                 : Factor w/ 345 levels "2-03-1150-1-4-X-13",..: 2 2 2 3 3 3 2 2 2 4 ...
 $ Race.RaceType1Cd                 : Factor w/ 2 levels "2-4-X","2-4-E": 1 1 1 1 1 1 1 1 1 1 ...
 $ Race.RaceType2Cd                 : Factor w/ 2 levels "2-4-X","2-4-E": 1 1 1 1 1 1 1 1 1 1 ...
 $ Race.RaceType3Cd                 : Factor w/ 8 levels "4-X-13","4-X-14",..: 2 2 2 3 3 3 2 2 2 2 ...
 $ Race.RaceType4Cd                 : Factor w/ 4 levels "2-4-13","2-4-14",..: 2 2 2 3 3 3 2 2 2 2 ...
 $ RaceHorse.RaceId                 : Factor w/ 3416 levels "20211120-03-02-05-09",..: 2 2 2 3 3 3 2 2 2 4 ...
 $ RaceHorse.KettoNum               : Factor w/ 9556 levels "2016103505","2010106531",..: 2 2 2 3 3 3 4 4 4 5 ...
 $ RaceHorse.IsHit1                 : int  0 0 0 0 0 0 0 0 0 0 ...
 $ RaceHorse.IsHit2                 : int  0 0 0 0 0 0 0 0 0 0 ...
 $ RaceHorse.IsHit3                 : int  0 0 0 0 0 0 0 0 0 0 ...
 $ RaceHorse.IsHit4                 : int  1 1 1 0 0 0 0 0 0 1 ...
 $ RaceHorse.IsHit5                 : int  0 0 0 0 0 0 0 0 0 0 ...
 $ RaceHorse.IsHit6                 : int  0 0 0 1 1 1 1 1 1 0 ...
 $ RaceHorse.IsValidRaceHorse       : logi  TRUE TRUE TRUE TRUE TRUE TRUE ...
 $ RaceHorse.IsHitA                 : int  0 0 0 0 0 0 0 0 0 0 ...
 $ RaceHorse.IsHitB                 : int  0 0 0 0 0 0 0 0 0 0 ...
 $ RaceHorse.IsHitC                 : int  0 0 0 0 0 0 0 0 0 0 ...
 $ Jockey.RaceId                    : Factor w/ 3416 levels "20211120-03-02-05-09",..: 2 2 2 3 3 3 2 2 2 4 ...
 $ Jockey.KettoNum                  : Factor w/ 9556 levels "2016103505","2010106531",..: 2 2 2 3 3 3 4 4 4 5 ...
 $ Jockey.KisyuCode                 : Factor w/ 203 levels "01183","01150",..: 2 2 2 3 3 3 4 4 4 5 ...
 $ Jockey.Num                       : num  98 99 100 98 99 100 98 99 100 98 ...
 $ Jockey.PrevKettoNum              : Factor w/ 12550 levels "2016101098","2017103437",..: 9 10 11 12 13 14 15 16 17 18 ...
 $ Jockey.PrevRaceId                : Factor w/ 5619 levels "20210207-05-01-04-07",..: 11 12 13 14 15 16 17 18 19 20 ...
 $ Jockey.SyussoTosu                : num  10 16 16 15 16 16 14 16 16 16 ...
 $ Jockey.TimeDvByRace              : num  44.4 49.9 55.4 36.7 57 ...
 $ Jockey.RunCount                  : int  1 1 1 1 1 1 1 1 1 1 ...
 $ Jockey.HitCount1                 : int  0 0 0 0 0 0 0 0 0 0 ...
 $ Jockey.HitCount2                 : int  0 0 0 0 0 0 0 0 0 0 ...
 $ Jockey.HitCount3                 : int  0 0 0 0 0 0 0 0 0 0 ...
 $ Jockey.HitCount4                 : int  0 0 0 0 0 1 0 0 0 0 ...
 $ Jockey.HitCount5                 : int  0 0 0 0 1 0 0 0 0 0 ...
 $ EOF                              : int  1 1 1 1 1 1 1 1 1 1 ...
[1] "2022-02-08 11:33:01 --- RxSqlServerData Finish ---"
[1] "2022-02-08 11:33:01 --- subset Start ---"
[1] "nrow(InputDataSet) subset before=4397546"
[1] "nrow(InputDataSet) subset after=4397546"
[1] "nrow(InputDataSet) subset diff=0"
[1] "class(InputDataSet$Race.IsAnalyzeNormalPast)=logical"
[1] "class(InputDataSet$Race.analyzeTrackTypeCd)=NULL"
[1] "2022-02-08 11:33:01 --- subset Finish ---"
[1] "2022-02-08 11:33:01 --- transform Start ---"
[1] "nrow(InputDataSet) transaform before=4397546"
[1] "nrow(InputDataSet) transaform after=4397546"
[1] "nrow(InputDataSet) transaform diff=0"
[1] "str(InputDataSet)="
'data.frame':	4397546 obs. of  42 variables:
 $ Race.RaceId                      : Factor w/ 3416 levels "20211120-03-02-05-09",..: 2 2 2 3 3 3 2 2 2 4 ...
 $ Race.IsPredictedRace             : logi  TRUE TRUE TRUE TRUE TRUE TRUE ...
 $ Race.IsAnalyzeNormalPastAndFuture: logi  TRUE TRUE TRUE TRUE TRUE TRUE ...
 $ Race.IsAnalyzeNormalPast         : logi  TRUE TRUE TRUE TRUE TRUE TRUE ...
 $ Race.IsAnalyzeNormalFuture       : logi  FALSE FALSE FALSE FALSE FALSE FALSE ...
 $ Race.IsAnalyzeFullPastAndFuture  : logi  TRUE TRUE TRUE TRUE TRUE TRUE ...
 $ Race.IsAnalyzeFullPast           : logi  TRUE TRUE TRUE TRUE TRUE TRUE ...
 $ Race.IsAnalyzeFullFuture         : logi  FALSE FALSE FALSE FALSE FALSE FALSE ...
 $ Race.JyokenCd                    : Factor w/ 1 level "4": 1 1 1 1 1 1 1 1 1 1 ...
 $ Race.JyoType1Cd                  : Factor w/ 134 levels "2-03-1150-1",..: 2 2 2 3 3 3 2 2 2 4 ...
 $ Race.RaceType0Cd                 : Factor w/ 345 levels "2-03-1150-1-4-X-13",..: 2 2 2 3 3 3 2 2 2 4 ...
 $ Race.RaceType1Cd                 : Factor w/ 2 levels "2-4-X","2-4-E": 1 1 1 1 1 1 1 1 1 1 ...
 $ Race.RaceType2Cd                 : Factor w/ 2 levels "2-4-X","2-4-E": 1 1 1 1 1 1 1 1 1 1 ...
 $ Race.RaceType3Cd                 : Factor w/ 8 levels "4-X-13","4-X-14",..: 2 2 2 3 3 3 2 2 2 2 ...
 $ Race.RaceType4Cd                 : Factor w/ 4 levels "2-4-13","2-4-14",..: 2 2 2 3 3 3 2 2 2 2 ...
 $ RaceHorse.RaceId                 : Factor w/ 3416 levels "20211120-03-02-05-09",..: 2 2 2 3 3 3 2 2 2 4 ...
 $ RaceHorse.KettoNum               : Factor w/ 9556 levels "2016103505","2010106531",..: 2 2 2 3 3 3 4 4 4 5 ...
 $ RaceHorse.IsHit1                 : int  0 0 0 0 0 0 0 0 0 0 ...
 $ RaceHorse.IsHit2                 : int  0 0 0 0 0 0 0 0 0 0 ...
 $ RaceHorse.IsHit3                 : int  0 0 0 0 0 0 0 0 0 0 ...
 $ RaceHorse.IsHit4                 : int  1 1 1 0 0 0 0 0 0 1 ...
 $ RaceHorse.IsHit5                 : int  0 0 0 0 0 0 0 0 0 0 ...
 $ RaceHorse.IsHit6                 : int  0 0 0 1 1 1 1 1 1 0 ...
 $ RaceHorse.IsValidRaceHorse       : logi  TRUE TRUE TRUE TRUE TRUE TRUE ...
 $ RaceHorse.IsHitA                 : int  0 0 0 0 0 0 0 0 0 0 ...
 $ RaceHorse.IsHitB                 : int  0 0 0 0 0 0 0 0 0 0 ...
 $ RaceHorse.IsHitC                 : int  0 0 0 0 0 0 0 0 0 0 ...
 $ Jockey.RaceId                    : Factor w/ 3416 levels "20211120-03-02-05-09",..: 2 2 2 3 3 3 2 2 2 4 ...
 $ Jockey.KettoNum                  : Factor w/ 9556 levels "2016103505","2010106531",..: 2 2 2 3 3 3 4 4 4 5 ...
 $ Jockey.KisyuCode                 : Factor w/ 203 levels "01183","01150",..: 2 2 2 3 3 3 4 4 4 5 ...
 $ Jockey.Num                       : num  98 99 100 98 99 100 98 99 100 98 ...
 $ Jockey.PrevKettoNum              : Factor w/ 12550 levels "2016101098","2017103437",..: 9 10 11 12 13 14 15 16 17 18 ...
 $ Jockey.PrevRaceId                : Factor w/ 5619 levels "20210207-05-01-04-07",..: 11 12 13 14 15 16 17 18 19 20 ...
 $ Jockey.SyussoTosu                : num  10 16 16 15 16 16 14 16 16 16 ...
 $ Jockey.TimeDvByRace              : num  44.4 49.9 55.4 36.7 57 ...
 $ Jockey.RunCount                  : int  1 1 1 1 1 1 1 1 1 1 ...
 $ Jockey.HitCount1                 : int  0 0 0 0 0 0 0 0 0 0 ...
 $ Jockey.HitCount2                 : int  0 0 0 0 0 0 0 0 0 0 ...
 $ Jockey.HitCount3                 : int  0 0 0 0 0 0 0 0 0 0 ...
 $ Jockey.HitCount4                 : int  0 0 0 0 0 1 0 0 0 0 ...
 $ Jockey.HitCount5                 : int  0 0 0 0 1 0 0 0 0 0 ...
 $ EOF                              : int  1 1 1 1 1 1 1 1 1 1 ...
NULL
[1] "2022-02-08 11:33:02 --- transform Finish ---"
[1] "2022-02-08 11:33:02 --- na.omit Start ---"
[1] "nrow(InputDataSet) na.omit before=4397546"
[1] "nrow(InputDataSet) na.omit after=4397546"
[1] "nrow(InputDataSet) na.omit diff=0"
[1] "2022-02-08 11:33:04 --- na.omit Finish---"
[1] "2022-02-08 11:33:04 --- New Levels Start ---"
[1] "levels(data$Race.RaceType1Cd)=2-4-X" "levels(data$Race.RaceType1Cd)=2-4-E"
[1] "levels(InputDataSet$Race.RaceType1Cd)=2-4-X"
[2] "levels(InputDataSet$Race.RaceType1Cd)=2-4-E"
[1] "length(Race.RaceType1Cd.Index)=0"
[1] "2022-02-08 11:33:04 --- New Levels Finish ---"
[1] "2022-02-08 11:33:04 --- na.omit Start ---"
[1] "nrow(InputDataSet) na.omit levels before=4397546"
[1] "nrow(InputDataSet) na.omit levels after=4397546"
[1] "nrow(InputDataSet) na.omit levels diff=0"
[1] "2022-02-08 11:33:06 --- na.omit Finish ---"
[1] "2022-02-08 11:33:06 --- Predict InputDataSet Start ---"
[1] "nrow(InputDataSet) predict=4397546"
[1] "str(InputDataSet)="
'data.frame':	4397546 obs. of  42 variables:
 $ Race.RaceId                      : Factor w/ 3416 levels "20211120-03-02-05-09",..: 2 2 2 3 3 3 2 2 2 4 ...
 $ Race.IsPredictedRace             : logi  TRUE TRUE TRUE TRUE TRUE TRUE ...
 $ Race.IsAnalyzeNormalPastAndFuture: logi  TRUE TRUE TRUE TRUE TRUE TRUE ...
 $ Race.IsAnalyzeNormalPast         : logi  TRUE TRUE TRUE TRUE TRUE TRUE ...
 $ Race.IsAnalyzeNormalFuture       : logi  FALSE FALSE FALSE FALSE FALSE FALSE ...
 $ Race.IsAnalyzeFullPastAndFuture  : logi  TRUE TRUE TRUE TRUE TRUE TRUE ...
 $ Race.IsAnalyzeFullPast           : logi  TRUE TRUE TRUE TRUE TRUE TRUE ...
 $ Race.IsAnalyzeFullFuture         : logi  FALSE FALSE FALSE FALSE FALSE FALSE ...
 $ Race.JyokenCd                    : Factor w/ 1 level "4": 1 1 1 1 1 1 1 1 1 1 ...
 $ Race.JyoType1Cd                  : Factor w/ 134 levels "2-03-1150-1",..: 2 2 2 3 3 3 2 2 2 4 ...
 $ Race.RaceType0Cd                 : Factor w/ 345 levels "2-03-1150-1-4-X-13",..: 2 2 2 3 3 3 2 2 2 4 ...
 $ Race.RaceType1Cd                 : Factor w/ 2 levels "2-4-X","2-4-E": 1 1 1 1 1 1 1 1 1 1 ...
 $ Race.RaceType2Cd                 : Factor w/ 2 levels "2-4-X","2-4-E": 1 1 1 1 1 1 1 1 1 1 ...
 $ Race.RaceType3Cd                 : Factor w/ 8 levels "4-X-13","4-X-14",..: 2 2 2 3 3 3 2 2 2 2 ...
 $ Race.RaceType4Cd                 : Factor w/ 4 levels "2-4-13","2-4-14",..: 2 2 2 3 3 3 2 2 2 2 ...
 $ RaceHorse.RaceId                 : Factor w/ 3416 levels "20211120-03-02-05-09",..: 2 2 2 3 3 3 2 2 2 4 ...
 $ RaceHorse.KettoNum               : Factor w/ 9556 levels "2016103505","2010106531",..: 2 2 2 3 3 3 4 4 4 5 ...
 $ RaceHorse.IsHit1                 : int  0 0 0 0 0 0 0 0 0 0 ...
 $ RaceHorse.IsHit2                 : int  0 0 0 0 0 0 0 0 0 0 ...
 $ RaceHorse.IsHit3                 : int  0 0 0 0 0 0 0 0 0 0 ...
 $ RaceHorse.IsHit4                 : int  1 1 1 0 0 0 0 0 0 1 ...
 $ RaceHorse.IsHit5                 : int  0 0 0 0 0 0 0 0 0 0 ...
 $ RaceHorse.IsHit6                 : int  0 0 0 1 1 1 1 1 1 0 ...
 $ RaceHorse.IsValidRaceHorse       : logi  TRUE TRUE TRUE TRUE TRUE TRUE ...
 $ RaceHorse.IsHitA                 : int  0 0 0 0 0 0 0 0 0 0 ...
 $ RaceHorse.IsHitB                 : int  0 0 0 0 0 0 0 0 0 0 ...
 $ RaceHorse.IsHitC                 : int  0 0 0 0 0 0 0 0 0 0 ...
 $ Jockey.RaceId                    : Factor w/ 3416 levels "20211120-03-02-05-09",..: 2 2 2 3 3 3 2 2 2 4 ...
 $ Jockey.KettoNum                  : Factor w/ 9556 levels "2016103505","2010106531",..: 2 2 2 3 3 3 4 4 4 5 ...
 $ Jockey.KisyuCode                 : Factor w/ 203 levels "01183","01150",..: 2 2 2 3 3 3 4 4 4 5 ...
 $ Jockey.Num                       : num  98 99 100 98 99 100 98 99 100 98 ...
 $ Jockey.PrevKettoNum              : Factor w/ 12550 levels "2016101098","2017103437",..: 9 10 11 12 13 14 15 16 17 18 ...
 $ Jockey.PrevRaceId                : Factor w/ 5619 levels "20210207-05-01-04-07",..: 11 12 13 14 15 16 17 18 19 20 ...
 $ Jockey.SyussoTosu                : num  10 16 16 15 16 16 14 16 16 16 ...
 $ Jockey.TimeDvByRace              : num  44.4 49.9 55.4 36.7 57 ...
 $ Jockey.RunCount                  : int  1 1 1 1 1 1 1 1 1 1 ...
 $ Jockey.HitCount1                 : int  0 0 0 0 0 0 0 0 0 0 ...
 $ Jockey.HitCount2                 : int  0 0 0 0 0 0 0 0 0 0 ...
 $ Jockey.HitCount3                 : int  0 0 0 0 0 0 0 0 0 0 ...
 $ Jockey.HitCount4                 : int  0 0 0 0 0 1 0 0 0 0 ...
 $ Jockey.HitCount5                 : int  0 0 0 0 1 0 0 0 0 0 ...
 $ EOF                              : int  1 1 1 1 1 1 1 1 1 1 ...
[1] "2022-02-08 11:33:07 --- Predict InputDataSet Finish ---"
[1] "2022-02-08 11:33:07 --- rxPredict (glm) Start ---"
[1] "analyzeFunc=glm"
Rows Read: 4397546, Total Rows Processed: 4397546, Total Chunk Time: 0.051 seconds 
[1] "nrow(PredictDataSet) afte predict=4397546"
[1] "str(PredictDataSet)"
'data.frame':	4397546 obs. of  1 variable:
 $ RaceHorse.IsHitA_Pred: num  0.0757 0.0697 0.0697 0.0707 0.0697 ...
NULL
[1] "head(PredictDataSet) afte predict="
  RaceHorse.IsHitA_Pred
1            0.07570866
2            0.06969208
3            0.06969208
4            0.07066318
5            0.06969208
6            0.06969208
[1] "2022-02-08 11:33:07 --- rxPredict (glm) Finish ---"
[1] "2022-02-08 11:33:07 --- add key Start ---"
[1] "nrow(OutputDataSet) add KeyColmn=4397546"
[1] "str(OutputDataSet) after add Key"
'data.frame':	4397546 obs. of  2 variables:
 $ RaceHorse.RaceId  : Factor w/ 3416 levels "20211120-03-02-05-09",..: 2 2 2 3 3 3 2 2 2 4 ...
 $ RaceHorse.KettoNum: Factor w/ 9556 levels "2016103505","2010106531",..: 2 2 2 3 3 3 4 4 4 5 ...
NULL
[1] "2022-02-08 11:33:07 --- add key Finish ---"
[1] "2022-02-08 11:33:07 --- add PredictValue Start ---"
[1] "str(PredictDataSet) before rename="
[1] "colnames(PredictDataSet)=RaceHorse.IsHitA_Pred"
[1] "str(PredictDataSet) after rename="
'data.frame':	4397546 obs. of  1 variable:
 $ PredictValue: num  0.0757 0.0697 0.0697 0.0707 0.0697 ...
NULL
[1] "str(OutputDataSet) before cbind="
'data.frame':	4397546 obs. of  2 variables:
 $ RaceHorse.RaceId  : Factor w/ 3416 levels "20211120-03-02-05-09",..: 2 2 2 3 3 3 2 2 2 4 ...
 $ RaceHorse.KettoNum: Factor w/ 9556 levels "2016103505","2010106531",..: 2 2 2 3 3 3 4 4 4 5 ...
NULL
[1] "str(OutputDataSet) after cbind="
'data.frame':	4397546 obs. of  3 variables:
 $ RaceHorse.RaceId  : Factor w/ 3416 levels "20211120-03-02-05-09",..: 2 2 2 3 3 3 2 2 2 4 ...
 $ RaceHorse.KettoNum: Factor w/ 9556 levels "2016103505","2010106531",..: 2 2 2 3 3 3 4 4 4 5 ...
 $ PredictValue      : num  0.0757 0.0697 0.0697 0.0707 0.0697 ...
NULL
[1] "2022-02-08 11:33:10 --- add PredictValue Finish ---"
[1] "2022-02-08 11:33:10 --- final Start ---"
[1] "nrow(OutputDataSet) final=4397546"
[1] "head(OutputDataSet)="
      RaceHorse.RaceId RaceHorse.KettoNum PredictValue
1 20160110-06-01-03-07         2010106531   0.07570866
2 20160110-06-01-03-07         2010106531   0.06969208
3 20160110-06-01-03-07         2010106531   0.06969208
4 20160124-06-01-08-07         2013109177   0.07066318
5 20160124-06-01-08-07         2013109177   0.06969208
6 20160124-06-01-08-07         2013109177   0.06969208
[1] "str(OutputDataSet)="
'data.frame':	4397546 obs. of  3 variables:
 $ RaceHorse.RaceId  : Factor w/ 3416 levels "20211120-03-02-05-09",..: 2 2 2 3 3 3 2 2 2 4 ...
 $ RaceHorse.KettoNum: Factor w/ 9556 levels "2016103505","2010106531",..: 2 2 2 3 3 3 4 4 4 5 ...
 $ PredictValue      : num  0.0757 0.0697 0.0697 0.0707 0.0697 ...
NULL
[1] "2022-02-08 11:33:10 --- final Finish ---"
[1] "2022-02-08 11:33:10 --- predict.R Finished ---"
[1] "2022-02-08 11:33:10 --- log Finish ---"
