[1] "2022-02-08 16:57:44 --- D1114_analyze_glm_Horse_IsHitA_Type16 Start ---"
[1] "2022-02-08 16:57:44 --- Log Start ---"
[1] "2022-02-08 16:57:44 --- analyze_glm.R Start ---"
[1] "analyzeVersion=D1114"
[1] "analyzeCategory=analyze"
[1] "analyzeType=Horse"
[1] "analyzeFamily=IsHitA"
[1] "analyzeFunc=glm"
[1] "analyzeTrackTypeCd=1"
[1] "analyzeJyokenCd=6"
[1] "2022-02-08 16:57:44 --- source_function.R Start ---"
[1] "2022-02-08 16:57:44 --- source_function.R Finished ---"

> print(paste0(Sys.time(), " --- source_library.R Start ---"))
[1] "2022-02-08 16:57:44 --- source_library.R Start ---"

> require("RevoScaleR")

> print(paste0(Sys.time(), " --- source_library.R Finished ---"))
[1] "2022-02-08 16:57:45 --- source_library.R Finished ---"
[1] "2022-02-08 16:57:45 --- RxSqlServerData Start ---"
[1] "sqlQuery=SELECT * FROM ViewAnalyzeD1114analyze01HorseType16"
Rows Read: 0, Total Rows Processed: 0, Total Chunk Time: 1.086 seconds 

No rows of data found.
[1] "head(data)="
[1] TRUE
[1] "object.size(data) auto=56 bytes"
[1] "nrow(data) RxSqlServerData="
[1] "str(data)="
 logi TRUE
[1] "2022-02-08 16:57:49 --- RxSqlServerData Finish ---"
[1] "2022-02-08 16:57:49 --- subset Start ---"
