[1] "2022-02-28 00:38:23 --- D1115_analyze_glm_Horse_IsHitA_Type25 Start ---"
[1] "2022-02-28 00:38:23 --- Log Start ---"
[1] "2022-02-28 00:38:23 --- analyze_glm.R Start ---"
[1] "analyzeVersion=D1115"
[1] "analyzeCategory=analyze"
[1] "analyzeType=Horse"
[1] "analyzeFamily=IsHitA"
[1] "analyzeFunc=glm"
[1] "analyzeTrackTypeCd=2"
[1] "analyzeJyokenCd=5"
[1] "2022-02-28 00:38:23 --- source_function.R Start ---"
[1] "2022-02-28 00:38:23 --- source_function.R Finished ---"

> print(paste0(Sys.time(), " --- source_library.R Start ---"))
[1] "2022-02-28 00:38:24 --- source_library.R Start ---"

> require("RevoScaleR")

> print(paste0(Sys.time(), " --- source_library.R Finished ---"))
[1] "2022-02-28 00:38:24 --- source_library.R Finished ---"
[1] "2022-02-28 00:38:24 --- RxSqlServerData Start ---"
[1] "2022-02-28 00:38:24 --- RxInSqlServer Start ---"
[1] "2022-02-28 00:38:24 --- RxInSqlServer Finish ---"
[1] "2022-02-28 00:38:24 --- rxSetComputeContext Start ---"
[1] "2022-02-28 00:38:24 --- rxSetComputeContext Finish ---"
[1] "2022-02-28 00:38:24 --- RxSqlServerData Start ---"
[1] "sqlQuery=SELECT * FROM ViewAnalyzeD1115analyze01HorseType25"
[1] "2022-02-28 00:38:25 --- RxSqlServerData Finish ---"
[1] "2022-02-28 00:38:25 --- rxGetVarInfo Start ---"
[1] "2022-02-28 00:38:25 --- rxGetVarInfo Finish---"
[1] "2022-02-28 00:38:25 --- rxImport Start ---"
Rows Read: 46468, Total Rows Processed: 46468, Total Chunk Time: 5.885 seconds 
[1] "2022-02-28 00:38:35 --- rxImport Finish ---"
[1] "object.size(data) auto=17.5 Mb"
[1] "--------------------------------------------------------------------------------"
[1] "nrow(data) RxSqlServerData=46468"
[1] "--------------------------------------------------------------------------------"
[1] "str(data)="
'data.frame':	46468 obs. of  49 variables:
 $ Race.RaceId                      : Factor w/ 3266 levels "20160105-06-01-01-01",..: 1 1 1 1 1 1 2 2 2 3 ...
 $ Race.IsAnalyzeNormalPastAndFuture: logi  TRUE TRUE TRUE TRUE TRUE TRUE ...
 $ Race.IsAnalyzeNormalPast         : logi  TRUE TRUE TRUE TRUE TRUE TRUE ...
 $ Race.IsAnalyzeNormalFuture       : logi  FALSE FALSE FALSE FALSE FALSE FALSE ...
 $ Race.IsAnalyzeFullPastAndFuture  : logi  TRUE TRUE TRUE TRUE TRUE TRUE ...
 $ Race.IsAnalyzeFullPast           : logi  TRUE TRUE TRUE TRUE TRUE TRUE ...
 $ Race.IsAnalyzeFullFuture         : logi  FALSE FALSE FALSE FALSE FALSE FALSE ...
 $ Race.JyokenCd                    : Factor w/ 1 level "5": 1 1 1 1 1 1 1 1 1 1 ...
 $ Race.JyoType1Cd                  : Factor w/ 116 levels "2-06-1200-5-1",..: 1 1 1 1 1 1 1 1 1 1 ...
 $ Race.RaceType1Cd                 : Factor w/ 3 levels "2-5-X-1","2-5-X-2",..: 1 1 1 1 1 1 1 1 1 1 ...
 $ RaceHorse.RaceId                 : Factor w/ 3266 levels "20160105-06-01-01-01",..: 1 1 1 1 1 1 2 2 2 3 ...
 $ RaceHorse.KettoNum               : Factor w/ 16199 levels "2013100103","2013102283",..: 1 2 3 4 5 6 7 8 9 10 ...
 $ RaceHorse.IsHit1                 : num  0 0 0 0 0 0 0 0 0 0 ...
 $ RaceHorse.IsHit2                 : num  0 0 0 0 0 0 0 0 0 0 ...
 $ RaceHorse.IsHit3                 : num  0 0 0 0 0 0 0 0 0 0 ...
 $ RaceHorse.IsHit4                 : num  0 0 0 0 0 0 0 0 0 0 ...
 $ RaceHorse.IsHit5                 : num  0 0 0 0 0 0 0 0 0 0 ...
 $ RaceHorse.IsHit6                 : num  1 1 1 1 1 1 1 1 1 1 ...
 $ RaceHorse.IsValidRaceHorse       : logi  TRUE TRUE TRUE TRUE TRUE TRUE ...
 $ RaceHorse.TimeSdvByRace          : num  -0.3445 0.0638 -1.2631 -0.2424 -1.5693 ...
 $ RaceHorse.LastTimeSdvByRace      : num  -0.321 1.691 -1.326 -0.22 -1.225 ...
 $ RaceHorse.FirstTimeSdvByRace     : num  -0.0324 -2.7956 0.1403 -0.0324 -0.5505 ...
 $ RaceHorse.TimeSdv                : num  -0.197 0.113 -0.896 -0.12 -1.128 ...
 $ RaceHorse.LastTimeSdv            : num  -0.538 1.285 -1.45 -0.447 -1.358 ...
 $ RaceHorse.FirstTimeSdv           : num  0.3736 -1.4038 0.4847 0.3736 0.0404 ...
 $ RaceHorse.OrderOfFinishSdv       : num  -0.8821 0.0182 -1.1071 -0.657 -1.5573 ...
 $ RaceHorse.IsHitA                 : num  0 0 0 0 0 0 0 0 0 0 ...
 $ RaceHorse.IsHitB                 : num  0 0 0 0 0 0 0 0 0 0 ...
 $ RaceHorse.IsHitC                 : num  0 0 0 0 0 0 0 0 0 0 ...
 $ Horse.KettoNum                   : Factor w/ 16199 levels "2013100103","2013102283",..: 1 2 3 4 5 6 7 8 9 10 ...
 $ Horse.TimeSdvByRaceAvg           : num  -0.375 -0.71 -1.185 -0.35 -0.213 ...
 $ Horse.LastTimeSdvByRaceAvg       : num  -1.437 -0.686 -1.838 -0.244 -0.77 ...
 $ Horse.FirstTimeSdvByRaceAvg      : num  0.492 -0.243 1.516 -0.084 0.722 ...
 $ Horse.TimeSdvAvg                 : num  0.217 -0.729 -1.009 -0.521 -0.129 ...
 $ Horse.LastTimeSdvAvg             : num  -0.2674 -0.5939 -1.0299 0.0932 -0.4079 ...
 $ Horse.FirstTimeSdvAvg            : num  0.636 -0.302 -0.378 -0.783 0.332 ...
 $ Horse.OrderOfFinishSdvAvg        : num  -0.492 -0.909 -1.157 -0.666 -0.281 ...
 $ Horse.RunCount                   : num  1 2 1 4 7 2 6 2 2 3 ...
 $ Horse.HitCount1                  : num  0 0 0 0 0 0 0 0 0 0 ...
 $ Horse.HitCount2                  : num  0 0 0 0 0 0 0 0 0 0 ...
 $ Horse.HitCount3                  : num  0 0 0 0 1 0 0 0 0 0 ...
 $ Horse.HitCount4                  : num  0 0 0 0 2 0 1 0 0 1 ...
 $ Horse.HitCount5                  : num  0 0 0 0 0 0 0 0 0 0 ...
 $ Horse.HitRate1                   : num  0 0 0 0 0 0 0 0 0 0 ...
 $ Horse.HitRate2                   : num  0 0 0 0 0 0 0 0 0 0 ...
 $ Horse.HitRate3                   : num  0 0 0 0 0.143 ...
 $ Horse.HitRate4                   : num  0 0 0 0 0.286 ...
 $ Horse.HitRate5                   : num  0 0 0 0 0 0 0 0 0 0 ...
 $ EOF                              : int  1 1 1 1 1 1 1 1 1 1 ...
[1] "2022-02-28 00:38:37 --- RxSqlServerData Finish ---"
[1] "2022-02-28 00:38:37 --- subset Start ---"
[1] "--------------------------------------------------------------------------------"
[1] "nrow(data) subset before=46468"
[1] "nrow(data) subset after =46468"
[1] "nrow(data) subset diff =0"
[1] "--------------------------------------------------------------------------------"
[1] "2022-02-28 00:38:37 --- subset Finish---"
[1] "2022-02-28 00:38:37 --- transform Start ---"
[1] "--------------------------------------------------------------------------------"
[1] "nrow(data) transform before=46468"
[1] "nrow(data) transform after=46468"
[1] "nrow(data) transform diff=0"
[1] "--------------------------------------------------------------------------------"
[1] "str(data)="
'data.frame':	46468 obs. of  49 variables:
 $ Race.RaceId                      : Factor w/ 3266 levels "20160105-06-01-01-01",..: 1 1 1 1 1 1 2 2 2 3 ...
 $ Race.IsAnalyzeNormalPastAndFuture: logi  TRUE TRUE TRUE TRUE TRUE TRUE ...
 $ Race.IsAnalyzeNormalPast         : logi  TRUE TRUE TRUE TRUE TRUE TRUE ...
 $ Race.IsAnalyzeNormalFuture       : logi  FALSE FALSE FALSE FALSE FALSE FALSE ...
 $ Race.IsAnalyzeFullPastAndFuture  : logi  TRUE TRUE TRUE TRUE TRUE TRUE ...
 $ Race.IsAnalyzeFullPast           : logi  TRUE TRUE TRUE TRUE TRUE TRUE ...
 $ Race.IsAnalyzeFullFuture         : logi  FALSE FALSE FALSE FALSE FALSE FALSE ...
 $ Race.JyokenCd                    : Factor w/ 1 level "5": 1 1 1 1 1 1 1 1 1 1 ...
 $ Race.JyoType1Cd                  : Factor w/ 116 levels "2-06-1200-5-1",..: 1 1 1 1 1 1 1 1 1 1 ...
 $ Race.RaceType1Cd                 : Factor w/ 3 levels "2-5-X-1","2-5-X-2",..: 1 1 1 1 1 1 1 1 1 1 ...
 $ RaceHorse.RaceId                 : Factor w/ 3266 levels "20160105-06-01-01-01",..: 1 1 1 1 1 1 2 2 2 3 ...
 $ RaceHorse.KettoNum               : Factor w/ 16199 levels "2013100103","2013102283",..: 1 2 3 4 5 6 7 8 9 10 ...
 $ RaceHorse.IsHit1                 : num  0 0 0 0 0 0 0 0 0 0 ...
 $ RaceHorse.IsHit2                 : num  0 0 0 0 0 0 0 0 0 0 ...
 $ RaceHorse.IsHit3                 : num  0 0 0 0 0 0 0 0 0 0 ...
 $ RaceHorse.IsHit4                 : num  0 0 0 0 0 0 0 0 0 0 ...
 $ RaceHorse.IsHit5                 : num  0 0 0 0 0 0 0 0 0 0 ...
 $ RaceHorse.IsHit6                 : num  1 1 1 1 1 1 1 1 1 1 ...
 $ RaceHorse.IsValidRaceHorse       : logi  TRUE TRUE TRUE TRUE TRUE TRUE ...
 $ RaceHorse.TimeSdvByRace          : num  -0.3445 0.0638 -1.2631 -0.2424 -1.5693 ...
 $ RaceHorse.LastTimeSdvByRace      : num  -0.321 1.691 -1.326 -0.22 -1.225 ...
 $ RaceHorse.FirstTimeSdvByRace     : num  -0.0324 -2.7956 0.1403 -0.0324 -0.5505 ...
 $ RaceHorse.TimeSdv                : num  -0.197 0.113 -0.896 -0.12 -1.128 ...
 $ RaceHorse.LastTimeSdv            : num  -0.538 1.285 -1.45 -0.447 -1.358 ...
 $ RaceHorse.FirstTimeSdv           : num  0.3736 -1.4038 0.4847 0.3736 0.0404 ...
 $ RaceHorse.OrderOfFinishSdv       : num  -0.8821 0.0182 -1.1071 -0.657 -1.5573 ...
 $ RaceHorse.IsHitA                 : num  0 0 0 0 0 0 0 0 0 0 ...
 $ RaceHorse.IsHitB                 : num  0 0 0 0 0 0 0 0 0 0 ...
 $ RaceHorse.IsHitC                 : num  0 0 0 0 0 0 0 0 0 0 ...
 $ Horse.KettoNum                   : Factor w/ 16199 levels "2013100103","2013102283",..: 1 2 3 4 5 6 7 8 9 10 ...
 $ Horse.TimeSdvByRaceAvg           : num  -0.375 -0.71 -1.185 -0.35 -0.213 ...
 $ Horse.LastTimeSdvByRaceAvg       : num  -1.437 -0.686 -1.838 -0.244 -0.77 ...
 $ Horse.FirstTimeSdvByRaceAvg      : num  0.492 -0.243 1.516 -0.084 0.722 ...
 $ Horse.TimeSdvAvg                 : num  0.217 -0.729 -1.009 -0.521 -0.129 ...
 $ Horse.LastTimeSdvAvg             : num  -0.2674 -0.5939 -1.0299 0.0932 -0.4079 ...
 $ Horse.FirstTimeSdvAvg            : num  0.636 -0.302 -0.378 -0.783 0.332 ...
 $ Horse.OrderOfFinishSdvAvg        : num  -0.492 -0.909 -1.157 -0.666 -0.281 ...
 $ Horse.RunCount                   : num  1 2 1 4 7 2 6 2 2 3 ...
 $ Horse.HitCount1                  : num  0 0 0 0 0 0 0 0 0 0 ...
 $ Horse.HitCount2                  : num  0 0 0 0 0 0 0 0 0 0 ...
 $ Horse.HitCount3                  : num  0 0 0 0 1 0 0 0 0 0 ...
 $ Horse.HitCount4                  : num  0 0 0 0 2 0 1 0 0 1 ...
 $ Horse.HitCount5                  : num  0 0 0 0 0 0 0 0 0 0 ...
 $ Horse.HitRate1                   : num  0 0 0 0 0 0 0 0 0 0 ...
 $ Horse.HitRate2                   : num  0 0 0 0 0 0 0 0 0 0 ...
 $ Horse.HitRate3                   : num  0 0 0 0 0.143 ...
 $ Horse.HitRate4                   : num  0 0 0 0 0.286 ...
 $ Horse.HitRate5                   : num  0 0 0 0 0 0 0 0 0 0 ...
 $ EOF                              : int  1 1 1 1 1 1 1 1 1 1 ...
NULL
[1] "2022-02-28 00:38:39 --- transform Finish ---"
[1] "2022-02-28 00:38:39 --- na.omit Start ---"
[1] "--------------------------------------------------------------------------------"
[1] "nrow(data) na.omit before=46468"
[1] "nrow(data) na.omit after =46075"
[1] "nrow(data) na.omit diff =393"
[1] "--------------------------------------------------------------------------------"
'data.frame':	46075 obs. of  49 variables:
 $ Race.RaceId                      : Factor w/ 3266 levels "20160105-06-01-01-01",..: 1 1 1 1 1 1 2 2 2 3 ...
 $ Race.IsAnalyzeNormalPastAndFuture: logi  TRUE TRUE TRUE TRUE TRUE TRUE ...
 $ Race.IsAnalyzeNormalPast         : logi  TRUE TRUE TRUE TRUE TRUE TRUE ...
 $ Race.IsAnalyzeNormalFuture       : logi  FALSE FALSE FALSE FALSE FALSE FALSE ...
 $ Race.IsAnalyzeFullPastAndFuture  : logi  TRUE TRUE TRUE TRUE TRUE TRUE ...
 $ Race.IsAnalyzeFullPast           : logi  TRUE TRUE TRUE TRUE TRUE TRUE ...
 $ Race.IsAnalyzeFullFuture         : logi  FALSE FALSE FALSE FALSE FALSE FALSE ...
 $ Race.JyokenCd                    : Factor w/ 1 level "5": 1 1 1 1 1 1 1 1 1 1 ...
 $ Race.JyoType1Cd                  : Factor w/ 116 levels "2-06-1200-5-1",..: 1 1 1 1 1 1 1 1 1 1 ...
 $ Race.RaceType1Cd                 : Factor w/ 3 levels "2-5-X-1","2-5-X-2",..: 1 1 1 1 1 1 1 1 1 1 ...
 $ RaceHorse.RaceId                 : Factor w/ 3266 levels "20160105-06-01-01-01",..: 1 1 1 1 1 1 2 2 2 3 ...
 $ RaceHorse.KettoNum               : Factor w/ 16199 levels "2013100103","2013102283",..: 1 2 3 4 5 6 7 8 9 10 ...
 $ RaceHorse.IsHit1                 : num  0 0 0 0 0 0 0 0 0 0 ...
 $ RaceHorse.IsHit2                 : num  0 0 0 0 0 0 0 0 0 0 ...
 $ RaceHorse.IsHit3                 : num  0 0 0 0 0 0 0 0 0 0 ...
 $ RaceHorse.IsHit4                 : num  0 0 0 0 0 0 0 0 0 0 ...
 $ RaceHorse.IsHit5                 : num  0 0 0 0 0 0 0 0 0 0 ...
 $ RaceHorse.IsHit6                 : num  1 1 1 1 1 1 1 1 1 1 ...
 $ RaceHorse.IsValidRaceHorse       : logi  TRUE TRUE TRUE TRUE TRUE TRUE ...
 $ RaceHorse.TimeSdvByRace          : num  -0.3445 0.0638 -1.2631 -0.2424 -1.5693 ...
 $ RaceHorse.LastTimeSdvByRace      : num  -0.321 1.691 -1.326 -0.22 -1.225 ...
 $ RaceHorse.FirstTimeSdvByRace     : num  -0.0324 -2.7956 0.1403 -0.0324 -0.5505 ...
 $ RaceHorse.TimeSdv                : num  -0.197 0.113 -0.896 -0.12 -1.128 ...
 $ RaceHorse.LastTimeSdv            : num  -0.538 1.285 -1.45 -0.447 -1.358 ...
 $ RaceHorse.FirstTimeSdv           : num  0.3736 -1.4038 0.4847 0.3736 0.0404 ...
 $ RaceHorse.OrderOfFinishSdv       : num  -0.8821 0.0182 -1.1071 -0.657 -1.5573 ...
 $ RaceHorse.IsHitA                 : num  0 0 0 0 0 0 0 0 0 0 ...
 $ RaceHorse.IsHitB                 : num  0 0 0 0 0 0 0 0 0 0 ...
 $ RaceHorse.IsHitC                 : num  0 0 0 0 0 0 0 0 0 0 ...
 $ Horse.KettoNum                   : Factor w/ 16199 levels "2013100103","2013102283",..: 1 2 3 4 5 6 7 8 9 10 ...
 $ Horse.TimeSdvByRaceAvg           : num  -0.375 -0.71 -1.185 -0.35 -0.213 ...
 $ Horse.LastTimeSdvByRaceAvg       : num  -1.437 -0.686 -1.838 -0.244 -0.77 ...
 $ Horse.FirstTimeSdvByRaceAvg      : num  0.492 -0.243 1.516 -0.084 0.722 ...
 $ Horse.TimeSdvAvg                 : num  0.217 -0.729 -1.009 -0.521 -0.129 ...
 $ Horse.LastTimeSdvAvg             : num  -0.2674 -0.5939 -1.0299 0.0932 -0.4079 ...
 $ Horse.FirstTimeSdvAvg            : num  0.636 -0.302 -0.378 -0.783 0.332 ...
 $ Horse.OrderOfFinishSdvAvg        : num  -0.492 -0.909 -1.157 -0.666 -0.281 ...
 $ Horse.RunCount                   : num  1 2 1 4 7 2 6 2 2 3 ...
 $ Horse.HitCount1                  : num  0 0 0 0 0 0 0 0 0 0 ...
 $ Horse.HitCount2                  : num  0 0 0 0 0 0 0 0 0 0 ...
 $ Horse.HitCount3                  : num  0 0 0 0 1 0 0 0 0 0 ...
 $ Horse.HitCount4                  : num  0 0 0 0 2 0 1 0 0 1 ...
 $ Horse.HitCount5                  : num  0 0 0 0 0 0 0 0 0 0 ...
 $ Horse.HitRate1                   : num  0 0 0 0 0 0 0 0 0 0 ...
 $ Horse.HitRate2                   : num  0 0 0 0 0 0 0 0 0 0 ...
 $ Horse.HitRate3                   : num  0 0 0 0 0.143 ...
 $ Horse.HitRate4                   : num  0 0 0 0 0.286 ...
 $ Horse.HitRate5                   : num  0 0 0 0 0 0 0 0 0 0 ...
 $ EOF                              : int  1 1 1 1 1 1 1 1 1 1 ...
 - attr(*, "na.action")= 'omit' Named int  10994 10995 10996 10997 10998 10999 11000 11001 11002 11003 ...
  ..- attr(*, "names")= chr  "10994" "10995" "10996" "10997" ...
[1] "2022-02-28 00:38:41 --- na.omit Finish ---"
[1] "2022-02-28 00:38:41 --- rxGlm with rxStepControl Start ---"

> print(paste0(Sys.time(), " --- source_logic_glm.R Start ---"))
[1] "2022-02-28 00:38:41 --- source_logic_glm.R Start ---"

> formula <- formula(RaceHorse.IsHitA ~ +1 + Horse.TimeSdvByRaceAvg + 
+     Horse.LastTimeSdvByRaceAvg + Horse.FirstTimeSdvByRaceAvg + 
+     Horse.TimeSdvAvg + Horse.LastTimeSdvAvg + Horse.FirstTimeSdvAvg)

> print(paste0(Sys.time(), " --- source_logic_glm.R Finished ---"))
[1] "2022-02-28 00:38:41 --- source_logic_glm.R Finished ---"
Rows Read: 46075, Total Rows Processed: 46075, Total Chunk Time: 0.005 seconds 

Starting values (iteration 1) time: 0.038 secs.
Rows Read: 46075, Total Rows Processed: 46075, Total Chunk Time: 0.007 seconds 

Iteration 2 time: 0.036 secs.
Rows Read: 46075, Total Rows Processed: 46075, Total Chunk Time: 0.007 seconds 

Iteration 3 time: 0.017 secs.
Rows Read: 46075, Total Rows Processed: 46075, Total Chunk Time: 0.007 seconds 

Iteration 4 time: 0.021 secs.
Rows Read: 46075, Total Rows Processed: 46075, Total Chunk Time: 0.007 seconds 

Iteration 5 time: 0.033 secs.
Rows Read: 46075, Total Rows Processed: 46075, Total Chunk Time: 0.006 seconds 

Iteration 6 time: 0.018 secs.

Elapsed computation time: 0.286 secs.
Rows Read: 46075, Total Rows Processed: 46075, Total Chunk Time: 0.004 seconds 

Starting values (iteration 1) time: 0.018 secs.
Rows Read: 46075, Total Rows Processed: 46075, Total Chunk Time: 0.006 seconds 

Iteration 2 time: 0.021 secs.
Rows Read: 46075, Total Rows Processed: 46075, Total Chunk Time: 0.005 seconds 

Iteration 3 time: 0.037 secs.
Rows Read: 46075, Total Rows Processed: 46075, Total Chunk Time: 0.006 seconds 

Iteration 4 time: 0.019 secs.
Rows Read: 46075, Total Rows Processed: 46075, Total Chunk Time: 0.006 seconds 

Iteration 5 time: 0.018 secs.
Rows Read: 46075, Total Rows Processed: 46075, Total Chunk Time: 0.006 seconds 

Iteration 6 time: 0.019 secs.

Elapsed computation time: 0.268 secs.
Rows Read: 46075, Total Rows Processed: 46075, Total Chunk Time: 0.003 seconds 

Starting values (iteration 1) time: 0.024 secs.
Rows Read: 46075, Total Rows Processed: 46075, Total Chunk Time: 0.005 seconds 

Iteration 2 time: 0.024 secs.
Rows Read: 46075, Total Rows Processed: 46075, Total Chunk Time: 0.005 seconds 

Iteration 3 time: 0.021 secs.
Rows Read: 46075, Total Rows Processed: 46075, Total Chunk Time: 0.005 seconds 

Iteration 4 time: 0.022 secs.
Rows Read: 46075, Total Rows Processed: 46075, Total Chunk Time: 0.006 seconds 

Iteration 5 time: 0.023 secs.
Rows Read: 46075, Total Rows Processed: 46075, Total Chunk Time: 0.006 seconds 

Iteration 6 time: 0.020 secs.

Elapsed computation time: 0.282 secs.
Rows Read: 46075, Total Rows Processed: 46075, Total Chunk Time: 0.004 seconds 

Starting values (iteration 1) time: 0.023 secs.
Rows Read: 46075, Total Rows Processed: 46075, Total Chunk Time: 0.007 seconds 

Iteration 2 time: 0.023 secs.
Rows Read: 46075, Total Rows Processed: 46075, Total Chunk Time: 0.006 seconds 

Iteration 3 time: 0.020 secs.
Rows Read: 46075, Total Rows Processed: 46075, Total Chunk Time: 0.006 seconds 

Iteration 4 time: 0.023 secs.
Rows Read: 46075, Total Rows Processed: 46075, Total Chunk Time: 0.006 seconds 

Iteration 5 time: 0.033 secs.
Rows Read: 46075, Total Rows Processed: 46075, Total Chunk Time: 0.005 seconds 

Iteration 6 time: 0.021 secs.

Elapsed computation time: 0.290 secs.
Rows Read: 46075, Total Rows Processed: 46075, Total Chunk Time: 0.003 seconds 

Starting values (iteration 1) time: 0.036 secs.
Rows Read: 46075, Total Rows Processed: 46075, Total Chunk Time: 0.006 seconds 

Iteration 2 time: 0.024 secs.
Rows Read: 46075, Total Rows Processed: 46075, Total Chunk Time: 0.006 seconds 

Iteration 3 time: 0.030 secs.
Rows Read: 46075, Total Rows Processed: 46075, Total Chunk Time: 0.006 seconds 

Iteration 4 time: 0.021 secs.
Rows Read: 46075, Total Rows Processed: 46075, Total Chunk Time: 0.005 seconds 

Iteration 5 time: 0.019 secs.
Rows Read: 46075, Total Rows Processed: 46075, Total Chunk Time: 0.005 seconds 

Iteration 6 time: 0.017 secs.

Elapsed computation time: 0.287 secs.
Rows Read: 46075, Total Rows Processed: 46075, Total Chunk Time: 0.007 seconds 

Starting values (iteration 1) time: 0.033 secs.
Rows Read: 46075, Total Rows Processed: 46075, Total Chunk Time: 0.014 seconds 

Iteration 2 time: 0.039 secs.
Rows Read: 46075, Total Rows Processed: 46075, Total Chunk Time: 0.008 seconds 

Iteration 3 time: 0.020 secs.
Rows Read: 46075, Total Rows Processed: 46075, Total Chunk Time: 0.005 seconds 

Iteration 4 time: 0.018 secs.
Rows Read: 46075, Total Rows Processed: 46075, Total Chunk Time: 0.005 seconds 

Iteration 5 time: 0.020 secs.
Rows Read: 46075, Total Rows Processed: 46075, Total Chunk Time: 0.005 seconds 

Iteration 6 time: 0.020 secs.

Elapsed computation time: 0.290 secs.
Rows Read: 46075, Total Rows Processed: 46075, Total Chunk Time: 0.003 seconds 

Starting values (iteration 1) time: 0.022 secs.
Rows Read: 46075, Total Rows Processed: 46075, Total Chunk Time: 0.007 seconds 

Iteration 2 time: 0.018 secs.
Rows Read: 46075, Total Rows Processed: 46075, Total Chunk Time: 0.006 seconds 

Iteration 3 time: 0.015 secs.
Rows Read: 46075, Total Rows Processed: 46075, Total Chunk Time: 0.006 seconds 

Iteration 4 time: 0.023 secs.
Rows Read: 46075, Total Rows Processed: 46075, Total Chunk Time: 0.007 seconds 

Iteration 5 time: 0.021 secs.
Rows Read: 46075, Total Rows Processed: 46075, Total Chunk Time: 0.006 seconds 

Iteration 6 time: 0.021 secs.

Elapsed computation time: 0.253 secs.
Rows Read: 46075, Total Rows Processed: 46075, Total Chunk Time: 0.004 seconds 

Starting values (iteration 1) time: 0.025 secs.
Rows Read: 46075, Total Rows Processed: 46075, Total Chunk Time: 0.006 seconds 

Iteration 2 time: 0.027 secs.
Rows Read: 46075, Total Rows Processed: 46075, Total Chunk Time: 0.006 seconds 

Iteration 3 time: 0.015 secs.
Rows Read: 46075, Total Rows Processed: 46075, Total Chunk Time: 0.005 seconds 

Iteration 4 time: 0.014 secs.
Rows Read: 46075, Total Rows Processed: 46075, Total Chunk Time: 0.006 seconds 

Iteration 5 time: 0.018 secs.
Rows Read: 46075, Total Rows Processed: 46075, Total Chunk Time: 0.006 seconds 

Iteration 6 time: 0.017 secs.

Elapsed computation time: 0.215 secs.
Rows Read: 46075, Total Rows Processed: 46075, Total Chunk Time: 0.003 seconds 

Starting values (iteration 1) time: 0.023 secs.
Rows Read: 46075, Total Rows Processed: 46075, Total Chunk Time: 0.004 seconds 

Iteration 2 time: 0.033 secs.
Rows Read: 46075, Total Rows Processed: 46075, Total Chunk Time: 0.012 seconds 

Iteration 3 time: 0.028 secs.
Rows Read: 46075, Total Rows Processed: 46075, Total Chunk Time: 0.007 seconds 

Iteration 4 time: 0.015 secs.
Rows Read: 46075, Total Rows Processed: 46075, Total Chunk Time: 0.007 seconds 

Iteration 5 time: 0.032 secs.
Rows Read: 46075, Total Rows Processed: 46075, Total Chunk Time: 0.006 seconds 

Iteration 6 time: 0.015 secs.

Elapsed computation time: 0.276 secs.
Rows Read: 46075, Total Rows Processed: 46075, Total Chunk Time: 0.003 seconds 

Starting values (iteration 1) time: 0.028 secs.
Rows Read: 46075, Total Rows Processed: 46075, Total Chunk Time: 0.006 seconds 

Iteration 2 time: 0.019 secs.
Rows Read: 46075, Total Rows Processed: 46075, Total Chunk Time: 0.005 seconds 

Iteration 3 time: 0.018 secs.
Rows Read: 46075, Total Rows Processed: 46075, Total Chunk Time: 0.005 seconds 

Iteration 4 time: 0.018 secs.
Rows Read: 46075, Total Rows Processed: 46075, Total Chunk Time: 0.005 seconds 

Iteration 5 time: 0.021 secs.
Rows Read: 46075, Total Rows Processed: 46075, Total Chunk Time: 0.004 seconds 

Iteration 6 time: 0.016 secs.

Elapsed computation time: 0.237 secs.
Rows Read: 46075, Total Rows Processed: 46075, Total Chunk Time: 0.003 seconds 

Starting values (iteration 1) time: 0.019 secs.
Rows Read: 46075, Total Rows Processed: 46075, Total Chunk Time: 0.005 seconds 

Iteration 2 time: 0.019 secs.
Rows Read: 46075, Total Rows Processed: 46075, Total Chunk Time: 0.004 seconds 

Iteration 3 time: 0.031 secs.
Rows Read: 46075, Total Rows Processed: 46075, Total Chunk Time: 0.006 seconds 

Iteration 4 time: 0.025 secs.
Rows Read: 46075, Total Rows Processed: 46075, Total Chunk Time: 0.005 seconds 

Iteration 5 time: 0.014 secs.
Rows Read: 46075, Total Rows Processed: 46075, Total Chunk Time: 0.005 seconds 

Iteration 6 time: 0.015 secs.

Elapsed computation time: 0.236 secs.
Rows Read: 46075, Total Rows Processed: 46075, Total Chunk Time: 0.003 seconds 

Starting values (iteration 1) time: 0.025 secs.
Rows Read: 46075, Total Rows Processed: 46075, Total Chunk Time: 0.005 seconds 

Iteration 2 time: 0.016 secs.
Rows Read: 46075, Total Rows Processed: 46075, Total Chunk Time: 0.005 seconds 

Iteration 3 time: 0.029 secs.
Rows Read: 46075, Total Rows Processed: 46075, Total Chunk Time: 0.005 seconds 

Iteration 4 time: 0.021 secs.
Rows Read: 46075, Total Rows Processed: 46075, Total Chunk Time: 0.004 seconds 

Iteration 5 time: 0.021 secs.
Rows Read: 46075, Total Rows Processed: 46075, Total Chunk Time: 0.005 seconds 

Iteration 6 time: 0.015 secs.

Elapsed computation time: 0.232 secs.
Rows Read: 46075, Total Rows Processed: 46075, Total Chunk Time: 0.003 seconds 

Starting values (iteration 1) time: 0.019 secs.
Rows Read: 46075, Total Rows Processed: 46075, Total Chunk Time: 0.005 seconds 

Iteration 2 time: 0.014 secs.
Rows Read: 46075, Total Rows Processed: 46075, Total Chunk Time: 0.005 seconds 

Iteration 3 time: 0.016 secs.
Rows Read: 46075, Total Rows Processed: 46075, Total Chunk Time: 0.005 seconds 

Iteration 4 time: 0.020 secs.
Rows Read: 46075, Total Rows Processed: 46075, Total Chunk Time: 0.005 seconds 

Iteration 5 time: 0.011 secs.
Rows Read: 46075, Total Rows Processed: 46075, Total Chunk Time: 0.005 seconds 

Iteration 6 time: 0.026 secs.

Elapsed computation time: 0.213 secs.
Rows Read: 46075, Total Rows Processed: 46075, Total Chunk Time: 0.009 seconds 

Starting values (iteration 1) time: 0.034 secs.
Rows Read: 46075, Total Rows Processed: 46075, Total Chunk Time: 0.018 seconds 

Iteration 2 time: 0.044 secs.
Rows Read: 46075, Total Rows Processed: 46075, Total Chunk Time: 0.008 seconds 

Iteration 3 time: 0.023 secs.
Rows Read: 46075, Total Rows Processed: 46075, Total Chunk Time: 0.006 seconds 

Iteration 4 time: 0.020 secs.
Rows Read: 46075, Total Rows Processed: 46075, Total Chunk Time: 0.006 seconds 

Iteration 5 time: 0.013 secs.
Rows Read: 46075, Total Rows Processed: 46075, Total Chunk Time: 0.006 seconds 

Iteration 6 time: 0.020 secs.

Elapsed computation time: 0.249 secs.

Elapsed computation time: 3.934 secs.
[1] "--------------------------------------------------------------------------------"
[1] "analyze.results.glm.step="
Logistic Regression Results for: RaceHorse.IsHitA ~
    Horse.FirstTimeSdvAvg + Horse.FirstTimeSdvByRaceAvg +
    Horse.LastTimeSdvAvg + Horse.LastTimeSdvByRaceAvg +
    Horse.TimeSdvByRaceAvg
Data: data
Dependent variable(s): RaceHorse.IsHitA
Total independent variables: 6 
Number of valid observations: 46075
Number of missing observations: 0 
 
Coefficients:
                            RaceHorse.IsHitA
(Intercept)                             -3.0
Horse.FirstTimeSdvAvg                    0.4
Horse.FirstTimeSdvByRaceAvg              0.3
Horse.LastTimeSdvAvg                     0.5
Horse.LastTimeSdvByRaceAvg               0.3
Horse.TimeSdvByRaceAvg                   0.9
[1] "analyze.results.glm.step.summary"
Call:
rxLogit(formula = formula, data = data, variableSelection = analyze.results.glm.step.varsel)

Logistic Regression Results for: RaceHorse.IsHitA ~
    Horse.FirstTimeSdvAvg + Horse.FirstTimeSdvByRaceAvg +
    Horse.LastTimeSdvAvg + Horse.LastTimeSdvByRaceAvg +
    Horse.TimeSdvByRaceAvg
Data: data
Dependent variable(s): RaceHorse.IsHitA
Total independent variables: 6 
Number of valid observations: 46075
Number of missing observations: 0 
-2*LogLikelihood: 20433.754 (Residual deviance on 46069 degrees of freedom)
 
Coefficients:
                            Estimate Std. Error z value Pr(>|z|)    
(Intercept)                  -3.0215     0.0260 -116.16  2.2e-16 ***
Horse.FirstTimeSdvAvg         0.4065     0.0433    9.39  2.2e-16 ***
Horse.FirstTimeSdvByRaceAvg   0.3128     0.0726    4.31  1.6e-05 ***
Horse.LastTimeSdvAvg          0.4665     0.0629    7.42  2.2e-16 ***
Horse.LastTimeSdvByRaceAvg    0.2812     0.1139    2.47    0.014 *  
Horse.TimeSdvByRaceAvg        0.9043     0.1315    6.88  6.1e-12 ***
---
Signif. codes:  0 '***' 0.001 '**' 0.01 '*' 0.05 '.' 0.1 ' ' 1

Condition number of final variance-covariance matrix: 91 
Number of iterations: 6
[1] "--------------------------------------------------------------------------------"
[1] "2022-02-28 00:38:46 --- rxGlm with rxStepControl Finish ---"
[1] "2022-02-28 00:38:46 --- rxStepPlot Start ---"
[1] "pdfFilename=pdf_analyze_glm_Horse_Type25_rxStepPlot.pdf"
[1] "rxStepPlot="
[1] "2022-02-28 00:38:46 --- rxStepPlot Finish ---"
[1] "2022-02-28 00:38:46 --- save.image Start ---"
[1] "save.image"
[1] "rdataFilename=RData_analyze_glm_Horse_Type25.RData"
[1] "2022-02-28 00:38:47 --- save.image Finish ---"
[1] "2022-02-28 00:38:47 --- final Start ---"
[1] "--------------------------------------------------------------------------------"
[1] "nrow(data) final=46075"
[1] "--------------------------------------------------------------------------------"
[1] "2022-02-28 00:38:47 --- final Finish ---"
[1] "2022-02-28 00:38:47 --- analyze_glm.R Finished ---"
[1] "2022-02-28 00:38:47 --- log Finish ---"
