[1] "2022-02-27 15:41:12 --- D1115_Predict_glm_Horse_IsHitA_Type13 Start ---"
[1] "2022-02-27 15:41:12 --- Log Start ---"
[1] "2022-02-27 15:41:12 --- predict.R Start ---"
[1] "--------------------------------------------------------------------------------"
[1] "analyzeVersion=D1115"
[1] "analyzeCategory=Predict"
[1] "analyzeType=Horse"
[1] "analyzeFamily=IsHitA"
[1] "analyzeFunc=glm"
[1] "analyzeTrackTypeCd=1"
[1] "analyzeJyokenCd=3"
[1] "--------------------------------------------------------------------------------"
[1] "2022-02-27 15:41:12 --- source_function.R Start ---"
[1] "2022-02-27 15:41:12 --- source_function.R Finished ---"
[1] "2022-02-27 15:41:12 --- source_library.R Start ---"
[1] "2022-02-27 15:41:12 --- source_library.R Finished ---"
[1] "2022-02-27 15:41:12 --- Load Start ---"
[1] "analyzeTrackTypeCd=1"
[1] "analyzeJyokenCd=3"
[1] "loadFilename=RData_Analyze_glm_Horse_Type13.RData"
[1] "2022-02-27 15:41:12 --- Load Finished ---"
[1] "2022-02-27 15:41:12 --- RxSqlServerData Start ---"
[1] "2022-02-27 15:41:12 --- RxInSqlServer Start ---"
[1] "2022-02-27 15:41:12 --- RxInSqlServer Finish ---"
[1] "2022-02-27 15:41:12 --- rxSetComputeContext Start ---"
[1] "2022-02-27 15:41:12 --- rxSetComputeContext Finish ---"
[1] "2022-02-27 15:41:12 --- RxSqlServerData Start ---"
[1] "analyzeTrackTypeCd=1"
[1] "analyzeJyokenCd=3"
[1] "predictSqlQuery=SELECT * FROM ViewAnalyzeD1115Predict01HorseType13"
[1] "2022-02-27 15:41:12 --- RxSqlServerData Finish ---"
[1] "2022-02-27 15:41:12 --- rxGetVarInfo Start ---"
[1] "2022-02-27 15:41:12 --- rxGetVarInfo Finish---"
[1] "2022-02-27 15:41:12 --- rxImport Start ---"
Rows Read: 18193, Total Rows Processed: 18193, Total Chunk Time: 3.442 seconds 
[1] "2022-02-27 15:41:18 --- rxImport Finish ---"
[1] "object.size(InputDataSet) auto=4.3 Mb"
[1] "--------------------------------------------------------------------------------"
[1] "nrow(InputDataSet) RxSqlServerData=18193"
[1] "--------------------------------------------------------------------------------"
[1] "str(InputDataSet)="
'data.frame':	18193 obs. of  33 variables:
 $ Race.RaceId                      : Factor w/ 1470 levels "20160306-06-02-04-12",..: 1 2 3 4 5 6 7 8 9 10 ...
 $ Race.IsPredictedRace             : logi  TRUE TRUE TRUE TRUE TRUE TRUE ...
 $ Race.IsAnalyzeNormalPastAndFuture: logi  TRUE TRUE TRUE TRUE TRUE TRUE ...
 $ Race.IsAnalyzeNormalPast         : logi  TRUE TRUE FALSE FALSE TRUE TRUE ...
 $ Race.IsAnalyzeNormalFuture       : logi  FALSE FALSE TRUE TRUE FALSE FALSE ...
 $ Race.IsAnalyzeFullPastAndFuture  : logi  TRUE TRUE TRUE TRUE TRUE TRUE ...
 $ Race.IsAnalyzeFullPast           : logi  TRUE TRUE FALSE FALSE TRUE TRUE ...
 $ Race.IsAnalyzeFullFuture         : logi  FALSE FALSE TRUE TRUE FALSE FALSE ...
 $ Race.JyokenCd                    : Factor w/ 1 level "3": 1 1 1 1 1 1 1 1 1 1 ...
 $ Race.JyoType1Cd                  : Factor w/ 168 levels "1-06-1600-3-1",..: 1 2 3 4 5 6 7 8 6 9 ...
 $ Race.RaceType1Cd                 : Factor w/ 6 levels "1-3-X-1","1-3-X-2",..: 1 2 3 1 1 2 1 2 2 1 ...
 $ RaceHorse.RaceId                 : Factor w/ 1470 levels "20160306-06-02-04-12",..: 1 2 3 4 5 6 7 8 9 10 ...
 $ RaceHorse.KettoNum               : Factor w/ 3592 levels "2011100715","2016104776",..: 1 2 3 4 5 6 7 8 9 10 ...
 $ Horse.KettoNum                   : Factor w/ 3592 levels "2011100715","2016104776",..: 1 2 3 4 5 6 7 8 9 10 ...
 $ Horse.TimeSdvByRaceAvg           : num  0.351977 0.764935 0.205802 0.48974 0.000091 ...
 $ Horse.LastTimeSdvByRaceAvg       : num  0.7762 0.8585 0.2581 -0.1016 -0.0162 ...
 $ Horse.FirstTimeSdvByRaceAvg      : num  -0.5774 0.0246 -0.1113 0.9271 0.0609 ...
 $ Horse.TimeSdvAvg                 : num  0.245 0.889 0.394 0.699 -0.277 ...
 $ Horse.LastTimeSdvAvg             : num  0.5585 0.6361 0.0049 0.378 0.1827 ...
 $ Horse.FirstTimeSdvAvg            : num  -0.231 0.411 0.35 0.468 -0.372 ...
 $ Horse.OrderOfFinishSdvAvg        : num  0.32 0.895 0.316 0.829 0.128 ...
 $ Horse.RunCount                   : num  22 8 23 8 22 10 7 24 6 17 ...
 $ Horse.HitCount1                  : num  3 2 2 2 2 2 2 3 2 3 ...
 $ Horse.HitCount2                  : num  1 1 3 1 2 1 2 7 1 2 ...
 $ Horse.HitCount3                  : num  2 1 2 0 2 0 1 4 0 0 ...
 $ Horse.HitCount4                  : num  2 1 2 1 0 1 0 2 3 3 ...
 $ Horse.HitCount5                  : num  4 1 2 1 4 1 0 4 0 2 ...
 $ Horse.HitRate1                   : num  0.1364 0.25 0.087 0.25 0.0909 ...
 $ Horse.HitRate2                   : num  0.0455 0.125 0.1304 0.125 0.0909 ...
 $ Horse.HitRate3                   : num  0.0909 0.125 0.087 0 0.0909 ...
 $ Horse.HitRate4                   : num  0.0909 0.125 0.087 0.125 0 ...
 $ Horse.HitRate5                   : num  0.182 0.125 0.087 0.125 0.182 ...
 $ EOF                              : int  1 1 1 1 1 1 1 1 1 1 ...
[1] "2022-02-27 15:41:18 --- RxSqlServerData Finish ---"
[1] "2022-02-27 15:41:18 --- subset Start ---"
[1] "--------------------------------------------------------------------------------"
[1] "nrow(InputDataSet) subset before=18193"
[1] "nrow(InputDataSet) subset after=18193"
[1] "nrow(InputDataSet) subset diff=0"
[1] "--------------------------------------------------------------------------------"
[1] "class(InputDataSet$Race.IsAnalyzeNormalPast)=logical"
[1] "class(InputDataSet$Race.analyzeTrackTypeCd)=NULL"
[1] "2022-02-27 15:41:18 --- subset Finish ---"
[1] "2022-02-27 15:41:18 --- na.omit Start ---"
[1] "--------------------------------------------------------------------------------"
[1] "nrow(InputDataSet) na.omit before=18193"
[1] "nrow(InputDataSet) na.omit after=18193"
[1] "nrow(InputDataSet) na.omit diff=0"
[1] "--------------------------------------------------------------------------------"
[1] "2022-02-27 15:41:18 --- na.omit Finish---"
[1] "2022-02-27 15:41:18 --- New Levels Start ---"
[1] "levels(data$Race.RaceType1Cd)=1-3-X-1"
[2] "levels(data$Race.RaceType1Cd)=1-3-E-2"
[3] "levels(data$Race.RaceType1Cd)=1-3-E-1"
[4] "levels(data$Race.RaceType1Cd)=1-3-X-2"
[5] "levels(data$Race.RaceType1Cd)=1-3-E-3"
[6] "levels(data$Race.RaceType1Cd)=1-3-X-3"
[1] "levels(InputDataSet$Race.RaceType1Cd)=1-3-X-1"
[2] "levels(InputDataSet$Race.RaceType1Cd)=1-3-X-2"
[3] "levels(InputDataSet$Race.RaceType1Cd)=1-3-X-3"
[4] "levels(InputDataSet$Race.RaceType1Cd)=1-3-E-2"
[5] "levels(InputDataSet$Race.RaceType1Cd)=1-3-E-1"
[6] "levels(InputDataSet$Race.RaceType1Cd)=1-3-E-3"
[1] "length(Race.RaceType1Cd.Index)=0"
[1] "2022-02-27 15:41:18 --- New Levels Finish ---"
[1] "2022-02-27 15:41:18 --- na.omit Start ---"
[1] "--------------------------------------------------------------------------------"
[1] "nrow(InputDataSet) na.omit levels before=18193"
[1] "nrow(InputDataSet) na.omit levels after=18193"
[1] "nrow(InputDataSet) na.omit levels diff=0"
[1] "--------------------------------------------------------------------------------"
[1] "2022-02-27 15:41:18 --- na.omit Finish ---"
[1] "2022-02-27 15:41:18 --- Predict InputDataSet Start ---"
[1] "--------------------------------------------------------------------------------"
[1] "nrow(InputDataSet) predict=18193"
[1] "--------------------------------------------------------------------------------"
[1] "str(InputDataSet)="
'data.frame':	18193 obs. of  33 variables:
 $ Race.RaceId                      : Factor w/ 1470 levels "20160306-06-02-04-12",..: 1 2 3 4 5 6 7 8 9 10 ...
 $ Race.IsPredictedRace             : logi  TRUE TRUE TRUE TRUE TRUE TRUE ...
 $ Race.IsAnalyzeNormalPastAndFuture: logi  TRUE TRUE TRUE TRUE TRUE TRUE ...
 $ Race.IsAnalyzeNormalPast         : logi  TRUE TRUE FALSE FALSE TRUE TRUE ...
 $ Race.IsAnalyzeNormalFuture       : logi  FALSE FALSE TRUE TRUE FALSE FALSE ...
 $ Race.IsAnalyzeFullPastAndFuture  : logi  TRUE TRUE TRUE TRUE TRUE TRUE ...
 $ Race.IsAnalyzeFullPast           : logi  TRUE TRUE FALSE FALSE TRUE TRUE ...
 $ Race.IsAnalyzeFullFuture         : logi  FALSE FALSE TRUE TRUE FALSE FALSE ...
 $ Race.JyokenCd                    : Factor w/ 1 level "3": 1 1 1 1 1 1 1 1 1 1 ...
 $ Race.JyoType1Cd                  : Factor w/ 168 levels "1-06-1600-3-1",..: 1 2 3 4 5 6 7 8 6 9 ...
 $ Race.RaceType1Cd                 : Factor w/ 6 levels "1-3-X-1","1-3-X-2",..: 1 2 3 1 1 2 1 2 2 1 ...
 $ RaceHorse.RaceId                 : Factor w/ 1470 levels "20160306-06-02-04-12",..: 1 2 3 4 5 6 7 8 9 10 ...
 $ RaceHorse.KettoNum               : Factor w/ 3592 levels "2011100715","2016104776",..: 1 2 3 4 5 6 7 8 9 10 ...
 $ Horse.KettoNum                   : Factor w/ 3592 levels "2011100715","2016104776",..: 1 2 3 4 5 6 7 8 9 10 ...
 $ Horse.TimeSdvByRaceAvg           : num  0.351977 0.764935 0.205802 0.48974 0.000091 ...
 $ Horse.LastTimeSdvByRaceAvg       : num  0.7762 0.8585 0.2581 -0.1016 -0.0162 ...
 $ Horse.FirstTimeSdvByRaceAvg      : num  -0.5774 0.0246 -0.1113 0.9271 0.0609 ...
 $ Horse.TimeSdvAvg                 : num  0.245 0.889 0.394 0.699 -0.277 ...
 $ Horse.LastTimeSdvAvg             : num  0.5585 0.6361 0.0049 0.378 0.1827 ...
 $ Horse.FirstTimeSdvAvg            : num  -0.231 0.411 0.35 0.468 -0.372 ...
 $ Horse.OrderOfFinishSdvAvg        : num  0.32 0.895 0.316 0.829 0.128 ...
 $ Horse.RunCount                   : num  22 8 23 8 22 10 7 24 6 17 ...
 $ Horse.HitCount1                  : num  3 2 2 2 2 2 2 3 2 3 ...
 $ Horse.HitCount2                  : num  1 1 3 1 2 1 2 7 1 2 ...
 $ Horse.HitCount3                  : num  2 1 2 0 2 0 1 4 0 0 ...
 $ Horse.HitCount4                  : num  2 1 2 1 0 1 0 2 3 3 ...
 $ Horse.HitCount5                  : num  4 1 2 1 4 1 0 4 0 2 ...
 $ Horse.HitRate1                   : num  0.1364 0.25 0.087 0.25 0.0909 ...
 $ Horse.HitRate2                   : num  0.0455 0.125 0.1304 0.125 0.0909 ...
 $ Horse.HitRate3                   : num  0.0909 0.125 0.087 0 0.0909 ...
 $ Horse.HitRate4                   : num  0.0909 0.125 0.087 0.125 0 ...
 $ Horse.HitRate5                   : num  0.182 0.125 0.087 0.125 0.182 ...
 $ EOF                              : int  1 1 1 1 1 1 1 1 1 1 ...
[1] "2022-02-27 15:41:19 --- Predict InputDataSet Finish ---"
[1] "2022-02-27 15:41:19 --- rxPredict (glm) Start ---"
[1] "analyzeFunc=glm"
Rows Read: 18193, Total Rows Processed: 18193, Total Chunk Time: 0.001 seconds 
[1] "--------------------------------------------------------------------------------"
[1] "nrow(PredictDataSet) afte predict=18193"
[1] "--------------------------------------------------------------------------------"
[1] "str(PredictDataSet)"
'data.frame':	18193 obs. of  1 variable:
 $ RaceHorse.IsHitA_Pred: num  0.0512 0.1179 0.0364 0.0723 0.027 ...
NULL
[1] "2022-02-27 15:41:19 --- rxPredict (glm) Finish ---"
[1] "2022-02-27 15:41:19 --- add key Start ---"
[1] "--------------------------------------------------------------------------------"
[1] "nrow(OutputDataSet) add KeyColmn=18193"
[1] "--------------------------------------------------------------------------------"
[1] "str(OutputDataSet) after add Key"
'data.frame':	18193 obs. of  2 variables:
 $ RaceHorse.RaceId  : Factor w/ 1470 levels "20160306-06-02-04-12",..: 1 2 3 4 5 6 7 8 9 10 ...
 $ RaceHorse.KettoNum: Factor w/ 3592 levels "2011100715","2016104776",..: 1 2 3 4 5 6 7 8 9 10 ...
NULL
[1] "2022-02-27 15:41:19 --- add key Finish ---"
[1] "2022-02-27 15:41:19 --- add PredictValue Start ---"
[1] "str(PredictDataSet) before rename="
[1] "colnames(PredictDataSet)=RaceHorse.IsHitA_Pred"
[1] "str(PredictDataSet) after rename="
'data.frame':	18193 obs. of  1 variable:
 $ PredictValue: num  0.0512 0.1179 0.0364 0.0723 0.027 ...
NULL
[1] "str(OutputDataSet) before cbind="
'data.frame':	18193 obs. of  2 variables:
 $ RaceHorse.RaceId  : Factor w/ 1470 levels "20160306-06-02-04-12",..: 1 2 3 4 5 6 7 8 9 10 ...
 $ RaceHorse.KettoNum: Factor w/ 3592 levels "2011100715","2016104776",..: 1 2 3 4 5 6 7 8 9 10 ...
NULL
[1] "str(OutputDataSet) after cbind="
'data.frame':	18193 obs. of  3 variables:
 $ RaceHorse.RaceId  : Factor w/ 1470 levels "20160306-06-02-04-12",..: 1 2 3 4 5 6 7 8 9 10 ...
 $ RaceHorse.KettoNum: Factor w/ 3592 levels "2011100715","2016104776",..: 1 2 3 4 5 6 7 8 9 10 ...
 $ PredictValue      : num  0.0512 0.1179 0.0364 0.0723 0.027 ...
NULL
[1] "2022-02-27 15:41:19 --- add PredictValue Finish ---"
[1] "2022-02-27 15:41:19 --- final Start ---"
[1] "--------------------------------------------------------------------------------"
[1] "nrow(OutputDataSet) final=18193"
[1] "--------------------------------------------------------------------------------"
[1] "str(OutputDataSet)="
'data.frame':	18193 obs. of  3 variables:
 $ RaceHorse.RaceId  : Factor w/ 1470 levels "20160306-06-02-04-12",..: 1 2 3 4 5 6 7 8 9 10 ...
 $ RaceHorse.KettoNum: Factor w/ 3592 levels "2011100715","2016104776",..: 1 2 3 4 5 6 7 8 9 10 ...
 $ PredictValue      : num  0.0512 0.1179 0.0364 0.0723 0.027 ...
NULL
[1] "2022-02-27 15:41:19 --- final Finish ---"
[1] "2022-02-27 15:41:19 --- predict.R Finished ---"
[1] "2022-02-27 15:41:19 --- log Finish ---"
