[1] "2022-02-28 00:50:17 --- D1115_analyze_glm_Basic_IsHitA_Type31 Start ---"
[1] "2022-02-28 00:50:17 --- Log Start ---"
[1] "2022-02-28 00:50:17 --- analyze_glm.R Start ---"
[1] "analyzeVersion=D1115"
[1] "analyzeCategory=analyze"
[1] "analyzeType=Basic"
[1] "analyzeFamily=IsHitA"
[1] "analyzeFunc=glm"
[1] "analyzeTrackTypeCd=3"
[1] "analyzeJyokenCd=1"
[1] "2022-02-28 00:50:17 --- source_function.R Start ---"
[1] "2022-02-28 00:50:17 --- source_function.R Finished ---"

> print(paste0(Sys.time(), " --- source_library.R Start ---"))
[1] "2022-02-28 00:50:17 --- source_library.R Start ---"

> require("RevoScaleR")

> print(paste0(Sys.time(), " --- source_library.R Finished ---"))
[1] "2022-02-28 00:50:18 --- source_library.R Finished ---"
[1] "2022-02-28 00:50:18 --- RxSqlServerData Start ---"
[1] "2022-02-28 00:50:18 --- RxInSqlServer Start ---"
[1] "2022-02-28 00:50:18 --- RxInSqlServer Finish ---"
[1] "2022-02-28 00:50:18 --- rxSetComputeContext Start ---"
[1] "2022-02-28 00:50:18 --- rxSetComputeContext Finish ---"
[1] "2022-02-28 00:50:18 --- RxSqlServerData Start ---"
[1] "sqlQuery=SELECT * FROM ViewAnalyzeD1115analyze01BasicType31"
[1] "2022-02-28 00:50:18 --- RxSqlServerData Finish ---"
[1] "2022-02-28 00:50:18 --- rxGetVarInfo Start ---"
[1] "2022-02-28 00:50:18 --- rxGetVarInfo Finish---"
[1] "2022-02-28 00:50:18 --- rxImport Start ---"
Rows Read: 2534, Total Rows Processed: 2534, Total Chunk Time: 1.688 seconds 
[1] "2022-02-28 00:50:22 --- rxImport Finish ---"
[1] "object.size(data) auto=815.9 Kb"
[1] "--------------------------------------------------------------------------------"
[1] "nrow(data) RxSqlServerData=2534"
[1] "--------------------------------------------------------------------------------"
[1] "str(data)="
'data.frame':	2534 obs. of  45 variables:
 $ Race.RaceId                      : Factor w/ 213 levels "20160109-06-01-02-08",..: 1 1 1 1 1 2 2 2 2 2 ...
 $ Race.IsAnalyzeNormalPastAndFuture: logi  TRUE TRUE TRUE TRUE TRUE TRUE ...
 $ Race.IsAnalyzeNormalPast         : logi  TRUE TRUE TRUE TRUE TRUE TRUE ...
 $ Race.IsAnalyzeNormalFuture       : logi  FALSE FALSE FALSE FALSE FALSE FALSE ...
 $ Race.IsAnalyzeFullPastAndFuture  : logi  TRUE TRUE TRUE TRUE TRUE TRUE ...
 $ Race.IsAnalyzeFullPast           : logi  TRUE TRUE TRUE TRUE TRUE TRUE ...
 $ Race.IsAnalyzeFullFuture         : logi  FALSE FALSE FALSE FALSE FALSE FALSE ...
 $ Race.JyokenCd                    : Factor w/ 1 level "1": 1 1 1 1 1 1 1 1 1 1 ...
 $ Race.JyoType1Cd                  : Factor w/ 53 levels "3-06-3200-1-1",..: 1 1 1 1 1 2 2 2 2 2 ...
 $ Race.RaceType1Cd                 : Factor w/ 5 levels "3-1-E-3","3-1-X-3",..: 1 1 1 1 1 2 2 2 2 2 ...
 $ RaceHorse.RaceId                 : Factor w/ 213 levels "20160109-06-01-02-08",..: 1 1 1 1 1 2 2 2 2 2 ...
 $ RaceHorse.KettoNum               : Factor w/ 478 levels "2011102192","2009103053",..: 1 2 3 4 5 6 7 8 9 10 ...
 $ RaceHorse.IsHit1                 : num  0 0 0 0 0 0 0 0 0 0 ...
 $ RaceHorse.IsHit2                 : num  0 0 0 0 0 0 0 0 0 0 ...
 $ RaceHorse.IsHit3                 : num  0 0 0 0 0 0 0 0 0 0 ...
 $ RaceHorse.IsHit4                 : num  0 0 1 0 0 0 0 0 0 0 ...
 $ RaceHorse.IsHit5                 : num  1 0 0 0 0 0 0 0 0 0 ...
 $ RaceHorse.IsHit6                 : num  0 0 0 1 1 1 1 1 1 1 ...
 $ RaceHorse.IsValidRaceHorse       : logi  TRUE FALSE TRUE TRUE TRUE TRUE ...
 $ RaceHorse.TimeSdvByRace          : num  0.328 NA 0.547 -1.422 -1.714 ...
 $ RaceHorse.LastTimeSdvByRace      : num  0.729 NA 0.729 -1.605 -1.605 ...
 $ RaceHorse.FirstTimeSdvByRace     : num  0.234 NA 0.501 -1.37 -1.726 ...
 $ RaceHorse.TimeSdv                : num  0.493 NA 0.598 -0.351 -0.492 ...
 $ RaceHorse.LastTimeSdv            : num  -151 NA -151 -154 -154 ...
 $ RaceHorse.FirstTimeSdv           : num  0.444 NA 0.573 -0.331 -0.503 ...
 $ RaceHorse.UmabanSdv              : num  -1.295 -0.777 -0.518 0 0.259 ...
 $ RaceHorse.BareiSdv               : num  -0.7418 0.5916 -0.0751 -0.7418 -0.7418 ...
 $ RaceHorse.BataijyuSdv            : num  0.968 0.169 0.568 0.888 -0.709 ...
 $ RaceHorse.FutanSdv               : num  0.18 1.26 1.26 0.18 0.18 ...
 $ RaceHorse.LifetimeSdv            : num  -1.041 0.296 -0.364 -1.007 -0.992 ...
 $ RaceHorse.FutanRatioSdv          : num  -0.899 0.153 -0.23 -0.828 0.725 ...
 $ RaceHorse.OrderOfFinishSdv       : num  0.435 NA 0.706 -0.106 -0.376 ...
 $ RaceHorse.IsHitA                 : num  0 0 0 0 0 0 0 0 0 0 ...
 $ RaceHorse.IsHitB                 : num  0 0 0 0 0 0 0 0 0 0 ...
 $ RaceHorse.IsHitC                 : num  0 0 0 0 0 0 0 0 0 0 ...
 $ DataMining.DmTimeSdv             : int  0 0 0 0 0 0 0 0 0 0 ...
 $ DataMiningTaisen.TmScoreSdv      : int  0 0 0 0 0 0 0 0 0 0 ...
 $ OddsByWin.Odds1                  : num  15.4 22.4 3.1 35.7 63.9 ...
 $ OddsByWin.Ninki                  : num  6 7 2 8 9 8 6 4 12 14 ...
 $ OddsByWin.OddsLog1               : num  2.8 3.15 1.41 3.6 4.17 ...
 $ OddsByWin.OddsRatio1             : num  0.0694 0.0467 0.4762 0.0288 0.0159 ...
 $ OddsByWin.OddsLogit1             : num  -2.73 -3.11 -1.13 -3.58 -4.16 ...
 $ OddsByWin.ApprovalRate1          : num  0.0649 0.0446 0.3226 0.028 0.0156 ...
 $ OddsByWin.ApprovalRateLog1       : num  0.0629 0.0437 0.2796 0.0276 0.0155 ...
 $ EOF                              : int  1 1 1 1 1 1 1 1 1 1 ...
[1] "2022-02-28 00:50:22 --- RxSqlServerData Finish ---"
[1] "2022-02-28 00:50:22 --- subset Start ---"
[1] "--------------------------------------------------------------------------------"
[1] "nrow(data) subset before=2534"
[1] "nrow(data) subset after =2534"
[1] "nrow(data) subset diff =0"
[1] "--------------------------------------------------------------------------------"
[1] "2022-02-28 00:50:22 --- subset Finish---"
[1] "2022-02-28 00:50:22 --- transform Start ---"
[1] "--------------------------------------------------------------------------------"
[1] "nrow(data) transform before=2534"
[1] "nrow(data) transform after=2534"
[1] "nrow(data) transform diff=0"
[1] "--------------------------------------------------------------------------------"
[1] "str(data)="
'data.frame':	2534 obs. of  45 variables:
 $ Race.RaceId                      : Factor w/ 213 levels "20160109-06-01-02-08",..: 1 1 1 1 1 2 2 2 2 2 ...
 $ Race.IsAnalyzeNormalPastAndFuture: logi  TRUE TRUE TRUE TRUE TRUE TRUE ...
 $ Race.IsAnalyzeNormalPast         : logi  TRUE TRUE TRUE TRUE TRUE TRUE ...
 $ Race.IsAnalyzeNormalFuture       : logi  FALSE FALSE FALSE FALSE FALSE FALSE ...
 $ Race.IsAnalyzeFullPastAndFuture  : logi  TRUE TRUE TRUE TRUE TRUE TRUE ...
 $ Race.IsAnalyzeFullPast           : logi  TRUE TRUE TRUE TRUE TRUE TRUE ...
 $ Race.IsAnalyzeFullFuture         : logi  FALSE FALSE FALSE FALSE FALSE FALSE ...
 $ Race.JyokenCd                    : Factor w/ 1 level "1": 1 1 1 1 1 1 1 1 1 1 ...
 $ Race.JyoType1Cd                  : Factor w/ 53 levels "3-06-3200-1-1",..: 1 1 1 1 1 2 2 2 2 2 ...
 $ Race.RaceType1Cd                 : Factor w/ 5 levels "3-1-E-3","3-1-X-3",..: 1 1 1 1 1 2 2 2 2 2 ...
 $ RaceHorse.RaceId                 : Factor w/ 213 levels "20160109-06-01-02-08",..: 1 1 1 1 1 2 2 2 2 2 ...
 $ RaceHorse.KettoNum               : Factor w/ 478 levels "2011102192","2009103053",..: 1 2 3 4 5 6 7 8 9 10 ...
 $ RaceHorse.IsHit1                 : num  0 0 0 0 0 0 0 0 0 0 ...
 $ RaceHorse.IsHit2                 : num  0 0 0 0 0 0 0 0 0 0 ...
 $ RaceHorse.IsHit3                 : num  0 0 0 0 0 0 0 0 0 0 ...
 $ RaceHorse.IsHit4                 : num  0 0 1 0 0 0 0 0 0 0 ...
 $ RaceHorse.IsHit5                 : num  1 0 0 0 0 0 0 0 0 0 ...
 $ RaceHorse.IsHit6                 : num  0 0 0 1 1 1 1 1 1 1 ...
 $ RaceHorse.IsValidRaceHorse       : logi  TRUE FALSE TRUE TRUE TRUE TRUE ...
 $ RaceHorse.TimeSdvByRace          : num  0.328 NA 0.547 -1.422 -1.714 ...
 $ RaceHorse.LastTimeSdvByRace      : num  0.729 NA 0.729 -1.605 -1.605 ...
 $ RaceHorse.FirstTimeSdvByRace     : num  0.234 NA 0.501 -1.37 -1.726 ...
 $ RaceHorse.TimeSdv                : num  0.493 NA 0.598 -0.351 -0.492 ...
 $ RaceHorse.LastTimeSdv            : num  -151 NA -151 -154 -154 ...
 $ RaceHorse.FirstTimeSdv           : num  0.444 NA 0.573 -0.331 -0.503 ...
 $ RaceHorse.UmabanSdv              : num  -1.295 -0.777 -0.518 0 0.259 ...
 $ RaceHorse.BareiSdv               : num  -0.7418 0.5916 -0.0751 -0.7418 -0.7418 ...
 $ RaceHorse.BataijyuSdv            : num  0.968 0.169 0.568 0.888 -0.709 ...
 $ RaceHorse.FutanSdv               : num  0.18 1.26 1.26 0.18 0.18 ...
 $ RaceHorse.LifetimeSdv            : num  -1.041 0.296 -0.364 -1.007 -0.992 ...
 $ RaceHorse.FutanRatioSdv          : num  -0.899 0.153 -0.23 -0.828 0.725 ...
 $ RaceHorse.OrderOfFinishSdv       : num  0.435 NA 0.706 -0.106 -0.376 ...
 $ RaceHorse.IsHitA                 : num  0 0 0 0 0 0 0 0 0 0 ...
 $ RaceHorse.IsHitB                 : num  0 0 0 0 0 0 0 0 0 0 ...
 $ RaceHorse.IsHitC                 : num  0 0 0 0 0 0 0 0 0 0 ...
 $ DataMining.DmTimeSdv             : int  0 0 0 0 0 0 0 0 0 0 ...
 $ DataMiningTaisen.TmScoreSdv      : int  0 0 0 0 0 0 0 0 0 0 ...
 $ OddsByWin.Odds1                  : num  15.4 22.4 3.1 35.7 63.9 ...
 $ OddsByWin.Ninki                  : num  6 7 2 8 9 8 6 4 12 14 ...
 $ OddsByWin.OddsLog1               : num  2.8 3.15 1.41 3.6 4.17 ...
 $ OddsByWin.OddsRatio1             : num  0.0694 0.0467 0.4762 0.0288 0.0159 ...
 $ OddsByWin.OddsLogit1             : num  -2.73 -3.11 -1.13 -3.58 -4.16 ...
 $ OddsByWin.ApprovalRate1          : num  0.0649 0.0446 0.3226 0.028 0.0156 ...
 $ OddsByWin.ApprovalRateLog1       : num  0.0629 0.0437 0.2796 0.0276 0.0155 ...
 $ EOF                              : int  1 1 1 1 1 1 1 1 1 1 ...
NULL
[1] "2022-02-28 00:50:22 --- transform Finish ---"
[1] "2022-02-28 00:50:22 --- na.omit Start ---"
[1] "--------------------------------------------------------------------------------"
[1] "nrow(data) na.omit before=2534"
[1] "nrow(data) na.omit after =2415"
[1] "nrow(data) na.omit diff =119"
[1] "--------------------------------------------------------------------------------"
'data.frame':	2415 obs. of  45 variables:
 $ Race.RaceId                      : Factor w/ 213 levels "20160109-06-01-02-08",..: 1 1 1 1 2 2 2 2 2 2 ...
 $ Race.IsAnalyzeNormalPastAndFuture: logi  TRUE TRUE TRUE TRUE TRUE TRUE ...
 $ Race.IsAnalyzeNormalPast         : logi  TRUE TRUE TRUE TRUE TRUE TRUE ...
 $ Race.IsAnalyzeNormalFuture       : logi  FALSE FALSE FALSE FALSE FALSE FALSE ...
 $ Race.IsAnalyzeFullPastAndFuture  : logi  TRUE TRUE TRUE TRUE TRUE TRUE ...
 $ Race.IsAnalyzeFullPast           : logi  TRUE TRUE TRUE TRUE TRUE TRUE ...
 $ Race.IsAnalyzeFullFuture         : logi  FALSE FALSE FALSE FALSE FALSE FALSE ...
 $ Race.JyokenCd                    : Factor w/ 1 level "1": 1 1 1 1 1 1 1 1 1 1 ...
 $ Race.JyoType1Cd                  : Factor w/ 53 levels "3-06-3200-1-1",..: 1 1 1 1 2 2 2 2 2 2 ...
 $ Race.RaceType1Cd                 : Factor w/ 5 levels "3-1-E-3","3-1-X-3",..: 1 1 1 1 2 2 2 2 2 2 ...
 $ RaceHorse.RaceId                 : Factor w/ 213 levels "20160109-06-01-02-08",..: 1 1 1 1 2 2 2 2 2 2 ...
 $ RaceHorse.KettoNum               : Factor w/ 478 levels "2011102192","2009103053",..: 1 3 4 5 6 7 8 9 10 11 ...
 $ RaceHorse.IsHit1                 : num  0 0 0 0 0 0 0 0 0 1 ...
 $ RaceHorse.IsHit2                 : num  0 0 0 0 0 0 0 0 0 0 ...
 $ RaceHorse.IsHit3                 : num  0 0 0 0 0 0 0 0 0 0 ...
 $ RaceHorse.IsHit4                 : num  0 1 0 0 0 0 0 0 0 0 ...
 $ RaceHorse.IsHit5                 : num  1 0 0 0 0 0 0 0 0 0 ...
 $ RaceHorse.IsHit6                 : num  0 0 1 1 1 1 1 1 1 0 ...
 $ RaceHorse.IsValidRaceHorse       : logi  TRUE TRUE TRUE TRUE TRUE TRUE ...
 $ RaceHorse.TimeSdvByRace          : num  0.328 0.547 -1.422 -1.714 0.215 ...
 $ RaceHorse.LastTimeSdvByRace      : num  0.7293 0.7293 -1.6045 -1.6045 -0.0921 ...
 $ RaceHorse.FirstTimeSdvByRace     : num  0.234 0.501 -1.37 -1.726 0.276 ...
 $ RaceHorse.TimeSdv                : num  0.493 0.598 -0.351 -0.492 0.332 ...
 $ RaceHorse.LastTimeSdv            : num  -151 -151 -154 -154 -168 ...
 $ RaceHorse.FirstTimeSdv           : num  0.444 0.573 -0.331 -0.503 0.384 ...
 $ RaceHorse.UmabanSdv              : num  -1.295 -0.518 0 0.259 -1.309 ...
 $ RaceHorse.BareiSdv               : num  -0.7418 -0.0751 -0.7418 -0.7418 -0.6557 ...
 $ RaceHorse.BataijyuSdv            : num  0.968 0.568 0.888 -0.709 -0.197 ...
 $ RaceHorse.FutanSdv               : num  0.1801 1.2604 0.1801 0.1801 0.0535 ...
 $ RaceHorse.LifetimeSdv            : num  -1.041 -0.364 -1.007 -0.992 -0.996 ...
 $ RaceHorse.FutanRatioSdv          : num  -0.899 -0.23 -0.828 0.725 0.157 ...
 $ RaceHorse.OrderOfFinishSdv       : num  0.435 0.706 -0.106 -0.376 -0.675 ...
 $ RaceHorse.IsHitA                 : num  0 0 0 0 0 0 0 0 0 1 ...
 $ RaceHorse.IsHitB                 : num  0 0 0 0 0 0 0 0 0 1 ...
 $ RaceHorse.IsHitC                 : num  0 0 0 0 0 0 0 0 0 1 ...
 $ DataMining.DmTimeSdv             : int  0 0 0 0 0 0 0 0 0 0 ...
 $ DataMiningTaisen.TmScoreSdv      : int  0 0 0 0 0 0 0 0 0 0 ...
 $ OddsByWin.Odds1                  : num  15.4 3.1 35.7 63.9 26.8 ...
 $ OddsByWin.Ninki                  : num  6 2 8 9 8 6 4 12 14 1 ...
 $ OddsByWin.OddsLog1               : num  2.8 1.41 3.6 4.17 3.33 ...
 $ OddsByWin.OddsRatio1             : num  0.0694 0.4762 0.0288 0.0159 0.0388 ...
 $ OddsByWin.OddsLogit1             : num  -2.73 -1.13 -3.58 -4.16 -3.29 ...
 $ OddsByWin.ApprovalRate1          : num  0.0649 0.3226 0.028 0.0156 0.0373 ...
 $ OddsByWin.ApprovalRateLog1       : num  0.0629 0.2796 0.0276 0.0155 0.0366 ...
 $ EOF                              : int  1 1 1 1 1 1 1 1 1 1 ...
 - attr(*, "na.action")= 'omit' Named int  2 24 66 70 71 90 140 169 182 184 ...
  ..- attr(*, "names")= chr  "2" "24" "66" "70" ...
[1] "2022-02-28 00:50:23 --- na.omit Finish ---"
[1] "2022-02-28 00:50:23 --- rxGlm with rxStepControl Start ---"

> print(paste0(Sys.time(), " --- source_logic_glm.R Start ---"))
[1] "2022-02-28 00:50:23 --- source_logic_glm.R Start ---"

> formula <- formula(RaceHorse.IsHitA ~ +1 + RaceHorse.UmabanSdv + 
+     RaceHorse.BataijyuSdv + RaceHorse.FutanSdv + RaceHorse.FutanRatioSdv + 
+     RaceHorse.LifetimeSdv + DataMining.DmTimeSdv + DataMiningTaisen.TmScoreSdv + 
+     OddsByWin.OddsLog1)

> print(paste0(Sys.time(), " --- source_logic_glm.R Finished ---"))
[1] "2022-02-28 00:50:23 --- source_logic_glm.R Finished ---"
Rows Read: 2415, Total Rows Processed: 2415, Total Chunk Time: 0.002 seconds 

Starting values (iteration 1) time: 0.011 secs.
Rows Read: 2415, Total Rows Processed: 2415, Total Chunk Time: 0.003 seconds 

Iteration 2 time: 0.007 secs.
Rows Read: 2415, Total Rows Processed: 2415, Total Chunk Time: 0.003 seconds 

Iteration 3 time: 0.006 secs.
Rows Read: 2415, Total Rows Processed: 2415, Total Chunk Time: 0.002 seconds 

Iteration 4 time: 0.008 secs.
Rows Read: 2415, Total Rows Processed: 2415, Total Chunk Time: 0.002 seconds 

Iteration 5 time: 0.006 secs.
Rows Read: 2415, Total Rows Processed: 2415, Total Chunk Time: 0.002 seconds 

Iteration 6 time: 0.006 secs.

Elapsed computation time: 0.067 secs.
Rows Read: 2415, Total Rows Processed: 2415, Total Chunk Time: 0.002 seconds 

Starting values (iteration 1) time: 0.006 secs.
Rows Read: 2415, Total Rows Processed: 2415, Total Chunk Time: 0.002 seconds 

Iteration 2 time: 0.008 secs.
Rows Read: 2415, Total Rows Processed: 2415, Total Chunk Time: 0.002 seconds 

Iteration 3 time: 0.005 secs.
Rows Read: 2415, Total Rows Processed: 2415, Total Chunk Time: 0.002 seconds 

Iteration 4 time: 0.005 secs.
Rows Read: 2415, Total Rows Processed: 2415, Total Chunk Time: 0.002 seconds 

Iteration 5 time: 0.005 secs.
Rows Read: 2415, Total Rows Processed: 2415, Total Chunk Time: 0.002 seconds 

Iteration 6 time: 0.007 secs.

Elapsed computation time: 0.060 secs.
Rows Read: 2415, Total Rows Processed: 2415, Total Chunk Time: Less than .001 seconds 

Starting values (iteration 1) time: 0.005 secs.
Rows Read: 2415, Total Rows Processed: 2415, Total Chunk Time: 0.002 seconds 

Iteration 2 time: 0.008 secs.
Rows Read: 2415, Total Rows Processed: 2415, Total Chunk Time: 0.002 seconds 

Iteration 3 time: 0.005 secs.
Rows Read: 2415, Total Rows Processed: 2415, Total Chunk Time: 0.002 seconds 

Iteration 4 time: 0.008 secs.
Rows Read: 2415, Total Rows Processed: 2415, Total Chunk Time: 0.001 seconds 

Iteration 5 time: 0.006 secs.
Rows Read: 2415, Total Rows Processed: 2415, Total Chunk Time: 0.002 seconds 

Iteration 6 time: 0.005 secs.

Elapsed computation time: 0.067 secs.
Rows Read: 2415, Total Rows Processed: 2415, Total Chunk Time: 0.001 seconds 

Starting values (iteration 1) time: 0.006 secs.
Rows Read: 2415, Total Rows Processed: 2415, Total Chunk Time: 0.002 seconds 

Iteration 2 time: 0.008 secs.
Rows Read: 2415, Total Rows Processed: 2415, Total Chunk Time: 0.002 seconds 

Iteration 3 time: 0.006 secs.
Rows Read: 2415, Total Rows Processed: 2415, Total Chunk Time: 0.001 seconds 

Iteration 4 time: 0.004 secs.
Rows Read: 2415, Total Rows Processed: 2415, Total Chunk Time: 0.002 seconds 

Iteration 5 time: 0.006 secs.

Elapsed computation time: 0.048 secs.
Rows Read: 2415, Total Rows Processed: 2415, Total Chunk Time: 0.002 seconds 

Starting values (iteration 1) time: 0.005 secs.
Rows Read: 2415, Total Rows Processed: 2415, Total Chunk Time: 0.002 seconds 

Iteration 2 time: 0.007 secs.
Rows Read: 2415, Total Rows Processed: 2415, Total Chunk Time: 0.002 seconds 

Iteration 3 time: 0.005 secs.
Rows Read: 2415, Total Rows Processed: 2415, Total Chunk Time: 0.002 seconds 

Iteration 4 time: 0.005 secs.
Rows Read: 2415, Total Rows Processed: 2415, Total Chunk Time: 0.001 seconds 

Iteration 5 time: 0.004 secs.
Rows Read: 2415, Total Rows Processed: 2415, Total Chunk Time: 0.002 seconds 

Iteration 6 time: 0.006 secs.

Elapsed computation time: 0.061 secs.
Rows Read: 2415, Total Rows Processed: 2415, Total Chunk Time: Less than .001 seconds 

Starting values (iteration 1) time: 0.005 secs.
Rows Read: 2415, Total Rows Processed: 2415, Total Chunk Time: 0.002 seconds 

Iteration 2 time: 0.007 secs.
Rows Read: 2415, Total Rows Processed: 2415, Total Chunk Time: 0.001 seconds 

Iteration 3 time: 0.006 secs.
Rows Read: 2415, Total Rows Processed: 2415, Total Chunk Time: 0.002 seconds 

Iteration 4 time: 0.006 secs.
Rows Read: 2415, Total Rows Processed: 2415, Total Chunk Time: 0.002 seconds 

Iteration 5 time: 0.006 secs.
Rows Read: 2415, Total Rows Processed: 2415, Total Chunk Time: 0.002 seconds 

Iteration 6 time: 0.007 secs.

Elapsed computation time: 0.066 secs.
Rows Read: 2415, Total Rows Processed: 2415, Total Chunk Time: 0.001 seconds 

Starting values (iteration 1) time: 0.006 secs.
Rows Read: 2415, Total Rows Processed: 2415, Total Chunk Time: 0.002 seconds 

Iteration 2 time: 0.008 secs.
Rows Read: 2415, Total Rows Processed: 2415, Total Chunk Time: 0.002 seconds 

Iteration 3 time: 0.005 secs.
Rows Read: 2415, Total Rows Processed: 2415, Total Chunk Time: 0.002 seconds 

Iteration 4 time: 0.005 secs.
Rows Read: 2415, Total Rows Processed: 2415, Total Chunk Time: 0.002 seconds 

Iteration 5 time: 0.006 secs.
Rows Read: 2415, Total Rows Processed: 2415, Total Chunk Time: 0.002 seconds 

Iteration 6 time: 0.006 secs.

Elapsed computation time: 0.069 secs.
Rows Read: 2415, Total Rows Processed: 2415, Total Chunk Time: 0.002 seconds 

Starting values (iteration 1) time: 0.007 secs.
Rows Read: 2415, Total Rows Processed: 2415, Total Chunk Time: 0.002 seconds 

Iteration 2 time: 0.008 secs.
Rows Read: 2415, Total Rows Processed: 2415, Total Chunk Time: 0.002 seconds 

Iteration 3 time: 0.006 secs.
Rows Read: 2415, Total Rows Processed: 2415, Total Chunk Time: 0.002 seconds 

Iteration 4 time: 0.006 secs.
Rows Read: 2415, Total Rows Processed: 2415, Total Chunk Time: 0.003 seconds 

Iteration 5 time: 0.007 secs.
Rows Read: 2415, Total Rows Processed: 2415, Total Chunk Time: 0.002 seconds 

Iteration 6 time: 0.006 secs.

Elapsed computation time: 0.071 secs.
Rows Read: 2415, Total Rows Processed: 2415, Total Chunk Time: 0.002 seconds 

Starting values (iteration 1) time: 0.008 secs.
Rows Read: 2415, Total Rows Processed: 2415, Total Chunk Time: 0.002 seconds 

Iteration 2 time: 0.008 secs.
Rows Read: 2415, Total Rows Processed: 2415, Total Chunk Time: 0.002 seconds 

Iteration 3 time: 0.006 secs.
Rows Read: 2415, Total Rows Processed: 2415, Total Chunk Time: 0.002 seconds 

Iteration 4 time: 0.007 secs.
Rows Read: 2415, Total Rows Processed: 2415, Total Chunk Time: 0.002 seconds 

Iteration 5 time: 0.008 secs.
Rows Read: 2415, Total Rows Processed: 2415, Total Chunk Time: 0.002 seconds 

Iteration 6 time: 0.005 secs.

Elapsed computation time: 0.077 secs.
Rows Read: 2415, Total Rows Processed: 2415, Total Chunk Time: 0.002 seconds 

Starting values (iteration 1) time: 0.007 secs.
Rows Read: 2415, Total Rows Processed: 2415, Total Chunk Time: 0.003 seconds 

Iteration 2 time: 0.010 secs.
Rows Read: 2415, Total Rows Processed: 2415, Total Chunk Time: 0.002 seconds 

Iteration 3 time: 0.005 secs.
Rows Read: 2415, Total Rows Processed: 2415, Total Chunk Time: 0.002 seconds 

Iteration 4 time: 0.005 secs.
Rows Read: 2415, Total Rows Processed: 2415, Total Chunk Time: 0.002 seconds 

Iteration 5 time: 0.008 secs.
Rows Read: 2415, Total Rows Processed: 2415, Total Chunk Time: 0.002 seconds 

Iteration 6 time: 0.007 secs.

Elapsed computation time: 0.075 secs.
Rows Read: 2415, Total Rows Processed: 2415, Total Chunk Time: 0.001 seconds 

Starting values (iteration 1) time: 0.007 secs.
Rows Read: 2415, Total Rows Processed: 2415, Total Chunk Time: 0.002 seconds 

Iteration 2 time: 0.012 secs.
Rows Read: 2415, Total Rows Processed: 2415, Total Chunk Time: 0.002 seconds 

Iteration 3 time: 0.008 secs.
Rows Read: 2415, Total Rows Processed: 2415, Total Chunk Time: 0.002 seconds 

Iteration 4 time: 0.007 secs.
Rows Read: 2415, Total Rows Processed: 2415, Total Chunk Time: 0.002 seconds 

Iteration 5 time: 0.007 secs.
Rows Read: 2415, Total Rows Processed: 2415, Total Chunk Time: 0.002 seconds 

Iteration 6 time: 0.007 secs.

Elapsed computation time: 0.093 secs.
Rows Read: 2415, Total Rows Processed: 2415, Total Chunk Time: Less than .001 seconds 

Starting values (iteration 1) time: 0.006 secs.
Rows Read: 2415, Total Rows Processed: 2415, Total Chunk Time: 0.002 seconds 

Iteration 2 time: 0.012 secs.
Rows Read: 2415, Total Rows Processed: 2415, Total Chunk Time: 0.001 seconds 

Iteration 3 time: 0.008 secs.
Rows Read: 2415, Total Rows Processed: 2415, Total Chunk Time: 0.002 seconds 

Iteration 4 time: 0.008 secs.
Rows Read: 2415, Total Rows Processed: 2415, Total Chunk Time: 0.002 seconds 

Iteration 5 time: 0.011 secs.

Elapsed computation time: 0.075 secs.
Rows Read: 2415, Total Rows Processed: 2415, Total Chunk Time: 0.001 seconds 

Starting values (iteration 1) time: 0.005 secs.
Rows Read: 2415, Total Rows Processed: 2415, Total Chunk Time: 0.002 seconds 

Iteration 2 time: 0.010 secs.
Rows Read: 2415, Total Rows Processed: 2415, Total Chunk Time: 0.002 seconds 

Iteration 3 time: 0.007 secs.
Rows Read: 2415, Total Rows Processed: 2415, Total Chunk Time: 0.002 seconds 

Iteration 4 time: 0.007 secs.
Rows Read: 2415, Total Rows Processed: 2415, Total Chunk Time: 0.002 seconds 

Iteration 5 time: 0.005 secs.
Rows Read: 2415, Total Rows Processed: 2415, Total Chunk Time: 0.002 seconds 

Iteration 6 time: 0.008 secs.

Elapsed computation time: 0.091 secs.
Rows Read: 2415, Total Rows Processed: 2415, Total Chunk Time: 0.001 seconds 

Starting values (iteration 1) time: 0.005 secs.
Rows Read: 2415, Total Rows Processed: 2415, Total Chunk Time: 0.002 seconds 

Iteration 2 time: 0.009 secs.
Rows Read: 2415, Total Rows Processed: 2415, Total Chunk Time: 0.002 seconds 

Iteration 3 time: 0.007 secs.
Rows Read: 2415, Total Rows Processed: 2415, Total Chunk Time: 0.001 seconds 

Iteration 4 time: 0.005 secs.
Rows Read: 2415, Total Rows Processed: 2415, Total Chunk Time: 0.002 seconds 

Iteration 5 time: 0.010 secs.
Rows Read: 2415, Total Rows Processed: 2415, Total Chunk Time: 0.002 seconds 

Iteration 6 time: 0.007 secs.

Elapsed computation time: 0.091 secs.
Rows Read: 2415, Total Rows Processed: 2415, Total Chunk Time: 0.002 seconds 

Starting values (iteration 1) time: 0.008 secs.
Rows Read: 2415, Total Rows Processed: 2415, Total Chunk Time: 0.003 seconds 

Iteration 2 time: 0.010 secs.
Rows Read: 2415, Total Rows Processed: 2415, Total Chunk Time: 0.002 seconds 

Iteration 3 time: 0.005 secs.
Rows Read: 2415, Total Rows Processed: 2415, Total Chunk Time: 0.002 seconds 

Iteration 4 time: 0.006 secs.
Rows Read: 2415, Total Rows Processed: 2415, Total Chunk Time: 0.002 seconds 

Iteration 5 time: 0.008 secs.
Rows Read: 2415, Total Rows Processed: 2415, Total Chunk Time: Less than .001 seconds 

Iteration 6 time: 0.008 secs.

Elapsed computation time: 0.096 secs.
Rows Read: 2415, Total Rows Processed: 2415, Total Chunk Time: 0.002 seconds 

Starting values (iteration 1) time: 0.006 secs.
Rows Read: 2415, Total Rows Processed: 2415, Total Chunk Time: 0.002 seconds 

Iteration 2 time: 0.008 secs.
Rows Read: 2415, Total Rows Processed: 2415, Total Chunk Time: 0.002 seconds 

Iteration 3 time: 0.009 secs.
Rows Read: 2415, Total Rows Processed: 2415, Total Chunk Time: 0.002 seconds 

Iteration 4 time: 0.007 secs.
Rows Read: 2415, Total Rows Processed: 2415, Total Chunk Time: 0.002 seconds 

Iteration 5 time: 0.007 secs.
Rows Read: 2415, Total Rows Processed: 2415, Total Chunk Time: 0.002 seconds 

Iteration 6 time: 0.012 secs.

Elapsed computation time: 0.110 secs.
Rows Read: 2415, Total Rows Processed: 2415, Total Chunk Time: 0.001 seconds 

Starting values (iteration 1) time: 0.008 secs.
Rows Read: 2415, Total Rows Processed: 2415, Total Chunk Time: 0.002 seconds 

Iteration 2 time: 0.013 secs.
Rows Read: 2415, Total Rows Processed: 2415, Total Chunk Time: 0.002 seconds 

Iteration 3 time: 0.011 secs.
Rows Read: 2415, Total Rows Processed: 2415, Total Chunk Time: 0.002 seconds 

Iteration 4 time: 0.014 secs.
Rows Read: 2415, Total Rows Processed: 2415, Total Chunk Time: 0.002 seconds 

Iteration 5 time: 0.015 secs.
Rows Read: 2415, Total Rows Processed: 2415, Total Chunk Time: 0.002 seconds 

Iteration 6 time: 0.008 secs.

Elapsed computation time: 0.127 secs.
Rows Read: 2415, Total Rows Processed: 2415, Total Chunk Time: Less than .001 seconds 

Starting values (iteration 1) time: 0.009 secs.
Rows Read: 2415, Total Rows Processed: 2415, Total Chunk Time: 0.002 seconds 

Iteration 2 time: 0.013 secs.
Rows Read: 2415, Total Rows Processed: 2415, Total Chunk Time: 0.002 seconds 

Iteration 3 time: 0.015 secs.
Rows Read: 2415, Total Rows Processed: 2415, Total Chunk Time: 0.002 seconds 

Iteration 4 time: 0.010 secs.
Rows Read: 2415, Total Rows Processed: 2415, Total Chunk Time: 0.002 seconds 

Iteration 5 time: 0.015 secs.
Rows Read: 2415, Total Rows Processed: 2415, Total Chunk Time: 0.002 seconds 

Iteration 6 time: 0.013 secs.

Elapsed computation time: 0.159 secs.
Rows Read: 2415, Total Rows Processed: 2415, Total Chunk Time: 0.001 seconds 

Starting values (iteration 1) time: 0.014 secs.
Rows Read: 2415, Total Rows Processed: 2415, Total Chunk Time: 0.002 seconds 

Iteration 2 time: 0.017 secs.
Rows Read: 2415, Total Rows Processed: 2415, Total Chunk Time: 0.001 seconds 

Iteration 3 time: 0.015 secs.
Rows Read: 2415, Total Rows Processed: 2415, Total Chunk Time: 0.003 seconds 

Iteration 4 time: 0.018 secs.
Rows Read: 2415, Total Rows Processed: 2415, Total Chunk Time: 0.002 seconds 

Iteration 5 time: 0.023 secs.

Elapsed computation time: 0.176 secs.
Rows Read: 2415, Total Rows Processed: 2415, Total Chunk Time: 0.001 seconds 

Starting values (iteration 1) time: 0.013 secs.
Rows Read: 2415, Total Rows Processed: 2415, Total Chunk Time: 0.001 seconds 

Iteration 2 time: 0.018 secs.
Rows Read: 2415, Total Rows Processed: 2415, Total Chunk Time: 0.001 seconds 

Iteration 3 time: 0.011 secs.
Rows Read: 2415, Total Rows Processed: 2415, Total Chunk Time: Less than .001 seconds 

Iteration 4 time: 0.010 secs.
Rows Read: 2415, Total Rows Processed: 2415, Total Chunk Time: 0.001 seconds 

Iteration 5 time: 0.011 secs.
Rows Read: 2415, Total Rows Processed: 2415, Total Chunk Time: 0.002 seconds 

Iteration 6 time: 0.017 secs.

Elapsed computation time: 0.164 secs.
Rows Read: 2415, Total Rows Processed: 2415, Total Chunk Time: 0.002 seconds 

Starting values (iteration 1) time: 0.011 secs.
Rows Read: 2415, Total Rows Processed: 2415, Total Chunk Time: 0.001 seconds 

Iteration 2 time: 0.023 secs.
Rows Read: 2415, Total Rows Processed: 2415, Total Chunk Time: Less than .001 seconds 

Iteration 3 time: 0.015 secs.
Rows Read: 2415, Total Rows Processed: 2415, Total Chunk Time: Less than .001 seconds 

Iteration 4 time: 0.010 secs.
Rows Read: 2415, Total Rows Processed: 2415, Total Chunk Time: 0.001 seconds 

Iteration 5 time: 0.008 secs.
Rows Read: 2415, Total Rows Processed: 2415, Total Chunk Time: 0.002 seconds 

Iteration 6 time: 0.016 secs.

Elapsed computation time: 0.170 secs.
Rows Read: 2415, Total Rows Processed: 2415, Total Chunk Time: 0.001 seconds 

Starting values (iteration 1) time: 0.020 secs.
Rows Read: 2415, Total Rows Processed: 2415, Total Chunk Time: Less than .001 seconds 

Iteration 2 time: 0.022 secs.
Rows Read: 2415, Total Rows Processed: 2415, Total Chunk Time: 0.002 seconds 

Iteration 3 time: 0.020 secs.
Rows Read: 2415, Total Rows Processed: 2415, Total Chunk Time: 0.001 seconds 

Iteration 4 time: 0.008 secs.
Rows Read: 2415, Total Rows Processed: 2415, Total Chunk Time: 0.001 seconds 

Iteration 5 time: 0.009 secs.
Rows Read: 2415, Total Rows Processed: 2415, Total Chunk Time: 0.002 seconds 

Iteration 6 time: 0.010 secs.

Elapsed computation time: 0.176 secs.
Rows Read: 2415, Total Rows Processed: 2415, Total Chunk Time: Less than .001 seconds 

Starting values (iteration 1) time: 0.012 secs.
Rows Read: 2415, Total Rows Processed: 2415, Total Chunk Time: 0.001 seconds 

Iteration 2 time: 0.023 secs.
Rows Read: 2415, Total Rows Processed: 2415, Total Chunk Time: Less than .001 seconds 

Iteration 3 time: 0.026 secs.
Rows Read: 2415, Total Rows Processed: 2415, Total Chunk Time: 0.001 seconds 

Iteration 4 time: 0.020 secs.
Rows Read: 2415, Total Rows Processed: 2415, Total Chunk Time: 0.001 seconds 

Iteration 5 time: 0.013 secs.
Rows Read: 2415, Total Rows Processed: 2415, Total Chunk Time: 0.002 seconds 

Iteration 6 time: 0.014 secs.

Elapsed computation time: 0.198 secs.
Rows Read: 2415, Total Rows Processed: 2415, Total Chunk Time: 0.002 seconds 

Starting values (iteration 1) time: 0.012 secs.
Rows Read: 2415, Total Rows Processed: 2415, Total Chunk Time: 0.002 seconds 

Iteration 2 time: 0.013 secs.
Rows Read: 2415, Total Rows Processed: 2415, Total Chunk Time: 0.001 seconds 

Iteration 3 time: 0.022 secs.
Rows Read: 2415, Total Rows Processed: 2415, Total Chunk Time: 0.002 seconds 

Iteration 4 time: 0.029 secs.
Rows Read: 2415, Total Rows Processed: 2415, Total Chunk Time: 0.001 seconds 

Iteration 5 time: 0.028 secs.
Rows Read: 2415, Total Rows Processed: 2415, Total Chunk Time: 0.002 seconds 

Iteration 6 time: 0.016 secs.

Elapsed computation time: 0.230 secs.
Rows Read: 2415, Total Rows Processed: 2415, Total Chunk Time: 0.001 seconds 

Starting values (iteration 1) time: 0.014 secs.
Rows Read: 2415, Total Rows Processed: 2415, Total Chunk Time: 0.001 seconds 

Iteration 2 time: 0.019 secs.
Rows Read: 2415, Total Rows Processed: 2415, Total Chunk Time: 0.001 seconds 

Iteration 3 time: 0.016 secs.
Rows Read: 2415, Total Rows Processed: 2415, Total Chunk Time: 0.002 seconds 

Iteration 4 time: 0.014 secs.
Rows Read: 2415, Total Rows Processed: 2415, Total Chunk Time: 0.002 seconds 

Iteration 5 time: 0.015 secs.
Rows Read: 2415, Total Rows Processed: 2415, Total Chunk Time: 0.001 seconds 

Iteration 6 time: 0.016 secs.

Elapsed computation time: 0.197 secs.
Rows Read: 2415, Total Rows Processed: 2415, Total Chunk Time: Less than .001 seconds 

Starting values (iteration 1) time: 0.012 secs.
Rows Read: 2415, Total Rows Processed: 2415, Total Chunk Time: 0.002 seconds 

Iteration 2 time: 0.020 secs.
Rows Read: 2415, Total Rows Processed: 2415, Total Chunk Time: Less than .001 seconds 

Iteration 3 time: 0.020 secs.
Rows Read: 2415, Total Rows Processed: 2415, Total Chunk Time: 0.002 seconds 

Iteration 4 time: 0.010 secs.
Rows Read: 2415, Total Rows Processed: 2415, Total Chunk Time: 0.001 seconds 

Iteration 5 time: 0.016 secs.
Rows Read: 2415, Total Rows Processed: 2415, Total Chunk Time: Less than .001 seconds 

Iteration 6 time: 0.016 secs.

Elapsed computation time: 0.197 secs.
Rows Read: 2415, Total Rows Processed: 2415, Total Chunk Time: 0.001 seconds 

Starting values (iteration 1) time: 0.024 secs.
Rows Read: 2415, Total Rows Processed: 2415, Total Chunk Time: Less than .001 seconds 

Iteration 2 time: 0.028 secs.
Rows Read: 2415, Total Rows Processed: 2415, Total Chunk Time: Less than .001 seconds 

Iteration 3 time: 0.020 secs.
Rows Read: 2415, Total Rows Processed: 2415, Total Chunk Time: Less than .001 seconds 

Iteration 4 time: 0.011 secs.
Rows Read: 2415, Total Rows Processed: 2415, Total Chunk Time: Less than .001 seconds 

Iteration 5 time: 0.020 secs.

Elapsed computation time: 0.199 secs.
Rows Read: 2415, Total Rows Processed: 2415, Total Chunk Time: Less than .001 seconds 

Starting values (iteration 1) time: 0.013 secs.
Rows Read: 2415, Total Rows Processed: 2415, Total Chunk Time: Less than .001 seconds 

Iteration 2 time: 0.026 secs.
Rows Read: 2415, Total Rows Processed: 2415, Total Chunk Time: 0.002 seconds 

Iteration 3 time: 0.004 secs.
Rows Read: 2415, Total Rows Processed: 2415, Total Chunk Time: Less than .001 seconds 

Iteration 4 time: 0.017 secs.
Rows Read: 2415, Total Rows Processed: 2415, Total Chunk Time: 0.001 seconds 

Iteration 5 time: 0.019 secs.
Rows Read: 2415, Total Rows Processed: 2415, Total Chunk Time: Less than .001 seconds 

Iteration 6 time: 0.014 secs.

Elapsed computation time: 0.196 secs.
Rows Read: 2415, Total Rows Processed: 2415, Total Chunk Time: Less than .001 seconds 

Starting values (iteration 1) time: 0.006 secs.
Rows Read: 2415, Total Rows Processed: 2415, Total Chunk Time: 0.002 seconds 

Iteration 2 time: 0.024 secs.
Rows Read: 2415, Total Rows Processed: 2415, Total Chunk Time: Less than .001 seconds 

Iteration 3 time: 0.004 secs.
Rows Read: 2415, Total Rows Processed: 2415, Total Chunk Time: Less than .001 seconds 

Iteration 4 time: 0.005 secs.
Rows Read: 2415, Total Rows Processed: 2415, Total Chunk Time: Less than .001 seconds 

Iteration 5 time: 0.005 secs.
Rows Read: 2415, Total Rows Processed: 2415, Total Chunk Time: Less than .001 seconds 

Iteration 6 time: 0.018 secs.

Elapsed computation time: 0.190 secs.
Rows Read: 2415, Total Rows Processed: 2415, Total Chunk Time: Less than .001 seconds 

Starting values (iteration 1) time: 0.019 secs.
Rows Read: 2415, Total Rows Processed: 2415, Total Chunk Time: Less than .001 seconds 

Iteration 2 time: 0.020 secs.
Rows Read: 2415, Total Rows Processed: 2415, Total Chunk Time: 0.002 seconds 

Iteration 3 time: 0.016 secs.
Rows Read: 2415, Total Rows Processed: 2415, Total Chunk Time: 0.002 seconds 

Iteration 4 time: 0.018 secs.
Rows Read: 2415, Total Rows Processed: 2415, Total Chunk Time: Less than .001 seconds 

Iteration 5 time: 0.029 secs.
Rows Read: 2415, Total Rows Processed: 2415, Total Chunk Time: Less than .001 seconds 

Iteration 6 time: 0.018 secs.

Elapsed computation time: 0.258 secs.
Rows Read: 2415, Total Rows Processed: 2415, Total Chunk Time: Less than .001 seconds 

Starting values (iteration 1) time: 0.016 secs.
Rows Read: 2415, Total Rows Processed: 2415, Total Chunk Time: Less than .001 seconds 

Iteration 2 time: 0.021 secs.
Rows Read: 2415, Total Rows Processed: 2415, Total Chunk Time: Less than .001 seconds 

Iteration 3 time: 0.022 secs.
Rows Read: 2415, Total Rows Processed: 2415, Total Chunk Time: 0.001 seconds 

Iteration 4 time: 0.034 secs.
Rows Read: 2415, Total Rows Processed: 2415, Total Chunk Time: 0.002 seconds 

Iteration 5 time: 0.025 secs.
Rows Read: 2415, Total Rows Processed: 2415, Total Chunk Time: 0.002 seconds 

Iteration 6 time: 0.020 secs.

Elapsed computation time: 0.273 secs.
Rows Read: 2415, Total Rows Processed: 2415, Total Chunk Time: 0.002 seconds 

Starting values (iteration 1) time: 0.014 secs.
Rows Read: 2415, Total Rows Processed: 2415, Total Chunk Time: Less than .001 seconds 

Iteration 2 time: 0.016 secs.
Rows Read: 2415, Total Rows Processed: 2415, Total Chunk Time: 0.002 seconds 

Iteration 3 time: 0.015 secs.
Rows Read: 2415, Total Rows Processed: 2415, Total Chunk Time: 0.002 seconds 

Iteration 4 time: 0.012 secs.
Rows Read: 2415, Total Rows Processed: 2415, Total Chunk Time: 0.002 seconds 

Iteration 5 time: 0.013 secs.
Rows Read: 2415, Total Rows Processed: 2415, Total Chunk Time: 0.002 seconds 

Iteration 6 time: 0.014 secs.

Elapsed computation time: 0.183 secs.
Rows Read: 2415, Total Rows Processed: 2415, Total Chunk Time: Less than .001 seconds 

Starting values (iteration 1) time: 0.019 secs.
Rows Read: 2415, Total Rows Processed: 2415, Total Chunk Time: 0.002 seconds 

Iteration 2 time: 0.019 secs.
Rows Read: 2415, Total Rows Processed: 2415, Total Chunk Time: 0.002 seconds 

Iteration 3 time: 0.027 secs.
Rows Read: 2415, Total Rows Processed: 2415, Total Chunk Time: 0.002 seconds 

Iteration 4 time: 0.025 secs.
Rows Read: 2415, Total Rows Processed: 2415, Total Chunk Time: 0.002 seconds 

Iteration 5 time: 0.023 secs.
Rows Read: 2415, Total Rows Processed: 2415, Total Chunk Time: Less than .001 seconds 

Iteration 6 time: 0.020 secs.

Elapsed computation time: 0.258 secs.
Rows Read: 2415, Total Rows Processed: 2415, Total Chunk Time: 0.002 seconds 

Starting values (iteration 1) time: 0.021 secs.
Rows Read: 2415, Total Rows Processed: 2415, Total Chunk Time: 0.002 seconds 

Iteration 2 time: 0.023 secs.
Rows Read: 2415, Total Rows Processed: 2415, Total Chunk Time: Less than .001 seconds 

Iteration 3 time: 0.021 secs.
Rows Read: 2415, Total Rows Processed: 2415, Total Chunk Time: 0.002 seconds 

Iteration 4 time: 0.012 secs.
Rows Read: 2415, Total Rows Processed: 2415, Total Chunk Time: 0.002 seconds 

Iteration 5 time: 0.017 secs.
Rows Read: 2415, Total Rows Processed: 2415, Total Chunk Time: 0.002 seconds 

Iteration 6 time: 0.019 secs.

Elapsed computation time: 0.222 secs.
Rows Read: 2415, Total Rows Processed: 2415, Total Chunk Time: Less than .001 seconds 

Starting values (iteration 1) time: 0.021 secs.
Rows Read: 2415, Total Rows Processed: 2415, Total Chunk Time: 0.002 seconds 

Iteration 2 time: 0.023 secs.
Rows Read: 2415, Total Rows Processed: 2415, Total Chunk Time: 0.001 seconds 

Iteration 3 time: 0.026 secs.
Rows Read: 2415, Total Rows Processed: 2415, Total Chunk Time: Less than .001 seconds 

Iteration 4 time: 0.008 secs.
Rows Read: 2415, Total Rows Processed: 2415, Total Chunk Time: 0.002 seconds 

Iteration 5 time: 0.019 secs.

Elapsed computation time: 0.179 secs.
Rows Read: 2415, Total Rows Processed: 2415, Total Chunk Time: 0.001 seconds 

Starting values (iteration 1) time: 0.011 secs.
Rows Read: 2415, Total Rows Processed: 2415, Total Chunk Time: 0.002 seconds 

Iteration 2 time: 0.009 secs.
Rows Read: 2415, Total Rows Processed: 2415, Total Chunk Time: 0.002 seconds 

Iteration 3 time: 0.017 secs.
Rows Read: 2415, Total Rows Processed: 2415, Total Chunk Time: 0.002 seconds 

Iteration 4 time: 0.020 secs.
Rows Read: 2415, Total Rows Processed: 2415, Total Chunk Time: 0.002 seconds 

Iteration 5 time: 0.005 secs.
Rows Read: 2415, Total Rows Processed: 2415, Total Chunk Time: Less than .001 seconds 

Iteration 6 time: 0.015 secs.

Elapsed computation time: 0.177 secs.
Rows Read: 2415, Total Rows Processed: 2415, Total Chunk Time: Less than .001 seconds 

Starting values (iteration 1) time: 0.005 secs.
Rows Read: 2415, Total Rows Processed: 2415, Total Chunk Time: Less than .001 seconds 

Iteration 2 time: 0.023 secs.
Rows Read: 2415, Total Rows Processed: 2415, Total Chunk Time: 0.002 seconds 

Iteration 3 time: 0.005 secs.
Rows Read: 2415, Total Rows Processed: 2415, Total Chunk Time: 0.001 seconds 

Iteration 4 time: 0.021 secs.
Rows Read: 2415, Total Rows Processed: 2415, Total Chunk Time: Less than .001 seconds 

Iteration 5 time: 0.032 secs.
Rows Read: 2415, Total Rows Processed: 2415, Total Chunk Time: Less than .001 seconds 

Iteration 6 time: 0.019 secs.

Elapsed computation time: 0.220 secs.
Rows Read: 2415, Total Rows Processed: 2415, Total Chunk Time: Less than .001 seconds 

Starting values (iteration 1) time: 0.006 secs.
Rows Read: 2415, Total Rows Processed: 2415, Total Chunk Time: Less than .001 seconds 

Iteration 2 time: 0.020 secs.
Rows Read: 2415, Total Rows Processed: 2415, Total Chunk Time: 0.001 seconds 

Iteration 3 time: 0.018 secs.
Rows Read: 2415, Total Rows Processed: 2415, Total Chunk Time: Less than .001 seconds 

Iteration 4 time: 0.028 secs.
Rows Read: 2415, Total Rows Processed: 2415, Total Chunk Time: 0.002 seconds 

Iteration 5 time: 0.015 secs.
Rows Read: 2415, Total Rows Processed: 2415, Total Chunk Time: 0.001 seconds 

Iteration 6 time: 0.014 secs.

Elapsed computation time: 0.229 secs.
Rows Read: 2415, Total Rows Processed: 2415, Total Chunk Time: Less than .001 seconds 

Starting values (iteration 1) time: 0.021 secs.
Rows Read: 2415, Total Rows Processed: 2415, Total Chunk Time: Less than .001 seconds 

Iteration 2 time: 0.023 secs.
Rows Read: 2415, Total Rows Processed: 2415, Total Chunk Time: 0.002 seconds 

Iteration 3 time: 0.018 secs.
Rows Read: 2415, Total Rows Processed: 2415, Total Chunk Time: 0.002 seconds 

Iteration 4 time: 0.026 secs.
Rows Read: 2415, Total Rows Processed: 2415, Total Chunk Time: Less than .001 seconds 

Iteration 5 time: 0.021 secs.
Rows Read: 2415, Total Rows Processed: 2415, Total Chunk Time: 0.002 seconds 

Iteration 6 time: 0.023 secs.

Elapsed computation time: 0.237 secs.
Rows Read: 2415, Total Rows Processed: 2415, Total Chunk Time: 0.001 seconds 

Starting values (iteration 1) time: 0.029 secs.
Rows Read: 2415, Total Rows Processed: 2415, Total Chunk Time: 0.001 seconds 

Iteration 2 time: 0.032 secs.
Rows Read: 2415, Total Rows Processed: 2415, Total Chunk Time: Less than .001 seconds 

Iteration 3 time: 0.017 secs.
Rows Read: 2415, Total Rows Processed: 2415, Total Chunk Time: Less than .001 seconds 

Iteration 4 time: 0.025 secs.
Rows Read: 2415, Total Rows Processed: 2415, Total Chunk Time: 0.002 seconds 

Iteration 5 time: 0.017 secs.
Rows Read: 2415, Total Rows Processed: 2415, Total Chunk Time: 0.002 seconds 

Iteration 6 time: 0.028 secs.

Elapsed computation time: 0.266 secs.
Rows Read: 2415, Total Rows Processed: 2415, Total Chunk Time: Less than .001 seconds 

Starting values (iteration 1) time: 0.018 secs.
Rows Read: 2415, Total Rows Processed: 2415, Total Chunk Time: 0.002 seconds 

Iteration 2 time: 0.017 secs.
Rows Read: 2415, Total Rows Processed: 2415, Total Chunk Time: 0.002 seconds 

Iteration 3 time: 0.027 secs.
Rows Read: 2415, Total Rows Processed: 2415, Total Chunk Time: 0.002 seconds 

Iteration 4 time: 0.033 secs.
Rows Read: 2415, Total Rows Processed: 2415, Total Chunk Time: 0.001 seconds 

Iteration 5 time: 0.017 secs.
Rows Read: 2415, Total Rows Processed: 2415, Total Chunk Time: Less than .001 seconds 

Iteration 6 time: 0.012 secs.

Elapsed computation time: 0.259 secs.
Rows Read: 2415, Total Rows Processed: 2415, Total Chunk Time: Less than .001 seconds 

Starting values (iteration 1) time: 0.018 secs.
Rows Read: 2415, Total Rows Processed: 2415, Total Chunk Time: 0.002 seconds 

Iteration 2 time: 0.016 secs.
Rows Read: 2415, Total Rows Processed: 2415, Total Chunk Time: Less than .001 seconds 

Iteration 3 time: 0.017 secs.
Rows Read: 2415, Total Rows Processed: 2415, Total Chunk Time: Less than .001 seconds 

Iteration 4 time: 0.017 secs.
Rows Read: 2415, Total Rows Processed: 2415, Total Chunk Time: Less than .001 seconds 

Iteration 5 time: 0.014 secs.
Rows Read: 2415, Total Rows Processed: 2415, Total Chunk Time: 0.002 seconds 

Iteration 6 time: 0.022 secs.

Elapsed computation time: 0.232 secs.
Rows Read: 2415, Total Rows Processed: 2415, Total Chunk Time: Less than .001 seconds 

Starting values (iteration 1) time: 0.021 secs.
Rows Read: 2415, Total Rows Processed: 2415, Total Chunk Time: Less than .001 seconds 

Iteration 2 time: 0.016 secs.
Rows Read: 2415, Total Rows Processed: 2415, Total Chunk Time: 0.001 seconds 

Iteration 3 time: 0.015 secs.
Rows Read: 2415, Total Rows Processed: 2415, Total Chunk Time: 0.001 seconds 

Iteration 4 time: 0.014 secs.
Rows Read: 2415, Total Rows Processed: 2415, Total Chunk Time: 0.001 seconds 

Iteration 5 time: 0.020 secs.

Elapsed computation time: 0.179 secs.
Rows Read: 2415, Total Rows Processed: 2415, Total Chunk Time: Less than .001 seconds 

Starting values (iteration 1) time: 0.014 secs.
Rows Read: 2415, Total Rows Processed: 2415, Total Chunk Time: 0.002 seconds 

Iteration 2 time: 0.017 secs.
Rows Read: 2415, Total Rows Processed: 2415, Total Chunk Time: Less than .001 seconds 

Iteration 3 time: 0.014 secs.
Rows Read: 2415, Total Rows Processed: 2415, Total Chunk Time: Less than .001 seconds 

Iteration 4 time: 0.013 secs.
Rows Read: 2415, Total Rows Processed: 2415, Total Chunk Time: 0.001 seconds 

Iteration 5 time: 0.017 secs.
Rows Read: 2415, Total Rows Processed: 2415, Total Chunk Time: 0.002 seconds 

Iteration 6 time: 0.016 secs.

Elapsed computation time: 0.201 secs.
Rows Read: 2415, Total Rows Processed: 2415, Total Chunk Time: Less than .001 seconds 

Starting values (iteration 1) time: 0.014 secs.
Rows Read: 2415, Total Rows Processed: 2415, Total Chunk Time: Less than .001 seconds 

Iteration 2 time: 0.017 secs.
Rows Read: 2415, Total Rows Processed: 2415, Total Chunk Time: Less than .001 seconds 

Iteration 3 time: 0.023 secs.
Rows Read: 2415, Total Rows Processed: 2415, Total Chunk Time: Less than .001 seconds 

Iteration 4 time: 0.013 secs.
Rows Read: 2415, Total Rows Processed: 2415, Total Chunk Time: 0.001 seconds 

Iteration 5 time: 0.014 secs.
Rows Read: 2415, Total Rows Processed: 2415, Total Chunk Time: 0.001 seconds 

Iteration 6 time: 0.026 secs.

Elapsed computation time: 0.231 secs.
Rows Read: 2415, Total Rows Processed: 2415, Total Chunk Time: Less than .001 seconds 

Starting values (iteration 1) time: 0.017 secs.
Rows Read: 2415, Total Rows Processed: 2415, Total Chunk Time: 0.002 seconds 

Iteration 2 time: 0.021 secs.
Rows Read: 2415, Total Rows Processed: 2415, Total Chunk Time: 0.002 seconds 

Iteration 3 time: 0.017 secs.
Rows Read: 2415, Total Rows Processed: 2415, Total Chunk Time: 0.001 seconds 

Iteration 4 time: 0.018 secs.
Rows Read: 2415, Total Rows Processed: 2415, Total Chunk Time: Less than .001 seconds 

Iteration 5 time: 0.018 secs.
Rows Read: 2415, Total Rows Processed: 2415, Total Chunk Time: Less than .001 seconds 

Iteration 6 time: 0.018 secs.

Elapsed computation time: 0.245 secs.
Rows Read: 2415, Total Rows Processed: 2415, Total Chunk Time: Less than .001 seconds 

Starting values (iteration 1) time: 0.016 secs.
Rows Read: 2415, Total Rows Processed: 2415, Total Chunk Time: 0.002 seconds 

Iteration 2 time: 0.017 secs.
Rows Read: 2415, Total Rows Processed: 2415, Total Chunk Time: Less than .001 seconds 

Iteration 3 time: 0.017 secs.
Rows Read: 2415, Total Rows Processed: 2415, Total Chunk Time: 0.001 seconds 

Iteration 4 time: 0.020 secs.
Rows Read: 2415, Total Rows Processed: 2415, Total Chunk Time: 0.001 seconds 

Iteration 5 time: 0.026 secs.
Rows Read: 2415, Total Rows Processed: 2415, Total Chunk Time: 0.002 seconds 

Iteration 6 time: 0.026 secs.

Elapsed computation time: 0.241 secs.
Rows Read: 2415, Total Rows Processed: 2415, Total Chunk Time: Less than .001 seconds 

Starting values (iteration 1) time: 0.016 secs.
Rows Read: 2415, Total Rows Processed: 2415, Total Chunk Time: Less than .001 seconds 

Iteration 2 time: 0.019 secs.
Rows Read: 2415, Total Rows Processed: 2415, Total Chunk Time: 0.002 seconds 

Iteration 3 time: 0.016 secs.
Rows Read: 2415, Total Rows Processed: 2415, Total Chunk Time: 0.001 seconds 

Iteration 4 time: 0.014 secs.
Rows Read: 2415, Total Rows Processed: 2415, Total Chunk Time: 0.002 seconds 

Iteration 5 time: 0.016 secs.
Rows Read: 2415, Total Rows Processed: 2415, Total Chunk Time: 0.001 seconds 

Iteration 6 time: 0.026 secs.

Elapsed computation time: 0.219 secs.
Rows Read: 2415, Total Rows Processed: 2415, Total Chunk Time: Less than .001 seconds 

Starting values (iteration 1) time: 0.023 secs.
Rows Read: 2415, Total Rows Processed: 2415, Total Chunk Time: Less than .001 seconds 

Iteration 2 time: 0.015 secs.
Rows Read: 2415, Total Rows Processed: 2415, Total Chunk Time: 0.001 seconds 

Iteration 3 time: 0.017 secs.
Rows Read: 2415, Total Rows Processed: 2415, Total Chunk Time: Less than .001 seconds 

Iteration 4 time: 0.016 secs.
Rows Read: 2415, Total Rows Processed: 2415, Total Chunk Time: 0.001 seconds 

Iteration 5 time: 0.016 secs.
Rows Read: 2415, Total Rows Processed: 2415, Total Chunk Time: 0.002 seconds 

Iteration 6 time: 0.018 secs.

Elapsed computation time: 0.236 secs.
Rows Read: 2415, Total Rows Processed: 2415, Total Chunk Time: Less than .001 seconds 

Starting values (iteration 1) time: 0.017 secs.
Rows Read: 2415, Total Rows Processed: 2415, Total Chunk Time: Less than .001 seconds 

Iteration 2 time: 0.020 secs.
Rows Read: 2415, Total Rows Processed: 2415, Total Chunk Time: Less than .001 seconds 

Iteration 3 time: 0.017 secs.
Rows Read: 2415, Total Rows Processed: 2415, Total Chunk Time: Less than .001 seconds 

Iteration 4 time: 0.018 secs.
Rows Read: 2415, Total Rows Processed: 2415, Total Chunk Time: 0.002 seconds 

Iteration 5 time: 0.019 secs.
Rows Read: 2415, Total Rows Processed: 2415, Total Chunk Time: Less than .001 seconds 

Iteration 6 time: 0.017 secs.

Elapsed computation time: 0.238 secs.
Rows Read: 2415, Total Rows Processed: 2415, Total Chunk Time: 0.001 seconds 

Starting values (iteration 1) time: 0.017 secs.
Rows Read: 2415, Total Rows Processed: 2415, Total Chunk Time: Less than .001 seconds 

Iteration 2 time: 0.026 secs.
Rows Read: 2415, Total Rows Processed: 2415, Total Chunk Time: Less than .001 seconds 

Iteration 3 time: 0.016 secs.
Rows Read: 2415, Total Rows Processed: 2415, Total Chunk Time: Less than .001 seconds 

Iteration 4 time: 0.018 secs.

Elapsed computation time: 0.158 secs.
Rows Read: 2415, Total Rows Processed: 2415, Total Chunk Time: 0.001 seconds 

Starting values (iteration 1) time: 0.017 secs.
Rows Read: 2415, Total Rows Processed: 2415, Total Chunk Time: 0.001 seconds 

Iteration 2 time: 0.018 secs.
Rows Read: 2415, Total Rows Processed: 2415, Total Chunk Time: Less than .001 seconds 

Iteration 3 time: 0.016 secs.
Rows Read: 2415, Total Rows Processed: 2415, Total Chunk Time: Less than .001 seconds 

Iteration 4 time: 0.015 secs.
Rows Read: 2415, Total Rows Processed: 2415, Total Chunk Time: Less than .001 seconds 

Iteration 5 time: 0.028 secs.
Rows Read: 2415, Total Rows Processed: 2415, Total Chunk Time: Less than .001 seconds 

Iteration 6 time: 0.016 secs.

Elapsed computation time: 0.232 secs.
Rows Read: 2415, Total Rows Processed: 2415, Total Chunk Time: Less than .001 seconds 

Starting values (iteration 1) time: 0.016 secs.
Rows Read: 2415, Total Rows Processed: 2415, Total Chunk Time: 0.002 seconds 

Iteration 2 time: 0.018 secs.
Rows Read: 2415, Total Rows Processed: 2415, Total Chunk Time: 0.001 seconds 

Iteration 3 time: 0.017 secs.
Rows Read: 2415, Total Rows Processed: 2415, Total Chunk Time: 0.001 seconds 

Iteration 4 time: 0.024 secs.
Rows Read: 2415, Total Rows Processed: 2415, Total Chunk Time: 0.002 seconds 

Iteration 5 time: 0.016 secs.
Rows Read: 2415, Total Rows Processed: 2415, Total Chunk Time: 0.001 seconds 

Iteration 6 time: 0.027 secs.

Elapsed computation time: 0.236 secs.
Rows Read: 2415, Total Rows Processed: 2415, Total Chunk Time: 0.001 seconds 

Starting values (iteration 1) time: 0.021 secs.
Rows Read: 2415, Total Rows Processed: 2415, Total Chunk Time: Less than .001 seconds 

Iteration 2 time: 0.023 secs.
Rows Read: 2415, Total Rows Processed: 2415, Total Chunk Time: 0.001 seconds 

Iteration 3 time: 0.014 secs.
Rows Read: 2415, Total Rows Processed: 2415, Total Chunk Time: 0.001 seconds 

Iteration 4 time: 0.018 secs.
Rows Read: 2415, Total Rows Processed: 2415, Total Chunk Time: 0.002 seconds 

Iteration 5 time: 0.019 secs.
Rows Read: 2415, Total Rows Processed: 2415, Total Chunk Time: Less than .001 seconds 

Iteration 6 time: 0.018 secs.

Elapsed computation time: 0.248 secs.
Rows Read: 2415, Total Rows Processed: 2415, Total Chunk Time: 0.001 seconds 

Starting values (iteration 1) time: 0.025 secs.
Rows Read: 2415, Total Rows Processed: 2415, Total Chunk Time: Less than .001 seconds 

Iteration 2 time: 0.019 secs.
Rows Read: 2415, Total Rows Processed: 2415, Total Chunk Time: Less than .001 seconds 

Iteration 3 time: 0.016 secs.
Rows Read: 2415, Total Rows Processed: 2415, Total Chunk Time: 0.001 seconds 

Iteration 4 time: 0.015 secs.
Rows Read: 2415, Total Rows Processed: 2415, Total Chunk Time: 0.002 seconds 

Iteration 5 time: 0.016 secs.
Rows Read: 2415, Total Rows Processed: 2415, Total Chunk Time: Less than .001 seconds 

Iteration 6 time: 0.018 secs.

Elapsed computation time: 0.221 secs.
Rows Read: 2415, Total Rows Processed: 2415, Total Chunk Time: 0.001 seconds 

Starting values (iteration 1) time: 0.014 secs.
Rows Read: 2415, Total Rows Processed: 2415, Total Chunk Time: Less than .001 seconds 

Iteration 2 time: 0.015 secs.
Rows Read: 2415, Total Rows Processed: 2415, Total Chunk Time: 0.002 seconds 

Iteration 3 time: 0.018 secs.
Rows Read: 2415, Total Rows Processed: 2415, Total Chunk Time: Less than .001 seconds 

Iteration 4 time: 0.015 secs.
Rows Read: 2415, Total Rows Processed: 2415, Total Chunk Time: Less than .001 seconds 

Iteration 5 time: 0.019 secs.
Rows Read: 2415, Total Rows Processed: 2415, Total Chunk Time: 0.001 seconds 

Iteration 6 time: 0.013 secs.

Elapsed computation time: 0.207 secs.
Rows Read: 2415, Total Rows Processed: 2415, Total Chunk Time: 0.001 seconds 

Starting values (iteration 1) time: 0.022 secs.
Rows Read: 2415, Total Rows Processed: 2415, Total Chunk Time: Less than .001 seconds 

Iteration 2 time: 0.016 secs.
Rows Read: 2415, Total Rows Processed: 2415, Total Chunk Time: Less than .001 seconds 

Iteration 3 time: 0.018 secs.
Rows Read: 2415, Total Rows Processed: 2415, Total Chunk Time: 0.002 seconds 

Iteration 4 time: 0.023 secs.
Rows Read: 2415, Total Rows Processed: 2415, Total Chunk Time: 0.002 seconds 

Iteration 5 time: 0.018 secs.
Rows Read: 2415, Total Rows Processed: 2415, Total Chunk Time: Less than .001 seconds 

Iteration 6 time: 0.013 secs.

Elapsed computation time: 0.224 secs.
Rows Read: 2415, Total Rows Processed: 2415, Total Chunk Time: Less than .001 seconds 

Starting values (iteration 1) time: 0.016 secs.
Rows Read: 2415, Total Rows Processed: 2415, Total Chunk Time: Less than .001 seconds 

Iteration 2 time: 0.022 secs.
Rows Read: 2415, Total Rows Processed: 2415, Total Chunk Time: Less than .001 seconds 

Iteration 3 time: 0.014 secs.
Rows Read: 2415, Total Rows Processed: 2415, Total Chunk Time: Less than .001 seconds 

Iteration 4 time: 0.024 secs.
Rows Read: 2415, Total Rows Processed: 2415, Total Chunk Time: Less than .001 seconds 

Iteration 5 time: 0.016 secs.
Rows Read: 2415, Total Rows Processed: 2415, Total Chunk Time: Less than .001 seconds 

Iteration 6 time: 0.016 secs.

Elapsed computation time: 0.232 secs.

Elapsed computation time: 10.955 secs.
[1] "--------------------------------------------------------------------------------"
[1] "analyze.results.glm.step="
Logistic Regression Results for: RaceHorse.IsHitA ~ OddsByWin.OddsLog1
    + RaceHorse.UmabanSdv
Data: data
Dependent variable(s): RaceHorse.IsHitA
Total independent variables: 3 
Number of valid observations: 2415
Number of missing observations: 0 
 
Coefficients:
                    RaceHorse.IsHitA
(Intercept)                      0.8
OddsByWin.OddsLog1              -1.3
RaceHorse.UmabanSdv             -0.1
[1] "analyze.results.glm.step.summary"
Call:
rxLogit(formula = formula, data = data, variableSelection = analyze.results.glm.step.varsel)

Logistic Regression Results for: RaceHorse.IsHitA ~ OddsByWin.OddsLog1
    + RaceHorse.UmabanSdv
Data: data
Dependent variable(s): RaceHorse.IsHitA
Total independent variables: 3 
Number of valid observations: 2415
Number of missing observations: 0 
-2*LogLikelihood: 1169.329 (Residual deviance on 2412 degrees of freedom)
 
Coefficients:
                    Estimate Std. Error z value Pr(>|z|)    
(Intercept)           0.7982     0.2068    3.86  0.00011 ***
OddsByWin.OddsLog1   -1.2668     0.0952  -13.31  2.2e-16 ***
RaceHorse.UmabanSdv  -0.1291     0.0814   -1.59  0.11261    
---
Signif. codes:  0 '***' 0.001 '**' 0.01 '*' 0.05 '.' 0.1 ' ' 1

Condition number of final variance-covariance matrix: 1 
Number of iterations: 6
[1] "--------------------------------------------------------------------------------"
[1] "2022-02-28 00:50:34 --- rxGlm with rxStepControl Finish ---"
[1] "2022-02-28 00:50:34 --- rxStepPlot Start ---"
[1] "pdfFilename=pdf_analyze_glm_Basic_Type31_rxStepPlot.pdf"
[1] "rxStepPlot="
[1] "2022-02-28 00:50:34 --- rxStepPlot Finish ---"
[1] "2022-02-28 00:50:34 --- save.image Start ---"
[1] "save.image"
[1] "rdataFilename=RData_analyze_glm_Basic_Type31.RData"
[1] "2022-02-28 00:50:34 --- save.image Finish ---"
[1] "2022-02-28 00:50:34 --- final Start ---"
[1] "--------------------------------------------------------------------------------"
[1] "nrow(data) final=2415"
[1] "--------------------------------------------------------------------------------"
[1] "2022-02-28 00:50:34 --- final Finish ---"
[1] "2022-02-28 00:50:34 --- analyze_glm.R Finished ---"
[1] "2022-02-28 00:50:34 --- log Finish ---"
