[1] "2022-02-27 15:44:36 --- D1115_Predict_glm_Jockey_IsHitA_Type26 Start ---"
[1] "2022-02-27 15:44:36 --- Log Start ---"
[1] "2022-02-27 15:44:36 --- predict.R Start ---"
[1] "--------------------------------------------------------------------------------"
[1] "analyzeVersion=D1115"
[1] "analyzeCategory=Predict"
[1] "analyzeType=Jockey"
[1] "analyzeFamily=IsHitA"
[1] "analyzeFunc=glm"
[1] "analyzeTrackTypeCd=2"
[1] "analyzeJyokenCd=6"
[1] "--------------------------------------------------------------------------------"
[1] "2022-02-27 15:44:36 --- source_function.R Start ---"
[1] "2022-02-27 15:44:36 --- source_function.R Finished ---"
[1] "2022-02-27 15:44:36 --- source_library.R Start ---"
[1] "2022-02-27 15:44:36 --- source_library.R Finished ---"
[1] "2022-02-27 15:44:36 --- Load Start ---"
[1] "analyzeTrackTypeCd=2"
[1] "analyzeJyokenCd=6"
[1] "loadFilename=RData_Analyze_glm_Jockey_Type26.RData"
[1] "2022-02-27 15:44:36 --- Load Finished ---"
[1] "2022-02-27 15:44:36 --- RxSqlServerData Start ---"
[1] "2022-02-27 15:44:36 --- RxInSqlServer Start ---"
[1] "2022-02-27 15:44:36 --- RxInSqlServer Finish ---"
[1] "2022-02-27 15:44:36 --- rxSetComputeContext Start ---"
[1] "2022-02-27 15:44:36 --- rxSetComputeContext Finish ---"
[1] "2022-02-27 15:44:36 --- RxSqlServerData Start ---"
[1] "analyzeTrackTypeCd=2"
[1] "analyzeJyokenCd=6"
[1] "predictSqlQuery=SELECT * FROM ViewAnalyzeD1115Predict01JockeyType26"
[1] "2022-02-27 15:44:36 --- RxSqlServerData Finish ---"
[1] "2022-02-27 15:44:36 --- rxGetVarInfo Start ---"
[1] "2022-02-27 15:44:37 --- rxGetVarInfo Finish---"
[1] "2022-02-27 15:44:37 --- rxImport Start ---"
Rows Read: 8442, Total Rows Processed: 8442, Total Chunk Time: 2.650 seconds 
[1] "2022-02-27 15:44:42 --- rxImport Finish ---"
[1] "object.size(InputDataSet) auto=2.3 Mb"
[1] "--------------------------------------------------------------------------------"
[1] "nrow(InputDataSet) RxSqlServerData=8442"
[1] "--------------------------------------------------------------------------------"
[1] "str(InputDataSet)="
'data.frame':	8442 obs. of  32 variables:
 $ Race.RaceId                      : Factor w/ 593 levels "20160117-07-01-02-06",..: 1 2 3 4 5 6 7 8 9 10 ...
 $ Race.IsPredictedRace             : logi  TRUE TRUE TRUE TRUE TRUE TRUE ...
 $ Race.IsAnalyzeNormalPastAndFuture: logi  TRUE TRUE TRUE TRUE TRUE TRUE ...
 $ Race.IsAnalyzeNormalPast         : logi  TRUE TRUE TRUE TRUE TRUE TRUE ...
 $ Race.IsAnalyzeNormalFuture       : logi  FALSE FALSE FALSE FALSE FALSE FALSE ...
 $ Race.IsAnalyzeFullPastAndFuture  : logi  TRUE TRUE TRUE TRUE TRUE TRUE ...
 $ Race.IsAnalyzeFullPast           : logi  TRUE TRUE TRUE TRUE TRUE TRUE ...
 $ Race.IsAnalyzeFullFuture         : logi  FALSE FALSE FALSE FALSE FALSE FALSE ...
 $ Race.JyokenCd                    : Factor w/ 1 level "6": 1 1 1 1 1 1 1 1 1 1 ...
 $ Race.JyoType1Cd                  : Factor w/ 74 levels "2-07-1400-6-1",..: 1 2 3 4 3 4 4 1 3 3 ...
 $ Race.RaceType1Cd                 : Factor w/ 2 levels "2-6-X-1","2-6-X-2": 1 1 1 1 1 1 1 1 1 1 ...
 $ RaceHorse.RaceId                 : Factor w/ 593 levels "20160117-07-01-02-06",..: 1 2 3 4 5 6 7 8 9 10 ...
 $ RaceHorse.KettoNum               : Factor w/ 8419 levels "2013104157","2013102177",..: 1 2 3 4 5 6 7 8 9 10 ...
 $ Jockey.TimeSdvByRaceAvg          : num  0.06713 0.02489 -0.83522 -0.00727 0.81933 ...
 $ Jockey.LastTimeSdvByRaceAvg      : num  0.169 0.166 -0.137 -0.184 0.579 ...
 $ Jockey.FirstTimeSdvByRaceAvg     : num  -0.161 -0.184 -0.833 0.154 0.526 ...
 $ Jockey.TimeSdvAvg                : num  0.0695 -0.0251 -0.6349 0.0417 0.8201 ...
 $ Jockey.LastTimeSdvAvg            : num  0.1923 0.073 -0.106 0.0182 0.5785 ...
 $ Jockey.FirstTimeSdvAvg           : num  -0.0978 -0.1515 -0.7428 0.0393 0.5193 ...
 $ Jockey.OrderOfFinishSdvAvg       : num  0.2471 -0.067 -0.9143 -0.0698 0.7984 ...
 $ Jockey.RunCount                  : num  55 55 11 36 32 19 38 29 39 37 ...
 $ Jockey.HitCount1                 : num  2 4 0 3 5 0 6 3 6 2 ...
 $ Jockey.HitCount2                 : num  6 3 0 1 7 0 5 1 5 6 ...
 $ Jockey.HitCount3                 : num  5 2 0 4 3 1 7 1 7 0 ...
 $ Jockey.HitCount4                 : num  6 2 0 2 6 0 2 6 2 2 ...
 $ Jockey.HitCount5                 : num  5 7 0 2 1 2 1 0 2 3 ...
 $ Jockey.HitRate1                  : num  0.0364 0.0727 0 0.0833 0.1562 ...
 $ Jockey.HitRate2                  : num  0.1091 0.0545 0 0.0278 0.2188 ...
 $ Jockey.HitRate3                  : num  0.0909 0.0364 0 0.1111 0.0938 ...
 $ Jockey.HitRate4                  : num  0.1091 0.0364 0 0.0556 0.1875 ...
 $ Jockey.HitRate5                  : num  0.0909 0.1273 0 0.0556 0.0312 ...
 $ EOF                              : int  1 1 1 1 1 1 1 1 1 1 ...
[1] "2022-02-27 15:44:42 --- RxSqlServerData Finish ---"
[1] "2022-02-27 15:44:42 --- subset Start ---"
[1] "--------------------------------------------------------------------------------"
[1] "nrow(InputDataSet) subset before=8442"
[1] "nrow(InputDataSet) subset after=8442"
[1] "nrow(InputDataSet) subset diff=0"
[1] "--------------------------------------------------------------------------------"
[1] "class(InputDataSet$Race.IsAnalyzeNormalPast)=logical"
[1] "class(InputDataSet$Race.analyzeTrackTypeCd)=NULL"
[1] "2022-02-27 15:44:42 --- subset Finish ---"
[1] "2022-02-27 15:44:42 --- na.omit Start ---"
[1] "--------------------------------------------------------------------------------"
[1] "nrow(InputDataSet) na.omit before=8442"
[1] "nrow(InputDataSet) na.omit after=8442"
[1] "nrow(InputDataSet) na.omit diff=0"
[1] "--------------------------------------------------------------------------------"
[1] "2022-02-27 15:44:42 --- na.omit Finish---"
[1] "2022-02-27 15:44:42 --- New Levels Start ---"
[1] "levels(data$Race.RaceType1Cd)=2-6-X-1"
[2] "levels(data$Race.RaceType1Cd)=2-6-X-2"
[1] "levels(InputDataSet$Race.RaceType1Cd)=2-6-X-1"
[2] "levels(InputDataSet$Race.RaceType1Cd)=2-6-X-2"
[1] "length(Race.RaceType1Cd.Index)=0"
[1] "2022-02-27 15:44:42 --- New Levels Finish ---"
[1] "2022-02-27 15:44:42 --- na.omit Start ---"
[1] "--------------------------------------------------------------------------------"
[1] "nrow(InputDataSet) na.omit levels before=8442"
[1] "nrow(InputDataSet) na.omit levels after=8442"
[1] "nrow(InputDataSet) na.omit levels diff=0"
[1] "--------------------------------------------------------------------------------"
[1] "2022-02-27 15:44:42 --- na.omit Finish ---"
[1] "2022-02-27 15:44:42 --- Predict InputDataSet Start ---"
[1] "--------------------------------------------------------------------------------"
[1] "nrow(InputDataSet) predict=8442"
[1] "--------------------------------------------------------------------------------"
[1] "str(InputDataSet)="
'data.frame':	8442 obs. of  32 variables:
 $ Race.RaceId                      : Factor w/ 593 levels "20160117-07-01-02-06",..: 1 2 3 4 5 6 7 8 9 10 ...
 $ Race.IsPredictedRace             : logi  TRUE TRUE TRUE TRUE TRUE TRUE ...
 $ Race.IsAnalyzeNormalPastAndFuture: logi  TRUE TRUE TRUE TRUE TRUE TRUE ...
 $ Race.IsAnalyzeNormalPast         : logi  TRUE TRUE TRUE TRUE TRUE TRUE ...
 $ Race.IsAnalyzeNormalFuture       : logi  FALSE FALSE FALSE FALSE FALSE FALSE ...
 $ Race.IsAnalyzeFullPastAndFuture  : logi  TRUE TRUE TRUE TRUE TRUE TRUE ...
 $ Race.IsAnalyzeFullPast           : logi  TRUE TRUE TRUE TRUE TRUE TRUE ...
 $ Race.IsAnalyzeFullFuture         : logi  FALSE FALSE FALSE FALSE FALSE FALSE ...
 $ Race.JyokenCd                    : Factor w/ 1 level "6": 1 1 1 1 1 1 1 1 1 1 ...
 $ Race.JyoType1Cd                  : Factor w/ 74 levels "2-07-1400-6-1",..: 1 2 3 4 3 4 4 1 3 3 ...
 $ Race.RaceType1Cd                 : Factor w/ 2 levels "2-6-X-1","2-6-X-2": 1 1 1 1 1 1 1 1 1 1 ...
 $ RaceHorse.RaceId                 : Factor w/ 593 levels "20160117-07-01-02-06",..: 1 2 3 4 5 6 7 8 9 10 ...
 $ RaceHorse.KettoNum               : Factor w/ 8419 levels "2013104157","2013102177",..: 1 2 3 4 5 6 7 8 9 10 ...
 $ Jockey.TimeSdvByRaceAvg          : num  0.06713 0.02489 -0.83522 -0.00727 0.81933 ...
 $ Jockey.LastTimeSdvByRaceAvg      : num  0.169 0.166 -0.137 -0.184 0.579 ...
 $ Jockey.FirstTimeSdvByRaceAvg     : num  -0.161 -0.184 -0.833 0.154 0.526 ...
 $ Jockey.TimeSdvAvg                : num  0.0695 -0.0251 -0.6349 0.0417 0.8201 ...
 $ Jockey.LastTimeSdvAvg            : num  0.1923 0.073 -0.106 0.0182 0.5785 ...
 $ Jockey.FirstTimeSdvAvg           : num  -0.0978 -0.1515 -0.7428 0.0393 0.5193 ...
 $ Jockey.OrderOfFinishSdvAvg       : num  0.2471 -0.067 -0.9143 -0.0698 0.7984 ...
 $ Jockey.RunCount                  : num  55 55 11 36 32 19 38 29 39 37 ...
 $ Jockey.HitCount1                 : num  2 4 0 3 5 0 6 3 6 2 ...
 $ Jockey.HitCount2                 : num  6 3 0 1 7 0 5 1 5 6 ...
 $ Jockey.HitCount3                 : num  5 2 0 4 3 1 7 1 7 0 ...
 $ Jockey.HitCount4                 : num  6 2 0 2 6 0 2 6 2 2 ...
 $ Jockey.HitCount5                 : num  5 7 0 2 1 2 1 0 2 3 ...
 $ Jockey.HitRate1                  : num  0.0364 0.0727 0 0.0833 0.1562 ...
 $ Jockey.HitRate2                  : num  0.1091 0.0545 0 0.0278 0.2188 ...
 $ Jockey.HitRate3                  : num  0.0909 0.0364 0 0.1111 0.0938 ...
 $ Jockey.HitRate4                  : num  0.1091 0.0364 0 0.0556 0.1875 ...
 $ Jockey.HitRate5                  : num  0.0909 0.1273 0 0.0556 0.0312 ...
 $ EOF                              : int  1 1 1 1 1 1 1 1 1 1 ...
[1] "2022-02-27 15:44:42 --- Predict InputDataSet Finish ---"
[1] "2022-02-27 15:44:42 --- rxPredict (glm) Start ---"
[1] "analyzeFunc=glm"
Rows Read: 8442, Total Rows Processed: 8442, Total Chunk Time: 0.001 seconds 
[1] "--------------------------------------------------------------------------------"
[1] "nrow(PredictDataSet) afte predict=8442"
[1] "--------------------------------------------------------------------------------"
[1] "str(PredictDataSet)"
'data.frame':	8442 obs. of  1 variable:
 $ RaceHorse.IsHitA_Pred: num  0.0615 0.0571 0.0149 0.0595 0.1877 ...
NULL
[1] "2022-02-27 15:44:42 --- rxPredict (glm) Finish ---"
[1] "2022-02-27 15:44:42 --- add key Start ---"
[1] "--------------------------------------------------------------------------------"
[1] "nrow(OutputDataSet) add KeyColmn=8442"
[1] "--------------------------------------------------------------------------------"
[1] "str(OutputDataSet) after add Key"
'data.frame':	8442 obs. of  2 variables:
 $ RaceHorse.RaceId  : Factor w/ 593 levels "20160117-07-01-02-06",..: 1 2 3 4 5 6 7 8 9 10 ...
 $ RaceHorse.KettoNum: Factor w/ 8419 levels "2013104157","2013102177",..: 1 2 3 4 5 6 7 8 9 10 ...
NULL
[1] "2022-02-27 15:44:42 --- add key Finish ---"
[1] "2022-02-27 15:44:42 --- add PredictValue Start ---"
[1] "str(PredictDataSet) before rename="
[1] "colnames(PredictDataSet)=RaceHorse.IsHitA_Pred"
[1] "str(PredictDataSet) after rename="
'data.frame':	8442 obs. of  1 variable:
 $ PredictValue: num  0.0615 0.0571 0.0149 0.0595 0.1877 ...
NULL
[1] "str(OutputDataSet) before cbind="
'data.frame':	8442 obs. of  2 variables:
 $ RaceHorse.RaceId  : Factor w/ 593 levels "20160117-07-01-02-06",..: 1 2 3 4 5 6 7 8 9 10 ...
 $ RaceHorse.KettoNum: Factor w/ 8419 levels "2013104157","2013102177",..: 1 2 3 4 5 6 7 8 9 10 ...
NULL
[1] "str(OutputDataSet) after cbind="
'data.frame':	8442 obs. of  3 variables:
 $ RaceHorse.RaceId  : Factor w/ 593 levels "20160117-07-01-02-06",..: 1 2 3 4 5 6 7 8 9 10 ...
 $ RaceHorse.KettoNum: Factor w/ 8419 levels "2013104157","2013102177",..: 1 2 3 4 5 6 7 8 9 10 ...
 $ PredictValue      : num  0.0615 0.0571 0.0149 0.0595 0.1877 ...
NULL
[1] "2022-02-27 15:44:42 --- add PredictValue Finish ---"
[1] "2022-02-27 15:44:42 --- final Start ---"
[1] "--------------------------------------------------------------------------------"
[1] "nrow(OutputDataSet) final=8442"
[1] "--------------------------------------------------------------------------------"
[1] "str(OutputDataSet)="
'data.frame':	8442 obs. of  3 variables:
 $ RaceHorse.RaceId  : Factor w/ 593 levels "20160117-07-01-02-06",..: 1 2 3 4 5 6 7 8 9 10 ...
 $ RaceHorse.KettoNum: Factor w/ 8419 levels "2013104157","2013102177",..: 1 2 3 4 5 6 7 8 9 10 ...
 $ PredictValue      : num  0.0615 0.0571 0.0149 0.0595 0.1877 ...
NULL
[1] "2022-02-27 15:44:42 --- final Finish ---"
[1] "2022-02-27 15:44:42 --- predict.R Finished ---"
[1] "2022-02-27 15:44:42 --- log Finish ---"
