[1] "2022-02-27 15:51:20 --- D1115_Predict_glm_Basic_IsHitA_Type21 Start ---"
[1] "2022-02-27 15:51:20 --- Log Start ---"
[1] "2022-02-27 15:51:20 --- predict.R Start ---"
[1] "--------------------------------------------------------------------------------"
[1] "analyzeVersion=D1115"
[1] "analyzeCategory=Predict"
[1] "analyzeType=Basic"
[1] "analyzeFamily=IsHitA"
[1] "analyzeFunc=glm"
[1] "analyzeTrackTypeCd=2"
[1] "analyzeJyokenCd=1"
[1] "--------------------------------------------------------------------------------"
[1] "2022-02-27 15:51:20 --- source_function.R Start ---"
[1] "2022-02-27 15:51:20 --- source_function.R Finished ---"
[1] "2022-02-27 15:51:20 --- source_library.R Start ---"
[1] "2022-02-27 15:51:20 --- source_library.R Finished ---"
[1] "2022-02-27 15:51:20 --- Load Start ---"
[1] "analyzeTrackTypeCd=2"
[1] "analyzeJyokenCd=1"
[1] "loadFilename=RData_Analyze_glm_Basic_Type21.RData"
[1] "2022-02-27 15:51:20 --- Load Finished ---"
[1] "2022-02-27 15:51:20 --- RxSqlServerData Start ---"
[1] "2022-02-27 15:51:20 --- RxInSqlServer Start ---"
[1] "2022-02-27 15:51:20 --- RxInSqlServer Finish ---"
[1] "2022-02-27 15:51:20 --- rxSetComputeContext Start ---"
[1] "2022-02-27 15:51:20 --- rxSetComputeContext Finish ---"
[1] "2022-02-27 15:51:20 --- RxSqlServerData Start ---"
[1] "analyzeTrackTypeCd=2"
[1] "analyzeJyokenCd=1"
[1] "predictSqlQuery=SELECT * FROM ViewAnalyzeD1115Predict01BasicType21"
[1] "2022-02-27 15:51:20 --- RxSqlServerData Finish ---"
[1] "2022-02-27 15:51:20 --- rxGetVarInfo Start ---"
[1] "2022-02-27 15:51:20 --- rxGetVarInfo Finish---"
[1] "2022-02-27 15:51:20 --- rxImport Start ---"
Rows Read: 5659, Total Rows Processed: 5659, Total Chunk Time: 1.886 seconds 
[1] "2022-02-27 15:51:24 --- rxImport Finish ---"
[1] "object.size(InputDataSet) auto=1.1 Mb"
[1] "--------------------------------------------------------------------------------"
[1] "nrow(InputDataSet) RxSqlServerData=5659"
[1] "--------------------------------------------------------------------------------"
[1] "str(InputDataSet)="
'data.frame':	5659 obs. of  28 variables:
 $ Race.RaceId                      : Factor w/ 382 levels "20160528-05-02-11-11",..: 1 1 1 1 1 1 1 1 1 1 ...
 $ Race.IsAnalyzeNormalPastAndFuture: logi  TRUE TRUE TRUE TRUE TRUE TRUE ...
 $ Race.IsAnalyzeNormalPast         : logi  TRUE TRUE TRUE TRUE TRUE TRUE ...
 $ Race.IsAnalyzeNormalFuture       : logi  FALSE FALSE FALSE FALSE FALSE FALSE ...
 $ Race.IsAnalyzeFullPastAndFuture  : logi  TRUE TRUE TRUE TRUE TRUE TRUE ...
 $ Race.IsAnalyzeFullPast           : logi  TRUE TRUE TRUE TRUE TRUE TRUE ...
 $ Race.IsAnalyzeFullFuture         : logi  FALSE FALSE FALSE FALSE FALSE FALSE ...
 $ Race.JyokenCd                    : Factor w/ 1 level "1": 1 1 1 1 1 1 1 1 1 1 ...
 $ Race.JyoType1Cd                  : Factor w/ 73 levels "2-05-1400-1-2",..: 1 1 1 1 1 1 1 1 1 1 ...
 $ Race.RaceType1Cd                 : Factor w/ 9 levels "2-1-E-1","2-1-E-2",..: 1 1 1 1 1 1 1 1 1 1 ...
 $ RaceHorse.RaceId                 : Factor w/ 382 levels "20160528-05-02-11-11",..: 1 1 1 1 1 1 1 1 1 1 ...
 $ RaceHorse.KettoNum               : Factor w/ 1194 levels "2010106467","2012110058",..: 1 2 3 4 5 6 7 8 9 10 ...
 $ RaceHorse.UmabanSdv              : num  -1.569 -1.345 -1.121 -0.897 -0.672 ...
 $ RaceHorse.BareiSdv               : num  0.289 -0.945 -0.328 -0.328 0.906 ...
 $ RaceHorse.BataijyuSdv            : num  -0.8973 0.0441 1.2207 -0.9757 -1.0541 ...
 $ RaceHorse.FutanSdv               : num  0.301 0.301 0.301 0.301 0.301 ...
 $ RaceHorse.LifetimeSdv            : num  0.264 -1.025 -0.374 -0.362 0.939 ...
 $ RaceHorse.FutanRatioSdv          : num  0.7812 0.0775 -0.7118 0.8431 0.9055 ...
 $ DataMining.DmTimeSdv             : num  0.196 0.323 0.499 0.978 -0.363 ...
 $ DataMiningTaisen.TmScoreSdv      : num  -0.275 0.896 0.485 0.401 -0.693 ...
 $ OddsByWin.Odds1                  : num  38 20.5 5.5 8.3 137.7 ...
 $ OddsByWin.Ninki                  : num  9 7 3 5 12 14 16 4 2 1 ...
 $ OddsByWin.OddsLog1               : num  3.66 3.07 1.87 2.23 4.93 ...
 $ OddsByWin.OddsRatio1             : num  0.02703 0.05128 0.22222 0.13699 0.00732 ...
 $ OddsByWin.OddsLogit1             : num  -3.64 -3.02 -1.7 -2.12 -4.93 ...
 $ OddsByWin.ApprovalRate1          : num  0.02632 0.04878 0.18182 0.12048 0.00726 ...
 $ OddsByWin.ApprovalRateLog1       : num  0.02598 0.04763 0.16705 0.11376 0.00724 ...
 $ EOF                              : int  1 1 1 1 1 1 1 1 1 1 ...
[1] "2022-02-27 15:51:24 --- RxSqlServerData Finish ---"
[1] "2022-02-27 15:51:24 --- subset Start ---"
[1] "--------------------------------------------------------------------------------"
[1] "nrow(InputDataSet) subset before=5659"
[1] "nrow(InputDataSet) subset after=5659"
[1] "nrow(InputDataSet) subset diff=0"
[1] "--------------------------------------------------------------------------------"
[1] "class(InputDataSet$Race.IsAnalyzeNormalPast)=logical"
[1] "class(InputDataSet$Race.analyzeTrackTypeCd)=NULL"
[1] "2022-02-27 15:51:24 --- subset Finish ---"
[1] "2022-02-27 15:51:24 --- na.omit Start ---"
[1] "--------------------------------------------------------------------------------"
[1] "nrow(InputDataSet) na.omit before=5659"
[1] "nrow(InputDataSet) na.omit after=5639"
[1] "nrow(InputDataSet) na.omit diff=20"
[1] "--------------------------------------------------------------------------------"
[1] "2022-02-27 15:51:24 --- na.omit Finish---"
[1] "2022-02-27 15:51:24 --- New Levels Start ---"
[1] "levels(data$Race.RaceType1Cd)=2-1-E-1"
[2] "levels(data$Race.RaceType1Cd)=2-1-E-2"
[3] "levels(data$Race.RaceType1Cd)=2-1-C-2"
[4] "levels(data$Race.RaceType1Cd)=2-1-A-1"
[5] "levels(data$Race.RaceType1Cd)=2-1-C-1"
[6] "levels(data$Race.RaceType1Cd)=2-1-B-2"
[7] "levels(data$Race.RaceType1Cd)=2-1-A-2"
[8] "levels(data$Race.RaceType1Cd)=2-1-L-2"
[9] "levels(data$Race.RaceType1Cd)=2-1-L-1"
[1] "levels(InputDataSet$Race.RaceType1Cd)=2-1-E-1"
[2] "levels(InputDataSet$Race.RaceType1Cd)=2-1-E-2"
[3] "levels(InputDataSet$Race.RaceType1Cd)=2-1-C-2"
[4] "levels(InputDataSet$Race.RaceType1Cd)=2-1-A-1"
[5] "levels(InputDataSet$Race.RaceType1Cd)=2-1-C-1"
[6] "levels(InputDataSet$Race.RaceType1Cd)=2-1-B-2"
[7] "levels(InputDataSet$Race.RaceType1Cd)=2-1-A-2"
[8] "levels(InputDataSet$Race.RaceType1Cd)=2-1-L-2"
[9] "levels(InputDataSet$Race.RaceType1Cd)=2-1-L-1"
[1] "length(Race.RaceType1Cd.Index)=0"
[1] "2022-02-27 15:51:24 --- New Levels Finish ---"
[1] "2022-02-27 15:51:24 --- na.omit Start ---"
[1] "--------------------------------------------------------------------------------"
[1] "nrow(InputDataSet) na.omit levels before=5639"
[1] "nrow(InputDataSet) na.omit levels after=5639"
[1] "nrow(InputDataSet) na.omit levels diff=0"
[1] "--------------------------------------------------------------------------------"
[1] "2022-02-27 15:51:24 --- na.omit Finish ---"
[1] "2022-02-27 15:51:24 --- Predict InputDataSet Start ---"
[1] "--------------------------------------------------------------------------------"
[1] "nrow(InputDataSet) predict=5639"
[1] "--------------------------------------------------------------------------------"
[1] "str(InputDataSet)="
'data.frame':	5639 obs. of  28 variables:
 $ Race.RaceId                      : Factor w/ 382 levels "20160528-05-02-11-11",..: 1 1 1 1 1 1 1 1 1 1 ...
 $ Race.IsAnalyzeNormalPastAndFuture: logi  TRUE TRUE TRUE TRUE TRUE TRUE ...
 $ Race.IsAnalyzeNormalPast         : logi  TRUE TRUE TRUE TRUE TRUE TRUE ...
 $ Race.IsAnalyzeNormalFuture       : logi  FALSE FALSE FALSE FALSE FALSE FALSE ...
 $ Race.IsAnalyzeFullPastAndFuture  : logi  TRUE TRUE TRUE TRUE TRUE TRUE ...
 $ Race.IsAnalyzeFullPast           : logi  TRUE TRUE TRUE TRUE TRUE TRUE ...
 $ Race.IsAnalyzeFullFuture         : logi  FALSE FALSE FALSE FALSE FALSE FALSE ...
 $ Race.JyokenCd                    : Factor w/ 1 level "1": 1 1 1 1 1 1 1 1 1 1 ...
 $ Race.JyoType1Cd                  : Factor w/ 73 levels "2-05-1400-1-2",..: 1 1 1 1 1 1 1 1 1 1 ...
 $ Race.RaceType1Cd                 : Factor w/ 9 levels "2-1-E-1","2-1-E-2",..: 1 1 1 1 1 1 1 1 1 1 ...
 $ RaceHorse.RaceId                 : Factor w/ 382 levels "20160528-05-02-11-11",..: 1 1 1 1 1 1 1 1 1 1 ...
 $ RaceHorse.KettoNum               : Factor w/ 1194 levels "2010106467","2012110058",..: 1 2 3 4 5 6 7 8 9 10 ...
 $ RaceHorse.UmabanSdv              : num  -1.569 -1.345 -1.121 -0.897 -0.672 ...
 $ RaceHorse.BareiSdv               : num  0.289 -0.945 -0.328 -0.328 0.906 ...
 $ RaceHorse.BataijyuSdv            : num  -0.8973 0.0441 1.2207 -0.9757 -1.0541 ...
 $ RaceHorse.FutanSdv               : num  0.301 0.301 0.301 0.301 0.301 ...
 $ RaceHorse.LifetimeSdv            : num  0.264 -1.025 -0.374 -0.362 0.939 ...
 $ RaceHorse.FutanRatioSdv          : num  0.7812 0.0775 -0.7118 0.8431 0.9055 ...
 $ DataMining.DmTimeSdv             : num  0.196 0.323 0.499 0.978 -0.363 ...
 $ DataMiningTaisen.TmScoreSdv      : num  -0.275 0.896 0.485 0.401 -0.693 ...
 $ OddsByWin.Odds1                  : num  38 20.5 5.5 8.3 137.7 ...
 $ OddsByWin.Ninki                  : num  9 7 3 5 12 14 16 4 2 1 ...
 $ OddsByWin.OddsLog1               : num  3.66 3.07 1.87 2.23 4.93 ...
 $ OddsByWin.OddsRatio1             : num  0.02703 0.05128 0.22222 0.13699 0.00732 ...
 $ OddsByWin.OddsLogit1             : num  -3.64 -3.02 -1.7 -2.12 -4.93 ...
 $ OddsByWin.ApprovalRate1          : num  0.02632 0.04878 0.18182 0.12048 0.00726 ...
 $ OddsByWin.ApprovalRateLog1       : num  0.02598 0.04763 0.16705 0.11376 0.00724 ...
 $ EOF                              : int  1 1 1 1 1 1 1 1 1 1 ...
 - attr(*, "na.action")= 'omit' Named int  420 1037 1182 1291 1309 1373 1444 1446 1722 2054 ...
  ..- attr(*, "names")= chr  "420" "1037" "1182" "1291" ...
[1] "2022-02-27 15:51:24 --- Predict InputDataSet Finish ---"
[1] "2022-02-27 15:51:24 --- rxPredict (glm) Start ---"
[1] "analyzeFunc=glm"
Rows Read: 5639, Total Rows Processed: 5639, Total Chunk Time: Less than .001 seconds 
[1] "--------------------------------------------------------------------------------"
[1] "nrow(PredictDataSet) afte predict=5639"
[1] "--------------------------------------------------------------------------------"
[1] "str(PredictDataSet)"
'data.frame':	5639 obs. of  1 variable:
 $ RaceHorse.IsHitA_Pred: num  0.01417 0.03975 0.17348 0.09328 0.00241 ...
NULL
[1] "2022-02-27 15:51:24 --- rxPredict (glm) Finish ---"
[1] "2022-02-27 15:51:24 --- add key Start ---"
[1] "--------------------------------------------------------------------------------"
[1] "nrow(OutputDataSet) add KeyColmn=5639"
[1] "--------------------------------------------------------------------------------"
[1] "str(OutputDataSet) after add Key"
'data.frame':	5639 obs. of  2 variables:
 $ RaceHorse.RaceId  : Factor w/ 382 levels "20160528-05-02-11-11",..: 1 1 1 1 1 1 1 1 1 1 ...
 $ RaceHorse.KettoNum: Factor w/ 1194 levels "2010106467","2012110058",..: 1 2 3 4 5 6 7 8 9 10 ...
NULL
[1] "2022-02-27 15:51:24 --- add key Finish ---"
[1] "2022-02-27 15:51:24 --- add PredictValue Start ---"
[1] "str(PredictDataSet) before rename="
[1] "colnames(PredictDataSet)=RaceHorse.IsHitA_Pred"
[1] "str(PredictDataSet) after rename="
'data.frame':	5639 obs. of  1 variable:
 $ PredictValue: num  0.01417 0.03975 0.17348 0.09328 0.00241 ...
NULL
[1] "str(OutputDataSet) before cbind="
'data.frame':	5639 obs. of  2 variables:
 $ RaceHorse.RaceId  : Factor w/ 382 levels "20160528-05-02-11-11",..: 1 1 1 1 1 1 1 1 1 1 ...
 $ RaceHorse.KettoNum: Factor w/ 1194 levels "2010106467","2012110058",..: 1 2 3 4 5 6 7 8 9 10 ...
NULL
[1] "str(OutputDataSet) after cbind="
'data.frame':	5639 obs. of  3 variables:
 $ RaceHorse.RaceId  : Factor w/ 382 levels "20160528-05-02-11-11",..: 1 1 1 1 1 1 1 1 1 1 ...
 $ RaceHorse.KettoNum: Factor w/ 1194 levels "2010106467","2012110058",..: 1 2 3 4 5 6 7 8 9 10 ...
 $ PredictValue      : num  0.01417 0.03975 0.17348 0.09328 0.00241 ...
NULL
[1] "2022-02-27 15:51:24 --- add PredictValue Finish ---"
[1] "2022-02-27 15:51:24 --- final Start ---"
[1] "--------------------------------------------------------------------------------"
[1] "nrow(OutputDataSet) final=5639"
[1] "--------------------------------------------------------------------------------"
[1] "str(OutputDataSet)="
'data.frame':	5639 obs. of  3 variables:
 $ RaceHorse.RaceId  : Factor w/ 382 levels "20160528-05-02-11-11",..: 1 1 1 1 1 1 1 1 1 1 ...
 $ RaceHorse.KettoNum: Factor w/ 1194 levels "2010106467","2012110058",..: 1 2 3 4 5 6 7 8 9 10 ...
 $ PredictValue      : num  0.01417 0.03975 0.17348 0.09328 0.00241 ...
NULL
[1] "2022-02-27 15:51:24 --- final Finish ---"
[1] "2022-02-27 15:51:24 --- predict.R Finished ---"
[1] "2022-02-27 15:51:24 --- log Finish ---"
