[1] "2022-02-28 00:38:22 --- D1115_analyze_glm_Horse_IsHitA_Type13 Start ---"
[1] "2022-02-28 00:38:22 --- Log Start ---"
[1] "2022-02-28 00:38:22 --- analyze_glm.R Start ---"
[1] "analyzeVersion=D1115"
[1] "analyzeCategory=analyze"
[1] "analyzeType=Horse"
[1] "analyzeFamily=IsHitA"
[1] "analyzeFunc=glm"
[1] "analyzeTrackTypeCd=1"
[1] "analyzeJyokenCd=3"
[1] "2022-02-28 00:38:22 --- source_function.R Start ---"
[1] "2022-02-28 00:38:22 --- source_function.R Finished ---"

> print(paste0(Sys.time(), " --- source_library.R Start ---"))
[1] "2022-02-28 00:38:22 --- source_library.R Start ---"

> require("RevoScaleR")

> print(paste0(Sys.time(), " --- source_library.R Finished ---"))
[1] "2022-02-28 00:38:23 --- source_library.R Finished ---"
[1] "2022-02-28 00:38:23 --- RxSqlServerData Start ---"
[1] "2022-02-28 00:38:23 --- RxInSqlServer Start ---"
[1] "2022-02-28 00:38:23 --- RxInSqlServer Finish ---"
[1] "2022-02-28 00:38:23 --- rxSetComputeContext Start ---"
[1] "2022-02-28 00:38:23 --- rxSetComputeContext Finish ---"
[1] "2022-02-28 00:38:23 --- RxSqlServerData Start ---"
[1] "sqlQuery=SELECT * FROM ViewAnalyzeD1115analyze01HorseType13"
[1] "2022-02-28 00:38:23 --- RxSqlServerData Finish ---"
[1] "2022-02-28 00:38:23 --- rxGetVarInfo Start ---"
[1] "2022-02-28 00:38:24 --- rxGetVarInfo Finish---"
[1] "2022-02-28 00:38:24 --- rxImport Start ---"
Rows Read: 14902, Total Rows Processed: 14902, Total Chunk Time: 5.464 seconds 
[1] "2022-02-28 00:38:33 --- rxImport Finish ---"
[1] "object.size(data) auto=5.4 Mb"
[1] "--------------------------------------------------------------------------------"
[1] "nrow(data) RxSqlServerData=14902"
[1] "--------------------------------------------------------------------------------"
[1] "str(data)="
'data.frame':	14902 obs. of  49 variables:
 $ Race.RaceId                      : Factor w/ 1192 levels "20160109-08-01-02-12",..: 1 2 3 3 3 3 4 5 5 5 ...
 $ Race.IsAnalyzeNormalPastAndFuture: logi  TRUE TRUE TRUE TRUE TRUE TRUE ...
 $ Race.IsAnalyzeNormalPast         : logi  TRUE TRUE TRUE TRUE TRUE TRUE ...
 $ Race.IsAnalyzeNormalFuture       : logi  FALSE FALSE FALSE FALSE FALSE FALSE ...
 $ Race.IsAnalyzeFullPastAndFuture  : logi  TRUE TRUE TRUE TRUE TRUE TRUE ...
 $ Race.IsAnalyzeFullPast           : logi  TRUE TRUE TRUE TRUE TRUE TRUE ...
 $ Race.IsAnalyzeFullFuture         : logi  FALSE FALSE FALSE FALSE FALSE FALSE ...
 $ Race.JyokenCd                    : Factor w/ 1 level "3": 1 1 1 1 1 1 1 1 1 1 ...
 $ Race.JyoType1Cd                  : Factor w/ 154 levels "1-08-1400-3-1",..: 1 2 3 3 3 3 4 5 5 5 ...
 $ Race.RaceType1Cd                 : Factor w/ 6 levels "1-3-X-1","1-3-E-2",..: 1 1 2 2 2 2 3 3 3 3 ...
 $ RaceHorse.RaceId                 : Factor w/ 1192 levels "20160109-08-01-02-12",..: 1 2 3 3 3 3 4 5 5 5 ...
 $ RaceHorse.KettoNum               : Factor w/ 3006 levels "2012103158","2012101890",..: 1 2 3 4 5 6 7 8 9 10 ...
 $ RaceHorse.IsHit1                 : num  0 0 0 0 0 0 0 0 0 0 ...
 $ RaceHorse.IsHit2                 : num  0 0 0 0 0 0 0 0 0 0 ...
 $ RaceHorse.IsHit3                 : num  0 0 0 0 0 0 0 0 0 0 ...
 $ RaceHorse.IsHit4                 : num  0 0 0 0 0 0 0 0 0 0 ...
 $ RaceHorse.IsHit5                 : num  0 0 0 0 0 0 0 0 0 0 ...
 $ RaceHorse.IsHit6                 : num  1 1 1 1 1 1 1 1 1 1 ...
 $ RaceHorse.IsValidRaceHorse       : logi  TRUE TRUE TRUE TRUE TRUE TRUE ...
 $ RaceHorse.TimeSdvByRace          : num  -2.448 -0.783 -0.5046 -0.2671 -0.0297 ...
 $ RaceHorse.LastTimeSdvByRace      : num  -2.221 -0.103 -0.506 0.978 0.169 ...
 $ RaceHorse.FirstTimeSdvByRace     : num  1.287 -0.302 0.393 -2.025 -0.332 ...
 $ RaceHorse.TimeSdv                : num  -0.5253 0.3964 0.0548 0.1322 0.2095 ...
 $ RaceHorse.LastTimeSdv            : num  -2.167 0.512 -0.976 0.111 -0.482 ...
 $ RaceHorse.FirstTimeSdv           : num  1.3711 -0.1987 0.801 0.0442 0.574 ...
 $ RaceHorse.OrderOfFinishSdv       : num  -1.935 -1.241 -1.435 -0.906 -0.641 ...
 $ RaceHorse.IsHitA                 : num  0 0 0 0 0 0 0 0 0 0 ...
 $ RaceHorse.IsHitB                 : num  0 0 0 0 0 0 0 0 0 0 ...
 $ RaceHorse.IsHitC                 : num  0 0 0 0 0 0 0 0 0 0 ...
 $ Horse.KettoNum                   : Factor w/ 3006 levels "2012103158","2012101890",..: 1 2 3 4 5 6 7 8 9 10 ...
 $ Horse.TimeSdvByRaceAvg           : num  0.148 0.634 0.616 0.663 0.532 ...
 $ Horse.LastTimeSdvByRaceAvg       : num  0.145 0.109 0.462 0.765 0.494 ...
 $ Horse.FirstTimeSdvByRaceAvg      : num  -0.0249 0.8157 0.28 -0.3661 0.0834 ...
 $ Horse.TimeSdvAvg                 : num  -0.0564 0.4137 0.1274 0.6626 0.4439 ...
 $ Horse.LastTimeSdvAvg             : num  -0.0254 0.1191 0.2819 0.6927 0.5833 ...
 $ Horse.FirstTimeSdvAvg            : num  -0.0543 0.3548 -0.1774 0.1143 -0.0422 ...
 $ Horse.OrderOfFinishSdvAvg        : num  0.00167 0.58175 0.56248 0.48123 0.63704 ...
 $ Horse.RunCount                   : num  7 20 16 11 9 12 17 11 6 10 ...
 $ Horse.HitCount1                  : num  1 2 2 2 2 2 2 2 2 2 ...
 $ Horse.HitCount2                  : num  2 4 0 1 0 2 2 1 1 3 ...
 $ Horse.HitCount3                  : num  0 1 5 0 1 2 4 1 1 0 ...
 $ Horse.HitCount4                  : num  0 5 2 2 2 0 2 0 0 1 ...
 $ Horse.HitCount5                  : num  0 0 2 0 1 1 1 2 0 0 ...
 $ Horse.HitRate1                   : num  0.143 0.1 0.125 0.182 0.222 ...
 $ Horse.HitRate2                   : num  0.2857 0.2 0 0.0909 0 ...
 $ Horse.HitRate3                   : num  0 0.05 0.312 0 0.111 ...
 $ Horse.HitRate4                   : num  0 0.25 0.125 0.182 0.222 ...
 $ Horse.HitRate5                   : num  0 0 0.125 0 0.111 ...
 $ EOF                              : int  1 1 1 1 1 1 1 1 1 1 ...
[1] "2022-02-28 00:38:35 --- RxSqlServerData Finish ---"
[1] "2022-02-28 00:38:35 --- subset Start ---"
[1] "--------------------------------------------------------------------------------"
[1] "nrow(data) subset before=14902"
[1] "nrow(data) subset after =14902"
[1] "nrow(data) subset diff =0"
[1] "--------------------------------------------------------------------------------"
[1] "2022-02-28 00:38:35 --- subset Finish---"
[1] "2022-02-28 00:38:35 --- transform Start ---"
[1] "--------------------------------------------------------------------------------"
[1] "nrow(data) transform before=14902"
[1] "nrow(data) transform after=14902"
[1] "nrow(data) transform diff=0"
[1] "--------------------------------------------------------------------------------"
[1] "str(data)="
'data.frame':	14902 obs. of  49 variables:
 $ Race.RaceId                      : Factor w/ 1192 levels "20160109-08-01-02-12",..: 1 2 3 3 3 3 4 5 5 5 ...
 $ Race.IsAnalyzeNormalPastAndFuture: logi  TRUE TRUE TRUE TRUE TRUE TRUE ...
 $ Race.IsAnalyzeNormalPast         : logi  TRUE TRUE TRUE TRUE TRUE TRUE ...
 $ Race.IsAnalyzeNormalFuture       : logi  FALSE FALSE FALSE FALSE FALSE FALSE ...
 $ Race.IsAnalyzeFullPastAndFuture  : logi  TRUE TRUE TRUE TRUE TRUE TRUE ...
 $ Race.IsAnalyzeFullPast           : logi  TRUE TRUE TRUE TRUE TRUE TRUE ...
 $ Race.IsAnalyzeFullFuture         : logi  FALSE FALSE FALSE FALSE FALSE FALSE ...
 $ Race.JyokenCd                    : Factor w/ 1 level "3": 1 1 1 1 1 1 1 1 1 1 ...
 $ Race.JyoType1Cd                  : Factor w/ 154 levels "1-08-1400-3-1",..: 1 2 3 3 3 3 4 5 5 5 ...
 $ Race.RaceType1Cd                 : Factor w/ 6 levels "1-3-X-1","1-3-E-2",..: 1 1 2 2 2 2 3 3 3 3 ...
 $ RaceHorse.RaceId                 : Factor w/ 1192 levels "20160109-08-01-02-12",..: 1 2 3 3 3 3 4 5 5 5 ...
 $ RaceHorse.KettoNum               : Factor w/ 3006 levels "2012103158","2012101890",..: 1 2 3 4 5 6 7 8 9 10 ...
 $ RaceHorse.IsHit1                 : num  0 0 0 0 0 0 0 0 0 0 ...
 $ RaceHorse.IsHit2                 : num  0 0 0 0 0 0 0 0 0 0 ...
 $ RaceHorse.IsHit3                 : num  0 0 0 0 0 0 0 0 0 0 ...
 $ RaceHorse.IsHit4                 : num  0 0 0 0 0 0 0 0 0 0 ...
 $ RaceHorse.IsHit5                 : num  0 0 0 0 0 0 0 0 0 0 ...
 $ RaceHorse.IsHit6                 : num  1 1 1 1 1 1 1 1 1 1 ...
 $ RaceHorse.IsValidRaceHorse       : logi  TRUE TRUE TRUE TRUE TRUE TRUE ...
 $ RaceHorse.TimeSdvByRace          : num  -2.448 -0.783 -0.5046 -0.2671 -0.0297 ...
 $ RaceHorse.LastTimeSdvByRace      : num  -2.221 -0.103 -0.506 0.978 0.169 ...
 $ RaceHorse.FirstTimeSdvByRace     : num  1.287 -0.302 0.393 -2.025 -0.332 ...
 $ RaceHorse.TimeSdv                : num  -0.5253 0.3964 0.0548 0.1322 0.2095 ...
 $ RaceHorse.LastTimeSdv            : num  -2.167 0.512 -0.976 0.111 -0.482 ...
 $ RaceHorse.FirstTimeSdv           : num  1.3711 -0.1987 0.801 0.0442 0.574 ...
 $ RaceHorse.OrderOfFinishSdv       : num  -1.935 -1.241 -1.435 -0.906 -0.641 ...
 $ RaceHorse.IsHitA                 : num  0 0 0 0 0 0 0 0 0 0 ...
 $ RaceHorse.IsHitB                 : num  0 0 0 0 0 0 0 0 0 0 ...
 $ RaceHorse.IsHitC                 : num  0 0 0 0 0 0 0 0 0 0 ...
 $ Horse.KettoNum                   : Factor w/ 3006 levels "2012103158","2012101890",..: 1 2 3 4 5 6 7 8 9 10 ...
 $ Horse.TimeSdvByRaceAvg           : num  0.148 0.634 0.616 0.663 0.532 ...
 $ Horse.LastTimeSdvByRaceAvg       : num  0.145 0.109 0.462 0.765 0.494 ...
 $ Horse.FirstTimeSdvByRaceAvg      : num  -0.0249 0.8157 0.28 -0.3661 0.0834 ...
 $ Horse.TimeSdvAvg                 : num  -0.0564 0.4137 0.1274 0.6626 0.4439 ...
 $ Horse.LastTimeSdvAvg             : num  -0.0254 0.1191 0.2819 0.6927 0.5833 ...
 $ Horse.FirstTimeSdvAvg            : num  -0.0543 0.3548 -0.1774 0.1143 -0.0422 ...
 $ Horse.OrderOfFinishSdvAvg        : num  0.00167 0.58175 0.56248 0.48123 0.63704 ...
 $ Horse.RunCount                   : num  7 20 16 11 9 12 17 11 6 10 ...
 $ Horse.HitCount1                  : num  1 2 2 2 2 2 2 2 2 2 ...
 $ Horse.HitCount2                  : num  2 4 0 1 0 2 2 1 1 3 ...
 $ Horse.HitCount3                  : num  0 1 5 0 1 2 4 1 1 0 ...
 $ Horse.HitCount4                  : num  0 5 2 2 2 0 2 0 0 1 ...
 $ Horse.HitCount5                  : num  0 0 2 0 1 1 1 2 0 0 ...
 $ Horse.HitRate1                   : num  0.143 0.1 0.125 0.182 0.222 ...
 $ Horse.HitRate2                   : num  0.2857 0.2 0 0.0909 0 ...
 $ Horse.HitRate3                   : num  0 0.05 0.312 0 0.111 ...
 $ Horse.HitRate4                   : num  0 0.25 0.125 0.182 0.222 ...
 $ Horse.HitRate5                   : num  0 0 0.125 0 0.111 ...
 $ EOF                              : int  1 1 1 1 1 1 1 1 1 1 ...
NULL
[1] "2022-02-28 00:38:38 --- transform Finish ---"
[1] "2022-02-28 00:38:38 --- na.omit Start ---"
[1] "--------------------------------------------------------------------------------"
[1] "nrow(data) na.omit before=14902"
[1] "nrow(data) na.omit after =14830"
[1] "nrow(data) na.omit diff =72"
[1] "--------------------------------------------------------------------------------"
'data.frame':	14830 obs. of  49 variables:
 $ Race.RaceId                      : Factor w/ 1192 levels "20160109-08-01-02-12",..: 1 2 3 3 3 3 4 5 5 5 ...
 $ Race.IsAnalyzeNormalPastAndFuture: logi  TRUE TRUE TRUE TRUE TRUE TRUE ...
 $ Race.IsAnalyzeNormalPast         : logi  TRUE TRUE TRUE TRUE TRUE TRUE ...
 $ Race.IsAnalyzeNormalFuture       : logi  FALSE FALSE FALSE FALSE FALSE FALSE ...
 $ Race.IsAnalyzeFullPastAndFuture  : logi  TRUE TRUE TRUE TRUE TRUE TRUE ...
 $ Race.IsAnalyzeFullPast           : logi  TRUE TRUE TRUE TRUE TRUE TRUE ...
 $ Race.IsAnalyzeFullFuture         : logi  FALSE FALSE FALSE FALSE FALSE FALSE ...
 $ Race.JyokenCd                    : Factor w/ 1 level "3": 1 1 1 1 1 1 1 1 1 1 ...
 $ Race.JyoType1Cd                  : Factor w/ 154 levels "1-08-1400-3-1",..: 1 2 3 3 3 3 4 5 5 5 ...
 $ Race.RaceType1Cd                 : Factor w/ 6 levels "1-3-X-1","1-3-E-2",..: 1 1 2 2 2 2 3 3 3 3 ...
 $ RaceHorse.RaceId                 : Factor w/ 1192 levels "20160109-08-01-02-12",..: 1 2 3 3 3 3 4 5 5 5 ...
 $ RaceHorse.KettoNum               : Factor w/ 3006 levels "2012103158","2012101890",..: 1 2 3 4 5 6 7 8 9 10 ...
 $ RaceHorse.IsHit1                 : num  0 0 0 0 0 0 0 0 0 0 ...
 $ RaceHorse.IsHit2                 : num  0 0 0 0 0 0 0 0 0 0 ...
 $ RaceHorse.IsHit3                 : num  0 0 0 0 0 0 0 0 0 0 ...
 $ RaceHorse.IsHit4                 : num  0 0 0 0 0 0 0 0 0 0 ...
 $ RaceHorse.IsHit5                 : num  0 0 0 0 0 0 0 0 0 0 ...
 $ RaceHorse.IsHit6                 : num  1 1 1 1 1 1 1 1 1 1 ...
 $ RaceHorse.IsValidRaceHorse       : logi  TRUE TRUE TRUE TRUE TRUE TRUE ...
 $ RaceHorse.TimeSdvByRace          : num  -2.448 -0.783 -0.5046 -0.2671 -0.0297 ...
 $ RaceHorse.LastTimeSdvByRace      : num  -2.221 -0.103 -0.506 0.978 0.169 ...
 $ RaceHorse.FirstTimeSdvByRace     : num  1.287 -0.302 0.393 -2.025 -0.332 ...
 $ RaceHorse.TimeSdv                : num  -0.5253 0.3964 0.0548 0.1322 0.2095 ...
 $ RaceHorse.LastTimeSdv            : num  -2.167 0.512 -0.976 0.111 -0.482 ...
 $ RaceHorse.FirstTimeSdv           : num  1.3711 -0.1987 0.801 0.0442 0.574 ...
 $ RaceHorse.OrderOfFinishSdv       : num  -1.935 -1.241 -1.435 -0.906 -0.641 ...
 $ RaceHorse.IsHitA                 : num  0 0 0 0 0 0 0 0 0 0 ...
 $ RaceHorse.IsHitB                 : num  0 0 0 0 0 0 0 0 0 0 ...
 $ RaceHorse.IsHitC                 : num  0 0 0 0 0 0 0 0 0 0 ...
 $ Horse.KettoNum                   : Factor w/ 3006 levels "2012103158","2012101890",..: 1 2 3 4 5 6 7 8 9 10 ...
 $ Horse.TimeSdvByRaceAvg           : num  0.148 0.634 0.616 0.663 0.532 ...
 $ Horse.LastTimeSdvByRaceAvg       : num  0.145 0.109 0.462 0.765 0.494 ...
 $ Horse.FirstTimeSdvByRaceAvg      : num  -0.0249 0.8157 0.28 -0.3661 0.0834 ...
 $ Horse.TimeSdvAvg                 : num  -0.0564 0.4137 0.1274 0.6626 0.4439 ...
 $ Horse.LastTimeSdvAvg             : num  -0.0254 0.1191 0.2819 0.6927 0.5833 ...
 $ Horse.FirstTimeSdvAvg            : num  -0.0543 0.3548 -0.1774 0.1143 -0.0422 ...
 $ Horse.OrderOfFinishSdvAvg        : num  0.00167 0.58175 0.56248 0.48123 0.63704 ...
 $ Horse.RunCount                   : num  7 20 16 11 9 12 17 11 6 10 ...
 $ Horse.HitCount1                  : num  1 2 2 2 2 2 2 2 2 2 ...
 $ Horse.HitCount2                  : num  2 4 0 1 0 2 2 1 1 3 ...
 $ Horse.HitCount3                  : num  0 1 5 0 1 2 4 1 1 0 ...
 $ Horse.HitCount4                  : num  0 5 2 2 2 0 2 0 0 1 ...
 $ Horse.HitCount5                  : num  0 0 2 0 1 1 1 2 0 0 ...
 $ Horse.HitRate1                   : num  0.143 0.1 0.125 0.182 0.222 ...
 $ Horse.HitRate2                   : num  0.2857 0.2 0 0.0909 0 ...
 $ Horse.HitRate3                   : num  0 0.05 0.312 0 0.111 ...
 $ Horse.HitRate4                   : num  0 0.25 0.125 0.182 0.222 ...
 $ Horse.HitRate5                   : num  0 0 0.125 0 0.111 ...
 $ EOF                              : int  1 1 1 1 1 1 1 1 1 1 ...
 - attr(*, "na.action")= 'omit' Named int  3104 3105 3106 3107 3108 3109 3110 3111 3112 3113 ...
  ..- attr(*, "names")= chr  "3104" "3105" "3106" "3107" ...
[1] "2022-02-28 00:38:39 --- na.omit Finish ---"
[1] "2022-02-28 00:38:40 --- rxGlm with rxStepControl Start ---"

> print(paste0(Sys.time(), " --- source_logic_glm.R Start ---"))
[1] "2022-02-28 00:38:40 --- source_logic_glm.R Start ---"

> formula <- formula(RaceHorse.IsHitA ~ +1 + Horse.TimeSdvByRaceAvg + 
+     Horse.LastTimeSdvByRaceAvg + Horse.FirstTimeSdvByRaceAvg + 
+     Horse.TimeSdvAvg + Horse.LastTimeSdvAvg + Horse.FirstTimeSdvAvg)

> print(paste0(Sys.time(), " --- source_logic_glm.R Finished ---"))
[1] "2022-02-28 00:38:40 --- source_logic_glm.R Finished ---"
Rows Read: 14830, Total Rows Processed: 14830, Total Chunk Time: 0.002 seconds 

Starting values (iteration 1) time: 0.014 secs.
Rows Read: 14830, Total Rows Processed: 14830, Total Chunk Time: 0.003 seconds 

Iteration 2 time: 0.026 secs.
Rows Read: 14830, Total Rows Processed: 14830, Total Chunk Time: 0.002 seconds 

Iteration 3 time: 0.026 secs.
Rows Read: 14830, Total Rows Processed: 14830, Total Chunk Time: 0.002 seconds 

Iteration 4 time: 0.023 secs.
Rows Read: 14830, Total Rows Processed: 14830, Total Chunk Time: 0.004 seconds 

Iteration 5 time: 0.022 secs.

Elapsed computation time: 0.219 secs.
Rows Read: 14830, Total Rows Processed: 14830, Total Chunk Time: 0.002 seconds 

Starting values (iteration 1) time: 0.024 secs.
Rows Read: 14830, Total Rows Processed: 14830, Total Chunk Time: 0.003 seconds 

Iteration 2 time: 0.029 secs.
Rows Read: 14830, Total Rows Processed: 14830, Total Chunk Time: 0.003 seconds 

Iteration 3 time: 0.042 secs.
Rows Read: 14830, Total Rows Processed: 14830, Total Chunk Time: 0.002 seconds 

Iteration 4 time: 0.027 secs.
Rows Read: 14830, Total Rows Processed: 14830, Total Chunk Time: 0.003 seconds 

Iteration 5 time: 0.046 secs.

Elapsed computation time: 0.327 secs.
Rows Read: 14830, Total Rows Processed: 14830, Total Chunk Time: 0.001 seconds 

Starting values (iteration 1) time: 0.024 secs.
Rows Read: 14830, Total Rows Processed: 14830, Total Chunk Time: 0.002 seconds 

Iteration 2 time: 0.025 secs.
Rows Read: 14830, Total Rows Processed: 14830, Total Chunk Time: 0.003 seconds 

Iteration 3 time: 0.030 secs.
Rows Read: 14830, Total Rows Processed: 14830, Total Chunk Time: 0.002 seconds 

Iteration 4 time: 0.025 secs.
Rows Read: 14830, Total Rows Processed: 14830, Total Chunk Time: 0.003 seconds 

Iteration 5 time: 0.020 secs.

Elapsed computation time: 0.264 secs.
Rows Read: 14830, Total Rows Processed: 14830, Total Chunk Time: 0.002 seconds 

Starting values (iteration 1) time: 0.023 secs.
Rows Read: 14830, Total Rows Processed: 14830, Total Chunk Time: 0.003 seconds 

Iteration 2 time: 0.024 secs.
Rows Read: 14830, Total Rows Processed: 14830, Total Chunk Time: 0.003 seconds 

Iteration 3 time: 0.023 secs.
Rows Read: 14830, Total Rows Processed: 14830, Total Chunk Time: 0.002 seconds 

Iteration 4 time: 0.022 secs.
Rows Read: 14830, Total Rows Processed: 14830, Total Chunk Time: 0.002 seconds 

Iteration 5 time: 0.023 secs.

Elapsed computation time: 0.245 secs.
Rows Read: 14830, Total Rows Processed: 14830, Total Chunk Time: 0.001 seconds 

Starting values (iteration 1) time: 0.022 secs.
Rows Read: 14830, Total Rows Processed: 14830, Total Chunk Time: 0.002 seconds 

Iteration 2 time: 0.024 secs.
Rows Read: 14830, Total Rows Processed: 14830, Total Chunk Time: 0.003 seconds 

Iteration 3 time: 0.040 secs.
Rows Read: 14830, Total Rows Processed: 14830, Total Chunk Time: 0.003 seconds 

Iteration 4 time: 0.023 secs.
Rows Read: 14830, Total Rows Processed: 14830, Total Chunk Time: 0.003 seconds 

Iteration 5 time: 0.022 secs.

Elapsed computation time: 0.282 secs.
Rows Read: 14830, Total Rows Processed: 14830, Total Chunk Time: 0.001 seconds 

Starting values (iteration 1) time: 0.036 secs.
Rows Read: 14830, Total Rows Processed: 14830, Total Chunk Time: 0.003 seconds 

Iteration 2 time: 0.023 secs.
Rows Read: 14830, Total Rows Processed: 14830, Total Chunk Time: 0.003 seconds 

Iteration 3 time: 0.022 secs.
Rows Read: 14830, Total Rows Processed: 14830, Total Chunk Time: 0.003 seconds 

Iteration 4 time: 0.023 secs.
Rows Read: 14830, Total Rows Processed: 14830, Total Chunk Time: 0.002 seconds 

Iteration 5 time: 0.023 secs.

Elapsed computation time: 0.257 secs.
Rows Read: 14830, Total Rows Processed: 14830, Total Chunk Time: 0.001 seconds 

Starting values (iteration 1) time: 0.023 secs.
Rows Read: 14830, Total Rows Processed: 14830, Total Chunk Time: 0.003 seconds 

Iteration 2 time: 0.021 secs.
Rows Read: 14830, Total Rows Processed: 14830, Total Chunk Time: 0.002 seconds 

Iteration 3 time: 0.019 secs.
Rows Read: 14830, Total Rows Processed: 14830, Total Chunk Time: 0.002 seconds 

Iteration 4 time: 0.023 secs.
Rows Read: 14830, Total Rows Processed: 14830, Total Chunk Time: 0.002 seconds 

Iteration 5 time: 0.023 secs.

Elapsed computation time: 0.227 secs.
Rows Read: 14830, Total Rows Processed: 14830, Total Chunk Time: 0.002 seconds 

Starting values (iteration 1) time: 0.020 secs.
Rows Read: 14830, Total Rows Processed: 14830, Total Chunk Time: 0.003 seconds 

Iteration 2 time: 0.021 secs.
Rows Read: 14830, Total Rows Processed: 14830, Total Chunk Time: 0.002 seconds 

Iteration 3 time: 0.018 secs.
Rows Read: 14830, Total Rows Processed: 14830, Total Chunk Time: 0.003 seconds 

Iteration 4 time: 0.019 secs.
Rows Read: 14830, Total Rows Processed: 14830, Total Chunk Time: 0.003 seconds 

Iteration 5 time: 0.020 secs.

Elapsed computation time: 0.213 secs.
Rows Read: 14830, Total Rows Processed: 14830, Total Chunk Time: 0.002 seconds 

Starting values (iteration 1) time: 0.019 secs.
Rows Read: 14830, Total Rows Processed: 14830, Total Chunk Time: 0.002 seconds 

Iteration 2 time: 0.022 secs.
Rows Read: 14830, Total Rows Processed: 14830, Total Chunk Time: 0.003 seconds 

Iteration 3 time: 0.022 secs.
Rows Read: 14830, Total Rows Processed: 14830, Total Chunk Time: 0.003 seconds 

Iteration 4 time: 0.024 secs.
Rows Read: 14830, Total Rows Processed: 14830, Total Chunk Time: 0.002 seconds 

Iteration 5 time: 0.021 secs.

Elapsed computation time: 0.235 secs.
Rows Read: 14830, Total Rows Processed: 14830, Total Chunk Time: Less than .001 seconds 

Starting values (iteration 1) time: 0.021 secs.
Rows Read: 14830, Total Rows Processed: 14830, Total Chunk Time: 0.002 seconds 

Iteration 2 time: 0.023 secs.
Rows Read: 14830, Total Rows Processed: 14830, Total Chunk Time: 0.003 seconds 

Iteration 3 time: 0.019 secs.
Rows Read: 14830, Total Rows Processed: 14830, Total Chunk Time: 0.003 seconds 

Iteration 4 time: 0.019 secs.
Rows Read: 14830, Total Rows Processed: 14830, Total Chunk Time: 0.002 seconds 

Iteration 5 time: 0.017 secs.

Elapsed computation time: 0.232 secs.
Rows Read: 14830, Total Rows Processed: 14830, Total Chunk Time: 0.002 seconds 

Starting values (iteration 1) time: 0.025 secs.
Rows Read: 14830, Total Rows Processed: 14830, Total Chunk Time: 0.002 seconds 

Iteration 2 time: 0.021 secs.
Rows Read: 14830, Total Rows Processed: 14830, Total Chunk Time: 0.002 seconds 

Iteration 3 time: 0.021 secs.
Rows Read: 14830, Total Rows Processed: 14830, Total Chunk Time: 0.002 seconds 

Iteration 4 time: 0.021 secs.
Rows Read: 14830, Total Rows Processed: 14830, Total Chunk Time: 0.002 seconds 

Iteration 5 time: 0.020 secs.

Elapsed computation time: 0.230 secs.
Rows Read: 14830, Total Rows Processed: 14830, Total Chunk Time: 0.001 seconds 

Starting values (iteration 1) time: 0.023 secs.
Rows Read: 14830, Total Rows Processed: 14830, Total Chunk Time: 0.002 seconds 

Iteration 2 time: 0.023 secs.
Rows Read: 14830, Total Rows Processed: 14830, Total Chunk Time: 0.003 seconds 

Iteration 3 time: 0.021 secs.
Rows Read: 14830, Total Rows Processed: 14830, Total Chunk Time: 0.002 seconds 

Iteration 4 time: 0.020 secs.
Rows Read: 14830, Total Rows Processed: 14830, Total Chunk Time: 0.003 seconds 

Iteration 5 time: 0.032 secs.

Elapsed computation time: 0.230 secs.
Rows Read: 14830, Total Rows Processed: 14830, Total Chunk Time: 0.002 seconds 

Starting values (iteration 1) time: 0.022 secs.
Rows Read: 14830, Total Rows Processed: 14830, Total Chunk Time: 0.002 seconds 

Iteration 2 time: 0.022 secs.
Rows Read: 14830, Total Rows Processed: 14830, Total Chunk Time: 0.003 seconds 

Iteration 3 time: 0.026 secs.
Rows Read: 14830, Total Rows Processed: 14830, Total Chunk Time: 0.002 seconds 

Iteration 4 time: 0.019 secs.
Rows Read: 14830, Total Rows Processed: 14830, Total Chunk Time: 0.002 seconds 

Iteration 5 time: 0.031 secs.

Elapsed computation time: 0.281 secs.
Rows Read: 14830, Total Rows Processed: 14830, Total Chunk Time: 0.002 seconds 

Starting values (iteration 1) time: 0.015 secs.
Rows Read: 14830, Total Rows Processed: 14830, Total Chunk Time: 0.003 seconds 

Iteration 2 time: 0.021 secs.
Rows Read: 14830, Total Rows Processed: 14830, Total Chunk Time: 0.003 seconds 

Iteration 3 time: 0.014 secs.
Rows Read: 14830, Total Rows Processed: 14830, Total Chunk Time: 0.002 seconds 

Iteration 4 time: 0.016 secs.
Rows Read: 14830, Total Rows Processed: 14830, Total Chunk Time: 0.003 seconds 

Iteration 5 time: 0.024 secs.

Elapsed computation time: 0.199 secs.
Rows Read: 14830, Total Rows Processed: 14830, Total Chunk Time: 0.002 seconds 

Starting values (iteration 1) time: 0.019 secs.
Rows Read: 14830, Total Rows Processed: 14830, Total Chunk Time: 0.002 seconds 

Iteration 2 time: 0.021 secs.
Rows Read: 14830, Total Rows Processed: 14830, Total Chunk Time: 0.003 seconds 

Iteration 3 time: 0.016 secs.
Rows Read: 14830, Total Rows Processed: 14830, Total Chunk Time: 0.002 seconds 

Iteration 4 time: 0.017 secs.
Rows Read: 14830, Total Rows Processed: 14830, Total Chunk Time: 0.002 seconds 

Iteration 5 time: 0.015 secs.

Elapsed computation time: 0.189 secs.
Rows Read: 14830, Total Rows Processed: 14830, Total Chunk Time: Less than .001 seconds 

Starting values (iteration 1) time: 0.013 secs.
Rows Read: 14830, Total Rows Processed: 14830, Total Chunk Time: 0.002 seconds 

Iteration 2 time: 0.016 secs.
Rows Read: 14830, Total Rows Processed: 14830, Total Chunk Time: 0.002 seconds 

Iteration 3 time: 0.018 secs.
Rows Read: 14830, Total Rows Processed: 14830, Total Chunk Time: 0.002 seconds 

Iteration 4 time: 0.018 secs.
Rows Read: 14830, Total Rows Processed: 14830, Total Chunk Time: 0.002 seconds 

Iteration 5 time: 0.020 secs.

Elapsed computation time: 0.185 secs.
Rows Read: 14830, Total Rows Processed: 14830, Total Chunk Time: 0.002 seconds 

Starting values (iteration 1) time: 0.028 secs.
Rows Read: 14830, Total Rows Processed: 14830, Total Chunk Time: 0.002 seconds 

Iteration 2 time: 0.018 secs.
Rows Read: 14830, Total Rows Processed: 14830, Total Chunk Time: 0.003 seconds 

Iteration 3 time: 0.028 secs.
Rows Read: 14830, Total Rows Processed: 14830, Total Chunk Time: 0.002 seconds 

Iteration 4 time: 0.015 secs.
Rows Read: 14830, Total Rows Processed: 14830, Total Chunk Time: 0.003 seconds 

Iteration 5 time: 0.020 secs.

Elapsed computation time: 0.234 secs.
Rows Read: 14830, Total Rows Processed: 14830, Total Chunk Time: Less than .001 seconds 

Starting values (iteration 1) time: 0.017 secs.
Rows Read: 14830, Total Rows Processed: 14830, Total Chunk Time: 0.002 seconds 

Iteration 2 time: 0.020 secs.
Rows Read: 14830, Total Rows Processed: 14830, Total Chunk Time: 0.002 seconds 

Iteration 3 time: 0.018 secs.
Rows Read: 14830, Total Rows Processed: 14830, Total Chunk Time: 0.002 seconds 

Iteration 4 time: 0.019 secs.
Rows Read: 14830, Total Rows Processed: 14830, Total Chunk Time: 0.002 seconds 

Iteration 5 time: 0.017 secs.

Elapsed computation time: 0.190 secs.
Rows Read: 14830, Total Rows Processed: 14830, Total Chunk Time: 0.002 seconds 

Starting values (iteration 1) time: 0.019 secs.
Rows Read: 14830, Total Rows Processed: 14830, Total Chunk Time: 0.002 seconds 

Iteration 2 time: 0.019 secs.
Rows Read: 14830, Total Rows Processed: 14830, Total Chunk Time: 0.003 seconds 

Iteration 3 time: 0.018 secs.
Rows Read: 14830, Total Rows Processed: 14830, Total Chunk Time: 0.003 seconds 

Iteration 4 time: 0.021 secs.
Rows Read: 14830, Total Rows Processed: 14830, Total Chunk Time: 0.003 seconds 

Iteration 5 time: 0.020 secs.

Elapsed computation time: 0.192 secs.
Rows Read: 14830, Total Rows Processed: 14830, Total Chunk Time: 0.001 seconds 

Starting values (iteration 1) time: 0.022 secs.
Rows Read: 14830, Total Rows Processed: 14830, Total Chunk Time: 0.002 seconds 

Iteration 2 time: 0.018 secs.
Rows Read: 14830, Total Rows Processed: 14830, Total Chunk Time: 0.002 seconds 

Iteration 3 time: 0.017 secs.
Rows Read: 14830, Total Rows Processed: 14830, Total Chunk Time: 0.002 seconds 

Iteration 4 time: 0.015 secs.
Rows Read: 14830, Total Rows Processed: 14830, Total Chunk Time: 0.003 seconds 

Iteration 5 time: 0.021 secs.

Elapsed computation time: 0.183 secs.
Rows Read: 14830, Total Rows Processed: 14830, Total Chunk Time: Less than .001 seconds 

Starting values (iteration 1) time: 0.015 secs.
Rows Read: 14830, Total Rows Processed: 14830, Total Chunk Time: 0.002 seconds 

Iteration 2 time: 0.024 secs.
Rows Read: 14830, Total Rows Processed: 14830, Total Chunk Time: 0.001 seconds 

Iteration 3 time: 0.019 secs.
Rows Read: 14830, Total Rows Processed: 14830, Total Chunk Time: Less than .001 seconds 

Iteration 4 time: 0.019 secs.
Rows Read: 14830, Total Rows Processed: 14830, Total Chunk Time: 0.001 seconds 

Iteration 5 time: 0.027 secs.

Elapsed computation time: 0.195 secs.
Rows Read: 14830, Total Rows Processed: 14830, Total Chunk Time: 0.001 seconds 

Starting values (iteration 1) time: 0.017 secs.
Rows Read: 14830, Total Rows Processed: 14830, Total Chunk Time: 0.002 seconds 

Iteration 2 time: 0.017 secs.
Rows Read: 14830, Total Rows Processed: 14830, Total Chunk Time: 0.002 seconds 

Iteration 3 time: 0.034 secs.
Rows Read: 14830, Total Rows Processed: 14830, Total Chunk Time: 0.002 seconds 

Iteration 4 time: 0.030 secs.
Rows Read: 14830, Total Rows Processed: 14830, Total Chunk Time: 0.007 seconds 

Iteration 5 time: 0.021 secs.

Elapsed computation time: 0.235 secs.
Rows Read: 14830, Total Rows Processed: 14830, Total Chunk Time: Less than .001 seconds 

Starting values (iteration 1) time: 0.019 secs.
Rows Read: 14830, Total Rows Processed: 14830, Total Chunk Time: 0.002 seconds 

Iteration 2 time: 0.025 secs.
Rows Read: 14830, Total Rows Processed: 14830, Total Chunk Time: 0.002 seconds 

Iteration 3 time: 0.011 secs.
Rows Read: 14830, Total Rows Processed: 14830, Total Chunk Time: 0.002 seconds 

Iteration 4 time: 0.012 secs.
Rows Read: 14830, Total Rows Processed: 14830, Total Chunk Time: 0.002 seconds 

Iteration 5 time: 0.018 secs.

Elapsed computation time: 0.172 secs.
Rows Read: 14830, Total Rows Processed: 14830, Total Chunk Time: Less than .001 seconds 

Starting values (iteration 1) time: 0.023 secs.
Rows Read: 14830, Total Rows Processed: 14830, Total Chunk Time: 0.003 seconds 

Iteration 2 time: 0.030 secs.
Rows Read: 14830, Total Rows Processed: 14830, Total Chunk Time: 0.003 seconds 

Iteration 3 time: 0.018 secs.
Rows Read: 14830, Total Rows Processed: 14830, Total Chunk Time: 0.002 seconds 

Iteration 4 time: 0.014 secs.
Rows Read: 14830, Total Rows Processed: 14830, Total Chunk Time: 0.002 seconds 

Iteration 5 time: 0.017 secs.

Elapsed computation time: 0.199 secs.
Rows Read: 14830, Total Rows Processed: 14830, Total Chunk Time: 0.002 seconds 

Starting values (iteration 1) time: 0.011 secs.
Rows Read: 14830, Total Rows Processed: 14830, Total Chunk Time: 0.002 seconds 

Iteration 2 time: 0.012 secs.
Rows Read: 14830, Total Rows Processed: 14830, Total Chunk Time: 0.003 seconds 

Iteration 3 time: 0.015 secs.
Rows Read: 14830, Total Rows Processed: 14830, Total Chunk Time: 0.002 seconds 

Iteration 4 time: 0.021 secs.
Rows Read: 14830, Total Rows Processed: 14830, Total Chunk Time: 0.002 seconds 

Iteration 5 time: 0.008 secs.

Elapsed computation time: 0.149 secs.
Rows Read: 14830, Total Rows Processed: 14830, Total Chunk Time: 0.001 seconds 

Starting values (iteration 1) time: 0.018 secs.
Rows Read: 14830, Total Rows Processed: 14830, Total Chunk Time: 0.002 seconds 

Iteration 2 time: 0.014 secs.
Rows Read: 14830, Total Rows Processed: 14830, Total Chunk Time: 0.002 seconds 

Iteration 3 time: 0.017 secs.
Rows Read: 14830, Total Rows Processed: 14830, Total Chunk Time: 0.002 seconds 

Iteration 4 time: 0.015 secs.
Rows Read: 14830, Total Rows Processed: 14830, Total Chunk Time: 0.002 seconds 

Iteration 5 time: 0.010 secs.

Elapsed computation time: 0.138 secs.

Elapsed computation time: 6.222 secs.
[1] "--------------------------------------------------------------------------------"
[1] "analyze.results.glm.step="
Logistic Regression Results for: RaceHorse.IsHitA ~
    Horse.FirstTimeSdvByRaceAvg + Horse.TimeSdvAvg +
    Horse.TimeSdvByRaceAvg
Data: data
Dependent variable(s): RaceHorse.IsHitA
Total independent variables: 4 
Number of valid observations: 14830
Number of missing observations: 0 
 
Coefficients:
                            RaceHorse.IsHitA
(Intercept)                             -3.7
Horse.FirstTimeSdvByRaceAvg              0.1
Horse.TimeSdvAvg                        -0.3
Horse.TimeSdvByRaceAvg                   2.5
[1] "analyze.results.glm.step.summary"
Call:
rxLogit(formula = formula, data = data, variableSelection = analyze.results.glm.step.varsel)

Logistic Regression Results for: RaceHorse.IsHitA ~
    Horse.FirstTimeSdvByRaceAvg + Horse.TimeSdvAvg +
    Horse.TimeSdvByRaceAvg
Data: data
Dependent variable(s): RaceHorse.IsHitA
Total independent variables: 4 
Number of valid observations: 14830
Number of missing observations: 0 
-2*LogLikelihood: 7673.087 (Residual deviance on 14826 degrees of freedom)
 
Coefficients:
                            Estimate Std. Error z value Pr(>|z|)    
(Intercept)                  -3.6678     0.0698  -52.57  2.2e-16 ***
Horse.FirstTimeSdvByRaceAvg   0.1014     0.0611    1.66    0.097 .  
Horse.TimeSdvAvg             -0.2798     0.1284   -2.18    0.029 *  
Horse.TimeSdvByRaceAvg        2.4866     0.1307   19.02  2.2e-16 ***
---
Signif. codes:  0 '***' 0.001 '**' 0.01 '*' 0.05 '.' 0.1 ' ' 1

Condition number of final variance-covariance matrix: 4 
Number of iterations: 5
[1] "--------------------------------------------------------------------------------"
[1] "2022-02-28 00:38:46 --- rxGlm with rxStepControl Finish ---"
[1] "2022-02-28 00:38:46 --- rxStepPlot Start ---"
[1] "pdfFilename=pdf_analyze_glm_Horse_Type13_rxStepPlot.pdf"
[1] "rxStepPlot="
[1] "2022-02-28 00:38:47 --- rxStepPlot Finish ---"
[1] "2022-02-28 00:38:47 --- save.image Start ---"
[1] "save.image"
[1] "rdataFilename=RData_analyze_glm_Horse_Type13.RData"
[1] "2022-02-28 00:38:47 --- save.image Finish ---"
[1] "2022-02-28 00:38:47 --- final Start ---"
[1] "--------------------------------------------------------------------------------"
[1] "nrow(data) final=14830"
[1] "--------------------------------------------------------------------------------"
[1] "2022-02-28 00:38:47 --- final Finish ---"
[1] "2022-02-28 00:38:47 --- analyze_glm.R Finished ---"
[1] "2022-02-28 00:38:47 --- log Finish ---"
