[1] "2022-02-28 00:39:03 --- D1115_analyze_glm_Jockey_IsHitA_Type15 Start ---"
[1] "2022-02-28 00:39:03 --- Log Start ---"
[1] "2022-02-28 00:39:03 --- analyze_glm.R Start ---"
[1] "analyzeVersion=D1115"
[1] "analyzeCategory=analyze"
[1] "analyzeType=Jockey"
[1] "analyzeFamily=IsHitA"
[1] "analyzeFunc=glm"
[1] "analyzeTrackTypeCd=1"
[1] "analyzeJyokenCd=5"
[1] "2022-02-28 00:39:03 --- source_function.R Start ---"
[1] "2022-02-28 00:39:03 --- source_function.R Finished ---"

> print(paste0(Sys.time(), " --- source_library.R Start ---"))
[1] "2022-02-28 00:39:03 --- source_library.R Start ---"

> require("RevoScaleR")

> print(paste0(Sys.time(), " --- source_library.R Finished ---"))
[1] "2022-02-28 00:39:04 --- source_library.R Finished ---"
[1] "2022-02-28 00:39:04 --- RxSqlServerData Start ---"
[1] "2022-02-28 00:39:04 --- RxInSqlServer Start ---"
[1] "2022-02-28 00:39:04 --- RxInSqlServer Finish ---"
[1] "2022-02-28 00:39:04 --- rxSetComputeContext Start ---"
[1] "2022-02-28 00:39:04 --- rxSetComputeContext Finish ---"
[1] "2022-02-28 00:39:04 --- RxSqlServerData Start ---"
[1] "sqlQuery=SELECT * FROM ViewAnalyzeD1115analyze01JockeyType15"
[1] "2022-02-28 00:39:04 --- RxSqlServerData Finish ---"
[1] "2022-02-28 00:39:04 --- rxGetVarInfo Start ---"
[1] "2022-02-28 00:39:04 --- rxGetVarInfo Finish---"
[1] "2022-02-28 00:39:04 --- rxImport Start ---"
Rows Read: 37018, Total Rows Processed: 37018, Total Chunk Time: 11.594 seconds 
[1] "2022-02-28 00:39:32 --- rxImport Finish ---"
[1] "object.size(data) auto=13 Mb"
[1] "--------------------------------------------------------------------------------"
[1] "nrow(data) RxSqlServerData=37018"
[1] "--------------------------------------------------------------------------------"
[1] "str(data)="
'data.frame':	37018 obs. of  48 variables:
 $ Race.RaceId                      : Factor w/ 2474 levels "20181125-05-05-08-01",..: 1 1 2 3 4 5 6 7 8 8 ...
 $ Race.IsAnalyzeNormalPastAndFuture: logi  TRUE TRUE TRUE TRUE TRUE TRUE ...
 $ Race.IsAnalyzeNormalPast         : logi  TRUE TRUE TRUE TRUE TRUE TRUE ...
 $ Race.IsAnalyzeNormalFuture       : logi  FALSE FALSE FALSE FALSE FALSE FALSE ...
 $ Race.IsAnalyzeFullPastAndFuture  : logi  TRUE TRUE TRUE TRUE TRUE TRUE ...
 $ Race.IsAnalyzeFullPast           : logi  TRUE TRUE TRUE TRUE TRUE TRUE ...
 $ Race.IsAnalyzeFullFuture         : logi  FALSE FALSE FALSE FALSE FALSE FALSE ...
 $ Race.JyokenCd                    : Factor w/ 1 level "5": 1 1 1 1 1 1 1 1 1 1 ...
 $ Race.JyoType1Cd                  : Factor w/ 175 levels "1-05-1400-5-1",..: 1 1 2 3 4 5 5 6 1 1 ...
 $ Race.RaceType1Cd                 : Factor w/ 3 levels "1-5-X-1","1-5-X-2",..: 1 1 1 1 1 1 1 1 1 1 ...
 $ RaceHorse.RaceId                 : Factor w/ 2474 levels "20181125-05-05-08-01",..: 1 1 2 3 4 5 6 7 8 8 ...
 $ RaceHorse.KettoNum               : Factor w/ 13947 levels "2016103853","2016103865",..: 1 2 3 4 5 6 6 7 8 9 ...
 $ RaceHorse.IsHit1                 : num  0 0 0 0 0 0 0 0 0 0 ...
 $ RaceHorse.IsHit2                 : num  0 0 0 0 0 0 0 0 0 0 ...
 $ RaceHorse.IsHit3                 : num  0 0 0 0 0 0 0 0 0 0 ...
 $ RaceHorse.IsHit4                 : num  0 0 0 0 0 0 0 0 0 0 ...
 $ RaceHorse.IsHit5                 : num  0 0 0 0 0 0 0 0 0 0 ...
 $ RaceHorse.IsHit6                 : num  1 1 1 1 1 1 1 1 1 1 ...
 $ RaceHorse.IsValidRaceHorse       : logi  TRUE TRUE TRUE TRUE TRUE TRUE ...
 $ RaceHorse.TimeSdvByRace          : num  -0.922 -0.922 0.17 0.438 0.218 ...
 $ RaceHorse.LastTimeSdvByRace      : num  -1.4661 -1.4661 -0.0749 0.3998 0.7686 ...
 $ RaceHorse.FirstTimeSdvByRace     : num  0.362 0.362 0.205 0.114 -1.288 ...
 $ RaceHorse.TimeSdv                : num  -0.154 -0.154 0.121 1.038 0.512 ...
 $ RaceHorse.LastTimeSdv            : num  -0.974 -0.974 0.199 0.324 1.198 ...
 $ RaceHorse.FirstTimeSdv           : num  0.7354 0.7354 -0.0536 0.9242 -0.6896 ...
 $ RaceHorse.OrderOfFinishSdv       : num  -0.9537 -0.9537 0.0931 0.5119 0.5119 ...
 $ RaceHorse.IsHitA                 : num  0 0 0 0 0 0 0 0 0 0 ...
 $ RaceHorse.IsHitB                 : num  0 0 0 0 0 0 0 0 0 0 ...
 $ RaceHorse.IsHitC                 : num  0 0 0 0 0 0 0 0 0 0 ...
 $ Jockey.TimeSdvByRaceAvg          : num  -0.375 0.364 -0.158 -0.121 0.633 ...
 $ Jockey.LastTimeSdvByRaceAvg      : num  -0.226 0.135 -0.164 -0.138 0.451 ...
 $ Jockey.FirstTimeSdvByRaceAvg     : num  -0.2671 0.348 0.0208 0.0451 0.4051 ...
 $ Jockey.TimeSdvAvg                : num  -0.3357 0.3077 0.0457 0.0455 0.5198 ...
 $ Jockey.LastTimeSdvAvg            : num  -0.1982 0.2402 -0.0966 -0.09 0.3838 ...
 $ Jockey.FirstTimeSdvAvg           : num  -0.263 0.155 0.161 0.148 0.288 ...
 $ Jockey.OrderOfFinishSdvAvg       : num  -0.456 0.403 -0.201 -0.148 0.741 ...
 $ Jockey.RunCount                  : num  182 195 219 146 242 56 56 227 262 90 ...
 $ Jockey.HitCount1                 : num  6 24 5 9 51 2 2 10 16 1 ...
 $ Jockey.HitCount2                 : num  5 24 7 2 31 0 0 16 15 2 ...
 $ Jockey.HitCount3                 : num  5 18 9 7 32 4 4 15 19 2 ...
 $ Jockey.HitCount4                 : num  9 16 17 11 23 1 1 19 12 1 ...
 $ Jockey.HitCount5                 : num  5 15 18 6 21 4 4 15 14 6 ...
 $ Jockey.HitRate1                  : num  0.033 0.1231 0.0228 0.0616 0.2107 ...
 $ Jockey.HitRate2                  : num  0.0275 0.1231 0.032 0.0137 0.1281 ...
 $ Jockey.HitRate3                  : num  0.0275 0.0923 0.0411 0.0479 0.1322 ...
 $ Jockey.HitRate4                  : num  0.0495 0.0821 0.0776 0.0753 0.095 ...
 $ Jockey.HitRate5                  : num  0.0275 0.0769 0.0822 0.0411 0.0868 ...
 $ EOF                              : int  1 1 1 1 1 1 1 1 1 1 ...
[1] "2022-02-28 00:39:32 --- RxSqlServerData Finish ---"
[1] "2022-02-28 00:39:32 --- subset Start ---"
[1] "--------------------------------------------------------------------------------"
[1] "nrow(data) subset before=37018"
[1] "nrow(data) subset after =37018"
[1] "nrow(data) subset diff =0"
[1] "--------------------------------------------------------------------------------"
[1] "2022-02-28 00:39:32 --- subset Finish---"
[1] "2022-02-28 00:39:32 --- transform Start ---"
[1] "--------------------------------------------------------------------------------"
[1] "nrow(data) transform before=37018"
[1] "nrow(data) transform after=37018"
[1] "nrow(data) transform diff=0"
[1] "--------------------------------------------------------------------------------"
[1] "str(data)="
'data.frame':	37018 obs. of  48 variables:
 $ Race.RaceId                      : Factor w/ 2474 levels "20181125-05-05-08-01",..: 1 1 2 3 4 5 6 7 8 8 ...
 $ Race.IsAnalyzeNormalPastAndFuture: logi  TRUE TRUE TRUE TRUE TRUE TRUE ...
 $ Race.IsAnalyzeNormalPast         : logi  TRUE TRUE TRUE TRUE TRUE TRUE ...
 $ Race.IsAnalyzeNormalFuture       : logi  FALSE FALSE FALSE FALSE FALSE FALSE ...
 $ Race.IsAnalyzeFullPastAndFuture  : logi  TRUE TRUE TRUE TRUE TRUE TRUE ...
 $ Race.IsAnalyzeFullPast           : logi  TRUE TRUE TRUE TRUE TRUE TRUE ...
 $ Race.IsAnalyzeFullFuture         : logi  FALSE FALSE FALSE FALSE FALSE FALSE ...
 $ Race.JyokenCd                    : Factor w/ 1 level "5": 1 1 1 1 1 1 1 1 1 1 ...
 $ Race.JyoType1Cd                  : Factor w/ 175 levels "1-05-1400-5-1",..: 1 1 2 3 4 5 5 6 1 1 ...
 $ Race.RaceType1Cd                 : Factor w/ 3 levels "1-5-X-1","1-5-X-2",..: 1 1 1 1 1 1 1 1 1 1 ...
 $ RaceHorse.RaceId                 : Factor w/ 2474 levels "20181125-05-05-08-01",..: 1 1 2 3 4 5 6 7 8 8 ...
 $ RaceHorse.KettoNum               : Factor w/ 13947 levels "2016103853","2016103865",..: 1 2 3 4 5 6 6 7 8 9 ...
 $ RaceHorse.IsHit1                 : num  0 0 0 0 0 0 0 0 0 0 ...
 $ RaceHorse.IsHit2                 : num  0 0 0 0 0 0 0 0 0 0 ...
 $ RaceHorse.IsHit3                 : num  0 0 0 0 0 0 0 0 0 0 ...
 $ RaceHorse.IsHit4                 : num  0 0 0 0 0 0 0 0 0 0 ...
 $ RaceHorse.IsHit5                 : num  0 0 0 0 0 0 0 0 0 0 ...
 $ RaceHorse.IsHit6                 : num  1 1 1 1 1 1 1 1 1 1 ...
 $ RaceHorse.IsValidRaceHorse       : logi  TRUE TRUE TRUE TRUE TRUE TRUE ...
 $ RaceHorse.TimeSdvByRace          : num  -0.922 -0.922 0.17 0.438 0.218 ...
 $ RaceHorse.LastTimeSdvByRace      : num  -1.4661 -1.4661 -0.0749 0.3998 0.7686 ...
 $ RaceHorse.FirstTimeSdvByRace     : num  0.362 0.362 0.205 0.114 -1.288 ...
 $ RaceHorse.TimeSdv                : num  -0.154 -0.154 0.121 1.038 0.512 ...
 $ RaceHorse.LastTimeSdv            : num  -0.974 -0.974 0.199 0.324 1.198 ...
 $ RaceHorse.FirstTimeSdv           : num  0.7354 0.7354 -0.0536 0.9242 -0.6896 ...
 $ RaceHorse.OrderOfFinishSdv       : num  -0.9537 -0.9537 0.0931 0.5119 0.5119 ...
 $ RaceHorse.IsHitA                 : num  0 0 0 0 0 0 0 0 0 0 ...
 $ RaceHorse.IsHitB                 : num  0 0 0 0 0 0 0 0 0 0 ...
 $ RaceHorse.IsHitC                 : num  0 0 0 0 0 0 0 0 0 0 ...
 $ Jockey.TimeSdvByRaceAvg          : num  -0.375 0.364 -0.158 -0.121 0.633 ...
 $ Jockey.LastTimeSdvByRaceAvg      : num  -0.226 0.135 -0.164 -0.138 0.451 ...
 $ Jockey.FirstTimeSdvByRaceAvg     : num  -0.2671 0.348 0.0208 0.0451 0.4051 ...
 $ Jockey.TimeSdvAvg                : num  -0.3357 0.3077 0.0457 0.0455 0.5198 ...
 $ Jockey.LastTimeSdvAvg            : num  -0.1982 0.2402 -0.0966 -0.09 0.3838 ...
 $ Jockey.FirstTimeSdvAvg           : num  -0.263 0.155 0.161 0.148 0.288 ...
 $ Jockey.OrderOfFinishSdvAvg       : num  -0.456 0.403 -0.201 -0.148 0.741 ...
 $ Jockey.RunCount                  : num  182 195 219 146 242 56 56 227 262 90 ...
 $ Jockey.HitCount1                 : num  6 24 5 9 51 2 2 10 16 1 ...
 $ Jockey.HitCount2                 : num  5 24 7 2 31 0 0 16 15 2 ...
 $ Jockey.HitCount3                 : num  5 18 9 7 32 4 4 15 19 2 ...
 $ Jockey.HitCount4                 : num  9 16 17 11 23 1 1 19 12 1 ...
 $ Jockey.HitCount5                 : num  5 15 18 6 21 4 4 15 14 6 ...
 $ Jockey.HitRate1                  : num  0.033 0.1231 0.0228 0.0616 0.2107 ...
 $ Jockey.HitRate2                  : num  0.0275 0.1231 0.032 0.0137 0.1281 ...
 $ Jockey.HitRate3                  : num  0.0275 0.0923 0.0411 0.0479 0.1322 ...
 $ Jockey.HitRate4                  : num  0.0495 0.0821 0.0776 0.0753 0.095 ...
 $ Jockey.HitRate5                  : num  0.0275 0.0769 0.0822 0.0411 0.0868 ...
 $ EOF                              : int  1 1 1 1 1 1 1 1 1 1 ...
NULL
[1] "2022-02-28 00:39:32 --- transform Finish ---"
[1] "2022-02-28 00:39:32 --- na.omit Start ---"
[1] "--------------------------------------------------------------------------------"
[1] "nrow(data) na.omit before=37018"
[1] "nrow(data) na.omit after =36755"
[1] "nrow(data) na.omit diff =263"
[1] "--------------------------------------------------------------------------------"
'data.frame':	36755 obs. of  48 variables:
 $ Race.RaceId                      : Factor w/ 2474 levels "20181125-05-05-08-01",..: 1 1 2 3 4 5 6 7 8 8 ...
 $ Race.IsAnalyzeNormalPastAndFuture: logi  TRUE TRUE TRUE TRUE TRUE TRUE ...
 $ Race.IsAnalyzeNormalPast         : logi  TRUE TRUE TRUE TRUE TRUE TRUE ...
 $ Race.IsAnalyzeNormalFuture       : logi  FALSE FALSE FALSE FALSE FALSE FALSE ...
 $ Race.IsAnalyzeFullPastAndFuture  : logi  TRUE TRUE TRUE TRUE TRUE TRUE ...
 $ Race.IsAnalyzeFullPast           : logi  TRUE TRUE TRUE TRUE TRUE TRUE ...
 $ Race.IsAnalyzeFullFuture         : logi  FALSE FALSE FALSE FALSE FALSE FALSE ...
 $ Race.JyokenCd                    : Factor w/ 1 level "5": 1 1 1 1 1 1 1 1 1 1 ...
 $ Race.JyoType1Cd                  : Factor w/ 175 levels "1-05-1400-5-1",..: 1 1 2 3 4 5 5 6 1 1 ...
 $ Race.RaceType1Cd                 : Factor w/ 3 levels "1-5-X-1","1-5-X-2",..: 1 1 1 1 1 1 1 1 1 1 ...
 $ RaceHorse.RaceId                 : Factor w/ 2474 levels "20181125-05-05-08-01",..: 1 1 2 3 4 5 6 7 8 8 ...
 $ RaceHorse.KettoNum               : Factor w/ 13947 levels "2016103853","2016103865",..: 1 2 3 4 5 6 6 7 8 9 ...
 $ RaceHorse.IsHit1                 : num  0 0 0 0 0 0 0 0 0 0 ...
 $ RaceHorse.IsHit2                 : num  0 0 0 0 0 0 0 0 0 0 ...
 $ RaceHorse.IsHit3                 : num  0 0 0 0 0 0 0 0 0 0 ...
 $ RaceHorse.IsHit4                 : num  0 0 0 0 0 0 0 0 0 0 ...
 $ RaceHorse.IsHit5                 : num  0 0 0 0 0 0 0 0 0 0 ...
 $ RaceHorse.IsHit6                 : num  1 1 1 1 1 1 1 1 1 1 ...
 $ RaceHorse.IsValidRaceHorse       : logi  TRUE TRUE TRUE TRUE TRUE TRUE ...
 $ RaceHorse.TimeSdvByRace          : num  -0.922 -0.922 0.17 0.438 0.218 ...
 $ RaceHorse.LastTimeSdvByRace      : num  -1.4661 -1.4661 -0.0749 0.3998 0.7686 ...
 $ RaceHorse.FirstTimeSdvByRace     : num  0.362 0.362 0.205 0.114 -1.288 ...
 $ RaceHorse.TimeSdv                : num  -0.154 -0.154 0.121 1.038 0.512 ...
 $ RaceHorse.LastTimeSdv            : num  -0.974 -0.974 0.199 0.324 1.198 ...
 $ RaceHorse.FirstTimeSdv           : num  0.7354 0.7354 -0.0536 0.9242 -0.6896 ...
 $ RaceHorse.OrderOfFinishSdv       : num  -0.9537 -0.9537 0.0931 0.5119 0.5119 ...
 $ RaceHorse.IsHitA                 : num  0 0 0 0 0 0 0 0 0 0 ...
 $ RaceHorse.IsHitB                 : num  0 0 0 0 0 0 0 0 0 0 ...
 $ RaceHorse.IsHitC                 : num  0 0 0 0 0 0 0 0 0 0 ...
 $ Jockey.TimeSdvByRaceAvg          : num  -0.375 0.364 -0.158 -0.121 0.633 ...
 $ Jockey.LastTimeSdvByRaceAvg      : num  -0.226 0.135 -0.164 -0.138 0.451 ...
 $ Jockey.FirstTimeSdvByRaceAvg     : num  -0.2671 0.348 0.0208 0.0451 0.4051 ...
 $ Jockey.TimeSdvAvg                : num  -0.3357 0.3077 0.0457 0.0455 0.5198 ...
 $ Jockey.LastTimeSdvAvg            : num  -0.1982 0.2402 -0.0966 -0.09 0.3838 ...
 $ Jockey.FirstTimeSdvAvg           : num  -0.263 0.155 0.161 0.148 0.288 ...
 $ Jockey.OrderOfFinishSdvAvg       : num  -0.456 0.403 -0.201 -0.148 0.741 ...
 $ Jockey.RunCount                  : num  182 195 219 146 242 56 56 227 262 90 ...
 $ Jockey.HitCount1                 : num  6 24 5 9 51 2 2 10 16 1 ...
 $ Jockey.HitCount2                 : num  5 24 7 2 31 0 0 16 15 2 ...
 $ Jockey.HitCount3                 : num  5 18 9 7 32 4 4 15 19 2 ...
 $ Jockey.HitCount4                 : num  9 16 17 11 23 1 1 19 12 1 ...
 $ Jockey.HitCount5                 : num  5 15 18 6 21 4 4 15 14 6 ...
 $ Jockey.HitRate1                  : num  0.033 0.1231 0.0228 0.0616 0.2107 ...
 $ Jockey.HitRate2                  : num  0.0275 0.1231 0.032 0.0137 0.1281 ...
 $ Jockey.HitRate3                  : num  0.0275 0.0923 0.0411 0.0479 0.1322 ...
 $ Jockey.HitRate4                  : num  0.0495 0.0821 0.0776 0.0753 0.095 ...
 $ Jockey.HitRate5                  : num  0.0275 0.0769 0.0822 0.0411 0.0868 ...
 $ EOF                              : int  1 1 1 1 1 1 1 1 1 1 ...
 - attr(*, "na.action")= 'omit' Named int  8435 8436 8437 8438 8439 8440 8441 8442 8443 8444 ...
  ..- attr(*, "names")= chr  "8435" "8436" "8437" "8438" ...
[1] "2022-02-28 00:39:32 --- na.omit Finish ---"
[1] "2022-02-28 00:39:32 --- rxGlm with rxStepControl Start ---"

> print(paste0(Sys.time(), " --- source_logic_glm.R Start ---"))
[1] "2022-02-28 00:39:32 --- source_logic_glm.R Start ---"

> formula <- formula(RaceHorse.IsHitA ~ +1 + Jockey.TimeSdvByRaceAvg + 
+     Jockey.LastTimeSdvByRaceAvg + Jockey.FirstTimeSdvByRaceAvg + 
+     Jockey.TimeSdvAvg + Jockey.LastTimeSdvAvg + Jockey.FirstTimeSdvAvg)

> print(paste0(Sys.time(), " --- source_logic_glm.R Finished ---"))
[1] "2022-02-28 00:39:32 --- source_logic_glm.R Finished ---"
Rows Read: 36755, Total Rows Processed: 36755, Total Chunk Time: 0.003 seconds 

Starting values (iteration 1) time: 0.016 secs.
Rows Read: 36755, Total Rows Processed: 36755, Total Chunk Time: 0.004 seconds 

Iteration 2 time: 0.010 secs.
Rows Read: 36755, Total Rows Processed: 36755, Total Chunk Time: 0.005 seconds 

Iteration 3 time: 0.008 secs.
Rows Read: 36755, Total Rows Processed: 36755, Total Chunk Time: 0.004 seconds 

Iteration 4 time: 0.007 secs.
Rows Read: 36755, Total Rows Processed: 36755, Total Chunk Time: 0.005 seconds 

Iteration 5 time: 0.008 secs.

Elapsed computation time: 0.060 secs.
Rows Read: 36755, Total Rows Processed: 36755, Total Chunk Time: 0.003 seconds 

Starting values (iteration 1) time: 0.010 secs.
Rows Read: 36755, Total Rows Processed: 36755, Total Chunk Time: 0.004 seconds 

Iteration 2 time: 0.010 secs.
Rows Read: 36755, Total Rows Processed: 36755, Total Chunk Time: 0.004 seconds 

Iteration 3 time: 0.007 secs.
Rows Read: 36755, Total Rows Processed: 36755, Total Chunk Time: 0.004 seconds 

Iteration 4 time: 0.007 secs.
Rows Read: 36755, Total Rows Processed: 36755, Total Chunk Time: 0.004 seconds 

Iteration 5 time: 0.007 secs.

Elapsed computation time: 0.053 secs.
Rows Read: 36755, Total Rows Processed: 36755, Total Chunk Time: 0.002 seconds 

Starting values (iteration 1) time: 0.010 secs.
Rows Read: 36755, Total Rows Processed: 36755, Total Chunk Time: 0.004 seconds 

Iteration 2 time: 0.010 secs.
Rows Read: 36755, Total Rows Processed: 36755, Total Chunk Time: 0.004 seconds 

Iteration 3 time: 0.006 secs.
Rows Read: 36755, Total Rows Processed: 36755, Total Chunk Time: 0.004 seconds 

Iteration 4 time: 0.006 secs.
Rows Read: 36755, Total Rows Processed: 36755, Total Chunk Time: 0.005 seconds 

Iteration 5 time: 0.008 secs.

Elapsed computation time: 0.053 secs.
Rows Read: 36755, Total Rows Processed: 36755, Total Chunk Time: 0.002 seconds 

Starting values (iteration 1) time: 0.010 secs.
Rows Read: 36755, Total Rows Processed: 36755, Total Chunk Time: 0.004 seconds 

Iteration 2 time: 0.010 secs.
Rows Read: 36755, Total Rows Processed: 36755, Total Chunk Time: 0.005 seconds 

Iteration 3 time: 0.007 secs.
Rows Read: 36755, Total Rows Processed: 36755, Total Chunk Time: 0.004 seconds 

Iteration 4 time: 0.007 secs.
Rows Read: 36755, Total Rows Processed: 36755, Total Chunk Time: 0.004 seconds 

Iteration 5 time: 0.008 secs.

Elapsed computation time: 0.053 secs.
Rows Read: 36755, Total Rows Processed: 36755, Total Chunk Time: 0.002 seconds 

Starting values (iteration 1) time: 0.010 secs.
Rows Read: 36755, Total Rows Processed: 36755, Total Chunk Time: 0.004 seconds 

Iteration 2 time: 0.010 secs.
Rows Read: 36755, Total Rows Processed: 36755, Total Chunk Time: 0.005 seconds 

Iteration 3 time: 0.007 secs.
Rows Read: 36755, Total Rows Processed: 36755, Total Chunk Time: 0.004 seconds 

Iteration 4 time: 0.007 secs.
Rows Read: 36755, Total Rows Processed: 36755, Total Chunk Time: 0.004 seconds 

Iteration 5 time: 0.007 secs.

Elapsed computation time: 0.055 secs.
Rows Read: 36755, Total Rows Processed: 36755, Total Chunk Time: 0.002 seconds 

Starting values (iteration 1) time: 0.011 secs.
Rows Read: 36755, Total Rows Processed: 36755, Total Chunk Time: 0.004 seconds 

Iteration 2 time: 0.010 secs.
Rows Read: 36755, Total Rows Processed: 36755, Total Chunk Time: 0.004 seconds 

Iteration 3 time: 0.006 secs.
Rows Read: 36755, Total Rows Processed: 36755, Total Chunk Time: 0.003 seconds 

Iteration 4 time: 0.007 secs.
Rows Read: 36755, Total Rows Processed: 36755, Total Chunk Time: 0.004 seconds 

Iteration 5 time: 0.006 secs.

Elapsed computation time: 0.054 secs.
Rows Read: 36755, Total Rows Processed: 36755, Total Chunk Time: 0.002 seconds 

Starting values (iteration 1) time: 0.010 secs.
Rows Read: 36755, Total Rows Processed: 36755, Total Chunk Time: 0.003 seconds 

Iteration 2 time: 0.010 secs.
Rows Read: 36755, Total Rows Processed: 36755, Total Chunk Time: 0.004 seconds 

Iteration 3 time: 0.007 secs.
Rows Read: 36755, Total Rows Processed: 36755, Total Chunk Time: 0.003 seconds 

Iteration 4 time: 0.007 secs.
Rows Read: 36755, Total Rows Processed: 36755, Total Chunk Time: 0.004 seconds 

Iteration 5 time: 0.007 secs.

Elapsed computation time: 0.052 secs.
Rows Read: 36755, Total Rows Processed: 36755, Total Chunk Time: 0.002 seconds 

Starting values (iteration 1) time: 0.010 secs.
Rows Read: 36755, Total Rows Processed: 36755, Total Chunk Time: 0.004 seconds 

Iteration 2 time: 0.009 secs.
Rows Read: 36755, Total Rows Processed: 36755, Total Chunk Time: 0.004 seconds 

Iteration 3 time: 0.007 secs.
Rows Read: 36755, Total Rows Processed: 36755, Total Chunk Time: 0.004 seconds 

Iteration 4 time: 0.007 secs.
Rows Read: 36755, Total Rows Processed: 36755, Total Chunk Time: 0.004 seconds 

Iteration 5 time: 0.007 secs.

Elapsed computation time: 0.054 secs.
Rows Read: 36755, Total Rows Processed: 36755, Total Chunk Time: 0.002 seconds 

Starting values (iteration 1) time: 0.010 secs.
Rows Read: 36755, Total Rows Processed: 36755, Total Chunk Time: 0.004 seconds 

Iteration 2 time: 0.009 secs.
Rows Read: 36755, Total Rows Processed: 36755, Total Chunk Time: 0.003 seconds 

Iteration 3 time: 0.006 secs.
Rows Read: 36755, Total Rows Processed: 36755, Total Chunk Time: 0.004 seconds 

Iteration 4 time: 0.007 secs.
Rows Read: 36755, Total Rows Processed: 36755, Total Chunk Time: 0.004 seconds 

Iteration 5 time: 0.006 secs.

Elapsed computation time: 0.053 secs.
Rows Read: 36755, Total Rows Processed: 36755, Total Chunk Time: 0.002 seconds 

Starting values (iteration 1) time: 0.009 secs.
Rows Read: 36755, Total Rows Processed: 36755, Total Chunk Time: 0.004 seconds 

Iteration 2 time: 0.009 secs.
Rows Read: 36755, Total Rows Processed: 36755, Total Chunk Time: 0.003 seconds 

Iteration 3 time: 0.006 secs.
Rows Read: 36755, Total Rows Processed: 36755, Total Chunk Time: 0.003 seconds 

Iteration 4 time: 0.006 secs.
Rows Read: 36755, Total Rows Processed: 36755, Total Chunk Time: 0.004 seconds 

Iteration 5 time: 0.006 secs.

Elapsed computation time: 0.048 secs.
Rows Read: 36755, Total Rows Processed: 36755, Total Chunk Time: 0.002 seconds 

Starting values (iteration 1) time: 0.011 secs.
Rows Read: 36755, Total Rows Processed: 36755, Total Chunk Time: 0.004 seconds 

Iteration 2 time: 0.010 secs.
Rows Read: 36755, Total Rows Processed: 36755, Total Chunk Time: 0.004 seconds 

Iteration 3 time: 0.006 secs.
Rows Read: 36755, Total Rows Processed: 36755, Total Chunk Time: 0.004 seconds 

Iteration 4 time: 0.007 secs.
Rows Read: 36755, Total Rows Processed: 36755, Total Chunk Time: 0.004 seconds 

Iteration 5 time: 0.007 secs.

Elapsed computation time: 0.057 secs.
Rows Read: 36755, Total Rows Processed: 36755, Total Chunk Time: 0.001 seconds 

Starting values (iteration 1) time: 0.009 secs.
Rows Read: 36755, Total Rows Processed: 36755, Total Chunk Time: 0.004 seconds 

Iteration 2 time: 0.009 secs.
Rows Read: 36755, Total Rows Processed: 36755, Total Chunk Time: 0.004 seconds 

Iteration 3 time: 0.006 secs.
Rows Read: 36755, Total Rows Processed: 36755, Total Chunk Time: 0.004 seconds 

Iteration 4 time: 0.007 secs.
Rows Read: 36755, Total Rows Processed: 36755, Total Chunk Time: 0.004 seconds 

Iteration 5 time: 0.006 secs.

Elapsed computation time: 0.054 secs.
Rows Read: 36755, Total Rows Processed: 36755, Total Chunk Time: 0.002 seconds 

Starting values (iteration 1) time: 0.009 secs.
Rows Read: 36755, Total Rows Processed: 36755, Total Chunk Time: 0.003 seconds 

Iteration 2 time: 0.009 secs.
Rows Read: 36755, Total Rows Processed: 36755, Total Chunk Time: 0.004 seconds 

Iteration 3 time: 0.006 secs.
Rows Read: 36755, Total Rows Processed: 36755, Total Chunk Time: 0.004 seconds 

Iteration 4 time: 0.006 secs.
Rows Read: 36755, Total Rows Processed: 36755, Total Chunk Time: 0.003 seconds 

Iteration 5 time: 0.006 secs.

Elapsed computation time: 0.051 secs.
Rows Read: 36755, Total Rows Processed: 36755, Total Chunk Time: 0.002 seconds 

Starting values (iteration 1) time: 0.010 secs.
Rows Read: 36755, Total Rows Processed: 36755, Total Chunk Time: 0.004 seconds 

Iteration 2 time: 0.010 secs.
Rows Read: 36755, Total Rows Processed: 36755, Total Chunk Time: 0.004 seconds 

Iteration 3 time: 0.006 secs.
Rows Read: 36755, Total Rows Processed: 36755, Total Chunk Time: 0.004 seconds 

Iteration 4 time: 0.006 secs.
Rows Read: 36755, Total Rows Processed: 36755, Total Chunk Time: 0.004 seconds 

Iteration 5 time: 0.007 secs.

Elapsed computation time: 0.053 secs.

Elapsed computation time: 0.813 secs.
[1] "--------------------------------------------------------------------------------"
[1] "analyze.results.glm.step="
Logistic Regression Results for: RaceHorse.IsHitA ~
    Jockey.FirstTimeSdvAvg + Jockey.FirstTimeSdvByRaceAvg +
    Jockey.LastTimeSdvAvg + Jockey.LastTimeSdvByRaceAvg +
    Jockey.TimeSdvAvg
Data: data
Dependent variable(s): RaceHorse.IsHitA
Total independent variables: 6 
Number of valid observations: 36755
Number of missing observations: 0 
 
Coefficients:
                             RaceHorse.IsHitA
(Intercept)                                -3
Jockey.FirstTimeSdvAvg                      1
Jockey.FirstTimeSdvByRaceAvg                1
Jockey.LastTimeSdvAvg                       2
Jockey.LastTimeSdvByRaceAvg                 2
Jockey.TimeSdvAvg                          -1
[1] "analyze.results.glm.step.summary"
Call:
rxLogit(formula = formula, data = data, variableSelection = analyze.results.glm.step.varsel)

Logistic Regression Results for: RaceHorse.IsHitA ~
    Jockey.FirstTimeSdvAvg + Jockey.FirstTimeSdvByRaceAvg +
    Jockey.LastTimeSdvAvg + Jockey.LastTimeSdvByRaceAvg +
    Jockey.TimeSdvAvg
Data: data
Dependent variable(s): RaceHorse.IsHitA
Total independent variables: 6 
Number of valid observations: 36755
Number of missing observations: 0 
-2*LogLikelihood: 16936.341 (Residual deviance on 36749 degrees of freedom)
 
Coefficients:
                             Estimate Std. Error z value Pr(>|z|)    
(Intercept)                   -2.9277     0.0277 -105.68  2.2e-16 ***
Jockey.FirstTimeSdvAvg         1.4533     0.7136    2.04    0.042 *  
Jockey.FirstTimeSdvByRaceAvg   1.2050     0.1216    9.91  2.2e-16 ***
Jockey.LastTimeSdvAvg          1.6271     0.7299    2.23    0.026 *  
Jockey.LastTimeSdvByRaceAvg    1.5276     0.2074    7.37  2.2e-16 ***
Jockey.TimeSdvAvg             -1.4831     0.8933   -1.66    0.097 .  
---
Signif. codes:  0 '***' 0.001 '**' 0.01 '*' 0.05 '.' 0.1 ' ' 1

Condition number of final variance-covariance matrix: 1058 
Number of iterations: 5
[1] "--------------------------------------------------------------------------------"
[1] "2022-02-28 00:39:33 --- rxGlm with rxStepControl Finish ---"
[1] "2022-02-28 00:39:33 --- rxStepPlot Start ---"
[1] "pdfFilename=pdf_analyze_glm_Jockey_Type15_rxStepPlot.pdf"
[1] "rxStepPlot="
[1] "2022-02-28 00:39:34 --- rxStepPlot Finish ---"
[1] "2022-02-28 00:39:34 --- save.image Start ---"
[1] "save.image"
[1] "rdataFilename=RData_analyze_glm_Jockey_Type15.RData"
[1] "2022-02-28 00:39:34 --- save.image Finish ---"
[1] "2022-02-28 00:39:34 --- final Start ---"
[1] "--------------------------------------------------------------------------------"
[1] "nrow(data) final=36755"
[1] "--------------------------------------------------------------------------------"
[1] "2022-02-28 00:39:34 --- final Finish ---"
[1] "2022-02-28 00:39:34 --- analyze_glm.R Finished ---"
[1] "2022-02-28 00:39:34 --- log Finish ---"
