[1] "2022-02-27 15:43:21 --- D1115_Predict_glm_Gen02_IsHitA_Type15 Start ---"
[1] "2022-02-27 15:43:21 --- Log Start ---"
[1] "2022-02-27 15:43:21 --- predict.R Start ---"
[1] "--------------------------------------------------------------------------------"
[1] "analyzeVersion=D1115"
[1] "analyzeCategory=Predict"
[1] "analyzeType=Gen02"
[1] "analyzeFamily=IsHitA"
[1] "analyzeFunc=glm"
[1] "analyzeTrackTypeCd=1"
[1] "analyzeJyokenCd=5"
[1] "--------------------------------------------------------------------------------"
[1] "2022-02-27 15:43:21 --- source_function.R Start ---"
[1] "2022-02-27 15:43:21 --- source_function.R Finished ---"
[1] "2022-02-27 15:43:21 --- source_library.R Start ---"
[1] "2022-02-27 15:43:21 --- source_library.R Finished ---"
[1] "2022-02-27 15:43:21 --- Load Start ---"
[1] "analyzeTrackTypeCd=1"
[1] "analyzeJyokenCd=5"
[1] "loadFilename=RData_Analyze_glm_Gen02_Type15.RData"
[1] "2022-02-27 15:43:21 --- Load Finished ---"
[1] "2022-02-27 15:43:21 --- RxSqlServerData Start ---"
[1] "2022-02-27 15:43:21 --- RxInSqlServer Start ---"
[1] "2022-02-27 15:43:21 --- RxInSqlServer Finish ---"
[1] "2022-02-27 15:43:21 --- rxSetComputeContext Start ---"
[1] "2022-02-27 15:43:21 --- rxSetComputeContext Finish ---"
[1] "2022-02-27 15:43:21 --- RxSqlServerData Start ---"
[1] "analyzeTrackTypeCd=1"
[1] "analyzeJyokenCd=5"
[1] "predictSqlQuery=SELECT * FROM ViewAnalyzeD1115Predict01Gen02Type15"
[1] "2022-02-27 15:43:21 --- RxSqlServerData Finish ---"
[1] "2022-02-27 15:43:21 --- rxGetVarInfo Start ---"
[1] "2022-02-27 15:43:21 --- rxGetVarInfo Finish---"
[1] "2022-02-27 15:43:21 --- rxImport Start ---"
Rows Read: 35476, Total Rows Processed: 35476, Total Chunk Time: 3.202 seconds 
[1] "2022-02-27 15:43:27 --- rxImport Finish ---"
[1] "object.size(InputDataSet) auto=8.4 Mb"
[1] "--------------------------------------------------------------------------------"
[1] "nrow(InputDataSet) RxSqlServerData=35476"
[1] "--------------------------------------------------------------------------------"
[1] "str(InputDataSet)="
'data.frame':	35476 obs. of  33 variables:
 $ Race.RaceId                      : Factor w/ 3022 levels "20181125-05-05-08-01",..: 1 2 3 4 5 6 7 8 8 8 ...
 $ Race.IsPredictedRace             : logi  TRUE TRUE TRUE TRUE TRUE TRUE ...
 $ Race.IsAnalyzeNormalPastAndFuture: logi  TRUE TRUE TRUE TRUE TRUE TRUE ...
 $ Race.IsAnalyzeNormalPast         : logi  TRUE TRUE TRUE TRUE TRUE TRUE ...
 $ Race.IsAnalyzeNormalFuture       : logi  FALSE FALSE FALSE FALSE FALSE FALSE ...
 $ Race.IsAnalyzeFullPastAndFuture  : logi  TRUE TRUE TRUE TRUE TRUE TRUE ...
 $ Race.IsAnalyzeFullPast           : logi  TRUE TRUE TRUE TRUE TRUE TRUE ...
 $ Race.IsAnalyzeFullFuture         : logi  FALSE FALSE FALSE FALSE FALSE FALSE ...
 $ Race.JyokenCd                    : Factor w/ 1 level "5": 1 1 1 1 1 1 1 1 1 1 ...
 $ Race.JyoType1Cd                  : Factor w/ 182 levels "1-05-1400-5-1",..: 1 2 3 4 5 5 6 1 1 1 ...
 $ Race.RaceType1Cd                 : Factor w/ 3 levels "1-5-X-1","1-5-X-2",..: 1 1 1 1 1 1 1 1 1 1 ...
 $ RaceHorse.RaceId                 : Factor w/ 3022 levels "20181125-05-05-08-01",..: 1 2 3 4 5 6 7 8 8 8 ...
 $ RaceHorse.KettoNum               : Factor w/ 13625 levels "2016103853","2018106885",..: 1 2 3 4 5 5 6 7 8 9 ...
 $ Gen02.HansyokuNum                : Factor w/ 457 levels "11201914","11202265",..: 1 2 3 4 5 5 6 7 1 8 ...
 $ Gen02.TimeSdvByRaceAvg           : num  0.157 0.748 -0.103 -0.253 0.554 ...
 $ Gen02.LastTimeSdvByRaceAvg       : num  0.0777 1.3513 -0.1301 -0.5969 0.8377 ...
 $ Gen02.FirstTimeSdvByRaceAvg      : num  0.243 -1.279 -0.342 0.77 -0.738 ...
 $ Gen02.TimeSdvAvg                 : num  0.0577 0.5092 0.6541 0.1746 -0.3668 ...
 $ Gen02.LastTimeSdvAvg             : num  0.0193 1.1506 -0.0774 -0.3791 0.5394 ...
 $ Gen02.FirstTimeSdvAvg            : num  0.0475 -0.6513 1.0481 0.7241 -1.305 ...
 $ Gen02.OrderOfFinishSdvAvg        : num  0.3025 0.9306 -0.0115 -0.1162 0.7212 ...
 $ Gen02.RunCount                   : num  2 1 2 8 2 3 9 4 2 4 ...
 $ Gen02.HitCount1                  : num  0 0 0 0 0 0 0 0 0 1 ...
 $ Gen02.HitCount2                  : num  0 0 0 1 0 0 0 0 0 0 ...
 $ Gen02.HitCount3                  : num  0 0 0 0 1 1 1 0 0 0 ...
 $ Gen02.HitCount4                  : num  1 1 0 1 0 0 0 0 0 0 ...
 $ Gen02.HitCount5                  : num  0 0 0 0 0 0 1 0 0 0 ...
 $ Gen02.HitRate1                   : num  0 0 0 0 0 0 0 0 0 0.25 ...
 $ Gen02.HitRate2                   : num  0 0 0 0.125 0 0 0 0 0 0 ...
 $ Gen02.HitRate3                   : num  0 0 0 0 0.5 ...
 $ Gen02.HitRate4                   : num  0.5 1 0 0.125 0 0 0 0 0 0 ...
 $ Gen02.HitRate5                   : num  0 0 0 0 0 ...
 $ EOF                              : int  1 1 1 1 1 1 1 1 1 1 ...
[1] "2022-02-27 15:43:27 --- RxSqlServerData Finish ---"
[1] "2022-02-27 15:43:27 --- subset Start ---"
[1] "--------------------------------------------------------------------------------"
[1] "nrow(InputDataSet) subset before=35476"
[1] "nrow(InputDataSet) subset after=35476"
[1] "nrow(InputDataSet) subset diff=0"
[1] "--------------------------------------------------------------------------------"
[1] "class(InputDataSet$Race.IsAnalyzeNormalPast)=logical"
[1] "class(InputDataSet$Race.analyzeTrackTypeCd)=NULL"
[1] "2022-02-27 15:43:27 --- subset Finish ---"
[1] "2022-02-27 15:43:27 --- na.omit Start ---"
[1] "--------------------------------------------------------------------------------"
[1] "nrow(InputDataSet) na.omit before=35476"
[1] "nrow(InputDataSet) na.omit after=35472"
[1] "nrow(InputDataSet) na.omit diff=4"
[1] "--------------------------------------------------------------------------------"
[1] "2022-02-27 15:43:27 --- na.omit Finish---"
[1] "2022-02-27 15:43:27 --- New Levels Start ---"
[1] "levels(data$Race.RaceType1Cd)=1-5-X-1"
[2] "levels(data$Race.RaceType1Cd)=1-5-X-2"
[3] "levels(data$Race.RaceType1Cd)=1-5-X-3"
[1] "levels(InputDataSet$Race.RaceType1Cd)=1-5-X-1"
[2] "levels(InputDataSet$Race.RaceType1Cd)=1-5-X-2"
[3] "levels(InputDataSet$Race.RaceType1Cd)=1-5-X-3"
[1] "length(Race.RaceType1Cd.Index)=0"
[1] "2022-02-27 15:43:27 --- New Levels Finish ---"
[1] "2022-02-27 15:43:27 --- na.omit Start ---"
[1] "--------------------------------------------------------------------------------"
[1] "nrow(InputDataSet) na.omit levels before=35472"
[1] "nrow(InputDataSet) na.omit levels after=35472"
[1] "nrow(InputDataSet) na.omit levels diff=0"
[1] "--------------------------------------------------------------------------------"
[1] "2022-02-27 15:43:27 --- na.omit Finish ---"
[1] "2022-02-27 15:43:27 --- Predict InputDataSet Start ---"
[1] "--------------------------------------------------------------------------------"
[1] "nrow(InputDataSet) predict=35472"
[1] "--------------------------------------------------------------------------------"
[1] "str(InputDataSet)="
'data.frame':	35472 obs. of  33 variables:
 $ Race.RaceId                      : Factor w/ 3022 levels "20181125-05-05-08-01",..: 1 2 3 4 5 6 7 8 8 8 ...
 $ Race.IsPredictedRace             : logi  TRUE TRUE TRUE TRUE TRUE TRUE ...
 $ Race.IsAnalyzeNormalPastAndFuture: logi  TRUE TRUE TRUE TRUE TRUE TRUE ...
 $ Race.IsAnalyzeNormalPast         : logi  TRUE TRUE TRUE TRUE TRUE TRUE ...
 $ Race.IsAnalyzeNormalFuture       : logi  FALSE FALSE FALSE FALSE FALSE FALSE ...
 $ Race.IsAnalyzeFullPastAndFuture  : logi  TRUE TRUE TRUE TRUE TRUE TRUE ...
 $ Race.IsAnalyzeFullPast           : logi  TRUE TRUE TRUE TRUE TRUE TRUE ...
 $ Race.IsAnalyzeFullFuture         : logi  FALSE FALSE FALSE FALSE FALSE FALSE ...
 $ Race.JyokenCd                    : Factor w/ 1 level "5": 1 1 1 1 1 1 1 1 1 1 ...
 $ Race.JyoType1Cd                  : Factor w/ 182 levels "1-05-1400-5-1",..: 1 2 3 4 5 5 6 1 1 1 ...
 $ Race.RaceType1Cd                 : Factor w/ 3 levels "1-5-X-1","1-5-X-2",..: 1 1 1 1 1 1 1 1 1 1 ...
 $ RaceHorse.RaceId                 : Factor w/ 3022 levels "20181125-05-05-08-01",..: 1 2 3 4 5 6 7 8 8 8 ...
 $ RaceHorse.KettoNum               : Factor w/ 13625 levels "2016103853","2018106885",..: 1 2 3 4 5 5 6 7 8 9 ...
 $ Gen02.HansyokuNum                : Factor w/ 457 levels "11201914","11202265",..: 1 2 3 4 5 5 6 7 1 8 ...
 $ Gen02.TimeSdvByRaceAvg           : num  0.157 0.748 -0.103 -0.253 0.554 ...
 $ Gen02.LastTimeSdvByRaceAvg       : num  0.0777 1.3513 -0.1301 -0.5969 0.8377 ...
 $ Gen02.FirstTimeSdvByRaceAvg      : num  0.243 -1.279 -0.342 0.77 -0.738 ...
 $ Gen02.TimeSdvAvg                 : num  0.0577 0.5092 0.6541 0.1746 -0.3668 ...
 $ Gen02.LastTimeSdvAvg             : num  0.0193 1.1506 -0.0774 -0.3791 0.5394 ...
 $ Gen02.FirstTimeSdvAvg            : num  0.0475 -0.6513 1.0481 0.7241 -1.305 ...
 $ Gen02.OrderOfFinishSdvAvg        : num  0.3025 0.9306 -0.0115 -0.1162 0.7212 ...
 $ Gen02.RunCount                   : num  2 1 2 8 2 3 9 4 2 4 ...
 $ Gen02.HitCount1                  : num  0 0 0 0 0 0 0 0 0 1 ...
 $ Gen02.HitCount2                  : num  0 0 0 1 0 0 0 0 0 0 ...
 $ Gen02.HitCount3                  : num  0 0 0 0 1 1 1 0 0 0 ...
 $ Gen02.HitCount4                  : num  1 1 0 1 0 0 0 0 0 0 ...
 $ Gen02.HitCount5                  : num  0 0 0 0 0 0 1 0 0 0 ...
 $ Gen02.HitRate1                   : num  0 0 0 0 0 0 0 0 0 0.25 ...
 $ Gen02.HitRate2                   : num  0 0 0 0.125 0 0 0 0 0 0 ...
 $ Gen02.HitRate3                   : num  0 0 0 0 0.5 ...
 $ Gen02.HitRate4                   : num  0.5 1 0 0.125 0 0 0 0 0 0 ...
 $ Gen02.HitRate5                   : num  0 0 0 0 0 ...
 $ EOF                              : int  1 1 1 1 1 1 1 1 1 1 ...
 - attr(*, "na.action")= 'omit' Named int  27442 27502 30096 30796
  ..- attr(*, "names")= chr  "27442" "27502" "30096" "30796"
[1] "2022-02-27 15:43:27 --- Predict InputDataSet Finish ---"
[1] "2022-02-27 15:43:27 --- rxPredict (glm) Start ---"
[1] "analyzeFunc=glm"
Rows Read: 35472, Total Rows Processed: 35472, Total Chunk Time: Less than .001 seconds 
[1] "--------------------------------------------------------------------------------"
[1] "nrow(PredictDataSet) afte predict=35472"
[1] "--------------------------------------------------------------------------------"
[1] "str(PredictDataSet)"
'data.frame':	35472 obs. of  1 variable:
 $ RaceHorse.IsHitA_Pred: num  0.0612 0.0939 0.0544 0.0489 0.0648 ...
NULL
[1] "2022-02-27 15:43:27 --- rxPredict (glm) Finish ---"
[1] "2022-02-27 15:43:27 --- add key Start ---"
[1] "--------------------------------------------------------------------------------"
[1] "nrow(OutputDataSet) add KeyColmn=35472"
[1] "--------------------------------------------------------------------------------"
[1] "str(OutputDataSet) after add Key"
'data.frame':	35472 obs. of  2 variables:
 $ RaceHorse.RaceId  : Factor w/ 3022 levels "20181125-05-05-08-01",..: 1 2 3 4 5 6 7 8 8 8 ...
 $ RaceHorse.KettoNum: Factor w/ 13625 levels "2016103853","2018106885",..: 1 2 3 4 5 5 6 7 8 9 ...
NULL
[1] "2022-02-27 15:43:27 --- add key Finish ---"
[1] "2022-02-27 15:43:27 --- add PredictValue Start ---"
[1] "str(PredictDataSet) before rename="
[1] "colnames(PredictDataSet)=RaceHorse.IsHitA_Pred"
[1] "str(PredictDataSet) after rename="
'data.frame':	35472 obs. of  1 variable:
 $ PredictValue: num  0.0612 0.0939 0.0544 0.0489 0.0648 ...
NULL
[1] "str(OutputDataSet) before cbind="
'data.frame':	35472 obs. of  2 variables:
 $ RaceHorse.RaceId  : Factor w/ 3022 levels "20181125-05-05-08-01",..: 1 2 3 4 5 6 7 8 8 8 ...
 $ RaceHorse.KettoNum: Factor w/ 13625 levels "2016103853","2018106885",..: 1 2 3 4 5 5 6 7 8 9 ...
NULL
[1] "str(OutputDataSet) after cbind="
'data.frame':	35472 obs. of  3 variables:
 $ RaceHorse.RaceId  : Factor w/ 3022 levels "20181125-05-05-08-01",..: 1 2 3 4 5 6 7 8 8 8 ...
 $ RaceHorse.KettoNum: Factor w/ 13625 levels "2016103853","2018106885",..: 1 2 3 4 5 5 6 7 8 9 ...
 $ PredictValue      : num  0.0612 0.0939 0.0544 0.0489 0.0648 ...
NULL
[1] "2022-02-27 15:43:27 --- add PredictValue Finish ---"
[1] "2022-02-27 15:43:27 --- final Start ---"
[1] "--------------------------------------------------------------------------------"
[1] "nrow(OutputDataSet) final=35472"
[1] "--------------------------------------------------------------------------------"
[1] "str(OutputDataSet)="
'data.frame':	35472 obs. of  3 variables:
 $ RaceHorse.RaceId  : Factor w/ 3022 levels "20181125-05-05-08-01",..: 1 2 3 4 5 6 7 8 8 8 ...
 $ RaceHorse.KettoNum: Factor w/ 13625 levels "2016103853","2018106885",..: 1 2 3 4 5 5 6 7 8 9 ...
 $ PredictValue      : num  0.0612 0.0939 0.0544 0.0489 0.0648 ...
NULL
[1] "2022-02-27 15:43:27 --- final Finish ---"
[1] "2022-02-27 15:43:27 --- predict.R Finished ---"
[1] "2022-02-27 15:43:27 --- log Finish ---"
