[1] "2022-02-28 00:38:13 --- D1115_analyze_glm_Gen02_IsHitA_Type15 Start ---"
[1] "2022-02-28 00:38:13 --- Log Start ---"
[1] "2022-02-28 00:38:13 --- analyze_glm.R Start ---"
[1] "analyzeVersion=D1115"
[1] "analyzeCategory=analyze"
[1] "analyzeType=Gen02"
[1] "analyzeFamily=IsHitA"
[1] "analyzeFunc=glm"
[1] "analyzeTrackTypeCd=1"
[1] "analyzeJyokenCd=5"
[1] "2022-02-28 00:38:13 --- source_function.R Start ---"
[1] "2022-02-28 00:38:13 --- source_function.R Finished ---"

> print(paste0(Sys.time(), " --- source_library.R Start ---"))
[1] "2022-02-28 00:38:13 --- source_library.R Start ---"

> require("RevoScaleR")

> print(paste0(Sys.time(), " --- source_library.R Finished ---"))
[1] "2022-02-28 00:38:13 --- source_library.R Finished ---"
[1] "2022-02-28 00:38:13 --- RxSqlServerData Start ---"
[1] "2022-02-28 00:38:13 --- RxInSqlServer Start ---"
[1] "2022-02-28 00:38:13 --- RxInSqlServer Finish ---"
[1] "2022-02-28 00:38:13 --- rxSetComputeContext Start ---"
[1] "2022-02-28 00:38:13 --- rxSetComputeContext Finish ---"
[1] "2022-02-28 00:38:13 --- RxSqlServerData Start ---"
[1] "sqlQuery=SELECT * FROM ViewAnalyzeD1115analyze01Gen02Type15"
[1] "2022-02-28 00:38:13 --- RxSqlServerData Finish ---"
[1] "2022-02-28 00:38:13 --- rxGetVarInfo Start ---"
[1] "2022-02-28 00:38:14 --- rxGetVarInfo Finish---"
[1] "2022-02-28 00:38:14 --- rxImport Start ---"
Rows Read: 29068, Total Rows Processed: 29068, Total Chunk Time: 4.684 seconds 
[1] "2022-02-28 00:38:24 --- rxImport Finish ---"
[1] "object.size(data) auto=10.4 Mb"
[1] "--------------------------------------------------------------------------------"
[1] "nrow(data) RxSqlServerData=29068"
[1] "--------------------------------------------------------------------------------"
[1] "str(data)="
'data.frame':	29068 obs. of  49 variables:
 $ Race.RaceId                      : Factor w/ 2473 levels "20181125-05-05-08-01",..: 1 2 3 4 5 6 7 8 8 8 ...
 $ Race.IsAnalyzeNormalPastAndFuture: logi  TRUE TRUE TRUE TRUE TRUE TRUE ...
 $ Race.IsAnalyzeNormalPast         : logi  TRUE TRUE TRUE TRUE TRUE TRUE ...
 $ Race.IsAnalyzeNormalFuture       : logi  FALSE FALSE FALSE FALSE FALSE FALSE ...
 $ Race.IsAnalyzeFullPastAndFuture  : logi  TRUE TRUE TRUE TRUE TRUE TRUE ...
 $ Race.IsAnalyzeFullPast           : logi  TRUE TRUE TRUE TRUE TRUE TRUE ...
 $ Race.IsAnalyzeFullFuture         : logi  FALSE FALSE FALSE FALSE FALSE FALSE ...
 $ Race.JyokenCd                    : Factor w/ 1 level "5": 1 1 1 1 1 1 1 1 1 1 ...
 $ Race.JyoType1Cd                  : Factor w/ 175 levels "1-05-1400-5-1",..: 1 2 3 4 5 5 6 1 1 1 ...
 $ Race.RaceType1Cd                 : Factor w/ 3 levels "1-5-X-1","1-5-X-2",..: 1 1 1 1 1 1 1 1 1 1 ...
 $ RaceHorse.RaceId                 : Factor w/ 2473 levels "20181125-05-05-08-01",..: 1 2 3 4 5 6 7 8 8 8 ...
 $ RaceHorse.KettoNum               : Factor w/ 11174 levels "2016103853","2018106885",..: 1 2 3 4 5 5 6 7 8 9 ...
 $ RaceHorse.IsHit1                 : num  0 0 0 0 0 0 0 0 0 0 ...
 $ RaceHorse.IsHit2                 : num  0 0 0 0 0 0 0 0 0 0 ...
 $ RaceHorse.IsHit3                 : num  0 0 0 0 0 0 0 0 0 0 ...
 $ RaceHorse.IsHit4                 : num  0 0 0 0 0 0 0 0 0 0 ...
 $ RaceHorse.IsHit5                 : num  0 0 0 0 0 0 0 0 0 0 ...
 $ RaceHorse.IsHit6                 : num  1 1 1 1 1 1 1 1 1 1 ...
 $ RaceHorse.IsValidRaceHorse       : logi  TRUE TRUE TRUE TRUE TRUE TRUE ...
 $ RaceHorse.TimeSdvByRace          : num  -0.922 0.17 0.438 0.218 -1.942 ...
 $ RaceHorse.LastTimeSdvByRace      : num  -1.4661 -0.0749 0.3998 0.7686 -1.6542 ...
 $ RaceHorse.FirstTimeSdvByRace     : num  0.362 0.205 0.114 -1.288 -1.797 ...
 $ RaceHorse.TimeSdv                : num  -0.154 0.121 1.038 0.512 -1.135 ...
 $ RaceHorse.LastTimeSdv            : num  -0.9738 0.1991 0.324 1.1984 0.0773 ...
 $ RaceHorse.FirstTimeSdv           : num  0.7354 -0.0536 0.9242 -0.6896 -1.8648 ...
 $ RaceHorse.OrderOfFinishSdv       : num  -0.9537 0.0931 0.5119 0.5119 -0.535 ...
 $ RaceHorse.IsHitA                 : num  0 0 0 0 0 0 0 0 0 0 ...
 $ RaceHorse.IsHitB                 : num  0 0 0 0 0 0 0 0 0 0 ...
 $ RaceHorse.IsHitC                 : num  0 0 0 0 0 0 0 0 0 0 ...
 $ Gen02.HansyokuNum                : Factor w/ 410 levels "11201914","11202265",..: 1 2 3 4 5 5 6 7 1 8 ...
 $ Gen02.TimeSdvByRaceAvg           : num  0.157 0.748 -0.103 -0.253 0.554 ...
 $ Gen02.LastTimeSdvByRaceAvg       : num  0.0777 1.3513 -0.1301 -0.5969 0.8377 ...
 $ Gen02.FirstTimeSdvByRaceAvg      : num  0.243 -1.279 -0.342 0.77 -0.738 ...
 $ Gen02.TimeSdvAvg                 : num  0.0577 0.5092 0.6541 0.1746 -0.3668 ...
 $ Gen02.LastTimeSdvAvg             : num  0.0193 1.1506 -0.0774 -0.3791 0.5394 ...
 $ Gen02.FirstTimeSdvAvg            : num  0.0475 -0.6513 1.0481 0.7241 -1.305 ...
 $ Gen02.OrderOfFinishSdvAvg        : num  0.3025 0.9306 -0.0115 -0.1162 0.7212 ...
 $ Gen02.RunCount                   : num  2 1 2 8 2 3 9 4 2 4 ...
 $ Gen02.HitCount1                  : num  0 0 0 0 0 0 0 0 0 1 ...
 $ Gen02.HitCount2                  : num  0 0 0 1 0 0 0 0 0 0 ...
 $ Gen02.HitCount3                  : num  0 0 0 0 1 1 1 0 0 0 ...
 $ Gen02.HitCount4                  : num  1 1 0 1 0 0 0 0 0 0 ...
 $ Gen02.HitCount5                  : num  0 0 0 0 0 0 1 0 0 0 ...
 $ Gen02.HitRate1                   : num  0 0 0 0 0 0 0 0 0 0.25 ...
 $ Gen02.HitRate2                   : num  0 0 0 0.125 0 0 0 0 0 0 ...
 $ Gen02.HitRate3                   : num  0 0 0 0 0.5 ...
 $ Gen02.HitRate4                   : num  0.5 1 0 0.125 0 0 0 0 0 0 ...
 $ Gen02.HitRate5                   : num  0 0 0 0 0 ...
 $ EOF                              : int  1 1 1 1 1 1 1 1 1 1 ...
[1] "2022-02-28 00:38:25 --- RxSqlServerData Finish ---"
[1] "2022-02-28 00:38:25 --- subset Start ---"
[1] "--------------------------------------------------------------------------------"
[1] "nrow(data) subset before=29068"
[1] "nrow(data) subset after =29068"
[1] "nrow(data) subset diff =0"
[1] "--------------------------------------------------------------------------------"
[1] "2022-02-28 00:38:26 --- subset Finish---"
[1] "2022-02-28 00:38:26 --- transform Start ---"
[1] "--------------------------------------------------------------------------------"
[1] "nrow(data) transform before=29068"
[1] "nrow(data) transform after=29068"
[1] "nrow(data) transform diff=0"
[1] "--------------------------------------------------------------------------------"
[1] "str(data)="
'data.frame':	29068 obs. of  49 variables:
 $ Race.RaceId                      : Factor w/ 2473 levels "20181125-05-05-08-01",..: 1 2 3 4 5 6 7 8 8 8 ...
 $ Race.IsAnalyzeNormalPastAndFuture: logi  TRUE TRUE TRUE TRUE TRUE TRUE ...
 $ Race.IsAnalyzeNormalPast         : logi  TRUE TRUE TRUE TRUE TRUE TRUE ...
 $ Race.IsAnalyzeNormalFuture       : logi  FALSE FALSE FALSE FALSE FALSE FALSE ...
 $ Race.IsAnalyzeFullPastAndFuture  : logi  TRUE TRUE TRUE TRUE TRUE TRUE ...
 $ Race.IsAnalyzeFullPast           : logi  TRUE TRUE TRUE TRUE TRUE TRUE ...
 $ Race.IsAnalyzeFullFuture         : logi  FALSE FALSE FALSE FALSE FALSE FALSE ...
 $ Race.JyokenCd                    : Factor w/ 1 level "5": 1 1 1 1 1 1 1 1 1 1 ...
 $ Race.JyoType1Cd                  : Factor w/ 175 levels "1-05-1400-5-1",..: 1 2 3 4 5 5 6 1 1 1 ...
 $ Race.RaceType1Cd                 : Factor w/ 3 levels "1-5-X-1","1-5-X-2",..: 1 1 1 1 1 1 1 1 1 1 ...
 $ RaceHorse.RaceId                 : Factor w/ 2473 levels "20181125-05-05-08-01",..: 1 2 3 4 5 6 7 8 8 8 ...
 $ RaceHorse.KettoNum               : Factor w/ 11174 levels "2016103853","2018106885",..: 1 2 3 4 5 5 6 7 8 9 ...
 $ RaceHorse.IsHit1                 : num  0 0 0 0 0 0 0 0 0 0 ...
 $ RaceHorse.IsHit2                 : num  0 0 0 0 0 0 0 0 0 0 ...
 $ RaceHorse.IsHit3                 : num  0 0 0 0 0 0 0 0 0 0 ...
 $ RaceHorse.IsHit4                 : num  0 0 0 0 0 0 0 0 0 0 ...
 $ RaceHorse.IsHit5                 : num  0 0 0 0 0 0 0 0 0 0 ...
 $ RaceHorse.IsHit6                 : num  1 1 1 1 1 1 1 1 1 1 ...
 $ RaceHorse.IsValidRaceHorse       : logi  TRUE TRUE TRUE TRUE TRUE TRUE ...
 $ RaceHorse.TimeSdvByRace          : num  -0.922 0.17 0.438 0.218 -1.942 ...
 $ RaceHorse.LastTimeSdvByRace      : num  -1.4661 -0.0749 0.3998 0.7686 -1.6542 ...
 $ RaceHorse.FirstTimeSdvByRace     : num  0.362 0.205 0.114 -1.288 -1.797 ...
 $ RaceHorse.TimeSdv                : num  -0.154 0.121 1.038 0.512 -1.135 ...
 $ RaceHorse.LastTimeSdv            : num  -0.9738 0.1991 0.324 1.1984 0.0773 ...
 $ RaceHorse.FirstTimeSdv           : num  0.7354 -0.0536 0.9242 -0.6896 -1.8648 ...
 $ RaceHorse.OrderOfFinishSdv       : num  -0.9537 0.0931 0.5119 0.5119 -0.535 ...
 $ RaceHorse.IsHitA                 : num  0 0 0 0 0 0 0 0 0 0 ...
 $ RaceHorse.IsHitB                 : num  0 0 0 0 0 0 0 0 0 0 ...
 $ RaceHorse.IsHitC                 : num  0 0 0 0 0 0 0 0 0 0 ...
 $ Gen02.HansyokuNum                : Factor w/ 410 levels "11201914","11202265",..: 1 2 3 4 5 5 6 7 1 8 ...
 $ Gen02.TimeSdvByRaceAvg           : num  0.157 0.748 -0.103 -0.253 0.554 ...
 $ Gen02.LastTimeSdvByRaceAvg       : num  0.0777 1.3513 -0.1301 -0.5969 0.8377 ...
 $ Gen02.FirstTimeSdvByRaceAvg      : num  0.243 -1.279 -0.342 0.77 -0.738 ...
 $ Gen02.TimeSdvAvg                 : num  0.0577 0.5092 0.6541 0.1746 -0.3668 ...
 $ Gen02.LastTimeSdvAvg             : num  0.0193 1.1506 -0.0774 -0.3791 0.5394 ...
 $ Gen02.FirstTimeSdvAvg            : num  0.0475 -0.6513 1.0481 0.7241 -1.305 ...
 $ Gen02.OrderOfFinishSdvAvg        : num  0.3025 0.9306 -0.0115 -0.1162 0.7212 ...
 $ Gen02.RunCount                   : num  2 1 2 8 2 3 9 4 2 4 ...
 $ Gen02.HitCount1                  : num  0 0 0 0 0 0 0 0 0 1 ...
 $ Gen02.HitCount2                  : num  0 0 0 1 0 0 0 0 0 0 ...
 $ Gen02.HitCount3                  : num  0 0 0 0 1 1 1 0 0 0 ...
 $ Gen02.HitCount4                  : num  1 1 0 1 0 0 0 0 0 0 ...
 $ Gen02.HitCount5                  : num  0 0 0 0 0 0 1 0 0 0 ...
 $ Gen02.HitRate1                   : num  0 0 0 0 0 0 0 0 0 0.25 ...
 $ Gen02.HitRate2                   : num  0 0 0 0.125 0 0 0 0 0 0 ...
 $ Gen02.HitRate3                   : num  0 0 0 0 0.5 ...
 $ Gen02.HitRate4                   : num  0.5 1 0 0.125 0 0 0 0 0 0 ...
 $ Gen02.HitRate5                   : num  0 0 0 0 0 ...
 $ EOF                              : int  1 1 1 1 1 1 1 1 1 1 ...
NULL
[1] "2022-02-28 00:38:27 --- transform Finish ---"
[1] "2022-02-28 00:38:27 --- na.omit Start ---"
[1] "--------------------------------------------------------------------------------"
[1] "nrow(data) na.omit before=29068"
[1] "nrow(data) na.omit after =28880"
[1] "nrow(data) na.omit diff =188"
[1] "--------------------------------------------------------------------------------"
'data.frame':	28880 obs. of  49 variables:
 $ Race.RaceId                      : Factor w/ 2473 levels "20181125-05-05-08-01",..: 1 2 3 4 5 6 7 8 8 8 ...
 $ Race.IsAnalyzeNormalPastAndFuture: logi  TRUE TRUE TRUE TRUE TRUE TRUE ...
 $ Race.IsAnalyzeNormalPast         : logi  TRUE TRUE TRUE TRUE TRUE TRUE ...
 $ Race.IsAnalyzeNormalFuture       : logi  FALSE FALSE FALSE FALSE FALSE FALSE ...
 $ Race.IsAnalyzeFullPastAndFuture  : logi  TRUE TRUE TRUE TRUE TRUE TRUE ...
 $ Race.IsAnalyzeFullPast           : logi  TRUE TRUE TRUE TRUE TRUE TRUE ...
 $ Race.IsAnalyzeFullFuture         : logi  FALSE FALSE FALSE FALSE FALSE FALSE ...
 $ Race.JyokenCd                    : Factor w/ 1 level "5": 1 1 1 1 1 1 1 1 1 1 ...
 $ Race.JyoType1Cd                  : Factor w/ 175 levels "1-05-1400-5-1",..: 1 2 3 4 5 5 6 1 1 1 ...
 $ Race.RaceType1Cd                 : Factor w/ 3 levels "1-5-X-1","1-5-X-2",..: 1 1 1 1 1 1 1 1 1 1 ...
 $ RaceHorse.RaceId                 : Factor w/ 2473 levels "20181125-05-05-08-01",..: 1 2 3 4 5 6 7 8 8 8 ...
 $ RaceHorse.KettoNum               : Factor w/ 11174 levels "2016103853","2018106885",..: 1 2 3 4 5 5 6 7 8 9 ...
 $ RaceHorse.IsHit1                 : num  0 0 0 0 0 0 0 0 0 0 ...
 $ RaceHorse.IsHit2                 : num  0 0 0 0 0 0 0 0 0 0 ...
 $ RaceHorse.IsHit3                 : num  0 0 0 0 0 0 0 0 0 0 ...
 $ RaceHorse.IsHit4                 : num  0 0 0 0 0 0 0 0 0 0 ...
 $ RaceHorse.IsHit5                 : num  0 0 0 0 0 0 0 0 0 0 ...
 $ RaceHorse.IsHit6                 : num  1 1 1 1 1 1 1 1 1 1 ...
 $ RaceHorse.IsValidRaceHorse       : logi  TRUE TRUE TRUE TRUE TRUE TRUE ...
 $ RaceHorse.TimeSdvByRace          : num  -0.922 0.17 0.438 0.218 -1.942 ...
 $ RaceHorse.LastTimeSdvByRace      : num  -1.4661 -0.0749 0.3998 0.7686 -1.6542 ...
 $ RaceHorse.FirstTimeSdvByRace     : num  0.362 0.205 0.114 -1.288 -1.797 ...
 $ RaceHorse.TimeSdv                : num  -0.154 0.121 1.038 0.512 -1.135 ...
 $ RaceHorse.LastTimeSdv            : num  -0.9738 0.1991 0.324 1.1984 0.0773 ...
 $ RaceHorse.FirstTimeSdv           : num  0.7354 -0.0536 0.9242 -0.6896 -1.8648 ...
 $ RaceHorse.OrderOfFinishSdv       : num  -0.9537 0.0931 0.5119 0.5119 -0.535 ...
 $ RaceHorse.IsHitA                 : num  0 0 0 0 0 0 0 0 0 0 ...
 $ RaceHorse.IsHitB                 : num  0 0 0 0 0 0 0 0 0 0 ...
 $ RaceHorse.IsHitC                 : num  0 0 0 0 0 0 0 0 0 0 ...
 $ Gen02.HansyokuNum                : Factor w/ 410 levels "11201914","11202265",..: 1 2 3 4 5 5 6 7 1 8 ...
 $ Gen02.TimeSdvByRaceAvg           : num  0.157 0.748 -0.103 -0.253 0.554 ...
 $ Gen02.LastTimeSdvByRaceAvg       : num  0.0777 1.3513 -0.1301 -0.5969 0.8377 ...
 $ Gen02.FirstTimeSdvByRaceAvg      : num  0.243 -1.279 -0.342 0.77 -0.738 ...
 $ Gen02.TimeSdvAvg                 : num  0.0577 0.5092 0.6541 0.1746 -0.3668 ...
 $ Gen02.LastTimeSdvAvg             : num  0.0193 1.1506 -0.0774 -0.3791 0.5394 ...
 $ Gen02.FirstTimeSdvAvg            : num  0.0475 -0.6513 1.0481 0.7241 -1.305 ...
 $ Gen02.OrderOfFinishSdvAvg        : num  0.3025 0.9306 -0.0115 -0.1162 0.7212 ...
 $ Gen02.RunCount                   : num  2 1 2 8 2 3 9 4 2 4 ...
 $ Gen02.HitCount1                  : num  0 0 0 0 0 0 0 0 0 1 ...
 $ Gen02.HitCount2                  : num  0 0 0 1 0 0 0 0 0 0 ...
 $ Gen02.HitCount3                  : num  0 0 0 0 1 1 1 0 0 0 ...
 $ Gen02.HitCount4                  : num  1 1 0 1 0 0 0 0 0 0 ...
 $ Gen02.HitCount5                  : num  0 0 0 0 0 0 1 0 0 0 ...
 $ Gen02.HitRate1                   : num  0 0 0 0 0 0 0 0 0 0.25 ...
 $ Gen02.HitRate2                   : num  0 0 0 0.125 0 0 0 0 0 0 ...
 $ Gen02.HitRate3                   : num  0 0 0 0 0.5 ...
 $ Gen02.HitRate4                   : num  0.5 1 0 0.125 0 0 0 0 0 0 ...
 $ Gen02.HitRate5                   : num  0 0 0 0 0 ...
 $ EOF                              : int  1 1 1 1 1 1 1 1 1 1 ...
 - attr(*, "na.action")= 'omit' Named int  6644 6645 6646 6647 6648 6649 6650 6651 6652 6653 ...
  ..- attr(*, "names")= chr  "6644" "6645" "6646" "6647" ...
[1] "2022-02-28 00:38:29 --- na.omit Finish ---"
[1] "2022-02-28 00:38:29 --- rxGlm with rxStepControl Start ---"

> print(paste0(Sys.time(), " --- source_logic_glm.R Start ---"))
[1] "2022-02-28 00:38:29 --- source_logic_glm.R Start ---"

> formula <- formula(RaceHorse.IsHitA ~ +1 + Gen02.TimeSdvByRaceAvg + 
+     Gen02.LastTimeSdvByRaceAvg + Gen02.FirstTimeSdvByRaceAvg + 
+     Gen02.TimeSdvAvg + Gen02.LastTimeSdvAvg + Gen02.FirstTimeSdvAvg)

> print(paste0(Sys.time(), " --- source_logic_glm.R Finished ---"))
[1] "2022-02-28 00:38:29 --- source_logic_glm.R Finished ---"
Rows Read: 28880, Total Rows Processed: 28880, Total Chunk Time: 0.004 seconds 

Starting values (iteration 1) time: 0.029 secs.
Rows Read: 28880, Total Rows Processed: 28880, Total Chunk Time: 0.007 seconds 

Iteration 2 time: 0.031 secs.
Rows Read: 28880, Total Rows Processed: 28880, Total Chunk Time: 0.007 seconds 

Iteration 3 time: 0.023 secs.
Rows Read: 28880, Total Rows Processed: 28880, Total Chunk Time: 0.007 seconds 

Iteration 4 time: 0.022 secs.
Rows Read: 28880, Total Rows Processed: 28880, Total Chunk Time: 0.007 seconds 

Iteration 5 time: 0.027 secs.

Elapsed computation time: 0.258 secs.
Rows Read: 28880, Total Rows Processed: 28880, Total Chunk Time: 0.004 seconds 

Starting values (iteration 1) time: 0.024 secs.
Rows Read: 28880, Total Rows Processed: 28880, Total Chunk Time: 0.005 seconds 

Iteration 2 time: 0.028 secs.
Rows Read: 28880, Total Rows Processed: 28880, Total Chunk Time: 0.005 seconds 

Iteration 3 time: 0.026 secs.
Rows Read: 28880, Total Rows Processed: 28880, Total Chunk Time: 0.006 seconds 

Iteration 4 time: 0.026 secs.
Rows Read: 28880, Total Rows Processed: 28880, Total Chunk Time: 0.006 seconds 

Iteration 5 time: 0.032 secs.

Elapsed computation time: 0.303 secs.
Rows Read: 28880, Total Rows Processed: 28880, Total Chunk Time: 0.004 seconds 

Starting values (iteration 1) time: 0.030 secs.
Rows Read: 28880, Total Rows Processed: 28880, Total Chunk Time: 0.006 seconds 

Iteration 2 time: 0.031 secs.
Rows Read: 28880, Total Rows Processed: 28880, Total Chunk Time: 0.005 seconds 

Iteration 3 time: 0.025 secs.
Rows Read: 28880, Total Rows Processed: 28880, Total Chunk Time: 0.006 seconds 

Iteration 4 time: 0.029 secs.
Rows Read: 28880, Total Rows Processed: 28880, Total Chunk Time: 0.006 seconds 

Iteration 5 time: 0.026 secs.

Elapsed computation time: 0.322 secs.
Rows Read: 28880, Total Rows Processed: 28880, Total Chunk Time: 0.004 seconds 

Starting values (iteration 1) time: 0.022 secs.
Rows Read: 28880, Total Rows Processed: 28880, Total Chunk Time: 0.006 seconds 

Iteration 2 time: 0.030 secs.
Rows Read: 28880, Total Rows Processed: 28880, Total Chunk Time: 0.006 seconds 

Iteration 3 time: 0.029 secs.
Rows Read: 28880, Total Rows Processed: 28880, Total Chunk Time: 0.006 seconds 

Iteration 4 time: 0.026 secs.
Rows Read: 28880, Total Rows Processed: 28880, Total Chunk Time: 0.005 seconds 

Iteration 5 time: 0.027 secs.

Elapsed computation time: 0.288 secs.
Rows Read: 28880, Total Rows Processed: 28880, Total Chunk Time: 0.003 seconds 

Starting values (iteration 1) time: 0.025 secs.
Rows Read: 28880, Total Rows Processed: 28880, Total Chunk Time: 0.006 seconds 

Iteration 2 time: 0.029 secs.
Rows Read: 28880, Total Rows Processed: 28880, Total Chunk Time: 0.005 seconds 

Iteration 3 time: 0.029 secs.
Rows Read: 28880, Total Rows Processed: 28880, Total Chunk Time: 0.006 seconds 

Iteration 4 time: 0.028 secs.
Rows Read: 28880, Total Rows Processed: 28880, Total Chunk Time: 0.005 seconds 

Iteration 5 time: 0.030 secs.

Elapsed computation time: 0.310 secs.
Rows Read: 28880, Total Rows Processed: 28880, Total Chunk Time: 0.004 seconds 

Starting values (iteration 1) time: 0.028 secs.
Rows Read: 28880, Total Rows Processed: 28880, Total Chunk Time: 0.007 seconds 

Iteration 2 time: 0.031 secs.
Rows Read: 28880, Total Rows Processed: 28880, Total Chunk Time: 0.005 seconds 

Iteration 3 time: 0.030 secs.
Rows Read: 28880, Total Rows Processed: 28880, Total Chunk Time: 0.005 seconds 

Iteration 4 time: 0.030 secs.
Rows Read: 28880, Total Rows Processed: 28880, Total Chunk Time: 0.006 seconds 

Iteration 5 time: 0.031 secs.

Elapsed computation time: 0.317 secs.
Rows Read: 28880, Total Rows Processed: 28880, Total Chunk Time: 0.004 seconds 

Starting values (iteration 1) time: 0.030 secs.
Rows Read: 28880, Total Rows Processed: 28880, Total Chunk Time: 0.006 seconds 

Iteration 2 time: 0.032 secs.
Rows Read: 28880, Total Rows Processed: 28880, Total Chunk Time: 0.006 seconds 

Iteration 3 time: 0.027 secs.
Rows Read: 28880, Total Rows Processed: 28880, Total Chunk Time: 0.006 seconds 

Iteration 4 time: 0.030 secs.
Rows Read: 28880, Total Rows Processed: 28880, Total Chunk Time: 0.005 seconds 

Iteration 5 time: 0.032 secs.

Elapsed computation time: 0.323 secs.
Rows Read: 28880, Total Rows Processed: 28880, Total Chunk Time: 0.003 seconds 

Starting values (iteration 1) time: 0.033 secs.
Rows Read: 28880, Total Rows Processed: 28880, Total Chunk Time: 0.006 seconds 

Iteration 2 time: 0.032 secs.
Rows Read: 28880, Total Rows Processed: 28880, Total Chunk Time: 0.006 seconds 

Iteration 3 time: 0.029 secs.
Rows Read: 28880, Total Rows Processed: 28880, Total Chunk Time: 0.005 seconds 

Iteration 4 time: 0.058 secs.
Rows Read: 28880, Total Rows Processed: 28880, Total Chunk Time: 0.006 seconds 

Iteration 5 time: 0.034 secs.

Elapsed computation time: 0.373 secs.
Rows Read: 28880, Total Rows Processed: 28880, Total Chunk Time: 0.003 seconds 

Starting values (iteration 1) time: 0.031 secs.
Rows Read: 28880, Total Rows Processed: 28880, Total Chunk Time: 0.005 seconds 

Iteration 2 time: 0.038 secs.
Rows Read: 28880, Total Rows Processed: 28880, Total Chunk Time: 0.005 seconds 

Iteration 3 time: 0.038 secs.
Rows Read: 28880, Total Rows Processed: 28880, Total Chunk Time: 0.005 seconds 

Iteration 4 time: 0.035 secs.
Rows Read: 28880, Total Rows Processed: 28880, Total Chunk Time: 0.005 seconds 

Iteration 5 time: 0.037 secs.

Elapsed computation time: 0.373 secs.
Rows Read: 28880, Total Rows Processed: 28880, Total Chunk Time: 0.003 seconds 

Starting values (iteration 1) time: 0.037 secs.
Rows Read: 28880, Total Rows Processed: 28880, Total Chunk Time: 0.005 seconds 

Iteration 2 time: 0.034 secs.
Rows Read: 28880, Total Rows Processed: 28880, Total Chunk Time: 0.005 seconds 

Iteration 3 time: 0.033 secs.
Rows Read: 28880, Total Rows Processed: 28880, Total Chunk Time: 0.005 seconds 

Iteration 4 time: 0.060 secs.
Rows Read: 28880, Total Rows Processed: 28880, Total Chunk Time: 0.005 seconds 

Iteration 5 time: 0.032 secs.

Elapsed computation time: 0.384 secs.
Rows Read: 28880, Total Rows Processed: 28880, Total Chunk Time: 0.003 seconds 

Starting values (iteration 1) time: 0.035 secs.
Rows Read: 28880, Total Rows Processed: 28880, Total Chunk Time: 0.005 seconds 

Iteration 2 time: 0.042 secs.
Rows Read: 28880, Total Rows Processed: 28880, Total Chunk Time: 0.005 seconds 

Iteration 3 time: 0.039 secs.
Rows Read: 28880, Total Rows Processed: 28880, Total Chunk Time: 0.005 seconds 

Iteration 4 time: 0.035 secs.
Rows Read: 28880, Total Rows Processed: 28880, Total Chunk Time: 0.004 seconds 

Iteration 5 time: 0.039 secs.

Elapsed computation time: 0.403 secs.
Rows Read: 28880, Total Rows Processed: 28880, Total Chunk Time: 0.003 seconds 

Starting values (iteration 1) time: 0.033 secs.
Rows Read: 28880, Total Rows Processed: 28880, Total Chunk Time: 0.005 seconds 

Iteration 2 time: 0.041 secs.
Rows Read: 28880, Total Rows Processed: 28880, Total Chunk Time: 0.004 seconds 

Iteration 3 time: 0.035 secs.
Rows Read: 28880, Total Rows Processed: 28880, Total Chunk Time: 0.004 seconds 

Iteration 4 time: 0.037 secs.
Rows Read: 28880, Total Rows Processed: 28880, Total Chunk Time: 0.005 seconds 

Iteration 5 time: 0.032 secs.

Elapsed computation time: 0.374 secs.
Rows Read: 28880, Total Rows Processed: 28880, Total Chunk Time: 0.003 seconds 

Starting values (iteration 1) time: 0.033 secs.
Rows Read: 28880, Total Rows Processed: 28880, Total Chunk Time: 0.005 seconds 

Iteration 2 time: 0.033 secs.
Rows Read: 28880, Total Rows Processed: 28880, Total Chunk Time: 0.004 seconds 

Iteration 3 time: 0.035 secs.
Rows Read: 28880, Total Rows Processed: 28880, Total Chunk Time: 0.004 seconds 

Iteration 4 time: 0.032 secs.
Rows Read: 28880, Total Rows Processed: 28880, Total Chunk Time: 0.004 seconds 

Iteration 5 time: 0.035 secs.

Elapsed computation time: 0.357 secs.
Rows Read: 28880, Total Rows Processed: 28880, Total Chunk Time: 0.003 seconds 

Starting values (iteration 1) time: 0.035 secs.
Rows Read: 28880, Total Rows Processed: 28880, Total Chunk Time: 0.006 seconds 

Iteration 2 time: 0.048 secs.
Rows Read: 28880, Total Rows Processed: 28880, Total Chunk Time: 0.006 seconds 

Iteration 3 time: 0.039 secs.
Rows Read: 28880, Total Rows Processed: 28880, Total Chunk Time: 0.005 seconds 

Iteration 4 time: 0.032 secs.
Rows Read: 28880, Total Rows Processed: 28880, Total Chunk Time: 0.005 seconds 

Iteration 5 time: 0.058 secs.

Elapsed computation time: 0.418 secs.

Elapsed computation time: 5.311 secs.
[1] "--------------------------------------------------------------------------------"
[1] "analyze.results.glm.step="
Logistic Regression Results for: RaceHorse.IsHitA ~
    Gen02.FirstTimeSdvAvg + Gen02.FirstTimeSdvByRaceAvg +
    Gen02.LastTimeSdvAvg + Gen02.TimeSdvAvg + Gen02.TimeSdvByRaceAvg
Data: data
Dependent variable(s): RaceHorse.IsHitA
Total independent variables: 6 
Number of valid observations: 28880
Number of missing observations: 0 
 
Coefficients:
                            RaceHorse.IsHitA
(Intercept)                             -2.9
Gen02.FirstTimeSdvAvg                    0.5
Gen02.FirstTimeSdvByRaceAvg              0.1
Gen02.LastTimeSdvAvg                     0.7
Gen02.TimeSdvAvg                        -0.5
Gen02.TimeSdvByRaceAvg                   0.8
[1] "analyze.results.glm.step.summary"
Call:
rxLogit(formula = formula, data = data, variableSelection = analyze.results.glm.step.varsel)

Logistic Regression Results for: RaceHorse.IsHitA ~
    Gen02.FirstTimeSdvAvg + Gen02.FirstTimeSdvByRaceAvg +
    Gen02.LastTimeSdvAvg + Gen02.TimeSdvAvg + Gen02.TimeSdvByRaceAvg
Data: data
Dependent variable(s): RaceHorse.IsHitA
Total independent variables: 6 
Number of valid observations: 28880
Number of missing observations: 0 
-2*LogLikelihood: 14071.007 (Residual deviance on 28874 degrees of freedom)
 
Coefficients:
                            Estimate Std. Error z value Pr(>|z|)    
(Intercept)                  -2.8908     0.0304  -95.18  2.2e-16 ***
Gen02.FirstTimeSdvAvg         0.5457     0.2149    2.54   0.0111 *  
Gen02.FirstTimeSdvByRaceAvg   0.1220     0.0476    2.56   0.0104 *  
Gen02.LastTimeSdvAvg          0.7190     0.2242    3.21   0.0013 ** 
Gen02.TimeSdvAvg             -0.5480     0.2733   -2.00   0.0450 *  
Gen02.TimeSdvByRaceAvg        0.7847     0.0669   11.74  2.2e-16 ***
---
Signif. codes:  0 '***' 0.001 '**' 0.01 '*' 0.05 '.' 0.1 ' ' 1

Condition number of final variance-covariance matrix: 320 
Number of iterations: 5
[1] "--------------------------------------------------------------------------------"
[1] "2022-02-28 00:38:36 --- rxGlm with rxStepControl Finish ---"
[1] "2022-02-28 00:38:36 --- rxStepPlot Start ---"
[1] "pdfFilename=pdf_analyze_glm_Gen02_Type15_rxStepPlot.pdf"
[1] "rxStepPlot="
[1] "2022-02-28 00:38:37 --- rxStepPlot Finish ---"
[1] "2022-02-28 00:38:37 --- save.image Start ---"
[1] "save.image"
[1] "rdataFilename=RData_analyze_glm_Gen02_Type15.RData"
[1] "2022-02-28 00:38:37 --- save.image Finish ---"
[1] "2022-02-28 00:38:37 --- final Start ---"
[1] "--------------------------------------------------------------------------------"
[1] "nrow(data) final=28880"
[1] "--------------------------------------------------------------------------------"
[1] "2022-02-28 00:38:37 --- final Finish ---"
[1] "2022-02-28 00:38:37 --- analyze_glm.R Finished ---"
[1] "2022-02-28 00:38:37 --- log Finish ---"
