[1] "2022-02-28 00:38:00 --- D1115_analyze_glm_Gen01_IsHitA_Type22 Start ---"
[1] "2022-02-28 00:38:00 --- Log Start ---"
[1] "2022-02-28 00:38:00 --- analyze_glm.R Start ---"
[1] "analyzeVersion=D1115"
[1] "analyzeCategory=analyze"
[1] "analyzeType=Gen01"
[1] "analyzeFamily=IsHitA"
[1] "analyzeFunc=glm"
[1] "analyzeTrackTypeCd=2"
[1] "analyzeJyokenCd=2"
[1] "2022-02-28 00:38:00 --- source_function.R Start ---"
[1] "2022-02-28 00:38:00 --- source_function.R Finished ---"

> print(paste0(Sys.time(), " --- source_library.R Start ---"))
[1] "2022-02-28 00:38:00 --- source_library.R Start ---"

> require("RevoScaleR")

> print(paste0(Sys.time(), " --- source_library.R Finished ---"))
[1] "2022-02-28 00:38:00 --- source_library.R Finished ---"
[1] "2022-02-28 00:38:00 --- RxSqlServerData Start ---"
[1] "2022-02-28 00:38:00 --- RxInSqlServer Start ---"
[1] "2022-02-28 00:38:00 --- RxInSqlServer Finish ---"
[1] "2022-02-28 00:38:00 --- rxSetComputeContext Start ---"
[1] "2022-02-28 00:38:00 --- rxSetComputeContext Finish ---"
[1] "2022-02-28 00:38:00 --- RxSqlServerData Start ---"
[1] "sqlQuery=SELECT * FROM ViewAnalyzeD1115analyze01Gen01Type22"
[1] "2022-02-28 00:38:00 --- RxSqlServerData Finish ---"
[1] "2022-02-28 00:38:00 --- rxGetVarInfo Start ---"
[1] "2022-02-28 00:38:00 --- rxGetVarInfo Finish---"
[1] "2022-02-28 00:38:00 --- rxImport Start ---"
Rows Read: 5568, Total Rows Processed: 5568, Total Chunk Time: 3.335 seconds 
[1] "2022-02-28 00:38:07 --- rxImport Finish ---"
[1] "object.size(data) auto=1.9 Mb"
[1] "--------------------------------------------------------------------------------"
[1] "nrow(data) RxSqlServerData=5568"
[1] "--------------------------------------------------------------------------------"
[1] "str(data)="
'data.frame':	5568 obs. of  49 variables:
 $ Race.RaceId                      : Factor w/ 399 levels "20160116-06-01-05-10",..: 1 1 1 2 3 3 3 3 4 5 ...
 $ Race.IsAnalyzeNormalPastAndFuture: logi  TRUE TRUE TRUE TRUE TRUE TRUE ...
 $ Race.IsAnalyzeNormalPast         : logi  TRUE TRUE TRUE TRUE TRUE TRUE ...
 $ Race.IsAnalyzeNormalFuture       : logi  FALSE FALSE FALSE FALSE FALSE FALSE ...
 $ Race.IsAnalyzeFullPastAndFuture  : logi  TRUE TRUE TRUE TRUE TRUE TRUE ...
 $ Race.IsAnalyzeFullPast           : logi  TRUE TRUE TRUE TRUE TRUE TRUE ...
 $ Race.IsAnalyzeFullFuture         : logi  FALSE FALSE FALSE FALSE FALSE FALSE ...
 $ Race.JyokenCd                    : Factor w/ 1 level "2": 1 1 1 1 1 1 1 1 1 1 ...
 $ Race.JyoType1Cd                  : Factor w/ 71 levels "2-06-1200-2-1",..: 1 1 1 2 3 3 3 3 4 5 ...
 $ Race.RaceType1Cd                 : Factor w/ 2 levels "2-2-E-1","2-2-E-2": 1 1 1 1 1 1 1 1 1 1 ...
 $ RaceHorse.RaceId                 : Factor w/ 399 levels "20160116-06-01-05-10",..: 1 1 1 2 3 3 3 3 4 5 ...
 $ RaceHorse.KettoNum               : Factor w/ 1156 levels "2010102894","2011100528",..: 1 2 3 4 5 6 7 8 9 10 ...
 $ RaceHorse.IsHit1                 : num  0 0 0 0 0 0 0 0 0 0 ...
 $ RaceHorse.IsHit2                 : num  0 0 0 0 0 0 0 0 0 0 ...
 $ RaceHorse.IsHit3                 : num  0 0 0 0 0 0 0 0 0 0 ...
 $ RaceHorse.IsHit4                 : num  0 0 0 0 0 0 0 0 0 0 ...
 $ RaceHorse.IsHit5                 : num  0 0 0 0 0 0 0 0 0 0 ...
 $ RaceHorse.IsHit6                 : num  1 1 1 1 1 1 1 1 1 1 ...
 $ RaceHorse.IsValidRaceHorse       : logi  TRUE TRUE TRUE TRUE TRUE TRUE ...
 $ RaceHorse.TimeSdvByRace          : num  0.6926 0.0277 0.6926 0.0724 -0.048 ...
 $ RaceHorse.LastTimeSdvByRace      : num  1.302 -0.186 -0.483 -0.277 0.236 ...
 $ RaceHorse.FirstTimeSdvByRace     : num  -0.936 0.229 1.061 1.382 -0.427 ...
 $ RaceHorse.TimeSdv                : num  0.3024 -0.0731 0.3024 -1.405 0.4263 ...
 $ RaceHorse.LastTimeSdv            : num  1.25347 0.20368 -0.00628 -1.58059 -0.33504 ...
 $ RaceHorse.FirstTimeSdv           : num  -1.334 -0.354 0.347 0.744 1.068 ...
 $ RaceHorse.OrderOfFinishSdv       : num  0.2366 -0.2151 0.4624 0.0107 -0.2151 ...
 $ RaceHorse.IsHitA                 : num  0 0 0 0 0 0 0 0 0 0 ...
 $ RaceHorse.IsHitB                 : num  0 0 0 0 0 0 0 0 0 0 ...
 $ RaceHorse.IsHitC                 : num  0 0 0 0 0 0 0 0 0 0 ...
 $ Gen01.HansyokuNum                : Factor w/ 210 levels "11201901","11202191",..: 1 2 3 4 5 6 7 8 9 10 ...
 $ Gen01.TimeSdvByRaceAvg           : num  0.088 0.742 0.259 -2.779 0.241 ...
 $ Gen01.LastTimeSdvByRaceAvg       : num  0.3632 -0.1253 0.0326 -0.9063 0.3828 ...
 $ Gen01.FirstTimeSdvByRaceAvg      : num  -0.621 0.93 0.506 -2.085 -0.124 ...
 $ Gen01.TimeSdvAvg                 : num  0.246 0.886 0.178 -3.208 0.161 ...
 $ Gen01.LastTimeSdvAvg             : num  0.502 0.114 -0.331 -0.919 0.446 ...
 $ Gen01.FirstTimeSdvAvg            : num  -0.461 0.928 0.517 -2.514 -0.411 ...
 $ Gen01.OrderOfFinishSdvAvg        : num  0.101 0.824 -0.14 -1.796 0.223 ...
 $ Gen01.RunCount                   : num  20 5 3 1 33 65 26 2 17 75 ...
 $ Gen01.HitCount1                  : num  0 1 0 0 3 0 2 0 2 3 ...
 $ Gen01.HitCount2                  : num  1 1 0 0 1 5 2 0 2 4 ...
 $ Gen01.HitCount3                  : num  3 0 1 0 1 4 1 0 2 12 ...
 $ Gen01.HitCount4                  : num  3 0 0 0 0 1 2 1 2 2 ...
 $ Gen01.HitCount5                  : num  1 1 0 0 7 6 2 0 1 3 ...
 $ Gen01.HitRate1                   : num  0 0.2 0 0 0.0909 ...
 $ Gen01.HitRate2                   : num  0.05 0.2 0 0 0.0303 ...
 $ Gen01.HitRate3                   : num  0.15 0 0.3333 0 0.0303 ...
 $ Gen01.HitRate4                   : num  0.15 0 0 0 0 ...
 $ Gen01.HitRate5                   : num  0.05 0.2 0 0 0.212 ...
 $ EOF                              : int  1 1 1 1 1 1 1 1 1 1 ...
[1] "2022-02-28 00:38:07 --- RxSqlServerData Finish ---"
[1] "2022-02-28 00:38:07 --- subset Start ---"
[1] "--------------------------------------------------------------------------------"
[1] "nrow(data) subset before=5568"
[1] "nrow(data) subset after =5568"
[1] "nrow(data) subset diff =0"
[1] "--------------------------------------------------------------------------------"
[1] "2022-02-28 00:38:07 --- subset Finish---"
[1] "2022-02-28 00:38:07 --- transform Start ---"
[1] "--------------------------------------------------------------------------------"
[1] "nrow(data) transform before=5568"
[1] "nrow(data) transform after=5568"
[1] "nrow(data) transform diff=0"
[1] "--------------------------------------------------------------------------------"
[1] "str(data)="
'data.frame':	5568 obs. of  49 variables:
 $ Race.RaceId                      : Factor w/ 399 levels "20160116-06-01-05-10",..: 1 1 1 2 3 3 3 3 4 5 ...
 $ Race.IsAnalyzeNormalPastAndFuture: logi  TRUE TRUE TRUE TRUE TRUE TRUE ...
 $ Race.IsAnalyzeNormalPast         : logi  TRUE TRUE TRUE TRUE TRUE TRUE ...
 $ Race.IsAnalyzeNormalFuture       : logi  FALSE FALSE FALSE FALSE FALSE FALSE ...
 $ Race.IsAnalyzeFullPastAndFuture  : logi  TRUE TRUE TRUE TRUE TRUE TRUE ...
 $ Race.IsAnalyzeFullPast           : logi  TRUE TRUE TRUE TRUE TRUE TRUE ...
 $ Race.IsAnalyzeFullFuture         : logi  FALSE FALSE FALSE FALSE FALSE FALSE ...
 $ Race.JyokenCd                    : Factor w/ 1 level "2": 1 1 1 1 1 1 1 1 1 1 ...
 $ Race.JyoType1Cd                  : Factor w/ 71 levels "2-06-1200-2-1",..: 1 1 1 2 3 3 3 3 4 5 ...
 $ Race.RaceType1Cd                 : Factor w/ 2 levels "2-2-E-1","2-2-E-2": 1 1 1 1 1 1 1 1 1 1 ...
 $ RaceHorse.RaceId                 : Factor w/ 399 levels "20160116-06-01-05-10",..: 1 1 1 2 3 3 3 3 4 5 ...
 $ RaceHorse.KettoNum               : Factor w/ 1156 levels "2010102894","2011100528",..: 1 2 3 4 5 6 7 8 9 10 ...
 $ RaceHorse.IsHit1                 : num  0 0 0 0 0 0 0 0 0 0 ...
 $ RaceHorse.IsHit2                 : num  0 0 0 0 0 0 0 0 0 0 ...
 $ RaceHorse.IsHit3                 : num  0 0 0 0 0 0 0 0 0 0 ...
 $ RaceHorse.IsHit4                 : num  0 0 0 0 0 0 0 0 0 0 ...
 $ RaceHorse.IsHit5                 : num  0 0 0 0 0 0 0 0 0 0 ...
 $ RaceHorse.IsHit6                 : num  1 1 1 1 1 1 1 1 1 1 ...
 $ RaceHorse.IsValidRaceHorse       : logi  TRUE TRUE TRUE TRUE TRUE TRUE ...
 $ RaceHorse.TimeSdvByRace          : num  0.6926 0.0277 0.6926 0.0724 -0.048 ...
 $ RaceHorse.LastTimeSdvByRace      : num  1.302 -0.186 -0.483 -0.277 0.236 ...
 $ RaceHorse.FirstTimeSdvByRace     : num  -0.936 0.229 1.061 1.382 -0.427 ...
 $ RaceHorse.TimeSdv                : num  0.3024 -0.0731 0.3024 -1.405 0.4263 ...
 $ RaceHorse.LastTimeSdv            : num  1.25347 0.20368 -0.00628 -1.58059 -0.33504 ...
 $ RaceHorse.FirstTimeSdv           : num  -1.334 -0.354 0.347 0.744 1.068 ...
 $ RaceHorse.OrderOfFinishSdv       : num  0.2366 -0.2151 0.4624 0.0107 -0.2151 ...
 $ RaceHorse.IsHitA                 : num  0 0 0 0 0 0 0 0 0 0 ...
 $ RaceHorse.IsHitB                 : num  0 0 0 0 0 0 0 0 0 0 ...
 $ RaceHorse.IsHitC                 : num  0 0 0 0 0 0 0 0 0 0 ...
 $ Gen01.HansyokuNum                : Factor w/ 210 levels "11201901","11202191",..: 1 2 3 4 5 6 7 8 9 10 ...
 $ Gen01.TimeSdvByRaceAvg           : num  0.088 0.742 0.259 -2.779 0.241 ...
 $ Gen01.LastTimeSdvByRaceAvg       : num  0.3632 -0.1253 0.0326 -0.9063 0.3828 ...
 $ Gen01.FirstTimeSdvByRaceAvg      : num  -0.621 0.93 0.506 -2.085 -0.124 ...
 $ Gen01.TimeSdvAvg                 : num  0.246 0.886 0.178 -3.208 0.161 ...
 $ Gen01.LastTimeSdvAvg             : num  0.502 0.114 -0.331 -0.919 0.446 ...
 $ Gen01.FirstTimeSdvAvg            : num  -0.461 0.928 0.517 -2.514 -0.411 ...
 $ Gen01.OrderOfFinishSdvAvg        : num  0.101 0.824 -0.14 -1.796 0.223 ...
 $ Gen01.RunCount                   : num  20 5 3 1 33 65 26 2 17 75 ...
 $ Gen01.HitCount1                  : num  0 1 0 0 3 0 2 0 2 3 ...
 $ Gen01.HitCount2                  : num  1 1 0 0 1 5 2 0 2 4 ...
 $ Gen01.HitCount3                  : num  3 0 1 0 1 4 1 0 2 12 ...
 $ Gen01.HitCount4                  : num  3 0 0 0 0 1 2 1 2 2 ...
 $ Gen01.HitCount5                  : num  1 1 0 0 7 6 2 0 1 3 ...
 $ Gen01.HitRate1                   : num  0 0.2 0 0 0.0909 ...
 $ Gen01.HitRate2                   : num  0.05 0.2 0 0 0.0303 ...
 $ Gen01.HitRate3                   : num  0.15 0 0.3333 0 0.0303 ...
 $ Gen01.HitRate4                   : num  0.15 0 0 0 0 ...
 $ Gen01.HitRate5                   : num  0.05 0.2 0 0 0.212 ...
 $ EOF                              : int  1 1 1 1 1 1 1 1 1 1 ...
NULL
[1] "2022-02-28 00:38:07 --- transform Finish ---"
[1] "2022-02-28 00:38:07 --- na.omit Start ---"
[1] "--------------------------------------------------------------------------------"
[1] "nrow(data) na.omit before=5568"
[1] "nrow(data) na.omit after =5531"
[1] "nrow(data) na.omit diff =37"
[1] "--------------------------------------------------------------------------------"
'data.frame':	5531 obs. of  49 variables:
 $ Race.RaceId                      : Factor w/ 399 levels "20160116-06-01-05-10",..: 1 1 1 2 3 3 3 3 4 5 ...
 $ Race.IsAnalyzeNormalPastAndFuture: logi  TRUE TRUE TRUE TRUE TRUE TRUE ...
 $ Race.IsAnalyzeNormalPast         : logi  TRUE TRUE TRUE TRUE TRUE TRUE ...
 $ Race.IsAnalyzeNormalFuture       : logi  FALSE FALSE FALSE FALSE FALSE FALSE ...
 $ Race.IsAnalyzeFullPastAndFuture  : logi  TRUE TRUE TRUE TRUE TRUE TRUE ...
 $ Race.IsAnalyzeFullPast           : logi  TRUE TRUE TRUE TRUE TRUE TRUE ...
 $ Race.IsAnalyzeFullFuture         : logi  FALSE FALSE FALSE FALSE FALSE FALSE ...
 $ Race.JyokenCd                    : Factor w/ 1 level "2": 1 1 1 1 1 1 1 1 1 1 ...
 $ Race.JyoType1Cd                  : Factor w/ 71 levels "2-06-1200-2-1",..: 1 1 1 2 3 3 3 3 4 5 ...
 $ Race.RaceType1Cd                 : Factor w/ 2 levels "2-2-E-1","2-2-E-2": 1 1 1 1 1 1 1 1 1 1 ...
 $ RaceHorse.RaceId                 : Factor w/ 399 levels "20160116-06-01-05-10",..: 1 1 1 2 3 3 3 3 4 5 ...
 $ RaceHorse.KettoNum               : Factor w/ 1156 levels "2010102894","2011100528",..: 1 2 3 4 5 6 7 8 9 10 ...
 $ RaceHorse.IsHit1                 : num  0 0 0 0 0 0 0 0 0 0 ...
 $ RaceHorse.IsHit2                 : num  0 0 0 0 0 0 0 0 0 0 ...
 $ RaceHorse.IsHit3                 : num  0 0 0 0 0 0 0 0 0 0 ...
 $ RaceHorse.IsHit4                 : num  0 0 0 0 0 0 0 0 0 0 ...
 $ RaceHorse.IsHit5                 : num  0 0 0 0 0 0 0 0 0 0 ...
 $ RaceHorse.IsHit6                 : num  1 1 1 1 1 1 1 1 1 1 ...
 $ RaceHorse.IsValidRaceHorse       : logi  TRUE TRUE TRUE TRUE TRUE TRUE ...
 $ RaceHorse.TimeSdvByRace          : num  0.6926 0.0277 0.6926 0.0724 -0.048 ...
 $ RaceHorse.LastTimeSdvByRace      : num  1.302 -0.186 -0.483 -0.277 0.236 ...
 $ RaceHorse.FirstTimeSdvByRace     : num  -0.936 0.229 1.061 1.382 -0.427 ...
 $ RaceHorse.TimeSdv                : num  0.3024 -0.0731 0.3024 -1.405 0.4263 ...
 $ RaceHorse.LastTimeSdv            : num  1.25347 0.20368 -0.00628 -1.58059 -0.33504 ...
 $ RaceHorse.FirstTimeSdv           : num  -1.334 -0.354 0.347 0.744 1.068 ...
 $ RaceHorse.OrderOfFinishSdv       : num  0.2366 -0.2151 0.4624 0.0107 -0.2151 ...
 $ RaceHorse.IsHitA                 : num  0 0 0 0 0 0 0 0 0 0 ...
 $ RaceHorse.IsHitB                 : num  0 0 0 0 0 0 0 0 0 0 ...
 $ RaceHorse.IsHitC                 : num  0 0 0 0 0 0 0 0 0 0 ...
 $ Gen01.HansyokuNum                : Factor w/ 210 levels "11201901","11202191",..: 1 2 3 4 5 6 7 8 9 10 ...
 $ Gen01.TimeSdvByRaceAvg           : num  0.088 0.742 0.259 -2.779 0.241 ...
 $ Gen01.LastTimeSdvByRaceAvg       : num  0.3632 -0.1253 0.0326 -0.9063 0.3828 ...
 $ Gen01.FirstTimeSdvByRaceAvg      : num  -0.621 0.93 0.506 -2.085 -0.124 ...
 $ Gen01.TimeSdvAvg                 : num  0.246 0.886 0.178 -3.208 0.161 ...
 $ Gen01.LastTimeSdvAvg             : num  0.502 0.114 -0.331 -0.919 0.446 ...
 $ Gen01.FirstTimeSdvAvg            : num  -0.461 0.928 0.517 -2.514 -0.411 ...
 $ Gen01.OrderOfFinishSdvAvg        : num  0.101 0.824 -0.14 -1.796 0.223 ...
 $ Gen01.RunCount                   : num  20 5 3 1 33 65 26 2 17 75 ...
 $ Gen01.HitCount1                  : num  0 1 0 0 3 0 2 0 2 3 ...
 $ Gen01.HitCount2                  : num  1 1 0 0 1 5 2 0 2 4 ...
 $ Gen01.HitCount3                  : num  3 0 1 0 1 4 1 0 2 12 ...
 $ Gen01.HitCount4                  : num  3 0 0 0 0 1 2 1 2 2 ...
 $ Gen01.HitCount5                  : num  1 1 0 0 7 6 2 0 1 3 ...
 $ Gen01.HitRate1                   : num  0 0.2 0 0 0.0909 ...
 $ Gen01.HitRate2                   : num  0.05 0.2 0 0 0.0303 ...
 $ Gen01.HitRate3                   : num  0.15 0 0.3333 0 0.0303 ...
 $ Gen01.HitRate4                   : num  0.15 0 0 0 0 ...
 $ Gen01.HitRate5                   : num  0.05 0.2 0 0 0.212 ...
 $ EOF                              : int  1 1 1 1 1 1 1 1 1 1 ...
 - attr(*, "na.action")= 'omit' Named int  1219 1220 1221 1222 1223 1224 1225 1226 1227 1228 ...
  ..- attr(*, "names")= chr  "1219" "1220" "1221" "1222" ...
[1] "2022-02-28 00:38:08 --- na.omit Finish ---"
[1] "2022-02-28 00:38:08 --- rxGlm with rxStepControl Start ---"

> print(paste0(Sys.time(), " --- source_logic_glm.R Start ---"))
[1] "2022-02-28 00:38:08 --- source_logic_glm.R Start ---"

> formula <- formula(RaceHorse.IsHitA ~ +1 + Gen01.TimeSdvByRaceAvg + 
+     Gen01.LastTimeSdvByRaceAvg + Gen01.FirstTimeSdvByRaceAvg + 
+     Gen01.TimeSdvAvg + Gen01.LastTimeSdvAvg + Gen01.FirstTimeSdvAvg)

> print(paste0(Sys.time(), " --- source_logic_glm.R Finished ---"))
[1] "2022-02-28 00:38:08 --- source_logic_glm.R Finished ---"
Rows Read: 5531, Total Rows Processed: 5531, Total Chunk Time: 0.002 seconds 

Starting values (iteration 1) time: 0.012 secs.
Rows Read: 5531, Total Rows Processed: 5531, Total Chunk Time: 0.002 seconds 

Iteration 2 time: 0.008 secs.
Rows Read: 5531, Total Rows Processed: 5531, Total Chunk Time: 0.002 seconds 

Iteration 3 time: 0.005 secs.
Rows Read: 5531, Total Rows Processed: 5531, Total Chunk Time: 0.002 seconds 

Iteration 4 time: 0.005 secs.
Rows Read: 5531, Total Rows Processed: 5531, Total Chunk Time: 0.002 seconds 

Iteration 5 time: 0.007 secs.

Elapsed computation time: 0.055 secs.
Rows Read: 5531, Total Rows Processed: 5531, Total Chunk Time: Less than .001 seconds 

Starting values (iteration 1) time: 0.006 secs.
Rows Read: 5531, Total Rows Processed: 5531, Total Chunk Time: 0.002 seconds 

Iteration 2 time: 0.005 secs.
Rows Read: 5531, Total Rows Processed: 5531, Total Chunk Time: 0.002 seconds 

Iteration 3 time: 0.006 secs.
Rows Read: 5531, Total Rows Processed: 5531, Total Chunk Time: 0.002 seconds 

Iteration 4 time: 0.006 secs.
Rows Read: 5531, Total Rows Processed: 5531, Total Chunk Time: 0.002 seconds 

Iteration 5 time: 0.007 secs.

Elapsed computation time: 0.058 secs.
Rows Read: 5531, Total Rows Processed: 5531, Total Chunk Time: Less than .001 seconds 

Starting values (iteration 1) time: 0.007 secs.
Rows Read: 5531, Total Rows Processed: 5531, Total Chunk Time: 0.002 seconds 

Iteration 2 time: 0.006 secs.
Rows Read: 5531, Total Rows Processed: 5531, Total Chunk Time: 0.002 seconds 

Iteration 3 time: 0.005 secs.
Rows Read: 5531, Total Rows Processed: 5531, Total Chunk Time: 0.002 seconds 

Iteration 4 time: 0.010 secs.
Rows Read: 5531, Total Rows Processed: 5531, Total Chunk Time: 0.002 seconds 

Iteration 5 time: 0.010 secs.

Elapsed computation time: 0.070 secs.
Rows Read: 5531, Total Rows Processed: 5531, Total Chunk Time: Less than .001 seconds 

Starting values (iteration 1) time: 0.005 secs.
Rows Read: 5531, Total Rows Processed: 5531, Total Chunk Time: 0.001 seconds 

Iteration 2 time: 0.006 secs.
Rows Read: 5531, Total Rows Processed: 5531, Total Chunk Time: 0.002 seconds 

Iteration 3 time: 0.007 secs.
Rows Read: 5531, Total Rows Processed: 5531, Total Chunk Time: 0.002 seconds 

Iteration 4 time: 0.009 secs.
Rows Read: 5531, Total Rows Processed: 5531, Total Chunk Time: 0.002 seconds 

Iteration 5 time: 0.006 secs.

Elapsed computation time: 0.064 secs.
Rows Read: 5531, Total Rows Processed: 5531, Total Chunk Time: Less than .001 seconds 

Starting values (iteration 1) time: 0.006 secs.
Rows Read: 5531, Total Rows Processed: 5531, Total Chunk Time: 0.002 seconds 

Iteration 2 time: 0.008 secs.
Rows Read: 5531, Total Rows Processed: 5531, Total Chunk Time: 0.002 seconds 

Iteration 3 time: 0.005 secs.
Rows Read: 5531, Total Rows Processed: 5531, Total Chunk Time: 0.002 seconds 

Iteration 4 time: 0.006 secs.
Rows Read: 5531, Total Rows Processed: 5531, Total Chunk Time: 0.002 seconds 

Iteration 5 time: 0.007 secs.

Elapsed computation time: 0.062 secs.
Rows Read: 5531, Total Rows Processed: 5531, Total Chunk Time: 0.002 seconds 

Starting values (iteration 1) time: 0.006 secs.
Rows Read: 5531, Total Rows Processed: 5531, Total Chunk Time: 0.002 seconds 

Iteration 2 time: 0.008 secs.
Rows Read: 5531, Total Rows Processed: 5531, Total Chunk Time: 0.002 seconds 

Iteration 3 time: 0.007 secs.
Rows Read: 5531, Total Rows Processed: 5531, Total Chunk Time: 0.002 seconds 

Iteration 4 time: 0.008 secs.
Rows Read: 5531, Total Rows Processed: 5531, Total Chunk Time: 0.002 seconds 

Iteration 5 time: 0.006 secs.

Elapsed computation time: 0.066 secs.
Rows Read: 5531, Total Rows Processed: 5531, Total Chunk Time: Less than .001 seconds 

Starting values (iteration 1) time: 0.006 secs.
Rows Read: 5531, Total Rows Processed: 5531, Total Chunk Time: 0.003 seconds 

Iteration 2 time: 0.008 secs.
Rows Read: 5531, Total Rows Processed: 5531, Total Chunk Time: 0.002 seconds 

Iteration 3 time: 0.005 secs.
Rows Read: 5531, Total Rows Processed: 5531, Total Chunk Time: 0.002 seconds 

Iteration 4 time: 0.006 secs.
Rows Read: 5531, Total Rows Processed: 5531, Total Chunk Time: 0.001 seconds 

Iteration 5 time: 0.006 secs.

Elapsed computation time: 0.056 secs.
Rows Read: 5531, Total Rows Processed: 5531, Total Chunk Time: Less than .001 seconds 

Starting values (iteration 1) time: 0.008 secs.
Rows Read: 5531, Total Rows Processed: 5531, Total Chunk Time: 0.002 seconds 

Iteration 2 time: 0.008 secs.
Rows Read: 5531, Total Rows Processed: 5531, Total Chunk Time: 0.002 seconds 

Iteration 3 time: 0.005 secs.
Rows Read: 5531, Total Rows Processed: 5531, Total Chunk Time: 0.002 seconds 

Iteration 4 time: 0.005 secs.
Rows Read: 5531, Total Rows Processed: 5531, Total Chunk Time: 0.002 seconds 

Iteration 5 time: 0.005 secs.

Elapsed computation time: 0.060 secs.
Rows Read: 5531, Total Rows Processed: 5531, Total Chunk Time: 0.002 seconds 

Starting values (iteration 1) time: 0.005 secs.
Rows Read: 5531, Total Rows Processed: 5531, Total Chunk Time: 0.002 seconds 

Iteration 2 time: 0.006 secs.
Rows Read: 5531, Total Rows Processed: 5531, Total Chunk Time: 0.001 seconds 

Iteration 3 time: 0.006 secs.
Rows Read: 5531, Total Rows Processed: 5531, Total Chunk Time: 0.002 seconds 

Iteration 4 time: 0.003 secs.
Rows Read: 5531, Total Rows Processed: 5531, Total Chunk Time: 0.002 seconds 

Iteration 5 time: 0.005 secs.

Elapsed computation time: 0.050 secs.
Rows Read: 5531, Total Rows Processed: 5531, Total Chunk Time: Less than .001 seconds 

Starting values (iteration 1) time: 0.004 secs.
Rows Read: 5531, Total Rows Processed: 5531, Total Chunk Time: 0.002 seconds 

Iteration 2 time: 0.006 secs.
Rows Read: 5531, Total Rows Processed: 5531, Total Chunk Time: 0.002 seconds 

Iteration 3 time: 0.007 secs.
Rows Read: 5531, Total Rows Processed: 5531, Total Chunk Time: 0.002 seconds 

Iteration 4 time: 0.005 secs.
Rows Read: 5531, Total Rows Processed: 5531, Total Chunk Time: 0.002 seconds 

Iteration 5 time: 0.006 secs.

Elapsed computation time: 0.053 secs.
Rows Read: 5531, Total Rows Processed: 5531, Total Chunk Time: Less than .001 seconds 

Starting values (iteration 1) time: 0.005 secs.
Rows Read: 5531, Total Rows Processed: 5531, Total Chunk Time: 0.002 seconds 

Iteration 2 time: 0.007 secs.
Rows Read: 5531, Total Rows Processed: 5531, Total Chunk Time: 0.002 seconds 

Iteration 3 time: 0.004 secs.
Rows Read: 5531, Total Rows Processed: 5531, Total Chunk Time: 0.002 seconds 

Iteration 4 time: 0.007 secs.
Rows Read: 5531, Total Rows Processed: 5531, Total Chunk Time: 0.002 seconds 

Iteration 5 time: 0.006 secs.

Elapsed computation time: 0.058 secs.
Rows Read: 5531, Total Rows Processed: 5531, Total Chunk Time: Less than .001 seconds 

Starting values (iteration 1) time: 0.007 secs.
Rows Read: 5531, Total Rows Processed: 5531, Total Chunk Time: 0.001 seconds 

Iteration 2 time: 0.007 secs.
Rows Read: 5531, Total Rows Processed: 5531, Total Chunk Time: 0.002 seconds 

Iteration 3 time: 0.005 secs.
Rows Read: 5531, Total Rows Processed: 5531, Total Chunk Time: 0.002 seconds 

Iteration 4 time: 0.007 secs.

Elapsed computation time: 0.045 secs.
Rows Read: 5531, Total Rows Processed: 5531, Total Chunk Time: Less than .001 seconds 

Starting values (iteration 1) time: 0.005 secs.
Rows Read: 5531, Total Rows Processed: 5531, Total Chunk Time: 0.002 seconds 

Iteration 2 time: 0.011 secs.
Rows Read: 5531, Total Rows Processed: 5531, Total Chunk Time: Less than .001 seconds 

Iteration 3 time: 0.010 secs.
Rows Read: 5531, Total Rows Processed: 5531, Total Chunk Time: Less than .001 seconds 

Iteration 4 time: 0.007 secs.
Rows Read: 5531, Total Rows Processed: 5531, Total Chunk Time: 0.002 seconds 

Iteration 5 time: 0.008 secs.

Elapsed computation time: 0.066 secs.
Rows Read: 5531, Total Rows Processed: 5531, Total Chunk Time: 0.002 seconds 

Starting values (iteration 1) time: 0.006 secs.
Rows Read: 5531, Total Rows Processed: 5531, Total Chunk Time: 0.002 seconds 

Iteration 2 time: 0.006 secs.
Rows Read: 5531, Total Rows Processed: 5531, Total Chunk Time: 0.002 seconds 

Iteration 3 time: 0.005 secs.
Rows Read: 5531, Total Rows Processed: 5531, Total Chunk Time: 0.003 seconds 

Iteration 4 time: 0.009 secs.
Rows Read: 5531, Total Rows Processed: 5531, Total Chunk Time: 0.002 seconds 

Iteration 5 time: 0.006 secs.

Elapsed computation time: 0.061 secs.

Elapsed computation time: 0.923 secs.
[1] "--------------------------------------------------------------------------------"
[1] "analyze.results.glm.step="
Logistic Regression Results for: RaceHorse.IsHitA ~
    Gen01.FirstTimeSdvAvg + Gen01.FirstTimeSdvByRaceAvg +
    Gen01.LastTimeSdvAvg + Gen01.LastTimeSdvByRaceAvg +
    Gen01.TimeSdvAvg
Data: data
Dependent variable(s): RaceHorse.IsHitA
Total independent variables: 6 
Number of valid observations: 5531
Number of missing observations: 0 
 
Coefficients:
                            RaceHorse.IsHitA
(Intercept)                             -2.7
Gen01.FirstTimeSdvAvg                   -1.6
Gen01.FirstTimeSdvByRaceAvg              0.8
Gen01.LastTimeSdvAvg                    -2.5
Gen01.LastTimeSdvByRaceAvg               1.1
Gen01.TimeSdvAvg                         1.8
[1] "analyze.results.glm.step.summary"
Call:
rxLogit(formula = formula, data = data, variableSelection = analyze.results.glm.step.varsel)

Logistic Regression Results for: RaceHorse.IsHitA ~
    Gen01.FirstTimeSdvAvg + Gen01.FirstTimeSdvByRaceAvg +
    Gen01.LastTimeSdvAvg + Gen01.LastTimeSdvByRaceAvg +
    Gen01.TimeSdvAvg
Data: data
Dependent variable(s): RaceHorse.IsHitA
Total independent variables: 6 
Number of valid observations: 5531
Number of missing observations: 0 
-2*LogLikelihood: 2719.368 (Residual deviance on 5525 degrees of freedom)
 
Coefficients:
                            Estimate Std. Error z value Pr(>|z|)    
(Intercept)                   -2.721      0.060  -45.38  2.2e-16 ***
Gen01.FirstTimeSdvAvg         -1.590      0.556   -2.86  0.00422 ** 
Gen01.FirstTimeSdvByRaceAvg    0.807      0.158    5.11  3.2e-07 ***
Gen01.LastTimeSdvAvg          -2.492      0.731   -3.41  0.00065 ***
Gen01.LastTimeSdvByRaceAvg     1.135      0.237    4.78  1.7e-06 ***
Gen01.TimeSdvAvg               1.848      0.673    2.74  0.00607 ** 
---
Signif. codes:  0 '***' 0.001 '**' 0.01 '*' 0.05 '.' 0.1 ' ' 1

Condition number of final variance-covariance matrix: 317 
Number of iterations: 5
[1] "--------------------------------------------------------------------------------"
[1] "2022-02-28 00:38:09 --- rxGlm with rxStepControl Finish ---"
[1] "2022-02-28 00:38:09 --- rxStepPlot Start ---"
[1] "pdfFilename=pdf_analyze_glm_Gen01_Type22_rxStepPlot.pdf"
[1] "rxStepPlot="
[1] "2022-02-28 00:38:09 --- rxStepPlot Finish ---"
[1] "2022-02-28 00:38:09 --- save.image Start ---"
[1] "save.image"
[1] "rdataFilename=RData_analyze_glm_Gen01_Type22.RData"
[1] "2022-02-28 00:38:09 --- save.image Finish ---"
[1] "2022-02-28 00:38:09 --- final Start ---"
[1] "--------------------------------------------------------------------------------"
[1] "nrow(data) final=5531"
[1] "--------------------------------------------------------------------------------"
[1] "2022-02-28 00:38:09 --- final Finish ---"
[1] "2022-02-28 00:38:09 --- analyze_glm.R Finished ---"
[1] "2022-02-28 00:38:09 --- log Finish ---"
