[1] "2022-02-27 15:51:44 --- D1115_Predict_glm_Basic_IsHitA_Type25 Start ---"
[1] "2022-02-27 15:51:44 --- Log Start ---"
[1] "2022-02-27 15:51:44 --- predict.R Start ---"
[1] "--------------------------------------------------------------------------------"
[1] "analyzeVersion=D1115"
[1] "analyzeCategory=Predict"
[1] "analyzeType=Basic"
[1] "analyzeFamily=IsHitA"
[1] "analyzeFunc=glm"
[1] "analyzeTrackTypeCd=2"
[1] "analyzeJyokenCd=5"
[1] "--------------------------------------------------------------------------------"
[1] "2022-02-27 15:51:44 --- source_function.R Start ---"
[1] "2022-02-27 15:51:44 --- source_function.R Finished ---"
[1] "2022-02-27 15:51:44 --- source_library.R Start ---"
[1] "2022-02-27 15:51:44 --- source_library.R Finished ---"
[1] "2022-02-27 15:51:44 --- Load Start ---"
[1] "analyzeTrackTypeCd=2"
[1] "analyzeJyokenCd=5"
[1] "loadFilename=RData_Analyze_glm_Basic_Type25.RData"
[1] "2022-02-27 15:51:44 --- Load Finished ---"
[1] "2022-02-27 15:51:44 --- RxSqlServerData Start ---"
[1] "2022-02-27 15:51:44 --- RxInSqlServer Start ---"
[1] "2022-02-27 15:51:44 --- RxInSqlServer Finish ---"
[1] "2022-02-27 15:51:44 --- rxSetComputeContext Start ---"
[1] "2022-02-27 15:51:44 --- rxSetComputeContext Finish ---"
[1] "2022-02-27 15:51:44 --- RxSqlServerData Start ---"
[1] "analyzeTrackTypeCd=2"
[1] "analyzeJyokenCd=5"
[1] "predictSqlQuery=SELECT * FROM ViewAnalyzeD1115Predict01BasicType25"
[1] "2022-02-27 15:51:44 --- RxSqlServerData Finish ---"
[1] "2022-02-27 15:51:44 --- rxGetVarInfo Start ---"
[1] "2022-02-27 15:51:44 --- rxGetVarInfo Finish---"
[1] "2022-02-27 15:51:44 --- rxImport Start ---"
Rows Read: 59890, Total Rows Processed: 59890, Total Chunk Time: 2.430 seconds 
[1] "2022-02-27 15:51:49 --- rxImport Finish ---"
[1] "object.size(InputDataSet) auto=11.9 Mb"
[1] "--------------------------------------------------------------------------------"
[1] "nrow(InputDataSet) RxSqlServerData=59890"
[1] "--------------------------------------------------------------------------------"
[1] "str(InputDataSet)="
'data.frame':	59890 obs. of  28 variables:
 $ Race.RaceId                      : Factor w/ 4073 levels "20160430-05-02-03-03",..: 1 1 1 1 1 1 1 1 1 1 ...
 $ Race.IsAnalyzeNormalPastAndFuture: logi  TRUE TRUE TRUE TRUE TRUE TRUE ...
 $ Race.IsAnalyzeNormalPast         : logi  TRUE TRUE TRUE TRUE TRUE TRUE ...
 $ Race.IsAnalyzeNormalFuture       : logi  FALSE FALSE FALSE FALSE FALSE FALSE ...
 $ Race.IsAnalyzeFullPastAndFuture  : logi  TRUE TRUE TRUE TRUE TRUE TRUE ...
 $ Race.IsAnalyzeFullPast           : logi  TRUE TRUE TRUE TRUE TRUE TRUE ...
 $ Race.IsAnalyzeFullFuture         : logi  FALSE FALSE FALSE FALSE FALSE FALSE ...
 $ Race.JyokenCd                    : Factor w/ 1 level "5": 1 1 1 1 1 1 1 1 1 1 ...
 $ Race.JyoType1Cd                  : Factor w/ 118 levels "2-05-1600-5-2",..: 1 1 1 1 1 1 1 1 1 1 ...
 $ Race.RaceType1Cd                 : Factor w/ 3 levels "2-5-X-1","2-5-X-2",..: 1 1 1 1 1 1 1 1 1 1 ...
 $ RaceHorse.RaceId                 : Factor w/ 4073 levels "20160430-05-02-03-03",..: 1 1 1 1 1 1 1 1 1 1 ...
 $ RaceHorse.KettoNum               : Factor w/ 20759 levels "2013105244","2013105558",..: 1 2 3 4 5 6 7 8 9 10 ...
 $ RaceHorse.UmabanSdv              : num  -1.565 -1.342 -1.118 -0.894 -0.671 ...
 $ RaceHorse.BareiSdv               : num  0.568 0.568 0.568 0.568 0.568 ...
 $ RaceHorse.BataijyuSdv            : num  0.9 -0.976 0.622 -0.281 -0.559 ...
 $ RaceHorse.FutanSdv               : num  -1.001 -0.289 -0.289 -0.289 -0.289 ...
 $ RaceHorse.LifetimeSdv            : num  0.641 0.42 0.132 -0.118 0.506 ...
 $ RaceHorse.FutanRatioSdv          : num  -1.024 0.731 -0.592 0.123 0.359 ...
 $ DataMining.DmTimeSdv             : num  0.9406 0.6144 0.0707 0.7232 1.4735 ...
 $ DataMiningTaisen.TmScoreSdv      : num  0.182 0.793 0.162 0.793 1.155 ...
 $ OddsByWin.Odds1                  : num  50.4 24.5 45.1 5.3 3.5 ...
 $ OddsByWin.Ninki                  : num  10 7 8 3 2 12 11 9 NA 15 ...
 $ OddsByWin.OddsLog1               : num  3.94 3.24 3.83 1.84 1.5 ...
 $ OddsByWin.OddsRatio1             : num  0.0202 0.0426 0.0227 0.2326 0.4 ...
 $ OddsByWin.OddsLogit1             : num  -3.92 -3.2 -3.81 -1.67 -1.25 ...
 $ OddsByWin.ApprovalRate1          : num  0.0198 0.0408 0.0222 0.1887 0.2857 ...
 $ OddsByWin.ApprovalRateLog1       : num  0.0196 0.04 0.0219 0.1728 0.2513 ...
 $ EOF                              : int  1 1 1 1 1 1 1 1 1 1 ...
[1] "2022-02-27 15:51:49 --- RxSqlServerData Finish ---"
[1] "2022-02-27 15:51:49 --- subset Start ---"
[1] "--------------------------------------------------------------------------------"
[1] "nrow(InputDataSet) subset before=59890"
[1] "nrow(InputDataSet) subset after=59890"
[1] "nrow(InputDataSet) subset diff=0"
[1] "--------------------------------------------------------------------------------"
[1] "class(InputDataSet$Race.IsAnalyzeNormalPast)=logical"
[1] "class(InputDataSet$Race.analyzeTrackTypeCd)=NULL"
[1] "2022-02-27 15:51:49 --- subset Finish ---"
[1] "2022-02-27 15:51:49 --- na.omit Start ---"
[1] "--------------------------------------------------------------------------------"
[1] "nrow(InputDataSet) na.omit before=59890"
[1] "nrow(InputDataSet) na.omit after=59480"
[1] "nrow(InputDataSet) na.omit diff=410"
[1] "--------------------------------------------------------------------------------"
[1] "2022-02-27 15:51:49 --- na.omit Finish---"
[1] "2022-02-27 15:51:49 --- New Levels Start ---"
[1] "levels(data$Race.RaceType1Cd)=2-5-X-1"
[2] "levels(data$Race.RaceType1Cd)=2-5-X-2"
[3] "levels(data$Race.RaceType1Cd)=2-5-X-3"
[1] "levels(InputDataSet$Race.RaceType1Cd)=2-5-X-1"
[2] "levels(InputDataSet$Race.RaceType1Cd)=2-5-X-2"
[3] "levels(InputDataSet$Race.RaceType1Cd)=2-5-X-3"
[1] "length(Race.RaceType1Cd.Index)=0"
[1] "2022-02-27 15:51:49 --- New Levels Finish ---"
[1] "2022-02-27 15:51:49 --- na.omit Start ---"
[1] "--------------------------------------------------------------------------------"
[1] "nrow(InputDataSet) na.omit levels before=59480"
[1] "nrow(InputDataSet) na.omit levels after=59480"
[1] "nrow(InputDataSet) na.omit levels diff=0"
[1] "--------------------------------------------------------------------------------"
[1] "2022-02-27 15:51:49 --- na.omit Finish ---"
[1] "2022-02-27 15:51:49 --- Predict InputDataSet Start ---"
[1] "--------------------------------------------------------------------------------"
[1] "nrow(InputDataSet) predict=59480"
[1] "--------------------------------------------------------------------------------"
[1] "str(InputDataSet)="
'data.frame':	59480 obs. of  28 variables:
 $ Race.RaceId                      : Factor w/ 4073 levels "20160430-05-02-03-03",..: 1 1 1 1 1 1 1 1 1 1 ...
 $ Race.IsAnalyzeNormalPastAndFuture: logi  TRUE TRUE TRUE TRUE TRUE TRUE ...
 $ Race.IsAnalyzeNormalPast         : logi  TRUE TRUE TRUE TRUE TRUE TRUE ...
 $ Race.IsAnalyzeNormalFuture       : logi  FALSE FALSE FALSE FALSE FALSE FALSE ...
 $ Race.IsAnalyzeFullPastAndFuture  : logi  TRUE TRUE TRUE TRUE TRUE TRUE ...
 $ Race.IsAnalyzeFullPast           : logi  TRUE TRUE TRUE TRUE TRUE TRUE ...
 $ Race.IsAnalyzeFullFuture         : logi  FALSE FALSE FALSE FALSE FALSE FALSE ...
 $ Race.JyokenCd                    : Factor w/ 1 level "5": 1 1 1 1 1 1 1 1 1 1 ...
 $ Race.JyoType1Cd                  : Factor w/ 118 levels "2-05-1600-5-2",..: 1 1 1 1 1 1 1 1 1 1 ...
 $ Race.RaceType1Cd                 : Factor w/ 3 levels "2-5-X-1","2-5-X-2",..: 1 1 1 1 1 1 1 1 1 1 ...
 $ RaceHorse.RaceId                 : Factor w/ 4073 levels "20160430-05-02-03-03",..: 1 1 1 1 1 1 1 1 1 1 ...
 $ RaceHorse.KettoNum               : Factor w/ 20759 levels "2013105244","2013105558",..: 1 2 3 4 5 6 7 8 10 11 ...
 $ RaceHorse.UmabanSdv              : num  -1.565 -1.342 -1.118 -0.894 -0.671 ...
 $ RaceHorse.BareiSdv               : num  0.568 0.568 0.568 0.568 0.568 ...
 $ RaceHorse.BataijyuSdv            : num  0.9 -0.976 0.622 -0.281 -0.559 ...
 $ RaceHorse.FutanSdv               : num  -1.001 -0.289 -0.289 -0.289 -0.289 ...
 $ RaceHorse.LifetimeSdv            : num  0.641 0.42 0.132 -0.118 0.506 ...
 $ RaceHorse.FutanRatioSdv          : num  -1.024 0.731 -0.592 0.123 0.359 ...
 $ DataMining.DmTimeSdv             : num  0.9406 0.6144 0.0707 0.7232 1.4735 ...
 $ DataMiningTaisen.TmScoreSdv      : num  0.182 0.793 0.162 0.793 1.155 ...
 $ OddsByWin.Odds1                  : num  50.4 24.5 45.1 5.3 3.5 ...
 $ OddsByWin.Ninki                  : num  10 7 8 3 2 12 11 9 15 4 ...
 $ OddsByWin.OddsLog1               : num  3.94 3.24 3.83 1.84 1.5 ...
 $ OddsByWin.OddsRatio1             : num  0.0202 0.0426 0.0227 0.2326 0.4 ...
 $ OddsByWin.OddsLogit1             : num  -3.92 -3.2 -3.81 -1.67 -1.25 ...
 $ OddsByWin.ApprovalRate1          : num  0.0198 0.0408 0.0222 0.1887 0.2857 ...
 $ OddsByWin.ApprovalRateLog1       : num  0.0196 0.04 0.0219 0.1728 0.2513 ...
 $ EOF                              : int  1 1 1 1 1 1 1 1 1 1 ...
 - attr(*, "na.action")= 'omit' Named int  9 119 120 200 343 684 1361 1488 1661 1694 ...
  ..- attr(*, "names")= chr  "9" "119" "120" "200" ...
[1] "2022-02-27 15:51:49 --- Predict InputDataSet Finish ---"
[1] "2022-02-27 15:51:49 --- rxPredict (glm) Start ---"
[1] "analyzeFunc=glm"
Rows Read: 59480, Total Rows Processed: 59480, Total Chunk Time: 0.003 seconds 
[1] "--------------------------------------------------------------------------------"
[1] "nrow(PredictDataSet) afte predict=59480"
[1] "--------------------------------------------------------------------------------"
[1] "str(PredictDataSet)"
'data.frame':	59480 obs. of  1 variable:
 $ RaceHorse.IsHitA_Pred: num  0.0139 0.0298 0.0163 0.1687 0.2276 ...
NULL
[1] "2022-02-27 15:51:49 --- rxPredict (glm) Finish ---"
[1] "2022-02-27 15:51:49 --- add key Start ---"
[1] "--------------------------------------------------------------------------------"
[1] "nrow(OutputDataSet) add KeyColmn=59480"
[1] "--------------------------------------------------------------------------------"
[1] "str(OutputDataSet) after add Key"
'data.frame':	59480 obs. of  2 variables:
 $ RaceHorse.RaceId  : Factor w/ 4073 levels "20160430-05-02-03-03",..: 1 1 1 1 1 1 1 1 1 1 ...
 $ RaceHorse.KettoNum: Factor w/ 20759 levels "2013105244","2013105558",..: 1 2 3 4 5 6 7 8 10 11 ...
NULL
[1] "2022-02-27 15:51:49 --- add key Finish ---"
[1] "2022-02-27 15:51:49 --- add PredictValue Start ---"
[1] "str(PredictDataSet) before rename="
[1] "colnames(PredictDataSet)=RaceHorse.IsHitA_Pred"
[1] "str(PredictDataSet) after rename="
'data.frame':	59480 obs. of  1 variable:
 $ PredictValue: num  0.0139 0.0298 0.0163 0.1687 0.2276 ...
NULL
[1] "str(OutputDataSet) before cbind="
'data.frame':	59480 obs. of  2 variables:
 $ RaceHorse.RaceId  : Factor w/ 4073 levels "20160430-05-02-03-03",..: 1 1 1 1 1 1 1 1 1 1 ...
 $ RaceHorse.KettoNum: Factor w/ 20759 levels "2013105244","2013105558",..: 1 2 3 4 5 6 7 8 10 11 ...
NULL
[1] "str(OutputDataSet) after cbind="
'data.frame':	59480 obs. of  3 variables:
 $ RaceHorse.RaceId  : Factor w/ 4073 levels "20160430-05-02-03-03",..: 1 1 1 1 1 1 1 1 1 1 ...
 $ RaceHorse.KettoNum: Factor w/ 20759 levels "2013105244","2013105558",..: 1 2 3 4 5 6 7 8 10 11 ...
 $ PredictValue      : num  0.0139 0.0298 0.0163 0.1687 0.2276 ...
NULL
[1] "2022-02-27 15:51:49 --- add PredictValue Finish ---"
[1] "2022-02-27 15:51:49 --- final Start ---"
[1] "--------------------------------------------------------------------------------"
[1] "nrow(OutputDataSet) final=59480"
[1] "--------------------------------------------------------------------------------"
[1] "str(OutputDataSet)="
'data.frame':	59480 obs. of  3 variables:
 $ RaceHorse.RaceId  : Factor w/ 4073 levels "20160430-05-02-03-03",..: 1 1 1 1 1 1 1 1 1 1 ...
 $ RaceHorse.KettoNum: Factor w/ 20759 levels "2013105244","2013105558",..: 1 2 3 4 5 6 7 8 10 11 ...
 $ PredictValue      : num  0.0139 0.0298 0.0163 0.1687 0.2276 ...
NULL
[1] "2022-02-27 15:51:49 --- final Finish ---"
[1] "2022-02-27 15:51:49 --- predict.R Finished ---"
[1] "2022-02-27 15:51:49 --- log Finish ---"
