[1] "2022-02-28 00:37:59 --- D1115_analyze_glm_Gen01_IsHitA_Type15 Start ---"
[1] "2022-02-28 00:37:59 --- Log Start ---"
[1] "2022-02-28 00:37:59 --- analyze_glm.R Start ---"
[1] "analyzeVersion=D1115"
[1] "analyzeCategory=analyze"
[1] "analyzeType=Gen01"
[1] "analyzeFamily=IsHitA"
[1] "analyzeFunc=glm"
[1] "analyzeTrackTypeCd=1"
[1] "analyzeJyokenCd=5"
[1] "2022-02-28 00:37:59 --- source_function.R Start ---"
[1] "2022-02-28 00:37:59 --- source_function.R Finished ---"

> print(paste0(Sys.time(), " --- source_library.R Start ---"))
[1] "2022-02-28 00:38:00 --- source_library.R Start ---"

> require("RevoScaleR")

> print(paste0(Sys.time(), " --- source_library.R Finished ---"))
[1] "2022-02-28 00:38:00 --- source_library.R Finished ---"
[1] "2022-02-28 00:38:00 --- RxSqlServerData Start ---"
[1] "2022-02-28 00:38:00 --- RxInSqlServer Start ---"
[1] "2022-02-28 00:38:00 --- RxInSqlServer Finish ---"
[1] "2022-02-28 00:38:00 --- rxSetComputeContext Start ---"
[1] "2022-02-28 00:38:00 --- rxSetComputeContext Finish ---"
[1] "2022-02-28 00:38:00 --- RxSqlServerData Start ---"
[1] "sqlQuery=SELECT * FROM ViewAnalyzeD1115analyze01Gen01Type15"
[1] "2022-02-28 00:38:00 --- RxSqlServerData Finish ---"
[1] "2022-02-28 00:38:00 --- rxGetVarInfo Start ---"
[1] "2022-02-28 00:38:00 --- rxGetVarInfo Finish---"
[1] "2022-02-28 00:38:00 --- rxImport Start ---"
Rows Read: 36567, Total Rows Processed: 36567, Total Chunk Time: 22.062 seconds 
[1] "2022-02-28 00:38:40 --- rxImport Finish ---"
[1] "object.size(data) auto=13 Mb"
[1] "--------------------------------------------------------------------------------"
[1] "nrow(data) RxSqlServerData=36567"
[1] "--------------------------------------------------------------------------------"
[1] "str(data)="
'data.frame':	36567 obs. of  49 variables:
 $ Race.RaceId                      : Factor w/ 2474 levels "20181125-05-05-08-01",..: 1 1 2 3 4 5 6 7 8 8 ...
 $ Race.IsAnalyzeNormalPastAndFuture: logi  TRUE TRUE TRUE TRUE TRUE TRUE ...
 $ Race.IsAnalyzeNormalPast         : logi  TRUE TRUE TRUE TRUE TRUE TRUE ...
 $ Race.IsAnalyzeNormalFuture       : logi  FALSE FALSE FALSE FALSE FALSE FALSE ...
 $ Race.IsAnalyzeFullPastAndFuture  : logi  TRUE TRUE TRUE TRUE TRUE TRUE ...
 $ Race.IsAnalyzeFullPast           : logi  TRUE TRUE TRUE TRUE TRUE TRUE ...
 $ Race.IsAnalyzeFullFuture         : logi  FALSE FALSE FALSE FALSE FALSE FALSE ...
 $ Race.JyokenCd                    : Factor w/ 1 level "5": 1 1 1 1 1 1 1 1 1 1 ...
 $ Race.JyoType1Cd                  : Factor w/ 175 levels "1-05-1400-5-1",..: 1 1 2 3 4 5 5 6 1 1 ...
 $ Race.RaceType1Cd                 : Factor w/ 3 levels "1-5-X-1","1-5-X-2",..: 1 1 1 1 1 1 1 1 1 1 ...
 $ RaceHorse.RaceId                 : Factor w/ 2474 levels "20181125-05-05-08-01",..: 1 1 2 3 4 5 6 7 8 8 ...
 $ RaceHorse.KettoNum               : Factor w/ 13757 levels "2016103853","2016103865",..: 1 2 3 4 5 6 6 7 8 9 ...
 $ RaceHorse.IsHit1                 : num  0 0 0 0 0 0 0 0 0 0 ...
 $ RaceHorse.IsHit2                 : num  0 0 0 0 0 0 0 0 0 0 ...
 $ RaceHorse.IsHit3                 : num  0 0 0 0 0 0 0 0 0 0 ...
 $ RaceHorse.IsHit4                 : num  0 0 0 0 0 0 0 0 0 0 ...
 $ RaceHorse.IsHit5                 : num  0 0 0 0 0 0 0 0 0 0 ...
 $ RaceHorse.IsHit6                 : num  1 1 1 1 1 1 1 1 1 1 ...
 $ RaceHorse.IsValidRaceHorse       : logi  TRUE TRUE TRUE TRUE TRUE TRUE ...
 $ RaceHorse.TimeSdvByRace          : num  -0.922 -0.922 0.17 0.438 0.218 ...
 $ RaceHorse.LastTimeSdvByRace      : num  -1.4661 -1.4661 -0.0749 0.3998 0.7686 ...
 $ RaceHorse.FirstTimeSdvByRace     : num  0.362 0.362 0.205 0.114 -1.288 ...
 $ RaceHorse.TimeSdv                : num  -0.154 -0.154 0.121 1.038 0.512 ...
 $ RaceHorse.LastTimeSdv            : num  -0.974 -0.974 0.199 0.324 1.198 ...
 $ RaceHorse.FirstTimeSdv           : num  0.7354 0.7354 -0.0536 0.9242 -0.6896 ...
 $ RaceHorse.OrderOfFinishSdv       : num  -0.9537 -0.9537 0.0931 0.5119 0.5119 ...
 $ RaceHorse.IsHitA                 : num  0 0 0 0 0 0 0 0 0 0 ...
 $ RaceHorse.IsHitB                 : num  0 0 0 0 0 0 0 0 0 0 ...
 $ RaceHorse.IsHitC                 : num  0 0 0 0 0 0 0 0 0 0 ...
 $ Gen01.HansyokuNum                : Factor w/ 415 levels "11201914","11202325",..: 1 2 3 4 5 6 6 7 8 1 ...
 $ Gen01.TimeSdvByRaceAvg           : num  0.0687 0.2508 -0.0123 0.7 0.1543 ...
 $ Gen01.LastTimeSdvByRaceAvg       : num  0.0898 0.2801 0.1018 0.5562 0.0758 ...
 $ Gen01.FirstTimeSdvByRaceAvg      : num  -0.0334 0.4102 -0.198 0.3607 0.1351 ...
 $ Gen01.TimeSdvAvg                 : num  0.1843 0.0601 -0.0235 0.5523 0.2243 ...
 $ Gen01.LastTimeSdvAvg             : num  0.197 0.2452 0.0554 0.1055 0.0716 ...
 $ Gen01.FirstTimeSdvAvg            : num  0.0305 -0.3005 -0.1131 0.6447 0.2273 ...
 $ Gen01.OrderOfFinishSdvAvg        : num  0.0268 0.135 0.0168 0.8027 0.1097 ...
 $ Gen01.RunCount                   : num  164 5 107 18 202 58 58 9 51 232 ...
 $ Gen01.HitCount1                  : num  6 1 6 3 14 3 3 2 3 14 ...
 $ Gen01.HitCount2                  : num  16 1 1 5 16 3 3 0 1 13 ...
 $ Gen01.HitCount3                  : num  8 0 10 1 18 4 4 3 0 13 ...
 $ Gen01.HitCount4                  : num  9 0 10 0 16 3 3 1 3 15 ...
 $ Gen01.HitCount5                  : num  10 0 8 3 7 6 6 1 5 19 ...
 $ Gen01.HitRate1                   : num  0.0366 0.2 0.0561 0.1667 0.0693 ...
 $ Gen01.HitRate2                   : num  0.09756 0.2 0.00935 0.27778 0.07921 ...
 $ Gen01.HitRate3                   : num  0.0488 0 0.0935 0.0556 0.0891 ...
 $ Gen01.HitRate4                   : num  0.0549 0 0.0935 0 0.0792 ...
 $ Gen01.HitRate5                   : num  0.061 0 0.0748 0.1667 0.0347 ...
 $ EOF                              : int  1 1 1 1 1 1 1 1 1 1 ...
[1] "2022-02-28 00:38:41 --- RxSqlServerData Finish ---"
[1] "2022-02-28 00:38:42 --- subset Start ---"
[1] "--------------------------------------------------------------------------------"
[1] "nrow(data) subset before=36567"
[1] "nrow(data) subset after =36567"
[1] "nrow(data) subset diff =0"
[1] "--------------------------------------------------------------------------------"
[1] "2022-02-28 00:38:42 --- subset Finish---"
[1] "2022-02-28 00:38:42 --- transform Start ---"
[1] "--------------------------------------------------------------------------------"
[1] "nrow(data) transform before=36567"
[1] "nrow(data) transform after=36567"
[1] "nrow(data) transform diff=0"
[1] "--------------------------------------------------------------------------------"
[1] "str(data)="
'data.frame':	36567 obs. of  49 variables:
 $ Race.RaceId                      : Factor w/ 2474 levels "20181125-05-05-08-01",..: 1 1 2 3 4 5 6 7 8 8 ...
 $ Race.IsAnalyzeNormalPastAndFuture: logi  TRUE TRUE TRUE TRUE TRUE TRUE ...
 $ Race.IsAnalyzeNormalPast         : logi  TRUE TRUE TRUE TRUE TRUE TRUE ...
 $ Race.IsAnalyzeNormalFuture       : logi  FALSE FALSE FALSE FALSE FALSE FALSE ...
 $ Race.IsAnalyzeFullPastAndFuture  : logi  TRUE TRUE TRUE TRUE TRUE TRUE ...
 $ Race.IsAnalyzeFullPast           : logi  TRUE TRUE TRUE TRUE TRUE TRUE ...
 $ Race.IsAnalyzeFullFuture         : logi  FALSE FALSE FALSE FALSE FALSE FALSE ...
 $ Race.JyokenCd                    : Factor w/ 1 level "5": 1 1 1 1 1 1 1 1 1 1 ...
 $ Race.JyoType1Cd                  : Factor w/ 175 levels "1-05-1400-5-1",..: 1 1 2 3 4 5 5 6 1 1 ...
 $ Race.RaceType1Cd                 : Factor w/ 3 levels "1-5-X-1","1-5-X-2",..: 1 1 1 1 1 1 1 1 1 1 ...
 $ RaceHorse.RaceId                 : Factor w/ 2474 levels "20181125-05-05-08-01",..: 1 1 2 3 4 5 6 7 8 8 ...
 $ RaceHorse.KettoNum               : Factor w/ 13757 levels "2016103853","2016103865",..: 1 2 3 4 5 6 6 7 8 9 ...
 $ RaceHorse.IsHit1                 : num  0 0 0 0 0 0 0 0 0 0 ...
 $ RaceHorse.IsHit2                 : num  0 0 0 0 0 0 0 0 0 0 ...
 $ RaceHorse.IsHit3                 : num  0 0 0 0 0 0 0 0 0 0 ...
 $ RaceHorse.IsHit4                 : num  0 0 0 0 0 0 0 0 0 0 ...
 $ RaceHorse.IsHit5                 : num  0 0 0 0 0 0 0 0 0 0 ...
 $ RaceHorse.IsHit6                 : num  1 1 1 1 1 1 1 1 1 1 ...
 $ RaceHorse.IsValidRaceHorse       : logi  TRUE TRUE TRUE TRUE TRUE TRUE ...
 $ RaceHorse.TimeSdvByRace          : num  -0.922 -0.922 0.17 0.438 0.218 ...
 $ RaceHorse.LastTimeSdvByRace      : num  -1.4661 -1.4661 -0.0749 0.3998 0.7686 ...
 $ RaceHorse.FirstTimeSdvByRace     : num  0.362 0.362 0.205 0.114 -1.288 ...
 $ RaceHorse.TimeSdv                : num  -0.154 -0.154 0.121 1.038 0.512 ...
 $ RaceHorse.LastTimeSdv            : num  -0.974 -0.974 0.199 0.324 1.198 ...
 $ RaceHorse.FirstTimeSdv           : num  0.7354 0.7354 -0.0536 0.9242 -0.6896 ...
 $ RaceHorse.OrderOfFinishSdv       : num  -0.9537 -0.9537 0.0931 0.5119 0.5119 ...
 $ RaceHorse.IsHitA                 : num  0 0 0 0 0 0 0 0 0 0 ...
 $ RaceHorse.IsHitB                 : num  0 0 0 0 0 0 0 0 0 0 ...
 $ RaceHorse.IsHitC                 : num  0 0 0 0 0 0 0 0 0 0 ...
 $ Gen01.HansyokuNum                : Factor w/ 415 levels "11201914","11202325",..: 1 2 3 4 5 6 6 7 8 1 ...
 $ Gen01.TimeSdvByRaceAvg           : num  0.0687 0.2508 -0.0123 0.7 0.1543 ...
 $ Gen01.LastTimeSdvByRaceAvg       : num  0.0898 0.2801 0.1018 0.5562 0.0758 ...
 $ Gen01.FirstTimeSdvByRaceAvg      : num  -0.0334 0.4102 -0.198 0.3607 0.1351 ...
 $ Gen01.TimeSdvAvg                 : num  0.1843 0.0601 -0.0235 0.5523 0.2243 ...
 $ Gen01.LastTimeSdvAvg             : num  0.197 0.2452 0.0554 0.1055 0.0716 ...
 $ Gen01.FirstTimeSdvAvg            : num  0.0305 -0.3005 -0.1131 0.6447 0.2273 ...
 $ Gen01.OrderOfFinishSdvAvg        : num  0.0268 0.135 0.0168 0.8027 0.1097 ...
 $ Gen01.RunCount                   : num  164 5 107 18 202 58 58 9 51 232 ...
 $ Gen01.HitCount1                  : num  6 1 6 3 14 3 3 2 3 14 ...
 $ Gen01.HitCount2                  : num  16 1 1 5 16 3 3 0 1 13 ...
 $ Gen01.HitCount3                  : num  8 0 10 1 18 4 4 3 0 13 ...
 $ Gen01.HitCount4                  : num  9 0 10 0 16 3 3 1 3 15 ...
 $ Gen01.HitCount5                  : num  10 0 8 3 7 6 6 1 5 19 ...
 $ Gen01.HitRate1                   : num  0.0366 0.2 0.0561 0.1667 0.0693 ...
 $ Gen01.HitRate2                   : num  0.09756 0.2 0.00935 0.27778 0.07921 ...
 $ Gen01.HitRate3                   : num  0.0488 0 0.0935 0.0556 0.0891 ...
 $ Gen01.HitRate4                   : num  0.0549 0 0.0935 0 0.0792 ...
 $ Gen01.HitRate5                   : num  0.061 0 0.0748 0.1667 0.0347 ...
 $ EOF                              : int  1 1 1 1 1 1 1 1 1 1 ...
NULL
[1] "2022-02-28 00:38:43 --- transform Finish ---"
[1] "2022-02-28 00:38:43 --- na.omit Start ---"
[1] "--------------------------------------------------------------------------------"
[1] "nrow(data) na.omit before=36567"
[1] "nrow(data) na.omit after =36310"
[1] "nrow(data) na.omit diff =257"
[1] "--------------------------------------------------------------------------------"
'data.frame':	36310 obs. of  49 variables:
 $ Race.RaceId                      : Factor w/ 2474 levels "20181125-05-05-08-01",..: 1 1 2 3 4 5 6 7 8 8 ...
 $ Race.IsAnalyzeNormalPastAndFuture: logi  TRUE TRUE TRUE TRUE TRUE TRUE ...
 $ Race.IsAnalyzeNormalPast         : logi  TRUE TRUE TRUE TRUE TRUE TRUE ...
 $ Race.IsAnalyzeNormalFuture       : logi  FALSE FALSE FALSE FALSE FALSE FALSE ...
 $ Race.IsAnalyzeFullPastAndFuture  : logi  TRUE TRUE TRUE TRUE TRUE TRUE ...
 $ Race.IsAnalyzeFullPast           : logi  TRUE TRUE TRUE TRUE TRUE TRUE ...
 $ Race.IsAnalyzeFullFuture         : logi  FALSE FALSE FALSE FALSE FALSE FALSE ...
 $ Race.JyokenCd                    : Factor w/ 1 level "5": 1 1 1 1 1 1 1 1 1 1 ...
 $ Race.JyoType1Cd                  : Factor w/ 175 levels "1-05-1400-5-1",..: 1 1 2 3 4 5 5 6 1 1 ...
 $ Race.RaceType1Cd                 : Factor w/ 3 levels "1-5-X-1","1-5-X-2",..: 1 1 1 1 1 1 1 1 1 1 ...
 $ RaceHorse.RaceId                 : Factor w/ 2474 levels "20181125-05-05-08-01",..: 1 1 2 3 4 5 6 7 8 8 ...
 $ RaceHorse.KettoNum               : Factor w/ 13757 levels "2016103853","2016103865",..: 1 2 3 4 5 6 6 7 8 9 ...
 $ RaceHorse.IsHit1                 : num  0 0 0 0 0 0 0 0 0 0 ...
 $ RaceHorse.IsHit2                 : num  0 0 0 0 0 0 0 0 0 0 ...
 $ RaceHorse.IsHit3                 : num  0 0 0 0 0 0 0 0 0 0 ...
 $ RaceHorse.IsHit4                 : num  0 0 0 0 0 0 0 0 0 0 ...
 $ RaceHorse.IsHit5                 : num  0 0 0 0 0 0 0 0 0 0 ...
 $ RaceHorse.IsHit6                 : num  1 1 1 1 1 1 1 1 1 1 ...
 $ RaceHorse.IsValidRaceHorse       : logi  TRUE TRUE TRUE TRUE TRUE TRUE ...
 $ RaceHorse.TimeSdvByRace          : num  -0.922 -0.922 0.17 0.438 0.218 ...
 $ RaceHorse.LastTimeSdvByRace      : num  -1.4661 -1.4661 -0.0749 0.3998 0.7686 ...
 $ RaceHorse.FirstTimeSdvByRace     : num  0.362 0.362 0.205 0.114 -1.288 ...
 $ RaceHorse.TimeSdv                : num  -0.154 -0.154 0.121 1.038 0.512 ...
 $ RaceHorse.LastTimeSdv            : num  -0.974 -0.974 0.199 0.324 1.198 ...
 $ RaceHorse.FirstTimeSdv           : num  0.7354 0.7354 -0.0536 0.9242 -0.6896 ...
 $ RaceHorse.OrderOfFinishSdv       : num  -0.9537 -0.9537 0.0931 0.5119 0.5119 ...
 $ RaceHorse.IsHitA                 : num  0 0 0 0 0 0 0 0 0 0 ...
 $ RaceHorse.IsHitB                 : num  0 0 0 0 0 0 0 0 0 0 ...
 $ RaceHorse.IsHitC                 : num  0 0 0 0 0 0 0 0 0 0 ...
 $ Gen01.HansyokuNum                : Factor w/ 415 levels "11201914","11202325",..: 1 2 3 4 5 6 6 7 8 1 ...
 $ Gen01.TimeSdvByRaceAvg           : num  0.0687 0.2508 -0.0123 0.7 0.1543 ...
 $ Gen01.LastTimeSdvByRaceAvg       : num  0.0898 0.2801 0.1018 0.5562 0.0758 ...
 $ Gen01.FirstTimeSdvByRaceAvg      : num  -0.0334 0.4102 -0.198 0.3607 0.1351 ...
 $ Gen01.TimeSdvAvg                 : num  0.1843 0.0601 -0.0235 0.5523 0.2243 ...
 $ Gen01.LastTimeSdvAvg             : num  0.197 0.2452 0.0554 0.1055 0.0716 ...
 $ Gen01.FirstTimeSdvAvg            : num  0.0305 -0.3005 -0.1131 0.6447 0.2273 ...
 $ Gen01.OrderOfFinishSdvAvg        : num  0.0268 0.135 0.0168 0.8027 0.1097 ...
 $ Gen01.RunCount                   : num  164 5 107 18 202 58 58 9 51 232 ...
 $ Gen01.HitCount1                  : num  6 1 6 3 14 3 3 2 3 14 ...
 $ Gen01.HitCount2                  : num  16 1 1 5 16 3 3 0 1 13 ...
 $ Gen01.HitCount3                  : num  8 0 10 1 18 4 4 3 0 13 ...
 $ Gen01.HitCount4                  : num  9 0 10 0 16 3 3 1 3 15 ...
 $ Gen01.HitCount5                  : num  10 0 8 3 7 6 6 1 5 19 ...
 $ Gen01.HitRate1                   : num  0.0366 0.2 0.0561 0.1667 0.0693 ...
 $ Gen01.HitRate2                   : num  0.09756 0.2 0.00935 0.27778 0.07921 ...
 $ Gen01.HitRate3                   : num  0.0488 0 0.0935 0.0556 0.0891 ...
 $ Gen01.HitRate4                   : num  0.0549 0 0.0935 0 0.0792 ...
 $ Gen01.HitRate5                   : num  0.061 0 0.0748 0.1667 0.0347 ...
 $ EOF                              : int  1 1 1 1 1 1 1 1 1 1 ...
 - attr(*, "na.action")= 'omit' Named int  8379 8380 8381 8382 8383 8384 8385 8386 8387 8388 ...
  ..- attr(*, "names")= chr  "8379" "8380" "8381" "8382" ...
[1] "2022-02-28 00:38:45 --- na.omit Finish ---"
[1] "2022-02-28 00:38:45 --- rxGlm with rxStepControl Start ---"

> print(paste0(Sys.time(), " --- source_logic_glm.R Start ---"))
[1] "2022-02-28 00:38:45 --- source_logic_glm.R Start ---"

> formula <- formula(RaceHorse.IsHitA ~ +1 + Gen01.TimeSdvByRaceAvg + 
+     Gen01.LastTimeSdvByRaceAvg + Gen01.FirstTimeSdvByRaceAvg + 
+     Gen01.TimeSdvAvg + Gen01.LastTimeSdvAvg + Gen01.FirstTimeSdvAvg)

> print(paste0(Sys.time(), " --- source_logic_glm.R Finished ---"))
[1] "2022-02-28 00:38:45 --- source_logic_glm.R Finished ---"
Rows Read: 36310, Total Rows Processed: 36310, Total Chunk Time: 0.004 seconds 

Starting values (iteration 1) time: 0.020 secs.
Rows Read: 36310, Total Rows Processed: 36310, Total Chunk Time: 0.005 seconds 

Iteration 2 time: 0.020 secs.
Rows Read: 36310, Total Rows Processed: 36310, Total Chunk Time: 0.005 seconds 

Iteration 3 time: 0.020 secs.
Rows Read: 36310, Total Rows Processed: 36310, Total Chunk Time: 0.005 seconds 

Iteration 4 time: 0.017 secs.
Rows Read: 36310, Total Rows Processed: 36310, Total Chunk Time: 0.005 seconds 

Iteration 5 time: 0.015 secs.

Elapsed computation time: 0.158 secs.
Rows Read: 36310, Total Rows Processed: 36310, Total Chunk Time: 0.003 seconds 

Starting values (iteration 1) time: 0.014 secs.
Rows Read: 36310, Total Rows Processed: 36310, Total Chunk Time: 0.005 seconds 

Iteration 2 time: 0.019 secs.
Rows Read: 36310, Total Rows Processed: 36310, Total Chunk Time: 0.009 seconds 

Iteration 3 time: 0.019 secs.
Rows Read: 36310, Total Rows Processed: 36310, Total Chunk Time: 0.010 seconds 

Iteration 4 time: 0.019 secs.
Rows Read: 36310, Total Rows Processed: 36310, Total Chunk Time: 0.008 seconds 

Iteration 5 time: 0.027 secs.

Elapsed computation time: 0.221 secs.
Rows Read: 36310, Total Rows Processed: 36310, Total Chunk Time: 0.003 seconds 

Starting values (iteration 1) time: 0.015 secs.
Rows Read: 36310, Total Rows Processed: 36310, Total Chunk Time: 0.004 seconds 

Iteration 2 time: 0.025 secs.
Rows Read: 36310, Total Rows Processed: 36310, Total Chunk Time: 0.005 seconds 

Iteration 3 time: 0.020 secs.
Rows Read: 36310, Total Rows Processed: 36310, Total Chunk Time: 0.005 seconds 

Iteration 4 time: 0.022 secs.
Rows Read: 36310, Total Rows Processed: 36310, Total Chunk Time: 0.004 seconds 

Iteration 5 time: 0.021 secs.

Elapsed computation time: 0.173 secs.
Rows Read: 36310, Total Rows Processed: 36310, Total Chunk Time: 0.003 seconds 

Starting values (iteration 1) time: 0.017 secs.
Rows Read: 36310, Total Rows Processed: 36310, Total Chunk Time: 0.006 seconds 

Iteration 2 time: 0.030 secs.
Rows Read: 36310, Total Rows Processed: 36310, Total Chunk Time: 0.005 seconds 

Iteration 3 time: 0.019 secs.
Rows Read: 36310, Total Rows Processed: 36310, Total Chunk Time: 0.005 seconds 

Iteration 4 time: 0.015 secs.
Rows Read: 36310, Total Rows Processed: 36310, Total Chunk Time: 0.005 seconds 

Iteration 5 time: 0.019 secs.

Elapsed computation time: 0.191 secs.
Rows Read: 36310, Total Rows Processed: 36310, Total Chunk Time: 0.002 seconds 

Starting values (iteration 1) time: 0.018 secs.
Rows Read: 36310, Total Rows Processed: 36310, Total Chunk Time: 0.004 seconds 

Iteration 2 time: 0.018 secs.
Rows Read: 36310, Total Rows Processed: 36310, Total Chunk Time: 0.004 seconds 

Iteration 3 time: 0.017 secs.
Rows Read: 36310, Total Rows Processed: 36310, Total Chunk Time: 0.005 seconds 

Iteration 4 time: 0.016 secs.
Rows Read: 36310, Total Rows Processed: 36310, Total Chunk Time: 0.004 seconds 

Iteration 5 time: 0.015 secs.

Elapsed computation time: 0.160 secs.
Rows Read: 36310, Total Rows Processed: 36310, Total Chunk Time: 0.003 seconds 

Starting values (iteration 1) time: 0.010 secs.
Rows Read: 36310, Total Rows Processed: 36310, Total Chunk Time: 0.005 seconds 

Iteration 2 time: 0.011 secs.
Rows Read: 36310, Total Rows Processed: 36310, Total Chunk Time: 0.004 seconds 

Iteration 3 time: 0.012 secs.
Rows Read: 36310, Total Rows Processed: 36310, Total Chunk Time: 0.005 seconds 

Iteration 4 time: 0.015 secs.
Rows Read: 36310, Total Rows Processed: 36310, Total Chunk Time: 0.005 seconds 

Iteration 5 time: 0.014 secs.

Elapsed computation time: 0.131 secs.
Rows Read: 36310, Total Rows Processed: 36310, Total Chunk Time: 0.002 seconds 

Starting values (iteration 1) time: 0.014 secs.
Rows Read: 36310, Total Rows Processed: 36310, Total Chunk Time: 0.004 seconds 

Iteration 2 time: 0.014 secs.
Rows Read: 36310, Total Rows Processed: 36310, Total Chunk Time: 0.005 seconds 

Iteration 3 time: 0.012 secs.
Rows Read: 36310, Total Rows Processed: 36310, Total Chunk Time: 0.005 seconds 

Iteration 4 time: 0.015 secs.
Rows Read: 36310, Total Rows Processed: 36310, Total Chunk Time: 0.005 seconds 

Iteration 5 time: 0.017 secs.

Elapsed computation time: 0.134 secs.
Rows Read: 36310, Total Rows Processed: 36310, Total Chunk Time: 0.003 seconds 

Starting values (iteration 1) time: 0.019 secs.
Rows Read: 36310, Total Rows Processed: 36310, Total Chunk Time: 0.004 seconds 

Iteration 2 time: 0.019 secs.
Rows Read: 36310, Total Rows Processed: 36310, Total Chunk Time: 0.004 seconds 

Iteration 3 time: 0.010 secs.
Rows Read: 36310, Total Rows Processed: 36310, Total Chunk Time: 0.005 seconds 

Iteration 4 time: 0.013 secs.
Rows Read: 36310, Total Rows Processed: 36310, Total Chunk Time: 0.004 seconds 

Iteration 5 time: 0.013 secs.

Elapsed computation time: 0.129 secs.
Rows Read: 36310, Total Rows Processed: 36310, Total Chunk Time: 0.003 seconds 

Starting values (iteration 1) time: 0.016 secs.
Rows Read: 36310, Total Rows Processed: 36310, Total Chunk Time: 0.005 seconds 

Iteration 2 time: 0.021 secs.
Rows Read: 36310, Total Rows Processed: 36310, Total Chunk Time: 0.012 seconds 

Iteration 3 time: 0.015 secs.
Rows Read: 36310, Total Rows Processed: 36310, Total Chunk Time: 0.006 seconds 

Iteration 4 time: 0.015 secs.
Rows Read: 36310, Total Rows Processed: 36310, Total Chunk Time: 0.005 seconds 

Iteration 5 time: 0.013 secs.

Elapsed computation time: 0.153 secs.
Rows Read: 36310, Total Rows Processed: 36310, Total Chunk Time: 0.002 seconds 

Starting values (iteration 1) time: 0.013 secs.
Rows Read: 36310, Total Rows Processed: 36310, Total Chunk Time: 0.005 seconds 

Iteration 2 time: 0.014 secs.
Rows Read: 36310, Total Rows Processed: 36310, Total Chunk Time: 0.004 seconds 

Iteration 3 time: 0.008 secs.
Rows Read: 36310, Total Rows Processed: 36310, Total Chunk Time: 0.004 seconds 

Iteration 4 time: 0.008 secs.
Rows Read: 36310, Total Rows Processed: 36310, Total Chunk Time: 0.005 seconds 

Iteration 5 time: 0.012 secs.

Elapsed computation time: 0.093 secs.
Rows Read: 36310, Total Rows Processed: 36310, Total Chunk Time: 0.003 seconds 

Starting values (iteration 1) time: 0.017 secs.
Rows Read: 36310, Total Rows Processed: 36310, Total Chunk Time: 0.004 seconds 

Iteration 2 time: 0.014 secs.
Rows Read: 36310, Total Rows Processed: 36310, Total Chunk Time: 0.005 seconds 

Iteration 3 time: 0.010 secs.
Rows Read: 36310, Total Rows Processed: 36310, Total Chunk Time: 0.004 seconds 

Iteration 4 time: 0.008 secs.
Rows Read: 36310, Total Rows Processed: 36310, Total Chunk Time: 0.004 seconds 

Iteration 5 time: 0.022 secs.

Elapsed computation time: 0.112 secs.
Rows Read: 36310, Total Rows Processed: 36310, Total Chunk Time: 0.002 seconds 

Starting values (iteration 1) time: 0.011 secs.
Rows Read: 36310, Total Rows Processed: 36310, Total Chunk Time: 0.004 seconds 

Iteration 2 time: 0.011 secs.
Rows Read: 36310, Total Rows Processed: 36310, Total Chunk Time: 0.004 seconds 

Iteration 3 time: 0.007 secs.
Rows Read: 36310, Total Rows Processed: 36310, Total Chunk Time: 0.005 seconds 

Iteration 4 time: 0.008 secs.
Rows Read: 36310, Total Rows Processed: 36310, Total Chunk Time: 0.004 seconds 

Iteration 5 time: 0.010 secs.

Elapsed computation time: 0.085 secs.
Rows Read: 36310, Total Rows Processed: 36310, Total Chunk Time: 0.002 seconds 

Starting values (iteration 1) time: 0.012 secs.
Rows Read: 36310, Total Rows Processed: 36310, Total Chunk Time: 0.004 seconds 

Iteration 2 time: 0.012 secs.
Rows Read: 36310, Total Rows Processed: 36310, Total Chunk Time: 0.004 seconds 

Iteration 3 time: 0.009 secs.
Rows Read: 36310, Total Rows Processed: 36310, Total Chunk Time: 0.004 seconds 

Iteration 4 time: 0.007 secs.
Rows Read: 36310, Total Rows Processed: 36310, Total Chunk Time: 0.004 seconds 

Iteration 5 time: 0.006 secs.

Elapsed computation time: 0.072 secs.
Rows Read: 36310, Total Rows Processed: 36310, Total Chunk Time: 0.003 seconds 

Starting values (iteration 1) time: 0.011 secs.
Rows Read: 36310, Total Rows Processed: 36310, Total Chunk Time: 0.004 seconds 

Iteration 2 time: 0.010 secs.
Rows Read: 36310, Total Rows Processed: 36310, Total Chunk Time: 0.004 seconds 

Iteration 3 time: 0.006 secs.
Rows Read: 36310, Total Rows Processed: 36310, Total Chunk Time: 0.004 seconds 

Iteration 4 time: 0.006 secs.
Rows Read: 36310, Total Rows Processed: 36310, Total Chunk Time: 0.004 seconds 

Iteration 5 time: 0.006 secs.

Elapsed computation time: 0.059 secs.
Rows Read: 36310, Total Rows Processed: 36310, Total Chunk Time: 0.001 seconds 

Starting values (iteration 1) time: 0.010 secs.
Rows Read: 36310, Total Rows Processed: 36310, Total Chunk Time: 0.003 seconds 

Iteration 2 time: 0.008 secs.
Rows Read: 36310, Total Rows Processed: 36310, Total Chunk Time: 0.004 seconds 

Iteration 3 time: 0.006 secs.
Rows Read: 36310, Total Rows Processed: 36310, Total Chunk Time: 0.003 seconds 

Iteration 4 time: 0.005 secs.
Rows Read: 36310, Total Rows Processed: 36310, Total Chunk Time: 0.003 seconds 

Iteration 5 time: 0.006 secs.

Elapsed computation time: 0.055 secs.
Rows Read: 36310, Total Rows Processed: 36310, Total Chunk Time: 0.002 seconds 

Starting values (iteration 1) time: 0.009 secs.
Rows Read: 36310, Total Rows Processed: 36310, Total Chunk Time: 0.003 seconds 

Iteration 2 time: 0.010 secs.
Rows Read: 36310, Total Rows Processed: 36310, Total Chunk Time: 0.003 seconds 

Iteration 3 time: 0.005 secs.
Rows Read: 36310, Total Rows Processed: 36310, Total Chunk Time: 0.003 seconds 

Iteration 4 time: 0.007 secs.
Rows Read: 36310, Total Rows Processed: 36310, Total Chunk Time: 0.003 seconds 

Iteration 5 time: 0.006 secs.

Elapsed computation time: 0.061 secs.
Rows Read: 36310, Total Rows Processed: 36310, Total Chunk Time: 0.002 seconds 

Starting values (iteration 1) time: 0.009 secs.
Rows Read: 36310, Total Rows Processed: 36310, Total Chunk Time: 0.003 seconds 

Iteration 2 time: 0.008 secs.
Rows Read: 36310, Total Rows Processed: 36310, Total Chunk Time: 0.003 seconds 

Iteration 3 time: 0.005 secs.
Rows Read: 36310, Total Rows Processed: 36310, Total Chunk Time: 0.003 seconds 

Iteration 4 time: 0.007 secs.
Rows Read: 36310, Total Rows Processed: 36310, Total Chunk Time: 0.004 seconds 

Iteration 5 time: 0.005 secs.

Elapsed computation time: 0.059 secs.
Rows Read: 36310, Total Rows Processed: 36310, Total Chunk Time: 0.002 seconds 

Starting values (iteration 1) time: 0.009 secs.
Rows Read: 36310, Total Rows Processed: 36310, Total Chunk Time: 0.003 seconds 

Iteration 2 time: 0.008 secs.
Rows Read: 36310, Total Rows Processed: 36310, Total Chunk Time: 0.004 seconds 

Iteration 3 time: 0.007 secs.
Rows Read: 36310, Total Rows Processed: 36310, Total Chunk Time: 0.003 seconds 

Iteration 4 time: 0.005 secs.
Rows Read: 36310, Total Rows Processed: 36310, Total Chunk Time: 0.003 seconds 

Iteration 5 time: 0.005 secs.

Elapsed computation time: 0.061 secs.
Rows Read: 36310, Total Rows Processed: 36310, Total Chunk Time: 0.002 seconds 

Starting values (iteration 1) time: 0.010 secs.
Rows Read: 36310, Total Rows Processed: 36310, Total Chunk Time: 0.004 seconds 

Iteration 2 time: 0.009 secs.
Rows Read: 36310, Total Rows Processed: 36310, Total Chunk Time: 0.003 seconds 

Iteration 3 time: 0.006 secs.
Rows Read: 36310, Total Rows Processed: 36310, Total Chunk Time: 0.004 seconds 

Iteration 4 time: 0.007 secs.
Rows Read: 36310, Total Rows Processed: 36310, Total Chunk Time: 0.003 seconds 

Iteration 5 time: 0.007 secs.

Elapsed computation time: 0.060 secs.
Rows Read: 36310, Total Rows Processed: 36310, Total Chunk Time: 0.002 seconds 

Starting values (iteration 1) time: 0.012 secs.
Rows Read: 36310, Total Rows Processed: 36310, Total Chunk Time: 0.003 seconds 

Iteration 2 time: 0.009 secs.
Rows Read: 36310, Total Rows Processed: 36310, Total Chunk Time: 0.003 seconds 

Iteration 3 time: 0.006 secs.
Rows Read: 36310, Total Rows Processed: 36310, Total Chunk Time: 0.003 seconds 

Iteration 4 time: 0.005 secs.
Rows Read: 36310, Total Rows Processed: 36310, Total Chunk Time: 0.003 seconds 

Iteration 5 time: 0.005 secs.

Elapsed computation time: 0.057 secs.
Rows Read: 36310, Total Rows Processed: 36310, Total Chunk Time: 0.001 seconds 

Starting values (iteration 1) time: 0.008 secs.
Rows Read: 36310, Total Rows Processed: 36310, Total Chunk Time: 0.003 seconds 

Iteration 2 time: 0.008 secs.
Rows Read: 36310, Total Rows Processed: 36310, Total Chunk Time: 0.003 seconds 

Iteration 3 time: 0.005 secs.
Rows Read: 36310, Total Rows Processed: 36310, Total Chunk Time: 0.003 seconds 

Iteration 4 time: 0.005 secs.
Rows Read: 36310, Total Rows Processed: 36310, Total Chunk Time: 0.003 seconds 

Iteration 5 time: 0.005 secs.

Elapsed computation time: 0.053 secs.
Rows Read: 36310, Total Rows Processed: 36310, Total Chunk Time: 0.002 seconds 

Starting values (iteration 1) time: 0.009 secs.
Rows Read: 36310, Total Rows Processed: 36310, Total Chunk Time: 0.003 seconds 

Iteration 2 time: 0.008 secs.
Rows Read: 36310, Total Rows Processed: 36310, Total Chunk Time: 0.003 seconds 

Iteration 3 time: 0.006 secs.
Rows Read: 36310, Total Rows Processed: 36310, Total Chunk Time: 0.003 seconds 

Iteration 4 time: 0.004 secs.
Rows Read: 36310, Total Rows Processed: 36310, Total Chunk Time: 0.002 seconds 

Iteration 5 time: 0.005 secs.

Elapsed computation time: 0.053 secs.
Rows Read: 36310, Total Rows Processed: 36310, Total Chunk Time: 0.002 seconds 

Starting values (iteration 1) time: 0.008 secs.
Rows Read: 36310, Total Rows Processed: 36310, Total Chunk Time: 0.003 seconds 

Iteration 2 time: 0.007 secs.
Rows Read: 36310, Total Rows Processed: 36310, Total Chunk Time: 0.002 seconds 

Iteration 3 time: 0.005 secs.
Rows Read: 36310, Total Rows Processed: 36310, Total Chunk Time: 0.003 seconds 

Iteration 4 time: 0.005 secs.
Rows Read: 36310, Total Rows Processed: 36310, Total Chunk Time: 0.003 seconds 

Iteration 5 time: 0.005 secs.

Elapsed computation time: 0.060 secs.
Rows Read: 36310, Total Rows Processed: 36310, Total Chunk Time: 0.005 seconds 

Starting values (iteration 1) time: 0.021 secs.
Rows Read: 36310, Total Rows Processed: 36310, Total Chunk Time: 0.010 seconds 

Iteration 2 time: 0.021 secs.
Rows Read: 36310, Total Rows Processed: 36310, Total Chunk Time: 0.004 seconds 

Iteration 3 time: 0.007 secs.
Rows Read: 36310, Total Rows Processed: 36310, Total Chunk Time: 0.009 seconds 

Iteration 4 time: 0.013 secs.
Rows Read: 36310, Total Rows Processed: 36310, Total Chunk Time: 0.004 seconds 

Iteration 5 time: 0.008 secs.

Elapsed computation time: 0.103 secs.
Rows Read: 36310, Total Rows Processed: 36310, Total Chunk Time: 0.007 seconds 

Starting values (iteration 1) time: 0.019 secs.
Rows Read: 36310, Total Rows Processed: 36310, Total Chunk Time: 0.004 seconds 

Iteration 2 time: 0.011 secs.
Rows Read: 36310, Total Rows Processed: 36310, Total Chunk Time: 0.003 seconds 

Iteration 3 time: 0.006 secs.
Rows Read: 36310, Total Rows Processed: 36310, Total Chunk Time: 0.004 seconds 

Iteration 4 time: 0.006 secs.
Rows Read: 36310, Total Rows Processed: 36310, Total Chunk Time: 0.004 seconds 

Iteration 5 time: 0.008 secs.

Elapsed computation time: 0.068 secs.
Rows Read: 36310, Total Rows Processed: 36310, Total Chunk Time: 0.002 seconds 

Starting values (iteration 1) time: 0.009 secs.
Rows Read: 36310, Total Rows Processed: 36310, Total Chunk Time: 0.003 seconds 

Iteration 2 time: 0.007 secs.
Rows Read: 36310, Total Rows Processed: 36310, Total Chunk Time: 0.002 seconds 

Iteration 3 time: 0.006 secs.
Rows Read: 36310, Total Rows Processed: 36310, Total Chunk Time: 0.003 seconds 

Iteration 4 time: 0.006 secs.
Rows Read: 36310, Total Rows Processed: 36310, Total Chunk Time: 0.004 seconds 

Iteration 5 time: 0.006 secs.

Elapsed computation time: 0.056 secs.

Elapsed computation time: 2.855 secs.
[1] "--------------------------------------------------------------------------------"
[1] "analyze.results.glm.step="
Logistic Regression Results for: RaceHorse.IsHitA ~
    Gen01.FirstTimeSdvAvg + Gen01.LastTimeSdvAvg +
    Gen01.TimeSdvByRaceAvg
Data: data
Dependent variable(s): RaceHorse.IsHitA
Total independent variables: 4 
Number of valid observations: 36310
Number of missing observations: 0 
 
Coefficients:
                       RaceHorse.IsHitA
(Intercept)                        -2.8
Gen01.FirstTimeSdvAvg               0.4
Gen01.LastTimeSdvAvg                0.3
Gen01.TimeSdvByRaceAvg              1.2
[1] "analyze.results.glm.step.summary"
Call:
rxLogit(formula = formula, data = data, variableSelection = analyze.results.glm.step.varsel)

Logistic Regression Results for: RaceHorse.IsHitA ~
    Gen01.FirstTimeSdvAvg + Gen01.LastTimeSdvAvg +
    Gen01.TimeSdvByRaceAvg
Data: data
Dependent variable(s): RaceHorse.IsHitA
Total independent variables: 4 
Number of valid observations: 36310
Number of missing observations: 0 
-2*LogLikelihood: 17513.449 (Residual deviance on 36306 degrees of freedom)
 
Coefficients:
                       Estimate Std. Error z value Pr(>|z|)    
(Intercept)             -2.8052     0.0251 -111.79  2.2e-16 ***
Gen01.FirstTimeSdvAvg    0.3509     0.1077    3.26   0.0011 ** 
Gen01.LastTimeSdvAvg     0.3377     0.1321    2.56   0.0105 *  
Gen01.TimeSdvByRaceAvg   1.1760     0.1242    9.47  2.2e-16 ***
---
Signif. codes:  0 '***' 0.001 '**' 0.01 '*' 0.05 '.' 0.1 ' ' 1

Condition number of final variance-covariance matrix: 12 
Number of iterations: 5
[1] "--------------------------------------------------------------------------------"
[1] "2022-02-28 00:38:48 --- rxGlm with rxStepControl Finish ---"
[1] "2022-02-28 00:38:48 --- rxStepPlot Start ---"
[1] "pdfFilename=pdf_analyze_glm_Gen01_Type15_rxStepPlot.pdf"
[1] "rxStepPlot="
[1] "2022-02-28 00:38:48 --- rxStepPlot Finish ---"
[1] "2022-02-28 00:38:48 --- save.image Start ---"
[1] "save.image"
[1] "rdataFilename=RData_analyze_glm_Gen01_Type15.RData"
[1] "2022-02-28 00:38:48 --- save.image Finish ---"
[1] "2022-02-28 00:38:48 --- final Start ---"
[1] "--------------------------------------------------------------------------------"
[1] "nrow(data) final=36310"
[1] "--------------------------------------------------------------------------------"
[1] "2022-02-28 00:38:48 --- final Finish ---"
[1] "2022-02-28 00:38:48 --- analyze_glm.R Finished ---"
[1] "2022-02-28 00:38:48 --- log Finish ---"
