[1] "2022-02-28 00:38:23 --- D1115_analyze_glm_Horse_IsHitA_Type22 Start ---"
[1] "2022-02-28 00:38:23 --- Log Start ---"
[1] "2022-02-28 00:38:23 --- analyze_glm.R Start ---"
[1] "analyzeVersion=D1115"
[1] "analyzeCategory=analyze"
[1] "analyzeType=Horse"
[1] "analyzeFamily=IsHitA"
[1] "analyzeFunc=glm"
[1] "analyzeTrackTypeCd=2"
[1] "analyzeJyokenCd=2"
[1] "2022-02-28 00:38:23 --- source_function.R Start ---"
[1] "2022-02-28 00:38:23 --- source_function.R Finished ---"

> print(paste0(Sys.time(), " --- source_library.R Start ---"))
[1] "2022-02-28 00:38:23 --- source_library.R Start ---"

> require("RevoScaleR")

> print(paste0(Sys.time(), " --- source_library.R Finished ---"))
[1] "2022-02-28 00:38:24 --- source_library.R Finished ---"
[1] "2022-02-28 00:38:24 --- RxSqlServerData Start ---"
[1] "2022-02-28 00:38:24 --- RxInSqlServer Start ---"
[1] "2022-02-28 00:38:24 --- RxInSqlServer Finish ---"
[1] "2022-02-28 00:38:24 --- rxSetComputeContext Start ---"
[1] "2022-02-28 00:38:24 --- rxSetComputeContext Finish ---"
[1] "2022-02-28 00:38:24 --- RxSqlServerData Start ---"
[1] "sqlQuery=SELECT * FROM ViewAnalyzeD1115analyze01HorseType22"
[1] "2022-02-28 00:38:24 --- RxSqlServerData Finish ---"
[1] "2022-02-28 00:38:24 --- rxGetVarInfo Start ---"
[1] "2022-02-28 00:38:24 --- rxGetVarInfo Finish---"
[1] "2022-02-28 00:38:24 --- rxImport Start ---"
Rows Read: 5788, Total Rows Processed: 5788, Total Chunk Time: 3.196 seconds 
[1] "2022-02-28 00:38:30 --- rxImport Finish ---"
[1] "object.size(data) auto=2.1 Mb"
[1] "--------------------------------------------------------------------------------"
[1] "nrow(data) RxSqlServerData=5788"
[1] "--------------------------------------------------------------------------------"
[1] "str(data)="
'data.frame':	5788 obs. of  49 variables:
 $ Race.RaceId                      : Factor w/ 399 levels "20160116-06-01-05-10",..: 1 1 1 2 3 3 3 3 4 5 ...
 $ Race.IsAnalyzeNormalPastAndFuture: logi  TRUE TRUE TRUE TRUE TRUE TRUE ...
 $ Race.IsAnalyzeNormalPast         : logi  TRUE TRUE TRUE TRUE TRUE TRUE ...
 $ Race.IsAnalyzeNormalFuture       : logi  FALSE FALSE FALSE FALSE FALSE FALSE ...
 $ Race.IsAnalyzeFullPastAndFuture  : logi  TRUE TRUE TRUE TRUE TRUE TRUE ...
 $ Race.IsAnalyzeFullPast           : logi  TRUE TRUE TRUE TRUE TRUE TRUE ...
 $ Race.IsAnalyzeFullFuture         : logi  FALSE FALSE FALSE FALSE FALSE FALSE ...
 $ Race.JyokenCd                    : Factor w/ 1 level "2": 1 1 1 1 1 1 1 1 1 1 ...
 $ Race.JyoType1Cd                  : Factor w/ 71 levels "2-06-1200-2-1",..: 1 1 1 2 3 3 3 3 4 5 ...
 $ Race.RaceType1Cd                 : Factor w/ 2 levels "2-2-E-1","2-2-E-2": 1 1 1 1 1 1 1 1 1 1 ...
 $ RaceHorse.RaceId                 : Factor w/ 399 levels "20160116-06-01-05-10",..: 1 1 1 2 3 3 3 3 4 5 ...
 $ RaceHorse.KettoNum               : Factor w/ 1204 levels "2010102894","2011100528",..: 1 2 3 4 5 6 7 8 9 10 ...
 $ RaceHorse.IsHit1                 : num  0 0 0 0 0 0 0 0 0 0 ...
 $ RaceHorse.IsHit2                 : num  0 0 0 0 0 0 0 0 0 0 ...
 $ RaceHorse.IsHit3                 : num  0 0 0 0 0 0 0 0 0 0 ...
 $ RaceHorse.IsHit4                 : num  0 0 0 0 0 0 0 0 0 0 ...
 $ RaceHorse.IsHit5                 : num  0 0 0 0 0 0 0 0 0 0 ...
 $ RaceHorse.IsHit6                 : num  1 1 1 1 1 1 1 1 1 1 ...
 $ RaceHorse.IsValidRaceHorse       : logi  TRUE TRUE TRUE TRUE TRUE TRUE ...
 $ RaceHorse.TimeSdvByRace          : num  0.6926 0.0277 0.6926 0.0724 -0.048 ...
 $ RaceHorse.LastTimeSdvByRace      : num  1.302 -0.186 -0.483 -0.277 0.236 ...
 $ RaceHorse.FirstTimeSdvByRace     : num  -0.936 0.229 1.061 1.382 -0.427 ...
 $ RaceHorse.TimeSdv                : num  0.3024 -0.0731 0.3024 -1.405 0.4263 ...
 $ RaceHorse.LastTimeSdv            : num  1.25347 0.20368 -0.00628 -1.58059 -0.33504 ...
 $ RaceHorse.FirstTimeSdv           : num  -1.334 -0.354 0.347 0.744 1.068 ...
 $ RaceHorse.OrderOfFinishSdv       : num  0.2366 -0.2151 0.4624 0.0107 -0.2151 ...
 $ RaceHorse.IsHitA                 : num  0 0 0 0 0 0 0 0 0 0 ...
 $ RaceHorse.IsHitB                 : num  0 0 0 0 0 0 0 0 0 0 ...
 $ RaceHorse.IsHitC                 : num  0 0 0 0 0 0 0 0 0 0 ...
 $ Horse.KettoNum                   : Factor w/ 1204 levels "2010102894","2011100528",..: 1 2 3 4 5 6 7 8 9 10 ...
 $ Horse.TimeSdvByRaceAvg           : num  0.374 0.547 0.429 0.46 0.801 ...
 $ Horse.LastTimeSdvByRaceAvg       : num  0.526 -0.189 -0.18 0.3 0.692 ...
 $ Horse.FirstTimeSdvByRaceAvg      : num  -0.249 0.942 1.015 0.712 0.178 ...
 $ Horse.TimeSdvAvg                 : num  0.26738 0.35802 0.6722 0.00363 0.41332 ...
 $ Horse.LastTimeSdvAvg             : num  0.381 -0.281 0.098 -0.167 0.426 ...
 $ Horse.FirstTimeSdvAvg            : num  -0.2126 0.8435 0.9628 0.4555 -0.0108 ...
 $ Horse.OrderOfFinishSdvAvg        : num  0.364 0.527 0.284 0.516 0.767 ...
 $ Horse.RunCount                   : num  29 23 15 11 25 21 14 18 10 28 ...
 $ Horse.HitCount1                  : num  3 4 2 3 4 4 4 3 3 4 ...
 $ Horse.HitCount2                  : num  4 1 2 1 2 3 2 2 1 3 ...
 $ Horse.HitCount3                  : num  7 3 2 0 7 0 0 1 1 9 ...
 $ Horse.HitCount4                  : num  2 2 0 1 1 1 1 2 0 4 ...
 $ Horse.HitCount5                  : num  1 2 1 0 4 2 2 1 0 3 ...
 $ Horse.HitRate1                   : num  0.103 0.174 0.133 0.273 0.16 ...
 $ Horse.HitRate2                   : num  0.1379 0.0435 0.1333 0.0909 0.08 ...
 $ Horse.HitRate3                   : num  0.241 0.13 0.133 0 0.28 ...
 $ Horse.HitRate4                   : num  0.069 0.087 0 0.0909 0.04 ...
 $ Horse.HitRate5                   : num  0.0345 0.087 0.0667 0 0.16 ...
 $ EOF                              : int  1 1 1 1 1 1 1 1 1 1 ...
[1] "2022-02-28 00:38:32 --- RxSqlServerData Finish ---"
[1] "2022-02-28 00:38:32 --- subset Start ---"
[1] "--------------------------------------------------------------------------------"
[1] "nrow(data) subset before=5788"
[1] "nrow(data) subset after =5788"
[1] "nrow(data) subset diff =0"
[1] "--------------------------------------------------------------------------------"
[1] "2022-02-28 00:38:32 --- subset Finish---"
[1] "2022-02-28 00:38:32 --- transform Start ---"
[1] "--------------------------------------------------------------------------------"
[1] "nrow(data) transform before=5788"
[1] "nrow(data) transform after=5788"
[1] "nrow(data) transform diff=0"
[1] "--------------------------------------------------------------------------------"
[1] "str(data)="
'data.frame':	5788 obs. of  49 variables:
 $ Race.RaceId                      : Factor w/ 399 levels "20160116-06-01-05-10",..: 1 1 1 2 3 3 3 3 4 5 ...
 $ Race.IsAnalyzeNormalPastAndFuture: logi  TRUE TRUE TRUE TRUE TRUE TRUE ...
 $ Race.IsAnalyzeNormalPast         : logi  TRUE TRUE TRUE TRUE TRUE TRUE ...
 $ Race.IsAnalyzeNormalFuture       : logi  FALSE FALSE FALSE FALSE FALSE FALSE ...
 $ Race.IsAnalyzeFullPastAndFuture  : logi  TRUE TRUE TRUE TRUE TRUE TRUE ...
 $ Race.IsAnalyzeFullPast           : logi  TRUE TRUE TRUE TRUE TRUE TRUE ...
 $ Race.IsAnalyzeFullFuture         : logi  FALSE FALSE FALSE FALSE FALSE FALSE ...
 $ Race.JyokenCd                    : Factor w/ 1 level "2": 1 1 1 1 1 1 1 1 1 1 ...
 $ Race.JyoType1Cd                  : Factor w/ 71 levels "2-06-1200-2-1",..: 1 1 1 2 3 3 3 3 4 5 ...
 $ Race.RaceType1Cd                 : Factor w/ 2 levels "2-2-E-1","2-2-E-2": 1 1 1 1 1 1 1 1 1 1 ...
 $ RaceHorse.RaceId                 : Factor w/ 399 levels "20160116-06-01-05-10",..: 1 1 1 2 3 3 3 3 4 5 ...
 $ RaceHorse.KettoNum               : Factor w/ 1204 levels "2010102894","2011100528",..: 1 2 3 4 5 6 7 8 9 10 ...
 $ RaceHorse.IsHit1                 : num  0 0 0 0 0 0 0 0 0 0 ...
 $ RaceHorse.IsHit2                 : num  0 0 0 0 0 0 0 0 0 0 ...
 $ RaceHorse.IsHit3                 : num  0 0 0 0 0 0 0 0 0 0 ...
 $ RaceHorse.IsHit4                 : num  0 0 0 0 0 0 0 0 0 0 ...
 $ RaceHorse.IsHit5                 : num  0 0 0 0 0 0 0 0 0 0 ...
 $ RaceHorse.IsHit6                 : num  1 1 1 1 1 1 1 1 1 1 ...
 $ RaceHorse.IsValidRaceHorse       : logi  TRUE TRUE TRUE TRUE TRUE TRUE ...
 $ RaceHorse.TimeSdvByRace          : num  0.6926 0.0277 0.6926 0.0724 -0.048 ...
 $ RaceHorse.LastTimeSdvByRace      : num  1.302 -0.186 -0.483 -0.277 0.236 ...
 $ RaceHorse.FirstTimeSdvByRace     : num  -0.936 0.229 1.061 1.382 -0.427 ...
 $ RaceHorse.TimeSdv                : num  0.3024 -0.0731 0.3024 -1.405 0.4263 ...
 $ RaceHorse.LastTimeSdv            : num  1.25347 0.20368 -0.00628 -1.58059 -0.33504 ...
 $ RaceHorse.FirstTimeSdv           : num  -1.334 -0.354 0.347 0.744 1.068 ...
 $ RaceHorse.OrderOfFinishSdv       : num  0.2366 -0.2151 0.4624 0.0107 -0.2151 ...
 $ RaceHorse.IsHitA                 : num  0 0 0 0 0 0 0 0 0 0 ...
 $ RaceHorse.IsHitB                 : num  0 0 0 0 0 0 0 0 0 0 ...
 $ RaceHorse.IsHitC                 : num  0 0 0 0 0 0 0 0 0 0 ...
 $ Horse.KettoNum                   : Factor w/ 1204 levels "2010102894","2011100528",..: 1 2 3 4 5 6 7 8 9 10 ...
 $ Horse.TimeSdvByRaceAvg           : num  0.374 0.547 0.429 0.46 0.801 ...
 $ Horse.LastTimeSdvByRaceAvg       : num  0.526 -0.189 -0.18 0.3 0.692 ...
 $ Horse.FirstTimeSdvByRaceAvg      : num  -0.249 0.942 1.015 0.712 0.178 ...
 $ Horse.TimeSdvAvg                 : num  0.26738 0.35802 0.6722 0.00363 0.41332 ...
 $ Horse.LastTimeSdvAvg             : num  0.381 -0.281 0.098 -0.167 0.426 ...
 $ Horse.FirstTimeSdvAvg            : num  -0.2126 0.8435 0.9628 0.4555 -0.0108 ...
 $ Horse.OrderOfFinishSdvAvg        : num  0.364 0.527 0.284 0.516 0.767 ...
 $ Horse.RunCount                   : num  29 23 15 11 25 21 14 18 10 28 ...
 $ Horse.HitCount1                  : num  3 4 2 3 4 4 4 3 3 4 ...
 $ Horse.HitCount2                  : num  4 1 2 1 2 3 2 2 1 3 ...
 $ Horse.HitCount3                  : num  7 3 2 0 7 0 0 1 1 9 ...
 $ Horse.HitCount4                  : num  2 2 0 1 1 1 1 2 0 4 ...
 $ Horse.HitCount5                  : num  1 2 1 0 4 2 2 1 0 3 ...
 $ Horse.HitRate1                   : num  0.103 0.174 0.133 0.273 0.16 ...
 $ Horse.HitRate2                   : num  0.1379 0.0435 0.1333 0.0909 0.08 ...
 $ Horse.HitRate3                   : num  0.241 0.13 0.133 0 0.28 ...
 $ Horse.HitRate4                   : num  0.069 0.087 0 0.0909 0.04 ...
 $ Horse.HitRate5                   : num  0.0345 0.087 0.0667 0 0.16 ...
 $ EOF                              : int  1 1 1 1 1 1 1 1 1 1 ...
NULL
[1] "2022-02-28 00:38:34 --- transform Finish ---"
[1] "2022-02-28 00:38:34 --- na.omit Start ---"
[1] "--------------------------------------------------------------------------------"
[1] "nrow(data) na.omit before=5788"
[1] "nrow(data) na.omit after =5749"
[1] "nrow(data) na.omit diff =39"
[1] "--------------------------------------------------------------------------------"
'data.frame':	5749 obs. of  49 variables:
 $ Race.RaceId                      : Factor w/ 399 levels "20160116-06-01-05-10",..: 1 1 1 2 3 3 3 3 4 5 ...
 $ Race.IsAnalyzeNormalPastAndFuture: logi  TRUE TRUE TRUE TRUE TRUE TRUE ...
 $ Race.IsAnalyzeNormalPast         : logi  TRUE TRUE TRUE TRUE TRUE TRUE ...
 $ Race.IsAnalyzeNormalFuture       : logi  FALSE FALSE FALSE FALSE FALSE FALSE ...
 $ Race.IsAnalyzeFullPastAndFuture  : logi  TRUE TRUE TRUE TRUE TRUE TRUE ...
 $ Race.IsAnalyzeFullPast           : logi  TRUE TRUE TRUE TRUE TRUE TRUE ...
 $ Race.IsAnalyzeFullFuture         : logi  FALSE FALSE FALSE FALSE FALSE FALSE ...
 $ Race.JyokenCd                    : Factor w/ 1 level "2": 1 1 1 1 1 1 1 1 1 1 ...
 $ Race.JyoType1Cd                  : Factor w/ 71 levels "2-06-1200-2-1",..: 1 1 1 2 3 3 3 3 4 5 ...
 $ Race.RaceType1Cd                 : Factor w/ 2 levels "2-2-E-1","2-2-E-2": 1 1 1 1 1 1 1 1 1 1 ...
 $ RaceHorse.RaceId                 : Factor w/ 399 levels "20160116-06-01-05-10",..: 1 1 1 2 3 3 3 3 4 5 ...
 $ RaceHorse.KettoNum               : Factor w/ 1204 levels "2010102894","2011100528",..: 1 2 3 4 5 6 7 8 9 10 ...
 $ RaceHorse.IsHit1                 : num  0 0 0 0 0 0 0 0 0 0 ...
 $ RaceHorse.IsHit2                 : num  0 0 0 0 0 0 0 0 0 0 ...
 $ RaceHorse.IsHit3                 : num  0 0 0 0 0 0 0 0 0 0 ...
 $ RaceHorse.IsHit4                 : num  0 0 0 0 0 0 0 0 0 0 ...
 $ RaceHorse.IsHit5                 : num  0 0 0 0 0 0 0 0 0 0 ...
 $ RaceHorse.IsHit6                 : num  1 1 1 1 1 1 1 1 1 1 ...
 $ RaceHorse.IsValidRaceHorse       : logi  TRUE TRUE TRUE TRUE TRUE TRUE ...
 $ RaceHorse.TimeSdvByRace          : num  0.6926 0.0277 0.6926 0.0724 -0.048 ...
 $ RaceHorse.LastTimeSdvByRace      : num  1.302 -0.186 -0.483 -0.277 0.236 ...
 $ RaceHorse.FirstTimeSdvByRace     : num  -0.936 0.229 1.061 1.382 -0.427 ...
 $ RaceHorse.TimeSdv                : num  0.3024 -0.0731 0.3024 -1.405 0.4263 ...
 $ RaceHorse.LastTimeSdv            : num  1.25347 0.20368 -0.00628 -1.58059 -0.33504 ...
 $ RaceHorse.FirstTimeSdv           : num  -1.334 -0.354 0.347 0.744 1.068 ...
 $ RaceHorse.OrderOfFinishSdv       : num  0.2366 -0.2151 0.4624 0.0107 -0.2151 ...
 $ RaceHorse.IsHitA                 : num  0 0 0 0 0 0 0 0 0 0 ...
 $ RaceHorse.IsHitB                 : num  0 0 0 0 0 0 0 0 0 0 ...
 $ RaceHorse.IsHitC                 : num  0 0 0 0 0 0 0 0 0 0 ...
 $ Horse.KettoNum                   : Factor w/ 1204 levels "2010102894","2011100528",..: 1 2 3 4 5 6 7 8 9 10 ...
 $ Horse.TimeSdvByRaceAvg           : num  0.374 0.547 0.429 0.46 0.801 ...
 $ Horse.LastTimeSdvByRaceAvg       : num  0.526 -0.189 -0.18 0.3 0.692 ...
 $ Horse.FirstTimeSdvByRaceAvg      : num  -0.249 0.942 1.015 0.712 0.178 ...
 $ Horse.TimeSdvAvg                 : num  0.26738 0.35802 0.6722 0.00363 0.41332 ...
 $ Horse.LastTimeSdvAvg             : num  0.381 -0.281 0.098 -0.167 0.426 ...
 $ Horse.FirstTimeSdvAvg            : num  -0.2126 0.8435 0.9628 0.4555 -0.0108 ...
 $ Horse.OrderOfFinishSdvAvg        : num  0.364 0.527 0.284 0.516 0.767 ...
 $ Horse.RunCount                   : num  29 23 15 11 25 21 14 18 10 28 ...
 $ Horse.HitCount1                  : num  3 4 2 3 4 4 4 3 3 4 ...
 $ Horse.HitCount2                  : num  4 1 2 1 2 3 2 2 1 3 ...
 $ Horse.HitCount3                  : num  7 3 2 0 7 0 0 1 1 9 ...
 $ Horse.HitCount4                  : num  2 2 0 1 1 1 1 2 0 4 ...
 $ Horse.HitCount5                  : num  1 2 1 0 4 2 2 1 0 3 ...
 $ Horse.HitRate1                   : num  0.103 0.174 0.133 0.273 0.16 ...
 $ Horse.HitRate2                   : num  0.1379 0.0435 0.1333 0.0909 0.08 ...
 $ Horse.HitRate3                   : num  0.241 0.13 0.133 0 0.28 ...
 $ Horse.HitRate4                   : num  0.069 0.087 0 0.0909 0.04 ...
 $ Horse.HitRate5                   : num  0.0345 0.087 0.0667 0 0.16 ...
 $ EOF                              : int  1 1 1 1 1 1 1 1 1 1 ...
 - attr(*, "na.action")= 'omit' Named int  1256 1257 1258 1259 1260 1261 1262 1263 1264 1265 ...
  ..- attr(*, "names")= chr  "1256" "1257" "1258" "1259" ...
[1] "2022-02-28 00:38:37 --- na.omit Finish ---"
[1] "2022-02-28 00:38:37 --- rxGlm with rxStepControl Start ---"

> print(paste0(Sys.time(), " --- source_logic_glm.R Start ---"))
[1] "2022-02-28 00:38:37 --- source_logic_glm.R Start ---"

> formula <- formula(RaceHorse.IsHitA ~ +1 + Horse.TimeSdvByRaceAvg + 
+     Horse.LastTimeSdvByRaceAvg + Horse.FirstTimeSdvByRaceAvg + 
+     Horse.TimeSdvAvg + Horse.LastTimeSdvAvg + Horse.FirstTimeSdvAvg)

> print(paste0(Sys.time(), " --- source_logic_glm.R Finished ---"))
[1] "2022-02-28 00:38:37 --- source_logic_glm.R Finished ---"
Rows Read: 5749, Total Rows Processed: 5749, Total Chunk Time: 0.002 seconds 

Starting values (iteration 1) time: 0.020 secs.
Rows Read: 5749, Total Rows Processed: 5749, Total Chunk Time: 0.002 seconds 

Iteration 2 time: 0.061 secs.
Rows Read: 5749, Total Rows Processed: 5749, Total Chunk Time: 0.003 seconds 

Iteration 3 time: 0.061 secs.
Rows Read: 5749, Total Rows Processed: 5749, Total Chunk Time: 0.002 seconds 

Iteration 4 time: 0.034 secs.
Rows Read: 5749, Total Rows Processed: 5749, Total Chunk Time: 0.002 seconds 

Iteration 5 time: 0.031 secs.

Elapsed computation time: 0.353 secs.
Rows Read: 5749, Total Rows Processed: 5749, Total Chunk Time: 0.001 seconds 

Starting values (iteration 1) time: 0.035 secs.
Rows Read: 5749, Total Rows Processed: 5749, Total Chunk Time: 0.002 seconds 

Iteration 2 time: 0.034 secs.
Rows Read: 5749, Total Rows Processed: 5749, Total Chunk Time: 0.002 seconds 

Iteration 3 time: 0.057 secs.
Rows Read: 5749, Total Rows Processed: 5749, Total Chunk Time: 0.002 seconds 

Iteration 4 time: 0.029 secs.
Rows Read: 5749, Total Rows Processed: 5749, Total Chunk Time: 0.002 seconds 

Iteration 5 time: 0.029 secs.

Elapsed computation time: 0.363 secs.
Rows Read: 5749, Total Rows Processed: 5749, Total Chunk Time: Less than .001 seconds 

Starting values (iteration 1) time: 0.028 secs.
Rows Read: 5749, Total Rows Processed: 5749, Total Chunk Time: 0.002 seconds 

Iteration 2 time: 0.032 secs.
Rows Read: 5749, Total Rows Processed: 5749, Total Chunk Time: 0.002 seconds 

Iteration 3 time: 0.031 secs.
Rows Read: 5749, Total Rows Processed: 5749, Total Chunk Time: 0.002 seconds 

Iteration 4 time: 0.032 secs.
Rows Read: 5749, Total Rows Processed: 5749, Total Chunk Time: 0.002 seconds 

Iteration 5 time: 0.028 secs.

Elapsed computation time: 0.321 secs.
Rows Read: 5749, Total Rows Processed: 5749, Total Chunk Time: Less than .001 seconds 

Starting values (iteration 1) time: 0.025 secs.
Rows Read: 5749, Total Rows Processed: 5749, Total Chunk Time: 0.002 seconds 

Iteration 2 time: 0.030 secs.
Rows Read: 5749, Total Rows Processed: 5749, Total Chunk Time: 0.002 seconds 

Iteration 3 time: 0.025 secs.
Rows Read: 5749, Total Rows Processed: 5749, Total Chunk Time: 0.002 seconds 

Iteration 4 time: 0.026 secs.
Rows Read: 5749, Total Rows Processed: 5749, Total Chunk Time: 0.002 seconds 

Iteration 5 time: 0.032 secs.

Elapsed computation time: 0.305 secs.
Rows Read: 5749, Total Rows Processed: 5749, Total Chunk Time: 0.001 seconds 

Starting values (iteration 1) time: 0.026 secs.
Rows Read: 5749, Total Rows Processed: 5749, Total Chunk Time: 0.002 seconds 

Iteration 2 time: 0.026 secs.
Rows Read: 5749, Total Rows Processed: 5749, Total Chunk Time: Less than .001 seconds 

Iteration 3 time: 0.025 secs.
Rows Read: 5749, Total Rows Processed: 5749, Total Chunk Time: 0.002 seconds 

Iteration 4 time: 0.026 secs.
Rows Read: 5749, Total Rows Processed: 5749, Total Chunk Time: Less than .001 seconds 

Iteration 5 time: 0.025 secs.

Elapsed computation time: 0.280 secs.
Rows Read: 5749, Total Rows Processed: 5749, Total Chunk Time: 0.001 seconds 

Starting values (iteration 1) time: 0.023 secs.
Rows Read: 5749, Total Rows Processed: 5749, Total Chunk Time: 0.002 seconds 

Iteration 2 time: 0.026 secs.
Rows Read: 5749, Total Rows Processed: 5749, Total Chunk Time: 0.002 seconds 

Iteration 3 time: 0.025 secs.
Rows Read: 5749, Total Rows Processed: 5749, Total Chunk Time: 0.002 seconds 

Iteration 4 time: 0.025 secs.
Rows Read: 5749, Total Rows Processed: 5749, Total Chunk Time: 0.002 seconds 

Iteration 5 time: 0.030 secs.

Elapsed computation time: 0.269 secs.
Rows Read: 5749, Total Rows Processed: 5749, Total Chunk Time: 0.002 seconds 

Starting values (iteration 1) time: 0.024 secs.
Rows Read: 5749, Total Rows Processed: 5749, Total Chunk Time: 0.002 seconds 

Iteration 2 time: 0.027 secs.
Rows Read: 5749, Total Rows Processed: 5749, Total Chunk Time: 0.002 seconds 

Iteration 3 time: 0.023 secs.
Rows Read: 5749, Total Rows Processed: 5749, Total Chunk Time: 0.002 seconds 

Iteration 4 time: 0.026 secs.
Rows Read: 5749, Total Rows Processed: 5749, Total Chunk Time: 0.001 seconds 

Iteration 5 time: 0.027 secs.

Elapsed computation time: 0.280 secs.
Rows Read: 5749, Total Rows Processed: 5749, Total Chunk Time: 0.002 seconds 

Starting values (iteration 1) time: 0.028 secs.
Rows Read: 5749, Total Rows Processed: 5749, Total Chunk Time: 0.002 seconds 

Iteration 2 time: 0.025 secs.
Rows Read: 5749, Total Rows Processed: 5749, Total Chunk Time: 0.001 seconds 

Iteration 3 time: 0.021 secs.
Rows Read: 5749, Total Rows Processed: 5749, Total Chunk Time: 0.002 seconds 

Iteration 4 time: 0.023 secs.
Rows Read: 5749, Total Rows Processed: 5749, Total Chunk Time: 0.002 seconds 

Iteration 5 time: 0.025 secs.

Elapsed computation time: 0.256 secs.
Rows Read: 5749, Total Rows Processed: 5749, Total Chunk Time: 0.001 seconds 

Starting values (iteration 1) time: 0.022 secs.
Rows Read: 5749, Total Rows Processed: 5749, Total Chunk Time: 0.002 seconds 

Iteration 2 time: 0.026 secs.
Rows Read: 5749, Total Rows Processed: 5749, Total Chunk Time: 0.002 seconds 

Iteration 3 time: 0.022 secs.
Rows Read: 5749, Total Rows Processed: 5749, Total Chunk Time: 0.002 seconds 

Iteration 4 time: 0.027 secs.
Rows Read: 5749, Total Rows Processed: 5749, Total Chunk Time: 0.002 seconds 

Iteration 5 time: 0.023 secs.

Elapsed computation time: 0.263 secs.
Rows Read: 5749, Total Rows Processed: 5749, Total Chunk Time: Less than .001 seconds 

Starting values (iteration 1) time: 0.024 secs.
Rows Read: 5749, Total Rows Processed: 5749, Total Chunk Time: 0.001 seconds 

Iteration 2 time: 0.029 secs.
Rows Read: 5749, Total Rows Processed: 5749, Total Chunk Time: 0.002 seconds 

Iteration 3 time: 0.038 secs.
Rows Read: 5749, Total Rows Processed: 5749, Total Chunk Time: 0.002 seconds 

Iteration 4 time: 0.023 secs.
Rows Read: 5749, Total Rows Processed: 5749, Total Chunk Time: Less than .001 seconds 

Iteration 5 time: 0.022 secs.

Elapsed computation time: 0.284 secs.
Rows Read: 5749, Total Rows Processed: 5749, Total Chunk Time: 0.002 seconds 

Starting values (iteration 1) time: 0.023 secs.
Rows Read: 5749, Total Rows Processed: 5749, Total Chunk Time: 0.002 seconds 

Iteration 2 time: 0.032 secs.
Rows Read: 5749, Total Rows Processed: 5749, Total Chunk Time: 0.002 seconds 

Iteration 3 time: 0.027 secs.
Rows Read: 5749, Total Rows Processed: 5749, Total Chunk Time: 0.002 seconds 

Iteration 4 time: 0.020 secs.
Rows Read: 5749, Total Rows Processed: 5749, Total Chunk Time: 0.001 seconds 

Iteration 5 time: 0.026 secs.

Elapsed computation time: 0.264 secs.
Rows Read: 5749, Total Rows Processed: 5749, Total Chunk Time: 0.002 seconds 

Starting values (iteration 1) time: 0.020 secs.
Rows Read: 5749, Total Rows Processed: 5749, Total Chunk Time: 0.002 seconds 

Iteration 2 time: 0.026 secs.
Rows Read: 5749, Total Rows Processed: 5749, Total Chunk Time: Less than .001 seconds 

Iteration 3 time: 0.024 secs.
Rows Read: 5749, Total Rows Processed: 5749, Total Chunk Time: 0.001 seconds 

Iteration 4 time: 0.024 secs.
Rows Read: 5749, Total Rows Processed: 5749, Total Chunk Time: 0.002 seconds 

Iteration 5 time: 0.038 secs.

Elapsed computation time: 0.266 secs.
Rows Read: 5749, Total Rows Processed: 5749, Total Chunk Time: 0.001 seconds 

Starting values (iteration 1) time: 0.027 secs.
Rows Read: 5749, Total Rows Processed: 5749, Total Chunk Time: 0.002 seconds 

Iteration 2 time: 0.025 secs.
Rows Read: 5749, Total Rows Processed: 5749, Total Chunk Time: 0.002 seconds 

Iteration 3 time: 0.026 secs.
Rows Read: 5749, Total Rows Processed: 5749, Total Chunk Time: 0.002 seconds 

Iteration 4 time: 0.024 secs.
Rows Read: 5749, Total Rows Processed: 5749, Total Chunk Time: 0.002 seconds 

Iteration 5 time: 0.021 secs.

Elapsed computation time: 0.260 secs.
Rows Read: 5749, Total Rows Processed: 5749, Total Chunk Time: Less than .001 seconds 

Starting values (iteration 1) time: 0.023 secs.
Rows Read: 5749, Total Rows Processed: 5749, Total Chunk Time: 0.002 seconds 

Iteration 2 time: 0.023 secs.
Rows Read: 5749, Total Rows Processed: 5749, Total Chunk Time: 0.002 seconds 

Iteration 3 time: 0.021 secs.
Rows Read: 5749, Total Rows Processed: 5749, Total Chunk Time: 0.001 seconds 

Iteration 4 time: 0.021 secs.
Rows Read: 5749, Total Rows Processed: 5749, Total Chunk Time: 0.002 seconds 

Iteration 5 time: 0.023 secs.

Elapsed computation time: 0.248 secs.
Rows Read: 5749, Total Rows Processed: 5749, Total Chunk Time: Less than .001 seconds 

Starting values (iteration 1) time: 0.020 secs.
Rows Read: 5749, Total Rows Processed: 5749, Total Chunk Time: Less than .001 seconds 

Iteration 2 time: 0.022 secs.
Rows Read: 5749, Total Rows Processed: 5749, Total Chunk Time: 0.002 seconds 

Iteration 3 time: 0.020 secs.
Rows Read: 5749, Total Rows Processed: 5749, Total Chunk Time: Less than .001 seconds 

Iteration 4 time: 0.020 secs.
Rows Read: 5749, Total Rows Processed: 5749, Total Chunk Time: 0.001 seconds 

Iteration 5 time: 0.021 secs.

Elapsed computation time: 0.227 secs.
Rows Read: 5749, Total Rows Processed: 5749, Total Chunk Time: 0.001 seconds 

Starting values (iteration 1) time: 0.018 secs.
Rows Read: 5749, Total Rows Processed: 5749, Total Chunk Time: 0.002 seconds 

Iteration 2 time: 0.020 secs.
Rows Read: 5749, Total Rows Processed: 5749, Total Chunk Time: 0.001 seconds 

Iteration 3 time: 0.017 secs.
Rows Read: 5749, Total Rows Processed: 5749, Total Chunk Time: Less than .001 seconds 

Iteration 4 time: 0.019 secs.
Rows Read: 5749, Total Rows Processed: 5749, Total Chunk Time: 0.002 seconds 

Iteration 5 time: 0.018 secs.

Elapsed computation time: 0.217 secs.
Rows Read: 5749, Total Rows Processed: 5749, Total Chunk Time: 0.001 seconds 

Starting values (iteration 1) time: 0.033 secs.
Rows Read: 5749, Total Rows Processed: 5749, Total Chunk Time: Less than .001 seconds 

Iteration 2 time: 0.024 secs.
Rows Read: 5749, Total Rows Processed: 5749, Total Chunk Time: 0.002 seconds 

Iteration 3 time: 0.020 secs.
Rows Read: 5749, Total Rows Processed: 5749, Total Chunk Time: 0.002 seconds 

Iteration 4 time: 0.023 secs.
Rows Read: 5749, Total Rows Processed: 5749, Total Chunk Time: 0.001 seconds 

Iteration 5 time: 0.021 secs.

Elapsed computation time: 0.254 secs.
Rows Read: 5749, Total Rows Processed: 5749, Total Chunk Time: Less than .001 seconds 

Starting values (iteration 1) time: 0.019 secs.
Rows Read: 5749, Total Rows Processed: 5749, Total Chunk Time: Less than .001 seconds 

Iteration 2 time: 0.024 secs.
Rows Read: 5749, Total Rows Processed: 5749, Total Chunk Time: 0.002 seconds 

Iteration 3 time: 0.021 secs.
Rows Read: 5749, Total Rows Processed: 5749, Total Chunk Time: Less than .001 seconds 

Iteration 4 time: 0.019 secs.
Rows Read: 5749, Total Rows Processed: 5749, Total Chunk Time: 0.002 seconds 

Iteration 5 time: 0.023 secs.

Elapsed computation time: 0.239 secs.
Rows Read: 5749, Total Rows Processed: 5749, Total Chunk Time: 0.001 seconds 

Starting values (iteration 1) time: 0.019 secs.
Rows Read: 5749, Total Rows Processed: 5749, Total Chunk Time: 0.002 seconds 

Iteration 2 time: 0.036 secs.
Rows Read: 5749, Total Rows Processed: 5749, Total Chunk Time: 0.001 seconds 

Iteration 3 time: 0.020 secs.
Rows Read: 5749, Total Rows Processed: 5749, Total Chunk Time: 0.002 seconds 

Iteration 4 time: 0.037 secs.
Rows Read: 5749, Total Rows Processed: 5749, Total Chunk Time: 0.002 seconds 

Iteration 5 time: 0.020 secs.

Elapsed computation time: 0.255 secs.
Rows Read: 5749, Total Rows Processed: 5749, Total Chunk Time: Less than .001 seconds 

Starting values (iteration 1) time: 0.016 secs.
Rows Read: 5749, Total Rows Processed: 5749, Total Chunk Time: 0.002 seconds 

Iteration 2 time: 0.021 secs.
Rows Read: 5749, Total Rows Processed: 5749, Total Chunk Time: 0.002 seconds 

Iteration 3 time: 0.018 secs.
Rows Read: 5749, Total Rows Processed: 5749, Total Chunk Time: 0.001 seconds 

Iteration 4 time: 0.026 secs.
Rows Read: 5749, Total Rows Processed: 5749, Total Chunk Time: 0.003 seconds 

Iteration 5 time: 0.024 secs.

Elapsed computation time: 0.288 secs.
Rows Read: 5749, Total Rows Processed: 5749, Total Chunk Time: 0.001 seconds 

Starting values (iteration 1) time: 0.017 secs.
Rows Read: 5749, Total Rows Processed: 5749, Total Chunk Time: 0.001 seconds 

Iteration 2 time: 0.024 secs.
Rows Read: 5749, Total Rows Processed: 5749, Total Chunk Time: 0.001 seconds 

Iteration 3 time: 0.017 secs.
Rows Read: 5749, Total Rows Processed: 5749, Total Chunk Time: 0.001 seconds 

Iteration 4 time: 0.015 secs.
Rows Read: 5749, Total Rows Processed: 5749, Total Chunk Time: 0.001 seconds 

Iteration 5 time: 0.018 secs.

Elapsed computation time: 0.208 secs.
Rows Read: 5749, Total Rows Processed: 5749, Total Chunk Time: 0.001 seconds 

Starting values (iteration 1) time: 0.014 secs.
Rows Read: 5749, Total Rows Processed: 5749, Total Chunk Time: 0.002 seconds 

Iteration 2 time: 0.019 secs.
Rows Read: 5749, Total Rows Processed: 5749, Total Chunk Time: 0.002 seconds 

Iteration 3 time: 0.024 secs.
Rows Read: 5749, Total Rows Processed: 5749, Total Chunk Time: 0.001 seconds 

Iteration 4 time: 0.019 secs.
Rows Read: 5749, Total Rows Processed: 5749, Total Chunk Time: 0.001 seconds 

Iteration 5 time: 0.021 secs.

Elapsed computation time: 0.212 secs.
Rows Read: 5749, Total Rows Processed: 5749, Total Chunk Time: 0.001 seconds 

Starting values (iteration 1) time: 0.012 secs.
Rows Read: 5749, Total Rows Processed: 5749, Total Chunk Time: 0.002 seconds 

Iteration 2 time: 0.027 secs.
Rows Read: 5749, Total Rows Processed: 5749, Total Chunk Time: 0.001 seconds 

Iteration 3 time: 0.016 secs.
Rows Read: 5749, Total Rows Processed: 5749, Total Chunk Time: 0.001 seconds 

Iteration 4 time: 0.020 secs.

Elapsed computation time: 0.156 secs.
Rows Read: 5749, Total Rows Processed: 5749, Total Chunk Time: Less than .001 seconds 

Starting values (iteration 1) time: 0.015 secs.
Rows Read: 5749, Total Rows Processed: 5749, Total Chunk Time: 0.002 seconds 

Iteration 2 time: 0.019 secs.
Rows Read: 5749, Total Rows Processed: 5749, Total Chunk Time: 0.002 seconds 

Iteration 3 time: 0.018 secs.
Rows Read: 5749, Total Rows Processed: 5749, Total Chunk Time: 0.002 seconds 

Iteration 4 time: 0.016 secs.
Rows Read: 5749, Total Rows Processed: 5749, Total Chunk Time: 0.002 seconds 

Iteration 5 time: 0.029 secs.

Elapsed computation time: 0.216 secs.
Rows Read: 5749, Total Rows Processed: 5749, Total Chunk Time: Less than .001 seconds 

Starting values (iteration 1) time: 0.019 secs.
Rows Read: 5749, Total Rows Processed: 5749, Total Chunk Time: 0.002 seconds 

Iteration 2 time: 0.017 secs.
Rows Read: 5749, Total Rows Processed: 5749, Total Chunk Time: Less than .001 seconds 

Iteration 3 time: 0.016 secs.
Rows Read: 5749, Total Rows Processed: 5749, Total Chunk Time: Less than .001 seconds 

Iteration 4 time: 0.018 secs.
Rows Read: 5749, Total Rows Processed: 5749, Total Chunk Time: 0.001 seconds 

Iteration 5 time: 0.018 secs.

Elapsed computation time: 0.190 secs.
Rows Read: 5749, Total Rows Processed: 5749, Total Chunk Time: 0.001 seconds 

Starting values (iteration 1) time: 0.015 secs.
Rows Read: 5749, Total Rows Processed: 5749, Total Chunk Time: Less than .001 seconds 

Iteration 2 time: 0.017 secs.
Rows Read: 5749, Total Rows Processed: 5749, Total Chunk Time: 0.001 seconds 

Iteration 3 time: 0.012 secs.
Rows Read: 5749, Total Rows Processed: 5749, Total Chunk Time: 0.002 seconds 

Iteration 4 time: 0.016 secs.
Rows Read: 5749, Total Rows Processed: 5749, Total Chunk Time: Less than .001 seconds 

Iteration 5 time: 0.014 secs.

Elapsed computation time: 0.175 secs.

Elapsed computation time: 7.322 secs.
[1] "--------------------------------------------------------------------------------"
[1] "analyze.results.glm.step="
Logistic Regression Results for: RaceHorse.IsHitA ~
    Horse.FirstTimeSdvAvg + Horse.FirstTimeSdvByRaceAvg +
    Horse.LastTimeSdvByRaceAvg
Data: data
Dependent variable(s): RaceHorse.IsHitA
Total independent variables: 4 
Number of valid observations: 5749
Number of missing observations: 0 
 
Coefficients:
                            RaceHorse.IsHitA
(Intercept)                             -3.9
Horse.FirstTimeSdvAvg                    0.6
Horse.FirstTimeSdvByRaceAvg              0.9
Horse.LastTimeSdvByRaceAvg               2.0
[1] "analyze.results.glm.step.summary"
Call:
rxLogit(formula = formula, data = data, variableSelection = analyze.results.glm.step.varsel)

Logistic Regression Results for: RaceHorse.IsHitA ~
    Horse.FirstTimeSdvAvg + Horse.FirstTimeSdvByRaceAvg +
    Horse.LastTimeSdvByRaceAvg
Data: data
Dependent variable(s): RaceHorse.IsHitA
Total independent variables: 4 
Number of valid observations: 5749
Number of missing observations: 0 
-2*LogLikelihood: 2721.648 (Residual deviance on 5745 degrees of freedom)
 
Coefficients:
                            Estimate Std. Error z value Pr(>|z|)    
(Intercept)                   -3.937      0.126  -31.36  2.2e-16 ***
Horse.FirstTimeSdvAvg          0.615      0.221    2.78   0.0055 ** 
Horse.FirstTimeSdvByRaceAvg    0.865      0.184    4.70  2.6e-06 ***
Horse.LastTimeSdvByRaceAvg     2.012      0.164   12.24  2.2e-16 ***
---
Signif. codes:  0 '***' 0.001 '**' 0.01 '*' 0.05 '.' 0.1 ' ' 1

Condition number of final variance-covariance matrix: 8 
Number of iterations: 5
[1] "--------------------------------------------------------------------------------"
[1] "2022-02-28 00:38:45 --- rxGlm with rxStepControl Finish ---"
[1] "2022-02-28 00:38:45 --- rxStepPlot Start ---"
[1] "pdfFilename=pdf_analyze_glm_Horse_Type22_rxStepPlot.pdf"
[1] "rxStepPlot="
[1] "2022-02-28 00:38:45 --- rxStepPlot Finish ---"
[1] "2022-02-28 00:38:45 --- save.image Start ---"
[1] "save.image"
[1] "rdataFilename=RData_analyze_glm_Horse_Type22.RData"
[1] "2022-02-28 00:38:45 --- save.image Finish ---"
[1] "2022-02-28 00:38:45 --- final Start ---"
[1] "--------------------------------------------------------------------------------"
[1] "nrow(data) final=5749"
[1] "--------------------------------------------------------------------------------"
[1] "2022-02-28 00:38:45 --- final Finish ---"
[1] "2022-02-28 00:38:45 --- analyze_glm.R Finished ---"
[1] "2022-02-28 00:38:46 --- log Finish ---"
