[1] "2022-02-27 15:50:46 --- D1115_Predict_glm_Basic_IsHitA_Type11 Start ---"
[1] "2022-02-27 15:50:46 --- Log Start ---"
[1] "2022-02-27 15:50:46 --- predict.R Start ---"
[1] "--------------------------------------------------------------------------------"
[1] "analyzeVersion=D1115"
[1] "analyzeCategory=Predict"
[1] "analyzeType=Basic"
[1] "analyzeFamily=IsHitA"
[1] "analyzeFunc=glm"
[1] "analyzeTrackTypeCd=1"
[1] "analyzeJyokenCd=1"
[1] "--------------------------------------------------------------------------------"
[1] "2022-02-27 15:50:46 --- source_function.R Start ---"
[1] "2022-02-27 15:50:46 --- source_function.R Finished ---"
[1] "2022-02-27 15:50:46 --- source_library.R Start ---"
[1] "2022-02-27 15:50:46 --- source_library.R Finished ---"
[1] "2022-02-27 15:50:46 --- Load Start ---"
[1] "analyzeTrackTypeCd=1"
[1] "analyzeJyokenCd=1"
[1] "loadFilename=RData_Analyze_glm_Basic_Type11.RData"
[1] "2022-02-27 15:50:46 --- Load Finished ---"
[1] "2022-02-27 15:50:46 --- RxSqlServerData Start ---"
[1] "2022-02-27 15:50:46 --- RxInSqlServer Start ---"
[1] "2022-02-27 15:50:46 --- RxInSqlServer Finish ---"
[1] "2022-02-27 15:50:46 --- rxSetComputeContext Start ---"
[1] "2022-02-27 15:50:46 --- rxSetComputeContext Finish ---"
[1] "2022-02-27 15:50:46 --- RxSqlServerData Start ---"
[1] "analyzeTrackTypeCd=1"
[1] "analyzeJyokenCd=1"
[1] "predictSqlQuery=SELECT * FROM ViewAnalyzeD1115Predict01BasicType11"
[1] "2022-02-27 15:50:46 --- RxSqlServerData Finish ---"
[1] "2022-02-27 15:50:46 --- rxGetVarInfo Start ---"
[1] "2022-02-27 15:50:46 --- rxGetVarInfo Finish---"
[1] "2022-02-27 15:50:46 --- rxImport Start ---"
Rows Read: 16015, Total Rows Processed: 16015, Total Chunk Time: 1.932 seconds 
[1] "2022-02-27 15:50:50 --- rxImport Finish ---"
[1] "object.size(InputDataSet) auto=3.1 Mb"
[1] "--------------------------------------------------------------------------------"
[1] "nrow(InputDataSet) RxSqlServerData=16015"
[1] "--------------------------------------------------------------------------------"
[1] "str(InputDataSet)="
'data.frame':	16015 obs. of  28 variables:
 $ Race.RaceId                      : Factor w/ 1152 levels "20180429-05-02-04-11",..: 1 1 1 1 1 1 1 1 1 1 ...
 $ Race.IsAnalyzeNormalPastAndFuture: logi  TRUE TRUE TRUE TRUE TRUE TRUE ...
 $ Race.IsAnalyzeNormalPast         : logi  TRUE TRUE TRUE TRUE TRUE TRUE ...
 $ Race.IsAnalyzeNormalFuture       : logi  FALSE FALSE FALSE FALSE FALSE FALSE ...
 $ Race.IsAnalyzeFullPastAndFuture  : logi  TRUE TRUE TRUE TRUE TRUE TRUE ...
 $ Race.IsAnalyzeFullPast           : logi  TRUE TRUE TRUE TRUE TRUE TRUE ...
 $ Race.IsAnalyzeFullFuture         : logi  FALSE FALSE FALSE FALSE FALSE FALSE ...
 $ Race.JyokenCd                    : Factor w/ 1 level "1": 1 1 1 1 1 1 1 1 1 1 ...
 $ Race.JyoType1Cd                  : Factor w/ 157 levels "1-05-1800-1-1",..: 1 1 1 1 1 1 1 1 1 1 ...
 $ Race.RaceType1Cd                 : Factor w/ 16 levels "1-1-E-2","1-1-A-3",..: 1 1 1 1 1 1 1 1 1 1 ...
 $ RaceHorse.RaceId                 : Factor w/ 1152 levels "20180429-05-02-04-11",..: 1 1 1 1 1 1 1 1 1 1 ...
 $ RaceHorse.KettoNum               : Factor w/ 3741 levels "2015105010","2015103663",..: 1 2 3 4 5 6 7 8 9 10 ...
 $ RaceHorse.UmabanSdv              : num  -1.196 -0.957 -0.718 -0.478 -0.239 ...
 $ RaceHorse.BareiSdv               : num  -0.713 -0.713 -0.713 -0.713 -0.713 ...
 $ RaceHorse.BataijyuSdv            : num  -1.198 -0.903 -0.534 -0.829 -1.566 ...
 $ RaceHorse.FutanSdv               : num  -0.951 -0.951 -0.951 -0.951 -0.951 ...
 $ RaceHorse.LifetimeSdv            : num  -0.758 -0.756 -0.803 -0.868 -0.829 ...
 $ RaceHorse.FutanRatioSdv          : num  0.645 0.403 0.113 0.344 0.96 ...
 $ DataMining.DmTimeSdv             : num  0.307 -2.793 1.069 -0.671 0.276 ...
 $ DataMiningTaisen.TmScoreSdv      : num  0.303 -1.684 1.297 -1.875 -0.508 ...
 $ OddsByWin.Odds1                  : num  40.9 277.9 2 40.9 7.7 ...
 $ OddsByWin.Ninki                  : num  8 11 1 9 3 10 2 7 5 6 ...
 $ OddsByWin.OddsLog1               : num  3.74 5.63 1.1 3.74 2.16 ...
 $ OddsByWin.OddsRatio1             : num  0.02506 0.00361 1 0.02506 0.14925 ...
 $ OddsByWin.OddsLogit1             : num  -3.711 -5.627 -0.693 -3.711 -2.041 ...
 $ OddsByWin.ApprovalRate1          : num  0.0244 0.0036 0.5 0.0244 0.1299 ...
 $ OddsByWin.ApprovalRateLog1       : num  0.02416 0.00359 0.40547 0.02416 0.1221 ...
 $ EOF                              : int  1 1 1 1 1 1 1 1 1 1 ...
[1] "2022-02-27 15:50:50 --- RxSqlServerData Finish ---"
[1] "2022-02-27 15:50:50 --- subset Start ---"
[1] "--------------------------------------------------------------------------------"
[1] "nrow(InputDataSet) subset before=16015"
[1] "nrow(InputDataSet) subset after=16015"
[1] "nrow(InputDataSet) subset diff=0"
[1] "--------------------------------------------------------------------------------"
[1] "class(InputDataSet$Race.IsAnalyzeNormalPast)=logical"
[1] "class(InputDataSet$Race.analyzeTrackTypeCd)=NULL"
[1] "2022-02-27 15:50:50 --- subset Finish ---"
[1] "2022-02-27 15:50:50 --- na.omit Start ---"
[1] "--------------------------------------------------------------------------------"
[1] "nrow(InputDataSet) na.omit before=16015"
[1] "nrow(InputDataSet) na.omit after=15962"
[1] "nrow(InputDataSet) na.omit diff=53"
[1] "--------------------------------------------------------------------------------"
[1] "2022-02-27 15:50:50 --- na.omit Finish---"
[1] "2022-02-27 15:50:50 --- New Levels Start ---"
 [1] "levels(data$Race.RaceType1Cd)=1-1-E-2"
 [2] "levels(data$Race.RaceType1Cd)=1-1-A-3"
 [3] "levels(data$Race.RaceType1Cd)=1-1-A-1"
 [4] "levels(data$Race.RaceType1Cd)=1-1-B-2"
 [5] "levels(data$Race.RaceType1Cd)=1-1-B-3"
 [6] "levels(data$Race.RaceType1Cd)=1-1-B-1"
 [7] "levels(data$Race.RaceType1Cd)=1-1-E-3"
 [8] "levels(data$Race.RaceType1Cd)=1-1-E-1"
 [9] "levels(data$Race.RaceType1Cd)=1-1-C-1"
[10] "levels(data$Race.RaceType1Cd)=1-1-C-2"
[11] "levels(data$Race.RaceType1Cd)=1-1-A-2"
[12] "levels(data$Race.RaceType1Cd)=1-1-C-3"
[13] "levels(data$Race.RaceType1Cd)=1-1-D-1"
[14] "levels(data$Race.RaceType1Cd)=1-1-L-1"
[15] "levels(data$Race.RaceType1Cd)=1-1-L-2"
[16] "levels(data$Race.RaceType1Cd)=1-1-L-3"
 [1] "levels(InputDataSet$Race.RaceType1Cd)=1-1-E-2"
 [2] "levels(InputDataSet$Race.RaceType1Cd)=1-1-A-3"
 [3] "levels(InputDataSet$Race.RaceType1Cd)=1-1-A-1"
 [4] "levels(InputDataSet$Race.RaceType1Cd)=1-1-B-2"
 [5] "levels(InputDataSet$Race.RaceType1Cd)=1-1-B-3"
 [6] "levels(InputDataSet$Race.RaceType1Cd)=1-1-B-1"
 [7] "levels(InputDataSet$Race.RaceType1Cd)=1-1-E-3"
 [8] "levels(InputDataSet$Race.RaceType1Cd)=1-1-E-1"
 [9] "levels(InputDataSet$Race.RaceType1Cd)=1-1-C-1"
[10] "levels(InputDataSet$Race.RaceType1Cd)=1-1-C-2"
[11] "levels(InputDataSet$Race.RaceType1Cd)=1-1-A-2"
[12] "levels(InputDataSet$Race.RaceType1Cd)=1-1-C-3"
[13] "levels(InputDataSet$Race.RaceType1Cd)=1-1-D-1"
[14] "levels(InputDataSet$Race.RaceType1Cd)=1-1-L-1"
[15] "levels(InputDataSet$Race.RaceType1Cd)=1-1-L-2"
[16] "levels(InputDataSet$Race.RaceType1Cd)=1-1-L-3"
[1] "length(Race.RaceType1Cd.Index)=0"
[1] "2022-02-27 15:50:50 --- New Levels Finish ---"
[1] "2022-02-27 15:50:50 --- na.omit Start ---"
[1] "--------------------------------------------------------------------------------"
[1] "nrow(InputDataSet) na.omit levels before=15962"
[1] "nrow(InputDataSet) na.omit levels after=15962"
[1] "nrow(InputDataSet) na.omit levels diff=0"
[1] "--------------------------------------------------------------------------------"
[1] "2022-02-27 15:50:50 --- na.omit Finish ---"
[1] "2022-02-27 15:50:50 --- Predict InputDataSet Start ---"
[1] "--------------------------------------------------------------------------------"
[1] "nrow(InputDataSet) predict=15962"
[1] "--------------------------------------------------------------------------------"
[1] "str(InputDataSet)="
'data.frame':	15962 obs. of  28 variables:
 $ Race.RaceId                      : Factor w/ 1152 levels "20180429-05-02-04-11",..: 1 1 1 1 1 1 1 1 1 1 ...
 $ Race.IsAnalyzeNormalPastAndFuture: logi  TRUE TRUE TRUE TRUE TRUE TRUE ...
 $ Race.IsAnalyzeNormalPast         : logi  TRUE TRUE TRUE TRUE TRUE TRUE ...
 $ Race.IsAnalyzeNormalFuture       : logi  FALSE FALSE FALSE FALSE FALSE FALSE ...
 $ Race.IsAnalyzeFullPastAndFuture  : logi  TRUE TRUE TRUE TRUE TRUE TRUE ...
 $ Race.IsAnalyzeFullPast           : logi  TRUE TRUE TRUE TRUE TRUE TRUE ...
 $ Race.IsAnalyzeFullFuture         : logi  FALSE FALSE FALSE FALSE FALSE FALSE ...
 $ Race.JyokenCd                    : Factor w/ 1 level "1": 1 1 1 1 1 1 1 1 1 1 ...
 $ Race.JyoType1Cd                  : Factor w/ 157 levels "1-05-1800-1-1",..: 1 1 1 1 1 1 1 1 1 1 ...
 $ Race.RaceType1Cd                 : Factor w/ 16 levels "1-1-E-2","1-1-A-3",..: 1 1 1 1 1 1 1 1 1 1 ...
 $ RaceHorse.RaceId                 : Factor w/ 1152 levels "20180429-05-02-04-11",..: 1 1 1 1 1 1 1 1 1 1 ...
 $ RaceHorse.KettoNum               : Factor w/ 3741 levels "2015105010","2015103663",..: 1 2 3 4 5 6 7 8 9 10 ...
 $ RaceHorse.UmabanSdv              : num  -1.196 -0.957 -0.718 -0.478 -0.239 ...
 $ RaceHorse.BareiSdv               : num  -0.713 -0.713 -0.713 -0.713 -0.713 ...
 $ RaceHorse.BataijyuSdv            : num  -1.198 -0.903 -0.534 -0.829 -1.566 ...
 $ RaceHorse.FutanSdv               : num  -0.951 -0.951 -0.951 -0.951 -0.951 ...
 $ RaceHorse.LifetimeSdv            : num  -0.758 -0.756 -0.803 -0.868 -0.829 ...
 $ RaceHorse.FutanRatioSdv          : num  0.645 0.403 0.113 0.344 0.96 ...
 $ DataMining.DmTimeSdv             : num  0.307 -2.793 1.069 -0.671 0.276 ...
 $ DataMiningTaisen.TmScoreSdv      : num  0.303 -1.684 1.297 -1.875 -0.508 ...
 $ OddsByWin.Odds1                  : num  40.9 277.9 2 40.9 7.7 ...
 $ OddsByWin.Ninki                  : num  8 11 1 9 3 10 2 7 5 6 ...
 $ OddsByWin.OddsLog1               : num  3.74 5.63 1.1 3.74 2.16 ...
 $ OddsByWin.OddsRatio1             : num  0.02506 0.00361 1 0.02506 0.14925 ...
 $ OddsByWin.OddsLogit1             : num  -3.711 -5.627 -0.693 -3.711 -2.041 ...
 $ OddsByWin.ApprovalRate1          : num  0.0244 0.0036 0.5 0.0244 0.1299 ...
 $ OddsByWin.ApprovalRateLog1       : num  0.02416 0.00359 0.40547 0.02416 0.1221 ...
 $ EOF                              : int  1 1 1 1 1 1 1 1 1 1 ...
 - attr(*, "na.action")= 'omit' Named int  15 641 1070 1111 2037 2178 3173 3212 3290 3389 ...
  ..- attr(*, "names")= chr  "15" "641" "1070" "1111" ...
[1] "2022-02-27 15:50:50 --- Predict InputDataSet Finish ---"
[1] "2022-02-27 15:50:50 --- rxPredict (glm) Start ---"
[1] "analyzeFunc=glm"
Rows Read: 15962, Total Rows Processed: 15962, Total Chunk Time: 0.001 seconds 
[1] "--------------------------------------------------------------------------------"
[1] "nrow(PredictDataSet) afte predict=15962"
[1] "--------------------------------------------------------------------------------"
[1] "str(PredictDataSet)"
'data.frame':	15962 obs. of  1 variable:
 $ RaceHorse.IsHitA_Pred: num  0.01372 0.00101 0.37058 0.0143 0.10814 ...
NULL
[1] "2022-02-27 15:50:50 --- rxPredict (glm) Finish ---"
[1] "2022-02-27 15:50:50 --- add key Start ---"
[1] "--------------------------------------------------------------------------------"
[1] "nrow(OutputDataSet) add KeyColmn=15962"
[1] "--------------------------------------------------------------------------------"
[1] "str(OutputDataSet) after add Key"
'data.frame':	15962 obs. of  2 variables:
 $ RaceHorse.RaceId  : Factor w/ 1152 levels "20180429-05-02-04-11",..: 1 1 1 1 1 1 1 1 1 1 ...
 $ RaceHorse.KettoNum: Factor w/ 3741 levels "2015105010","2015103663",..: 1 2 3 4 5 6 7 8 9 10 ...
NULL
[1] "2022-02-27 15:50:50 --- add key Finish ---"
[1] "2022-02-27 15:50:50 --- add PredictValue Start ---"
[1] "str(PredictDataSet) before rename="
[1] "colnames(PredictDataSet)=RaceHorse.IsHitA_Pred"
[1] "str(PredictDataSet) after rename="
'data.frame':	15962 obs. of  1 variable:
 $ PredictValue: num  0.01372 0.00101 0.37058 0.0143 0.10814 ...
NULL
[1] "str(OutputDataSet) before cbind="
'data.frame':	15962 obs. of  2 variables:
 $ RaceHorse.RaceId  : Factor w/ 1152 levels "20180429-05-02-04-11",..: 1 1 1 1 1 1 1 1 1 1 ...
 $ RaceHorse.KettoNum: Factor w/ 3741 levels "2015105010","2015103663",..: 1 2 3 4 5 6 7 8 9 10 ...
NULL
[1] "str(OutputDataSet) after cbind="
'data.frame':	15962 obs. of  3 variables:
 $ RaceHorse.RaceId  : Factor w/ 1152 levels "20180429-05-02-04-11",..: 1 1 1 1 1 1 1 1 1 1 ...
 $ RaceHorse.KettoNum: Factor w/ 3741 levels "2015105010","2015103663",..: 1 2 3 4 5 6 7 8 9 10 ...
 $ PredictValue      : num  0.01372 0.00101 0.37058 0.0143 0.10814 ...
NULL
[1] "2022-02-27 15:50:50 --- add PredictValue Finish ---"
[1] "2022-02-27 15:50:50 --- final Start ---"
[1] "--------------------------------------------------------------------------------"
[1] "nrow(OutputDataSet) final=15962"
[1] "--------------------------------------------------------------------------------"
[1] "str(OutputDataSet)="
'data.frame':	15962 obs. of  3 variables:
 $ RaceHorse.RaceId  : Factor w/ 1152 levels "20180429-05-02-04-11",..: 1 1 1 1 1 1 1 1 1 1 ...
 $ RaceHorse.KettoNum: Factor w/ 3741 levels "2015105010","2015103663",..: 1 2 3 4 5 6 7 8 9 10 ...
 $ PredictValue      : num  0.01372 0.00101 0.37058 0.0143 0.10814 ...
NULL
[1] "2022-02-27 15:50:50 --- final Finish ---"
[1] "2022-02-27 15:50:50 --- predict.R Finished ---"
[1] "2022-02-27 15:50:50 --- log Finish ---"
