[1] "2022-02-27 15:41:00 --- D1115_Predict_glm_Horse_IsHitA_Type11 Start ---"
[1] "2022-02-27 15:41:00 --- Log Start ---"
[1] "2022-02-27 15:41:00 --- predict.R Start ---"
[1] "--------------------------------------------------------------------------------"
[1] "analyzeVersion=D1115"
[1] "analyzeCategory=Predict"
[1] "analyzeType=Horse"
[1] "analyzeFamily=IsHitA"
[1] "analyzeFunc=glm"
[1] "analyzeTrackTypeCd=1"
[1] "analyzeJyokenCd=1"
[1] "--------------------------------------------------------------------------------"
[1] "2022-02-27 15:41:00 --- source_function.R Start ---"
[1] "2022-02-27 15:41:00 --- source_function.R Finished ---"
[1] "2022-02-27 15:41:00 --- source_library.R Start ---"
[1] "2022-02-27 15:41:00 --- source_library.R Finished ---"
[1] "2022-02-27 15:41:00 --- Load Start ---"
[1] "analyzeTrackTypeCd=1"
[1] "analyzeJyokenCd=1"
[1] "loadFilename=RData_Analyze_glm_Horse_Type11.RData"
[1] "2022-02-27 15:41:00 --- Load Finished ---"
[1] "2022-02-27 15:41:00 --- RxSqlServerData Start ---"
[1] "2022-02-27 15:41:00 --- RxInSqlServer Start ---"
[1] "2022-02-27 15:41:00 --- RxInSqlServer Finish ---"
[1] "2022-02-27 15:41:00 --- rxSetComputeContext Start ---"
[1] "2022-02-27 15:41:00 --- rxSetComputeContext Finish ---"
[1] "2022-02-27 15:41:00 --- RxSqlServerData Start ---"
[1] "analyzeTrackTypeCd=1"
[1] "analyzeJyokenCd=1"
[1] "predictSqlQuery=SELECT * FROM ViewAnalyzeD1115Predict01HorseType11"
[1] "2022-02-27 15:41:00 --- RxSqlServerData Finish ---"
[1] "2022-02-27 15:41:00 --- rxGetVarInfo Start ---"
[1] "2022-02-27 15:41:00 --- rxGetVarInfo Finish---"
[1] "2022-02-27 15:41:00 --- rxImport Start ---"
Rows Read: 15840, Total Rows Processed: 15840, Total Chunk Time: 2.157 seconds 
[1] "2022-02-27 15:41:05 --- rxImport Finish ---"
[1] "object.size(InputDataSet) auto=3.8 Mb"
[1] "--------------------------------------------------------------------------------"
[1] "nrow(InputDataSet) RxSqlServerData=15840"
[1] "--------------------------------------------------------------------------------"
[1] "str(InputDataSet)="
'data.frame':	15840 obs. of  33 variables:
 $ Race.RaceId                      : Factor w/ 1152 levels "20160116-07-01-01-11",..: 1 1 1 1 1 1 1 1 1 1 ...
 $ Race.IsPredictedRace             : logi  TRUE TRUE TRUE TRUE TRUE TRUE ...
 $ Race.IsAnalyzeNormalPastAndFuture: logi  TRUE TRUE TRUE TRUE TRUE TRUE ...
 $ Race.IsAnalyzeNormalPast         : logi  TRUE TRUE TRUE TRUE TRUE TRUE ...
 $ Race.IsAnalyzeNormalFuture       : logi  FALSE FALSE FALSE FALSE FALSE FALSE ...
 $ Race.IsAnalyzeFullPastAndFuture  : logi  TRUE TRUE TRUE TRUE TRUE TRUE ...
 $ Race.IsAnalyzeFullPast           : logi  TRUE TRUE TRUE TRUE TRUE TRUE ...
 $ Race.IsAnalyzeFullFuture         : logi  FALSE FALSE FALSE FALSE FALSE FALSE ...
 $ Race.JyokenCd                    : Factor w/ 1 level "1": 1 1 1 1 1 1 1 1 1 1 ...
 $ Race.JyoType1Cd                  : Factor w/ 157 levels "1-07-2000-1-1",..: 1 1 1 1 1 1 1 1 1 1 ...
 $ Race.RaceType1Cd                 : Factor w/ 16 levels "1-1-C-2","1-1-B-2",..: 1 1 1 1 1 1 1 1 1 1 ...
 $ RaceHorse.RaceId                 : Factor w/ 1152 levels "20160116-07-01-01-11",..: 1 1 1 1 1 1 1 1 1 1 ...
 $ RaceHorse.KettoNum               : Factor w/ 3611 levels "2012104884","2012104407",..: 1 2 3 4 5 6 7 8 9 10 ...
 $ Horse.KettoNum                   : Factor w/ 3611 levels "2012104884","2012104407",..: 1 2 3 4 5 6 7 8 9 10 ...
 $ Horse.TimeSdvByRaceAvg           : num  0.615 0.993 0.671 0.222 0.365 ...
 $ Horse.LastTimeSdvByRaceAvg       : num  0.442 0.849 0.22 0.542 -0.479 ...
 $ Horse.FirstTimeSdvByRaceAvg      : num  0.173 0.115 0.836 -0.611 1.184 ...
 $ Horse.TimeSdvAvg                 : num  -0.132 0.347 0.412 0.417 0.319 ...
 $ Horse.LastTimeSdvAvg             : num  0.428 0.732 0.345 0.872 -0.328 ...
 $ Horse.FirstTimeSdvAvg            : num  -0.525 -0.194 0.156 -0.315 0.712 ...
 $ Horse.OrderOfFinishSdvAvg        : num  0.58 1.144 0.741 0.103 0.347 ...
 $ Horse.RunCount                   : num  10 10 18 19 31 39 14 20 28 17 ...
 $ Horse.HitCount1                  : num  2 3 4 3 5 5 3 4 4 3 ...
 $ Horse.HitCount2                  : num  1 2 1 0 4 2 1 7 1 2 ...
 $ Horse.HitCount3                  : num  0 4 4 2 3 3 1 0 2 2 ...
 $ Horse.HitCount4                  : num  2 0 2 2 1 2 2 3 7 2 ...
 $ Horse.HitCount5                  : num  1 0 2 0 5 2 2 1 4 3 ...
 $ Horse.HitRate1                   : num  0.2 0.3 0.222 0.158 0.161 ...
 $ Horse.HitRate2                   : num  0.1 0.2 0.0556 0 0.129 ...
 $ Horse.HitRate3                   : num  0 0.4 0.2222 0.1053 0.0968 ...
 $ Horse.HitRate4                   : num  0.2 0 0.1111 0.1053 0.0323 ...
 $ Horse.HitRate5                   : num  0.1 0 0.111 0 0.161 ...
 $ EOF                              : int  1 1 1 1 1 1 1 1 1 1 ...
[1] "2022-02-27 15:41:05 --- RxSqlServerData Finish ---"
[1] "2022-02-27 15:41:05 --- subset Start ---"
[1] "--------------------------------------------------------------------------------"
[1] "nrow(InputDataSet) subset before=15840"
[1] "nrow(InputDataSet) subset after=15840"
[1] "nrow(InputDataSet) subset diff=0"
[1] "--------------------------------------------------------------------------------"
[1] "class(InputDataSet$Race.IsAnalyzeNormalPast)=logical"
[1] "class(InputDataSet$Race.analyzeTrackTypeCd)=NULL"
[1] "2022-02-27 15:41:05 --- subset Finish ---"
[1] "2022-02-27 15:41:05 --- na.omit Start ---"
[1] "--------------------------------------------------------------------------------"
[1] "nrow(InputDataSet) na.omit before=15840"
[1] "nrow(InputDataSet) na.omit after=15836"
[1] "nrow(InputDataSet) na.omit diff=4"
[1] "--------------------------------------------------------------------------------"
[1] "2022-02-27 15:41:05 --- na.omit Finish---"
[1] "2022-02-27 15:41:05 --- New Levels Start ---"
 [1] "levels(data$Race.RaceType1Cd)=1-1-C-1"
 [2] "levels(data$Race.RaceType1Cd)=1-1-E-1"
 [3] "levels(data$Race.RaceType1Cd)=1-1-E-2"
 [4] "levels(data$Race.RaceType1Cd)=1-1-B-1"
 [5] "levels(data$Race.RaceType1Cd)=1-1-C-2"
 [6] "levels(data$Race.RaceType1Cd)=1-1-A-1"
 [7] "levels(data$Race.RaceType1Cd)=1-1-L-2"
 [8] "levels(data$Race.RaceType1Cd)=1-1-L-1"
 [9] "levels(data$Race.RaceType1Cd)=1-1-D-1"
[10] "levels(data$Race.RaceType1Cd)=1-1-B-2"
[11] "levels(data$Race.RaceType1Cd)=1-1-B-3"
[12] "levels(data$Race.RaceType1Cd)=1-1-A-3"
[13] "levels(data$Race.RaceType1Cd)=1-1-A-2"
[14] "levels(data$Race.RaceType1Cd)=1-1-E-3"
[15] "levels(data$Race.RaceType1Cd)=1-1-L-3"
[16] "levels(data$Race.RaceType1Cd)=1-1-C-3"
 [1] "levels(InputDataSet$Race.RaceType1Cd)=1-1-C-2"
 [2] "levels(InputDataSet$Race.RaceType1Cd)=1-1-B-2"
 [3] "levels(InputDataSet$Race.RaceType1Cd)=1-1-B-3"
 [4] "levels(InputDataSet$Race.RaceType1Cd)=1-1-A-1"
 [5] "levels(InputDataSet$Race.RaceType1Cd)=1-1-C-1"
 [6] "levels(InputDataSet$Race.RaceType1Cd)=1-1-E-2"
 [7] "levels(InputDataSet$Race.RaceType1Cd)=1-1-B-1"
 [8] "levels(InputDataSet$Race.RaceType1Cd)=1-1-E-1"
 [9] "levels(InputDataSet$Race.RaceType1Cd)=1-1-A-2"
[10] "levels(InputDataSet$Race.RaceType1Cd)=1-1-A-3"
[11] "levels(InputDataSet$Race.RaceType1Cd)=1-1-D-1"
[12] "levels(InputDataSet$Race.RaceType1Cd)=1-1-L-1"
[13] "levels(InputDataSet$Race.RaceType1Cd)=1-1-L-3"
[14] "levels(InputDataSet$Race.RaceType1Cd)=1-1-L-2"
[15] "levels(InputDataSet$Race.RaceType1Cd)=1-1-C-3"
[16] "levels(InputDataSet$Race.RaceType1Cd)=1-1-E-3"
[1] "length(Race.RaceType1Cd.Index)=0"
[1] "2022-02-27 15:41:05 --- New Levels Finish ---"
[1] "2022-02-27 15:41:05 --- na.omit Start ---"
[1] "--------------------------------------------------------------------------------"
[1] "nrow(InputDataSet) na.omit levels before=15836"
[1] "nrow(InputDataSet) na.omit levels after=15836"
[1] "nrow(InputDataSet) na.omit levels diff=0"
[1] "--------------------------------------------------------------------------------"
[1] "2022-02-27 15:41:05 --- na.omit Finish ---"
[1] "2022-02-27 15:41:05 --- Predict InputDataSet Start ---"
[1] "--------------------------------------------------------------------------------"
[1] "nrow(InputDataSet) predict=15836"
[1] "--------------------------------------------------------------------------------"
[1] "str(InputDataSet)="
'data.frame':	15836 obs. of  33 variables:
 $ Race.RaceId                      : Factor w/ 1152 levels "20160116-07-01-01-11",..: 1 1 1 1 1 1 1 1 1 1 ...
 $ Race.IsPredictedRace             : logi  TRUE TRUE TRUE TRUE TRUE TRUE ...
 $ Race.IsAnalyzeNormalPastAndFuture: logi  TRUE TRUE TRUE TRUE TRUE TRUE ...
 $ Race.IsAnalyzeNormalPast         : logi  TRUE TRUE TRUE TRUE TRUE TRUE ...
 $ Race.IsAnalyzeNormalFuture       : logi  FALSE FALSE FALSE FALSE FALSE FALSE ...
 $ Race.IsAnalyzeFullPastAndFuture  : logi  TRUE TRUE TRUE TRUE TRUE TRUE ...
 $ Race.IsAnalyzeFullPast           : logi  TRUE TRUE TRUE TRUE TRUE TRUE ...
 $ Race.IsAnalyzeFullFuture         : logi  FALSE FALSE FALSE FALSE FALSE FALSE ...
 $ Race.JyokenCd                    : Factor w/ 1 level "1": 1 1 1 1 1 1 1 1 1 1 ...
 $ Race.JyoType1Cd                  : Factor w/ 157 levels "1-07-2000-1-1",..: 1 1 1 1 1 1 1 1 1 1 ...
 $ Race.RaceType1Cd                 : Factor w/ 16 levels "1-1-C-2","1-1-B-2",..: 1 1 1 1 1 1 1 1 1 1 ...
 $ RaceHorse.RaceId                 : Factor w/ 1152 levels "20160116-07-01-01-11",..: 1 1 1 1 1 1 1 1 1 1 ...
 $ RaceHorse.KettoNum               : Factor w/ 3611 levels "2012104884","2012104407",..: 1 2 3 4 5 6 7 8 9 10 ...
 $ Horse.KettoNum                   : Factor w/ 3611 levels "2012104884","2012104407",..: 1 2 3 4 5 6 7 8 9 10 ...
 $ Horse.TimeSdvByRaceAvg           : num  0.615 0.993 0.671 0.222 0.365 ...
 $ Horse.LastTimeSdvByRaceAvg       : num  0.442 0.849 0.22 0.542 -0.479 ...
 $ Horse.FirstTimeSdvByRaceAvg      : num  0.173 0.115 0.836 -0.611 1.184 ...
 $ Horse.TimeSdvAvg                 : num  -0.132 0.347 0.412 0.417 0.319 ...
 $ Horse.LastTimeSdvAvg             : num  0.428 0.732 0.345 0.872 -0.328 ...
 $ Horse.FirstTimeSdvAvg            : num  -0.525 -0.194 0.156 -0.315 0.712 ...
 $ Horse.OrderOfFinishSdvAvg        : num  0.58 1.144 0.741 0.103 0.347 ...
 $ Horse.RunCount                   : num  10 10 18 19 31 39 14 20 28 17 ...
 $ Horse.HitCount1                  : num  2 3 4 3 5 5 3 4 4 3 ...
 $ Horse.HitCount2                  : num  1 2 1 0 4 2 1 7 1 2 ...
 $ Horse.HitCount3                  : num  0 4 4 2 3 3 1 0 2 2 ...
 $ Horse.HitCount4                  : num  2 0 2 2 1 2 2 3 7 2 ...
 $ Horse.HitCount5                  : num  1 0 2 0 5 2 2 1 4 3 ...
 $ Horse.HitRate1                   : num  0.2 0.3 0.222 0.158 0.161 ...
 $ Horse.HitRate2                   : num  0.1 0.2 0.0556 0 0.129 ...
 $ Horse.HitRate3                   : num  0 0.4 0.2222 0.1053 0.0968 ...
 $ Horse.HitRate4                   : num  0.2 0 0.1111 0.1053 0.0323 ...
 $ Horse.HitRate5                   : num  0.1 0 0.111 0 0.161 ...
 $ EOF                              : int  1 1 1 1 1 1 1 1 1 1 ...
 - attr(*, "na.action")= 'omit' Named int  5095 5115 13254 13285
  ..- attr(*, "names")= chr  "5095" "5115" "13254" "13285"
[1] "2022-02-27 15:41:05 --- Predict InputDataSet Finish ---"
[1] "2022-02-27 15:41:05 --- rxPredict (glm) Start ---"
[1] "analyzeFunc=glm"
Rows Read: 15836, Total Rows Processed: 15836, Total Chunk Time: Less than .001 seconds 
[1] "--------------------------------------------------------------------------------"
[1] "nrow(PredictDataSet) afte predict=15836"
[1] "--------------------------------------------------------------------------------"
[1] "str(PredictDataSet)"
'data.frame':	15836 obs. of  1 variable:
 $ RaceHorse.IsHitA_Pred: num  0.0502 0.0963 0.0602 0.032 0.0391 ...
NULL
[1] "2022-02-27 15:41:05 --- rxPredict (glm) Finish ---"
[1] "2022-02-27 15:41:05 --- add key Start ---"
[1] "--------------------------------------------------------------------------------"
[1] "nrow(OutputDataSet) add KeyColmn=15836"
[1] "--------------------------------------------------------------------------------"
[1] "str(OutputDataSet) after add Key"
'data.frame':	15836 obs. of  2 variables:
 $ RaceHorse.RaceId  : Factor w/ 1152 levels "20160116-07-01-01-11",..: 1 1 1 1 1 1 1 1 1 1 ...
 $ RaceHorse.KettoNum: Factor w/ 3611 levels "2012104884","2012104407",..: 1 2 3 4 5 6 7 8 9 10 ...
NULL
[1] "2022-02-27 15:41:05 --- add key Finish ---"
[1] "2022-02-27 15:41:05 --- add PredictValue Start ---"
[1] "str(PredictDataSet) before rename="
[1] "colnames(PredictDataSet)=RaceHorse.IsHitA_Pred"
[1] "str(PredictDataSet) after rename="
'data.frame':	15836 obs. of  1 variable:
 $ PredictValue: num  0.0502 0.0963 0.0602 0.032 0.0391 ...
NULL
[1] "str(OutputDataSet) before cbind="
'data.frame':	15836 obs. of  2 variables:
 $ RaceHorse.RaceId  : Factor w/ 1152 levels "20160116-07-01-01-11",..: 1 1 1 1 1 1 1 1 1 1 ...
 $ RaceHorse.KettoNum: Factor w/ 3611 levels "2012104884","2012104407",..: 1 2 3 4 5 6 7 8 9 10 ...
NULL
[1] "str(OutputDataSet) after cbind="
'data.frame':	15836 obs. of  3 variables:
 $ RaceHorse.RaceId  : Factor w/ 1152 levels "20160116-07-01-01-11",..: 1 1 1 1 1 1 1 1 1 1 ...
 $ RaceHorse.KettoNum: Factor w/ 3611 levels "2012104884","2012104407",..: 1 2 3 4 5 6 7 8 9 10 ...
 $ PredictValue      : num  0.0502 0.0963 0.0602 0.032 0.0391 ...
NULL
[1] "2022-02-27 15:41:05 --- add PredictValue Finish ---"
[1] "2022-02-27 15:41:05 --- final Start ---"
[1] "--------------------------------------------------------------------------------"
[1] "nrow(OutputDataSet) final=15836"
[1] "--------------------------------------------------------------------------------"
[1] "str(OutputDataSet)="
'data.frame':	15836 obs. of  3 variables:
 $ RaceHorse.RaceId  : Factor w/ 1152 levels "20160116-07-01-01-11",..: 1 1 1 1 1 1 1 1 1 1 ...
 $ RaceHorse.KettoNum: Factor w/ 3611 levels "2012104884","2012104407",..: 1 2 3 4 5 6 7 8 9 10 ...
 $ PredictValue      : num  0.0502 0.0963 0.0602 0.032 0.0391 ...
NULL
[1] "2022-02-27 15:41:05 --- final Finish ---"
[1] "2022-02-27 15:41:05 --- predict.R Finished ---"
[1] "2022-02-27 15:41:05 --- log Finish ---"
