[1] "2022-02-28 00:38:22 --- D1115_analyze_glm_Horse_IsHitA_Type15 Start ---"
[1] "2022-02-28 00:38:22 --- Log Start ---"
[1] "2022-02-28 00:38:22 --- analyze_glm.R Start ---"
[1] "analyzeVersion=D1115"
[1] "analyzeCategory=analyze"
[1] "analyzeType=Horse"
[1] "analyzeFamily=IsHitA"
[1] "analyzeFunc=glm"
[1] "analyzeTrackTypeCd=1"
[1] "analyzeJyokenCd=5"
[1] "2022-02-28 00:38:22 --- source_function.R Start ---"
[1] "2022-02-28 00:38:22 --- source_function.R Finished ---"

> print(paste0(Sys.time(), " --- source_library.R Start ---"))
[1] "2022-02-28 00:38:22 --- source_library.R Start ---"

> require("RevoScaleR")

> print(paste0(Sys.time(), " --- source_library.R Finished ---"))
[1] "2022-02-28 00:38:23 --- source_library.R Finished ---"
[1] "2022-02-28 00:38:23 --- RxSqlServerData Start ---"
[1] "2022-02-28 00:38:23 --- RxInSqlServer Start ---"
[1] "2022-02-28 00:38:23 --- RxInSqlServer Finish ---"
[1] "2022-02-28 00:38:23 --- rxSetComputeContext Start ---"
[1] "2022-02-28 00:38:23 --- rxSetComputeContext Finish ---"
[1] "2022-02-28 00:38:23 --- RxSqlServerData Start ---"
[1] "sqlQuery=SELECT * FROM ViewAnalyzeD1115analyze01HorseType15"
[1] "2022-02-28 00:38:23 --- RxSqlServerData Finish ---"
[1] "2022-02-28 00:38:23 --- rxGetVarInfo Start ---"
[1] "2022-02-28 00:38:24 --- rxGetVarInfo Finish---"
[1] "2022-02-28 00:38:24 --- rxImport Start ---"
Rows Read: 35673, Total Rows Processed: 35673, Total Chunk Time: 4.722 seconds 
[1] "2022-02-28 00:38:32 --- rxImport Finish ---"
[1] "object.size(data) auto=13.6 Mb"
[1] "--------------------------------------------------------------------------------"
[1] "nrow(data) RxSqlServerData=35673"
[1] "--------------------------------------------------------------------------------"
[1] "str(data)="
'data.frame':	35673 obs. of  49 variables:
 $ Race.RaceId                      : Factor w/ 2474 levels "20181125-05-05-08-01",..: 1 1 2 3 4 5 6 7 8 8 ...
 $ Race.IsAnalyzeNormalPastAndFuture: logi  TRUE TRUE TRUE TRUE TRUE TRUE ...
 $ Race.IsAnalyzeNormalPast         : logi  TRUE TRUE TRUE TRUE TRUE TRUE ...
 $ Race.IsAnalyzeNormalFuture       : logi  FALSE FALSE FALSE FALSE FALSE FALSE ...
 $ Race.IsAnalyzeFullPastAndFuture  : logi  TRUE TRUE TRUE TRUE TRUE TRUE ...
 $ Race.IsAnalyzeFullPast           : logi  TRUE TRUE TRUE TRUE TRUE TRUE ...
 $ Race.IsAnalyzeFullFuture         : logi  FALSE FALSE FALSE FALSE FALSE FALSE ...
 $ Race.JyokenCd                    : Factor w/ 1 level "5": 1 1 1 1 1 1 1 1 1 1 ...
 $ Race.JyoType1Cd                  : Factor w/ 175 levels "1-05-1400-5-1",..: 1 1 2 3 4 5 5 6 1 1 ...
 $ Race.RaceType1Cd                 : Factor w/ 3 levels "1-5-X-1","1-5-X-2",..: 1 1 1 1 1 1 1 1 1 1 ...
 $ RaceHorse.RaceId                 : Factor w/ 2474 levels "20181125-05-05-08-01",..: 1 1 2 3 4 5 6 7 8 8 ...
 $ RaceHorse.KettoNum               : Factor w/ 13391 levels "2016103853","2016103865",..: 1 2 3 4 5 6 6 7 8 9 ...
 $ RaceHorse.IsHit1                 : num  0 0 0 0 0 0 0 0 0 0 ...
 $ RaceHorse.IsHit2                 : num  0 0 0 0 0 0 0 0 0 0 ...
 $ RaceHorse.IsHit3                 : num  0 0 0 0 0 0 0 0 0 0 ...
 $ RaceHorse.IsHit4                 : num  0 0 0 0 0 0 0 0 0 0 ...
 $ RaceHorse.IsHit5                 : num  0 0 0 0 0 0 0 0 0 0 ...
 $ RaceHorse.IsHit6                 : num  1 1 1 1 1 1 1 1 1 1 ...
 $ RaceHorse.IsValidRaceHorse       : logi  TRUE TRUE TRUE TRUE TRUE TRUE ...
 $ RaceHorse.TimeSdvByRace          : num  -0.922 -0.922 0.17 0.438 0.218 ...
 $ RaceHorse.LastTimeSdvByRace      : num  -1.4661 -1.4661 -0.0749 0.3998 0.7686 ...
 $ RaceHorse.FirstTimeSdvByRace     : num  0.362 0.362 0.205 0.114 -1.288 ...
 $ RaceHorse.TimeSdv                : num  -0.154 -0.154 0.121 1.038 0.512 ...
 $ RaceHorse.LastTimeSdv            : num  -0.974 -0.974 0.199 0.324 1.198 ...
 $ RaceHorse.FirstTimeSdv           : num  0.7354 0.7354 -0.0536 0.9242 -0.6896 ...
 $ RaceHorse.OrderOfFinishSdv       : num  -0.9537 -0.9537 0.0931 0.5119 0.5119 ...
 $ RaceHorse.IsHitA                 : num  0 0 0 0 0 0 0 0 0 0 ...
 $ RaceHorse.IsHitB                 : num  0 0 0 0 0 0 0 0 0 0 ...
 $ RaceHorse.IsHitC                 : num  0 0 0 0 0 0 0 0 0 0 ...
 $ Horse.KettoNum                   : Factor w/ 13391 levels "2016103853","2016103865",..: 1 2 3 4 5 6 6 7 8 9 ...
 $ Horse.TimeSdvByRaceAvg           : num  0.333 0.251 0.447 0.673 0.682 ...
 $ Horse.LastTimeSdvByRaceAvg       : num  -0.028 -0.0456 0.5633 0.9173 0.6156 ...
 $ Horse.FirstTimeSdvByRaceAvg      : num  0.456 0.448 -0.383 -0.403 0.539 ...
 $ Horse.TimeSdvAvg                 : num  0.201 0.328 0.232 0.928 0.936 ...
 $ Horse.LastTimeSdvAvg             : num  0.526 0.503 -0.115 0.515 0.581 ...
 $ Horse.FirstTimeSdvAvg            : num  -0.2175 -0.0432 0.1059 0.886 0.5584 ...
 $ Horse.OrderOfFinishSdvAvg        : num  0.1085 -0.0494 0.3299 0.8956 0.9101 ...
 $ Horse.RunCount                   : num  2 1 2 2 4 1 2 1 1 1 ...
 $ Horse.HitCount1                  : num  0 0 0 0 0 0 0 0 0 0 ...
 $ Horse.HitCount2                  : num  0 0 0 1 1 0 0 0 0 0 ...
 $ Horse.HitCount3                  : num  0 0 0 0 1 0 0 0 0 0 ...
 $ Horse.HitCount4                  : num  1 0 1 0 1 0 0 0 0 0 ...
 $ Horse.HitCount5                  : num  0 0 0 0 0 0 0 0 0 0 ...
 $ Horse.HitRate1                   : num  0 0 0 0 0 0 0 0 0 0 ...
 $ Horse.HitRate2                   : num  0 0 0 0.5 0.25 0 0 0 0 0 ...
 $ Horse.HitRate3                   : num  0 0 0 0 0.25 0 0 0 0 0 ...
 $ Horse.HitRate4                   : num  0.5 0 0.5 0 0.25 0 0 0 0 0 ...
 $ Horse.HitRate5                   : num  0 0 0 0 0 0 0 0 0 0 ...
 $ EOF                              : int  1 1 1 1 1 1 1 1 1 1 ...
[1] "2022-02-28 00:38:35 --- RxSqlServerData Finish ---"
[1] "2022-02-28 00:38:35 --- subset Start ---"
[1] "--------------------------------------------------------------------------------"
[1] "nrow(data) subset before=35673"
[1] "nrow(data) subset after =35673"
[1] "nrow(data) subset diff =0"
[1] "--------------------------------------------------------------------------------"
[1] "2022-02-28 00:38:35 --- subset Finish---"
[1] "2022-02-28 00:38:35 --- transform Start ---"
[1] "--------------------------------------------------------------------------------"
[1] "nrow(data) transform before=35673"
[1] "nrow(data) transform after=35673"
[1] "nrow(data) transform diff=0"
[1] "--------------------------------------------------------------------------------"
[1] "str(data)="
'data.frame':	35673 obs. of  49 variables:
 $ Race.RaceId                      : Factor w/ 2474 levels "20181125-05-05-08-01",..: 1 1 2 3 4 5 6 7 8 8 ...
 $ Race.IsAnalyzeNormalPastAndFuture: logi  TRUE TRUE TRUE TRUE TRUE TRUE ...
 $ Race.IsAnalyzeNormalPast         : logi  TRUE TRUE TRUE TRUE TRUE TRUE ...
 $ Race.IsAnalyzeNormalFuture       : logi  FALSE FALSE FALSE FALSE FALSE FALSE ...
 $ Race.IsAnalyzeFullPastAndFuture  : logi  TRUE TRUE TRUE TRUE TRUE TRUE ...
 $ Race.IsAnalyzeFullPast           : logi  TRUE TRUE TRUE TRUE TRUE TRUE ...
 $ Race.IsAnalyzeFullFuture         : logi  FALSE FALSE FALSE FALSE FALSE FALSE ...
 $ Race.JyokenCd                    : Factor w/ 1 level "5": 1 1 1 1 1 1 1 1 1 1 ...
 $ Race.JyoType1Cd                  : Factor w/ 175 levels "1-05-1400-5-1",..: 1 1 2 3 4 5 5 6 1 1 ...
 $ Race.RaceType1Cd                 : Factor w/ 3 levels "1-5-X-1","1-5-X-2",..: 1 1 1 1 1 1 1 1 1 1 ...
 $ RaceHorse.RaceId                 : Factor w/ 2474 levels "20181125-05-05-08-01",..: 1 1 2 3 4 5 6 7 8 8 ...
 $ RaceHorse.KettoNum               : Factor w/ 13391 levels "2016103853","2016103865",..: 1 2 3 4 5 6 6 7 8 9 ...
 $ RaceHorse.IsHit1                 : num  0 0 0 0 0 0 0 0 0 0 ...
 $ RaceHorse.IsHit2                 : num  0 0 0 0 0 0 0 0 0 0 ...
 $ RaceHorse.IsHit3                 : num  0 0 0 0 0 0 0 0 0 0 ...
 $ RaceHorse.IsHit4                 : num  0 0 0 0 0 0 0 0 0 0 ...
 $ RaceHorse.IsHit5                 : num  0 0 0 0 0 0 0 0 0 0 ...
 $ RaceHorse.IsHit6                 : num  1 1 1 1 1 1 1 1 1 1 ...
 $ RaceHorse.IsValidRaceHorse       : logi  TRUE TRUE TRUE TRUE TRUE TRUE ...
 $ RaceHorse.TimeSdvByRace          : num  -0.922 -0.922 0.17 0.438 0.218 ...
 $ RaceHorse.LastTimeSdvByRace      : num  -1.4661 -1.4661 -0.0749 0.3998 0.7686 ...
 $ RaceHorse.FirstTimeSdvByRace     : num  0.362 0.362 0.205 0.114 -1.288 ...
 $ RaceHorse.TimeSdv                : num  -0.154 -0.154 0.121 1.038 0.512 ...
 $ RaceHorse.LastTimeSdv            : num  -0.974 -0.974 0.199 0.324 1.198 ...
 $ RaceHorse.FirstTimeSdv           : num  0.7354 0.7354 -0.0536 0.9242 -0.6896 ...
 $ RaceHorse.OrderOfFinishSdv       : num  -0.9537 -0.9537 0.0931 0.5119 0.5119 ...
 $ RaceHorse.IsHitA                 : num  0 0 0 0 0 0 0 0 0 0 ...
 $ RaceHorse.IsHitB                 : num  0 0 0 0 0 0 0 0 0 0 ...
 $ RaceHorse.IsHitC                 : num  0 0 0 0 0 0 0 0 0 0 ...
 $ Horse.KettoNum                   : Factor w/ 13391 levels "2016103853","2016103865",..: 1 2 3 4 5 6 6 7 8 9 ...
 $ Horse.TimeSdvByRaceAvg           : num  0.333 0.251 0.447 0.673 0.682 ...
 $ Horse.LastTimeSdvByRaceAvg       : num  -0.028 -0.0456 0.5633 0.9173 0.6156 ...
 $ Horse.FirstTimeSdvByRaceAvg      : num  0.456 0.448 -0.383 -0.403 0.539 ...
 $ Horse.TimeSdvAvg                 : num  0.201 0.328 0.232 0.928 0.936 ...
 $ Horse.LastTimeSdvAvg             : num  0.526 0.503 -0.115 0.515 0.581 ...
 $ Horse.FirstTimeSdvAvg            : num  -0.2175 -0.0432 0.1059 0.886 0.5584 ...
 $ Horse.OrderOfFinishSdvAvg        : num  0.1085 -0.0494 0.3299 0.8956 0.9101 ...
 $ Horse.RunCount                   : num  2 1 2 2 4 1 2 1 1 1 ...
 $ Horse.HitCount1                  : num  0 0 0 0 0 0 0 0 0 0 ...
 $ Horse.HitCount2                  : num  0 0 0 1 1 0 0 0 0 0 ...
 $ Horse.HitCount3                  : num  0 0 0 0 1 0 0 0 0 0 ...
 $ Horse.HitCount4                  : num  1 0 1 0 1 0 0 0 0 0 ...
 $ Horse.HitCount5                  : num  0 0 0 0 0 0 0 0 0 0 ...
 $ Horse.HitRate1                   : num  0 0 0 0 0 0 0 0 0 0 ...
 $ Horse.HitRate2                   : num  0 0 0 0.5 0.25 0 0 0 0 0 ...
 $ Horse.HitRate3                   : num  0 0 0 0 0.25 0 0 0 0 0 ...
 $ Horse.HitRate4                   : num  0.5 0 0.5 0 0.25 0 0 0 0 0 ...
 $ Horse.HitRate5                   : num  0 0 0 0 0 0 0 0 0 0 ...
 $ EOF                              : int  1 1 1 1 1 1 1 1 1 1 ...
NULL
[1] "2022-02-28 00:38:37 --- transform Finish ---"
[1] "2022-02-28 00:38:37 --- na.omit Start ---"
[1] "--------------------------------------------------------------------------------"
[1] "nrow(data) na.omit before=35673"
[1] "nrow(data) na.omit after =35435"
[1] "nrow(data) na.omit diff =238"
[1] "--------------------------------------------------------------------------------"
'data.frame':	35435 obs. of  49 variables:
 $ Race.RaceId                      : Factor w/ 2474 levels "20181125-05-05-08-01",..: 1 1 2 3 4 5 6 7 8 8 ...
 $ Race.IsAnalyzeNormalPastAndFuture: logi  TRUE TRUE TRUE TRUE TRUE TRUE ...
 $ Race.IsAnalyzeNormalPast         : logi  TRUE TRUE TRUE TRUE TRUE TRUE ...
 $ Race.IsAnalyzeNormalFuture       : logi  FALSE FALSE FALSE FALSE FALSE FALSE ...
 $ Race.IsAnalyzeFullPastAndFuture  : logi  TRUE TRUE TRUE TRUE TRUE TRUE ...
 $ Race.IsAnalyzeFullPast           : logi  TRUE TRUE TRUE TRUE TRUE TRUE ...
 $ Race.IsAnalyzeFullFuture         : logi  FALSE FALSE FALSE FALSE FALSE FALSE ...
 $ Race.JyokenCd                    : Factor w/ 1 level "5": 1 1 1 1 1 1 1 1 1 1 ...
 $ Race.JyoType1Cd                  : Factor w/ 175 levels "1-05-1400-5-1",..: 1 1 2 3 4 5 5 6 1 1 ...
 $ Race.RaceType1Cd                 : Factor w/ 3 levels "1-5-X-1","1-5-X-2",..: 1 1 1 1 1 1 1 1 1 1 ...
 $ RaceHorse.RaceId                 : Factor w/ 2474 levels "20181125-05-05-08-01",..: 1 1 2 3 4 5 6 7 8 8 ...
 $ RaceHorse.KettoNum               : Factor w/ 13391 levels "2016103853","2016103865",..: 1 2 3 4 5 6 6 7 8 9 ...
 $ RaceHorse.IsHit1                 : num  0 0 0 0 0 0 0 0 0 0 ...
 $ RaceHorse.IsHit2                 : num  0 0 0 0 0 0 0 0 0 0 ...
 $ RaceHorse.IsHit3                 : num  0 0 0 0 0 0 0 0 0 0 ...
 $ RaceHorse.IsHit4                 : num  0 0 0 0 0 0 0 0 0 0 ...
 $ RaceHorse.IsHit5                 : num  0 0 0 0 0 0 0 0 0 0 ...
 $ RaceHorse.IsHit6                 : num  1 1 1 1 1 1 1 1 1 1 ...
 $ RaceHorse.IsValidRaceHorse       : logi  TRUE TRUE TRUE TRUE TRUE TRUE ...
 $ RaceHorse.TimeSdvByRace          : num  -0.922 -0.922 0.17 0.438 0.218 ...
 $ RaceHorse.LastTimeSdvByRace      : num  -1.4661 -1.4661 -0.0749 0.3998 0.7686 ...
 $ RaceHorse.FirstTimeSdvByRace     : num  0.362 0.362 0.205 0.114 -1.288 ...
 $ RaceHorse.TimeSdv                : num  -0.154 -0.154 0.121 1.038 0.512 ...
 $ RaceHorse.LastTimeSdv            : num  -0.974 -0.974 0.199 0.324 1.198 ...
 $ RaceHorse.FirstTimeSdv           : num  0.7354 0.7354 -0.0536 0.9242 -0.6896 ...
 $ RaceHorse.OrderOfFinishSdv       : num  -0.9537 -0.9537 0.0931 0.5119 0.5119 ...
 $ RaceHorse.IsHitA                 : num  0 0 0 0 0 0 0 0 0 0 ...
 $ RaceHorse.IsHitB                 : num  0 0 0 0 0 0 0 0 0 0 ...
 $ RaceHorse.IsHitC                 : num  0 0 0 0 0 0 0 0 0 0 ...
 $ Horse.KettoNum                   : Factor w/ 13391 levels "2016103853","2016103865",..: 1 2 3 4 5 6 6 7 8 9 ...
 $ Horse.TimeSdvByRaceAvg           : num  0.333 0.251 0.447 0.673 0.682 ...
 $ Horse.LastTimeSdvByRaceAvg       : num  -0.028 -0.0456 0.5633 0.9173 0.6156 ...
 $ Horse.FirstTimeSdvByRaceAvg      : num  0.456 0.448 -0.383 -0.403 0.539 ...
 $ Horse.TimeSdvAvg                 : num  0.201 0.328 0.232 0.928 0.936 ...
 $ Horse.LastTimeSdvAvg             : num  0.526 0.503 -0.115 0.515 0.581 ...
 $ Horse.FirstTimeSdvAvg            : num  -0.2175 -0.0432 0.1059 0.886 0.5584 ...
 $ Horse.OrderOfFinishSdvAvg        : num  0.1085 -0.0494 0.3299 0.8956 0.9101 ...
 $ Horse.RunCount                   : num  2 1 2 2 4 1 2 1 1 1 ...
 $ Horse.HitCount1                  : num  0 0 0 0 0 0 0 0 0 0 ...
 $ Horse.HitCount2                  : num  0 0 0 1 1 0 0 0 0 0 ...
 $ Horse.HitCount3                  : num  0 0 0 0 1 0 0 0 0 0 ...
 $ Horse.HitCount4                  : num  1 0 1 0 1 0 0 0 0 0 ...
 $ Horse.HitCount5                  : num  0 0 0 0 0 0 0 0 0 0 ...
 $ Horse.HitRate1                   : num  0 0 0 0 0 0 0 0 0 0 ...
 $ Horse.HitRate2                   : num  0 0 0 0.5 0.25 0 0 0 0 0 ...
 $ Horse.HitRate3                   : num  0 0 0 0 0.25 0 0 0 0 0 ...
 $ Horse.HitRate4                   : num  0.5 0 0.5 0 0.25 0 0 0 0 0 ...
 $ Horse.HitRate5                   : num  0 0 0 0 0 0 0 0 0 0 ...
 $ EOF                              : int  1 1 1 1 1 1 1 1 1 1 ...
 - attr(*, "na.action")= 'omit' Named int  7911 7912 7913 7914 7915 7916 7917 7918 7919 7920 ...
  ..- attr(*, "names")= chr  "7911" "7912" "7913" "7914" ...
[1] "2022-02-28 00:38:39 --- na.omit Finish ---"
[1] "2022-02-28 00:38:39 --- rxGlm with rxStepControl Start ---"

> print(paste0(Sys.time(), " --- source_logic_glm.R Start ---"))
[1] "2022-02-28 00:38:39 --- source_logic_glm.R Start ---"

> formula <- formula(RaceHorse.IsHitA ~ +1 + Horse.TimeSdvByRaceAvg + 
+     Horse.LastTimeSdvByRaceAvg + Horse.FirstTimeSdvByRaceAvg + 
+     Horse.TimeSdvAvg + Horse.LastTimeSdvAvg + Horse.FirstTimeSdvAvg)

> print(paste0(Sys.time(), " --- source_logic_glm.R Finished ---"))
[1] "2022-02-28 00:38:39 --- source_logic_glm.R Finished ---"
Rows Read: 35435, Total Rows Processed: 35435, Total Chunk Time: 0.004 seconds 

Starting values (iteration 1) time: 0.033 secs.
Rows Read: 35435, Total Rows Processed: 35435, Total Chunk Time: 0.007 seconds 

Iteration 2 time: 0.039 secs.
Rows Read: 35435, Total Rows Processed: 35435, Total Chunk Time: 0.006 seconds 

Iteration 3 time: 0.027 secs.
Rows Read: 35435, Total Rows Processed: 35435, Total Chunk Time: 0.006 seconds 

Iteration 4 time: 0.034 secs.
Rows Read: 35435, Total Rows Processed: 35435, Total Chunk Time: 0.006 seconds 

Iteration 5 time: 0.024 secs.
Rows Read: 35435, Total Rows Processed: 35435, Total Chunk Time: 0.006 seconds 

Iteration 6 time: 0.040 secs.

Elapsed computation time: 0.342 secs.
Rows Read: 35435, Total Rows Processed: 35435, Total Chunk Time: 0.003 seconds 

Starting values (iteration 1) time: 0.021 secs.
Rows Read: 35435, Total Rows Processed: 35435, Total Chunk Time: 0.005 seconds 

Iteration 2 time: 0.024 secs.
Rows Read: 35435, Total Rows Processed: 35435, Total Chunk Time: 0.005 seconds 

Iteration 3 time: 0.022 secs.
Rows Read: 35435, Total Rows Processed: 35435, Total Chunk Time: 0.004 seconds 

Iteration 4 time: 0.043 secs.
Rows Read: 35435, Total Rows Processed: 35435, Total Chunk Time: 0.006 seconds 

Iteration 5 time: 0.021 secs.
Rows Read: 35435, Total Rows Processed: 35435, Total Chunk Time: 0.006 seconds 

Iteration 6 time: 0.026 secs.

Elapsed computation time: 0.315 secs.
Rows Read: 35435, Total Rows Processed: 35435, Total Chunk Time: 0.003 seconds 

Starting values (iteration 1) time: 0.025 secs.
Rows Read: 35435, Total Rows Processed: 35435, Total Chunk Time: 0.005 seconds 

Iteration 2 time: 0.027 secs.
Rows Read: 35435, Total Rows Processed: 35435, Total Chunk Time: 0.004 seconds 

Iteration 3 time: 0.026 secs.
Rows Read: 35435, Total Rows Processed: 35435, Total Chunk Time: 0.005 seconds 

Iteration 4 time: 0.035 secs.
Rows Read: 35435, Total Rows Processed: 35435, Total Chunk Time: 0.004 seconds 

Iteration 5 time: 0.027 secs.
Rows Read: 35435, Total Rows Processed: 35435, Total Chunk Time: 0.004 seconds 

Iteration 6 time: 0.022 secs.

Elapsed computation time: 0.333 secs.
Rows Read: 35435, Total Rows Processed: 35435, Total Chunk Time: 0.003 seconds 

Starting values (iteration 1) time: 0.021 secs.
Rows Read: 35435, Total Rows Processed: 35435, Total Chunk Time: 0.006 seconds 

Iteration 2 time: 0.051 secs.
Rows Read: 35435, Total Rows Processed: 35435, Total Chunk Time: 0.005 seconds 

Iteration 3 time: 0.021 secs.
Rows Read: 35435, Total Rows Processed: 35435, Total Chunk Time: 0.006 seconds 

Iteration 4 time: 0.020 secs.
Rows Read: 35435, Total Rows Processed: 35435, Total Chunk Time: 0.005 seconds 

Iteration 5 time: 0.021 secs.
Rows Read: 35435, Total Rows Processed: 35435, Total Chunk Time: 0.006 seconds 

Iteration 6 time: 0.022 secs.

Elapsed computation time: 0.316 secs.
Rows Read: 35435, Total Rows Processed: 35435, Total Chunk Time: 0.003 seconds 

Starting values (iteration 1) time: 0.023 secs.
Rows Read: 35435, Total Rows Processed: 35435, Total Chunk Time: 0.006 seconds 

Iteration 2 time: 0.027 secs.
Rows Read: 35435, Total Rows Processed: 35435, Total Chunk Time: 0.004 seconds 

Iteration 3 time: 0.024 secs.
Rows Read: 35435, Total Rows Processed: 35435, Total Chunk Time: 0.005 seconds 

Iteration 4 time: 0.023 secs.
Rows Read: 35435, Total Rows Processed: 35435, Total Chunk Time: 0.004 seconds 

Iteration 5 time: 0.022 secs.
Rows Read: 35435, Total Rows Processed: 35435, Total Chunk Time: 0.005 seconds 

Iteration 6 time: 0.043 secs.

Elapsed computation time: 0.318 secs.
Rows Read: 35435, Total Rows Processed: 35435, Total Chunk Time: 0.003 seconds 

Starting values (iteration 1) time: 0.020 secs.
Rows Read: 35435, Total Rows Processed: 35435, Total Chunk Time: 0.005 seconds 

Iteration 2 time: 0.024 secs.
Rows Read: 35435, Total Rows Processed: 35435, Total Chunk Time: 0.005 seconds 

Iteration 3 time: 0.023 secs.
Rows Read: 35435, Total Rows Processed: 35435, Total Chunk Time: 0.005 seconds 

Iteration 4 time: 0.021 secs.
Rows Read: 35435, Total Rows Processed: 35435, Total Chunk Time: 0.005 seconds 

Iteration 5 time: 0.023 secs.
Rows Read: 35435, Total Rows Processed: 35435, Total Chunk Time: 0.004 seconds 

Iteration 6 time: 0.020 secs.

Elapsed computation time: 0.297 secs.
Rows Read: 35435, Total Rows Processed: 35435, Total Chunk Time: 0.003 seconds 

Starting values (iteration 1) time: 0.018 secs.
Rows Read: 35435, Total Rows Processed: 35435, Total Chunk Time: 0.005 seconds 

Iteration 2 time: 0.028 secs.
Rows Read: 35435, Total Rows Processed: 35435, Total Chunk Time: 0.005 seconds 

Iteration 3 time: 0.021 secs.
Rows Read: 35435, Total Rows Processed: 35435, Total Chunk Time: 0.004 seconds 

Iteration 4 time: 0.020 secs.
Rows Read: 35435, Total Rows Processed: 35435, Total Chunk Time: 0.004 seconds 

Iteration 5 time: 0.020 secs.
Rows Read: 35435, Total Rows Processed: 35435, Total Chunk Time: 0.006 seconds 

Iteration 6 time: 0.020 secs.

Elapsed computation time: 0.270 secs.
Rows Read: 35435, Total Rows Processed: 35435, Total Chunk Time: 0.003 seconds 

Starting values (iteration 1) time: 0.016 secs.
Rows Read: 35435, Total Rows Processed: 35435, Total Chunk Time: 0.005 seconds 

Iteration 2 time: 0.034 secs.
Rows Read: 35435, Total Rows Processed: 35435, Total Chunk Time: 0.005 seconds 

Iteration 3 time: 0.020 secs.
Rows Read: 35435, Total Rows Processed: 35435, Total Chunk Time: 0.005 seconds 

Iteration 4 time: 0.023 secs.
Rows Read: 35435, Total Rows Processed: 35435, Total Chunk Time: 0.005 seconds 

Iteration 5 time: 0.018 secs.
Rows Read: 35435, Total Rows Processed: 35435, Total Chunk Time: 0.005 seconds 

Iteration 6 time: 0.017 secs.

Elapsed computation time: 0.263 secs.
Rows Read: 35435, Total Rows Processed: 35435, Total Chunk Time: 0.002 seconds 

Starting values (iteration 1) time: 0.019 secs.
Rows Read: 35435, Total Rows Processed: 35435, Total Chunk Time: 0.005 seconds 

Iteration 2 time: 0.023 secs.
Rows Read: 35435, Total Rows Processed: 35435, Total Chunk Time: 0.005 seconds 

Iteration 3 time: 0.042 secs.
Rows Read: 35435, Total Rows Processed: 35435, Total Chunk Time: 0.004 seconds 

Iteration 4 time: 0.021 secs.
Rows Read: 35435, Total Rows Processed: 35435, Total Chunk Time: 0.004 seconds 

Iteration 5 time: 0.020 secs.
Rows Read: 35435, Total Rows Processed: 35435, Total Chunk Time: 0.004 seconds 

Iteration 6 time: 0.023 secs.

Elapsed computation time: 0.293 secs.
Rows Read: 35435, Total Rows Processed: 35435, Total Chunk Time: 0.003 seconds 

Starting values (iteration 1) time: 0.019 secs.
Rows Read: 35435, Total Rows Processed: 35435, Total Chunk Time: 0.004 seconds 

Iteration 2 time: 0.024 secs.
Rows Read: 35435, Total Rows Processed: 35435, Total Chunk Time: 0.005 seconds 

Iteration 3 time: 0.020 secs.
Rows Read: 35435, Total Rows Processed: 35435, Total Chunk Time: 0.004 seconds 

Iteration 4 time: 0.021 secs.
Rows Read: 35435, Total Rows Processed: 35435, Total Chunk Time: 0.005 seconds 

Iteration 5 time: 0.023 secs.
Rows Read: 35435, Total Rows Processed: 35435, Total Chunk Time: 0.005 seconds 

Iteration 6 time: 0.019 secs.

Elapsed computation time: 0.275 secs.
Rows Read: 35435, Total Rows Processed: 35435, Total Chunk Time: 0.002 seconds 

Starting values (iteration 1) time: 0.018 secs.
Rows Read: 35435, Total Rows Processed: 35435, Total Chunk Time: 0.004 seconds 

Iteration 2 time: 0.022 secs.
Rows Read: 35435, Total Rows Processed: 35435, Total Chunk Time: 0.005 seconds 

Iteration 3 time: 0.020 secs.
Rows Read: 35435, Total Rows Processed: 35435, Total Chunk Time: 0.005 seconds 

Iteration 4 time: 0.018 secs.
Rows Read: 35435, Total Rows Processed: 35435, Total Chunk Time: 0.005 seconds 

Iteration 5 time: 0.018 secs.
Rows Read: 35435, Total Rows Processed: 35435, Total Chunk Time: 0.005 seconds 

Iteration 6 time: 0.018 secs.

Elapsed computation time: 0.259 secs.
Rows Read: 35435, Total Rows Processed: 35435, Total Chunk Time: 0.002 seconds 

Starting values (iteration 1) time: 0.018 secs.
Rows Read: 35435, Total Rows Processed: 35435, Total Chunk Time: 0.004 seconds 

Iteration 2 time: 0.021 secs.
Rows Read: 35435, Total Rows Processed: 35435, Total Chunk Time: 0.008 seconds 

Iteration 3 time: 0.024 secs.
Rows Read: 35435, Total Rows Processed: 35435, Total Chunk Time: 0.005 seconds 

Iteration 4 time: 0.021 secs.
Rows Read: 35435, Total Rows Processed: 35435, Total Chunk Time: 0.004 seconds 

Iteration 5 time: 0.038 secs.
Rows Read: 35435, Total Rows Processed: 35435, Total Chunk Time: 0.004 seconds 

Iteration 6 time: 0.020 secs.

Elapsed computation time: 0.334 secs.
Rows Read: 35435, Total Rows Processed: 35435, Total Chunk Time: 0.003 seconds 

Starting values (iteration 1) time: 0.021 secs.
Rows Read: 35435, Total Rows Processed: 35435, Total Chunk Time: 0.004 seconds 

Iteration 2 time: 0.017 secs.
Rows Read: 35435, Total Rows Processed: 35435, Total Chunk Time: 0.004 seconds 

Iteration 3 time: 0.019 secs.
Rows Read: 35435, Total Rows Processed: 35435, Total Chunk Time: 0.005 seconds 

Iteration 4 time: 0.014 secs.
Rows Read: 35435, Total Rows Processed: 35435, Total Chunk Time: 0.005 seconds 

Iteration 5 time: 0.017 secs.
Rows Read: 35435, Total Rows Processed: 35435, Total Chunk Time: 0.005 seconds 

Iteration 6 time: 0.023 secs.

Elapsed computation time: 0.246 secs.
Rows Read: 35435, Total Rows Processed: 35435, Total Chunk Time: 0.003 seconds 

Starting values (iteration 1) time: 0.022 secs.
Rows Read: 35435, Total Rows Processed: 35435, Total Chunk Time: 0.004 seconds 

Iteration 2 time: 0.021 secs.
Rows Read: 35435, Total Rows Processed: 35435, Total Chunk Time: 0.004 seconds 

Iteration 3 time: 0.017 secs.
Rows Read: 35435, Total Rows Processed: 35435, Total Chunk Time: 0.005 seconds 

Iteration 4 time: 0.025 secs.
Rows Read: 35435, Total Rows Processed: 35435, Total Chunk Time: 0.004 seconds 

Iteration 5 time: 0.016 secs.
Rows Read: 35435, Total Rows Processed: 35435, Total Chunk Time: 0.005 seconds 

Iteration 6 time: 0.024 secs.

Elapsed computation time: 0.248 secs.
Rows Read: 35435, Total Rows Processed: 35435, Total Chunk Time: 0.002 seconds 

Starting values (iteration 1) time: 0.029 secs.
Rows Read: 35435, Total Rows Processed: 35435, Total Chunk Time: 0.004 seconds 

Iteration 2 time: 0.026 secs.
Rows Read: 35435, Total Rows Processed: 35435, Total Chunk Time: 0.003 seconds 

Iteration 3 time: 0.023 secs.
Rows Read: 35435, Total Rows Processed: 35435, Total Chunk Time: 0.004 seconds 

Iteration 4 time: 0.030 secs.
Rows Read: 35435, Total Rows Processed: 35435, Total Chunk Time: 0.010 seconds 

Iteration 5 time: 0.019 secs.
Rows Read: 35435, Total Rows Processed: 35435, Total Chunk Time: 0.006 seconds 

Iteration 6 time: 0.046 secs.

Elapsed computation time: 0.275 secs.
Rows Read: 35435, Total Rows Processed: 35435, Total Chunk Time: 0.003 seconds 

Starting values (iteration 1) time: 0.015 secs.
Rows Read: 35435, Total Rows Processed: 35435, Total Chunk Time: 0.004 seconds 

Iteration 2 time: 0.018 secs.
Rows Read: 35435, Total Rows Processed: 35435, Total Chunk Time: 0.003 seconds 

Iteration 3 time: 0.021 secs.
Rows Read: 35435, Total Rows Processed: 35435, Total Chunk Time: 0.004 seconds 

Iteration 4 time: 0.032 secs.
Rows Read: 35435, Total Rows Processed: 35435, Total Chunk Time: 0.004 seconds 

Iteration 5 time: 0.017 secs.
Rows Read: 35435, Total Rows Processed: 35435, Total Chunk Time: 0.004 seconds 

Iteration 6 time: 0.020 secs.

Elapsed computation time: 0.242 secs.
Rows Read: 35435, Total Rows Processed: 35435, Total Chunk Time: 0.003 seconds 

Starting values (iteration 1) time: 0.024 secs.
Rows Read: 35435, Total Rows Processed: 35435, Total Chunk Time: 0.003 seconds 

Iteration 2 time: 0.019 secs.
Rows Read: 35435, Total Rows Processed: 35435, Total Chunk Time: 0.003 seconds 

Iteration 3 time: 0.013 secs.
Rows Read: 35435, Total Rows Processed: 35435, Total Chunk Time: 0.005 seconds 

Iteration 4 time: 0.021 secs.
Rows Read: 35435, Total Rows Processed: 35435, Total Chunk Time: 0.004 seconds 

Iteration 5 time: 0.029 secs.
Rows Read: 35435, Total Rows Processed: 35435, Total Chunk Time: 0.004 seconds 

Iteration 6 time: 0.012 secs.

Elapsed computation time: 0.249 secs.
Rows Read: 35435, Total Rows Processed: 35435, Total Chunk Time: 0.002 seconds 

Starting values (iteration 1) time: 0.024 secs.
Rows Read: 35435, Total Rows Processed: 35435, Total Chunk Time: 0.005 seconds 

Iteration 2 time: 0.022 secs.
Rows Read: 35435, Total Rows Processed: 35435, Total Chunk Time: 0.004 seconds 

Iteration 3 time: 0.015 secs.
Rows Read: 35435, Total Rows Processed: 35435, Total Chunk Time: 0.005 seconds 

Iteration 4 time: 0.019 secs.
Rows Read: 35435, Total Rows Processed: 35435, Total Chunk Time: 0.004 seconds 

Iteration 5 time: 0.018 secs.
Rows Read: 35435, Total Rows Processed: 35435, Total Chunk Time: 0.005 seconds 

Iteration 6 time: 0.018 secs.

Elapsed computation time: 0.226 secs.
Rows Read: 35435, Total Rows Processed: 35435, Total Chunk Time: 0.003 seconds 

Starting values (iteration 1) time: 0.020 secs.
Rows Read: 35435, Total Rows Processed: 35435, Total Chunk Time: 0.005 seconds 

Iteration 2 time: 0.021 secs.
Rows Read: 35435, Total Rows Processed: 35435, Total Chunk Time: 0.006 seconds 

Iteration 3 time: 0.027 secs.
Rows Read: 35435, Total Rows Processed: 35435, Total Chunk Time: 0.006 seconds 

Iteration 4 time: 0.019 secs.
Rows Read: 35435, Total Rows Processed: 35435, Total Chunk Time: 0.004 seconds 

Iteration 5 time: 0.021 secs.
Rows Read: 35435, Total Rows Processed: 35435, Total Chunk Time: 0.004 seconds 

Iteration 6 time: 0.031 secs.

Elapsed computation time: 0.256 secs.
Rows Read: 35435, Total Rows Processed: 35435, Total Chunk Time: 0.004 seconds 

Starting values (iteration 1) time: 0.035 secs.
Rows Read: 35435, Total Rows Processed: 35435, Total Chunk Time: 0.008 seconds 

Iteration 2 time: 0.023 secs.
Rows Read: 35435, Total Rows Processed: 35435, Total Chunk Time: 0.004 seconds 

Iteration 3 time: 0.014 secs.
Rows Read: 35435, Total Rows Processed: 35435, Total Chunk Time: 0.005 seconds 

Iteration 4 time: 0.020 secs.
Rows Read: 35435, Total Rows Processed: 35435, Total Chunk Time: 0.005 seconds 

Iteration 5 time: 0.017 secs.
Rows Read: 35435, Total Rows Processed: 35435, Total Chunk Time: 0.004 seconds 

Iteration 6 time: 0.018 secs.

Elapsed computation time: 0.242 secs.

Elapsed computation time: 6.068 secs.
[1] "--------------------------------------------------------------------------------"
[1] "analyze.results.glm.step="
Logistic Regression Results for: RaceHorse.IsHitA ~
    Horse.FirstTimeSdvAvg + Horse.FirstTimeSdvByRaceAvg +
    Horse.LastTimeSdvAvg + Horse.TimeSdvByRaceAvg
Data: data
Dependent variable(s): RaceHorse.IsHitA
Total independent variables: 5 
Number of valid observations: 35435
Number of missing observations: 0 
 
Coefficients:
                            RaceHorse.IsHitA
(Intercept)                             -3.4
Horse.FirstTimeSdvAvg                    0.3
Horse.FirstTimeSdvByRaceAvg              0.1
Horse.LastTimeSdvAvg                     0.5
Horse.TimeSdvByRaceAvg                   1.5
[1] "analyze.results.glm.step.summary"
Call:
rxLogit(formula = formula, data = data, variableSelection = analyze.results.glm.step.varsel)

Logistic Regression Results for: RaceHorse.IsHitA ~
    Horse.FirstTimeSdvAvg + Horse.FirstTimeSdvByRaceAvg +
    Horse.LastTimeSdvAvg + Horse.TimeSdvByRaceAvg
Data: data
Dependent variable(s): RaceHorse.IsHitA
Total independent variables: 5 
Number of valid observations: 35435
Number of missing observations: 0 
-2*LogLikelihood: 15282.477 (Residual deviance on 35430 degrees of freedom)
 
Coefficients:
                            Estimate Std. Error z value Pr(>|z|)    
(Intercept)                  -3.3659     0.0365  -92.21  2.2e-16 ***
Horse.FirstTimeSdvAvg         0.2664     0.0405    6.58  4.6e-11 ***
Horse.FirstTimeSdvByRaceAvg   0.1443     0.0417    3.46  0.00054 ***
Horse.LastTimeSdvAvg          0.5065     0.0598    8.47  2.2e-16 ***
Horse.TimeSdvByRaceAvg        1.5267     0.0708   21.55  2.2e-16 ***
---
Signif. codes:  0 '***' 0.001 '**' 0.01 '*' 0.05 '.' 0.1 ' ' 1

Condition number of final variance-covariance matrix: 11 
Number of iterations: 6
[1] "--------------------------------------------------------------------------------"
[1] "2022-02-28 00:38:46 --- rxGlm with rxStepControl Finish ---"
[1] "2022-02-28 00:38:46 --- rxStepPlot Start ---"
[1] "pdfFilename=pdf_analyze_glm_Horse_Type15_rxStepPlot.pdf"
[1] "rxStepPlot="
[1] "2022-02-28 00:38:46 --- rxStepPlot Finish ---"
[1] "2022-02-28 00:38:46 --- save.image Start ---"
[1] "save.image"
[1] "rdataFilename=RData_analyze_glm_Horse_Type15.RData"
[1] "2022-02-28 00:38:47 --- save.image Finish ---"
[1] "2022-02-28 00:38:47 --- final Start ---"
[1] "--------------------------------------------------------------------------------"
[1] "nrow(data) final=35435"
[1] "--------------------------------------------------------------------------------"
[1] "2022-02-28 00:38:47 --- final Finish ---"
[1] "2022-02-28 00:38:47 --- analyze_glm.R Finished ---"
[1] "2022-02-28 00:38:47 --- log Finish ---"
