[1] "2022-02-27 15:51:14 --- D1115_Predict_glm_Basic_IsHitA_Type16 Start ---"
[1] "2022-02-27 15:51:14 --- Log Start ---"
[1] "2022-02-27 15:51:14 --- predict.R Start ---"
[1] "--------------------------------------------------------------------------------"
[1] "analyzeVersion=D1115"
[1] "analyzeCategory=Predict"
[1] "analyzeType=Basic"
[1] "analyzeFamily=IsHitA"
[1] "analyzeFunc=glm"
[1] "analyzeTrackTypeCd=1"
[1] "analyzeJyokenCd=6"
[1] "--------------------------------------------------------------------------------"
[1] "2022-02-27 15:51:14 --- source_function.R Start ---"
[1] "2022-02-27 15:51:14 --- source_function.R Finished ---"
[1] "2022-02-27 15:51:14 --- source_library.R Start ---"
[1] "2022-02-27 15:51:14 --- source_library.R Finished ---"
[1] "2022-02-27 15:51:14 --- Load Start ---"
[1] "analyzeTrackTypeCd=1"
[1] "analyzeJyokenCd=6"
[1] "loadFilename=RData_Analyze_glm_Basic_Type16.RData"
[1] "2022-02-27 15:51:14 --- Load Finished ---"
[1] "2022-02-27 15:51:14 --- RxSqlServerData Start ---"
[1] "2022-02-27 15:51:14 --- RxInSqlServer Start ---"
[1] "2022-02-27 15:51:14 --- RxInSqlServer Finish ---"
[1] "2022-02-27 15:51:14 --- rxSetComputeContext Start ---"
[1] "2022-02-27 15:51:14 --- rxSetComputeContext Finish ---"
[1] "2022-02-27 15:51:14 --- RxSqlServerData Start ---"
[1] "analyzeTrackTypeCd=1"
[1] "analyzeJyokenCd=6"
[1] "predictSqlQuery=SELECT * FROM ViewAnalyzeD1115Predict01BasicType16"
[1] "2022-02-27 15:51:14 --- RxSqlServerData Finish ---"
[1] "2022-02-27 15:51:14 --- rxGetVarInfo Start ---"
[1] "2022-02-27 15:51:14 --- rxGetVarInfo Finish---"
[1] "2022-02-27 15:51:14 --- rxImport Start ---"
Rows Read: 16292, Total Rows Processed: 16292, Total Chunk Time: 2.060 seconds 
[1] "2022-02-27 15:51:19 --- rxImport Finish ---"
[1] "object.size(InputDataSet) auto=4 Mb"
[1] "--------------------------------------------------------------------------------"
[1] "nrow(InputDataSet) RxSqlServerData=16292"
[1] "--------------------------------------------------------------------------------"
[1] "str(InputDataSet)="
'data.frame':	16292 obs. of  28 variables:
 $ Race.RaceId                      : Factor w/ 1208 levels "20160731-10-02-02-05",..: 1 1 1 1 1 1 1 1 1 1 ...
 $ Race.IsAnalyzeNormalPastAndFuture: logi  TRUE TRUE TRUE TRUE TRUE TRUE ...
 $ Race.IsAnalyzeNormalPast         : logi  TRUE TRUE TRUE TRUE TRUE TRUE ...
 $ Race.IsAnalyzeNormalFuture       : logi  FALSE FALSE FALSE FALSE FALSE FALSE ...
 $ Race.IsAnalyzeFullPastAndFuture  : logi  TRUE TRUE TRUE TRUE TRUE TRUE ...
 $ Race.IsAnalyzeFullPast           : logi  TRUE TRUE TRUE TRUE TRUE TRUE ...
 $ Race.IsAnalyzeFullFuture         : logi  FALSE FALSE FALSE FALSE FALSE FALSE ...
 $ Race.JyokenCd                    : Factor w/ 1 level "6": 1 1 1 1 1 1 1 1 1 1 ...
 $ Race.JyoType1Cd                  : Factor w/ 126 levels "1-10-1200-6-1",..: 1 1 1 1 1 1 1 1 1 1 ...
 $ Race.RaceType1Cd                 : Factor w/ 2 levels "1-6-X-1","1-6-X-2": 1 1 1 1 1 1 1 1 1 1 ...
 $ RaceHorse.RaceId                 : Factor w/ 1208 levels "20160731-10-02-02-05",..: 1 1 1 1 1 1 1 1 1 1 ...
 $ RaceHorse.KettoNum               : Factor w/ 16260 levels "2014109163","2014109158",..: 1 2 3 4 5 6 7 8 9 10 ...
 $ RaceHorse.UmabanSdv              : num  -1.322 -1.101 -0.881 -0.661 -0.441 ...
 $ RaceHorse.BareiSdv               : num  -0.319 -0.319 -0.319 -0.319 -0.319 ...
 $ RaceHorse.BataijyuSdv            : num  -1.698 -1.202 -0.777 -1.769 0.569 ...
 $ RaceHorse.FutanSdv               : num  0.0734 -0.9908 0.0734 0.0734 0.0734 ...
 $ RaceHorse.LifetimeSdv            : num  -0.695 -1.426 -0.588 -0.961 -0.814 ...
 $ RaceHorse.FutanRatioSdv          : num  1.587 0.816 0.68 1.661 -0.464 ...
 $ DataMining.DmTimeSdv             : num  0.156 -0.642 0.457 -1.331 0.587 ...
 $ DataMiningTaisen.TmScoreSdv      : num  -0.259 0.495 -0.269 -1.581 1.288 ...
 $ OddsByWin.Odds1                  : num  6.1 134 25.3 175.7 3.1 ...
 $ OddsByWin.Ninki                  : num  3 17 8 18 1 10 9 6 5 2 ...
 $ OddsByWin.OddsLog1               : num  1.96 4.91 3.27 5.17 1.41 ...
 $ OddsByWin.OddsRatio1             : num  0.19608 0.00752 0.04115 0.00572 0.47619 ...
 $ OddsByWin.OddsLogit1             : num  -1.81 -4.9 -3.23 -5.17 -1.13 ...
 $ OddsByWin.ApprovalRate1          : num  0.16393 0.00746 0.03953 0.00569 0.32258 ...
 $ OddsByWin.ApprovalRateLog1       : num  0.15181 0.00743 0.03876 0.00568 0.27958 ...
 $ EOF                              : int  1 1 1 1 1 1 1 1 1 1 ...
[1] "2022-02-27 15:51:19 --- RxSqlServerData Finish ---"
[1] "2022-02-27 15:51:19 --- subset Start ---"
[1] "--------------------------------------------------------------------------------"
[1] "nrow(InputDataSet) subset before=16292"
[1] "nrow(InputDataSet) subset after=16292"
[1] "nrow(InputDataSet) subset diff=0"
[1] "--------------------------------------------------------------------------------"
[1] "class(InputDataSet$Race.IsAnalyzeNormalPast)=logical"
[1] "class(InputDataSet$Race.analyzeTrackTypeCd)=NULL"
[1] "2022-02-27 15:51:19 --- subset Finish ---"
[1] "2022-02-27 15:51:19 --- na.omit Start ---"
[1] "--------------------------------------------------------------------------------"
[1] "nrow(InputDataSet) na.omit before=16292"
[1] "nrow(InputDataSet) na.omit after=16241"
[1] "nrow(InputDataSet) na.omit diff=51"
[1] "--------------------------------------------------------------------------------"
[1] "2022-02-27 15:51:19 --- na.omit Finish---"
[1] "2022-02-27 15:51:19 --- New Levels Start ---"
[1] "levels(data$Race.RaceType1Cd)=1-6-X-1"
[2] "levels(data$Race.RaceType1Cd)=1-6-X-2"
[1] "levels(InputDataSet$Race.RaceType1Cd)=1-6-X-1"
[2] "levels(InputDataSet$Race.RaceType1Cd)=1-6-X-2"
[1] "length(Race.RaceType1Cd.Index)=0"
[1] "2022-02-27 15:51:19 --- New Levels Finish ---"
[1] "2022-02-27 15:51:19 --- na.omit Start ---"
[1] "--------------------------------------------------------------------------------"
[1] "nrow(InputDataSet) na.omit levels before=16241"
[1] "nrow(InputDataSet) na.omit levels after=16241"
[1] "nrow(InputDataSet) na.omit levels diff=0"
[1] "--------------------------------------------------------------------------------"
[1] "2022-02-27 15:51:19 --- na.omit Finish ---"
[1] "2022-02-27 15:51:19 --- Predict InputDataSet Start ---"
[1] "--------------------------------------------------------------------------------"
[1] "nrow(InputDataSet) predict=16241"
[1] "--------------------------------------------------------------------------------"
[1] "str(InputDataSet)="
'data.frame':	16241 obs. of  28 variables:
 $ Race.RaceId                      : Factor w/ 1208 levels "20160731-10-02-02-05",..: 1 1 1 1 1 1 1 1 1 1 ...
 $ Race.IsAnalyzeNormalPastAndFuture: logi  TRUE TRUE TRUE TRUE TRUE TRUE ...
 $ Race.IsAnalyzeNormalPast         : logi  TRUE TRUE TRUE TRUE TRUE TRUE ...
 $ Race.IsAnalyzeNormalFuture       : logi  FALSE FALSE FALSE FALSE FALSE FALSE ...
 $ Race.IsAnalyzeFullPastAndFuture  : logi  TRUE TRUE TRUE TRUE TRUE TRUE ...
 $ Race.IsAnalyzeFullPast           : logi  TRUE TRUE TRUE TRUE TRUE TRUE ...
 $ Race.IsAnalyzeFullFuture         : logi  FALSE FALSE FALSE FALSE FALSE FALSE ...
 $ Race.JyokenCd                    : Factor w/ 1 level "6": 1 1 1 1 1 1 1 1 1 1 ...
 $ Race.JyoType1Cd                  : Factor w/ 126 levels "1-10-1200-6-1",..: 1 1 1 1 1 1 1 1 1 1 ...
 $ Race.RaceType1Cd                 : Factor w/ 2 levels "1-6-X-1","1-6-X-2": 1 1 1 1 1 1 1 1 1 1 ...
 $ RaceHorse.RaceId                 : Factor w/ 1208 levels "20160731-10-02-02-05",..: 1 1 1 1 1 1 1 1 1 1 ...
 $ RaceHorse.KettoNum               : Factor w/ 16260 levels "2014109163","2014109158",..: 1 2 3 4 5 6 7 8 9 10 ...
 $ RaceHorse.UmabanSdv              : num  -1.322 -1.101 -0.881 -0.661 -0.441 ...
 $ RaceHorse.BareiSdv               : num  -0.319 -0.319 -0.319 -0.319 -0.319 ...
 $ RaceHorse.BataijyuSdv            : num  -1.698 -1.202 -0.777 -1.769 0.569 ...
 $ RaceHorse.FutanSdv               : num  0.0734 -0.9908 0.0734 0.0734 0.0734 ...
 $ RaceHorse.LifetimeSdv            : num  -0.695 -1.426 -0.588 -0.961 -0.814 ...
 $ RaceHorse.FutanRatioSdv          : num  1.587 0.816 0.68 1.661 -0.464 ...
 $ DataMining.DmTimeSdv             : num  0.156 -0.642 0.457 -1.331 0.587 ...
 $ DataMiningTaisen.TmScoreSdv      : num  -0.259 0.495 -0.269 -1.581 1.288 ...
 $ OddsByWin.Odds1                  : num  6.1 134 25.3 175.7 3.1 ...
 $ OddsByWin.Ninki                  : num  3 17 8 18 1 10 9 6 5 2 ...
 $ OddsByWin.OddsLog1               : num  1.96 4.91 3.27 5.17 1.41 ...
 $ OddsByWin.OddsRatio1             : num  0.19608 0.00752 0.04115 0.00572 0.47619 ...
 $ OddsByWin.OddsLogit1             : num  -1.81 -4.9 -3.23 -5.17 -1.13 ...
 $ OddsByWin.ApprovalRate1          : num  0.16393 0.00746 0.03953 0.00569 0.32258 ...
 $ OddsByWin.ApprovalRateLog1       : num  0.15181 0.00743 0.03876 0.00568 0.27958 ...
 $ EOF                              : int  1 1 1 1 1 1 1 1 1 1 ...
 - attr(*, "na.action")= 'omit' Named int  962 1139 1319 1396 1540 2087 2307 2462 2691 3600 ...
  ..- attr(*, "names")= chr  "962" "1139" "1319" "1396" ...
[1] "2022-02-27 15:51:19 --- Predict InputDataSet Finish ---"
[1] "2022-02-27 15:51:19 --- rxPredict (glm) Start ---"
[1] "analyzeFunc=glm"
Rows Read: 16241, Total Rows Processed: 16241, Total Chunk Time: Less than .001 seconds 
[1] "--------------------------------------------------------------------------------"
[1] "nrow(PredictDataSet) afte predict=16241"
[1] "--------------------------------------------------------------------------------"
[1] "str(PredictDataSet)"
'data.frame':	16241 obs. of  1 variable:
 $ RaceHorse.IsHitA_Pred: num  0.16417 0.0035 0.02961 0.00249 0.26531 ...
NULL
[1] "2022-02-27 15:51:19 --- rxPredict (glm) Finish ---"
[1] "2022-02-27 15:51:19 --- add key Start ---"
[1] "--------------------------------------------------------------------------------"
[1] "nrow(OutputDataSet) add KeyColmn=16241"
[1] "--------------------------------------------------------------------------------"
[1] "str(OutputDataSet) after add Key"
'data.frame':	16241 obs. of  2 variables:
 $ RaceHorse.RaceId  : Factor w/ 1208 levels "20160731-10-02-02-05",..: 1 1 1 1 1 1 1 1 1 1 ...
 $ RaceHorse.KettoNum: Factor w/ 16260 levels "2014109163","2014109158",..: 1 2 3 4 5 6 7 8 9 10 ...
NULL
[1] "2022-02-27 15:51:19 --- add key Finish ---"
[1] "2022-02-27 15:51:19 --- add PredictValue Start ---"
[1] "str(PredictDataSet) before rename="
[1] "colnames(PredictDataSet)=RaceHorse.IsHitA_Pred"
[1] "str(PredictDataSet) after rename="
'data.frame':	16241 obs. of  1 variable:
 $ PredictValue: num  0.16417 0.0035 0.02961 0.00249 0.26531 ...
NULL
[1] "str(OutputDataSet) before cbind="
'data.frame':	16241 obs. of  2 variables:
 $ RaceHorse.RaceId  : Factor w/ 1208 levels "20160731-10-02-02-05",..: 1 1 1 1 1 1 1 1 1 1 ...
 $ RaceHorse.KettoNum: Factor w/ 16260 levels "2014109163","2014109158",..: 1 2 3 4 5 6 7 8 9 10 ...
NULL
[1] "str(OutputDataSet) after cbind="
'data.frame':	16241 obs. of  3 variables:
 $ RaceHorse.RaceId  : Factor w/ 1208 levels "20160731-10-02-02-05",..: 1 1 1 1 1 1 1 1 1 1 ...
 $ RaceHorse.KettoNum: Factor w/ 16260 levels "2014109163","2014109158",..: 1 2 3 4 5 6 7 8 9 10 ...
 $ PredictValue      : num  0.16417 0.0035 0.02961 0.00249 0.26531 ...
NULL
[1] "2022-02-27 15:51:19 --- add PredictValue Finish ---"
[1] "2022-02-27 15:51:19 --- final Start ---"
[1] "--------------------------------------------------------------------------------"
[1] "nrow(OutputDataSet) final=16241"
[1] "--------------------------------------------------------------------------------"
[1] "str(OutputDataSet)="
'data.frame':	16241 obs. of  3 variables:
 $ RaceHorse.RaceId  : Factor w/ 1208 levels "20160731-10-02-02-05",..: 1 1 1 1 1 1 1 1 1 1 ...
 $ RaceHorse.KettoNum: Factor w/ 16260 levels "2014109163","2014109158",..: 1 2 3 4 5 6 7 8 9 10 ...
 $ PredictValue      : num  0.16417 0.0035 0.02961 0.00249 0.26531 ...
NULL
[1] "2022-02-27 15:51:19 --- final Finish ---"
[1] "2022-02-27 15:51:19 --- predict.R Finished ---"
[1] "2022-02-27 15:51:19 --- log Finish ---"
