[1] "2022-02-27 15:41:04 --- D1115_Predict_glm_Jockey_IsHitA_Type11 Start ---"
[1] "2022-02-27 15:41:04 --- Log Start ---"
[1] "2022-02-27 15:41:04 --- predict.R Start ---"
[1] "--------------------------------------------------------------------------------"
[1] "analyzeVersion=D1115"
[1] "analyzeCategory=Predict"
[1] "analyzeType=Jockey"
[1] "analyzeFamily=IsHitA"
[1] "analyzeFunc=glm"
[1] "analyzeTrackTypeCd=1"
[1] "analyzeJyokenCd=1"
[1] "--------------------------------------------------------------------------------"
[1] "2022-02-27 15:41:04 --- source_function.R Start ---"
[1] "2022-02-27 15:41:04 --- source_function.R Finished ---"
[1] "2022-02-27 15:41:04 --- source_library.R Start ---"
[1] "2022-02-27 15:41:04 --- source_library.R Finished ---"
[1] "2022-02-27 15:41:04 --- Load Start ---"
[1] "analyzeTrackTypeCd=1"
[1] "analyzeJyokenCd=1"
[1] "loadFilename=RData_Analyze_glm_Jockey_Type11.RData"
[1] "2022-02-27 15:41:04 --- Load Finished ---"
[1] "2022-02-27 15:41:04 --- RxSqlServerData Start ---"
[1] "2022-02-27 15:41:04 --- RxInSqlServer Start ---"
[1] "2022-02-27 15:41:04 --- RxInSqlServer Finish ---"
[1] "2022-02-27 15:41:04 --- rxSetComputeContext Start ---"
[1] "2022-02-27 15:41:04 --- rxSetComputeContext Finish ---"
[1] "2022-02-27 15:41:04 --- RxSqlServerData Start ---"
[1] "analyzeTrackTypeCd=1"
[1] "analyzeJyokenCd=1"
[1] "predictSqlQuery=SELECT * FROM ViewAnalyzeD1115Predict01JockeyType11"
[1] "2022-02-27 15:41:04 --- RxSqlServerData Finish ---"
[1] "2022-02-27 15:41:04 --- rxGetVarInfo Start ---"
[1] "2022-02-27 15:41:04 --- rxGetVarInfo Finish---"
[1] "2022-02-27 15:41:04 --- rxImport Start ---"
Rows Read: 15153, Total Rows Processed: 15153, Total Chunk Time: 2.973 seconds 
[1] "2022-02-27 15:41:10 --- rxImport Finish ---"
[1] "object.size(InputDataSet) auto=3.3 Mb"
[1] "--------------------------------------------------------------------------------"
[1] "nrow(InputDataSet) RxSqlServerData=15153"
[1] "--------------------------------------------------------------------------------"
[1] "str(InputDataSet)="
'data.frame':	15153 obs. of  32 variables:
 $ Race.RaceId                      : Factor w/ 1149 levels "20160116-07-01-01-11",..: 1 1 1 1 1 1 1 1 1 1 ...
 $ Race.IsPredictedRace             : logi  TRUE TRUE TRUE TRUE TRUE TRUE ...
 $ Race.IsAnalyzeNormalPastAndFuture: logi  TRUE TRUE TRUE TRUE TRUE TRUE ...
 $ Race.IsAnalyzeNormalPast         : logi  TRUE TRUE TRUE TRUE TRUE TRUE ...
 $ Race.IsAnalyzeNormalFuture       : logi  FALSE FALSE FALSE FALSE FALSE FALSE ...
 $ Race.IsAnalyzeFullPastAndFuture  : logi  TRUE TRUE TRUE TRUE TRUE TRUE ...
 $ Race.IsAnalyzeFullPast           : logi  TRUE TRUE TRUE TRUE TRUE TRUE ...
 $ Race.IsAnalyzeFullFuture         : logi  FALSE FALSE FALSE FALSE FALSE FALSE ...
 $ Race.JyokenCd                    : Factor w/ 1 level "1": 1 1 1 1 1 1 1 1 1 1 ...
 $ Race.JyoType1Cd                  : Factor w/ 157 levels "1-07-2000-1-1",..: 1 1 1 1 1 1 1 1 1 1 ...
 $ Race.RaceType1Cd                 : Factor w/ 16 levels "1-1-C-2","1-1-B-2",..: 1 1 1 1 1 1 1 1 1 1 ...
 $ RaceHorse.RaceId                 : Factor w/ 1149 levels "20160116-07-01-01-11",..: 1 1 1 1 1 1 1 1 1 1 ...
 $ RaceHorse.KettoNum               : Factor w/ 3587 levels "2011100497","2011104105",..: 1 2 3 4 5 6 7 8 9 10 ...
 $ Jockey.TimeSdvByRaceAvg          : num  -0.9569 -0.0444 -0.7791 -0.1783 -0.1186 ...
 $ Jockey.LastTimeSdvByRaceAvg      : num  -0.9561 -0.0966 -1.1992 -0.0827 0.0219 ...
 $ Jockey.FirstTimeSdvByRaceAvg     : num  0.0131 0.0904 1.0367 -0.1384 -0.1149 ...
 $ Jockey.TimeSdvAvg                : num  -0.1818 0.012 -0.4232 -0.2078 -0.0333 ...
 $ Jockey.LastTimeSdvAvg            : num  -0.6452 -0.0685 -0.7919 -0.026 0.0408 ...
 $ Jockey.FirstTimeSdvAvg           : num  0.433 0.0569 0.3403 -0.1909 -0.0907 ...
 $ Jockey.OrderOfFinishSdvAvg       : num  -0.925 -0.135 -0.676 -0.21 -0.222 ...
 $ Jockey.RunCount                  : num  8 40 6 45 37 27 28 28 13 28 ...
 $ Jockey.HitCount1                 : num  0 3 0 1 4 0 1 4 0 0 ...
 $ Jockey.HitCount2                 : num  0 0 0 5 1 0 2 3 0 0 ...
 $ Jockey.HitCount3                 : num  0 4 0 1 3 1 2 1 0 2 ...
 $ Jockey.HitCount4                 : num  0 2 1 4 3 2 1 4 0 1 ...
 $ Jockey.HitCount5                 : num  0 2 0 1 2 5 3 1 3 2 ...
 $ Jockey.HitRate1                  : num  0 0.075 0 0.0222 0.1081 ...
 $ Jockey.HitRate2                  : num  0 0 0 0.111 0.027 ...
 $ Jockey.HitRate3                  : num  0 0.1 0 0.0222 0.0811 ...
 $ Jockey.HitRate4                  : num  0 0.05 0.1667 0.0889 0.0811 ...
 $ Jockey.HitRate5                  : num  0 0.05 0 0.0222 0.0541 ...
 $ EOF                              : int  1 1 1 1 1 1 1 1 1 1 ...
[1] "2022-02-27 15:41:10 --- RxSqlServerData Finish ---"
[1] "2022-02-27 15:41:10 --- subset Start ---"
[1] "--------------------------------------------------------------------------------"
[1] "nrow(InputDataSet) subset before=15153"
[1] "nrow(InputDataSet) subset after=15153"
[1] "nrow(InputDataSet) subset diff=0"
[1] "--------------------------------------------------------------------------------"
[1] "class(InputDataSet$Race.IsAnalyzeNormalPast)=logical"
[1] "class(InputDataSet$Race.analyzeTrackTypeCd)=NULL"
[1] "2022-02-27 15:41:10 --- subset Finish ---"
[1] "2022-02-27 15:41:10 --- na.omit Start ---"
[1] "--------------------------------------------------------------------------------"
[1] "nrow(InputDataSet) na.omit before=15153"
[1] "nrow(InputDataSet) na.omit after=15145"
[1] "nrow(InputDataSet) na.omit diff=8"
[1] "--------------------------------------------------------------------------------"
[1] "2022-02-27 15:41:10 --- na.omit Finish---"
[1] "2022-02-27 15:41:10 --- New Levels Start ---"
 [1] "levels(data$Race.RaceType1Cd)=1-1-C-1"
 [2] "levels(data$Race.RaceType1Cd)=1-1-E-1"
 [3] "levels(data$Race.RaceType1Cd)=1-1-E-2"
 [4] "levels(data$Race.RaceType1Cd)=1-1-B-1"
 [5] "levels(data$Race.RaceType1Cd)=1-1-C-2"
 [6] "levels(data$Race.RaceType1Cd)=1-1-A-1"
 [7] "levels(data$Race.RaceType1Cd)=1-1-L-1"
 [8] "levels(data$Race.RaceType1Cd)=1-1-L-2"
 [9] "levels(data$Race.RaceType1Cd)=1-1-D-1"
[10] "levels(data$Race.RaceType1Cd)=1-1-B-2"
[11] "levels(data$Race.RaceType1Cd)=1-1-B-3"
[12] "levels(data$Race.RaceType1Cd)=1-1-A-3"
[13] "levels(data$Race.RaceType1Cd)=1-1-A-2"
[14] "levels(data$Race.RaceType1Cd)=1-1-E-3"
[15] "levels(data$Race.RaceType1Cd)=1-1-L-3"
[16] "levels(data$Race.RaceType1Cd)=1-1-C-3"
 [1] "levels(InputDataSet$Race.RaceType1Cd)=1-1-C-2"
 [2] "levels(InputDataSet$Race.RaceType1Cd)=1-1-B-2"
 [3] "levels(InputDataSet$Race.RaceType1Cd)=1-1-B-3"
 [4] "levels(InputDataSet$Race.RaceType1Cd)=1-1-A-1"
 [5] "levels(InputDataSet$Race.RaceType1Cd)=1-1-C-1"
 [6] "levels(InputDataSet$Race.RaceType1Cd)=1-1-E-2"
 [7] "levels(InputDataSet$Race.RaceType1Cd)=1-1-B-1"
 [8] "levels(InputDataSet$Race.RaceType1Cd)=1-1-E-1"
 [9] "levels(InputDataSet$Race.RaceType1Cd)=1-1-A-2"
[10] "levels(InputDataSet$Race.RaceType1Cd)=1-1-A-3"
[11] "levels(InputDataSet$Race.RaceType1Cd)=1-1-D-1"
[12] "levels(InputDataSet$Race.RaceType1Cd)=1-1-L-1"
[13] "levels(InputDataSet$Race.RaceType1Cd)=1-1-L-2"
[14] "levels(InputDataSet$Race.RaceType1Cd)=1-1-C-3"
[15] "levels(InputDataSet$Race.RaceType1Cd)=1-1-L-3"
[16] "levels(InputDataSet$Race.RaceType1Cd)=1-1-E-3"
[1] "length(Race.RaceType1Cd.Index)=0"
[1] "2022-02-27 15:41:10 --- New Levels Finish ---"
[1] "2022-02-27 15:41:10 --- na.omit Start ---"
[1] "--------------------------------------------------------------------------------"
[1] "nrow(InputDataSet) na.omit levels before=15145"
[1] "nrow(InputDataSet) na.omit levels after=15145"
[1] "nrow(InputDataSet) na.omit levels diff=0"
[1] "--------------------------------------------------------------------------------"
[1] "2022-02-27 15:41:10 --- na.omit Finish ---"
[1] "2022-02-27 15:41:10 --- Predict InputDataSet Start ---"
[1] "--------------------------------------------------------------------------------"
[1] "nrow(InputDataSet) predict=15145"
[1] "--------------------------------------------------------------------------------"
[1] "str(InputDataSet)="
'data.frame':	15145 obs. of  32 variables:
 $ Race.RaceId                      : Factor w/ 1149 levels "20160116-07-01-01-11",..: 1 1 1 1 1 1 1 1 1 1 ...
 $ Race.IsPredictedRace             : logi  TRUE TRUE TRUE TRUE TRUE TRUE ...
 $ Race.IsAnalyzeNormalPastAndFuture: logi  TRUE TRUE TRUE TRUE TRUE TRUE ...
 $ Race.IsAnalyzeNormalPast         : logi  TRUE TRUE TRUE TRUE TRUE TRUE ...
 $ Race.IsAnalyzeNormalFuture       : logi  FALSE FALSE FALSE FALSE FALSE FALSE ...
 $ Race.IsAnalyzeFullPastAndFuture  : logi  TRUE TRUE TRUE TRUE TRUE TRUE ...
 $ Race.IsAnalyzeFullPast           : logi  TRUE TRUE TRUE TRUE TRUE TRUE ...
 $ Race.IsAnalyzeFullFuture         : logi  FALSE FALSE FALSE FALSE FALSE FALSE ...
 $ Race.JyokenCd                    : Factor w/ 1 level "1": 1 1 1 1 1 1 1 1 1 1 ...
 $ Race.JyoType1Cd                  : Factor w/ 157 levels "1-07-2000-1-1",..: 1 1 1 1 1 1 1 1 1 1 ...
 $ Race.RaceType1Cd                 : Factor w/ 16 levels "1-1-C-2","1-1-B-2",..: 1 1 1 1 1 1 1 1 1 1 ...
 $ RaceHorse.RaceId                 : Factor w/ 1149 levels "20160116-07-01-01-11",..: 1 1 1 1 1 1 1 1 1 1 ...
 $ RaceHorse.KettoNum               : Factor w/ 3587 levels "2011100497","2011104105",..: 1 2 3 4 5 6 7 8 9 10 ...
 $ Jockey.TimeSdvByRaceAvg          : num  -0.9569 -0.0444 -0.7791 -0.1783 -0.1186 ...
 $ Jockey.LastTimeSdvByRaceAvg      : num  -0.9561 -0.0966 -1.1992 -0.0827 0.0219 ...
 $ Jockey.FirstTimeSdvByRaceAvg     : num  0.0131 0.0904 1.0367 -0.1384 -0.1149 ...
 $ Jockey.TimeSdvAvg                : num  -0.1818 0.012 -0.4232 -0.2078 -0.0333 ...
 $ Jockey.LastTimeSdvAvg            : num  -0.6452 -0.0685 -0.7919 -0.026 0.0408 ...
 $ Jockey.FirstTimeSdvAvg           : num  0.433 0.0569 0.3403 -0.1909 -0.0907 ...
 $ Jockey.OrderOfFinishSdvAvg       : num  -0.925 -0.135 -0.676 -0.21 -0.222 ...
 $ Jockey.RunCount                  : num  8 40 6 45 37 27 28 28 13 28 ...
 $ Jockey.HitCount1                 : num  0 3 0 1 4 0 1 4 0 0 ...
 $ Jockey.HitCount2                 : num  0 0 0 5 1 0 2 3 0 0 ...
 $ Jockey.HitCount3                 : num  0 4 0 1 3 1 2 1 0 2 ...
 $ Jockey.HitCount4                 : num  0 2 1 4 3 2 1 4 0 1 ...
 $ Jockey.HitCount5                 : num  0 2 0 1 2 5 3 1 3 2 ...
 $ Jockey.HitRate1                  : num  0 0.075 0 0.0222 0.1081 ...
 $ Jockey.HitRate2                  : num  0 0 0 0.111 0.027 ...
 $ Jockey.HitRate3                  : num  0 0.1 0 0.0222 0.0811 ...
 $ Jockey.HitRate4                  : num  0 0.05 0.1667 0.0889 0.0811 ...
 $ Jockey.HitRate5                  : num  0 0.05 0 0.0222 0.0541 ...
 $ EOF                              : int  1 1 1 1 1 1 1 1 1 1 ...
 - attr(*, "na.action")= 'omit' Named int  2448 6194 6279 6283 9842 12616 13667 13681
  ..- attr(*, "names")= chr  "2448" "6194" "6279" "6283" ...
[1] "2022-02-27 15:41:10 --- Predict InputDataSet Finish ---"
[1] "2022-02-27 15:41:10 --- rxPredict (glm) Start ---"
[1] "analyzeFunc=glm"
Rows Read: 15145, Total Rows Processed: 15145, Total Chunk Time: 0.001 seconds 
[1] "--------------------------------------------------------------------------------"
[1] "nrow(PredictDataSet) afte predict=15145"
[1] "--------------------------------------------------------------------------------"
[1] "str(PredictDataSet)"
'data.frame':	15145 obs. of  1 variable:
 $ RaceHorse.IsHitA_Pred: num  0.0219 0.061 0.0256 0.0538 0.0578 ...
NULL
[1] "2022-02-27 15:41:10 --- rxPredict (glm) Finish ---"
[1] "2022-02-27 15:41:10 --- add key Start ---"
[1] "--------------------------------------------------------------------------------"
[1] "nrow(OutputDataSet) add KeyColmn=15145"
[1] "--------------------------------------------------------------------------------"
[1] "str(OutputDataSet) after add Key"
'data.frame':	15145 obs. of  2 variables:
 $ RaceHorse.RaceId  : Factor w/ 1149 levels "20160116-07-01-01-11",..: 1 1 1 1 1 1 1 1 1 1 ...
 $ RaceHorse.KettoNum: Factor w/ 3587 levels "2011100497","2011104105",..: 1 2 3 4 5 6 7 8 9 10 ...
NULL
[1] "2022-02-27 15:41:10 --- add key Finish ---"
[1] "2022-02-27 15:41:10 --- add PredictValue Start ---"
[1] "str(PredictDataSet) before rename="
[1] "colnames(PredictDataSet)=RaceHorse.IsHitA_Pred"
[1] "str(PredictDataSet) after rename="
'data.frame':	15145 obs. of  1 variable:
 $ PredictValue: num  0.0219 0.061 0.0256 0.0538 0.0578 ...
NULL
[1] "str(OutputDataSet) before cbind="
'data.frame':	15145 obs. of  2 variables:
 $ RaceHorse.RaceId  : Factor w/ 1149 levels "20160116-07-01-01-11",..: 1 1 1 1 1 1 1 1 1 1 ...
 $ RaceHorse.KettoNum: Factor w/ 3587 levels "2011100497","2011104105",..: 1 2 3 4 5 6 7 8 9 10 ...
NULL
[1] "str(OutputDataSet) after cbind="
'data.frame':	15145 obs. of  3 variables:
 $ RaceHorse.RaceId  : Factor w/ 1149 levels "20160116-07-01-01-11",..: 1 1 1 1 1 1 1 1 1 1 ...
 $ RaceHorse.KettoNum: Factor w/ 3587 levels "2011100497","2011104105",..: 1 2 3 4 5 6 7 8 9 10 ...
 $ PredictValue      : num  0.0219 0.061 0.0256 0.0538 0.0578 ...
NULL
[1] "2022-02-27 15:41:10 --- add PredictValue Finish ---"
[1] "2022-02-27 15:41:10 --- final Start ---"
[1] "--------------------------------------------------------------------------------"
[1] "nrow(OutputDataSet) final=15145"
[1] "--------------------------------------------------------------------------------"
[1] "str(OutputDataSet)="
'data.frame':	15145 obs. of  3 variables:
 $ RaceHorse.RaceId  : Factor w/ 1149 levels "20160116-07-01-01-11",..: 1 1 1 1 1 1 1 1 1 1 ...
 $ RaceHorse.KettoNum: Factor w/ 3587 levels "2011100497","2011104105",..: 1 2 3 4 5 6 7 8 9 10 ...
 $ PredictValue      : num  0.0219 0.061 0.0256 0.0538 0.0578 ...
NULL
[1] "2022-02-27 15:41:10 --- final Finish ---"
[1] "2022-02-27 15:41:10 --- predict.R Finished ---"
[1] "2022-02-27 15:41:10 --- log Finish ---"
