[1] "2022-02-27 15:47:18 --- D1115_Predict_glm_Gen01_IsHitA_Type31 Start ---"
[1] "2022-02-27 15:47:18 --- Log Start ---"
[1] "2022-02-27 15:47:18 --- predict.R Start ---"
[1] "--------------------------------------------------------------------------------"
[1] "analyzeVersion=D1115"
[1] "analyzeCategory=Predict"
[1] "analyzeType=Gen01"
[1] "analyzeFamily=IsHitA"
[1] "analyzeFunc=glm"
[1] "analyzeTrackTypeCd=3"
[1] "analyzeJyokenCd=1"
[1] "--------------------------------------------------------------------------------"
[1] "2022-02-27 15:47:18 --- source_function.R Start ---"
[1] "2022-02-27 15:47:18 --- source_function.R Finished ---"
[1] "2022-02-27 15:47:18 --- source_library.R Start ---"
[1] "2022-02-27 15:47:18 --- source_library.R Finished ---"
[1] "2022-02-27 15:47:18 --- Load Start ---"
[1] "analyzeTrackTypeCd=3"
[1] "analyzeJyokenCd=1"
[1] "loadFilename=RData_Analyze_glm_Gen01_Type31.RData"
[1] "2022-02-27 15:47:18 --- Load Finished ---"
[1] "2022-02-27 15:47:18 --- RxSqlServerData Start ---"
[1] "2022-02-27 15:47:18 --- RxInSqlServer Start ---"
[1] "2022-02-27 15:47:18 --- RxInSqlServer Finish ---"
[1] "2022-02-27 15:47:18 --- rxSetComputeContext Start ---"
[1] "2022-02-27 15:47:18 --- rxSetComputeContext Finish ---"
[1] "2022-02-27 15:47:18 --- RxSqlServerData Start ---"
[1] "analyzeTrackTypeCd=3"
[1] "analyzeJyokenCd=1"
[1] "predictSqlQuery=SELECT * FROM ViewAnalyzeD1115Predict01Gen01Type31"
[1] "2022-02-27 15:47:18 --- RxSqlServerData Finish ---"
[1] "2022-02-27 15:47:18 --- rxGetVarInfo Start ---"
[1] "2022-02-27 15:47:18 --- rxGetVarInfo Finish---"
[1] "2022-02-27 15:47:18 --- rxImport Start ---"
Rows Read: 2768, Total Rows Processed: 2768, Total Chunk Time: 3.914 seconds 
[1] "2022-02-27 15:47:26 --- rxImport Finish ---"
[1] "object.size(InputDataSet) auto=656.1 Kb"
[1] "--------------------------------------------------------------------------------"
[1] "nrow(InputDataSet) RxSqlServerData=2768"
[1] "--------------------------------------------------------------------------------"
[1] "str(InputDataSet)="
'data.frame':	2768 obs. of  33 variables:
 $ Race.RaceId                      : Factor w/ 261 levels "20160319-07-02-03-05",..: 1 2 3 4 5 6 7 8 9 10 ...
 $ Race.IsPredictedRace             : logi  TRUE TRUE TRUE TRUE TRUE TRUE ...
 $ Race.IsAnalyzeNormalPastAndFuture: logi  TRUE TRUE TRUE TRUE TRUE TRUE ...
 $ Race.IsAnalyzeNormalPast         : logi  TRUE TRUE TRUE TRUE TRUE TRUE ...
 $ Race.IsAnalyzeNormalFuture       : logi  FALSE FALSE FALSE FALSE FALSE FALSE ...
 $ Race.IsAnalyzeFullPastAndFuture  : logi  TRUE TRUE TRUE TRUE TRUE TRUE ...
 $ Race.IsAnalyzeFullPast           : logi  TRUE TRUE TRUE TRUE TRUE TRUE ...
 $ Race.IsAnalyzeFullFuture         : logi  FALSE FALSE FALSE FALSE FALSE FALSE ...
 $ Race.JyokenCd                    : Factor w/ 1 level "1": 1 1 1 1 1 1 1 1 1 1 ...
 $ Race.JyoType1Cd                  : Factor w/ 60 levels "3-07-3300-1-4",..: 1 2 3 4 5 5 6 7 8 9 ...
 $ Race.RaceType1Cd                 : Factor w/ 5 levels "3-1-X-3","3-1-E-3",..: 1 2 3 1 1 1 1 4 1 2 ...
 $ RaceHorse.RaceId                 : Factor w/ 261 levels "20160319-07-02-03-05",..: 1 2 3 4 5 6 7 8 9 10 ...
 $ RaceHorse.KettoNum               : Factor w/ 538 levels "2011106292","2012105656",..: 1 2 3 4 5 6 7 8 9 10 ...
 $ Gen01.HansyokuNum                : Factor w/ 139 levels "11201700","11202094",..: 1 2 3 4 3 5 6 7 8 9 ...
 $ Gen01.TimeSdvByRaceAvg           : num  0.0596 1.6332 0.1515 -0.3196 -0.1457 ...
 $ Gen01.LastTimeSdvByRaceAvg       : num  0.0362 1.7319 0.1576 -0.364 -0.1002 ...
 $ Gen01.FirstTimeSdvByRaceAvg      : num  0.0613 1.601 0.1499 -0.3026 -0.155 ...
 $ Gen01.TimeSdvAvg                 : num  -0.0471 1.0546 0.2982 -0.2539 -0.0822 ...
 $ Gen01.LastTimeSdvAvg             : num  -160 -127 -160 -160 -166 ...
 $ Gen01.FirstTimeSdvAvg            : num  -0.0484 1.0587 0.3046 -0.2492 -0.0883 ...
 $ Gen01.OrderOfFinishSdvAvg        : num  -0.0693 1.382 -0.0185 -0.2811 -0.213 ...
 $ Gen01.RunCount                   : num  19 2 7 16 51 4 52 13 46 10 ...
 $ Gen01.HitCount1                  : num  0 1 0 0 1 0 2 2 1 1 ...
 $ Gen01.HitCount2                  : num  1 1 1 2 1 0 2 1 6 1 ...
 $ Gen01.HitCount3                  : num  4 0 0 1 3 0 4 4 4 4 ...
 $ Gen01.HitCount4                  : num  1 0 1 2 4 0 2 2 4 2 ...
 $ Gen01.HitCount5                  : num  2 0 0 1 7 0 4 1 9 0 ...
 $ Gen01.HitRate1                   : num  0 0.5 0 0 0.0196 ...
 $ Gen01.HitRate2                   : num  0.0526 0.5 0.1429 0.125 0.0196 ...
 $ Gen01.HitRate3                   : num  0.2105 0 0 0.0625 0.0588 ...
 $ Gen01.HitRate4                   : num  0.0526 0 0.1429 0.125 0.0784 ...
 $ Gen01.HitRate5                   : num  0.1053 0 0 0.0625 0.1373 ...
 $ EOF                              : int  1 1 1 1 1 1 1 1 1 1 ...
[1] "2022-02-27 15:47:26 --- RxSqlServerData Finish ---"
[1] "2022-02-27 15:47:26 --- subset Start ---"
[1] "--------------------------------------------------------------------------------"
[1] "nrow(InputDataSet) subset before=2768"
[1] "nrow(InputDataSet) subset after=2768"
[1] "nrow(InputDataSet) subset diff=0"
[1] "--------------------------------------------------------------------------------"
[1] "class(InputDataSet$Race.IsAnalyzeNormalPast)=logical"
[1] "class(InputDataSet$Race.analyzeTrackTypeCd)=NULL"
[1] "2022-02-27 15:47:26 --- subset Finish ---"
[1] "2022-02-27 15:47:26 --- na.omit Start ---"
[1] "--------------------------------------------------------------------------------"
[1] "nrow(InputDataSet) na.omit before=2768"
[1] "nrow(InputDataSet) na.omit after=2763"
[1] "nrow(InputDataSet) na.omit diff=5"
[1] "--------------------------------------------------------------------------------"
[1] "2022-02-27 15:47:26 --- na.omit Finish---"
[1] "2022-02-27 15:47:26 --- New Levels Start ---"
[1] "levels(data$Race.RaceType1Cd)=3-1-X-3"
[2] "levels(data$Race.RaceType1Cd)=3-1-E-3"
[3] "levels(data$Race.RaceType1Cd)=3-1-F-3"
[4] "levels(data$Race.RaceType1Cd)=3-1-H-3"
[5] "levels(data$Race.RaceType1Cd)=3-1-G-3"
[1] "levels(InputDataSet$Race.RaceType1Cd)=3-1-X-3"
[2] "levels(InputDataSet$Race.RaceType1Cd)=3-1-E-3"
[3] "levels(InputDataSet$Race.RaceType1Cd)=3-1-F-3"
[4] "levels(InputDataSet$Race.RaceType1Cd)=3-1-H-3"
[5] "levels(InputDataSet$Race.RaceType1Cd)=3-1-G-3"
[1] "length(Race.RaceType1Cd.Index)=0"
[1] "2022-02-27 15:47:26 --- New Levels Finish ---"
[1] "2022-02-27 15:47:26 --- na.omit Start ---"
[1] "--------------------------------------------------------------------------------"
[1] "nrow(InputDataSet) na.omit levels before=2763"
[1] "nrow(InputDataSet) na.omit levels after=2763"
[1] "nrow(InputDataSet) na.omit levels diff=0"
[1] "--------------------------------------------------------------------------------"
[1] "2022-02-27 15:47:26 --- na.omit Finish ---"
[1] "2022-02-27 15:47:26 --- Predict InputDataSet Start ---"
[1] "--------------------------------------------------------------------------------"
[1] "nrow(InputDataSet) predict=2763"
[1] "--------------------------------------------------------------------------------"
[1] "str(InputDataSet)="
'data.frame':	2763 obs. of  33 variables:
 $ Race.RaceId                      : Factor w/ 261 levels "20160319-07-02-03-05",..: 1 2 3 4 5 6 7 8 9 10 ...
 $ Race.IsPredictedRace             : logi  TRUE TRUE TRUE TRUE TRUE TRUE ...
 $ Race.IsAnalyzeNormalPastAndFuture: logi  TRUE TRUE TRUE TRUE TRUE TRUE ...
 $ Race.IsAnalyzeNormalPast         : logi  TRUE TRUE TRUE TRUE TRUE TRUE ...
 $ Race.IsAnalyzeNormalFuture       : logi  FALSE FALSE FALSE FALSE FALSE FALSE ...
 $ Race.IsAnalyzeFullPastAndFuture  : logi  TRUE TRUE TRUE TRUE TRUE TRUE ...
 $ Race.IsAnalyzeFullPast           : logi  TRUE TRUE TRUE TRUE TRUE TRUE ...
 $ Race.IsAnalyzeFullFuture         : logi  FALSE FALSE FALSE FALSE FALSE FALSE ...
 $ Race.JyokenCd                    : Factor w/ 1 level "1": 1 1 1 1 1 1 1 1 1 1 ...
 $ Race.JyoType1Cd                  : Factor w/ 60 levels "3-07-3300-1-4",..: 1 2 3 4 5 5 6 7 8 9 ...
 $ Race.RaceType1Cd                 : Factor w/ 5 levels "3-1-X-3","3-1-E-3",..: 1 2 3 1 1 1 1 4 1 2 ...
 $ RaceHorse.RaceId                 : Factor w/ 261 levels "20160319-07-02-03-05",..: 1 2 3 4 5 6 7 8 9 10 ...
 $ RaceHorse.KettoNum               : Factor w/ 538 levels "2011106292","2012105656",..: 1 2 3 4 5 6 7 8 9 10 ...
 $ Gen01.HansyokuNum                : Factor w/ 139 levels "11201700","11202094",..: 1 2 3 4 3 5 6 7 8 9 ...
 $ Gen01.TimeSdvByRaceAvg           : num  0.0596 1.6332 0.1515 -0.3196 -0.1457 ...
 $ Gen01.LastTimeSdvByRaceAvg       : num  0.0362 1.7319 0.1576 -0.364 -0.1002 ...
 $ Gen01.FirstTimeSdvByRaceAvg      : num  0.0613 1.601 0.1499 -0.3026 -0.155 ...
 $ Gen01.TimeSdvAvg                 : num  -0.0471 1.0546 0.2982 -0.2539 -0.0822 ...
 $ Gen01.LastTimeSdvAvg             : num  -160 -127 -160 -160 -166 ...
 $ Gen01.FirstTimeSdvAvg            : num  -0.0484 1.0587 0.3046 -0.2492 -0.0883 ...
 $ Gen01.OrderOfFinishSdvAvg        : num  -0.0693 1.382 -0.0185 -0.2811 -0.213 ...
 $ Gen01.RunCount                   : num  19 2 7 16 51 4 52 13 46 10 ...
 $ Gen01.HitCount1                  : num  0 1 0 0 1 0 2 2 1 1 ...
 $ Gen01.HitCount2                  : num  1 1 1 2 1 0 2 1 6 1 ...
 $ Gen01.HitCount3                  : num  4 0 0 1 3 0 4 4 4 4 ...
 $ Gen01.HitCount4                  : num  1 0 1 2 4 0 2 2 4 2 ...
 $ Gen01.HitCount5                  : num  2 0 0 1 7 0 4 1 9 0 ...
 $ Gen01.HitRate1                   : num  0 0.5 0 0 0.0196 ...
 $ Gen01.HitRate2                   : num  0.0526 0.5 0.1429 0.125 0.0196 ...
 $ Gen01.HitRate3                   : num  0.2105 0 0 0.0625 0.0588 ...
 $ Gen01.HitRate4                   : num  0.0526 0 0.1429 0.125 0.0784 ...
 $ Gen01.HitRate5                   : num  0.1053 0 0 0.0625 0.1373 ...
 $ EOF                              : int  1 1 1 1 1 1 1 1 1 1 ...
 - attr(*, "na.action")= 'omit' Named int  2008 2041 2062 2649 2679
  ..- attr(*, "names")= chr  "2008" "2041" "2062" "2649" ...
[1] "2022-02-27 15:47:26 --- Predict InputDataSet Finish ---"
[1] "2022-02-27 15:47:26 --- rxPredict (glm) Start ---"
[1] "analyzeFunc=glm"
Rows Read: 2763, Total Rows Processed: 2763, Total Chunk Time: Less than .001 seconds 
[1] "--------------------------------------------------------------------------------"
[1] "nrow(PredictDataSet) afte predict=2763"
[1] "--------------------------------------------------------------------------------"
[1] "str(PredictDataSet)"
'data.frame':	2763 obs. of  1 variable:
 $ RaceHorse.IsHitA_Pred: num  0.0871 0.1921 0.0894 0.0705 0.0716 ...
NULL
[1] "2022-02-27 15:47:26 --- rxPredict (glm) Finish ---"
[1] "2022-02-27 15:47:26 --- add key Start ---"
[1] "--------------------------------------------------------------------------------"
[1] "nrow(OutputDataSet) add KeyColmn=2763"
[1] "--------------------------------------------------------------------------------"
[1] "str(OutputDataSet) after add Key"
'data.frame':	2763 obs. of  2 variables:
 $ RaceHorse.RaceId  : Factor w/ 261 levels "20160319-07-02-03-05",..: 1 2 3 4 5 6 7 8 9 10 ...
 $ RaceHorse.KettoNum: Factor w/ 538 levels "2011106292","2012105656",..: 1 2 3 4 5 6 7 8 9 10 ...
NULL
[1] "2022-02-27 15:47:26 --- add key Finish ---"
[1] "2022-02-27 15:47:26 --- add PredictValue Start ---"
[1] "str(PredictDataSet) before rename="
[1] "colnames(PredictDataSet)=RaceHorse.IsHitA_Pred"
[1] "str(PredictDataSet) after rename="
'data.frame':	2763 obs. of  1 variable:
 $ PredictValue: num  0.0871 0.1921 0.0894 0.0705 0.0716 ...
NULL
[1] "str(OutputDataSet) before cbind="
'data.frame':	2763 obs. of  2 variables:
 $ RaceHorse.RaceId  : Factor w/ 261 levels "20160319-07-02-03-05",..: 1 2 3 4 5 6 7 8 9 10 ...
 $ RaceHorse.KettoNum: Factor w/ 538 levels "2011106292","2012105656",..: 1 2 3 4 5 6 7 8 9 10 ...
NULL
[1] "str(OutputDataSet) after cbind="
'data.frame':	2763 obs. of  3 variables:
 $ RaceHorse.RaceId  : Factor w/ 261 levels "20160319-07-02-03-05",..: 1 2 3 4 5 6 7 8 9 10 ...
 $ RaceHorse.KettoNum: Factor w/ 538 levels "2011106292","2012105656",..: 1 2 3 4 5 6 7 8 9 10 ...
 $ PredictValue      : num  0.0871 0.1921 0.0894 0.0705 0.0716 ...
NULL
[1] "2022-02-27 15:47:26 --- add PredictValue Finish ---"
[1] "2022-02-27 15:47:26 --- final Start ---"
[1] "--------------------------------------------------------------------------------"
[1] "nrow(OutputDataSet) final=2763"
[1] "--------------------------------------------------------------------------------"
[1] "str(OutputDataSet)="
'data.frame':	2763 obs. of  3 variables:
 $ RaceHorse.RaceId  : Factor w/ 261 levels "20160319-07-02-03-05",..: 1 2 3 4 5 6 7 8 9 10 ...
 $ RaceHorse.KettoNum: Factor w/ 538 levels "2011106292","2012105656",..: 1 2 3 4 5 6 7 8 9 10 ...
 $ PredictValue      : num  0.0871 0.1921 0.0894 0.0705 0.0716 ...
NULL
[1] "2022-02-27 15:47:26 --- final Finish ---"
[1] "2022-02-27 15:47:26 --- predict.R Finished ---"
[1] "2022-02-27 15:47:26 --- log Finish ---"
