[1] "2022-02-28 00:38:23 --- D1115_analyze_glm_Horse_IsHitA_Type23 Start ---"
[1] "2022-02-28 00:38:23 --- Log Start ---"
[1] "2022-02-28 00:38:23 --- analyze_glm.R Start ---"
[1] "analyzeVersion=D1115"
[1] "analyzeCategory=analyze"
[1] "analyzeType=Horse"
[1] "analyzeFamily=IsHitA"
[1] "analyzeFunc=glm"
[1] "analyzeTrackTypeCd=2"
[1] "analyzeJyokenCd=3"
[1] "2022-02-28 00:38:23 --- source_function.R Start ---"
[1] "2022-02-28 00:38:23 --- source_function.R Finished ---"

> print(paste0(Sys.time(), " --- source_library.R Start ---"))
[1] "2022-02-28 00:38:23 --- source_library.R Start ---"

> require("RevoScaleR")

> print(paste0(Sys.time(), " --- source_library.R Finished ---"))
[1] "2022-02-28 00:38:24 --- source_library.R Finished ---"
[1] "2022-02-28 00:38:24 --- RxSqlServerData Start ---"
[1] "2022-02-28 00:38:24 --- RxInSqlServer Start ---"
[1] "2022-02-28 00:38:24 --- RxInSqlServer Finish ---"
[1] "2022-02-28 00:38:24 --- rxSetComputeContext Start ---"
[1] "2022-02-28 00:38:24 --- rxSetComputeContext Finish ---"
[1] "2022-02-28 00:38:24 --- RxSqlServerData Start ---"
[1] "sqlQuery=SELECT * FROM ViewAnalyzeD1115analyze01HorseType23"
[1] "2022-02-28 00:38:24 --- RxSqlServerData Finish ---"
[1] "2022-02-28 00:38:24 --- rxGetVarInfo Start ---"
[1] "2022-02-28 00:38:24 --- rxGetVarInfo Finish---"
[1] "2022-02-28 00:38:24 --- rxImport Start ---"
Rows Read: 15121, Total Rows Processed: 15121, Total Chunk Time: 3.480 seconds 
[1] "2022-02-28 00:38:33 --- rxImport Finish ---"
[1] "object.size(data) auto=5.4 Mb"
[1] "--------------------------------------------------------------------------------"
[1] "nrow(data) RxSqlServerData=15121"
[1] "--------------------------------------------------------------------------------"
[1] "str(data)="
'data.frame':	15121 obs. of  49 variables:
 $ Race.RaceId                      : Factor w/ 1011 levels "20160110-08-01-03-12",..: 1 1 1 2 2 3 4 5 6 7 ...
 $ Race.IsAnalyzeNormalPastAndFuture: logi  TRUE TRUE TRUE TRUE TRUE TRUE ...
 $ Race.IsAnalyzeNormalPast         : logi  TRUE TRUE TRUE TRUE TRUE TRUE ...
 $ Race.IsAnalyzeNormalFuture       : logi  FALSE FALSE FALSE FALSE FALSE FALSE ...
 $ Race.IsAnalyzeFullPastAndFuture  : logi  TRUE TRUE TRUE TRUE TRUE TRUE ...
 $ Race.IsAnalyzeFullPast           : logi  TRUE TRUE TRUE TRUE TRUE TRUE ...
 $ Race.IsAnalyzeFullFuture         : logi  FALSE FALSE FALSE FALSE FALSE FALSE ...
 $ Race.JyokenCd                    : Factor w/ 1 level "3": 1 1 1 1 1 1 1 1 1 1 ...
 $ Race.JyoType1Cd                  : Factor w/ 105 levels "2-08-1200-3-1",..: 1 1 1 2 2 3 1 4 2 5 ...
 $ Race.RaceType1Cd                 : Factor w/ 6 levels "2-3-X-1","2-3-E-1",..: 1 1 1 1 1 1 1 2 1 2 ...
 $ RaceHorse.RaceId                 : Factor w/ 1011 levels "20160110-08-01-03-12",..: 1 1 1 2 2 3 4 5 6 7 ...
 $ RaceHorse.KettoNum               : Factor w/ 3181 levels "2012100481","2012100989",..: 1 2 3 4 5 6 7 8 9 10 ...
 $ RaceHorse.IsHit1                 : num  0 0 0 0 0 0 0 0 0 0 ...
 $ RaceHorse.IsHit2                 : num  0 0 0 0 0 0 0 0 0 0 ...
 $ RaceHorse.IsHit3                 : num  0 0 0 0 0 0 0 0 0 0 ...
 $ RaceHorse.IsHit4                 : num  0 0 0 0 0 0 0 0 0 0 ...
 $ RaceHorse.IsHit5                 : num  0 0 0 0 0 0 0 0 0 0 ...
 $ RaceHorse.IsHit6                 : num  1 1 1 1 1 1 1 1 1 1 ...
 $ RaceHorse.IsValidRaceHorse       : logi  TRUE TRUE TRUE TRUE TRUE TRUE ...
 $ RaceHorse.TimeSdvByRace          : num  -0.924 -0.297 -1.174 0.137 -1.129 ...
 $ RaceHorse.LastTimeSdvByRace      : num  -0.241 -0.467 -0.467 0.438 -1.566 ...
 $ RaceHorse.FirstTimeSdvByRace     : num  -1.168 0.389 -1.168 -0.827 1.682 ...
 $ RaceHorse.TimeSdv                : num  -1.198 -0.657 -1.414 -0.477 -1.509 ...
 $ RaceHorse.LastTimeSdv            : num  -0.3827 -0.5776 -0.5776 -0.0283 -2.0149 ...
 $ RaceHorse.FirstTimeSdv           : num  -1.0598 -0.0224 -1.0598 -0.5628 0.7366 ...
 $ RaceHorse.OrderOfFinishSdv       : num  -1.043 -0.6 -1.264 -0.379 -1.043 ...
 $ RaceHorse.IsHitA                 : num  0 0 0 0 0 0 0 0 0 0 ...
 $ RaceHorse.IsHitB                 : num  0 0 0 0 0 0 0 0 0 0 ...
 $ RaceHorse.IsHitC                 : num  0 0 0 0 0 0 0 0 0 0 ...
 $ Horse.KettoNum                   : Factor w/ 3181 levels "2012100481","2012100989",..: 1 2 3 4 5 6 7 8 9 10 ...
 $ Horse.TimeSdvByRaceAvg           : num  0.585 -0.134 0.214 0.261 1.007 ...
 $ Horse.LastTimeSdvByRaceAvg       : num  0.0682 -0.5179 0.1811 -0.017 0.2017 ...
 $ Horse.FirstTimeSdvByRaceAvg      : num  0.7 0.857 0.283 0.407 1.501 ...
 $ Horse.TimeSdvAvg                 : num  0.5284 -0.0211 0.4852 -0.1832 1.3458 ...
 $ Horse.LastTimeSdvAvg             : num  0.2262 -0.6671 0.0813 -0.6262 0.1077 ...
 $ Horse.FirstTimeSdvAvg            : num  0.515 0.851 0.782 0.392 1.776 ...
 $ Horse.OrderOfFinishSdvAvg        : num  0.553 -0.131 0.477 0.325 0.978 ...
 $ Horse.RunCount                   : num  16 10 6 11 6 18 12 17 8 23 ...
 $ Horse.HitCount1                  : num  2 2 2 1 2 2 2 2 1 1 ...
 $ Horse.HitCount2                  : num  2 1 0 0 0 1 1 0 2 5 ...
 $ Horse.HitCount3                  : num  5 0 1 2 1 1 2 2 0 1 ...
 $ Horse.HitCount4                  : num  1 0 1 0 2 3 2 1 0 2 ...
 $ Horse.HitCount5                  : num  0 0 0 0 0 2 0 6 0 1 ...
 $ Horse.HitRate1                   : num  0.125 0.2 0.3333 0.0909 0.3333 ...
 $ Horse.HitRate2                   : num  0.125 0.1 0 0 0 ...
 $ Horse.HitRate3                   : num  0.312 0 0.167 0.182 0.167 ...
 $ Horse.HitRate4                   : num  0.0625 0 0.1667 0 0.3333 ...
 $ Horse.HitRate5                   : num  0 0 0 0 0 ...
 $ EOF                              : int  1 1 1 1 1 1 1 1 1 1 ...
[1] "2022-02-28 00:38:35 --- RxSqlServerData Finish ---"
[1] "2022-02-28 00:38:35 --- subset Start ---"
[1] "--------------------------------------------------------------------------------"
[1] "nrow(data) subset before=15121"
[1] "nrow(data) subset after =15121"
[1] "nrow(data) subset diff =0"
[1] "--------------------------------------------------------------------------------"
[1] "2022-02-28 00:38:35 --- subset Finish---"
[1] "2022-02-28 00:38:35 --- transform Start ---"
[1] "--------------------------------------------------------------------------------"
[1] "nrow(data) transform before=15121"
[1] "nrow(data) transform after=15121"
[1] "nrow(data) transform diff=0"
[1] "--------------------------------------------------------------------------------"
[1] "str(data)="
'data.frame':	15121 obs. of  49 variables:
 $ Race.RaceId                      : Factor w/ 1011 levels "20160110-08-01-03-12",..: 1 1 1 2 2 3 4 5 6 7 ...
 $ Race.IsAnalyzeNormalPastAndFuture: logi  TRUE TRUE TRUE TRUE TRUE TRUE ...
 $ Race.IsAnalyzeNormalPast         : logi  TRUE TRUE TRUE TRUE TRUE TRUE ...
 $ Race.IsAnalyzeNormalFuture       : logi  FALSE FALSE FALSE FALSE FALSE FALSE ...
 $ Race.IsAnalyzeFullPastAndFuture  : logi  TRUE TRUE TRUE TRUE TRUE TRUE ...
 $ Race.IsAnalyzeFullPast           : logi  TRUE TRUE TRUE TRUE TRUE TRUE ...
 $ Race.IsAnalyzeFullFuture         : logi  FALSE FALSE FALSE FALSE FALSE FALSE ...
 $ Race.JyokenCd                    : Factor w/ 1 level "3": 1 1 1 1 1 1 1 1 1 1 ...
 $ Race.JyoType1Cd                  : Factor w/ 105 levels "2-08-1200-3-1",..: 1 1 1 2 2 3 1 4 2 5 ...
 $ Race.RaceType1Cd                 : Factor w/ 6 levels "2-3-X-1","2-3-E-1",..: 1 1 1 1 1 1 1 2 1 2 ...
 $ RaceHorse.RaceId                 : Factor w/ 1011 levels "20160110-08-01-03-12",..: 1 1 1 2 2 3 4 5 6 7 ...
 $ RaceHorse.KettoNum               : Factor w/ 3181 levels "2012100481","2012100989",..: 1 2 3 4 5 6 7 8 9 10 ...
 $ RaceHorse.IsHit1                 : num  0 0 0 0 0 0 0 0 0 0 ...
 $ RaceHorse.IsHit2                 : num  0 0 0 0 0 0 0 0 0 0 ...
 $ RaceHorse.IsHit3                 : num  0 0 0 0 0 0 0 0 0 0 ...
 $ RaceHorse.IsHit4                 : num  0 0 0 0 0 0 0 0 0 0 ...
 $ RaceHorse.IsHit5                 : num  0 0 0 0 0 0 0 0 0 0 ...
 $ RaceHorse.IsHit6                 : num  1 1 1 1 1 1 1 1 1 1 ...
 $ RaceHorse.IsValidRaceHorse       : logi  TRUE TRUE TRUE TRUE TRUE TRUE ...
 $ RaceHorse.TimeSdvByRace          : num  -0.924 -0.297 -1.174 0.137 -1.129 ...
 $ RaceHorse.LastTimeSdvByRace      : num  -0.241 -0.467 -0.467 0.438 -1.566 ...
 $ RaceHorse.FirstTimeSdvByRace     : num  -1.168 0.389 -1.168 -0.827 1.682 ...
 $ RaceHorse.TimeSdv                : num  -1.198 -0.657 -1.414 -0.477 -1.509 ...
 $ RaceHorse.LastTimeSdv            : num  -0.3827 -0.5776 -0.5776 -0.0283 -2.0149 ...
 $ RaceHorse.FirstTimeSdv           : num  -1.0598 -0.0224 -1.0598 -0.5628 0.7366 ...
 $ RaceHorse.OrderOfFinishSdv       : num  -1.043 -0.6 -1.264 -0.379 -1.043 ...
 $ RaceHorse.IsHitA                 : num  0 0 0 0 0 0 0 0 0 0 ...
 $ RaceHorse.IsHitB                 : num  0 0 0 0 0 0 0 0 0 0 ...
 $ RaceHorse.IsHitC                 : num  0 0 0 0 0 0 0 0 0 0 ...
 $ Horse.KettoNum                   : Factor w/ 3181 levels "2012100481","2012100989",..: 1 2 3 4 5 6 7 8 9 10 ...
 $ Horse.TimeSdvByRaceAvg           : num  0.585 -0.134 0.214 0.261 1.007 ...
 $ Horse.LastTimeSdvByRaceAvg       : num  0.0682 -0.5179 0.1811 -0.017 0.2017 ...
 $ Horse.FirstTimeSdvByRaceAvg      : num  0.7 0.857 0.283 0.407 1.501 ...
 $ Horse.TimeSdvAvg                 : num  0.5284 -0.0211 0.4852 -0.1832 1.3458 ...
 $ Horse.LastTimeSdvAvg             : num  0.2262 -0.6671 0.0813 -0.6262 0.1077 ...
 $ Horse.FirstTimeSdvAvg            : num  0.515 0.851 0.782 0.392 1.776 ...
 $ Horse.OrderOfFinishSdvAvg        : num  0.553 -0.131 0.477 0.325 0.978 ...
 $ Horse.RunCount                   : num  16 10 6 11 6 18 12 17 8 23 ...
 $ Horse.HitCount1                  : num  2 2 2 1 2 2 2 2 1 1 ...
 $ Horse.HitCount2                  : num  2 1 0 0 0 1 1 0 2 5 ...
 $ Horse.HitCount3                  : num  5 0 1 2 1 1 2 2 0 1 ...
 $ Horse.HitCount4                  : num  1 0 1 0 2 3 2 1 0 2 ...
 $ Horse.HitCount5                  : num  0 0 0 0 0 2 0 6 0 1 ...
 $ Horse.HitRate1                   : num  0.125 0.2 0.3333 0.0909 0.3333 ...
 $ Horse.HitRate2                   : num  0.125 0.1 0 0 0 ...
 $ Horse.HitRate3                   : num  0.312 0 0.167 0.182 0.167 ...
 $ Horse.HitRate4                   : num  0.0625 0 0.1667 0 0.3333 ...
 $ Horse.HitRate5                   : num  0 0 0 0 0 ...
 $ EOF                              : int  1 1 1 1 1 1 1 1 1 1 ...
NULL
[1] "2022-02-28 00:38:38 --- transform Finish ---"
[1] "2022-02-28 00:38:38 --- na.omit Start ---"
[1] "--------------------------------------------------------------------------------"
[1] "nrow(data) na.omit before=15121"
[1] "nrow(data) na.omit after =15011"
[1] "nrow(data) na.omit diff =110"
[1] "--------------------------------------------------------------------------------"
'data.frame':	15011 obs. of  49 variables:
 $ Race.RaceId                      : Factor w/ 1011 levels "20160110-08-01-03-12",..: 1 1 1 2 2 3 4 5 6 7 ...
 $ Race.IsAnalyzeNormalPastAndFuture: logi  TRUE TRUE TRUE TRUE TRUE TRUE ...
 $ Race.IsAnalyzeNormalPast         : logi  TRUE TRUE TRUE TRUE TRUE TRUE ...
 $ Race.IsAnalyzeNormalFuture       : logi  FALSE FALSE FALSE FALSE FALSE FALSE ...
 $ Race.IsAnalyzeFullPastAndFuture  : logi  TRUE TRUE TRUE TRUE TRUE TRUE ...
 $ Race.IsAnalyzeFullPast           : logi  TRUE TRUE TRUE TRUE TRUE TRUE ...
 $ Race.IsAnalyzeFullFuture         : logi  FALSE FALSE FALSE FALSE FALSE FALSE ...
 $ Race.JyokenCd                    : Factor w/ 1 level "3": 1 1 1 1 1 1 1 1 1 1 ...
 $ Race.JyoType1Cd                  : Factor w/ 105 levels "2-08-1200-3-1",..: 1 1 1 2 2 3 1 4 2 5 ...
 $ Race.RaceType1Cd                 : Factor w/ 6 levels "2-3-X-1","2-3-E-1",..: 1 1 1 1 1 1 1 2 1 2 ...
 $ RaceHorse.RaceId                 : Factor w/ 1011 levels "20160110-08-01-03-12",..: 1 1 1 2 2 3 4 5 6 7 ...
 $ RaceHorse.KettoNum               : Factor w/ 3181 levels "2012100481","2012100989",..: 1 2 3 4 5 6 7 8 9 10 ...
 $ RaceHorse.IsHit1                 : num  0 0 0 0 0 0 0 0 0 0 ...
 $ RaceHorse.IsHit2                 : num  0 0 0 0 0 0 0 0 0 0 ...
 $ RaceHorse.IsHit3                 : num  0 0 0 0 0 0 0 0 0 0 ...
 $ RaceHorse.IsHit4                 : num  0 0 0 0 0 0 0 0 0 0 ...
 $ RaceHorse.IsHit5                 : num  0 0 0 0 0 0 0 0 0 0 ...
 $ RaceHorse.IsHit6                 : num  1 1 1 1 1 1 1 1 1 1 ...
 $ RaceHorse.IsValidRaceHorse       : logi  TRUE TRUE TRUE TRUE TRUE TRUE ...
 $ RaceHorse.TimeSdvByRace          : num  -0.924 -0.297 -1.174 0.137 -1.129 ...
 $ RaceHorse.LastTimeSdvByRace      : num  -0.241 -0.467 -0.467 0.438 -1.566 ...
 $ RaceHorse.FirstTimeSdvByRace     : num  -1.168 0.389 -1.168 -0.827 1.682 ...
 $ RaceHorse.TimeSdv                : num  -1.198 -0.657 -1.414 -0.477 -1.509 ...
 $ RaceHorse.LastTimeSdv            : num  -0.3827 -0.5776 -0.5776 -0.0283 -2.0149 ...
 $ RaceHorse.FirstTimeSdv           : num  -1.0598 -0.0224 -1.0598 -0.5628 0.7366 ...
 $ RaceHorse.OrderOfFinishSdv       : num  -1.043 -0.6 -1.264 -0.379 -1.043 ...
 $ RaceHorse.IsHitA                 : num  0 0 0 0 0 0 0 0 0 0 ...
 $ RaceHorse.IsHitB                 : num  0 0 0 0 0 0 0 0 0 0 ...
 $ RaceHorse.IsHitC                 : num  0 0 0 0 0 0 0 0 0 0 ...
 $ Horse.KettoNum                   : Factor w/ 3181 levels "2012100481","2012100989",..: 1 2 3 4 5 6 7 8 9 10 ...
 $ Horse.TimeSdvByRaceAvg           : num  0.585 -0.134 0.214 0.261 1.007 ...
 $ Horse.LastTimeSdvByRaceAvg       : num  0.0682 -0.5179 0.1811 -0.017 0.2017 ...
 $ Horse.FirstTimeSdvByRaceAvg      : num  0.7 0.857 0.283 0.407 1.501 ...
 $ Horse.TimeSdvAvg                 : num  0.5284 -0.0211 0.4852 -0.1832 1.3458 ...
 $ Horse.LastTimeSdvAvg             : num  0.2262 -0.6671 0.0813 -0.6262 0.1077 ...
 $ Horse.FirstTimeSdvAvg            : num  0.515 0.851 0.782 0.392 1.776 ...
 $ Horse.OrderOfFinishSdvAvg        : num  0.553 -0.131 0.477 0.325 0.978 ...
 $ Horse.RunCount                   : num  16 10 6 11 6 18 12 17 8 23 ...
 $ Horse.HitCount1                  : num  2 2 2 1 2 2 2 2 1 1 ...
 $ Horse.HitCount2                  : num  2 1 0 0 0 1 1 0 2 5 ...
 $ Horse.HitCount3                  : num  5 0 1 2 1 1 2 2 0 1 ...
 $ Horse.HitCount4                  : num  1 0 1 0 2 3 2 1 0 2 ...
 $ Horse.HitCount5                  : num  0 0 0 0 0 2 0 6 0 1 ...
 $ Horse.HitRate1                   : num  0.125 0.2 0.3333 0.0909 0.3333 ...
 $ Horse.HitRate2                   : num  0.125 0.1 0 0 0 ...
 $ Horse.HitRate3                   : num  0.312 0 0.167 0.182 0.167 ...
 $ Horse.HitRate4                   : num  0.0625 0 0.1667 0 0.3333 ...
 $ Horse.HitRate5                   : num  0 0 0 0 0 ...
 $ EOF                              : int  1 1 1 1 1 1 1 1 1 1 ...
 - attr(*, "na.action")= 'omit' Named int  3248 3249 3250 3251 3252 3253 3254 3255 3256 3257 ...
  ..- attr(*, "names")= chr  "3248" "3249" "3250" "3251" ...
[1] "2022-02-28 00:38:40 --- na.omit Finish ---"
[1] "2022-02-28 00:38:40 --- rxGlm with rxStepControl Start ---"

> print(paste0(Sys.time(), " --- source_logic_glm.R Start ---"))
[1] "2022-02-28 00:38:40 --- source_logic_glm.R Start ---"

> formula <- formula(RaceHorse.IsHitA ~ +1 + Horse.TimeSdvByRaceAvg + 
+     Horse.LastTimeSdvByRaceAvg + Horse.FirstTimeSdvByRaceAvg + 
+     Horse.TimeSdvAvg + Horse.LastTimeSdvAvg + Horse.FirstTimeSdvAvg)

> print(paste0(Sys.time(), " --- source_logic_glm.R Finished ---"))
[1] "2022-02-28 00:38:40 --- source_logic_glm.R Finished ---"
Rows Read: 15011, Total Rows Processed: 15011, Total Chunk Time: 0.001 seconds 

Starting values (iteration 1) time: 0.011 secs.
Rows Read: 15011, Total Rows Processed: 15011, Total Chunk Time: 0.003 seconds 

Iteration 2 time: 0.028 secs.
Rows Read: 15011, Total Rows Processed: 15011, Total Chunk Time: 0.003 seconds 

Iteration 3 time: 0.021 secs.
Rows Read: 15011, Total Rows Processed: 15011, Total Chunk Time: 0.003 seconds 

Iteration 4 time: 0.021 secs.
Rows Read: 15011, Total Rows Processed: 15011, Total Chunk Time: 0.004 seconds 

Iteration 5 time: 0.042 secs.
Rows Read: 15011, Total Rows Processed: 15011, Total Chunk Time: 0.003 seconds 

Iteration 6 time: 0.026 secs.

Elapsed computation time: 0.297 secs.
Rows Read: 15011, Total Rows Processed: 15011, Total Chunk Time: Less than .001 seconds 

Starting values (iteration 1) time: 0.022 secs.
Rows Read: 15011, Total Rows Processed: 15011, Total Chunk Time: 0.003 seconds 

Iteration 2 time: 0.028 secs.
Rows Read: 15011, Total Rows Processed: 15011, Total Chunk Time: 0.003 seconds 

Iteration 3 time: 0.025 secs.
Rows Read: 15011, Total Rows Processed: 15011, Total Chunk Time: 0.002 seconds 

Iteration 4 time: 0.025 secs.
Rows Read: 15011, Total Rows Processed: 15011, Total Chunk Time: 0.003 seconds 

Iteration 5 time: 0.023 secs.
Rows Read: 15011, Total Rows Processed: 15011, Total Chunk Time: 0.003 seconds 

Iteration 6 time: 0.024 secs.

Elapsed computation time: 0.344 secs.
Rows Read: 15011, Total Rows Processed: 15011, Total Chunk Time: 0.002 seconds 

Starting values (iteration 1) time: 0.023 secs.
Rows Read: 15011, Total Rows Processed: 15011, Total Chunk Time: 0.003 seconds 

Iteration 2 time: 0.021 secs.
Rows Read: 15011, Total Rows Processed: 15011, Total Chunk Time: 0.002 seconds 

Iteration 3 time: 0.034 secs.
Rows Read: 15011, Total Rows Processed: 15011, Total Chunk Time: 0.002 seconds 

Iteration 4 time: 0.024 secs.
Rows Read: 15011, Total Rows Processed: 15011, Total Chunk Time: 0.002 seconds 

Iteration 5 time: 0.023 secs.
Rows Read: 15011, Total Rows Processed: 15011, Total Chunk Time: 0.002 seconds 

Iteration 6 time: 0.024 secs.

Elapsed computation time: 0.306 secs.
Rows Read: 15011, Total Rows Processed: 15011, Total Chunk Time: 0.002 seconds 

Starting values (iteration 1) time: 0.022 secs.
Rows Read: 15011, Total Rows Processed: 15011, Total Chunk Time: 0.002 seconds 

Iteration 2 time: 0.026 secs.
Rows Read: 15011, Total Rows Processed: 15011, Total Chunk Time: 0.002 seconds 

Iteration 3 time: 0.022 secs.
Rows Read: 15011, Total Rows Processed: 15011, Total Chunk Time: 0.003 seconds 

Iteration 4 time: 0.028 secs.
Rows Read: 15011, Total Rows Processed: 15011, Total Chunk Time: 0.002 seconds 

Iteration 5 time: 0.022 secs.

Elapsed computation time: 0.256 secs.
Rows Read: 15011, Total Rows Processed: 15011, Total Chunk Time: 0.002 seconds 

Starting values (iteration 1) time: 0.024 secs.
Rows Read: 15011, Total Rows Processed: 15011, Total Chunk Time: 0.003 seconds 

Iteration 2 time: 0.024 secs.
Rows Read: 15011, Total Rows Processed: 15011, Total Chunk Time: 0.002 seconds 

Iteration 3 time: 0.022 secs.
Rows Read: 15011, Total Rows Processed: 15011, Total Chunk Time: 0.003 seconds 

Iteration 4 time: 0.023 secs.
Rows Read: 15011, Total Rows Processed: 15011, Total Chunk Time: 0.002 seconds 

Iteration 5 time: 0.021 secs.
Rows Read: 15011, Total Rows Processed: 15011, Total Chunk Time: 0.003 seconds 

Iteration 6 time: 0.026 secs.

Elapsed computation time: 0.296 secs.
Rows Read: 15011, Total Rows Processed: 15011, Total Chunk Time: 0.001 seconds 

Starting values (iteration 1) time: 0.022 secs.
Rows Read: 15011, Total Rows Processed: 15011, Total Chunk Time: 0.003 seconds 

Iteration 2 time: 0.026 secs.
Rows Read: 15011, Total Rows Processed: 15011, Total Chunk Time: 0.003 seconds 

Iteration 3 time: 0.019 secs.
Rows Read: 15011, Total Rows Processed: 15011, Total Chunk Time: 0.003 seconds 

Iteration 4 time: 0.033 secs.
Rows Read: 15011, Total Rows Processed: 15011, Total Chunk Time: 0.003 seconds 

Iteration 5 time: 0.019 secs.
Rows Read: 15011, Total Rows Processed: 15011, Total Chunk Time: 0.003 seconds 

Iteration 6 time: 0.032 secs.

Elapsed computation time: 0.298 secs.
Rows Read: 15011, Total Rows Processed: 15011, Total Chunk Time: 0.002 seconds 

Starting values (iteration 1) time: 0.018 secs.
Rows Read: 15011, Total Rows Processed: 15011, Total Chunk Time: 0.003 seconds 

Iteration 2 time: 0.022 secs.
Rows Read: 15011, Total Rows Processed: 15011, Total Chunk Time: 0.002 seconds 

Iteration 3 time: 0.020 secs.
Rows Read: 15011, Total Rows Processed: 15011, Total Chunk Time: 0.002 seconds 

Iteration 4 time: 0.018 secs.
Rows Read: 15011, Total Rows Processed: 15011, Total Chunk Time: 0.003 seconds 

Iteration 5 time: 0.020 secs.
Rows Read: 15011, Total Rows Processed: 15011, Total Chunk Time: 0.002 seconds 

Iteration 6 time: 0.020 secs.

Elapsed computation time: 0.253 secs.
Rows Read: 15011, Total Rows Processed: 15011, Total Chunk Time: 0.002 seconds 

Starting values (iteration 1) time: 0.020 secs.
Rows Read: 15011, Total Rows Processed: 15011, Total Chunk Time: 0.003 seconds 

Iteration 2 time: 0.024 secs.
Rows Read: 15011, Total Rows Processed: 15011, Total Chunk Time: 0.003 seconds 

Iteration 3 time: 0.036 secs.
Rows Read: 15011, Total Rows Processed: 15011, Total Chunk Time: 0.003 seconds 

Iteration 4 time: 0.022 secs.
Rows Read: 15011, Total Rows Processed: 15011, Total Chunk Time: 0.002 seconds 

Iteration 5 time: 0.023 secs.
Rows Read: 15011, Total Rows Processed: 15011, Total Chunk Time: 0.002 seconds 

Iteration 6 time: 0.020 secs.

Elapsed computation time: 0.300 secs.
Rows Read: 15011, Total Rows Processed: 15011, Total Chunk Time: 0.002 seconds 

Starting values (iteration 1) time: 0.021 secs.
Rows Read: 15011, Total Rows Processed: 15011, Total Chunk Time: 0.002 seconds 

Iteration 2 time: 0.023 secs.
Rows Read: 15011, Total Rows Processed: 15011, Total Chunk Time: 0.002 seconds 

Iteration 3 time: 0.020 secs.
Rows Read: 15011, Total Rows Processed: 15011, Total Chunk Time: 0.003 seconds 

Iteration 4 time: 0.023 secs.
Rows Read: 15011, Total Rows Processed: 15011, Total Chunk Time: 0.002 seconds 

Iteration 5 time: 0.021 secs.
Rows Read: 15011, Total Rows Processed: 15011, Total Chunk Time: 0.003 seconds 

Iteration 6 time: 0.020 secs.

Elapsed computation time: 0.280 secs.
Rows Read: 15011, Total Rows Processed: 15011, Total Chunk Time: Less than .001 seconds 

Starting values (iteration 1) time: 0.021 secs.
Rows Read: 15011, Total Rows Processed: 15011, Total Chunk Time: 0.003 seconds 

Iteration 2 time: 0.024 secs.
Rows Read: 15011, Total Rows Processed: 15011, Total Chunk Time: 0.003 seconds 

Iteration 3 time: 0.027 secs.
Rows Read: 15011, Total Rows Processed: 15011, Total Chunk Time: 0.002 seconds 

Iteration 4 time: 0.020 secs.
Rows Read: 15011, Total Rows Processed: 15011, Total Chunk Time: 0.002 seconds 

Iteration 5 time: 0.017 secs.

Elapsed computation time: 0.240 secs.
Rows Read: 15011, Total Rows Processed: 15011, Total Chunk Time: 0.001 seconds 

Starting values (iteration 1) time: 0.019 secs.
Rows Read: 15011, Total Rows Processed: 15011, Total Chunk Time: 0.002 seconds 

Iteration 2 time: 0.040 secs.
Rows Read: 15011, Total Rows Processed: 15011, Total Chunk Time: 0.002 seconds 

Iteration 3 time: 0.026 secs.
Rows Read: 15011, Total Rows Processed: 15011, Total Chunk Time: 0.002 seconds 

Iteration 4 time: 0.018 secs.
Rows Read: 15011, Total Rows Processed: 15011, Total Chunk Time: 0.002 seconds 

Iteration 5 time: 0.022 secs.
Rows Read: 15011, Total Rows Processed: 15011, Total Chunk Time: 0.002 seconds 

Iteration 6 time: 0.019 secs.

Elapsed computation time: 0.311 secs.
Rows Read: 15011, Total Rows Processed: 15011, Total Chunk Time: Less than .001 seconds 

Starting values (iteration 1) time: 0.017 secs.
Rows Read: 15011, Total Rows Processed: 15011, Total Chunk Time: 0.002 seconds 

Iteration 2 time: 0.019 secs.
Rows Read: 15011, Total Rows Processed: 15011, Total Chunk Time: 0.002 seconds 

Iteration 3 time: 0.018 secs.
Rows Read: 15011, Total Rows Processed: 15011, Total Chunk Time: 0.003 seconds 

Iteration 4 time: 0.017 secs.
Rows Read: 15011, Total Rows Processed: 15011, Total Chunk Time: 0.002 seconds 

Iteration 5 time: 0.018 secs.
Rows Read: 15011, Total Rows Processed: 15011, Total Chunk Time: 0.002 seconds 

Iteration 6 time: 0.016 secs.

Elapsed computation time: 0.237 secs.
Rows Read: 15011, Total Rows Processed: 15011, Total Chunk Time: 0.002 seconds 

Starting values (iteration 1) time: 0.017 secs.
Rows Read: 15011, Total Rows Processed: 15011, Total Chunk Time: 0.002 seconds 

Iteration 2 time: 0.025 secs.
Rows Read: 15011, Total Rows Processed: 15011, Total Chunk Time: 0.003 seconds 

Iteration 3 time: 0.019 secs.
Rows Read: 15011, Total Rows Processed: 15011, Total Chunk Time: 0.003 seconds 

Iteration 4 time: 0.018 secs.
Rows Read: 15011, Total Rows Processed: 15011, Total Chunk Time: 0.002 seconds 

Iteration 5 time: 0.017 secs.
Rows Read: 15011, Total Rows Processed: 15011, Total Chunk Time: 0.002 seconds 

Iteration 6 time: 0.027 secs.

Elapsed computation time: 0.245 secs.
Rows Read: 15011, Total Rows Processed: 15011, Total Chunk Time: 0.001 seconds 

Starting values (iteration 1) time: 0.016 secs.
Rows Read: 15011, Total Rows Processed: 15011, Total Chunk Time: 0.002 seconds 

Iteration 2 time: 0.017 secs.
Rows Read: 15011, Total Rows Processed: 15011, Total Chunk Time: 0.002 seconds 

Iteration 3 time: 0.018 secs.
Rows Read: 15011, Total Rows Processed: 15011, Total Chunk Time: 0.002 seconds 

Iteration 4 time: 0.027 secs.
Rows Read: 15011, Total Rows Processed: 15011, Total Chunk Time: 0.003 seconds 

Iteration 5 time: 0.027 secs.
Rows Read: 15011, Total Rows Processed: 15011, Total Chunk Time: 0.003 seconds 

Iteration 6 time: 0.016 secs.

Elapsed computation time: 0.254 secs.
Rows Read: 15011, Total Rows Processed: 15011, Total Chunk Time: Less than .001 seconds 

Starting values (iteration 1) time: 0.028 secs.
Rows Read: 15011, Total Rows Processed: 15011, Total Chunk Time: 0.002 seconds 

Iteration 2 time: 0.019 secs.
Rows Read: 15011, Total Rows Processed: 15011, Total Chunk Time: 0.003 seconds 

Iteration 3 time: 0.019 secs.
Rows Read: 15011, Total Rows Processed: 15011, Total Chunk Time: 0.002 seconds 

Iteration 4 time: 0.015 secs.
Rows Read: 15011, Total Rows Processed: 15011, Total Chunk Time: 0.002 seconds 

Iteration 5 time: 0.017 secs.
Rows Read: 15011, Total Rows Processed: 15011, Total Chunk Time: 0.002 seconds 

Iteration 6 time: 0.025 secs.

Elapsed computation time: 0.245 secs.
Rows Read: 15011, Total Rows Processed: 15011, Total Chunk Time: 0.001 seconds 

Starting values (iteration 1) time: 0.026 secs.
Rows Read: 15011, Total Rows Processed: 15011, Total Chunk Time: 0.002 seconds 

Iteration 2 time: 0.020 secs.
Rows Read: 15011, Total Rows Processed: 15011, Total Chunk Time: 0.002 seconds 

Iteration 3 time: 0.012 secs.
Rows Read: 15011, Total Rows Processed: 15011, Total Chunk Time: 0.002 seconds 

Iteration 4 time: 0.018 secs.
Rows Read: 15011, Total Rows Processed: 15011, Total Chunk Time: 0.003 seconds 

Iteration 5 time: 0.024 secs.

Elapsed computation time: 0.198 secs.
Rows Read: 15011, Total Rows Processed: 15011, Total Chunk Time: 0.001 seconds 

Starting values (iteration 1) time: 0.023 secs.
Rows Read: 15011, Total Rows Processed: 15011, Total Chunk Time: 0.002 seconds 

Iteration 2 time: 0.017 secs.
Rows Read: 15011, Total Rows Processed: 15011, Total Chunk Time: 0.003 seconds 

Iteration 3 time: 0.015 secs.
Rows Read: 15011, Total Rows Processed: 15011, Total Chunk Time: 0.002 seconds 

Iteration 4 time: 0.023 secs.
Rows Read: 15011, Total Rows Processed: 15011, Total Chunk Time: 0.002 seconds 

Iteration 5 time: 0.023 secs.
Rows Read: 15011, Total Rows Processed: 15011, Total Chunk Time: 0.002 seconds 

Iteration 6 time: 0.020 secs.

Elapsed computation time: 0.230 secs.
Rows Read: 15011, Total Rows Processed: 15011, Total Chunk Time: Less than .001 seconds 

Starting values (iteration 1) time: 0.025 secs.
Rows Read: 15011, Total Rows Processed: 15011, Total Chunk Time: 0.002 seconds 

Iteration 2 time: 0.015 secs.
Rows Read: 15011, Total Rows Processed: 15011, Total Chunk Time: 0.002 seconds 

Iteration 3 time: 0.014 secs.
Rows Read: 15011, Total Rows Processed: 15011, Total Chunk Time: 0.002 seconds 

Iteration 4 time: 0.017 secs.
Rows Read: 15011, Total Rows Processed: 15011, Total Chunk Time: 0.002 seconds 

Iteration 5 time: 0.016 secs.
Rows Read: 15011, Total Rows Processed: 15011, Total Chunk Time: 0.002 seconds 

Iteration 6 time: 0.022 secs.

Elapsed computation time: 0.228 secs.
Rows Read: 15011, Total Rows Processed: 15011, Total Chunk Time: 0.001 seconds 

Starting values (iteration 1) time: 0.022 secs.
Rows Read: 15011, Total Rows Processed: 15011, Total Chunk Time: 0.006 seconds 

Iteration 2 time: 0.023 secs.
Rows Read: 15011, Total Rows Processed: 15011, Total Chunk Time: 0.007 seconds 

Iteration 3 time: 0.020 secs.
Rows Read: 15011, Total Rows Processed: 15011, Total Chunk Time: 0.006 seconds 

Iteration 4 time: 0.035 secs.
Rows Read: 15011, Total Rows Processed: 15011, Total Chunk Time: 0.003 seconds 

Iteration 5 time: 0.016 secs.
Rows Read: 15011, Total Rows Processed: 15011, Total Chunk Time: 0.002 seconds 

Iteration 6 time: 0.013 secs.

Elapsed computation time: 0.256 secs.
Rows Read: 15011, Total Rows Processed: 15011, Total Chunk Time: Less than .001 seconds 

Starting values (iteration 1) time: 0.013 secs.
Rows Read: 15011, Total Rows Processed: 15011, Total Chunk Time: 0.002 seconds 

Iteration 2 time: 0.022 secs.
Rows Read: 15011, Total Rows Processed: 15011, Total Chunk Time: 0.002 seconds 

Iteration 3 time: 0.010 secs.
Rows Read: 15011, Total Rows Processed: 15011, Total Chunk Time: 0.002 seconds 

Iteration 4 time: 0.011 secs.
Rows Read: 15011, Total Rows Processed: 15011, Total Chunk Time: 0.002 seconds 

Iteration 5 time: 0.018 secs.

Elapsed computation time: 0.163 secs.
Rows Read: 15011, Total Rows Processed: 15011, Total Chunk Time: 0.002 seconds 

Starting values (iteration 1) time: 0.015 secs.
Rows Read: 15011, Total Rows Processed: 15011, Total Chunk Time: 0.002 seconds 

Iteration 2 time: 0.021 secs.
Rows Read: 15011, Total Rows Processed: 15011, Total Chunk Time: 0.002 seconds 

Iteration 3 time: 0.028 secs.
Rows Read: 15011, Total Rows Processed: 15011, Total Chunk Time: 0.002 seconds 

Iteration 4 time: 0.022 secs.
Rows Read: 15011, Total Rows Processed: 15011, Total Chunk Time: 0.002 seconds 

Iteration 5 time: 0.021 secs.

Elapsed computation time: 0.190 secs.
Rows Read: 15011, Total Rows Processed: 15011, Total Chunk Time: 0.001 seconds 

Starting values (iteration 1) time: 0.013 secs.
Rows Read: 15011, Total Rows Processed: 15011, Total Chunk Time: 0.002 seconds 

Iteration 2 time: 0.014 secs.
Rows Read: 15011, Total Rows Processed: 15011, Total Chunk Time: 0.001 seconds 

Iteration 3 time: 0.011 secs.
Rows Read: 15011, Total Rows Processed: 15011, Total Chunk Time: 0.002 seconds 

Iteration 4 time: 0.015 secs.
Rows Read: 15011, Total Rows Processed: 15011, Total Chunk Time: 0.001 seconds 

Iteration 5 time: 0.013 secs.

Elapsed computation time: 0.143 secs.
Rows Read: 15011, Total Rows Processed: 15011, Total Chunk Time: 0.001 seconds 

Starting values (iteration 1) time: 0.014 secs.
Rows Read: 15011, Total Rows Processed: 15011, Total Chunk Time: 0.002 seconds 

Iteration 2 time: 0.012 secs.
Rows Read: 15011, Total Rows Processed: 15011, Total Chunk Time: Less than .001 seconds 

Iteration 3 time: 0.010 secs.
Rows Read: 15011, Total Rows Processed: 15011, Total Chunk Time: 0.002 seconds 

Iteration 4 time: 0.011 secs.
Rows Read: 15011, Total Rows Processed: 15011, Total Chunk Time: 0.002 seconds 

Iteration 5 time: 0.016 secs.

Elapsed computation time: 0.127 secs.
Rows Read: 15011, Total Rows Processed: 15011, Total Chunk Time: 0.002 seconds 

Starting values (iteration 1) time: 0.012 secs.
Rows Read: 15011, Total Rows Processed: 15011, Total Chunk Time: 0.002 seconds 

Iteration 2 time: 0.014 secs.
Rows Read: 15011, Total Rows Processed: 15011, Total Chunk Time: 0.002 seconds 

Iteration 3 time: 0.014 secs.
Rows Read: 15011, Total Rows Processed: 15011, Total Chunk Time: 0.002 seconds 

Iteration 4 time: 0.014 secs.
Rows Read: 15011, Total Rows Processed: 15011, Total Chunk Time: 0.002 seconds 

Iteration 5 time: 0.016 secs.

Elapsed computation time: 0.135 secs.
Rows Read: 15011, Total Rows Processed: 15011, Total Chunk Time: Less than .001 seconds 

Starting values (iteration 1) time: 0.014 secs.
Rows Read: 15011, Total Rows Processed: 15011, Total Chunk Time: 0.002 seconds 

Iteration 2 time: 0.013 secs.
Rows Read: 15011, Total Rows Processed: 15011, Total Chunk Time: 0.003 seconds 

Iteration 3 time: 0.008 secs.
Rows Read: 15011, Total Rows Processed: 15011, Total Chunk Time: 0.003 seconds 

Iteration 4 time: 0.012 secs.
Rows Read: 15011, Total Rows Processed: 15011, Total Chunk Time: 0.002 seconds 

Iteration 5 time: 0.014 secs.

Elapsed computation time: 0.117 secs.
Rows Read: 15011, Total Rows Processed: 15011, Total Chunk Time: 0.002 seconds 

Starting values (iteration 1) time: 0.016 secs.
Rows Read: 15011, Total Rows Processed: 15011, Total Chunk Time: 0.002 seconds 

Iteration 2 time: 0.019 secs.
Rows Read: 15011, Total Rows Processed: 15011, Total Chunk Time: 0.003 seconds 

Iteration 3 time: 0.016 secs.
Rows Read: 15011, Total Rows Processed: 15011, Total Chunk Time: 0.003 seconds 

Iteration 4 time: 0.015 secs.
Rows Read: 15011, Total Rows Processed: 15011, Total Chunk Time: 0.002 seconds 

Iteration 5 time: 0.014 secs.

Elapsed computation time: 0.149 secs.

Elapsed computation time: 6.629 secs.
[1] "--------------------------------------------------------------------------------"
[1] "analyze.results.glm.step="
Logistic Regression Results for: RaceHorse.IsHitA ~
    Horse.FirstTimeSdvByRaceAvg + Horse.LastTimeSdvByRaceAvg +
    Horse.TimeSdvByRaceAvg
Data: data
Dependent variable(s): RaceHorse.IsHitA
Total independent variables: 4 
Number of valid observations: 15011
Number of missing observations: 0 
 
Coefficients:
                            RaceHorse.IsHitA
(Intercept)                             -3.8
Horse.FirstTimeSdvByRaceAvg              0.8
Horse.LastTimeSdvByRaceAvg               1.0
Horse.TimeSdvByRaceAvg                   1.0
[1] "analyze.results.glm.step.summary"
Call:
rxLogit(formula = formula, data = data, variableSelection = analyze.results.glm.step.varsel)

Logistic Regression Results for: RaceHorse.IsHitA ~
    Horse.FirstTimeSdvByRaceAvg + Horse.LastTimeSdvByRaceAvg +
    Horse.TimeSdvByRaceAvg
Data: data
Dependent variable(s): RaceHorse.IsHitA
Total independent variables: 4 
Number of valid observations: 15011
Number of missing observations: 0 
-2*LogLikelihood: 6946.413 (Residual deviance on 15007 degrees of freedom)
 
Coefficients:
                            Estimate Std. Error z value Pr(>|z|)    
(Intercept)                  -3.8153     0.0735  -51.91  2.2e-16 ***
Horse.FirstTimeSdvByRaceAvg   0.7665     0.1847    4.15  3.3e-05 ***
Horse.LastTimeSdvByRaceAvg    1.0452     0.3242    3.22   0.0013 ** 
Horse.TimeSdvByRaceAvg        1.0087     0.3514    2.87   0.0041 ** 
---
Signif. codes:  0 '***' 0.001 '**' 0.01 '*' 0.05 '.' 0.1 ' ' 1

Condition number of final variance-covariance matrix: 73 
Number of iterations: 5
[1] "--------------------------------------------------------------------------------"
[1] "2022-02-28 00:38:47 --- rxGlm with rxStepControl Finish ---"
[1] "2022-02-28 00:38:47 --- rxStepPlot Start ---"
[1] "pdfFilename=pdf_analyze_glm_Horse_Type23_rxStepPlot.pdf"
[1] "rxStepPlot="
[1] "2022-02-28 00:38:47 --- rxStepPlot Finish ---"
[1] "2022-02-28 00:38:47 --- save.image Start ---"
[1] "save.image"
[1] "rdataFilename=RData_analyze_glm_Horse_Type23.RData"
[1] "2022-02-28 00:38:47 --- save.image Finish ---"
[1] "2022-02-28 00:38:47 --- final Start ---"
[1] "--------------------------------------------------------------------------------"
[1] "nrow(data) final=15011"
[1] "--------------------------------------------------------------------------------"
[1] "2022-02-28 00:38:47 --- final Finish ---"
[1] "2022-02-28 00:38:47 --- analyze_glm.R Finished ---"
[1] "2022-02-28 00:38:47 --- log Finish ---"
