[1] "2022-02-27 15:51:36 --- D1115_Predict_glm_Basic_IsHitA_Type24 Start ---"
[1] "2022-02-27 15:51:36 --- Log Start ---"
[1] "2022-02-27 15:51:36 --- predict.R Start ---"
[1] "--------------------------------------------------------------------------------"
[1] "analyzeVersion=D1115"
[1] "analyzeCategory=Predict"
[1] "analyzeType=Basic"
[1] "analyzeFamily=IsHitA"
[1] "analyzeFunc=glm"
[1] "analyzeTrackTypeCd=2"
[1] "analyzeJyokenCd=4"
[1] "--------------------------------------------------------------------------------"
[1] "2022-02-27 15:51:36 --- source_function.R Start ---"
[1] "2022-02-27 15:51:36 --- source_function.R Finished ---"
[1] "2022-02-27 15:51:36 --- source_library.R Start ---"
[1] "2022-02-27 15:51:36 --- source_library.R Finished ---"
[1] "2022-02-27 15:51:36 --- Load Start ---"
[1] "analyzeTrackTypeCd=2"
[1] "analyzeJyokenCd=4"
[1] "loadFilename=RData_Analyze_glm_Basic_Type24.RData"
[1] "2022-02-27 15:51:36 --- Load Finished ---"
[1] "2022-02-27 15:51:36 --- RxSqlServerData Start ---"
[1] "2022-02-27 15:51:36 --- RxInSqlServer Start ---"
[1] "2022-02-27 15:51:36 --- RxInSqlServer Finish ---"
[1] "2022-02-27 15:51:36 --- rxSetComputeContext Start ---"
[1] "2022-02-27 15:51:36 --- rxSetComputeContext Finish ---"
[1] "2022-02-27 15:51:36 --- RxSqlServerData Start ---"
[1] "analyzeTrackTypeCd=2"
[1] "analyzeJyokenCd=4"
[1] "predictSqlQuery=SELECT * FROM ViewAnalyzeD1115Predict01BasicType24"
[1] "2022-02-27 15:51:37 --- RxSqlServerData Finish ---"
[1] "2022-02-27 15:51:37 --- rxGetVarInfo Start ---"
[1] "2022-02-27 15:51:37 --- rxGetVarInfo Finish---"
[1] "2022-02-27 15:51:37 --- rxImport Start ---"
Rows Read: 48210, Total Rows Processed: 48210, Total Chunk Time: 2.308 seconds 
[1] "2022-02-27 15:51:41 --- rxImport Finish ---"
[1] "object.size(InputDataSet) auto=9.2 Mb"
[1] "--------------------------------------------------------------------------------"
[1] "nrow(InputDataSet) RxSqlServerData=48210"
[1] "--------------------------------------------------------------------------------"
[1] "str(InputDataSet)="
'data.frame':	48210 obs. of  28 variables:
 $ Race.RaceId                      : Factor w/ 3449 levels "20160515-05-02-08-05",..: 1 1 1 1 1 1 1 1 1 1 ...
 $ Race.IsAnalyzeNormalPastAndFuture: logi  TRUE TRUE TRUE TRUE TRUE TRUE ...
 $ Race.IsAnalyzeNormalPast         : logi  TRUE TRUE TRUE TRUE TRUE TRUE ...
 $ Race.IsAnalyzeNormalFuture       : logi  FALSE FALSE FALSE FALSE FALSE FALSE ...
 $ Race.IsAnalyzeFullPastAndFuture  : logi  TRUE TRUE TRUE TRUE TRUE TRUE ...
 $ Race.IsAnalyzeFullPast           : logi  TRUE TRUE TRUE TRUE TRUE TRUE ...
 $ Race.IsAnalyzeFullFuture         : logi  FALSE FALSE FALSE FALSE FALSE FALSE ...
 $ Race.JyokenCd                    : Factor w/ 1 level "4": 1 1 1 1 1 1 1 1 1 1 ...
 $ Race.JyoType1Cd                  : Factor w/ 134 levels "2-05-1600-4-1",..: 1 1 1 1 1 1 1 1 1 1 ...
 $ Race.RaceType1Cd                 : Factor w/ 5 levels "2-4-X-1","2-4-X-2",..: 1 1 1 1 1 1 1 1 1 1 ...
 $ RaceHorse.RaceId                 : Factor w/ 3449 levels "20160515-05-02-08-05",..: 1 1 1 1 1 1 1 1 1 1 ...
 $ RaceHorse.KettoNum               : Factor w/ 9672 levels "2013101969","2013103795",..: 1 2 3 4 5 6 7 8 9 10 ...
 $ RaceHorse.UmabanSdv              : num  -1.582 -1.356 -1.13 -0.904 -0.678 ...
 $ RaceHorse.BareiSdv               : num  -1.02 -1.02 -1.02 -1.02 -1.02 ...
 $ RaceHorse.BataijyuSdv            : num  -0.284 -1.296 -0.212 0.438 0.294 ...
 $ RaceHorse.FutanSdv               : num  -0.65 0.537 0.537 -1.243 0.537 ...
 $ RaceHorse.LifetimeSdv            : num  -1.1 -1.26 -1.27 -1.32 -1.06 ...
 $ RaceHorse.FutanRatioSdv          : num  -0.0605 1.3854 0.3973 -0.8849 -0.0219 ...
 $ DataMining.DmTimeSdv             : num  0.6409 -2.1855 -0.2523 -0.0148 0.8105 ...
 $ DataMiningTaisen.TmScoreSdv      : num  1.0235 -1.9796 -0.0353 -0.7026 0.7155 ...
 $ OddsByWin.Odds1                  : num  15.6 453.4 94.2 257.3 11.9 ...
 $ OddsByWin.Ninki                  : num  7 16 12 15 5 9 4 13 8 14 ...
 $ OddsByWin.OddsLog1               : num  2.81 6.12 4.56 5.55 2.56 ...
 $ OddsByWin.OddsRatio1             : num  0.06849 0.00221 0.01073 0.0039 0.09174 ...
 $ OddsByWin.OddsLogit1             : num  -2.75 -6.12 -4.55 -5.55 -2.48 ...
 $ OddsByWin.ApprovalRate1          : num  0.0641 0.00221 0.01062 0.00389 0.08403 ...
 $ OddsByWin.ApprovalRateLog1       : num  0.06213 0.0022 0.01056 0.00388 0.08069 ...
 $ EOF                              : int  1 1 1 1 1 1 1 1 1 1 ...
[1] "2022-02-27 15:51:41 --- RxSqlServerData Finish ---"
[1] "2022-02-27 15:51:41 --- subset Start ---"
[1] "--------------------------------------------------------------------------------"
[1] "nrow(InputDataSet) subset before=48210"
[1] "nrow(InputDataSet) subset after=48210"
[1] "nrow(InputDataSet) subset diff=0"
[1] "--------------------------------------------------------------------------------"
[1] "class(InputDataSet$Race.IsAnalyzeNormalPast)=logical"
[1] "class(InputDataSet$Race.analyzeTrackTypeCd)=NULL"
[1] "2022-02-27 15:51:41 --- subset Finish ---"
[1] "2022-02-27 15:51:41 --- na.omit Start ---"
[1] "--------------------------------------------------------------------------------"
[1] "nrow(InputDataSet) na.omit before=48210"
[1] "nrow(InputDataSet) na.omit after=48033"
[1] "nrow(InputDataSet) na.omit diff=177"
[1] "--------------------------------------------------------------------------------"
[1] "2022-02-27 15:51:41 --- na.omit Finish---"
[1] "2022-02-27 15:51:41 --- New Levels Start ---"
[1] "levels(data$Race.RaceType1Cd)=2-4-X-1"
[2] "levels(data$Race.RaceType1Cd)=2-4-X-2"
[3] "levels(data$Race.RaceType1Cd)=2-4-E-2"
[4] "levels(data$Race.RaceType1Cd)=2-4-X-3"
[5] "levels(data$Race.RaceType1Cd)=2-4-E-1"
[1] "levels(InputDataSet$Race.RaceType1Cd)=2-4-X-1"
[2] "levels(InputDataSet$Race.RaceType1Cd)=2-4-X-2"
[3] "levels(InputDataSet$Race.RaceType1Cd)=2-4-E-2"
[4] "levels(InputDataSet$Race.RaceType1Cd)=2-4-X-3"
[5] "levels(InputDataSet$Race.RaceType1Cd)=2-4-E-1"
[1] "length(Race.RaceType1Cd.Index)=0"
[1] "2022-02-27 15:51:41 --- New Levels Finish ---"
[1] "2022-02-27 15:51:41 --- na.omit Start ---"
[1] "--------------------------------------------------------------------------------"
[1] "nrow(InputDataSet) na.omit levels before=48033"
[1] "nrow(InputDataSet) na.omit levels after=48033"
[1] "nrow(InputDataSet) na.omit levels diff=0"
[1] "--------------------------------------------------------------------------------"
[1] "2022-02-27 15:51:42 --- na.omit Finish ---"
[1] "2022-02-27 15:51:42 --- Predict InputDataSet Start ---"
[1] "--------------------------------------------------------------------------------"
[1] "nrow(InputDataSet) predict=48033"
[1] "--------------------------------------------------------------------------------"
[1] "str(InputDataSet)="
'data.frame':	48033 obs. of  28 variables:
 $ Race.RaceId                      : Factor w/ 3449 levels "20160515-05-02-08-05",..: 1 1 1 1 1 1 1 1 1 1 ...
 $ Race.IsAnalyzeNormalPastAndFuture: logi  TRUE TRUE TRUE TRUE TRUE TRUE ...
 $ Race.IsAnalyzeNormalPast         : logi  TRUE TRUE TRUE TRUE TRUE TRUE ...
 $ Race.IsAnalyzeNormalFuture       : logi  FALSE FALSE FALSE FALSE FALSE FALSE ...
 $ Race.IsAnalyzeFullPastAndFuture  : logi  TRUE TRUE TRUE TRUE TRUE TRUE ...
 $ Race.IsAnalyzeFullPast           : logi  TRUE TRUE TRUE TRUE TRUE TRUE ...
 $ Race.IsAnalyzeFullFuture         : logi  FALSE FALSE FALSE FALSE FALSE FALSE ...
 $ Race.JyokenCd                    : Factor w/ 1 level "4": 1 1 1 1 1 1 1 1 1 1 ...
 $ Race.JyoType1Cd                  : Factor w/ 134 levels "2-05-1600-4-1",..: 1 1 1 1 1 1 1 1 1 1 ...
 $ Race.RaceType1Cd                 : Factor w/ 5 levels "2-4-X-1","2-4-X-2",..: 1 1 1 1 1 1 1 1 1 1 ...
 $ RaceHorse.RaceId                 : Factor w/ 3449 levels "20160515-05-02-08-05",..: 1 1 1 1 1 1 1 1 1 1 ...
 $ RaceHorse.KettoNum               : Factor w/ 9672 levels "2013101969","2013103795",..: 1 2 3 4 5 6 7 8 9 10 ...
 $ RaceHorse.UmabanSdv              : num  -1.582 -1.356 -1.13 -0.904 -0.678 ...
 $ RaceHorse.BareiSdv               : num  -1.02 -1.02 -1.02 -1.02 -1.02 ...
 $ RaceHorse.BataijyuSdv            : num  -0.284 -1.296 -0.212 0.438 0.294 ...
 $ RaceHorse.FutanSdv               : num  -0.65 0.537 0.537 -1.243 0.537 ...
 $ RaceHorse.LifetimeSdv            : num  -1.1 -1.26 -1.27 -1.32 -1.06 ...
 $ RaceHorse.FutanRatioSdv          : num  -0.0605 1.3854 0.3973 -0.8849 -0.0219 ...
 $ DataMining.DmTimeSdv             : num  0.6409 -2.1855 -0.2523 -0.0148 0.8105 ...
 $ DataMiningTaisen.TmScoreSdv      : num  1.0235 -1.9796 -0.0353 -0.7026 0.7155 ...
 $ OddsByWin.Odds1                  : num  15.6 453.4 94.2 257.3 11.9 ...
 $ OddsByWin.Ninki                  : num  7 16 12 15 5 9 4 13 8 14 ...
 $ OddsByWin.OddsLog1               : num  2.81 6.12 4.56 5.55 2.56 ...
 $ OddsByWin.OddsRatio1             : num  0.06849 0.00221 0.01073 0.0039 0.09174 ...
 $ OddsByWin.OddsLogit1             : num  -2.75 -6.12 -4.55 -5.55 -2.48 ...
 $ OddsByWin.ApprovalRate1          : num  0.0641 0.00221 0.01062 0.00389 0.08403 ...
 $ OddsByWin.ApprovalRateLog1       : num  0.06213 0.0022 0.01056 0.00388 0.08069 ...
 $ EOF                              : int  1 1 1 1 1 1 1 1 1 1 ...
 - attr(*, "na.action")= 'omit' Named int  63 64 302 364 388 1089 1202 1743 1822 1859 ...
  ..- attr(*, "names")= chr  "63" "64" "302" "364" ...
[1] "2022-02-27 15:51:42 --- Predict InputDataSet Finish ---"
[1] "2022-02-27 15:51:42 --- rxPredict (glm) Start ---"
[1] "analyzeFunc=glm"
Rows Read: 48033, Total Rows Processed: 48033, Total Chunk Time: 0.005 seconds 
[1] "--------------------------------------------------------------------------------"
[1] "nrow(PredictDataSet) afte predict=48033"
[1] "--------------------------------------------------------------------------------"
[1] "str(PredictDataSet)"
'data.frame':	48033 obs. of  1 variable:
 $ RaceHorse.IsHitA_Pred: num  0.04713 0.000624 0.005332 0.001636 0.074736 ...
NULL
[1] "2022-02-27 15:51:42 --- rxPredict (glm) Finish ---"
[1] "2022-02-27 15:51:42 --- add key Start ---"
[1] "--------------------------------------------------------------------------------"
[1] "nrow(OutputDataSet) add KeyColmn=48033"
[1] "--------------------------------------------------------------------------------"
[1] "str(OutputDataSet) after add Key"
'data.frame':	48033 obs. of  2 variables:
 $ RaceHorse.RaceId  : Factor w/ 3449 levels "20160515-05-02-08-05",..: 1 1 1 1 1 1 1 1 1 1 ...
 $ RaceHorse.KettoNum: Factor w/ 9672 levels "2013101969","2013103795",..: 1 2 3 4 5 6 7 8 9 10 ...
NULL
[1] "2022-02-27 15:51:42 --- add key Finish ---"
[1] "2022-02-27 15:51:42 --- add PredictValue Start ---"
[1] "str(PredictDataSet) before rename="
[1] "colnames(PredictDataSet)=RaceHorse.IsHitA_Pred"
[1] "str(PredictDataSet) after rename="
'data.frame':	48033 obs. of  1 variable:
 $ PredictValue: num  0.04713 0.000624 0.005332 0.001636 0.074736 ...
NULL
[1] "str(OutputDataSet) before cbind="
'data.frame':	48033 obs. of  2 variables:
 $ RaceHorse.RaceId  : Factor w/ 3449 levels "20160515-05-02-08-05",..: 1 1 1 1 1 1 1 1 1 1 ...
 $ RaceHorse.KettoNum: Factor w/ 9672 levels "2013101969","2013103795",..: 1 2 3 4 5 6 7 8 9 10 ...
NULL
[1] "str(OutputDataSet) after cbind="
'data.frame':	48033 obs. of  3 variables:
 $ RaceHorse.RaceId  : Factor w/ 3449 levels "20160515-05-02-08-05",..: 1 1 1 1 1 1 1 1 1 1 ...
 $ RaceHorse.KettoNum: Factor w/ 9672 levels "2013101969","2013103795",..: 1 2 3 4 5 6 7 8 9 10 ...
 $ PredictValue      : num  0.04713 0.000624 0.005332 0.001636 0.074736 ...
NULL
[1] "2022-02-27 15:51:42 --- add PredictValue Finish ---"
[1] "2022-02-27 15:51:42 --- final Start ---"
[1] "--------------------------------------------------------------------------------"
[1] "nrow(OutputDataSet) final=48033"
[1] "--------------------------------------------------------------------------------"
[1] "str(OutputDataSet)="
'data.frame':	48033 obs. of  3 variables:
 $ RaceHorse.RaceId  : Factor w/ 3449 levels "20160515-05-02-08-05",..: 1 1 1 1 1 1 1 1 1 1 ...
 $ RaceHorse.KettoNum: Factor w/ 9672 levels "2013101969","2013103795",..: 1 2 3 4 5 6 7 8 9 10 ...
 $ PredictValue      : num  0.04713 0.000624 0.005332 0.001636 0.074736 ...
NULL
[1] "2022-02-27 15:51:42 --- final Finish ---"
[1] "2022-02-27 15:51:42 --- predict.R Finished ---"
[1] "2022-02-27 15:51:42 --- log Finish ---"
