[1] "2022-02-27 15:42:01 --- D1115_Predict_glm_Gen01_IsHitA_Type13 Start ---"
[1] "2022-02-27 15:42:01 --- Log Start ---"
[1] "2022-02-27 15:42:01 --- predict.R Start ---"
[1] "--------------------------------------------------------------------------------"
[1] "analyzeVersion=D1115"
[1] "analyzeCategory=Predict"
[1] "analyzeType=Gen01"
[1] "analyzeFamily=IsHitA"
[1] "analyzeFunc=glm"
[1] "analyzeTrackTypeCd=1"
[1] "analyzeJyokenCd=3"
[1] "--------------------------------------------------------------------------------"
[1] "2022-02-27 15:42:01 --- source_function.R Start ---"
[1] "2022-02-27 15:42:01 --- source_function.R Finished ---"
[1] "2022-02-27 15:42:01 --- source_library.R Start ---"
[1] "2022-02-27 15:42:01 --- source_library.R Finished ---"
[1] "2022-02-27 15:42:01 --- Load Start ---"
[1] "analyzeTrackTypeCd=1"
[1] "analyzeJyokenCd=3"
[1] "loadFilename=RData_Analyze_glm_Gen01_Type13.RData"
[1] "2022-02-27 15:42:01 --- Load Finished ---"
[1] "2022-02-27 15:42:01 --- RxSqlServerData Start ---"
[1] "2022-02-27 15:42:01 --- RxInSqlServer Start ---"
[1] "2022-02-27 15:42:01 --- RxInSqlServer Finish ---"
[1] "2022-02-27 15:42:01 --- rxSetComputeContext Start ---"
[1] "2022-02-27 15:42:01 --- rxSetComputeContext Finish ---"
[1] "2022-02-27 15:42:01 --- RxSqlServerData Start ---"
[1] "analyzeTrackTypeCd=1"
[1] "analyzeJyokenCd=3"
[1] "predictSqlQuery=SELECT * FROM ViewAnalyzeD1115Predict01Gen01Type13"
[1] "2022-02-27 15:42:01 --- RxSqlServerData Finish ---"
[1] "2022-02-27 15:42:01 --- rxGetVarInfo Start ---"
[1] "2022-02-27 15:42:01 --- rxGetVarInfo Finish---"
[1] "2022-02-27 15:42:01 --- rxImport Start ---"
Rows Read: 17525, Total Rows Processed: 17525, Total Chunk Time: 4.940 seconds 
[1] "2022-02-27 15:42:11 --- rxImport Finish ---"
[1] "object.size(InputDataSet) auto=3.9 Mb"
[1] "--------------------------------------------------------------------------------"
[1] "nrow(InputDataSet) RxSqlServerData=17525"
[1] "--------------------------------------------------------------------------------"
[1] "str(InputDataSet)="
'data.frame':	17525 obs. of  33 variables:
 $ Race.RaceId                      : Factor w/ 1470 levels "20160109-08-01-02-12",..: 1 2 3 3 3 3 4 5 5 5 ...
 $ Race.IsPredictedRace             : logi  TRUE TRUE TRUE TRUE TRUE TRUE ...
 $ Race.IsAnalyzeNormalPastAndFuture: logi  TRUE TRUE TRUE TRUE TRUE TRUE ...
 $ Race.IsAnalyzeNormalPast         : logi  TRUE TRUE TRUE TRUE TRUE TRUE ...
 $ Race.IsAnalyzeNormalFuture       : logi  FALSE FALSE FALSE FALSE FALSE FALSE ...
 $ Race.IsAnalyzeFullPastAndFuture  : logi  TRUE TRUE TRUE TRUE TRUE TRUE ...
 $ Race.IsAnalyzeFullPast           : logi  TRUE TRUE TRUE TRUE TRUE TRUE ...
 $ Race.IsAnalyzeFullFuture         : logi  FALSE FALSE FALSE FALSE FALSE FALSE ...
 $ Race.JyokenCd                    : Factor w/ 1 level "3": 1 1 1 1 1 1 1 1 1 1 ...
 $ Race.JyoType1Cd                  : Factor w/ 168 levels "1-08-1400-3-1",..: 1 2 3 3 3 3 4 5 5 5 ...
 $ Race.RaceType1Cd                 : Factor w/ 6 levels "1-3-X-1","1-3-E-2",..: 1 1 2 2 2 2 3 3 3 3 ...
 $ RaceHorse.RaceId                 : Factor w/ 1470 levels "20160109-08-01-02-12",..: 1 2 3 3 3 3 4 5 5 5 ...
 $ RaceHorse.KettoNum               : Factor w/ 3444 levels "2012103158","2012101890",..: 1 2 3 4 5 6 7 8 9 10 ...
 $ Gen01.HansyokuNum                : Factor w/ 286 levels "11201916","11202049",..: 1 2 3 4 5 6 7 8 9 1 ...
 $ Gen01.TimeSdvByRaceAvg           : num  0.347 -0.441 0.104 0.161 0.577 ...
 $ Gen01.LastTimeSdvByRaceAvg       : num  0.0609 -0.1787 -0.0397 0.4123 0.5916 ...
 $ Gen01.FirstTimeSdvByRaceAvg      : num  0.2234 -0.1099 0.3205 -0.3943 -0.0929 ...
 $ Gen01.TimeSdvAvg                 : num  -0.0457 -0.5241 0.351 0.0398 0.341 ...
 $ Gen01.LastTimeSdvAvg             : num  0.354 -0.326 -0.163 0.401 0.462 ...
 $ Gen01.FirstTimeSdvAvg            : num  -0.37 -0.228 0.4165 -0.2504 0.0402 ...
 $ Gen01.OrderOfFinishSdvAvg        : num  0.159 -0.588 0.364 0.107 0.49 ...
 $ Gen01.RunCount                   : num  21 11 5 124 43 200 2 144 12 80 ...
 $ Gen01.HitCount1                  : num  0 0 0 10 7 20 0 13 0 8 ...
 $ Gen01.HitCount2                  : num  5 1 1 12 3 22 1 16 0 10 ...
 $ Gen01.HitCount3                  : num  3 0 1 16 7 20 0 13 1 5 ...
 $ Gen01.HitCount4                  : num  1 1 0 3 6 21 0 12 1 5 ...
 $ Gen01.HitCount5                  : num  1 0 0 15 5 14 0 7 1 6 ...
 $ Gen01.HitRate1                   : num  0 0 0 0.0806 0.1628 ...
 $ Gen01.HitRate2                   : num  0.2381 0.0909 0.2 0.0968 0.0698 ...
 $ Gen01.HitRate3                   : num  0.143 0 0.2 0.129 0.163 ...
 $ Gen01.HitRate4                   : num  0.0476 0.0909 0 0.0242 0.1395 ...
 $ Gen01.HitRate5                   : num  0.0476 0 0 0.121 0.1163 ...
 $ EOF                              : int  1 1 1 1 1 1 1 1 1 1 ...
[1] "2022-02-27 15:42:11 --- RxSqlServerData Finish ---"
[1] "2022-02-27 15:42:11 --- subset Start ---"
[1] "--------------------------------------------------------------------------------"
[1] "nrow(InputDataSet) subset before=17525"
[1] "nrow(InputDataSet) subset after=17525"
[1] "nrow(InputDataSet) subset diff=0"
[1] "--------------------------------------------------------------------------------"
[1] "class(InputDataSet$Race.IsAnalyzeNormalPast)=logical"
[1] "class(InputDataSet$Race.analyzeTrackTypeCd)=NULL"
[1] "2022-02-27 15:42:11 --- subset Finish ---"
[1] "2022-02-27 15:42:11 --- na.omit Start ---"
[1] "--------------------------------------------------------------------------------"
[1] "nrow(InputDataSet) na.omit before=17525"
[1] "nrow(InputDataSet) na.omit after=17523"
[1] "nrow(InputDataSet) na.omit diff=2"
[1] "--------------------------------------------------------------------------------"
[1] "2022-02-27 15:42:11 --- na.omit Finish---"
[1] "2022-02-27 15:42:11 --- New Levels Start ---"
[1] "levels(data$Race.RaceType1Cd)=1-3-X-1"
[2] "levels(data$Race.RaceType1Cd)=1-3-E-2"
[3] "levels(data$Race.RaceType1Cd)=1-3-E-1"
[4] "levels(data$Race.RaceType1Cd)=1-3-X-2"
[5] "levels(data$Race.RaceType1Cd)=1-3-E-3"
[6] "levels(data$Race.RaceType1Cd)=1-3-X-3"
[1] "levels(InputDataSet$Race.RaceType1Cd)=1-3-X-1"
[2] "levels(InputDataSet$Race.RaceType1Cd)=1-3-E-2"
[3] "levels(InputDataSet$Race.RaceType1Cd)=1-3-E-1"
[4] "levels(InputDataSet$Race.RaceType1Cd)=1-3-X-2"
[5] "levels(InputDataSet$Race.RaceType1Cd)=1-3-E-3"
[6] "levels(InputDataSet$Race.RaceType1Cd)=1-3-X-3"
[1] "length(Race.RaceType1Cd.Index)=0"
[1] "2022-02-27 15:42:11 --- New Levels Finish ---"
[1] "2022-02-27 15:42:11 --- na.omit Start ---"
[1] "--------------------------------------------------------------------------------"
[1] "nrow(InputDataSet) na.omit levels before=17523"
[1] "nrow(InputDataSet) na.omit levels after=17523"
[1] "nrow(InputDataSet) na.omit levels diff=0"
[1] "--------------------------------------------------------------------------------"
[1] "2022-02-27 15:42:11 --- na.omit Finish ---"
[1] "2022-02-27 15:42:11 --- Predict InputDataSet Start ---"
[1] "--------------------------------------------------------------------------------"
[1] "nrow(InputDataSet) predict=17523"
[1] "--------------------------------------------------------------------------------"
[1] "str(InputDataSet)="
'data.frame':	17523 obs. of  33 variables:
 $ Race.RaceId                      : Factor w/ 1470 levels "20160109-08-01-02-12",..: 1 2 3 3 3 3 4 5 5 5 ...
 $ Race.IsPredictedRace             : logi  TRUE TRUE TRUE TRUE TRUE TRUE ...
 $ Race.IsAnalyzeNormalPastAndFuture: logi  TRUE TRUE TRUE TRUE TRUE TRUE ...
 $ Race.IsAnalyzeNormalPast         : logi  TRUE TRUE TRUE TRUE TRUE TRUE ...
 $ Race.IsAnalyzeNormalFuture       : logi  FALSE FALSE FALSE FALSE FALSE FALSE ...
 $ Race.IsAnalyzeFullPastAndFuture  : logi  TRUE TRUE TRUE TRUE TRUE TRUE ...
 $ Race.IsAnalyzeFullPast           : logi  TRUE TRUE TRUE TRUE TRUE TRUE ...
 $ Race.IsAnalyzeFullFuture         : logi  FALSE FALSE FALSE FALSE FALSE FALSE ...
 $ Race.JyokenCd                    : Factor w/ 1 level "3": 1 1 1 1 1 1 1 1 1 1 ...
 $ Race.JyoType1Cd                  : Factor w/ 168 levels "1-08-1400-3-1",..: 1 2 3 3 3 3 4 5 5 5 ...
 $ Race.RaceType1Cd                 : Factor w/ 6 levels "1-3-X-1","1-3-E-2",..: 1 1 2 2 2 2 3 3 3 3 ...
 $ RaceHorse.RaceId                 : Factor w/ 1470 levels "20160109-08-01-02-12",..: 1 2 3 3 3 3 4 5 5 5 ...
 $ RaceHorse.KettoNum               : Factor w/ 3444 levels "2012103158","2012101890",..: 1 2 3 4 5 6 7 8 9 10 ...
 $ Gen01.HansyokuNum                : Factor w/ 286 levels "11201916","11202049",..: 1 2 3 4 5 6 7 8 9 1 ...
 $ Gen01.TimeSdvByRaceAvg           : num  0.347 -0.441 0.104 0.161 0.577 ...
 $ Gen01.LastTimeSdvByRaceAvg       : num  0.0609 -0.1787 -0.0397 0.4123 0.5916 ...
 $ Gen01.FirstTimeSdvByRaceAvg      : num  0.2234 -0.1099 0.3205 -0.3943 -0.0929 ...
 $ Gen01.TimeSdvAvg                 : num  -0.0457 -0.5241 0.351 0.0398 0.341 ...
 $ Gen01.LastTimeSdvAvg             : num  0.354 -0.326 -0.163 0.401 0.462 ...
 $ Gen01.FirstTimeSdvAvg            : num  -0.37 -0.228 0.4165 -0.2504 0.0402 ...
 $ Gen01.OrderOfFinishSdvAvg        : num  0.159 -0.588 0.364 0.107 0.49 ...
 $ Gen01.RunCount                   : num  21 11 5 124 43 200 2 144 12 80 ...
 $ Gen01.HitCount1                  : num  0 0 0 10 7 20 0 13 0 8 ...
 $ Gen01.HitCount2                  : num  5 1 1 12 3 22 1 16 0 10 ...
 $ Gen01.HitCount3                  : num  3 0 1 16 7 20 0 13 1 5 ...
 $ Gen01.HitCount4                  : num  1 1 0 3 6 21 0 12 1 5 ...
 $ Gen01.HitCount5                  : num  1 0 0 15 5 14 0 7 1 6 ...
 $ Gen01.HitRate1                   : num  0 0 0 0.0806 0.1628 ...
 $ Gen01.HitRate2                   : num  0.2381 0.0909 0.2 0.0968 0.0698 ...
 $ Gen01.HitRate3                   : num  0.143 0 0.2 0.129 0.163 ...
 $ Gen01.HitRate4                   : num  0.0476 0.0909 0 0.0242 0.1395 ...
 $ Gen01.HitRate5                   : num  0.0476 0 0 0.121 0.1163 ...
 $ EOF                              : int  1 1 1 1 1 1 1 1 1 1 ...
 - attr(*, "na.action")= 'omit' Named int  13579 16189
  ..- attr(*, "names")= chr  "13579" "16189"
[1] "2022-02-27 15:42:11 --- Predict InputDataSet Finish ---"
[1] "2022-02-27 15:42:11 --- rxPredict (glm) Start ---"
[1] "analyzeFunc=glm"
Rows Read: 17523, Total Rows Processed: 17523, Total Chunk Time: 0.001 seconds 
[1] "--------------------------------------------------------------------------------"
[1] "nrow(PredictDataSet) afte predict=17523"
[1] "--------------------------------------------------------------------------------"
[1] "str(PredictDataSet)"
'data.frame':	17523 obs. of  1 variable:
 $ RaceHorse.IsHitA_Pred: num  0.0949 0.052 0.0791 0.0825 0.1123 ...
NULL
[1] "2022-02-27 15:42:11 --- rxPredict (glm) Finish ---"
[1] "2022-02-27 15:42:11 --- add key Start ---"
[1] "--------------------------------------------------------------------------------"
[1] "nrow(OutputDataSet) add KeyColmn=17523"
[1] "--------------------------------------------------------------------------------"
[1] "str(OutputDataSet) after add Key"
'data.frame':	17523 obs. of  2 variables:
 $ RaceHorse.RaceId  : Factor w/ 1470 levels "20160109-08-01-02-12",..: 1 2 3 3 3 3 4 5 5 5 ...
 $ RaceHorse.KettoNum: Factor w/ 3444 levels "2012103158","2012101890",..: 1 2 3 4 5 6 7 8 9 10 ...
NULL
[1] "2022-02-27 15:42:11 --- add key Finish ---"
[1] "2022-02-27 15:42:11 --- add PredictValue Start ---"
[1] "str(PredictDataSet) before rename="
[1] "colnames(PredictDataSet)=RaceHorse.IsHitA_Pred"
[1] "str(PredictDataSet) after rename="
'data.frame':	17523 obs. of  1 variable:
 $ PredictValue: num  0.0949 0.052 0.0791 0.0825 0.1123 ...
NULL
[1] "str(OutputDataSet) before cbind="
'data.frame':	17523 obs. of  2 variables:
 $ RaceHorse.RaceId  : Factor w/ 1470 levels "20160109-08-01-02-12",..: 1 2 3 3 3 3 4 5 5 5 ...
 $ RaceHorse.KettoNum: Factor w/ 3444 levels "2012103158","2012101890",..: 1 2 3 4 5 6 7 8 9 10 ...
NULL
[1] "str(OutputDataSet) after cbind="
'data.frame':	17523 obs. of  3 variables:
 $ RaceHorse.RaceId  : Factor w/ 1470 levels "20160109-08-01-02-12",..: 1 2 3 3 3 3 4 5 5 5 ...
 $ RaceHorse.KettoNum: Factor w/ 3444 levels "2012103158","2012101890",..: 1 2 3 4 5 6 7 8 9 10 ...
 $ PredictValue      : num  0.0949 0.052 0.0791 0.0825 0.1123 ...
NULL
[1] "2022-02-27 15:42:11 --- add PredictValue Finish ---"
[1] "2022-02-27 15:42:11 --- final Start ---"
[1] "--------------------------------------------------------------------------------"
[1] "nrow(OutputDataSet) final=17523"
[1] "--------------------------------------------------------------------------------"
[1] "str(OutputDataSet)="
'data.frame':	17523 obs. of  3 variables:
 $ RaceHorse.RaceId  : Factor w/ 1470 levels "20160109-08-01-02-12",..: 1 2 3 3 3 3 4 5 5 5 ...
 $ RaceHorse.KettoNum: Factor w/ 3444 levels "2012103158","2012101890",..: 1 2 3 4 5 6 7 8 9 10 ...
 $ PredictValue      : num  0.0949 0.052 0.0791 0.0825 0.1123 ...
NULL
[1] "2022-02-27 15:42:11 --- final Finish ---"
[1] "2022-02-27 15:42:11 --- predict.R Finished ---"
[1] "2022-02-27 15:42:11 --- log Finish ---"
