[1] "2022-02-05 18:45:53 --- D1113_Predict_glm_Gen02_IsHitA_Type16 Start ---"
[1] "2022-02-05 18:45:53 --- Log Start ---"
[1] "2022-02-05 18:45:53 --- predict.R Start ---"
[1] "analyzeVersion=D1113"
[1] "analyzeCategory=Predict"
[1] "analyzeType=Gen02"
[1] "analyzeFamily=IsHitA"
[1] "analyzeFunc=glm"
[1] "analyzeTrackTypeCd=1"
[1] "analyzeJyokenCd=6"
[1] "2022-02-05 18:45:54 --- source_function.R Start ---"
[1] "2022-02-05 18:45:54 --- source_function.R Finished ---"

> print(paste0(Sys.time(), " --- source_library.R Start ---"))
[1] "2022-02-05 18:45:54 --- source_library.R Start ---"

> require("RevoScaleR")

> print(paste0(Sys.time(), " --- source_library.R Finished ---"))
[1] "2022-02-05 18:45:54 --- source_library.R Finished ---"
[1] "2022-02-05 18:45:54 --- Load Start ---"
[1] "loadFilename=RData_Analyze_glm_Gen02_Type16.RData"
[1] "2022-02-05 18:45:54 --- Load Finished ---"
[1] "2022-02-05 18:45:54 --- RxSqlServerData Start ---"
[1] "sqlQuery=SELECT * FROM ViewAnalyzeD1113analyze01Gen02Type16 WHERE [Race.IsPredictedRace] = 1"
Rows Read: 10869, Total Rows Processed: 10869, Total Chunk Time: 148.684 seconds 
[1] "head(InputDataSet)="
           Race.RaceId Race.IsPredictedRace Race.IsAnalyzeNormalPastAndFuture
1 20190713-07-03-05-05                 TRUE                              TRUE
2 20210620-01-01-04-05                 TRUE                              TRUE
3 20211016-05-04-03-05                 TRUE                              TRUE
4 20211023-09-04-05-05                 TRUE                              TRUE
5 20171029-08-04-09-05                 TRUE                              TRUE
6 20201115-05-05-04-05                 TRUE                              TRUE
  Race.IsAnalyzeNormalPast Race.IsAnalyzeNormalFuture
1                     TRUE                      FALSE
2                    FALSE                       TRUE
3                    FALSE                       TRUE
4                    FALSE                       TRUE
5                     TRUE                      FALSE
6                     TRUE                      FALSE
  Race.IsAnalyzeFullPastAndFuture Race.IsAnalyzeFullPast
1                            TRUE                   TRUE
2                            TRUE                  FALSE
3                            TRUE                  FALSE
4                            TRUE                  FALSE
5                            TRUE                   TRUE
6                            TRUE                   TRUE
  Race.IsAnalyzeFullFuture Race.JyokenCd Race.JyoType1Cd   Race.RaceType0Cd
1                    FALSE             6     1-07-1600-2 1-07-1600-2-6-X-11
2                     TRUE             6     1-01-1200-2 1-01-1200-2-6-X-11
3                     TRUE             6     1-05-1800-1 1-05-1800-1-6-X-11
4                     TRUE             6     1-09-1200-1 1-09-1200-1-6-X-11
5                    FALSE             6     1-08-1600-4 1-08-1600-4-6-X-11
6                    FALSE             6     1-05-1600-1 1-05-1600-1-6-X-11
  Race.RaceType1Cd Race.RaceType2Cd Race.RaceType3Cd Race.RaceType4Cd
1            1-6-X            1-6-X           6-X-11           1-6-11
2            1-6-X            1-6-X           6-X-11           1-6-11
3            1-6-X            1-6-X           6-X-11           1-6-11
4            1-6-X            1-6-X           6-X-11           1-6-11
5            1-6-X            1-6-X           6-X-11           1-6-11
6            1-6-X            1-6-X           6-X-11           1-6-11
      RaceHorse.RaceId RaceHorse.KettoNum RaceHorse.IsHit1 RaceHorse.IsHit2
1 20190713-07-03-05-05         2017106570                0                0
2 20210620-01-01-04-05         2019101653                0                0
3 20211016-05-04-03-05         2019101397                0                0
4 20211023-09-04-05-05         2019106427                0                0
5 20171029-08-04-09-05         2015105743                0                0
6 20201115-05-05-04-05         2018104843                0                0
  RaceHorse.IsHit3 RaceHorse.IsHit4 RaceHorse.IsHit5 RaceHorse.IsHit6
1                0                1                0                0
2                0                0                0                1
3                0                0                0                1
4                0                0                0                1
5                0                0                0                1
6                0                1                0                0
  RaceHorse.IsValidRaceHorse RaceHorse.IsHitA RaceHorse.IsHitB RaceHorse.IsHitC
1                       TRUE                0                0                0
2                       TRUE                0                0                0
3                      FALSE                0                0                0
4                       TRUE                0                0                0
5                       TRUE                0                0                0
6                       TRUE                0                0                0
  Gen02.HansyokuNum Gen02.TimeDvByRaceAvg Gen02.TimeDvByRaceMax Gen02.RunCount
1          12252009              54.85680              60.70644              5
2          12252720              53.96141              57.10765              3
3          12251521              45.66722              56.40359              2
4          12263604              43.00872              43.48091              2
5          12250598              45.35935              48.38334              2
6          12250354              62.19535              63.99746              2
  Gen02.HitCount1 Gen02.HitCount2 Gen02.HitCount3 Gen02.HitCount4
1               2               1               0               0
2               0               0               0               0
3               0               0               0               0
4               0               0               0               0
5               0               0               0               0
6               1               0               0               0
  Gen02.HitCount5 Gen02.HitRate1 Gen02.HitRate2 Gen02.HitRate3 Gen02.HitRate4
1               0            0.4            0.2              0              0
2               2            0.0            0.0              0              0
3               0            0.0            0.0              0              0
4               0            0.0            0.0              0              0
5               0            0.0            0.0              0              0
6               1            0.5            0.0              0              0
  Gen02.HitRate5 EOF
1      0.0000000   1
2      0.6666667   1
3      0.0000000   1
4      0.0000000   1
5      0.0000000   1
6      0.5000000   1
[1] "object.size(InputDataSet) auto=3.4 Mb"
[1] "nrow(InputDataSet) RxSqlServerData=10869"
[1] "str(InputDataSet)="
'data.frame':	10869 obs. of  42 variables:
 $ Race.RaceId                      : Factor w/ 1208 levels "20160619-09-03-06-05",..: 11 12 13 14 15 16 17 18 19 20 ...
 $ Race.IsPredictedRace             : logi  TRUE TRUE TRUE TRUE TRUE TRUE ...
 $ Race.IsAnalyzeNormalPastAndFuture: logi  TRUE TRUE TRUE TRUE TRUE TRUE ...
 $ Race.IsAnalyzeNormalPast         : logi  TRUE FALSE FALSE FALSE TRUE TRUE ...
 $ Race.IsAnalyzeNormalFuture       : logi  FALSE TRUE TRUE TRUE FALSE FALSE ...
 $ Race.IsAnalyzeFullPastAndFuture  : logi  TRUE TRUE TRUE TRUE TRUE TRUE ...
 $ Race.IsAnalyzeFullPast           : logi  TRUE FALSE FALSE FALSE TRUE TRUE ...
 $ Race.IsAnalyzeFullFuture         : logi  FALSE TRUE TRUE TRUE FALSE FALSE ...
 $ Race.JyokenCd                    : Factor w/ 1 level "6": 1 1 1 1 1 1 1 1 1 1 ...
 $ Race.JyoType1Cd                  : Factor w/ 126 levels "1-09-1600-3",..: 11 12 13 14 15 10 13 16 17 13 ...
 $ Race.RaceType0Cd                 : Factor w/ 154 levels "1-09-1600-3-6-X-11",..: 11 12 13 14 15 10 16 17 18 13 ...
 $ Race.RaceType1Cd                 : Factor w/ 1 level "1-6-X": 1 1 1 1 1 1 1 1 1 1 ...
 $ Race.RaceType2Cd                 : Factor w/ 1 level "1-6-X": 1 1 1 1 1 1 1 1 1 1 ...
 $ Race.RaceType3Cd                 : Factor w/ 2 levels "6-X-11","6-X-12": 1 1 1 1 1 1 2 1 1 1 ...
 $ Race.RaceType4Cd                 : Factor w/ 2 levels "1-6-11","1-6-12": 1 1 1 1 1 1 2 1 1 1 ...
 $ RaceHorse.RaceId                 : Factor w/ 1208 levels "20160619-09-03-06-05",..: 11 12 13 14 15 16 17 18 19 20 ...
 $ RaceHorse.KettoNum               : Factor w/ 10849 levels "2014105728","2016102873",..: 11 12 13 14 15 16 17 18 19 20 ...
 $ RaceHorse.IsHit1                 : int  0 0 0 0 0 0 0 0 0 0 ...
 $ RaceHorse.IsHit2                 : int  0 0 0 0 0 0 0 0 0 0 ...
 $ RaceHorse.IsHit3                 : int  0 0 0 0 0 0 0 0 1 1 ...
 $ RaceHorse.IsHit4                 : int  1 0 0 0 0 1 0 0 0 0 ...
 $ RaceHorse.IsHit5                 : int  0 0 0 0 0 0 0 1 0 0 ...
 $ RaceHorse.IsHit6                 : int  0 1 1 1 1 0 1 0 0 0 ...
 $ RaceHorse.IsValidRaceHorse       : logi  TRUE TRUE FALSE TRUE TRUE TRUE ...
 $ RaceHorse.IsHitA                 : int  0 0 0 0 0 0 0 0 0 0 ...
 $ RaceHorse.IsHitB                 : int  0 0 0 0 0 0 0 0 0 0 ...
 $ RaceHorse.IsHitC                 : int  0 0 0 0 0 0 0 0 1 1 ...
 $ Gen02.HansyokuNum                : Factor w/ 5816 levels "12250353","12250502",..: 11 12 13 14 15 16 17 18 19 20 ...
 $ Gen02.TimeDvByRaceAvg            : num  54.9 54 45.7 43 45.4 ...
 $ Gen02.TimeDvByRaceMax            : num  60.7 57.1 56.4 43.5 48.4 ...
 $ Gen02.RunCount                   : int  5 3 2 2 2 2 2 2 2 1 ...
 $ Gen02.HitCount1                  : int  2 0 0 0 0 1 0 0 0 0 ...
 $ Gen02.HitCount2                  : int  1 0 0 0 0 0 0 0 0 0 ...
 $ Gen02.HitCount3                  : int  0 0 0 0 0 0 1 0 0 0 ...
 $ Gen02.HitCount4                  : int  0 0 0 0 0 0 1 0 1 0 ...
 $ Gen02.HitCount5                  : int  0 2 0 0 0 1 0 1 0 0 ...
 $ Gen02.HitRate1                   : num  0.4 0 0 0 0 0.5 0 0 0 0 ...
 $ Gen02.HitRate2                   : num  0.2 0 0 0 0 0 0 0 0 0 ...
 $ Gen02.HitRate3                   : num  0 0 0 0 0 0 0.5 0 0 0 ...
 $ Gen02.HitRate4                   : num  0 0 0 0 0 0 0.5 0 0.5 0 ...
 $ Gen02.HitRate5                   : num  0 0.667 0 0 0 ...
 $ EOF                              : int  1 1 1 1 1 1 1 1 1 1 ...
[1] "2022-02-05 18:50:41 --- RxSqlServerData Finish ---"
[1] "2022-02-05 18:50:41 --- subset Start ---"
[1] "nrow(InputDataSet) subset before=10869"
[1] "nrow(InputDataSet) subset after=10869"
[1] "nrow(InputDataSet) subset diff=0"
[1] "class(InputDataSet$Race.IsAnalyzeNormalPast)=logical"
[1] "class(InputDataSet$Race.analyzeTrackTypeCd)=NULL"
[1] "2022-02-05 18:50:42 --- subset Finish ---"
[1] "2022-02-05 18:50:42 --- transform Start ---"
[1] "nrow(InputDataSet) transaform before=10869"
[1] "nrow(InputDataSet) transaform after=10869"
[1] "nrow(InputDataSet) transaform diff=0"
[1] "str(InputDataSet)="
'data.frame':	10869 obs. of  42 variables:
 $ Race.RaceId                      : Factor w/ 1208 levels "20160619-09-03-06-05",..: 11 12 13 14 15 16 17 18 19 20 ...
 $ Race.IsPredictedRace             : logi  TRUE TRUE TRUE TRUE TRUE TRUE ...
 $ Race.IsAnalyzeNormalPastAndFuture: logi  TRUE TRUE TRUE TRUE TRUE TRUE ...
 $ Race.IsAnalyzeNormalPast         : logi  TRUE FALSE FALSE FALSE TRUE TRUE ...
 $ Race.IsAnalyzeNormalFuture       : logi  FALSE TRUE TRUE TRUE FALSE FALSE ...
 $ Race.IsAnalyzeFullPastAndFuture  : logi  TRUE TRUE TRUE TRUE TRUE TRUE ...
 $ Race.IsAnalyzeFullPast           : logi  TRUE FALSE FALSE FALSE TRUE TRUE ...
 $ Race.IsAnalyzeFullFuture         : logi  FALSE TRUE TRUE TRUE FALSE FALSE ...
 $ Race.JyokenCd                    : Factor w/ 1 level "6": 1 1 1 1 1 1 1 1 1 1 ...
 $ Race.JyoType1Cd                  : Factor w/ 126 levels "1-09-1600-3",..: 11 12 13 14 15 10 13 16 17 13 ...
 $ Race.RaceType0Cd                 : Factor w/ 154 levels "1-09-1600-3-6-X-11",..: 11 12 13 14 15 10 16 17 18 13 ...
 $ Race.RaceType1Cd                 : Factor w/ 1 level "1-6-X": 1 1 1 1 1 1 1 1 1 1 ...
 $ Race.RaceType2Cd                 : Factor w/ 1 level "1-6-X": 1 1 1 1 1 1 1 1 1 1 ...
 $ Race.RaceType3Cd                 : Factor w/ 2 levels "6-X-11","6-X-12": 1 1 1 1 1 1 2 1 1 1 ...
 $ Race.RaceType4Cd                 : Factor w/ 2 levels "1-6-11","1-6-12": 1 1 1 1 1 1 2 1 1 1 ...
 $ RaceHorse.RaceId                 : Factor w/ 1208 levels "20160619-09-03-06-05",..: 11 12 13 14 15 16 17 18 19 20 ...
 $ RaceHorse.KettoNum               : Factor w/ 10849 levels "2014105728","2016102873",..: 11 12 13 14 15 16 17 18 19 20 ...
 $ RaceHorse.IsHit1                 : int  0 0 0 0 0 0 0 0 0 0 ...
 $ RaceHorse.IsHit2                 : int  0 0 0 0 0 0 0 0 0 0 ...
 $ RaceHorse.IsHit3                 : int  0 0 0 0 0 0 0 0 1 1 ...
 $ RaceHorse.IsHit4                 : int  1 0 0 0 0 1 0 0 0 0 ...
 $ RaceHorse.IsHit5                 : int  0 0 0 0 0 0 0 1 0 0 ...
 $ RaceHorse.IsHit6                 : int  0 1 1 1 1 0 1 0 0 0 ...
 $ RaceHorse.IsValidRaceHorse       : logi  TRUE TRUE FALSE TRUE TRUE TRUE ...
 $ RaceHorse.IsHitA                 : int  0 0 0 0 0 0 0 0 0 0 ...
 $ RaceHorse.IsHitB                 : int  0 0 0 0 0 0 0 0 0 0 ...
 $ RaceHorse.IsHitC                 : int  0 0 0 0 0 0 0 0 1 1 ...
 $ Gen02.HansyokuNum                : Factor w/ 5816 levels "12250353","12250502",..: 11 12 13 14 15 16 17 18 19 20 ...
 $ Gen02.TimeDvByRaceAvg            : num  54.9 54 45.7 43 45.4 ...
 $ Gen02.TimeDvByRaceMax            : num  60.7 57.1 56.4 43.5 48.4 ...
 $ Gen02.RunCount                   : int  5 3 2 2 2 2 2 2 2 1 ...
 $ Gen02.HitCount1                  : int  2 0 0 0 0 1 0 0 0 0 ...
 $ Gen02.HitCount2                  : int  1 0 0 0 0 0 0 0 0 0 ...
 $ Gen02.HitCount3                  : int  0 0 0 0 0 0 1 0 0 0 ...
 $ Gen02.HitCount4                  : int  0 0 0 0 0 0 1 0 1 0 ...
 $ Gen02.HitCount5                  : int  0 2 0 0 0 1 0 1 0 0 ...
 $ Gen02.HitRate1                   : num  0.4 0 0 0 0 0.5 0 0 0 0 ...
 $ Gen02.HitRate2                   : num  0.2 0 0 0 0 0 0 0 0 0 ...
 $ Gen02.HitRate3                   : num  0 0 0 0 0 0 0.5 0 0 0 ...
 $ Gen02.HitRate4                   : num  0 0 0 0 0 0 0.5 0 0.5 0 ...
 $ Gen02.HitRate5                   : num  0 0.667 0 0 0 ...
 $ EOF                              : int  1 1 1 1 1 1 1 1 1 1 ...
NULL
[1] "2022-02-05 18:50:42 --- transform Finish ---"
[1] "2022-02-05 18:50:42 --- na.omit Start ---"
[1] "nrow(InputDataSet) na.omit before=10869"
[1] "nrow(InputDataSet) na.omit after=10869"
[1] "nrow(InputDataSet) na.omit diff=0"
[1] "2022-02-05 18:50:42 --- na.omit Finish---"
[1] "2022-02-05 18:50:42 --- New Levels Start ---"
[1] "levels(data$Race.RaceType1Cd)=1-6-X"
[1] "levels(InputDataSet$Race.RaceType1Cd)=1-6-X"
[1] "length(Race.RaceType1Cd.Index)=0"
[1] "2022-02-05 18:50:42 --- New Levels Finish ---"
[1] "2022-02-05 18:50:42 --- na.omit Start ---"
[1] "nrow(InputDataSet) na.omit levels before=10869"
[1] "nrow(InputDataSet) na.omit levels after=10869"
[1] "nrow(InputDataSet) na.omit levels diff=0"
[1] "2022-02-05 18:50:42 --- na.omit Finish ---"
[1] "2022-02-05 18:50:42 --- Predict InputDataSet Start ---"
[1] "nrow(InputDataSet) predict=10869"
[1] "str(InputDataSet)="
'data.frame':	10869 obs. of  42 variables:
 $ Race.RaceId                      : Factor w/ 1208 levels "20160619-09-03-06-05",..: 11 12 13 14 15 16 17 18 19 20 ...
 $ Race.IsPredictedRace             : logi  TRUE TRUE TRUE TRUE TRUE TRUE ...
 $ Race.IsAnalyzeNormalPastAndFuture: logi  TRUE TRUE TRUE TRUE TRUE TRUE ...
 $ Race.IsAnalyzeNormalPast         : logi  TRUE FALSE FALSE FALSE TRUE TRUE ...
 $ Race.IsAnalyzeNormalFuture       : logi  FALSE TRUE TRUE TRUE FALSE FALSE ...
 $ Race.IsAnalyzeFullPastAndFuture  : logi  TRUE TRUE TRUE TRUE TRUE TRUE ...
 $ Race.IsAnalyzeFullPast           : logi  TRUE FALSE FALSE FALSE TRUE TRUE ...
 $ Race.IsAnalyzeFullFuture         : logi  FALSE TRUE TRUE TRUE FALSE FALSE ...
 $ Race.JyokenCd                    : Factor w/ 1 level "6": 1 1 1 1 1 1 1 1 1 1 ...
 $ Race.JyoType1Cd                  : Factor w/ 126 levels "1-09-1600-3",..: 11 12 13 14 15 10 13 16 17 13 ...
 $ Race.RaceType0Cd                 : Factor w/ 154 levels "1-09-1600-3-6-X-11",..: 11 12 13 14 15 10 16 17 18 13 ...
 $ Race.RaceType1Cd                 : Factor w/ 1 level "1-6-X": 1 1 1 1 1 1 1 1 1 1 ...
 $ Race.RaceType2Cd                 : Factor w/ 1 level "1-6-X": 1 1 1 1 1 1 1 1 1 1 ...
 $ Race.RaceType3Cd                 : Factor w/ 2 levels "6-X-11","6-X-12": 1 1 1 1 1 1 2 1 1 1 ...
 $ Race.RaceType4Cd                 : Factor w/ 2 levels "1-6-11","1-6-12": 1 1 1 1 1 1 2 1 1 1 ...
 $ RaceHorse.RaceId                 : Factor w/ 1208 levels "20160619-09-03-06-05",..: 11 12 13 14 15 16 17 18 19 20 ...
 $ RaceHorse.KettoNum               : Factor w/ 10849 levels "2014105728","2016102873",..: 11 12 13 14 15 16 17 18 19 20 ...
 $ RaceHorse.IsHit1                 : int  0 0 0 0 0 0 0 0 0 0 ...
 $ RaceHorse.IsHit2                 : int  0 0 0 0 0 0 0 0 0 0 ...
 $ RaceHorse.IsHit3                 : int  0 0 0 0 0 0 0 0 1 1 ...
 $ RaceHorse.IsHit4                 : int  1 0 0 0 0 1 0 0 0 0 ...
 $ RaceHorse.IsHit5                 : int  0 0 0 0 0 0 0 1 0 0 ...
 $ RaceHorse.IsHit6                 : int  0 1 1 1 1 0 1 0 0 0 ...
 $ RaceHorse.IsValidRaceHorse       : logi  TRUE TRUE FALSE TRUE TRUE TRUE ...
 $ RaceHorse.IsHitA                 : int  0 0 0 0 0 0 0 0 0 0 ...
 $ RaceHorse.IsHitB                 : int  0 0 0 0 0 0 0 0 0 0 ...
 $ RaceHorse.IsHitC                 : int  0 0 0 0 0 0 0 0 1 1 ...
 $ Gen02.HansyokuNum                : Factor w/ 5816 levels "12250353","12250502",..: 11 12 13 14 15 16 17 18 19 20 ...
 $ Gen02.TimeDvByRaceAvg            : num  54.9 54 45.7 43 45.4 ...
 $ Gen02.TimeDvByRaceMax            : num  60.7 57.1 56.4 43.5 48.4 ...
 $ Gen02.RunCount                   : int  5 3 2 2 2 2 2 2 2 1 ...
 $ Gen02.HitCount1                  : int  2 0 0 0 0 1 0 0 0 0 ...
 $ Gen02.HitCount2                  : int  1 0 0 0 0 0 0 0 0 0 ...
 $ Gen02.HitCount3                  : int  0 0 0 0 0 0 1 0 0 0 ...
 $ Gen02.HitCount4                  : int  0 0 0 0 0 0 1 0 1 0 ...
 $ Gen02.HitCount5                  : int  0 2 0 0 0 1 0 1 0 0 ...
 $ Gen02.HitRate1                   : num  0.4 0 0 0 0 0.5 0 0 0 0 ...
 $ Gen02.HitRate2                   : num  0.2 0 0 0 0 0 0 0 0 0 ...
 $ Gen02.HitRate3                   : num  0 0 0 0 0 0 0.5 0 0 0 ...
 $ Gen02.HitRate4                   : num  0 0 0 0 0 0 0.5 0 0.5 0 ...
 $ Gen02.HitRate5                   : num  0 0.667 0 0 0 ...
 $ EOF                              : int  1 1 1 1 1 1 1 1 1 1 ...
[1] "2022-02-05 18:50:43 --- Predict InputDataSet Finish ---"
[1] "2022-02-05 18:50:43 --- rxPredict (glm) Start ---"
[1] "analyzeFunc=glm"
Rows Read: 10869, Total Rows Processed: 10869, Total Chunk Time: 0.001 seconds 
[1] "nrow(PredictDataSet) afte predict=10869"
[1] "str(PredictDataSet)"
'data.frame':	10869 obs. of  1 variable:
 $ RaceHorse.IsHitA_Pred: num  0.0984 0.0803 0.0517 0.0448 0.0509 ...
NULL
[1] "head(PredictDataSet) afte predict="
  RaceHorse.IsHitA_Pred
1            0.09839979
2            0.08031978
3            0.05174623
4            0.04483045
5            0.05089639
6            0.14728869
[1] "2022-02-05 18:50:43 --- rxPredict (glm) Finish ---"
[1] "2022-02-05 18:50:43 --- add key Start ---"
[1] "nrow(OutputDataSet) add KeyColmn=10869"
[1] "str(OutputDataSet) after add Key"
'data.frame':	10869 obs. of  2 variables:
 $ RaceHorse.RaceId  : Factor w/ 1208 levels "20160619-09-03-06-05",..: 11 12 13 14 15 16 17 18 19 20 ...
 $ RaceHorse.KettoNum: Factor w/ 10849 levels "2014105728","2016102873",..: 11 12 13 14 15 16 17 18 19 20 ...
NULL
[1] "2022-02-05 18:50:43 --- add key Finish ---"
[1] "2022-02-05 18:50:43 --- add PredictValue Start ---"
[1] "str(PredictDataSet) before rename="
[1] "colnames(PredictDataSet)=RaceHorse.IsHitA_Pred"
[1] "str(PredictDataSet) after rename="
'data.frame':	10869 obs. of  1 variable:
 $ PredictValue: num  0.0984 0.0803 0.0517 0.0448 0.0509 ...
NULL
[1] "str(OutputDataSet) before cbind="
'data.frame':	10869 obs. of  2 variables:
 $ RaceHorse.RaceId  : Factor w/ 1208 levels "20160619-09-03-06-05",..: 11 12 13 14 15 16 17 18 19 20 ...
 $ RaceHorse.KettoNum: Factor w/ 10849 levels "2014105728","2016102873",..: 11 12 13 14 15 16 17 18 19 20 ...
NULL
[1] "str(OutputDataSet) after cbind="
'data.frame':	10869 obs. of  3 variables:
 $ RaceHorse.RaceId  : Factor w/ 1208 levels "20160619-09-03-06-05",..: 11 12 13 14 15 16 17 18 19 20 ...
 $ RaceHorse.KettoNum: Factor w/ 10849 levels "2014105728","2016102873",..: 11 12 13 14 15 16 17 18 19 20 ...
 $ PredictValue      : num  0.0984 0.0803 0.0517 0.0448 0.0509 ...
NULL
[1] "2022-02-05 18:50:43 --- add PredictValue Finish ---"
[1] "2022-02-05 18:50:43 --- final Start ---"
[1] "nrow(OutputDataSet) final=10869"
[1] "head(OutputDataSet)="
      RaceHorse.RaceId RaceHorse.KettoNum PredictValue
1 20190713-07-03-05-05         2017106570   0.09839979
2 20210620-01-01-04-05         2019101653   0.08031978
3 20211016-05-04-03-05         2019101397   0.05174623
4 20211023-09-04-05-05         2019106427   0.04483045
5 20171029-08-04-09-05         2015105743   0.05089639
6 20201115-05-05-04-05         2018104843   0.14728869
[1] "str(OutputDataSet)="
'data.frame':	10869 obs. of  3 variables:
 $ RaceHorse.RaceId  : Factor w/ 1208 levels "20160619-09-03-06-05",..: 11 12 13 14 15 16 17 18 19 20 ...
 $ RaceHorse.KettoNum: Factor w/ 10849 levels "2014105728","2016102873",..: 11 12 13 14 15 16 17 18 19 20 ...
 $ PredictValue      : num  0.0984 0.0803 0.0517 0.0448 0.0509 ...
NULL
[1] "2022-02-05 18:50:43 --- final Finish ---"
[1] "2022-02-05 18:50:43 --- predict.R Finished ---"
[1] "2022-02-05 18:50:43 --- log Finish ---"
