[1] "2022-02-05 17:14:56 --- D1113_Predict_glm_Horse_IsHitA_Type13 Start ---"
[1] "2022-02-05 17:14:56 --- Log Start ---"
[1] "2022-02-05 17:14:56 --- predict.R Start ---"
[1] "analyzeVersion=D1113"
[1] "analyzeCategory=Predict"
[1] "analyzeType=Horse"
[1] "analyzeFamily=IsHitA"
[1] "analyzeFunc=glm"
[1] "analyzeTrackTypeCd=1"
[1] "analyzeJyokenCd=3"
[1] "2022-02-05 17:14:56 --- source_function.R Start ---"
[1] "2022-02-05 17:14:57 --- source_function.R Finished ---"

> print(paste0(Sys.time(), " --- source_library.R Start ---"))
[1] "2022-02-05 17:14:57 --- source_library.R Start ---"

> require("RevoScaleR")

> print(paste0(Sys.time(), " --- source_library.R Finished ---"))
[1] "2022-02-05 17:14:57 --- source_library.R Finished ---"
[1] "2022-02-05 17:14:57 --- Load Start ---"
[1] "loadFilename=RData_Analyze_glm_Horse_Type13.RData"
[1] "2022-02-05 17:14:57 --- Load Finished ---"
[1] "2022-02-05 17:14:57 --- RxSqlServerData Start ---"
[1] "sqlQuery=SELECT * FROM ViewAnalyzeD1113analyze01HorseType13 WHERE [Race.IsPredictedRace] = 1"
Rows Read: 13372, Total Rows Processed: 13372, Total Chunk Time: 148.242 seconds 
[1] "head(InputDataSet)="
           Race.RaceId Race.IsPredictedRace Race.IsAnalyzeNormalPastAndFuture
1 20160417-06-03-08-08                 TRUE                              TRUE
2 20160417-03-01-04-11                 TRUE                              TRUE
3 20160417-03-01-04-11                 TRUE                              TRUE
4 20160501-05-02-04-09                 TRUE                              TRUE
5 20160124-08-01-08-09                 TRUE                              TRUE
6 20160220-08-02-07-09                 TRUE                              TRUE
  Race.IsAnalyzeNormalPast Race.IsAnalyzeNormalFuture
1                     TRUE                      FALSE
2                     TRUE                      FALSE
3                     TRUE                      FALSE
4                     TRUE                      FALSE
5                     TRUE                      FALSE
6                     TRUE                      FALSE
  Race.IsAnalyzeFullPastAndFuture Race.IsAnalyzeFullPast
1                            TRUE                   TRUE
2                            TRUE                   TRUE
3                            TRUE                   TRUE
4                            TRUE                   TRUE
5                            TRUE                   TRUE
6                            TRUE                   TRUE
  Race.IsAnalyzeFullFuture Race.JyokenCd Race.JyoType1Cd   Race.RaceType0Cd
1                    FALSE             3     1-06-1200-1 1-06-1200-1-3-E-14
2                    FALSE             3     1-03-2600-2 1-03-2600-2-3-E-14
3                    FALSE             3     1-03-2600-2 1-03-2600-2-3-E-14
4                    FALSE             3     1-05-2400-1 1-05-2400-1-3-E-14
5                    FALSE             3     1-08-2400-1 1-08-2400-1-3-E-14
6                    FALSE             3     1-08-1800-3 1-08-1800-3-3-E-14
  Race.RaceType1Cd Race.RaceType2Cd Race.RaceType3Cd Race.RaceType4Cd
1            1-3-E            1-3-E           3-E-14           1-3-14
2            1-3-E            1-3-E           3-E-14           1-3-14
3            1-3-E            1-3-E           3-E-14           1-3-14
4            1-3-E            1-3-E           3-E-14           1-3-14
5            1-3-E            1-3-E           3-E-14           1-3-14
6            1-3-E            1-3-E           3-E-14           1-3-14
      RaceHorse.RaceId RaceHorse.KettoNum RaceHorse.IsHit1 RaceHorse.IsHit2
1 20160417-06-03-08-08         2008100444                0                0
2 20160417-03-01-04-11         2008100933                0                0
3 20160417-03-01-04-11         2008101592                0                0
4 20160501-05-02-04-09         2008101592                0                0
5 20160124-08-01-08-09         2008101645                0                0
6 20160220-08-02-07-09         2008101645                0                0
  RaceHorse.IsHit3 RaceHorse.IsHit4 RaceHorse.IsHit5 RaceHorse.IsHit6
1                0                0                0                1
2                0                0                0                1
3                0                0                0                1
4                0                0                0                1
5                0                0                0                1
6                0                0                0                1
  RaceHorse.IsValidRaceHorse RaceHorse.IsHitA RaceHorse.IsHitB RaceHorse.IsHitC
1                       TRUE                0                0                0
2                       TRUE                0                0                0
3                       TRUE                0                0                0
4                       TRUE                0                0                0
5                       TRUE                0                0                0
6                       TRUE                0                0                0
  Horse.PrevKettoNum Horse.TimeDvByRaceAvg Horse.TimeDvByRaceMax Horse.RunCount
1         2008100444              48.02672              52.93830              7
2         2008100933              39.73338              51.88842             15
3         2008101592              45.07620              58.21165              6
4         2008101592              44.38132              58.21165              7
5         2008101645              47.87357              57.27688             14
6         2008101645              46.79859              57.27688             15
  Horse.HitCount1 Horse.HitCount2 Horse.HitCount3 Horse.HitCount4
1               0               0               0               0
2               0               0               0               0
3               0               0               0               1
4               0               0               0               1
5               0               1               1               0
6               0               1               1               0
  Horse.HitCount5 Horse.HitRate1 Horse.HitRate2 Horse.HitRate3 Horse.HitRate4
1               0              0     0.00000000     0.00000000      0.0000000
2               0              0     0.00000000     0.00000000      0.0000000
3               1              0     0.00000000     0.00000000      0.1666667
4               1              0     0.00000000     0.00000000      0.1428571
5               3              0     0.07142857     0.07142857      0.0000000
6               3              0     0.06666667     0.06666667      0.0000000
  Horse.HitRate5 EOF
1      0.0000000   1
2      0.0000000   1
3      0.1666667   1
4      0.1428571   1
5      0.2142857   1
6      0.2000000   1
[1] "object.size(InputDataSet) auto=3.1 Mb"
[1] "nrow(InputDataSet) RxSqlServerData=13372"
[1] "str(InputDataSet)="
'data.frame':	13372 obs. of  42 variables:
 $ Race.RaceId                      : Factor w/ 1456 levels "20160417-06-03-08-08",..: 1 2 2 3 4 5 6 7 8 9 ...
 $ Race.IsPredictedRace             : logi  TRUE TRUE TRUE TRUE TRUE TRUE ...
 $ Race.IsAnalyzeNormalPastAndFuture: logi  TRUE TRUE TRUE TRUE TRUE TRUE ...
 $ Race.IsAnalyzeNormalPast         : logi  TRUE TRUE TRUE TRUE TRUE TRUE ...
 $ Race.IsAnalyzeNormalFuture       : logi  FALSE FALSE FALSE FALSE FALSE FALSE ...
 $ Race.IsAnalyzeFullPastAndFuture  : logi  TRUE TRUE TRUE TRUE TRUE TRUE ...
 $ Race.IsAnalyzeFullPast           : logi  TRUE TRUE TRUE TRUE TRUE TRUE ...
 $ Race.IsAnalyzeFullFuture         : logi  FALSE FALSE FALSE FALSE FALSE FALSE ...
 $ Race.JyokenCd                    : Factor w/ 1 level "3": 1 1 1 1 1 1 1 1 1 1 ...
 $ Race.JyoType1Cd                  : Factor w/ 168 levels "1-06-1200-1",..: 1 2 2 3 4 5 6 7 8 9 ...
 $ Race.RaceType0Cd                 : Factor w/ 327 levels "1-06-1200-1-3-E-14",..: 1 2 2 3 4 5 6 7 8 9 ...
 $ Race.RaceType1Cd                 : Factor w/ 2 levels "1-3-E","1-3-X": 1 1 1 1 1 1 1 1 1 1 ...
 $ Race.RaceType2Cd                 : Factor w/ 2 levels "1-3-E","1-3-X": 1 1 1 1 1 1 1 1 1 1 ...
 $ Race.RaceType3Cd                 : Factor w/ 4 levels "3-E-14","3-E-13",..: 1 1 1 1 1 1 1 2 2 2 ...
 $ Race.RaceType4Cd                 : Factor w/ 2 levels "1-3-14","1-3-13": 1 1 1 1 1 1 1 2 2 2 ...
 $ RaceHorse.RaceId                 : Factor w/ 1456 levels "20160417-06-03-08-08",..: 1 2 2 3 4 5 6 7 8 9 ...
 $ RaceHorse.KettoNum               : Factor w/ 2486 levels "2008100444","2008100933",..: 1 2 3 3 4 4 4 4 4 4 ...
 $ RaceHorse.IsHit1                 : int  0 0 0 0 0 0 0 0 0 0 ...
 $ RaceHorse.IsHit2                 : int  0 0 0 0 0 0 0 0 0 0 ...
 $ RaceHorse.IsHit3                 : int  0 0 0 0 0 0 0 0 0 0 ...
 $ RaceHorse.IsHit4                 : int  0 0 0 0 0 0 0 0 0 0 ...
 $ RaceHorse.IsHit5                 : int  0 0 0 0 0 0 0 0 0 0 ...
 $ RaceHorse.IsHit6                 : int  1 1 1 1 1 1 1 1 1 1 ...
 $ RaceHorse.IsValidRaceHorse       : logi  TRUE TRUE TRUE TRUE TRUE TRUE ...
 $ RaceHorse.IsHitA                 : int  0 0 0 0 0 0 0 0 0 0 ...
 $ RaceHorse.IsHitB                 : int  0 0 0 0 0 0 0 0 0 0 ...
 $ RaceHorse.IsHitC                 : int  0 0 0 0 0 0 0 0 0 0 ...
 $ Horse.PrevKettoNum               : Factor w/ 2486 levels "2008100444","2008100933",..: 1 2 3 3 4 4 4 4 4 4 ...
 $ Horse.TimeDvByRaceAvg            : num  48 39.7 45.1 44.4 47.9 ...
 $ Horse.TimeDvByRaceMax            : num  52.9 51.9 58.2 58.2 57.3 ...
 $ Horse.RunCount                   : int  7 15 6 7 14 15 16 17 18 19 ...
 $ Horse.HitCount1                  : int  0 0 0 0 0 0 0 0 0 0 ...
 $ Horse.HitCount2                  : int  0 0 0 0 1 1 1 1 1 1 ...
 $ Horse.HitCount3                  : int  0 0 0 0 1 1 1 1 1 1 ...
 $ Horse.HitCount4                  : int  0 0 1 1 0 0 0 0 0 0 ...
 $ Horse.HitCount5                  : int  0 0 1 1 3 3 3 3 3 3 ...
 $ Horse.HitRate1                   : num  0 0 0 0 0 0 0 0 0 0 ...
 $ Horse.HitRate2                   : num  0 0 0 0 0.0714 ...
 $ Horse.HitRate3                   : num  0 0 0 0 0.0714 ...
 $ Horse.HitRate4                   : num  0 0 0.167 0.143 0 ...
 $ Horse.HitRate5                   : num  0 0 0.167 0.143 0.214 ...
 $ EOF                              : int  1 1 1 1 1 1 1 1 1 1 ...
[1] "2022-02-05 17:22:14 --- RxSqlServerData Finish ---"
[1] "2022-02-05 17:22:14 --- subset Start ---"
[1] "nrow(InputDataSet) subset before=13372"
[1] "nrow(InputDataSet) subset after=13372"
[1] "nrow(InputDataSet) subset diff=0"
[1] "class(InputDataSet$Race.IsAnalyzeNormalPast)=logical"
[1] "class(InputDataSet$Race.analyzeTrackTypeCd)=NULL"
[1] "2022-02-05 17:22:14 --- subset Finish ---"
[1] "2022-02-05 17:22:14 --- transform Start ---"
[1] "nrow(InputDataSet) transaform before=13372"
[1] "nrow(InputDataSet) transaform after=13372"
[1] "nrow(InputDataSet) transaform diff=0"
[1] "str(InputDataSet)="
'data.frame':	13372 obs. of  42 variables:
 $ Race.RaceId                      : Factor w/ 1456 levels "20160417-06-03-08-08",..: 1 2 2 3 4 5 6 7 8 9 ...
 $ Race.IsPredictedRace             : logi  TRUE TRUE TRUE TRUE TRUE TRUE ...
 $ Race.IsAnalyzeNormalPastAndFuture: logi  TRUE TRUE TRUE TRUE TRUE TRUE ...
 $ Race.IsAnalyzeNormalPast         : logi  TRUE TRUE TRUE TRUE TRUE TRUE ...
 $ Race.IsAnalyzeNormalFuture       : logi  FALSE FALSE FALSE FALSE FALSE FALSE ...
 $ Race.IsAnalyzeFullPastAndFuture  : logi  TRUE TRUE TRUE TRUE TRUE TRUE ...
 $ Race.IsAnalyzeFullPast           : logi  TRUE TRUE TRUE TRUE TRUE TRUE ...
 $ Race.IsAnalyzeFullFuture         : logi  FALSE FALSE FALSE FALSE FALSE FALSE ...
 $ Race.JyokenCd                    : Factor w/ 1 level "3": 1 1 1 1 1 1 1 1 1 1 ...
 $ Race.JyoType1Cd                  : Factor w/ 168 levels "1-06-1200-1",..: 1 2 2 3 4 5 6 7 8 9 ...
 $ Race.RaceType0Cd                 : Factor w/ 327 levels "1-06-1200-1-3-E-14",..: 1 2 2 3 4 5 6 7 8 9 ...
 $ Race.RaceType1Cd                 : Factor w/ 2 levels "1-3-E","1-3-X": 1 1 1 1 1 1 1 1 1 1 ...
 $ Race.RaceType2Cd                 : Factor w/ 2 levels "1-3-E","1-3-X": 1 1 1 1 1 1 1 1 1 1 ...
 $ Race.RaceType3Cd                 : Factor w/ 4 levels "3-E-14","3-E-13",..: 1 1 1 1 1 1 1 2 2 2 ...
 $ Race.RaceType4Cd                 : Factor w/ 2 levels "1-3-14","1-3-13": 1 1 1 1 1 1 1 2 2 2 ...
 $ RaceHorse.RaceId                 : Factor w/ 1456 levels "20160417-06-03-08-08",..: 1 2 2 3 4 5 6 7 8 9 ...
 $ RaceHorse.KettoNum               : Factor w/ 2486 levels "2008100444","2008100933",..: 1 2 3 3 4 4 4 4 4 4 ...
 $ RaceHorse.IsHit1                 : int  0 0 0 0 0 0 0 0 0 0 ...
 $ RaceHorse.IsHit2                 : int  0 0 0 0 0 0 0 0 0 0 ...
 $ RaceHorse.IsHit3                 : int  0 0 0 0 0 0 0 0 0 0 ...
 $ RaceHorse.IsHit4                 : int  0 0 0 0 0 0 0 0 0 0 ...
 $ RaceHorse.IsHit5                 : int  0 0 0 0 0 0 0 0 0 0 ...
 $ RaceHorse.IsHit6                 : int  1 1 1 1 1 1 1 1 1 1 ...
 $ RaceHorse.IsValidRaceHorse       : logi  TRUE TRUE TRUE TRUE TRUE TRUE ...
 $ RaceHorse.IsHitA                 : int  0 0 0 0 0 0 0 0 0 0 ...
 $ RaceHorse.IsHitB                 : int  0 0 0 0 0 0 0 0 0 0 ...
 $ RaceHorse.IsHitC                 : int  0 0 0 0 0 0 0 0 0 0 ...
 $ Horse.PrevKettoNum               : Factor w/ 2486 levels "2008100444","2008100933",..: 1 2 3 3 4 4 4 4 4 4 ...
 $ Horse.TimeDvByRaceAvg            : num  48 39.7 45.1 44.4 47.9 ...
 $ Horse.TimeDvByRaceMax            : num  52.9 51.9 58.2 58.2 57.3 ...
 $ Horse.RunCount                   : int  7 15 6 7 14 15 16 17 18 19 ...
 $ Horse.HitCount1                  : int  0 0 0 0 0 0 0 0 0 0 ...
 $ Horse.HitCount2                  : int  0 0 0 0 1 1 1 1 1 1 ...
 $ Horse.HitCount3                  : int  0 0 0 0 1 1 1 1 1 1 ...
 $ Horse.HitCount4                  : int  0 0 1 1 0 0 0 0 0 0 ...
 $ Horse.HitCount5                  : int  0 0 1 1 3 3 3 3 3 3 ...
 $ Horse.HitRate1                   : num  0 0 0 0 0 0 0 0 0 0 ...
 $ Horse.HitRate2                   : num  0 0 0 0 0.0714 ...
 $ Horse.HitRate3                   : num  0 0 0 0 0.0714 ...
 $ Horse.HitRate4                   : num  0 0 0.167 0.143 0 ...
 $ Horse.HitRate5                   : num  0 0 0.167 0.143 0.214 ...
 $ EOF                              : int  1 1 1 1 1 1 1 1 1 1 ...
NULL
[1] "2022-02-05 17:22:14 --- transform Finish ---"
[1] "2022-02-05 17:22:14 --- na.omit Start ---"
[1] "nrow(InputDataSet) na.omit before=13372"
[1] "nrow(InputDataSet) na.omit after=13372"
[1] "nrow(InputDataSet) na.omit diff=0"
[1] "2022-02-05 17:22:14 --- na.omit Finish---"
[1] "2022-02-05 17:22:14 --- New Levels Start ---"
[1] "levels(data$Race.RaceType1Cd)=1-3-E" "levels(data$Race.RaceType1Cd)=1-3-X"
[1] "levels(InputDataSet$Race.RaceType1Cd)=1-3-E"
[2] "levels(InputDataSet$Race.RaceType1Cd)=1-3-X"
[1] "length(Race.RaceType1Cd.Index)=0"
[1] "2022-02-05 17:22:14 --- New Levels Finish ---"
[1] "2022-02-05 17:22:14 --- na.omit Start ---"
[1] "nrow(InputDataSet) na.omit levels before=13372"
[1] "nrow(InputDataSet) na.omit levels after=13372"
[1] "nrow(InputDataSet) na.omit levels diff=0"
[1] "2022-02-05 17:22:14 --- na.omit Finish ---"
[1] "2022-02-05 17:22:14 --- Predict InputDataSet Start ---"
[1] "nrow(InputDataSet) predict=13372"
[1] "str(InputDataSet)="
'data.frame':	13372 obs. of  42 variables:
 $ Race.RaceId                      : Factor w/ 1456 levels "20160417-06-03-08-08",..: 1 2 2 3 4 5 6 7 8 9 ...
 $ Race.IsPredictedRace             : logi  TRUE TRUE TRUE TRUE TRUE TRUE ...
 $ Race.IsAnalyzeNormalPastAndFuture: logi  TRUE TRUE TRUE TRUE TRUE TRUE ...
 $ Race.IsAnalyzeNormalPast         : logi  TRUE TRUE TRUE TRUE TRUE TRUE ...
 $ Race.IsAnalyzeNormalFuture       : logi  FALSE FALSE FALSE FALSE FALSE FALSE ...
 $ Race.IsAnalyzeFullPastAndFuture  : logi  TRUE TRUE TRUE TRUE TRUE TRUE ...
 $ Race.IsAnalyzeFullPast           : logi  TRUE TRUE TRUE TRUE TRUE TRUE ...
 $ Race.IsAnalyzeFullFuture         : logi  FALSE FALSE FALSE FALSE FALSE FALSE ...
 $ Race.JyokenCd                    : Factor w/ 1 level "3": 1 1 1 1 1 1 1 1 1 1 ...
 $ Race.JyoType1Cd                  : Factor w/ 168 levels "1-06-1200-1",..: 1 2 2 3 4 5 6 7 8 9 ...
 $ Race.RaceType0Cd                 : Factor w/ 327 levels "1-06-1200-1-3-E-14",..: 1 2 2 3 4 5 6 7 8 9 ...
 $ Race.RaceType1Cd                 : Factor w/ 2 levels "1-3-E","1-3-X": 1 1 1 1 1 1 1 1 1 1 ...
 $ Race.RaceType2Cd                 : Factor w/ 2 levels "1-3-E","1-3-X": 1 1 1 1 1 1 1 1 1 1 ...
 $ Race.RaceType3Cd                 : Factor w/ 4 levels "3-E-14","3-E-13",..: 1 1 1 1 1 1 1 2 2 2 ...
 $ Race.RaceType4Cd                 : Factor w/ 2 levels "1-3-14","1-3-13": 1 1 1 1 1 1 1 2 2 2 ...
 $ RaceHorse.RaceId                 : Factor w/ 1456 levels "20160417-06-03-08-08",..: 1 2 2 3 4 5 6 7 8 9 ...
 $ RaceHorse.KettoNum               : Factor w/ 2486 levels "2008100444","2008100933",..: 1 2 3 3 4 4 4 4 4 4 ...
 $ RaceHorse.IsHit1                 : int  0 0 0 0 0 0 0 0 0 0 ...
 $ RaceHorse.IsHit2                 : int  0 0 0 0 0 0 0 0 0 0 ...
 $ RaceHorse.IsHit3                 : int  0 0 0 0 0 0 0 0 0 0 ...
 $ RaceHorse.IsHit4                 : int  0 0 0 0 0 0 0 0 0 0 ...
 $ RaceHorse.IsHit5                 : int  0 0 0 0 0 0 0 0 0 0 ...
 $ RaceHorse.IsHit6                 : int  1 1 1 1 1 1 1 1 1 1 ...
 $ RaceHorse.IsValidRaceHorse       : logi  TRUE TRUE TRUE TRUE TRUE TRUE ...
 $ RaceHorse.IsHitA                 : int  0 0 0 0 0 0 0 0 0 0 ...
 $ RaceHorse.IsHitB                 : int  0 0 0 0 0 0 0 0 0 0 ...
 $ RaceHorse.IsHitC                 : int  0 0 0 0 0 0 0 0 0 0 ...
 $ Horse.PrevKettoNum               : Factor w/ 2486 levels "2008100444","2008100933",..: 1 2 3 3 4 4 4 4 4 4 ...
 $ Horse.TimeDvByRaceAvg            : num  48 39.7 45.1 44.4 47.9 ...
 $ Horse.TimeDvByRaceMax            : num  52.9 51.9 58.2 58.2 57.3 ...
 $ Horse.RunCount                   : int  7 15 6 7 14 15 16 17 18 19 ...
 $ Horse.HitCount1                  : int  0 0 0 0 0 0 0 0 0 0 ...
 $ Horse.HitCount2                  : int  0 0 0 0 1 1 1 1 1 1 ...
 $ Horse.HitCount3                  : int  0 0 0 0 1 1 1 1 1 1 ...
 $ Horse.HitCount4                  : int  0 0 1 1 0 0 0 0 0 0 ...
 $ Horse.HitCount5                  : int  0 0 1 1 3 3 3 3 3 3 ...
 $ Horse.HitRate1                   : num  0 0 0 0 0 0 0 0 0 0 ...
 $ Horse.HitRate2                   : num  0 0 0 0 0.0714 ...
 $ Horse.HitRate3                   : num  0 0 0 0 0.0714 ...
 $ Horse.HitRate4                   : num  0 0 0.167 0.143 0 ...
 $ Horse.HitRate5                   : num  0 0 0.167 0.143 0.214 ...
 $ EOF                              : int  1 1 1 1 1 1 1 1 1 1 ...
[1] "2022-02-05 17:22:14 --- Predict InputDataSet Finish ---"
[1] "2022-02-05 17:22:14 --- rxPredict (glm) Start ---"
[1] "analyzeFunc=glm"
Rows Read: 13372, Total Rows Processed: 13372, Total Chunk Time: Less than .001 seconds 
[1] "nrow(PredictDataSet) afte predict=13372"
[1] "str(PredictDataSet)"
'data.frame':	13372 obs. of  1 variable:
 $ RaceHorse.IsHitA_Pred: num  0.0374 0.0123 0.0253 0.023 0.0367 ...
NULL
[1] "head(PredictDataSet) afte predict="
  RaceHorse.IsHitA_Pred
1            0.03743399
2            0.01228558
3            0.02526904
4            0.02302017
5            0.03668277
6            0.03180425
[1] "2022-02-05 17:22:14 --- rxPredict (glm) Finish ---"
[1] "2022-02-05 17:22:14 --- add key Start ---"
[1] "nrow(OutputDataSet) add KeyColmn=13372"
[1] "str(OutputDataSet) after add Key"
'data.frame':	13372 obs. of  2 variables:
 $ RaceHorse.RaceId  : Factor w/ 1456 levels "20160417-06-03-08-08",..: 1 2 2 3 4 5 6 7 8 9 ...
 $ RaceHorse.KettoNum: Factor w/ 2486 levels "2008100444","2008100933",..: 1 2 3 3 4 4 4 4 4 4 ...
NULL
[1] "2022-02-05 17:22:14 --- add key Finish ---"
[1] "2022-02-05 17:22:14 --- add PredictValue Start ---"
[1] "str(PredictDataSet) before rename="
[1] "colnames(PredictDataSet)=RaceHorse.IsHitA_Pred"
[1] "str(PredictDataSet) after rename="
'data.frame':	13372 obs. of  1 variable:
 $ PredictValue: num  0.0374 0.0123 0.0253 0.023 0.0367 ...
NULL
[1] "str(OutputDataSet) before cbind="
'data.frame':	13372 obs. of  2 variables:
 $ RaceHorse.RaceId  : Factor w/ 1456 levels "20160417-06-03-08-08",..: 1 2 2 3 4 5 6 7 8 9 ...
 $ RaceHorse.KettoNum: Factor w/ 2486 levels "2008100444","2008100933",..: 1 2 3 3 4 4 4 4 4 4 ...
NULL
[1] "str(OutputDataSet) after cbind="
'data.frame':	13372 obs. of  3 variables:
 $ RaceHorse.RaceId  : Factor w/ 1456 levels "20160417-06-03-08-08",..: 1 2 2 3 4 5 6 7 8 9 ...
 $ RaceHorse.KettoNum: Factor w/ 2486 levels "2008100444","2008100933",..: 1 2 3 3 4 4 4 4 4 4 ...
 $ PredictValue      : num  0.0374 0.0123 0.0253 0.023 0.0367 ...
NULL
[1] "2022-02-05 17:22:14 --- add PredictValue Finish ---"
[1] "2022-02-05 17:22:14 --- final Start ---"
[1] "nrow(OutputDataSet) final=13372"
[1] "head(OutputDataSet)="
      RaceHorse.RaceId RaceHorse.KettoNum PredictValue
1 20160417-06-03-08-08         2008100444   0.03743399
2 20160417-03-01-04-11         2008100933   0.01228558
3 20160417-03-01-04-11         2008101592   0.02526904
4 20160501-05-02-04-09         2008101592   0.02302017
5 20160124-08-01-08-09         2008101645   0.03668277
6 20160220-08-02-07-09         2008101645   0.03180425
[1] "str(OutputDataSet)="
'data.frame':	13372 obs. of  3 variables:
 $ RaceHorse.RaceId  : Factor w/ 1456 levels "20160417-06-03-08-08",..: 1 2 2 3 4 5 6 7 8 9 ...
 $ RaceHorse.KettoNum: Factor w/ 2486 levels "2008100444","2008100933",..: 1 2 3 3 4 4 4 4 4 4 ...
 $ PredictValue      : num  0.0374 0.0123 0.0253 0.023 0.0367 ...
NULL
[1] "2022-02-05 17:22:14 --- final Finish ---"
[1] "2022-02-05 17:22:14 --- predict.R Finished ---"
[1] "2022-02-05 17:22:14 --- log Finish ---"
