[1] "2022-02-05 17:51:13 --- D1113_Predict_glm_Odds_IsHitA_Type21 Start ---"
[1] "2022-02-05 17:51:13 --- Log Start ---"
[1] "2022-02-05 17:51:13 --- predict.R Start ---"
[1] "analyzeVersion=D1113"
[1] "analyzeCategory=Predict"
[1] "analyzeType=Odds"
[1] "analyzeFamily=IsHitA"
[1] "analyzeFunc=glm"
[1] "analyzeTrackTypeCd=2"
[1] "analyzeJyokenCd=1"
[1] "2022-02-05 17:51:15 --- source_function.R Start ---"
[1] "2022-02-05 17:51:15 --- source_function.R Finished ---"

> print(paste0(Sys.time(), " --- source_library.R Start ---"))
[1] "2022-02-05 17:51:15 --- source_library.R Start ---"

> require("RevoScaleR")

> print(paste0(Sys.time(), " --- source_library.R Finished ---"))
[1] "2022-02-05 17:51:15 --- source_library.R Finished ---"
[1] "2022-02-05 17:51:16 --- Load Start ---"
[1] "loadFilename=RData_Analyze_glm_Odds_Type21.RData"
[1] "2022-02-05 17:51:17 --- Load Finished ---"
[1] "2022-02-05 17:51:17 --- RxSqlServerData Start ---"
[1] "sqlQuery=SELECT * FROM ViewAnalyzeD1113analyze01OddsType21 WHERE [Race.IsPredictedRace] = 1"
Rows Read: 5581, Total Rows Processed: 5581, Total Chunk Time: 0.853 seconds 
[1] "head(InputDataSet)="
           Race.RaceId Race.IsPredictedRace Race.IsAnalyzeNormalPastAndFuture
1 20160131-05-01-02-11                 TRUE                              TRUE
2 20160131-05-01-02-11                 TRUE                              TRUE
3 20160131-05-01-02-11                 TRUE                              TRUE
4 20160206-08-02-03-11                 TRUE                              TRUE
5 20160206-08-02-03-11                 TRUE                              TRUE
6 20160206-08-02-03-11                 TRUE                              TRUE
  Race.IsAnalyzeNormalPast Race.IsAnalyzeNormalFuture
1                     TRUE                      FALSE
2                     TRUE                      FALSE
3                     TRUE                      FALSE
4                     TRUE                      FALSE
5                     TRUE                      FALSE
6                     TRUE                      FALSE
  Race.IsAnalyzeFullPastAndFuture Race.IsAnalyzeFullPast
1                            TRUE                   TRUE
2                            TRUE                   TRUE
3                            TRUE                   TRUE
4                            TRUE                   TRUE
5                            TRUE                   TRUE
6                            TRUE                   TRUE
  Race.IsAnalyzeFullFuture Race.JyokenCd Race.JyoType1Cd   Race.RaceType0Cd
1                    FALSE             1     2-05-1400-2 2-05-1400-2-1-C-14
2                    FALSE             1     2-05-1400-2 2-05-1400-2-1-C-14
3                    FALSE             1     2-05-1400-2 2-05-1400-2-1-C-14
4                    FALSE             1     2-08-1900-1 2-08-1900-1-1-E-14
5                    FALSE             1     2-08-1900-1 2-08-1900-1-1-E-14
6                    FALSE             1     2-08-1900-1 2-08-1900-1-1-E-14
  Race.RaceType1Cd Race.RaceType2Cd Race.RaceType3Cd Race.RaceType4Cd
1            2-1-C            2-1-C           1-C-14           2-1-14
2            2-1-C            2-1-C           1-C-14           2-1-14
3            2-1-C            2-1-C           1-C-14           2-1-14
4            2-1-E            2-1-E           1-E-14           2-1-14
5            2-1-E            2-1-E           1-E-14           2-1-14
6            2-1-E            2-1-E           1-E-14           2-1-14
      RaceHorse.RaceId RaceHorse.KettoNum RaceHorse.IsHit1 RaceHorse.IsHit2
1 20160131-05-01-02-11         2007103350                0                0
2 20160131-05-01-02-11         2008102951                0                0
3 20160131-05-01-02-11         2008104812                0                0
4 20160206-08-02-03-11         2009102195                0                0
5 20160206-08-02-03-11         2009106572                0                0
6 20160206-08-02-03-11         2011105545                0                0
  RaceHorse.IsHit3 RaceHorse.IsHit4 RaceHorse.IsHit5 RaceHorse.IsHit6
1                0                0                0                1
2                0                0                0                1
3                0                0                0                1
4                0                0                0                1
5                0                0                1                0
6                0                0                0                1
  RaceHorse.IsValidRaceHorse RaceHorse.IsHitA RaceHorse.IsHitB RaceHorse.IsHitC
1                       TRUE                0                0                0
2                       TRUE                0                0                0
3                       TRUE                0                0                0
4                       TRUE                0                0                0
5                       TRUE                0                0                0
6                       TRUE                0                0                0
  OddsByWin.Odds1 OddsByWin.Ninki OddsByWin.OddsLog1 OddsByWin.OddsRatio1
1           161.1              13           5.088213          0.006246096
2           249.4              14           5.523060          0.004025765
3            21.3               8           3.104587          0.049261084
4            31.4               9           3.478158          0.032894737
5             5.9               4           1.931521          0.204081633
6             4.4               1           1.686399          0.294117647
  OddsByWin.OddsLogit1 OddsByWin.ApprovalRate1 OddsByWin.ApprovalRateLog1 EOF
1            -5.082025             0.006207325                0.006188139   1
2            -5.519058             0.004009623                0.004001606   1
3            -3.058707             0.046948357                0.045879606   1
4            -3.446808             0.031847134                0.031350530   1
5            -1.774952             0.169491525                0.156569061   1
6            -1.481605             0.227272727                0.204794413   1
[1] "object.size(InputDataSet) auto=1.1 Mb"
[1] "nrow(InputDataSet) RxSqlServerData=5581"
[1] "str(InputDataSet)="
'data.frame':	5581 obs. of  35 variables:
 $ Race.RaceId                      : Factor w/ 377 levels "20160221-05-01-08-11",..: 7 7 7 8 8 8 9 9 10 11 ...
 $ Race.IsPredictedRace             : logi  TRUE TRUE TRUE TRUE TRUE TRUE ...
 $ Race.IsAnalyzeNormalPastAndFuture: logi  TRUE TRUE TRUE TRUE TRUE TRUE ...
 $ Race.IsAnalyzeNormalPast         : logi  TRUE TRUE TRUE TRUE TRUE TRUE ...
 $ Race.IsAnalyzeNormalFuture       : logi  FALSE FALSE FALSE FALSE FALSE FALSE ...
 $ Race.IsAnalyzeFullPastAndFuture  : logi  TRUE TRUE TRUE TRUE TRUE TRUE ...
 $ Race.IsAnalyzeFullPast           : logi  TRUE TRUE TRUE TRUE TRUE TRUE ...
 $ Race.IsAnalyzeFullFuture         : logi  FALSE FALSE FALSE FALSE FALSE FALSE ...
 $ Race.JyokenCd                    : Factor w/ 1 level "1": 1 1 1 1 1 1 1 1 1 1 ...
 $ Race.JyoType1Cd                  : Factor w/ 71 levels "2-05-1600-3",..: 3 3 3 7 7 7 8 8 9 10 ...
 $ Race.RaceType0Cd                 : Factor w/ 169 levels "2-05-1600-3-1-A-14",..: 7 7 7 8 8 8 9 9 10 11 ...
 $ Race.RaceType1Cd                 : Factor w/ 5 levels "2-1-A","2-1-E",..: 3 3 3 2 2 2 2 2 2 2 ...
 $ Race.RaceType2Cd                 : Factor w/ 5 levels "2-1-A","2-1-E",..: 3 3 3 2 2 2 2 2 2 2 ...
 $ Race.RaceType3Cd                 : Factor w/ 13 levels "1-A-14","1-E-14",..: 5 5 5 2 2 2 2 2 2 2 ...
 $ Race.RaceType4Cd                 : Factor w/ 4 levels "2-1-14","2-1-13",..: 1 1 1 1 1 1 1 1 1 1 ...
 $ RaceHorse.RaceId                 : Factor w/ 377 levels "20160221-05-01-08-11",..: 7 7 7 8 8 8 9 9 10 11 ...
 $ RaceHorse.KettoNum               : Factor w/ 1172 levels "2010105768","2008102944",..: 11 12 13 14 15 16 17 18 19 4 ...
 $ RaceHorse.IsHit1                 : int  0 0 0 0 0 0 0 0 0 1 ...
 $ RaceHorse.IsHit2                 : int  0 0 0 0 0 0 0 0 0 0 ...
 $ RaceHorse.IsHit3                 : int  0 0 0 0 0 0 0 0 0 0 ...
 $ RaceHorse.IsHit4                 : int  0 0 0 0 0 0 0 0 1 0 ...
 $ RaceHorse.IsHit5                 : int  0 0 0 0 1 0 0 0 0 0 ...
 $ RaceHorse.IsHit6                 : int  1 1 1 1 0 1 1 1 0 0 ...
 $ RaceHorse.IsValidRaceHorse       : logi  TRUE TRUE TRUE TRUE TRUE TRUE ...
 $ RaceHorse.IsHitA                 : int  0 0 0 0 0 0 0 0 0 1 ...
 $ RaceHorse.IsHitB                 : int  0 0 0 0 0 0 0 0 0 1 ...
 $ RaceHorse.IsHitC                 : int  0 0 0 0 0 0 0 0 0 1 ...
 $ OddsByWin.Odds1                  : num  161.1 249.4 21.3 31.4 5.9 ...
 $ OddsByWin.Ninki                  : num  13 14 8 9 4 1 13 1 7 1 ...
 $ OddsByWin.OddsLog1               : num  5.09 5.52 3.1 3.48 1.93 ...
 $ OddsByWin.OddsRatio1             : num  0.00625 0.00403 0.04926 0.03289 0.20408 ...
 $ OddsByWin.OddsLogit1             : num  -5.08 -5.52 -3.06 -3.45 -1.77 ...
 $ OddsByWin.ApprovalRate1          : num  0.00621 0.00401 0.04695 0.03185 0.16949 ...
 $ OddsByWin.ApprovalRateLog1       : num  0.00619 0.004 0.04588 0.03135 0.15657 ...
 $ EOF                              : int  1 1 1 1 1 1 1 1 1 1 ...
[1] "2022-02-05 17:51:27 --- RxSqlServerData Finish ---"
[1] "2022-02-05 17:51:27 --- subset Start ---"
[1] "nrow(InputDataSet) subset before=5581"
[1] "nrow(InputDataSet) subset after=5581"
[1] "nrow(InputDataSet) subset diff=0"
[1] "class(InputDataSet$Race.IsAnalyzeNormalPast)=logical"
[1] "class(InputDataSet$Race.analyzeTrackTypeCd)=NULL"
[1] "2022-02-05 17:51:27 --- subset Finish ---"
[1] "2022-02-05 17:51:27 --- transform Start ---"
[1] "nrow(InputDataSet) transaform before=5581"
[1] "nrow(InputDataSet) transaform after=5581"
[1] "nrow(InputDataSet) transaform diff=0"
[1] "str(InputDataSet)="
'data.frame':	5581 obs. of  35 variables:
 $ Race.RaceId                      : Factor w/ 377 levels "20160221-05-01-08-11",..: 7 7 7 8 8 8 9 9 10 11 ...
 $ Race.IsPredictedRace             : logi  TRUE TRUE TRUE TRUE TRUE TRUE ...
 $ Race.IsAnalyzeNormalPastAndFuture: logi  TRUE TRUE TRUE TRUE TRUE TRUE ...
 $ Race.IsAnalyzeNormalPast         : logi  TRUE TRUE TRUE TRUE TRUE TRUE ...
 $ Race.IsAnalyzeNormalFuture       : logi  FALSE FALSE FALSE FALSE FALSE FALSE ...
 $ Race.IsAnalyzeFullPastAndFuture  : logi  TRUE TRUE TRUE TRUE TRUE TRUE ...
 $ Race.IsAnalyzeFullPast           : logi  TRUE TRUE TRUE TRUE TRUE TRUE ...
 $ Race.IsAnalyzeFullFuture         : logi  FALSE FALSE FALSE FALSE FALSE FALSE ...
 $ Race.JyokenCd                    : Factor w/ 1 level "1": 1 1 1 1 1 1 1 1 1 1 ...
 $ Race.JyoType1Cd                  : Factor w/ 71 levels "2-05-1600-3",..: 3 3 3 7 7 7 8 8 9 10 ...
 $ Race.RaceType0Cd                 : Factor w/ 169 levels "2-05-1600-3-1-A-14",..: 7 7 7 8 8 8 9 9 10 11 ...
 $ Race.RaceType1Cd                 : Factor w/ 5 levels "2-1-A","2-1-E",..: 3 3 3 2 2 2 2 2 2 2 ...
 $ Race.RaceType2Cd                 : Factor w/ 5 levels "2-1-A","2-1-E",..: 3 3 3 2 2 2 2 2 2 2 ...
 $ Race.RaceType3Cd                 : Factor w/ 13 levels "1-A-14","1-E-14",..: 5 5 5 2 2 2 2 2 2 2 ...
 $ Race.RaceType4Cd                 : Factor w/ 4 levels "2-1-14","2-1-13",..: 1 1 1 1 1 1 1 1 1 1 ...
 $ RaceHorse.RaceId                 : Factor w/ 377 levels "20160221-05-01-08-11",..: 7 7 7 8 8 8 9 9 10 11 ...
 $ RaceHorse.KettoNum               : Factor w/ 1172 levels "2010105768","2008102944",..: 11 12 13 14 15 16 17 18 19 4 ...
 $ RaceHorse.IsHit1                 : int  0 0 0 0 0 0 0 0 0 1 ...
 $ RaceHorse.IsHit2                 : int  0 0 0 0 0 0 0 0 0 0 ...
 $ RaceHorse.IsHit3                 : int  0 0 0 0 0 0 0 0 0 0 ...
 $ RaceHorse.IsHit4                 : int  0 0 0 0 0 0 0 0 1 0 ...
 $ RaceHorse.IsHit5                 : int  0 0 0 0 1 0 0 0 0 0 ...
 $ RaceHorse.IsHit6                 : int  1 1 1 1 0 1 1 1 0 0 ...
 $ RaceHorse.IsValidRaceHorse       : logi  TRUE TRUE TRUE TRUE TRUE TRUE ...
 $ RaceHorse.IsHitA                 : int  0 0 0 0 0 0 0 0 0 1 ...
 $ RaceHorse.IsHitB                 : int  0 0 0 0 0 0 0 0 0 1 ...
 $ RaceHorse.IsHitC                 : int  0 0 0 0 0 0 0 0 0 1 ...
 $ OddsByWin.Odds1                  : num  161.1 249.4 21.3 31.4 5.9 ...
 $ OddsByWin.Ninki                  : num  13 14 8 9 4 1 13 1 7 1 ...
 $ OddsByWin.OddsLog1               : num  5.09 5.52 3.1 3.48 1.93 ...
 $ OddsByWin.OddsRatio1             : num  0.00625 0.00403 0.04926 0.03289 0.20408 ...
 $ OddsByWin.OddsLogit1             : num  -5.08 -5.52 -3.06 -3.45 -1.77 ...
 $ OddsByWin.ApprovalRate1          : num  0.00621 0.00401 0.04695 0.03185 0.16949 ...
 $ OddsByWin.ApprovalRateLog1       : num  0.00619 0.004 0.04588 0.03135 0.15657 ...
 $ EOF                              : int  1 1 1 1 1 1 1 1 1 1 ...
NULL
[1] "2022-02-05 17:51:30 --- transform Finish ---"
[1] "2022-02-05 17:51:30 --- na.omit Start ---"
[1] "nrow(InputDataSet) na.omit before=5581"
[1] "nrow(InputDataSet) na.omit after=5561"
[1] "nrow(InputDataSet) na.omit diff=20"
[1] "2022-02-05 17:51:30 --- na.omit Finish---"
[1] "2022-02-05 17:51:30 --- New Levels Start ---"
[1] "levels(data$Race.RaceType1Cd)=2-1-E" "levels(data$Race.RaceType1Cd)=2-1-C"
[3] "levels(data$Race.RaceType1Cd)=2-1-A" "levels(data$Race.RaceType1Cd)=2-1-B"
[5] "levels(data$Race.RaceType1Cd)=2-1-L"
[1] "levels(InputDataSet$Race.RaceType1Cd)=2-1-A"
[2] "levels(InputDataSet$Race.RaceType1Cd)=2-1-E"
[3] "levels(InputDataSet$Race.RaceType1Cd)=2-1-C"
[4] "levels(InputDataSet$Race.RaceType1Cd)=2-1-B"
[5] "levels(InputDataSet$Race.RaceType1Cd)=2-1-L"
[1] "length(Race.RaceType1Cd.Index)=0"
[1] "2022-02-05 17:51:30 --- New Levels Finish ---"
[1] "2022-02-05 17:51:30 --- na.omit Start ---"
[1] "nrow(InputDataSet) na.omit levels before=5561"
[1] "nrow(InputDataSet) na.omit levels after=5561"
[1] "nrow(InputDataSet) na.omit levels diff=0"
[1] "2022-02-05 17:51:31 --- na.omit Finish ---"
[1] "2022-02-05 17:51:31 --- Predict InputDataSet Start ---"
[1] "nrow(InputDataSet) predict=5561"
[1] "str(InputDataSet)="
'data.frame':	5561 obs. of  35 variables:
 $ Race.RaceId                      : Factor w/ 377 levels "20160221-05-01-08-11",..: 7 7 7 8 8 8 9 9 10 11 ...
 $ Race.IsPredictedRace             : logi  TRUE TRUE TRUE TRUE TRUE TRUE ...
 $ Race.IsAnalyzeNormalPastAndFuture: logi  TRUE TRUE TRUE TRUE TRUE TRUE ...
 $ Race.IsAnalyzeNormalPast         : logi  TRUE TRUE TRUE TRUE TRUE TRUE ...
 $ Race.IsAnalyzeNormalFuture       : logi  FALSE FALSE FALSE FALSE FALSE FALSE ...
 $ Race.IsAnalyzeFullPastAndFuture  : logi  TRUE TRUE TRUE TRUE TRUE TRUE ...
 $ Race.IsAnalyzeFullPast           : logi  TRUE TRUE TRUE TRUE TRUE TRUE ...
 $ Race.IsAnalyzeFullFuture         : logi  FALSE FALSE FALSE FALSE FALSE FALSE ...
 $ Race.JyokenCd                    : Factor w/ 1 level "1": 1 1 1 1 1 1 1 1 1 1 ...
 $ Race.JyoType1Cd                  : Factor w/ 71 levels "2-05-1600-3",..: 3 3 3 7 7 7 8 8 9 10 ...
 $ Race.RaceType0Cd                 : Factor w/ 169 levels "2-05-1600-3-1-A-14",..: 7 7 7 8 8 8 9 9 10 11 ...
 $ Race.RaceType1Cd                 : Factor w/ 5 levels "2-1-A","2-1-E",..: 3 3 3 2 2 2 2 2 2 2 ...
 $ Race.RaceType2Cd                 : Factor w/ 5 levels "2-1-A","2-1-E",..: 3 3 3 2 2 2 2 2 2 2 ...
 $ Race.RaceType3Cd                 : Factor w/ 13 levels "1-A-14","1-E-14",..: 5 5 5 2 2 2 2 2 2 2 ...
 $ Race.RaceType4Cd                 : Factor w/ 4 levels "2-1-14","2-1-13",..: 1 1 1 1 1 1 1 1 1 1 ...
 $ RaceHorse.RaceId                 : Factor w/ 377 levels "20160221-05-01-08-11",..: 7 7 7 8 8 8 9 9 10 11 ...
 $ RaceHorse.KettoNum               : Factor w/ 1172 levels "2010105768","2008102944",..: 11 12 13 14 15 16 17 18 19 4 ...
 $ RaceHorse.IsHit1                 : int  0 0 0 0 0 0 0 0 0 1 ...
 $ RaceHorse.IsHit2                 : int  0 0 0 0 0 0 0 0 0 0 ...
 $ RaceHorse.IsHit3                 : int  0 0 0 0 0 0 0 0 0 0 ...
 $ RaceHorse.IsHit4                 : int  0 0 0 0 0 0 0 0 1 0 ...
 $ RaceHorse.IsHit5                 : int  0 0 0 0 1 0 0 0 0 0 ...
 $ RaceHorse.IsHit6                 : int  1 1 1 1 0 1 1 1 0 0 ...
 $ RaceHorse.IsValidRaceHorse       : logi  TRUE TRUE TRUE TRUE TRUE TRUE ...
 $ RaceHorse.IsHitA                 : int  0 0 0 0 0 0 0 0 0 1 ...
 $ RaceHorse.IsHitB                 : int  0 0 0 0 0 0 0 0 0 1 ...
 $ RaceHorse.IsHitC                 : int  0 0 0 0 0 0 0 0 0 1 ...
 $ OddsByWin.Odds1                  : num  161.1 249.4 21.3 31.4 5.9 ...
 $ OddsByWin.Ninki                  : num  13 14 8 9 4 1 13 1 7 1 ...
 $ OddsByWin.OddsLog1               : num  5.09 5.52 3.1 3.48 1.93 ...
 $ OddsByWin.OddsRatio1             : num  0.00625 0.00403 0.04926 0.03289 0.20408 ...
 $ OddsByWin.OddsLogit1             : num  -5.08 -5.52 -3.06 -3.45 -1.77 ...
 $ OddsByWin.ApprovalRate1          : num  0.00621 0.00401 0.04695 0.03185 0.16949 ...
 $ OddsByWin.ApprovalRateLog1       : num  0.00619 0.004 0.04588 0.03135 0.15657 ...
 $ EOF                              : int  1 1 1 1 1 1 1 1 1 1 ...
 - attr(*, "na.action")= 'omit' Named int  229 446 475 565 574 1704 2160 2376 2425 2625 ...
  ..- attr(*, "names")= chr  "229" "446" "475" "565" ...
[1] "2022-02-05 17:51:32 --- Predict InputDataSet Finish ---"
[1] "2022-02-05 17:51:32 --- rxPredict (glm) Start ---"
[1] "analyzeFunc=glm"
Rows Read: 5561, Total Rows Processed: 5561, Total Chunk Time: Less than .001 seconds 
[1] "nrow(PredictDataSet) afte predict=5561"
[1] "str(PredictDataSet)"
'data.frame':	5561 obs. of  1 variable:
 $ RaceHorse.IsHitA_Pred: num  0.00303 0.00179 0.03416 0.02162 0.1436 ...
NULL
[1] "head(PredictDataSet) afte predict="
  RaceHorse.IsHitA_Pred
1           0.003034846
2           0.001788956
3           0.034162701
4           0.021619095
5           0.143603697
6           0.193086907
[1] "2022-02-05 17:51:32 --- rxPredict (glm) Finish ---"
[1] "2022-02-05 17:51:32 --- add key Start ---"
[1] "nrow(OutputDataSet) add KeyColmn=5561"
[1] "str(OutputDataSet) after add Key"
'data.frame':	5561 obs. of  2 variables:
 $ RaceHorse.RaceId  : Factor w/ 377 levels "20160221-05-01-08-11",..: 7 7 7 8 8 8 9 9 10 11 ...
 $ RaceHorse.KettoNum: Factor w/ 1172 levels "2010105768","2008102944",..: 11 12 13 14 15 16 17 18 19 4 ...
NULL
[1] "2022-02-05 17:51:32 --- add key Finish ---"
[1] "2022-02-05 17:51:32 --- add PredictValue Start ---"
[1] "str(PredictDataSet) before rename="
[1] "colnames(PredictDataSet)=RaceHorse.IsHitA_Pred"
[1] "str(PredictDataSet) after rename="
'data.frame':	5561 obs. of  1 variable:
 $ PredictValue: num  0.00303 0.00179 0.03416 0.02162 0.1436 ...
NULL
[1] "str(OutputDataSet) before cbind="
'data.frame':	5561 obs. of  2 variables:
 $ RaceHorse.RaceId  : Factor w/ 377 levels "20160221-05-01-08-11",..: 7 7 7 8 8 8 9 9 10 11 ...
 $ RaceHorse.KettoNum: Factor w/ 1172 levels "2010105768","2008102944",..: 11 12 13 14 15 16 17 18 19 4 ...
NULL
[1] "str(OutputDataSet) after cbind="
'data.frame':	5561 obs. of  3 variables:
 $ RaceHorse.RaceId  : Factor w/ 377 levels "20160221-05-01-08-11",..: 7 7 7 8 8 8 9 9 10 11 ...
 $ RaceHorse.KettoNum: Factor w/ 1172 levels "2010105768","2008102944",..: 11 12 13 14 15 16 17 18 19 4 ...
 $ PredictValue      : num  0.00303 0.00179 0.03416 0.02162 0.1436 ...
NULL
[1] "2022-02-05 17:51:32 --- add PredictValue Finish ---"
[1] "2022-02-05 17:51:32 --- final Start ---"
[1] "nrow(OutputDataSet) final=5561"
[1] "head(OutputDataSet)="
      RaceHorse.RaceId RaceHorse.KettoNum PredictValue
1 20160131-05-01-02-11         2007103350  0.003034846
2 20160131-05-01-02-11         2008102951  0.001788956
3 20160131-05-01-02-11         2008104812  0.034162701
4 20160206-08-02-03-11         2009102195  0.021619095
5 20160206-08-02-03-11         2009106572  0.143603697
6 20160206-08-02-03-11         2011105545  0.193086907
[1] "str(OutputDataSet)="
'data.frame':	5561 obs. of  3 variables:
 $ RaceHorse.RaceId  : Factor w/ 377 levels "20160221-05-01-08-11",..: 7 7 7 8 8 8 9 9 10 11 ...
 $ RaceHorse.KettoNum: Factor w/ 1172 levels "2010105768","2008102944",..: 11 12 13 14 15 16 17 18 19 4 ...
 $ PredictValue      : num  0.00303 0.00179 0.03416 0.02162 0.1436 ...
NULL
[1] "2022-02-05 17:51:32 --- final Finish ---"
[1] "2022-02-05 17:51:32 --- predict.R Finished ---"
[1] "2022-02-05 17:51:32 --- log Finish ---"
