[1] "2022-02-05 17:22:16 --- D1113_Predict_glm_Jockey_IsHitA_Type11 Start ---"
[1] "2022-02-05 17:22:16 --- Log Start ---"
[1] "2022-02-05 17:22:16 --- predict.R Start ---"
[1] "analyzeVersion=D1113"
[1] "analyzeCategory=Predict"
[1] "analyzeType=Jockey"
[1] "analyzeFamily=IsHitA"
[1] "analyzeFunc=glm"
[1] "analyzeTrackTypeCd=1"
[1] "analyzeJyokenCd=1"
[1] "2022-02-05 17:22:17 --- source_function.R Start ---"
[1] "2022-02-05 17:22:17 --- source_function.R Finished ---"

> print(paste0(Sys.time(), " --- source_library.R Start ---"))
[1] "2022-02-05 17:22:17 --- source_library.R Start ---"

> require("RevoScaleR")

> print(paste0(Sys.time(), " --- source_library.R Finished ---"))
[1] "2022-02-05 17:22:17 --- source_library.R Finished ---"
[1] "2022-02-05 17:22:17 --- Load Start ---"
[1] "loadFilename=RData_Analyze_glm_Jockey_Type11.RData"
[1] "2022-02-05 17:22:17 --- Load Finished ---"
[1] "2022-02-05 17:22:17 --- RxSqlServerData Start ---"
[1] "sqlQuery=SELECT * FROM ViewAnalyzeD1113analyze01JockeyType11 WHERE [Race.IsPredictedRace] = 1"
Rows Read: 15435, Total Rows Processed: 15435, Total Chunk Time: 79.765 seconds 
[1] "head(InputDataSet)="
           Race.RaceId Race.IsPredictedRace Race.IsAnalyzeNormalPastAndFuture
1 20160313-09-01-06-11                 TRUE                              TRUE
2 20160313-09-01-06-11                 TRUE                              TRUE
3 20160313-09-01-06-11                 TRUE                              TRUE
4 20160313-09-01-06-11                 TRUE                              TRUE
5 20160313-09-01-06-11                 TRUE                              TRUE
6 20160313-09-01-06-11                 TRUE                              TRUE
  Race.IsAnalyzeNormalPast Race.IsAnalyzeNormalFuture
1                     TRUE                      FALSE
2                     TRUE                      FALSE
3                     TRUE                      FALSE
4                     TRUE                      FALSE
5                     TRUE                      FALSE
6                     TRUE                      FALSE
  Race.IsAnalyzeFullPastAndFuture Race.IsAnalyzeFullPast
1                            TRUE                   TRUE
2                            TRUE                   TRUE
3                            TRUE                   TRUE
4                            TRUE                   TRUE
5                            TRUE                   TRUE
6                            TRUE                   TRUE
  Race.IsAnalyzeFullFuture Race.JyokenCd Race.JyoType1Cd   Race.RaceType0Cd
1                    FALSE             1     1-09-1400-1 1-09-1400-1-1-B-12
2                    FALSE             1     1-09-1400-1 1-09-1400-1-1-B-12
3                    FALSE             1     1-09-1400-1 1-09-1400-1-1-B-12
4                    FALSE             1     1-09-1400-1 1-09-1400-1-1-B-12
5                    FALSE             1     1-09-1400-1 1-09-1400-1-1-B-12
6                    FALSE             1     1-09-1400-1 1-09-1400-1-1-B-12
  Race.RaceType1Cd Race.RaceType2Cd Race.RaceType3Cd Race.RaceType4Cd
1            1-1-B            1-1-B           1-B-12           1-1-12
2            1-1-B            1-1-B           1-B-12           1-1-12
3            1-1-B            1-1-B           1-B-12           1-1-12
4            1-1-B            1-1-B           1-B-12           1-1-12
5            1-1-B            1-1-B           1-B-12           1-1-12
6            1-1-B            1-1-B           1-B-12           1-1-12
      RaceHorse.RaceId RaceHorse.KettoNum RaceHorse.IsHit1 RaceHorse.IsHit2
1 20160313-09-01-06-11         2013100579                0                0
2 20160313-09-01-06-11         2013103292                0                0
3 20160313-09-01-06-11         2013104016                0                0
4 20160313-09-01-06-11         2013100315                0                0
5 20160313-09-01-06-11         2013106160                0                0
6 20160313-09-01-06-11         2013100787                0                0
  RaceHorse.IsHit3 RaceHorse.IsHit4 RaceHorse.IsHit5 RaceHorse.IsHit6
1                0                0                0                1
2                0                1                0                0
3                0                0                0                1
4                0                0                0                1
5                0                0                0                1
6                0                0                0                1
  RaceHorse.IsValidRaceHorse RaceHorse.IsHitA RaceHorse.IsHitB RaceHorse.IsHitC
1                       TRUE                0                0                0
2                       TRUE                0                0                0
3                       TRUE                0                0                0
4                       TRUE                0                0                0
5                       TRUE                0                0                0
6                       TRUE                0                0                0
  Jockey.KisyuCode Jockey.TimeDvByRaceAvg Jockey.TimeDvByRaceMax
1            00700               50.42878               65.46778
2            01125               46.26792               57.39411
3            01124               40.66329               53.93295
4            01038               47.71085               57.59504
5            01075               49.70347               65.97871
6            01117               49.16331               64.53296
  Jockey.RunCount Jockey.HitCount1 Jockey.HitCount2 Jockey.HitCount3
1              47                1                6                3
2              14                0                0                0
3              14                0                0                0
4               3                0                0                0
5              58                5                8                3
6              14                1                1                0
  Jockey.HitCount4 Jockey.HitCount5 Jockey.HitRate1 Jockey.HitRate2
1                3                4      0.02127660      0.12765957
2                1                0      0.00000000      0.00000000
3                0                0      0.00000000      0.00000000
4                1                0      0.00000000      0.00000000
5                3                3      0.08620690      0.13793103
6                0                0      0.07142857      0.07142857
  Jockey.HitRate3 Jockey.HitRate4 Jockey.HitRate5 EOF
1      0.06382979      0.06382979      0.08510638   1
2      0.00000000      0.07142857      0.00000000   1
3      0.00000000      0.00000000      0.00000000   1
4      0.00000000      0.33333333      0.00000000   1
5      0.05172414      0.05172414      0.05172414   1
6      0.00000000      0.00000000      0.00000000   1
[1] "object.size(InputDataSet) auto=3.4 Mb"
[1] "nrow(InputDataSet) RxSqlServerData=15435"
[1] "str(InputDataSet)="
'data.frame':	15435 obs. of  42 variables:
 $ Race.RaceId                      : Factor w/ 1139 levels "20160110-08-01-03-11",..: 2 2 2 2 2 2 2 2 2 2 ...
 $ Race.IsPredictedRace             : logi  TRUE TRUE TRUE TRUE TRUE TRUE ...
 $ Race.IsAnalyzeNormalPastAndFuture: logi  TRUE TRUE TRUE TRUE TRUE TRUE ...
 $ Race.IsAnalyzeNormalPast         : logi  TRUE TRUE TRUE TRUE TRUE TRUE ...
 $ Race.IsAnalyzeNormalFuture       : logi  FALSE FALSE FALSE FALSE FALSE FALSE ...
 $ Race.IsAnalyzeFullPastAndFuture  : logi  TRUE TRUE TRUE TRUE TRUE TRUE ...
 $ Race.IsAnalyzeFullPast           : logi  TRUE TRUE TRUE TRUE TRUE TRUE ...
 $ Race.IsAnalyzeFullFuture         : logi  FALSE FALSE FALSE FALSE FALSE FALSE ...
 $ Race.JyokenCd                    : Factor w/ 1 level "1": 1 1 1 1 1 1 1 1 1 1 ...
 $ Race.JyoType1Cd                  : Factor w/ 156 levels "1-08-1600-1",..: 2 2 2 2 2 2 2 2 2 2 ...
 $ Race.RaceType0Cd                 : Factor w/ 425 levels "1-08-1600-1-1-C-12",..: 2 2 2 2 2 2 2 2 2 2 ...
 $ Race.RaceType1Cd                 : Factor w/ 6 levels "1-1-C","1-1-B",..: 2 2 2 2 2 2 2 2 2 2 ...
 $ Race.RaceType2Cd                 : Factor w/ 6 levels "1-1-C","1-1-B",..: 2 2 2 2 2 2 2 2 2 2 ...
 $ Race.RaceType3Cd                 : Factor w/ 22 levels "1-C-12","1-B-12",..: 2 2 2 2 2 2 2 2 2 2 ...
 $ Race.RaceType4Cd                 : Factor w/ 4 levels "1-1-12","1-1-14",..: 1 1 1 1 1 1 1 1 1 1 ...
 $ RaceHorse.RaceId                 : Factor w/ 1139 levels "20160110-08-01-03-11",..: 2 2 2 2 2 2 2 2 2 2 ...
 $ RaceHorse.KettoNum               : Factor w/ 3622 levels "2013103740","2013102547",..: 11 12 13 14 15 16 17 18 19 20 ...
 $ RaceHorse.IsHit1                 : int  0 0 0 0 0 0 0 0 0 0 ...
 $ RaceHorse.IsHit2                 : int  0 0 0 0 0 0 0 0 0 0 ...
 $ RaceHorse.IsHit3                 : int  0 0 0 0 0 0 0 0 0 1 ...
 $ RaceHorse.IsHit4                 : int  0 1 0 0 0 0 0 0 0 0 ...
 $ RaceHorse.IsHit5                 : int  0 0 0 0 0 0 0 0 0 0 ...
 $ RaceHorse.IsHit6                 : int  1 0 1 1 1 1 1 1 1 0 ...
 $ RaceHorse.IsValidRaceHorse       : logi  TRUE TRUE TRUE TRUE TRUE TRUE ...
 $ RaceHorse.IsHitA                 : int  0 0 0 0 0 0 0 0 0 0 ...
 $ RaceHorse.IsHitB                 : int  0 0 0 0 0 0 0 0 0 0 ...
 $ RaceHorse.IsHitC                 : int  0 0 0 0 0 0 0 0 0 1 ...
 $ Jockey.KisyuCode                 : Factor w/ 183 levels "01126","01018",..: 11 12 13 14 15 16 2 17 18 3 ...
 $ Jockey.TimeDvByRaceAvg           : num  50.4 46.3 40.7 47.7 49.7 ...
 $ Jockey.TimeDvByRaceMax           : num  65.5 57.4 53.9 57.6 66 ...
 $ Jockey.RunCount                  : int  47 14 14 3 58 14 62 29 12 87 ...
 $ Jockey.HitCount1                 : int  1 0 0 0 5 1 2 7 1 13 ...
 $ Jockey.HitCount2                 : int  6 0 0 0 8 1 3 3 1 9 ...
 $ Jockey.HitCount3                 : int  3 0 0 0 3 0 6 1 3 11 ...
 $ Jockey.HitCount4                 : int  3 1 0 1 3 0 2 1 2 4 ...
 $ Jockey.HitCount5                 : int  4 0 0 0 3 0 5 3 2 7 ...
 $ Jockey.HitRate1                  : num  0.0213 0 0 0 0.0862 ...
 $ Jockey.HitRate2                  : num  0.128 0 0 0 0.138 ...
 $ Jockey.HitRate3                  : num  0.0638 0 0 0 0.0517 ...
 $ Jockey.HitRate4                  : num  0.0638 0.0714 0 0.3333 0.0517 ...
 $ Jockey.HitRate5                  : num  0.0851 0 0 0 0.0517 ...
 $ EOF                              : int  1 1 1 1 1 1 1 1 1 1 ...
[1] "2022-02-05 17:24:30 --- RxSqlServerData Finish ---"
[1] "2022-02-05 17:24:30 --- subset Start ---"
[1] "nrow(InputDataSet) subset before=15435"
[1] "nrow(InputDataSet) subset after=15435"
[1] "nrow(InputDataSet) subset diff=0"
[1] "class(InputDataSet$Race.IsAnalyzeNormalPast)=logical"
[1] "class(InputDataSet$Race.analyzeTrackTypeCd)=NULL"
[1] "2022-02-05 17:24:30 --- subset Finish ---"
[1] "2022-02-05 17:24:30 --- transform Start ---"
[1] "nrow(InputDataSet) transaform before=15435"
[1] "nrow(InputDataSet) transaform after=15435"
[1] "nrow(InputDataSet) transaform diff=0"
[1] "str(InputDataSet)="
'data.frame':	15435 obs. of  42 variables:
 $ Race.RaceId                      : Factor w/ 1139 levels "20160110-08-01-03-11",..: 2 2 2 2 2 2 2 2 2 2 ...
 $ Race.IsPredictedRace             : logi  TRUE TRUE TRUE TRUE TRUE TRUE ...
 $ Race.IsAnalyzeNormalPastAndFuture: logi  TRUE TRUE TRUE TRUE TRUE TRUE ...
 $ Race.IsAnalyzeNormalPast         : logi  TRUE TRUE TRUE TRUE TRUE TRUE ...
 $ Race.IsAnalyzeNormalFuture       : logi  FALSE FALSE FALSE FALSE FALSE FALSE ...
 $ Race.IsAnalyzeFullPastAndFuture  : logi  TRUE TRUE TRUE TRUE TRUE TRUE ...
 $ Race.IsAnalyzeFullPast           : logi  TRUE TRUE TRUE TRUE TRUE TRUE ...
 $ Race.IsAnalyzeFullFuture         : logi  FALSE FALSE FALSE FALSE FALSE FALSE ...
 $ Race.JyokenCd                    : Factor w/ 1 level "1": 1 1 1 1 1 1 1 1 1 1 ...
 $ Race.JyoType1Cd                  : Factor w/ 156 levels "1-08-1600-1",..: 2 2 2 2 2 2 2 2 2 2 ...
 $ Race.RaceType0Cd                 : Factor w/ 425 levels "1-08-1600-1-1-C-12",..: 2 2 2 2 2 2 2 2 2 2 ...
 $ Race.RaceType1Cd                 : Factor w/ 6 levels "1-1-C","1-1-B",..: 2 2 2 2 2 2 2 2 2 2 ...
 $ Race.RaceType2Cd                 : Factor w/ 6 levels "1-1-C","1-1-B",..: 2 2 2 2 2 2 2 2 2 2 ...
 $ Race.RaceType3Cd                 : Factor w/ 22 levels "1-C-12","1-B-12",..: 2 2 2 2 2 2 2 2 2 2 ...
 $ Race.RaceType4Cd                 : Factor w/ 4 levels "1-1-12","1-1-14",..: 1 1 1 1 1 1 1 1 1 1 ...
 $ RaceHorse.RaceId                 : Factor w/ 1139 levels "20160110-08-01-03-11",..: 2 2 2 2 2 2 2 2 2 2 ...
 $ RaceHorse.KettoNum               : Factor w/ 3622 levels "2013103740","2013102547",..: 11 12 13 14 15 16 17 18 19 20 ...
 $ RaceHorse.IsHit1                 : int  0 0 0 0 0 0 0 0 0 0 ...
 $ RaceHorse.IsHit2                 : int  0 0 0 0 0 0 0 0 0 0 ...
 $ RaceHorse.IsHit3                 : int  0 0 0 0 0 0 0 0 0 1 ...
 $ RaceHorse.IsHit4                 : int  0 1 0 0 0 0 0 0 0 0 ...
 $ RaceHorse.IsHit5                 : int  0 0 0 0 0 0 0 0 0 0 ...
 $ RaceHorse.IsHit6                 : int  1 0 1 1 1 1 1 1 1 0 ...
 $ RaceHorse.IsValidRaceHorse       : logi  TRUE TRUE TRUE TRUE TRUE TRUE ...
 $ RaceHorse.IsHitA                 : int  0 0 0 0 0 0 0 0 0 0 ...
 $ RaceHorse.IsHitB                 : int  0 0 0 0 0 0 0 0 0 0 ...
 $ RaceHorse.IsHitC                 : int  0 0 0 0 0 0 0 0 0 1 ...
 $ Jockey.KisyuCode                 : Factor w/ 183 levels "01126","01018",..: 11 12 13 14 15 16 2 17 18 3 ...
 $ Jockey.TimeDvByRaceAvg           : num  50.4 46.3 40.7 47.7 49.7 ...
 $ Jockey.TimeDvByRaceMax           : num  65.5 57.4 53.9 57.6 66 ...
 $ Jockey.RunCount                  : int  47 14 14 3 58 14 62 29 12 87 ...
 $ Jockey.HitCount1                 : int  1 0 0 0 5 1 2 7 1 13 ...
 $ Jockey.HitCount2                 : int  6 0 0 0 8 1 3 3 1 9 ...
 $ Jockey.HitCount3                 : int  3 0 0 0 3 0 6 1 3 11 ...
 $ Jockey.HitCount4                 : int  3 1 0 1 3 0 2 1 2 4 ...
 $ Jockey.HitCount5                 : int  4 0 0 0 3 0 5 3 2 7 ...
 $ Jockey.HitRate1                  : num  0.0213 0 0 0 0.0862 ...
 $ Jockey.HitRate2                  : num  0.128 0 0 0 0.138 ...
 $ Jockey.HitRate3                  : num  0.0638 0 0 0 0.0517 ...
 $ Jockey.HitRate4                  : num  0.0638 0.0714 0 0.3333 0.0517 ...
 $ Jockey.HitRate5                  : num  0.0851 0 0 0 0.0517 ...
 $ EOF                              : int  1 1 1 1 1 1 1 1 1 1 ...
NULL
[1] "2022-02-05 17:24:30 --- transform Finish ---"
[1] "2022-02-05 17:24:30 --- na.omit Start ---"
[1] "nrow(InputDataSet) na.omit before=15435"
[1] "nrow(InputDataSet) na.omit after=15435"
[1] "nrow(InputDataSet) na.omit diff=0"
[1] "2022-02-05 17:24:30 --- na.omit Finish---"
[1] "2022-02-05 17:24:30 --- New Levels Start ---"
[1] "levels(data$Race.RaceType1Cd)=1-1-C" "levels(data$Race.RaceType1Cd)=1-1-E"
[3] "levels(data$Race.RaceType1Cd)=1-1-B" "levels(data$Race.RaceType1Cd)=1-1-A"
[5] "levels(data$Race.RaceType1Cd)=1-1-L" "levels(data$Race.RaceType1Cd)=1-1-D"
[1] "levels(InputDataSet$Race.RaceType1Cd)=1-1-C"
[2] "levels(InputDataSet$Race.RaceType1Cd)=1-1-B"
[3] "levels(InputDataSet$Race.RaceType1Cd)=1-1-E"
[4] "levels(InputDataSet$Race.RaceType1Cd)=1-1-A"
[5] "levels(InputDataSet$Race.RaceType1Cd)=1-1-L"
[6] "levels(InputDataSet$Race.RaceType1Cd)=1-1-D"
[1] "length(Race.RaceType1Cd.Index)=0"
[1] "2022-02-05 17:24:30 --- New Levels Finish ---"
[1] "2022-02-05 17:24:30 --- na.omit Start ---"
[1] "nrow(InputDataSet) na.omit levels before=15435"
[1] "nrow(InputDataSet) na.omit levels after=15435"
[1] "nrow(InputDataSet) na.omit levels diff=0"
[1] "2022-02-05 17:24:30 --- na.omit Finish ---"
[1] "2022-02-05 17:24:30 --- Predict InputDataSet Start ---"
[1] "nrow(InputDataSet) predict=15435"
[1] "str(InputDataSet)="
'data.frame':	15435 obs. of  42 variables:
 $ Race.RaceId                      : Factor w/ 1139 levels "20160110-08-01-03-11",..: 2 2 2 2 2 2 2 2 2 2 ...
 $ Race.IsPredictedRace             : logi  TRUE TRUE TRUE TRUE TRUE TRUE ...
 $ Race.IsAnalyzeNormalPastAndFuture: logi  TRUE TRUE TRUE TRUE TRUE TRUE ...
 $ Race.IsAnalyzeNormalPast         : logi  TRUE TRUE TRUE TRUE TRUE TRUE ...
 $ Race.IsAnalyzeNormalFuture       : logi  FALSE FALSE FALSE FALSE FALSE FALSE ...
 $ Race.IsAnalyzeFullPastAndFuture  : logi  TRUE TRUE TRUE TRUE TRUE TRUE ...
 $ Race.IsAnalyzeFullPast           : logi  TRUE TRUE TRUE TRUE TRUE TRUE ...
 $ Race.IsAnalyzeFullFuture         : logi  FALSE FALSE FALSE FALSE FALSE FALSE ...
 $ Race.JyokenCd                    : Factor w/ 1 level "1": 1 1 1 1 1 1 1 1 1 1 ...
 $ Race.JyoType1Cd                  : Factor w/ 156 levels "1-08-1600-1",..: 2 2 2 2 2 2 2 2 2 2 ...
 $ Race.RaceType0Cd                 : Factor w/ 425 levels "1-08-1600-1-1-C-12",..: 2 2 2 2 2 2 2 2 2 2 ...
 $ Race.RaceType1Cd                 : Factor w/ 6 levels "1-1-C","1-1-B",..: 2 2 2 2 2 2 2 2 2 2 ...
 $ Race.RaceType2Cd                 : Factor w/ 6 levels "1-1-C","1-1-B",..: 2 2 2 2 2 2 2 2 2 2 ...
 $ Race.RaceType3Cd                 : Factor w/ 22 levels "1-C-12","1-B-12",..: 2 2 2 2 2 2 2 2 2 2 ...
 $ Race.RaceType4Cd                 : Factor w/ 4 levels "1-1-12","1-1-14",..: 1 1 1 1 1 1 1 1 1 1 ...
 $ RaceHorse.RaceId                 : Factor w/ 1139 levels "20160110-08-01-03-11",..: 2 2 2 2 2 2 2 2 2 2 ...
 $ RaceHorse.KettoNum               : Factor w/ 3622 levels "2013103740","2013102547",..: 11 12 13 14 15 16 17 18 19 20 ...
 $ RaceHorse.IsHit1                 : int  0 0 0 0 0 0 0 0 0 0 ...
 $ RaceHorse.IsHit2                 : int  0 0 0 0 0 0 0 0 0 0 ...
 $ RaceHorse.IsHit3                 : int  0 0 0 0 0 0 0 0 0 1 ...
 $ RaceHorse.IsHit4                 : int  0 1 0 0 0 0 0 0 0 0 ...
 $ RaceHorse.IsHit5                 : int  0 0 0 0 0 0 0 0 0 0 ...
 $ RaceHorse.IsHit6                 : int  1 0 1 1 1 1 1 1 1 0 ...
 $ RaceHorse.IsValidRaceHorse       : logi  TRUE TRUE TRUE TRUE TRUE TRUE ...
 $ RaceHorse.IsHitA                 : int  0 0 0 0 0 0 0 0 0 0 ...
 $ RaceHorse.IsHitB                 : int  0 0 0 0 0 0 0 0 0 0 ...
 $ RaceHorse.IsHitC                 : int  0 0 0 0 0 0 0 0 0 1 ...
 $ Jockey.KisyuCode                 : Factor w/ 183 levels "01126","01018",..: 11 12 13 14 15 16 2 17 18 3 ...
 $ Jockey.TimeDvByRaceAvg           : num  50.4 46.3 40.7 47.7 49.7 ...
 $ Jockey.TimeDvByRaceMax           : num  65.5 57.4 53.9 57.6 66 ...
 $ Jockey.RunCount                  : int  47 14 14 3 58 14 62 29 12 87 ...
 $ Jockey.HitCount1                 : int  1 0 0 0 5 1 2 7 1 13 ...
 $ Jockey.HitCount2                 : int  6 0 0 0 8 1 3 3 1 9 ...
 $ Jockey.HitCount3                 : int  3 0 0 0 3 0 6 1 3 11 ...
 $ Jockey.HitCount4                 : int  3 1 0 1 3 0 2 1 2 4 ...
 $ Jockey.HitCount5                 : int  4 0 0 0 3 0 5 3 2 7 ...
 $ Jockey.HitRate1                  : num  0.0213 0 0 0 0.0862 ...
 $ Jockey.HitRate2                  : num  0.128 0 0 0 0.138 ...
 $ Jockey.HitRate3                  : num  0.0638 0 0 0 0.0517 ...
 $ Jockey.HitRate4                  : num  0.0638 0.0714 0 0.3333 0.0517 ...
 $ Jockey.HitRate5                  : num  0.0851 0 0 0 0.0517 ...
 $ EOF                              : int  1 1 1 1 1 1 1 1 1 1 ...
[1] "2022-02-05 17:24:30 --- Predict InputDataSet Finish ---"
[1] "2022-02-05 17:24:30 --- rxPredict (glm) Start ---"
[1] "analyzeFunc=glm"
Rows Read: 15435, Total Rows Processed: 15435, Total Chunk Time: 0.001 seconds 
[1] "nrow(PredictDataSet) afte predict=15435"
[1] "str(PredictDataSet)"
'data.frame':	15435 obs. of  1 variable:
 $ RaceHorse.IsHitA_Pred: num  0.0615 0.0398 0.0231 0.0457 0.0647 ...
NULL
[1] "head(PredictDataSet) afte predict="
  RaceHorse.IsHitA_Pred
1            0.06151348
2            0.03982088
3            0.02312366
4            0.04572292
5            0.06469133
6            0.05985838
[1] "2022-02-05 17:24:30 --- rxPredict (glm) Finish ---"
[1] "2022-02-05 17:24:30 --- add key Start ---"
[1] "nrow(OutputDataSet) add KeyColmn=15435"
[1] "str(OutputDataSet) after add Key"
'data.frame':	15435 obs. of  2 variables:
 $ RaceHorse.RaceId  : Factor w/ 1139 levels "20160110-08-01-03-11",..: 2 2 2 2 2 2 2 2 2 2 ...
 $ RaceHorse.KettoNum: Factor w/ 3622 levels "2013103740","2013102547",..: 11 12 13 14 15 16 17 18 19 20 ...
NULL
[1] "2022-02-05 17:24:30 --- add key Finish ---"
[1] "2022-02-05 17:24:30 --- add PredictValue Start ---"
[1] "str(PredictDataSet) before rename="
[1] "colnames(PredictDataSet)=RaceHorse.IsHitA_Pred"
[1] "str(PredictDataSet) after rename="
'data.frame':	15435 obs. of  1 variable:
 $ PredictValue: num  0.0615 0.0398 0.0231 0.0457 0.0647 ...
NULL
[1] "str(OutputDataSet) before cbind="
'data.frame':	15435 obs. of  2 variables:
 $ RaceHorse.RaceId  : Factor w/ 1139 levels "20160110-08-01-03-11",..: 2 2 2 2 2 2 2 2 2 2 ...
 $ RaceHorse.KettoNum: Factor w/ 3622 levels "2013103740","2013102547",..: 11 12 13 14 15 16 17 18 19 20 ...
NULL
[1] "str(OutputDataSet) after cbind="
'data.frame':	15435 obs. of  3 variables:
 $ RaceHorse.RaceId  : Factor w/ 1139 levels "20160110-08-01-03-11",..: 2 2 2 2 2 2 2 2 2 2 ...
 $ RaceHorse.KettoNum: Factor w/ 3622 levels "2013103740","2013102547",..: 11 12 13 14 15 16 17 18 19 20 ...
 $ PredictValue      : num  0.0615 0.0398 0.0231 0.0457 0.0647 ...
NULL
[1] "2022-02-05 17:24:31 --- add PredictValue Finish ---"
[1] "2022-02-05 17:24:31 --- final Start ---"
[1] "nrow(OutputDataSet) final=15435"
[1] "head(OutputDataSet)="
      RaceHorse.RaceId RaceHorse.KettoNum PredictValue
1 20160313-09-01-06-11         2013100579   0.06151348
2 20160313-09-01-06-11         2013103292   0.03982088
3 20160313-09-01-06-11         2013104016   0.02312366
4 20160313-09-01-06-11         2013100315   0.04572292
5 20160313-09-01-06-11         2013106160   0.06469133
6 20160313-09-01-06-11         2013100787   0.05985838
[1] "str(OutputDataSet)="
'data.frame':	15435 obs. of  3 variables:
 $ RaceHorse.RaceId  : Factor w/ 1139 levels "20160110-08-01-03-11",..: 2 2 2 2 2 2 2 2 2 2 ...
 $ RaceHorse.KettoNum: Factor w/ 3622 levels "2013103740","2013102547",..: 11 12 13 14 15 16 17 18 19 20 ...
 $ PredictValue      : num  0.0615 0.0398 0.0231 0.0457 0.0647 ...
NULL
[1] "2022-02-05 17:24:31 --- final Finish ---"
[1] "2022-02-05 17:24:31 --- predict.R Finished ---"
[1] "2022-02-05 17:24:31 --- log Finish ---"
