[1] "2022-02-05 17:58:06 --- D1113_Predict_glm_Gen01_IsHitA_Type23 Start ---"
[1] "2022-02-05 17:58:06 --- Log Start ---"
[1] "2022-02-05 17:58:06 --- predict.R Start ---"
[1] "analyzeVersion=D1113"
[1] "analyzeCategory=Predict"
[1] "analyzeType=Gen01"
[1] "analyzeFamily=IsHitA"
[1] "analyzeFunc=glm"
[1] "analyzeTrackTypeCd=2"
[1] "analyzeJyokenCd=3"
[1] "2022-02-05 17:58:06 --- source_function.R Start ---"
[1] "2022-02-05 17:58:06 --- source_function.R Finished ---"

> print(paste0(Sys.time(), " --- source_library.R Start ---"))
[1] "2022-02-05 17:58:06 --- source_library.R Start ---"

> require("RevoScaleR")

> print(paste0(Sys.time(), " --- source_library.R Finished ---"))
[1] "2022-02-05 17:58:06 --- source_library.R Finished ---"
[1] "2022-02-05 17:58:06 --- Load Start ---"
[1] "loadFilename=RData_Analyze_glm_Gen01_Type23.RData"
[1] "2022-02-05 17:58:07 --- Load Finished ---"
[1] "2022-02-05 17:58:07 --- RxSqlServerData Start ---"
[1] "sqlQuery=SELECT * FROM ViewAnalyzeD1113analyze01Gen01Type23 WHERE [Race.IsPredictedRace] = 1"
Rows Read: 18625, Total Rows Processed: 18625, Total Chunk Time: 176.979 seconds 
[1] "head(InputDataSet)="
           Race.RaceId Race.IsPredictedRace Race.IsAnalyzeNormalPastAndFuture
1 20200209-08-02-04-08                 TRUE                              TRUE
2 20160508-04-01-04-12                 TRUE                              TRUE
3 20180325-09-02-02-12                 TRUE                              TRUE
4 20191026-08-04-08-12                 TRUE                              TRUE
5 20170918-09-04-05-10                 TRUE                              TRUE
6 20171029-05-04-09-08                 TRUE                              TRUE
  Race.IsAnalyzeNormalPast Race.IsAnalyzeNormalFuture
1                     TRUE                      FALSE
2                     TRUE                      FALSE
3                     TRUE                      FALSE
4                     TRUE                      FALSE
5                     TRUE                      FALSE
6                     TRUE                      FALSE
  Race.IsAnalyzeFullPastAndFuture Race.IsAnalyzeFullPast
1                            TRUE                   TRUE
2                            TRUE                   TRUE
3                            TRUE                   TRUE
4                            TRUE                   TRUE
5                            TRUE                   TRUE
6                            TRUE                   TRUE
  Race.IsAnalyzeFullFuture Race.JyokenCd Race.JyoType1Cd   Race.RaceType0Cd
1                    FALSE             3     2-08-1900-1 2-08-1900-1-3-X-14
2                    FALSE             3     2-04-1800-1 2-04-1800-1-3-E-14
3                    FALSE             3     2-09-1800-1 2-09-1800-1-3-X-14
4                    FALSE             3     2-08-1400-3 2-08-1400-3-3-X-13
5                    FALSE             3     2-09-1800-2 2-09-1800-2-3-E-13
6                    FALSE             3     2-05-1400-4 2-05-1400-4-3-E-13
  Race.RaceType1Cd Race.RaceType2Cd Race.RaceType3Cd Race.RaceType4Cd
1            2-3-X            2-3-X           3-X-14           2-3-14
2            2-3-E            2-3-E           3-E-14           2-3-14
3            2-3-X            2-3-X           3-X-14           2-3-14
4            2-3-X            2-3-X           3-X-13           2-3-13
5            2-3-E            2-3-E           3-E-13           2-3-13
6            2-3-E            2-3-E           3-E-13           2-3-13
      RaceHorse.RaceId RaceHorse.KettoNum RaceHorse.IsHit1 RaceHorse.IsHit2
1 20200209-08-02-04-08         2014106091                0                1
2 20160508-04-01-04-12         2010103556                0                0
3 20180325-09-02-02-12         2014103635                0                0
4 20191026-08-04-08-12         2013105180                0                0
5 20170918-09-04-05-10         2013100904                1                0
6 20171029-05-04-09-08         2013102854                1                0
  RaceHorse.IsHit3 RaceHorse.IsHit4 RaceHorse.IsHit5 RaceHorse.IsHit6
1                0                0                0                0
2                0                0                0                1
3                0                0                0                1
4                0                1                0                0
5                0                0                0                0
6                0                0                0                0
  RaceHorse.IsValidRaceHorse RaceHorse.IsHitA RaceHorse.IsHitB RaceHorse.IsHitC
1                       TRUE                0                1                1
2                       TRUE                0                0                0
3                       TRUE                0                0                0
4                       TRUE                0                0                0
5                       TRUE                1                1                1
6                       TRUE                1                1                1
  Gen01.HansyokuNum Gen01.TimeDvByRaceAvg Gen01.TimeDvByRaceMax Gen01.RunCount
1          11201853              51.97716              73.23627            590
2          11202127              58.99142              66.89343              7
3          11201964              51.86631              68.98740            330
4          11202006              51.91968              79.64952            636
5          11201981              50.92370              71.48969            227
6          11201853              50.98962              71.56051            457
  Gen01.HitCount1 Gen01.HitCount2 Gen01.HitCount3 Gen01.HitCount4
1              49              44              44              48
2               3               2               0               0
3              21              29              23              33
4              70              49              47              59
5              15              13              28               8
6              31              40              36              36
  Gen01.HitCount5 Gen01.HitRate1 Gen01.HitRate2 Gen01.HitRate3 Gen01.HitRate4
1              59     0.08305085     0.07457627     0.07457627     0.08135593
2               0     0.42857143     0.28571429     0.00000000     0.00000000
3              22     0.06363636     0.08787879     0.06969697     0.10000000
4              39     0.11006289     0.07704403     0.07389937     0.09276730
5              23     0.06607930     0.05726872     0.12334802     0.03524229
6              36     0.06783370     0.08752735     0.07877462     0.07877462
  Gen01.HitRate5 EOF
1     0.10000000   1
2     0.00000000   1
3     0.06666667   1
4     0.06132075   1
5     0.10132159   1
6     0.07877462   1
[1] "object.size(InputDataSet) auto=4 Mb"
[1] "nrow(InputDataSet) RxSqlServerData=18625"
[1] "str(InputDataSet)="
'data.frame':	18625 obs. of  42 variables:
 $ Race.RaceId                      : Factor w/ 1279 levels "20161223-06-05-07-08",..: 11 12 13 14 15 16 17 18 19 20 ...
 $ Race.IsPredictedRace             : logi  TRUE TRUE TRUE TRUE TRUE TRUE ...
 $ Race.IsAnalyzeNormalPastAndFuture: logi  TRUE TRUE TRUE TRUE TRUE TRUE ...
 $ Race.IsAnalyzeNormalPast         : logi  TRUE TRUE TRUE TRUE TRUE TRUE ...
 $ Race.IsAnalyzeNormalFuture       : logi  FALSE FALSE FALSE FALSE FALSE FALSE ...
 $ Race.IsAnalyzeFullPastAndFuture  : logi  TRUE TRUE TRUE TRUE TRUE TRUE ...
 $ Race.IsAnalyzeFullPast           : logi  TRUE TRUE TRUE TRUE TRUE TRUE ...
 $ Race.IsAnalyzeFullFuture         : logi  FALSE FALSE FALSE FALSE FALSE FALSE ...
 $ Race.JyokenCd                    : Factor w/ 1 level "3": 1 1 1 1 1 1 1 1 1 1 ...
 $ Race.JyoType1Cd                  : Factor w/ 112 levels "2-06-1200-3",..: 10 11 12 13 5 14 15 16 17 12 ...
 $ Race.RaceType0Cd                 : Factor w/ 280 levels "2-06-1200-3-3-X-13",..: 11 12 13 14 15 16 17 18 19 13 ...
 $ Race.RaceType1Cd                 : Factor w/ 2 levels "2-3-X","2-3-E": 1 2 1 1 2 2 2 2 2 1 ...
 $ Race.RaceType2Cd                 : Factor w/ 2 levels "2-3-X","2-3-E": 1 2 1 1 2 2 2 2 2 1 ...
 $ Race.RaceType3Cd                 : Factor w/ 4 levels "3-X-13","3-X-14",..: 2 4 2 1 3 3 3 4 3 2 ...
 $ Race.RaceType4Cd                 : Factor w/ 2 levels "2-3-13","2-3-14": 2 2 2 1 1 1 1 2 1 2 ...
 $ RaceHorse.RaceId                 : Factor w/ 1279 levels "20161223-06-05-07-08",..: 11 12 13 14 15 16 17 18 19 20 ...
 $ RaceHorse.KettoNum               : Factor w/ 3822 levels "2012102832","2014105512",..: 11 12 13 14 15 16 17 18 19 20 ...
 $ RaceHorse.IsHit1                 : int  0 0 0 0 1 1 0 0 0 0 ...
 $ RaceHorse.IsHit2                 : int  1 0 0 0 0 0 0 0 0 0 ...
 $ RaceHorse.IsHit3                 : int  0 0 0 0 0 0 0 0 0 0 ...
 $ RaceHorse.IsHit4                 : int  0 0 0 1 0 0 0 0 0 0 ...
 $ RaceHorse.IsHit5                 : int  0 0 0 0 0 0 0 0 0 0 ...
 $ RaceHorse.IsHit6                 : int  0 1 1 0 0 0 1 1 1 1 ...
 $ RaceHorse.IsValidRaceHorse       : logi  TRUE TRUE TRUE TRUE TRUE TRUE ...
 $ RaceHorse.IsHitA                 : int  0 0 0 0 1 1 0 0 0 0 ...
 $ RaceHorse.IsHitB                 : int  1 0 0 0 1 1 0 0 0 0 ...
 $ RaceHorse.IsHitC                 : int  1 0 0 0 1 1 0 0 0 0 ...
 $ Gen01.HansyokuNum                : Factor w/ 338 levels "11202190","11202221",..: 9 10 11 12 13 9 14 4 11 2 ...
 $ Gen01.TimeDvByRaceAvg            : num  52 59 51.9 51.9 50.9 ...
 $ Gen01.TimeDvByRaceMax            : num  73.2 66.9 69 79.6 71.5 ...
 $ Gen01.RunCount                   : int  590 7 330 636 227 457 10 535 256 206 ...
 $ Gen01.HitCount1                  : int  49 3 21 70 15 31 0 54 21 15 ...
 $ Gen01.HitCount2                  : int  44 2 29 49 13 40 0 38 22 14 ...
 $ Gen01.HitCount3                  : int  44 0 23 47 28 36 1 36 23 8 ...
 $ Gen01.HitCount4                  : int  48 0 33 59 8 36 0 30 16 20 ...
 $ Gen01.HitCount5                  : int  59 0 22 39 23 36 0 43 16 12 ...
 $ Gen01.HitRate1                   : num  0.0831 0.4286 0.0636 0.1101 0.0661 ...
 $ Gen01.HitRate2                   : num  0.0746 0.2857 0.0879 0.077 0.0573 ...
 $ Gen01.HitRate3                   : num  0.0746 0 0.0697 0.0739 0.1233 ...
 $ Gen01.HitRate4                   : num  0.0814 0 0.1 0.0928 0.0352 ...
 $ Gen01.HitRate5                   : num  0.1 0 0.0667 0.0613 0.1013 ...
 $ EOF                              : int  1 1 1 1 1 1 1 1 1 1 ...
[1] "2022-02-05 18:03:15 --- RxSqlServerData Finish ---"
[1] "2022-02-05 18:03:15 --- subset Start ---"
[1] "nrow(InputDataSet) subset before=18625"
[1] "nrow(InputDataSet) subset after=18625"
[1] "nrow(InputDataSet) subset diff=0"
[1] "class(InputDataSet$Race.IsAnalyzeNormalPast)=logical"
[1] "class(InputDataSet$Race.analyzeTrackTypeCd)=NULL"
[1] "2022-02-05 18:03:15 --- subset Finish ---"
[1] "2022-02-05 18:03:15 --- transform Start ---"
[1] "nrow(InputDataSet) transaform before=18625"
[1] "nrow(InputDataSet) transaform after=18625"
[1] "nrow(InputDataSet) transaform diff=0"
[1] "str(InputDataSet)="
'data.frame':	18625 obs. of  42 variables:
 $ Race.RaceId                      : Factor w/ 1279 levels "20161223-06-05-07-08",..: 11 12 13 14 15 16 17 18 19 20 ...
 $ Race.IsPredictedRace             : logi  TRUE TRUE TRUE TRUE TRUE TRUE ...
 $ Race.IsAnalyzeNormalPastAndFuture: logi  TRUE TRUE TRUE TRUE TRUE TRUE ...
 $ Race.IsAnalyzeNormalPast         : logi  TRUE TRUE TRUE TRUE TRUE TRUE ...
 $ Race.IsAnalyzeNormalFuture       : logi  FALSE FALSE FALSE FALSE FALSE FALSE ...
 $ Race.IsAnalyzeFullPastAndFuture  : logi  TRUE TRUE TRUE TRUE TRUE TRUE ...
 $ Race.IsAnalyzeFullPast           : logi  TRUE TRUE TRUE TRUE TRUE TRUE ...
 $ Race.IsAnalyzeFullFuture         : logi  FALSE FALSE FALSE FALSE FALSE FALSE ...
 $ Race.JyokenCd                    : Factor w/ 1 level "3": 1 1 1 1 1 1 1 1 1 1 ...
 $ Race.JyoType1Cd                  : Factor w/ 112 levels "2-06-1200-3",..: 10 11 12 13 5 14 15 16 17 12 ...
 $ Race.RaceType0Cd                 : Factor w/ 280 levels "2-06-1200-3-3-X-13",..: 11 12 13 14 15 16 17 18 19 13 ...
 $ Race.RaceType1Cd                 : Factor w/ 2 levels "2-3-X","2-3-E": 1 2 1 1 2 2 2 2 2 1 ...
 $ Race.RaceType2Cd                 : Factor w/ 2 levels "2-3-X","2-3-E": 1 2 1 1 2 2 2 2 2 1 ...
 $ Race.RaceType3Cd                 : Factor w/ 4 levels "3-X-13","3-X-14",..: 2 4 2 1 3 3 3 4 3 2 ...
 $ Race.RaceType4Cd                 : Factor w/ 2 levels "2-3-13","2-3-14": 2 2 2 1 1 1 1 2 1 2 ...
 $ RaceHorse.RaceId                 : Factor w/ 1279 levels "20161223-06-05-07-08",..: 11 12 13 14 15 16 17 18 19 20 ...
 $ RaceHorse.KettoNum               : Factor w/ 3822 levels "2012102832","2014105512",..: 11 12 13 14 15 16 17 18 19 20 ...
 $ RaceHorse.IsHit1                 : int  0 0 0 0 1 1 0 0 0 0 ...
 $ RaceHorse.IsHit2                 : int  1 0 0 0 0 0 0 0 0 0 ...
 $ RaceHorse.IsHit3                 : int  0 0 0 0 0 0 0 0 0 0 ...
 $ RaceHorse.IsHit4                 : int  0 0 0 1 0 0 0 0 0 0 ...
 $ RaceHorse.IsHit5                 : int  0 0 0 0 0 0 0 0 0 0 ...
 $ RaceHorse.IsHit6                 : int  0 1 1 0 0 0 1 1 1 1 ...
 $ RaceHorse.IsValidRaceHorse       : logi  TRUE TRUE TRUE TRUE TRUE TRUE ...
 $ RaceHorse.IsHitA                 : int  0 0 0 0 1 1 0 0 0 0 ...
 $ RaceHorse.IsHitB                 : int  1 0 0 0 1 1 0 0 0 0 ...
 $ RaceHorse.IsHitC                 : int  1 0 0 0 1 1 0 0 0 0 ...
 $ Gen01.HansyokuNum                : Factor w/ 338 levels "11202190","11202221",..: 9 10 11 12 13 9 14 4 11 2 ...
 $ Gen01.TimeDvByRaceAvg            : num  52 59 51.9 51.9 50.9 ...
 $ Gen01.TimeDvByRaceMax            : num  73.2 66.9 69 79.6 71.5 ...
 $ Gen01.RunCount                   : int  590 7 330 636 227 457 10 535 256 206 ...
 $ Gen01.HitCount1                  : int  49 3 21 70 15 31 0 54 21 15 ...
 $ Gen01.HitCount2                  : int  44 2 29 49 13 40 0 38 22 14 ...
 $ Gen01.HitCount3                  : int  44 0 23 47 28 36 1 36 23 8 ...
 $ Gen01.HitCount4                  : int  48 0 33 59 8 36 0 30 16 20 ...
 $ Gen01.HitCount5                  : int  59 0 22 39 23 36 0 43 16 12 ...
 $ Gen01.HitRate1                   : num  0.0831 0.4286 0.0636 0.1101 0.0661 ...
 $ Gen01.HitRate2                   : num  0.0746 0.2857 0.0879 0.077 0.0573 ...
 $ Gen01.HitRate3                   : num  0.0746 0 0.0697 0.0739 0.1233 ...
 $ Gen01.HitRate4                   : num  0.0814 0 0.1 0.0928 0.0352 ...
 $ Gen01.HitRate5                   : num  0.1 0 0.0667 0.0613 0.1013 ...
 $ EOF                              : int  1 1 1 1 1 1 1 1 1 1 ...
NULL
[1] "2022-02-05 18:03:16 --- transform Finish ---"
[1] "2022-02-05 18:03:16 --- na.omit Start ---"
[1] "nrow(InputDataSet) na.omit before=18625"
[1] "nrow(InputDataSet) na.omit after=18625"
[1] "nrow(InputDataSet) na.omit diff=0"
[1] "2022-02-05 18:03:16 --- na.omit Finish---"
[1] "2022-02-05 18:03:16 --- New Levels Start ---"
[1] "levels(data$Race.RaceType1Cd)=2-3-X" "levels(data$Race.RaceType1Cd)=2-3-E"
[1] "levels(InputDataSet$Race.RaceType1Cd)=2-3-X"
[2] "levels(InputDataSet$Race.RaceType1Cd)=2-3-E"
[1] "length(Race.RaceType1Cd.Index)=0"
[1] "2022-02-05 18:03:16 --- New Levels Finish ---"
[1] "2022-02-05 18:03:16 --- na.omit Start ---"
[1] "nrow(InputDataSet) na.omit levels before=18625"
[1] "nrow(InputDataSet) na.omit levels after=18625"
[1] "nrow(InputDataSet) na.omit levels diff=0"
[1] "2022-02-05 18:03:16 --- na.omit Finish ---"
[1] "2022-02-05 18:03:16 --- Predict InputDataSet Start ---"
[1] "nrow(InputDataSet) predict=18625"
[1] "str(InputDataSet)="
'data.frame':	18625 obs. of  42 variables:
 $ Race.RaceId                      : Factor w/ 1279 levels "20161223-06-05-07-08",..: 11 12 13 14 15 16 17 18 19 20 ...
 $ Race.IsPredictedRace             : logi  TRUE TRUE TRUE TRUE TRUE TRUE ...
 $ Race.IsAnalyzeNormalPastAndFuture: logi  TRUE TRUE TRUE TRUE TRUE TRUE ...
 $ Race.IsAnalyzeNormalPast         : logi  TRUE TRUE TRUE TRUE TRUE TRUE ...
 $ Race.IsAnalyzeNormalFuture       : logi  FALSE FALSE FALSE FALSE FALSE FALSE ...
 $ Race.IsAnalyzeFullPastAndFuture  : logi  TRUE TRUE TRUE TRUE TRUE TRUE ...
 $ Race.IsAnalyzeFullPast           : logi  TRUE TRUE TRUE TRUE TRUE TRUE ...
 $ Race.IsAnalyzeFullFuture         : logi  FALSE FALSE FALSE FALSE FALSE FALSE ...
 $ Race.JyokenCd                    : Factor w/ 1 level "3": 1 1 1 1 1 1 1 1 1 1 ...
 $ Race.JyoType1Cd                  : Factor w/ 112 levels "2-06-1200-3",..: 10 11 12 13 5 14 15 16 17 12 ...
 $ Race.RaceType0Cd                 : Factor w/ 280 levels "2-06-1200-3-3-X-13",..: 11 12 13 14 15 16 17 18 19 13 ...
 $ Race.RaceType1Cd                 : Factor w/ 2 levels "2-3-X","2-3-E": 1 2 1 1 2 2 2 2 2 1 ...
 $ Race.RaceType2Cd                 : Factor w/ 2 levels "2-3-X","2-3-E": 1 2 1 1 2 2 2 2 2 1 ...
 $ Race.RaceType3Cd                 : Factor w/ 4 levels "3-X-13","3-X-14",..: 2 4 2 1 3 3 3 4 3 2 ...
 $ Race.RaceType4Cd                 : Factor w/ 2 levels "2-3-13","2-3-14": 2 2 2 1 1 1 1 2 1 2 ...
 $ RaceHorse.RaceId                 : Factor w/ 1279 levels "20161223-06-05-07-08",..: 11 12 13 14 15 16 17 18 19 20 ...
 $ RaceHorse.KettoNum               : Factor w/ 3822 levels "2012102832","2014105512",..: 11 12 13 14 15 16 17 18 19 20 ...
 $ RaceHorse.IsHit1                 : int  0 0 0 0 1 1 0 0 0 0 ...
 $ RaceHorse.IsHit2                 : int  1 0 0 0 0 0 0 0 0 0 ...
 $ RaceHorse.IsHit3                 : int  0 0 0 0 0 0 0 0 0 0 ...
 $ RaceHorse.IsHit4                 : int  0 0 0 1 0 0 0 0 0 0 ...
 $ RaceHorse.IsHit5                 : int  0 0 0 0 0 0 0 0 0 0 ...
 $ RaceHorse.IsHit6                 : int  0 1 1 0 0 0 1 1 1 1 ...
 $ RaceHorse.IsValidRaceHorse       : logi  TRUE TRUE TRUE TRUE TRUE TRUE ...
 $ RaceHorse.IsHitA                 : int  0 0 0 0 1 1 0 0 0 0 ...
 $ RaceHorse.IsHitB                 : int  1 0 0 0 1 1 0 0 0 0 ...
 $ RaceHorse.IsHitC                 : int  1 0 0 0 1 1 0 0 0 0 ...
 $ Gen01.HansyokuNum                : Factor w/ 338 levels "11202190","11202221",..: 9 10 11 12 13 9 14 4 11 2 ...
 $ Gen01.TimeDvByRaceAvg            : num  52 59 51.9 51.9 50.9 ...
 $ Gen01.TimeDvByRaceMax            : num  73.2 66.9 69 79.6 71.5 ...
 $ Gen01.RunCount                   : int  590 7 330 636 227 457 10 535 256 206 ...
 $ Gen01.HitCount1                  : int  49 3 21 70 15 31 0 54 21 15 ...
 $ Gen01.HitCount2                  : int  44 2 29 49 13 40 0 38 22 14 ...
 $ Gen01.HitCount3                  : int  44 0 23 47 28 36 1 36 23 8 ...
 $ Gen01.HitCount4                  : int  48 0 33 59 8 36 0 30 16 20 ...
 $ Gen01.HitCount5                  : int  59 0 22 39 23 36 0 43 16 12 ...
 $ Gen01.HitRate1                   : num  0.0831 0.4286 0.0636 0.1101 0.0661 ...
 $ Gen01.HitRate2                   : num  0.0746 0.2857 0.0879 0.077 0.0573 ...
 $ Gen01.HitRate3                   : num  0.0746 0 0.0697 0.0739 0.1233 ...
 $ Gen01.HitRate4                   : num  0.0814 0 0.1 0.0928 0.0352 ...
 $ Gen01.HitRate5                   : num  0.1 0 0.0667 0.0613 0.1013 ...
 $ EOF                              : int  1 1 1 1 1 1 1 1 1 1 ...
[1] "2022-02-05 18:03:16 --- Predict InputDataSet Finish ---"
[1] "2022-02-05 18:03:16 --- rxPredict (glm) Start ---"
[1] "analyzeFunc=glm"
Rows Read: 18625, Total Rows Processed: 18625, Total Chunk Time: 0.001 seconds 
[1] "nrow(PredictDataSet) afte predict=18625"
[1] "str(PredictDataSet)"
'data.frame':	18625 obs. of  1 variable:
 $ RaceHorse.IsHitA_Pred: num  0.0718 0.1056 0.0714 0.0716 0.0677 ...
NULL
[1] "head(PredictDataSet) afte predict="
  RaceHorse.IsHitA_Pred
1            0.07181138
2            0.10561982
3            0.07136719
4            0.07158073
5            0.06769122
6            0.06794249
[1] "2022-02-05 18:03:16 --- rxPredict (glm) Finish ---"
[1] "2022-02-05 18:03:16 --- add key Start ---"
[1] "nrow(OutputDataSet) add KeyColmn=18625"
[1] "str(OutputDataSet) after add Key"
'data.frame':	18625 obs. of  2 variables:
 $ RaceHorse.RaceId  : Factor w/ 1279 levels "20161223-06-05-07-08",..: 11 12 13 14 15 16 17 18 19 20 ...
 $ RaceHorse.KettoNum: Factor w/ 3822 levels "2012102832","2014105512",..: 11 12 13 14 15 16 17 18 19 20 ...
NULL
[1] "2022-02-05 18:03:16 --- add key Finish ---"
[1] "2022-02-05 18:03:16 --- add PredictValue Start ---"
[1] "str(PredictDataSet) before rename="
[1] "colnames(PredictDataSet)=RaceHorse.IsHitA_Pred"
[1] "str(PredictDataSet) after rename="
'data.frame':	18625 obs. of  1 variable:
 $ PredictValue: num  0.0718 0.1056 0.0714 0.0716 0.0677 ...
NULL
[1] "str(OutputDataSet) before cbind="
'data.frame':	18625 obs. of  2 variables:
 $ RaceHorse.RaceId  : Factor w/ 1279 levels "20161223-06-05-07-08",..: 11 12 13 14 15 16 17 18 19 20 ...
 $ RaceHorse.KettoNum: Factor w/ 3822 levels "2012102832","2014105512",..: 11 12 13 14 15 16 17 18 19 20 ...
NULL
[1] "str(OutputDataSet) after cbind="
'data.frame':	18625 obs. of  3 variables:
 $ RaceHorse.RaceId  : Factor w/ 1279 levels "20161223-06-05-07-08",..: 11 12 13 14 15 16 17 18 19 20 ...
 $ RaceHorse.KettoNum: Factor w/ 3822 levels "2012102832","2014105512",..: 11 12 13 14 15 16 17 18 19 20 ...
 $ PredictValue      : num  0.0718 0.1056 0.0714 0.0716 0.0677 ...
NULL
[1] "2022-02-05 18:03:16 --- add PredictValue Finish ---"
[1] "2022-02-05 18:03:16 --- final Start ---"
[1] "nrow(OutputDataSet) final=18625"
[1] "head(OutputDataSet)="
      RaceHorse.RaceId RaceHorse.KettoNum PredictValue
1 20200209-08-02-04-08         2014106091   0.07181138
2 20160508-04-01-04-12         2010103556   0.10561982
3 20180325-09-02-02-12         2014103635   0.07136719
4 20191026-08-04-08-12         2013105180   0.07158073
5 20170918-09-04-05-10         2013100904   0.06769122
6 20171029-05-04-09-08         2013102854   0.06794249
[1] "str(OutputDataSet)="
'data.frame':	18625 obs. of  3 variables:
 $ RaceHorse.RaceId  : Factor w/ 1279 levels "20161223-06-05-07-08",..: 11 12 13 14 15 16 17 18 19 20 ...
 $ RaceHorse.KettoNum: Factor w/ 3822 levels "2012102832","2014105512",..: 11 12 13 14 15 16 17 18 19 20 ...
 $ PredictValue      : num  0.0718 0.1056 0.0714 0.0716 0.0677 ...
NULL
[1] "2022-02-05 18:03:16 --- final Finish ---"
[1] "2022-02-05 18:03:16 --- predict.R Finished ---"
[1] "2022-02-05 18:03:16 --- log Finish ---"
