[1] "2022-02-05 18:58:18 --- D1113_Predict_glm_Gen02_IsHitA_Type24 Start ---"
[1] "2022-02-05 18:58:18 --- Log Start ---"
[1] "2022-02-05 18:58:18 --- predict.R Start ---"
[1] "analyzeVersion=D1113"
[1] "analyzeCategory=Predict"
[1] "analyzeType=Gen02"
[1] "analyzeFamily=IsHitA"
[1] "analyzeFunc=glm"
[1] "analyzeTrackTypeCd=2"
[1] "analyzeJyokenCd=4"
[1] "2022-02-05 18:58:18 --- source_function.R Start ---"
[1] "2022-02-05 18:58:18 --- source_function.R Finished ---"

> print(paste0(Sys.time(), " --- source_library.R Start ---"))
[1] "2022-02-05 18:58:18 --- source_library.R Start ---"

> require("RevoScaleR")

> print(paste0(Sys.time(), " --- source_library.R Finished ---"))
[1] "2022-02-05 18:58:18 --- source_library.R Finished ---"
[1] "2022-02-05 18:58:18 --- Load Start ---"
[1] "loadFilename=RData_Analyze_glm_Gen02_Type24.RData"
[1] "2022-02-05 18:58:18 --- Load Finished ---"
[1] "2022-02-05 18:58:18 --- RxSqlServerData Start ---"
[1] "sqlQuery=SELECT * FROM ViewAnalyzeD1113analyze01Gen02Type24 WHERE [Race.IsPredictedRace] = 1"
Rows Read: 42713, Total Rows Processed: 42713, Total Chunk Time: 1363.937 seconds 
[1] "head(InputDataSet)="
           Race.RaceId Race.IsPredictedRace Race.IsAnalyzeNormalPastAndFuture
1 20190504-04-01-03-10                 TRUE                              TRUE
2 20170423-08-03-02-07                 TRUE                              TRUE
3 20200927-07-02-07-06                 TRUE                              TRUE
4 20180213-10-01-02-02                 TRUE                              TRUE
5 20170723-07-03-08-08                 TRUE                              TRUE
6 20210123-07-01-07-07                 TRUE                              TRUE
  Race.IsAnalyzeNormalPast Race.IsAnalyzeNormalFuture
1                     TRUE                      FALSE
2                     TRUE                      FALSE
3                     TRUE                      FALSE
4                     TRUE                      FALSE
5                     TRUE                      FALSE
6                    FALSE                       TRUE
  Race.IsAnalyzeFullPastAndFuture Race.IsAnalyzeFullPast
1                            TRUE                   TRUE
2                            TRUE                   TRUE
3                            TRUE                   TRUE
4                            TRUE                   TRUE
5                            TRUE                   TRUE
6                            TRUE                  FALSE
  Race.IsAnalyzeFullFuture Race.JyokenCd Race.JyoType1Cd   Race.RaceType0Cd
1                    FALSE             4     2-04-1800-1 2-04-1800-1-4-E-12
2                    FALSE             4     2-08-1400-1 2-08-1400-1-4-X-14
3                    FALSE             4     2-07-1900-2 2-07-1900-2-4-X-13
4                    FALSE             4     2-10-1000-2 2-10-1000-2-4-X-14
5                    FALSE             4     2-07-1400-1 2-07-1400-1-4-X-13
6                     TRUE             4     2-07-1200-2 2-07-1200-2-4-X-14
  Race.RaceType1Cd Race.RaceType2Cd Race.RaceType3Cd Race.RaceType4Cd
1            2-4-E            2-4-E           4-E-12           2-4-12
2            2-4-X            2-4-X           4-X-14           2-4-14
3            2-4-X            2-4-X           4-X-13           2-4-13
4            2-4-X            2-4-X           4-X-14           2-4-14
5            2-4-X            2-4-X           4-X-13           2-4-13
6            2-4-X            2-4-X           4-X-14           2-4-14
      RaceHorse.RaceId RaceHorse.KettoNum RaceHorse.IsHit1 RaceHorse.IsHit2
1 20190504-04-01-03-10         2016104642                0                0
2 20170423-08-03-02-07         2012100801                0                0
3 20200927-07-02-07-06         2017104972                0                0
4 20180213-10-01-02-02         2012102200                0                0
5 20170723-07-03-08-08         2014101349                0                0
6 20210123-07-01-07-07         2014103182                0                0
  RaceHorse.IsHit3 RaceHorse.IsHit4 RaceHorse.IsHit5 RaceHorse.IsHit6
1                0                0                0                1
2                0                0                0                1
3                1                0                0                0
4                0                0                1                0
5                0                0                0                1
6                0                0                1                0
  RaceHorse.IsValidRaceHorse RaceHorse.IsHitA RaceHorse.IsHitB RaceHorse.IsHitC
1                       TRUE                0                0                0
2                       TRUE                0                0                0
3                       TRUE                0                0                1
4                       TRUE                0                0                0
5                       TRUE                0                0                0
6                       TRUE                0                0                0
  Gen02.HansyokuNum Gen02.TimeDvByRaceAvg Gen02.TimeDvByRaceMax Gen02.RunCount
1          12251687              44.67701              64.94181              3
2          12243966              47.40891              61.88755             17
3          12263982              59.19018              59.19018              1
4          12250986              45.24570              64.40993             28
5          12254349              54.98975              65.19631             17
6          12252341              54.39206              65.03000             53
  Gen02.HitCount1 Gen02.HitCount2 Gen02.HitCount3 Gen02.HitCount4
1               1               0               0               0
2               0               2               0               0
3               0               1               0               0
4               2               3               2               1
5               2               2               1               2
6               2               7               3               6
  Gen02.HitCount5 Gen02.HitRate1 Gen02.HitRate2 Gen02.HitRate3 Gen02.HitRate4
1               0     0.33333333      0.0000000     0.00000000     0.00000000
2               1     0.00000000      0.1176471     0.00000000     0.00000000
3               0     0.00000000      1.0000000     0.00000000     0.00000000
4               0     0.07142857      0.1071429     0.07142857     0.03571429
5               3     0.11764706      0.1176471     0.05882353     0.11764706
6              12     0.03773585      0.1320755     0.05660377     0.11320755
  Gen02.HitRate5 EOF
1     0.00000000   1
2     0.05882353   1
3     0.00000000   1
4     0.00000000   1
5     0.17647059   1
6     0.22641509   1
[1] "object.size(InputDataSet) auto=9.6 Mb"
[1] "nrow(InputDataSet) RxSqlServerData=42713"
[1] "str(InputDataSet)="
'data.frame':	42713 obs. of  42 variables:
 $ Race.RaceId                      : Factor w/ 3413 levels "20170423-08-03-02-07",..: 11 1 7 12 13 9 14 15 16 17 ...
 $ Race.IsPredictedRace             : logi  TRUE TRUE TRUE TRUE TRUE TRUE ...
 $ Race.IsAnalyzeNormalPastAndFuture: logi  TRUE TRUE TRUE TRUE TRUE TRUE ...
 $ Race.IsAnalyzeNormalPast         : logi  TRUE TRUE TRUE TRUE TRUE FALSE ...
 $ Race.IsAnalyzeNormalFuture       : logi  FALSE FALSE FALSE FALSE FALSE TRUE ...
 $ Race.IsAnalyzeFullPastAndFuture  : logi  TRUE TRUE TRUE TRUE TRUE TRUE ...
 $ Race.IsAnalyzeFullPast           : logi  TRUE TRUE TRUE TRUE TRUE FALSE ...
 $ Race.IsAnalyzeFullFuture         : logi  FALSE FALSE FALSE FALSE FALSE TRUE ...
 $ Race.JyokenCd                    : Factor w/ 1 level "4": 1 1 1 1 1 1 1 1 1 1 ...
 $ Race.JyoType1Cd                  : Factor w/ 134 levels "2-08-1400-1",..: 5 1 6 10 11 8 12 13 14 15 ...
 $ Race.RaceType0Cd                 : Factor w/ 345 levels "2-08-1400-1-4-X-14",..: 11 1 7 12 13 9 14 15 16 17 ...
 $ Race.RaceType1Cd                 : Factor w/ 2 levels "2-4-X","2-4-E": 2 1 1 1 1 1 1 1 1 1 ...
 $ Race.RaceType2Cd                 : Factor w/ 2 levels "2-4-X","2-4-E": 2 1 1 1 1 1 1 1 1 1 ...
 $ Race.RaceType3Cd                 : Factor w/ 8 levels "4-X-14","4-X-13",..: 3 1 2 1 2 1 4 1 4 1 ...
 $ Race.RaceType4Cd                 : Factor w/ 4 levels "2-4-14","2-4-13",..: 3 1 2 1 2 1 3 1 3 1 ...
 $ RaceHorse.RaceId                 : Factor w/ 3413 levels "20170423-08-03-02-07",..: 11 1 7 12 13 9 14 15 16 17 ...
 $ RaceHorse.KettoNum               : Factor w/ 8421 levels "2012100801","2015104402",..: 11 1 7 12 13 9 14 15 16 17 ...
 $ RaceHorse.IsHit1                 : int  0 0 0 0 0 0 0 0 0 0 ...
 $ RaceHorse.IsHit2                 : int  0 0 0 0 0 0 0 0 0 0 ...
 $ RaceHorse.IsHit3                 : int  0 0 1 0 0 0 0 0 0 0 ...
 $ RaceHorse.IsHit4                 : int  0 0 0 0 0 0 0 1 0 0 ...
 $ RaceHorse.IsHit5                 : int  0 0 0 1 0 1 0 0 0 0 ...
 $ RaceHorse.IsHit6                 : int  1 1 0 0 1 0 1 0 1 1 ...
 $ RaceHorse.IsValidRaceHorse       : logi  TRUE TRUE TRUE TRUE TRUE TRUE ...
 $ RaceHorse.IsHitA                 : int  0 0 0 0 0 0 0 0 0 0 ...
 $ RaceHorse.IsHitB                 : int  0 0 0 0 0 0 0 0 0 0 ...
 $ RaceHorse.IsHitC                 : int  0 0 1 0 0 0 0 0 0 0 ...
 $ Gen02.HansyokuNum                : Factor w/ 5643 levels "12243966","12247683",..: 11 1 7 12 13 9 14 15 16 17 ...
 $ Gen02.TimeDvByRaceAvg            : num  44.7 47.4 59.2 45.2 55 ...
 $ Gen02.TimeDvByRaceMax            : num  64.9 61.9 59.2 64.4 65.2 ...
 $ Gen02.RunCount                   : int  3 17 1 28 17 53 2 12 2 13 ...
 $ Gen02.HitCount1                  : int  1 0 0 2 2 2 0 0 0 0 ...
 $ Gen02.HitCount2                  : int  0 2 1 3 2 7 0 2 1 1 ...
 $ Gen02.HitCount3                  : int  0 0 0 2 1 3 0 0 0 0 ...
 $ Gen02.HitCount4                  : int  0 0 0 1 2 6 0 1 0 1 ...
 $ Gen02.HitCount5                  : int  0 1 0 0 3 12 1 3 1 2 ...
 $ Gen02.HitRate1                   : num  0.3333 0 0 0.0714 0.1176 ...
 $ Gen02.HitRate2                   : num  0 0.118 1 0.107 0.118 ...
 $ Gen02.HitRate3                   : num  0 0 0 0.0714 0.0588 ...
 $ Gen02.HitRate4                   : num  0 0 0 0.0357 0.1176 ...
 $ Gen02.HitRate5                   : num  0 0.0588 0 0 0.1765 ...
 $ EOF                              : int  1 1 1 1 1 1 1 1 1 1 ...
[1] "2022-02-05 19:44:40 --- RxSqlServerData Finish ---"
[1] "2022-02-05 19:44:40 --- subset Start ---"
[1] "nrow(InputDataSet) subset before=42713"
[1] "nrow(InputDataSet) subset after=42713"
[1] "nrow(InputDataSet) subset diff=0"
[1] "class(InputDataSet$Race.IsAnalyzeNormalPast)=logical"
[1] "class(InputDataSet$Race.analyzeTrackTypeCd)=NULL"
[1] "2022-02-05 19:44:40 --- subset Finish ---"
[1] "2022-02-05 19:44:40 --- transform Start ---"
[1] "nrow(InputDataSet) transaform before=42713"
[1] "nrow(InputDataSet) transaform after=42713"
[1] "nrow(InputDataSet) transaform diff=0"
[1] "str(InputDataSet)="
'data.frame':	42713 obs. of  42 variables:
 $ Race.RaceId                      : Factor w/ 3413 levels "20170423-08-03-02-07",..: 11 1 7 12 13 9 14 15 16 17 ...
 $ Race.IsPredictedRace             : logi  TRUE TRUE TRUE TRUE TRUE TRUE ...
 $ Race.IsAnalyzeNormalPastAndFuture: logi  TRUE TRUE TRUE TRUE TRUE TRUE ...
 $ Race.IsAnalyzeNormalPast         : logi  TRUE TRUE TRUE TRUE TRUE FALSE ...
 $ Race.IsAnalyzeNormalFuture       : logi  FALSE FALSE FALSE FALSE FALSE TRUE ...
 $ Race.IsAnalyzeFullPastAndFuture  : logi  TRUE TRUE TRUE TRUE TRUE TRUE ...
 $ Race.IsAnalyzeFullPast           : logi  TRUE TRUE TRUE TRUE TRUE FALSE ...
 $ Race.IsAnalyzeFullFuture         : logi  FALSE FALSE FALSE FALSE FALSE TRUE ...
 $ Race.JyokenCd                    : Factor w/ 1 level "4": 1 1 1 1 1 1 1 1 1 1 ...
 $ Race.JyoType1Cd                  : Factor w/ 134 levels "2-08-1400-1",..: 5 1 6 10 11 8 12 13 14 15 ...
 $ Race.RaceType0Cd                 : Factor w/ 345 levels "2-08-1400-1-4-X-14",..: 11 1 7 12 13 9 14 15 16 17 ...
 $ Race.RaceType1Cd                 : Factor w/ 2 levels "2-4-X","2-4-E": 2 1 1 1 1 1 1 1 1 1 ...
 $ Race.RaceType2Cd                 : Factor w/ 2 levels "2-4-X","2-4-E": 2 1 1 1 1 1 1 1 1 1 ...
 $ Race.RaceType3Cd                 : Factor w/ 8 levels "4-X-14","4-X-13",..: 3 1 2 1 2 1 4 1 4 1 ...
 $ Race.RaceType4Cd                 : Factor w/ 4 levels "2-4-14","2-4-13",..: 3 1 2 1 2 1 3 1 3 1 ...
 $ RaceHorse.RaceId                 : Factor w/ 3413 levels "20170423-08-03-02-07",..: 11 1 7 12 13 9 14 15 16 17 ...
 $ RaceHorse.KettoNum               : Factor w/ 8421 levels "2012100801","2015104402",..: 11 1 7 12 13 9 14 15 16 17 ...
 $ RaceHorse.IsHit1                 : int  0 0 0 0 0 0 0 0 0 0 ...
 $ RaceHorse.IsHit2                 : int  0 0 0 0 0 0 0 0 0 0 ...
 $ RaceHorse.IsHit3                 : int  0 0 1 0 0 0 0 0 0 0 ...
 $ RaceHorse.IsHit4                 : int  0 0 0 0 0 0 0 1 0 0 ...
 $ RaceHorse.IsHit5                 : int  0 0 0 1 0 1 0 0 0 0 ...
 $ RaceHorse.IsHit6                 : int  1 1 0 0 1 0 1 0 1 1 ...
 $ RaceHorse.IsValidRaceHorse       : logi  TRUE TRUE TRUE TRUE TRUE TRUE ...
 $ RaceHorse.IsHitA                 : int  0 0 0 0 0 0 0 0 0 0 ...
 $ RaceHorse.IsHitB                 : int  0 0 0 0 0 0 0 0 0 0 ...
 $ RaceHorse.IsHitC                 : int  0 0 1 0 0 0 0 0 0 0 ...
 $ Gen02.HansyokuNum                : Factor w/ 5643 levels "12243966","12247683",..: 11 1 7 12 13 9 14 15 16 17 ...
 $ Gen02.TimeDvByRaceAvg            : num  44.7 47.4 59.2 45.2 55 ...
 $ Gen02.TimeDvByRaceMax            : num  64.9 61.9 59.2 64.4 65.2 ...
 $ Gen02.RunCount                   : int  3 17 1 28 17 53 2 12 2 13 ...
 $ Gen02.HitCount1                  : int  1 0 0 2 2 2 0 0 0 0 ...
 $ Gen02.HitCount2                  : int  0 2 1 3 2 7 0 2 1 1 ...
 $ Gen02.HitCount3                  : int  0 0 0 2 1 3 0 0 0 0 ...
 $ Gen02.HitCount4                  : int  0 0 0 1 2 6 0 1 0 1 ...
 $ Gen02.HitCount5                  : int  0 1 0 0 3 12 1 3 1 2 ...
 $ Gen02.HitRate1                   : num  0.3333 0 0 0.0714 0.1176 ...
 $ Gen02.HitRate2                   : num  0 0.118 1 0.107 0.118 ...
 $ Gen02.HitRate3                   : num  0 0 0 0.0714 0.0588 ...
 $ Gen02.HitRate4                   : num  0 0 0 0.0357 0.1176 ...
 $ Gen02.HitRate5                   : num  0 0.0588 0 0 0.1765 ...
 $ EOF                              : int  1 1 1 1 1 1 1 1 1 1 ...
NULL
[1] "2022-02-05 19:44:41 --- transform Finish ---"
[1] "2022-02-05 19:44:41 --- na.omit Start ---"
[1] "nrow(InputDataSet) na.omit before=42713"
[1] "nrow(InputDataSet) na.omit after=42713"
[1] "nrow(InputDataSet) na.omit diff=0"
[1] "2022-02-05 19:44:41 --- na.omit Finish---"
[1] "2022-02-05 19:44:41 --- New Levels Start ---"
[1] "levels(data$Race.RaceType1Cd)=2-4-X" "levels(data$Race.RaceType1Cd)=2-4-E"
[1] "levels(InputDataSet$Race.RaceType1Cd)=2-4-X"
[2] "levels(InputDataSet$Race.RaceType1Cd)=2-4-E"
[1] "length(Race.RaceType1Cd.Index)=0"
[1] "2022-02-05 19:44:41 --- New Levels Finish ---"
[1] "2022-02-05 19:44:41 --- na.omit Start ---"
[1] "nrow(InputDataSet) na.omit levels before=42713"
[1] "nrow(InputDataSet) na.omit levels after=42713"
[1] "nrow(InputDataSet) na.omit levels diff=0"
[1] "2022-02-05 19:44:41 --- na.omit Finish ---"
[1] "2022-02-05 19:44:41 --- Predict InputDataSet Start ---"
[1] "nrow(InputDataSet) predict=42713"
[1] "str(InputDataSet)="
'data.frame':	42713 obs. of  42 variables:
 $ Race.RaceId                      : Factor w/ 3413 levels "20170423-08-03-02-07",..: 11 1 7 12 13 9 14 15 16 17 ...
 $ Race.IsPredictedRace             : logi  TRUE TRUE TRUE TRUE TRUE TRUE ...
 $ Race.IsAnalyzeNormalPastAndFuture: logi  TRUE TRUE TRUE TRUE TRUE TRUE ...
 $ Race.IsAnalyzeNormalPast         : logi  TRUE TRUE TRUE TRUE TRUE FALSE ...
 $ Race.IsAnalyzeNormalFuture       : logi  FALSE FALSE FALSE FALSE FALSE TRUE ...
 $ Race.IsAnalyzeFullPastAndFuture  : logi  TRUE TRUE TRUE TRUE TRUE TRUE ...
 $ Race.IsAnalyzeFullPast           : logi  TRUE TRUE TRUE TRUE TRUE FALSE ...
 $ Race.IsAnalyzeFullFuture         : logi  FALSE FALSE FALSE FALSE FALSE TRUE ...
 $ Race.JyokenCd                    : Factor w/ 1 level "4": 1 1 1 1 1 1 1 1 1 1 ...
 $ Race.JyoType1Cd                  : Factor w/ 134 levels "2-08-1400-1",..: 5 1 6 10 11 8 12 13 14 15 ...
 $ Race.RaceType0Cd                 : Factor w/ 345 levels "2-08-1400-1-4-X-14",..: 11 1 7 12 13 9 14 15 16 17 ...
 $ Race.RaceType1Cd                 : Factor w/ 2 levels "2-4-X","2-4-E": 2 1 1 1 1 1 1 1 1 1 ...
 $ Race.RaceType2Cd                 : Factor w/ 2 levels "2-4-X","2-4-E": 2 1 1 1 1 1 1 1 1 1 ...
 $ Race.RaceType3Cd                 : Factor w/ 8 levels "4-X-14","4-X-13",..: 3 1 2 1 2 1 4 1 4 1 ...
 $ Race.RaceType4Cd                 : Factor w/ 4 levels "2-4-14","2-4-13",..: 3 1 2 1 2 1 3 1 3 1 ...
 $ RaceHorse.RaceId                 : Factor w/ 3413 levels "20170423-08-03-02-07",..: 11 1 7 12 13 9 14 15 16 17 ...
 $ RaceHorse.KettoNum               : Factor w/ 8421 levels "2012100801","2015104402",..: 11 1 7 12 13 9 14 15 16 17 ...
 $ RaceHorse.IsHit1                 : int  0 0 0 0 0 0 0 0 0 0 ...
 $ RaceHorse.IsHit2                 : int  0 0 0 0 0 0 0 0 0 0 ...
 $ RaceHorse.IsHit3                 : int  0 0 1 0 0 0 0 0 0 0 ...
 $ RaceHorse.IsHit4                 : int  0 0 0 0 0 0 0 1 0 0 ...
 $ RaceHorse.IsHit5                 : int  0 0 0 1 0 1 0 0 0 0 ...
 $ RaceHorse.IsHit6                 : int  1 1 0 0 1 0 1 0 1 1 ...
 $ RaceHorse.IsValidRaceHorse       : logi  TRUE TRUE TRUE TRUE TRUE TRUE ...
 $ RaceHorse.IsHitA                 : int  0 0 0 0 0 0 0 0 0 0 ...
 $ RaceHorse.IsHitB                 : int  0 0 0 0 0 0 0 0 0 0 ...
 $ RaceHorse.IsHitC                 : int  0 0 1 0 0 0 0 0 0 0 ...
 $ Gen02.HansyokuNum                : Factor w/ 5643 levels "12243966","12247683",..: 11 1 7 12 13 9 14 15 16 17 ...
 $ Gen02.TimeDvByRaceAvg            : num  44.7 47.4 59.2 45.2 55 ...
 $ Gen02.TimeDvByRaceMax            : num  64.9 61.9 59.2 64.4 65.2 ...
 $ Gen02.RunCount                   : int  3 17 1 28 17 53 2 12 2 13 ...
 $ Gen02.HitCount1                  : int  1 0 0 2 2 2 0 0 0 0 ...
 $ Gen02.HitCount2                  : int  0 2 1 3 2 7 0 2 1 1 ...
 $ Gen02.HitCount3                  : int  0 0 0 2 1 3 0 0 0 0 ...
 $ Gen02.HitCount4                  : int  0 0 0 1 2 6 0 1 0 1 ...
 $ Gen02.HitCount5                  : int  0 1 0 0 3 12 1 3 1 2 ...
 $ Gen02.HitRate1                   : num  0.3333 0 0 0.0714 0.1176 ...
 $ Gen02.HitRate2                   : num  0 0.118 1 0.107 0.118 ...
 $ Gen02.HitRate3                   : num  0 0 0 0.0714 0.0588 ...
 $ Gen02.HitRate4                   : num  0 0 0 0.0357 0.1176 ...
 $ Gen02.HitRate5                   : num  0 0.0588 0 0 0.1765 ...
 $ EOF                              : int  1 1 1 1 1 1 1 1 1 1 ...
[1] "2022-02-05 19:44:41 --- Predict InputDataSet Finish ---"
[1] "2022-02-05 19:44:41 --- rxPredict (glm) Start ---"
[1] "analyzeFunc=glm"
Rows Read: 42713, Total Rows Processed: 42713, Total Chunk Time: 0.002 seconds 
[1] "nrow(PredictDataSet) afte predict=42713"
[1] "str(PredictDataSet)"
'data.frame':	42713 obs. of  1 variable:
 $ RaceHorse.IsHitA_Pred: num  0.0287 0.0469 0.1687 0.0352 0.103 ...
NULL
[1] "head(PredictDataSet) afte predict="
  RaceHorse.IsHitA_Pred
1            0.02873489
2            0.04688830
3            0.16866592
4            0.03520646
5            0.10304958
6            0.10042389
[1] "2022-02-05 19:44:41 --- rxPredict (glm) Finish ---"
[1] "2022-02-05 19:44:41 --- add key Start ---"
[1] "nrow(OutputDataSet) add KeyColmn=42713"
[1] "str(OutputDataSet) after add Key"
'data.frame':	42713 obs. of  2 variables:
 $ RaceHorse.RaceId  : Factor w/ 3413 levels "20170423-08-03-02-07",..: 11 1 7 12 13 9 14 15 16 17 ...
 $ RaceHorse.KettoNum: Factor w/ 8421 levels "2012100801","2015104402",..: 11 1 7 12 13 9 14 15 16 17 ...
NULL
[1] "2022-02-05 19:44:41 --- add key Finish ---"
[1] "2022-02-05 19:44:41 --- add PredictValue Start ---"
[1] "str(PredictDataSet) before rename="
[1] "colnames(PredictDataSet)=RaceHorse.IsHitA_Pred"
[1] "str(PredictDataSet) after rename="
'data.frame':	42713 obs. of  1 variable:
 $ PredictValue: num  0.0287 0.0469 0.1687 0.0352 0.103 ...
NULL
[1] "str(OutputDataSet) before cbind="
'data.frame':	42713 obs. of  2 variables:
 $ RaceHorse.RaceId  : Factor w/ 3413 levels "20170423-08-03-02-07",..: 11 1 7 12 13 9 14 15 16 17 ...
 $ RaceHorse.KettoNum: Factor w/ 8421 levels "2012100801","2015104402",..: 11 1 7 12 13 9 14 15 16 17 ...
NULL
[1] "str(OutputDataSet) after cbind="
'data.frame':	42713 obs. of  3 variables:
 $ RaceHorse.RaceId  : Factor w/ 3413 levels "20170423-08-03-02-07",..: 11 1 7 12 13 9 14 15 16 17 ...
 $ RaceHorse.KettoNum: Factor w/ 8421 levels "2012100801","2015104402",..: 11 1 7 12 13 9 14 15 16 17 ...
 $ PredictValue      : num  0.0287 0.0469 0.1687 0.0352 0.103 ...
NULL
[1] "2022-02-05 19:44:41 --- add PredictValue Finish ---"
[1] "2022-02-05 19:44:41 --- final Start ---"
[1] "nrow(OutputDataSet) final=42713"
[1] "head(OutputDataSet)="
      RaceHorse.RaceId RaceHorse.KettoNum PredictValue
1 20190504-04-01-03-10         2016104642   0.02873489
2 20170423-08-03-02-07         2012100801   0.04688830
3 20200927-07-02-07-06         2017104972   0.16866592
4 20180213-10-01-02-02         2012102200   0.03520646
5 20170723-07-03-08-08         2014101349   0.10304958
6 20210123-07-01-07-07         2014103182   0.10042389
[1] "str(OutputDataSet)="
'data.frame':	42713 obs. of  3 variables:
 $ RaceHorse.RaceId  : Factor w/ 3413 levels "20170423-08-03-02-07",..: 11 1 7 12 13 9 14 15 16 17 ...
 $ RaceHorse.KettoNum: Factor w/ 8421 levels "2012100801","2015104402",..: 11 1 7 12 13 9 14 15 16 17 ...
 $ PredictValue      : num  0.0287 0.0469 0.1687 0.0352 0.103 ...
NULL
[1] "2022-02-05 19:44:41 --- final Finish ---"
[1] "2022-02-05 19:44:41 --- predict.R Finished ---"
[1] "2022-02-05 19:44:41 --- log Finish ---"
