[1] "2022-02-05 20:26:52 --- D1113_Predict_glm_Jockey_IsHitA_Type24 Start ---"
[1] "2022-02-05 20:26:52 --- Log Start ---"
[1] "2022-02-05 20:26:52 --- predict.R Start ---"
[1] "analyzeVersion=D1113"
[1] "analyzeCategory=Predict"
[1] "analyzeType=Jockey"
[1] "analyzeFamily=IsHitA"
[1] "analyzeFunc=glm"
[1] "analyzeTrackTypeCd=2"
[1] "analyzeJyokenCd=4"
[1] "2022-02-05 20:26:52 --- source_function.R Start ---"
[1] "2022-02-05 20:26:52 --- source_function.R Finished ---"

> print(paste0(Sys.time(), " --- source_library.R Start ---"))
[1] "2022-02-05 20:26:52 --- source_library.R Start ---"

> require("RevoScaleR")

> print(paste0(Sys.time(), " --- source_library.R Finished ---"))
[1] "2022-02-05 20:26:52 --- source_library.R Finished ---"
[1] "2022-02-05 20:26:52 --- Load Start ---"
[1] "loadFilename=RData_Analyze_glm_Jockey_Type24.RData"
[1] "2022-02-05 20:26:53 --- Load Finished ---"
[1] "2022-02-05 20:26:53 --- RxSqlServerData Start ---"
[1] "sqlQuery=SELECT * FROM ViewAnalyzeD1113analyze01JockeyType24 WHERE [Race.IsPredictedRace] = 1"
Rows Read: 47615, Total Rows Processed: 47615, Total Chunk Time: 1462.183 seconds 
[1] "head(InputDataSet)="
           Race.RaceId Race.IsPredictedRace Race.IsAnalyzeNormalPastAndFuture
1 20160111-08-01-04-07                 TRUE                              TRUE
2 20160111-08-01-04-07                 TRUE                              TRUE
3 20160111-08-01-04-07                 TRUE                              TRUE
4 20160111-08-01-04-07                 TRUE                              TRUE
5 20160111-08-01-04-07                 TRUE                              TRUE
6 20160111-08-01-04-07                 TRUE                              TRUE
  Race.IsAnalyzeNormalPast Race.IsAnalyzeNormalFuture
1                     TRUE                      FALSE
2                     TRUE                      FALSE
3                     TRUE                      FALSE
4                     TRUE                      FALSE
5                     TRUE                      FALSE
6                     TRUE                      FALSE
  Race.IsAnalyzeFullPastAndFuture Race.IsAnalyzeFullPast
1                            TRUE                   TRUE
2                            TRUE                   TRUE
3                            TRUE                   TRUE
4                            TRUE                   TRUE
5                            TRUE                   TRUE
6                            TRUE                   TRUE
  Race.IsAnalyzeFullFuture Race.JyokenCd Race.JyoType1Cd   Race.RaceType0Cd
1                    FALSE             4     2-08-1900-1 2-08-1900-1-4-X-14
2                    FALSE             4     2-08-1900-1 2-08-1900-1-4-X-14
3                    FALSE             4     2-08-1900-1 2-08-1900-1-4-X-14
4                    FALSE             4     2-08-1900-1 2-08-1900-1-4-X-14
5                    FALSE             4     2-08-1900-1 2-08-1900-1-4-X-14
6                    FALSE             4     2-08-1900-1 2-08-1900-1-4-X-14
  Race.RaceType1Cd Race.RaceType2Cd Race.RaceType3Cd Race.RaceType4Cd
1            2-4-X            2-4-X           4-X-14           2-4-14
2            2-4-X            2-4-X           4-X-14           2-4-14
3            2-4-X            2-4-X           4-X-14           2-4-14
4            2-4-X            2-4-X           4-X-14           2-4-14
5            2-4-X            2-4-X           4-X-14           2-4-14
6            2-4-X            2-4-X           4-X-14           2-4-14
      RaceHorse.RaceId RaceHorse.KettoNum RaceHorse.IsHit1 RaceHorse.IsHit2
1 20160111-08-01-04-07         2012101937                0                0
2 20160111-08-01-04-07         2011103896                0                0
3 20160111-08-01-04-07         2012104167                1                0
4 20160111-08-01-04-07         2011105337                0                0
5 20160111-08-01-04-07         2012101565                0                0
6 20160111-08-01-04-07         2011100139                0                0
  RaceHorse.IsHit3 RaceHorse.IsHit4 RaceHorse.IsHit5 RaceHorse.IsHit6
1                0                0                0                1
2                1                0                0                0
3                0                0                0                0
4                0                0                0                1
5                0                0                0                1
6                0                0                0                1
  RaceHorse.IsValidRaceHorse RaceHorse.IsHitA RaceHorse.IsHitB RaceHorse.IsHitC
1                       TRUE                0                0                0
2                       TRUE                0                0                1
3                       TRUE                1                1                1
4                       TRUE                0                0                0
5                       TRUE                0                0                0
6                       TRUE                0                0                0
  Jockey.KisyuCode Jockey.TimeDvByRaceAvg Jockey.TimeDvByRaceMax
1            01156               50.24118               71.05837
2            01115               53.90093               76.18079
3            01032               51.41363               73.58025
4            00652               46.31638               72.14862
5            01062               49.15853               70.11486
6            01018               50.58057               74.37500
  Jockey.RunCount Jockey.HitCount1 Jockey.HitCount2 Jockey.HitCount3
1             156               16               11                7
2             609               88               48               65
3             338               38               25               20
4             214                9                2                9
5             329               17               22               22
6             695               49               54               56
  Jockey.HitCount4 Jockey.HitCount5 Jockey.HitRate1 Jockey.HitRate2
1                7               12      0.10256410     0.070512821
2               62               50      0.14449918     0.078817734
3               29               25      0.11242604     0.073964497
4               11               14      0.04205607     0.009345794
5               21               24      0.05167173     0.066869301
6               48               53      0.07050360     0.077697842
  Jockey.HitRate3 Jockey.HitRate4 Jockey.HitRate5 EOF
1      0.04487179      0.04487179      0.07692308   1
2      0.10673235      0.10180624      0.08210181   1
3      0.05917160      0.08579882      0.07396450   1
4      0.04205607      0.05140187      0.06542056   1
5      0.06686930      0.06382979      0.07294833   1
6      0.08057554      0.06906475      0.07625899   1
[1] "object.size(InputDataSet) auto=10.2 Mb"
[1] "nrow(InputDataSet) RxSqlServerData=47615"
[1] "str(InputDataSet)="
'data.frame':	47615 obs. of  42 variables:
 $ Race.RaceId                      : Factor w/ 3416 levels "20160124-08-01-08-07",..: 2 2 2 2 2 2 2 2 2 2 ...
 $ Race.IsPredictedRace             : logi  TRUE TRUE TRUE TRUE TRUE TRUE ...
 $ Race.IsAnalyzeNormalPastAndFuture: logi  TRUE TRUE TRUE TRUE TRUE TRUE ...
 $ Race.IsAnalyzeNormalPast         : logi  TRUE TRUE TRUE TRUE TRUE TRUE ...
 $ Race.IsAnalyzeNormalFuture       : logi  FALSE FALSE FALSE FALSE FALSE FALSE ...
 $ Race.IsAnalyzeFullPastAndFuture  : logi  TRUE TRUE TRUE TRUE TRUE TRUE ...
 $ Race.IsAnalyzeFullPast           : logi  TRUE TRUE TRUE TRUE TRUE TRUE ...
 $ Race.IsAnalyzeFullFuture         : logi  FALSE FALSE FALSE FALSE FALSE FALSE ...
 $ Race.JyokenCd                    : Factor w/ 1 level "4": 1 1 1 1 1 1 1 1 1 1 ...
 $ Race.JyoType1Cd                  : Factor w/ 134 levels "2-08-1800-1",..: 2 2 2 2 2 2 2 2 2 2 ...
 $ Race.RaceType0Cd                 : Factor w/ 345 levels "2-08-1800-1-4-X-14",..: 2 2 2 2 2 2 2 2 2 2 ...
 $ Race.RaceType1Cd                 : Factor w/ 2 levels "2-4-X","2-4-E": 1 1 1 1 1 1 1 1 1 1 ...
 $ Race.RaceType2Cd                 : Factor w/ 2 levels "2-4-X","2-4-E": 1 1 1 1 1 1 1 1 1 1 ...
 $ Race.RaceType3Cd                 : Factor w/ 8 levels "4-X-14","4-X-12",..: 1 1 1 1 1 1 1 1 1 1 ...
 $ Race.RaceType4Cd                 : Factor w/ 4 levels "2-4-14","2-4-12",..: 1 1 1 1 1 1 1 1 1 1 ...
 $ RaceHorse.RaceId                 : Factor w/ 3416 levels "20160124-08-01-08-07",..: 2 2 2 2 2 2 2 2 2 2 ...
 $ RaceHorse.KettoNum               : Factor w/ 9556 levels "2009104149","2012101175",..: 11 12 13 14 15 16 17 18 19 20 ...
 $ RaceHorse.IsHit1                 : int  0 0 1 0 0 0 0 0 0 0 ...
 $ RaceHorse.IsHit2                 : int  0 0 0 0 0 0 0 1 0 0 ...
 $ RaceHorse.IsHit3                 : int  0 1 0 0 0 0 0 0 0 0 ...
 $ RaceHorse.IsHit4                 : int  0 0 0 0 0 0 1 0 0 0 ...
 $ RaceHorse.IsHit5                 : int  0 0 0 0 0 0 0 0 0 0 ...
 $ RaceHorse.IsHit6                 : int  1 0 0 1 1 1 0 0 1 1 ...
 $ RaceHorse.IsValidRaceHorse       : logi  TRUE TRUE TRUE TRUE TRUE TRUE ...
 $ RaceHorse.IsHitA                 : int  0 0 1 0 0 0 0 0 0 0 ...
 $ RaceHorse.IsHitB                 : int  0 0 1 0 0 0 0 1 0 0 ...
 $ RaceHorse.IsHitC                 : int  0 1 1 0 0 0 0 1 0 0 ...
 $ Jockey.KisyuCode                 : Factor w/ 203 levels "01144","01152",..: 11 12 13 14 15 5 8 16 6 1 ...
 $ Jockey.TimeDvByRaceAvg           : num  50.2 53.9 51.4 46.3 49.2 ...
 $ Jockey.TimeDvByRaceMax           : num  71.1 76.2 73.6 72.1 70.1 ...
 $ Jockey.RunCount                  : int  156 609 338 214 329 695 161 762 713 594 ...
 $ Jockey.HitCount1                 : int  16 88 38 9 17 49 21 58 48 55 ...
 $ Jockey.HitCount2                 : int  11 48 25 2 22 54 24 62 61 46 ...
 $ Jockey.HitCount3                 : int  7 65 20 9 22 56 16 60 51 39 ...
 $ Jockey.HitCount4                 : int  7 62 29 11 21 48 14 59 41 34 ...
 $ Jockey.HitCount5                 : int  12 50 25 14 24 53 12 58 57 39 ...
 $ Jockey.HitRate1                  : num  0.1026 0.1445 0.1124 0.0421 0.0517 ...
 $ Jockey.HitRate2                  : num  0.07051 0.07882 0.07396 0.00935 0.06687 ...
 $ Jockey.HitRate3                  : num  0.0449 0.1067 0.0592 0.0421 0.0669 ...
 $ Jockey.HitRate4                  : num  0.0449 0.1018 0.0858 0.0514 0.0638 ...
 $ Jockey.HitRate5                  : num  0.0769 0.0821 0.074 0.0654 0.0729 ...
 $ EOF                              : int  1 1 1 1 1 1 1 1 1 1 ...
[1] "2022-02-05 21:19:00 --- RxSqlServerData Finish ---"
[1] "2022-02-05 21:19:00 --- subset Start ---"
[1] "nrow(InputDataSet) subset before=47615"
[1] "nrow(InputDataSet) subset after=47615"
[1] "nrow(InputDataSet) subset diff=0"
[1] "class(InputDataSet$Race.IsAnalyzeNormalPast)=logical"
[1] "class(InputDataSet$Race.analyzeTrackTypeCd)=NULL"
[1] "2022-02-05 21:19:00 --- subset Finish ---"
[1] "2022-02-05 21:19:00 --- transform Start ---"
[1] "nrow(InputDataSet) transaform before=47615"
[1] "nrow(InputDataSet) transaform after=47615"
[1] "nrow(InputDataSet) transaform diff=0"
[1] "str(InputDataSet)="
'data.frame':	47615 obs. of  42 variables:
 $ Race.RaceId                      : Factor w/ 3416 levels "20160124-08-01-08-07",..: 2 2 2 2 2 2 2 2 2 2 ...
 $ Race.IsPredictedRace             : logi  TRUE TRUE TRUE TRUE TRUE TRUE ...
 $ Race.IsAnalyzeNormalPastAndFuture: logi  TRUE TRUE TRUE TRUE TRUE TRUE ...
 $ Race.IsAnalyzeNormalPast         : logi  TRUE TRUE TRUE TRUE TRUE TRUE ...
 $ Race.IsAnalyzeNormalFuture       : logi  FALSE FALSE FALSE FALSE FALSE FALSE ...
 $ Race.IsAnalyzeFullPastAndFuture  : logi  TRUE TRUE TRUE TRUE TRUE TRUE ...
 $ Race.IsAnalyzeFullPast           : logi  TRUE TRUE TRUE TRUE TRUE TRUE ...
 $ Race.IsAnalyzeFullFuture         : logi  FALSE FALSE FALSE FALSE FALSE FALSE ...
 $ Race.JyokenCd                    : Factor w/ 1 level "4": 1 1 1 1 1 1 1 1 1 1 ...
 $ Race.JyoType1Cd                  : Factor w/ 134 levels "2-08-1800-1",..: 2 2 2 2 2 2 2 2 2 2 ...
 $ Race.RaceType0Cd                 : Factor w/ 345 levels "2-08-1800-1-4-X-14",..: 2 2 2 2 2 2 2 2 2 2 ...
 $ Race.RaceType1Cd                 : Factor w/ 2 levels "2-4-X","2-4-E": 1 1 1 1 1 1 1 1 1 1 ...
 $ Race.RaceType2Cd                 : Factor w/ 2 levels "2-4-X","2-4-E": 1 1 1 1 1 1 1 1 1 1 ...
 $ Race.RaceType3Cd                 : Factor w/ 8 levels "4-X-14","4-X-12",..: 1 1 1 1 1 1 1 1 1 1 ...
 $ Race.RaceType4Cd                 : Factor w/ 4 levels "2-4-14","2-4-12",..: 1 1 1 1 1 1 1 1 1 1 ...
 $ RaceHorse.RaceId                 : Factor w/ 3416 levels "20160124-08-01-08-07",..: 2 2 2 2 2 2 2 2 2 2 ...
 $ RaceHorse.KettoNum               : Factor w/ 9556 levels "2009104149","2012101175",..: 11 12 13 14 15 16 17 18 19 20 ...
 $ RaceHorse.IsHit1                 : int  0 0 1 0 0 0 0 0 0 0 ...
 $ RaceHorse.IsHit2                 : int  0 0 0 0 0 0 0 1 0 0 ...
 $ RaceHorse.IsHit3                 : int  0 1 0 0 0 0 0 0 0 0 ...
 $ RaceHorse.IsHit4                 : int  0 0 0 0 0 0 1 0 0 0 ...
 $ RaceHorse.IsHit5                 : int  0 0 0 0 0 0 0 0 0 0 ...
 $ RaceHorse.IsHit6                 : int  1 0 0 1 1 1 0 0 1 1 ...
 $ RaceHorse.IsValidRaceHorse       : logi  TRUE TRUE TRUE TRUE TRUE TRUE ...
 $ RaceHorse.IsHitA                 : int  0 0 1 0 0 0 0 0 0 0 ...
 $ RaceHorse.IsHitB                 : int  0 0 1 0 0 0 0 1 0 0 ...
 $ RaceHorse.IsHitC                 : int  0 1 1 0 0 0 0 1 0 0 ...
 $ Jockey.KisyuCode                 : Factor w/ 203 levels "01144","01152",..: 11 12 13 14 15 5 8 16 6 1 ...
 $ Jockey.TimeDvByRaceAvg           : num  50.2 53.9 51.4 46.3 49.2 ...
 $ Jockey.TimeDvByRaceMax           : num  71.1 76.2 73.6 72.1 70.1 ...
 $ Jockey.RunCount                  : int  156 609 338 214 329 695 161 762 713 594 ...
 $ Jockey.HitCount1                 : int  16 88 38 9 17 49 21 58 48 55 ...
 $ Jockey.HitCount2                 : int  11 48 25 2 22 54 24 62 61 46 ...
 $ Jockey.HitCount3                 : int  7 65 20 9 22 56 16 60 51 39 ...
 $ Jockey.HitCount4                 : int  7 62 29 11 21 48 14 59 41 34 ...
 $ Jockey.HitCount5                 : int  12 50 25 14 24 53 12 58 57 39 ...
 $ Jockey.HitRate1                  : num  0.1026 0.1445 0.1124 0.0421 0.0517 ...
 $ Jockey.HitRate2                  : num  0.07051 0.07882 0.07396 0.00935 0.06687 ...
 $ Jockey.HitRate3                  : num  0.0449 0.1067 0.0592 0.0421 0.0669 ...
 $ Jockey.HitRate4                  : num  0.0449 0.1018 0.0858 0.0514 0.0638 ...
 $ Jockey.HitRate5                  : num  0.0769 0.0821 0.074 0.0654 0.0729 ...
 $ EOF                              : int  1 1 1 1 1 1 1 1 1 1 ...
NULL
[1] "2022-02-05 21:19:00 --- transform Finish ---"
[1] "2022-02-05 21:19:00 --- na.omit Start ---"
[1] "nrow(InputDataSet) na.omit before=47615"
[1] "nrow(InputDataSet) na.omit after=47615"
[1] "nrow(InputDataSet) na.omit diff=0"
[1] "2022-02-05 21:19:00 --- na.omit Finish---"
[1] "2022-02-05 21:19:00 --- New Levels Start ---"
[1] "levels(data$Race.RaceType1Cd)=2-4-X" "levels(data$Race.RaceType1Cd)=2-4-E"
[1] "levels(InputDataSet$Race.RaceType1Cd)=2-4-X"
[2] "levels(InputDataSet$Race.RaceType1Cd)=2-4-E"
[1] "length(Race.RaceType1Cd.Index)=0"
[1] "2022-02-05 21:19:00 --- New Levels Finish ---"
[1] "2022-02-05 21:19:00 --- na.omit Start ---"
[1] "nrow(InputDataSet) na.omit levels before=47615"
[1] "nrow(InputDataSet) na.omit levels after=47615"
[1] "nrow(InputDataSet) na.omit levels diff=0"
[1] "2022-02-05 21:19:00 --- na.omit Finish ---"
[1] "2022-02-05 21:19:00 --- Predict InputDataSet Start ---"
[1] "nrow(InputDataSet) predict=47615"
[1] "str(InputDataSet)="
'data.frame':	47615 obs. of  42 variables:
 $ Race.RaceId                      : Factor w/ 3416 levels "20160124-08-01-08-07",..: 2 2 2 2 2 2 2 2 2 2 ...
 $ Race.IsPredictedRace             : logi  TRUE TRUE TRUE TRUE TRUE TRUE ...
 $ Race.IsAnalyzeNormalPastAndFuture: logi  TRUE TRUE TRUE TRUE TRUE TRUE ...
 $ Race.IsAnalyzeNormalPast         : logi  TRUE TRUE TRUE TRUE TRUE TRUE ...
 $ Race.IsAnalyzeNormalFuture       : logi  FALSE FALSE FALSE FALSE FALSE FALSE ...
 $ Race.IsAnalyzeFullPastAndFuture  : logi  TRUE TRUE TRUE TRUE TRUE TRUE ...
 $ Race.IsAnalyzeFullPast           : logi  TRUE TRUE TRUE TRUE TRUE TRUE ...
 $ Race.IsAnalyzeFullFuture         : logi  FALSE FALSE FALSE FALSE FALSE FALSE ...
 $ Race.JyokenCd                    : Factor w/ 1 level "4": 1 1 1 1 1 1 1 1 1 1 ...
 $ Race.JyoType1Cd                  : Factor w/ 134 levels "2-08-1800-1",..: 2 2 2 2 2 2 2 2 2 2 ...
 $ Race.RaceType0Cd                 : Factor w/ 345 levels "2-08-1800-1-4-X-14",..: 2 2 2 2 2 2 2 2 2 2 ...
 $ Race.RaceType1Cd                 : Factor w/ 2 levels "2-4-X","2-4-E": 1 1 1 1 1 1 1 1 1 1 ...
 $ Race.RaceType2Cd                 : Factor w/ 2 levels "2-4-X","2-4-E": 1 1 1 1 1 1 1 1 1 1 ...
 $ Race.RaceType3Cd                 : Factor w/ 8 levels "4-X-14","4-X-12",..: 1 1 1 1 1 1 1 1 1 1 ...
 $ Race.RaceType4Cd                 : Factor w/ 4 levels "2-4-14","2-4-12",..: 1 1 1 1 1 1 1 1 1 1 ...
 $ RaceHorse.RaceId                 : Factor w/ 3416 levels "20160124-08-01-08-07",..: 2 2 2 2 2 2 2 2 2 2 ...
 $ RaceHorse.KettoNum               : Factor w/ 9556 levels "2009104149","2012101175",..: 11 12 13 14 15 16 17 18 19 20 ...
 $ RaceHorse.IsHit1                 : int  0 0 1 0 0 0 0 0 0 0 ...
 $ RaceHorse.IsHit2                 : int  0 0 0 0 0 0 0 1 0 0 ...
 $ RaceHorse.IsHit3                 : int  0 1 0 0 0 0 0 0 0 0 ...
 $ RaceHorse.IsHit4                 : int  0 0 0 0 0 0 1 0 0 0 ...
 $ RaceHorse.IsHit5                 : int  0 0 0 0 0 0 0 0 0 0 ...
 $ RaceHorse.IsHit6                 : int  1 0 0 1 1 1 0 0 1 1 ...
 $ RaceHorse.IsValidRaceHorse       : logi  TRUE TRUE TRUE TRUE TRUE TRUE ...
 $ RaceHorse.IsHitA                 : int  0 0 1 0 0 0 0 0 0 0 ...
 $ RaceHorse.IsHitB                 : int  0 0 1 0 0 0 0 1 0 0 ...
 $ RaceHorse.IsHitC                 : int  0 1 1 0 0 0 0 1 0 0 ...
 $ Jockey.KisyuCode                 : Factor w/ 203 levels "01144","01152",..: 11 12 13 14 15 5 8 16 6 1 ...
 $ Jockey.TimeDvByRaceAvg           : num  50.2 53.9 51.4 46.3 49.2 ...
 $ Jockey.TimeDvByRaceMax           : num  71.1 76.2 73.6 72.1 70.1 ...
 $ Jockey.RunCount                  : int  156 609 338 214 329 695 161 762 713 594 ...
 $ Jockey.HitCount1                 : int  16 88 38 9 17 49 21 58 48 55 ...
 $ Jockey.HitCount2                 : int  11 48 25 2 22 54 24 62 61 46 ...
 $ Jockey.HitCount3                 : int  7 65 20 9 22 56 16 60 51 39 ...
 $ Jockey.HitCount4                 : int  7 62 29 11 21 48 14 59 41 34 ...
 $ Jockey.HitCount5                 : int  12 50 25 14 24 53 12 58 57 39 ...
 $ Jockey.HitRate1                  : num  0.1026 0.1445 0.1124 0.0421 0.0517 ...
 $ Jockey.HitRate2                  : num  0.07051 0.07882 0.07396 0.00935 0.06687 ...
 $ Jockey.HitRate3                  : num  0.0449 0.1067 0.0592 0.0421 0.0669 ...
 $ Jockey.HitRate4                  : num  0.0449 0.1018 0.0858 0.0514 0.0638 ...
 $ Jockey.HitRate5                  : num  0.0769 0.0821 0.074 0.0654 0.0729 ...
 $ EOF                              : int  1 1 1 1 1 1 1 1 1 1 ...
[1] "2022-02-05 21:19:00 --- Predict InputDataSet Finish ---"
[1] "2022-02-05 21:19:00 --- rxPredict (glm) Start ---"
[1] "analyzeFunc=glm"
Rows Read: 47615, Total Rows Processed: 47615, Total Chunk Time: 0.002 seconds 
[1] "nrow(PredictDataSet) afte predict=47615"
[1] "str(PredictDataSet)"
'data.frame':	47615 obs. of  1 variable:
 $ RaceHorse.IsHitA_Pred: num  0.0705 0.1256 0.0847 0.0358 0.0554 ...
NULL
[1] "head(PredictDataSet) afte predict="
  RaceHorse.IsHitA_Pred
1            0.07048726
2            0.12563648
3            0.08465127
4            0.03584711
5            0.05540720
6            0.07022504
[1] "2022-02-05 21:19:00 --- rxPredict (glm) Finish ---"
[1] "2022-02-05 21:19:00 --- add key Start ---"
[1] "nrow(OutputDataSet) add KeyColmn=47615"
[1] "str(OutputDataSet) after add Key"
'data.frame':	47615 obs. of  2 variables:
 $ RaceHorse.RaceId  : Factor w/ 3416 levels "20160124-08-01-08-07",..: 2 2 2 2 2 2 2 2 2 2 ...
 $ RaceHorse.KettoNum: Factor w/ 9556 levels "2009104149","2012101175",..: 11 12 13 14 15 16 17 18 19 20 ...
NULL
[1] "2022-02-05 21:19:00 --- add key Finish ---"
[1] "2022-02-05 21:19:00 --- add PredictValue Start ---"
[1] "str(PredictDataSet) before rename="
[1] "colnames(PredictDataSet)=RaceHorse.IsHitA_Pred"
[1] "str(PredictDataSet) after rename="
'data.frame':	47615 obs. of  1 variable:
 $ PredictValue: num  0.0705 0.1256 0.0847 0.0358 0.0554 ...
NULL
[1] "str(OutputDataSet) before cbind="
'data.frame':	47615 obs. of  2 variables:
 $ RaceHorse.RaceId  : Factor w/ 3416 levels "20160124-08-01-08-07",..: 2 2 2 2 2 2 2 2 2 2 ...
 $ RaceHorse.KettoNum: Factor w/ 9556 levels "2009104149","2012101175",..: 11 12 13 14 15 16 17 18 19 20 ...
NULL
[1] "str(OutputDataSet) after cbind="
'data.frame':	47615 obs. of  3 variables:
 $ RaceHorse.RaceId  : Factor w/ 3416 levels "20160124-08-01-08-07",..: 2 2 2 2 2 2 2 2 2 2 ...
 $ RaceHorse.KettoNum: Factor w/ 9556 levels "2009104149","2012101175",..: 11 12 13 14 15 16 17 18 19 20 ...
 $ PredictValue      : num  0.0705 0.1256 0.0847 0.0358 0.0554 ...
NULL
[1] "2022-02-05 21:19:00 --- add PredictValue Finish ---"
[1] "2022-02-05 21:19:00 --- final Start ---"
[1] "nrow(OutputDataSet) final=47615"
[1] "head(OutputDataSet)="
      RaceHorse.RaceId RaceHorse.KettoNum PredictValue
1 20160111-08-01-04-07         2012101937   0.07048726
2 20160111-08-01-04-07         2011103896   0.12563648
3 20160111-08-01-04-07         2012104167   0.08465127
4 20160111-08-01-04-07         2011105337   0.03584711
5 20160111-08-01-04-07         2012101565   0.05540720
6 20160111-08-01-04-07         2011100139   0.07022504
[1] "str(OutputDataSet)="
'data.frame':	47615 obs. of  3 variables:
 $ RaceHorse.RaceId  : Factor w/ 3416 levels "20160124-08-01-08-07",..: 2 2 2 2 2 2 2 2 2 2 ...
 $ RaceHorse.KettoNum: Factor w/ 9556 levels "2009104149","2012101175",..: 11 12 13 14 15 16 17 18 19 20 ...
 $ PredictValue      : num  0.0705 0.1256 0.0847 0.0358 0.0554 ...
NULL
[1] "2022-02-05 21:19:00 --- final Finish ---"
[1] "2022-02-05 21:19:00 --- predict.R Finished ---"
[1] "2022-02-05 21:19:00 --- log Finish ---"
