[1] "2022-01-30 14:52:48 --- source_function.R Start ---"
[1] "2022-01-30 14:52:48 --- source_function.R Finished ---"
[1] "2022-01-30 14:52:48 --- source_library.R Start ---"
[1] "2022-01-30 14:52:48 --- source_library.R Finished ---"
[1] "sqlQuery=SELECT * FROM ViewAnalyzeD1113Analyze01Gen01Type13"
Rows Read: 17682, Total Rows Processed: 17682, Total Chunk Time: 29.770 seconds 
[1] "object.size(data) auto=3.9 Mb"
[1] "nrow(data) sqlQuery=17682"
[1] "str(data)="
'data.frame':	17682 obs. of  42 variables:
 $ Race.RaceId                      : Factor w/ 1459 levels "20210821-01-02-03-11",..: 11 12 13 6 14 15 16 17 18 19 ...
 $ Race.IsPredictedRace             : logi  FALSE FALSE FALSE FALSE FALSE FALSE ...
 $ Race.IsAnalyzeNormalPastAndFuture: logi  TRUE TRUE TRUE TRUE TRUE TRUE ...
 $ Race.IsAnalyzeNormalPast         : logi  TRUE TRUE TRUE TRUE TRUE TRUE ...
 $ Race.IsAnalyzeNormalFuture       : logi  FALSE FALSE FALSE FALSE FALSE FALSE ...
 $ Race.IsAnalyzeFullPastAndFuture  : logi  TRUE TRUE TRUE TRUE TRUE TRUE ...
 $ Race.IsAnalyzeFullPast           : logi  TRUE TRUE TRUE TRUE TRUE TRUE ...
 $ Race.IsAnalyzeFullFuture         : logi  FALSE FALSE FALSE FALSE FALSE FALSE ...
 $ Race.JyokenCd                    : Factor w/ 1 level "3": 1 1 1 1 1 1 1 1 1 1 ...
 $ Race.JyoType1Cd                  : Factor w/ 168 levels "1-01-2600-1",..: 4 9 10 5 11 12 13 14 15 16 ...
 $ Race.RaceType0Cd                 : Factor w/ 328 levels "1-01-2600-1-3-E-13",..: 5 10 11 6 12 13 14 15 16 17 ...
 $ Race.RaceType1Cd                 : Factor w/ 2 levels "1-3-E","1-3-X": 1 1 2 1 1 1 2 1 1 2 ...
 $ Race.RaceType2Cd                 : Factor w/ 2 levels "1-3-E","1-3-X": 1 1 2 1 1 1 2 1 1 2 ...
 $ Race.RaceType3Cd                 : Factor w/ 4 levels "3-E-13","3-X-14",..: 1 1 2 3 3 3 4 1 1 2 ...
 $ Race.RaceType4Cd                 : Factor w/ 2 levels "1-3-13","1-3-14": 1 1 2 2 2 2 1 1 1 2 ...
 $ RaceHorse.RaceId                 : Factor w/ 1459 levels "20210821-01-02-03-11",..: 11 12 13 6 14 15 16 17 18 19 ...
 $ RaceHorse.KettoNum               : Factor w/ 3460 levels "2013104780","2011104124",..: 11 12 13 14 15 16 17 18 19 20 ...
 $ RaceHorse.IsHit1                 : int  0 0 0 0 1 0 0 0 0 0 ...
 $ RaceHorse.IsHit2                 : int  0 0 0 0 0 0 1 0 0 0 ...
 $ RaceHorse.IsHit3                 : int  1 0 0 0 0 0 0 0 0 0 ...
 $ RaceHorse.IsHit4                 : int  0 0 1 1 0 0 0 1 0 0 ...
 $ RaceHorse.IsHit5                 : int  0 0 0 0 0 1 0 0 0 1 ...
 $ RaceHorse.IsHit6                 : int  0 1 0 0 0 0 0 0 1 0 ...
 $ RaceHorse.IsValidRaceHorse       : logi  TRUE TRUE TRUE TRUE TRUE TRUE ...
 $ RaceHorse.IsHitA                 : int  0 0 0 0 1 0 0 0 0 0 ...
 $ RaceHorse.IsHitB                 : int  0 0 0 0 1 0 1 0 0 0 ...
 $ RaceHorse.IsHitC                 : int  1 0 0 0 1 0 1 0 0 0 ...
 $ Gen01.HansyokuNum                : Factor w/ 291 levels "11202081","11202051",..: 11 12 5 13 10 7 14 7 15 16 ...
 $ Gen01.TimeDvByRaceAvg            : num  51.8 51.6 49.7 46.4 51.1 ...
 $ Gen01.TimeDvByRaceMax            : num  72.8 70.8 67.1 65.8 73.7 ...
 $ Gen01.RunCount                   : int  128 99 35 56 383 595 17 604 11 29 ...
 $ Gen01.HitCount1                  : int  12 11 3 2 31 60 3 58 0 1 ...
 $ Gen01.HitCount2                  : int  7 6 2 1 36 57 1 58 1 5 ...
 $ Gen01.HitCount3                  : int  11 4 4 4 32 55 0 55 0 0 ...
 $ Gen01.HitCount4                  : int  15 12 2 2 34 56 1 56 0 2 ...
 $ Gen01.HitCount5                  : int  7 8 4 1 29 59 0 62 1 3 ...
 $ Gen01.HitRate1                   : num  0.0938 0.1111 0.0857 0.0357 0.0809 ...
 $ Gen01.HitRate2                   : num  0.0547 0.0606 0.0571 0.0179 0.094 ...
 $ Gen01.HitRate3                   : num  0.0859 0.0404 0.1143 0.0714 0.0836 ...
 $ Gen01.HitRate4                   : num  0.1172 0.1212 0.0571 0.0357 0.0888 ...
 $ Gen01.HitRate5                   : num  0.0547 0.0808 0.1143 0.0179 0.0757 ...
 $ EOF                              : int  1 1 1 1 1 1 1 1 1 1 ...
[1] "nrow(data) subset before=17682"
[1] "nrow(data) subset after =14459"
[1] "nrow(data) subset diff =3223"
[1] "nrow(data) transform before=14459"
[1] "nrow(data) transform after=14459"
[1] "nrow(data) transform diff=0"
[1] "nrow(data) na.omit before=14459"
[1] "nrow(data) na.omit after =14459"
[1] "nrow(data) na.omit diff =0"
[1] "glm nrow(data) input=14459"
[1] "str(data)="
'data.frame':	14459 obs. of  42 variables:
 $ Race.RaceId                      : Factor w/ 1459 levels "20210821-01-02-03-11",..: 11 12 13 6 14 15 16 17 18 19 ...
 $ Race.IsPredictedRace             : logi  FALSE FALSE FALSE FALSE FALSE FALSE ...
 $ Race.IsAnalyzeNormalPastAndFuture: logi  TRUE TRUE TRUE TRUE TRUE TRUE ...
 $ Race.IsAnalyzeNormalPast         : logi  TRUE TRUE TRUE TRUE TRUE TRUE ...
 $ Race.IsAnalyzeNormalFuture       : logi  FALSE FALSE FALSE FALSE FALSE FALSE ...
 $ Race.IsAnalyzeFullPastAndFuture  : logi  TRUE TRUE TRUE TRUE TRUE TRUE ...
 $ Race.IsAnalyzeFullPast           : logi  TRUE TRUE TRUE TRUE TRUE TRUE ...
 $ Race.IsAnalyzeFullFuture         : logi  FALSE FALSE FALSE FALSE FALSE FALSE ...
 $ Race.JyokenCd                    : Factor w/ 1 level "3": 1 1 1 1 1 1 1 1 1 1 ...
 $ Race.JyoType1Cd                  : Factor w/ 168 levels "1-01-2600-1",..: 4 9 10 5 11 12 13 14 15 16 ...
 $ Race.RaceType0Cd                 : Factor w/ 328 levels "1-01-2600-1-3-E-13",..: 5 10 11 6 12 13 14 15 16 17 ...
 $ Race.RaceType1Cd                 : Factor w/ 2 levels "1-3-E","1-3-X": 1 1 2 1 1 1 2 1 1 2 ...
 $ Race.RaceType2Cd                 : Factor w/ 2 levels "1-3-E","1-3-X": 1 1 2 1 1 1 2 1 1 2 ...
 $ Race.RaceType3Cd                 : Factor w/ 4 levels "3-E-13","3-X-14",..: 1 1 2 3 3 3 4 1 1 2 ...
 $ Race.RaceType4Cd                 : Factor w/ 2 levels "1-3-13","1-3-14": 1 1 2 2 2 2 1 1 1 2 ...
 $ RaceHorse.RaceId                 : Factor w/ 1459 levels "20210821-01-02-03-11",..: 11 12 13 6 14 15 16 17 18 19 ...
 $ RaceHorse.KettoNum               : Factor w/ 3460 levels "2013104780","2011104124",..: 11 12 13 14 15 16 17 18 19 20 ...
 $ RaceHorse.IsHit1                 : int  0 0 0 0 1 0 0 0 0 0 ...
 $ RaceHorse.IsHit2                 : int  0 0 0 0 0 0 1 0 0 0 ...
 $ RaceHorse.IsHit3                 : int  1 0 0 0 0 0 0 0 0 0 ...
 $ RaceHorse.IsHit4                 : int  0 0 1 1 0 0 0 1 0 0 ...
 $ RaceHorse.IsHit5                 : int  0 0 0 0 0 1 0 0 0 1 ...
 $ RaceHorse.IsHit6                 : int  0 1 0 0 0 0 0 0 1 0 ...
 $ RaceHorse.IsValidRaceHorse       : logi  TRUE TRUE TRUE TRUE TRUE TRUE ...
 $ RaceHorse.IsHitA                 : int  0 0 0 0 1 0 0 0 0 0 ...
 $ RaceHorse.IsHitB                 : int  0 0 0 0 1 0 1 0 0 0 ...
 $ RaceHorse.IsHitC                 : int  1 0 0 0 1 0 1 0 0 0 ...
 $ Gen01.HansyokuNum                : Factor w/ 291 levels "11202081","11202051",..: 11 12 5 13 10 7 14 7 15 16 ...
 $ Gen01.TimeDvByRaceAvg            : num  51.8 51.6 49.7 46.4 51.1 ...
 $ Gen01.TimeDvByRaceMax            : num  72.8 70.8 67.1 65.8 73.7 ...
 $ Gen01.RunCount                   : int  128 99 35 56 383 595 17 604 11 29 ...
 $ Gen01.HitCount1                  : int  12 11 3 2 31 60 3 58 0 1 ...
 $ Gen01.HitCount2                  : int  7 6 2 1 36 57 1 58 1 5 ...
 $ Gen01.HitCount3                  : int  11 4 4 4 32 55 0 55 0 0 ...
 $ Gen01.HitCount4                  : int  15 12 2 2 34 56 1 56 0 2 ...
 $ Gen01.HitCount5                  : int  7 8 4 1 29 59 0 62 1 3 ...
 $ Gen01.HitRate1                   : num  0.0938 0.1111 0.0857 0.0357 0.0809 ...
 $ Gen01.HitRate2                   : num  0.0547 0.0606 0.0571 0.0179 0.094 ...
 $ Gen01.HitRate3                   : num  0.0859 0.0404 0.1143 0.0714 0.0836 ...
 $ Gen01.HitRate4                   : num  0.1172 0.1212 0.0571 0.0357 0.0888 ...
 $ Gen01.HitRate5                   : num  0.0547 0.0808 0.1143 0.0179 0.0757 ...
 $ EOF                              : int  1 1 1 1 1 1 1 1 1 1 ...
[1] "2022-01-30 14:53:47 --- source_logic_glm.R Start ---"
[1] "2022-01-30 14:53:47 --- source_logic_glm.R Finished ---"

Call:
glm(formula = RaceHorse.IsHitA ~ +1 + Gen01.TimeDvByRaceAvg + 
    Gen01.HitRate1, family = "binomial", data = data)

Deviance Residuals: 
   Min      1Q  Median      3Q     Max  
-1.103  -0.430  -0.407  -0.359   2.850  

Coefficients:
                      Estimate Std. Error z value Pr(>|z|)    
(Intercept)            -7.7784     0.6211  -12.52   <2e-16 ***
Gen01.TimeDvByRaceAvg   0.1040     0.0124    8.37   <2e-16 ***
Gen01.HitRate1          0.3530     0.4061    0.87     0.38    
---
Signif. codes:  0 '***' 0.001 '**' 0.01 '*' 0.05 '.' 0.1 ' ' 1

(Dispersion parameter for binomial family taken to be 1)

    Null deviance: 8131.0  on 14458  degrees of freedom
Residual deviance: 8018.9  on 14456  degrees of freedom
AIC: 8025

Number of Fisher Scoring iterations: 5


Call:  glm(formula = RaceHorse.IsHitA ~ Gen01.TimeDvByRaceAvg, family = "binomial", 
    data = data)

Coefficients:
          (Intercept)  Gen01.TimeDvByRaceAvg  
                -8.03                   0.11  

Degrees of Freedom: 14458 Total (i.e. Null);  14457 Residual
Null Deviance:	    8130 
Residual Deviance: 8020 	AIC: 8020

Call:
glm(formula = RaceHorse.IsHitA ~ Gen01.TimeDvByRaceAvg, family = "binomial", 
    data = data)

Deviance Residuals: 
   Min      1Q  Median      3Q     Max  
-1.015  -0.430  -0.408  -0.359   2.868  

Coefficients:
                      Estimate Std. Error z value Pr(>|z|)    
(Intercept)            -8.0299     0.5486   -14.6   <2e-16 ***
Gen01.TimeDvByRaceAvg   0.1095     0.0106    10.3   <2e-16 ***
---
Signif. codes:  0 '***' 0.001 '**' 0.01 '*' 0.05 '.' 0.1 ' ' 1

(Dispersion parameter for binomial family taken to be 1)

    Null deviance: 8131.0  on 14458  degrees of freedom
Residual deviance: 8019.7  on 14457  degrees of freedom
AIC: 8024

Number of Fisher Scoring iterations: 5

[1] "pdfFilename=pdf_analyze_glm_Gen01_Type13_plot.analyze.results.glm.pdf"
[1] "pdfFilename=pdf_analyze_glm_Gen01_Type13_plot.analyze.results.glm.step.pdf"
[1] "save.image"
[1] "rdataFilename=RData_analyze_glm_Gen01_Type13.RData"
[1] "nrow(data) final=14459"
[1] "q..."
[1] "2022-01-30 14:53:49 --- analyze_glm.R Finished ---"
[1] "log sink finish"
