[1] "2022-01-30 14:50:03 --- source_function.R Start ---"
[1] "2022-01-30 14:50:03 --- source_function.R Finished ---"
[1] "2022-01-30 14:50:03 --- source_library.R Start ---"
[1] "2022-01-30 14:50:03 --- source_library.R Finished ---"
[1] "sqlQuery=SELECT * FROM ViewAnalyzeD1113Analyze01JockeyType14"
Rows Read: 36264, Total Rows Processed: 36264, Total Chunk Time: 124.635 seconds 
[1] "object.size(data) auto=7.9 Mb"
[1] "nrow(data) sqlQuery=36264"
[1] "str(data)="
'data.frame':	36264 obs. of  42 variables:
 $ Race.RaceId                      : Factor w/ 2694 levels "20190608-09-03-03-09",..: 11 12 13 14 15 16 17 18 19 20 ...
 $ Race.IsPredictedRace             : logi  FALSE FALSE FALSE FALSE FALSE FALSE ...
 $ Race.IsAnalyzeNormalPastAndFuture: logi  TRUE TRUE TRUE TRUE TRUE TRUE ...
 $ Race.IsAnalyzeNormalPast         : logi  TRUE TRUE TRUE TRUE TRUE TRUE ...
 $ Race.IsAnalyzeNormalFuture       : logi  FALSE FALSE FALSE FALSE FALSE FALSE ...
 $ Race.IsAnalyzeFullPastAndFuture  : logi  TRUE TRUE TRUE TRUE TRUE TRUE ...
 $ Race.IsAnalyzeFullPast           : logi  TRUE TRUE TRUE TRUE TRUE TRUE ...
 $ Race.IsAnalyzeFullFuture         : logi  FALSE FALSE FALSE FALSE FALSE FALSE ...
 $ Race.JyokenCd                    : Factor w/ 1 level "4": 1 1 1 1 1 1 1 1 1 1 ...
 $ Race.JyoType1Cd                  : Factor w/ 182 levels "1-09-2400-2",..: 9 10 2 11 12 13 11 14 15 16 ...
 $ Race.RaceType0Cd                 : Factor w/ 548 levels "1-09-2400-2-4-E-13",..: 11 12 13 14 15 16 14 17 18 19 ...
 $ Race.RaceType1Cd                 : Factor w/ 2 levels "1-4-E","1-4-X": 2 2 2 2 2 2 2 2 2 2 ...
 $ Race.RaceType2Cd                 : Factor w/ 2 levels "1-4-E","1-4-X": 2 2 2 2 2 2 2 2 2 2 ...
 $ Race.RaceType3Cd                 : Factor w/ 8 levels "4-E-13","4-E-14",..: 5 6 5 5 5 6 5 5 5 6 ...
 $ Race.RaceType4Cd                 : Factor w/ 4 levels "1-4-13","1-4-14",..: 1 2 1 1 1 2 1 1 1 2 ...
 $ RaceHorse.RaceId                 : Factor w/ 2694 levels "20190608-09-03-03-09",..: 11 12 13 14 15 16 17 18 19 20 ...
 $ RaceHorse.KettoNum               : Factor w/ 8091 levels "2013101248","2013102770",..: 11 12 13 14 15 16 17 18 19 20 ...
 $ RaceHorse.IsHit1                 : int  0 0 0 0 0 0 0 0 0 0 ...
 $ RaceHorse.IsHit2                 : int  0 0 0 0 0 0 0 0 0 0 ...
 $ RaceHorse.IsHit3                 : int  0 0 0 0 0 0 1 0 0 0 ...
 $ RaceHorse.IsHit4                 : int  0 0 0 0 0 0 0 0 0 0 ...
 $ RaceHorse.IsHit5                 : int  1 0 0 0 0 0 0 0 0 0 ...
 $ RaceHorse.IsHit6                 : int  0 1 1 1 1 1 0 1 1 1 ...
 $ RaceHorse.IsValidRaceHorse       : logi  TRUE TRUE TRUE TRUE TRUE TRUE ...
 $ RaceHorse.IsHitA                 : int  0 0 0 0 0 0 0 0 0 0 ...
 $ RaceHorse.IsHitB                 : int  0 0 0 0 0 0 0 0 0 0 ...
 $ RaceHorse.IsHitC                 : int  0 0 0 0 0 0 1 0 0 0 ...
 $ Jockey.KisyuCode                 : Factor w/ 216 levels "01157","01127",..: 10 11 12 13 14 15 16 17 18 19 ...
 $ Jockey.TimeDvByRaceAvg           : num  51 49.7 50.9 48.4 50.9 ...
 $ Jockey.TimeDvByRaceMax           : num  66.3 69.2 69.9 64.6 68.7 ...
 $ Jockey.RunCount                  : int  196 116 185 58 211 125 86 99 119 209 ...
 $ Jockey.HitCount1                 : int  13 12 13 1 17 7 24 13 8 16 ...
 $ Jockey.HitCount2                 : int  17 8 11 2 16 9 11 11 14 18 ...
 $ Jockey.HitCount3                 : int  19 6 17 1 17 13 10 6 7 17 ...
 $ Jockey.HitCount4                 : int  17 5 9 1 22 13 13 7 3 15 ...
 $ Jockey.HitCount5                 : int  13 8 13 6 13 9 5 2 8 15 ...
 $ Jockey.HitRate1                  : num  0.0663 0.1034 0.0703 0.0172 0.0806 ...
 $ Jockey.HitRate2                  : num  0.0867 0.069 0.0595 0.0345 0.0758 ...
 $ Jockey.HitRate3                  : num  0.0969 0.0517 0.0919 0.0172 0.0806 ...
 $ Jockey.HitRate4                  : num  0.0867 0.0431 0.0486 0.0172 0.1043 ...
 $ Jockey.HitRate5                  : num  0.0663 0.069 0.0703 0.1034 0.0616 ...
 $ EOF                              : int  1 1 1 1 1 1 1 1 1 1 ...
[1] "nrow(data) subset before=36264"
[1] "nrow(data) subset after =29904"
[1] "nrow(data) subset diff =6360"
[1] "nrow(data) transform before=29904"
[1] "nrow(data) transform after=29904"
[1] "nrow(data) transform diff=0"
[1] "nrow(data) na.omit before=29904"
[1] "nrow(data) na.omit after =29904"
[1] "nrow(data) na.omit diff =0"
[1] "glm nrow(data) input=29904"
[1] "str(data)="
'data.frame':	29904 obs. of  42 variables:
 $ Race.RaceId                      : Factor w/ 2694 levels "20190608-09-03-03-09",..: 11 12 13 14 15 16 17 18 19 20 ...
 $ Race.IsPredictedRace             : logi  FALSE FALSE FALSE FALSE FALSE FALSE ...
 $ Race.IsAnalyzeNormalPastAndFuture: logi  TRUE TRUE TRUE TRUE TRUE TRUE ...
 $ Race.IsAnalyzeNormalPast         : logi  TRUE TRUE TRUE TRUE TRUE TRUE ...
 $ Race.IsAnalyzeNormalFuture       : logi  FALSE FALSE FALSE FALSE FALSE FALSE ...
 $ Race.IsAnalyzeFullPastAndFuture  : logi  TRUE TRUE TRUE TRUE TRUE TRUE ...
 $ Race.IsAnalyzeFullPast           : logi  TRUE TRUE TRUE TRUE TRUE TRUE ...
 $ Race.IsAnalyzeFullFuture         : logi  FALSE FALSE FALSE FALSE FALSE FALSE ...
 $ Race.JyokenCd                    : Factor w/ 1 level "4": 1 1 1 1 1 1 1 1 1 1 ...
 $ Race.JyoType1Cd                  : Factor w/ 182 levels "1-09-2400-2",..: 9 10 2 11 12 13 11 14 15 16 ...
 $ Race.RaceType0Cd                 : Factor w/ 548 levels "1-09-2400-2-4-E-13",..: 11 12 13 14 15 16 14 17 18 19 ...
 $ Race.RaceType1Cd                 : Factor w/ 2 levels "1-4-E","1-4-X": 2 2 2 2 2 2 2 2 2 2 ...
 $ Race.RaceType2Cd                 : Factor w/ 2 levels "1-4-E","1-4-X": 2 2 2 2 2 2 2 2 2 2 ...
 $ Race.RaceType3Cd                 : Factor w/ 8 levels "4-E-13","4-E-14",..: 5 6 5 5 5 6 5 5 5 6 ...
 $ Race.RaceType4Cd                 : Factor w/ 4 levels "1-4-13","1-4-14",..: 1 2 1 1 1 2 1 1 1 2 ...
 $ RaceHorse.RaceId                 : Factor w/ 2694 levels "20190608-09-03-03-09",..: 11 12 13 14 15 16 17 18 19 20 ...
 $ RaceHorse.KettoNum               : Factor w/ 8091 levels "2013101248","2013102770",..: 11 12 13 14 15 16 17 18 19 20 ...
 $ RaceHorse.IsHit1                 : int  0 0 0 0 0 0 0 0 0 0 ...
 $ RaceHorse.IsHit2                 : int  0 0 0 0 0 0 0 0 0 0 ...
 $ RaceHorse.IsHit3                 : int  0 0 0 0 0 0 1 0 0 0 ...
 $ RaceHorse.IsHit4                 : int  0 0 0 0 0 0 0 0 0 0 ...
 $ RaceHorse.IsHit5                 : int  1 0 0 0 0 0 0 0 0 0 ...
 $ RaceHorse.IsHit6                 : int  0 1 1 1 1 1 0 1 1 1 ...
 $ RaceHorse.IsValidRaceHorse       : logi  TRUE TRUE TRUE TRUE TRUE TRUE ...
 $ RaceHorse.IsHitA                 : int  0 0 0 0 0 0 0 0 0 0 ...
 $ RaceHorse.IsHitB                 : int  0 0 0 0 0 0 0 0 0 0 ...
 $ RaceHorse.IsHitC                 : int  0 0 0 0 0 0 1 0 0 0 ...
 $ Jockey.KisyuCode                 : Factor w/ 216 levels "01157","01127",..: 10 11 12 13 14 15 16 17 18 19 ...
 $ Jockey.TimeDvByRaceAvg           : num  51 49.7 50.9 48.4 50.9 ...
 $ Jockey.TimeDvByRaceMax           : num  66.3 69.2 69.9 64.6 68.7 ...
 $ Jockey.RunCount                  : int  196 116 185 58 211 125 86 99 119 209 ...
 $ Jockey.HitCount1                 : int  13 12 13 1 17 7 24 13 8 16 ...
 $ Jockey.HitCount2                 : int  17 8 11 2 16 9 11 11 14 18 ...
 $ Jockey.HitCount3                 : int  19 6 17 1 17 13 10 6 7 17 ...
 $ Jockey.HitCount4                 : int  17 5 9 1 22 13 13 7 3 15 ...
 $ Jockey.HitCount5                 : int  13 8 13 6 13 9 5 2 8 15 ...
 $ Jockey.HitRate1                  : num  0.0663 0.1034 0.0703 0.0172 0.0806 ...
 $ Jockey.HitRate2                  : num  0.0867 0.069 0.0595 0.0345 0.0758 ...
 $ Jockey.HitRate3                  : num  0.0969 0.0517 0.0919 0.0172 0.0806 ...
 $ Jockey.HitRate4                  : num  0.0867 0.0431 0.0486 0.0172 0.1043 ...
 $ Jockey.HitRate5                  : num  0.0663 0.069 0.0703 0.1034 0.0616 ...
 $ EOF                              : int  1 1 1 1 1 1 1 1 1 1 ...
[1] "2022-01-30 14:54:05 --- source_logic_glm.R Start ---"
[1] "2022-01-30 14:54:05 --- source_logic_glm.R Finished ---"

Call:
glm(formula = RaceHorse.IsHitA ~ +1 + Jockey.TimeDvByRaceAvg + 
    Jockey.HitRate1, family = "binomial", data = data)

Deviance Residuals: 
   Min      1Q  Median      3Q     Max  
-1.970  -0.415  -0.360  -0.288   3.301  

Coefficients:
                       Estimate Std. Error z value Pr(>|z|)    
(Intercept)            -11.1143     0.5919  -18.78  < 2e-16 ***
Jockey.TimeDvByRaceAvg   0.1655     0.0121   13.64  < 2e-16 ***
Jockey.HitRate1          1.7501     0.4794    3.65  0.00026 ***
---
Signif. codes:  0 '***' 0.001 '**' 0.01 '*' 0.05 '.' 0.1 ' ' 1

(Dispersion parameter for binomial family taken to be 1)

    Null deviance: 15933  on 29903  degrees of freedom
Residual deviance: 15173  on 29901  degrees of freedom
AIC: 15179

Number of Fisher Scoring iterations: 6


Call:  glm(formula = RaceHorse.IsHitA ~ +1 + Jockey.TimeDvByRaceAvg + 
    Jockey.HitRate1, family = "binomial", data = data)

Coefficients:
           (Intercept)  Jockey.TimeDvByRaceAvg         Jockey.HitRate1  
               -11.114                   0.165                   1.750  

Degrees of Freedom: 29903 Total (i.e. Null);  29901 Residual
Null Deviance:	    15900 
Residual Deviance: 15200 	AIC: 15200

Call:
glm(formula = RaceHorse.IsHitA ~ +1 + Jockey.TimeDvByRaceAvg + 
    Jockey.HitRate1, family = "binomial", data = data)

Deviance Residuals: 
   Min      1Q  Median      3Q     Max  
-1.970  -0.415  -0.360  -0.288   3.301  

Coefficients:
                       Estimate Std. Error z value Pr(>|z|)    
(Intercept)            -11.1143     0.5919  -18.78  < 2e-16 ***
Jockey.TimeDvByRaceAvg   0.1655     0.0121   13.64  < 2e-16 ***
Jockey.HitRate1          1.7501     0.4794    3.65  0.00026 ***
---
Signif. codes:  0 '***' 0.001 '**' 0.01 '*' 0.05 '.' 0.1 ' ' 1

(Dispersion parameter for binomial family taken to be 1)

    Null deviance: 15933  on 29903  degrees of freedom
Residual deviance: 15173  on 29901  degrees of freedom
AIC: 15179

Number of Fisher Scoring iterations: 6

[1] "pdfFilename=pdf_analyze_glm_Jockey_Type14_plot.analyze.results.glm.pdf"
[1] "pdfFilename=pdf_analyze_glm_Jockey_Type14_plot.analyze.results.glm.step.pdf"
[1] "save.image"
[1] "rdataFilename=RData_analyze_glm_Jockey_Type14.RData"
[1] "nrow(data) final=29904"
[1] "q..."
[1] "2022-01-30 14:54:08 --- analyze_glm.R Finished ---"
[1] "log sink finish"
