[1] "2022-01-30 21:57:16 --- source_function.R Start ---"
[1] "2022-01-30 21:57:16 --- source_function.R Finished ---"
[1] "2022-01-30 21:57:16 --- source_library.R Start ---"
[1] "2022-01-30 21:57:17 --- source_library.R Finished ---"
[1] "sqlQuery=SELECT * FROM ViewAnalyzeD1113Analyze01Gen01Type22"
Rows Read: 7306, Total Rows Processed: 7306, Total Chunk Time: 5.311 seconds 
[1] "object.size(data) auto=1.6 Mb"
[1] "nrow(data) sqlQuery=7306"
[1] "str(data)="
'data.frame':	7306 obs. of  42 variables:
 $ Race.RaceId                      : Factor w/ 511 levels "20200523-08-03-09-10",..: 11 12 13 14 15 16 17 18 19 20 ...
 $ Race.IsPredictedRace             : logi  FALSE FALSE FALSE FALSE FALSE FALSE ...
 $ Race.IsAnalyzeNormalPastAndFuture: logi  TRUE TRUE TRUE TRUE TRUE TRUE ...
 $ Race.IsAnalyzeNormalPast         : logi  TRUE TRUE TRUE TRUE TRUE TRUE ...
 $ Race.IsAnalyzeNormalFuture       : logi  FALSE FALSE FALSE FALSE FALSE FALSE ...
 $ Race.IsAnalyzeFullPastAndFuture  : logi  TRUE TRUE TRUE TRUE TRUE TRUE ...
 $ Race.IsAnalyzeFullPast           : logi  TRUE TRUE TRUE TRUE TRUE TRUE ...
 $ Race.IsAnalyzeFullFuture         : logi  FALSE FALSE FALSE FALSE FALSE FALSE ...
 $ Race.JyokenCd                    : Factor w/ 1 level "2": 1 1 1 1 1 1 1 1 1 1 ...
 $ Race.JyoType1Cd                  : Factor w/ 82 levels "2-08-1200-1",..: 10 11 12 13 7 14 15 11 16 9 ...
 $ Race.RaceType0Cd                 : Factor w/ 133 levels "2-08-1200-1-2-E-14",..: 10 11 12 13 7 14 15 16 17 9 ...
 $ Race.RaceType1Cd                 : Factor w/ 2 levels "2-2-E","2-2-X": 1 1 1 1 1 1 1 1 1 1 ...
 $ Race.RaceType2Cd                 : Factor w/ 2 levels "2-2-E","2-2-X": 1 1 1 1 1 1 1 1 1 1 ...
 $ Race.RaceType3Cd                 : Factor w/ 3 levels "2-E-14","2-E-13",..: 1 2 2 2 2 2 2 1 2 2 ...
 $ Race.RaceType4Cd                 : Factor w/ 2 levels "2-2-14","2-2-13": 1 2 2 2 2 2 2 1 2 2 ...
 $ RaceHorse.RaceId                 : Factor w/ 511 levels "20200523-08-03-09-10",..: 11 12 13 14 15 16 17 18 19 20 ...
 $ RaceHorse.KettoNum               : Factor w/ 1472 levels "2015102246","2012104626",..: 11 12 13 14 15 16 17 18 19 20 ...
 $ RaceHorse.IsHit1                 : int  0 0 0 0 0 1 0 0 0 0 ...
 $ RaceHorse.IsHit2                 : int  0 0 0 1 0 0 0 0 0 0 ...
 $ RaceHorse.IsHit3                 : int  0 0 0 0 0 0 0 0 0 0 ...
 $ RaceHorse.IsHit4                 : int  0 0 0 0 0 0 0 1 0 0 ...
 $ RaceHorse.IsHit5                 : int  0 0 0 0 0 0 0 0 0 0 ...
 $ RaceHorse.IsHit6                 : int  1 1 1 0 1 0 1 0 1 1 ...
 $ RaceHorse.IsValidRaceHorse       : logi  TRUE TRUE TRUE TRUE TRUE TRUE ...
 $ RaceHorse.IsHitA                 : int  0 0 0 0 0 1 0 0 0 0 ...
 $ RaceHorse.IsHitB                 : int  0 0 0 1 0 1 0 0 0 0 ...
 $ RaceHorse.IsHitC                 : int  0 0 0 1 0 1 0 0 0 0 ...
 $ Gen01.HansyokuNum                : Factor w/ 249 levels "11201853","11406188",..: 1 5 11 1 12 13 5 14 15 16 ...
 $ Gen01.TimeDvByRaceAvg            : num  52.4 48.3 51.1 52.2 48.6 ...
 $ Gen01.TimeDvByRaceMax            : num  68.9 70.8 62.1 68.9 63.9 ...
 $ Gen01.RunCount                   : int  132 154 14 132 4 227 150 88 74 1 ...
 $ Gen01.HitCount1                  : int  11 6 1 11 0 18 7 4 7 0 ...
 $ Gen01.HitCount2                  : int  19 11 3 19 1 14 12 8 1 0 ...
 $ Gen01.HitCount3                  : int  11 8 1 10 0 18 7 15 1 0 ...
 $ Gen01.HitCount4                  : int  6 8 0 6 0 19 6 4 6 0 ...
 $ Gen01.HitCount5                  : int  9 13 0 9 1 20 14 5 5 0 ...
 $ Gen01.HitRate1                   : num  0.0833 0.039 0.0714 0.0833 0 ...
 $ Gen01.HitRate2                   : num  0.1439 0.0714 0.2143 0.1439 0.25 ...
 $ Gen01.HitRate3                   : num  0.0833 0.0519 0.0714 0.0758 0 ...
 $ Gen01.HitRate4                   : num  0.0455 0.0519 0 0.0455 0 ...
 $ Gen01.HitRate5                   : num  0.0682 0.0844 0 0.0682 0.25 ...
 $ EOF                              : int  1 1 1 1 1 1 1 1 1 1 ...
[1] "nrow(data) subset before=7306"
[1] "nrow(data) subset after =5587"
[1] "nrow(data) subset diff =1719"
[1] "nrow(data) transform before=5587"
[1] "nrow(data) transform after=5587"
[1] "nrow(data) transform diff=0"
[1] "nrow(data) na.omit before=5587"
[1] "nrow(data) na.omit after =5587"
[1] "nrow(data) na.omit diff =0"
[1] "glm nrow(data) input=5587"
[1] "str(data)="
'data.frame':	5587 obs. of  42 variables:
 $ Race.RaceId                      : Factor w/ 511 levels "20200523-08-03-09-10",..: 11 12 13 14 15 16 18 19 20 21 ...
 $ Race.IsPredictedRace             : logi  FALSE FALSE FALSE FALSE FALSE FALSE ...
 $ Race.IsAnalyzeNormalPastAndFuture: logi  TRUE TRUE TRUE TRUE TRUE TRUE ...
 $ Race.IsAnalyzeNormalPast         : logi  TRUE TRUE TRUE TRUE TRUE TRUE ...
 $ Race.IsAnalyzeNormalFuture       : logi  FALSE FALSE FALSE FALSE FALSE FALSE ...
 $ Race.IsAnalyzeFullPastAndFuture  : logi  TRUE TRUE TRUE TRUE TRUE TRUE ...
 $ Race.IsAnalyzeFullPast           : logi  TRUE TRUE TRUE TRUE TRUE TRUE ...
 $ Race.IsAnalyzeFullFuture         : logi  FALSE FALSE FALSE FALSE FALSE FALSE ...
 $ Race.JyokenCd                    : Factor w/ 1 level "2": 1 1 1 1 1 1 1 1 1 1 ...
 $ Race.JyoType1Cd                  : Factor w/ 82 levels "2-08-1200-1",..: 10 11 12 13 7 14 11 16 9 9 ...
 $ Race.RaceType0Cd                 : Factor w/ 133 levels "2-08-1200-1-2-E-14",..: 10 11 12 13 7 14 16 17 9 9 ...
 $ Race.RaceType1Cd                 : Factor w/ 2 levels "2-2-E","2-2-X": 1 1 1 1 1 1 1 1 1 1 ...
 $ Race.RaceType2Cd                 : Factor w/ 2 levels "2-2-E","2-2-X": 1 1 1 1 1 1 1 1 1 1 ...
 $ Race.RaceType3Cd                 : Factor w/ 3 levels "2-E-14","2-E-13",..: 1 2 2 2 2 2 1 2 2 2 ...
 $ Race.RaceType4Cd                 : Factor w/ 2 levels "2-2-14","2-2-13": 1 2 2 2 2 2 1 2 2 2 ...
 $ RaceHorse.RaceId                 : Factor w/ 511 levels "20200523-08-03-09-10",..: 11 12 13 14 15 16 18 19 20 21 ...
 $ RaceHorse.KettoNum               : Factor w/ 1472 levels "2015102246","2012104626",..: 11 12 13 14 15 16 18 19 20 21 ...
 $ RaceHorse.IsHit1                 : int  0 0 0 0 0 1 0 0 0 0 ...
 $ RaceHorse.IsHit2                 : int  0 0 0 1 0 0 0 0 0 0 ...
 $ RaceHorse.IsHit3                 : int  0 0 0 0 0 0 0 0 0 0 ...
 $ RaceHorse.IsHit4                 : int  0 0 0 0 0 0 1 0 0 0 ...
 $ RaceHorse.IsHit5                 : int  0 0 0 0 0 0 0 0 0 0 ...
 $ RaceHorse.IsHit6                 : int  1 1 1 0 1 0 0 1 1 1 ...
 $ RaceHorse.IsValidRaceHorse       : logi  TRUE TRUE TRUE TRUE TRUE TRUE ...
 $ RaceHorse.IsHitA                 : int  0 0 0 0 0 1 0 0 0 0 ...
 $ RaceHorse.IsHitB                 : int  0 0 0 1 0 1 0 0 0 0 ...
 $ RaceHorse.IsHitC                 : int  0 0 0 1 0 1 0 0 0 0 ...
 $ Gen01.HansyokuNum                : Factor w/ 249 levels "11201853","11406188",..: 1 5 11 1 12 13 14 15 16 5 ...
 $ Gen01.TimeDvByRaceAvg            : num  52.4 48.3 51.1 52.2 48.6 ...
 $ Gen01.TimeDvByRaceMax            : num  68.9 70.8 62.1 68.9 63.9 ...
 $ Gen01.RunCount                   : int  132 154 14 132 4 227 88 74 1 138 ...
 $ Gen01.HitCount1                  : int  11 6 1 11 0 18 4 7 0 7 ...
 $ Gen01.HitCount2                  : int  19 11 3 19 1 14 8 1 0 9 ...
 $ Gen01.HitCount3                  : int  11 8 1 10 0 18 15 1 0 9 ...
 $ Gen01.HitCount4                  : int  6 8 0 6 0 19 4 6 0 7 ...
 $ Gen01.HitCount5                  : int  9 13 0 9 1 20 5 5 0 9 ...
 $ Gen01.HitRate1                   : num  0.0833 0.039 0.0714 0.0833 0 ...
 $ Gen01.HitRate2                   : num  0.1439 0.0714 0.2143 0.1439 0.25 ...
 $ Gen01.HitRate3                   : num  0.0833 0.0519 0.0714 0.0758 0 ...
 $ Gen01.HitRate4                   : num  0.0455 0.0519 0 0.0455 0 ...
 $ Gen01.HitRate5                   : num  0.0682 0.0844 0 0.0682 0.25 ...
 $ EOF                              : int  1 1 1 1 1 1 1 1 1 1 ...
[1] "2022-01-30 21:57:30 --- source_logic_glm.R Start ---"
[1] "2022-01-30 21:57:30 --- source_logic_glm.R Finished ---"

Call:
glm(formula = RaceHorse.IsHitA ~ +1 + Gen01.TimeDvByRaceAvg + 
    Gen01.HitRate1, family = "binomial", data = data)

Deviance Residuals: 
   Min      1Q  Median      3Q     Max  
-0.922  -0.391  -0.367  -0.341   3.223  

Coefficients:
                      Estimate Std. Error z value Pr(>|z|)    
(Intercept)            -6.9345     0.8765   -7.91  2.5e-15 ***
Gen01.TimeDvByRaceAvg   0.0845     0.0175    4.83  1.3e-06 ***
Gen01.HitRate1          0.2402     0.5699    0.42     0.67    
---
Signif. codes:  0 '***' 0.001 '**' 0.01 '*' 0.05 '.' 0.1 ' ' 1

(Dispersion parameter for binomial family taken to be 1)

    Null deviance: 2807.8  on 5586  degrees of freedom
Residual deviance: 2771.6  on 5584  degrees of freedom
AIC: 2778

Number of Fisher Scoring iterations: 5


Call:  glm(formula = RaceHorse.IsHitA ~ Gen01.TimeDvByRaceAvg, family = "binomial", 
    data = data)

Coefficients:
          (Intercept)  Gen01.TimeDvByRaceAvg  
              -7.1218                 0.0885  

Degrees of Freedom: 5586 Total (i.e. Null);  5585 Residual
Null Deviance:	    2810 
Residual Deviance: 2770 	AIC: 2780

Call:
glm(formula = RaceHorse.IsHitA ~ Gen01.TimeDvByRaceAvg, family = "binomial", 
    data = data)

Deviance Residuals: 
   Min      1Q  Median      3Q     Max  
-0.871  -0.391  -0.367  -0.341   3.255  

Coefficients:
                      Estimate Std. Error z value Pr(>|z|)    
(Intercept)            -7.1218     0.7549   -9.43  < 2e-16 ***
Gen01.TimeDvByRaceAvg   0.0885     0.0146    6.06  1.4e-09 ***
---
Signif. codes:  0 '***' 0.001 '**' 0.01 '*' 0.05 '.' 0.1 ' ' 1

(Dispersion parameter for binomial family taken to be 1)

    Null deviance: 2807.8  on 5586  degrees of freedom
Residual deviance: 2771.8  on 5585  degrees of freedom
AIC: 2776

Number of Fisher Scoring iterations: 5

[1] "pdfFilename=pdf_analyze_glm_Gen01_Type22_plot.analyze.results.glm.pdf"
[1] "pdfFilename=pdf_analyze_glm_Gen01_Type22_plot.analyze.results.glm.step.pdf"
[1] "save.image"
[1] "rdataFilename=RData_analyze_glm_Gen01_Type22.RData"
[1] "nrow(data) final=5587"
[1] "q..."
[1] "2022-01-30 21:57:31 --- analyze_glm.R Finished ---"
[1] "log sink finish"
