[1] "2022-01-30 21:57:31 --- source_function.R Start ---"
[1] "2022-01-30 21:57:31 --- source_function.R Finished ---"
[1] "2022-01-30 21:57:31 --- source_library.R Start ---"
[1] "2022-01-30 21:57:32 --- source_library.R Finished ---"
[1] "sqlQuery=SELECT * FROM ViewAnalyzeD1113Analyze01Gen01Type31"
Rows Read: 2727, Total Rows Processed: 2727, Total Chunk Time: 1.397 seconds 
[1] "object.size(data) auto=637.8 Kb"
[1] "nrow(data) sqlQuery=2727"
[1] "str(data)="
'data.frame':	2727 obs. of  42 variables:
 $ Race.RaceId                      : Factor w/ 259 levels "20170311-09-01-05-08",..: 11 12 13 4 14 15 16 17 18 19 ...
 $ Race.IsPredictedRace             : logi  FALSE FALSE FALSE FALSE FALSE FALSE ...
 $ Race.IsAnalyzeNormalPastAndFuture: logi  TRUE TRUE TRUE TRUE TRUE TRUE ...
 $ Race.IsAnalyzeNormalPast         : logi  FALSE FALSE FALSE TRUE TRUE TRUE ...
 $ Race.IsAnalyzeNormalFuture       : logi  TRUE TRUE TRUE FALSE FALSE FALSE ...
 $ Race.IsAnalyzeFullPastAndFuture  : logi  TRUE TRUE TRUE TRUE TRUE TRUE ...
 $ Race.IsAnalyzeFullPast           : logi  FALSE FALSE FALSE TRUE TRUE TRUE ...
 $ Race.IsAnalyzeFullFuture         : logi  TRUE TRUE TRUE FALSE FALSE FALSE ...
 $ Race.JyokenCd                    : Factor w/ 1 level "1": 1 1 1 1 1 1 1 1 1 1 ...
 $ Race.JyoType1Cd                  : Factor w/ 60 levels "3-09-3900-1",..: 10 11 12 4 13 13 14 15 16 17 ...
 $ Race.RaceType0Cd                 : Factor w/ 92 levels "3-09-3900-1-1-G-19",..: 10 11 12 4 13 14 15 16 17 18 ...
 $ Race.RaceType1Cd                 : Factor w/ 5 levels "3-1-G","3-1-E",..: 2 3 3 3 3 3 3 3 2 3 ...
 $ Race.RaceType2Cd                 : Factor w/ 5 levels "3-1-G","3-1-E",..: 2 3 3 3 3 3 3 3 2 3 ...
 $ Race.RaceType3Cd                 : Factor w/ 9 levels "1-G-19","1-E-19",..: 2 3 3 3 3 4 4 4 2 4 ...
 $ Race.RaceType4Cd                 : Factor w/ 2 levels "3-1-19","3-1-18": 1 1 1 1 1 2 2 2 1 2 ...
 $ RaceHorse.RaceId                 : Factor w/ 259 levels "20170311-09-01-05-08",..: 11 12 13 4 14 15 16 17 18 19 ...
 $ RaceHorse.KettoNum               : Factor w/ 533 levels "2009103165","2013104743",..: 10 10 11 12 13 14 15 16 17 18 ...
 $ RaceHorse.IsHit1                 : int  0 0 0 0 0 0 0 0 0 0 ...
 $ RaceHorse.IsHit2                 : int  0 0 0 1 0 1 0 0 1 0 ...
 $ RaceHorse.IsHit3                 : int  0 0 0 0 0 0 0 0 0 0 ...
 $ RaceHorse.IsHit4                 : int  0 0 1 0 1 0 0 0 0 0 ...
 $ RaceHorse.IsHit5                 : int  0 0 0 0 0 0 0 0 0 0 ...
 $ RaceHorse.IsHit6                 : int  1 1 0 0 0 0 1 1 0 1 ...
 $ RaceHorse.IsValidRaceHorse       : logi  TRUE TRUE TRUE TRUE TRUE TRUE ...
 $ RaceHorse.IsHitA                 : int  0 0 0 0 0 0 0 0 0 0 ...
 $ RaceHorse.IsHitB                 : int  0 0 0 1 0 1 0 0 1 0 ...
 $ RaceHorse.IsHitC                 : int  0 0 0 1 0 1 0 0 1 0 ...
 $ Gen01.HansyokuNum                : Factor w/ 139 levels "11202121","11201672",..: 9 9 10 11 12 13 14 15 9 16 ...
 $ Gen01.TimeDvByRaceAvg            : num  59 48.8 54.3 54.6 46.4 ...
 $ Gen01.TimeDvByRaceMax            : num  62.4 55.2 65.2 57.8 60.9 ...
 $ Gen01.RunCount                   : int  4 5 23 3 20 3 28 11 5 16 ...
 $ Gen01.HitCount1                  : int  3 0 6 0 1 1 2 1 3 3 ...
 $ Gen01.HitCount2                  : int  0 0 2 0 1 1 3 0 0 3 ...
 $ Gen01.HitCount3                  : int  0 0 1 1 4 0 0 1 0 1 ...
 $ Gen01.HitCount4                  : int  0 0 2 0 1 1 5 0 0 0 ...
 $ Gen01.HitCount5                  : int  0 1 3 0 0 0 1 0 0 0 ...
 $ Gen01.HitRate1                   : num  0.75 0 0.261 0 0.05 ...
 $ Gen01.HitRate2                   : num  0 0 0.087 0 0.05 ...
 $ Gen01.HitRate3                   : num  0 0 0.0435 0.3333 0.2 ...
 $ Gen01.HitRate4                   : num  0 0 0.087 0 0.05 ...
 $ Gen01.HitRate5                   : num  0 0.2 0.13 0 0 ...
 $ EOF                              : int  1 1 1 1 1 1 1 1 1 1 ...
[1] "nrow(data) subset before=2727"
[1] "nrow(data) subset after =2126"
[1] "nrow(data) subset diff =601"
[1] "nrow(data) transform before=2126"
[1] "nrow(data) transform after=2126"
[1] "nrow(data) transform diff=0"
[1] "nrow(data) na.omit before=2126"
[1] "nrow(data) na.omit after =2126"
[1] "nrow(data) na.omit diff =0"
[1] "glm nrow(data) input=2126"
[1] "str(data)="
'data.frame':	2126 obs. of  42 variables:
 $ Race.RaceId                      : Factor w/ 259 levels "20170311-09-01-05-08",..: 4 14 15 16 17 19 20 22 23 24 ...
 $ Race.IsPredictedRace             : logi  FALSE FALSE FALSE FALSE FALSE FALSE ...
 $ Race.IsAnalyzeNormalPastAndFuture: logi  TRUE TRUE TRUE TRUE TRUE TRUE ...
 $ Race.IsAnalyzeNormalPast         : logi  TRUE TRUE TRUE TRUE TRUE TRUE ...
 $ Race.IsAnalyzeNormalFuture       : logi  FALSE FALSE FALSE FALSE FALSE FALSE ...
 $ Race.IsAnalyzeFullPastAndFuture  : logi  TRUE TRUE TRUE TRUE TRUE TRUE ...
 $ Race.IsAnalyzeFullPast           : logi  TRUE TRUE TRUE TRUE TRUE TRUE ...
 $ Race.IsAnalyzeFullFuture         : logi  FALSE FALSE FALSE FALSE FALSE FALSE ...
 $ Race.JyokenCd                    : Factor w/ 1 level "1": 1 1 1 1 1 1 1 1 1 1 ...
 $ Race.JyoType1Cd                  : Factor w/ 60 levels "3-09-3900-1",..: 4 13 13 14 15 17 18 19 10 19 ...
 $ Race.RaceType0Cd                 : Factor w/ 92 levels "3-09-3900-1-1-G-19",..: 4 13 14 15 16 18 19 21 22 21 ...
 $ Race.RaceType1Cd                 : Factor w/ 5 levels "3-1-G","3-1-E",..: 3 3 3 3 3 3 3 2 3 2 ...
 $ Race.RaceType2Cd                 : Factor w/ 5 levels "3-1-G","3-1-E",..: 3 3 3 3 3 3 3 2 3 2 ...
 $ Race.RaceType3Cd                 : Factor w/ 9 levels "1-G-19","1-E-19",..: 3 3 4 4 4 4 4 2 3 2 ...
 $ Race.RaceType4Cd                 : Factor w/ 2 levels "3-1-19","3-1-18": 1 1 2 2 2 2 2 1 1 1 ...
 $ RaceHorse.RaceId                 : Factor w/ 259 levels "20170311-09-01-05-08",..: 4 14 15 16 17 19 20 22 23 24 ...
 $ RaceHorse.KettoNum               : Factor w/ 533 levels "2009103165","2013104743",..: 12 13 14 15 16 18 19 21 22 1 ...
 $ RaceHorse.IsHit1                 : int  0 0 0 0 0 0 0 0 0 0 ...
 $ RaceHorse.IsHit2                 : int  1 0 1 0 0 0 0 0 0 0 ...
 $ RaceHorse.IsHit3                 : int  0 0 0 0 0 0 1 1 0 0 ...
 $ RaceHorse.IsHit4                 : int  0 1 0 0 0 0 0 0 0 0 ...
 $ RaceHorse.IsHit5                 : int  0 0 0 0 0 0 0 0 0 1 ...
 $ RaceHorse.IsHit6                 : int  0 0 0 1 1 1 0 0 1 0 ...
 $ RaceHorse.IsValidRaceHorse       : logi  TRUE TRUE TRUE TRUE TRUE TRUE ...
 $ RaceHorse.IsHitA                 : int  0 0 0 0 0 0 0 0 0 0 ...
 $ RaceHorse.IsHitB                 : int  1 0 1 0 0 0 0 0 0 0 ...
 $ RaceHorse.IsHitC                 : int  1 0 1 0 0 0 1 1 0 0 ...
 $ Gen01.HansyokuNum                : Factor w/ 139 levels "11202121","11201672",..: 11 12 13 14 15 16 17 3 18 1 ...
 $ Gen01.TimeDvByRaceAvg            : num  54.6 46.4 60.9 45.2 48.2 ...
 $ Gen01.TimeDvByRaceMax            : num  57.8 60.9 69.7 59.9 64.2 ...
 $ Gen01.RunCount                   : int  3 20 3 28 11 16 5 6 2 7 ...
 $ Gen01.HitCount1                  : int  0 1 1 2 1 3 1 0 0 1 ...
 $ Gen01.HitCount2                  : int  0 1 1 3 0 3 1 0 0 1 ...
 $ Gen01.HitCount3                  : int  1 4 0 0 1 1 1 0 0 0 ...
 $ Gen01.HitCount4                  : int  0 1 1 5 0 0 1 0 0 0 ...
 $ Gen01.HitCount5                  : int  0 0 0 1 0 0 0 0 0 0 ...
 $ Gen01.HitRate1                   : num  0 0.05 0.3333 0.0714 0.0909 ...
 $ Gen01.HitRate2                   : num  0 0.05 0.333 0.107 0 ...
 $ Gen01.HitRate3                   : num  0.3333 0.2 0 0 0.0909 ...
 $ Gen01.HitRate4                   : num  0 0.05 0.333 0.179 0 ...
 $ Gen01.HitRate5                   : num  0 0 0 0.0357 0 ...
 $ EOF                              : int  1 1 1 1 1 1 1 1 1 1 ...
[1] "2022-01-30 21:57:36 --- source_logic_glm.R Start ---"
[1] "2022-01-30 21:57:36 --- source_logic_glm.R Finished ---"

Call:
glm(formula = RaceHorse.IsHitA ~ +1 + Gen01.TimeDvByRaceAvg + 
    Gen01.HitRate1, family = "binomial", data = data)

Deviance Residuals: 
   Min      1Q  Median      3Q     Max  
-0.929  -0.465  -0.422  -0.374   2.845  

Coefficients:
                      Estimate Std. Error z value Pr(>|z|)    
(Intercept)            -5.4418     0.9074   -6.00    2e-09 ***
Gen01.TimeDvByRaceAvg   0.0597     0.0178    3.35  0.00079 ***
Gen01.HitRate1          0.6923     0.4665    1.48  0.13780    
---
Signif. codes:  0 '***' 0.001 '**' 0.01 '*' 0.05 '.' 0.1 ' ' 1

(Dispersion parameter for binomial family taken to be 1)

    Null deviance: 1307.8  on 2125  degrees of freedom
Residual deviance: 1282.7  on 2123  degrees of freedom
AIC: 1289

Number of Fisher Scoring iterations: 5


Call:  glm(formula = RaceHorse.IsHitA ~ +1 + Gen01.TimeDvByRaceAvg + 
    Gen01.HitRate1, family = "binomial", data = data)

Coefficients:
          (Intercept)  Gen01.TimeDvByRaceAvg         Gen01.HitRate1  
              -5.4418                 0.0597                 0.6923  

Degrees of Freedom: 2125 Total (i.e. Null);  2123 Residual
Null Deviance:	    1310 
Residual Deviance: 1280 	AIC: 1290

Call:
glm(formula = RaceHorse.IsHitA ~ +1 + Gen01.TimeDvByRaceAvg + 
    Gen01.HitRate1, family = "binomial", data = data)

Deviance Residuals: 
   Min      1Q  Median      3Q     Max  
-0.929  -0.465  -0.422  -0.374   2.845  

Coefficients:
                      Estimate Std. Error z value Pr(>|z|)    
(Intercept)            -5.4418     0.9074   -6.00    2e-09 ***
Gen01.TimeDvByRaceAvg   0.0597     0.0178    3.35  0.00079 ***
Gen01.HitRate1          0.6923     0.4665    1.48  0.13780    
---
Signif. codes:  0 '***' 0.001 '**' 0.01 '*' 0.05 '.' 0.1 ' ' 1

(Dispersion parameter for binomial family taken to be 1)

    Null deviance: 1307.8  on 2125  degrees of freedom
Residual deviance: 1282.7  on 2123  degrees of freedom
AIC: 1289

Number of Fisher Scoring iterations: 5

[1] "pdfFilename=pdf_analyze_glm_Gen01_Type31_plot.analyze.results.glm.pdf"
[1] "pdfFilename=pdf_analyze_glm_Gen01_Type31_plot.analyze.results.glm.step.pdf"
[1] "save.image"
[1] "rdataFilename=RData_analyze_glm_Gen01_Type31.RData"
[1] "nrow(data) final=2126"
[1] "q..."
[1] "2022-01-30 21:57:36 --- analyze_glm.R Finished ---"
[1] "log sink finish"
