[1] "2022-01-30 21:57:09 --- source_function.R Start ---"
[1] "2022-01-30 21:57:09 --- source_function.R Finished ---"
[1] "2022-01-30 21:57:09 --- source_library.R Start ---"
[1] "2022-01-30 21:57:10 --- source_library.R Finished ---"
[1] "sqlQuery=SELECT * FROM ViewAnalyzeD1113Analyze01Gen01Type21"
Rows Read: 5098, Total Rows Processed: 5098, Total Chunk Time: 1.578 seconds 
[1] "object.size(data) auto=1.1 Mb"
[1] "nrow(data) sqlQuery=5098"
[1] "str(data)="
'data.frame':	5098 obs. of  42 variables:
 $ Race.RaceId                      : Factor w/ 376 levels "20170527-05-02-11-11",..: 11 12 6 13 14 15 16 17 18 19 ...
 $ Race.IsPredictedRace             : logi  FALSE FALSE FALSE FALSE FALSE FALSE ...
 $ Race.IsAnalyzeNormalPastAndFuture: logi  TRUE TRUE TRUE TRUE TRUE TRUE ...
 $ Race.IsAnalyzeNormalPast         : logi  TRUE TRUE TRUE TRUE TRUE TRUE ...
 $ Race.IsAnalyzeNormalFuture       : logi  FALSE FALSE FALSE FALSE FALSE FALSE ...
 $ Race.IsAnalyzeFullPastAndFuture  : logi  TRUE TRUE TRUE TRUE TRUE TRUE ...
 $ Race.IsAnalyzeFullPast           : logi  TRUE TRUE TRUE TRUE TRUE TRUE ...
 $ Race.IsAnalyzeFullFuture         : logi  FALSE FALSE FALSE FALSE FALSE FALSE ...
 $ Race.JyokenCd                    : Factor w/ 1 level "1": 1 1 1 1 1 1 1 1 1 1 ...
 $ Race.JyoType1Cd                  : Factor w/ 71 levels "2-05-1400-3",..: 10 6 6 6 6 11 12 13 14 15 ...
 $ Race.RaceType0Cd                 : Factor w/ 169 levels "2-05-1400-3-1-E-14",..: 10 11 6 12 11 13 14 15 16 17 ...
 $ Race.RaceType1Cd                 : Factor w/ 5 levels "2-1-E","2-1-C",..: 1 1 3 1 1 1 1 4 1 1 ...
 $ Race.RaceType2Cd                 : Factor w/ 5 levels "2-1-E","2-1-C",..: 1 1 3 1 1 1 1 4 1 1 ...
 $ Race.RaceType3Cd                 : Factor w/ 13 levels "1-E-14","1-C-12",..: 4 4 3 1 4 1 5 6 5 4 ...
 $ Race.RaceType4Cd                 : Factor w/ 4 levels "2-1-14","2-1-12",..: 3 3 1 1 3 1 2 3 2 3 ...
 $ RaceHorse.RaceId                 : Factor w/ 376 levels "20170527-05-02-11-11",..: 11 12 6 13 14 15 16 17 18 19 ...
 $ RaceHorse.KettoNum               : Factor w/ 1050 levels "2012105612","2016102633",..: 9 10 11 12 12 13 14 15 16 17 ...
 $ RaceHorse.IsHit1                 : int  0 0 0 0 0 0 0 0 0 1 ...
 $ RaceHorse.IsHit2                 : int  0 0 0 0 0 0 0 1 0 0 ...
 $ RaceHorse.IsHit3                 : int  0 0 0 0 0 0 0 0 0 0 ...
 $ RaceHorse.IsHit4                 : int  0 0 0 0 1 0 0 0 0 0 ...
 $ RaceHorse.IsHit5                 : int  0 0 0 0 0 1 0 0 0 0 ...
 $ RaceHorse.IsHit6                 : int  1 1 1 1 0 0 1 0 1 0 ...
 $ RaceHorse.IsValidRaceHorse       : logi  TRUE TRUE TRUE TRUE TRUE TRUE ...
 $ RaceHorse.IsHitA                 : int  0 0 0 0 0 0 0 0 0 1 ...
 $ RaceHorse.IsHitB                 : int  0 0 0 0 0 0 0 1 0 1 ...
 $ RaceHorse.IsHitC                 : int  0 0 0 0 0 0 0 1 0 1 ...
 $ Gen01.HansyokuNum                : Factor w/ 189 levels "11202086","11202238",..: 8 9 10 11 11 12 13 14 15 16 ...
 $ Gen01.TimeDvByRaceAvg            : num  50 48.3 57.1 54 53.6 ...
 $ Gen01.TimeDvByRaceMax            : num  68.3 66.3 62.7 73.1 73.1 ...
 $ Gen01.RunCount                   : int  147 25 2 85 88 34 31 2 22 9 ...
 $ Gen01.HitCount1                  : int  6 2 0 11 11 4 2 0 1 0 ...
 $ Gen01.HitCount2                  : int  12 1 1 14 14 1 1 0 1 0 ...
 $ Gen01.HitCount3                  : int  9 2 0 3 4 6 3 0 4 0 ...
 $ Gen01.HitCount4                  : int  15 2 0 10 9 2 4 0 4 0 ...
 $ Gen01.HitCount5                  : int  17 1 0 5 5 3 3 0 0 0 ...
 $ Gen01.HitRate1                   : num  0.0408 0.08 0 0.1294 0.125 ...
 $ Gen01.HitRate2                   : num  0.0816 0.04 0.5 0.1647 0.1591 ...
 $ Gen01.HitRate3                   : num  0.0612 0.08 0 0.0353 0.0455 ...
 $ Gen01.HitRate4                   : num  0.102 0.08 0 0.118 0.102 ...
 $ Gen01.HitRate5                   : num  0.1156 0.04 0 0.0588 0.0568 ...
 $ EOF                              : int  1 1 1 1 1 1 1 1 1 1 ...
[1] "nrow(data) subset before=5098"
[1] "nrow(data) subset after =3983"
[1] "nrow(data) subset diff =1115"
[1] "nrow(data) transform before=3983"
[1] "nrow(data) transform after=3983"
[1] "nrow(data) transform diff=0"
[1] "nrow(data) na.omit before=3983"
[1] "nrow(data) na.omit after =3983"
[1] "nrow(data) na.omit diff =0"
[1] "glm nrow(data) input=3983"
[1] "str(data)="
'data.frame':	3983 obs. of  42 variables:
 $ Race.RaceId                      : Factor w/ 376 levels "20170527-05-02-11-11",..: 11 12 6 13 14 15 16 18 23 24 ...
 $ Race.IsPredictedRace             : logi  FALSE FALSE FALSE FALSE FALSE FALSE ...
 $ Race.IsAnalyzeNormalPastAndFuture: logi  TRUE TRUE TRUE TRUE TRUE TRUE ...
 $ Race.IsAnalyzeNormalPast         : logi  TRUE TRUE TRUE TRUE TRUE TRUE ...
 $ Race.IsAnalyzeNormalFuture       : logi  FALSE FALSE FALSE FALSE FALSE FALSE ...
 $ Race.IsAnalyzeFullPastAndFuture  : logi  TRUE TRUE TRUE TRUE TRUE TRUE ...
 $ Race.IsAnalyzeFullPast           : logi  TRUE TRUE TRUE TRUE TRUE TRUE ...
 $ Race.IsAnalyzeFullFuture         : logi  FALSE FALSE FALSE FALSE FALSE FALSE ...
 $ Race.JyokenCd                    : Factor w/ 1 level "1": 1 1 1 1 1 1 1 1 1 1 ...
 $ Race.JyoType1Cd                  : Factor w/ 71 levels "2-05-1400-3",..: 10 6 6 6 6 11 12 14 14 3 ...
 $ Race.RaceType0Cd                 : Factor w/ 169 levels "2-05-1400-3-1-E-14",..: 10 11 6 12 11 13 14 16 20 21 ...
 $ Race.RaceType1Cd                 : Factor w/ 5 levels "2-1-E","2-1-C",..: 1 1 3 1 1 1 1 1 1 1 ...
 $ Race.RaceType2Cd                 : Factor w/ 5 levels "2-1-E","2-1-C",..: 1 1 3 1 1 1 1 1 1 1 ...
 $ Race.RaceType3Cd                 : Factor w/ 13 levels "1-E-14","1-C-12",..: 4 4 3 1 4 1 5 5 1 4 ...
 $ Race.RaceType4Cd                 : Factor w/ 4 levels "2-1-14","2-1-12",..: 3 3 1 1 3 1 2 2 1 3 ...
 $ RaceHorse.RaceId                 : Factor w/ 376 levels "20170527-05-02-11-11",..: 11 12 6 13 14 15 16 18 23 24 ...
 $ RaceHorse.KettoNum               : Factor w/ 1050 levels "2012105612","2016102633",..: 9 10 11 12 12 13 14 16 21 22 ...
 $ RaceHorse.IsHit1                 : int  0 0 0 0 0 0 0 0 1 0 ...
 $ RaceHorse.IsHit2                 : int  0 0 0 0 0 0 0 0 0 0 ...
 $ RaceHorse.IsHit3                 : int  0 0 0 0 0 0 0 0 0 0 ...
 $ RaceHorse.IsHit4                 : int  0 0 0 0 1 0 0 0 0 0 ...
 $ RaceHorse.IsHit5                 : int  0 0 0 0 0 1 0 0 0 0 ...
 $ RaceHorse.IsHit6                 : int  1 1 1 1 0 0 1 1 0 1 ...
 $ RaceHorse.IsValidRaceHorse       : logi  TRUE TRUE TRUE TRUE TRUE TRUE ...
 $ RaceHorse.IsHitA                 : int  0 0 0 0 0 0 0 0 1 0 ...
 $ RaceHorse.IsHitB                 : int  0 0 0 0 0 0 0 0 1 0 ...
 $ RaceHorse.IsHitC                 : int  0 0 0 0 0 0 0 0 1 0 ...
 $ Gen01.HansyokuNum                : Factor w/ 189 levels "11202086","11202238",..: 8 9 10 11 11 12 13 15 20 21 ...
 $ Gen01.TimeDvByRaceAvg            : num  50 48.3 57.1 54 53.6 ...
 $ Gen01.TimeDvByRaceMax            : num  68.3 66.3 62.7 73.1 73.1 ...
 $ Gen01.RunCount                   : int  147 25 2 85 88 34 31 22 20 57 ...
 $ Gen01.HitCount1                  : int  6 2 0 11 11 4 2 1 5 2 ...
 $ Gen01.HitCount2                  : int  12 1 1 14 14 1 1 1 0 5 ...
 $ Gen01.HitCount3                  : int  9 2 0 3 4 6 3 4 1 5 ...
 $ Gen01.HitCount4                  : int  15 2 0 10 9 2 4 4 1 5 ...
 $ Gen01.HitCount5                  : int  17 1 0 5 5 3 3 0 0 5 ...
 $ Gen01.HitRate1                   : num  0.0408 0.08 0 0.1294 0.125 ...
 $ Gen01.HitRate2                   : num  0.0816 0.04 0.5 0.1647 0.1591 ...
 $ Gen01.HitRate3                   : num  0.0612 0.08 0 0.0353 0.0455 ...
 $ Gen01.HitRate4                   : num  0.102 0.08 0 0.118 0.102 ...
 $ Gen01.HitRate5                   : num  0.1156 0.04 0 0.0588 0.0568 ...
 $ EOF                              : int  1 1 1 1 1 1 1 1 1 1 ...
[1] "2022-01-30 21:57:15 --- source_logic_glm.R Start ---"
[1] "2022-01-30 21:57:15 --- source_logic_glm.R Finished ---"

Call:
glm(formula = RaceHorse.IsHitA ~ +1 + Gen01.TimeDvByRaceAvg + 
    Gen01.HitRate1, family = "binomial", data = data)

Deviance Residuals: 
   Min      1Q  Median      3Q     Max  
-0.768  -0.392  -0.372  -0.348   2.761  

Coefficients:
                      Estimate Std. Error z value Pr(>|z|)    
(Intercept)            -4.9243     0.8465   -5.82    6e-09 ***
Gen01.TimeDvByRaceAvg   0.0445     0.0168    2.65   0.0081 ** 
Gen01.HitRate1          0.3630     0.5168    0.70   0.4825    
---
Signif. codes:  0 '***' 0.001 '**' 0.01 '*' 0.05 '.' 0.1 ' ' 1

(Dispersion parameter for binomial family taken to be 1)

    Null deviance: 1990.3  on 3982  degrees of freedom
Residual deviance: 1977.3  on 3980  degrees of freedom
AIC: 1983

Number of Fisher Scoring iterations: 5


Call:  glm(formula = RaceHorse.IsHitA ~ Gen01.TimeDvByRaceAvg, family = "binomial", 
    data = data)

Coefficients:
          (Intercept)  Gen01.TimeDvByRaceAvg  
              -5.2007                 0.0505  

Degrees of Freedom: 3982 Total (i.e. Null);  3981 Residual
Null Deviance:	    1990 
Residual Deviance: 1980 	AIC: 1980

Call:
glm(formula = RaceHorse.IsHitA ~ Gen01.TimeDvByRaceAvg, family = "binomial", 
    data = data)

Deviance Residuals: 
   Min      1Q  Median      3Q     Max  
-0.713  -0.393  -0.374  -0.347   2.805  

Coefficients:
                      Estimate Std. Error z value Pr(>|z|)    
(Intercept)            -5.2007     0.7542   -6.90  5.4e-12 ***
Gen01.TimeDvByRaceAvg   0.0505     0.0145    3.48  0.00051 ***
---
Signif. codes:  0 '***' 0.001 '**' 0.01 '*' 0.05 '.' 0.1 ' ' 1

(Dispersion parameter for binomial family taken to be 1)

    Null deviance: 1990.3  on 3982  degrees of freedom
Residual deviance: 1977.8  on 3981  degrees of freedom
AIC: 1982

Number of Fisher Scoring iterations: 5

[1] "pdfFilename=pdf_analyze_glm_Gen01_Type21_plot.analyze.results.glm.pdf"
[1] "pdfFilename=pdf_analyze_glm_Gen01_Type21_plot.analyze.results.glm.step.pdf"
[1] "save.image"
[1] "rdataFilename=RData_analyze_glm_Gen01_Type21.RData"
[1] "nrow(data) final=3983"
[1] "q..."
[1] "2022-01-30 21:57:16 --- analyze_glm.R Finished ---"
[1] "log sink finish"
