[1] "2022-01-30 14:50:49 --- source_function.R Start ---"
[1] "2022-01-30 14:50:49 --- source_function.R Finished ---"
[1] "2022-01-30 14:50:49 --- source_library.R Start ---"
[1] "2022-01-30 14:50:50 --- source_library.R Finished ---"
[1] "sqlQuery=SELECT * FROM ViewAnalyzeD1113Analyze01HorseType13"
Rows Read: 13388, Total Rows Processed: 13388, Total Chunk Time: 27.489 seconds 
[1] "object.size(data) auto=3.1 Mb"
[1] "nrow(data) sqlQuery=13388"
[1] "str(data)="
'data.frame':	13388 obs. of  42 variables:
 $ Race.RaceId                      : Factor w/ 1459 levels "20210116-10-01-01-10",..: 11 12 13 14 15 16 17 18 19 20 ...
 $ Race.IsPredictedRace             : logi  FALSE FALSE FALSE FALSE FALSE FALSE ...
 $ Race.IsAnalyzeNormalPastAndFuture: logi  TRUE TRUE TRUE TRUE TRUE TRUE ...
 $ Race.IsAnalyzeNormalPast         : logi  TRUE TRUE FALSE TRUE TRUE TRUE ...
 $ Race.IsAnalyzeNormalFuture       : logi  FALSE FALSE TRUE FALSE FALSE FALSE ...
 $ Race.IsAnalyzeFullPastAndFuture  : logi  TRUE TRUE TRUE TRUE TRUE TRUE ...
 $ Race.IsAnalyzeFullPast           : logi  TRUE TRUE FALSE TRUE TRUE TRUE ...
 $ Race.IsAnalyzeFullFuture         : logi  FALSE FALSE TRUE FALSE FALSE FALSE ...
 $ Race.JyokenCd                    : Factor w/ 1 level "3": 1 1 1 1 1 1 1 1 1 1 ...
 $ Race.JyoType1Cd                  : Factor w/ 168 levels "1-10-1200-1",..: 9 6 10 11 3 3 2 12 13 14 ...
 $ Race.RaceType0Cd                 : Factor w/ 328 levels "1-10-1200-1-3-E-14",..: 10 11 12 13 5 14 2 15 16 17 ...
 $ Race.RaceType1Cd                 : Factor w/ 2 levels "1-3-E","1-3-X": 1 1 1 1 1 2 1 1 2 2 ...
 $ Race.RaceType2Cd                 : Factor w/ 2 levels "1-3-E","1-3-X": 1 1 1 1 1 2 1 1 2 2 ...
 $ Race.RaceType3Cd                 : Factor w/ 4 levels "3-E-14","3-E-13",..: 1 2 2 1 2 4 2 1 4 4 ...
 $ Race.RaceType4Cd                 : Factor w/ 2 levels "1-3-14","1-3-13": 1 2 2 1 2 2 2 1 2 2 ...
 $ RaceHorse.RaceId                 : Factor w/ 1459 levels "20210116-10-01-01-10",..: 11 12 13 14 15 16 17 18 19 20 ...
 $ RaceHorse.KettoNum               : Factor w/ 2480 levels "2016101947","2016102225",..: 11 12 13 14 15 16 17 18 19 20 ...
 $ RaceHorse.IsHit1                 : int  1 0 0 0 0 0 0 0 0 0 ...
 $ RaceHorse.IsHit2                 : int  0 0 0 0 0 0 0 0 0 0 ...
 $ RaceHorse.IsHit3                 : int  0 0 0 0 0 0 0 0 0 0 ...
 $ RaceHorse.IsHit4                 : int  0 0 0 0 0 0 0 0 0 0 ...
 $ RaceHorse.IsHit5                 : int  0 0 1 0 1 0 0 0 0 1 ...
 $ RaceHorse.IsHit6                 : int  0 1 0 1 0 1 1 1 1 0 ...
 $ RaceHorse.IsValidRaceHorse       : logi  TRUE TRUE TRUE TRUE TRUE TRUE ...
 $ RaceHorse.IsHitA                 : int  1 0 0 0 0 0 0 0 0 0 ...
 $ RaceHorse.IsHitB                 : int  1 0 0 0 0 0 0 0 0 0 ...
 $ RaceHorse.IsHitC                 : int  1 0 0 0 0 0 0 0 0 0 ...
 $ Horse.PrevKettoNum               : Factor w/ 2480 levels "2016101947","2016102225",..: 11 12 13 14 15 16 17 18 19 20 ...
 $ Horse.TimeDvByRaceAvg            : num  52.4 59.8 64 54.6 57.8 ...
 $ Horse.TimeDvByRaceMax            : num  57 59.8 64 54.6 61.8 ...
 $ Horse.RunCount                   : int  6 1 1 1 3 2 2 1 3 1 ...
 $ Horse.HitCount1                  : int  0 0 0 0 0 0 0 0 0 0 ...
 $ Horse.HitCount2                  : int  0 0 1 0 0 0 0 0 0 0 ...
 $ Horse.HitCount3                  : int  0 0 0 1 1 0 0 0 1 0 ...
 $ Horse.HitCount4                  : int  1 1 0 0 1 0 0 0 2 0 ...
 $ Horse.HitCount5                  : int  2 0 0 0 0 0 0 0 0 1 ...
 $ Horse.HitRate1                   : num  0 0 0 0 0 0 0 0 0 0 ...
 $ Horse.HitRate2                   : num  0 0 1 0 0 0 0 0 0 0 ...
 $ Horse.HitRate3                   : num  0 0 0 1 0.333 ...
 $ Horse.HitRate4                   : num  0.167 1 0 0 0.333 ...
 $ Horse.HitRate5                   : num  0.333 0 0 0 0 ...
 $ EOF                              : int  1 1 1 1 1 1 1 1 1 1 ...
[1] "nrow(data) subset before=13388"
[1] "nrow(data) subset after =10968"
[1] "nrow(data) subset diff =2420"
[1] "nrow(data) transform before=10968"
[1] "nrow(data) transform after=10968"
[1] "nrow(data) transform diff=0"
[1] "nrow(data) na.omit before=10968"
[1] "nrow(data) na.omit after =10968"
[1] "nrow(data) na.omit diff =0"
[1] "glm nrow(data) input=10968"
[1] "str(data)="
'data.frame':	10968 obs. of  42 variables:
 $ Race.RaceId                      : Factor w/ 1459 levels "20210116-10-01-01-10",..: 11 12 14 15 16 17 19 21 22 23 ...
 $ Race.IsPredictedRace             : logi  FALSE FALSE FALSE FALSE FALSE FALSE ...
 $ Race.IsAnalyzeNormalPastAndFuture: logi  TRUE TRUE TRUE TRUE TRUE TRUE ...
 $ Race.IsAnalyzeNormalPast         : logi  TRUE TRUE TRUE TRUE TRUE TRUE ...
 $ Race.IsAnalyzeNormalFuture       : logi  FALSE FALSE FALSE FALSE FALSE FALSE ...
 $ Race.IsAnalyzeFullPastAndFuture  : logi  TRUE TRUE TRUE TRUE TRUE TRUE ...
 $ Race.IsAnalyzeFullPast           : logi  TRUE TRUE TRUE TRUE TRUE TRUE ...
 $ Race.IsAnalyzeFullFuture         : logi  FALSE FALSE FALSE FALSE FALSE FALSE ...
 $ Race.JyokenCd                    : Factor w/ 1 level "3": 1 1 1 1 1 1 1 1 1 1 ...
 $ Race.JyoType1Cd                  : Factor w/ 168 levels "1-10-1200-1",..: 9 6 11 3 3 2 13 15 16 17 ...
 $ Race.RaceType0Cd                 : Factor w/ 328 levels "1-10-1200-1-3-E-14",..: 10 11 13 5 14 2 16 18 19 20 ...
 $ Race.RaceType1Cd                 : Factor w/ 2 levels "1-3-E","1-3-X": 1 1 1 1 2 1 2 1 1 2 ...
 $ Race.RaceType2Cd                 : Factor w/ 2 levels "1-3-E","1-3-X": 1 1 1 1 2 1 2 1 1 2 ...
 $ Race.RaceType3Cd                 : Factor w/ 4 levels "3-E-14","3-E-13",..: 1 2 1 2 4 2 4 2 2 3 ...
 $ Race.RaceType4Cd                 : Factor w/ 2 levels "1-3-14","1-3-13": 1 2 1 2 2 2 2 2 2 1 ...
 $ RaceHorse.RaceId                 : Factor w/ 1459 levels "20210116-10-01-01-10",..: 11 12 14 15 16 17 19 21 22 23 ...
 $ RaceHorse.KettoNum               : Factor w/ 2480 levels "2016101947","2016102225",..: 11 12 14 15 16 17 19 21 22 23 ...
 $ RaceHorse.IsHit1                 : int  1 0 0 0 0 0 0 0 0 0 ...
 $ RaceHorse.IsHit2                 : int  0 0 0 0 0 0 0 1 0 1 ...
 $ RaceHorse.IsHit3                 : int  0 0 0 0 0 0 0 0 0 0 ...
 $ RaceHorse.IsHit4                 : int  0 0 0 0 0 0 0 0 0 0 ...
 $ RaceHorse.IsHit5                 : int  0 0 0 1 0 0 0 0 0 0 ...
 $ RaceHorse.IsHit6                 : int  0 1 1 0 1 1 1 0 1 0 ...
 $ RaceHorse.IsValidRaceHorse       : logi  TRUE TRUE TRUE TRUE TRUE TRUE ...
 $ RaceHorse.IsHitA                 : int  1 0 0 0 0 0 0 0 0 0 ...
 $ RaceHorse.IsHitB                 : int  1 0 0 0 0 0 0 1 0 1 ...
 $ RaceHorse.IsHitC                 : int  1 0 0 0 0 0 0 1 0 1 ...
 $ Horse.PrevKettoNum               : Factor w/ 2480 levels "2016101947","2016102225",..: 11 12 14 15 16 17 19 21 22 23 ...
 $ Horse.TimeDvByRaceAvg            : num  52.4 59.8 54.6 57.8 47.4 ...
 $ Horse.TimeDvByRaceMax            : num  57 59.8 54.6 61.8 52.3 ...
 $ Horse.RunCount                   : int  6 1 1 3 2 2 3 6 8 3 ...
 $ Horse.HitCount1                  : int  0 0 0 0 0 0 0 0 0 0 ...
 $ Horse.HitCount2                  : int  0 0 0 0 0 0 0 0 0 0 ...
 $ Horse.HitCount3                  : int  0 0 1 1 0 0 1 2 2 0 ...
 $ Horse.HitCount4                  : int  1 1 0 1 0 0 2 1 3 2 ...
 $ Horse.HitCount5                  : int  2 0 0 0 0 0 0 1 2 0 ...
 $ Horse.HitRate1                   : num  0 0 0 0 0 0 0 0 0 0 ...
 $ Horse.HitRate2                   : num  0 0 0 0 0 0 0 0 0 0 ...
 $ Horse.HitRate3                   : num  0 0 1 0.333 0 ...
 $ Horse.HitRate4                   : num  0.167 1 0 0.333 0 ...
 $ Horse.HitRate5                   : num  0.333 0 0 0 0 ...
 $ EOF                              : int  1 1 1 1 1 1 1 1 1 1 ...
[1] "2022-01-30 14:51:46 --- source_logic_glm.R Start ---"
[1] "2022-01-30 14:51:46 --- source_logic_glm.R Finished ---"

Call:
glm(formula = RaceHorse.IsHitA ~ +1 + Horse.TimeDvByRaceAvg + 
    Horse.HitRate1, family = "binomial", data = data)

Deviance Residuals: 
   Min      1Q  Median      3Q     Max  
-1.243  -0.422  -0.333  -0.243   3.385  

Coefficients:
                      Estimate Std. Error z value Pr(>|z|)    
(Intercept)            -9.8484     0.4298  -22.91   <2e-16 ***
Horse.TimeDvByRaceAvg   0.1374     0.0079   17.39   <2e-16 ***
Horse.HitRate1         -0.6855     0.2711   -2.53    0.011 *  
---
Signif. codes:  0 '***' 0.001 '**' 0.01 '*' 0.05 '.' 0.1 ' ' 1

(Dispersion parameter for binomial family taken to be 1)

    Null deviance: 5554.7  on 10967  degrees of freedom
Residual deviance: 5187.7  on 10965  degrees of freedom
AIC: 5194

Number of Fisher Scoring iterations: 6


Call:  glm(formula = RaceHorse.IsHitA ~ +1 + Horse.TimeDvByRaceAvg + 
    Horse.HitRate1, family = "binomial", data = data)

Coefficients:
          (Intercept)  Horse.TimeDvByRaceAvg         Horse.HitRate1  
               -9.848                  0.137                 -0.685  

Degrees of Freedom: 10967 Total (i.e. Null);  10965 Residual
Null Deviance:	    5550 
Residual Deviance: 5190 	AIC: 5190

Call:
glm(formula = RaceHorse.IsHitA ~ +1 + Horse.TimeDvByRaceAvg + 
    Horse.HitRate1, family = "binomial", data = data)

Deviance Residuals: 
   Min      1Q  Median      3Q     Max  
-1.243  -0.422  -0.333  -0.243   3.385  

Coefficients:
                      Estimate Std. Error z value Pr(>|z|)    
(Intercept)            -9.8484     0.4298  -22.91   <2e-16 ***
Horse.TimeDvByRaceAvg   0.1374     0.0079   17.39   <2e-16 ***
Horse.HitRate1         -0.6855     0.2711   -2.53    0.011 *  
---
Signif. codes:  0 '***' 0.001 '**' 0.01 '*' 0.05 '.' 0.1 ' ' 1

(Dispersion parameter for binomial family taken to be 1)

    Null deviance: 5554.7  on 10967  degrees of freedom
Residual deviance: 5187.7  on 10965  degrees of freedom
AIC: 5194

Number of Fisher Scoring iterations: 6

[1] "pdfFilename=pdf_analyze_glm_Horse_Type13_plot.analyze.results.glm.pdf"
[1] "pdfFilename=pdf_analyze_glm_Horse_Type13_plot.analyze.results.glm.step.pdf"
[1] "save.image"
[1] "rdataFilename=RData_analyze_glm_Horse_Type13.RData"
[1] "nrow(data) final=10968"
[1] "q..."
[1] "2022-01-30 14:51:47 --- analyze_glm.R Finished ---"
[1] "log sink finish"
