[1] "2022-01-30 15:02:29 --- source_function.R Start ---"
[1] "2022-01-30 15:02:29 --- source_function.R Finished ---"
[1] "2022-01-30 15:02:29 --- source_library.R Start ---"
[1] "2022-01-30 15:02:30 --- source_library.R Finished ---"
[1] "sqlQuery=SELECT * FROM ViewAnalyzeD1113Analyze01Gen01Type24"
Rows Read: 47388, Total Rows Processed: 47388, Total Chunk Time: 129.278 seconds 
[1] "object.size(data) auto=10.2 Mb"
[1] "nrow(data) sqlQuery=47388"
[1] "str(data)="
'data.frame':	47388 obs. of  42 variables:
 $ Race.RaceId                      : Factor w/ 3425 levels "20171216-07-04-05-02",..: 11 12 13 14 15 16 17 18 19 20 ...
 $ Race.IsPredictedRace             : logi  FALSE FALSE FALSE FALSE FALSE FALSE ...
 $ Race.IsAnalyzeNormalPastAndFuture: logi  TRUE TRUE TRUE TRUE TRUE TRUE ...
 $ Race.IsAnalyzeNormalPast         : logi  FALSE TRUE TRUE TRUE TRUE TRUE ...
 $ Race.IsAnalyzeNormalFuture       : logi  TRUE FALSE FALSE FALSE FALSE FALSE ...
 $ Race.IsAnalyzeFullPastAndFuture  : logi  TRUE TRUE TRUE TRUE TRUE TRUE ...
 $ Race.IsAnalyzeFullPast           : logi  FALSE TRUE TRUE TRUE TRUE TRUE ...
 $ Race.IsAnalyzeFullFuture         : logi  TRUE FALSE FALSE FALSE FALSE FALSE ...
 $ Race.JyokenCd                    : Factor w/ 1 level "4": 1 1 1 1 1 1 1 1 1 1 ...
 $ Race.JyoType1Cd                  : Factor w/ 134 levels "2-07-1800-1",..: 11 12 13 9 1 14 1 15 16 11 ...
 $ Race.RaceType0Cd                 : Factor w/ 344 levels "2-07-1800-1-4-X-13",..: 11 12 13 14 1 15 16 17 18 11 ...
 $ Race.RaceType1Cd                 : Factor w/ 2 levels "2-4-X","2-4-E": 1 1 1 1 1 1 1 1 1 1 ...
 $ Race.RaceType2Cd                 : Factor w/ 2 levels "2-4-X","2-4-E": 1 1 1 1 1 1 1 1 1 1 ...
 $ Race.RaceType3Cd                 : Factor w/ 8 levels "4-X-13","4-X-12",..: 3 1 3 3 1 1 3 1 3 3 ...
 $ Race.RaceType4Cd                 : Factor w/ 4 levels "2-4-13","2-4-12",..: 3 1 3 3 1 1 3 1 3 3 ...
 $ RaceHorse.RaceId                 : Factor w/ 3425 levels "20171216-07-04-05-02",..: 11 12 13 14 15 16 17 18 19 20 ...
 $ RaceHorse.KettoNum               : Factor w/ 9406 levels "2014105701","2013105551",..: 11 12 13 14 15 16 17 18 19 20 ...
 $ RaceHorse.IsHit1                 : int  0 0 NA 0 0 0 0 0 0 0 ...
 $ RaceHorse.IsHit2                 : int  0 0 NA 0 0 1 0 0 0 0 ...
 $ RaceHorse.IsHit3                 : int  0 0 NA 0 0 0 0 1 1 0 ...
 $ RaceHorse.IsHit4                 : int  0 0 NA 0 0 0 0 0 0 0 ...
 $ RaceHorse.IsHit5                 : int  0 0 NA 0 0 0 0 0 0 0 ...
 $ RaceHorse.IsHit6                 : int  1 1 NA 1 1 0 1 0 0 1 ...
 $ RaceHorse.IsValidRaceHorse       : logi  TRUE TRUE FALSE TRUE TRUE TRUE ...
 $ RaceHorse.IsHitA                 : int  0 0 NA 0 0 0 0 0 0 0 ...
 $ RaceHorse.IsHitB                 : int  0 0 NA 0 0 1 0 0 0 0 ...
 $ RaceHorse.IsHitC                 : int  0 0 NA 0 0 1 0 1 1 0 ...
 $ Gen01.HansyokuNum                : Factor w/ 478 levels "11202246","11202006",..: 9 10 11 12 13 6 14 15 1 16 ...
 $ Gen01.TimeDvByRaceAvg            : num  50 50.5 49.7 50.9 51.7 ...
 $ Gen01.TimeDvByRaceMax            : num  69.5 72.1 70 71.1 76.3 ...
 $ Gen01.RunCount                   : int  77 246 333 684 408 90 73 7 255 188 ...
 $ Gen01.HitCount1                  : int  2 17 21 51 36 11 8 1 24 11 ...
 $ Gen01.HitCount2                  : int  2 9 22 52 36 10 7 0 21 11 ...
 $ Gen01.HitCount3                  : int  8 23 27 56 41 7 1 2 17 15 ...
 $ Gen01.HitCount4                  : int  3 22 24 48 30 6 6 0 29 1 ...
 $ Gen01.HitCount5                  : int  9 18 21 56 35 2 3 4 18 8 ...
 $ Gen01.HitRate1                   : num  0.026 0.0691 0.0631 0.0746 0.0882 ...
 $ Gen01.HitRate2                   : num  0.026 0.0366 0.0661 0.076 0.0882 ...
 $ Gen01.HitRate3                   : num  0.1039 0.0935 0.0811 0.0819 0.1005 ...
 $ Gen01.HitRate4                   : num  0.039 0.0894 0.0721 0.0702 0.0735 ...
 $ Gen01.HitRate5                   : num  0.1169 0.0732 0.0631 0.0819 0.0858 ...
 $ EOF                              : int  1 1 1 1 1 1 1 1 1 1 ...
[1] "nrow(data) subset before=47388"
[1] "nrow(data) subset after =38807"
[1] "nrow(data) subset diff =8581"
[1] "nrow(data) transform before=38807"
[1] "nrow(data) transform after=38807"
[1] "nrow(data) transform diff=0"
[1] "nrow(data) na.omit before=38807"
[1] "nrow(data) na.omit after =38807"
[1] "nrow(data) na.omit diff =0"
[1] "glm nrow(data) input=38807"
[1] "str(data)="
'data.frame':	38807 obs. of  42 variables:
 $ Race.RaceId                      : Factor w/ 3425 levels "20171216-07-04-05-02",..: 12 14 15 16 17 18 20 21 22 23 ...
 $ Race.IsPredictedRace             : logi  FALSE FALSE FALSE FALSE FALSE FALSE ...
 $ Race.IsAnalyzeNormalPastAndFuture: logi  TRUE TRUE TRUE TRUE TRUE TRUE ...
 $ Race.IsAnalyzeNormalPast         : logi  TRUE TRUE TRUE TRUE TRUE TRUE ...
 $ Race.IsAnalyzeNormalFuture       : logi  FALSE FALSE FALSE FALSE FALSE FALSE ...
 $ Race.IsAnalyzeFullPastAndFuture  : logi  TRUE TRUE TRUE TRUE TRUE TRUE ...
 $ Race.IsAnalyzeFullPast           : logi  TRUE TRUE TRUE TRUE TRUE TRUE ...
 $ Race.IsAnalyzeFullFuture         : logi  FALSE FALSE FALSE FALSE FALSE FALSE ...
 $ Race.JyokenCd                    : Factor w/ 1 level "4": 1 1 1 1 1 1 1 1 1 1 ...
 $ Race.JyoType1Cd                  : Factor w/ 134 levels "2-07-1800-1",..: 12 9 1 14 1 15 11 17 18 19 ...
 $ Race.RaceType0Cd                 : Factor w/ 344 levels "2-07-1800-1-4-X-13",..: 12 14 1 15 16 17 11 19 20 21 ...
 $ Race.RaceType1Cd                 : Factor w/ 2 levels "2-4-X","2-4-E": 1 1 1 1 1 1 1 1 1 1 ...
 $ Race.RaceType2Cd                 : Factor w/ 2 levels "2-4-X","2-4-E": 1 1 1 1 1 1 1 1 1 1 ...
 $ Race.RaceType3Cd                 : Factor w/ 8 levels "4-X-13","4-X-12",..: 1 3 1 1 3 1 3 3 1 1 ...
 $ Race.RaceType4Cd                 : Factor w/ 4 levels "2-4-13","2-4-12",..: 1 3 1 1 3 1 3 3 1 1 ...
 $ RaceHorse.RaceId                 : Factor w/ 3425 levels "20171216-07-04-05-02",..: 12 14 15 16 17 18 20 21 22 23 ...
 $ RaceHorse.KettoNum               : Factor w/ 9406 levels "2014105701","2013105551",..: 12 14 15 16 17 18 20 21 22 23 ...
 $ RaceHorse.IsHit1                 : int  0 0 0 0 0 0 0 0 0 0 ...
 $ RaceHorse.IsHit2                 : int  0 0 0 1 0 0 0 0 0 0 ...
 $ RaceHorse.IsHit3                 : int  0 0 0 0 0 1 0 0 0 0 ...
 $ RaceHorse.IsHit4                 : int  0 0 0 0 0 0 0 0 0 0 ...
 $ RaceHorse.IsHit5                 : int  0 0 0 0 0 0 0 0 1 0 ...
 $ RaceHorse.IsHit6                 : int  1 1 1 0 1 0 1 1 0 1 ...
 $ RaceHorse.IsValidRaceHorse       : logi  TRUE TRUE TRUE TRUE TRUE TRUE ...
 $ RaceHorse.IsHitA                 : int  0 0 0 0 0 0 0 0 0 0 ...
 $ RaceHorse.IsHitB                 : int  0 0 0 1 0 0 0 0 0 0 ...
 $ RaceHorse.IsHitC                 : int  0 0 0 1 0 1 0 0 0 0 ...
 $ Gen01.HansyokuNum                : Factor w/ 478 levels "11202246","11202006",..: 10 12 13 6 14 15 16 17 18 19 ...
 $ Gen01.TimeDvByRaceAvg            : num  50.5 50.9 51.7 50.3 50.1 ...
 $ Gen01.TimeDvByRaceMax            : num  72.1 71.1 76.3 68 69.2 ...
 $ Gen01.RunCount                   : int  246 684 408 90 73 7 188 424 397 19 ...
 $ Gen01.HitCount1                  : int  17 51 36 11 8 1 11 23 20 1 ...
 $ Gen01.HitCount2                  : int  9 52 36 10 7 0 11 23 27 0 ...
 $ Gen01.HitCount3                  : int  23 56 41 7 1 2 15 30 18 2 ...
 $ Gen01.HitCount4                  : int  22 48 30 6 6 0 1 41 32 1 ...
 $ Gen01.HitCount5                  : int  18 56 35 2 3 4 8 40 23 2 ...
 $ Gen01.HitRate1                   : num  0.0691 0.0746 0.0882 0.1222 0.1096 ...
 $ Gen01.HitRate2                   : num  0.0366 0.076 0.0882 0.1111 0.0959 ...
 $ Gen01.HitRate3                   : num  0.0935 0.0819 0.1005 0.0778 0.0137 ...
 $ Gen01.HitRate4                   : num  0.0894 0.0702 0.0735 0.0667 0.0822 ...
 $ Gen01.HitRate5                   : num  0.0732 0.0819 0.0858 0.0222 0.0411 ...
 $ EOF                              : int  1 1 1 1 1 1 1 1 1 1 ...
[1] "2022-01-30 15:07:40 --- source_logic_glm.R Start ---"
[1] "2022-01-30 15:07:41 --- source_logic_glm.R Finished ---"

Call:
glm(formula = RaceHorse.IsHitA ~ +1 + Gen01.TimeDvByRaceAvg + 
    Gen01.HitRate1, family = "binomial", data = data)

Deviance Residuals: 
   Min      1Q  Median      3Q     Max  
-0.774  -0.402  -0.387  -0.363   2.999  

Coefficients:
                      Estimate Std. Error z value Pr(>|z|)    
(Intercept)            -7.4898     0.5132  -14.59   <2e-16 ***
Gen01.TimeDvByRaceAvg   0.0987     0.0104    9.48   <2e-16 ***
Gen01.HitRate1         -0.5647     0.4208   -1.34     0.18    
---
Signif. codes:  0 '***' 0.001 '**' 0.01 '*' 0.05 '.' 0.1 ' ' 1

(Dispersion parameter for binomial family taken to be 1)

    Null deviance: 20156  on 38806  degrees of freedom
Residual deviance: 20049  on 38804  degrees of freedom
AIC: 20055

Number of Fisher Scoring iterations: 5


Call:  glm(formula = RaceHorse.IsHitA ~ Gen01.TimeDvByRaceAvg, family = "binomial", 
    data = data)

Coefficients:
          (Intercept)  Gen01.TimeDvByRaceAvg  
              -7.1744                 0.0916  

Degrees of Freedom: 38806 Total (i.e. Null);  38805 Residual
Null Deviance:	    20200 
Residual Deviance: 20100 	AIC: 20100

Call:
glm(formula = RaceHorse.IsHitA ~ Gen01.TimeDvByRaceAvg, family = "binomial", 
    data = data)

Deviance Residuals: 
   Min      1Q  Median      3Q     Max  
-0.873  -0.401  -0.386  -0.364   2.966  

Coefficients:
                      Estimate Std. Error z value Pr(>|z|)    
(Intercept)           -7.17443    0.45757   -15.7   <2e-16 ***
Gen01.TimeDvByRaceAvg  0.09162    0.00903    10.2   <2e-16 ***
---
Signif. codes:  0 '***' 0.001 '**' 0.01 '*' 0.05 '.' 0.1 ' ' 1

(Dispersion parameter for binomial family taken to be 1)

    Null deviance: 20156  on 38806  degrees of freedom
Residual deviance: 20051  on 38805  degrees of freedom
AIC: 20055

Number of Fisher Scoring iterations: 5

[1] "pdfFilename=pdf_analyze_glm_Gen01_Type24_plot.analyze.results.glm.pdf"
[1] "pdfFilename=pdf_analyze_glm_Gen01_Type24_plot.analyze.results.glm.step.pdf"
[1] "save.image"
[1] "rdataFilename=RData_analyze_glm_Gen01_Type24.RData"
[1] "nrow(data) final=38807"
[1] "q..."
[1] "2022-01-30 15:07:46 --- analyze_glm.R Finished ---"
[1] "log sink finish"
