[1] "2022-01-30 14:49:06 --- source_function.R Start ---"
[1] "2022-01-30 14:49:06 --- source_function.R Finished ---"
[1] "2022-01-30 14:49:06 --- source_library.R Start ---"
[1] "2022-01-30 14:49:06 --- source_library.R Finished ---"
[1] "sqlQuery=SELECT * FROM ViewAnalyzeD1113Analyze01OddsType14"
Rows Read: 36230, Total Rows Processed: 36230, Total Chunk Time: 0.418 seconds 
[1] "object.size(data) auto=6.9 Mb"
[1] "nrow(data) sqlQuery=36230"
[1] "str(data)="
'data.frame':	36230 obs. of  35 variables:
 $ Race.RaceId                      : Factor w/ 2680 levels "20160123-07-01-03-10",..: 1 1 1 1 1 1 1 1 1 1 ...
 $ Race.IsPredictedRace             : logi  FALSE FALSE FALSE FALSE FALSE FALSE ...
 $ Race.IsAnalyzeNormalPastAndFuture: logi  TRUE TRUE TRUE TRUE TRUE TRUE ...
 $ Race.IsAnalyzeNormalPast         : logi  TRUE TRUE TRUE TRUE TRUE TRUE ...
 $ Race.IsAnalyzeNormalFuture       : logi  FALSE FALSE FALSE FALSE FALSE FALSE ...
 $ Race.IsAnalyzeFullPastAndFuture  : logi  TRUE TRUE TRUE TRUE TRUE TRUE ...
 $ Race.IsAnalyzeFullPast           : logi  TRUE TRUE TRUE TRUE TRUE TRUE ...
 $ Race.IsAnalyzeFullFuture         : logi  FALSE FALSE FALSE FALSE FALSE FALSE ...
 $ Race.JyokenCd                    : Factor w/ 1 level "4": 1 1 1 1 1 1 1 1 1 1 ...
 $ Race.JyoType1Cd                  : Factor w/ 182 levels "1-07-1400-2",..: 1 1 1 1 1 1 1 1 1 1 ...
 $ Race.RaceType0Cd                 : Factor w/ 548 levels "1-07-1400-2-4-E-12",..: 1 1 1 1 1 1 1 1 1 1 ...
 $ Race.RaceType1Cd                 : Factor w/ 2 levels "1-4-E","1-4-X": 1 1 1 1 1 1 1 1 1 1 ...
 $ Race.RaceType2Cd                 : Factor w/ 2 levels "1-4-E","1-4-X": 1 1 1 1 1 1 1 1 1 1 ...
 $ Race.RaceType3Cd                 : Factor w/ 8 levels "4-E-12","4-E-14",..: 1 1 1 1 1 1 1 1 1 1 ...
 $ Race.RaceType4Cd                 : Factor w/ 4 levels "1-4-12","1-4-14",..: 1 1 1 1 1 1 1 1 1 1 ...
 $ RaceHorse.RaceId                 : Factor w/ 2680 levels "20160123-07-01-03-10",..: 1 1 1 1 1 1 1 1 1 1 ...
 $ RaceHorse.KettoNum               : Factor w/ 8128 levels "2013106425","2013105962",..: 1 2 3 4 5 6 7 8 9 10 ...
 $ RaceHorse.IsHit1                 : int  0 0 0 0 0 0 0 0 0 0 ...
 $ RaceHorse.IsHit2                 : int  0 0 1 0 0 0 0 0 0 0 ...
 $ RaceHorse.IsHit3                 : int  0 0 0 0 1 0 0 0 0 0 ...
 $ RaceHorse.IsHit4                 : int  0 0 0 0 0 0 1 0 0 0 ...
 $ RaceHorse.IsHit5                 : int  0 0 0 0 0 0 0 0 0 0 ...
 $ RaceHorse.IsHit6                 : int  1 1 0 1 0 1 0 1 1 1 ...
 $ RaceHorse.IsValidRaceHorse       : logi  TRUE TRUE TRUE TRUE TRUE TRUE ...
 $ RaceHorse.IsHitA                 : int  0 0 0 0 0 0 0 0 0 0 ...
 $ RaceHorse.IsHitB                 : int  0 0 1 0 0 0 0 0 0 0 ...
 $ RaceHorse.IsHitC                 : int  0 0 1 0 1 0 0 0 0 0 ...
 $ OddsByWin.Odds1                  : num  18.7 4 15.6 58.4 46.8 50.8 56.3 2.6 9.8 26.4 ...
 $ OddsByWin.Ninki                  : num  8 2 7 14 10 11 13 1 4 9 ...
 $ OddsByWin.OddsLog1               : num  2.98 1.61 2.81 4.08 3.87 ...
 $ OddsByWin.OddsRatio1             : num  0.0565 0.3333 0.0685 0.0174 0.0218 ...
 $ OddsByWin.OddsLogit1             : num  -2.93 -1.39 -2.75 -4.07 -3.85 ...
 $ OddsByWin.ApprovalRate1          : num  0.0535 0.25 0.0641 0.0171 0.0214 ...
 $ OddsByWin.ApprovalRateLog1       : num  0.0521 0.2231 0.0621 0.017 0.0211 ...
 $ EOF                              : int  1 1 1 1 1 1 1 1 1 1 ...
[1] "nrow(data) subset before=36230"
[1] "nrow(data) subset after =30069"
[1] "nrow(data) subset diff =6161"
[1] "nrow(data) transform before=30069"
[1] "nrow(data) transform after=30069"
[1] "nrow(data) transform diff=0"
[1] "nrow(data) na.omit before=30069"
[1] "nrow(data) na.omit after =30069"
[1] "nrow(data) na.omit diff =0"
[1] "glm nrow(data) input=30069"
[1] "str(data)="
'data.frame':	30069 obs. of  35 variables:
 $ Race.RaceId                      : Factor w/ 2680 levels "20160123-07-01-03-10",..: 1 1 1 1 1 1 1 1 1 1 ...
 $ Race.IsPredictedRace             : logi  FALSE FALSE FALSE FALSE FALSE FALSE ...
 $ Race.IsAnalyzeNormalPastAndFuture: logi  TRUE TRUE TRUE TRUE TRUE TRUE ...
 $ Race.IsAnalyzeNormalPast         : logi  TRUE TRUE TRUE TRUE TRUE TRUE ...
 $ Race.IsAnalyzeNormalFuture       : logi  FALSE FALSE FALSE FALSE FALSE FALSE ...
 $ Race.IsAnalyzeFullPastAndFuture  : logi  TRUE TRUE TRUE TRUE TRUE TRUE ...
 $ Race.IsAnalyzeFullPast           : logi  TRUE TRUE TRUE TRUE TRUE TRUE ...
 $ Race.IsAnalyzeFullFuture         : logi  FALSE FALSE FALSE FALSE FALSE FALSE ...
 $ Race.JyokenCd                    : Factor w/ 1 level "4": 1 1 1 1 1 1 1 1 1 1 ...
 $ Race.JyoType1Cd                  : Factor w/ 182 levels "1-07-1400-2",..: 1 1 1 1 1 1 1 1 1 1 ...
 $ Race.RaceType0Cd                 : Factor w/ 548 levels "1-07-1400-2-4-E-12",..: 1 1 1 1 1 1 1 1 1 1 ...
 $ Race.RaceType1Cd                 : Factor w/ 2 levels "1-4-E","1-4-X": 1 1 1 1 1 1 1 1 1 1 ...
 $ Race.RaceType2Cd                 : Factor w/ 2 levels "1-4-E","1-4-X": 1 1 1 1 1 1 1 1 1 1 ...
 $ Race.RaceType3Cd                 : Factor w/ 8 levels "4-E-12","4-E-14",..: 1 1 1 1 1 1 1 1 1 1 ...
 $ Race.RaceType4Cd                 : Factor w/ 4 levels "1-4-12","1-4-14",..: 1 1 1 1 1 1 1 1 1 1 ...
 $ RaceHorse.RaceId                 : Factor w/ 2680 levels "20160123-07-01-03-10",..: 1 1 1 1 1 1 1 1 1 1 ...
 $ RaceHorse.KettoNum               : Factor w/ 8128 levels "2013106425","2013105962",..: 1 2 3 4 5 6 7 8 9 10 ...
 $ RaceHorse.IsHit1                 : int  0 0 0 0 0 0 0 0 0 0 ...
 $ RaceHorse.IsHit2                 : int  0 0 1 0 0 0 0 0 0 0 ...
 $ RaceHorse.IsHit3                 : int  0 0 0 0 1 0 0 0 0 0 ...
 $ RaceHorse.IsHit4                 : int  0 0 0 0 0 0 1 0 0 0 ...
 $ RaceHorse.IsHit5                 : int  0 0 0 0 0 0 0 0 0 0 ...
 $ RaceHorse.IsHit6                 : int  1 1 0 1 0 1 0 1 1 1 ...
 $ RaceHorse.IsValidRaceHorse       : logi  TRUE TRUE TRUE TRUE TRUE TRUE ...
 $ RaceHorse.IsHitA                 : int  0 0 0 0 0 0 0 0 0 0 ...
 $ RaceHorse.IsHitB                 : int  0 0 1 0 0 0 0 0 0 0 ...
 $ RaceHorse.IsHitC                 : int  0 0 1 0 1 0 0 0 0 0 ...
 $ OddsByWin.Odds1                  : num  18.7 4 15.6 58.4 46.8 50.8 56.3 2.6 9.8 26.4 ...
 $ OddsByWin.Ninki                  : num  8 2 7 14 10 11 13 1 4 9 ...
 $ OddsByWin.OddsLog1               : num  2.98 1.61 2.81 4.08 3.87 ...
 $ OddsByWin.OddsRatio1             : num  0.0565 0.3333 0.0685 0.0174 0.0218 ...
 $ OddsByWin.OddsLogit1             : num  -2.93 -1.39 -2.75 -4.07 -3.85 ...
 $ OddsByWin.ApprovalRate1          : num  0.0535 0.25 0.0641 0.0171 0.0214 ...
 $ OddsByWin.ApprovalRateLog1       : num  0.0521 0.2231 0.0621 0.017 0.0211 ...
 $ EOF                              : int  1 1 1 1 1 1 1 1 1 1 ...
[1] "2022-01-30 14:49:08 --- source_logic_glm.R Start ---"
[1] "2022-01-30 14:49:09 --- source_logic_glm.R Finished ---"

Call:
glm(formula = RaceHorse.IsHitA ~ +1 + OddsByWin.OddsLogit1, family = "binomial", 
    data = data)

Deviance Residuals: 
   Min      1Q  Median      3Q     Max  
-1.160  -0.422  -0.236  -0.116   3.545  

Coefficients:
                     Estimate Std. Error z value Pr(>|z|)    
(Intercept)            0.2606     0.0542    4.81  1.5e-06 ***
OddsByWin.OddsLogit1   1.1541     0.0260   44.41  < 2e-16 ***
---
Signif. codes:  0 '***' 0.001 '**' 0.01 '*' 0.05 '.' 0.1 ' ' 1

(Dispersion parameter for binomial family taken to be 1)

    Null deviance: 15999  on 30068  degrees of freedom
Residual deviance: 13013  on 30067  degrees of freedom
AIC: 13017

Number of Fisher Scoring iterations: 7


Call:  glm(formula = RaceHorse.IsHitA ~ +1 + OddsByWin.OddsLogit1, family = "binomial", 
    data = data)

Coefficients:
         (Intercept)  OddsByWin.OddsLogit1  
               0.261                 1.154  

Degrees of Freedom: 30068 Total (i.e. Null);  30067 Residual
Null Deviance:	    16000 
Residual Deviance: 13000 	AIC: 13000

Call:
glm(formula = RaceHorse.IsHitA ~ +1 + OddsByWin.OddsLogit1, family = "binomial", 
    data = data)

Deviance Residuals: 
   Min      1Q  Median      3Q     Max  
-1.160  -0.422  -0.236  -0.116   3.545  

Coefficients:
                     Estimate Std. Error z value Pr(>|z|)    
(Intercept)            0.2606     0.0542    4.81  1.5e-06 ***
OddsByWin.OddsLogit1   1.1541     0.0260   44.41  < 2e-16 ***
---
Signif. codes:  0 '***' 0.001 '**' 0.01 '*' 0.05 '.' 0.1 ' ' 1

(Dispersion parameter for binomial family taken to be 1)

    Null deviance: 15999  on 30068  degrees of freedom
Residual deviance: 13013  on 30067  degrees of freedom
AIC: 13017

Number of Fisher Scoring iterations: 7

[1] "pdfFilename=pdf_analyze_glm_Odds_Type14_plot.analyze.results.glm.pdf"
[1] "pdfFilename=pdf_analyze_glm_Odds_Type14_plot.analyze.results.glm.step.pdf"
[1] "save.image"
[1] "rdataFilename=RData_analyze_glm_Odds_Type14.RData"
[1] "nrow(data) final=30069"
[1] "q..."
[1] "2022-01-30 14:49:11 --- analyze_glm.R Finished ---"
[1] "log sink finish"
