[1] "2022-01-30 15:13:33 --- source_function.R Start ---"
[1] "2022-01-30 15:13:33 --- source_function.R Finished ---"
[1] "2022-01-30 15:13:33 --- source_library.R Start ---"
[1] "2022-01-30 15:13:34 --- source_library.R Finished ---"
[1] "sqlQuery=SELECT * FROM ViewAnalyzeD1113Analyze01Gen02Type16"
Rows Read: 10850, Total Rows Processed: 10850, Total Chunk Time: 30.785 seconds 
[1] "object.size(data) auto=3.4 Mb"
[1] "nrow(data) sqlQuery=10850"
[1] "str(data)="
'data.frame':	10850 obs. of  42 variables:
 $ Race.RaceId                      : Factor w/ 1209 levels "20160105-08-01-01-06",..: 11 12 13 14 15 16 17 18 18 19 ...
 $ Race.IsPredictedRace             : logi  FALSE FALSE FALSE FALSE FALSE FALSE ...
 $ Race.IsAnalyzeNormalPastAndFuture: logi  TRUE TRUE TRUE TRUE TRUE TRUE ...
 $ Race.IsAnalyzeNormalPast         : logi  TRUE TRUE TRUE TRUE TRUE TRUE ...
 $ Race.IsAnalyzeNormalFuture       : logi  FALSE FALSE FALSE FALSE FALSE FALSE ...
 $ Race.IsAnalyzeFullPastAndFuture  : logi  TRUE TRUE TRUE TRUE TRUE TRUE ...
 $ Race.IsAnalyzeFullPast           : logi  TRUE TRUE TRUE TRUE TRUE TRUE ...
 $ Race.IsAnalyzeFullFuture         : logi  FALSE FALSE FALSE FALSE FALSE FALSE ...
 $ Race.JyokenCd                    : Factor w/ 1 level "6": 1 1 1 1 1 1 1 1 1 1 ...
 $ Race.JyoType1Cd                  : Factor w/ 126 levels "1-08-2000-1",..: 9 10 11 12 13 14 15 16 16 17 ...
 $ Race.RaceType0Cd                 : Factor w/ 154 levels "1-08-2000-1-6-X-12",..: 9 10 11 12 13 14 15 16 16 17 ...
 $ Race.RaceType1Cd                 : Factor w/ 1 level "1-6-X": 1 1 1 1 1 1 1 1 1 1 ...
 $ Race.RaceType2Cd                 : Factor w/ 1 level "1-6-X": 1 1 1 1 1 1 1 1 1 1 ...
 $ Race.RaceType3Cd                 : Factor w/ 2 levels "6-X-12","6-X-11": 2 2 2 2 2 2 2 2 2 2 ...
 $ Race.RaceType4Cd                 : Factor w/ 2 levels "1-6-12","1-6-11": 2 2 2 2 2 2 2 2 2 2 ...
 $ RaceHorse.RaceId                 : Factor w/ 1209 levels "20160105-08-01-01-06",..: 11 12 13 14 15 16 17 18 18 19 ...
 $ RaceHorse.KettoNum               : Factor w/ 10760 levels "2013103592","2018105149",..: 11 12 13 14 15 16 17 18 19 20 ...
 $ RaceHorse.IsHit1                 : int  0 0 0 0 0 0 0 0 0 0 ...
 $ RaceHorse.IsHit2                 : int  0 0 0 0 0 0 0 0 0 0 ...
 $ RaceHorse.IsHit3                 : int  0 0 0 0 0 0 1 0 0 0 ...
 $ RaceHorse.IsHit4                 : int  0 0 0 0 0 0 0 0 1 0 ...
 $ RaceHorse.IsHit5                 : int  0 0 1 0 0 0 0 0 0 0 ...
 $ RaceHorse.IsHit6                 : int  1 1 0 1 1 1 0 1 0 1 ...
 $ RaceHorse.IsValidRaceHorse       : logi  TRUE TRUE TRUE TRUE TRUE TRUE ...
 $ RaceHorse.IsHitA                 : int  0 0 0 0 0 0 0 0 0 0 ...
 $ RaceHorse.IsHitB                 : int  0 0 0 0 0 0 0 0 0 0 ...
 $ RaceHorse.IsHitC                 : int  0 0 0 0 0 0 1 0 0 0 ...
 $ Gen02.HansyokuNum                : Factor w/ 5783 levels "12250654","12262769",..: 11 12 13 14 15 16 17 18 19 20 ...
 $ Gen02.TimeDvByRaceAvg            : num  58.4 50.5 57.3 60.1 42.8 ...
 $ Gen02.TimeDvByRaceMax            : num  65.7 62.4 60.1 62 46.7 ...
 $ Gen02.RunCount                   : int  3 6 5 5 2 2 3 5 1 2 ...
 $ Gen02.HitCount1                  : int  1 0 0 1 0 2 0 0 0 0 ...
 $ Gen02.HitCount2                  : int  0 1 2 2 0 0 0 1 0 0 ...
 $ Gen02.HitCount3                  : int  0 1 2 2 0 0 0 0 0 0 ...
 $ Gen02.HitCount4                  : int  0 0 0 0 0 0 1 1 0 0 ...
 $ Gen02.HitCount5                  : int  1 0 1 0 0 0 1 0 0 0 ...
 $ Gen02.HitRate1                   : num  0.333 0 0 0.2 0 ...
 $ Gen02.HitRate2                   : num  0 0.167 0.4 0.4 0 ...
 $ Gen02.HitRate3                   : num  0 0.167 0.4 0.4 0 ...
 $ Gen02.HitRate4                   : num  0 0 0 0 0 ...
 $ Gen02.HitRate5                   : num  0.333 0 0.2 0 0 ...
 $ EOF                              : int  1 1 1 1 1 1 1 1 1 1 ...
[1] "nrow(data) subset before=10850"
[1] "nrow(data) subset after =8499"
[1] "nrow(data) subset diff =2351"
[1] "nrow(data) transform before=8499"
[1] "nrow(data) transform after=8499"
[1] "nrow(data) transform diff=0"
[1] "nrow(data) na.omit before=8499"
[1] "nrow(data) na.omit after =8499"
[1] "nrow(data) na.omit diff =0"
[1] "glm nrow(data) input=8499"
[1] "str(data)="
'data.frame':	8499 obs. of  42 variables:
 $ Race.RaceId                      : Factor w/ 1209 levels "20160105-08-01-01-06",..: 11 12 13 14 15 16 17 18 18 19 ...
 $ Race.IsPredictedRace             : logi  FALSE FALSE FALSE FALSE FALSE FALSE ...
 $ Race.IsAnalyzeNormalPastAndFuture: logi  TRUE TRUE TRUE TRUE TRUE TRUE ...
 $ Race.IsAnalyzeNormalPast         : logi  TRUE TRUE TRUE TRUE TRUE TRUE ...
 $ Race.IsAnalyzeNormalFuture       : logi  FALSE FALSE FALSE FALSE FALSE FALSE ...
 $ Race.IsAnalyzeFullPastAndFuture  : logi  TRUE TRUE TRUE TRUE TRUE TRUE ...
 $ Race.IsAnalyzeFullPast           : logi  TRUE TRUE TRUE TRUE TRUE TRUE ...
 $ Race.IsAnalyzeFullFuture         : logi  FALSE FALSE FALSE FALSE FALSE FALSE ...
 $ Race.JyokenCd                    : Factor w/ 1 level "6": 1 1 1 1 1 1 1 1 1 1 ...
 $ Race.JyoType1Cd                  : Factor w/ 126 levels "1-08-2000-1",..: 9 10 11 12 13 14 15 16 16 17 ...
 $ Race.RaceType0Cd                 : Factor w/ 154 levels "1-08-2000-1-6-X-12",..: 9 10 11 12 13 14 15 16 16 17 ...
 $ Race.RaceType1Cd                 : Factor w/ 1 level "1-6-X": 1 1 1 1 1 1 1 1 1 1 ...
 $ Race.RaceType2Cd                 : Factor w/ 1 level "1-6-X": 1 1 1 1 1 1 1 1 1 1 ...
 $ Race.RaceType3Cd                 : Factor w/ 2 levels "6-X-12","6-X-11": 2 2 2 2 2 2 2 2 2 2 ...
 $ Race.RaceType4Cd                 : Factor w/ 2 levels "1-6-12","1-6-11": 2 2 2 2 2 2 2 2 2 2 ...
 $ RaceHorse.RaceId                 : Factor w/ 1209 levels "20160105-08-01-01-06",..: 11 12 13 14 15 16 17 18 18 19 ...
 $ RaceHorse.KettoNum               : Factor w/ 10760 levels "2013103592","2018105149",..: 11 12 13 14 15 16 17 18 19 20 ...
 $ RaceHorse.IsHit1                 : int  0 0 0 0 0 0 0 0 0 0 ...
 $ RaceHorse.IsHit2                 : int  0 0 0 0 0 0 0 0 0 0 ...
 $ RaceHorse.IsHit3                 : int  0 0 0 0 0 0 1 0 0 0 ...
 $ RaceHorse.IsHit4                 : int  0 0 0 0 0 0 0 0 1 0 ...
 $ RaceHorse.IsHit5                 : int  0 0 1 0 0 0 0 0 0 0 ...
 $ RaceHorse.IsHit6                 : int  1 1 0 1 1 1 0 1 0 1 ...
 $ RaceHorse.IsValidRaceHorse       : logi  TRUE TRUE TRUE TRUE TRUE TRUE ...
 $ RaceHorse.IsHitA                 : int  0 0 0 0 0 0 0 0 0 0 ...
 $ RaceHorse.IsHitB                 : int  0 0 0 0 0 0 0 0 0 0 ...
 $ RaceHorse.IsHitC                 : int  0 0 0 0 0 0 1 0 0 0 ...
 $ Gen02.HansyokuNum                : Factor w/ 5783 levels "12250654","12262769",..: 11 12 13 14 15 16 17 18 19 20 ...
 $ Gen02.TimeDvByRaceAvg            : num  58.4 50.5 57.3 60.1 42.8 ...
 $ Gen02.TimeDvByRaceMax            : num  65.7 62.4 60.1 62 46.7 ...
 $ Gen02.RunCount                   : int  3 6 5 5 2 2 3 5 1 2 ...
 $ Gen02.HitCount1                  : int  1 0 0 1 0 2 0 0 0 0 ...
 $ Gen02.HitCount2                  : int  0 1 2 2 0 0 0 1 0 0 ...
 $ Gen02.HitCount3                  : int  0 1 2 2 0 0 0 0 0 0 ...
 $ Gen02.HitCount4                  : int  0 0 0 0 0 0 1 1 0 0 ...
 $ Gen02.HitCount5                  : int  1 0 1 0 0 0 1 0 0 0 ...
 $ Gen02.HitRate1                   : num  0.333 0 0 0.2 0 ...
 $ Gen02.HitRate2                   : num  0 0.167 0.4 0.4 0 ...
 $ Gen02.HitRate3                   : num  0 0.167 0.4 0.4 0 ...
 $ Gen02.HitRate4                   : num  0 0 0 0 0 ...
 $ Gen02.HitRate5                   : num  0.333 0 0.2 0 0 ...
 $ EOF                              : int  1 1 1 1 1 1 1 1 1 1 ...
[1] "2022-01-30 15:14:57 --- source_logic_glm.R Start ---"
[1] "2022-01-30 15:14:57 --- source_logic_glm.R Finished ---"

Call:
glm(formula = RaceHorse.IsHitA ~ +1 + Gen02.TimeDvByRaceAvg + 
    Gen02.HitRate1, family = "binomial", data = data)

Deviance Residuals: 
   Min      1Q  Median      3Q     Max  
-0.798  -0.446  -0.391  -0.330   2.924  

Coefficients:
                      Estimate Std. Error z value Pr(>|z|)    
(Intercept)           -5.49749    0.39742  -13.83  < 2e-16 ***
Gen02.TimeDvByRaceAvg  0.05670    0.00749    7.57  3.8e-14 ***
Gen02.HitRate1         0.43028    0.16249    2.65   0.0081 ** 
---
Signif. codes:  0 '***' 0.001 '**' 0.01 '*' 0.05 '.' 0.1 ' ' 1

(Dispersion parameter for binomial family taken to be 1)

    Null deviance: 4821.5  on 8498  degrees of freedom
Residual deviance: 4697.1  on 8496  degrees of freedom
AIC: 4703

Number of Fisher Scoring iterations: 5


Call:  glm(formula = RaceHorse.IsHitA ~ +1 + Gen02.TimeDvByRaceAvg + 
    Gen02.HitRate1, family = "binomial", data = data)

Coefficients:
          (Intercept)  Gen02.TimeDvByRaceAvg         Gen02.HitRate1  
              -5.4975                 0.0567                 0.4303  

Degrees of Freedom: 8498 Total (i.e. Null);  8496 Residual
Null Deviance:	    4820 
Residual Deviance: 4700 	AIC: 4700

Call:
glm(formula = RaceHorse.IsHitA ~ +1 + Gen02.TimeDvByRaceAvg + 
    Gen02.HitRate1, family = "binomial", data = data)

Deviance Residuals: 
   Min      1Q  Median      3Q     Max  
-0.798  -0.446  -0.391  -0.330   2.924  

Coefficients:
                      Estimate Std. Error z value Pr(>|z|)    
(Intercept)           -5.49749    0.39742  -13.83  < 2e-16 ***
Gen02.TimeDvByRaceAvg  0.05670    0.00749    7.57  3.8e-14 ***
Gen02.HitRate1         0.43028    0.16249    2.65   0.0081 ** 
---
Signif. codes:  0 '***' 0.001 '**' 0.01 '*' 0.05 '.' 0.1 ' ' 1

(Dispersion parameter for binomial family taken to be 1)

    Null deviance: 4821.5  on 8498  degrees of freedom
Residual deviance: 4697.1  on 8496  degrees of freedom
AIC: 4703

Number of Fisher Scoring iterations: 5

[1] "pdfFilename=pdf_analyze_glm_Gen02_Type16_plot.analyze.results.glm.pdf"
[1] "pdfFilename=pdf_analyze_glm_Gen02_Type16_plot.analyze.results.glm.step.pdf"
[1] "save.image"
[1] "rdataFilename=RData_analyze_glm_Gen02_Type16.RData"
[1] "nrow(data) final=8499"
[1] "q..."
[1] "2022-01-30 15:14:58 --- analyze_glm.R Finished ---"
[1] "log sink finish"
