[1] "2022-01-30 15:07:47 --- source_function.R Start ---"
[1] "2022-01-30 15:07:47 --- source_function.R Finished ---"
[1] "2022-01-30 15:07:47 --- source_library.R Start ---"
[1] "2022-01-30 15:07:49 --- source_library.R Finished ---"
[1] "sqlQuery=SELECT * FROM ViewAnalyzeD1113Analyze01Gen01Type25"
Rows Read: 58776, Total Rows Processed: 58776, Total Chunk Time: 163.676 seconds 
[1] "object.size(data) auto=13.1 Mb"
[1] "nrow(data) sqlQuery=58776"
[1] "str(data)="
'data.frame':	58776 obs. of  42 variables:
 $ Race.RaceId                      : Factor w/ 4022 levels "20181020-04-03-03-02",..: 11 12 13 14 15 16 17 18 19 20 ...
 $ Race.IsPredictedRace             : logi  FALSE FALSE FALSE FALSE FALSE FALSE ...
 $ Race.IsAnalyzeNormalPastAndFuture: logi  TRUE TRUE TRUE TRUE TRUE TRUE ...
 $ Race.IsAnalyzeNormalPast         : logi  TRUE FALSE TRUE TRUE TRUE TRUE ...
 $ Race.IsAnalyzeNormalFuture       : logi  FALSE TRUE FALSE FALSE FALSE FALSE ...
 $ Race.IsAnalyzeFullPastAndFuture  : logi  TRUE TRUE TRUE TRUE TRUE TRUE ...
 $ Race.IsAnalyzeFullPast           : logi  TRUE FALSE TRUE TRUE TRUE TRUE ...
 $ Race.IsAnalyzeFullFuture         : logi  FALSE TRUE FALSE FALSE FALSE FALSE ...
 $ Race.JyokenCd                    : Factor w/ 1 level "5": 1 1 1 1 1 1 1 1 1 1 ...
 $ Race.JyoType1Cd                  : Factor w/ 118 levels "2-04-1800-2",..: 9 10 11 12 7 13 14 15 16 17 ...
 $ Race.RaceType0Cd                 : Factor w/ 205 levels "2-04-1800-2-5-X-11",..: 9 10 11 12 7 13 14 15 16 17 ...
 $ Race.RaceType1Cd                 : Factor w/ 1 level "2-5-X": 1 1 1 1 1 1 1 1 1 1 ...
 $ Race.RaceType2Cd                 : Factor w/ 1 level "2-5-X": 1 1 1 1 1 1 1 1 1 1 ...
 $ Race.RaceType3Cd                 : Factor w/ 2 levels "5-X-11","5-X-12": 2 2 2 2 2 1 2 2 2 2 ...
 $ Race.RaceType4Cd                 : Factor w/ 2 levels "2-5-11","2-5-12": 2 2 2 2 2 1 2 2 2 2 ...
 $ RaceHorse.RaceId                 : Factor w/ 4022 levels "20181020-04-03-03-02",..: 11 12 13 14 15 16 17 18 19 20 ...
 $ RaceHorse.KettoNum               : Factor w/ 20272 levels "2016100188","2019102326",..: 11 12 13 14 15 16 17 18 19 20 ...
 $ RaceHorse.IsHit1                 : int  NA 0 0 0 0 0 0 0 0 0 ...
 $ RaceHorse.IsHit2                 : int  NA 0 0 0 0 1 0 0 0 0 ...
 $ RaceHorse.IsHit3                 : int  NA 0 0 0 0 0 0 0 0 0 ...
 $ RaceHorse.IsHit4                 : int  NA 0 0 0 0 0 0 0 0 0 ...
 $ RaceHorse.IsHit5                 : int  NA 0 0 0 0 0 0 0 0 0 ...
 $ RaceHorse.IsHit6                 : int  NA 1 1 1 1 0 1 1 1 1 ...
 $ RaceHorse.IsValidRaceHorse       : logi  FALSE TRUE TRUE TRUE TRUE TRUE ...
 $ RaceHorse.IsHitA                 : int  NA 0 0 0 0 0 0 0 0 0 ...
 $ RaceHorse.IsHitB                 : int  NA 0 0 0 0 1 0 0 0 0 ...
 $ RaceHorse.IsHitC                 : int  NA 0 0 0 0 1 0 0 0 0 ...
 $ Gen01.HansyokuNum                : Factor w/ 525 levels "11202246","11202431",..: 11 12 13 14 5 15 16 1 15 17 ...
 $ Gen01.TimeDvByRaceAvg            : num  50.7 50.6 49.1 48 51.8 ...
 $ Gen01.TimeDvByRaceMax            : num  69.6 64.3 68.9 69 73.7 ...
 $ Gen01.RunCount                   : int  143 108 185 296 822 746 445 439 794 25 ...
 $ Gen01.HitCount1                  : int  11 2 8 12 74 57 38 19 63 1 ...
 $ Gen01.HitCount2                  : int  8 8 8 17 69 50 43 27 43 0 ...
 $ Gen01.HitCount3                  : int  16 8 13 16 63 73 29 31 68 2 ...
 $ Gen01.HitCount4                  : int  8 13 7 16 59 54 41 28 50 7 ...
 $ Gen01.HitCount5                  : int  10 4 17 19 81 52 35 33 56 2 ...
 $ Gen01.HitRate1                   : num  0.0769 0.0185 0.0432 0.0405 0.09 ...
 $ Gen01.HitRate2                   : num  0.0559 0.0741 0.0432 0.0574 0.0839 ...
 $ Gen01.HitRate3                   : num  0.1119 0.0741 0.0703 0.0541 0.0766 ...
 $ Gen01.HitRate4                   : num  0.0559 0.1204 0.0378 0.0541 0.0718 ...
 $ Gen01.HitRate5                   : num  0.0699 0.037 0.0919 0.0642 0.0985 ...
 $ EOF                              : int  1 1 1 1 1 1 1 1 1 1 ...
[1] "nrow(data) subset before=58776"
[1] "nrow(data) subset after =46586"
[1] "nrow(data) subset diff =12190"
[1] "nrow(data) transform before=46586"
[1] "nrow(data) transform after=46586"
[1] "nrow(data) transform diff=0"
[1] "nrow(data) na.omit before=46586"
[1] "nrow(data) na.omit after =46586"
[1] "nrow(data) na.omit diff =0"
[1] "glm nrow(data) input=46586"
[1] "str(data)="
'data.frame':	46586 obs. of  42 variables:
 $ Race.RaceId                      : Factor w/ 4022 levels "20181020-04-03-03-02",..: 13 14 15 16 17 18 19 21 22 23 ...
 $ Race.IsPredictedRace             : logi  FALSE FALSE FALSE FALSE FALSE FALSE ...
 $ Race.IsAnalyzeNormalPastAndFuture: logi  TRUE TRUE TRUE TRUE TRUE TRUE ...
 $ Race.IsAnalyzeNormalPast         : logi  TRUE TRUE TRUE TRUE TRUE TRUE ...
 $ Race.IsAnalyzeNormalFuture       : logi  FALSE FALSE FALSE FALSE FALSE FALSE ...
 $ Race.IsAnalyzeFullPastAndFuture  : logi  TRUE TRUE TRUE TRUE TRUE TRUE ...
 $ Race.IsAnalyzeFullPast           : logi  TRUE TRUE TRUE TRUE TRUE TRUE ...
 $ Race.IsAnalyzeFullFuture         : logi  FALSE FALSE FALSE FALSE FALSE FALSE ...
 $ Race.JyokenCd                    : Factor w/ 1 level "5": 1 1 1 1 1 1 1 1 1 1 ...
 $ Race.JyoType1Cd                  : Factor w/ 118 levels "2-04-1800-2",..: 11 12 7 13 14 15 16 18 19 20 ...
 $ Race.RaceType0Cd                 : Factor w/ 205 levels "2-04-1800-2-5-X-11",..: 11 12 7 13 14 15 16 18 19 20 ...
 $ Race.RaceType1Cd                 : Factor w/ 1 level "2-5-X": 1 1 1 1 1 1 1 1 1 1 ...
 $ Race.RaceType2Cd                 : Factor w/ 1 level "2-5-X": 1 1 1 1 1 1 1 1 1 1 ...
 $ Race.RaceType3Cd                 : Factor w/ 2 levels "5-X-11","5-X-12": 2 2 2 1 2 2 2 2 2 1 ...
 $ Race.RaceType4Cd                 : Factor w/ 2 levels "2-5-11","2-5-12": 2 2 2 1 2 2 2 2 2 1 ...
 $ RaceHorse.RaceId                 : Factor w/ 4022 levels "20181020-04-03-03-02",..: 13 14 15 16 17 18 19 21 22 23 ...
 $ RaceHorse.KettoNum               : Factor w/ 20272 levels "2016100188","2019102326",..: 13 14 15 16 17 18 19 21 22 23 ...
 $ RaceHorse.IsHit1                 : int  0 0 0 0 0 0 0 0 0 0 ...
 $ RaceHorse.IsHit2                 : int  0 0 0 1 0 0 0 0 0 0 ...
 $ RaceHorse.IsHit3                 : int  0 0 0 0 0 0 0 0 0 1 ...
 $ RaceHorse.IsHit4                 : int  0 0 0 0 0 0 0 0 0 0 ...
 $ RaceHorse.IsHit5                 : int  0 0 0 0 0 0 0 0 0 0 ...
 $ RaceHorse.IsHit6                 : int  1 1 1 0 1 1 1 1 1 0 ...
 $ RaceHorse.IsValidRaceHorse       : logi  TRUE TRUE TRUE TRUE TRUE TRUE ...
 $ RaceHorse.IsHitA                 : int  0 0 0 0 0 0 0 0 0 0 ...
 $ RaceHorse.IsHitB                 : int  0 0 0 1 0 0 0 0 0 0 ...
 $ RaceHorse.IsHitC                 : int  0 0 0 1 0 0 0 0 0 1 ...
 $ Gen01.HansyokuNum                : Factor w/ 525 levels "11202246","11202431",..: 13 14 5 15 16 1 15 18 19 20 ...
 $ Gen01.TimeDvByRaceAvg            : num  49.1 48 51.8 51.2 52.2 ...
 $ Gen01.TimeDvByRaceMax            : num  68.9 69 73.7 70.2 72.9 ...
 $ Gen01.RunCount                   : int  185 296 822 746 445 439 794 257 493 154 ...
 $ Gen01.HitCount1                  : int  8 12 74 57 38 19 63 30 39 9 ...
 $ Gen01.HitCount2                  : int  8 17 69 50 43 27 43 23 37 12 ...
 $ Gen01.HitCount3                  : int  13 16 63 73 29 31 68 28 34 13 ...
 $ Gen01.HitCount4                  : int  7 16 59 54 41 28 50 23 17 12 ...
 $ Gen01.HitCount5                  : int  17 19 81 52 35 33 56 20 25 14 ...
 $ Gen01.HitRate1                   : num  0.0432 0.0405 0.09 0.0764 0.0854 ...
 $ Gen01.HitRate2                   : num  0.0432 0.0574 0.0839 0.067 0.0966 ...
 $ Gen01.HitRate3                   : num  0.0703 0.0541 0.0766 0.0979 0.0652 ...
 $ Gen01.HitRate4                   : num  0.0378 0.0541 0.0718 0.0724 0.0921 ...
 $ Gen01.HitRate5                   : num  0.0919 0.0642 0.0985 0.0697 0.0787 ...
 $ EOF                              : int  1 1 1 1 1 1 1 1 1 1 ...
[1] "2022-01-30 15:13:29 --- source_logic_glm.R Start ---"
[1] "2022-01-30 15:13:29 --- source_logic_glm.R Finished ---"

Call:
glm(formula = RaceHorse.IsHitA ~ +1 + Gen01.TimeDvByRaceAvg + 
    Gen01.HitRate1, family = "binomial", data = data)

Deviance Residuals: 
   Min      1Q  Median      3Q     Max  
-1.080  -0.402  -0.374  -0.333   3.086  

Coefficients:
                      Estimate Std. Error z value Pr(>|z|)    
(Intercept)           -9.53144    0.44519  -21.41   <2e-16 ***
Gen01.TimeDvByRaceAvg  0.13663    0.00898   15.21   <2e-16 ***
Gen01.HitRate1        -0.32119    0.37303   -0.86     0.39    
---
Signif. codes:  0 '***' 0.001 '**' 0.01 '*' 0.05 '.' 0.1 ' ' 1

(Dispersion parameter for binomial family taken to be 1)

    Null deviance: 23554  on 46585  degrees of freedom
Residual deviance: 23237  on 46583  degrees of freedom
AIC: 23243

Number of Fisher Scoring iterations: 5


Call:  glm(formula = RaceHorse.IsHitA ~ Gen01.TimeDvByRaceAvg, family = "binomial", 
    data = data)

Coefficients:
          (Intercept)  Gen01.TimeDvByRaceAvg  
               -9.329                  0.132  

Degrees of Freedom: 46585 Total (i.e. Null);  46584 Residual
Null Deviance:	    23600 
Residual Deviance: 23200 	AIC: 23200

Call:
glm(formula = RaceHorse.IsHitA ~ Gen01.TimeDvByRaceAvg, family = "binomial", 
    data = data)

Deviance Residuals: 
   Min      1Q  Median      3Q     Max  
-1.168  -0.402  -0.374  -0.333   3.071  

Coefficients:
                      Estimate Std. Error z value Pr(>|z|)    
(Intercept)            -9.3293     0.3797   -24.6   <2e-16 ***
Gen01.TimeDvByRaceAvg   0.1322     0.0074    17.9   <2e-16 ***
---
Signif. codes:  0 '***' 0.001 '**' 0.01 '*' 0.05 '.' 0.1 ' ' 1

(Dispersion parameter for binomial family taken to be 1)

    Null deviance: 23554  on 46585  degrees of freedom
Residual deviance: 23238  on 46584  degrees of freedom
AIC: 23242

Number of Fisher Scoring iterations: 5

[1] "pdfFilename=pdf_analyze_glm_Gen01_Type25_plot.analyze.results.glm.pdf"
[1] "pdfFilename=pdf_analyze_glm_Gen01_Type25_plot.analyze.results.glm.step.pdf"
[1] "save.image"
[1] "rdataFilename=RData_analyze_glm_Gen01_Type25.RData"
[1] "nrow(data) final=46586"
[1] "q..."
[1] "2022-01-30 15:13:35 --- analyze_glm.R Finished ---"
[1] "log sink finish"
