[1] "2022-01-22 19:03:08 --- script.R Start ---"
[1] "C:/Users/Jedi/source/repos/R-Analyze/D/01_Analyze/D1111_Gen02_IsHitA_glm"
[1] "getwd()=C:/Users/Jedi/source/repos/R-Analyze/D/01_Analyze/D1111_Gen02_IsHitA_glm"
[1] "args=glm" "args=1"   "args=2"  
[1] "funcName=glm"
[1] "trackTypeCd=1"
[1] "jyokenCd=2"
[1] "targetType=12"
[1] "wd=Analyze"
[1] "C:/Users/Jedi/source/repos/R-Analyze/D/01_Analyze/D1111_Gen02_IsHitA_glm/Analyze"
[1] "getwd()=C:/Users/Jedi/source/repos/R-Analyze/D/01_Analyze/D1111_Gen02_IsHitA_glm/Analyze"
[1] "source=analyze_glm.R"
[1] "2022-01-22 19:03:08 --- analyze_glm.R Start ---"
[1] "2022-01-22 19:03:08 --- source_init.R Start ---"
[1] "2022-01-22 19:03:08 --- source_init.R Finished ---"
[1] "args=glm" "args=1"   "args=2"  
[1] "funcName=glm"
[1] "trackTypeCd=1"
[1] "jyokenCd=2"
[1] "log sink start"
[1] "logFilename=log_analyze_glm_Type12.log"
[1] "2022-01-22 19:03:08 --- source_function.R Start ---"
[1] "2022-01-22 19:03:08 --- source_function.R Finished ---"
[1] "2022-01-22 19:03:08 --- source_library.R Start ---"
[1] "2022-01-22 19:03:11 --- source_library.R Finished ---"
Rows Read: 8426, Total Rows Processed: 8426, Total Chunk Time: 2.880 seconds 
[1] "object.size(data) auto=1.4 Mb"
[1] "object.size(data) GiB=0 GiB"
[1] "object.size(data) MiB=1.4 MiB"
[1] "nrow(data) database=8426"
[1] "str(data)="
'data.frame':	8426 obs. of  32 variables:
 $ Race.RaceId                      : Factor w/ 657 levels "20180407-06-03-05-10",..: 1 2 3 4 4 5 6 6 7 8 ...
 $ Race.IsPredictedRace             : logi  TRUE TRUE TRUE TRUE TRUE TRUE ...
 $ Race.IsAnalyzeNormalPastAndFuture: logi  TRUE TRUE TRUE TRUE TRUE TRUE ...
 $ Race.IsAnalyzeNormalPast         : logi  TRUE TRUE TRUE TRUE TRUE TRUE ...
 $ Race.IsAnalyzeNormalFuture       : logi  FALSE FALSE FALSE FALSE FALSE FALSE ...
 $ Race.IsAnalyzeFullPastAndFuture  : logi  TRUE TRUE TRUE TRUE TRUE TRUE ...
 $ Race.IsAnalyzeFullPast           : logi  TRUE TRUE TRUE TRUE TRUE TRUE ...
 $ Race.IsAnalyzeFullFuture         : logi  FALSE FALSE FALSE FALSE FALSE FALSE ...
 $ Race.JyokenCd                    : Factor w/ 1 level "2": 1 1 1 1 1 1 1 1 1 1 ...
 $ Race.JyoType1Cd                  : Factor w/ 122 levels "1-06-2200-1",..: 1 2 3 4 4 5 6 6 7 8 ...
 $ Race.RaceType0Cd                 : Factor w/ 178 levels "1-06-2200-1-2-E-14",..: 1 2 3 4 4 5 6 6 7 8 ...
 $ Race.RaceType1Cd                 : Factor w/ 1 level "2": 1 1 1 1 1 1 1 1 1 1 ...
 $ Race.RaceType2Cd                 : Factor w/ 1 level "1-2-E": 1 1 1 1 1 1 1 1 1 1 ...
 $ Race.RaceType3Cd                 : Factor w/ 2 levels "2-E-14","2-E-13": 1 2 2 2 2 2 2 2 2 2 ...
 $ Race.RaceType4Cd                 : Factor w/ 2 levels "1-2-14","1-2-13": 1 2 2 2 2 2 2 2 2 2 ...
 $ RaceHorse.RaceId                 : Factor w/ 657 levels "20180407-06-03-05-10",..: 1 2 3 4 4 5 6 6 7 8 ...
 $ RaceHorse.KettoNum               : Factor w/ 1714 levels "2013103350","2016102502",..: 1 2 3 4 5 6 7 8 9 7 ...
 $ RaceHorse.IsHit1                 : int  0 0 0 0 0 0 0 0 0 0 ...
 $ RaceHorse.IsHit2                 : int  0 0 0 0 0 0 0 0 0 0 ...
 $ RaceHorse.IsHit3                 : int  0 0 0 0 0 0 0 0 0 0 ...
 $ RaceHorse.IsHit4                 : int  0 0 0 1 0 1 1 0 1 0 ...
 $ RaceHorse.IsHit5                 : int  0 0 1 0 1 0 0 1 0 1 ...
 $ RaceHorse.IsHit6                 : int  1 1 0 0 0 0 0 0 0 0 ...
 $ RaceHorse.IsValidRaceHorse       : logi  TRUE TRUE TRUE TRUE TRUE TRUE ...
 $ RaceHorse.IsHitA                 : int  0 0 0 0 0 0 0 0 0 0 ...
 $ RaceHorse.IsHitB                 : int  0 0 0 0 0 0 0 0 0 0 ...
 $ RaceHorse.IsHitC                 : int  0 0 0 0 0 0 0 0 0 0 ...
 $ RaceHorse.IsHitD                 : int  0 0 0 1 0 1 1 0 1 0 ...
 $ RaceHorse.IsHitE                 : int  0 0 1 1 1 1 1 1 1 1 ...
 $ Gen02.TimeDvByRace               : num  52.2 51.7 51.3 51.7 50.9 ...
 $ Gen02.TimeDvByRaceType1          : num  52.7 44.8 52 47.9 48.4 ...
 $ EOF                              : int  1 1 1 1 1 1 1 1 1 1 ...
[1] "nrow(data) subset before=8426"
[1] "nrow(data) subset after =6598"
[1] "nrow(data) subset diff =1828"
[1] "nrow(data) transform before=8426"
[1] "nrow(data) transform after=6598"
[1] "nrow(data) transform diff=1828"
[1] "nrow(data) na.omit before=6598"
[1] "nrow(data) na.omit after =6598"
[1] "nrow(data) na.omit diff =0"
[1] "glm nrow(data) input=6598"
[1] "str(data)="
'data.frame':	6598 obs. of  32 variables:
 $ Race.RaceId                      : Factor w/ 657 levels "20180407-06-03-05-10",..: 1 2 3 4 4 5 6 6 7 8 ...
 $ Race.IsPredictedRace             : logi  TRUE TRUE TRUE TRUE TRUE TRUE ...
 $ Race.IsAnalyzeNormalPastAndFuture: logi  TRUE TRUE TRUE TRUE TRUE TRUE ...
 $ Race.IsAnalyzeNormalPast         : logi  TRUE TRUE TRUE TRUE TRUE TRUE ...
 $ Race.IsAnalyzeNormalFuture       : logi  FALSE FALSE FALSE FALSE FALSE FALSE ...
 $ Race.IsAnalyzeFullPastAndFuture  : logi  TRUE TRUE TRUE TRUE TRUE TRUE ...
 $ Race.IsAnalyzeFullPast           : logi  TRUE TRUE TRUE TRUE TRUE TRUE ...
 $ Race.IsAnalyzeFullFuture         : logi  FALSE FALSE FALSE FALSE FALSE FALSE ...
 $ Race.JyokenCd                    : Factor w/ 1 level "2": 1 1 1 1 1 1 1 1 1 1 ...
 $ Race.JyoType1Cd                  : Factor w/ 122 levels "1-06-2200-1",..: 1 2 3 4 4 5 6 6 7 8 ...
 $ Race.RaceType0Cd                 : Factor w/ 178 levels "1-06-2200-1-2-E-14",..: 1 2 3 4 4 5 6 6 7 8 ...
 $ Race.RaceType1Cd                 : Factor w/ 1 level "2": 1 1 1 1 1 1 1 1 1 1 ...
 $ Race.RaceType2Cd                 : Factor w/ 1 level "1-2-E": 1 1 1 1 1 1 1 1 1 1 ...
 $ Race.RaceType3Cd                 : Factor w/ 2 levels "2-E-14","2-E-13": 1 2 2 2 2 2 2 2 2 2 ...
 $ Race.RaceType4Cd                 : Factor w/ 2 levels "1-2-14","1-2-13": 1 2 2 2 2 2 2 2 2 2 ...
 $ RaceHorse.RaceId                 : Factor w/ 657 levels "20180407-06-03-05-10",..: 1 2 3 4 4 5 6 6 7 8 ...
 $ RaceHorse.KettoNum               : Factor w/ 1714 levels "2013103350","2016102502",..: 1 2 3 4 5 6 7 8 9 7 ...
 $ RaceHorse.IsHit1                 : int  0 0 0 0 0 0 0 0 0 0 ...
 $ RaceHorse.IsHit2                 : int  0 0 0 0 0 0 0 0 0 0 ...
 $ RaceHorse.IsHit3                 : int  0 0 0 0 0 0 0 0 0 0 ...
 $ RaceHorse.IsHit4                 : int  0 0 0 1 0 1 1 0 1 0 ...
 $ RaceHorse.IsHit5                 : int  0 0 1 0 1 0 0 1 0 1 ...
 $ RaceHorse.IsHit6                 : int  1 1 0 0 0 0 0 0 0 0 ...
 $ RaceHorse.IsValidRaceHorse       : logi  TRUE TRUE TRUE TRUE TRUE TRUE ...
 $ RaceHorse.IsHitA                 : int  0 0 0 0 0 0 0 0 0 0 ...
 $ RaceHorse.IsHitB                 : int  0 0 0 0 0 0 0 0 0 0 ...
 $ RaceHorse.IsHitC                 : int  0 0 0 0 0 0 0 0 0 0 ...
 $ RaceHorse.IsHitD                 : int  0 0 0 1 0 1 1 0 1 0 ...
 $ RaceHorse.IsHitE                 : int  0 0 1 1 1 1 1 1 1 1 ...
 $ Gen02.TimeDvByRace               : num  52.2 51.7 51.3 51.7 50.9 ...
 $ Gen02.TimeDvByRaceType1          : num  52.7 44.8 52 47.9 48.4 ...
 $ EOF                              : int  1 1 1 1 1 1 1 1 1 1 ...
[1] "2022-01-22 19:03:17 --- source_logic_glm.R Start ---"
[1] "2022-01-22 19:03:17 --- source_logic_glm.R Finished ---"
[1] "jackpot_results_glm="

Call:  glm(formula = RaceHorse.IsHitA ~ +1 + Gen02.TimeDvByRace, family = "binomial", 
    data = data)

Coefficients:
       (Intercept)  Gen02.TimeDvByRace  
           -6.9675              0.0881  

Degrees of Freedom: 6597 Total (i.e. Null);  6596 Residual
Null Deviance:	    3610 
Residual Deviance: 3580 	AIC: 3580
[1] "jackpot_results_glm_summary="

Call:
glm(formula = RaceHorse.IsHitA ~ +1 + Gen02.TimeDvByRace, family = "binomial", 
    data = data)

Deviance Residuals: 
   Min      1Q  Median      3Q     Max  
-0.814  -0.410  -0.396  -0.370   2.742  

Coefficients:
                   Estimate Std. Error z value Pr(>|z|)    
(Intercept)         -6.9675     0.7712   -9.03  < 2e-16 ***
Gen02.TimeDvByRace   0.0881     0.0150    5.88  4.1e-09 ***
---
Signif. codes:  0 '***' 0.001 '**' 0.01 '*' 0.05 '.' 0.1 ' ' 1

(Dispersion parameter for binomial family taken to be 1)

    Null deviance: 3610.6  on 6597  degrees of freedom
Residual deviance: 3576.6  on 6596  degrees of freedom
AIC: 3581

Number of Fisher Scoring iterations: 5

[1] "jackpot_results_glm_step <- Step"
[1] "jackpot_results_glm_step="

Call:  glm(formula = RaceHorse.IsHitA ~ +1 + Gen02.TimeDvByRace, family = "binomial", 
    data = data)

Coefficients:
       (Intercept)  Gen02.TimeDvByRace  
           -6.9675              0.0881  

Degrees of Freedom: 6597 Total (i.e. Null);  6596 Residual
Null Deviance:	    3610 
Residual Deviance: 3580 	AIC: 3580
[1] "jackpot_results_glm_step_summary="

Call:
glm(formula = RaceHorse.IsHitA ~ +1 + Gen02.TimeDvByRace, family = "binomial", 
    data = data)

Deviance Residuals: 
   Min      1Q  Median      3Q     Max  
-0.814  -0.410  -0.396  -0.370   2.742  

Coefficients:
                   Estimate Std. Error z value Pr(>|z|)    
(Intercept)         -6.9675     0.7712   -9.03  < 2e-16 ***
Gen02.TimeDvByRace   0.0881     0.0150    5.88  4.1e-09 ***
---
Signif. codes:  0 '***' 0.001 '**' 0.01 '*' 0.05 '.' 0.1 ' ' 1

(Dispersion parameter for binomial family taken to be 1)

    Null deviance: 3610.6  on 6597  degrees of freedom
Residual deviance: 3576.6  on 6596  degrees of freedom
AIC: 3581

Number of Fisher Scoring iterations: 5

[1] "pdfFilename=pdf_glm_Type12.plot_jackpot_results_glm.pdf"
[1] "pdfFilename=pdf_glm_Type12.plot_jackpot_results_glm_step.pdf"
[1] "save.image"
[1] "rdataFilename=RData_glm_Type12.RData"
[1] "log sink finish"
[1] "nrow(data) final=6598"
[1] "q..."
[1] "2022-01-22 19:03:18 --- analyze_glm.R Finished ---"
[1] "2022-01-22 19:03:18 --- script.R Finished ---"
