[1] "2022-01-22 19:11:15 --- script.R Start ---"
[1] "C:/Users/Jedi/source/repos/R-Analyze/D/01_Analyze/D1111_Gen02_IsHitA_glm"
[1] "getwd()=C:/Users/Jedi/source/repos/R-Analyze/D/01_Analyze/D1111_Gen02_IsHitA_glm"
[1] "args=glm" "args=3"   "args=1"  
[1] "funcName=glm"
[1] "trackTypeCd=3"
[1] "jyokenCd=1"
[1] "targetType=31"
[1] "wd=Analyze"
[1] "C:/Users/Jedi/source/repos/R-Analyze/D/01_Analyze/D1111_Gen02_IsHitA_glm/Analyze"
[1] "getwd()=C:/Users/Jedi/source/repos/R-Analyze/D/01_Analyze/D1111_Gen02_IsHitA_glm/Analyze"
[1] "source=analyze_glm.R"
[1] "2022-01-22 19:11:15 --- analyze_glm.R Start ---"
[1] "2022-01-22 19:11:15 --- source_init.R Start ---"
[1] "2022-01-22 19:11:15 --- source_init.R Finished ---"
[1] "args=glm" "args=3"   "args=1"  
[1] "funcName=glm"
[1] "trackTypeCd=3"
[1] "jyokenCd=1"
[1] "log sink start"
[1] "logFilename=log_analyze_glm_Type31.log"
[1] "2022-01-22 19:11:15 --- source_function.R Start ---"
[1] "2022-01-22 19:11:15 --- source_function.R Finished ---"
[1] "2022-01-22 19:11:15 --- source_library.R Start ---"
[1] "2022-01-22 19:11:18 --- source_library.R Finished ---"
Rows Read: 3050, Total Rows Processed: 3050, Total Chunk Time: 2.510 seconds 
[1] "object.size(data) auto=510.8 Kb"
[1] "object.size(data) GiB=0 GiB"
[1] "object.size(data) MiB=0.5 MiB"
[1] "nrow(data) database=3050"
[1] "str(data)="
'data.frame':	3050 obs. of  32 variables:
 $ Race.RaceId                      : Factor w/ 258 levels "20210109-06-01-02-08",..: 1 1 2 2 2 3 3 4 4 4 ...
 $ Race.IsPredictedRace             : logi  TRUE TRUE TRUE TRUE TRUE TRUE ...
 $ Race.IsAnalyzeNormalPastAndFuture: logi  TRUE TRUE TRUE TRUE TRUE TRUE ...
 $ Race.IsAnalyzeNormalPast         : logi  FALSE FALSE FALSE FALSE FALSE FALSE ...
 $ Race.IsAnalyzeNormalFuture       : logi  TRUE TRUE TRUE TRUE TRUE TRUE ...
 $ Race.IsAnalyzeFullPastAndFuture  : logi  TRUE TRUE TRUE TRUE TRUE TRUE ...
 $ Race.IsAnalyzeFullPast           : logi  FALSE FALSE FALSE FALSE FALSE FALSE ...
 $ Race.IsAnalyzeFullFuture         : logi  TRUE TRUE TRUE TRUE TRUE TRUE ...
 $ Race.JyokenCd                    : Factor w/ 1 level "1": 1 1 1 1 1 1 1 1 1 1 ...
 $ Race.JyoType1Cd                  : Factor w/ 60 levels "3-06-3200-1",..: 1 1 2 2 2 3 3 3 3 3 ...
 $ Race.RaceType0Cd                 : Factor w/ 92 levels "3-06-3200-1-1-E-19",..: 1 1 2 2 2 3 3 4 4 4 ...
 $ Race.RaceType1Cd                 : Factor w/ 1 level "1": 1 1 1 1 1 1 1 1 1 1 ...
 $ Race.RaceType2Cd                 : Factor w/ 5 levels "3-1-E","3-1-X",..: 1 1 2 2 2 1 1 2 2 2 ...
 $ Race.RaceType3Cd                 : Factor w/ 9 levels "1-E-19","1-X-19",..: 1 1 2 2 2 1 1 2 2 2 ...
 $ Race.RaceType4Cd                 : Factor w/ 2 levels "3-1-19","3-1-18": 1 1 1 1 1 1 1 1 1 1 ...
 $ RaceHorse.RaceId                 : Factor w/ 258 levels "20210109-06-01-02-08",..: 1 1 2 2 2 3 3 4 4 4 ...
 $ RaceHorse.KettoNum               : Factor w/ 559 levels "2011101814","2016104335",..: 1 2 3 4 5 6 7 8 9 10 ...
 $ RaceHorse.IsHit1                 : int  0 0 0 1 0 0 0 1 0 0 ...
 $ RaceHorse.IsHit2                 : int  0 0 1 0 0 0 0 0 1 0 ...
 $ RaceHorse.IsHit3                 : int  0 0 0 0 0 0 0 0 0 0 ...
 $ RaceHorse.IsHit4                 : int  1 0 0 0 0 1 0 0 0 1 ...
 $ RaceHorse.IsHit5                 : int  0 1 0 0 1 0 1 0 0 0 ...
 $ RaceHorse.IsHit6                 : int  0 0 0 0 0 0 0 0 0 0 ...
 $ RaceHorse.IsValidRaceHorse       : logi  TRUE TRUE TRUE TRUE TRUE TRUE ...
 $ RaceHorse.IsHitA                 : int  0 0 0 1 0 0 0 1 0 0 ...
 $ RaceHorse.IsHitB                 : int  0 0 1 1 0 0 0 1 1 0 ...
 $ RaceHorse.IsHitC                 : int  0 0 1 1 0 0 0 1 1 0 ...
 $ RaceHorse.IsHitD                 : int  1 0 1 1 0 1 0 1 1 1 ...
 $ RaceHorse.IsHitE                 : int  1 1 1 1 1 1 1 1 1 1 ...
 $ Gen02.TimeDvByRace               : num  50.2 50.6 49.7 49.3 50.6 ...
 $ Gen02.TimeDvByRaceType1          : num  50.6 49.7 49.7 40.4 49.7 ...
 $ EOF                              : int  1 1 1 1 1 1 1 1 1 1 ...
[1] "nrow(data) subset before=3050"
[1] "nrow(data) subset after =2370"
[1] "nrow(data) subset diff =680"
[1] "nrow(data) transform before=3050"
[1] "nrow(data) transform after=2370"
[1] "nrow(data) transform diff=680"
[1] "nrow(data) na.omit before=2370"
[1] "nrow(data) na.omit after =2370"
[1] "nrow(data) na.omit diff =0"
[1] "glm nrow(data) input=2370"
[1] "str(data)="
'data.frame':	2370 obs. of  32 variables:
 $ Race.RaceId                      : Factor w/ 258 levels "20210109-06-01-02-08",..: 25 26 27 28 29 30 31 32 33 34 ...
 $ Race.IsPredictedRace             : logi  TRUE TRUE TRUE TRUE TRUE TRUE ...
 $ Race.IsAnalyzeNormalPastAndFuture: logi  TRUE TRUE TRUE TRUE TRUE TRUE ...
 $ Race.IsAnalyzeNormalPast         : logi  TRUE TRUE TRUE TRUE TRUE TRUE ...
 $ Race.IsAnalyzeNormalFuture       : logi  FALSE FALSE FALSE FALSE FALSE FALSE ...
 $ Race.IsAnalyzeFullPastAndFuture  : logi  TRUE TRUE TRUE TRUE TRUE TRUE ...
 $ Race.IsAnalyzeFullPast           : logi  TRUE TRUE TRUE TRUE TRUE TRUE ...
 $ Race.IsAnalyzeFullFuture         : logi  FALSE FALSE FALSE FALSE FALSE FALSE ...
 $ Race.JyokenCd                    : Factor w/ 1 level "1": 1 1 1 1 1 1 1 1 1 1 ...
 $ Race.JyoType1Cd                  : Factor w/ 60 levels "3-06-3200-1",..: 16 4 4 3 21 22 16 23 1 19 ...
 $ Race.RaceType0Cd                 : Factor w/ 92 levels "3-06-3200-1-1-E-19",..: 18 24 24 25 26 27 28 29 12 30 ...
 $ Race.RaceType1Cd                 : Factor w/ 1 level "1": 1 1 1 1 1 1 1 1 1 1 ...
 $ Race.RaceType2Cd                 : Factor w/ 5 levels "3-1-E","3-1-X",..: 2 2 2 5 2 2 2 2 2 2 ...
 $ Race.RaceType3Cd                 : Factor w/ 9 levels "1-E-19","1-X-19",..: 5 5 5 6 5 2 2 2 2 2 ...
 $ Race.RaceType4Cd                 : Factor w/ 2 levels "3-1-19","3-1-18": 2 2 2 2 2 1 1 1 1 1 ...
 $ RaceHorse.RaceId                 : Factor w/ 258 levels "20210109-06-01-02-08",..: 25 26 27 28 29 30 31 32 33 34 ...
 $ RaceHorse.KettoNum               : Factor w/ 559 levels "2011101814","2016104335",..: 51 52 20 53 54 55 56 57 58 59 ...
 $ RaceHorse.IsHit1                 : int  1 1 1 0 1 1 1 1 1 1 ...
 $ RaceHorse.IsHit2                 : int  0 0 0 0 0 0 0 0 0 0 ...
 $ RaceHorse.IsHit3                 : int  0 0 0 0 0 0 0 0 0 0 ...
 $ RaceHorse.IsHit4                 : int  0 0 0 0 0 0 0 0 0 0 ...
 $ RaceHorse.IsHit5                 : int  0 0 0 1 0 0 0 0 0 0 ...
 $ RaceHorse.IsHit6                 : int  0 0 0 0 0 0 0 0 0 0 ...
 $ RaceHorse.IsValidRaceHorse       : logi  TRUE TRUE TRUE TRUE TRUE TRUE ...
 $ RaceHorse.IsHitA                 : int  1 1 1 0 1 1 1 1 1 1 ...
 $ RaceHorse.IsHitB                 : int  1 1 1 0 1 1 1 1 1 1 ...
 $ RaceHorse.IsHitC                 : int  1 1 1 0 1 1 1 1 1 1 ...
 $ RaceHorse.IsHitD                 : int  1 1 1 0 1 1 1 1 1 1 ...
 $ RaceHorse.IsHitE                 : int  1 1 1 1 1 1 1 1 1 1 ...
 $ Gen02.TimeDvByRace               : num  50.9 52 51 50.2 52.3 ...
 $ Gen02.TimeDvByRaceType1          : num  49.4 51.2 49.1 51.4 51.5 ...
 $ EOF                              : int  1 1 1 1 1 1 1 1 1 1 ...
[1] "2022-01-22 19:11:23 --- source_logic_glm.R Start ---"
[1] "2022-01-22 19:11:23 --- source_logic_glm.R Finished ---"
[1] "jackpot_results_glm="

Call:  glm(formula = RaceHorse.IsHitA ~ +1 + Gen02.TimeDvByRace, family = "binomial", 
    data = data)

Coefficients:
       (Intercept)  Gen02.TimeDvByRace  
           -4.9209              0.0517  

Degrees of Freedom: 2369 Total (i.e. Null);  2368 Residual
Null Deviance:	    1430 
Residual Deviance: 1430 	AIC: 1430
[1] "jackpot_results_glm_summary="

Call:
glm(formula = RaceHorse.IsHitA ~ +1 + Gen02.TimeDvByRace, family = "binomial", 
    data = data)

Deviance Residuals: 
   Min      1Q  Median      3Q     Max  
-0.563  -0.440  -0.434  -0.418   2.399  

Coefficients:
                   Estimate Std. Error z value Pr(>|z|)   
(Intercept)         -4.9209     1.7190   -2.86   0.0042 **
Gen02.TimeDvByRace   0.0517     0.0340    1.52   0.1285   
---
Signif. codes:  0 '***' 0.001 '**' 0.01 '*' 0.05 '.' 0.1 ' ' 1

(Dispersion parameter for binomial family taken to be 1)

    Null deviance: 1432.6  on 2369  degrees of freedom
Residual deviance: 1430.3  on 2368  degrees of freedom
AIC: 1434

Number of Fisher Scoring iterations: 5

[1] "jackpot_results_glm_step <- Step"
[1] "jackpot_results_glm_step="

Call:  glm(formula = RaceHorse.IsHitA ~ +1 + Gen02.TimeDvByRace, family = "binomial", 
    data = data)

Coefficients:
       (Intercept)  Gen02.TimeDvByRace  
           -4.9209              0.0517  

Degrees of Freedom: 2369 Total (i.e. Null);  2368 Residual
Null Deviance:	    1430 
Residual Deviance: 1430 	AIC: 1430
[1] "jackpot_results_glm_step_summary="

Call:
glm(formula = RaceHorse.IsHitA ~ +1 + Gen02.TimeDvByRace, family = "binomial", 
    data = data)

Deviance Residuals: 
   Min      1Q  Median      3Q     Max  
-0.563  -0.440  -0.434  -0.418   2.399  

Coefficients:
                   Estimate Std. Error z value Pr(>|z|)   
(Intercept)         -4.9209     1.7190   -2.86   0.0042 **
Gen02.TimeDvByRace   0.0517     0.0340    1.52   0.1285   
---
Signif. codes:  0 '***' 0.001 '**' 0.01 '*' 0.05 '.' 0.1 ' ' 1

(Dispersion parameter for binomial family taken to be 1)

    Null deviance: 1432.6  on 2369  degrees of freedom
Residual deviance: 1430.3  on 2368  degrees of freedom
AIC: 1434

Number of Fisher Scoring iterations: 5

[1] "pdfFilename=pdf_glm_Type31.plot_jackpot_results_glm.pdf"
[1] "pdfFilename=pdf_glm_Type31.plot_jackpot_results_glm_step.pdf"
[1] "save.image"
[1] "rdataFilename=RData_glm_Type31.RData"
[1] "log sink finish"
[1] "nrow(data) final=2370"
[1] "q..."
[1] "2022-01-22 19:11:24 --- analyze_glm.R Finished ---"
[1] "2022-01-22 19:11:24 --- script.R Finished ---"
