[1] "2022-02-04 05:06:05 --- D1113_Predict_glm_Horse_IsHitA_Type14 Start ---"
[1] "2022-02-04 05:06:05 --- Log Start ---"
[1] "2022-02-04 05:06:05 --- predict.R Start ---"
[1] "analyzeVersion=D1113"
[1] "analyzeCategory=Predict"
[1] "analyzeType=Horse"
[1] "analyzeFamily=IsHitA"
[1] "analyzeFunc=glm"
[1] "analyzeTrackTypeCd=1"
[1] "analyzeJyokenCd=4"
[1] "2022-02-04 05:06:06 --- source_function.R Start ---"
[1] "2022-02-04 05:06:06 --- source_function.R Finished ---"

> print(paste0(Sys.time(), " --- source_library.R Start ---"))
[1] "2022-02-04 05:06:06 --- source_library.R Start ---"

> require("RevoScaleR")

> print(paste0(Sys.time(), " --- source_library.R Finished ---"))
[1] "2022-02-04 05:06:06 --- source_library.R Finished ---"
[1] "2022-02-04 05:06:06 --- Load Start ---"
[1] "loadFilename=RData_Analyze_glm_Horse_Type14.RData"
[1] "2022-02-04 05:06:06 --- Load Finished ---"
[1] "2022-02-04 05:06:06 --- RxSqlServerData Start ---"
[1] "sqlQuery=SELECT * FROM ViewAnalyzeD1113analyze01HorseType14"
Rows Read: 25593, Total Rows Processed: 25593, Total Chunk Time: 81.521 seconds 
[1] "head(InputDataSet)="
           Race.RaceId Race.IsPredictedRace Race.IsAnalyzeNormalPastAndFuture
1 20210822-01-02-04-08                FALSE                              TRUE
2 20210307-10-02-08-08                FALSE                              TRUE
3 20210710-10-03-03-09                FALSE                              TRUE
4 20160123-07-01-03-12                FALSE                              TRUE
5 20190413-03-01-03-08                FALSE                              TRUE
6 20170813-10-02-06-08                FALSE                              TRUE
  Race.IsAnalyzeNormalPast Race.IsAnalyzeNormalFuture
1                    FALSE                       TRUE
2                    FALSE                       TRUE
3                    FALSE                       TRUE
4                     TRUE                      FALSE
5                     TRUE                      FALSE
6                     TRUE                      FALSE
  Race.IsAnalyzeFullPastAndFuture Race.IsAnalyzeFullPast
1                            TRUE                  FALSE
2                            TRUE                  FALSE
3                            TRUE                  FALSE
4                            TRUE                   TRUE
5                            TRUE                   TRUE
6                            TRUE                   TRUE
  Race.IsAnalyzeFullFuture Race.JyokenCd Race.JyoType1Cd   Race.RaceType0Cd
1                     TRUE             4     1-01-2000-1 1-01-2000-1-4-X-13
2                     TRUE             4     1-10-1800-2 1-10-1800-2-4-X-14
3                     TRUE             4     1-10-1800-1 1-10-1800-1-4-E-13
4                    FALSE             4     1-07-2000-2 1-07-2000-2-4-E-14
5                    FALSE             4     1-03-1800-1 1-03-1800-1-4-X-14
6                    FALSE             4     1-10-2000-1 1-10-2000-1-4-X-13
  Race.RaceType1Cd Race.RaceType2Cd Race.RaceType3Cd Race.RaceType4Cd
1            1-4-X            1-4-X           4-X-13           1-4-13
2            1-4-X            1-4-X           4-X-14           1-4-14
3            1-4-E            1-4-E           4-E-13           1-4-13
4            1-4-E            1-4-E           4-E-14           1-4-14
5            1-4-X            1-4-X           4-X-14           1-4-14
6            1-4-X            1-4-X           4-X-13           1-4-13
      RaceHorse.RaceId RaceHorse.KettoNum RaceHorse.IsHit1 RaceHorse.IsHit2
1 20210822-01-02-04-08         2018105084                1                0
2 20210307-10-02-08-08         2017101951                0                0
3 20210710-10-03-03-09         2017100029                0                0
4 20160123-07-01-03-12         2011104221                0                0
5 20190413-03-01-03-08         2015103128                0                0
6 20170813-10-02-06-08         2012103341                0                0
  RaceHorse.IsHit3 RaceHorse.IsHit4 RaceHorse.IsHit5 RaceHorse.IsHit6
1                0                0                0                0
2                0                1                0                0
3                0                0                0                1
4                0                0                0                1
5                0                0                0                1
6                0                0                1                0
  RaceHorse.IsValidRaceHorse RaceHorse.IsHitA RaceHorse.IsHitB RaceHorse.IsHitC
1                       TRUE                1                1                1
2                       TRUE                0                0                0
3                       TRUE                0                0                0
4                       TRUE                0                0                0
5                       TRUE                0                0                0
6                       TRUE                0                0                0
  Horse.PrevKettoNum Horse.TimeDvByRaceAvg Horse.TimeDvByRaceMax Horse.RunCount
1         2018105084              60.82720              60.82720              1
2         2017101951              52.70873              56.60656              5
3         2017100029              51.35865              51.35865              1
4         2011104221              35.88664              35.88664              1
5         2015103128              52.68916              55.67309              5
6         2012103341              45.54711              51.85952              2
  Horse.HitCount1 Horse.HitCount2 Horse.HitCount3 Horse.HitCount4
1               0               1               0               0
2               0               0               0               1
3               0               0               0               0
4               0               0               0               0
5               0               0               0               0
6               0               0               0               0
  Horse.HitCount5 Horse.HitRate1 Horse.HitRate2 Horse.HitRate3 Horse.HitRate4
1               0              0              1              0            0.0
2               0              0              0              0            0.2
3               0              0              0              0            0.0
4               0              0              0              0            0.0
5               1              0              0              0            0.0
6               0              0              0              0            0.0
  Horse.HitRate5 EOF
1            0.0   1
2            0.0   1
3            0.0   1
4            0.0   1
5            0.2   1
6            0.0   1
[1] "object.size(InputDataSet) auto=6 Mb"
[1] "nrow(InputDataSet) RxSqlServerData=25593"
[1] "str(InputDataSet)="
'data.frame':	25593 obs. of  42 variables:
 $ Race.RaceId                      : Factor w/ 2627 levels "20171202-07-04-01-12",..: 11 12 13 14 15 16 17 18 19 20 ...
 $ Race.IsPredictedRace             : logi  FALSE FALSE FALSE FALSE FALSE FALSE ...
 $ Race.IsAnalyzeNormalPastAndFuture: logi  TRUE TRUE TRUE TRUE TRUE TRUE ...
 $ Race.IsAnalyzeNormalPast         : logi  FALSE FALSE FALSE TRUE TRUE TRUE ...
 $ Race.IsAnalyzeNormalFuture       : logi  TRUE TRUE TRUE FALSE FALSE FALSE ...
 $ Race.IsAnalyzeFullPastAndFuture  : logi  TRUE TRUE TRUE TRUE TRUE TRUE ...
 $ Race.IsAnalyzeFullPast           : logi  FALSE FALSE FALSE TRUE TRUE TRUE ...
 $ Race.IsAnalyzeFullFuture         : logi  TRUE TRUE TRUE FALSE FALSE FALSE ...
 $ Race.JyokenCd                    : Factor w/ 1 level "4": 1 1 1 1 1 1 1 1 1 1 ...
 $ Race.JyoType1Cd                  : Factor w/ 180 levels "1-07-1600-1",..: 9 10 11 12 13 14 15 9 2 16 ...
 $ Race.RaceType0Cd                 : Factor w/ 532 levels "1-07-1600-1-4-E-13",..: 10 11 12 13 14 15 16 10 17 18 ...
 $ Race.RaceType1Cd                 : Factor w/ 2 levels "1-4-E","1-4-X": 2 2 1 1 2 2 1 2 1 2 ...
 $ Race.RaceType2Cd                 : Factor w/ 2 levels "1-4-E","1-4-X": 2 2 1 1 2 2 1 2 1 2 ...
 $ Race.RaceType3Cd                 : Factor w/ 8 levels "4-E-13","4-X-13",..: 2 4 1 3 4 2 3 2 1 2 ...
 $ Race.RaceType4Cd                 : Factor w/ 4 levels "1-4-13","1-4-14",..: 1 2 1 2 2 1 2 1 1 1 ...
 $ RaceHorse.RaceId                 : Factor w/ 2627 levels "20171202-07-04-01-12",..: 11 12 13 14 15 16 17 18 19 20 ...
 $ RaceHorse.KettoNum               : Factor w/ 5269 levels "2013105352","2013102687",..: 11 12 13 14 15 16 17 18 19 20 ...
 $ RaceHorse.IsHit1                 : int  1 0 0 0 0 0 0 0 0 0 ...
 $ RaceHorse.IsHit2                 : int  0 0 0 0 0 0 0 1 0 0 ...
 $ RaceHorse.IsHit3                 : int  0 0 0 0 0 0 0 0 0 1 ...
 $ RaceHorse.IsHit4                 : int  0 1 0 0 0 0 0 0 0 0 ...
 $ RaceHorse.IsHit5                 : int  0 0 0 0 0 1 0 0 1 0 ...
 $ RaceHorse.IsHit6                 : int  0 0 1 1 1 0 1 0 0 0 ...
 $ RaceHorse.IsValidRaceHorse       : logi  TRUE TRUE TRUE TRUE TRUE TRUE ...
 $ RaceHorse.IsHitA                 : int  1 0 0 0 0 0 0 0 0 0 ...
 $ RaceHorse.IsHitB                 : int  1 0 0 0 0 0 0 1 0 0 ...
 $ RaceHorse.IsHitC                 : int  1 0 0 0 0 0 0 1 0 1 ...
 $ Horse.PrevKettoNum               : Factor w/ 5269 levels "2013105352","2013102687",..: 11 12 13 14 15 16 17 18 19 20 ...
 $ Horse.TimeDvByRaceAvg            : num  60.8 52.7 51.4 35.9 52.7 ...
 $ Horse.TimeDvByRaceMax            : num  60.8 56.6 51.4 35.9 55.7 ...
 $ Horse.RunCount                   : int  1 5 1 1 5 2 4 5 2 2 ...
 $ Horse.HitCount1                  : int  0 0 0 0 0 0 1 0 0 0 ...
 $ Horse.HitCount2                  : int  1 0 0 0 0 0 1 1 0 0 ...
 $ Horse.HitCount3                  : int  0 0 0 0 0 0 0 1 2 1 ...
 $ Horse.HitCount4                  : int  0 1 0 0 0 0 1 0 0 1 ...
 $ Horse.HitCount5                  : int  0 0 0 0 1 0 0 0 0 0 ...
 $ Horse.HitRate1                   : num  0 0 0 0 0 0 0.25 0 0 0 ...
 $ Horse.HitRate2                   : num  1 0 0 0 0 0 0.25 0.2 0 0 ...
 $ Horse.HitRate3                   : num  0 0 0 0 0 0 0 0.2 1 0.5 ...
 $ Horse.HitRate4                   : num  0 0.2 0 0 0 0 0.25 0 0 0.5 ...
 $ Horse.HitRate5                   : num  0 0 0 0 0.2 0 0 0 0 0 ...
 $ EOF                              : int  1 1 1 1 1 1 1 1 1 1 ...
[1] "2022-02-04 05:08:40 --- RxSqlServerData Finish ---"
[1] "2022-02-04 05:08:40 --- subset Start ---"
[1] "nrow(InputDataSet) subset before=25593"
[1] "nrow(InputDataSet) subset after=25593"
[1] "nrow(InputDataSet) subset diff=0"
[1] "class(InputDataSet$Race.IsAnalyzeNormalPast)=logical"
[1] "class(InputDataSet$Race.analyzeTrackTypeCd)=NULL"
[1] "2022-02-04 05:08:40 --- subset Finish ---"
[1] "2022-02-04 05:08:40 --- transform Start ---"
[1] "2022-02-04 05:08:40 --- Transform Finished ---"
[1] "nrow(InputDataSet) transaform before=25593"
[1] "nrow(InputDataSet) transaform after=25593"
[1] "nrow(InputDataSet) transaform diff=0"
[1] "str(InputDataSet)="
'data.frame':	25593 obs. of  42 variables:
 $ Race.RaceId                      : Factor w/ 2627 levels "20171202-07-04-01-12",..: 11 12 13 14 15 16 17 18 19 20 ...
 $ Race.IsPredictedRace             : logi  FALSE FALSE FALSE FALSE FALSE FALSE ...
 $ Race.IsAnalyzeNormalPastAndFuture: logi  TRUE TRUE TRUE TRUE TRUE TRUE ...
 $ Race.IsAnalyzeNormalPast         : logi  FALSE FALSE FALSE TRUE TRUE TRUE ...
 $ Race.IsAnalyzeNormalFuture       : logi  TRUE TRUE TRUE FALSE FALSE FALSE ...
 $ Race.IsAnalyzeFullPastAndFuture  : logi  TRUE TRUE TRUE TRUE TRUE TRUE ...
 $ Race.IsAnalyzeFullPast           : logi  FALSE FALSE FALSE TRUE TRUE TRUE ...
 $ Race.IsAnalyzeFullFuture         : logi  TRUE TRUE TRUE FALSE FALSE FALSE ...
 $ Race.JyokenCd                    : Factor w/ 1 level "4": 1 1 1 1 1 1 1 1 1 1 ...
 $ Race.JyoType1Cd                  : Factor w/ 180 levels "1-07-1600-1",..: 9 10 11 12 13 14 15 9 2 16 ...
 $ Race.RaceType0Cd                 : Factor w/ 532 levels "1-07-1600-1-4-E-13",..: 10 11 12 13 14 15 16 10 17 18 ...
 $ Race.RaceType1Cd                 : Factor w/ 2 levels "1-4-E","1-4-X": 2 2 1 1 2 2 1 2 1 2 ...
 $ Race.RaceType2Cd                 : Factor w/ 2 levels "1-4-E","1-4-X": 2 2 1 1 2 2 1 2 1 2 ...
 $ Race.RaceType3Cd                 : Factor w/ 8 levels "4-E-13","4-X-13",..: 2 4 1 3 4 2 3 2 1 2 ...
 $ Race.RaceType4Cd                 : Factor w/ 4 levels "1-4-13","1-4-14",..: 1 2 1 2 2 1 2 1 1 1 ...
 $ RaceHorse.RaceId                 : Factor w/ 2627 levels "20171202-07-04-01-12",..: 11 12 13 14 15 16 17 18 19 20 ...
 $ RaceHorse.KettoNum               : Factor w/ 5269 levels "2013105352","2013102687",..: 11 12 13 14 15 16 17 18 19 20 ...
 $ RaceHorse.IsHit1                 : int  1 0 0 0 0 0 0 0 0 0 ...
 $ RaceHorse.IsHit2                 : int  0 0 0 0 0 0 0 1 0 0 ...
 $ RaceHorse.IsHit3                 : int  0 0 0 0 0 0 0 0 0 1 ...
 $ RaceHorse.IsHit4                 : int  0 1 0 0 0 0 0 0 0 0 ...
 $ RaceHorse.IsHit5                 : int  0 0 0 0 0 1 0 0 1 0 ...
 $ RaceHorse.IsHit6                 : int  0 0 1 1 1 0 1 0 0 0 ...
 $ RaceHorse.IsValidRaceHorse       : logi  TRUE TRUE TRUE TRUE TRUE TRUE ...
 $ RaceHorse.IsHitA                 : int  1 0 0 0 0 0 0 0 0 0 ...
 $ RaceHorse.IsHitB                 : int  1 0 0 0 0 0 0 1 0 0 ...
 $ RaceHorse.IsHitC                 : int  1 0 0 0 0 0 0 1 0 1 ...
 $ Horse.PrevKettoNum               : Factor w/ 5269 levels "2013105352","2013102687",..: 11 12 13 14 15 16 17 18 19 20 ...
 $ Horse.TimeDvByRaceAvg            : num  60.8 52.7 51.4 35.9 52.7 ...
 $ Horse.TimeDvByRaceMax            : num  60.8 56.6 51.4 35.9 55.7 ...
 $ Horse.RunCount                   : int  1 5 1 1 5 2 4 5 2 2 ...
 $ Horse.HitCount1                  : int  0 0 0 0 0 0 1 0 0 0 ...
 $ Horse.HitCount2                  : int  1 0 0 0 0 0 1 1 0 0 ...
 $ Horse.HitCount3                  : int  0 0 0 0 0 0 0 1 2 1 ...
 $ Horse.HitCount4                  : int  0 1 0 0 0 0 1 0 0 1 ...
 $ Horse.HitCount5                  : int  0 0 0 0 1 0 0 0 0 0 ...
 $ Horse.HitRate1                   : num  0 0 0 0 0 0 0.25 0 0 0 ...
 $ Horse.HitRate2                   : num  1 0 0 0 0 0 0.25 0.2 0 0 ...
 $ Horse.HitRate3                   : num  0 0 0 0 0 0 0 0.2 1 0.5 ...
 $ Horse.HitRate4                   : num  0 0.2 0 0 0 0 0.25 0 0 0.5 ...
 $ Horse.HitRate5                   : num  0 0 0 0 0.2 0 0 0 0 0 ...
 $ EOF                              : int  1 1 1 1 1 1 1 1 1 1 ...
NULL
[1] "2022-02-04 05:08:40 --- transform Finish ---"
[1] "2022-02-04 05:08:40 --- na.omit Start ---"
[1] "nrow(InputDataSet) na.omit before=25593"
[1] "nrow(InputDataSet) na.omit after=25165"
[1] "nrow(InputDataSet) na.omit diff=428"
[1] "2022-02-04 05:08:40 --- na.omit Finish---"
[1] "2022-02-04 05:08:40 --- New Levels Start ---"
[1] "levels(data$Race.RaceType1Cd)=1-4-X" "levels(data$Race.RaceType1Cd)=1-4-E"
[1] "levels(InputDataSet$Race.RaceType1Cd)=1-4-E"
[2] "levels(InputDataSet$Race.RaceType1Cd)=1-4-X"
[1] "length(Race.RaceType1Cd.Index)=0"
[1] "2022-02-04 05:08:40 --- New Levels Finish ---"
[1] "2022-02-04 05:08:40 --- na.omit Start ---"
[1] "nrow(InputDataSet) na.omit levels before=25165"
[1] "nrow(InputDataSet) na.omit levels after=25165"
[1] "nrow(InputDataSet) na.omit levels diff=0"
[1] "2022-02-04 05:08:40 --- na.omit Finish ---"
[1] "2022-02-04 05:08:40 --- Predict InputDataSet Start ---"
[1] "nrow(InputDataSet) predict=25165"
[1] "str(InputDataSet)="
'data.frame':	25165 obs. of  42 variables:
 $ Race.RaceId                      : Factor w/ 2627 levels "20171202-07-04-01-12",..: 11 12 13 14 15 16 17 18 19 20 ...
 $ Race.IsPredictedRace             : logi  FALSE FALSE FALSE FALSE FALSE FALSE ...
 $ Race.IsAnalyzeNormalPastAndFuture: logi  TRUE TRUE TRUE TRUE TRUE TRUE ...
 $ Race.IsAnalyzeNormalPast         : logi  FALSE FALSE FALSE TRUE TRUE TRUE ...
 $ Race.IsAnalyzeNormalFuture       : logi  TRUE TRUE TRUE FALSE FALSE FALSE ...
 $ Race.IsAnalyzeFullPastAndFuture  : logi  TRUE TRUE TRUE TRUE TRUE TRUE ...
 $ Race.IsAnalyzeFullPast           : logi  FALSE FALSE FALSE TRUE TRUE TRUE ...
 $ Race.IsAnalyzeFullFuture         : logi  TRUE TRUE TRUE FALSE FALSE FALSE ...
 $ Race.JyokenCd                    : Factor w/ 1 level "4": 1 1 1 1 1 1 1 1 1 1 ...
 $ Race.JyoType1Cd                  : Factor w/ 180 levels "1-07-1600-1",..: 9 10 11 12 13 14 15 9 2 16 ...
 $ Race.RaceType0Cd                 : Factor w/ 532 levels "1-07-1600-1-4-E-13",..: 10 11 12 13 14 15 16 10 17 18 ...
 $ Race.RaceType1Cd                 : Factor w/ 2 levels "1-4-E","1-4-X": 2 2 1 1 2 2 1 2 1 2 ...
 $ Race.RaceType2Cd                 : Factor w/ 2 levels "1-4-E","1-4-X": 2 2 1 1 2 2 1 2 1 2 ...
 $ Race.RaceType3Cd                 : Factor w/ 8 levels "4-E-13","4-X-13",..: 2 4 1 3 4 2 3 2 1 2 ...
 $ Race.RaceType4Cd                 : Factor w/ 4 levels "1-4-13","1-4-14",..: 1 2 1 2 2 1 2 1 1 1 ...
 $ RaceHorse.RaceId                 : Factor w/ 2627 levels "20171202-07-04-01-12",..: 11 12 13 14 15 16 17 18 19 20 ...
 $ RaceHorse.KettoNum               : Factor w/ 5269 levels "2013105352","2013102687",..: 11 12 13 14 15 16 17 18 19 20 ...
 $ RaceHorse.IsHit1                 : int  1 0 0 0 0 0 0 0 0 0 ...
 $ RaceHorse.IsHit2                 : int  0 0 0 0 0 0 0 1 0 0 ...
 $ RaceHorse.IsHit3                 : int  0 0 0 0 0 0 0 0 0 1 ...
 $ RaceHorse.IsHit4                 : int  0 1 0 0 0 0 0 0 0 0 ...
 $ RaceHorse.IsHit5                 : int  0 0 0 0 0 1 0 0 1 0 ...
 $ RaceHorse.IsHit6                 : int  0 0 1 1 1 0 1 0 0 0 ...
 $ RaceHorse.IsValidRaceHorse       : logi  TRUE TRUE TRUE TRUE TRUE TRUE ...
 $ RaceHorse.IsHitA                 : int  1 0 0 0 0 0 0 0 0 0 ...
 $ RaceHorse.IsHitB                 : int  1 0 0 0 0 0 0 1 0 0 ...
 $ RaceHorse.IsHitC                 : int  1 0 0 0 0 0 0 1 0 1 ...
 $ Horse.PrevKettoNum               : Factor w/ 5269 levels "2013105352","2013102687",..: 11 12 13 14 15 16 17 18 19 20 ...
 $ Horse.TimeDvByRaceAvg            : num  60.8 52.7 51.4 35.9 52.7 ...
 $ Horse.TimeDvByRaceMax            : num  60.8 56.6 51.4 35.9 55.7 ...
 $ Horse.RunCount                   : int  1 5 1 1 5 2 4 5 2 2 ...
 $ Horse.HitCount1                  : int  0 0 0 0 0 0 1 0 0 0 ...
 $ Horse.HitCount2                  : int  1 0 0 0 0 0 1 1 0 0 ...
 $ Horse.HitCount3                  : int  0 0 0 0 0 0 0 1 2 1 ...
 $ Horse.HitCount4                  : int  0 1 0 0 0 0 1 0 0 1 ...
 $ Horse.HitCount5                  : int  0 0 0 0 1 0 0 0 0 0 ...
 $ Horse.HitRate1                   : num  0 0 0 0 0 0 0.25 0 0 0 ...
 $ Horse.HitRate2                   : num  1 0 0 0 0 0 0.25 0.2 0 0 ...
 $ Horse.HitRate3                   : num  0 0 0 0 0 0 0 0.2 1 0.5 ...
 $ Horse.HitRate4                   : num  0 0.2 0 0 0 0 0.25 0 0 0.5 ...
 $ Horse.HitRate5                   : num  0 0 0 0 0.2 0 0 0 0 0 ...
 $ EOF                              : int  1 1 1 1 1 1 1 1 1 1 ...
 - attr(*, "na.action")= 'omit' Named int  33 37 110 117 195 202 218 284 287 337 ...
  ..- attr(*, "names")= chr  "33" "37" "110" "117" ...
[1] "2022-02-04 05:09:14 --- Predict InputDataSet Finish ---"
[1] "2022-02-04 05:09:14 --- rxPredict (glm) Start ---"
[1] "analyzeFunc=glm"
Rows Read: 25165, Total Rows Processed: 25165, Total Chunk Time: Less than .001 seconds 
[1] "nrow(PredictDataSet) afte predict=25165"
[1] "str(PredictDataSet)"
'data.frame':	25165 obs. of  1 variable:
 $ RaceHorse.IsHitA_Pred: num  0.19861 0.0701 0.05825 0.00636 0.06992 ...
NULL
[1] "head(PredictDataSet) afte predict="
  RaceHorse.IsHitA_Pred
1           0.198610536
2           0.070102821
3           0.058248492
4           0.006361484
5           0.069916027
6           0.025706850
[1] "2022-02-04 05:09:14 --- rxPredict (glm) Finish ---"
[1] "2022-02-04 05:09:14 --- add key Start ---"
[1] "nrow(OutputDataSet) add KeyColmn=25165"
[1] "str(OutputDataSet) after add Key"
'data.frame':	25165 obs. of  2 variables:
 $ RaceHorse.RaceId  : Factor w/ 2627 levels "20171202-07-04-01-12",..: 11 12 13 14 15 16 17 18 19 20 ...
 $ RaceHorse.KettoNum: Factor w/ 5269 levels "2013105352","2013102687",..: 11 12 13 14 15 16 17 18 19 20 ...
NULL
[1] "2022-02-04 05:09:14 --- add key Finish ---"
[1] "2022-02-04 05:09:14 --- add PredictValue Start ---"
[1] "str(PredictDataSet) before rename="
[1] "colnames(PredictDataSet)=RaceHorse.IsHitA_Pred"
[1] "str(PredictDataSet) after rename="
'data.frame':	25165 obs. of  1 variable:
 $ PredictValue: num  0.19861 0.0701 0.05825 0.00636 0.06992 ...
NULL
[1] "str(OutputDataSet) before cbind="
'data.frame':	25165 obs. of  2 variables:
 $ RaceHorse.RaceId  : Factor w/ 2627 levels "20171202-07-04-01-12",..: 11 12 13 14 15 16 17 18 19 20 ...
 $ RaceHorse.KettoNum: Factor w/ 5269 levels "2013105352","2013102687",..: 11 12 13 14 15 16 17 18 19 20 ...
NULL
[1] "str(OutputDataSet) after cbind="
'data.frame':	25165 obs. of  3 variables:
 $ RaceHorse.RaceId  : Factor w/ 2627 levels "20171202-07-04-01-12",..: 11 12 13 14 15 16 17 18 19 20 ...
 $ RaceHorse.KettoNum: Factor w/ 5269 levels "2013105352","2013102687",..: 11 12 13 14 15 16 17 18 19 20 ...
 $ PredictValue      : num  0.19861 0.0701 0.05825 0.00636 0.06992 ...
NULL
[1] "2022-02-04 05:09:14 --- add PredictValue Finish ---"
[1] "2022-02-04 05:09:14 --- final Start ---"
[1] "nrow(OutputDataSet) final=25165"
[1] "head(OutputDataSet)="
      RaceHorse.RaceId RaceHorse.KettoNum PredictValue
1 20210822-01-02-04-08         2018105084  0.198610536
2 20210307-10-02-08-08         2017101951  0.070102821
3 20210710-10-03-03-09         2017100029  0.058248492
4 20160123-07-01-03-12         2011104221  0.006361484
5 20190413-03-01-03-08         2015103128  0.069916027
6 20170813-10-02-06-08         2012103341  0.025706850
[1] "str(OutputDataSet)="
'data.frame':	25165 obs. of  3 variables:
 $ RaceHorse.RaceId  : Factor w/ 2627 levels "20171202-07-04-01-12",..: 11 12 13 14 15 16 17 18 19 20 ...
 $ RaceHorse.KettoNum: Factor w/ 5269 levels "2013105352","2013102687",..: 11 12 13 14 15 16 17 18 19 20 ...
 $ PredictValue      : num  0.19861 0.0701 0.05825 0.00636 0.06992 ...
NULL
[1] "2022-02-04 05:09:14 --- final Finish ---"
[1] "2022-02-04 05:09:14 --- predict.R Finished ---"
[1] "2022-02-04 05:09:14 --- log Finish ---"
