[1] "2022-02-04 05:04:25 --- D1113_Predict_glm_Jockey_IsHitA_Type12 Start ---"
[1] "2022-02-04 05:04:25 --- Log Start ---"
[1] "2022-02-04 05:04:26 --- predict.R Start ---"
[1] "analyzeVersion=D1113"
[1] "analyzeCategory=Predict"
[1] "analyzeType=Jockey"
[1] "analyzeFamily=IsHitA"
[1] "analyzeFunc=glm"
[1] "analyzeTrackTypeCd=1"
[1] "analyzeJyokenCd=2"
[1] "2022-02-04 05:04:26 --- source_function.R Start ---"
[1] "2022-02-04 05:04:26 --- source_function.R Finished ---"

> print(paste0(Sys.time(), " --- source_library.R Start ---"))
[1] "2022-02-04 05:04:26 --- source_library.R Start ---"

> require("RevoScaleR")

> print(paste0(Sys.time(), " --- source_library.R Finished ---"))
[1] "2022-02-04 05:04:26 --- source_library.R Finished ---"
[1] "2022-02-04 05:04:26 --- Load Start ---"
[1] "loadFilename=RData_Analyze_glm_Jockey_Type12.RData"
[1] "2022-02-04 05:04:27 --- Load Finished ---"
[1] "2022-02-04 05:04:27 --- RxSqlServerData Start ---"
[1] "sqlQuery=SELECT * FROM ViewAnalyzeD1113analyze01JockeyType12"
Rows Read: 8547, Total Rows Processed: 8547, Total Chunk Time: 2.398 seconds 
[1] "head(InputDataSet)="
           Race.RaceId Race.IsPredictedRace Race.IsAnalyzeNormalPastAndFuture
1 20171126-08-05-08-10                FALSE                              TRUE
2 20180401-09-02-04-10                FALSE                              TRUE
3 20210410-09-02-05-10                FALSE                              TRUE
4 20181228-09-05-09-12                FALSE                              TRUE
5 20171022-05-04-07-10                FALSE                              TRUE
6 20210904-10-04-07-11                FALSE                              TRUE
  Race.IsAnalyzeNormalPast Race.IsAnalyzeNormalFuture
1                     TRUE                      FALSE
2                     TRUE                      FALSE
3                    FALSE                       TRUE
4                     TRUE                      FALSE
5                     TRUE                      FALSE
6                    FALSE                       TRUE
  Race.IsAnalyzeFullPastAndFuture Race.IsAnalyzeFullPast
1                            TRUE                   TRUE
2                            TRUE                   TRUE
3                            TRUE                  FALSE
4                            TRUE                   TRUE
5                            TRUE                   TRUE
6                            TRUE                  FALSE
  Race.IsAnalyzeFullFuture Race.JyokenCd Race.JyoType1Cd   Race.RaceType0Cd
1                    FALSE             2     1-08-1400-1 1-08-1400-1-2-E-13
2                    FALSE             2     1-09-2400-1 1-09-2400-1-2-E-14
3                     TRUE             2     1-09-1800-1 1-09-1800-1-2-E-14
4                    FALSE             2     1-09-1400-1 1-09-1400-1-2-E-13
5                    FALSE             2     1-05-1800-4 1-05-1800-4-2-E-13
6                     TRUE             2     1-10-1200-2 1-10-1200-2-2-E-13
  Race.RaceType1Cd Race.RaceType2Cd Race.RaceType3Cd Race.RaceType4Cd
1            1-2-E            1-2-E           2-E-13           1-2-13
2            1-2-E            1-2-E           2-E-14           1-2-14
3            1-2-E            1-2-E           2-E-14           1-2-14
4            1-2-E            1-2-E           2-E-13           1-2-13
5            1-2-E            1-2-E           2-E-13           1-2-13
6            1-2-E            1-2-E           2-E-13           1-2-13
      RaceHorse.RaceId RaceHorse.KettoNum RaceHorse.IsHit1 RaceHorse.IsHit2
1 20171126-08-05-08-10         2012100889                0                0
2 20180401-09-02-04-10         2014106464                0                1
3 20210410-09-02-05-10         2016105272                0                0
4 20181228-09-05-09-12         2014104351                0                1
5 20171022-05-04-07-10         2012104268                0                0
6 20210904-10-04-07-11         2017101363                0                0
  RaceHorse.IsHit3 RaceHorse.IsHit4 RaceHorse.IsHit5 RaceHorse.IsHit6
1                0                0                0                1
2                0                0                0                0
3                0                0                0                1
4                0                0                0                0
5                0                0                0                1
6                0                0                0                1
  RaceHorse.IsValidRaceHorse RaceHorse.IsHitA RaceHorse.IsHitB RaceHorse.IsHitC
1                       TRUE                0                0                0
2                       TRUE                0                1                1
3                       TRUE                0                0                0
4                       TRUE                0                1                1
5                       TRUE                0                0                0
6                       TRUE                0                0                0
  Jockey.KisyuCode Jockey.TimeDvByRaceAvg Jockey.TimeDvByRaceMax
1            01095               52.43147               65.98817
2            01093               52.09663               66.29105
3            05203               49.83892               70.55362
4            01124               47.59388               59.64901
5            05243               50.70255               68.51516
6            01165               49.07938               52.45440
  Jockey.RunCount Jockey.HitCount1 Jockey.HitCount2 Jockey.HitCount3
1              48                4                5                6
2              60                6                7                6
3              67                5                6                5
4              39                0                0                3
5              64                6                6                7
6               3                0                0                0
  Jockey.HitCount4 Jockey.HitCount5 Jockey.HitRate1 Jockey.HitRate2
1                4                4      0.08333333      0.10416667
2                6                6      0.10000000      0.11666667
3                7                5      0.07462687      0.08955224
4                2                8      0.00000000      0.00000000
5                1                3      0.09375000      0.09375000
6                0                1      0.00000000      0.00000000
  Jockey.HitRate3 Jockey.HitRate4 Jockey.HitRate5 EOF
1      0.12500000      0.08333333      0.08333333   1
2      0.10000000      0.10000000      0.10000000   1
3      0.07462687      0.10447761      0.07462687   1
4      0.07692308      0.05128205      0.20512821   1
5      0.10937500      0.01562500      0.04687500   1
6      0.00000000      0.00000000      0.33333333   1
[1] "object.size(InputDataSet) auto=1.9 Mb"
[1] "nrow(InputDataSet) RxSqlServerData=8547"
[1] "str(InputDataSet)="
'data.frame':	8547 obs. of  42 variables:
 $ Race.RaceId                      : Factor w/ 662 levels "20170129-05-01-02-10",..: 11 12 13 14 15 16 17 18 19 20 ...
 $ Race.IsPredictedRace             : logi  FALSE FALSE FALSE FALSE FALSE FALSE ...
 $ Race.IsAnalyzeNormalPastAndFuture: logi  TRUE TRUE TRUE TRUE TRUE TRUE ...
 $ Race.IsAnalyzeNormalPast         : logi  TRUE TRUE FALSE TRUE TRUE FALSE ...
 $ Race.IsAnalyzeNormalFuture       : logi  FALSE FALSE TRUE FALSE FALSE TRUE ...
 $ Race.IsAnalyzeFullPastAndFuture  : logi  TRUE TRUE TRUE TRUE TRUE TRUE ...
 $ Race.IsAnalyzeFullPast           : logi  TRUE TRUE FALSE TRUE TRUE FALSE ...
 $ Race.IsAnalyzeFullFuture         : logi  FALSE FALSE TRUE FALSE FALSE TRUE ...
 $ Race.JyokenCd                    : Factor w/ 1 level "2": 1 1 1 1 1 1 1 1 1 1 ...
 $ Race.JyoType1Cd                  : Factor w/ 122 levels "1-05-1600-1",..: 7 11 12 3 13 14 15 16 17 1 ...
 $ Race.RaceType0Cd                 : Factor w/ 178 levels "1-05-1600-1-2-E-14",..: 11 12 13 14 15 16 17 18 19 1 ...
 $ Race.RaceType1Cd                 : Factor w/ 1 level "1-2-E": 1 1 1 1 1 1 1 1 1 1 ...
 $ Race.RaceType2Cd                 : Factor w/ 1 level "1-2-E": 1 1 1 1 1 1 1 1 1 1 ...
 $ Race.RaceType3Cd                 : Factor w/ 2 levels "2-E-14","2-E-13": 2 1 1 2 2 2 1 1 2 1 ...
 $ Race.RaceType4Cd                 : Factor w/ 2 levels "1-2-14","1-2-13": 2 1 1 2 2 2 1 1 2 1 ...
 $ RaceHorse.RaceId                 : Factor w/ 662 levels "20170129-05-01-02-10",..: 11 12 13 14 15 16 17 18 19 20 ...
 $ RaceHorse.KettoNum               : Factor w/ 1747 levels "2011102076","2014103404",..: 11 12 13 14 15 16 17 18 19 20 ...
 $ RaceHorse.IsHit1                 : int  0 0 0 0 0 0 0 0 0 0 ...
 $ RaceHorse.IsHit2                 : int  0 1 0 1 0 0 0 0 0 1 ...
 $ RaceHorse.IsHit3                 : int  0 0 0 0 0 0 0 0 0 0 ...
 $ RaceHorse.IsHit4                 : int  0 0 0 0 0 0 0 0 0 0 ...
 $ RaceHorse.IsHit5                 : int  0 0 0 0 0 0 0 0 0 0 ...
 $ RaceHorse.IsHit6                 : int  1 0 1 0 1 1 1 1 1 0 ...
 $ RaceHorse.IsValidRaceHorse       : logi  TRUE TRUE TRUE TRUE TRUE TRUE ...
 $ RaceHorse.IsHitA                 : int  0 0 0 0 0 0 0 0 0 0 ...
 $ RaceHorse.IsHitB                 : int  0 1 0 1 0 0 0 0 0 1 ...
 $ RaceHorse.IsHitC                 : int  0 1 0 1 0 0 0 0 0 1 ...
 $ Jockey.KisyuCode                 : Factor w/ 157 levels "00663","01019",..: 10 11 7 12 13 14 15 8 16 3 ...
 $ Jockey.TimeDvByRaceAvg           : num  52.4 52.1 49.8 47.6 50.7 ...
 $ Jockey.TimeDvByRaceMax           : num  66 66.3 70.6 59.6 68.5 ...
 $ Jockey.RunCount                  : int  48 60 67 39 64 3 97 76 100 77 ...
 $ Jockey.HitCount1                 : int  4 6 5 0 6 0 9 6 7 9 ...
 $ Jockey.HitCount2                 : int  5 7 6 0 6 0 7 6 8 8 ...
 $ Jockey.HitCount3                 : int  6 6 5 3 7 0 5 5 8 8 ...
 $ Jockey.HitCount4                 : int  4 6 7 2 1 0 9 7 9 9 ...
 $ Jockey.HitCount5                 : int  4 6 5 8 3 1 12 4 5 7 ...
 $ Jockey.HitRate1                  : num  0.0833 0.1 0.0746 0 0.0938 ...
 $ Jockey.HitRate2                  : num  0.1042 0.1167 0.0896 0 0.0938 ...
 $ Jockey.HitRate3                  : num  0.125 0.1 0.0746 0.0769 0.1094 ...
 $ Jockey.HitRate4                  : num  0.0833 0.1 0.1045 0.0513 0.0156 ...
 $ Jockey.HitRate5                  : num  0.0833 0.1 0.0746 0.2051 0.0469 ...
 $ EOF                              : int  1 1 1 1 1 1 1 1 1 1 ...
[1] "2022-02-04 05:04:37 --- RxSqlServerData Finish ---"
[1] "2022-02-04 05:04:37 --- subset Start ---"
[1] "nrow(InputDataSet) subset before=8547"
[1] "nrow(InputDataSet) subset after=8547"
[1] "nrow(InputDataSet) subset diff=0"
[1] "class(InputDataSet$Race.IsAnalyzeNormalPast)=logical"
[1] "class(InputDataSet$Race.analyzeTrackTypeCd)=NULL"
[1] "2022-02-04 05:04:37 --- subset Finish ---"
[1] "2022-02-04 05:04:37 --- transform Start ---"
[1] "2022-02-04 05:04:37 --- Transform Finished ---"
[1] "nrow(InputDataSet) transaform before=8547"
[1] "nrow(InputDataSet) transaform after=8547"
[1] "nrow(InputDataSet) transaform diff=0"
[1] "str(InputDataSet)="
'data.frame':	8547 obs. of  42 variables:
 $ Race.RaceId                      : Factor w/ 662 levels "20170129-05-01-02-10",..: 11 12 13 14 15 16 17 18 19 20 ...
 $ Race.IsPredictedRace             : logi  FALSE FALSE FALSE FALSE FALSE FALSE ...
 $ Race.IsAnalyzeNormalPastAndFuture: logi  TRUE TRUE TRUE TRUE TRUE TRUE ...
 $ Race.IsAnalyzeNormalPast         : logi  TRUE TRUE FALSE TRUE TRUE FALSE ...
 $ Race.IsAnalyzeNormalFuture       : logi  FALSE FALSE TRUE FALSE FALSE TRUE ...
 $ Race.IsAnalyzeFullPastAndFuture  : logi  TRUE TRUE TRUE TRUE TRUE TRUE ...
 $ Race.IsAnalyzeFullPast           : logi  TRUE TRUE FALSE TRUE TRUE FALSE ...
 $ Race.IsAnalyzeFullFuture         : logi  FALSE FALSE TRUE FALSE FALSE TRUE ...
 $ Race.JyokenCd                    : Factor w/ 1 level "2": 1 1 1 1 1 1 1 1 1 1 ...
 $ Race.JyoType1Cd                  : Factor w/ 122 levels "1-05-1600-1",..: 7 11 12 3 13 14 15 16 17 1 ...
 $ Race.RaceType0Cd                 : Factor w/ 178 levels "1-05-1600-1-2-E-14",..: 11 12 13 14 15 16 17 18 19 1 ...
 $ Race.RaceType1Cd                 : Factor w/ 1 level "1-2-E": 1 1 1 1 1 1 1 1 1 1 ...
 $ Race.RaceType2Cd                 : Factor w/ 1 level "1-2-E": 1 1 1 1 1 1 1 1 1 1 ...
 $ Race.RaceType3Cd                 : Factor w/ 2 levels "2-E-14","2-E-13": 2 1 1 2 2 2 1 1 2 1 ...
 $ Race.RaceType4Cd                 : Factor w/ 2 levels "1-2-14","1-2-13": 2 1 1 2 2 2 1 1 2 1 ...
 $ RaceHorse.RaceId                 : Factor w/ 662 levels "20170129-05-01-02-10",..: 11 12 13 14 15 16 17 18 19 20 ...
 $ RaceHorse.KettoNum               : Factor w/ 1747 levels "2011102076","2014103404",..: 11 12 13 14 15 16 17 18 19 20 ...
 $ RaceHorse.IsHit1                 : int  0 0 0 0 0 0 0 0 0 0 ...
 $ RaceHorse.IsHit2                 : int  0 1 0 1 0 0 0 0 0 1 ...
 $ RaceHorse.IsHit3                 : int  0 0 0 0 0 0 0 0 0 0 ...
 $ RaceHorse.IsHit4                 : int  0 0 0 0 0 0 0 0 0 0 ...
 $ RaceHorse.IsHit5                 : int  0 0 0 0 0 0 0 0 0 0 ...
 $ RaceHorse.IsHit6                 : int  1 0 1 0 1 1 1 1 1 0 ...
 $ RaceHorse.IsValidRaceHorse       : logi  TRUE TRUE TRUE TRUE TRUE TRUE ...
 $ RaceHorse.IsHitA                 : int  0 0 0 0 0 0 0 0 0 0 ...
 $ RaceHorse.IsHitB                 : int  0 1 0 1 0 0 0 0 0 1 ...
 $ RaceHorse.IsHitC                 : int  0 1 0 1 0 0 0 0 0 1 ...
 $ Jockey.KisyuCode                 : Factor w/ 157 levels "00663","01019",..: 10 11 7 12 13 14 15 8 16 3 ...
 $ Jockey.TimeDvByRaceAvg           : num  52.4 52.1 49.8 47.6 50.7 ...
 $ Jockey.TimeDvByRaceMax           : num  66 66.3 70.6 59.6 68.5 ...
 $ Jockey.RunCount                  : int  48 60 67 39 64 3 97 76 100 77 ...
 $ Jockey.HitCount1                 : int  4 6 5 0 6 0 9 6 7 9 ...
 $ Jockey.HitCount2                 : int  5 7 6 0 6 0 7 6 8 8 ...
 $ Jockey.HitCount3                 : int  6 6 5 3 7 0 5 5 8 8 ...
 $ Jockey.HitCount4                 : int  4 6 7 2 1 0 9 7 9 9 ...
 $ Jockey.HitCount5                 : int  4 6 5 8 3 1 12 4 5 7 ...
 $ Jockey.HitRate1                  : num  0.0833 0.1 0.0746 0 0.0938 ...
 $ Jockey.HitRate2                  : num  0.1042 0.1167 0.0896 0 0.0938 ...
 $ Jockey.HitRate3                  : num  0.125 0.1 0.0746 0.0769 0.1094 ...
 $ Jockey.HitRate4                  : num  0.0833 0.1 0.1045 0.0513 0.0156 ...
 $ Jockey.HitRate5                  : num  0.0833 0.1 0.0746 0.2051 0.0469 ...
 $ EOF                              : int  1 1 1 1 1 1 1 1 1 1 ...
NULL
[1] "2022-02-04 05:04:37 --- transform Finish ---"
[1] "2022-02-04 05:04:37 --- na.omit Start ---"
[1] "nrow(InputDataSet) na.omit before=8547"
[1] "nrow(InputDataSet) na.omit after=8404"
[1] "nrow(InputDataSet) na.omit diff=143"
[1] "2022-02-04 05:04:37 --- na.omit Finish---"
[1] "2022-02-04 05:04:37 --- New Levels Start ---"
[1] "levels(data$Race.RaceType1Cd)=1-2-E"
[1] "levels(InputDataSet$Race.RaceType1Cd)=1-2-E"
[1] "length(Race.RaceType1Cd.Index)=0"
[1] "2022-02-04 05:04:37 --- New Levels Finish ---"
[1] "2022-02-04 05:04:37 --- na.omit Start ---"
[1] "nrow(InputDataSet) na.omit levels before=8404"
[1] "nrow(InputDataSet) na.omit levels after=8404"
[1] "nrow(InputDataSet) na.omit levels diff=0"
[1] "2022-02-04 05:04:37 --- na.omit Finish ---"
[1] "2022-02-04 05:04:37 --- Predict InputDataSet Start ---"
[1] "nrow(InputDataSet) predict=8404"
[1] "str(InputDataSet)="
'data.frame':	8404 obs. of  42 variables:
 $ Race.RaceId                      : Factor w/ 662 levels "20170129-05-01-02-10",..: 11 12 13 14 15 16 17 18 19 20 ...
 $ Race.IsPredictedRace             : logi  FALSE FALSE FALSE FALSE FALSE FALSE ...
 $ Race.IsAnalyzeNormalPastAndFuture: logi  TRUE TRUE TRUE TRUE TRUE TRUE ...
 $ Race.IsAnalyzeNormalPast         : logi  TRUE TRUE FALSE TRUE TRUE FALSE ...
 $ Race.IsAnalyzeNormalFuture       : logi  FALSE FALSE TRUE FALSE FALSE TRUE ...
 $ Race.IsAnalyzeFullPastAndFuture  : logi  TRUE TRUE TRUE TRUE TRUE TRUE ...
 $ Race.IsAnalyzeFullPast           : logi  TRUE TRUE FALSE TRUE TRUE FALSE ...
 $ Race.IsAnalyzeFullFuture         : logi  FALSE FALSE TRUE FALSE FALSE TRUE ...
 $ Race.JyokenCd                    : Factor w/ 1 level "2": 1 1 1 1 1 1 1 1 1 1 ...
 $ Race.JyoType1Cd                  : Factor w/ 122 levels "1-05-1600-1",..: 7 11 12 3 13 14 15 16 17 1 ...
 $ Race.RaceType0Cd                 : Factor w/ 178 levels "1-05-1600-1-2-E-14",..: 11 12 13 14 15 16 17 18 19 1 ...
 $ Race.RaceType1Cd                 : Factor w/ 1 level "1-2-E": 1 1 1 1 1 1 1 1 1 1 ...
 $ Race.RaceType2Cd                 : Factor w/ 1 level "1-2-E": 1 1 1 1 1 1 1 1 1 1 ...
 $ Race.RaceType3Cd                 : Factor w/ 2 levels "2-E-14","2-E-13": 2 1 1 2 2 2 1 1 2 1 ...
 $ Race.RaceType4Cd                 : Factor w/ 2 levels "1-2-14","1-2-13": 2 1 1 2 2 2 1 1 2 1 ...
 $ RaceHorse.RaceId                 : Factor w/ 662 levels "20170129-05-01-02-10",..: 11 12 13 14 15 16 17 18 19 20 ...
 $ RaceHorse.KettoNum               : Factor w/ 1747 levels "2011102076","2014103404",..: 11 12 13 14 15 16 17 18 19 20 ...
 $ RaceHorse.IsHit1                 : int  0 0 0 0 0 0 0 0 0 0 ...
 $ RaceHorse.IsHit2                 : int  0 1 0 1 0 0 0 0 0 1 ...
 $ RaceHorse.IsHit3                 : int  0 0 0 0 0 0 0 0 0 0 ...
 $ RaceHorse.IsHit4                 : int  0 0 0 0 0 0 0 0 0 0 ...
 $ RaceHorse.IsHit5                 : int  0 0 0 0 0 0 0 0 0 0 ...
 $ RaceHorse.IsHit6                 : int  1 0 1 0 1 1 1 1 1 0 ...
 $ RaceHorse.IsValidRaceHorse       : logi  TRUE TRUE TRUE TRUE TRUE TRUE ...
 $ RaceHorse.IsHitA                 : int  0 0 0 0 0 0 0 0 0 0 ...
 $ RaceHorse.IsHitB                 : int  0 1 0 1 0 0 0 0 0 1 ...
 $ RaceHorse.IsHitC                 : int  0 1 0 1 0 0 0 0 0 1 ...
 $ Jockey.KisyuCode                 : Factor w/ 157 levels "00663","01019",..: 10 11 7 12 13 14 15 8 16 3 ...
 $ Jockey.TimeDvByRaceAvg           : num  52.4 52.1 49.8 47.6 50.7 ...
 $ Jockey.TimeDvByRaceMax           : num  66 66.3 70.6 59.6 68.5 ...
 $ Jockey.RunCount                  : int  48 60 67 39 64 3 97 76 100 77 ...
 $ Jockey.HitCount1                 : int  4 6 5 0 6 0 9 6 7 9 ...
 $ Jockey.HitCount2                 : int  5 7 6 0 6 0 7 6 8 8 ...
 $ Jockey.HitCount3                 : int  6 6 5 3 7 0 5 5 8 8 ...
 $ Jockey.HitCount4                 : int  4 6 7 2 1 0 9 7 9 9 ...
 $ Jockey.HitCount5                 : int  4 6 5 8 3 1 12 4 5 7 ...
 $ Jockey.HitRate1                  : num  0.0833 0.1 0.0746 0 0.0938 ...
 $ Jockey.HitRate2                  : num  0.1042 0.1167 0.0896 0 0.0938 ...
 $ Jockey.HitRate3                  : num  0.125 0.1 0.0746 0.0769 0.1094 ...
 $ Jockey.HitRate4                  : num  0.0833 0.1 0.1045 0.0513 0.0156 ...
 $ Jockey.HitRate5                  : num  0.0833 0.1 0.0746 0.2051 0.0469 ...
 $ EOF                              : int  1 1 1 1 1 1 1 1 1 1 ...
 - attr(*, "na.action")= 'omit' Named int  74 101 240 265 294 338 358 415 420 456 ...
  ..- attr(*, "names")= chr  "74" "101" "240" "265" ...
[1] "2022-02-04 05:04:38 --- Predict InputDataSet Finish ---"
[1] "2022-02-04 05:04:38 --- rxPredict (glm) Start ---"
[1] "analyzeFunc=glm"
Rows Read: 8404, Total Rows Processed: 8404, Total Chunk Time: Less than .001 seconds 
[1] "nrow(PredictDataSet) afte predict=8404"
[1] "str(PredictDataSet)"
'data.frame':	8404 obs. of  1 variable:
 $ RaceHorse.IsHitA_Pred: num  0.0916 0.0917 0.0721 0.0516 0.0804 ...
NULL
[1] "head(PredictDataSet) afte predict="
  RaceHorse.IsHitA_Pred
1            0.09159171
2            0.09165417
3            0.07209334
4            0.05164150
5            0.08041101
6            0.05892673
[1] "2022-02-04 05:04:38 --- rxPredict (glm) Finish ---"
[1] "2022-02-04 05:04:38 --- add key Start ---"
[1] "nrow(OutputDataSet) add KeyColmn=8404"
[1] "str(OutputDataSet) after add Key"
'data.frame':	8404 obs. of  2 variables:
 $ RaceHorse.RaceId  : Factor w/ 662 levels "20170129-05-01-02-10",..: 11 12 13 14 15 16 17 18 19 20 ...
 $ RaceHorse.KettoNum: Factor w/ 1747 levels "2011102076","2014103404",..: 11 12 13 14 15 16 17 18 19 20 ...
NULL
[1] "2022-02-04 05:04:38 --- add key Finish ---"
[1] "2022-02-04 05:04:38 --- add PredictValue Start ---"
[1] "str(PredictDataSet) before rename="
[1] "colnames(PredictDataSet)=RaceHorse.IsHitA_Pred"
[1] "str(PredictDataSet) after rename="
'data.frame':	8404 obs. of  1 variable:
 $ PredictValue: num  0.0916 0.0917 0.0721 0.0516 0.0804 ...
NULL
[1] "str(OutputDataSet) before cbind="
'data.frame':	8404 obs. of  2 variables:
 $ RaceHorse.RaceId  : Factor w/ 662 levels "20170129-05-01-02-10",..: 11 12 13 14 15 16 17 18 19 20 ...
 $ RaceHorse.KettoNum: Factor w/ 1747 levels "2011102076","2014103404",..: 11 12 13 14 15 16 17 18 19 20 ...
NULL
[1] "str(OutputDataSet) after cbind="
'data.frame':	8404 obs. of  3 variables:
 $ RaceHorse.RaceId  : Factor w/ 662 levels "20170129-05-01-02-10",..: 11 12 13 14 15 16 17 18 19 20 ...
 $ RaceHorse.KettoNum: Factor w/ 1747 levels "2011102076","2014103404",..: 11 12 13 14 15 16 17 18 19 20 ...
 $ PredictValue      : num  0.0916 0.0917 0.0721 0.0516 0.0804 ...
NULL
[1] "2022-02-04 05:04:38 --- add PredictValue Finish ---"
[1] "2022-02-04 05:04:38 --- final Start ---"
[1] "nrow(OutputDataSet) final=8404"
[1] "head(OutputDataSet)="
      RaceHorse.RaceId RaceHorse.KettoNum PredictValue
1 20171126-08-05-08-10         2012100889   0.09159171
2 20180401-09-02-04-10         2014106464   0.09165417
3 20210410-09-02-05-10         2016105272   0.07209334
4 20181228-09-05-09-12         2014104351   0.05164150
5 20171022-05-04-07-10         2012104268   0.08041101
6 20210904-10-04-07-11         2017101363   0.05892673
[1] "str(OutputDataSet)="
'data.frame':	8404 obs. of  3 variables:
 $ RaceHorse.RaceId  : Factor w/ 662 levels "20170129-05-01-02-10",..: 11 12 13 14 15 16 17 18 19 20 ...
 $ RaceHorse.KettoNum: Factor w/ 1747 levels "2011102076","2014103404",..: 11 12 13 14 15 16 17 18 19 20 ...
 $ PredictValue      : num  0.0916 0.0917 0.0721 0.0516 0.0804 ...
NULL
[1] "2022-02-04 05:04:38 --- final Finish ---"
[1] "2022-02-04 05:04:38 --- predict.R Finished ---"
[1] "2022-02-04 05:04:38 --- log Finish ---"
