[1] "2022-02-19 09:19:43 --- D1115_analyze_glm_Gen01_IsHitA_Type15 Start ---"
[1] "2022-02-19 09:19:43 --- Log Start ---"
[1] "2022-02-19 09:19:43 --- analyze_glm.R Start ---"
[1] "analyzeVersion=D1115"
[1] "analyzeCategory=analyze"
[1] "analyzeType=Gen01"
[1] "analyzeFamily=IsHitA"
[1] "analyzeFunc=glm"
[1] "analyzeTrackTypeCd=1"
[1] "analyzeJyokenCd=5"
[1] "2022-02-19 09:19:43 --- source_function.R Start ---"
[1] "2022-02-19 09:19:43 --- source_function.R Finished ---"

> print(paste0(Sys.time(), " --- source_library.R Start ---"))
[1] "2022-02-19 09:19:43 --- source_library.R Start ---"

> require("RevoScaleR")

> print(paste0(Sys.time(), " --- source_library.R Finished ---"))
[1] "2022-02-19 09:19:45 --- source_library.R Finished ---"
[1] "2022-02-19 09:19:45 --- RxSqlServerData Start ---"
[1] "2022-02-19 09:19:45 --- RxInSqlServer Start ---"
[1] "2022-02-19 09:19:45 --- RxInSqlServer Finish ---"
[1] "2022-02-19 09:19:45 --- rxSetComputeContext Start ---"
[1] "2022-02-19 09:19:45 --- rxSetComputeContext Finish ---"
[1] "2022-02-19 09:19:45 --- RxSqlServerData Start ---"
[1] "sqlQuery=SELECT * FROM ViewAnalyzeD1115analyze01Gen01Type15"
[1] "2022-02-19 09:19:45 --- RxSqlServerData Finish ---"
[1] "2022-02-19 09:19:45 --- rxGetVarInfo Start ---"
[1] "2022-02-19 09:19:45 --- rxGetVarInfo Finish---"
[1] "2022-02-19 09:19:45 --- rxImport Start ---"
Rows Read: 36894, Total Rows Processed: 36894, Total Chunk Time: 801.971 seconds 
[1] "2022-02-19 09:47:53 --- rxImport Finish ---"
[1] "object.size(data) auto=8.6 Mb"
[1] "--------------------------------------------------------------------------------"
[1] "nrow(data) RxSqlServerData=36894"
[1] "--------------------------------------------------------------------------------"
[1] "str(data)="
'data.frame':	36894 obs. of  43 variables:
 $ Race.RaceId                      : Factor w/ 2474 levels "20160105-06-01-01-05",..: 2 2 2 2 2 2 2 2 2 2 ...
 $ Race.IsPredictedRace             : logi  TRUE TRUE TRUE TRUE TRUE TRUE ...
 $ Race.IsAnalyzeNormalPastAndFuture: logi  TRUE TRUE TRUE TRUE TRUE TRUE ...
 $ Race.IsAnalyzeNormalPast         : logi  TRUE TRUE TRUE TRUE TRUE TRUE ...
 $ Race.IsAnalyzeNormalFuture       : logi  FALSE FALSE FALSE FALSE FALSE FALSE ...
 $ Race.IsAnalyzeFullPastAndFuture  : logi  TRUE TRUE TRUE TRUE TRUE TRUE ...
 $ Race.IsAnalyzeFullPast           : logi  TRUE TRUE TRUE TRUE TRUE TRUE ...
 $ Race.IsAnalyzeFullFuture         : logi  FALSE FALSE FALSE FALSE FALSE FALSE ...
 $ Race.JyokenCd                    : Factor w/ 1 level "5": 1 1 1 1 1 1 1 1 1 1 ...
 $ Race.JyoType1Cd                  : Factor w/ 175 levels "1-06-2000-1",..: 2 2 2 2 2 2 2 2 2 2 ...
 $ Race.RaceType0Cd                 : Factor w/ 277 levels "1-06-2000-1-5-X-12",..: 2 2 2 2 2 2 2 2 2 2 ...
 $ Race.RaceType1Cd                 : Factor w/ 1 level "1-5-X": 1 1 1 1 1 1 1 1 1 1 ...
 $ Race.RaceType2Cd                 : Factor w/ 1 level "1-5-X": 1 1 1 1 1 1 1 1 1 1 ...
 $ Race.RaceType3Cd                 : Factor w/ 2 levels "5-X-12","5-X-11": 1 1 1 1 1 1 1 1 1 1 ...
 $ Race.RaceType4Cd                 : Factor w/ 2 levels "1-5-12","1-5-11": 1 1 1 1 1 1 1 1 1 1 ...
 $ RaceHorse.RaceId                 : Factor w/ 2474 levels "20160105-06-01-01-05",..: 2 2 2 2 2 2 2 2 2 2 ...
 $ RaceHorse.KettoNum               : Factor w/ 13850 levels "2013100152","2013100503",..: 11 12 13 14 15 16 17 18 19 20 ...
 $ RaceHorse.IsHit1                 : int  0 0 0 1 0 0 0 0 0 0 ...
 $ RaceHorse.IsHit2                 : int  0 0 0 0 0 0 0 0 0 1 ...
 $ RaceHorse.IsHit3                 : int  0 1 0 0 0 0 0 0 0 0 ...
 $ RaceHorse.IsHit4                 : int  0 0 0 0 0 0 1 0 0 0 ...
 $ RaceHorse.IsHit5                 : int  0 0 0 0 0 0 0 0 1 0 ...
 $ RaceHorse.IsHit6                 : int  1 0 1 0 1 1 0 1 0 0 ...
 $ RaceHorse.IsValidRaceHorse       : logi  TRUE TRUE TRUE TRUE TRUE TRUE ...
 $ RaceHorse.IsHitA                 : int  0 0 0 1 0 0 0 0 0 0 ...
 $ RaceHorse.IsHitB                 : int  0 0 0 1 0 0 0 0 0 1 ...
 $ RaceHorse.IsHitC                 : int  0 1 0 1 0 0 0 0 0 1 ...
 $ Gen01.HansyokuNum                : Factor w/ 425 levels "11202084","11201872",..: 2 4 9 7 3 10 11 12 13 14 ...
 $ Gen01.TimeSdvByRaceAvg           : num  -0.0705 -0.202 -0.0917 0.6116 -0.6261 ...
 $ Gen01.TimeSdvByRaceMin           : num  -2.91 -2.75 -2.91 -2.58 -2.29 ...
 $ Gen01.TimeSdvByRaceMax           : num  2.64 1.82 2.15 2.35 1.55 ...
 $ Gen01.RunCount                   : int  364 123 213 330 28 95 167 257 118 48 ...
 $ Gen01.HitCount1                  : int  84 23 35 139 1 12 19 55 9 9 ...
 $ Gen01.HitCount2                  : int  5 0 1 7 1 3 1 9 1 2 ...
 $ Gen01.HitCount3                  : int  3 1 7 18 1 1 3 6 1 1 ...
 $ Gen01.HitCount4                  : int  4 2 7 8 0 1 4 6 0 1 ...
 $ Gen01.HitCount5                  : int  5 3 2 14 1 0 4 10 1 5 ...
 $ Gen01.HitRate1                   : num  0.2308 0.187 0.1643 0.4212 0.0357 ...
 $ Gen01.HitRate2                   : num  0.01374 0 0.00469 0.02121 0.03571 ...
 $ Gen01.HitRate3                   : num  0.00824 0.00813 0.03286 0.05455 0.03571 ...
 $ Gen01.HitRate4                   : num  0.011 0.0163 0.0329 0.0242 0 ...
 $ Gen01.HitRate5                   : num  0.01374 0.02439 0.00939 0.04242 0.03571 ...
 $ EOF                              : int  1 1 1 1 1 1 1 1 1 1 ...
[1] "2022-02-19 09:47:53 --- RxSqlServerData Finish ---"
[1] "2022-02-19 09:47:53 --- subset Start ---"
[1] "--------------------------------------------------------------------------------"
[1] "nrow(data) subset before=36894"
[1] "nrow(data) subset after =36894"
[1] "nrow(data) subset diff =0"
[1] "--------------------------------------------------------------------------------"
[1] "2022-02-19 09:47:53 --- subset Finish---"
[1] "2022-02-19 09:47:53 --- transform Start ---"
[1] "--------------------------------------------------------------------------------"
[1] "nrow(data) transform before=36894"
[1] "nrow(data) transform after=36894"
[1] "nrow(data) transform diff=0"
[1] "--------------------------------------------------------------------------------"
[1] "str(data)="
'data.frame':	36894 obs. of  43 variables:
 $ Race.RaceId                      : Factor w/ 2474 levels "20160105-06-01-01-05",..: 2 2 2 2 2 2 2 2 2 2 ...
 $ Race.IsPredictedRace             : logi  TRUE TRUE TRUE TRUE TRUE TRUE ...
 $ Race.IsAnalyzeNormalPastAndFuture: logi  TRUE TRUE TRUE TRUE TRUE TRUE ...
 $ Race.IsAnalyzeNormalPast         : logi  TRUE TRUE TRUE TRUE TRUE TRUE ...
 $ Race.IsAnalyzeNormalFuture       : logi  FALSE FALSE FALSE FALSE FALSE FALSE ...
 $ Race.IsAnalyzeFullPastAndFuture  : logi  TRUE TRUE TRUE TRUE TRUE TRUE ...
 $ Race.IsAnalyzeFullPast           : logi  TRUE TRUE TRUE TRUE TRUE TRUE ...
 $ Race.IsAnalyzeFullFuture         : logi  FALSE FALSE FALSE FALSE FALSE FALSE ...
 $ Race.JyokenCd                    : Factor w/ 1 level "5": 1 1 1 1 1 1 1 1 1 1 ...
 $ Race.JyoType1Cd                  : Factor w/ 175 levels "1-06-2000-1",..: 2 2 2 2 2 2 2 2 2 2 ...
 $ Race.RaceType0Cd                 : Factor w/ 277 levels "1-06-2000-1-5-X-12",..: 2 2 2 2 2 2 2 2 2 2 ...
 $ Race.RaceType1Cd                 : Factor w/ 1 level "1-5-X": 1 1 1 1 1 1 1 1 1 1 ...
 $ Race.RaceType2Cd                 : Factor w/ 1 level "1-5-X": 1 1 1 1 1 1 1 1 1 1 ...
 $ Race.RaceType3Cd                 : Factor w/ 2 levels "5-X-12","5-X-11": 1 1 1 1 1 1 1 1 1 1 ...
 $ Race.RaceType4Cd                 : Factor w/ 2 levels "1-5-12","1-5-11": 1 1 1 1 1 1 1 1 1 1 ...
 $ RaceHorse.RaceId                 : Factor w/ 2474 levels "20160105-06-01-01-05",..: 2 2 2 2 2 2 2 2 2 2 ...
 $ RaceHorse.KettoNum               : Factor w/ 13850 levels "2013100152","2013100503",..: 11 12 13 14 15 16 17 18 19 20 ...
 $ RaceHorse.IsHit1                 : int  0 0 0 1 0 0 0 0 0 0 ...
 $ RaceHorse.IsHit2                 : int  0 0 0 0 0 0 0 0 0 1 ...
 $ RaceHorse.IsHit3                 : int  0 1 0 0 0 0 0 0 0 0 ...
 $ RaceHorse.IsHit4                 : int  0 0 0 0 0 0 1 0 0 0 ...
 $ RaceHorse.IsHit5                 : int  0 0 0 0 0 0 0 0 1 0 ...
 $ RaceHorse.IsHit6                 : int  1 0 1 0 1 1 0 1 0 0 ...
 $ RaceHorse.IsValidRaceHorse       : logi  TRUE TRUE TRUE TRUE TRUE TRUE ...
 $ RaceHorse.IsHitA                 : int  0 0 0 1 0 0 0 0 0 0 ...
 $ RaceHorse.IsHitB                 : int  0 0 0 1 0 0 0 0 0 1 ...
 $ RaceHorse.IsHitC                 : int  0 1 0 1 0 0 0 0 0 1 ...
 $ Gen01.HansyokuNum                : Factor w/ 425 levels "11202084","11201872",..: 2 4 9 7 3 10 11 12 13 14 ...
 $ Gen01.TimeSdvByRaceAvg           : num  -0.0705 -0.202 -0.0917 0.6116 -0.6261 ...
 $ Gen01.TimeSdvByRaceMin           : num  -2.91 -2.75 -2.91 -2.58 -2.29 ...
 $ Gen01.TimeSdvByRaceMax           : num  2.64 1.82 2.15 2.35 1.55 ...
 $ Gen01.RunCount                   : int  364 123 213 330 28 95 167 257 118 48 ...
 $ Gen01.HitCount1                  : int  84 23 35 139 1 12 19 55 9 9 ...
 $ Gen01.HitCount2                  : int  5 0 1 7 1 3 1 9 1 2 ...
 $ Gen01.HitCount3                  : int  3 1 7 18 1 1 3 6 1 1 ...
 $ Gen01.HitCount4                  : int  4 2 7 8 0 1 4 6 0 1 ...
 $ Gen01.HitCount5                  : int  5 3 2 14 1 0 4 10 1 5 ...
 $ Gen01.HitRate1                   : num  0.2308 0.187 0.1643 0.4212 0.0357 ...
 $ Gen01.HitRate2                   : num  0.01374 0 0.00469 0.02121 0.03571 ...
 $ Gen01.HitRate3                   : num  0.00824 0.00813 0.03286 0.05455 0.03571 ...
 $ Gen01.HitRate4                   : num  0.011 0.0163 0.0329 0.0242 0 ...
 $ Gen01.HitRate5                   : num  0.01374 0.02439 0.00939 0.04242 0.03571 ...
 $ EOF                              : int  1 1 1 1 1 1 1 1 1 1 ...
NULL
[1] "2022-02-19 09:47:53 --- transform Finish ---"
[1] "2022-02-19 09:47:53 --- na.omit Start ---"
[1] "--------------------------------------------------------------------------------"
[1] "nrow(data) na.omit before=36894"
[1] "nrow(data) na.omit after =36894"
[1] "nrow(data) na.omit diff =0"
[1] "--------------------------------------------------------------------------------"
'data.frame':	36894 obs. of  43 variables:
 $ Race.RaceId                      : Factor w/ 2474 levels "20160105-06-01-01-05",..: 2 2 2 2 2 2 2 2 2 2 ...
 $ Race.IsPredictedRace             : logi  TRUE TRUE TRUE TRUE TRUE TRUE ...
 $ Race.IsAnalyzeNormalPastAndFuture: logi  TRUE TRUE TRUE TRUE TRUE TRUE ...
 $ Race.IsAnalyzeNormalPast         : logi  TRUE TRUE TRUE TRUE TRUE TRUE ...
 $ Race.IsAnalyzeNormalFuture       : logi  FALSE FALSE FALSE FALSE FALSE FALSE ...
 $ Race.IsAnalyzeFullPastAndFuture  : logi  TRUE TRUE TRUE TRUE TRUE TRUE ...
 $ Race.IsAnalyzeFullPast           : logi  TRUE TRUE TRUE TRUE TRUE TRUE ...
 $ Race.IsAnalyzeFullFuture         : logi  FALSE FALSE FALSE FALSE FALSE FALSE ...
 $ Race.JyokenCd                    : Factor w/ 1 level "5": 1 1 1 1 1 1 1 1 1 1 ...
 $ Race.JyoType1Cd                  : Factor w/ 175 levels "1-06-2000-1",..: 2 2 2 2 2 2 2 2 2 2 ...
 $ Race.RaceType0Cd                 : Factor w/ 277 levels "1-06-2000-1-5-X-12",..: 2 2 2 2 2 2 2 2 2 2 ...
 $ Race.RaceType1Cd                 : Factor w/ 1 level "1-5-X": 1 1 1 1 1 1 1 1 1 1 ...
 $ Race.RaceType2Cd                 : Factor w/ 1 level "1-5-X": 1 1 1 1 1 1 1 1 1 1 ...
 $ Race.RaceType3Cd                 : Factor w/ 2 levels "5-X-12","5-X-11": 1 1 1 1 1 1 1 1 1 1 ...
 $ Race.RaceType4Cd                 : Factor w/ 2 levels "1-5-12","1-5-11": 1 1 1 1 1 1 1 1 1 1 ...
 $ RaceHorse.RaceId                 : Factor w/ 2474 levels "20160105-06-01-01-05",..: 2 2 2 2 2 2 2 2 2 2 ...
 $ RaceHorse.KettoNum               : Factor w/ 13850 levels "2013100152","2013100503",..: 11 12 13 14 15 16 17 18 19 20 ...
 $ RaceHorse.IsHit1                 : int  0 0 0 1 0 0 0 0 0 0 ...
 $ RaceHorse.IsHit2                 : int  0 0 0 0 0 0 0 0 0 1 ...
 $ RaceHorse.IsHit3                 : int  0 1 0 0 0 0 0 0 0 0 ...
 $ RaceHorse.IsHit4                 : int  0 0 0 0 0 0 1 0 0 0 ...
 $ RaceHorse.IsHit5                 : int  0 0 0 0 0 0 0 0 1 0 ...
 $ RaceHorse.IsHit6                 : int  1 0 1 0 1 1 0 1 0 0 ...
 $ RaceHorse.IsValidRaceHorse       : logi  TRUE TRUE TRUE TRUE TRUE TRUE ...
 $ RaceHorse.IsHitA                 : int  0 0 0 1 0 0 0 0 0 0 ...
 $ RaceHorse.IsHitB                 : int  0 0 0 1 0 0 0 0 0 1 ...
 $ RaceHorse.IsHitC                 : int  0 1 0 1 0 0 0 0 0 1 ...
 $ Gen01.HansyokuNum                : Factor w/ 425 levels "11202084","11201872",..: 2 4 9 7 3 10 11 12 13 14 ...
 $ Gen01.TimeSdvByRaceAvg           : num  -0.0705 -0.202 -0.0917 0.6116 -0.6261 ...
 $ Gen01.TimeSdvByRaceMin           : num  -2.91 -2.75 -2.91 -2.58 -2.29 ...
 $ Gen01.TimeSdvByRaceMax           : num  2.64 1.82 2.15 2.35 1.55 ...
 $ Gen01.RunCount                   : int  364 123 213 330 28 95 167 257 118 48 ...
 $ Gen01.HitCount1                  : int  84 23 35 139 1 12 19 55 9 9 ...
 $ Gen01.HitCount2                  : int  5 0 1 7 1 3 1 9 1 2 ...
 $ Gen01.HitCount3                  : int  3 1 7 18 1 1 3 6 1 1 ...
 $ Gen01.HitCount4                  : int  4 2 7 8 0 1 4 6 0 1 ...
 $ Gen01.HitCount5                  : int  5 3 2 14 1 0 4 10 1 5 ...
 $ Gen01.HitRate1                   : num  0.2308 0.187 0.1643 0.4212 0.0357 ...
 $ Gen01.HitRate2                   : num  0.01374 0 0.00469 0.02121 0.03571 ...
 $ Gen01.HitRate3                   : num  0.00824 0.00813 0.03286 0.05455 0.03571 ...
 $ Gen01.HitRate4                   : num  0.011 0.0163 0.0329 0.0242 0 ...
 $ Gen01.HitRate5                   : num  0.01374 0.02439 0.00939 0.04242 0.03571 ...
 $ EOF                              : int  1 1 1 1 1 1 1 1 1 1 ...
[1] "2022-02-19 09:47:53 --- na.omit Finish ---"
[1] "2022-02-19 09:47:53 --- rxGlm with rxStepControl Start ---"

> print(paste0(Sys.time(), " --- source_logic_glm.R Start ---"))
[1] "2022-02-19 09:47:53 --- source_logic_glm.R Start ---"

> formula <- formula(RaceHorse.IsHitA ~ +1 + Gen01.HitRate1 + 
+     Gen01.HitRate2 + Gen01.HitRate3)

> print(paste0(Sys.time(), " --- source_logic_glm.R Finished ---"))
[1] "2022-02-19 09:47:53 --- source_logic_glm.R Finished ---"
Rows Read: 36894, Total Rows Processed: 36894, Total Chunk Time: 0.003 seconds 

Starting values (iteration 1) time: 0.014 secs.
Rows Read: 36894, Total Rows Processed: 36894, Total Chunk Time: 0.004 seconds 

Iteration 2 time: 0.010 secs.
Rows Read: 36894, Total Rows Processed: 36894, Total Chunk Time: 0.003 seconds 

Iteration 3 time: 0.005 secs.
Rows Read: 36894, Total Rows Processed: 36894, Total Chunk Time: 0.004 seconds 

Iteration 4 time: 0.006 secs.
Rows Read: 36894, Total Rows Processed: 36894, Total Chunk Time: 0.003 seconds 

Iteration 5 time: 0.005 secs.
Rows Read: 36894, Total Rows Processed: 36894, Total Chunk Time: 0.004 seconds 

Iteration 6 time: 0.007 secs.

Elapsed computation time: 0.059 secs.
Rows Read: 36894, Total Rows Processed: 36894, Total Chunk Time: 0.002 seconds 

Starting values (iteration 1) time: 0.010 secs.
Rows Read: 36894, Total Rows Processed: 36894, Total Chunk Time: 0.003 seconds 

Iteration 2 time: 0.009 secs.
Rows Read: 36894, Total Rows Processed: 36894, Total Chunk Time: 0.003 seconds 

Iteration 3 time: 0.006 secs.
Rows Read: 36894, Total Rows Processed: 36894, Total Chunk Time: 0.003 seconds 

Iteration 4 time: 0.005 secs.
Rows Read: 36894, Total Rows Processed: 36894, Total Chunk Time: 0.004 seconds 

Iteration 5 time: 0.007 secs.
Rows Read: 36894, Total Rows Processed: 36894, Total Chunk Time: 0.002 seconds 

Iteration 6 time: 0.005 secs.

Elapsed computation time: 0.057 secs.
Rows Read: 36894, Total Rows Processed: 36894, Total Chunk Time: 0.002 seconds 

Starting values (iteration 1) time: 0.009 secs.
Rows Read: 36894, Total Rows Processed: 36894, Total Chunk Time: 0.002 seconds 

Iteration 2 time: 0.009 secs.
Rows Read: 36894, Total Rows Processed: 36894, Total Chunk Time: 0.004 seconds 

Iteration 3 time: 0.007 secs.
Rows Read: 36894, Total Rows Processed: 36894, Total Chunk Time: 0.003 seconds 

Iteration 4 time: 0.006 secs.
Rows Read: 36894, Total Rows Processed: 36894, Total Chunk Time: 0.003 seconds 

Iteration 5 time: 0.006 secs.

Elapsed computation time: 0.052 secs.
Rows Read: 36894, Total Rows Processed: 36894, Total Chunk Time: Less than .001 seconds 

Starting values (iteration 1) time: 0.008 secs.
Rows Read: 36894, Total Rows Processed: 36894, Total Chunk Time: 0.003 seconds 

Iteration 2 time: 0.007 secs.
Rows Read: 36894, Total Rows Processed: 36894, Total Chunk Time: 0.003 seconds 

Iteration 3 time: 0.005 secs.
Rows Read: 36894, Total Rows Processed: 36894, Total Chunk Time: 0.003 seconds 

Iteration 4 time: 0.005 secs.
Rows Read: 36894, Total Rows Processed: 36894, Total Chunk Time: 0.003 seconds 

Iteration 5 time: 0.006 secs.
Rows Read: 36894, Total Rows Processed: 36894, Total Chunk Time: 0.003 seconds 

Iteration 6 time: 0.005 secs.

Elapsed computation time: 0.055 secs.
Rows Read: 36894, Total Rows Processed: 36894, Total Chunk Time: 0.002 seconds 

Starting values (iteration 1) time: 0.010 secs.
Rows Read: 36894, Total Rows Processed: 36894, Total Chunk Time: 0.003 seconds 

Iteration 2 time: 0.009 secs.
Rows Read: 36894, Total Rows Processed: 36894, Total Chunk Time: 0.005 seconds 

Iteration 3 time: 0.008 secs.
Rows Read: 36894, Total Rows Processed: 36894, Total Chunk Time: 0.003 seconds 

Iteration 4 time: 0.006 secs.
Rows Read: 36894, Total Rows Processed: 36894, Total Chunk Time: 0.010 seconds 

Iteration 5 time: 0.013 secs.
Rows Read: 36894, Total Rows Processed: 36894, Total Chunk Time: 0.007 seconds 

Iteration 6 time: 0.011 secs.

Elapsed computation time: 0.079 secs.

Elapsed computation time: 0.327 secs.
[1] "--------------------------------------------------------------------------------"
[1] "analyze.results.glm.step="
Logistic Regression Results for: RaceHorse.IsHitA ~ Gen01.HitRate1 +
    Gen01.HitRate2 + Gen01.HitRate3
Data: data
Dependent variable(s): RaceHorse.IsHitA
Total independent variables: 4 
Number of valid observations: 36894
Number of missing observations: 0 
 
Coefficients:
               RaceHorse.IsHitA
(Intercept)                  -3
Gen01.HitRate1                3
Gen01.HitRate2                3
Gen01.HitRate3                2
[1] "analyze.results.glm.step.summary"
Call:
rxLogit(formula = formula, data = data, variableSelection = analyze.results.glm.step.varsel)

Logistic Regression Results for: RaceHorse.IsHitA ~ Gen01.HitRate1 +
    Gen01.HitRate2 + Gen01.HitRate3
Data: data
Dependent variable(s): RaceHorse.IsHitA
Total independent variables: 4 
Number of valid observations: 36894
Number of missing observations: 0 
-2*LogLikelihood: 17668.116 (Residual deviance on 36890 degrees of freedom)
 
Coefficients:
               Estimate Std. Error z value Pr(>|z|)    
(Intercept)     -3.3931     0.0446  -76.13  2.2e-16 ***
Gen01.HitRate1   3.1135     0.1678   18.56  2.2e-16 ***
Gen01.HitRate2   3.0571     0.2744   11.14  2.2e-16 ***
Gen01.HitRate3   2.3436     0.3427    6.84  8.0e-12 ***
---
Signif. codes:  0 '***' 0.001 '**' 0.01 '*' 0.05 '.' 0.1 ' ' 1

Condition number of final variance-covariance matrix: 1 
Number of iterations: 6
[1] "--------------------------------------------------------------------------------"
[1] "2022-02-19 09:47:54 --- rxGlm with rxStepControl Finish ---"
[1] "2022-02-19 09:47:54 --- rxStepPlot Start ---"
[1] "pdfFilename=pdf_analyze_glm_Gen01_Type15_rxStepPlot.pdf"
[1] "rxStepPlot="
[1] "2022-02-19 09:47:54 --- rxStepPlot Finish ---"
[1] "2022-02-19 09:47:54 --- save.image Start ---"
[1] "save.image"
[1] "rdataFilename=RData_analyze_glm_Gen01_Type15.RData"
[1] "2022-02-19 09:47:54 --- save.image Finish ---"
[1] "2022-02-19 09:47:54 --- final Start ---"
[1] "--------------------------------------------------------------------------------"
[1] "nrow(data) final=36894"
[1] "--------------------------------------------------------------------------------"
[1] "2022-02-19 09:47:54 --- final Finish ---"
[1] "2022-02-19 09:47:54 --- analyze_glm.R Finished ---"
[1] "2022-02-19 09:47:54 --- log Finish ---"
