[1] "2022-02-19 09:19:43 --- D1115_analyze_glm_Gen01_IsHitA_Type31 Start ---"
[1] "2022-02-19 09:19:43 --- Log Start ---"
[1] "2022-02-19 09:19:43 --- analyze_glm.R Start ---"
[1] "analyzeVersion=D1115"
[1] "analyzeCategory=analyze"
[1] "analyzeType=Gen01"
[1] "analyzeFamily=IsHitA"
[1] "analyzeFunc=glm"
[1] "analyzeTrackTypeCd=3"
[1] "analyzeJyokenCd=1"
[1] "2022-02-19 09:19:43 --- source_function.R Start ---"
[1] "2022-02-19 09:19:43 --- source_function.R Finished ---"

> print(paste0(Sys.time(), " --- source_library.R Start ---"))
[1] "2022-02-19 09:19:43 --- source_library.R Start ---"

> require("RevoScaleR")

> print(paste0(Sys.time(), " --- source_library.R Finished ---"))
[1] "2022-02-19 09:19:45 --- source_library.R Finished ---"
[1] "2022-02-19 09:19:45 --- RxSqlServerData Start ---"
[1] "2022-02-19 09:19:45 --- RxInSqlServer Start ---"
[1] "2022-02-19 09:19:45 --- RxInSqlServer Finish ---"
[1] "2022-02-19 09:19:45 --- rxSetComputeContext Start ---"
[1] "2022-02-19 09:19:45 --- rxSetComputeContext Finish ---"
[1] "2022-02-19 09:19:45 --- RxSqlServerData Start ---"
[1] "sqlQuery=SELECT * FROM ViewAnalyzeD1115analyze01Gen01Type31"
[1] "2022-02-19 09:19:45 --- RxSqlServerData Finish ---"
[1] "2022-02-19 09:19:45 --- rxGetVarInfo Start ---"
[1] "2022-02-19 09:19:45 --- rxGetVarInfo Finish---"
[1] "2022-02-19 09:19:45 --- rxImport Start ---"
Rows Read: 2256, Total Rows Processed: 2256, Total Chunk Time: 5.070 seconds 
[1] "2022-02-19 09:19:54 --- rxImport Finish ---"
[1] "object.size(data) auto=548.7 Kb"
[1] "--------------------------------------------------------------------------------"
[1] "nrow(data) RxSqlServerData=2256"
[1] "--------------------------------------------------------------------------------"
[1] "str(data)="
'data.frame':	2256 obs. of  43 variables:
 $ Race.RaceId                      : Factor w/ 213 levels "20160221-08-02-08-04",..: 1 1 1 1 1 1 1 1 1 1 ...
 $ Race.IsPredictedRace             : logi  TRUE TRUE TRUE TRUE TRUE TRUE ...
 $ Race.IsAnalyzeNormalPastAndFuture: logi  TRUE TRUE TRUE TRUE TRUE TRUE ...
 $ Race.IsAnalyzeNormalPast         : logi  TRUE TRUE TRUE TRUE TRUE TRUE ...
 $ Race.IsAnalyzeNormalFuture       : logi  FALSE FALSE FALSE FALSE FALSE FALSE ...
 $ Race.IsAnalyzeFullPastAndFuture  : logi  TRUE TRUE TRUE TRUE TRUE TRUE ...
 $ Race.IsAnalyzeFullPast           : logi  TRUE TRUE TRUE TRUE TRUE TRUE ...
 $ Race.IsAnalyzeFullFuture         : logi  FALSE FALSE FALSE FALSE FALSE FALSE ...
 $ Race.JyokenCd                    : Factor w/ 1 level "1": 1 1 1 1 1 1 1 1 1 1 ...
 $ Race.JyoType1Cd                  : Factor w/ 53 levels "3-08-3170-3",..: 1 1 1 1 1 1 1 1 1 1 ...
 $ Race.RaceType0Cd                 : Factor w/ 77 levels "3-08-3170-3-1-X-19",..: 1 1 1 1 1 1 1 1 1 1 ...
 $ Race.RaceType1Cd                 : Factor w/ 5 levels "3-1-X","3-1-E",..: 1 1 1 1 1 1 1 1 1 1 ...
 $ Race.RaceType2Cd                 : Factor w/ 5 levels "3-1-X","3-1-E",..: 1 1 1 1 1 1 1 1 1 1 ...
 $ Race.RaceType3Cd                 : Factor w/ 9 levels "1-X-19","1-E-19",..: 1 1 1 1 1 1 1 1 1 1 ...
 $ Race.RaceType4Cd                 : Factor w/ 2 levels "3-1-19","3-1-18": 1 1 1 1 1 1 1 1 1 1 ...
 $ RaceHorse.RaceId                 : Factor w/ 213 levels "20160221-08-02-08-04",..: 1 1 1 1 1 1 1 1 1 1 ...
 $ RaceHorse.KettoNum               : Factor w/ 452 levels "2007106537","2008103064",..: 1 2 3 4 5 6 7 8 9 10 ...
 $ RaceHorse.IsHit1                 : int  0 0 0 0 0 0 0 0 1 0 ...
 $ RaceHorse.IsHit2                 : int  0 0 0 0 0 0 0 1 0 0 ...
 $ RaceHorse.IsHit3                 : int  0 0 0 0 0 0 1 0 0 0 ...
 $ RaceHorse.IsHit4                 : int  0 0 0 0 0 1 0 0 0 0 ...
 $ RaceHorse.IsHit5                 : int  1 0 0 0 0 0 0 0 0 0 ...
 $ RaceHorse.IsHit6                 : int  0 1 1 1 1 0 0 0 0 1 ...
 $ RaceHorse.IsValidRaceHorse       : logi  TRUE TRUE TRUE TRUE TRUE TRUE ...
 $ RaceHorse.IsHitA                 : int  0 0 0 0 0 0 0 0 1 0 ...
 $ RaceHorse.IsHitB                 : int  0 0 0 0 0 0 0 1 1 0 ...
 $ RaceHorse.IsHitC                 : int  0 0 0 0 0 0 1 1 1 0 ...
 $ Gen01.HansyokuNum                : Factor w/ 122 levels "11201853","11202006",..: 1 2 3 4 2 5 6 7 8 9 ...
 $ Gen01.TimeSdvByRaceAvg           : num  0.0408 -0.1304 -0.3595 -1.2957 -0.1304 ...
 $ Gen01.TimeSdvByRaceMin           : num  -2.71 -2.31 -1.65 -2.31 -2.31 ...
 $ Gen01.TimeSdvByRaceMax           : num  1.343 1.39358 1.65129 0.00336 1.39358 ...
 $ Gen01.RunCount                   : int  12 14 11 3 14 12 3 1 1 3 ...
 $ Gen01.HitCount1                  : int  2 2 1 0 2 1 0 0 0 0 ...
 $ Gen01.HitCount2                  : int  2 0 0 0 0 3 0 1 0 0 ...
 $ Gen01.HitCount3                  : int  1 2 0 0 2 1 0 0 0 0 ...
 $ Gen01.HitCount4                  : int  0 0 0 0 0 0 0 0 0 0 ...
 $ Gen01.HitCount5                  : int  0 1 2 0 1 0 0 0 0 0 ...
 $ Gen01.HitRate1                   : num  0.1667 0.1429 0.0909 0 0.1429 ...
 $ Gen01.HitRate2                   : num  0.167 0 0 0 0 ...
 $ Gen01.HitRate3                   : num  0.0833 0.1429 0 0 0.1429 ...
 $ Gen01.HitRate4                   : num  0 0 0 0 0 0 0 0 0 0 ...
 $ Gen01.HitRate5                   : num  0 0.0714 0.1818 0 0.0714 ...
 $ EOF                              : int  1 1 1 1 1 1 1 1 1 1 ...
[1] "2022-02-19 09:19:54 --- RxSqlServerData Finish ---"
[1] "2022-02-19 09:19:54 --- subset Start ---"
[1] "--------------------------------------------------------------------------------"
[1] "nrow(data) subset before=2256"
[1] "nrow(data) subset after =2256"
[1] "nrow(data) subset diff =0"
[1] "--------------------------------------------------------------------------------"
[1] "2022-02-19 09:19:54 --- subset Finish---"
[1] "2022-02-19 09:19:54 --- transform Start ---"
[1] "--------------------------------------------------------------------------------"
[1] "nrow(data) transform before=2256"
[1] "nrow(data) transform after=2256"
[1] "nrow(data) transform diff=0"
[1] "--------------------------------------------------------------------------------"
[1] "str(data)="
'data.frame':	2256 obs. of  43 variables:
 $ Race.RaceId                      : Factor w/ 213 levels "20160221-08-02-08-04",..: 1 1 1 1 1 1 1 1 1 1 ...
 $ Race.IsPredictedRace             : logi  TRUE TRUE TRUE TRUE TRUE TRUE ...
 $ Race.IsAnalyzeNormalPastAndFuture: logi  TRUE TRUE TRUE TRUE TRUE TRUE ...
 $ Race.IsAnalyzeNormalPast         : logi  TRUE TRUE TRUE TRUE TRUE TRUE ...
 $ Race.IsAnalyzeNormalFuture       : logi  FALSE FALSE FALSE FALSE FALSE FALSE ...
 $ Race.IsAnalyzeFullPastAndFuture  : logi  TRUE TRUE TRUE TRUE TRUE TRUE ...
 $ Race.IsAnalyzeFullPast           : logi  TRUE TRUE TRUE TRUE TRUE TRUE ...
 $ Race.IsAnalyzeFullFuture         : logi  FALSE FALSE FALSE FALSE FALSE FALSE ...
 $ Race.JyokenCd                    : Factor w/ 1 level "1": 1 1 1 1 1 1 1 1 1 1 ...
 $ Race.JyoType1Cd                  : Factor w/ 53 levels "3-08-3170-3",..: 1 1 1 1 1 1 1 1 1 1 ...
 $ Race.RaceType0Cd                 : Factor w/ 77 levels "3-08-3170-3-1-X-19",..: 1 1 1 1 1 1 1 1 1 1 ...
 $ Race.RaceType1Cd                 : Factor w/ 5 levels "3-1-X","3-1-E",..: 1 1 1 1 1 1 1 1 1 1 ...
 $ Race.RaceType2Cd                 : Factor w/ 5 levels "3-1-X","3-1-E",..: 1 1 1 1 1 1 1 1 1 1 ...
 $ Race.RaceType3Cd                 : Factor w/ 9 levels "1-X-19","1-E-19",..: 1 1 1 1 1 1 1 1 1 1 ...
 $ Race.RaceType4Cd                 : Factor w/ 2 levels "3-1-19","3-1-18": 1 1 1 1 1 1 1 1 1 1 ...
 $ RaceHorse.RaceId                 : Factor w/ 213 levels "20160221-08-02-08-04",..: 1 1 1 1 1 1 1 1 1 1 ...
 $ RaceHorse.KettoNum               : Factor w/ 452 levels "2007106537","2008103064",..: 1 2 3 4 5 6 7 8 9 10 ...
 $ RaceHorse.IsHit1                 : int  0 0 0 0 0 0 0 0 1 0 ...
 $ RaceHorse.IsHit2                 : int  0 0 0 0 0 0 0 1 0 0 ...
 $ RaceHorse.IsHit3                 : int  0 0 0 0 0 0 1 0 0 0 ...
 $ RaceHorse.IsHit4                 : int  0 0 0 0 0 1 0 0 0 0 ...
 $ RaceHorse.IsHit5                 : int  1 0 0 0 0 0 0 0 0 0 ...
 $ RaceHorse.IsHit6                 : int  0 1 1 1 1 0 0 0 0 1 ...
 $ RaceHorse.IsValidRaceHorse       : logi  TRUE TRUE TRUE TRUE TRUE TRUE ...
 $ RaceHorse.IsHitA                 : int  0 0 0 0 0 0 0 0 1 0 ...
 $ RaceHorse.IsHitB                 : int  0 0 0 0 0 0 0 1 1 0 ...
 $ RaceHorse.IsHitC                 : int  0 0 0 0 0 0 1 1 1 0 ...
 $ Gen01.HansyokuNum                : Factor w/ 122 levels "11201853","11202006",..: 1 2 3 4 2 5 6 7 8 9 ...
 $ Gen01.TimeSdvByRaceAvg           : num  0.0408 -0.1304 -0.3595 -1.2957 -0.1304 ...
 $ Gen01.TimeSdvByRaceMin           : num  -2.71 -2.31 -1.65 -2.31 -2.31 ...
 $ Gen01.TimeSdvByRaceMax           : num  1.343 1.39358 1.65129 0.00336 1.39358 ...
 $ Gen01.RunCount                   : int  12 14 11 3 14 12 3 1 1 3 ...
 $ Gen01.HitCount1                  : int  2 2 1 0 2 1 0 0 0 0 ...
 $ Gen01.HitCount2                  : int  2 0 0 0 0 3 0 1 0 0 ...
 $ Gen01.HitCount3                  : int  1 2 0 0 2 1 0 0 0 0 ...
 $ Gen01.HitCount4                  : int  0 0 0 0 0 0 0 0 0 0 ...
 $ Gen01.HitCount5                  : int  0 1 2 0 1 0 0 0 0 0 ...
 $ Gen01.HitRate1                   : num  0.1667 0.1429 0.0909 0 0.1429 ...
 $ Gen01.HitRate2                   : num  0.167 0 0 0 0 ...
 $ Gen01.HitRate3                   : num  0.0833 0.1429 0 0 0.1429 ...
 $ Gen01.HitRate4                   : num  0 0 0 0 0 0 0 0 0 0 ...
 $ Gen01.HitRate5                   : num  0 0.0714 0.1818 0 0.0714 ...
 $ EOF                              : int  1 1 1 1 1 1 1 1 1 1 ...
NULL
[1] "2022-02-19 09:19:55 --- transform Finish ---"
[1] "2022-02-19 09:19:55 --- na.omit Start ---"
[1] "--------------------------------------------------------------------------------"
[1] "nrow(data) na.omit before=2256"
[1] "nrow(data) na.omit after =2256"
[1] "nrow(data) na.omit diff =0"
[1] "--------------------------------------------------------------------------------"
'data.frame':	2256 obs. of  43 variables:
 $ Race.RaceId                      : Factor w/ 213 levels "20160221-08-02-08-04",..: 1 1 1 1 1 1 1 1 1 1 ...
 $ Race.IsPredictedRace             : logi  TRUE TRUE TRUE TRUE TRUE TRUE ...
 $ Race.IsAnalyzeNormalPastAndFuture: logi  TRUE TRUE TRUE TRUE TRUE TRUE ...
 $ Race.IsAnalyzeNormalPast         : logi  TRUE TRUE TRUE TRUE TRUE TRUE ...
 $ Race.IsAnalyzeNormalFuture       : logi  FALSE FALSE FALSE FALSE FALSE FALSE ...
 $ Race.IsAnalyzeFullPastAndFuture  : logi  TRUE TRUE TRUE TRUE TRUE TRUE ...
 $ Race.IsAnalyzeFullPast           : logi  TRUE TRUE TRUE TRUE TRUE TRUE ...
 $ Race.IsAnalyzeFullFuture         : logi  FALSE FALSE FALSE FALSE FALSE FALSE ...
 $ Race.JyokenCd                    : Factor w/ 1 level "1": 1 1 1 1 1 1 1 1 1 1 ...
 $ Race.JyoType1Cd                  : Factor w/ 53 levels "3-08-3170-3",..: 1 1 1 1 1 1 1 1 1 1 ...
 $ Race.RaceType0Cd                 : Factor w/ 77 levels "3-08-3170-3-1-X-19",..: 1 1 1 1 1 1 1 1 1 1 ...
 $ Race.RaceType1Cd                 : Factor w/ 5 levels "3-1-X","3-1-E",..: 1 1 1 1 1 1 1 1 1 1 ...
 $ Race.RaceType2Cd                 : Factor w/ 5 levels "3-1-X","3-1-E",..: 1 1 1 1 1 1 1 1 1 1 ...
 $ Race.RaceType3Cd                 : Factor w/ 9 levels "1-X-19","1-E-19",..: 1 1 1 1 1 1 1 1 1 1 ...
 $ Race.RaceType4Cd                 : Factor w/ 2 levels "3-1-19","3-1-18": 1 1 1 1 1 1 1 1 1 1 ...
 $ RaceHorse.RaceId                 : Factor w/ 213 levels "20160221-08-02-08-04",..: 1 1 1 1 1 1 1 1 1 1 ...
 $ RaceHorse.KettoNum               : Factor w/ 452 levels "2007106537","2008103064",..: 1 2 3 4 5 6 7 8 9 10 ...
 $ RaceHorse.IsHit1                 : int  0 0 0 0 0 0 0 0 1 0 ...
 $ RaceHorse.IsHit2                 : int  0 0 0 0 0 0 0 1 0 0 ...
 $ RaceHorse.IsHit3                 : int  0 0 0 0 0 0 1 0 0 0 ...
 $ RaceHorse.IsHit4                 : int  0 0 0 0 0 1 0 0 0 0 ...
 $ RaceHorse.IsHit5                 : int  1 0 0 0 0 0 0 0 0 0 ...
 $ RaceHorse.IsHit6                 : int  0 1 1 1 1 0 0 0 0 1 ...
 $ RaceHorse.IsValidRaceHorse       : logi  TRUE TRUE TRUE TRUE TRUE TRUE ...
 $ RaceHorse.IsHitA                 : int  0 0 0 0 0 0 0 0 1 0 ...
 $ RaceHorse.IsHitB                 : int  0 0 0 0 0 0 0 1 1 0 ...
 $ RaceHorse.IsHitC                 : int  0 0 0 0 0 0 1 1 1 0 ...
 $ Gen01.HansyokuNum                : Factor w/ 122 levels "11201853","11202006",..: 1 2 3 4 2 5 6 7 8 9 ...
 $ Gen01.TimeSdvByRaceAvg           : num  0.0408 -0.1304 -0.3595 -1.2957 -0.1304 ...
 $ Gen01.TimeSdvByRaceMin           : num  -2.71 -2.31 -1.65 -2.31 -2.31 ...
 $ Gen01.TimeSdvByRaceMax           : num  1.343 1.39358 1.65129 0.00336 1.39358 ...
 $ Gen01.RunCount                   : int  12 14 11 3 14 12 3 1 1 3 ...
 $ Gen01.HitCount1                  : int  2 2 1 0 2 1 0 0 0 0 ...
 $ Gen01.HitCount2                  : int  2 0 0 0 0 3 0 1 0 0 ...
 $ Gen01.HitCount3                  : int  1 2 0 0 2 1 0 0 0 0 ...
 $ Gen01.HitCount4                  : int  0 0 0 0 0 0 0 0 0 0 ...
 $ Gen01.HitCount5                  : int  0 1 2 0 1 0 0 0 0 0 ...
 $ Gen01.HitRate1                   : num  0.1667 0.1429 0.0909 0 0.1429 ...
 $ Gen01.HitRate2                   : num  0.167 0 0 0 0 ...
 $ Gen01.HitRate3                   : num  0.0833 0.1429 0 0 0.1429 ...
 $ Gen01.HitRate4                   : num  0 0 0 0 0 0 0 0 0 0 ...
 $ Gen01.HitRate5                   : num  0 0.0714 0.1818 0 0.0714 ...
 $ EOF                              : int  1 1 1 1 1 1 1 1 1 1 ...
[1] "2022-02-19 09:19:55 --- na.omit Finish ---"
[1] "2022-02-19 09:19:55 --- rxGlm with rxStepControl Start ---"

> print(paste0(Sys.time(), " --- source_logic_glm.R Start ---"))
[1] "2022-02-19 09:19:55 --- source_logic_glm.R Start ---"

> formula <- formula(RaceHorse.IsHitA ~ +1 + Gen01.HitRate1 + 
+     Gen01.HitRate2 + Gen01.HitRate3)

> print(paste0(Sys.time(), " --- source_logic_glm.R Finished ---"))
[1] "2022-02-19 09:19:55 --- source_logic_glm.R Finished ---"
Rows Read: 2256, Total Rows Processed: 2256, Total Chunk Time: 0.077 seconds 

Starting values (iteration 1) time: 0.646 secs.
Rows Read: 2256, Total Rows Processed: 2256, Total Chunk Time: 0.008 seconds 

Iteration 2 time: 0.014 secs.
Rows Read: 2256, Total Rows Processed: 2256, Total Chunk Time: 0.002 seconds 

Iteration 3 time: 0.005 secs.
Rows Read: 2256, Total Rows Processed: 2256, Total Chunk Time: 0.002 seconds 

Iteration 4 time: 0.006 secs.
Rows Read: 2256, Total Rows Processed: 2256, Total Chunk Time: 0.002 seconds 

Iteration 5 time: 0.005 secs.

Elapsed computation time: 0.725 secs.
Rows Read: 2256, Total Rows Processed: 2256, Total Chunk Time: Less than .001 seconds 

Starting values (iteration 1) time: 0.005 secs.
Rows Read: 2256, Total Rows Processed: 2256, Total Chunk Time: 0.002 seconds 

Iteration 2 time: 0.006 secs.
Rows Read: 2256, Total Rows Processed: 2256, Total Chunk Time: 0.001 seconds 

Iteration 3 time: 0.005 secs.
Rows Read: 2256, Total Rows Processed: 2256, Total Chunk Time: Less than .001 seconds 

Iteration 4 time: 0.003 secs.
Rows Read: 2256, Total Rows Processed: 2256, Total Chunk Time: 0.001 seconds 

Iteration 5 time: 0.006 secs.

Elapsed computation time: 0.047 secs.
Rows Read: 2256, Total Rows Processed: 2256, Total Chunk Time: 0.001 seconds 

Starting values (iteration 1) time: 0.005 secs.
Rows Read: 2256, Total Rows Processed: 2256, Total Chunk Time: 0.001 seconds 

Iteration 2 time: 0.006 secs.
Rows Read: 2256, Total Rows Processed: 2256, Total Chunk Time: Less than .001 seconds 

Iteration 3 time: 0.004 secs.
Rows Read: 2256, Total Rows Processed: 2256, Total Chunk Time: 0.002 seconds 

Iteration 4 time: 0.004 secs.
Rows Read: 2256, Total Rows Processed: 2256, Total Chunk Time: Less than .001 seconds 

Iteration 5 time: 0.004 secs.

Elapsed computation time: 0.047 secs.
Rows Read: 2256, Total Rows Processed: 2256, Total Chunk Time: Less than .001 seconds 

Starting values (iteration 1) time: 0.005 secs.
Rows Read: 2256, Total Rows Processed: 2256, Total Chunk Time: 0.002 seconds 

Iteration 2 time: 0.006 secs.
Rows Read: 2256, Total Rows Processed: 2256, Total Chunk Time: 0.001 seconds 

Iteration 3 time: 0.005 secs.
Rows Read: 2256, Total Rows Processed: 2256, Total Chunk Time: Less than .001 seconds 

Iteration 4 time: 0.007 secs.
Rows Read: 2256, Total Rows Processed: 2256, Total Chunk Time: 0.002 seconds 

Iteration 5 time: 0.005 secs.

Elapsed computation time: 0.051 secs.
Rows Read: 2256, Total Rows Processed: 2256, Total Chunk Time: Less than .001 seconds 

Starting values (iteration 1) time: 0.006 secs.
Rows Read: 2256, Total Rows Processed: 2256, Total Chunk Time: Less than .001 seconds 

Iteration 2 time: 0.006 secs.
Rows Read: 2256, Total Rows Processed: 2256, Total Chunk Time: Less than .001 seconds 

Iteration 3 time: 0.004 secs.
Rows Read: 2256, Total Rows Processed: 2256, Total Chunk Time: Less than .001 seconds 

Iteration 4 time: 0.005 secs.
Rows Read: 2256, Total Rows Processed: 2256, Total Chunk Time: Less than .001 seconds 

Iteration 5 time: 0.004 secs.

Elapsed computation time: 0.048 secs.
Rows Read: 2256, Total Rows Processed: 2256, Total Chunk Time: Less than .001 seconds 

Starting values (iteration 1) time: 0.006 secs.
Rows Read: 2256, Total Rows Processed: 2256, Total Chunk Time: Less than .001 seconds 

Iteration 2 time: 0.004 secs.
Rows Read: 2256, Total Rows Processed: 2256, Total Chunk Time: 0.001 seconds 

Iteration 3 time: 0.006 secs.
Rows Read: 2256, Total Rows Processed: 2256, Total Chunk Time: Less than .001 seconds 

Iteration 4 time: 0.004 secs.
Rows Read: 2256, Total Rows Processed: 2256, Total Chunk Time: 0.001 seconds 

Iteration 5 time: 0.004 secs.

Elapsed computation time: 0.045 secs.
Rows Read: 2256, Total Rows Processed: 2256, Total Chunk Time: Less than .001 seconds 

Starting values (iteration 1) time: 0.005 secs.
Rows Read: 2256, Total Rows Processed: 2256, Total Chunk Time: Less than .001 seconds 

Iteration 2 time: 0.004 secs.
Rows Read: 2256, Total Rows Processed: 2256, Total Chunk Time: 0.002 seconds 

Iteration 3 time: 0.004 secs.
Rows Read: 2256, Total Rows Processed: 2256, Total Chunk Time: Less than .001 seconds 

Iteration 4 time: 0.003 secs.
Rows Read: 2256, Total Rows Processed: 2256, Total Chunk Time: Less than .001 seconds 

Iteration 5 time: 0.004 secs.

Elapsed computation time: 0.041 secs.
Rows Read: 2256, Total Rows Processed: 2256, Total Chunk Time: Less than .001 seconds 

Starting values (iteration 1) time: 0.004 secs.
Rows Read: 2256, Total Rows Processed: 2256, Total Chunk Time: 0.001 seconds 

Iteration 2 time: 0.004 secs.
Rows Read: 2256, Total Rows Processed: 2256, Total Chunk Time: 0.001 seconds 

Iteration 3 time: 0.003 secs.
Rows Read: 2256, Total Rows Processed: 2256, Total Chunk Time: Less than .001 seconds 

Iteration 4 time: 0.005 secs.
Rows Read: 2256, Total Rows Processed: 2256, Total Chunk Time: Less than .001 seconds 

Iteration 5 time: 0.005 secs.

Elapsed computation time: 0.044 secs.

Elapsed computation time: 1.278 secs.
[1] "--------------------------------------------------------------------------------"
[1] "analyze.results.glm.step="
Logistic Regression Results for: RaceHorse.IsHitA ~ Gen01.HitRate1 +
    Gen01.HitRate2
Data: data
Dependent variable(s): RaceHorse.IsHitA
Total independent variables: 3 
Number of valid observations: 2256
Number of missing observations: 0 
 
Coefficients:
               RaceHorse.IsHitA
(Intercept)                  -3
Gen01.HitRate1                1
Gen01.HitRate2                1
[1] "analyze.results.glm.step.summary"
Call:
rxLogit(formula = formula, data = data, variableSelection = analyze.results.glm.step.varsel)

Logistic Regression Results for: RaceHorse.IsHitA ~ Gen01.HitRate1 +
    Gen01.HitRate2
Data: data
Dependent variable(s): RaceHorse.IsHitA
Total independent variables: 3 
Number of valid observations: 2256
Number of missing observations: 0 
-2*LogLikelihood: 1305.487 (Residual deviance on 2253 degrees of freedom)
 
Coefficients:
               Estimate Std. Error z value Pr(>|z|)    
(Intercept)     -2.6518     0.0995  -26.65  2.2e-16 ***
Gen01.HitRate1   1.3500     0.3173    4.26  2.1e-05 ***
Gen01.HitRate2   1.3492     0.3366    4.01  6.1e-05 ***
---
Signif. codes:  0 '***' 0.001 '**' 0.01 '*' 0.05 '.' 0.1 ' ' 1

Condition number of final variance-covariance matrix: 1 
Number of iterations: 5
[1] "--------------------------------------------------------------------------------"
[1] "2022-02-19 09:19:57 --- rxGlm with rxStepControl Finish ---"
[1] "2022-02-19 09:19:57 --- rxStepPlot Start ---"
[1] "pdfFilename=pdf_analyze_glm_Gen01_Type31_rxStepPlot.pdf"
[1] "rxStepPlot="
[1] "2022-02-19 09:19:57 --- rxStepPlot Finish ---"
[1] "2022-02-19 09:19:57 --- save.image Start ---"
[1] "save.image"
[1] "rdataFilename=RData_analyze_glm_Gen01_Type31.RData"
[1] "2022-02-19 09:19:57 --- save.image Finish ---"
[1] "2022-02-19 09:19:57 --- final Start ---"
[1] "--------------------------------------------------------------------------------"
[1] "nrow(data) final=2256"
[1] "--------------------------------------------------------------------------------"
[1] "2022-02-19 09:19:57 --- final Finish ---"
[1] "2022-02-19 09:19:57 --- analyze_glm.R Finished ---"
[1] "2022-02-19 09:19:57 --- log Finish ---"
