[1] "2022-02-21 11:27:11 --- D1115_analyze_glm_Jockey_IsHitA_Type23 Start ---"
[1] "2022-02-21 11:27:11 --- Log Start ---"
[1] "2022-02-21 11:27:11 --- analyze_glm.R Start ---"
[1] "analyzeVersion=D1115"
[1] "analyzeCategory=analyze"
[1] "analyzeType=Jockey"
[1] "analyzeFamily=IsHitA"
[1] "analyzeFunc=glm"
[1] "analyzeTrackTypeCd=2"
[1] "analyzeJyokenCd=3"
[1] "2022-02-21 11:27:12 --- source_function.R Start ---"
[1] "2022-02-21 11:27:12 --- source_function.R Finished ---"

> print(paste0(Sys.time(), " --- source_library.R Start ---"))
[1] "2022-02-21 11:27:12 --- source_library.R Start ---"

> require("RevoScaleR")

> print(paste0(Sys.time(), " --- source_library.R Finished ---"))
[1] "2022-02-21 11:27:13 --- source_library.R Finished ---"
[1] "2022-02-21 11:27:13 --- RxSqlServerData Start ---"
[1] "2022-02-21 11:27:13 --- RxInSqlServer Start ---"
[1] "2022-02-21 11:27:13 --- RxInSqlServer Finish ---"
[1] "2022-02-21 11:27:13 --- rxSetComputeContext Start ---"
[1] "2022-02-21 11:27:13 --- rxSetComputeContext Finish ---"
[1] "2022-02-21 11:27:13 --- RxSqlServerData Start ---"
[1] "sqlQuery=SELECT * FROM ViewAnalyzeD1115analyze01JockeyType23"
[1] "2022-02-21 11:27:13 --- RxSqlServerData Finish ---"
[1] "2022-02-21 11:27:13 --- rxGetVarInfo Start ---"
[1] "2022-02-21 11:27:13 --- rxGetVarInfo Finish---"
[1] "2022-02-21 11:27:13 --- rxImport Start ---"
Rows Read: 14969, Total Rows Processed: 14969, Total Chunk Time: 43.117 seconds 
[1] "2022-02-21 11:28:51 --- rxImport Finish ---"
[1] "object.size(data) auto=3.3 Mb"
[1] "--------------------------------------------------------------------------------"
[1] "nrow(data) RxSqlServerData=14969"
[1] "--------------------------------------------------------------------------------"
[1] "str(data)="
'data.frame':	14969 obs. of  43 variables:
 $ Race.RaceId                      : Factor w/ 1011 levels "20160117-06-01-06-08",..: 2 2 2 2 2 2 2 2 2 2 ...
 $ Race.IsPredictedRace             : logi  TRUE TRUE TRUE TRUE TRUE TRUE ...
 $ Race.IsAnalyzeNormalPastAndFuture: logi  TRUE TRUE TRUE TRUE TRUE TRUE ...
 $ Race.IsAnalyzeNormalPast         : logi  TRUE TRUE TRUE TRUE TRUE TRUE ...
 $ Race.IsAnalyzeNormalFuture       : logi  FALSE FALSE FALSE FALSE FALSE FALSE ...
 $ Race.IsAnalyzeFullPastAndFuture  : logi  TRUE TRUE TRUE TRUE TRUE TRUE ...
 $ Race.IsAnalyzeFullPast           : logi  TRUE TRUE TRUE TRUE TRUE TRUE ...
 $ Race.IsAnalyzeFullFuture         : logi  FALSE FALSE FALSE FALSE FALSE FALSE ...
 $ Race.JyokenCd                    : Factor w/ 1 level "3": 1 1 1 1 1 1 1 1 1 1 ...
 $ Race.JyoType1Cd                  : Factor w/ 105 levels "2-06-1800-1",..: 2 2 2 2 2 2 2 2 2 2 ...
 $ Race.RaceType0Cd                 : Factor w/ 246 levels "2-06-1800-1-3-X-14",..: 2 2 2 2 2 2 2 2 2 2 ...
 $ Race.RaceType1Cd                 : Factor w/ 2 levels "2-3-X","2-3-E": 1 1 1 1 1 1 1 1 1 1 ...
 $ Race.RaceType2Cd                 : Factor w/ 2 levels "2-3-X","2-3-E": 1 1 1 1 1 1 1 1 1 1 ...
 $ Race.RaceType3Cd                 : Factor w/ 4 levels "3-X-14","3-E-14",..: 1 1 1 1 1 1 1 1 1 1 ...
 $ Race.RaceType4Cd                 : Factor w/ 2 levels "2-3-14","2-3-13": 1 1 1 1 1 1 1 1 1 1 ...
 $ RaceHorse.RaceId                 : Factor w/ 1011 levels "20160117-06-01-06-08",..: 2 2 2 2 2 2 2 2 2 2 ...
 $ RaceHorse.KettoNum               : Factor w/ 3177 levels "2009105877","2010101017",..: 11 12 13 14 15 16 17 18 19 20 ...
 $ RaceHorse.IsHit1                 : int  0 0 0 0 1 0 0 0 0 0 ...
 $ RaceHorse.IsHit2                 : int  0 0 0 0 0 0 0 0 0 0 ...
 $ RaceHorse.IsHit3                 : int  0 0 0 0 0 0 0 0 0 0 ...
 $ RaceHorse.IsHit4                 : int  0 0 0 0 0 0 0 0 0 0 ...
 $ RaceHorse.IsHit5                 : int  0 0 0 0 0 0 0 0 0 0 ...
 $ RaceHorse.IsHit6                 : int  1 1 1 1 0 1 1 1 1 1 ...
 $ RaceHorse.IsValidRaceHorse       : logi  TRUE TRUE TRUE TRUE TRUE TRUE ...
 $ RaceHorse.IsHitA                 : int  0 0 0 0 1 0 0 0 0 0 ...
 $ RaceHorse.IsHitB                 : int  0 0 0 0 1 0 0 0 0 0 ...
 $ RaceHorse.IsHitC                 : int  0 0 0 0 1 0 0 0 0 0 ...
 $ Jockey.KisyuCode                 : Factor w/ 176 levels "01085","01029",..: 2 11 7 10 12 3 13 6 5 14 ...
 $ Jockey.TimeSdvByRaceAvg          : num  -0.046 -1.3027 0.0276 0.2845 0.0415 ...
 $ Jockey.TimeSdvByRaceMin          : num  -2.07 -1.9 -2.72 -2.62 -2.27 ...
 $ Jockey.TimeSdvByRaceMax          : num  1.476 -0.117 1.736 2.03 1.537 ...
 $ Jockey.RunCount                  : int  55 3 31 56 88 25 35 44 29 7 ...
 $ Jockey.HitCount1                 : int  5 0 0 7 2 2 0 3 1 0 ...
 $ Jockey.HitCount2                 : int  4 0 1 5 8 0 1 4 3 1 ...
 $ Jockey.HitCount3                 : int  3 0 5 7 9 2 8 2 1 1 ...
 $ Jockey.HitCount4                 : int  3 0 1 2 3 3 3 0 1 0 ...
 $ Jockey.HitCount5                 : int  3 0 3 2 6 0 0 4 1 1 ...
 $ Jockey.HitRate1                  : num  0.0909 0 0 0.125 0.0227 ...
 $ Jockey.HitRate2                  : num  0.0727 0 0.0323 0.0893 0.0909 ...
 $ Jockey.HitRate3                  : num  0.0545 0 0.1613 0.125 0.1023 ...
 $ Jockey.HitRate4                  : num  0.0545 0 0.0323 0.0357 0.0341 ...
 $ Jockey.HitRate5                  : num  0.0545 0 0.0968 0.0357 0.0682 ...
 $ EOF                              : int  1 1 1 1 1 1 1 1 1 1 ...
[1] "2022-02-21 11:28:51 --- RxSqlServerData Finish ---"
[1] "2022-02-21 11:28:51 --- subset Start ---"
[1] "--------------------------------------------------------------------------------"
[1] "nrow(data) subset before=14969"
[1] "nrow(data) subset after =14969"
[1] "nrow(data) subset diff =0"
[1] "--------------------------------------------------------------------------------"
[1] "2022-02-21 11:28:51 --- subset Finish---"
[1] "2022-02-21 11:28:51 --- transform Start ---"
[1] "--------------------------------------------------------------------------------"
[1] "nrow(data) transform before=14969"
[1] "nrow(data) transform after=14969"
[1] "nrow(data) transform diff=0"
[1] "--------------------------------------------------------------------------------"
[1] "str(data)="
'data.frame':	14969 obs. of  43 variables:
 $ Race.RaceId                      : Factor w/ 1011 levels "20160117-06-01-06-08",..: 2 2 2 2 2 2 2 2 2 2 ...
 $ Race.IsPredictedRace             : logi  TRUE TRUE TRUE TRUE TRUE TRUE ...
 $ Race.IsAnalyzeNormalPastAndFuture: logi  TRUE TRUE TRUE TRUE TRUE TRUE ...
 $ Race.IsAnalyzeNormalPast         : logi  TRUE TRUE TRUE TRUE TRUE TRUE ...
 $ Race.IsAnalyzeNormalFuture       : logi  FALSE FALSE FALSE FALSE FALSE FALSE ...
 $ Race.IsAnalyzeFullPastAndFuture  : logi  TRUE TRUE TRUE TRUE TRUE TRUE ...
 $ Race.IsAnalyzeFullPast           : logi  TRUE TRUE TRUE TRUE TRUE TRUE ...
 $ Race.IsAnalyzeFullFuture         : logi  FALSE FALSE FALSE FALSE FALSE FALSE ...
 $ Race.JyokenCd                    : Factor w/ 1 level "3": 1 1 1 1 1 1 1 1 1 1 ...
 $ Race.JyoType1Cd                  : Factor w/ 105 levels "2-06-1800-1",..: 2 2 2 2 2 2 2 2 2 2 ...
 $ Race.RaceType0Cd                 : Factor w/ 246 levels "2-06-1800-1-3-X-14",..: 2 2 2 2 2 2 2 2 2 2 ...
 $ Race.RaceType1Cd                 : Factor w/ 2 levels "2-3-X","2-3-E": 1 1 1 1 1 1 1 1 1 1 ...
 $ Race.RaceType2Cd                 : Factor w/ 2 levels "2-3-X","2-3-E": 1 1 1 1 1 1 1 1 1 1 ...
 $ Race.RaceType3Cd                 : Factor w/ 4 levels "3-X-14","3-E-14",..: 1 1 1 1 1 1 1 1 1 1 ...
 $ Race.RaceType4Cd                 : Factor w/ 2 levels "2-3-14","2-3-13": 1 1 1 1 1 1 1 1 1 1 ...
 $ RaceHorse.RaceId                 : Factor w/ 1011 levels "20160117-06-01-06-08",..: 2 2 2 2 2 2 2 2 2 2 ...
 $ RaceHorse.KettoNum               : Factor w/ 3177 levels "2009105877","2010101017",..: 11 12 13 14 15 16 17 18 19 20 ...
 $ RaceHorse.IsHit1                 : int  0 0 0 0 1 0 0 0 0 0 ...
 $ RaceHorse.IsHit2                 : int  0 0 0 0 0 0 0 0 0 0 ...
 $ RaceHorse.IsHit3                 : int  0 0 0 0 0 0 0 0 0 0 ...
 $ RaceHorse.IsHit4                 : int  0 0 0 0 0 0 0 0 0 0 ...
 $ RaceHorse.IsHit5                 : int  0 0 0 0 0 0 0 0 0 0 ...
 $ RaceHorse.IsHit6                 : int  1 1 1 1 0 1 1 1 1 1 ...
 $ RaceHorse.IsValidRaceHorse       : logi  TRUE TRUE TRUE TRUE TRUE TRUE ...
 $ RaceHorse.IsHitA                 : int  0 0 0 0 1 0 0 0 0 0 ...
 $ RaceHorse.IsHitB                 : int  0 0 0 0 1 0 0 0 0 0 ...
 $ RaceHorse.IsHitC                 : int  0 0 0 0 1 0 0 0 0 0 ...
 $ Jockey.KisyuCode                 : Factor w/ 176 levels "01085","01029",..: 2 11 7 10 12 3 13 6 5 14 ...
 $ Jockey.TimeSdvByRaceAvg          : num  -0.046 -1.3027 0.0276 0.2845 0.0415 ...
 $ Jockey.TimeSdvByRaceMin          : num  -2.07 -1.9 -2.72 -2.62 -2.27 ...
 $ Jockey.TimeSdvByRaceMax          : num  1.476 -0.117 1.736 2.03 1.537 ...
 $ Jockey.RunCount                  : int  55 3 31 56 88 25 35 44 29 7 ...
 $ Jockey.HitCount1                 : int  5 0 0 7 2 2 0 3 1 0 ...
 $ Jockey.HitCount2                 : int  4 0 1 5 8 0 1 4 3 1 ...
 $ Jockey.HitCount3                 : int  3 0 5 7 9 2 8 2 1 1 ...
 $ Jockey.HitCount4                 : int  3 0 1 2 3 3 3 0 1 0 ...
 $ Jockey.HitCount5                 : int  3 0 3 2 6 0 0 4 1 1 ...
 $ Jockey.HitRate1                  : num  0.0909 0 0 0.125 0.0227 ...
 $ Jockey.HitRate2                  : num  0.0727 0 0.0323 0.0893 0.0909 ...
 $ Jockey.HitRate3                  : num  0.0545 0 0.1613 0.125 0.1023 ...
 $ Jockey.HitRate4                  : num  0.0545 0 0.0323 0.0357 0.0341 ...
 $ Jockey.HitRate5                  : num  0.0545 0 0.0968 0.0357 0.0682 ...
 $ EOF                              : int  1 1 1 1 1 1 1 1 1 1 ...
NULL
[1] "2022-02-21 11:28:52 --- transform Finish ---"
[1] "2022-02-21 11:28:52 --- na.omit Start ---"
[1] "--------------------------------------------------------------------------------"
[1] "nrow(data) na.omit before=14969"
[1] "nrow(data) na.omit after =14969"
[1] "nrow(data) na.omit diff =0"
[1] "--------------------------------------------------------------------------------"
'data.frame':	14969 obs. of  43 variables:
 $ Race.RaceId                      : Factor w/ 1011 levels "20160117-06-01-06-08",..: 2 2 2 2 2 2 2 2 2 2 ...
 $ Race.IsPredictedRace             : logi  TRUE TRUE TRUE TRUE TRUE TRUE ...
 $ Race.IsAnalyzeNormalPastAndFuture: logi  TRUE TRUE TRUE TRUE TRUE TRUE ...
 $ Race.IsAnalyzeNormalPast         : logi  TRUE TRUE TRUE TRUE TRUE TRUE ...
 $ Race.IsAnalyzeNormalFuture       : logi  FALSE FALSE FALSE FALSE FALSE FALSE ...
 $ Race.IsAnalyzeFullPastAndFuture  : logi  TRUE TRUE TRUE TRUE TRUE TRUE ...
 $ Race.IsAnalyzeFullPast           : logi  TRUE TRUE TRUE TRUE TRUE TRUE ...
 $ Race.IsAnalyzeFullFuture         : logi  FALSE FALSE FALSE FALSE FALSE FALSE ...
 $ Race.JyokenCd                    : Factor w/ 1 level "3": 1 1 1 1 1 1 1 1 1 1 ...
 $ Race.JyoType1Cd                  : Factor w/ 105 levels "2-06-1800-1",..: 2 2 2 2 2 2 2 2 2 2 ...
 $ Race.RaceType0Cd                 : Factor w/ 246 levels "2-06-1800-1-3-X-14",..: 2 2 2 2 2 2 2 2 2 2 ...
 $ Race.RaceType1Cd                 : Factor w/ 2 levels "2-3-X","2-3-E": 1 1 1 1 1 1 1 1 1 1 ...
 $ Race.RaceType2Cd                 : Factor w/ 2 levels "2-3-X","2-3-E": 1 1 1 1 1 1 1 1 1 1 ...
 $ Race.RaceType3Cd                 : Factor w/ 4 levels "3-X-14","3-E-14",..: 1 1 1 1 1 1 1 1 1 1 ...
 $ Race.RaceType4Cd                 : Factor w/ 2 levels "2-3-14","2-3-13": 1 1 1 1 1 1 1 1 1 1 ...
 $ RaceHorse.RaceId                 : Factor w/ 1011 levels "20160117-06-01-06-08",..: 2 2 2 2 2 2 2 2 2 2 ...
 $ RaceHorse.KettoNum               : Factor w/ 3177 levels "2009105877","2010101017",..: 11 12 13 14 15 16 17 18 19 20 ...
 $ RaceHorse.IsHit1                 : int  0 0 0 0 1 0 0 0 0 0 ...
 $ RaceHorse.IsHit2                 : int  0 0 0 0 0 0 0 0 0 0 ...
 $ RaceHorse.IsHit3                 : int  0 0 0 0 0 0 0 0 0 0 ...
 $ RaceHorse.IsHit4                 : int  0 0 0 0 0 0 0 0 0 0 ...
 $ RaceHorse.IsHit5                 : int  0 0 0 0 0 0 0 0 0 0 ...
 $ RaceHorse.IsHit6                 : int  1 1 1 1 0 1 1 1 1 1 ...
 $ RaceHorse.IsValidRaceHorse       : logi  TRUE TRUE TRUE TRUE TRUE TRUE ...
 $ RaceHorse.IsHitA                 : int  0 0 0 0 1 0 0 0 0 0 ...
 $ RaceHorse.IsHitB                 : int  0 0 0 0 1 0 0 0 0 0 ...
 $ RaceHorse.IsHitC                 : int  0 0 0 0 1 0 0 0 0 0 ...
 $ Jockey.KisyuCode                 : Factor w/ 176 levels "01085","01029",..: 2 11 7 10 12 3 13 6 5 14 ...
 $ Jockey.TimeSdvByRaceAvg          : num  -0.046 -1.3027 0.0276 0.2845 0.0415 ...
 $ Jockey.TimeSdvByRaceMin          : num  -2.07 -1.9 -2.72 -2.62 -2.27 ...
 $ Jockey.TimeSdvByRaceMax          : num  1.476 -0.117 1.736 2.03 1.537 ...
 $ Jockey.RunCount                  : int  55 3 31 56 88 25 35 44 29 7 ...
 $ Jockey.HitCount1                 : int  5 0 0 7 2 2 0 3 1 0 ...
 $ Jockey.HitCount2                 : int  4 0 1 5 8 0 1 4 3 1 ...
 $ Jockey.HitCount3                 : int  3 0 5 7 9 2 8 2 1 1 ...
 $ Jockey.HitCount4                 : int  3 0 1 2 3 3 3 0 1 0 ...
 $ Jockey.HitCount5                 : int  3 0 3 2 6 0 0 4 1 1 ...
 $ Jockey.HitRate1                  : num  0.0909 0 0 0.125 0.0227 ...
 $ Jockey.HitRate2                  : num  0.0727 0 0.0323 0.0893 0.0909 ...
 $ Jockey.HitRate3                  : num  0.0545 0 0.1613 0.125 0.1023 ...
 $ Jockey.HitRate4                  : num  0.0545 0 0.0323 0.0357 0.0341 ...
 $ Jockey.HitRate5                  : num  0.0545 0 0.0968 0.0357 0.0682 ...
 $ EOF                              : int  1 1 1 1 1 1 1 1 1 1 ...
[1] "2022-02-21 11:28:52 --- na.omit Finish ---"
[1] "2022-02-21 11:28:52 --- rxGlm with rxStepControl Start ---"

> print(paste0(Sys.time(), " --- source_logic_glm.R Start ---"))
[1] "2022-02-21 11:28:52 --- source_logic_glm.R Start ---"

> formula <- formula(RaceHorse.IsHitA ~ +1 + Jockey.HitRate1 + 
+     Jockey.HitRate2 + Jockey.HitRate3)

> print(paste0(Sys.time(), " --- source_logic_glm.R Finished ---"))
[1] "2022-02-21 11:28:52 --- source_logic_glm.R Finished ---"
Rows Read: 14969, Total Rows Processed: 14969, Total Chunk Time: 0.001 seconds 

Starting values (iteration 1) time: 0.009 secs.
Rows Read: 14969, Total Rows Processed: 14969, Total Chunk Time: Less than .001 seconds 

Iteration 2 time: 0.006 secs.
Rows Read: 14969, Total Rows Processed: 14969, Total Chunk Time: 0.001 seconds 

Iteration 3 time: 0.005 secs.
Rows Read: 14969, Total Rows Processed: 14969, Total Chunk Time: 0.002 seconds 

Iteration 4 time: 0.004 secs.
Rows Read: 14969, Total Rows Processed: 14969, Total Chunk Time: 0.002 seconds 

Iteration 5 time: 0.004 secs.

Elapsed computation time: 0.041 secs.
Rows Read: 14969, Total Rows Processed: 14969, Total Chunk Time: Less than .001 seconds 

Starting values (iteration 1) time: 0.005 secs.
Rows Read: 14969, Total Rows Processed: 14969, Total Chunk Time: Less than .001 seconds 

Iteration 2 time: 0.005 secs.
Rows Read: 14969, Total Rows Processed: 14969, Total Chunk Time: 0.002 seconds 

Iteration 3 time: 0.004 secs.
Rows Read: 14969, Total Rows Processed: 14969, Total Chunk Time: 0.002 seconds 

Iteration 4 time: 0.003 secs.
Rows Read: 14969, Total Rows Processed: 14969, Total Chunk Time: 0.002 seconds 

Iteration 5 time: 0.005 secs.

Elapsed computation time: 0.044 secs.
Rows Read: 14969, Total Rows Processed: 14969, Total Chunk Time: 0.001 seconds 

Starting values (iteration 1) time: 0.007 secs.
Rows Read: 14969, Total Rows Processed: 14969, Total Chunk Time: 0.001 seconds 

Iteration 2 time: 0.005 secs.
Rows Read: 14969, Total Rows Processed: 14969, Total Chunk Time: 0.002 seconds 

Iteration 3 time: 0.003 secs.
Rows Read: 14969, Total Rows Processed: 14969, Total Chunk Time: 0.002 seconds 

Iteration 4 time: 0.005 secs.
Rows Read: 14969, Total Rows Processed: 14969, Total Chunk Time: 0.001 seconds 

Iteration 5 time: 0.004 secs.

Elapsed computation time: 0.041 secs.
Rows Read: 14969, Total Rows Processed: 14969, Total Chunk Time: 0.001 seconds 

Starting values (iteration 1) time: 0.005 secs.
Rows Read: 14969, Total Rows Processed: 14969, Total Chunk Time: 0.002 seconds 

Iteration 2 time: 0.007 secs.
Rows Read: 14969, Total Rows Processed: 14969, Total Chunk Time: 0.002 seconds 

Iteration 3 time: 0.005 secs.
Rows Read: 14969, Total Rows Processed: 14969, Total Chunk Time: Less than .001 seconds 

Iteration 4 time: 0.004 secs.
Rows Read: 14969, Total Rows Processed: 14969, Total Chunk Time: 0.001 seconds 

Iteration 5 time: 0.004 secs.

Elapsed computation time: 0.042 secs.
Rows Read: 14969, Total Rows Processed: 14969, Total Chunk Time: Less than .001 seconds 

Starting values (iteration 1) time: 0.005 secs.
Rows Read: 14969, Total Rows Processed: 14969, Total Chunk Time: 0.002 seconds 

Iteration 2 time: 0.005 secs.
Rows Read: 14969, Total Rows Processed: 14969, Total Chunk Time: 0.002 seconds 

Iteration 3 time: 0.005 secs.
Rows Read: 14969, Total Rows Processed: 14969, Total Chunk Time: 0.002 seconds 

Iteration 4 time: 0.005 secs.
Rows Read: 14969, Total Rows Processed: 14969, Total Chunk Time: 0.001 seconds 

Iteration 5 time: 0.004 secs.

Elapsed computation time: 0.041 secs.

Elapsed computation time: 0.234 secs.
[1] "--------------------------------------------------------------------------------"
[1] "analyze.results.glm.step="
Logistic Regression Results for: RaceHorse.IsHitA ~ Jockey.HitRate1 +
    Jockey.HitRate2 + Jockey.HitRate3
Data: data
Dependent variable(s): RaceHorse.IsHitA
Total independent variables: 4 
Number of valid observations: 14969
Number of missing observations: 0 
 
Coefficients:
                RaceHorse.IsHitA
(Intercept)                   -3
Jockey.HitRate1                4
Jockey.HitRate2                3
Jockey.HitRate3                3
[1] "analyze.results.glm.step.summary"
Call:
rxLogit(formula = formula, data = data, variableSelection = analyze.results.glm.step.varsel)

Logistic Regression Results for: RaceHorse.IsHitA ~ Jockey.HitRate1 +
    Jockey.HitRate2 + Jockey.HitRate3
Data: data
Dependent variable(s): RaceHorse.IsHitA
Total independent variables: 4 
Number of valid observations: 14969
Number of missing observations: 0 
-2*LogLikelihood: 7218.434 (Residual deviance on 14965 degrees of freedom)
 
Coefficients:
                Estimate Std. Error z value Pr(>|z|)    
(Intercept)      -3.3551     0.0699  -47.97  2.2e-16 ***
Jockey.HitRate1   3.6020     0.4396    8.19  2.2e-16 ***
Jockey.HitRate2   3.1235     0.5187    6.02  1.7e-09 ***
Jockey.HitRate3   3.2328     0.5409    5.98  2.3e-09 ***
---
Signif. codes:  0 '***' 0.001 '**' 0.01 '*' 0.05 '.' 0.1 ' ' 1

Condition number of final variance-covariance matrix: 1 
Number of iterations: 5
[1] "--------------------------------------------------------------------------------"
[1] "2022-02-21 11:28:52 --- rxGlm with rxStepControl Finish ---"
[1] "2022-02-21 11:28:52 --- rxStepPlot Start ---"
[1] "pdfFilename=pdf_analyze_glm_Jockey_Type23_rxStepPlot.pdf"
[1] "rxStepPlot="
[1] "2022-02-21 11:28:52 --- rxStepPlot Finish ---"
[1] "2022-02-21 11:28:52 --- save.image Start ---"
[1] "save.image"
[1] "rdataFilename=RData_analyze_glm_Jockey_Type23.RData"
[1] "2022-02-21 11:28:52 --- save.image Finish ---"
[1] "2022-02-21 11:28:52 --- final Start ---"
[1] "--------------------------------------------------------------------------------"
[1] "nrow(data) final=14969"
[1] "--------------------------------------------------------------------------------"
[1] "2022-02-21 11:28:52 --- final Finish ---"
[1] "2022-02-21 11:28:52 --- analyze_glm.R Finished ---"
[1] "2022-02-21 11:28:52 --- log Finish ---"
