[1] "2022-02-20 15:21:09 --- D1115_Predict_glm_Gen02_IsHitA_Type14 Start ---"
[1] "2022-02-20 15:21:09 --- Log Start ---"
[1] "2022-02-20 15:21:09 --- predict.R Start ---"
[1] "--------------------------------------------------------------------------------"
[1] "analyzeVersion=D1115"
[1] "analyzeCategory=Predict"
[1] "analyzeType=Gen02"
[1] "analyzeFamily=IsHitA"
[1] "analyzeFunc=glm"
[1] "analyzeTrackTypeCd=1"
[1] "analyzeJyokenCd=4"
[1] "--------------------------------------------------------------------------------"
[1] "2022-02-20 15:21:09 --- source_function.R Start ---"
[1] "2022-02-20 15:21:09 --- source_function.R Finished ---"

> print(paste0(Sys.time(), " --- source_library.R Start ---"))
[1] "2022-02-20 15:21:09 --- source_library.R Start ---"

> require("RevoScaleR")

> print(paste0(Sys.time(), " --- source_library.R Finished ---"))
[1] "2022-02-20 15:21:09 --- source_library.R Finished ---"
[1] "2022-02-20 15:21:09 --- Load Start ---"
[1] "analyzeTrackTypeCd=1"
[1] "analyzeJyokenCd=4"
[1] "loadFilename=RData_Analyze_glm_Gen02_Type14.RData"
[1] "2022-02-20 15:21:09 --- Load Finished ---"
[1] "2022-02-20 15:21:09 --- RxSqlServerData Start ---"
[1] "2022-02-20 15:21:09 --- RxInSqlServer Start ---"
[1] "2022-02-20 15:21:09 --- RxInSqlServer Finish ---"
[1] "2022-02-20 15:21:09 --- rxSetComputeContext Start ---"
[1] "2022-02-20 15:21:09 --- rxSetComputeContext Finish ---"
[1] "2022-02-20 15:21:09 --- RxSqlServerData Start ---"
[1] "analyzeTrackTypeCd=1"
[1] "analyzeJyokenCd=4"
[1] "predictSqlQuery=SELECT * FROM ViewAnalyzeD1115Predict01Gen02Type14"
[1] "2022-02-20 15:21:09 --- RxSqlServerData Finish ---"
[1] "2022-02-20 15:21:09 --- rxGetVarInfo Start ---"
[1] "2022-02-20 15:21:10 --- rxGetVarInfo Finish---"
[1] "2022-02-20 15:21:10 --- rxImport Start ---"
Rows Read: 30116, Total Rows Processed: 30116, Total Chunk Time: 205.032 seconds 
[1] "2022-02-20 15:26:55 --- rxImport Finish ---"
[1] "object.size(InputDataSet) auto=7.1 Mb"
[1] "--------------------------------------------------------------------------------"
[1] "nrow(InputDataSet) RxSqlServerData=30116"
[1] "--------------------------------------------------------------------------------"
[1] "str(InputDataSet)="
'data.frame':	30116 obs. of  43 variables:
 $ Race.RaceId                      : Factor w/ 2711 levels "20160423-08-03-01-07",..: 2 2 2 2 2 2 2 2 2 2 ...
 $ Race.IsPredictedRace             : logi  TRUE TRUE TRUE TRUE TRUE TRUE ...
 $ Race.IsAnalyzeNormalPastAndFuture: logi  TRUE TRUE TRUE TRUE TRUE TRUE ...
 $ Race.IsAnalyzeNormalPast         : logi  TRUE TRUE TRUE TRUE TRUE TRUE ...
 $ Race.IsAnalyzeNormalFuture       : logi  FALSE FALSE FALSE FALSE FALSE FALSE ...
 $ Race.IsAnalyzeFullPastAndFuture  : logi  TRUE TRUE TRUE TRUE TRUE TRUE ...
 $ Race.IsAnalyzeFullPast           : logi  TRUE TRUE TRUE TRUE TRUE TRUE ...
 $ Race.IsAnalyzeFullFuture         : logi  FALSE FALSE FALSE FALSE FALSE FALSE ...
 $ Race.JyokenCd                    : Factor w/ 1 level "4": 1 1 1 1 1 1 1 1 1 1 ...
 $ Race.JyoType1Cd                  : Factor w/ 182 levels "1-08-1600-1",..: 2 2 2 2 2 2 2 2 2 2 ...
 $ Race.RaceType0Cd                 : Factor w/ 551 levels "1-08-1600-1-4-X-14",..: 2 2 2 2 2 2 2 2 2 2 ...
 $ Race.RaceType1Cd                 : Factor w/ 2 levels "1-4-X","1-4-E": 1 1 1 1 1 1 1 1 1 1 ...
 $ Race.RaceType2Cd                 : Factor w/ 2 levels "1-4-X","1-4-E": 1 1 1 1 1 1 1 1 1 1 ...
 $ Race.RaceType3Cd                 : Factor w/ 8 levels "4-X-14","4-E-14",..: 1 1 1 1 1 1 1 1 1 1 ...
 $ Race.RaceType4Cd                 : Factor w/ 4 levels "1-4-14","1-4-12",..: 1 1 1 1 1 1 1 1 1 1 ...
 $ RaceHorse.RaceId                 : Factor w/ 2711 levels "20160423-08-03-01-07",..: 2 2 2 2 2 2 2 2 2 2 ...
 $ RaceHorse.KettoNum               : Factor w/ 6457 levels "2011100342","2011101922",..: 11 12 13 14 15 16 17 18 19 20 ...
 $ RaceHorse.IsHit1                 : int  0 0 0 0 0 0 1 0 0 0 ...
 $ RaceHorse.IsHit2                 : int  0 0 0 1 0 0 0 0 0 0 ...
 $ RaceHorse.IsHit3                 : int  0 0 0 0 0 0 0 0 1 0 ...
 $ RaceHorse.IsHit4                 : int  0 0 0 0 0 1 0 0 0 0 ...
 $ RaceHorse.IsHit5                 : int  0 0 1 0 0 0 0 0 0 0 ...
 $ RaceHorse.IsHit6                 : int  1 1 0 0 1 0 0 1 0 1 ...
 $ RaceHorse.IsValidRaceHorse       : logi  TRUE TRUE TRUE TRUE TRUE TRUE ...
 $ RaceHorse.IsHitA                 : int  0 0 0 0 0 0 1 0 0 0 ...
 $ RaceHorse.IsHitB                 : int  0 0 0 1 0 0 1 0 0 0 ...
 $ RaceHorse.IsHitC                 : int  0 0 0 1 0 0 1 0 1 0 ...
 $ Gen02.HansyokuNum                : Factor w/ 4285 levels "12255289","12251246",..: 11 12 13 14 15 16 17 18 19 20 ...
 $ Gen02.TimeSdvByRaceAvg           : num  -0.626 -0.469 1.615 0.38 -0.35 ...
 $ Gen02.TimeSdvByRaceMin           : num  -0.626 -1.844 1.615 -0.361 -1.18 ...
 $ Gen02.TimeSdvByRaceMax           : num  -0.626 0.906 1.615 1.121 0.481 ...
 $ Gen02.RunCount                   : int  1 2 1 2 2 1 1 1 2 2 ...
 $ Gen02.HitCount1                  : int  0 0 1 0 0 0 0 0 0 0 ...
 $ Gen02.HitCount2                  : int  0 0 0 0 0 0 0 0 0 0 ...
 $ Gen02.HitCount3                  : int  0 0 0 1 0 0 0 0 0 0 ...
 $ Gen02.HitCount4                  : int  0 1 0 0 0 0 1 0 0 0 ...
 $ Gen02.HitCount5                  : int  0 0 0 0 1 0 0 0 0 1 ...
 $ Gen02.HitRate1                   : num  0 0 1 0 0 0 0 0 0 0 ...
 $ Gen02.HitRate2                   : num  0 0 0 0 0 0 0 0 0 0 ...
 $ Gen02.HitRate3                   : num  0 0 0 0.5 0 0 0 0 0 0 ...
 $ Gen02.HitRate4                   : num  0 0.5 0 0 0 0 1 0 0 0 ...
 $ Gen02.HitRate5                   : num  0 0 0 0 0.5 0 0 0 0 0.5 ...
 $ EOF                              : int  1 1 1 1 1 1 1 1 1 1 ...
[1] "2022-02-20 15:26:55 --- RxSqlServerData Finish ---"
[1] "2022-02-20 15:26:55 --- subset Start ---"
[1] "--------------------------------------------------------------------------------"
[1] "nrow(InputDataSet) subset before=30116"
[1] "nrow(InputDataSet) subset after=30116"
[1] "nrow(InputDataSet) subset diff=0"
[1] "--------------------------------------------------------------------------------"
[1] "class(InputDataSet$Race.IsAnalyzeNormalPast)=logical"
[1] "class(InputDataSet$Race.analyzeTrackTypeCd)=NULL"
[1] "2022-02-20 15:26:55 --- subset Finish ---"
[1] "2022-02-20 15:26:55 --- transform Start ---"
[1] "--------------------------------------------------------------------------------"
[1] "nrow(InputDataSet) transaform before=30116"
[1] "nrow(InputDataSet) transaform after=30116"
[1] "nrow(InputDataSet) transaform diff=0"
[1] "--------------------------------------------------------------------------------"
[1] "str(InputDataSet)="
'data.frame':	30116 obs. of  43 variables:
 $ Race.RaceId                      : Factor w/ 2711 levels "20160423-08-03-01-07",..: 2 2 2 2 2 2 2 2 2 2 ...
 $ Race.IsPredictedRace             : logi  TRUE TRUE TRUE TRUE TRUE TRUE ...
 $ Race.IsAnalyzeNormalPastAndFuture: logi  TRUE TRUE TRUE TRUE TRUE TRUE ...
 $ Race.IsAnalyzeNormalPast         : logi  TRUE TRUE TRUE TRUE TRUE TRUE ...
 $ Race.IsAnalyzeNormalFuture       : logi  FALSE FALSE FALSE FALSE FALSE FALSE ...
 $ Race.IsAnalyzeFullPastAndFuture  : logi  TRUE TRUE TRUE TRUE TRUE TRUE ...
 $ Race.IsAnalyzeFullPast           : logi  TRUE TRUE TRUE TRUE TRUE TRUE ...
 $ Race.IsAnalyzeFullFuture         : logi  FALSE FALSE FALSE FALSE FALSE FALSE ...
 $ Race.JyokenCd                    : Factor w/ 1 level "4": 1 1 1 1 1 1 1 1 1 1 ...
 $ Race.JyoType1Cd                  : Factor w/ 182 levels "1-08-1600-1",..: 2 2 2 2 2 2 2 2 2 2 ...
 $ Race.RaceType0Cd                 : Factor w/ 551 levels "1-08-1600-1-4-X-14",..: 2 2 2 2 2 2 2 2 2 2 ...
 $ Race.RaceType1Cd                 : Factor w/ 2 levels "1-4-X","1-4-E": 1 1 1 1 1 1 1 1 1 1 ...
 $ Race.RaceType2Cd                 : Factor w/ 2 levels "1-4-X","1-4-E": 1 1 1 1 1 1 1 1 1 1 ...
 $ Race.RaceType3Cd                 : Factor w/ 8 levels "4-X-14","4-E-14",..: 1 1 1 1 1 1 1 1 1 1 ...
 $ Race.RaceType4Cd                 : Factor w/ 4 levels "1-4-14","1-4-12",..: 1 1 1 1 1 1 1 1 1 1 ...
 $ RaceHorse.RaceId                 : Factor w/ 2711 levels "20160423-08-03-01-07",..: 2 2 2 2 2 2 2 2 2 2 ...
 $ RaceHorse.KettoNum               : Factor w/ 6457 levels "2011100342","2011101922",..: 11 12 13 14 15 16 17 18 19 20 ...
 $ RaceHorse.IsHit1                 : int  0 0 0 0 0 0 1 0 0 0 ...
 $ RaceHorse.IsHit2                 : int  0 0 0 1 0 0 0 0 0 0 ...
 $ RaceHorse.IsHit3                 : int  0 0 0 0 0 0 0 0 1 0 ...
 $ RaceHorse.IsHit4                 : int  0 0 0 0 0 1 0 0 0 0 ...
 $ RaceHorse.IsHit5                 : int  0 0 1 0 0 0 0 0 0 0 ...
 $ RaceHorse.IsHit6                 : int  1 1 0 0 1 0 0 1 0 1 ...
 $ RaceHorse.IsValidRaceHorse       : logi  TRUE TRUE TRUE TRUE TRUE TRUE ...
 $ RaceHorse.IsHitA                 : int  0 0 0 0 0 0 1 0 0 0 ...
 $ RaceHorse.IsHitB                 : int  0 0 0 1 0 0 1 0 0 0 ...
 $ RaceHorse.IsHitC                 : int  0 0 0 1 0 0 1 0 1 0 ...
 $ Gen02.HansyokuNum                : Factor w/ 4285 levels "12255289","12251246",..: 11 12 13 14 15 16 17 18 19 20 ...
 $ Gen02.TimeSdvByRaceAvg           : num  -0.626 -0.469 1.615 0.38 -0.35 ...
 $ Gen02.TimeSdvByRaceMin           : num  -0.626 -1.844 1.615 -0.361 -1.18 ...
 $ Gen02.TimeSdvByRaceMax           : num  -0.626 0.906 1.615 1.121 0.481 ...
 $ Gen02.RunCount                   : int  1 2 1 2 2 1 1 1 2 2 ...
 $ Gen02.HitCount1                  : int  0 0 1 0 0 0 0 0 0 0 ...
 $ Gen02.HitCount2                  : int  0 0 0 0 0 0 0 0 0 0 ...
 $ Gen02.HitCount3                  : int  0 0 0 1 0 0 0 0 0 0 ...
 $ Gen02.HitCount4                  : int  0 1 0 0 0 0 1 0 0 0 ...
 $ Gen02.HitCount5                  : int  0 0 0 0 1 0 0 0 0 1 ...
 $ Gen02.HitRate1                   : num  0 0 1 0 0 0 0 0 0 0 ...
 $ Gen02.HitRate2                   : num  0 0 0 0 0 0 0 0 0 0 ...
 $ Gen02.HitRate3                   : num  0 0 0 0.5 0 0 0 0 0 0 ...
 $ Gen02.HitRate4                   : num  0 0.5 0 0 0 0 1 0 0 0 ...
 $ Gen02.HitRate5                   : num  0 0 0 0 0.5 0 0 0 0 0.5 ...
 $ EOF                              : int  1 1 1 1 1 1 1 1 1 1 ...
NULL
[1] "2022-02-20 15:26:56 --- transform Finish ---"
[1] "2022-02-20 15:26:56 --- na.omit Start ---"
[1] "--------------------------------------------------------------------------------"
[1] "nrow(InputDataSet) na.omit before=30116"
[1] "nrow(InputDataSet) na.omit after=30116"
[1] "nrow(InputDataSet) na.omit diff=0"
[1] "--------------------------------------------------------------------------------"
[1] "2022-02-20 15:26:56 --- na.omit Finish---"
[1] "2022-02-20 15:26:56 --- New Levels Start ---"
[1] "levels(data$Race.RaceType1Cd)=1-4-X" "levels(data$Race.RaceType1Cd)=1-4-E"
[1] "levels(InputDataSet$Race.RaceType1Cd)=1-4-X"
[2] "levels(InputDataSet$Race.RaceType1Cd)=1-4-E"
[1] "length(Race.RaceType1Cd.Index)=0"
[1] "2022-02-20 15:26:56 --- New Levels Finish ---"
[1] "2022-02-20 15:26:56 --- na.omit Start ---"
[1] "--------------------------------------------------------------------------------"
[1] "nrow(InputDataSet) na.omit levels before=30116"
[1] "nrow(InputDataSet) na.omit levels after=30116"
[1] "nrow(InputDataSet) na.omit levels diff=0"
[1] "--------------------------------------------------------------------------------"
[1] "2022-02-20 15:26:56 --- na.omit Finish ---"
[1] "2022-02-20 15:26:56 --- Predict InputDataSet Start ---"
[1] "--------------------------------------------------------------------------------"
[1] "nrow(InputDataSet) predict=30116"
[1] "--------------------------------------------------------------------------------"
[1] "str(InputDataSet)="
'data.frame':	30116 obs. of  43 variables:
 $ Race.RaceId                      : Factor w/ 2711 levels "20160423-08-03-01-07",..: 2 2 2 2 2 2 2 2 2 2 ...
 $ Race.IsPredictedRace             : logi  TRUE TRUE TRUE TRUE TRUE TRUE ...
 $ Race.IsAnalyzeNormalPastAndFuture: logi  TRUE TRUE TRUE TRUE TRUE TRUE ...
 $ Race.IsAnalyzeNormalPast         : logi  TRUE TRUE TRUE TRUE TRUE TRUE ...
 $ Race.IsAnalyzeNormalFuture       : logi  FALSE FALSE FALSE FALSE FALSE FALSE ...
 $ Race.IsAnalyzeFullPastAndFuture  : logi  TRUE TRUE TRUE TRUE TRUE TRUE ...
 $ Race.IsAnalyzeFullPast           : logi  TRUE TRUE TRUE TRUE TRUE TRUE ...
 $ Race.IsAnalyzeFullFuture         : logi  FALSE FALSE FALSE FALSE FALSE FALSE ...
 $ Race.JyokenCd                    : Factor w/ 1 level "4": 1 1 1 1 1 1 1 1 1 1 ...
 $ Race.JyoType1Cd                  : Factor w/ 182 levels "1-08-1600-1",..: 2 2 2 2 2 2 2 2 2 2 ...
 $ Race.RaceType0Cd                 : Factor w/ 551 levels "1-08-1600-1-4-X-14",..: 2 2 2 2 2 2 2 2 2 2 ...
 $ Race.RaceType1Cd                 : Factor w/ 2 levels "1-4-X","1-4-E": 1 1 1 1 1 1 1 1 1 1 ...
 $ Race.RaceType2Cd                 : Factor w/ 2 levels "1-4-X","1-4-E": 1 1 1 1 1 1 1 1 1 1 ...
 $ Race.RaceType3Cd                 : Factor w/ 8 levels "4-X-14","4-E-14",..: 1 1 1 1 1 1 1 1 1 1 ...
 $ Race.RaceType4Cd                 : Factor w/ 4 levels "1-4-14","1-4-12",..: 1 1 1 1 1 1 1 1 1 1 ...
 $ RaceHorse.RaceId                 : Factor w/ 2711 levels "20160423-08-03-01-07",..: 2 2 2 2 2 2 2 2 2 2 ...
 $ RaceHorse.KettoNum               : Factor w/ 6457 levels "2011100342","2011101922",..: 11 12 13 14 15 16 17 18 19 20 ...
 $ RaceHorse.IsHit1                 : int  0 0 0 0 0 0 1 0 0 0 ...
 $ RaceHorse.IsHit2                 : int  0 0 0 1 0 0 0 0 0 0 ...
 $ RaceHorse.IsHit3                 : int  0 0 0 0 0 0 0 0 1 0 ...
 $ RaceHorse.IsHit4                 : int  0 0 0 0 0 1 0 0 0 0 ...
 $ RaceHorse.IsHit5                 : int  0 0 1 0 0 0 0 0 0 0 ...
 $ RaceHorse.IsHit6                 : int  1 1 0 0 1 0 0 1 0 1 ...
 $ RaceHorse.IsValidRaceHorse       : logi  TRUE TRUE TRUE TRUE TRUE TRUE ...
 $ RaceHorse.IsHitA                 : int  0 0 0 0 0 0 1 0 0 0 ...
 $ RaceHorse.IsHitB                 : int  0 0 0 1 0 0 1 0 0 0 ...
 $ RaceHorse.IsHitC                 : int  0 0 0 1 0 0 1 0 1 0 ...
 $ Gen02.HansyokuNum                : Factor w/ 4285 levels "12255289","12251246",..: 11 12 13 14 15 16 17 18 19 20 ...
 $ Gen02.TimeSdvByRaceAvg           : num  -0.626 -0.469 1.615 0.38 -0.35 ...
 $ Gen02.TimeSdvByRaceMin           : num  -0.626 -1.844 1.615 -0.361 -1.18 ...
 $ Gen02.TimeSdvByRaceMax           : num  -0.626 0.906 1.615 1.121 0.481 ...
 $ Gen02.RunCount                   : int  1 2 1 2 2 1 1 1 2 2 ...
 $ Gen02.HitCount1                  : int  0 0 1 0 0 0 0 0 0 0 ...
 $ Gen02.HitCount2                  : int  0 0 0 0 0 0 0 0 0 0 ...
 $ Gen02.HitCount3                  : int  0 0 0 1 0 0 0 0 0 0 ...
 $ Gen02.HitCount4                  : int  0 1 0 0 0 0 1 0 0 0 ...
 $ Gen02.HitCount5                  : int  0 0 0 0 1 0 0 0 0 1 ...
 $ Gen02.HitRate1                   : num  0 0 1 0 0 0 0 0 0 0 ...
 $ Gen02.HitRate2                   : num  0 0 0 0 0 0 0 0 0 0 ...
 $ Gen02.HitRate3                   : num  0 0 0 0.5 0 0 0 0 0 0 ...
 $ Gen02.HitRate4                   : num  0 0.5 0 0 0 0 1 0 0 0 ...
 $ Gen02.HitRate5                   : num  0 0 0 0 0.5 0 0 0 0 0.5 ...
 $ EOF                              : int  1 1 1 1 1 1 1 1 1 1 ...
[1] "2022-02-20 15:26:56 --- Predict InputDataSet Finish ---"
[1] "2022-02-20 15:26:56 --- rxPredict (glm) Start ---"
[1] "analyzeFunc=glm"
Rows Read: 30116, Total Rows Processed: 30116, Total Chunk Time: Less than .001 seconds 
[1] "--------------------------------------------------------------------------------"
[1] "nrow(PredictDataSet) afte predict=30116"
[1] "--------------------------------------------------------------------------------"
[1] "str(PredictDataSet)"
'data.frame':	30116 obs. of  1 variable:
 $ RaceHorse.IsHitA_Pred: num  0.0546 0.0546 0.1383 0.0838 0.0546 ...
NULL
[1] "2022-02-20 15:26:56 --- rxPredict (glm) Finish ---"
[1] "2022-02-20 15:26:56 --- add key Start ---"
[1] "--------------------------------------------------------------------------------"
[1] "nrow(OutputDataSet) add KeyColmn=30116"
[1] "--------------------------------------------------------------------------------"
[1] "str(OutputDataSet) after add Key"
'data.frame':	30116 obs. of  2 variables:
 $ RaceHorse.RaceId  : Factor w/ 2711 levels "20160423-08-03-01-07",..: 2 2 2 2 2 2 2 2 2 2 ...
 $ RaceHorse.KettoNum: Factor w/ 6457 levels "2011100342","2011101922",..: 11 12 13 14 15 16 17 18 19 20 ...
NULL
[1] "2022-02-20 15:26:56 --- add key Finish ---"
[1] "2022-02-20 15:26:56 --- add PredictValue Start ---"
[1] "str(PredictDataSet) before rename="
[1] "colnames(PredictDataSet)=RaceHorse.IsHitA_Pred"
[1] "str(PredictDataSet) after rename="
'data.frame':	30116 obs. of  1 variable:
 $ PredictValue: num  0.0546 0.0546 0.1383 0.0838 0.0546 ...
NULL
[1] "str(OutputDataSet) before cbind="
'data.frame':	30116 obs. of  2 variables:
 $ RaceHorse.RaceId  : Factor w/ 2711 levels "20160423-08-03-01-07",..: 2 2 2 2 2 2 2 2 2 2 ...
 $ RaceHorse.KettoNum: Factor w/ 6457 levels "2011100342","2011101922",..: 11 12 13 14 15 16 17 18 19 20 ...
NULL
[1] "str(OutputDataSet) after cbind="
'data.frame':	30116 obs. of  3 variables:
 $ RaceHorse.RaceId  : Factor w/ 2711 levels "20160423-08-03-01-07",..: 2 2 2 2 2 2 2 2 2 2 ...
 $ RaceHorse.KettoNum: Factor w/ 6457 levels "2011100342","2011101922",..: 11 12 13 14 15 16 17 18 19 20 ...
 $ PredictValue      : num  0.0546 0.0546 0.1383 0.0838 0.0546 ...
NULL
[1] "2022-02-20 15:26:56 --- add PredictValue Finish ---"
[1] "2022-02-20 15:26:56 --- final Start ---"
[1] "--------------------------------------------------------------------------------"
[1] "nrow(OutputDataSet) final=30116"
[1] "--------------------------------------------------------------------------------"
[1] "str(OutputDataSet)="
'data.frame':	30116 obs. of  3 variables:
 $ RaceHorse.RaceId  : Factor w/ 2711 levels "20160423-08-03-01-07",..: 2 2 2 2 2 2 2 2 2 2 ...
 $ RaceHorse.KettoNum: Factor w/ 6457 levels "2011100342","2011101922",..: 11 12 13 14 15 16 17 18 19 20 ...
 $ PredictValue      : num  0.0546 0.0546 0.1383 0.0838 0.0546 ...
NULL
[1] "2022-02-20 15:26:56 --- final Finish ---"
[1] "2022-02-20 15:26:56 --- predict.R Finished ---"
[1] "2022-02-20 15:26:56 --- log Finish ---"
