[1] "2022-02-19 09:28:44 --- D1115_analyze_glm_DataMiningTaisen_IsHitA_Type31 Start ---"
[1] "2022-02-19 09:28:44 --- Log Start ---"
[1] "2022-02-19 09:28:44 --- analyze_glm.R Start ---"
[1] "analyzeVersion=D1115"
[1] "analyzeCategory=analyze"
[1] "analyzeType=DataMiningTaisen"
[1] "analyzeFamily=IsHitA"
[1] "analyzeFunc=glm"
[1] "analyzeTrackTypeCd=3"
[1] "analyzeJyokenCd=1"
[1] "2022-02-19 09:28:44 --- source_function.R Start ---"
[1] "2022-02-19 09:28:44 --- source_function.R Finished ---"

> print(paste0(Sys.time(), " --- source_library.R Start ---"))
[1] "2022-02-19 09:28:44 --- source_library.R Start ---"

> require("RevoScaleR")

> print(paste0(Sys.time(), " --- source_library.R Finished ---"))
[1] "2022-02-19 09:28:45 --- source_library.R Finished ---"
[1] "2022-02-19 09:28:45 --- RxSqlServerData Start ---"
[1] "2022-02-19 09:28:45 --- RxInSqlServer Start ---"
[1] "2022-02-19 09:28:45 --- RxInSqlServer Finish ---"
[1] "2022-02-19 09:28:45 --- rxSetComputeContext Start ---"
[1] "2022-02-19 09:28:45 --- rxSetComputeContext Finish ---"
[1] "2022-02-19 09:28:45 --- RxSqlServerData Start ---"
[1] "sqlQuery=SELECT * FROM ViewAnalyzeD1115analyze01DataMiningTaisenType31"
[1] "2022-02-19 09:28:45 --- RxSqlServerData Finish ---"
[1] "2022-02-19 09:28:45 --- rxGetVarInfo Start ---"
[1] "2022-02-19 09:28:45 --- rxGetVarInfo Finish---"
[1] "2022-02-19 09:28:45 --- rxImport Start ---"
Rows Read: 0, Total Rows Processed: 0, Total Chunk Time: 0.221 seconds 

No rows of data found.
[1] "2022-02-19 09:28:47 --- rxImport Finish ---"
[1] "object.size(data) auto=56 bytes"
[1] "--------------------------------------------------------------------------------"
[1] "nrow(data) RxSqlServerData="
[1] "--------------------------------------------------------------------------------"
[1] "str(data)="
 logi TRUE
[1] "2022-02-19 09:28:47 --- RxSqlServerData Finish ---"
[1] "2022-02-19 09:28:47 --- subset Start ---"
