[1] "2022-02-21 11:27:11 --- D1115_analyze_glm_Jockey_IsHitA_Type21 Start ---"
[1] "2022-02-21 11:27:11 --- Log Start ---"
[1] "2022-02-21 11:27:12 --- analyze_glm.R Start ---"
[1] "analyzeVersion=D1115"
[1] "analyzeCategory=analyze"
[1] "analyzeType=Jockey"
[1] "analyzeFamily=IsHitA"
[1] "analyzeFunc=glm"
[1] "analyzeTrackTypeCd=2"
[1] "analyzeJyokenCd=1"
[1] "2022-02-21 11:27:12 --- source_function.R Start ---"
[1] "2022-02-21 11:27:12 --- source_function.R Finished ---"

> print(paste0(Sys.time(), " --- source_library.R Start ---"))
[1] "2022-02-21 11:27:12 --- source_library.R Start ---"

> require("RevoScaleR")

> print(paste0(Sys.time(), " --- source_library.R Finished ---"))
[1] "2022-02-21 11:27:13 --- source_library.R Finished ---"
[1] "2022-02-21 11:27:13 --- RxSqlServerData Start ---"
[1] "2022-02-21 11:27:13 --- RxInSqlServer Start ---"
[1] "2022-02-21 11:27:13 --- RxInSqlServer Finish ---"
[1] "2022-02-21 11:27:13 --- rxSetComputeContext Start ---"
[1] "2022-02-21 11:27:13 --- rxSetComputeContext Finish ---"
[1] "2022-02-21 11:27:13 --- RxSqlServerData Start ---"
[1] "sqlQuery=SELECT * FROM ViewAnalyzeD1115analyze01JockeyType21"
[1] "2022-02-21 11:27:13 --- RxSqlServerData Finish ---"
[1] "2022-02-21 11:27:13 --- rxGetVarInfo Start ---"
[1] "2022-02-21 11:27:13 --- rxGetVarInfo Finish---"
[1] "2022-02-21 11:27:13 --- rxImport Start ---"
Rows Read: 4132, Total Rows Processed: 4132, Total Chunk Time: 6.123 seconds 
[1] "2022-02-21 11:27:26 --- rxImport Finish ---"
[1] "object.size(data) auto=977 Kb"
[1] "--------------------------------------------------------------------------------"
[1] "nrow(data) RxSqlServerData=4132"
[1] "--------------------------------------------------------------------------------"
[1] "str(data)="
'data.frame':	4132 obs. of  43 variables:
 $ Race.RaceId                      : Factor w/ 300 levels "20160515-05-02-08-10",..: 2 2 2 2 2 2 2 2 2 2 ...
 $ Race.IsPredictedRace             : logi  TRUE TRUE TRUE TRUE TRUE TRUE ...
 $ Race.IsAnalyzeNormalPastAndFuture: logi  TRUE TRUE TRUE TRUE TRUE TRUE ...
 $ Race.IsAnalyzeNormalPast         : logi  TRUE TRUE TRUE TRUE TRUE TRUE ...
 $ Race.IsAnalyzeNormalFuture       : logi  FALSE FALSE FALSE FALSE FALSE FALSE ...
 $ Race.IsAnalyzeFullPastAndFuture  : logi  TRUE TRUE TRUE TRUE TRUE TRUE ...
 $ Race.IsAnalyzeFullPast           : logi  TRUE TRUE TRUE TRUE TRUE TRUE ...
 $ Race.IsAnalyzeFullFuture         : logi  FALSE FALSE FALSE FALSE FALSE FALSE ...
 $ Race.JyokenCd                    : Factor w/ 1 level "1": 1 1 1 1 1 1 1 1 1 1 ...
 $ Race.JyoType1Cd                  : Factor w/ 62 levels "2-05-1600-1",..: 2 2 2 2 2 2 2 2 2 2 ...
 $ Race.RaceType0Cd                 : Factor w/ 145 levels "2-05-1600-1-1-E-12",..: 2 2 2 2 2 2 2 2 2 2 ...
 $ Race.RaceType1Cd                 : Factor w/ 5 levels "2-1-E","2-1-C",..: 1 1 1 1 1 1 1 1 1 1 ...
 $ Race.RaceType2Cd                 : Factor w/ 5 levels "2-1-E","2-1-C",..: 1 1 1 1 1 1 1 1 1 1 ...
 $ Race.RaceType3Cd                 : Factor w/ 13 levels "1-E-12","1-E-14",..: 2 2 2 2 2 2 2 2 2 2 ...
 $ Race.RaceType4Cd                 : Factor w/ 4 levels "2-1-12","2-1-14",..: 2 2 2 2 2 2 2 2 2 2 ...
 $ RaceHorse.RaceId                 : Factor w/ 300 levels "20160515-05-02-08-10",..: 2 2 2 2 2 2 2 2 2 2 ...
 $ RaceHorse.KettoNum               : Factor w/ 923 levels "2013101169","2013103050",..: 11 12 13 14 15 16 17 18 19 20 ...
 $ RaceHorse.IsHit1                 : int  0 0 0 1 0 0 0 0 0 0 ...
 $ RaceHorse.IsHit2                 : int  0 0 0 0 0 0 0 0 0 0 ...
 $ RaceHorse.IsHit3                 : int  0 1 0 0 0 0 0 0 0 0 ...
 $ RaceHorse.IsHit4                 : int  0 0 0 0 0 0 1 0 0 0 ...
 $ RaceHorse.IsHit5                 : int  0 0 0 0 0 0 0 0 0 1 ...
 $ RaceHorse.IsHit6                 : int  1 0 1 0 1 1 0 1 1 0 ...
 $ RaceHorse.IsValidRaceHorse       : logi  TRUE TRUE TRUE TRUE TRUE TRUE ...
 $ RaceHorse.IsHitA                 : int  0 0 0 1 0 0 0 0 0 0 ...
 $ RaceHorse.IsHitB                 : int  0 0 0 1 0 0 0 0 0 0 ...
 $ RaceHorse.IsHitC                 : int  0 1 0 1 0 0 0 0 0 0 ...
 $ Jockey.KisyuCode                 : Factor w/ 130 levels "01119","00666",..: 11 12 13 14 9 15 16 6 17 18 ...
 $ Jockey.TimeSdvByRaceAvg          : num  -0.0476 0.2705 0.3383 -0.0231 -0.1827 ...
 $ Jockey.TimeSdvByRaceMin          : num  -1.103 -2.881 -0.981 -1.266 -2.949 ...
 $ Jockey.TimeSdvByRaceMax          : num  1.07 1.67 1.25 1.38 1.47 ...
 $ Jockey.RunCount                  : int  3 30 39 18 31 7 21 34 35 33 ...
 $ Jockey.HitCount1                 : int  0 3 1 1 4 0 1 6 0 5 ...
 $ Jockey.HitCount2                 : int  0 5 2 1 0 2 1 6 5 2 ...
 $ Jockey.HitCount3                 : int  1 1 4 0 3 0 2 4 2 3 ...
 $ Jockey.HitCount4                 : int  0 0 5 1 2 1 1 2 5 4 ...
 $ Jockey.HitCount5                 : int  0 2 8 2 0 1 3 1 4 4 ...
 $ Jockey.HitRate1                  : num  0 0.1 0.0256 0.0556 0.129 ...
 $ Jockey.HitRate2                  : num  0 0.1667 0.0513 0.0556 0 ...
 $ Jockey.HitRate3                  : num  0.3333 0.0333 0.1026 0 0.0968 ...
 $ Jockey.HitRate4                  : num  0 0 0.1282 0.0556 0.0645 ...
 $ Jockey.HitRate5                  : num  0 0.0667 0.2051 0.1111 0 ...
 $ EOF                              : int  1 1 1 1 1 1 1 1 1 1 ...
[1] "2022-02-21 11:27:26 --- RxSqlServerData Finish ---"
[1] "2022-02-21 11:27:26 --- subset Start ---"
[1] "--------------------------------------------------------------------------------"
[1] "nrow(data) subset before=4132"
[1] "nrow(data) subset after =4132"
[1] "nrow(data) subset diff =0"
[1] "--------------------------------------------------------------------------------"
[1] "2022-02-21 11:27:26 --- subset Finish---"
[1] "2022-02-21 11:27:26 --- transform Start ---"
[1] "--------------------------------------------------------------------------------"
[1] "nrow(data) transform before=4132"
[1] "nrow(data) transform after=4132"
[1] "nrow(data) transform diff=0"
[1] "--------------------------------------------------------------------------------"
[1] "str(data)="
'data.frame':	4132 obs. of  43 variables:
 $ Race.RaceId                      : Factor w/ 300 levels "20160515-05-02-08-10",..: 2 2 2 2 2 2 2 2 2 2 ...
 $ Race.IsPredictedRace             : logi  TRUE TRUE TRUE TRUE TRUE TRUE ...
 $ Race.IsAnalyzeNormalPastAndFuture: logi  TRUE TRUE TRUE TRUE TRUE TRUE ...
 $ Race.IsAnalyzeNormalPast         : logi  TRUE TRUE TRUE TRUE TRUE TRUE ...
 $ Race.IsAnalyzeNormalFuture       : logi  FALSE FALSE FALSE FALSE FALSE FALSE ...
 $ Race.IsAnalyzeFullPastAndFuture  : logi  TRUE TRUE TRUE TRUE TRUE TRUE ...
 $ Race.IsAnalyzeFullPast           : logi  TRUE TRUE TRUE TRUE TRUE TRUE ...
 $ Race.IsAnalyzeFullFuture         : logi  FALSE FALSE FALSE FALSE FALSE FALSE ...
 $ Race.JyokenCd                    : Factor w/ 1 level "1": 1 1 1 1 1 1 1 1 1 1 ...
 $ Race.JyoType1Cd                  : Factor w/ 62 levels "2-05-1600-1",..: 2 2 2 2 2 2 2 2 2 2 ...
 $ Race.RaceType0Cd                 : Factor w/ 145 levels "2-05-1600-1-1-E-12",..: 2 2 2 2 2 2 2 2 2 2 ...
 $ Race.RaceType1Cd                 : Factor w/ 5 levels "2-1-E","2-1-C",..: 1 1 1 1 1 1 1 1 1 1 ...
 $ Race.RaceType2Cd                 : Factor w/ 5 levels "2-1-E","2-1-C",..: 1 1 1 1 1 1 1 1 1 1 ...
 $ Race.RaceType3Cd                 : Factor w/ 13 levels "1-E-12","1-E-14",..: 2 2 2 2 2 2 2 2 2 2 ...
 $ Race.RaceType4Cd                 : Factor w/ 4 levels "2-1-12","2-1-14",..: 2 2 2 2 2 2 2 2 2 2 ...
 $ RaceHorse.RaceId                 : Factor w/ 300 levels "20160515-05-02-08-10",..: 2 2 2 2 2 2 2 2 2 2 ...
 $ RaceHorse.KettoNum               : Factor w/ 923 levels "2013101169","2013103050",..: 11 12 13 14 15 16 17 18 19 20 ...
 $ RaceHorse.IsHit1                 : int  0 0 0 1 0 0 0 0 0 0 ...
 $ RaceHorse.IsHit2                 : int  0 0 0 0 0 0 0 0 0 0 ...
 $ RaceHorse.IsHit3                 : int  0 1 0 0 0 0 0 0 0 0 ...
 $ RaceHorse.IsHit4                 : int  0 0 0 0 0 0 1 0 0 0 ...
 $ RaceHorse.IsHit5                 : int  0 0 0 0 0 0 0 0 0 1 ...
 $ RaceHorse.IsHit6                 : int  1 0 1 0 1 1 0 1 1 0 ...
 $ RaceHorse.IsValidRaceHorse       : logi  TRUE TRUE TRUE TRUE TRUE TRUE ...
 $ RaceHorse.IsHitA                 : int  0 0 0 1 0 0 0 0 0 0 ...
 $ RaceHorse.IsHitB                 : int  0 0 0 1 0 0 0 0 0 0 ...
 $ RaceHorse.IsHitC                 : int  0 1 0 1 0 0 0 0 0 0 ...
 $ Jockey.KisyuCode                 : Factor w/ 130 levels "01119","00666",..: 11 12 13 14 9 15 16 6 17 18 ...
 $ Jockey.TimeSdvByRaceAvg          : num  -0.0476 0.2705 0.3383 -0.0231 -0.1827 ...
 $ Jockey.TimeSdvByRaceMin          : num  -1.103 -2.881 -0.981 -1.266 -2.949 ...
 $ Jockey.TimeSdvByRaceMax          : num  1.07 1.67 1.25 1.38 1.47 ...
 $ Jockey.RunCount                  : int  3 30 39 18 31 7 21 34 35 33 ...
 $ Jockey.HitCount1                 : int  0 3 1 1 4 0 1 6 0 5 ...
 $ Jockey.HitCount2                 : int  0 5 2 1 0 2 1 6 5 2 ...
 $ Jockey.HitCount3                 : int  1 1 4 0 3 0 2 4 2 3 ...
 $ Jockey.HitCount4                 : int  0 0 5 1 2 1 1 2 5 4 ...
 $ Jockey.HitCount5                 : int  0 2 8 2 0 1 3 1 4 4 ...
 $ Jockey.HitRate1                  : num  0 0.1 0.0256 0.0556 0.129 ...
 $ Jockey.HitRate2                  : num  0 0.1667 0.0513 0.0556 0 ...
 $ Jockey.HitRate3                  : num  0.3333 0.0333 0.1026 0 0.0968 ...
 $ Jockey.HitRate4                  : num  0 0 0.1282 0.0556 0.0645 ...
 $ Jockey.HitRate5                  : num  0 0.0667 0.2051 0.1111 0 ...
 $ EOF                              : int  1 1 1 1 1 1 1 1 1 1 ...
NULL
[1] "2022-02-21 11:27:26 --- transform Finish ---"
[1] "2022-02-21 11:27:26 --- na.omit Start ---"
[1] "--------------------------------------------------------------------------------"
[1] "nrow(data) na.omit before=4132"
[1] "nrow(data) na.omit after =4132"
[1] "nrow(data) na.omit diff =0"
[1] "--------------------------------------------------------------------------------"
'data.frame':	4132 obs. of  43 variables:
 $ Race.RaceId                      : Factor w/ 300 levels "20160515-05-02-08-10",..: 2 2 2 2 2 2 2 2 2 2 ...
 $ Race.IsPredictedRace             : logi  TRUE TRUE TRUE TRUE TRUE TRUE ...
 $ Race.IsAnalyzeNormalPastAndFuture: logi  TRUE TRUE TRUE TRUE TRUE TRUE ...
 $ Race.IsAnalyzeNormalPast         : logi  TRUE TRUE TRUE TRUE TRUE TRUE ...
 $ Race.IsAnalyzeNormalFuture       : logi  FALSE FALSE FALSE FALSE FALSE FALSE ...
 $ Race.IsAnalyzeFullPastAndFuture  : logi  TRUE TRUE TRUE TRUE TRUE TRUE ...
 $ Race.IsAnalyzeFullPast           : logi  TRUE TRUE TRUE TRUE TRUE TRUE ...
 $ Race.IsAnalyzeFullFuture         : logi  FALSE FALSE FALSE FALSE FALSE FALSE ...
 $ Race.JyokenCd                    : Factor w/ 1 level "1": 1 1 1 1 1 1 1 1 1 1 ...
 $ Race.JyoType1Cd                  : Factor w/ 62 levels "2-05-1600-1",..: 2 2 2 2 2 2 2 2 2 2 ...
 $ Race.RaceType0Cd                 : Factor w/ 145 levels "2-05-1600-1-1-E-12",..: 2 2 2 2 2 2 2 2 2 2 ...
 $ Race.RaceType1Cd                 : Factor w/ 5 levels "2-1-E","2-1-C",..: 1 1 1 1 1 1 1 1 1 1 ...
 $ Race.RaceType2Cd                 : Factor w/ 5 levels "2-1-E","2-1-C",..: 1 1 1 1 1 1 1 1 1 1 ...
 $ Race.RaceType3Cd                 : Factor w/ 13 levels "1-E-12","1-E-14",..: 2 2 2 2 2 2 2 2 2 2 ...
 $ Race.RaceType4Cd                 : Factor w/ 4 levels "2-1-12","2-1-14",..: 2 2 2 2 2 2 2 2 2 2 ...
 $ RaceHorse.RaceId                 : Factor w/ 300 levels "20160515-05-02-08-10",..: 2 2 2 2 2 2 2 2 2 2 ...
 $ RaceHorse.KettoNum               : Factor w/ 923 levels "2013101169","2013103050",..: 11 12 13 14 15 16 17 18 19 20 ...
 $ RaceHorse.IsHit1                 : int  0 0 0 1 0 0 0 0 0 0 ...
 $ RaceHorse.IsHit2                 : int  0 0 0 0 0 0 0 0 0 0 ...
 $ RaceHorse.IsHit3                 : int  0 1 0 0 0 0 0 0 0 0 ...
 $ RaceHorse.IsHit4                 : int  0 0 0 0 0 0 1 0 0 0 ...
 $ RaceHorse.IsHit5                 : int  0 0 0 0 0 0 0 0 0 1 ...
 $ RaceHorse.IsHit6                 : int  1 0 1 0 1 1 0 1 1 0 ...
 $ RaceHorse.IsValidRaceHorse       : logi  TRUE TRUE TRUE TRUE TRUE TRUE ...
 $ RaceHorse.IsHitA                 : int  0 0 0 1 0 0 0 0 0 0 ...
 $ RaceHorse.IsHitB                 : int  0 0 0 1 0 0 0 0 0 0 ...
 $ RaceHorse.IsHitC                 : int  0 1 0 1 0 0 0 0 0 0 ...
 $ Jockey.KisyuCode                 : Factor w/ 130 levels "01119","00666",..: 11 12 13 14 9 15 16 6 17 18 ...
 $ Jockey.TimeSdvByRaceAvg          : num  -0.0476 0.2705 0.3383 -0.0231 -0.1827 ...
 $ Jockey.TimeSdvByRaceMin          : num  -1.103 -2.881 -0.981 -1.266 -2.949 ...
 $ Jockey.TimeSdvByRaceMax          : num  1.07 1.67 1.25 1.38 1.47 ...
 $ Jockey.RunCount                  : int  3 30 39 18 31 7 21 34 35 33 ...
 $ Jockey.HitCount1                 : int  0 3 1 1 4 0 1 6 0 5 ...
 $ Jockey.HitCount2                 : int  0 5 2 1 0 2 1 6 5 2 ...
 $ Jockey.HitCount3                 : int  1 1 4 0 3 0 2 4 2 3 ...
 $ Jockey.HitCount4                 : int  0 0 5 1 2 1 1 2 5 4 ...
 $ Jockey.HitCount5                 : int  0 2 8 2 0 1 3 1 4 4 ...
 $ Jockey.HitRate1                  : num  0 0.1 0.0256 0.0556 0.129 ...
 $ Jockey.HitRate2                  : num  0 0.1667 0.0513 0.0556 0 ...
 $ Jockey.HitRate3                  : num  0.3333 0.0333 0.1026 0 0.0968 ...
 $ Jockey.HitRate4                  : num  0 0 0.1282 0.0556 0.0645 ...
 $ Jockey.HitRate5                  : num  0 0.0667 0.2051 0.1111 0 ...
 $ EOF                              : int  1 1 1 1 1 1 1 1 1 1 ...
[1] "2022-02-21 11:27:27 --- na.omit Finish ---"
[1] "2022-02-21 11:27:27 --- rxGlm with rxStepControl Start ---"

> print(paste0(Sys.time(), " --- source_logic_glm.R Start ---"))
[1] "2022-02-21 11:27:27 --- source_logic_glm.R Start ---"

> formula <- formula(RaceHorse.IsHitA ~ +1 + Jockey.HitRate1 + 
+     Jockey.HitRate2 + Jockey.HitRate3)

> print(paste0(Sys.time(), " --- source_logic_glm.R Finished ---"))
[1] "2022-02-21 11:27:27 --- source_logic_glm.R Finished ---"
Rows Read: 4132, Total Rows Processed: 4132, Total Chunk Time: 0.002 seconds 

Starting values (iteration 1) time: 0.010 secs.
Rows Read: 4132, Total Rows Processed: 4132, Total Chunk Time: 0.002 seconds 

Iteration 2 time: 0.007 secs.
Rows Read: 4132, Total Rows Processed: 4132, Total Chunk Time: 0.001 seconds 

Iteration 3 time: 0.005 secs.
Rows Read: 4132, Total Rows Processed: 4132, Total Chunk Time: Less than .001 seconds 

Iteration 4 time: 0.005 secs.
Rows Read: 4132, Total Rows Processed: 4132, Total Chunk Time: Less than .001 seconds 

Iteration 5 time: 0.005 secs.

Elapsed computation time: 0.050 secs.
Rows Read: 4132, Total Rows Processed: 4132, Total Chunk Time: 0.001 seconds 

Starting values (iteration 1) time: 0.004 secs.
Rows Read: 4132, Total Rows Processed: 4132, Total Chunk Time: 0.001 seconds 

Iteration 2 time: 0.006 secs.
Rows Read: 4132, Total Rows Processed: 4132, Total Chunk Time: Less than .001 seconds 

Iteration 3 time: 0.005 secs.
Rows Read: 4132, Total Rows Processed: 4132, Total Chunk Time: 0.002 seconds 

Iteration 4 time: 0.004 secs.
Rows Read: 4132, Total Rows Processed: 4132, Total Chunk Time: Less than .001 seconds 

Iteration 5 time: 0.005 secs.

Elapsed computation time: 0.050 secs.
Rows Read: 4132, Total Rows Processed: 4132, Total Chunk Time: 0.001 seconds 

Starting values (iteration 1) time: 0.006 secs.
Rows Read: 4132, Total Rows Processed: 4132, Total Chunk Time: Less than .001 seconds 

Iteration 2 time: 0.006 secs.
Rows Read: 4132, Total Rows Processed: 4132, Total Chunk Time: Less than .001 seconds 

Iteration 3 time: 0.004 secs.
Rows Read: 4132, Total Rows Processed: 4132, Total Chunk Time: 0.001 seconds 

Iteration 4 time: 0.004 secs.
Rows Read: 4132, Total Rows Processed: 4132, Total Chunk Time: Less than .001 seconds 

Iteration 5 time: 0.005 secs.

Elapsed computation time: 0.049 secs.
Rows Read: 4132, Total Rows Processed: 4132, Total Chunk Time: Less than .001 seconds 

Starting values (iteration 1) time: 0.006 secs.
Rows Read: 4132, Total Rows Processed: 4132, Total Chunk Time: Less than .001 seconds 

Iteration 2 time: 0.007 secs.
Rows Read: 4132, Total Rows Processed: 4132, Total Chunk Time: 0.001 seconds 

Iteration 3 time: 0.005 secs.
Rows Read: 4132, Total Rows Processed: 4132, Total Chunk Time: Less than .001 seconds 

Iteration 4 time: 0.004 secs.
Rows Read: 4132, Total Rows Processed: 4132, Total Chunk Time: Less than .001 seconds 

Iteration 5 time: 0.006 secs.

Elapsed computation time: 0.049 secs.
Rows Read: 4132, Total Rows Processed: 4132, Total Chunk Time: 0.001 seconds 

Starting values (iteration 1) time: 0.006 secs.
Rows Read: 4132, Total Rows Processed: 4132, Total Chunk Time: 0.002 seconds 

Iteration 2 time: 0.005 secs.
Rows Read: 4132, Total Rows Processed: 4132, Total Chunk Time: 0.001 seconds 

Iteration 3 time: 0.003 secs.
Rows Read: 4132, Total Rows Processed: 4132, Total Chunk Time: Less than .001 seconds 

Iteration 4 time: 0.005 secs.
Rows Read: 4132, Total Rows Processed: 4132, Total Chunk Time: Less than .001 seconds 

Iteration 5 time: 0.006 secs.

Elapsed computation time: 0.044 secs.

Elapsed computation time: 0.264 secs.
[1] "--------------------------------------------------------------------------------"
[1] "analyze.results.glm.step="
Logistic Regression Results for: RaceHorse.IsHitA ~ Jockey.HitRate1 +
    Jockey.HitRate2 + Jockey.HitRate3
Data: data
Dependent variable(s): RaceHorse.IsHitA
Total independent variables: 4 
Number of valid observations: 4132
Number of missing observations: 0 
 
Coefficients:
                RaceHorse.IsHitA
(Intercept)                   -3
Jockey.HitRate1                2
Jockey.HitRate2                3
Jockey.HitRate3                2
[1] "analyze.results.glm.step.summary"
Call:
rxLogit(formula = formula, data = data, variableSelection = analyze.results.glm.step.varsel)

Logistic Regression Results for: RaceHorse.IsHitA ~ Jockey.HitRate1 +
    Jockey.HitRate2 + Jockey.HitRate3
Data: data
Dependent variable(s): RaceHorse.IsHitA
Total independent variables: 4 
Number of valid observations: 4132
Number of missing observations: 0 
-2*LogLikelihood: 2055.777 (Residual deviance on 4128 degrees of freedom)
 
Coefficients:
                Estimate Std. Error z value Pr(>|z|)    
(Intercept)       -3.086      0.103  -30.02  2.2e-16 ***
Jockey.HitRate1    1.740      0.510    3.41  0.00065 ***
Jockey.HitRate2    2.793      0.518    5.39  7.0e-08 ***
Jockey.HitRate3    1.625      0.475    3.42  0.00063 ***
---
Signif. codes:  0 '***' 0.001 '**' 0.01 '*' 0.05 '.' 0.1 ' ' 1

Condition number of final variance-covariance matrix: 1 
Number of iterations: 5
[1] "--------------------------------------------------------------------------------"
[1] "2022-02-21 11:27:27 --- rxGlm with rxStepControl Finish ---"
[1] "2022-02-21 11:27:27 --- rxStepPlot Start ---"
[1] "pdfFilename=pdf_analyze_glm_Jockey_Type21_rxStepPlot.pdf"
[1] "rxStepPlot="
[1] "2022-02-21 11:27:27 --- rxStepPlot Finish ---"
[1] "2022-02-21 11:27:27 --- save.image Start ---"
[1] "save.image"
[1] "rdataFilename=RData_analyze_glm_Jockey_Type21.RData"
[1] "2022-02-21 11:27:27 --- save.image Finish ---"
[1] "2022-02-21 11:27:27 --- final Start ---"
[1] "--------------------------------------------------------------------------------"
[1] "nrow(data) final=4132"
[1] "--------------------------------------------------------------------------------"
[1] "2022-02-21 11:27:27 --- final Finish ---"
[1] "2022-02-21 11:27:27 --- analyze_glm.R Finished ---"
[1] "2022-02-21 11:27:27 --- log Finish ---"
