[1] "2022-02-20 15:45:40 --- D1115_Predict_glm_Gen01_IsHitA_Type21 Start ---"
[1] "2022-02-20 15:45:40 --- Log Start ---"
[1] "2022-02-20 15:45:40 --- predict.R Start ---"
[1] "--------------------------------------------------------------------------------"
[1] "analyzeVersion=D1115"
[1] "analyzeCategory=Predict"
[1] "analyzeType=Gen01"
[1] "analyzeFamily=IsHitA"
[1] "analyzeFunc=glm"
[1] "analyzeTrackTypeCd=2"
[1] "analyzeJyokenCd=1"
[1] "--------------------------------------------------------------------------------"
[1] "2022-02-20 15:45:40 --- source_function.R Start ---"
[1] "2022-02-20 15:45:40 --- source_function.R Finished ---"

> print(paste0(Sys.time(), " --- source_library.R Start ---"))
[1] "2022-02-20 15:45:40 --- source_library.R Start ---"

> require("RevoScaleR")

> print(paste0(Sys.time(), " --- source_library.R Finished ---"))
[1] "2022-02-20 15:45:40 --- source_library.R Finished ---"
[1] "2022-02-20 15:45:40 --- Load Start ---"
[1] "analyzeTrackTypeCd=2"
[1] "analyzeJyokenCd=1"
[1] "loadFilename=RData_Analyze_glm_Gen01_Type21.RData"
[1] "2022-02-20 15:45:40 --- Load Finished ---"
[1] "2022-02-20 15:45:40 --- RxSqlServerData Start ---"
[1] "2022-02-20 15:45:40 --- RxInSqlServer Start ---"
[1] "2022-02-20 15:45:40 --- RxInSqlServer Finish ---"
[1] "2022-02-20 15:45:40 --- rxSetComputeContext Start ---"
[1] "2022-02-20 15:45:40 --- rxSetComputeContext Finish ---"
[1] "2022-02-20 15:45:40 --- RxSqlServerData Start ---"
[1] "analyzeTrackTypeCd=2"
[1] "analyzeJyokenCd=1"
[1] "predictSqlQuery=SELECT * FROM ViewAnalyzeD1115Predict01Gen01Type21"
[1] "2022-02-20 15:45:40 --- RxSqlServerData Finish ---"
[1] "2022-02-20 15:45:40 --- rxGetVarInfo Start ---"
[1] "2022-02-20 15:45:40 --- rxGetVarInfo Finish---"
[1] "2022-02-20 15:45:40 --- rxImport Start ---"
Rows Read: 5149, Total Rows Processed: 5149, Total Chunk Time: 3.404 seconds 
[1] "2022-02-20 15:45:47 --- rxImport Finish ---"
[1] "object.size(InputDataSet) auto=1.2 Mb"
[1] "--------------------------------------------------------------------------------"
[1] "nrow(InputDataSet) RxSqlServerData=5149"
[1] "--------------------------------------------------------------------------------"
[1] "str(InputDataSet)="
'data.frame':	5149 obs. of  43 variables:
 $ Race.RaceId                      : Factor w/ 380 levels "20160424-05-02-02-10",..: 2 2 2 2 2 2 2 2 2 2 ...
 $ Race.IsPredictedRace             : logi  TRUE TRUE TRUE TRUE TRUE TRUE ...
 $ Race.IsAnalyzeNormalPastAndFuture: logi  TRUE TRUE TRUE TRUE TRUE TRUE ...
 $ Race.IsAnalyzeNormalPast         : logi  TRUE TRUE TRUE TRUE TRUE TRUE ...
 $ Race.IsAnalyzeNormalFuture       : logi  FALSE FALSE FALSE FALSE FALSE FALSE ...
 $ Race.IsAnalyzeFullPastAndFuture  : logi  TRUE TRUE TRUE TRUE TRUE TRUE ...
 $ Race.IsAnalyzeFullPast           : logi  TRUE TRUE TRUE TRUE TRUE TRUE ...
 $ Race.IsAnalyzeFullFuture         : logi  FALSE FALSE FALSE FALSE FALSE FALSE ...
 $ Race.JyokenCd                    : Factor w/ 1 level "1": 1 1 1 1 1 1 1 1 1 1 ...
 $ Race.JyoType1Cd                  : Factor w/ 73 levels "2-05-1600-1",..: 2 2 2 2 2 2 2 2 2 2 ...
 $ Race.RaceType0Cd                 : Factor w/ 172 levels "2-05-1600-1-1-E-14",..: 2 2 2 2 2 2 2 2 2 2 ...
 $ Race.RaceType1Cd                 : Factor w/ 5 levels "2-1-E","2-1-A",..: 1 1 1 1 1 1 1 1 1 1 ...
 $ Race.RaceType2Cd                 : Factor w/ 5 levels "2-1-E","2-1-A",..: 1 1 1 1 1 1 1 1 1 1 ...
 $ Race.RaceType3Cd                 : Factor w/ 13 levels "1-E-14","1-E-13",..: 2 2 2 2 2 2 2 2 2 2 ...
 $ Race.RaceType4Cd                 : Factor w/ 4 levels "2-1-14","2-1-13",..: 2 2 2 2 2 2 2 2 2 2 ...
 $ RaceHorse.RaceId                 : Factor w/ 380 levels "20160424-05-02-02-10",..: 2 2 2 2 2 2 2 2 2 2 ...
 $ RaceHorse.KettoNum               : Factor w/ 1063 levels "2007100828","2008102143",..: 1 11 12 13 14 15 16 17 18 19 ...
 $ RaceHorse.IsHit1                 : int  0 0 0 0 0 0 0 0 0 0 ...
 $ RaceHorse.IsHit2                 : int  0 0 0 0 1 0 0 0 0 0 ...
 $ RaceHorse.IsHit3                 : int  0 0 0 0 0 0 0 0 1 0 ...
 $ RaceHorse.IsHit4                 : int  0 0 0 0 0 1 0 0 0 0 ...
 $ RaceHorse.IsHit5                 : int  0 0 0 0 0 0 0 0 0 0 ...
 $ RaceHorse.IsHit6                 : int  1 1 1 1 0 0 1 1 0 1 ...
 $ RaceHorse.IsValidRaceHorse       : logi  TRUE TRUE TRUE TRUE TRUE TRUE ...
 $ RaceHorse.IsHitA                 : int  0 0 0 0 0 0 0 0 0 0 ...
 $ RaceHorse.IsHitB                 : int  0 0 0 0 1 0 0 0 0 0 ...
 $ RaceHorse.IsHitC                 : int  0 0 0 0 1 0 0 0 1 0 ...
 $ Gen01.HansyokuNum                : Factor w/ 191 levels "11201906","11201525",..: 1 10 7 11 12 13 13 14 15 16 ...
 $ Gen01.TimeSdvByRaceAvg           : num  -0.672 -2.634 -1.147 -0.39 0.655 ...
 $ Gen01.TimeSdvByRaceMin           : num  -2.05 -2.63 -2.78 -1.78 0.17 ...
 $ Gen01.TimeSdvByRaceMax           : num  1.633 -2.6336 0.0425 0.5612 1.1945 ...
 $ Gen01.RunCount                   : int  9 1 4 5 4 6 6 2 3 3 ...
 $ Gen01.HitCount1                  : int  1 0 0 0 0 0 0 0 0 0 ...
 $ Gen01.HitCount2                  : int  0 0 0 0 1 0 0 0 0 0 ...
 $ Gen01.HitCount3                  : int  0 0 0 0 0 0 0 0 0 0 ...
 $ Gen01.HitCount4                  : int  0 0 0 0 1 0 0 0 0 0 ...
 $ Gen01.HitCount5                  : int  1 0 0 0 0 1 1 0 0 0 ...
 $ Gen01.HitRate1                   : num  0.111 0 0 0 0 ...
 $ Gen01.HitRate2                   : num  0 0 0 0 0.25 0 0 0 0 0 ...
 $ Gen01.HitRate3                   : num  0 0 0 0 0 0 0 0 0 0 ...
 $ Gen01.HitRate4                   : num  0 0 0 0 0.25 0 0 0 0 0 ...
 $ Gen01.HitRate5                   : num  0.111 0 0 0 0 ...
 $ EOF                              : int  1 1 1 1 1 1 1 1 1 1 ...
[1] "2022-02-20 15:45:47 --- RxSqlServerData Finish ---"
[1] "2022-02-20 15:45:47 --- subset Start ---"
[1] "--------------------------------------------------------------------------------"
[1] "nrow(InputDataSet) subset before=5149"
[1] "nrow(InputDataSet) subset after=5149"
[1] "nrow(InputDataSet) subset diff=0"
[1] "--------------------------------------------------------------------------------"
[1] "class(InputDataSet$Race.IsAnalyzeNormalPast)=logical"
[1] "class(InputDataSet$Race.analyzeTrackTypeCd)=NULL"
[1] "2022-02-20 15:45:47 --- subset Finish ---"
[1] "2022-02-20 15:45:47 --- transform Start ---"
[1] "--------------------------------------------------------------------------------"
[1] "nrow(InputDataSet) transaform before=5149"
[1] "nrow(InputDataSet) transaform after=5149"
[1] "nrow(InputDataSet) transaform diff=0"
[1] "--------------------------------------------------------------------------------"
[1] "str(InputDataSet)="
'data.frame':	5149 obs. of  43 variables:
 $ Race.RaceId                      : Factor w/ 380 levels "20160424-05-02-02-10",..: 2 2 2 2 2 2 2 2 2 2 ...
 $ Race.IsPredictedRace             : logi  TRUE TRUE TRUE TRUE TRUE TRUE ...
 $ Race.IsAnalyzeNormalPastAndFuture: logi  TRUE TRUE TRUE TRUE TRUE TRUE ...
 $ Race.IsAnalyzeNormalPast         : logi  TRUE TRUE TRUE TRUE TRUE TRUE ...
 $ Race.IsAnalyzeNormalFuture       : logi  FALSE FALSE FALSE FALSE FALSE FALSE ...
 $ Race.IsAnalyzeFullPastAndFuture  : logi  TRUE TRUE TRUE TRUE TRUE TRUE ...
 $ Race.IsAnalyzeFullPast           : logi  TRUE TRUE TRUE TRUE TRUE TRUE ...
 $ Race.IsAnalyzeFullFuture         : logi  FALSE FALSE FALSE FALSE FALSE FALSE ...
 $ Race.JyokenCd                    : Factor w/ 1 level "1": 1 1 1 1 1 1 1 1 1 1 ...
 $ Race.JyoType1Cd                  : Factor w/ 73 levels "2-05-1600-1",..: 2 2 2 2 2 2 2 2 2 2 ...
 $ Race.RaceType0Cd                 : Factor w/ 172 levels "2-05-1600-1-1-E-14",..: 2 2 2 2 2 2 2 2 2 2 ...
 $ Race.RaceType1Cd                 : Factor w/ 5 levels "2-1-E","2-1-A",..: 1 1 1 1 1 1 1 1 1 1 ...
 $ Race.RaceType2Cd                 : Factor w/ 5 levels "2-1-E","2-1-A",..: 1 1 1 1 1 1 1 1 1 1 ...
 $ Race.RaceType3Cd                 : Factor w/ 13 levels "1-E-14","1-E-13",..: 2 2 2 2 2 2 2 2 2 2 ...
 $ Race.RaceType4Cd                 : Factor w/ 4 levels "2-1-14","2-1-13",..: 2 2 2 2 2 2 2 2 2 2 ...
 $ RaceHorse.RaceId                 : Factor w/ 380 levels "20160424-05-02-02-10",..: 2 2 2 2 2 2 2 2 2 2 ...
 $ RaceHorse.KettoNum               : Factor w/ 1063 levels "2007100828","2008102143",..: 1 11 12 13 14 15 16 17 18 19 ...
 $ RaceHorse.IsHit1                 : int  0 0 0 0 0 0 0 0 0 0 ...
 $ RaceHorse.IsHit2                 : int  0 0 0 0 1 0 0 0 0 0 ...
 $ RaceHorse.IsHit3                 : int  0 0 0 0 0 0 0 0 1 0 ...
 $ RaceHorse.IsHit4                 : int  0 0 0 0 0 1 0 0 0 0 ...
 $ RaceHorse.IsHit5                 : int  0 0 0 0 0 0 0 0 0 0 ...
 $ RaceHorse.IsHit6                 : int  1 1 1 1 0 0 1 1 0 1 ...
 $ RaceHorse.IsValidRaceHorse       : logi  TRUE TRUE TRUE TRUE TRUE TRUE ...
 $ RaceHorse.IsHitA                 : int  0 0 0 0 0 0 0 0 0 0 ...
 $ RaceHorse.IsHitB                 : int  0 0 0 0 1 0 0 0 0 0 ...
 $ RaceHorse.IsHitC                 : int  0 0 0 0 1 0 0 0 1 0 ...
 $ Gen01.HansyokuNum                : Factor w/ 191 levels "11201906","11201525",..: 1 10 7 11 12 13 13 14 15 16 ...
 $ Gen01.TimeSdvByRaceAvg           : num  -0.672 -2.634 -1.147 -0.39 0.655 ...
 $ Gen01.TimeSdvByRaceMin           : num  -2.05 -2.63 -2.78 -1.78 0.17 ...
 $ Gen01.TimeSdvByRaceMax           : num  1.633 -2.6336 0.0425 0.5612 1.1945 ...
 $ Gen01.RunCount                   : int  9 1 4 5 4 6 6 2 3 3 ...
 $ Gen01.HitCount1                  : int  1 0 0 0 0 0 0 0 0 0 ...
 $ Gen01.HitCount2                  : int  0 0 0 0 1 0 0 0 0 0 ...
 $ Gen01.HitCount3                  : int  0 0 0 0 0 0 0 0 0 0 ...
 $ Gen01.HitCount4                  : int  0 0 0 0 1 0 0 0 0 0 ...
 $ Gen01.HitCount5                  : int  1 0 0 0 0 1 1 0 0 0 ...
 $ Gen01.HitRate1                   : num  0.111 0 0 0 0 ...
 $ Gen01.HitRate2                   : num  0 0 0 0 0.25 0 0 0 0 0 ...
 $ Gen01.HitRate3                   : num  0 0 0 0 0 0 0 0 0 0 ...
 $ Gen01.HitRate4                   : num  0 0 0 0 0.25 0 0 0 0 0 ...
 $ Gen01.HitRate5                   : num  0.111 0 0 0 0 ...
 $ EOF                              : int  1 1 1 1 1 1 1 1 1 1 ...
NULL
[1] "2022-02-20 15:45:47 --- transform Finish ---"
[1] "2022-02-20 15:45:47 --- na.omit Start ---"
[1] "--------------------------------------------------------------------------------"
[1] "nrow(InputDataSet) na.omit before=5149"
[1] "nrow(InputDataSet) na.omit after=5149"
[1] "nrow(InputDataSet) na.omit diff=0"
[1] "--------------------------------------------------------------------------------"
[1] "2022-02-20 15:45:47 --- na.omit Finish---"
[1] "2022-02-20 15:45:47 --- New Levels Start ---"
[1] "levels(data$Race.RaceType1Cd)=2-1-E" "levels(data$Race.RaceType1Cd)=2-1-C"
[3] "levels(data$Race.RaceType1Cd)=2-1-L" "levels(data$Race.RaceType1Cd)=2-1-A"
[5] "levels(data$Race.RaceType1Cd)=2-1-B"
[1] "levels(InputDataSet$Race.RaceType1Cd)=2-1-E"
[2] "levels(InputDataSet$Race.RaceType1Cd)=2-1-A"
[3] "levels(InputDataSet$Race.RaceType1Cd)=2-1-C"
[4] "levels(InputDataSet$Race.RaceType1Cd)=2-1-L"
[5] "levels(InputDataSet$Race.RaceType1Cd)=2-1-B"
[1] "length(Race.RaceType1Cd.Index)=0"
[1] "2022-02-20 15:45:47 --- New Levels Finish ---"
[1] "2022-02-20 15:45:47 --- na.omit Start ---"
[1] "--------------------------------------------------------------------------------"
[1] "nrow(InputDataSet) na.omit levels before=5149"
[1] "nrow(InputDataSet) na.omit levels after=5149"
[1] "nrow(InputDataSet) na.omit levels diff=0"
[1] "--------------------------------------------------------------------------------"
[1] "2022-02-20 15:45:47 --- na.omit Finish ---"
[1] "2022-02-20 15:45:47 --- Predict InputDataSet Start ---"
[1] "--------------------------------------------------------------------------------"
[1] "nrow(InputDataSet) predict=5149"
[1] "--------------------------------------------------------------------------------"
[1] "str(InputDataSet)="
'data.frame':	5149 obs. of  43 variables:
 $ Race.RaceId                      : Factor w/ 380 levels "20160424-05-02-02-10",..: 2 2 2 2 2 2 2 2 2 2 ...
 $ Race.IsPredictedRace             : logi  TRUE TRUE TRUE TRUE TRUE TRUE ...
 $ Race.IsAnalyzeNormalPastAndFuture: logi  TRUE TRUE TRUE TRUE TRUE TRUE ...
 $ Race.IsAnalyzeNormalPast         : logi  TRUE TRUE TRUE TRUE TRUE TRUE ...
 $ Race.IsAnalyzeNormalFuture       : logi  FALSE FALSE FALSE FALSE FALSE FALSE ...
 $ Race.IsAnalyzeFullPastAndFuture  : logi  TRUE TRUE TRUE TRUE TRUE TRUE ...
 $ Race.IsAnalyzeFullPast           : logi  TRUE TRUE TRUE TRUE TRUE TRUE ...
 $ Race.IsAnalyzeFullFuture         : logi  FALSE FALSE FALSE FALSE FALSE FALSE ...
 $ Race.JyokenCd                    : Factor w/ 1 level "1": 1 1 1 1 1 1 1 1 1 1 ...
 $ Race.JyoType1Cd                  : Factor w/ 73 levels "2-05-1600-1",..: 2 2 2 2 2 2 2 2 2 2 ...
 $ Race.RaceType0Cd                 : Factor w/ 172 levels "2-05-1600-1-1-E-14",..: 2 2 2 2 2 2 2 2 2 2 ...
 $ Race.RaceType1Cd                 : Factor w/ 5 levels "2-1-E","2-1-A",..: 1 1 1 1 1 1 1 1 1 1 ...
 $ Race.RaceType2Cd                 : Factor w/ 5 levels "2-1-E","2-1-A",..: 1 1 1 1 1 1 1 1 1 1 ...
 $ Race.RaceType3Cd                 : Factor w/ 13 levels "1-E-14","1-E-13",..: 2 2 2 2 2 2 2 2 2 2 ...
 $ Race.RaceType4Cd                 : Factor w/ 4 levels "2-1-14","2-1-13",..: 2 2 2 2 2 2 2 2 2 2 ...
 $ RaceHorse.RaceId                 : Factor w/ 380 levels "20160424-05-02-02-10",..: 2 2 2 2 2 2 2 2 2 2 ...
 $ RaceHorse.KettoNum               : Factor w/ 1063 levels "2007100828","2008102143",..: 1 11 12 13 14 15 16 17 18 19 ...
 $ RaceHorse.IsHit1                 : int  0 0 0 0 0 0 0 0 0 0 ...
 $ RaceHorse.IsHit2                 : int  0 0 0 0 1 0 0 0 0 0 ...
 $ RaceHorse.IsHit3                 : int  0 0 0 0 0 0 0 0 1 0 ...
 $ RaceHorse.IsHit4                 : int  0 0 0 0 0 1 0 0 0 0 ...
 $ RaceHorse.IsHit5                 : int  0 0 0 0 0 0 0 0 0 0 ...
 $ RaceHorse.IsHit6                 : int  1 1 1 1 0 0 1 1 0 1 ...
 $ RaceHorse.IsValidRaceHorse       : logi  TRUE TRUE TRUE TRUE TRUE TRUE ...
 $ RaceHorse.IsHitA                 : int  0 0 0 0 0 0 0 0 0 0 ...
 $ RaceHorse.IsHitB                 : int  0 0 0 0 1 0 0 0 0 0 ...
 $ RaceHorse.IsHitC                 : int  0 0 0 0 1 0 0 0 1 0 ...
 $ Gen01.HansyokuNum                : Factor w/ 191 levels "11201906","11201525",..: 1 10 7 11 12 13 13 14 15 16 ...
 $ Gen01.TimeSdvByRaceAvg           : num  -0.672 -2.634 -1.147 -0.39 0.655 ...
 $ Gen01.TimeSdvByRaceMin           : num  -2.05 -2.63 -2.78 -1.78 0.17 ...
 $ Gen01.TimeSdvByRaceMax           : num  1.633 -2.6336 0.0425 0.5612 1.1945 ...
 $ Gen01.RunCount                   : int  9 1 4 5 4 6 6 2 3 3 ...
 $ Gen01.HitCount1                  : int  1 0 0 0 0 0 0 0 0 0 ...
 $ Gen01.HitCount2                  : int  0 0 0 0 1 0 0 0 0 0 ...
 $ Gen01.HitCount3                  : int  0 0 0 0 0 0 0 0 0 0 ...
 $ Gen01.HitCount4                  : int  0 0 0 0 1 0 0 0 0 0 ...
 $ Gen01.HitCount5                  : int  1 0 0 0 0 1 1 0 0 0 ...
 $ Gen01.HitRate1                   : num  0.111 0 0 0 0 ...
 $ Gen01.HitRate2                   : num  0 0 0 0 0.25 0 0 0 0 0 ...
 $ Gen01.HitRate3                   : num  0 0 0 0 0 0 0 0 0 0 ...
 $ Gen01.HitRate4                   : num  0 0 0 0 0.25 0 0 0 0 0 ...
 $ Gen01.HitRate5                   : num  0.111 0 0 0 0 ...
 $ EOF                              : int  1 1 1 1 1 1 1 1 1 1 ...
[1] "2022-02-20 15:45:47 --- Predict InputDataSet Finish ---"
[1] "2022-02-20 15:45:47 --- rxPredict (glm) Start ---"
[1] "analyzeFunc=glm"
Rows Read: 5149, Total Rows Processed: 5149, Total Chunk Time: Less than .001 seconds 
[1] "--------------------------------------------------------------------------------"
[1] "nrow(PredictDataSet) afte predict=5149"
[1] "--------------------------------------------------------------------------------"
[1] "str(PredictDataSet)"
'data.frame':	5149 obs. of  1 variable:
 $ RaceHorse.IsHitA_Pred: num  0.0619 0.0554 0.0554 0.0554 0.0643 ...
NULL
[1] "2022-02-20 15:45:47 --- rxPredict (glm) Finish ---"
[1] "2022-02-20 15:45:47 --- add key Start ---"
[1] "--------------------------------------------------------------------------------"
[1] "nrow(OutputDataSet) add KeyColmn=5149"
[1] "--------------------------------------------------------------------------------"
[1] "str(OutputDataSet) after add Key"
'data.frame':	5149 obs. of  2 variables:
 $ RaceHorse.RaceId  : Factor w/ 380 levels "20160424-05-02-02-10",..: 2 2 2 2 2 2 2 2 2 2 ...
 $ RaceHorse.KettoNum: Factor w/ 1063 levels "2007100828","2008102143",..: 1 11 12 13 14 15 16 17 18 19 ...
NULL
[1] "2022-02-20 15:45:47 --- add key Finish ---"
[1] "2022-02-20 15:45:47 --- add PredictValue Start ---"
[1] "str(PredictDataSet) before rename="
[1] "colnames(PredictDataSet)=RaceHorse.IsHitA_Pred"
[1] "str(PredictDataSet) after rename="
'data.frame':	5149 obs. of  1 variable:
 $ PredictValue: num  0.0619 0.0554 0.0554 0.0554 0.0643 ...
NULL
[1] "str(OutputDataSet) before cbind="
'data.frame':	5149 obs. of  2 variables:
 $ RaceHorse.RaceId  : Factor w/ 380 levels "20160424-05-02-02-10",..: 2 2 2 2 2 2 2 2 2 2 ...
 $ RaceHorse.KettoNum: Factor w/ 1063 levels "2007100828","2008102143",..: 1 11 12 13 14 15 16 17 18 19 ...
NULL
[1] "str(OutputDataSet) after cbind="
'data.frame':	5149 obs. of  3 variables:
 $ RaceHorse.RaceId  : Factor w/ 380 levels "20160424-05-02-02-10",..: 2 2 2 2 2 2 2 2 2 2 ...
 $ RaceHorse.KettoNum: Factor w/ 1063 levels "2007100828","2008102143",..: 1 11 12 13 14 15 16 17 18 19 ...
 $ PredictValue      : num  0.0619 0.0554 0.0554 0.0554 0.0643 ...
NULL
[1] "2022-02-20 15:45:47 --- add PredictValue Finish ---"
[1] "2022-02-20 15:45:47 --- final Start ---"
[1] "--------------------------------------------------------------------------------"
[1] "nrow(OutputDataSet) final=5149"
[1] "--------------------------------------------------------------------------------"
[1] "str(OutputDataSet)="
'data.frame':	5149 obs. of  3 variables:
 $ RaceHorse.RaceId  : Factor w/ 380 levels "20160424-05-02-02-10",..: 2 2 2 2 2 2 2 2 2 2 ...
 $ RaceHorse.KettoNum: Factor w/ 1063 levels "2007100828","2008102143",..: 1 11 12 13 14 15 16 17 18 19 ...
 $ PredictValue      : num  0.0619 0.0554 0.0554 0.0554 0.0643 ...
NULL
[1] "2022-02-20 15:45:47 --- final Finish ---"
[1] "2022-02-20 15:45:47 --- predict.R Finished ---"
[1] "2022-02-20 15:45:47 --- log Finish ---"
