[1] "2022-02-21 03:17:33 --- D1115_Predict_glm_Jockey_IsHitA_Type22 Start ---"
[1] "2022-02-21 03:17:33 --- Log Start ---"
[1] "2022-02-21 03:17:33 --- predict.R Start ---"
[1] "--------------------------------------------------------------------------------"
[1] "analyzeVersion=D1115"
[1] "analyzeCategory=Predict"
[1] "analyzeType=Jockey"
[1] "analyzeFamily=IsHitA"
[1] "analyzeFunc=glm"
[1] "analyzeTrackTypeCd=2"
[1] "analyzeJyokenCd=2"
[1] "--------------------------------------------------------------------------------"
[1] "2022-02-21 03:17:33 --- source_function.R Start ---"
[1] "2022-02-21 03:17:33 --- source_function.R Finished ---"

> print(paste0(Sys.time(), " --- source_library.R Start ---"))
[1] "2022-02-21 03:17:33 --- source_library.R Start ---"

> require("RevoScaleR")

> print(paste0(Sys.time(), " --- source_library.R Finished ---"))
[1] "2022-02-21 03:17:33 --- source_library.R Finished ---"
[1] "2022-02-21 03:17:33 --- Load Start ---"
[1] "analyzeTrackTypeCd=2"
[1] "analyzeJyokenCd=2"
[1] "loadFilename=RData_Analyze_glm_Jockey_Type22.RData"
[1] "2022-02-21 03:17:33 --- Load Finished ---"
[1] "2022-02-21 03:17:33 --- RxSqlServerData Start ---"
[1] "2022-02-21 03:17:33 --- RxInSqlServer Start ---"
[1] "2022-02-21 03:17:33 --- RxInSqlServer Finish ---"
[1] "2022-02-21 03:17:33 --- rxSetComputeContext Start ---"
[1] "2022-02-21 03:17:33 --- rxSetComputeContext Finish ---"
[1] "2022-02-21 03:17:33 --- RxSqlServerData Start ---"
[1] "analyzeTrackTypeCd=2"
[1] "analyzeJyokenCd=2"
[1] "predictSqlQuery=SELECT * FROM ViewAnalyzeD1115Predict01JockeyType22"
[1] "2022-02-21 03:17:33 --- RxSqlServerData Finish ---"
[1] "2022-02-21 03:17:33 --- rxGetVarInfo Start ---"
[1] "2022-02-21 03:17:33 --- rxGetVarInfo Finish---"
[1] "2022-02-21 03:17:33 --- rxImport Start ---"
Rows Read: 7438, Total Rows Processed: 7438, Total Chunk Time: 6.342 seconds 
[1] "2022-02-21 03:17:46 --- rxImport Finish ---"
[1] "object.size(InputDataSet) auto=1.4 Mb"
[1] "--------------------------------------------------------------------------------"
[1] "nrow(InputDataSet) RxSqlServerData=7438"
[1] "--------------------------------------------------------------------------------"
[1] "str(InputDataSet)="
'data.frame':	7438 obs. of  34 variables:
 $ Race.RaceId                      : Factor w/ 513 levels "20160116-08-01-05-11",..: 1 1 1 1 1 1 1 1 1 1 ...
 $ Race.IsPredictedRace             : logi  TRUE TRUE TRUE TRUE TRUE TRUE ...
 $ Race.IsAnalyzeNormalPastAndFuture: logi  TRUE TRUE TRUE TRUE TRUE TRUE ...
 $ Race.IsAnalyzeNormalPast         : logi  TRUE TRUE TRUE TRUE TRUE TRUE ...
 $ Race.IsAnalyzeNormalFuture       : logi  FALSE FALSE FALSE FALSE FALSE FALSE ...
 $ Race.IsAnalyzeFullPastAndFuture  : logi  TRUE TRUE TRUE TRUE TRUE TRUE ...
 $ Race.IsAnalyzeFullPast           : logi  TRUE TRUE TRUE TRUE TRUE TRUE ...
 $ Race.IsAnalyzeFullFuture         : logi  FALSE FALSE FALSE FALSE FALSE FALSE ...
 $ Race.JyokenCd                    : Factor w/ 1 level "2": 1 1 1 1 1 1 1 1 1 1 ...
 $ Race.JyoType1Cd                  : Factor w/ 82 levels "2-08-1800-1",..: 1 1 1 1 1 1 1 1 1 1 ...
 $ Race.RaceType0Cd                 : Factor w/ 132 levels "2-08-1800-1-2-E-14",..: 1 1 1 1 1 1 1 1 1 1 ...
 $ Race.RaceType1Cd                 : Factor w/ 2 levels "2-2-E","2-2-X": 1 1 1 1 1 1 1 1 1 1 ...
 $ Race.RaceType2Cd                 : Factor w/ 2 levels "2-2-E","2-2-X": 1 1 1 1 1 1 1 1 1 1 ...
 $ Race.RaceType3Cd                 : Factor w/ 3 levels "2-E-14","2-E-13",..: 1 1 1 1 1 1 1 1 1 1 ...
 $ Race.RaceType4Cd                 : Factor w/ 2 levels "2-2-14","2-2-13": 1 1 1 1 1 1 1 1 1 1 ...
 $ RaceHorse.RaceId                 : Factor w/ 513 levels "20160116-08-01-05-11",..: 1 1 1 1 1 1 1 1 1 1 ...
 $ RaceHorse.KettoNum               : Factor w/ 1523 levels "2009101989","2009104414",..: 1 2 3 4 5 6 7 8 9 10 ...
 $ RaceHorse.IsValidRaceHorse       : logi  TRUE TRUE TRUE TRUE TRUE TRUE ...
 $ Jockey.KisyuCode                 : Factor w/ 157 levels "05339","01037",..: 1 2 3 4 5 6 7 8 9 10 ...
 $ Jockey.TimeSdvByRaceAvg          : num  0.336 -0.231 0.231 -0.22 0.491 ...
 $ Jockey.TimeSdvByRaceMin          : num  -1.34 -2.86 -1.88 -2.54 -1.23 ...
 $ Jockey.TimeSdvByRaceMax          : num  2.08 1.8 1.58 1.19 1.73 ...
 $ Jockey.RunCount                  : int  25 65 55 61 14 55 46 59 22 35 ...
 $ Jockey.HitCount1                 : int  2 4 4 0 1 1 4 9 2 4 ...
 $ Jockey.HitCount2                 : int  1 1 4 1 2 5 6 10 0 0 ...
 $ Jockey.HitCount3                 : int  4 6 4 4 1 3 2 6 1 0 ...
 $ Jockey.HitCount4                 : int  3 2 2 6 3 4 3 3 3 0 ...
 $ Jockey.HitCount5                 : int  2 6 4 1 0 1 4 3 0 0 ...
 $ Jockey.HitRate1                  : num  0.08 0.0615 0.0727 0 0.0714 ...
 $ Jockey.HitRate2                  : num  0.04 0.0154 0.0727 0.0164 0.1429 ...
 $ Jockey.HitRate3                  : num  0.16 0.0923 0.0727 0.0656 0.0714 ...
 $ Jockey.HitRate4                  : num  0.12 0.0308 0.0364 0.0984 0.2143 ...
 $ Jockey.HitRate5                  : num  0.08 0.0923 0.0727 0.0164 0 ...
 $ EOF                              : int  1 1 1 1 1 1 1 1 1 1 ...
[1] "2022-02-21 03:17:46 --- RxSqlServerData Finish ---"
[1] "2022-02-21 03:17:46 --- subset Start ---"
[1] "--------------------------------------------------------------------------------"
[1] "nrow(InputDataSet) subset before=7438"
[1] "nrow(InputDataSet) subset after=7438"
[1] "nrow(InputDataSet) subset diff=0"
[1] "--------------------------------------------------------------------------------"
[1] "class(InputDataSet$Race.IsAnalyzeNormalPast)=logical"
[1] "class(InputDataSet$Race.analyzeTrackTypeCd)=NULL"
[1] "2022-02-21 03:17:46 --- subset Finish ---"
[1] "2022-02-21 03:17:46 --- transform Start ---"
[1] "--------------------------------------------------------------------------------"
[1] "nrow(InputDataSet) transaform before=7438"
[1] "nrow(InputDataSet) transaform after=7438"
[1] "nrow(InputDataSet) transaform diff=0"
[1] "--------------------------------------------------------------------------------"
[1] "str(InputDataSet)="
'data.frame':	7438 obs. of  34 variables:
 $ Race.RaceId                      : Factor w/ 513 levels "20160116-08-01-05-11",..: 1 1 1 1 1 1 1 1 1 1 ...
 $ Race.IsPredictedRace             : logi  TRUE TRUE TRUE TRUE TRUE TRUE ...
 $ Race.IsAnalyzeNormalPastAndFuture: logi  TRUE TRUE TRUE TRUE TRUE TRUE ...
 $ Race.IsAnalyzeNormalPast         : logi  TRUE TRUE TRUE TRUE TRUE TRUE ...
 $ Race.IsAnalyzeNormalFuture       : logi  FALSE FALSE FALSE FALSE FALSE FALSE ...
 $ Race.IsAnalyzeFullPastAndFuture  : logi  TRUE TRUE TRUE TRUE TRUE TRUE ...
 $ Race.IsAnalyzeFullPast           : logi  TRUE TRUE TRUE TRUE TRUE TRUE ...
 $ Race.IsAnalyzeFullFuture         : logi  FALSE FALSE FALSE FALSE FALSE FALSE ...
 $ Race.JyokenCd                    : Factor w/ 1 level "2": 1 1 1 1 1 1 1 1 1 1 ...
 $ Race.JyoType1Cd                  : Factor w/ 82 levels "2-08-1800-1",..: 1 1 1 1 1 1 1 1 1 1 ...
 $ Race.RaceType0Cd                 : Factor w/ 132 levels "2-08-1800-1-2-E-14",..: 1 1 1 1 1 1 1 1 1 1 ...
 $ Race.RaceType1Cd                 : Factor w/ 2 levels "2-2-E","2-2-X": 1 1 1 1 1 1 1 1 1 1 ...
 $ Race.RaceType2Cd                 : Factor w/ 2 levels "2-2-E","2-2-X": 1 1 1 1 1 1 1 1 1 1 ...
 $ Race.RaceType3Cd                 : Factor w/ 3 levels "2-E-14","2-E-13",..: 1 1 1 1 1 1 1 1 1 1 ...
 $ Race.RaceType4Cd                 : Factor w/ 2 levels "2-2-14","2-2-13": 1 1 1 1 1 1 1 1 1 1 ...
 $ RaceHorse.RaceId                 : Factor w/ 513 levels "20160116-08-01-05-11",..: 1 1 1 1 1 1 1 1 1 1 ...
 $ RaceHorse.KettoNum               : Factor w/ 1523 levels "2009101989","2009104414",..: 1 2 3 4 5 6 7 8 9 10 ...
 $ RaceHorse.IsValidRaceHorse       : logi  TRUE TRUE TRUE TRUE TRUE TRUE ...
 $ Jockey.KisyuCode                 : Factor w/ 157 levels "05339","01037",..: 1 2 3 4 5 6 7 8 9 10 ...
 $ Jockey.TimeSdvByRaceAvg          : num  0.336 -0.231 0.231 -0.22 0.491 ...
 $ Jockey.TimeSdvByRaceMin          : num  -1.34 -2.86 -1.88 -2.54 -1.23 ...
 $ Jockey.TimeSdvByRaceMax          : num  2.08 1.8 1.58 1.19 1.73 ...
 $ Jockey.RunCount                  : int  25 65 55 61 14 55 46 59 22 35 ...
 $ Jockey.HitCount1                 : int  2 4 4 0 1 1 4 9 2 4 ...
 $ Jockey.HitCount2                 : int  1 1 4 1 2 5 6 10 0 0 ...
 $ Jockey.HitCount3                 : int  4 6 4 4 1 3 2 6 1 0 ...
 $ Jockey.HitCount4                 : int  3 2 2 6 3 4 3 3 3 0 ...
 $ Jockey.HitCount5                 : int  2 6 4 1 0 1 4 3 0 0 ...
 $ Jockey.HitRate1                  : num  0.08 0.0615 0.0727 0 0.0714 ...
 $ Jockey.HitRate2                  : num  0.04 0.0154 0.0727 0.0164 0.1429 ...
 $ Jockey.HitRate3                  : num  0.16 0.0923 0.0727 0.0656 0.0714 ...
 $ Jockey.HitRate4                  : num  0.12 0.0308 0.0364 0.0984 0.2143 ...
 $ Jockey.HitRate5                  : num  0.08 0.0923 0.0727 0.0164 0 ...
 $ EOF                              : int  1 1 1 1 1 1 1 1 1 1 ...
NULL
[1] "2022-02-21 03:17:46 --- transform Finish ---"
[1] "2022-02-21 03:17:46 --- na.omit Start ---"
[1] "--------------------------------------------------------------------------------"
[1] "nrow(InputDataSet) na.omit before=7438"
[1] "nrow(InputDataSet) na.omit after=7438"
[1] "nrow(InputDataSet) na.omit diff=0"
[1] "--------------------------------------------------------------------------------"
[1] "2022-02-21 03:17:46 --- na.omit Finish---"
[1] "2022-02-21 03:17:46 --- New Levels Start ---"
[1] "levels(data$Race.RaceType1Cd)=2-2-E"
[1] "levels(InputDataSet$Race.RaceType1Cd)=2-2-E"
[2] "levels(InputDataSet$Race.RaceType1Cd)=2-2-X"
[1] "length(Race.RaceType1Cd.Index)=1"
[1] "2022-02-21 03:17:46 --- New Levels Finish ---"
[1] "2022-02-21 03:17:46 --- na.omit Start ---"
[1] "--------------------------------------------------------------------------------"
[1] "nrow(InputDataSet) na.omit levels before=7438"
[1] "nrow(InputDataSet) na.omit levels after=7437"
[1] "nrow(InputDataSet) na.omit levels diff=1"
[1] "--------------------------------------------------------------------------------"
[1] "2022-02-21 03:17:46 --- na.omit Finish ---"
[1] "2022-02-21 03:17:46 --- Predict InputDataSet Start ---"
[1] "--------------------------------------------------------------------------------"
[1] "nrow(InputDataSet) predict=7437"
[1] "--------------------------------------------------------------------------------"
[1] "str(InputDataSet)="
'data.frame':	7437 obs. of  34 variables:
 $ Race.RaceId                      : Factor w/ 513 levels "20160116-08-01-05-11",..: 1 1 1 1 1 1 1 1 1 1 ...
 $ Race.IsPredictedRace             : logi  TRUE TRUE TRUE TRUE TRUE TRUE ...
 $ Race.IsAnalyzeNormalPastAndFuture: logi  TRUE TRUE TRUE TRUE TRUE TRUE ...
 $ Race.IsAnalyzeNormalPast         : logi  TRUE TRUE TRUE TRUE TRUE TRUE ...
 $ Race.IsAnalyzeNormalFuture       : logi  FALSE FALSE FALSE FALSE FALSE FALSE ...
 $ Race.IsAnalyzeFullPastAndFuture  : logi  TRUE TRUE TRUE TRUE TRUE TRUE ...
 $ Race.IsAnalyzeFullPast           : logi  TRUE TRUE TRUE TRUE TRUE TRUE ...
 $ Race.IsAnalyzeFullFuture         : logi  FALSE FALSE FALSE FALSE FALSE FALSE ...
 $ Race.JyokenCd                    : Factor w/ 1 level "2": 1 1 1 1 1 1 1 1 1 1 ...
 $ Race.JyoType1Cd                  : Factor w/ 82 levels "2-08-1800-1",..: 1 1 1 1 1 1 1 1 1 1 ...
 $ Race.RaceType0Cd                 : Factor w/ 132 levels "2-08-1800-1-2-E-14",..: 1 1 1 1 1 1 1 1 1 1 ...
 $ Race.RaceType1Cd                 : Factor w/ 2 levels "2-2-E","2-2-X": 1 1 1 1 1 1 1 1 1 1 ...
 $ Race.RaceType2Cd                 : Factor w/ 2 levels "2-2-E","2-2-X": 1 1 1 1 1 1 1 1 1 1 ...
 $ Race.RaceType3Cd                 : Factor w/ 3 levels "2-E-14","2-E-13",..: 1 1 1 1 1 1 1 1 1 1 ...
 $ Race.RaceType4Cd                 : Factor w/ 2 levels "2-2-14","2-2-13": 1 1 1 1 1 1 1 1 1 1 ...
 $ RaceHorse.RaceId                 : Factor w/ 513 levels "20160116-08-01-05-11",..: 1 1 1 1 1 1 1 1 1 1 ...
 $ RaceHorse.KettoNum               : Factor w/ 1523 levels "2009101989","2009104414",..: 1 2 3 4 5 6 7 8 9 10 ...
 $ RaceHorse.IsValidRaceHorse       : logi  TRUE TRUE TRUE TRUE TRUE TRUE ...
 $ Jockey.KisyuCode                 : Factor w/ 157 levels "05339","01037",..: 1 2 3 4 5 6 7 8 9 10 ...
 $ Jockey.TimeSdvByRaceAvg          : num  0.336 -0.231 0.231 -0.22 0.491 ...
 $ Jockey.TimeSdvByRaceMin          : num  -1.34 -2.86 -1.88 -2.54 -1.23 ...
 $ Jockey.TimeSdvByRaceMax          : num  2.08 1.8 1.58 1.19 1.73 ...
 $ Jockey.RunCount                  : int  25 65 55 61 14 55 46 59 22 35 ...
 $ Jockey.HitCount1                 : int  2 4 4 0 1 1 4 9 2 4 ...
 $ Jockey.HitCount2                 : int  1 1 4 1 2 5 6 10 0 0 ...
 $ Jockey.HitCount3                 : int  4 6 4 4 1 3 2 6 1 0 ...
 $ Jockey.HitCount4                 : int  3 2 2 6 3 4 3 3 3 0 ...
 $ Jockey.HitCount5                 : int  2 6 4 1 0 1 4 3 0 0 ...
 $ Jockey.HitRate1                  : num  0.08 0.0615 0.0727 0 0.0714 ...
 $ Jockey.HitRate2                  : num  0.04 0.0154 0.0727 0.0164 0.1429 ...
 $ Jockey.HitRate3                  : num  0.16 0.0923 0.0727 0.0656 0.0714 ...
 $ Jockey.HitRate4                  : num  0.12 0.0308 0.0364 0.0984 0.2143 ...
 $ Jockey.HitRate5                  : num  0.08 0.0923 0.0727 0.0164 0 ...
 $ EOF                              : int  1 1 1 1 1 1 1 1 1 1 ...
 - attr(*, "na.action")= 'omit' Named int 4984
  ..- attr(*, "names")= chr "4984"
[1] "2022-02-21 03:17:46 --- Predict InputDataSet Finish ---"
[1] "2022-02-21 03:17:46 --- rxPredict (glm) Start ---"
[1] "analyzeFunc=glm"
Rows Read: 7437, Total Rows Processed: 7437, Total Chunk Time: 0.001 seconds 
[1] "--------------------------------------------------------------------------------"
[1] "nrow(PredictDataSet) afte predict=7437"
[1] "--------------------------------------------------------------------------------"
[1] "str(PredictDataSet)"
'data.frame':	7437 obs. of  1 variable:
 $ RaceHorse.IsHitA_Pred: num  0.0757 0.0577 0.0663 0.0395 0.0756 ...
NULL
[1] "2022-02-21 03:17:46 --- rxPredict (glm) Finish ---"
[1] "2022-02-21 03:17:46 --- add key Start ---"
[1] "--------------------------------------------------------------------------------"
[1] "nrow(OutputDataSet) add KeyColmn=7437"
[1] "--------------------------------------------------------------------------------"
[1] "str(OutputDataSet) after add Key"
'data.frame':	7437 obs. of  2 variables:
 $ RaceHorse.RaceId  : Factor w/ 513 levels "20160116-08-01-05-11",..: 1 1 1 1 1 1 1 1 1 1 ...
 $ RaceHorse.KettoNum: Factor w/ 1523 levels "2009101989","2009104414",..: 1 2 3 4 5 6 7 8 9 10 ...
NULL
[1] "2022-02-21 03:17:46 --- add key Finish ---"
[1] "2022-02-21 03:17:46 --- add PredictValue Start ---"
[1] "str(PredictDataSet) before rename="
[1] "colnames(PredictDataSet)=RaceHorse.IsHitA_Pred"
[1] "str(PredictDataSet) after rename="
'data.frame':	7437 obs. of  1 variable:
 $ PredictValue: num  0.0757 0.0577 0.0663 0.0395 0.0756 ...
NULL
[1] "str(OutputDataSet) before cbind="
'data.frame':	7437 obs. of  2 variables:
 $ RaceHorse.RaceId  : Factor w/ 513 levels "20160116-08-01-05-11",..: 1 1 1 1 1 1 1 1 1 1 ...
 $ RaceHorse.KettoNum: Factor w/ 1523 levels "2009101989","2009104414",..: 1 2 3 4 5 6 7 8 9 10 ...
NULL
[1] "str(OutputDataSet) after cbind="
'data.frame':	7437 obs. of  3 variables:
 $ RaceHorse.RaceId  : Factor w/ 513 levels "20160116-08-01-05-11",..: 1 1 1 1 1 1 1 1 1 1 ...
 $ RaceHorse.KettoNum: Factor w/ 1523 levels "2009101989","2009104414",..: 1 2 3 4 5 6 7 8 9 10 ...
 $ PredictValue      : num  0.0757 0.0577 0.0663 0.0395 0.0756 ...
NULL
[1] "2022-02-21 03:17:46 --- add PredictValue Finish ---"
[1] "2022-02-21 03:17:46 --- final Start ---"
[1] "--------------------------------------------------------------------------------"
[1] "nrow(OutputDataSet) final=7437"
[1] "--------------------------------------------------------------------------------"
[1] "str(OutputDataSet)="
'data.frame':	7437 obs. of  3 variables:
 $ RaceHorse.RaceId  : Factor w/ 513 levels "20160116-08-01-05-11",..: 1 1 1 1 1 1 1 1 1 1 ...
 $ RaceHorse.KettoNum: Factor w/ 1523 levels "2009101989","2009104414",..: 1 2 3 4 5 6 7 8 9 10 ...
 $ PredictValue      : num  0.0757 0.0577 0.0663 0.0395 0.0756 ...
NULL
[1] "2022-02-21 03:17:46 --- final Finish ---"
[1] "2022-02-21 03:17:46 --- predict.R Finished ---"
[1] "2022-02-21 03:17:46 --- log Finish ---"
