[1] "2022-02-20 15:44:02 --- D1115_Predict_glm_Horse_IsHitA_Type21 Start ---"
[1] "2022-02-20 15:44:02 --- Log Start ---"
[1] "2022-02-20 15:44:02 --- predict.R Start ---"
[1] "--------------------------------------------------------------------------------"
[1] "analyzeVersion=D1115"
[1] "analyzeCategory=Predict"
[1] "analyzeType=Horse"
[1] "analyzeFamily=IsHitA"
[1] "analyzeFunc=glm"
[1] "analyzeTrackTypeCd=2"
[1] "analyzeJyokenCd=1"
[1] "--------------------------------------------------------------------------------"
[1] "2022-02-20 15:44:02 --- source_function.R Start ---"
[1] "2022-02-20 15:44:02 --- source_function.R Finished ---"

> print(paste0(Sys.time(), " --- source_library.R Start ---"))
[1] "2022-02-20 15:44:02 --- source_library.R Start ---"

> require("RevoScaleR")

> print(paste0(Sys.time(), " --- source_library.R Finished ---"))
[1] "2022-02-20 15:44:02 --- source_library.R Finished ---"
[1] "2022-02-20 15:44:02 --- Load Start ---"
[1] "analyzeTrackTypeCd=2"
[1] "analyzeJyokenCd=1"
[1] "loadFilename=RData_Analyze_glm_Horse_Type21.RData"
