[1] "2022-02-08 22:07:48 --- D1113_analyze_glm_Jockey_IsHitA_Type24 Start ---"
[1] "2022-02-08 22:07:48 --- Log Start ---"
[1] "2022-02-08 22:07:48 --- analyze_glm.R Start ---"
[1] "analyzeVersion=D1113"
[1] "analyzeCategory=analyze"
[1] "analyzeType=Jockey"
[1] "analyzeFamily=IsHitA"
[1] "analyzeFunc=glm"
[1] "analyzeTrackTypeCd=2"
[1] "analyzeJyokenCd=4"
[1] "2022-02-08 22:07:48 --- source_function.R Start ---"
[1] "2022-02-08 22:07:48 --- source_function.R Finished ---"

> print(paste0(Sys.time(), " --- source_library.R Start ---"))
[1] "2022-02-08 22:07:48 --- source_library.R Start ---"

> require("RevoScaleR")

> print(paste0(Sys.time(), " --- source_library.R Finished ---"))
[1] "2022-02-08 22:07:48 --- source_library.R Finished ---"
[1] "2022-02-08 22:07:48 --- RxSqlServerData Start ---"
[1] "sqlQuery=SELECT * FROM ViewAnalyzeD1113analyze01JockeyType24"
Rows Read: 47615, Total Rows Processed: 47615, Total Chunk Time: 12.824 seconds 
[1] "head(data)="
           Race.RaceId Race.IsPredictedRace Race.IsAnalyzeNormalPastAndFuture
1 20160123-08-01-07-06                 TRUE                              TRUE
2 20160124-07-01-04-06                 TRUE                              TRUE
3 20160130-05-01-01-07                 TRUE                              TRUE
4 20160131-07-01-06-06                 TRUE                              TRUE
5 20160207-05-01-04-06                 TRUE                              TRUE
6 20160207-05-01-04-06                 TRUE                              TRUE
  Race.IsAnalyzeNormalPast Race.IsAnalyzeNormalFuture
1                     TRUE                      FALSE
2                     TRUE                      FALSE
3                     TRUE                      FALSE
4                     TRUE                      FALSE
5                     TRUE                      FALSE
6                     TRUE                      FALSE
  Race.IsAnalyzeFullPastAndFuture Race.IsAnalyzeFullPast
1                            TRUE                   TRUE
2                            TRUE                   TRUE
3                            TRUE                   TRUE
4                            TRUE                   TRUE
5                            TRUE                   TRUE
6                            TRUE                   TRUE
  Race.IsAnalyzeFullFuture Race.JyokenCd Race.JyoType1Cd   Race.RaceType0Cd
1                    FALSE             4     2-08-1200-1 2-08-1200-1-4-X-12
2                    FALSE             4     2-07-1400-1 2-07-1400-1-4-X-14
3                    FALSE             4     2-05-1600-3 2-05-1600-3-4-X-12
4                    FALSE             4     2-07-1200-3 2-07-1200-3-4-X-14
5                    FALSE             4     2-05-1400-1 2-05-1400-1-4-X-14
6                    FALSE             4     2-05-1400-1 2-05-1400-1-4-X-14
  Race.RaceType1Cd Race.RaceType2Cd Race.RaceType3Cd Race.RaceType4Cd
1            2-4-X            2-4-X           4-X-12           2-4-12
2            2-4-X            2-4-X           4-X-14           2-4-14
3            2-4-X            2-4-X           4-X-12           2-4-12
4            2-4-X            2-4-X           4-X-14           2-4-14
5            2-4-X            2-4-X           4-X-14           2-4-14
6            2-4-X            2-4-X           4-X-14           2-4-14
      RaceHorse.RaceId RaceHorse.KettoNum RaceHorse.IsHit1 RaceHorse.IsHit2
1 20160123-08-01-07-06         2013100720                0                0
2 20160124-07-01-04-06         2012102520                0                0
3 20160130-05-01-01-07         2013106317                0                0
4 20160131-07-01-06-06         2011101699                0                0
5 20160207-05-01-04-06         2012100085                0                0
6 20160207-05-01-04-06         2012100361                0                1
  RaceHorse.IsHit3 RaceHorse.IsHit4 RaceHorse.IsHit5 RaceHorse.IsHit6
1                0                1                0                0
2                1                0                0                0
3                0                1                0                0
4                1                0                0                0
5                0                0                1                0
6                0                0                0                0
  RaceHorse.IsValidRaceHorse RaceHorse.IsHitA RaceHorse.IsHitB RaceHorse.IsHitC
1                       TRUE                0                0                0
2                       TRUE                0                0                1
3                       TRUE                0                0                0
4                       TRUE                0                0                1
5                       TRUE                0                0                0
6                       TRUE                0                1                1
  Jockey.KisyuCode Jockey.TimeDvByRaceAvg Jockey.TimeDvByRaceMax
1            05203                     55                     71
2            01075                     53                     74
3            01075                     53                     74
4            01037                     49                     72
5            01075                     53                     74
6            05471                     50                     65
  Jockey.RunCount Jockey.HitCount1 Jockey.HitCount2 Jockey.HitCount3
1             726              104               96               90
2             636               58               67               51
3             634               57               66               52
4             561               35               32               34
5             637               57               66               52
6             105               12                8               10
  Jockey.HitCount4 Jockey.HitCount5 Jockey.HitRate1 Jockey.HitRate2
1               75               67            0.14            0.13
2               56               52            0.09            0.11
3               56               53            0.09            0.10
4               34               30            0.06            0.06
5               57               55            0.09            0.10
6                7                3            0.11            0.08
  Jockey.HitRate3 Jockey.HitRate4 Jockey.HitRate5 EOF
1            0.12            0.10            0.09   1
2            0.08            0.09            0.08   1
3            0.08            0.09            0.08   1
4            0.06            0.06            0.05   1
5            0.08            0.09            0.09   1
6            0.10            0.07            0.03   1
[1] "object.size(data) auto=10.2 Mb"
[1] "nrow(data) RxSqlServerData=47615"
[1] "str(data)="
'data.frame':	47615 obs. of  42 variables:
 $ Race.RaceId                      : Factor w/ 3416 levels "20160123-08-01-07-06",..: 1 2 3 4 5 5 6 7 8 9 ...
 $ Race.IsPredictedRace             : logi  TRUE TRUE TRUE TRUE TRUE TRUE ...
 $ Race.IsAnalyzeNormalPastAndFuture: logi  TRUE TRUE TRUE TRUE TRUE TRUE ...
 $ Race.IsAnalyzeNormalPast         : logi  TRUE TRUE TRUE TRUE TRUE TRUE ...
 $ Race.IsAnalyzeNormalFuture       : logi  FALSE FALSE FALSE FALSE FALSE FALSE ...
 $ Race.IsAnalyzeFullPastAndFuture  : logi  TRUE TRUE TRUE TRUE TRUE TRUE ...
 $ Race.IsAnalyzeFullPast           : logi  TRUE TRUE TRUE TRUE TRUE TRUE ...
 $ Race.IsAnalyzeFullFuture         : logi  FALSE FALSE FALSE FALSE FALSE FALSE ...
 $ Race.JyokenCd                    : Factor w/ 1 level "4": 1 1 1 1 1 1 1 1 1 1 ...
 $ Race.JyoType1Cd                  : Factor w/ 134 levels "2-08-1200-1",..: 1 2 3 4 5 5 6 5 6 5 ...
 $ Race.RaceType0Cd                 : Factor w/ 345 levels "2-08-1200-1-4-X-12",..: 1 2 3 4 5 5 6 5 6 7 ...
 $ Race.RaceType1Cd                 : Factor w/ 2 levels "2-4-X","2-4-E": 1 1 1 1 1 1 1 1 1 1 ...
 $ Race.RaceType2Cd                 : Factor w/ 2 levels "2-4-X","2-4-E": 1 1 1 1 1 1 1 1 1 1 ...
 $ Race.RaceType3Cd                 : Factor w/ 8 levels "4-X-12","4-X-14",..: 1 2 1 2 2 2 2 2 2 1 ...
 $ Race.RaceType4Cd                 : Factor w/ 4 levels "2-4-12","2-4-14",..: 1 2 1 2 2 2 2 2 2 1 ...
 $ RaceHorse.RaceId                 : Factor w/ 3416 levels "20160123-08-01-07-06",..: 1 2 3 4 5 5 6 7 8 9 ...
 $ RaceHorse.KettoNum               : Factor w/ 9556 levels "2013100720","2012102520",..: 1 2 3 4 5 6 7 8 9 10 ...
 $ RaceHorse.IsHit1                 : int  0 0 0 0 0 0 0 0 1 1 ...
 $ RaceHorse.IsHit2                 : int  0 0 0 0 0 1 0 0 0 0 ...
 $ RaceHorse.IsHit3                 : int  0 1 0 1 0 0 1 1 0 0 ...
 $ RaceHorse.IsHit4                 : int  1 0 1 0 0 0 0 0 0 0 ...
 $ RaceHorse.IsHit5                 : int  0 0 0 0 1 0 0 0 0 0 ...
 $ RaceHorse.IsHit6                 : int  0 0 0 0 0 0 0 0 0 0 ...
 $ RaceHorse.IsValidRaceHorse       : logi  TRUE TRUE TRUE TRUE TRUE TRUE ...
 $ RaceHorse.IsHitA                 : int  0 0 0 0 0 0 0 0 1 1 ...
 $ RaceHorse.IsHitB                 : int  0 0 0 0 0 1 0 0 1 1 ...
 $ RaceHorse.IsHitC                 : int  0 1 0 1 0 1 1 1 1 1 ...
 $ Jockey.KisyuCode                 : Factor w/ 203 levels "05203","01075",..: 1 2 2 3 2 4 5 6 7 1 ...
 $ Jockey.TimeDvByRaceAvg           : num  54.8 52.5 52.5 48.8 52.5 ...
 $ Jockey.TimeDvByRaceMax           : num  70.6 73.8 73.8 72.3 73.8 ...
 $ Jockey.RunCount                  : int  726 636 634 561 637 105 314 540 659 705 ...
 $ Jockey.HitCount1                 : int  104 58 57 35 57 12 28 17 58 92 ...
 $ Jockey.HitCount2                 : int  96 67 66 32 66 8 31 26 55 88 ...
 $ Jockey.HitCount3                 : int  90 51 52 34 52 10 25 42 50 83 ...
 $ Jockey.HitCount4                 : int  75 56 56 34 57 7 18 24 50 68 ...
 $ Jockey.HitCount5                 : int  67 52 53 30 55 3 17 31 53 61 ...
 $ Jockey.HitRate1                  : num  0.1433 0.0912 0.0899 0.0624 0.0895 ...
 $ Jockey.HitRate2                  : num  0.132 0.105 0.104 0.057 0.104 ...
 $ Jockey.HitRate3                  : num  0.124 0.0802 0.082 0.0606 0.0816 ...
 $ Jockey.HitRate4                  : num  0.1033 0.0881 0.0883 0.0606 0.0895 ...
 $ Jockey.HitRate5                  : num  0.0923 0.0818 0.0836 0.0535 0.0863 ...
 $ EOF                              : int  1 1 1 1 1 1 1 1 1 1 ...
[1] "2022-02-08 22:08:15 --- RxSqlServerData Finish ---"
[1] "2022-02-08 22:08:15 --- subset Start ---"
[1] "nrow(data) subset before=47615"
[1] "nrow(data) subset after =39085"
[1] "nrow(data) subset diff =8530"
[1] "2022-02-08 22:08:15 --- subset Finish---"
[1] "2022-02-08 22:08:15 --- transform Start ---"
[1] "nrow(data) transform before=39085"
[1] "nrow(data) transform after=39085"
[1] "nrow(data) transform diff=0"
[1] "str(data)="
'data.frame':	39085 obs. of  42 variables:
 $ Race.RaceId                      : Factor w/ 3416 levels "20160123-08-01-07-06",..: 1 2 3 4 5 5 6 7 8 9 ...
 $ Race.IsPredictedRace             : logi  TRUE TRUE TRUE TRUE TRUE TRUE ...
 $ Race.IsAnalyzeNormalPastAndFuture: logi  TRUE TRUE TRUE TRUE TRUE TRUE ...
 $ Race.IsAnalyzeNormalPast         : logi  TRUE TRUE TRUE TRUE TRUE TRUE ...
 $ Race.IsAnalyzeNormalFuture       : logi  FALSE FALSE FALSE FALSE FALSE FALSE ...
 $ Race.IsAnalyzeFullPastAndFuture  : logi  TRUE TRUE TRUE TRUE TRUE TRUE ...
 $ Race.IsAnalyzeFullPast           : logi  TRUE TRUE TRUE TRUE TRUE TRUE ...
 $ Race.IsAnalyzeFullFuture         : logi  FALSE FALSE FALSE FALSE FALSE FALSE ...
 $ Race.JyokenCd                    : Factor w/ 1 level "4": 1 1 1 1 1 1 1 1 1 1 ...
 $ Race.JyoType1Cd                  : Factor w/ 134 levels "2-08-1200-1",..: 1 2 3 4 5 5 6 5 6 5 ...
 $ Race.RaceType0Cd                 : Factor w/ 345 levels "2-08-1200-1-4-X-12",..: 1 2 3 4 5 5 6 5 6 7 ...
 $ Race.RaceType1Cd                 : Factor w/ 2 levels "2-4-X","2-4-E": 1 1 1 1 1 1 1 1 1 1 ...
 $ Race.RaceType2Cd                 : Factor w/ 2 levels "2-4-X","2-4-E": 1 1 1 1 1 1 1 1 1 1 ...
 $ Race.RaceType3Cd                 : Factor w/ 8 levels "4-X-12","4-X-14",..: 1 2 1 2 2 2 2 2 2 1 ...
 $ Race.RaceType4Cd                 : Factor w/ 4 levels "2-4-12","2-4-14",..: 1 2 1 2 2 2 2 2 2 1 ...
 $ RaceHorse.RaceId                 : Factor w/ 3416 levels "20160123-08-01-07-06",..: 1 2 3 4 5 5 6 7 8 9 ...
 $ RaceHorse.KettoNum               : Factor w/ 9556 levels "2013100720","2012102520",..: 1 2 3 4 5 6 7 8 9 10 ...
 $ RaceHorse.IsHit1                 : int  0 0 0 0 0 0 0 0 1 1 ...
 $ RaceHorse.IsHit2                 : int  0 0 0 0 0 1 0 0 0 0 ...
 $ RaceHorse.IsHit3                 : int  0 1 0 1 0 0 1 1 0 0 ...
 $ RaceHorse.IsHit4                 : int  1 0 1 0 0 0 0 0 0 0 ...
 $ RaceHorse.IsHit5                 : int  0 0 0 0 1 0 0 0 0 0 ...
 $ RaceHorse.IsHit6                 : int  0 0 0 0 0 0 0 0 0 0 ...
 $ RaceHorse.IsValidRaceHorse       : logi  TRUE TRUE TRUE TRUE TRUE TRUE ...
 $ RaceHorse.IsHitA                 : int  0 0 0 0 0 0 0 0 1 1 ...
 $ RaceHorse.IsHitB                 : int  0 0 0 0 0 1 0 0 1 1 ...
 $ RaceHorse.IsHitC                 : int  0 1 0 1 0 1 1 1 1 1 ...
 $ Jockey.KisyuCode                 : Factor w/ 203 levels "05203","01075",..: 1 2 2 3 2 4 5 6 7 1 ...
 $ Jockey.TimeDvByRaceAvg           : num  54.8 52.5 52.5 48.8 52.5 ...
 $ Jockey.TimeDvByRaceMax           : num  70.6 73.8 73.8 72.3 73.8 ...
 $ Jockey.RunCount                  : int  726 636 634 561 637 105 314 540 659 705 ...
 $ Jockey.HitCount1                 : int  104 58 57 35 57 12 28 17 58 92 ...
 $ Jockey.HitCount2                 : int  96 67 66 32 66 8 31 26 55 88 ...
 $ Jockey.HitCount3                 : int  90 51 52 34 52 10 25 42 50 83 ...
 $ Jockey.HitCount4                 : int  75 56 56 34 57 7 18 24 50 68 ...
 $ Jockey.HitCount5                 : int  67 52 53 30 55 3 17 31 53 61 ...
 $ Jockey.HitRate1                  : num  0.1433 0.0912 0.0899 0.0624 0.0895 ...
 $ Jockey.HitRate2                  : num  0.132 0.105 0.104 0.057 0.104 ...
 $ Jockey.HitRate3                  : num  0.124 0.0802 0.082 0.0606 0.0816 ...
 $ Jockey.HitRate4                  : num  0.1033 0.0881 0.0883 0.0606 0.0895 ...
 $ Jockey.HitRate5                  : num  0.0923 0.0818 0.0836 0.0535 0.0863 ...
 $ EOF                              : int  1 1 1 1 1 1 1 1 1 1 ...
NULL
[1] "2022-02-08 22:08:15 --- transform Finish ---"
[1] "2022-02-08 22:08:15 --- na.omit Start ---"
[1] "nrow(data) na.omit before=39085"
[1] "nrow(data) na.omit after =39085"
[1] "nrow(data) na.omit diff =0"
'data.frame':	39085 obs. of  42 variables:
 $ Race.RaceId                      : Factor w/ 3416 levels "20160123-08-01-07-06",..: 1 2 3 4 5 5 6 7 8 9 ...
 $ Race.IsPredictedRace             : logi  TRUE TRUE TRUE TRUE TRUE TRUE ...
 $ Race.IsAnalyzeNormalPastAndFuture: logi  TRUE TRUE TRUE TRUE TRUE TRUE ...
 $ Race.IsAnalyzeNormalPast         : logi  TRUE TRUE TRUE TRUE TRUE TRUE ...
 $ Race.IsAnalyzeNormalFuture       : logi  FALSE FALSE FALSE FALSE FALSE FALSE ...
 $ Race.IsAnalyzeFullPastAndFuture  : logi  TRUE TRUE TRUE TRUE TRUE TRUE ...
 $ Race.IsAnalyzeFullPast           : logi  TRUE TRUE TRUE TRUE TRUE TRUE ...
 $ Race.IsAnalyzeFullFuture         : logi  FALSE FALSE FALSE FALSE FALSE FALSE ...
 $ Race.JyokenCd                    : Factor w/ 1 level "4": 1 1 1 1 1 1 1 1 1 1 ...
 $ Race.JyoType1Cd                  : Factor w/ 134 levels "2-08-1200-1",..: 1 2 3 4 5 5 6 5 6 5 ...
 $ Race.RaceType0Cd                 : Factor w/ 345 levels "2-08-1200-1-4-X-12",..: 1 2 3 4 5 5 6 5 6 7 ...
 $ Race.RaceType1Cd                 : Factor w/ 2 levels "2-4-X","2-4-E": 1 1 1 1 1 1 1 1 1 1 ...
 $ Race.RaceType2Cd                 : Factor w/ 2 levels "2-4-X","2-4-E": 1 1 1 1 1 1 1 1 1 1 ...
 $ Race.RaceType3Cd                 : Factor w/ 8 levels "4-X-12","4-X-14",..: 1 2 1 2 2 2 2 2 2 1 ...
 $ Race.RaceType4Cd                 : Factor w/ 4 levels "2-4-12","2-4-14",..: 1 2 1 2 2 2 2 2 2 1 ...
 $ RaceHorse.RaceId                 : Factor w/ 3416 levels "20160123-08-01-07-06",..: 1 2 3 4 5 5 6 7 8 9 ...
 $ RaceHorse.KettoNum               : Factor w/ 9556 levels "2013100720","2012102520",..: 1 2 3 4 5 6 7 8 9 10 ...
 $ RaceHorse.IsHit1                 : int  0 0 0 0 0 0 0 0 1 1 ...
 $ RaceHorse.IsHit2                 : int  0 0 0 0 0 1 0 0 0 0 ...
 $ RaceHorse.IsHit3                 : int  0 1 0 1 0 0 1 1 0 0 ...
 $ RaceHorse.IsHit4                 : int  1 0 1 0 0 0 0 0 0 0 ...
 $ RaceHorse.IsHit5                 : int  0 0 0 0 1 0 0 0 0 0 ...
 $ RaceHorse.IsHit6                 : int  0 0 0 0 0 0 0 0 0 0 ...
 $ RaceHorse.IsValidRaceHorse       : logi  TRUE TRUE TRUE TRUE TRUE TRUE ...
 $ RaceHorse.IsHitA                 : int  0 0 0 0 0 0 0 0 1 1 ...
 $ RaceHorse.IsHitB                 : int  0 0 0 0 0 1 0 0 1 1 ...
 $ RaceHorse.IsHitC                 : int  0 1 0 1 0 1 1 1 1 1 ...
 $ Jockey.KisyuCode                 : Factor w/ 203 levels "05203","01075",..: 1 2 2 3 2 4 5 6 7 1 ...
 $ Jockey.TimeDvByRaceAvg           : num  54.8 52.5 52.5 48.8 52.5 ...
 $ Jockey.TimeDvByRaceMax           : num  70.6 73.8 73.8 72.3 73.8 ...
 $ Jockey.RunCount                  : int  726 636 634 561 637 105 314 540 659 705 ...
 $ Jockey.HitCount1                 : int  104 58 57 35 57 12 28 17 58 92 ...
 $ Jockey.HitCount2                 : int  96 67 66 32 66 8 31 26 55 88 ...
 $ Jockey.HitCount3                 : int  90 51 52 34 52 10 25 42 50 83 ...
 $ Jockey.HitCount4                 : int  75 56 56 34 57 7 18 24 50 68 ...
 $ Jockey.HitCount5                 : int  67 52 53 30 55 3 17 31 53 61 ...
 $ Jockey.HitRate1                  : num  0.1433 0.0912 0.0899 0.0624 0.0895 ...
 $ Jockey.HitRate2                  : num  0.132 0.105 0.104 0.057 0.104 ...
 $ Jockey.HitRate3                  : num  0.124 0.0802 0.082 0.0606 0.0816 ...
 $ Jockey.HitRate4                  : num  0.1033 0.0881 0.0883 0.0606 0.0895 ...
 $ Jockey.HitRate5                  : num  0.0923 0.0818 0.0836 0.0535 0.0863 ...
 $ EOF                              : int  1 1 1 1 1 1 1 1 1 1 ...
[1] "2022-02-08 22:08:15 --- na.omit Finish ---"
[1] "2022-02-08 22:08:15 --- rxGlm with rxStepControl Start ---"
[1] "2022-02-08 22:08:15 --- source_logic_glm.R Start ---"
[1] "2022-02-08 22:08:15 --- source_logic_glm.R Finished ---"
Rows Read: 39085, Total Rows Processed: 39085, Total Chunk Time: 0.002 seconds 

Starting values (iteration 1) time: 0.020 secs.
Rows Read: 39085, Total Rows Processed: 39085, Total Chunk Time: 0.003 seconds 

Iteration 2 time: 0.006 secs.
Rows Read: 39085, Total Rows Processed: 39085, Total Chunk Time: 0.002 seconds 

Iteration 3 time: 0.004 secs.
Rows Read: 39085, Total Rows Processed: 39085, Total Chunk Time: 0.002 seconds 

Iteration 4 time: 0.004 secs.
Rows Read: 39085, Total Rows Processed: 39085, Total Chunk Time: 0.003 seconds 

Iteration 5 time: 0.005 secs.

Elapsed computation time: 0.054 secs.
Rows Read: 39085, Total Rows Processed: 39085, Total Chunk Time: 0.001 seconds 

Starting values (iteration 1) time: 0.007 secs.
Rows Read: 39085, Total Rows Processed: 39085, Total Chunk Time: 0.002 seconds 

Iteration 2 time: 0.006 secs.

Elapsed computation time: 0.018 secs.
Rows Read: 39085, Total Rows Processed: 39085, Total Chunk Time: 0.001 seconds 

Starting values (iteration 1) time: 0.007 secs.
Rows Read: 39085, Total Rows Processed: 39085, Total Chunk Time: 0.002 seconds 

Iteration 2 time: 0.006 secs.
Rows Read: 39085, Total Rows Processed: 39085, Total Chunk Time: 0.002 seconds 

Iteration 3 time: 0.004 secs.
Rows Read: 39085, Total Rows Processed: 39085, Total Chunk Time: 0.002 seconds 

Iteration 4 time: 0.004 secs.
Rows Read: 39085, Total Rows Processed: 39085, Total Chunk Time: 0.003 seconds 

Iteration 5 time: 0.006 secs.

Elapsed computation time: 0.040 secs.

Elapsed computation time: 0.129 secs.
[1] "analyze.results.glm.step="
Logistic Regression Results for: RaceHorse.IsHitA ~ Jockey.HitRate1
Data: data
Dependent variable(s): RaceHorse.IsHitA
Total independent variables: 2 
Number of valid observations: 39085
Number of missing observations: 0 
 
Coefficients:
                RaceHorse.IsHitA
(Intercept)                   -3
Jockey.HitRate1                8
[1] "analyze.results.glm.step.summary"
Call:
rxLogit(formula = form, data = data, variableSelection = analyze.results.glm.step.varsel)

Logistic Regression Results for: RaceHorse.IsHitA ~ Jockey.HitRate1
Data: data
Dependent variable(s): RaceHorse.IsHitA
Total independent variables: 2 
Number of valid observations: 39085
Number of missing observations: 0 
-2*LogLikelihood: 19903.89 (Residual deviance on 39083 degrees of freedom)
 
Coefficients:
                Estimate Std. Error z value Pr(>|z|)    
(Intercept)      -3.1734     0.0381   -83.3  2.2e-16 ***
Jockey.HitRate1   7.9499     0.3852    20.6  2.2e-16 ***
---
Signif. codes:  0 '***' 0.001 '**' 0.01 '*' 0.05 '.' 0.1 ' ' 1

Condition number of final variance-covariance matrix: 1 
Number of iterations: 5
[1] "2022-02-08 22:08:16 --- rxGlm with rxStepControl Finish ---"
[1] "2022-02-08 22:08:16 --- rxStepPlot Start ---"
[1] "pdfFilename=pdf_analyze_glm_Jockey_Type24_rxStepPlot.pdf"
[1] "rxStepPlot="
[1] "2022-02-08 22:08:16 --- rxStepPlot Finish ---"
[1] "2022-02-08 22:08:16 --- save.image Start ---"
[1] "save.image"
[1] "rdataFilename=RData_analyze_glm_Jockey_Type24.RData"
[1] "2022-02-08 22:08:16 --- save.image Finish ---"
[1] "2022-02-08 22:08:16 --- final Start ---"
[1] "nrow(data) final=39085"
[1] "2022-02-08 22:08:16 --- final Finish ---"
[1] "2022-02-08 22:08:16 --- analyze_glm.R Finished ---"
[1] "2022-02-08 22:08:16 --- log Finish ---"
