[1] "2022-02-08 22:06:58 --- D1113_analyze_glm_Gen01_IsHitA_Type21 Start ---"
[1] "2022-02-08 22:06:58 --- Log Start ---"
[1] "2022-02-08 22:06:58 --- analyze_glm.R Start ---"
[1] "analyzeVersion=D1113"
[1] "analyzeCategory=analyze"
[1] "analyzeType=Gen01"
[1] "analyzeFamily=IsHitA"
[1] "analyzeFunc=glm"
[1] "analyzeTrackTypeCd=2"
[1] "analyzeJyokenCd=1"
[1] "2022-02-08 22:06:58 --- source_function.R Start ---"
[1] "2022-02-08 22:06:58 --- source_function.R Finished ---"

> print(paste0(Sys.time(), " --- source_library.R Start ---"))
[1] "2022-02-08 22:06:58 --- source_library.R Start ---"

> require("RevoScaleR")

> print(paste0(Sys.time(), " --- source_library.R Finished ---"))
[1] "2022-02-08 22:06:59 --- source_library.R Finished ---"
[1] "2022-02-08 22:06:59 --- RxSqlServerData Start ---"
[1] "sqlQuery=SELECT * FROM ViewAnalyzeD1113analyze01Gen01Type21"
Rows Read: 5169, Total Rows Processed: 5169, Total Chunk Time: 2.071 seconds 
[1] "head(data)="
           Race.RaceId Race.IsPredictedRace Race.IsAnalyzeNormalPastAndFuture
1 20181104-08-05-02-11                 TRUE                              TRUE
2 20200308-06-02-04-10                 TRUE                              TRUE
3 20181223-09-05-08-12                 TRUE                              TRUE
4 20160827-04-02-09-11                 TRUE                              TRUE
5 20211031-09-04-08-10                 TRUE                              TRUE
6 20191222-09-05-08-12                 TRUE                              TRUE
  Race.IsAnalyzeNormalPast Race.IsAnalyzeNormalFuture
1                     TRUE                      FALSE
2                     TRUE                      FALSE
3                     TRUE                      FALSE
4                     TRUE                      FALSE
5                    FALSE                       TRUE
6                     TRUE                      FALSE
  Race.IsAnalyzeFullPastAndFuture Race.IsAnalyzeFullPast
1                            TRUE                   TRUE
2                            TRUE                   TRUE
3                            TRUE                   TRUE
4                            TRUE                   TRUE
5                            TRUE                  FALSE
6                            TRUE                   TRUE
  Race.IsAnalyzeFullFuture Race.JyokenCd Race.JyoType1Cd   Race.RaceType0Cd
1                    FALSE             1     2-08-1900-1 2-08-1900-1-1-A-13
2                    FALSE             1     2-06-1800-3 2-06-1800-3-1-E-14
3                    FALSE             1     2-09-1400-2 2-09-1400-2-1-E-13
4                    FALSE             1     2-04-1800-1 2-04-1800-1-1-E-13
5                     TRUE             1     2-09-1400-1 2-09-1400-1-1-E-13
6                    FALSE             1     2-09-1400-2 2-09-1400-2-1-E-13
  Race.RaceType1Cd Race.RaceType2Cd Race.RaceType3Cd Race.RaceType4Cd
1            2-1-A            2-1-A           1-A-13           2-1-13
2            2-1-E            2-1-E           1-E-14           2-1-14
3            2-1-E            2-1-E           1-E-13           2-1-13
4            2-1-E            2-1-E           1-E-13           2-1-13
5            2-1-E            2-1-E           1-E-13           2-1-13
6            2-1-E            2-1-E           1-E-13           2-1-13
      RaceHorse.RaceId RaceHorse.KettoNum RaceHorse.IsHit1 RaceHorse.IsHit2
1 20181104-08-05-02-11         2011104326                0                0
2 20200308-06-02-04-10         2014102862                0                0
3 20181223-09-05-08-12         2012104493                0                0
4 20160827-04-02-09-11         2009105977                0                0
5 20211031-09-04-08-10         2017103165                1                0
6 20191222-09-05-08-12         2012106056                0                0
  RaceHorse.IsHit3 RaceHorse.IsHit4 RaceHorse.IsHit5 RaceHorse.IsHit6
1                0                0                0                1
2                0                0                0                1
3                0                0                0                1
4                0                0                0                1
5                0                0                0                0
6                0                0                0                1
  RaceHorse.IsValidRaceHorse RaceHorse.IsHitA RaceHorse.IsHitB RaceHorse.IsHitC
1                       TRUE                0                0                0
2                       TRUE                0                0                0
3                       TRUE                0                0                0
4                       TRUE                0                0                0
5                       TRUE                1                1                1
6                       TRUE                0                0                0
  Gen01.HansyokuNum Gen01.TimeDvByRaceAvg Gen01.TimeDvByRaceMax Gen01.RunCount
1          11201872                    55                    57              2
2          11202050                    52                    70             75
3          11201981                    51                    70            112
4          11202084                    52                    69             58
5          11202132                    50                    69             72
6          11202024                    51                    65             54
  Gen01.HitCount1 Gen01.HitCount2 Gen01.HitCount3 Gen01.HitCount4
1               0               0               0               0
2              11               1               8               4
3               9               9               8              13
4               2               5               5               5
5               6               4               2               7
6               5               3               8               6
  Gen01.HitCount5 Gen01.HitRate1 Gen01.HitRate2 Gen01.HitRate3 Gen01.HitRate4
1               1           0.00           0.00           0.00           0.00
2               6           0.15           0.01           0.11           0.05
3               9           0.08           0.08           0.07           0.12
4               5           0.03           0.09           0.09           0.09
5               4           0.08           0.06           0.03           0.10
6               4           0.09           0.06           0.15           0.11
  Gen01.HitRate5 EOF
1           0.50   1
2           0.08   1
3           0.08   1
4           0.09   1
5           0.06   1
6           0.07   1
[1] "object.size(data) auto=1.1 Mb"
[1] "nrow(data) RxSqlServerData=5169"
[1] "str(data)="
'data.frame':	5169 obs. of  42 variables:
 $ Race.RaceId                      : Factor w/ 376 levels "20180107-06-01-02-10",..: 11 12 13 14 15 16 17 18 19 20 ...
 $ Race.IsPredictedRace             : logi  TRUE TRUE TRUE TRUE TRUE TRUE ...
 $ Race.IsAnalyzeNormalPastAndFuture: logi  TRUE TRUE TRUE TRUE TRUE TRUE ...
 $ Race.IsAnalyzeNormalPast         : logi  TRUE TRUE TRUE TRUE FALSE TRUE ...
 $ Race.IsAnalyzeNormalFuture       : logi  FALSE FALSE FALSE FALSE TRUE FALSE ...
 $ Race.IsAnalyzeFullPastAndFuture  : logi  TRUE TRUE TRUE TRUE TRUE TRUE ...
 $ Race.IsAnalyzeFullPast           : logi  TRUE TRUE TRUE TRUE FALSE TRUE ...
 $ Race.IsAnalyzeFullFuture         : logi  FALSE FALSE FALSE FALSE TRUE FALSE ...
 $ Race.JyokenCd                    : Factor w/ 1 level "1": 1 1 1 1 1 1 1 1 1 1 ...
 $ Race.JyoType1Cd                  : Factor w/ 71 levels "2-06-1800-1",..: 8 9 10 11 12 10 13 14 15 16 ...
 $ Race.RaceType0Cd                 : Factor w/ 169 levels "2-06-1800-1-1-E-14",..: 10 11 12 13 14 12 15 16 17 18 ...
 $ Race.RaceType1Cd                 : Factor w/ 5 levels "2-1-E","2-1-C",..: 3 1 1 1 1 1 1 3 4 2 ...
 $ Race.RaceType2Cd                 : Factor w/ 5 levels "2-1-E","2-1-C",..: 3 1 1 1 1 1 1 3 4 2 ...
 $ Race.RaceType3Cd                 : Factor w/ 13 levels "1-E-14","1-E-13",..: 5 1 2 2 2 2 2 5 6 7 ...
 $ Race.RaceType4Cd                 : Factor w/ 4 levels "2-1-14","2-1-13",..: 2 1 2 2 2 2 2 2 1 1 ...
 $ RaceHorse.RaceId                 : Factor w/ 376 levels "20180107-06-01-02-10",..: 11 12 13 14 15 16 17 18 19 20 ...
 $ RaceHorse.KettoNum               : Factor w/ 1071 levels "2012104598","2009103431",..: 11 12 8 13 14 15 16 17 18 19 ...
 $ RaceHorse.IsHit1                 : int  0 0 0 0 1 0 0 0 0 0 ...
 $ RaceHorse.IsHit2                 : int  0 0 0 0 0 0 0 0 0 0 ...
 $ RaceHorse.IsHit3                 : int  0 0 0 0 0 0 0 0 0 0 ...
 $ RaceHorse.IsHit4                 : int  0 0 0 0 0 0 0 0 0 0 ...
 $ RaceHorse.IsHit5                 : int  0 0 0 0 0 0 0 0 0 0 ...
 $ RaceHorse.IsHit6                 : int  1 1 1 1 0 1 1 1 1 1 ...
 $ RaceHorse.IsValidRaceHorse       : logi  TRUE TRUE TRUE TRUE TRUE TRUE ...
 $ RaceHorse.IsHitA                 : int  0 0 0 0 1 0 0 0 0 0 ...
 $ RaceHorse.IsHitB                 : int  0 0 0 0 1 0 0 0 0 0 ...
 $ RaceHorse.IsHitC                 : int  0 0 0 0 1 0 0 0 0 0 ...
 $ Gen01.HansyokuNum                : Factor w/ 194 levels "11202051","11201520",..: 10 11 4 12 13 14 6 3 15 16 ...
 $ Gen01.TimeDvByRaceAvg            : num  54.7 52.5 50.7 52.3 50 ...
 $ Gen01.TimeDvByRaceMax            : num  57.3 70.2 70.1 68.9 69 ...
 $ Gen01.RunCount                   : int  2 75 112 58 72 54 252 4 1 9 ...
 $ Gen01.HitCount1                  : int  0 11 9 2 6 5 19 0 0 0 ...
 $ Gen01.HitCount2                  : int  0 1 9 5 4 3 32 1 0 0 ...
 $ Gen01.HitCount3                  : int  0 8 8 5 2 8 20 0 0 0 ...
 $ Gen01.HitCount4                  : int  0 4 13 5 7 6 23 0 0 1 ...
 $ Gen01.HitCount5                  : int  1 6 9 5 4 4 27 0 0 0 ...
 $ Gen01.HitRate1                   : num  0 0.1467 0.0804 0.0345 0.0833 ...
 $ Gen01.HitRate2                   : num  0 0.0133 0.0804 0.0862 0.0556 ...
 $ Gen01.HitRate3                   : num  0 0.1067 0.0714 0.0862 0.0278 ...
 $ Gen01.HitRate4                   : num  0 0.0533 0.1161 0.0862 0.0972 ...
 $ Gen01.HitRate5                   : num  0.5 0.08 0.0804 0.0862 0.0556 ...
 $ EOF                              : int  1 1 1 1 1 1 1 1 1 1 ...
[1] "2022-02-08 22:07:04 --- RxSqlServerData Finish ---"
[1] "2022-02-08 22:07:04 --- subset Start ---"
[1] "nrow(data) subset before=5169"
[1] "nrow(data) subset after =4039"
[1] "nrow(data) subset diff =1130"
[1] "2022-02-08 22:07:04 --- subset Finish---"
[1] "2022-02-08 22:07:04 --- transform Start ---"
[1] "nrow(data) transform before=4039"
[1] "nrow(data) transform after=4039"
[1] "nrow(data) transform diff=0"
[1] "str(data)="
'data.frame':	4039 obs. of  42 variables:
 $ Race.RaceId                      : Factor w/ 376 levels "20180107-06-01-02-10",..: 11 12 13 14 16 17 18 19 20 21 ...
 $ Race.IsPredictedRace             : logi  TRUE TRUE TRUE TRUE TRUE TRUE ...
 $ Race.IsAnalyzeNormalPastAndFuture: logi  TRUE TRUE TRUE TRUE TRUE TRUE ...
 $ Race.IsAnalyzeNormalPast         : logi  TRUE TRUE TRUE TRUE TRUE TRUE ...
 $ Race.IsAnalyzeNormalFuture       : logi  FALSE FALSE FALSE FALSE FALSE FALSE ...
 $ Race.IsAnalyzeFullPastAndFuture  : logi  TRUE TRUE TRUE TRUE TRUE TRUE ...
 $ Race.IsAnalyzeFullPast           : logi  TRUE TRUE TRUE TRUE TRUE TRUE ...
 $ Race.IsAnalyzeFullFuture         : logi  FALSE FALSE FALSE FALSE FALSE FALSE ...
 $ Race.JyokenCd                    : Factor w/ 1 level "1": 1 1 1 1 1 1 1 1 1 1 ...
 $ Race.JyoType1Cd                  : Factor w/ 71 levels "2-06-1800-1",..: 8 9 10 11 10 13 14 15 16 1 ...
 $ Race.RaceType0Cd                 : Factor w/ 169 levels "2-06-1800-1-1-E-14",..: 10 11 12 13 12 15 16 17 18 1 ...
 $ Race.RaceType1Cd                 : Factor w/ 5 levels "2-1-E","2-1-C",..: 3 1 1 1 1 1 3 4 2 1 ...
 $ Race.RaceType2Cd                 : Factor w/ 5 levels "2-1-E","2-1-C",..: 3 1 1 1 1 1 3 4 2 1 ...
 $ Race.RaceType3Cd                 : Factor w/ 13 levels "1-E-14","1-E-13",..: 5 1 2 2 2 2 5 6 7 1 ...
 $ Race.RaceType4Cd                 : Factor w/ 4 levels "2-1-14","2-1-13",..: 2 1 2 2 2 2 2 1 1 1 ...
 $ RaceHorse.RaceId                 : Factor w/ 376 levels "20180107-06-01-02-10",..: 11 12 13 14 16 17 18 19 20 21 ...
 $ RaceHorse.KettoNum               : Factor w/ 1071 levels "2012104598","2009103431",..: 11 12 8 13 15 16 17 18 19 20 ...
 $ RaceHorse.IsHit1                 : int  0 0 0 0 0 0 0 0 0 0 ...
 $ RaceHorse.IsHit2                 : int  0 0 0 0 0 0 0 0 0 0 ...
 $ RaceHorse.IsHit3                 : int  0 0 0 0 0 0 0 0 0 0 ...
 $ RaceHorse.IsHit4                 : int  0 0 0 0 0 0 0 0 0 0 ...
 $ RaceHorse.IsHit5                 : int  0 0 0 0 0 0 0 0 0 0 ...
 $ RaceHorse.IsHit6                 : int  1 1 1 1 1 1 1 1 1 1 ...
 $ RaceHorse.IsValidRaceHorse       : logi  TRUE TRUE TRUE TRUE TRUE TRUE ...
 $ RaceHorse.IsHitA                 : int  0 0 0 0 0 0 0 0 0 0 ...
 $ RaceHorse.IsHitB                 : int  0 0 0 0 0 0 0 0 0 0 ...
 $ RaceHorse.IsHitC                 : int  0 0 0 0 0 0 0 0 0 0 ...
 $ Gen01.HansyokuNum                : Factor w/ 194 levels "11202051","11201520",..: 10 11 4 12 14 6 3 15 16 17 ...
 $ Gen01.TimeDvByRaceAvg            : num  54.7 52.5 50.7 52.3 50.8 ...
 $ Gen01.TimeDvByRaceMax            : num  57.3 70.2 70.1 68.9 65 ...
 $ Gen01.RunCount                   : int  2 75 112 58 54 252 4 1 9 11 ...
 $ Gen01.HitCount1                  : int  0 11 9 2 5 19 0 0 0 1 ...
 $ Gen01.HitCount2                  : int  0 1 9 5 3 32 1 0 0 1 ...
 $ Gen01.HitCount3                  : int  0 8 8 5 8 20 0 0 0 2 ...
 $ Gen01.HitCount4                  : int  0 4 13 5 6 23 0 0 1 1 ...
 $ Gen01.HitCount5                  : int  1 6 9 5 4 27 0 0 0 1 ...
 $ Gen01.HitRate1                   : num  0 0.1467 0.0804 0.0345 0.0926 ...
 $ Gen01.HitRate2                   : num  0 0.0133 0.0804 0.0862 0.0556 ...
 $ Gen01.HitRate3                   : num  0 0.1067 0.0714 0.0862 0.1481 ...
 $ Gen01.HitRate4                   : num  0 0.0533 0.1161 0.0862 0.1111 ...
 $ Gen01.HitRate5                   : num  0.5 0.08 0.0804 0.0862 0.0741 ...
 $ EOF                              : int  1 1 1 1 1 1 1 1 1 1 ...
NULL
[1] "2022-02-08 22:07:04 --- transform Finish ---"
[1] "2022-02-08 22:07:04 --- na.omit Start ---"
[1] "nrow(data) na.omit before=4039"
[1] "nrow(data) na.omit after =4039"
[1] "nrow(data) na.omit diff =0"
'data.frame':	4039 obs. of  42 variables:
 $ Race.RaceId                      : Factor w/ 376 levels "20180107-06-01-02-10",..: 11 12 13 14 16 17 18 19 20 21 ...
 $ Race.IsPredictedRace             : logi  TRUE TRUE TRUE TRUE TRUE TRUE ...
 $ Race.IsAnalyzeNormalPastAndFuture: logi  TRUE TRUE TRUE TRUE TRUE TRUE ...
 $ Race.IsAnalyzeNormalPast         : logi  TRUE TRUE TRUE TRUE TRUE TRUE ...
 $ Race.IsAnalyzeNormalFuture       : logi  FALSE FALSE FALSE FALSE FALSE FALSE ...
 $ Race.IsAnalyzeFullPastAndFuture  : logi  TRUE TRUE TRUE TRUE TRUE TRUE ...
 $ Race.IsAnalyzeFullPast           : logi  TRUE TRUE TRUE TRUE TRUE TRUE ...
 $ Race.IsAnalyzeFullFuture         : logi  FALSE FALSE FALSE FALSE FALSE FALSE ...
 $ Race.JyokenCd                    : Factor w/ 1 level "1": 1 1 1 1 1 1 1 1 1 1 ...
 $ Race.JyoType1Cd                  : Factor w/ 71 levels "2-06-1800-1",..: 8 9 10 11 10 13 14 15 16 1 ...
 $ Race.RaceType0Cd                 : Factor w/ 169 levels "2-06-1800-1-1-E-14",..: 10 11 12 13 12 15 16 17 18 1 ...
 $ Race.RaceType1Cd                 : Factor w/ 5 levels "2-1-E","2-1-C",..: 3 1 1 1 1 1 3 4 2 1 ...
 $ Race.RaceType2Cd                 : Factor w/ 5 levels "2-1-E","2-1-C",..: 3 1 1 1 1 1 3 4 2 1 ...
 $ Race.RaceType3Cd                 : Factor w/ 13 levels "1-E-14","1-E-13",..: 5 1 2 2 2 2 5 6 7 1 ...
 $ Race.RaceType4Cd                 : Factor w/ 4 levels "2-1-14","2-1-13",..: 2 1 2 2 2 2 2 1 1 1 ...
 $ RaceHorse.RaceId                 : Factor w/ 376 levels "20180107-06-01-02-10",..: 11 12 13 14 16 17 18 19 20 21 ...
 $ RaceHorse.KettoNum               : Factor w/ 1071 levels "2012104598","2009103431",..: 11 12 8 13 15 16 17 18 19 20 ...
 $ RaceHorse.IsHit1                 : int  0 0 0 0 0 0 0 0 0 0 ...
 $ RaceHorse.IsHit2                 : int  0 0 0 0 0 0 0 0 0 0 ...
 $ RaceHorse.IsHit3                 : int  0 0 0 0 0 0 0 0 0 0 ...
 $ RaceHorse.IsHit4                 : int  0 0 0 0 0 0 0 0 0 0 ...
 $ RaceHorse.IsHit5                 : int  0 0 0 0 0 0 0 0 0 0 ...
 $ RaceHorse.IsHit6                 : int  1 1 1 1 1 1 1 1 1 1 ...
 $ RaceHorse.IsValidRaceHorse       : logi  TRUE TRUE TRUE TRUE TRUE TRUE ...
 $ RaceHorse.IsHitA                 : int  0 0 0 0 0 0 0 0 0 0 ...
 $ RaceHorse.IsHitB                 : int  0 0 0 0 0 0 0 0 0 0 ...
 $ RaceHorse.IsHitC                 : int  0 0 0 0 0 0 0 0 0 0 ...
 $ Gen01.HansyokuNum                : Factor w/ 194 levels "11202051","11201520",..: 10 11 4 12 14 6 3 15 16 17 ...
 $ Gen01.TimeDvByRaceAvg            : num  54.7 52.5 50.7 52.3 50.8 ...
 $ Gen01.TimeDvByRaceMax            : num  57.3 70.2 70.1 68.9 65 ...
 $ Gen01.RunCount                   : int  2 75 112 58 54 252 4 1 9 11 ...
 $ Gen01.HitCount1                  : int  0 11 9 2 5 19 0 0 0 1 ...
 $ Gen01.HitCount2                  : int  0 1 9 5 3 32 1 0 0 1 ...
 $ Gen01.HitCount3                  : int  0 8 8 5 8 20 0 0 0 2 ...
 $ Gen01.HitCount4                  : int  0 4 13 5 6 23 0 0 1 1 ...
 $ Gen01.HitCount5                  : int  1 6 9 5 4 27 0 0 0 1 ...
 $ Gen01.HitRate1                   : num  0 0.1467 0.0804 0.0345 0.0926 ...
 $ Gen01.HitRate2                   : num  0 0.0133 0.0804 0.0862 0.0556 ...
 $ Gen01.HitRate3                   : num  0 0.1067 0.0714 0.0862 0.1481 ...
 $ Gen01.HitRate4                   : num  0 0.0533 0.1161 0.0862 0.1111 ...
 $ Gen01.HitRate5                   : num  0.5 0.08 0.0804 0.0862 0.0741 ...
 $ EOF                              : int  1 1 1 1 1 1 1 1 1 1 ...
[1] "2022-02-08 22:07:05 --- na.omit Finish ---"
[1] "2022-02-08 22:07:05 --- rxGlm with rxStepControl Start ---"
[1] "2022-02-08 22:07:05 --- source_logic_glm.R Start ---"
[1] "2022-02-08 22:07:05 --- source_logic_glm.R Finished ---"
Rows Read: 4039, Total Rows Processed: 4039, Total Chunk Time: 0.001 seconds 

Starting values (iteration 1) time: 0.010 secs.
Rows Read: 4039, Total Rows Processed: 4039, Total Chunk Time: 0.001 seconds 

Iteration 2 time: 0.008 secs.
Rows Read: 4039, Total Rows Processed: 4039, Total Chunk Time: 0.001 seconds 

Iteration 3 time: 0.007 secs.
Rows Read: 4039, Total Rows Processed: 4039, Total Chunk Time: 0.001 seconds 

Iteration 4 time: 0.007 secs.
Rows Read: 4039, Total Rows Processed: 4039, Total Chunk Time: 0.001 seconds 

Iteration 5 time: 0.006 secs.

Elapsed computation time: 0.064 secs.
Rows Read: 4039, Total Rows Processed: 4039, Total Chunk Time: 0.001 seconds 

Starting values (iteration 1) time: 0.005 secs.
Rows Read: 4039, Total Rows Processed: 4039, Total Chunk Time: 0.001 seconds 

Iteration 2 time: 0.007 secs.

Elapsed computation time: 0.027 secs.
Rows Read: 4039, Total Rows Processed: 4039, Total Chunk Time: 0.001 seconds 

Starting values (iteration 1) time: 0.006 secs.
Rows Read: 4039, Total Rows Processed: 4039, Total Chunk Time: 0.001 seconds 

Iteration 2 time: 0.006 secs.
Rows Read: 4039, Total Rows Processed: 4039, Total Chunk Time: 0.002 seconds 

Iteration 3 time: 0.004 secs.
Rows Read: 4039, Total Rows Processed: 4039, Total Chunk Time: 0.002 seconds 

Iteration 4 time: 0.006 secs.
Rows Read: 4039, Total Rows Processed: 4039, Total Chunk Time: 0.001 seconds 

Iteration 5 time: 0.005 secs.

Elapsed computation time: 0.063 secs.

Elapsed computation time: 0.172 secs.
[1] "analyze.results.glm.step="
Logistic Regression Results for: RaceHorse.IsHitA ~ Gen01.HitRate1
Data: data
Dependent variable(s): RaceHorse.IsHitA
Total independent variables: 2 
Number of valid observations: 4039
Number of missing observations: 0 
 
Coefficients:
               RaceHorse.IsHitA
(Intercept)                  -3
Gen01.HitRate1                2
[1] "analyze.results.glm.step.summary"
Call:
rxLogit(formula = form, data = data, variableSelection = analyze.results.glm.step.varsel)

Logistic Regression Results for: RaceHorse.IsHitA ~ Gen01.HitRate1
Data: data
Dependent variable(s): RaceHorse.IsHitA
Total independent variables: 2 
Number of valid observations: 4039
Number of missing observations: 0 
-2*LogLikelihood: 1998.358 (Residual deviance on 4037 degrees of freedom)
 
Coefficients:
               Estimate Std. Error z value Pr(>|z|)    
(Intercept)     -2.7493     0.0753  -36.51  2.2e-16 ***
Gen01.HitRate1   1.5281     0.4335    3.53  0.00042 ***
---
Signif. codes:  0 '***' 0.001 '**' 0.01 '*' 0.05 '.' 0.1 ' ' 1

Condition number of final variance-covariance matrix: 1 
Number of iterations: 5
[1] "2022-02-08 22:07:05 --- rxGlm with rxStepControl Finish ---"
[1] "2022-02-08 22:07:05 --- rxStepPlot Start ---"
[1] "pdfFilename=pdf_analyze_glm_Gen01_Type21_rxStepPlot.pdf"
[1] "rxStepPlot="
[1] "2022-02-08 22:07:05 --- rxStepPlot Finish ---"
[1] "2022-02-08 22:07:05 --- save.image Start ---"
[1] "save.image"
[1] "rdataFilename=RData_analyze_glm_Gen01_Type21.RData"
[1] "2022-02-08 22:07:06 --- save.image Finish ---"
[1] "2022-02-08 22:07:06 --- final Start ---"
[1] "nrow(data) final=4039"
[1] "2022-02-08 22:07:06 --- final Finish ---"
[1] "2022-02-08 22:07:06 --- analyze_glm.R Finished ---"
[1] "2022-02-08 22:07:06 --- log Finish ---"
