[1] "2022-02-08 14:21:48 --- D1113_Predict_glm_Gen01_IsHitA_Type15 Start ---"
[1] "2022-02-08 14:21:48 --- Log Start ---"
[1] "2022-02-08 14:21:48 --- predict.R Start ---"
[1] "analyzeVersion=D1113"
[1] "analyzeCategory=Predict"
[1] "analyzeType=Gen01"
[1] "analyzeFamily=IsHitA"
[1] "analyzeFunc=glm"
[1] "analyzeTrackTypeCd=1"
[1] "analyzeJyokenCd=5"
[1] "2022-02-08 14:21:48 --- source_function.R Start ---"
[1] "2022-02-08 14:21:48 --- source_function.R Finished ---"

> print(paste0(Sys.time(), " --- source_library.R Start ---"))
[1] "2022-02-08 14:21:48 --- source_library.R Start ---"

> require("RevoScaleR")

> print(paste0(Sys.time(), " --- source_library.R Finished ---"))
[1] "2022-02-08 14:21:48 --- source_library.R Finished ---"
[1] "2022-02-08 14:21:48 --- Load Start ---"
[1] "loadFilename=RData_Analyze_glm_Gen01_Type15.RData"
[1] "2022-02-08 14:21:48 --- Load Finished ---"
[1] "2022-02-08 14:21:48 --- RxSqlServerData Start ---"
[1] "sqlQuery=SELECT * FROM ViewAnalyzeD1113analyze01Gen01Type15 WHERE [Race.IsPredictedRace] = 1"
Rows Read: 44598, Total Rows Processed: 44598, Total Chunk Time: 21.477 seconds 
[1] "head(InputDataSet)="
           Race.RaceId Race.IsPredictedRace Race.IsAnalyzeNormalPastAndFuture
1 20200530-08-03-11-03                 TRUE                              TRUE
2 20170709-02-02-02-03                 TRUE                              TRUE
3 20181209-09-05-04-04                 TRUE                              TRUE
4 20180303-09-01-03-06                 TRUE                              TRUE
5 20180729-04-02-02-01                 TRUE                              TRUE
6 20170617-05-03-05-06                 TRUE                              TRUE
  Race.IsAnalyzeNormalPast Race.IsAnalyzeNormalFuture
1                     TRUE                      FALSE
2                     TRUE                      FALSE
3                     TRUE                      FALSE
4                     TRUE                      FALSE
5                     TRUE                      FALSE
6                     TRUE                      FALSE
  Race.IsAnalyzeFullPastAndFuture Race.IsAnalyzeFullPast
1                            TRUE                   TRUE
2                            TRUE                   TRUE
3                            TRUE                   TRUE
4                            TRUE                   TRUE
5                            TRUE                   TRUE
6                            TRUE                   TRUE
  Race.IsAnalyzeFullFuture Race.JyokenCd Race.JyoType1Cd   Race.RaceType0Cd
1                    FALSE             5     1-08-1400-1 1-08-1400-1-5-X-12
2                    FALSE             5     1-02-2000-1 1-02-2000-1-5-X-12
3                    FALSE             5     1-09-2000-1 1-09-2000-1-5-X-11
4                    FALSE             5     1-09-1800-1 1-09-1800-1-5-X-12
5                    FALSE             5     1-04-1600-1 1-04-1600-1-5-X-11
6                    FALSE             5     1-05-1400-1 1-05-1400-1-5-X-12
  Race.RaceType1Cd Race.RaceType2Cd Race.RaceType3Cd Race.RaceType4Cd
1            1-5-X            1-5-X           5-X-12           1-5-12
2            1-5-X            1-5-X           5-X-12           1-5-12
3            1-5-X            1-5-X           5-X-11           1-5-11
4            1-5-X            1-5-X           5-X-12           1-5-12
5            1-5-X            1-5-X           5-X-11           1-5-11
6            1-5-X            1-5-X           5-X-12           1-5-12
      RaceHorse.RaceId RaceHorse.KettoNum RaceHorse.IsHit1 RaceHorse.IsHit2
1 20200530-08-03-11-03         2017106615                0                1
2 20170709-02-02-02-03         2014105978                0                0
3 20181209-09-05-04-04         2016106405                0                1
4 20180303-09-01-03-06         2015104714                1                0
5 20180729-04-02-02-01         2016105241                0                0
6 20170617-05-03-05-06         2014105594                0                0
  RaceHorse.IsHit3 RaceHorse.IsHit4 RaceHorse.IsHit5 RaceHorse.IsHit6
1                0                0                0                0
2                0                0                0                1
3                0                0                0                0
4                0                0                0                0
5                0                0                0                1
6                0                0                0                1
  RaceHorse.IsValidRaceHorse RaceHorse.IsHitA RaceHorse.IsHitB RaceHorse.IsHitC
1                       TRUE                0                1                1
2                       TRUE                0                0                0
3                       TRUE                0                1                1
4                       TRUE                1                1                1
5                       TRUE                0                0                0
6                       TRUE                0                0                0
  Gen01.HansyokuNum Gen01.TimeDvByRaceAvg Gen01.TimeDvByRaceMax Gen01.RunCount
1          11202119              52.71343              72.72662           1797
2          11201872              51.13549              76.42374           2108
3          11202084              52.78585              71.98760           2012
4          11202006              52.57570              75.81851           1821
5          11202004              50.09573              72.61386           1627
6          11201966              49.79317              71.51096            472
  Gen01.HitCount1 Gen01.HitCount2 Gen01.HitCount3 Gen01.HitCount4
1             173             194             172             139
2             177             136             146             147
3             207             182             185             154
4             192             157             141             119
5              85             105             100             111
6              34              20              24              23
  Gen01.HitCount5 Gen01.HitRate1 Gen01.HitRate2 Gen01.HitRate3 Gen01.HitRate4
1             108     0.09627156     0.10795771     0.09571508     0.07735114
2             133     0.08396584     0.06451613     0.06925996     0.06973435
3             143     0.10288270     0.09045726     0.09194831     0.07654076
4             147     0.10543657     0.08621636     0.07742998     0.06534871
5             106     0.05224339     0.06453596     0.06146281     0.06822372
6              29     0.07203390     0.04237288     0.05084746     0.04872881
  Gen01.HitRate5 EOF
1     0.06010017   1
2     0.06309298   1
3     0.07107356   1
4     0.08072488   1
5     0.06515058   1
6     0.06144068   1
[1] "object.size(InputDataSet) auto=10.1 Mb"
[1] "nrow(InputDataSet) RxSqlServerData=44598"
[1] "str(InputDataSet)="
'data.frame':	44598 obs. of  42 variables:
 $ Race.RaceId                      : Factor w/ 2992 levels "20180617-09-03-06-03",..: 11 12 13 14 15 16 17 18 19 20 ...
 $ Race.IsPredictedRace             : logi  TRUE TRUE TRUE TRUE TRUE TRUE ...
 $ Race.IsAnalyzeNormalPastAndFuture: logi  TRUE TRUE TRUE TRUE TRUE TRUE ...
 $ Race.IsAnalyzeNormalPast         : logi  TRUE TRUE TRUE TRUE TRUE TRUE ...
 $ Race.IsAnalyzeNormalFuture       : logi  FALSE FALSE FALSE FALSE FALSE FALSE ...
 $ Race.IsAnalyzeFullPastAndFuture  : logi  TRUE TRUE TRUE TRUE TRUE TRUE ...
 $ Race.IsAnalyzeFullPast           : logi  TRUE TRUE TRUE TRUE TRUE TRUE ...
 $ Race.IsAnalyzeFullFuture         : logi  FALSE FALSE FALSE FALSE FALSE FALSE ...
 $ Race.JyokenCd                    : Factor w/ 1 level "5": 1 1 1 1 1 1 1 1 1 1 ...
 $ Race.JyoType1Cd                  : Factor w/ 182 levels "1-09-1400-1",..: 11 12 13 14 15 16 17 18 3 19 ...
 $ Race.RaceType0Cd                 : Factor w/ 290 levels "1-09-1400-1-5-X-12",..: 11 12 13 14 15 16 17 18 3 19 ...
 $ Race.RaceType1Cd                 : Factor w/ 1 level "1-5-X": 1 1 1 1 1 1 1 1 1 1 ...
 $ Race.RaceType2Cd                 : Factor w/ 1 level "1-5-X": 1 1 1 1 1 1 1 1 1 1 ...
 $ Race.RaceType3Cd                 : Factor w/ 2 levels "5-X-12","5-X-11": 1 1 2 1 2 1 2 1 1 1 ...
 $ Race.RaceType4Cd                 : Factor w/ 2 levels "1-5-12","1-5-11": 1 1 2 1 2 1 2 1 1 1 ...
 $ RaceHorse.RaceId                 : Factor w/ 2992 levels "20180617-09-03-06-03",..: 11 12 13 14 15 16 17 18 19 20 ...
 $ RaceHorse.KettoNum               : Factor w/ 16666 levels "2015102657","2014100584",..: 11 12 13 14 15 16 17 18 19 20 ...
 $ RaceHorse.IsHit1                 : int  0 0 0 1 0 0 0 0 1 0 ...
 $ RaceHorse.IsHit2                 : int  1 0 1 0 0 0 0 1 0 0 ...
 $ RaceHorse.IsHit3                 : int  0 0 0 0 0 0 0 0 0 0 ...
 $ RaceHorse.IsHit4                 : int  0 0 0 0 0 0 0 0 0 0 ...
 $ RaceHorse.IsHit5                 : int  0 0 0 0 0 0 0 0 0 0 ...
 $ RaceHorse.IsHit6                 : int  0 1 0 0 1 1 1 0 0 1 ...
 $ RaceHorse.IsValidRaceHorse       : logi  TRUE TRUE TRUE TRUE TRUE TRUE ...
 $ RaceHorse.IsHitA                 : int  0 0 0 1 0 0 0 0 1 0 ...
 $ RaceHorse.IsHitB                 : int  1 0 1 1 0 0 0 1 1 0 ...
 $ RaceHorse.IsHitC                 : int  1 0 1 1 0 0 0 1 1 0 ...
 $ Gen01.HansyokuNum                : Factor w/ 480 levels "11202084","11202051",..: 7 9 1 10 11 12 9 4 13 14 ...
 $ Gen01.TimeDvByRaceAvg            : num  52.7 51.1 52.8 52.6 50.1 ...
 $ Gen01.TimeDvByRaceMax            : num  72.7 76.4 72 75.8 72.6 ...
 $ Gen01.RunCount                   : int  1797 2108 2012 1821 1627 472 1836 2527 664 1382 ...
 $ Gen01.HitCount1                  : int  173 177 207 192 85 34 156 376 37 102 ...
 $ Gen01.HitCount2                  : int  194 136 182 157 105 20 125 337 36 98 ...
 $ Gen01.HitCount3                  : int  172 146 185 141 100 24 128 260 41 89 ...
 $ Gen01.HitCount4                  : int  139 147 154 119 111 23 130 223 30 98 ...
 $ Gen01.HitCount5                  : int  108 133 143 147 106 29 111 239 39 98 ...
 $ Gen01.HitRate1                   : num  0.0963 0.084 0.1029 0.1054 0.0522 ...
 $ Gen01.HitRate2                   : num  0.108 0.0645 0.0905 0.0862 0.0645 ...
 $ Gen01.HitRate3                   : num  0.0957 0.0693 0.0919 0.0774 0.0615 ...
 $ Gen01.HitRate4                   : num  0.0774 0.0697 0.0765 0.0653 0.0682 ...
 $ Gen01.HitRate5                   : num  0.0601 0.0631 0.0711 0.0807 0.0652 ...
 $ EOF                              : int  1 1 1 1 1 1 1 1 1 1 ...
[1] "2022-02-08 14:22:23 --- RxSqlServerData Finish ---"
[1] "2022-02-08 14:22:23 --- subset Start ---"
[1] "nrow(InputDataSet) subset before=44598"
[1] "nrow(InputDataSet) subset after=44598"
[1] "nrow(InputDataSet) subset diff=0"
[1] "class(InputDataSet$Race.IsAnalyzeNormalPast)=logical"
[1] "class(InputDataSet$Race.analyzeTrackTypeCd)=NULL"
[1] "2022-02-08 14:22:23 --- subset Finish ---"
[1] "2022-02-08 14:22:23 --- transform Start ---"
[1] "nrow(InputDataSet) transaform before=44598"
[1] "nrow(InputDataSet) transaform after=44598"
[1] "nrow(InputDataSet) transaform diff=0"
[1] "str(InputDataSet)="
'data.frame':	44598 obs. of  42 variables:
 $ Race.RaceId                      : Factor w/ 2992 levels "20180617-09-03-06-03",..: 11 12 13 14 15 16 17 18 19 20 ...
 $ Race.IsPredictedRace             : logi  TRUE TRUE TRUE TRUE TRUE TRUE ...
 $ Race.IsAnalyzeNormalPastAndFuture: logi  TRUE TRUE TRUE TRUE TRUE TRUE ...
 $ Race.IsAnalyzeNormalPast         : logi  TRUE TRUE TRUE TRUE TRUE TRUE ...
 $ Race.IsAnalyzeNormalFuture       : logi  FALSE FALSE FALSE FALSE FALSE FALSE ...
 $ Race.IsAnalyzeFullPastAndFuture  : logi  TRUE TRUE TRUE TRUE TRUE TRUE ...
 $ Race.IsAnalyzeFullPast           : logi  TRUE TRUE TRUE TRUE TRUE TRUE ...
 $ Race.IsAnalyzeFullFuture         : logi  FALSE FALSE FALSE FALSE FALSE FALSE ...
 $ Race.JyokenCd                    : Factor w/ 1 level "5": 1 1 1 1 1 1 1 1 1 1 ...
 $ Race.JyoType1Cd                  : Factor w/ 182 levels "1-09-1400-1",..: 11 12 13 14 15 16 17 18 3 19 ...
 $ Race.RaceType0Cd                 : Factor w/ 290 levels "1-09-1400-1-5-X-12",..: 11 12 13 14 15 16 17 18 3 19 ...
 $ Race.RaceType1Cd                 : Factor w/ 1 level "1-5-X": 1 1 1 1 1 1 1 1 1 1 ...
 $ Race.RaceType2Cd                 : Factor w/ 1 level "1-5-X": 1 1 1 1 1 1 1 1 1 1 ...
 $ Race.RaceType3Cd                 : Factor w/ 2 levels "5-X-12","5-X-11": 1 1 2 1 2 1 2 1 1 1 ...
 $ Race.RaceType4Cd                 : Factor w/ 2 levels "1-5-12","1-5-11": 1 1 2 1 2 1 2 1 1 1 ...
 $ RaceHorse.RaceId                 : Factor w/ 2992 levels "20180617-09-03-06-03",..: 11 12 13 14 15 16 17 18 19 20 ...
 $ RaceHorse.KettoNum               : Factor w/ 16666 levels "2015102657","2014100584",..: 11 12 13 14 15 16 17 18 19 20 ...
 $ RaceHorse.IsHit1                 : int  0 0 0 1 0 0 0 0 1 0 ...
 $ RaceHorse.IsHit2                 : int  1 0 1 0 0 0 0 1 0 0 ...
 $ RaceHorse.IsHit3                 : int  0 0 0 0 0 0 0 0 0 0 ...
 $ RaceHorse.IsHit4                 : int  0 0 0 0 0 0 0 0 0 0 ...
 $ RaceHorse.IsHit5                 : int  0 0 0 0 0 0 0 0 0 0 ...
 $ RaceHorse.IsHit6                 : int  0 1 0 0 1 1 1 0 0 1 ...
 $ RaceHorse.IsValidRaceHorse       : logi  TRUE TRUE TRUE TRUE TRUE TRUE ...
 $ RaceHorse.IsHitA                 : int  0 0 0 1 0 0 0 0 1 0 ...
 $ RaceHorse.IsHitB                 : int  1 0 1 1 0 0 0 1 1 0 ...
 $ RaceHorse.IsHitC                 : int  1 0 1 1 0 0 0 1 1 0 ...
 $ Gen01.HansyokuNum                : Factor w/ 480 levels "11202084","11202051",..: 7 9 1 10 11 12 9 4 13 14 ...
 $ Gen01.TimeDvByRaceAvg            : num  52.7 51.1 52.8 52.6 50.1 ...
 $ Gen01.TimeDvByRaceMax            : num  72.7 76.4 72 75.8 72.6 ...
 $ Gen01.RunCount                   : int  1797 2108 2012 1821 1627 472 1836 2527 664 1382 ...
 $ Gen01.HitCount1                  : int  173 177 207 192 85 34 156 376 37 102 ...
 $ Gen01.HitCount2                  : int  194 136 182 157 105 20 125 337 36 98 ...
 $ Gen01.HitCount3                  : int  172 146 185 141 100 24 128 260 41 89 ...
 $ Gen01.HitCount4                  : int  139 147 154 119 111 23 130 223 30 98 ...
 $ Gen01.HitCount5                  : int  108 133 143 147 106 29 111 239 39 98 ...
 $ Gen01.HitRate1                   : num  0.0963 0.084 0.1029 0.1054 0.0522 ...
 $ Gen01.HitRate2                   : num  0.108 0.0645 0.0905 0.0862 0.0645 ...
 $ Gen01.HitRate3                   : num  0.0957 0.0693 0.0919 0.0774 0.0615 ...
 $ Gen01.HitRate4                   : num  0.0774 0.0697 0.0765 0.0653 0.0682 ...
 $ Gen01.HitRate5                   : num  0.0601 0.0631 0.0711 0.0807 0.0652 ...
 $ EOF                              : int  1 1 1 1 1 1 1 1 1 1 ...
NULL
[1] "2022-02-08 14:22:23 --- transform Finish ---"
[1] "2022-02-08 14:22:23 --- na.omit Start ---"
[1] "nrow(InputDataSet) na.omit before=44598"
[1] "nrow(InputDataSet) na.omit after=44598"
[1] "nrow(InputDataSet) na.omit diff=0"
[1] "2022-02-08 14:22:23 --- na.omit Finish---"
[1] "2022-02-08 14:22:23 --- New Levels Start ---"
[1] "levels(data$Race.RaceType1Cd)=1-5-X"
[1] "levels(InputDataSet$Race.RaceType1Cd)=1-5-X"
[1] "length(Race.RaceType1Cd.Index)=0"
[1] "2022-02-08 14:22:23 --- New Levels Finish ---"
[1] "2022-02-08 14:22:23 --- na.omit Start ---"
[1] "nrow(InputDataSet) na.omit levels before=44598"
[1] "nrow(InputDataSet) na.omit levels after=44598"
[1] "nrow(InputDataSet) na.omit levels diff=0"
[1] "2022-02-08 14:22:23 --- na.omit Finish ---"
[1] "2022-02-08 14:22:23 --- Predict InputDataSet Start ---"
[1] "nrow(InputDataSet) predict=44598"
[1] "str(InputDataSet)="
'data.frame':	44598 obs. of  42 variables:
 $ Race.RaceId                      : Factor w/ 2992 levels "20180617-09-03-06-03",..: 11 12 13 14 15 16 17 18 19 20 ...
 $ Race.IsPredictedRace             : logi  TRUE TRUE TRUE TRUE TRUE TRUE ...
 $ Race.IsAnalyzeNormalPastAndFuture: logi  TRUE TRUE TRUE TRUE TRUE TRUE ...
 $ Race.IsAnalyzeNormalPast         : logi  TRUE TRUE TRUE TRUE TRUE TRUE ...
 $ Race.IsAnalyzeNormalFuture       : logi  FALSE FALSE FALSE FALSE FALSE FALSE ...
 $ Race.IsAnalyzeFullPastAndFuture  : logi  TRUE TRUE TRUE TRUE TRUE TRUE ...
 $ Race.IsAnalyzeFullPast           : logi  TRUE TRUE TRUE TRUE TRUE TRUE ...
 $ Race.IsAnalyzeFullFuture         : logi  FALSE FALSE FALSE FALSE FALSE FALSE ...
 $ Race.JyokenCd                    : Factor w/ 1 level "5": 1 1 1 1 1 1 1 1 1 1 ...
 $ Race.JyoType1Cd                  : Factor w/ 182 levels "1-09-1400-1",..: 11 12 13 14 15 16 17 18 3 19 ...
 $ Race.RaceType0Cd                 : Factor w/ 290 levels "1-09-1400-1-5-X-12",..: 11 12 13 14 15 16 17 18 3 19 ...
 $ Race.RaceType1Cd                 : Factor w/ 1 level "1-5-X": 1 1 1 1 1 1 1 1 1 1 ...
 $ Race.RaceType2Cd                 : Factor w/ 1 level "1-5-X": 1 1 1 1 1 1 1 1 1 1 ...
 $ Race.RaceType3Cd                 : Factor w/ 2 levels "5-X-12","5-X-11": 1 1 2 1 2 1 2 1 1 1 ...
 $ Race.RaceType4Cd                 : Factor w/ 2 levels "1-5-12","1-5-11": 1 1 2 1 2 1 2 1 1 1 ...
 $ RaceHorse.RaceId                 : Factor w/ 2992 levels "20180617-09-03-06-03",..: 11 12 13 14 15 16 17 18 19 20 ...
 $ RaceHorse.KettoNum               : Factor w/ 16666 levels "2015102657","2014100584",..: 11 12 13 14 15 16 17 18 19 20 ...
 $ RaceHorse.IsHit1                 : int  0 0 0 1 0 0 0 0 1 0 ...
 $ RaceHorse.IsHit2                 : int  1 0 1 0 0 0 0 1 0 0 ...
 $ RaceHorse.IsHit3                 : int  0 0 0 0 0 0 0 0 0 0 ...
 $ RaceHorse.IsHit4                 : int  0 0 0 0 0 0 0 0 0 0 ...
 $ RaceHorse.IsHit5                 : int  0 0 0 0 0 0 0 0 0 0 ...
 $ RaceHorse.IsHit6                 : int  0 1 0 0 1 1 1 0 0 1 ...
 $ RaceHorse.IsValidRaceHorse       : logi  TRUE TRUE TRUE TRUE TRUE TRUE ...
 $ RaceHorse.IsHitA                 : int  0 0 0 1 0 0 0 0 1 0 ...
 $ RaceHorse.IsHitB                 : int  1 0 1 1 0 0 0 1 1 0 ...
 $ RaceHorse.IsHitC                 : int  1 0 1 1 0 0 0 1 1 0 ...
 $ Gen01.HansyokuNum                : Factor w/ 480 levels "11202084","11202051",..: 7 9 1 10 11 12 9 4 13 14 ...
 $ Gen01.TimeDvByRaceAvg            : num  52.7 51.1 52.8 52.6 50.1 ...
 $ Gen01.TimeDvByRaceMax            : num  72.7 76.4 72 75.8 72.6 ...
 $ Gen01.RunCount                   : int  1797 2108 2012 1821 1627 472 1836 2527 664 1382 ...
 $ Gen01.HitCount1                  : int  173 177 207 192 85 34 156 376 37 102 ...
 $ Gen01.HitCount2                  : int  194 136 182 157 105 20 125 337 36 98 ...
 $ Gen01.HitCount3                  : int  172 146 185 141 100 24 128 260 41 89 ...
 $ Gen01.HitCount4                  : int  139 147 154 119 111 23 130 223 30 98 ...
 $ Gen01.HitCount5                  : int  108 133 143 147 106 29 111 239 39 98 ...
 $ Gen01.HitRate1                   : num  0.0963 0.084 0.1029 0.1054 0.0522 ...
 $ Gen01.HitRate2                   : num  0.108 0.0645 0.0905 0.0862 0.0645 ...
 $ Gen01.HitRate3                   : num  0.0957 0.0693 0.0919 0.0774 0.0615 ...
 $ Gen01.HitRate4                   : num  0.0774 0.0697 0.0765 0.0653 0.0682 ...
 $ Gen01.HitRate5                   : num  0.0601 0.0631 0.0711 0.0807 0.0652 ...
 $ EOF                              : int  1 1 1 1 1 1 1 1 1 1 ...
[1] "2022-02-08 14:22:24 --- Predict InputDataSet Finish ---"
[1] "2022-02-08 14:22:24 --- rxPredict (glm) Start ---"
[1] "analyzeFunc=glm"
Rows Read: 44598, Total Rows Processed: 44598, Total Chunk Time: 0.001 seconds 
[1] "nrow(PredictDataSet) afte predict=44598"
[1] "str(PredictDataSet)"
'data.frame':	44598 obs. of  1 variable:
 $ RaceHorse.IsHitA_Pred: num  0.0742 0.0704 0.0763 0.0771 0.0616 ...
NULL
[1] "head(PredictDataSet) afte predict="
  RaceHorse.IsHitA_Pred
1            0.07418130
2            0.07044529
3            0.07626293
4            0.07708132
5            0.06160294
6            0.06698952
[1] "2022-02-08 14:22:24 --- rxPredict (glm) Finish ---"
[1] "2022-02-08 14:22:24 --- add key Start ---"
[1] "nrow(OutputDataSet) add KeyColmn=44598"
[1] "str(OutputDataSet) after add Key"
'data.frame':	44598 obs. of  2 variables:
 $ RaceHorse.RaceId  : Factor w/ 2992 levels "20180617-09-03-06-03",..: 11 12 13 14 15 16 17 18 19 20 ...
 $ RaceHorse.KettoNum: Factor w/ 16666 levels "2015102657","2014100584",..: 11 12 13 14 15 16 17 18 19 20 ...
NULL
[1] "2022-02-08 14:22:24 --- add key Finish ---"
[1] "2022-02-08 14:22:24 --- add PredictValue Start ---"
[1] "str(PredictDataSet) before rename="
[1] "colnames(PredictDataSet)=RaceHorse.IsHitA_Pred"
[1] "str(PredictDataSet) after rename="
'data.frame':	44598 obs. of  1 variable:
 $ PredictValue: num  0.0742 0.0704 0.0763 0.0771 0.0616 ...
NULL
[1] "str(OutputDataSet) before cbind="
'data.frame':	44598 obs. of  2 variables:
 $ RaceHorse.RaceId  : Factor w/ 2992 levels "20180617-09-03-06-03",..: 11 12 13 14 15 16 17 18 19 20 ...
 $ RaceHorse.KettoNum: Factor w/ 16666 levels "2015102657","2014100584",..: 11 12 13 14 15 16 17 18 19 20 ...
NULL
[1] "str(OutputDataSet) after cbind="
'data.frame':	44598 obs. of  3 variables:
 $ RaceHorse.RaceId  : Factor w/ 2992 levels "20180617-09-03-06-03",..: 11 12 13 14 15 16 17 18 19 20 ...
 $ RaceHorse.KettoNum: Factor w/ 16666 levels "2015102657","2014100584",..: 11 12 13 14 15 16 17 18 19 20 ...
 $ PredictValue      : num  0.0742 0.0704 0.0763 0.0771 0.0616 ...
NULL
[1] "2022-02-08 14:22:24 --- add PredictValue Finish ---"
[1] "2022-02-08 14:22:24 --- final Start ---"
[1] "nrow(OutputDataSet) final=44598"
[1] "head(OutputDataSet)="
      RaceHorse.RaceId RaceHorse.KettoNum PredictValue
1 20200530-08-03-11-03         2017106615   0.07418130
2 20170709-02-02-02-03         2014105978   0.07044529
3 20181209-09-05-04-04         2016106405   0.07626293
4 20180303-09-01-03-06         2015104714   0.07708132
5 20180729-04-02-02-01         2016105241   0.06160294
6 20170617-05-03-05-06         2014105594   0.06698952
[1] "str(OutputDataSet)="
'data.frame':	44598 obs. of  3 variables:
 $ RaceHorse.RaceId  : Factor w/ 2992 levels "20180617-09-03-06-03",..: 11 12 13 14 15 16 17 18 19 20 ...
 $ RaceHorse.KettoNum: Factor w/ 16666 levels "2015102657","2014100584",..: 11 12 13 14 15 16 17 18 19 20 ...
 $ PredictValue      : num  0.0742 0.0704 0.0763 0.0771 0.0616 ...
NULL
[1] "2022-02-08 14:22:24 --- final Finish ---"
[1] "2022-02-08 14:22:24 --- predict.R Finished ---"
[1] "2022-02-08 14:22:24 --- log Finish ---"
