[1] "2022-02-08 14:22:40 --- D1113_Predict_glm_Jockey_IsHitA_Type25 Start ---"
[1] "2022-02-08 14:22:40 --- Log Start ---"
[1] "2022-02-08 14:22:40 --- predict.R Start ---"
[1] "analyzeVersion=D1113"
[1] "analyzeCategory=Predict"
[1] "analyzeType=Jockey"
[1] "analyzeFamily=IsHitA"
[1] "analyzeFunc=glm"
[1] "analyzeTrackTypeCd=2"
[1] "analyzeJyokenCd=5"
[1] "2022-02-08 14:22:40 --- source_function.R Start ---"
[1] "2022-02-08 14:22:40 --- source_function.R Finished ---"

> print(paste0(Sys.time(), " --- source_library.R Start ---"))
[1] "2022-02-08 14:22:40 --- source_library.R Start ---"

> require("RevoScaleR")

> print(paste0(Sys.time(), " --- source_library.R Finished ---"))
[1] "2022-02-08 14:22:40 --- source_library.R Finished ---"
[1] "2022-02-08 14:22:40 --- Load Start ---"
[1] "loadFilename=RData_Analyze_glm_Jockey_Type25.RData"
[1] "2022-02-08 14:22:40 --- Load Finished ---"
[1] "2022-02-08 14:22:40 --- RxSqlServerData Start ---"
[1] "sqlQuery=SELECT * FROM ViewAnalyzeD1113analyze01JockeyType25 WHERE [Race.IsPredictedRace] = 1"
Rows Read: 59140, Total Rows Processed: 59140, Total Chunk Time: 11.918 seconds 
[1] "head(InputDataSet)="
           Race.RaceId Race.IsPredictedRace Race.IsAnalyzeNormalPastAndFuture
1 20160227-09-01-01-02                 TRUE                              TRUE
2 20160409-06-03-05-01                 TRUE                              TRUE
3 20190428-05-02-04-03                 TRUE                              TRUE
4 20160227-09-01-01-02                 TRUE                              TRUE
5 20160312-09-01-05-03                 TRUE                              TRUE
6 20160410-03-01-02-06                 TRUE                              TRUE
  Race.IsAnalyzeNormalPast Race.IsAnalyzeNormalFuture
1                     TRUE                      FALSE
2                     TRUE                      FALSE
3                     TRUE                      FALSE
4                     TRUE                      FALSE
5                     TRUE                      FALSE
6                     TRUE                      FALSE
  Race.IsAnalyzeFullPastAndFuture Race.IsAnalyzeFullPast
1                            TRUE                   TRUE
2                            TRUE                   TRUE
3                            TRUE                   TRUE
4                            TRUE                   TRUE
5                            TRUE                   TRUE
6                            TRUE                   TRUE
  Race.IsAnalyzeFullFuture Race.JyokenCd Race.JyoType1Cd   Race.RaceType0Cd
1                    FALSE             5     2-09-1200-1 2-09-1200-1-5-X-12
2                    FALSE             5     2-06-1200-3 2-06-1200-3-5-X-12
3                    FALSE             5     2-05-1300-2 2-05-1300-2-5-X-12
4                    FALSE             5     2-09-1200-1 2-09-1200-1-5-X-12
5                    FALSE             5     2-09-1200-2 2-09-1200-2-5-X-12
6                    FALSE             5     2-03-1150-2 2-03-1150-2-5-X-12
  Race.RaceType1Cd Race.RaceType2Cd Race.RaceType3Cd Race.RaceType4Cd
1            2-5-X            2-5-X           5-X-12           2-5-12
2            2-5-X            2-5-X           5-X-12           2-5-12
3            2-5-X            2-5-X           5-X-12           2-5-12
4            2-5-X            2-5-X           5-X-12           2-5-12
5            2-5-X            2-5-X           5-X-12           2-5-12
6            2-5-X            2-5-X           5-X-12           2-5-12
      RaceHorse.RaceId RaceHorse.KettoNum RaceHorse.IsHit1 RaceHorse.IsHit2
1 20160227-09-01-01-02         2013102052                0                1
2 20160409-06-03-05-01         2013101929                0                0
3 20190428-05-02-04-03         2016104027                0                0
4 20160227-09-01-01-02         2013105015                1                0
5 20160312-09-01-05-03         2013101634                0                0
6 20160410-03-01-02-06         2013102802                0                0
  RaceHorse.IsHit3 RaceHorse.IsHit4 RaceHorse.IsHit5 RaceHorse.IsHit6
1                0                0                0                0
2                0                1                0                0
3                0                0                1                0
4                0                0                0                0
5                1                0                0                0
6                0                0                1                0
  RaceHorse.IsValidRaceHorse RaceHorse.IsHitA RaceHorse.IsHitB RaceHorse.IsHitC
1                       TRUE                0                1                1
2                       TRUE                0                0                0
3                       TRUE                0                0                0
4                       TRUE                1                1                1
5                       TRUE                0                0                1
6                       TRUE                0                0                0
  Jockey.KisyuCode Jockey.TimeDvByRaceAvg Jockey.TimeDvByRaceMax
1            00894               52.33889               70.24390
2            01029               48.61999               67.84409
3            01153               49.40695               70.23475
4            00652               46.12673               66.18757
5            01133               47.03354               75.93257
6            01117               50.22130               69.80887
  Jockey.RunCount Jockey.HitCount1 Jockey.HitCount2 Jockey.HitCount3
1             567               47               54               35
2             748               27               25               42
3             543               17               34               28
4             338                6                9               12
5             296               10                9               15
6             522               27               27               37
  Jockey.HitCount4 Jockey.HitCount5 Jockey.HitRate1 Jockey.HitRate2
1               49               50      0.08289242      0.09523810
2               42               44      0.03609626      0.03342246
3               41               41      0.03130755      0.06261510
4               16               17      0.01775148      0.02662722
5               15               17      0.03378378      0.03040541
6               40               32      0.05172414      0.05172414
  Jockey.HitRate3 Jockey.HitRate4 Jockey.HitRate5 EOF
1      0.06172840      0.08641975      0.08818342   1
2      0.05614973      0.05614973      0.05882353   1
3      0.05156538      0.07550645      0.07550645   1
4      0.03550296      0.04733728      0.05029586   1
5      0.05067568      0.05067568      0.05743243   1
6      0.07088123      0.07662835      0.06130268   1
[1] "object.size(InputDataSet) auto=13.2 Mb"
[1] "nrow(InputDataSet) RxSqlServerData=59140"
[1] "str(InputDataSet)="
'data.frame':	59140 obs. of  42 variables:
 $ Race.RaceId                      : Factor w/ 4026 levels "20170312-09-01-06-01",..: 11 12 13 11 14 15 16 17 18 19 ...
 $ Race.IsPredictedRace             : logi  TRUE TRUE TRUE TRUE TRUE TRUE ...
 $ Race.IsAnalyzeNormalPastAndFuture: logi  TRUE TRUE TRUE TRUE TRUE TRUE ...
 $ Race.IsAnalyzeNormalPast         : logi  TRUE TRUE TRUE TRUE TRUE TRUE ...
 $ Race.IsAnalyzeNormalFuture       : logi  FALSE FALSE FALSE FALSE FALSE FALSE ...
 $ Race.IsAnalyzeFullPastAndFuture  : logi  TRUE TRUE TRUE TRUE TRUE TRUE ...
 $ Race.IsAnalyzeFullPast           : logi  TRUE TRUE TRUE TRUE TRUE TRUE ...
 $ Race.IsAnalyzeFullFuture         : logi  FALSE FALSE FALSE FALSE FALSE FALSE ...
 $ Race.JyokenCd                    : Factor w/ 1 level "5": 1 1 1 1 1 1 1 1 1 1 ...
 $ Race.JyoType1Cd                  : Factor w/ 118 levels "2-09-1200-1",..: 1 9 10 1 11 12 11 13 14 15 ...
 $ Race.RaceType0Cd                 : Factor w/ 205 levels "2-09-1200-1-5-X-12",..: 1 9 10 1 11 12 11 13 14 15 ...
 $ Race.RaceType1Cd                 : Factor w/ 1 level "2-5-X": 1 1 1 1 1 1 1 1 1 1 ...
 $ Race.RaceType2Cd                 : Factor w/ 1 level "2-5-X": 1 1 1 1 1 1 1 1 1 1 ...
 $ Race.RaceType3Cd                 : Factor w/ 2 levels "5-X-12","5-X-11": 1 1 1 1 1 1 1 1 1 1 ...
 $ Race.RaceType4Cd                 : Factor w/ 2 levels "2-5-12","2-5-11": 1 1 1 1 1 1 1 1 1 1 ...
 $ RaceHorse.RaceId                 : Factor w/ 4026 levels "20170312-09-01-06-01",..: 11 12 13 11 14 15 16 17 18 19 ...
 $ RaceHorse.KettoNum               : Factor w/ 20503 levels "2014102684","2014105149",..: 11 12 13 14 15 16 17 18 19 20 ...
 $ RaceHorse.IsHit1                 : int  0 0 0 1 0 0 0 0 1 0 ...
 $ RaceHorse.IsHit2                 : int  1 0 0 0 0 0 1 0 0 0 ...
 $ RaceHorse.IsHit3                 : int  0 0 0 0 1 0 0 0 0 0 ...
 $ RaceHorse.IsHit4                 : int  0 1 0 0 0 0 0 0 0 1 ...
 $ RaceHorse.IsHit5                 : int  0 0 1 0 0 1 0 1 0 0 ...
 $ RaceHorse.IsHit6                 : int  0 0 0 0 0 0 0 0 0 0 ...
 $ RaceHorse.IsValidRaceHorse       : logi  TRUE TRUE TRUE TRUE TRUE TRUE ...
 $ RaceHorse.IsHitA                 : int  0 0 0 1 0 0 0 0 1 0 ...
 $ RaceHorse.IsHitB                 : int  1 0 0 1 0 0 1 0 1 0 ...
 $ RaceHorse.IsHitC                 : int  1 0 0 1 1 0 1 0 1 0 ...
 $ Jockey.KisyuCode                 : Factor w/ 211 levels "01144","00689",..: 8 11 12 13 14 15 16 17 18 19 ...
 $ Jockey.TimeDvByRaceAvg           : num  52.3 48.6 49.4 46.1 47 ...
 $ Jockey.TimeDvByRaceMax           : num  70.2 67.8 70.2 66.2 75.9 ...
 $ Jockey.RunCount                  : int  567 748 543 338 296 522 675 650 443 826 ...
 $ Jockey.HitCount1                 : int  47 27 17 6 10 27 56 98 42 100 ...
 $ Jockey.HitCount2                 : int  54 25 34 9 9 27 49 85 55 121 ...
 $ Jockey.HitCount3                 : int  35 42 28 12 15 37 50 67 30 85 ...
 $ Jockey.HitCount4                 : int  49 42 41 16 15 40 58 52 29 73 ...
 $ Jockey.HitCount5                 : int  50 44 41 17 17 32 58 52 27 101 ...
 $ Jockey.HitRate1                  : num  0.0829 0.0361 0.0313 0.0178 0.0338 ...
 $ Jockey.HitRate2                  : num  0.0952 0.0334 0.0626 0.0266 0.0304 ...
 $ Jockey.HitRate3                  : num  0.0617 0.0561 0.0516 0.0355 0.0507 ...
 $ Jockey.HitRate4                  : num  0.0864 0.0561 0.0755 0.0473 0.0507 ...
 $ Jockey.HitRate5                  : num  0.0882 0.0588 0.0755 0.0503 0.0574 ...
 $ EOF                              : int  1 1 1 1 1 1 1 1 1 1 ...
[1] "2022-02-08 14:23:05 --- RxSqlServerData Finish ---"
[1] "2022-02-08 14:23:05 --- subset Start ---"
[1] "nrow(InputDataSet) subset before=59140"
[1] "nrow(InputDataSet) subset after=59140"
[1] "nrow(InputDataSet) subset diff=0"
[1] "class(InputDataSet$Race.IsAnalyzeNormalPast)=logical"
[1] "class(InputDataSet$Race.analyzeTrackTypeCd)=NULL"
[1] "2022-02-08 14:23:05 --- subset Finish ---"
[1] "2022-02-08 14:23:05 --- transform Start ---"
[1] "nrow(InputDataSet) transaform before=59140"
[1] "nrow(InputDataSet) transaform after=59140"
[1] "nrow(InputDataSet) transaform diff=0"
[1] "str(InputDataSet)="
'data.frame':	59140 obs. of  42 variables:
 $ Race.RaceId                      : Factor w/ 4026 levels "20170312-09-01-06-01",..: 11 12 13 11 14 15 16 17 18 19 ...
 $ Race.IsPredictedRace             : logi  TRUE TRUE TRUE TRUE TRUE TRUE ...
 $ Race.IsAnalyzeNormalPastAndFuture: logi  TRUE TRUE TRUE TRUE TRUE TRUE ...
 $ Race.IsAnalyzeNormalPast         : logi  TRUE TRUE TRUE TRUE TRUE TRUE ...
 $ Race.IsAnalyzeNormalFuture       : logi  FALSE FALSE FALSE FALSE FALSE FALSE ...
 $ Race.IsAnalyzeFullPastAndFuture  : logi  TRUE TRUE TRUE TRUE TRUE TRUE ...
 $ Race.IsAnalyzeFullPast           : logi  TRUE TRUE TRUE TRUE TRUE TRUE ...
 $ Race.IsAnalyzeFullFuture         : logi  FALSE FALSE FALSE FALSE FALSE FALSE ...
 $ Race.JyokenCd                    : Factor w/ 1 level "5": 1 1 1 1 1 1 1 1 1 1 ...
 $ Race.JyoType1Cd                  : Factor w/ 118 levels "2-09-1200-1",..: 1 9 10 1 11 12 11 13 14 15 ...
 $ Race.RaceType0Cd                 : Factor w/ 205 levels "2-09-1200-1-5-X-12",..: 1 9 10 1 11 12 11 13 14 15 ...
 $ Race.RaceType1Cd                 : Factor w/ 1 level "2-5-X": 1 1 1 1 1 1 1 1 1 1 ...
 $ Race.RaceType2Cd                 : Factor w/ 1 level "2-5-X": 1 1 1 1 1 1 1 1 1 1 ...
 $ Race.RaceType3Cd                 : Factor w/ 2 levels "5-X-12","5-X-11": 1 1 1 1 1 1 1 1 1 1 ...
 $ Race.RaceType4Cd                 : Factor w/ 2 levels "2-5-12","2-5-11": 1 1 1 1 1 1 1 1 1 1 ...
 $ RaceHorse.RaceId                 : Factor w/ 4026 levels "20170312-09-01-06-01",..: 11 12 13 11 14 15 16 17 18 19 ...
 $ RaceHorse.KettoNum               : Factor w/ 20503 levels "2014102684","2014105149",..: 11 12 13 14 15 16 17 18 19 20 ...
 $ RaceHorse.IsHit1                 : int  0 0 0 1 0 0 0 0 1 0 ...
 $ RaceHorse.IsHit2                 : int  1 0 0 0 0 0 1 0 0 0 ...
 $ RaceHorse.IsHit3                 : int  0 0 0 0 1 0 0 0 0 0 ...
 $ RaceHorse.IsHit4                 : int  0 1 0 0 0 0 0 0 0 1 ...
 $ RaceHorse.IsHit5                 : int  0 0 1 0 0 1 0 1 0 0 ...
 $ RaceHorse.IsHit6                 : int  0 0 0 0 0 0 0 0 0 0 ...
 $ RaceHorse.IsValidRaceHorse       : logi  TRUE TRUE TRUE TRUE TRUE TRUE ...
 $ RaceHorse.IsHitA                 : int  0 0 0 1 0 0 0 0 1 0 ...
 $ RaceHorse.IsHitB                 : int  1 0 0 1 0 0 1 0 1 0 ...
 $ RaceHorse.IsHitC                 : int  1 0 0 1 1 0 1 0 1 0 ...
 $ Jockey.KisyuCode                 : Factor w/ 211 levels "01144","00689",..: 8 11 12 13 14 15 16 17 18 19 ...
 $ Jockey.TimeDvByRaceAvg           : num  52.3 48.6 49.4 46.1 47 ...
 $ Jockey.TimeDvByRaceMax           : num  70.2 67.8 70.2 66.2 75.9 ...
 $ Jockey.RunCount                  : int  567 748 543 338 296 522 675 650 443 826 ...
 $ Jockey.HitCount1                 : int  47 27 17 6 10 27 56 98 42 100 ...
 $ Jockey.HitCount2                 : int  54 25 34 9 9 27 49 85 55 121 ...
 $ Jockey.HitCount3                 : int  35 42 28 12 15 37 50 67 30 85 ...
 $ Jockey.HitCount4                 : int  49 42 41 16 15 40 58 52 29 73 ...
 $ Jockey.HitCount5                 : int  50 44 41 17 17 32 58 52 27 101 ...
 $ Jockey.HitRate1                  : num  0.0829 0.0361 0.0313 0.0178 0.0338 ...
 $ Jockey.HitRate2                  : num  0.0952 0.0334 0.0626 0.0266 0.0304 ...
 $ Jockey.HitRate3                  : num  0.0617 0.0561 0.0516 0.0355 0.0507 ...
 $ Jockey.HitRate4                  : num  0.0864 0.0561 0.0755 0.0473 0.0507 ...
 $ Jockey.HitRate5                  : num  0.0882 0.0588 0.0755 0.0503 0.0574 ...
 $ EOF                              : int  1 1 1 1 1 1 1 1 1 1 ...
NULL
[1] "2022-02-08 14:23:05 --- transform Finish ---"
[1] "2022-02-08 14:23:05 --- na.omit Start ---"
[1] "nrow(InputDataSet) na.omit before=59140"
[1] "nrow(InputDataSet) na.omit after=59140"
[1] "nrow(InputDataSet) na.omit diff=0"
[1] "2022-02-08 14:23:05 --- na.omit Finish---"
[1] "2022-02-08 14:23:05 --- New Levels Start ---"
[1] "levels(data$Race.RaceType1Cd)=2-5-X"
[1] "levels(InputDataSet$Race.RaceType1Cd)=2-5-X"
[1] "length(Race.RaceType1Cd.Index)=0"
[1] "2022-02-08 14:23:05 --- New Levels Finish ---"
[1] "2022-02-08 14:23:05 --- na.omit Start ---"
[1] "nrow(InputDataSet) na.omit levels before=59140"
[1] "nrow(InputDataSet) na.omit levels after=59140"
[1] "nrow(InputDataSet) na.omit levels diff=0"
[1] "2022-02-08 14:23:05 --- na.omit Finish ---"
[1] "2022-02-08 14:23:05 --- Predict InputDataSet Start ---"
[1] "nrow(InputDataSet) predict=59140"
[1] "str(InputDataSet)="
'data.frame':	59140 obs. of  42 variables:
 $ Race.RaceId                      : Factor w/ 4026 levels "20170312-09-01-06-01",..: 11 12 13 11 14 15 16 17 18 19 ...
 $ Race.IsPredictedRace             : logi  TRUE TRUE TRUE TRUE TRUE TRUE ...
 $ Race.IsAnalyzeNormalPastAndFuture: logi  TRUE TRUE TRUE TRUE TRUE TRUE ...
 $ Race.IsAnalyzeNormalPast         : logi  TRUE TRUE TRUE TRUE TRUE TRUE ...
 $ Race.IsAnalyzeNormalFuture       : logi  FALSE FALSE FALSE FALSE FALSE FALSE ...
 $ Race.IsAnalyzeFullPastAndFuture  : logi  TRUE TRUE TRUE TRUE TRUE TRUE ...
 $ Race.IsAnalyzeFullPast           : logi  TRUE TRUE TRUE TRUE TRUE TRUE ...
 $ Race.IsAnalyzeFullFuture         : logi  FALSE FALSE FALSE FALSE FALSE FALSE ...
 $ Race.JyokenCd                    : Factor w/ 1 level "5": 1 1 1 1 1 1 1 1 1 1 ...
 $ Race.JyoType1Cd                  : Factor w/ 118 levels "2-09-1200-1",..: 1 9 10 1 11 12 11 13 14 15 ...
 $ Race.RaceType0Cd                 : Factor w/ 205 levels "2-09-1200-1-5-X-12",..: 1 9 10 1 11 12 11 13 14 15 ...
 $ Race.RaceType1Cd                 : Factor w/ 1 level "2-5-X": 1 1 1 1 1 1 1 1 1 1 ...
 $ Race.RaceType2Cd                 : Factor w/ 1 level "2-5-X": 1 1 1 1 1 1 1 1 1 1 ...
 $ Race.RaceType3Cd                 : Factor w/ 2 levels "5-X-12","5-X-11": 1 1 1 1 1 1 1 1 1 1 ...
 $ Race.RaceType4Cd                 : Factor w/ 2 levels "2-5-12","2-5-11": 1 1 1 1 1 1 1 1 1 1 ...
 $ RaceHorse.RaceId                 : Factor w/ 4026 levels "20170312-09-01-06-01",..: 11 12 13 11 14 15 16 17 18 19 ...
 $ RaceHorse.KettoNum               : Factor w/ 20503 levels "2014102684","2014105149",..: 11 12 13 14 15 16 17 18 19 20 ...
 $ RaceHorse.IsHit1                 : int  0 0 0 1 0 0 0 0 1 0 ...
 $ RaceHorse.IsHit2                 : int  1 0 0 0 0 0 1 0 0 0 ...
 $ RaceHorse.IsHit3                 : int  0 0 0 0 1 0 0 0 0 0 ...
 $ RaceHorse.IsHit4                 : int  0 1 0 0 0 0 0 0 0 1 ...
 $ RaceHorse.IsHit5                 : int  0 0 1 0 0 1 0 1 0 0 ...
 $ RaceHorse.IsHit6                 : int  0 0 0 0 0 0 0 0 0 0 ...
 $ RaceHorse.IsValidRaceHorse       : logi  TRUE TRUE TRUE TRUE TRUE TRUE ...
 $ RaceHorse.IsHitA                 : int  0 0 0 1 0 0 0 0 1 0 ...
 $ RaceHorse.IsHitB                 : int  1 0 0 1 0 0 1 0 1 0 ...
 $ RaceHorse.IsHitC                 : int  1 0 0 1 1 0 1 0 1 0 ...
 $ Jockey.KisyuCode                 : Factor w/ 211 levels "01144","00689",..: 8 11 12 13 14 15 16 17 18 19 ...
 $ Jockey.TimeDvByRaceAvg           : num  52.3 48.6 49.4 46.1 47 ...
 $ Jockey.TimeDvByRaceMax           : num  70.2 67.8 70.2 66.2 75.9 ...
 $ Jockey.RunCount                  : int  567 748 543 338 296 522 675 650 443 826 ...
 $ Jockey.HitCount1                 : int  47 27 17 6 10 27 56 98 42 100 ...
 $ Jockey.HitCount2                 : int  54 25 34 9 9 27 49 85 55 121 ...
 $ Jockey.HitCount3                 : int  35 42 28 12 15 37 50 67 30 85 ...
 $ Jockey.HitCount4                 : int  49 42 41 16 15 40 58 52 29 73 ...
 $ Jockey.HitCount5                 : int  50 44 41 17 17 32 58 52 27 101 ...
 $ Jockey.HitRate1                  : num  0.0829 0.0361 0.0313 0.0178 0.0338 ...
 $ Jockey.HitRate2                  : num  0.0952 0.0334 0.0626 0.0266 0.0304 ...
 $ Jockey.HitRate3                  : num  0.0617 0.0561 0.0516 0.0355 0.0507 ...
 $ Jockey.HitRate4                  : num  0.0864 0.0561 0.0755 0.0473 0.0507 ...
 $ Jockey.HitRate5                  : num  0.0882 0.0588 0.0755 0.0503 0.0574 ...
 $ EOF                              : int  1 1 1 1 1 1 1 1 1 1 ...
[1] "2022-02-08 14:23:05 --- Predict InputDataSet Finish ---"
[1] "2022-02-08 14:23:05 --- rxPredict (glm) Start ---"
[1] "analyzeFunc=glm"
Rows Read: 59140, Total Rows Processed: 59140, Total Chunk Time: Less than .001 seconds 
[1] "nrow(PredictDataSet) afte predict=59140"
[1] "str(PredictDataSet)"
'data.frame':	59140 obs. of  1 variable:
 $ RaceHorse.IsHitA_Pred: num  0.0729 0.047 0.0449 0.0395 0.046 ...
NULL
[1] "head(PredictDataSet) afte predict="
  RaceHorse.IsHitA_Pred
1            0.07290274
2            0.04703167
3            0.04494071
4            0.03949170
5            0.04601064
6            0.05451644
[1] "2022-02-08 14:23:05 --- rxPredict (glm) Finish ---"
[1] "2022-02-08 14:23:05 --- add key Start ---"
[1] "nrow(OutputDataSet) add KeyColmn=59140"
[1] "str(OutputDataSet) after add Key"
'data.frame':	59140 obs. of  2 variables:
 $ RaceHorse.RaceId  : Factor w/ 4026 levels "20170312-09-01-06-01",..: 11 12 13 11 14 15 16 17 18 19 ...
 $ RaceHorse.KettoNum: Factor w/ 20503 levels "2014102684","2014105149",..: 11 12 13 14 15 16 17 18 19 20 ...
NULL
[1] "2022-02-08 14:23:05 --- add key Finish ---"
[1] "2022-02-08 14:23:05 --- add PredictValue Start ---"
[1] "str(PredictDataSet) before rename="
[1] "colnames(PredictDataSet)=RaceHorse.IsHitA_Pred"
[1] "str(PredictDataSet) after rename="
'data.frame':	59140 obs. of  1 variable:
 $ PredictValue: num  0.0729 0.047 0.0449 0.0395 0.046 ...
NULL
[1] "str(OutputDataSet) before cbind="
'data.frame':	59140 obs. of  2 variables:
 $ RaceHorse.RaceId  : Factor w/ 4026 levels "20170312-09-01-06-01",..: 11 12 13 11 14 15 16 17 18 19 ...
 $ RaceHorse.KettoNum: Factor w/ 20503 levels "2014102684","2014105149",..: 11 12 13 14 15 16 17 18 19 20 ...
NULL
[1] "str(OutputDataSet) after cbind="
'data.frame':	59140 obs. of  3 variables:
 $ RaceHorse.RaceId  : Factor w/ 4026 levels "20170312-09-01-06-01",..: 11 12 13 11 14 15 16 17 18 19 ...
 $ RaceHorse.KettoNum: Factor w/ 20503 levels "2014102684","2014105149",..: 11 12 13 14 15 16 17 18 19 20 ...
 $ PredictValue      : num  0.0729 0.047 0.0449 0.0395 0.046 ...
NULL
[1] "2022-02-08 14:23:05 --- add PredictValue Finish ---"
[1] "2022-02-08 14:23:05 --- final Start ---"
[1] "nrow(OutputDataSet) final=59140"
[1] "head(OutputDataSet)="
      RaceHorse.RaceId RaceHorse.KettoNum PredictValue
1 20160227-09-01-01-02         2013102052   0.07290274
2 20160409-06-03-05-01         2013101929   0.04703167
3 20190428-05-02-04-03         2016104027   0.04494071
4 20160227-09-01-01-02         2013105015   0.03949170
5 20160312-09-01-05-03         2013101634   0.04601064
6 20160410-03-01-02-06         2013102802   0.05451644
[1] "str(OutputDataSet)="
'data.frame':	59140 obs. of  3 variables:
 $ RaceHorse.RaceId  : Factor w/ 4026 levels "20170312-09-01-06-01",..: 11 12 13 11 14 15 16 17 18 19 ...
 $ RaceHorse.KettoNum: Factor w/ 20503 levels "2014102684","2014105149",..: 11 12 13 14 15 16 17 18 19 20 ...
 $ PredictValue      : num  0.0729 0.047 0.0449 0.0395 0.046 ...
NULL
[1] "2022-02-08 14:23:05 --- final Finish ---"
[1] "2022-02-08 14:23:05 --- predict.R Finished ---"
[1] "2022-02-08 14:23:05 --- log Finish ---"
