[1] "2022-02-08 22:07:15 --- D1113_analyze_glm_Gen02_IsHitA_Type22 Start ---"
[1] "2022-02-08 22:07:15 --- Log Start ---"
[1] "2022-02-08 22:07:15 --- analyze_glm.R Start ---"
[1] "analyzeVersion=D1113"
[1] "analyzeCategory=analyze"
[1] "analyzeType=Gen02"
[1] "analyzeFamily=IsHitA"
[1] "analyzeFunc=glm"
[1] "analyzeTrackTypeCd=2"
[1] "analyzeJyokenCd=2"
[1] "2022-02-08 22:07:15 --- source_function.R Start ---"
[1] "2022-02-08 22:07:15 --- source_function.R Finished ---"

> print(paste0(Sys.time(), " --- source_library.R Start ---"))
[1] "2022-02-08 22:07:15 --- source_library.R Start ---"

> require("RevoScaleR")

> print(paste0(Sys.time(), " --- source_library.R Finished ---"))
[1] "2022-02-08 22:07:15 --- source_library.R Finished ---"
[1] "2022-02-08 22:07:15 --- RxSqlServerData Start ---"
[1] "sqlQuery=SELECT * FROM ViewAnalyzeD1113analyze01Gen02Type22"
Rows Read: 6347, Total Rows Processed: 6347, Total Chunk Time: 2.707 seconds 
[1] "head(data)="
           Race.RaceId Race.IsPredictedRace Race.IsAnalyzeNormalPastAndFuture
1 20181201-06-05-01-10                 TRUE                              TRUE
2 20171216-06-05-05-10                 TRUE                              TRUE
3 20191117-08-05-06-12                 TRUE                              TRUE
4 20180623-05-03-07-11                 TRUE                              TRUE
5 20171021-05-04-06-10                 TRUE                              TRUE
6 20170122-06-01-07-10                 TRUE                              TRUE
  Race.IsAnalyzeNormalPast Race.IsAnalyzeNormalFuture
1                     TRUE                      FALSE
2                     TRUE                      FALSE
3                     TRUE                      FALSE
4                     TRUE                      FALSE
5                     TRUE                      FALSE
6                     TRUE                      FALSE
  Race.IsAnalyzeFullPastAndFuture Race.IsAnalyzeFullPast
1                            TRUE                   TRUE
2                            TRUE                   TRUE
3                            TRUE                   TRUE
4                            TRUE                   TRUE
5                            TRUE                   TRUE
6                            TRUE                   TRUE
  Race.IsAnalyzeFullFuture Race.JyokenCd Race.JyoType1Cd   Race.RaceType0Cd
1                    FALSE             2     2-06-1800-1 2-06-1800-1-2-E-13
2                    FALSE             2     2-06-1800-1 2-06-1800-1-2-E-13
3                    FALSE             2     2-08-1200-1 2-08-1200-1-2-E-13
4                    FALSE             2     2-05-1600-3 2-05-1600-3-2-E-13
5                    FALSE             2     2-05-1600-4 2-05-1600-4-2-E-13
6                    FALSE             2     2-06-1800-1 2-06-1800-1-2-E-14
  Race.RaceType1Cd Race.RaceType2Cd Race.RaceType3Cd Race.RaceType4Cd
1            2-2-E            2-2-E           2-E-13           2-2-13
2            2-2-E            2-2-E           2-E-13           2-2-13
3            2-2-E            2-2-E           2-E-13           2-2-13
4            2-2-E            2-2-E           2-E-13           2-2-13
5            2-2-E            2-2-E           2-E-13           2-2-13
6            2-2-E            2-2-E           2-E-14           2-2-14
      RaceHorse.RaceId RaceHorse.KettoNum RaceHorse.IsHit1 RaceHorse.IsHit2
1 20181201-06-05-01-10         2013104415                0                1
2 20171216-06-05-05-10         2011104489                0                0
3 20191117-08-05-06-12         2012105451                0                0
4 20180623-05-03-07-11         2010100307                0                0
5 20171021-05-04-06-10         2011106544                0                1
6 20170122-06-01-07-10         2010100602                0                0
  RaceHorse.IsHit3 RaceHorse.IsHit4 RaceHorse.IsHit5 RaceHorse.IsHit6
1                0                0                0                0
2                0                0                0                1
3                0                0                0                1
4                0                1                0                0
5                0                0                0                0
6                0                0                0                1
  RaceHorse.IsValidRaceHorse RaceHorse.IsHitA RaceHorse.IsHitB RaceHorse.IsHitC
1                       TRUE                0                1                1
2                       TRUE                0                0                0
3                       TRUE                0                0                0
4                       TRUE                0                0                0
5                       TRUE                0                1                1
6                       TRUE                0                0                0
  Gen02.HansyokuNum Gen02.TimeDvByRaceAvg Gen02.TimeDvByRaceMax Gen02.RunCount
1          12251756                    47                    60             26
2          12254117                    55                    62              8
3          12251984                    61                    68              4
4          12250239                    49                    61             22
5          12252046                    49                    61             20
6          12248406                    46                    56              7
  Gen02.HitCount1 Gen02.HitCount2 Gen02.HitCount3 Gen02.HitCount4
1               0               1               1               4
2               0               2               1               2
3               2               1               0               0
4               0               0               3               1
5               0               1               1               1
6               0               0               1               0
  Gen02.HitCount5 Gen02.HitRate1 Gen02.HitRate2 Gen02.HitRate3 Gen02.HitRate4
1               5            0.0           0.04           0.04           0.15
2               0            0.0           0.25           0.12           0.25
3               0            0.5           0.25           0.00           0.00
4               0            0.0           0.00           0.14           0.05
5               1            0.0           0.05           0.05           0.05
6               0            0.0           0.00           0.14           0.00
  Gen02.HitRate5 EOF
1           0.19   1
2           0.00   1
3           0.00   1
4           0.00   1
5           0.05   1
6           0.00   1
[1] "object.size(data) auto=1.5 Mb"
[1] "nrow(data) RxSqlServerData=6347"
[1] "str(data)="
'data.frame':	6347 obs. of  42 variables:
 $ Race.RaceId                      : Factor w/ 510 levels "20171119-08-05-06-12",..: 11 12 13 14 15 16 17 18 19 20 ...
 $ Race.IsPredictedRace             : logi  TRUE TRUE TRUE TRUE TRUE TRUE ...
 $ Race.IsAnalyzeNormalPastAndFuture: logi  TRUE TRUE TRUE TRUE TRUE TRUE ...
 $ Race.IsAnalyzeNormalPast         : logi  TRUE TRUE TRUE TRUE TRUE TRUE ...
 $ Race.IsAnalyzeNormalFuture       : logi  FALSE FALSE FALSE FALSE FALSE FALSE ...
 $ Race.IsAnalyzeFullPastAndFuture  : logi  TRUE TRUE TRUE TRUE TRUE TRUE ...
 $ Race.IsAnalyzeFullPast           : logi  TRUE TRUE TRUE TRUE TRUE TRUE ...
 $ Race.IsAnalyzeFullFuture         : logi  FALSE FALSE FALSE FALSE FALSE FALSE ...
 $ Race.JyokenCd                    : Factor w/ 1 level "2": 1 1 1 1 1 1 1 1 1 1 ...
 $ Race.JyoType1Cd                  : Factor w/ 82 levels "2-08-1200-3",..: 9 9 5 10 11 9 12 7 13 1 ...
 $ Race.RaceType0Cd                 : Factor w/ 132 levels "2-08-1200-3-2-E-13",..: 10 10 11 12 13 14 15 7 16 17 ...
 $ Race.RaceType1Cd                 : Factor w/ 2 levels "2-2-E","2-2-X": 1 1 1 1 1 1 1 1 1 1 ...
 $ Race.RaceType2Cd                 : Factor w/ 2 levels "2-2-E","2-2-X": 1 1 1 1 1 1 1 1 1 1 ...
 $ Race.RaceType3Cd                 : Factor w/ 3 levels "2-E-13","2-E-14",..: 1 1 1 1 1 2 1 2 1 2 ...
 $ Race.RaceType4Cd                 : Factor w/ 2 levels "2-2-13","2-2-14": 1 1 1 1 1 2 1 2 1 2 ...
 $ RaceHorse.RaceId                 : Factor w/ 510 levels "20171119-08-05-06-12",..: 11 12 13 14 15 16 17 18 19 20 ...
 $ RaceHorse.KettoNum               : Factor w/ 1224 levels "2013106022","2015104347",..: 11 12 13 14 15 16 17 18 19 20 ...
 $ RaceHorse.IsHit1                 : int  0 0 0 0 0 0 0 0 0 1 ...
 $ RaceHorse.IsHit2                 : int  1 0 0 0 1 0 0 0 0 0 ...
 $ RaceHorse.IsHit3                 : int  0 0 0 0 0 0 0 0 1 0 ...
 $ RaceHorse.IsHit4                 : int  0 0 0 1 0 0 0 0 0 0 ...
 $ RaceHorse.IsHit5                 : int  0 0 0 0 0 0 0 0 0 0 ...
 $ RaceHorse.IsHit6                 : int  0 1 1 0 0 1 1 1 0 0 ...
 $ RaceHorse.IsValidRaceHorse       : logi  TRUE TRUE TRUE TRUE TRUE TRUE ...
 $ RaceHorse.IsHitA                 : int  0 0 0 0 0 0 0 0 0 1 ...
 $ RaceHorse.IsHitB                 : int  1 0 0 0 1 0 0 0 0 1 ...
 $ RaceHorse.IsHitC                 : int  1 0 0 0 1 0 0 0 1 1 ...
 $ Gen02.HansyokuNum                : Factor w/ 1080 levels "12247736","12252950",..: 11 12 13 14 15 16 17 18 19 20 ...
 $ Gen02.TimeDvByRaceAvg            : num  47 54.7 61.5 49.5 48.5 ...
 $ Gen02.TimeDvByRaceMax            : num  59.7 62.1 67.9 61.2 61 ...
 $ Gen02.RunCount                   : int  26 8 4 22 20 7 9 3 10 7 ...
 $ Gen02.HitCount1                  : int  0 0 2 0 0 0 1 0 1 0 ...
 $ Gen02.HitCount2                  : int  1 2 1 0 1 0 0 0 2 0 ...
 $ Gen02.HitCount3                  : int  1 1 0 3 1 1 0 0 1 0 ...
 $ Gen02.HitCount4                  : int  4 2 0 1 1 0 0 0 0 2 ...
 $ Gen02.HitCount5                  : int  5 0 0 0 1 0 1 0 1 0 ...
 $ Gen02.HitRate1                   : num  0 0 0.5 0 0 ...
 $ Gen02.HitRate2                   : num  0.0385 0.25 0.25 0 0.05 ...
 $ Gen02.HitRate3                   : num  0.0385 0.125 0 0.1364 0.05 ...
 $ Gen02.HitRate4                   : num  0.1538 0.25 0 0.0455 0.05 ...
 $ Gen02.HitRate5                   : num  0.192 0 0 0 0.05 ...
 $ EOF                              : int  1 1 1 1 1 1 1 1 1 1 ...
[1] "2022-02-08 22:07:23 --- RxSqlServerData Finish ---"
[1] "2022-02-08 22:07:23 --- subset Start ---"
[1] "nrow(data) subset before=6347"
[1] "nrow(data) subset after =4877"
[1] "nrow(data) subset diff =1470"
[1] "2022-02-08 22:07:23 --- subset Finish---"
[1] "2022-02-08 22:07:23 --- transform Start ---"
[1] "nrow(data) transform before=4877"
[1] "nrow(data) transform after=4877"
[1] "nrow(data) transform diff=0"
[1] "str(data)="
'data.frame':	4877 obs. of  42 variables:
 $ Race.RaceId                      : Factor w/ 510 levels "20171119-08-05-06-12",..: 11 12 13 14 15 16 17 18 19 20 ...
 $ Race.IsPredictedRace             : logi  TRUE TRUE TRUE TRUE TRUE TRUE ...
 $ Race.IsAnalyzeNormalPastAndFuture: logi  TRUE TRUE TRUE TRUE TRUE TRUE ...
 $ Race.IsAnalyzeNormalPast         : logi  TRUE TRUE TRUE TRUE TRUE TRUE ...
 $ Race.IsAnalyzeNormalFuture       : logi  FALSE FALSE FALSE FALSE FALSE FALSE ...
 $ Race.IsAnalyzeFullPastAndFuture  : logi  TRUE TRUE TRUE TRUE TRUE TRUE ...
 $ Race.IsAnalyzeFullPast           : logi  TRUE TRUE TRUE TRUE TRUE TRUE ...
 $ Race.IsAnalyzeFullFuture         : logi  FALSE FALSE FALSE FALSE FALSE FALSE ...
 $ Race.JyokenCd                    : Factor w/ 1 level "2": 1 1 1 1 1 1 1 1 1 1 ...
 $ Race.JyoType1Cd                  : Factor w/ 82 levels "2-08-1200-3",..: 9 9 5 10 11 9 12 7 13 1 ...
 $ Race.RaceType0Cd                 : Factor w/ 132 levels "2-08-1200-3-2-E-13",..: 10 10 11 12 13 14 15 7 16 17 ...
 $ Race.RaceType1Cd                 : Factor w/ 2 levels "2-2-E","2-2-X": 1 1 1 1 1 1 1 1 1 1 ...
 $ Race.RaceType2Cd                 : Factor w/ 2 levels "2-2-E","2-2-X": 1 1 1 1 1 1 1 1 1 1 ...
 $ Race.RaceType3Cd                 : Factor w/ 3 levels "2-E-13","2-E-14",..: 1 1 1 1 1 2 1 2 1 2 ...
 $ Race.RaceType4Cd                 : Factor w/ 2 levels "2-2-13","2-2-14": 1 1 1 1 1 2 1 2 1 2 ...
 $ RaceHorse.RaceId                 : Factor w/ 510 levels "20171119-08-05-06-12",..: 11 12 13 14 15 16 17 18 19 20 ...
 $ RaceHorse.KettoNum               : Factor w/ 1224 levels "2013106022","2015104347",..: 11 12 13 14 15 16 17 18 19 20 ...
 $ RaceHorse.IsHit1                 : int  0 0 0 0 0 0 0 0 0 1 ...
 $ RaceHorse.IsHit2                 : int  1 0 0 0 1 0 0 0 0 0 ...
 $ RaceHorse.IsHit3                 : int  0 0 0 0 0 0 0 0 1 0 ...
 $ RaceHorse.IsHit4                 : int  0 0 0 1 0 0 0 0 0 0 ...
 $ RaceHorse.IsHit5                 : int  0 0 0 0 0 0 0 0 0 0 ...
 $ RaceHorse.IsHit6                 : int  0 1 1 0 0 1 1 1 0 0 ...
 $ RaceHorse.IsValidRaceHorse       : logi  TRUE TRUE TRUE TRUE TRUE TRUE ...
 $ RaceHorse.IsHitA                 : int  0 0 0 0 0 0 0 0 0 1 ...
 $ RaceHorse.IsHitB                 : int  1 0 0 0 1 0 0 0 0 1 ...
 $ RaceHorse.IsHitC                 : int  1 0 0 0 1 0 0 0 1 1 ...
 $ Gen02.HansyokuNum                : Factor w/ 1080 levels "12247736","12252950",..: 11 12 13 14 15 16 17 18 19 20 ...
 $ Gen02.TimeDvByRaceAvg            : num  47 54.7 61.5 49.5 48.5 ...
 $ Gen02.TimeDvByRaceMax            : num  59.7 62.1 67.9 61.2 61 ...
 $ Gen02.RunCount                   : int  26 8 4 22 20 7 9 3 10 7 ...
 $ Gen02.HitCount1                  : int  0 0 2 0 0 0 1 0 1 0 ...
 $ Gen02.HitCount2                  : int  1 2 1 0 1 0 0 0 2 0 ...
 $ Gen02.HitCount3                  : int  1 1 0 3 1 1 0 0 1 0 ...
 $ Gen02.HitCount4                  : int  4 2 0 1 1 0 0 0 0 2 ...
 $ Gen02.HitCount5                  : int  5 0 0 0 1 0 1 0 1 0 ...
 $ Gen02.HitRate1                   : num  0 0 0.5 0 0 ...
 $ Gen02.HitRate2                   : num  0.0385 0.25 0.25 0 0.05 ...
 $ Gen02.HitRate3                   : num  0.0385 0.125 0 0.1364 0.05 ...
 $ Gen02.HitRate4                   : num  0.1538 0.25 0 0.0455 0.05 ...
 $ Gen02.HitRate5                   : num  0.192 0 0 0 0.05 ...
 $ EOF                              : int  1 1 1 1 1 1 1 1 1 1 ...
NULL
[1] "2022-02-08 22:07:23 --- transform Finish ---"
[1] "2022-02-08 22:07:23 --- na.omit Start ---"
[1] "nrow(data) na.omit before=4877"
[1] "nrow(data) na.omit after =4877"
[1] "nrow(data) na.omit diff =0"
'data.frame':	4877 obs. of  42 variables:
 $ Race.RaceId                      : Factor w/ 510 levels "20171119-08-05-06-12",..: 11 12 13 14 15 16 17 18 19 20 ...
 $ Race.IsPredictedRace             : logi  TRUE TRUE TRUE TRUE TRUE TRUE ...
 $ Race.IsAnalyzeNormalPastAndFuture: logi  TRUE TRUE TRUE TRUE TRUE TRUE ...
 $ Race.IsAnalyzeNormalPast         : logi  TRUE TRUE TRUE TRUE TRUE TRUE ...
 $ Race.IsAnalyzeNormalFuture       : logi  FALSE FALSE FALSE FALSE FALSE FALSE ...
 $ Race.IsAnalyzeFullPastAndFuture  : logi  TRUE TRUE TRUE TRUE TRUE TRUE ...
 $ Race.IsAnalyzeFullPast           : logi  TRUE TRUE TRUE TRUE TRUE TRUE ...
 $ Race.IsAnalyzeFullFuture         : logi  FALSE FALSE FALSE FALSE FALSE FALSE ...
 $ Race.JyokenCd                    : Factor w/ 1 level "2": 1 1 1 1 1 1 1 1 1 1 ...
 $ Race.JyoType1Cd                  : Factor w/ 82 levels "2-08-1200-3",..: 9 9 5 10 11 9 12 7 13 1 ...
 $ Race.RaceType0Cd                 : Factor w/ 132 levels "2-08-1200-3-2-E-13",..: 10 10 11 12 13 14 15 7 16 17 ...
 $ Race.RaceType1Cd                 : Factor w/ 2 levels "2-2-E","2-2-X": 1 1 1 1 1 1 1 1 1 1 ...
 $ Race.RaceType2Cd                 : Factor w/ 2 levels "2-2-E","2-2-X": 1 1 1 1 1 1 1 1 1 1 ...
 $ Race.RaceType3Cd                 : Factor w/ 3 levels "2-E-13","2-E-14",..: 1 1 1 1 1 2 1 2 1 2 ...
 $ Race.RaceType4Cd                 : Factor w/ 2 levels "2-2-13","2-2-14": 1 1 1 1 1 2 1 2 1 2 ...
 $ RaceHorse.RaceId                 : Factor w/ 510 levels "20171119-08-05-06-12",..: 11 12 13 14 15 16 17 18 19 20 ...
 $ RaceHorse.KettoNum               : Factor w/ 1224 levels "2013106022","2015104347",..: 11 12 13 14 15 16 17 18 19 20 ...
 $ RaceHorse.IsHit1                 : int  0 0 0 0 0 0 0 0 0 1 ...
 $ RaceHorse.IsHit2                 : int  1 0 0 0 1 0 0 0 0 0 ...
 $ RaceHorse.IsHit3                 : int  0 0 0 0 0 0 0 0 1 0 ...
 $ RaceHorse.IsHit4                 : int  0 0 0 1 0 0 0 0 0 0 ...
 $ RaceHorse.IsHit5                 : int  0 0 0 0 0 0 0 0 0 0 ...
 $ RaceHorse.IsHit6                 : int  0 1 1 0 0 1 1 1 0 0 ...
 $ RaceHorse.IsValidRaceHorse       : logi  TRUE TRUE TRUE TRUE TRUE TRUE ...
 $ RaceHorse.IsHitA                 : int  0 0 0 0 0 0 0 0 0 1 ...
 $ RaceHorse.IsHitB                 : int  1 0 0 0 1 0 0 0 0 1 ...
 $ RaceHorse.IsHitC                 : int  1 0 0 0 1 0 0 0 1 1 ...
 $ Gen02.HansyokuNum                : Factor w/ 1080 levels "12247736","12252950",..: 11 12 13 14 15 16 17 18 19 20 ...
 $ Gen02.TimeDvByRaceAvg            : num  47 54.7 61.5 49.5 48.5 ...
 $ Gen02.TimeDvByRaceMax            : num  59.7 62.1 67.9 61.2 61 ...
 $ Gen02.RunCount                   : int  26 8 4 22 20 7 9 3 10 7 ...
 $ Gen02.HitCount1                  : int  0 0 2 0 0 0 1 0 1 0 ...
 $ Gen02.HitCount2                  : int  1 2 1 0 1 0 0 0 2 0 ...
 $ Gen02.HitCount3                  : int  1 1 0 3 1 1 0 0 1 0 ...
 $ Gen02.HitCount4                  : int  4 2 0 1 1 0 0 0 0 2 ...
 $ Gen02.HitCount5                  : int  5 0 0 0 1 0 1 0 1 0 ...
 $ Gen02.HitRate1                   : num  0 0 0.5 0 0 ...
 $ Gen02.HitRate2                   : num  0.0385 0.25 0.25 0 0.05 ...
 $ Gen02.HitRate3                   : num  0.0385 0.125 0 0.1364 0.05 ...
 $ Gen02.HitRate4                   : num  0.1538 0.25 0 0.0455 0.05 ...
 $ Gen02.HitRate5                   : num  0.192 0 0 0 0.05 ...
 $ EOF                              : int  1 1 1 1 1 1 1 1 1 1 ...
[1] "2022-02-08 22:07:24 --- na.omit Finish ---"
[1] "2022-02-08 22:07:24 --- rxGlm with rxStepControl Start ---"
[1] "2022-02-08 22:07:24 --- source_logic_glm.R Start ---"
[1] "2022-02-08 22:07:24 --- source_logic_glm.R Finished ---"
Rows Read: 4877, Total Rows Processed: 4877, Total Chunk Time: 0.002 seconds 

Starting values (iteration 1) time: 0.010 secs.
Rows Read: 4877, Total Rows Processed: 4877, Total Chunk Time: Less than .001 seconds 

Iteration 2 time: 0.013 secs.
Rows Read: 4877, Total Rows Processed: 4877, Total Chunk Time: Less than .001 seconds 

Iteration 3 time: 0.012 secs.
Rows Read: 4877, Total Rows Processed: 4877, Total Chunk Time: Less than .001 seconds 

Iteration 4 time: 0.015 secs.
Rows Read: 4877, Total Rows Processed: 4877, Total Chunk Time: 0.002 seconds 

Iteration 5 time: 0.011 secs.

Elapsed computation time: 0.107 secs.
Rows Read: 4877, Total Rows Processed: 4877, Total Chunk Time: Less than .001 seconds 

Starting values (iteration 1) time: 0.007 secs.
Rows Read: 4877, Total Rows Processed: 4877, Total Chunk Time: Less than .001 seconds 

Iteration 2 time: 0.012 secs.

Elapsed computation time: 0.043 secs.
Rows Read: 4877, Total Rows Processed: 4877, Total Chunk Time: Less than .001 seconds 

Starting values (iteration 1) time: 0.010 secs.
Rows Read: 4877, Total Rows Processed: 4877, Total Chunk Time: 0.001 seconds 

Iteration 2 time: 0.016 secs.
Rows Read: 4877, Total Rows Processed: 4877, Total Chunk Time: 0.002 seconds 

Iteration 3 time: 0.025 secs.
Rows Read: 4877, Total Rows Processed: 4877, Total Chunk Time: Less than .001 seconds 

Iteration 4 time: 0.016 secs.
Rows Read: 4877, Total Rows Processed: 4877, Total Chunk Time: 0.002 seconds 

Iteration 5 time: 0.019 secs.

Elapsed computation time: 0.135 secs.

Elapsed computation time: 0.324 secs.
[1] "analyze.results.glm.step="
Logistic Regression Results for: RaceHorse.IsHitA ~ Gen02.HitRate1
Data: data
Dependent variable(s): RaceHorse.IsHitA
Total independent variables: 2 
Number of valid observations: 4877
Number of missing observations: 0 
 
Coefficients:
               RaceHorse.IsHitA
(Intercept)                  -3
Gen02.HitRate1                1
[1] "analyze.results.glm.step.summary"
Call:
rxLogit(formula = form, data = data, variableSelection = analyze.results.glm.step.varsel)

Logistic Regression Results for: RaceHorse.IsHitA ~ Gen02.HitRate1
Data: data
Dependent variable(s): RaceHorse.IsHitA
Total independent variables: 2 
Number of valid observations: 4877
Number of missing observations: 0 
-2*LogLikelihood: 2302.003 (Residual deviance on 4875 degrees of freedom)
 
Coefficients:
               Estimate Std. Error z value Pr(>|z|)    
(Intercept)     -2.7401     0.0625  -43.82  2.2e-16 ***
Gen02.HitRate1   1.0941     0.3989    2.74   0.0061 ** 
---
Signif. codes:  0 '***' 0.001 '**' 0.01 '*' 0.05 '.' 0.1 ' ' 1

Condition number of final variance-covariance matrix: 1 
Number of iterations: 5
[1] "2022-02-08 22:07:25 --- rxGlm with rxStepControl Finish ---"
[1] "2022-02-08 22:07:25 --- rxStepPlot Start ---"
[1] "pdfFilename=pdf_analyze_glm_Gen02_Type22_rxStepPlot.pdf"
[1] "rxStepPlot="
[1] "2022-02-08 22:07:25 --- rxStepPlot Finish ---"
[1] "2022-02-08 22:07:25 --- save.image Start ---"
[1] "save.image"
[1] "rdataFilename=RData_analyze_glm_Gen02_Type22.RData"
[1] "2022-02-08 22:07:25 --- save.image Finish ---"
[1] "2022-02-08 22:07:25 --- final Start ---"
[1] "nrow(data) final=4877"
[1] "2022-02-08 22:07:25 --- final Finish ---"
[1] "2022-02-08 22:07:25 --- analyze_glm.R Finished ---"
[1] "2022-02-08 22:07:25 --- log Finish ---"
