[1] "2022-02-08 14:21:18 --- D1113_Predict_glm_Odds_IsHitA_Type12 Start ---"
[1] "2022-02-08 14:21:18 --- Log Start ---"
[1] "2022-02-08 14:21:18 --- predict.R Start ---"
[1] "analyzeVersion=D1113"
[1] "analyzeCategory=Predict"
[1] "analyzeType=Odds"
[1] "analyzeFamily=IsHitA"
[1] "analyzeFunc=glm"
[1] "analyzeTrackTypeCd=1"
[1] "analyzeJyokenCd=2"
[1] "2022-02-08 14:21:18 --- source_function.R Start ---"
[1] "2022-02-08 14:21:18 --- source_function.R Finished ---"

> print(paste0(Sys.time(), " --- source_library.R Start ---"))
[1] "2022-02-08 14:21:18 --- source_library.R Start ---"

> require("RevoScaleR")

> print(paste0(Sys.time(), " --- source_library.R Finished ---"))
[1] "2022-02-08 14:21:18 --- source_library.R Finished ---"
[1] "2022-02-08 14:21:18 --- Load Start ---"
[1] "loadFilename=RData_Analyze_glm_Odds_Type12.RData"
[1] "2022-02-08 14:21:18 --- Load Finished ---"
[1] "2022-02-08 14:21:18 --- RxSqlServerData Start ---"
[1] "sqlQuery=SELECT * FROM ViewAnalyzeD1113analyze01OddsType12 WHERE [Race.IsPredictedRace] = 1"
Rows Read: 8565, Total Rows Processed: 8565, Total Chunk Time: 0.528 seconds 
[1] "head(InputDataSet)="
           Race.RaceId Race.IsPredictedRace Race.IsAnalyzeNormalPastAndFuture
1 20170722-02-02-05-11                 TRUE                              TRUE
2 20170902-10-02-11-11                 TRUE                              TRUE
3 20171202-07-04-01-11                 TRUE                              TRUE
4 20200301-07-01-02-11                 TRUE                              TRUE
5 20200412-09-02-06-10                 TRUE                              TRUE
6 20200503-05-02-04-10                 TRUE                              TRUE
  Race.IsAnalyzeNormalPast Race.IsAnalyzeNormalFuture
1                     TRUE                      FALSE
2                     TRUE                      FALSE
3                     TRUE                      FALSE
4                     TRUE                      FALSE
5                     TRUE                      FALSE
6                     TRUE                      FALSE
  Race.IsAnalyzeFullPastAndFuture Race.IsAnalyzeFullPast
1                            TRUE                   TRUE
2                            TRUE                   TRUE
3                            TRUE                   TRUE
4                            TRUE                   TRUE
5                            TRUE                   TRUE
6                            TRUE                   TRUE
  Race.IsAnalyzeFullFuture Race.JyokenCd Race.JyoType1Cd   Race.RaceType0Cd
1                    FALSE             2     1-02-1200-2 1-02-1200-2-2-E-13
2                    FALSE             2     1-10-1200-1 1-10-1200-1-2-E-13
3                    FALSE             2     1-07-1200-1 1-07-1200-1-2-E-13
4                    FALSE             2     1-07-1200-1 1-07-1200-1-2-E-14
5                    FALSE             2     1-09-1200-3 1-09-1200-3-2-E-14
6                    FALSE             2     1-05-1400-1 1-05-1400-1-2-E-14
  Race.RaceType1Cd Race.RaceType2Cd Race.RaceType3Cd Race.RaceType4Cd
1            1-2-E            1-2-E           2-E-13           1-2-13
2            1-2-E            1-2-E           2-E-13           1-2-13
3            1-2-E            1-2-E           2-E-13           1-2-13
4            1-2-E            1-2-E           2-E-14           1-2-14
5            1-2-E            1-2-E           2-E-14           1-2-14
6            1-2-E            1-2-E           2-E-14           1-2-14
      RaceHorse.RaceId RaceHorse.KettoNum RaceHorse.IsHit1 RaceHorse.IsHit2
1 20170722-02-02-05-11         2011100018                0                0
2 20170902-10-02-11-11         2011109191                0                0
3 20171202-07-04-01-11         2012104645                0                0
4 20200301-07-01-02-11         2013102193                0                0
5 20200412-09-02-06-10         2013102193                0                0
6 20200503-05-02-04-10         2013105722                0                0
  RaceHorse.IsHit3 RaceHorse.IsHit4 RaceHorse.IsHit5 RaceHorse.IsHit6
1                0                0                1                0
2                0                1                0                0
3                0                0                1                0
4                0                1                0                0
5                0                1                0                0
6                0                1                0                0
  RaceHorse.IsValidRaceHorse RaceHorse.IsHitA RaceHorse.IsHitB RaceHorse.IsHitC
1                       TRUE                0                0                0
2                       TRUE                0                0                0
3                       TRUE                0                0                0
4                       TRUE                0                0                0
5                       TRUE                0                0                0
6                       TRUE                0                0                0
  OddsByWin.Odds1 OddsByWin.Ninki OddsByWin.OddsLog1 OddsByWin.OddsRatio1
1           202.3              14           5.314683           0.00496771
2           159.6              16           5.078917           0.00630517
3            21.4              10           3.109061           0.04901961
4             6.7               2           2.041220           0.17543860
5             9.6               6           2.360854           0.11627907
6            13.9               6           2.701361           0.07751938
  OddsByWin.OddsLogit1 OddsByWin.ApprovalRate1 OddsByWin.ApprovalRateLog1 EOF
1            -5.309752             0.004943154                0.004930976   1
2            -5.072671             0.006265664                0.006246116   1
3            -3.063391             0.046728972                0.045670037   1
4            -1.902108             0.149253731                0.139112802   1
5            -2.261763             0.104166667                0.099090903   1
6            -2.631889             0.071942446                0.069472373   1
[1] "object.size(InputDataSet) auto=1.6 Mb"
[1] "nrow(InputDataSet) RxSqlServerData=8565"
[1] "str(InputDataSet)="
'data.frame':	8565 obs. of  35 variables:
 $ Race.RaceId                      : Factor w/ 657 levels "20170722-02-02-05-11",..: 1 2 3 4 5 6 6 7 7 8 ...
 $ Race.IsPredictedRace             : logi  TRUE TRUE TRUE TRUE TRUE TRUE ...
 $ Race.IsAnalyzeNormalPastAndFuture: logi  TRUE TRUE TRUE TRUE TRUE TRUE ...
 $ Race.IsAnalyzeNormalPast         : logi  TRUE TRUE TRUE TRUE TRUE TRUE ...
 $ Race.IsAnalyzeNormalFuture       : logi  FALSE FALSE FALSE FALSE FALSE FALSE ...
 $ Race.IsAnalyzeFullPastAndFuture  : logi  TRUE TRUE TRUE TRUE TRUE TRUE ...
 $ Race.IsAnalyzeFullPast           : logi  TRUE TRUE TRUE TRUE TRUE TRUE ...
 $ Race.IsAnalyzeFullFuture         : logi  FALSE FALSE FALSE FALSE FALSE FALSE ...
 $ Race.JyokenCd                    : Factor w/ 1 level "2": 1 1 1 1 1 1 1 1 1 1 ...
 $ Race.JyoType1Cd                  : Factor w/ 122 levels "1-02-1200-2",..: 1 2 3 3 4 5 5 6 6 7 ...
 $ Race.RaceType0Cd                 : Factor w/ 178 levels "1-02-1200-2-2-E-13",..: 1 2 3 4 5 6 6 7 7 8 ...
 $ Race.RaceType1Cd                 : Factor w/ 1 level "1-2-E": 1 1 1 1 1 1 1 1 1 1 ...
 $ Race.RaceType2Cd                 : Factor w/ 1 level "1-2-E": 1 1 1 1 1 1 1 1 1 1 ...
 $ Race.RaceType3Cd                 : Factor w/ 2 levels "2-E-13","2-E-14": 1 1 1 2 2 2 2 1 1 1 ...
 $ Race.RaceType4Cd                 : Factor w/ 2 levels "1-2-13","1-2-14": 1 1 1 2 2 2 2 1 1 1 ...
 $ RaceHorse.RaceId                 : Factor w/ 657 levels "20170722-02-02-05-11",..: 1 2 3 4 5 6 6 7 7 8 ...
 $ RaceHorse.KettoNum               : Factor w/ 1750 levels "2011100018","2011109191",..: 1 2 3 4 4 5 6 5 7 8 ...
 $ RaceHorse.IsHit1                 : int  0 0 0 0 0 0 0 0 0 0 ...
 $ RaceHorse.IsHit2                 : int  0 0 0 0 0 0 0 0 0 0 ...
 $ RaceHorse.IsHit3                 : int  0 0 0 0 0 0 0 0 0 0 ...
 $ RaceHorse.IsHit4                 : int  0 1 0 1 1 1 0 0 1 0 ...
 $ RaceHorse.IsHit5                 : int  1 0 1 0 0 0 1 1 0 1 ...
 $ RaceHorse.IsHit6                 : int  0 0 0 0 0 0 0 0 0 0 ...
 $ RaceHorse.IsValidRaceHorse       : logi  TRUE TRUE TRUE TRUE TRUE TRUE ...
 $ RaceHorse.IsHitA                 : int  0 0 0 0 0 0 0 0 0 0 ...
 $ RaceHorse.IsHitB                 : int  0 0 0 0 0 0 0 0 0 0 ...
 $ RaceHorse.IsHitC                 : int  0 0 0 0 0 0 0 0 0 0 ...
 $ OddsByWin.Odds1                  : num  202.3 159.6 21.4 6.7 9.6 ...
 $ OddsByWin.Ninki                  : num  14 16 10 2 6 6 5 4 2 4 ...
 $ OddsByWin.OddsLog1               : num  5.31 5.08 3.11 2.04 2.36 ...
 $ OddsByWin.OddsRatio1             : num  0.00497 0.00631 0.04902 0.17544 0.11628 ...
 $ OddsByWin.OddsLogit1             : num  -5.31 -5.07 -3.06 -1.9 -2.26 ...
 $ OddsByWin.ApprovalRate1          : num  0.00494 0.00627 0.04673 0.14925 0.10417 ...
 $ OddsByWin.ApprovalRateLog1       : num  0.00493 0.00625 0.04567 0.13911 0.09909 ...
 $ EOF                              : int  1 1 1 1 1 1 1 1 1 1 ...
[1] "2022-02-08 14:21:20 --- RxSqlServerData Finish ---"
[1] "2022-02-08 14:21:20 --- subset Start ---"
[1] "nrow(InputDataSet) subset before=8565"
[1] "nrow(InputDataSet) subset after=8565"
[1] "nrow(InputDataSet) subset diff=0"
[1] "class(InputDataSet$Race.IsAnalyzeNormalPast)=logical"
[1] "class(InputDataSet$Race.analyzeTrackTypeCd)=NULL"
[1] "2022-02-08 14:21:20 --- subset Finish ---"
[1] "2022-02-08 14:21:20 --- transform Start ---"
[1] "nrow(InputDataSet) transaform before=8565"
[1] "nrow(InputDataSet) transaform after=8565"
[1] "nrow(InputDataSet) transaform diff=0"
[1] "str(InputDataSet)="
'data.frame':	8565 obs. of  35 variables:
 $ Race.RaceId                      : Factor w/ 657 levels "20170722-02-02-05-11",..: 1 2 3 4 5 6 6 7 7 8 ...
 $ Race.IsPredictedRace             : logi  TRUE TRUE TRUE TRUE TRUE TRUE ...
 $ Race.IsAnalyzeNormalPastAndFuture: logi  TRUE TRUE TRUE TRUE TRUE TRUE ...
 $ Race.IsAnalyzeNormalPast         : logi  TRUE TRUE TRUE TRUE TRUE TRUE ...
 $ Race.IsAnalyzeNormalFuture       : logi  FALSE FALSE FALSE FALSE FALSE FALSE ...
 $ Race.IsAnalyzeFullPastAndFuture  : logi  TRUE TRUE TRUE TRUE TRUE TRUE ...
 $ Race.IsAnalyzeFullPast           : logi  TRUE TRUE TRUE TRUE TRUE TRUE ...
 $ Race.IsAnalyzeFullFuture         : logi  FALSE FALSE FALSE FALSE FALSE FALSE ...
 $ Race.JyokenCd                    : Factor w/ 1 level "2": 1 1 1 1 1 1 1 1 1 1 ...
 $ Race.JyoType1Cd                  : Factor w/ 122 levels "1-02-1200-2",..: 1 2 3 3 4 5 5 6 6 7 ...
 $ Race.RaceType0Cd                 : Factor w/ 178 levels "1-02-1200-2-2-E-13",..: 1 2 3 4 5 6 6 7 7 8 ...
 $ Race.RaceType1Cd                 : Factor w/ 1 level "1-2-E": 1 1 1 1 1 1 1 1 1 1 ...
 $ Race.RaceType2Cd                 : Factor w/ 1 level "1-2-E": 1 1 1 1 1 1 1 1 1 1 ...
 $ Race.RaceType3Cd                 : Factor w/ 2 levels "2-E-13","2-E-14": 1 1 1 2 2 2 2 1 1 1 ...
 $ Race.RaceType4Cd                 : Factor w/ 2 levels "1-2-13","1-2-14": 1 1 1 2 2 2 2 1 1 1 ...
 $ RaceHorse.RaceId                 : Factor w/ 657 levels "20170722-02-02-05-11",..: 1 2 3 4 5 6 6 7 7 8 ...
 $ RaceHorse.KettoNum               : Factor w/ 1750 levels "2011100018","2011109191",..: 1 2 3 4 4 5 6 5 7 8 ...
 $ RaceHorse.IsHit1                 : int  0 0 0 0 0 0 0 0 0 0 ...
 $ RaceHorse.IsHit2                 : int  0 0 0 0 0 0 0 0 0 0 ...
 $ RaceHorse.IsHit3                 : int  0 0 0 0 0 0 0 0 0 0 ...
 $ RaceHorse.IsHit4                 : int  0 1 0 1 1 1 0 0 1 0 ...
 $ RaceHorse.IsHit5                 : int  1 0 1 0 0 0 1 1 0 1 ...
 $ RaceHorse.IsHit6                 : int  0 0 0 0 0 0 0 0 0 0 ...
 $ RaceHorse.IsValidRaceHorse       : logi  TRUE TRUE TRUE TRUE TRUE TRUE ...
 $ RaceHorse.IsHitA                 : int  0 0 0 0 0 0 0 0 0 0 ...
 $ RaceHorse.IsHitB                 : int  0 0 0 0 0 0 0 0 0 0 ...
 $ RaceHorse.IsHitC                 : int  0 0 0 0 0 0 0 0 0 0 ...
 $ OddsByWin.Odds1                  : num  202.3 159.6 21.4 6.7 9.6 ...
 $ OddsByWin.Ninki                  : num  14 16 10 2 6 6 5 4 2 4 ...
 $ OddsByWin.OddsLog1               : num  5.31 5.08 3.11 2.04 2.36 ...
 $ OddsByWin.OddsRatio1             : num  0.00497 0.00631 0.04902 0.17544 0.11628 ...
 $ OddsByWin.OddsLogit1             : num  -5.31 -5.07 -3.06 -1.9 -2.26 ...
 $ OddsByWin.ApprovalRate1          : num  0.00494 0.00627 0.04673 0.14925 0.10417 ...
 $ OddsByWin.ApprovalRateLog1       : num  0.00493 0.00625 0.04567 0.13911 0.09909 ...
 $ EOF                              : int  1 1 1 1 1 1 1 1 1 1 ...
NULL
[1] "2022-02-08 14:21:20 --- transform Finish ---"
[1] "2022-02-08 14:21:20 --- na.omit Start ---"
[1] "nrow(InputDataSet) na.omit before=8565"
[1] "nrow(InputDataSet) na.omit after=8526"
[1] "nrow(InputDataSet) na.omit diff=39"
[1] "2022-02-08 14:21:20 --- na.omit Finish---"
[1] "2022-02-08 14:21:20 --- New Levels Start ---"
[1] "levels(data$Race.RaceType1Cd)=1-2-E"
[1] "levels(InputDataSet$Race.RaceType1Cd)=1-2-E"
[1] "length(Race.RaceType1Cd.Index)=0"
[1] "2022-02-08 14:21:20 --- New Levels Finish ---"
[1] "2022-02-08 14:21:20 --- na.omit Start ---"
[1] "nrow(InputDataSet) na.omit levels before=8526"
[1] "nrow(InputDataSet) na.omit levels after=8526"
[1] "nrow(InputDataSet) na.omit levels diff=0"
[1] "2022-02-08 14:21:20 --- na.omit Finish ---"
[1] "2022-02-08 14:21:20 --- Predict InputDataSet Start ---"
[1] "nrow(InputDataSet) predict=8526"
[1] "str(InputDataSet)="
'data.frame':	8526 obs. of  35 variables:
 $ Race.RaceId                      : Factor w/ 657 levels "20170722-02-02-05-11",..: 1 2 3 4 5 6 6 7 7 8 ...
 $ Race.IsPredictedRace             : logi  TRUE TRUE TRUE TRUE TRUE TRUE ...
 $ Race.IsAnalyzeNormalPastAndFuture: logi  TRUE TRUE TRUE TRUE TRUE TRUE ...
 $ Race.IsAnalyzeNormalPast         : logi  TRUE TRUE TRUE TRUE TRUE TRUE ...
 $ Race.IsAnalyzeNormalFuture       : logi  FALSE FALSE FALSE FALSE FALSE FALSE ...
 $ Race.IsAnalyzeFullPastAndFuture  : logi  TRUE TRUE TRUE TRUE TRUE TRUE ...
 $ Race.IsAnalyzeFullPast           : logi  TRUE TRUE TRUE TRUE TRUE TRUE ...
 $ Race.IsAnalyzeFullFuture         : logi  FALSE FALSE FALSE FALSE FALSE FALSE ...
 $ Race.JyokenCd                    : Factor w/ 1 level "2": 1 1 1 1 1 1 1 1 1 1 ...
 $ Race.JyoType1Cd                  : Factor w/ 122 levels "1-02-1200-2",..: 1 2 3 3 4 5 5 6 6 7 ...
 $ Race.RaceType0Cd                 : Factor w/ 178 levels "1-02-1200-2-2-E-13",..: 1 2 3 4 5 6 6 7 7 8 ...
 $ Race.RaceType1Cd                 : Factor w/ 1 level "1-2-E": 1 1 1 1 1 1 1 1 1 1 ...
 $ Race.RaceType2Cd                 : Factor w/ 1 level "1-2-E": 1 1 1 1 1 1 1 1 1 1 ...
 $ Race.RaceType3Cd                 : Factor w/ 2 levels "2-E-13","2-E-14": 1 1 1 2 2 2 2 1 1 1 ...
 $ Race.RaceType4Cd                 : Factor w/ 2 levels "1-2-13","1-2-14": 1 1 1 2 2 2 2 1 1 1 ...
 $ RaceHorse.RaceId                 : Factor w/ 657 levels "20170722-02-02-05-11",..: 1 2 3 4 5 6 6 7 7 8 ...
 $ RaceHorse.KettoNum               : Factor w/ 1750 levels "2011100018","2011109191",..: 1 2 3 4 4 5 6 5 7 8 ...
 $ RaceHorse.IsHit1                 : int  0 0 0 0 0 0 0 0 0 0 ...
 $ RaceHorse.IsHit2                 : int  0 0 0 0 0 0 0 0 0 0 ...
 $ RaceHorse.IsHit3                 : int  0 0 0 0 0 0 0 0 0 0 ...
 $ RaceHorse.IsHit4                 : int  0 1 0 1 1 1 0 0 1 0 ...
 $ RaceHorse.IsHit5                 : int  1 0 1 0 0 0 1 1 0 1 ...
 $ RaceHorse.IsHit6                 : int  0 0 0 0 0 0 0 0 0 0 ...
 $ RaceHorse.IsValidRaceHorse       : logi  TRUE TRUE TRUE TRUE TRUE TRUE ...
 $ RaceHorse.IsHitA                 : int  0 0 0 0 0 0 0 0 0 0 ...
 $ RaceHorse.IsHitB                 : int  0 0 0 0 0 0 0 0 0 0 ...
 $ RaceHorse.IsHitC                 : int  0 0 0 0 0 0 0 0 0 0 ...
 $ OddsByWin.Odds1                  : num  202.3 159.6 21.4 6.7 9.6 ...
 $ OddsByWin.Ninki                  : num  14 16 10 2 6 6 5 4 2 4 ...
 $ OddsByWin.OddsLog1               : num  5.31 5.08 3.11 2.04 2.36 ...
 $ OddsByWin.OddsRatio1             : num  0.00497 0.00631 0.04902 0.17544 0.11628 ...
 $ OddsByWin.OddsLogit1             : num  -5.31 -5.07 -3.06 -1.9 -2.26 ...
 $ OddsByWin.ApprovalRate1          : num  0.00494 0.00627 0.04673 0.14925 0.10417 ...
 $ OddsByWin.ApprovalRateLog1       : num  0.00493 0.00625 0.04567 0.13911 0.09909 ...
 $ EOF                              : int  1 1 1 1 1 1 1 1 1 1 ...
 - attr(*, "na.action")= 'omit' Named int  993 1175 1176 1690 1692 1693 1695 1696 1697 1698 ...
  ..- attr(*, "names")= chr  "993" "1175" "1176" "1690" ...
[1] "2022-02-08 14:21:20 --- Predict InputDataSet Finish ---"
[1] "2022-02-08 14:21:20 --- rxPredict (glm) Start ---"
[1] "analyzeFunc=glm"
Rows Read: 8526, Total Rows Processed: 8526, Total Chunk Time: Less than .001 seconds 
[1] "nrow(PredictDataSet) afte predict=8526"
[1] "str(PredictDataSet)"
'data.frame':	8526 obs. of  1 variable:
 $ RaceHorse.IsHitA_Pred: num  0.00426 0.00543 0.04139 0.12488 0.08971 ...
NULL
[1] "head(PredictDataSet) afte predict="
  RaceHorse.IsHitA_Pred
1           0.004257306
2           0.005427701
3           0.041391382
4           0.124884645
5           0.089708380
6           0.063078792
[1] "2022-02-08 14:21:20 --- rxPredict (glm) Finish ---"
[1] "2022-02-08 14:21:20 --- add key Start ---"
[1] "nrow(OutputDataSet) add KeyColmn=8526"
[1] "str(OutputDataSet) after add Key"
'data.frame':	8526 obs. of  2 variables:
 $ RaceHorse.RaceId  : Factor w/ 657 levels "20170722-02-02-05-11",..: 1 2 3 4 5 6 6 7 7 8 ...
 $ RaceHorse.KettoNum: Factor w/ 1750 levels "2011100018","2011109191",..: 1 2 3 4 4 5 6 5 7 8 ...
NULL
[1] "2022-02-08 14:21:20 --- add key Finish ---"
[1] "2022-02-08 14:21:20 --- add PredictValue Start ---"
[1] "str(PredictDataSet) before rename="
[1] "colnames(PredictDataSet)=RaceHorse.IsHitA_Pred"
[1] "str(PredictDataSet) after rename="
'data.frame':	8526 obs. of  1 variable:
 $ PredictValue: num  0.00426 0.00543 0.04139 0.12488 0.08971 ...
NULL
[1] "str(OutputDataSet) before cbind="
'data.frame':	8526 obs. of  2 variables:
 $ RaceHorse.RaceId  : Factor w/ 657 levels "20170722-02-02-05-11",..: 1 2 3 4 5 6 6 7 7 8 ...
 $ RaceHorse.KettoNum: Factor w/ 1750 levels "2011100018","2011109191",..: 1 2 3 4 4 5 6 5 7 8 ...
NULL
[1] "str(OutputDataSet) after cbind="
'data.frame':	8526 obs. of  3 variables:
 $ RaceHorse.RaceId  : Factor w/ 657 levels "20170722-02-02-05-11",..: 1 2 3 4 5 6 6 7 7 8 ...
 $ RaceHorse.KettoNum: Factor w/ 1750 levels "2011100018","2011109191",..: 1 2 3 4 4 5 6 5 7 8 ...
 $ PredictValue      : num  0.00426 0.00543 0.04139 0.12488 0.08971 ...
NULL
[1] "2022-02-08 14:21:20 --- add PredictValue Finish ---"
[1] "2022-02-08 14:21:20 --- final Start ---"
[1] "nrow(OutputDataSet) final=8526"
[1] "head(OutputDataSet)="
      RaceHorse.RaceId RaceHorse.KettoNum PredictValue
1 20170722-02-02-05-11         2011100018  0.004257306
2 20170902-10-02-11-11         2011109191  0.005427701
3 20171202-07-04-01-11         2012104645  0.041391382
4 20200301-07-01-02-11         2013102193  0.124884645
5 20200412-09-02-06-10         2013102193  0.089708380
6 20200503-05-02-04-10         2013105722  0.063078792
[1] "str(OutputDataSet)="
'data.frame':	8526 obs. of  3 variables:
 $ RaceHorse.RaceId  : Factor w/ 657 levels "20170722-02-02-05-11",..: 1 2 3 4 5 6 6 7 7 8 ...
 $ RaceHorse.KettoNum: Factor w/ 1750 levels "2011100018","2011109191",..: 1 2 3 4 4 5 6 5 7 8 ...
 $ PredictValue      : num  0.00426 0.00543 0.04139 0.12488 0.08971 ...
NULL
[1] "2022-02-08 14:21:20 --- final Finish ---"
[1] "2022-02-08 14:21:20 --- predict.R Finished ---"
[1] "2022-02-08 14:21:20 --- log Finish ---"
