[1] "2022-02-08 14:25:21 --- D1113_Predict_glm_Gen02_IsHitA_Type21 Start ---"
[1] "2022-02-08 14:25:21 --- Log Start ---"
[1] "2022-02-08 14:25:21 --- predict.R Start ---"
[1] "analyzeVersion=D1113"
[1] "analyzeCategory=Predict"
[1] "analyzeType=Gen02"
[1] "analyzeFamily=IsHitA"
[1] "analyzeFunc=glm"
[1] "analyzeTrackTypeCd=2"
[1] "analyzeJyokenCd=1"
[1] "2022-02-08 14:25:21 --- source_function.R Start ---"
[1] "2022-02-08 14:25:21 --- source_function.R Finished ---"

> print(paste0(Sys.time(), " --- source_library.R Start ---"))
[1] "2022-02-08 14:25:21 --- source_library.R Start ---"

> require("RevoScaleR")

> print(paste0(Sys.time(), " --- source_library.R Finished ---"))
[1] "2022-02-08 14:25:21 --- source_library.R Finished ---"
[1] "2022-02-08 14:25:21 --- Load Start ---"
[1] "loadFilename=RData_Analyze_glm_Gen02_Type21.RData"
[1] "2022-02-08 14:25:21 --- Load Finished ---"
[1] "2022-02-08 14:25:21 --- RxSqlServerData Start ---"
[1] "sqlQuery=SELECT * FROM ViewAnalyzeD1113analyze01Gen02Type21 WHERE [Race.IsPredictedRace] = 1"
Rows Read: 3894, Total Rows Processed: 3894, Total Chunk Time: 0.598 seconds 
[1] "head(InputDataSet)="
           Race.RaceId Race.IsPredictedRace Race.IsAnalyzeNormalPastAndFuture
1 20170129-05-01-02-11                 TRUE                              TRUE
2 20160417-06-03-08-10                 TRUE                              TRUE
3 20200308-07-01-04-10                 TRUE                              TRUE
4 20161224-06-05-08-11                 TRUE                              TRUE
5 20160109-06-01-02-11                 TRUE                              TRUE
6 20160827-04-02-09-11                 TRUE                              TRUE
  Race.IsAnalyzeNormalPast Race.IsAnalyzeNormalFuture
1                     TRUE                      FALSE
2                     TRUE                      FALSE
3                     TRUE                      FALSE
4                     TRUE                      FALSE
5                     TRUE                      FALSE
6                     TRUE                      FALSE
  Race.IsAnalyzeFullPastAndFuture Race.IsAnalyzeFullPast
1                            TRUE                   TRUE
2                            TRUE                   TRUE
3                            TRUE                   TRUE
4                            TRUE                   TRUE
5                            TRUE                   TRUE
6                            TRUE                   TRUE
  Race.IsAnalyzeFullFuture Race.JyokenCd Race.JyoType1Cd   Race.RaceType0Cd
1                    FALSE             1     2-05-1400-1 2-05-1400-1-1-C-14
2                    FALSE             1     2-06-1200-1 2-06-1200-1-1-E-14
3                    FALSE             1     2-07-1400-4 2-07-1400-4-1-E-12
4                    FALSE             1     2-06-1800-2 2-06-1800-2-1-E-13
5                    FALSE             1     2-06-1800-1 2-06-1800-1-1-E-14
6                    FALSE             1     2-04-1800-1 2-04-1800-1-1-E-13
  Race.RaceType1Cd Race.RaceType2Cd Race.RaceType3Cd Race.RaceType4Cd
1            2-1-C            2-1-C           1-C-14           2-1-14
2            2-1-E            2-1-E           1-E-14           2-1-14
3            2-1-E            2-1-E           1-E-12           2-1-12
4            2-1-E            2-1-E           1-E-13           2-1-13
5            2-1-E            2-1-E           1-E-14           2-1-14
6            2-1-E            2-1-E           1-E-13           2-1-13
      RaceHorse.RaceId RaceHorse.KettoNum RaceHorse.IsHit1 RaceHorse.IsHit2
1 20170129-05-01-02-11         2012106056                1                0
2 20160417-06-03-08-10         2010102994                0                0
3 20200308-07-01-04-10         2017103482                0                0
4 20161224-06-05-08-11         2007100624                0                0
5 20160109-06-01-02-11         2009102606                1                0
6 20160827-04-02-09-11         2009105977                0                0
  RaceHorse.IsHit3 RaceHorse.IsHit4 RaceHorse.IsHit5 RaceHorse.IsHit6
1                0                0                0                0
2                0                0                1                0
3                0                0                0                1
4                0                0                0                1
5                0                0                0                0
6                0                0                0                1
  RaceHorse.IsValidRaceHorse RaceHorse.IsHitA RaceHorse.IsHitB RaceHorse.IsHitC
1                       TRUE                1                1                1
2                       TRUE                0                0                0
3                       TRUE                0                0                0
4                       TRUE                0                0                0
5                       TRUE                1                1                1
6                       TRUE                0                0                0
  Gen02.HansyokuNum Gen02.TimeDvByRaceAvg Gen02.TimeDvByRaceMax Gen02.RunCount
1          12252933              57.82247              61.31505              3
2          12252598              49.14359              57.69485             21
3          12251248              52.22741              63.32347             10
4          12242433              54.11311              65.10173              9
5          12245505              51.27646              62.82473              8
6          12245080              50.30166              63.78732             19
  Gen02.HitCount1 Gen02.HitCount2 Gen02.HitCount3 Gen02.HitCount4
1               0               0               1               0
2               0               0               0               0
3               1               0               3               0
4               2               2               1               0
5               1               0               0               0
6               0               1               0               2
  Gen02.HitCount5 Gen02.HitRate1 Gen02.HitRate2 Gen02.HitRate3 Gen02.HitRate4
1               0      0.0000000     0.00000000      0.3333333      0.0000000
2               0      0.0000000     0.00000000      0.0000000      0.0000000
3               1      0.1000000     0.00000000      0.3000000      0.0000000
4               1      0.2222222     0.22222222      0.1111111      0.0000000
5               1      0.1250000     0.00000000      0.0000000      0.0000000
6               2      0.0000000     0.05263158      0.0000000      0.1052632
  Gen02.HitRate5 EOF
1      0.0000000   1
2      0.0000000   1
3      0.1000000   1
4      0.1111111   1
5      0.1250000   1
6      0.1052632   1
[1] "object.size(InputDataSet) auto=937.9 Kb"
[1] "nrow(InputDataSet) RxSqlServerData=3894"
[1] "str(InputDataSet)="
'data.frame':	3894 obs. of  42 variables:
 $ Race.RaceId                      : Factor w/ 368 levels "20210919-06-04-04-11",..: 9 11 12 13 8 14 8 15 15 16 ...
 $ Race.IsPredictedRace             : logi  TRUE TRUE TRUE TRUE TRUE TRUE ...
 $ Race.IsAnalyzeNormalPastAndFuture: logi  TRUE TRUE TRUE TRUE TRUE TRUE ...
 $ Race.IsAnalyzeNormalPast         : logi  TRUE TRUE TRUE TRUE TRUE TRUE ...
 $ Race.IsAnalyzeNormalFuture       : logi  FALSE FALSE FALSE FALSE FALSE FALSE ...
 $ Race.IsAnalyzeFullPastAndFuture  : logi  TRUE TRUE TRUE TRUE TRUE TRUE ...
 $ Race.IsAnalyzeFullPast           : logi  TRUE TRUE TRUE TRUE TRUE TRUE ...
 $ Race.IsAnalyzeFullFuture         : logi  FALSE FALSE FALSE FALSE FALSE FALSE ...
 $ Race.JyokenCd                    : Factor w/ 1 level "1": 1 1 1 1 1 1 1 1 1 1 ...
 $ Race.JyoType1Cd                  : Factor w/ 71 levels "2-06-1800-2",..: 8 10 11 1 7 12 7 9 9 9 ...
 $ Race.RaceType0Cd                 : Factor w/ 168 levels "2-06-1800-2-1-E-13",..: 9 11 12 1 8 13 8 14 14 15 ...
 $ Race.RaceType1Cd                 : Factor w/ 5 levels "2-1-E","2-1-C",..: 2 1 1 1 1 1 1 3 3 1 ...
 $ Race.RaceType2Cd                 : Factor w/ 5 levels "2-1-E","2-1-C",..: 2 1 1 1 1 1 1 3 3 1 ...
 $ Race.RaceType3Cd                 : Factor w/ 13 levels "1-E-13","1-E-14",..: 3 2 5 1 2 1 2 6 6 1 ...
 $ Race.RaceType4Cd                 : Factor w/ 4 levels "2-1-13","2-1-14",..: 2 2 3 1 2 1 2 2 2 1 ...
 $ RaceHorse.RaceId                 : Factor w/ 368 levels "20210919-06-04-04-11",..: 9 11 12 13 8 14 8 15 15 16 ...
 $ RaceHorse.KettoNum               : Factor w/ 728 levels "2016105472","2009100970",..: 11 12 13 7 14 15 16 17 18 19 ...
 $ RaceHorse.IsHit1                 : int  1 0 0 0 1 0 0 0 0 0 ...
 $ RaceHorse.IsHit2                 : int  0 0 0 0 0 0 0 0 0 0 ...
 $ RaceHorse.IsHit3                 : int  0 0 0 0 0 0 0 0 0 0 ...
 $ RaceHorse.IsHit4                 : int  0 0 0 0 0 0 0 0 0 0 ...
 $ RaceHorse.IsHit5                 : int  0 1 0 0 0 0 0 0 0 0 ...
 $ RaceHorse.IsHit6                 : int  0 0 1 1 0 1 1 1 1 1 ...
 $ RaceHorse.IsValidRaceHorse       : logi  TRUE TRUE TRUE TRUE TRUE TRUE ...
 $ RaceHorse.IsHitA                 : int  1 0 0 0 1 0 0 0 0 0 ...
 $ RaceHorse.IsHitB                 : int  1 0 0 0 1 0 0 0 0 0 ...
 $ RaceHorse.IsHitC                 : int  1 0 0 0 1 0 0 0 0 0 ...
 $ Gen02.HansyokuNum                : Factor w/ 662 levels "12249696","12251315",..: 11 12 13 7 14 15 16 17 18 19 ...
 $ Gen02.TimeDvByRaceAvg            : num  57.8 49.1 52.2 54.1 51.3 ...
 $ Gen02.TimeDvByRaceMax            : num  61.3 57.7 63.3 65.1 62.8 ...
 $ Gen02.RunCount                   : int  3 21 10 9 8 19 9 3 6 13 ...
 $ Gen02.HitCount1                  : int  0 0 1 2 1 0 1 0 2 1 ...
 $ Gen02.HitCount2                  : int  0 0 0 2 0 1 0 1 0 0 ...
 $ Gen02.HitCount3                  : int  1 0 3 1 0 0 2 0 0 1 ...
 $ Gen02.HitCount4                  : int  0 0 0 0 0 2 1 0 0 1 ...
 $ Gen02.HitCount5                  : int  0 0 1 1 1 2 1 0 0 0 ...
 $ Gen02.HitRate1                   : num  0 0 0.1 0.222 0.125 ...
 $ Gen02.HitRate2                   : num  0 0 0 0.222 0 ...
 $ Gen02.HitRate3                   : num  0.333 0 0.3 0.111 0 ...
 $ Gen02.HitRate4                   : num  0 0 0 0 0 ...
 $ Gen02.HitRate5                   : num  0 0 0.1 0.111 0.125 ...
 $ EOF                              : int  1 1 1 1 1 1 1 1 1 1 ...
[1] "2022-02-08 14:25:23 --- RxSqlServerData Finish ---"
[1] "2022-02-08 14:25:23 --- subset Start ---"
[1] "nrow(InputDataSet) subset before=3894"
[1] "nrow(InputDataSet) subset after=3894"
[1] "nrow(InputDataSet) subset diff=0"
[1] "class(InputDataSet$Race.IsAnalyzeNormalPast)=logical"
[1] "class(InputDataSet$Race.analyzeTrackTypeCd)=NULL"
[1] "2022-02-08 14:25:23 --- subset Finish ---"
[1] "2022-02-08 14:25:23 --- transform Start ---"
[1] "nrow(InputDataSet) transaform before=3894"
[1] "nrow(InputDataSet) transaform after=3894"
[1] "nrow(InputDataSet) transaform diff=0"
[1] "str(InputDataSet)="
'data.frame':	3894 obs. of  42 variables:
 $ Race.RaceId                      : Factor w/ 368 levels "20210919-06-04-04-11",..: 9 11 12 13 8 14 8 15 15 16 ...
 $ Race.IsPredictedRace             : logi  TRUE TRUE TRUE TRUE TRUE TRUE ...
 $ Race.IsAnalyzeNormalPastAndFuture: logi  TRUE TRUE TRUE TRUE TRUE TRUE ...
 $ Race.IsAnalyzeNormalPast         : logi  TRUE TRUE TRUE TRUE TRUE TRUE ...
 $ Race.IsAnalyzeNormalFuture       : logi  FALSE FALSE FALSE FALSE FALSE FALSE ...
 $ Race.IsAnalyzeFullPastAndFuture  : logi  TRUE TRUE TRUE TRUE TRUE TRUE ...
 $ Race.IsAnalyzeFullPast           : logi  TRUE TRUE TRUE TRUE TRUE TRUE ...
 $ Race.IsAnalyzeFullFuture         : logi  FALSE FALSE FALSE FALSE FALSE FALSE ...
 $ Race.JyokenCd                    : Factor w/ 1 level "1": 1 1 1 1 1 1 1 1 1 1 ...
 $ Race.JyoType1Cd                  : Factor w/ 71 levels "2-06-1800-2",..: 8 10 11 1 7 12 7 9 9 9 ...
 $ Race.RaceType0Cd                 : Factor w/ 168 levels "2-06-1800-2-1-E-13",..: 9 11 12 1 8 13 8 14 14 15 ...
 $ Race.RaceType1Cd                 : Factor w/ 5 levels "2-1-E","2-1-C",..: 2 1 1 1 1 1 1 3 3 1 ...
 $ Race.RaceType2Cd                 : Factor w/ 5 levels "2-1-E","2-1-C",..: 2 1 1 1 1 1 1 3 3 1 ...
 $ Race.RaceType3Cd                 : Factor w/ 13 levels "1-E-13","1-E-14",..: 3 2 5 1 2 1 2 6 6 1 ...
 $ Race.RaceType4Cd                 : Factor w/ 4 levels "2-1-13","2-1-14",..: 2 2 3 1 2 1 2 2 2 1 ...
 $ RaceHorse.RaceId                 : Factor w/ 368 levels "20210919-06-04-04-11",..: 9 11 12 13 8 14 8 15 15 16 ...
 $ RaceHorse.KettoNum               : Factor w/ 728 levels "2016105472","2009100970",..: 11 12 13 7 14 15 16 17 18 19 ...
 $ RaceHorse.IsHit1                 : int  1 0 0 0 1 0 0 0 0 0 ...
 $ RaceHorse.IsHit2                 : int  0 0 0 0 0 0 0 0 0 0 ...
 $ RaceHorse.IsHit3                 : int  0 0 0 0 0 0 0 0 0 0 ...
 $ RaceHorse.IsHit4                 : int  0 0 0 0 0 0 0 0 0 0 ...
 $ RaceHorse.IsHit5                 : int  0 1 0 0 0 0 0 0 0 0 ...
 $ RaceHorse.IsHit6                 : int  0 0 1 1 0 1 1 1 1 1 ...
 $ RaceHorse.IsValidRaceHorse       : logi  TRUE TRUE TRUE TRUE TRUE TRUE ...
 $ RaceHorse.IsHitA                 : int  1 0 0 0 1 0 0 0 0 0 ...
 $ RaceHorse.IsHitB                 : int  1 0 0 0 1 0 0 0 0 0 ...
 $ RaceHorse.IsHitC                 : int  1 0 0 0 1 0 0 0 0 0 ...
 $ Gen02.HansyokuNum                : Factor w/ 662 levels "12249696","12251315",..: 11 12 13 7 14 15 16 17 18 19 ...
 $ Gen02.TimeDvByRaceAvg            : num  57.8 49.1 52.2 54.1 51.3 ...
 $ Gen02.TimeDvByRaceMax            : num  61.3 57.7 63.3 65.1 62.8 ...
 $ Gen02.RunCount                   : int  3 21 10 9 8 19 9 3 6 13 ...
 $ Gen02.HitCount1                  : int  0 0 1 2 1 0 1 0 2 1 ...
 $ Gen02.HitCount2                  : int  0 0 0 2 0 1 0 1 0 0 ...
 $ Gen02.HitCount3                  : int  1 0 3 1 0 0 2 0 0 1 ...
 $ Gen02.HitCount4                  : int  0 0 0 0 0 2 1 0 0 1 ...
 $ Gen02.HitCount5                  : int  0 0 1 1 1 2 1 0 0 0 ...
 $ Gen02.HitRate1                   : num  0 0 0.1 0.222 0.125 ...
 $ Gen02.HitRate2                   : num  0 0 0 0.222 0 ...
 $ Gen02.HitRate3                   : num  0.333 0 0.3 0.111 0 ...
 $ Gen02.HitRate4                   : num  0 0 0 0 0 ...
 $ Gen02.HitRate5                   : num  0 0 0.1 0.111 0.125 ...
 $ EOF                              : int  1 1 1 1 1 1 1 1 1 1 ...
NULL
[1] "2022-02-08 14:25:23 --- transform Finish ---"
[1] "2022-02-08 14:25:23 --- na.omit Start ---"
[1] "nrow(InputDataSet) na.omit before=3894"
[1] "nrow(InputDataSet) na.omit after=3894"
[1] "nrow(InputDataSet) na.omit diff=0"
[1] "2022-02-08 14:25:23 --- na.omit Finish---"
[1] "2022-02-08 14:25:23 --- New Levels Start ---"
[1] "levels(data$Race.RaceType1Cd)=2-1-E" "levels(data$Race.RaceType1Cd)=2-1-C"
[3] "levels(data$Race.RaceType1Cd)=2-1-A" "levels(data$Race.RaceType1Cd)=2-1-L"
[5] "levels(data$Race.RaceType1Cd)=2-1-B"
[1] "levels(InputDataSet$Race.RaceType1Cd)=2-1-E"
[2] "levels(InputDataSet$Race.RaceType1Cd)=2-1-C"
[3] "levels(InputDataSet$Race.RaceType1Cd)=2-1-A"
[4] "levels(InputDataSet$Race.RaceType1Cd)=2-1-B"
[5] "levels(InputDataSet$Race.RaceType1Cd)=2-1-L"
[1] "length(Race.RaceType1Cd.Index)=0"
[1] "2022-02-08 14:25:23 --- New Levels Finish ---"
[1] "2022-02-08 14:25:23 --- na.omit Start ---"
[1] "nrow(InputDataSet) na.omit levels before=3894"
[1] "nrow(InputDataSet) na.omit levels after=3894"
[1] "nrow(InputDataSet) na.omit levels diff=0"
[1] "2022-02-08 14:25:23 --- na.omit Finish ---"
[1] "2022-02-08 14:25:23 --- Predict InputDataSet Start ---"
[1] "nrow(InputDataSet) predict=3894"
[1] "str(InputDataSet)="
'data.frame':	3894 obs. of  42 variables:
 $ Race.RaceId                      : Factor w/ 368 levels "20210919-06-04-04-11",..: 9 11 12 13 8 14 8 15 15 16 ...
 $ Race.IsPredictedRace             : logi  TRUE TRUE TRUE TRUE TRUE TRUE ...
 $ Race.IsAnalyzeNormalPastAndFuture: logi  TRUE TRUE TRUE TRUE TRUE TRUE ...
 $ Race.IsAnalyzeNormalPast         : logi  TRUE TRUE TRUE TRUE TRUE TRUE ...
 $ Race.IsAnalyzeNormalFuture       : logi  FALSE FALSE FALSE FALSE FALSE FALSE ...
 $ Race.IsAnalyzeFullPastAndFuture  : logi  TRUE TRUE TRUE TRUE TRUE TRUE ...
 $ Race.IsAnalyzeFullPast           : logi  TRUE TRUE TRUE TRUE TRUE TRUE ...
 $ Race.IsAnalyzeFullFuture         : logi  FALSE FALSE FALSE FALSE FALSE FALSE ...
 $ Race.JyokenCd                    : Factor w/ 1 level "1": 1 1 1 1 1 1 1 1 1 1 ...
 $ Race.JyoType1Cd                  : Factor w/ 71 levels "2-06-1800-2",..: 8 10 11 1 7 12 7 9 9 9 ...
 $ Race.RaceType0Cd                 : Factor w/ 168 levels "2-06-1800-2-1-E-13",..: 9 11 12 1 8 13 8 14 14 15 ...
 $ Race.RaceType1Cd                 : Factor w/ 5 levels "2-1-E","2-1-C",..: 2 1 1 1 1 1 1 3 3 1 ...
 $ Race.RaceType2Cd                 : Factor w/ 5 levels "2-1-E","2-1-C",..: 2 1 1 1 1 1 1 3 3 1 ...
 $ Race.RaceType3Cd                 : Factor w/ 13 levels "1-E-13","1-E-14",..: 3 2 5 1 2 1 2 6 6 1 ...
 $ Race.RaceType4Cd                 : Factor w/ 4 levels "2-1-13","2-1-14",..: 2 2 3 1 2 1 2 2 2 1 ...
 $ RaceHorse.RaceId                 : Factor w/ 368 levels "20210919-06-04-04-11",..: 9 11 12 13 8 14 8 15 15 16 ...
 $ RaceHorse.KettoNum               : Factor w/ 728 levels "2016105472","2009100970",..: 11 12 13 7 14 15 16 17 18 19 ...
 $ RaceHorse.IsHit1                 : int  1 0 0 0 1 0 0 0 0 0 ...
 $ RaceHorse.IsHit2                 : int  0 0 0 0 0 0 0 0 0 0 ...
 $ RaceHorse.IsHit3                 : int  0 0 0 0 0 0 0 0 0 0 ...
 $ RaceHorse.IsHit4                 : int  0 0 0 0 0 0 0 0 0 0 ...
 $ RaceHorse.IsHit5                 : int  0 1 0 0 0 0 0 0 0 0 ...
 $ RaceHorse.IsHit6                 : int  0 0 1 1 0 1 1 1 1 1 ...
 $ RaceHorse.IsValidRaceHorse       : logi  TRUE TRUE TRUE TRUE TRUE TRUE ...
 $ RaceHorse.IsHitA                 : int  1 0 0 0 1 0 0 0 0 0 ...
 $ RaceHorse.IsHitB                 : int  1 0 0 0 1 0 0 0 0 0 ...
 $ RaceHorse.IsHitC                 : int  1 0 0 0 1 0 0 0 0 0 ...
 $ Gen02.HansyokuNum                : Factor w/ 662 levels "12249696","12251315",..: 11 12 13 7 14 15 16 17 18 19 ...
 $ Gen02.TimeDvByRaceAvg            : num  57.8 49.1 52.2 54.1 51.3 ...
 $ Gen02.TimeDvByRaceMax            : num  61.3 57.7 63.3 65.1 62.8 ...
 $ Gen02.RunCount                   : int  3 21 10 9 8 19 9 3 6 13 ...
 $ Gen02.HitCount1                  : int  0 0 1 2 1 0 1 0 2 1 ...
 $ Gen02.HitCount2                  : int  0 0 0 2 0 1 0 1 0 0 ...
 $ Gen02.HitCount3                  : int  1 0 3 1 0 0 2 0 0 1 ...
 $ Gen02.HitCount4                  : int  0 0 0 0 0 2 1 0 0 1 ...
 $ Gen02.HitCount5                  : int  0 0 1 1 1 2 1 0 0 0 ...
 $ Gen02.HitRate1                   : num  0 0 0.1 0.222 0.125 ...
 $ Gen02.HitRate2                   : num  0 0 0 0.222 0 ...
 $ Gen02.HitRate3                   : num  0.333 0 0.3 0.111 0 ...
 $ Gen02.HitRate4                   : num  0 0 0 0 0 ...
 $ Gen02.HitRate5                   : num  0 0 0.1 0.111 0.125 ...
 $ EOF                              : int  1 1 1 1 1 1 1 1 1 1 ...
[1] "2022-02-08 14:25:23 --- Predict InputDataSet Finish ---"
[1] "2022-02-08 14:25:23 --- rxPredict (glm) Start ---"
[1] "analyzeFunc=glm"
Rows Read: 3894, Total Rows Processed: 3894, Total Chunk Time: Less than .001 seconds 
[1] "nrow(PredictDataSet) afte predict=3894"
[1] "str(PredictDataSet)"
'data.frame':	3894 obs. of  1 variable:
 $ RaceHorse.IsHitA_Pred: num  0.0601 0.0601 0.066 0.0739 0.0675 ...
NULL
[1] "head(PredictDataSet) afte predict="
  RaceHorse.IsHitA_Pred
1            0.06009582
2            0.06009582
3            0.06598806
4            0.07391771
5            0.06754292
6            0.06009582
[1] "2022-02-08 14:25:23 --- rxPredict (glm) Finish ---"
[1] "2022-02-08 14:25:23 --- add key Start ---"
[1] "nrow(OutputDataSet) add KeyColmn=3894"
[1] "str(OutputDataSet) after add Key"
'data.frame':	3894 obs. of  2 variables:
 $ RaceHorse.RaceId  : Factor w/ 368 levels "20210919-06-04-04-11",..: 9 11 12 13 8 14 8 15 15 16 ...
 $ RaceHorse.KettoNum: Factor w/ 728 levels "2016105472","2009100970",..: 11 12 13 7 14 15 16 17 18 19 ...
NULL
[1] "2022-02-08 14:25:23 --- add key Finish ---"
[1] "2022-02-08 14:25:23 --- add PredictValue Start ---"
[1] "str(PredictDataSet) before rename="
[1] "colnames(PredictDataSet)=RaceHorse.IsHitA_Pred"
[1] "str(PredictDataSet) after rename="
'data.frame':	3894 obs. of  1 variable:
 $ PredictValue: num  0.0601 0.0601 0.066 0.0739 0.0675 ...
NULL
[1] "str(OutputDataSet) before cbind="
'data.frame':	3894 obs. of  2 variables:
 $ RaceHorse.RaceId  : Factor w/ 368 levels "20210919-06-04-04-11",..: 9 11 12 13 8 14 8 15 15 16 ...
 $ RaceHorse.KettoNum: Factor w/ 728 levels "2016105472","2009100970",..: 11 12 13 7 14 15 16 17 18 19 ...
NULL
[1] "str(OutputDataSet) after cbind="
'data.frame':	3894 obs. of  3 variables:
 $ RaceHorse.RaceId  : Factor w/ 368 levels "20210919-06-04-04-11",..: 9 11 12 13 8 14 8 15 15 16 ...
 $ RaceHorse.KettoNum: Factor w/ 728 levels "2016105472","2009100970",..: 11 12 13 7 14 15 16 17 18 19 ...
 $ PredictValue      : num  0.0601 0.0601 0.066 0.0739 0.0675 ...
NULL
[1] "2022-02-08 14:25:23 --- add PredictValue Finish ---"
[1] "2022-02-08 14:25:23 --- final Start ---"
[1] "nrow(OutputDataSet) final=3894"
[1] "head(OutputDataSet)="
      RaceHorse.RaceId RaceHorse.KettoNum PredictValue
1 20170129-05-01-02-11         2012106056   0.06009582
2 20160417-06-03-08-10         2010102994   0.06009582
3 20200308-07-01-04-10         2017103482   0.06598806
4 20161224-06-05-08-11         2007100624   0.07391771
5 20160109-06-01-02-11         2009102606   0.06754292
6 20160827-04-02-09-11         2009105977   0.06009582
[1] "str(OutputDataSet)="
'data.frame':	3894 obs. of  3 variables:
 $ RaceHorse.RaceId  : Factor w/ 368 levels "20210919-06-04-04-11",..: 9 11 12 13 8 14 8 15 15 16 ...
 $ RaceHorse.KettoNum: Factor w/ 728 levels "2016105472","2009100970",..: 11 12 13 7 14 15 16 17 18 19 ...
 $ PredictValue      : num  0.0601 0.0601 0.066 0.0739 0.0675 ...
NULL
[1] "2022-02-08 14:25:23 --- final Finish ---"
[1] "2022-02-08 14:25:23 --- predict.R Finished ---"
[1] "2022-02-08 14:25:23 --- log Finish ---"
