[1] "2022-02-08 14:22:42 --- D1113_Predict_glm_Gen01_IsHitA_Type23 Start ---"
[1] "2022-02-08 14:22:42 --- Log Start ---"
[1] "2022-02-08 14:22:42 --- predict.R Start ---"
[1] "analyzeVersion=D1113"
[1] "analyzeCategory=Predict"
[1] "analyzeType=Gen01"
[1] "analyzeFamily=IsHitA"
[1] "analyzeFunc=glm"
[1] "analyzeTrackTypeCd=2"
[1] "analyzeJyokenCd=3"
[1] "2022-02-08 14:22:42 --- source_function.R Start ---"
[1] "2022-02-08 14:22:42 --- source_function.R Finished ---"

> print(paste0(Sys.time(), " --- source_library.R Start ---"))
[1] "2022-02-08 14:22:42 --- source_library.R Start ---"

> require("RevoScaleR")

> print(paste0(Sys.time(), " --- source_library.R Finished ---"))
[1] "2022-02-08 14:22:42 --- source_library.R Finished ---"
[1] "2022-02-08 14:22:42 --- Load Start ---"
[1] "loadFilename=RData_Analyze_glm_Gen01_Type23.RData"
[1] "2022-02-08 14:22:42 --- Load Finished ---"
[1] "2022-02-08 14:22:42 --- RxSqlServerData Start ---"
[1] "sqlQuery=SELECT * FROM ViewAnalyzeD1113analyze01Gen01Type23 WHERE [Race.IsPredictedRace] = 1"
Rows Read: 18625, Total Rows Processed: 18625, Total Chunk Time: 2.691 seconds 
[1] "head(InputDataSet)="
           Race.RaceId Race.IsPredictedRace Race.IsAnalyzeNormalPastAndFuture
1 20201101-08-04-08-12                 TRUE                              TRUE
2 20191006-05-04-02-12                 TRUE                              TRUE
3 20181021-05-04-07-12                 TRUE                              TRUE
4 20181103-08-05-01-12                 TRUE                              TRUE
5 20200308-09-01-04-12                 TRUE                              TRUE
6 20210207-05-01-04-12                 TRUE                              TRUE
  Race.IsAnalyzeNormalPast Race.IsAnalyzeNormalFuture
1                     TRUE                      FALSE
2                     TRUE                      FALSE
3                     TRUE                      FALSE
4                     TRUE                      FALSE
5                     TRUE                      FALSE
6                    FALSE                       TRUE
  Race.IsAnalyzeFullPastAndFuture Race.IsAnalyzeFullPast
1                            TRUE                   TRUE
2                            TRUE                   TRUE
3                            TRUE                   TRUE
4                            TRUE                   TRUE
5                            TRUE                   TRUE
6                            TRUE                  FALSE
  Race.IsAnalyzeFullFuture Race.JyokenCd Race.JyoType1Cd   Race.RaceType0Cd
1                    FALSE             3     2-08-1200-1 2-08-1200-1-3-X-13
2                    FALSE             3     2-05-1600-2 2-05-1600-2-3-X-13
3                    FALSE             3     2-05-1600-1 2-05-1600-1-3-X-13
4                    FALSE             3     2-08-1200-1 2-08-1200-1-3-X-13
5                    FALSE             3     2-09-1800-3 2-09-1800-3-3-X-14
6                     TRUE             3     2-05-1300-1 2-05-1300-1-3-X-14
  Race.RaceType1Cd Race.RaceType2Cd Race.RaceType3Cd Race.RaceType4Cd
1            2-3-X            2-3-X           3-X-13           2-3-13
2            2-3-X            2-3-X           3-X-13           2-3-13
3            2-3-X            2-3-X           3-X-13           2-3-13
4            2-3-X            2-3-X           3-X-13           2-3-13
5            2-3-X            2-3-X           3-X-14           2-3-14
6            2-3-X            2-3-X           3-X-14           2-3-14
      RaceHorse.RaceId RaceHorse.KettoNum RaceHorse.IsHit1 RaceHorse.IsHit2
1 20201101-08-04-08-12         2016100098                0                0
2 20191006-05-04-02-12         2016102697                0                0
3 20181021-05-04-07-12         2015104741                0                0
4 20181103-08-05-01-12         2015105144                0                0
5 20200308-09-01-04-12         2014102735                0                0
6 20210207-05-01-04-12         2015103677                0                0
  RaceHorse.IsHit3 RaceHorse.IsHit4 RaceHorse.IsHit5 RaceHorse.IsHit6
1                0                0                0                1
2                0                0                1                0
3                0                1                0                0
4                0                0                0                1
5                0                0                0                1
6                1                0                0                0
  RaceHorse.IsValidRaceHorse RaceHorse.IsHitA RaceHorse.IsHitB RaceHorse.IsHitC
1                       TRUE                0                0                0
2                       TRUE                0                0                0
3                       TRUE                0                0                0
4                       TRUE                0                0                0
5                       TRUE                0                0                0
6                       TRUE                0                0                1
  Gen01.HansyokuNum Gen01.TimeDvByRaceAvg Gen01.TimeDvByRaceMax Gen01.RunCount
1          11201853              51.90452              73.23627            580
2          11201954              50.85476              73.11031            551
3          11201954              50.66795              73.11031            462
4          11201954              50.68476              73.11031            463
5          11201954              50.68257              73.11031            608
6          11201981              50.67835              67.81783            340
  Gen01.HitCount1 Gen01.HitCount2 Gen01.HitCount3 Gen01.HitCount4
1              49              45              42              46
2              40              36              30              46
3              34              32              21              35
4              34              32              21              36
5              46              38              35              53
6              18              24              22              30
  Gen01.HitCount5 Gen01.HitRate1 Gen01.HitRate2 Gen01.HitRate3 Gen01.HitRate4
1              56     0.08448276     0.07758621     0.07241379     0.07931034
2              35     0.07259528     0.06533575     0.05444646     0.08348457
3              28     0.07359307     0.06926407     0.04545455     0.07575758
4              28     0.07343413     0.06911447     0.04535637     0.07775378
5              41     0.07565789     0.06250000     0.05756579     0.08717105
6              20     0.05294118     0.07058824     0.06470588     0.08823529
  Gen01.HitRate5 EOF
1     0.09655172   1
2     0.06352087   1
3     0.06060606   1
4     0.06047516   1
5     0.06743421   1
6     0.05882353   1
[1] "object.size(InputDataSet) auto=4 Mb"
[1] "nrow(InputDataSet) RxSqlServerData=18625"
[1] "str(InputDataSet)="
'data.frame':	18625 obs. of  42 variables:
 $ Race.RaceId                      : Factor w/ 1279 levels "20200209-08-02-04-08",..: 11 12 13 14 15 16 17 18 19 20 ...
 $ Race.IsPredictedRace             : logi  TRUE TRUE TRUE TRUE TRUE TRUE ...
 $ Race.IsAnalyzeNormalPastAndFuture: logi  TRUE TRUE TRUE TRUE TRUE TRUE ...
 $ Race.IsAnalyzeNormalPast         : logi  TRUE TRUE TRUE TRUE TRUE FALSE ...
 $ Race.IsAnalyzeNormalFuture       : logi  FALSE FALSE FALSE FALSE FALSE TRUE ...
 $ Race.IsAnalyzeFullPastAndFuture  : logi  TRUE TRUE TRUE TRUE TRUE TRUE ...
 $ Race.IsAnalyzeFullPast           : logi  TRUE TRUE TRUE TRUE TRUE FALSE ...
 $ Race.IsAnalyzeFullFuture         : logi  FALSE FALSE FALSE FALSE FALSE TRUE ...
 $ Race.JyokenCd                    : Factor w/ 1 level "3": 1 1 1 1 1 1 1 1 1 1 ...
 $ Race.JyoType1Cd                  : Factor w/ 112 levels "2-08-1900-1",..: 10 11 3 10 12 13 14 15 16 17 ...
 $ Race.RaceType0Cd                 : Factor w/ 280 levels "2-08-1900-1-3-X-14",..: 11 12 3 11 13 14 15 16 17 18 ...
 $ Race.RaceType1Cd                 : Factor w/ 2 levels "2-3-X","2-3-E": 1 1 1 1 1 1 1 1 1 2 ...
 $ Race.RaceType2Cd                 : Factor w/ 2 levels "2-3-X","2-3-E": 1 1 1 1 1 1 1 1 1 2 ...
 $ Race.RaceType3Cd                 : Factor w/ 4 levels "3-X-14","3-X-13",..: 2 2 2 2 1 1 2 2 1 4 ...
 $ Race.RaceType4Cd                 : Factor w/ 2 levels "2-3-14","2-3-13": 2 2 2 2 1 1 2 2 1 2 ...
 $ RaceHorse.RaceId                 : Factor w/ 1279 levels "20200209-08-02-04-08",..: 11 12 13 14 15 16 17 18 19 20 ...
 $ RaceHorse.KettoNum               : Factor w/ 3822 levels "2014106091","2014105543",..: 11 12 13 14 15 16 17 18 19 8 ...
 $ RaceHorse.IsHit1                 : int  0 0 0 0 0 0 0 0 0 0 ...
 $ RaceHorse.IsHit2                 : int  0 0 0 0 0 0 0 0 0 0 ...
 $ RaceHorse.IsHit3                 : int  0 0 0 0 0 1 0 0 0 0 ...
 $ RaceHorse.IsHit4                 : int  0 0 1 0 0 0 0 0 1 0 ...
 $ RaceHorse.IsHit5                 : int  0 1 0 0 0 0 0 0 0 0 ...
 $ RaceHorse.IsHit6                 : int  1 0 0 1 1 0 1 1 0 1 ...
 $ RaceHorse.IsValidRaceHorse       : logi  TRUE TRUE TRUE TRUE TRUE TRUE ...
 $ RaceHorse.IsHitA                 : int  0 0 0 0 0 0 0 0 0 0 ...
 $ RaceHorse.IsHitB                 : int  0 0 0 0 0 0 0 0 0 0 ...
 $ RaceHorse.IsHitC                 : int  0 0 0 0 0 1 0 0 0 0 ...
 $ Gen01.HansyokuNum                : Factor w/ 338 levels "11201853","11202307",..: 1 8 8 8 8 9 10 2 11 5 ...
 $ Gen01.TimeDvByRaceAvg            : num  51.9 50.9 50.7 50.7 50.7 ...
 $ Gen01.TimeDvByRaceMax            : num  73.2 73.1 73.1 73.1 73.1 ...
 $ Gen01.RunCount                   : int  580 551 462 463 608 340 171 200 41 285 ...
 $ Gen01.HitCount1                  : int  49 40 34 34 46 18 6 20 4 21 ...
 $ Gen01.HitCount2                  : int  45 36 32 32 38 24 10 21 0 22 ...
 $ Gen01.HitCount3                  : int  42 30 21 21 35 22 5 20 5 23 ...
 $ Gen01.HitCount4                  : int  46 46 35 36 53 30 9 9 5 22 ...
 $ Gen01.HitCount5                  : int  56 35 28 28 41 20 13 11 2 19 ...
 $ Gen01.HitRate1                   : num  0.0845 0.0726 0.0736 0.0734 0.0757 ...
 $ Gen01.HitRate2                   : num  0.0776 0.0653 0.0693 0.0691 0.0625 ...
 $ Gen01.HitRate3                   : num  0.0724 0.0544 0.0455 0.0454 0.0576 ...
 $ Gen01.HitRate4                   : num  0.0793 0.0835 0.0758 0.0778 0.0872 ...
 $ Gen01.HitRate5                   : num  0.0966 0.0635 0.0606 0.0605 0.0674 ...
 $ EOF                              : int  1 1 1 1 1 1 1 1 1 1 ...
[1] "2022-02-08 14:22:47 --- RxSqlServerData Finish ---"
[1] "2022-02-08 14:22:47 --- subset Start ---"
[1] "nrow(InputDataSet) subset before=18625"
[1] "nrow(InputDataSet) subset after=18625"
[1] "nrow(InputDataSet) subset diff=0"
[1] "class(InputDataSet$Race.IsAnalyzeNormalPast)=logical"
[1] "class(InputDataSet$Race.analyzeTrackTypeCd)=NULL"
[1] "2022-02-08 14:22:47 --- subset Finish ---"
[1] "2022-02-08 14:22:47 --- transform Start ---"
[1] "nrow(InputDataSet) transaform before=18625"
[1] "nrow(InputDataSet) transaform after=18625"
[1] "nrow(InputDataSet) transaform diff=0"
[1] "str(InputDataSet)="
'data.frame':	18625 obs. of  42 variables:
 $ Race.RaceId                      : Factor w/ 1279 levels "20200209-08-02-04-08",..: 11 12 13 14 15 16 17 18 19 20 ...
 $ Race.IsPredictedRace             : logi  TRUE TRUE TRUE TRUE TRUE TRUE ...
 $ Race.IsAnalyzeNormalPastAndFuture: logi  TRUE TRUE TRUE TRUE TRUE TRUE ...
 $ Race.IsAnalyzeNormalPast         : logi  TRUE TRUE TRUE TRUE TRUE FALSE ...
 $ Race.IsAnalyzeNormalFuture       : logi  FALSE FALSE FALSE FALSE FALSE TRUE ...
 $ Race.IsAnalyzeFullPastAndFuture  : logi  TRUE TRUE TRUE TRUE TRUE TRUE ...
 $ Race.IsAnalyzeFullPast           : logi  TRUE TRUE TRUE TRUE TRUE FALSE ...
 $ Race.IsAnalyzeFullFuture         : logi  FALSE FALSE FALSE FALSE FALSE TRUE ...
 $ Race.JyokenCd                    : Factor w/ 1 level "3": 1 1 1 1 1 1 1 1 1 1 ...
 $ Race.JyoType1Cd                  : Factor w/ 112 levels "2-08-1900-1",..: 10 11 3 10 12 13 14 15 16 17 ...
 $ Race.RaceType0Cd                 : Factor w/ 280 levels "2-08-1900-1-3-X-14",..: 11 12 3 11 13 14 15 16 17 18 ...
 $ Race.RaceType1Cd                 : Factor w/ 2 levels "2-3-X","2-3-E": 1 1 1 1 1 1 1 1 1 2 ...
 $ Race.RaceType2Cd                 : Factor w/ 2 levels "2-3-X","2-3-E": 1 1 1 1 1 1 1 1 1 2 ...
 $ Race.RaceType3Cd                 : Factor w/ 4 levels "3-X-14","3-X-13",..: 2 2 2 2 1 1 2 2 1 4 ...
 $ Race.RaceType4Cd                 : Factor w/ 2 levels "2-3-14","2-3-13": 2 2 2 2 1 1 2 2 1 2 ...
 $ RaceHorse.RaceId                 : Factor w/ 1279 levels "20200209-08-02-04-08",..: 11 12 13 14 15 16 17 18 19 20 ...
 $ RaceHorse.KettoNum               : Factor w/ 3822 levels "2014106091","2014105543",..: 11 12 13 14 15 16 17 18 19 8 ...
 $ RaceHorse.IsHit1                 : int  0 0 0 0 0 0 0 0 0 0 ...
 $ RaceHorse.IsHit2                 : int  0 0 0 0 0 0 0 0 0 0 ...
 $ RaceHorse.IsHit3                 : int  0 0 0 0 0 1 0 0 0 0 ...
 $ RaceHorse.IsHit4                 : int  0 0 1 0 0 0 0 0 1 0 ...
 $ RaceHorse.IsHit5                 : int  0 1 0 0 0 0 0 0 0 0 ...
 $ RaceHorse.IsHit6                 : int  1 0 0 1 1 0 1 1 0 1 ...
 $ RaceHorse.IsValidRaceHorse       : logi  TRUE TRUE TRUE TRUE TRUE TRUE ...
 $ RaceHorse.IsHitA                 : int  0 0 0 0 0 0 0 0 0 0 ...
 $ RaceHorse.IsHitB                 : int  0 0 0 0 0 0 0 0 0 0 ...
 $ RaceHorse.IsHitC                 : int  0 0 0 0 0 1 0 0 0 0 ...
 $ Gen01.HansyokuNum                : Factor w/ 338 levels "11201853","11202307",..: 1 8 8 8 8 9 10 2 11 5 ...
 $ Gen01.TimeDvByRaceAvg            : num  51.9 50.9 50.7 50.7 50.7 ...
 $ Gen01.TimeDvByRaceMax            : num  73.2 73.1 73.1 73.1 73.1 ...
 $ Gen01.RunCount                   : int  580 551 462 463 608 340 171 200 41 285 ...
 $ Gen01.HitCount1                  : int  49 40 34 34 46 18 6 20 4 21 ...
 $ Gen01.HitCount2                  : int  45 36 32 32 38 24 10 21 0 22 ...
 $ Gen01.HitCount3                  : int  42 30 21 21 35 22 5 20 5 23 ...
 $ Gen01.HitCount4                  : int  46 46 35 36 53 30 9 9 5 22 ...
 $ Gen01.HitCount5                  : int  56 35 28 28 41 20 13 11 2 19 ...
 $ Gen01.HitRate1                   : num  0.0845 0.0726 0.0736 0.0734 0.0757 ...
 $ Gen01.HitRate2                   : num  0.0776 0.0653 0.0693 0.0691 0.0625 ...
 $ Gen01.HitRate3                   : num  0.0724 0.0544 0.0455 0.0454 0.0576 ...
 $ Gen01.HitRate4                   : num  0.0793 0.0835 0.0758 0.0778 0.0872 ...
 $ Gen01.HitRate5                   : num  0.0966 0.0635 0.0606 0.0605 0.0674 ...
 $ EOF                              : int  1 1 1 1 1 1 1 1 1 1 ...
NULL
[1] "2022-02-08 14:22:47 --- transform Finish ---"
[1] "2022-02-08 14:22:47 --- na.omit Start ---"
[1] "nrow(InputDataSet) na.omit before=18625"
[1] "nrow(InputDataSet) na.omit after=18625"
[1] "nrow(InputDataSet) na.omit diff=0"
[1] "2022-02-08 14:22:47 --- na.omit Finish---"
[1] "2022-02-08 14:22:47 --- New Levels Start ---"
[1] "levels(data$Race.RaceType1Cd)=2-3-X" "levels(data$Race.RaceType1Cd)=2-3-E"
[1] "levels(InputDataSet$Race.RaceType1Cd)=2-3-X"
[2] "levels(InputDataSet$Race.RaceType1Cd)=2-3-E"
[1] "length(Race.RaceType1Cd.Index)=0"
[1] "2022-02-08 14:22:47 --- New Levels Finish ---"
[1] "2022-02-08 14:22:47 --- na.omit Start ---"
[1] "nrow(InputDataSet) na.omit levels before=18625"
[1] "nrow(InputDataSet) na.omit levels after=18625"
[1] "nrow(InputDataSet) na.omit levels diff=0"
[1] "2022-02-08 14:22:47 --- na.omit Finish ---"
[1] "2022-02-08 14:22:47 --- Predict InputDataSet Start ---"
[1] "nrow(InputDataSet) predict=18625"
[1] "str(InputDataSet)="
'data.frame':	18625 obs. of  42 variables:
 $ Race.RaceId                      : Factor w/ 1279 levels "20200209-08-02-04-08",..: 11 12 13 14 15 16 17 18 19 20 ...
 $ Race.IsPredictedRace             : logi  TRUE TRUE TRUE TRUE TRUE TRUE ...
 $ Race.IsAnalyzeNormalPastAndFuture: logi  TRUE TRUE TRUE TRUE TRUE TRUE ...
 $ Race.IsAnalyzeNormalPast         : logi  TRUE TRUE TRUE TRUE TRUE FALSE ...
 $ Race.IsAnalyzeNormalFuture       : logi  FALSE FALSE FALSE FALSE FALSE TRUE ...
 $ Race.IsAnalyzeFullPastAndFuture  : logi  TRUE TRUE TRUE TRUE TRUE TRUE ...
 $ Race.IsAnalyzeFullPast           : logi  TRUE TRUE TRUE TRUE TRUE FALSE ...
 $ Race.IsAnalyzeFullFuture         : logi  FALSE FALSE FALSE FALSE FALSE TRUE ...
 $ Race.JyokenCd                    : Factor w/ 1 level "3": 1 1 1 1 1 1 1 1 1 1 ...
 $ Race.JyoType1Cd                  : Factor w/ 112 levels "2-08-1900-1",..: 10 11 3 10 12 13 14 15 16 17 ...
 $ Race.RaceType0Cd                 : Factor w/ 280 levels "2-08-1900-1-3-X-14",..: 11 12 3 11 13 14 15 16 17 18 ...
 $ Race.RaceType1Cd                 : Factor w/ 2 levels "2-3-X","2-3-E": 1 1 1 1 1 1 1 1 1 2 ...
 $ Race.RaceType2Cd                 : Factor w/ 2 levels "2-3-X","2-3-E": 1 1 1 1 1 1 1 1 1 2 ...
 $ Race.RaceType3Cd                 : Factor w/ 4 levels "3-X-14","3-X-13",..: 2 2 2 2 1 1 2 2 1 4 ...
 $ Race.RaceType4Cd                 : Factor w/ 2 levels "2-3-14","2-3-13": 2 2 2 2 1 1 2 2 1 2 ...
 $ RaceHorse.RaceId                 : Factor w/ 1279 levels "20200209-08-02-04-08",..: 11 12 13 14 15 16 17 18 19 20 ...
 $ RaceHorse.KettoNum               : Factor w/ 3822 levels "2014106091","2014105543",..: 11 12 13 14 15 16 17 18 19 8 ...
 $ RaceHorse.IsHit1                 : int  0 0 0 0 0 0 0 0 0 0 ...
 $ RaceHorse.IsHit2                 : int  0 0 0 0 0 0 0 0 0 0 ...
 $ RaceHorse.IsHit3                 : int  0 0 0 0 0 1 0 0 0 0 ...
 $ RaceHorse.IsHit4                 : int  0 0 1 0 0 0 0 0 1 0 ...
 $ RaceHorse.IsHit5                 : int  0 1 0 0 0 0 0 0 0 0 ...
 $ RaceHorse.IsHit6                 : int  1 0 0 1 1 0 1 1 0 1 ...
 $ RaceHorse.IsValidRaceHorse       : logi  TRUE TRUE TRUE TRUE TRUE TRUE ...
 $ RaceHorse.IsHitA                 : int  0 0 0 0 0 0 0 0 0 0 ...
 $ RaceHorse.IsHitB                 : int  0 0 0 0 0 0 0 0 0 0 ...
 $ RaceHorse.IsHitC                 : int  0 0 0 0 0 1 0 0 0 0 ...
 $ Gen01.HansyokuNum                : Factor w/ 338 levels "11201853","11202307",..: 1 8 8 8 8 9 10 2 11 5 ...
 $ Gen01.TimeDvByRaceAvg            : num  51.9 50.9 50.7 50.7 50.7 ...
 $ Gen01.TimeDvByRaceMax            : num  73.2 73.1 73.1 73.1 73.1 ...
 $ Gen01.RunCount                   : int  580 551 462 463 608 340 171 200 41 285 ...
 $ Gen01.HitCount1                  : int  49 40 34 34 46 18 6 20 4 21 ...
 $ Gen01.HitCount2                  : int  45 36 32 32 38 24 10 21 0 22 ...
 $ Gen01.HitCount3                  : int  42 30 21 21 35 22 5 20 5 23 ...
 $ Gen01.HitCount4                  : int  46 46 35 36 53 30 9 9 5 22 ...
 $ Gen01.HitCount5                  : int  56 35 28 28 41 20 13 11 2 19 ...
 $ Gen01.HitRate1                   : num  0.0845 0.0726 0.0736 0.0734 0.0757 ...
 $ Gen01.HitRate2                   : num  0.0776 0.0653 0.0693 0.0691 0.0625 ...
 $ Gen01.HitRate3                   : num  0.0724 0.0544 0.0455 0.0454 0.0576 ...
 $ Gen01.HitRate4                   : num  0.0793 0.0835 0.0758 0.0778 0.0872 ...
 $ Gen01.HitRate5                   : num  0.0966 0.0635 0.0606 0.0605 0.0674 ...
 $ EOF                              : int  1 1 1 1 1 1 1 1 1 1 ...
[1] "2022-02-08 14:22:47 --- Predict InputDataSet Finish ---"
[1] "2022-02-08 14:22:47 --- rxPredict (glm) Start ---"
[1] "analyzeFunc=glm"
Rows Read: 18625, Total Rows Processed: 18625, Total Chunk Time: 0.001 seconds 
[1] "nrow(PredictDataSet) afte predict=18625"
[1] "str(PredictDataSet)"
'data.frame':	18625 obs. of  1 variable:
 $ RaceHorse.IsHitA_Pred: num  0.0677 0.0666 0.0667 0.0667 0.0669 ...
NULL
[1] "head(PredictDataSet) afte predict="
  RaceHorse.IsHitA_Pred
1            0.06771318
2            0.06664356
3            0.06673273
4            0.06671852
5            0.06691762
6            0.06490947
[1] "2022-02-08 14:22:47 --- rxPredict (glm) Finish ---"
[1] "2022-02-08 14:22:47 --- add key Start ---"
[1] "nrow(OutputDataSet) add KeyColmn=18625"
[1] "str(OutputDataSet) after add Key"
'data.frame':	18625 obs. of  2 variables:
 $ RaceHorse.RaceId  : Factor w/ 1279 levels "20200209-08-02-04-08",..: 11 12 13 14 15 16 17 18 19 20 ...
 $ RaceHorse.KettoNum: Factor w/ 3822 levels "2014106091","2014105543",..: 11 12 13 14 15 16 17 18 19 8 ...
NULL
[1] "2022-02-08 14:22:47 --- add key Finish ---"
[1] "2022-02-08 14:22:47 --- add PredictValue Start ---"
[1] "str(PredictDataSet) before rename="
[1] "colnames(PredictDataSet)=RaceHorse.IsHitA_Pred"
[1] "str(PredictDataSet) after rename="
'data.frame':	18625 obs. of  1 variable:
 $ PredictValue: num  0.0677 0.0666 0.0667 0.0667 0.0669 ...
NULL
[1] "str(OutputDataSet) before cbind="
'data.frame':	18625 obs. of  2 variables:
 $ RaceHorse.RaceId  : Factor w/ 1279 levels "20200209-08-02-04-08",..: 11 12 13 14 15 16 17 18 19 20 ...
 $ RaceHorse.KettoNum: Factor w/ 3822 levels "2014106091","2014105543",..: 11 12 13 14 15 16 17 18 19 8 ...
NULL
[1] "str(OutputDataSet) after cbind="
'data.frame':	18625 obs. of  3 variables:
 $ RaceHorse.RaceId  : Factor w/ 1279 levels "20200209-08-02-04-08",..: 11 12 13 14 15 16 17 18 19 20 ...
 $ RaceHorse.KettoNum: Factor w/ 3822 levels "2014106091","2014105543",..: 11 12 13 14 15 16 17 18 19 8 ...
 $ PredictValue      : num  0.0677 0.0666 0.0667 0.0667 0.0669 ...
NULL
[1] "2022-02-08 14:22:47 --- add PredictValue Finish ---"
[1] "2022-02-08 14:22:47 --- final Start ---"
[1] "nrow(OutputDataSet) final=18625"
[1] "head(OutputDataSet)="
      RaceHorse.RaceId RaceHorse.KettoNum PredictValue
1 20201101-08-04-08-12         2016100098   0.06771318
2 20191006-05-04-02-12         2016102697   0.06664356
3 20181021-05-04-07-12         2015104741   0.06673273
4 20181103-08-05-01-12         2015105144   0.06671852
5 20200308-09-01-04-12         2014102735   0.06691762
6 20210207-05-01-04-12         2015103677   0.06490947
[1] "str(OutputDataSet)="
'data.frame':	18625 obs. of  3 variables:
 $ RaceHorse.RaceId  : Factor w/ 1279 levels "20200209-08-02-04-08",..: 11 12 13 14 15 16 17 18 19 20 ...
 $ RaceHorse.KettoNum: Factor w/ 3822 levels "2014106091","2014105543",..: 11 12 13 14 15 16 17 18 19 8 ...
 $ PredictValue      : num  0.0677 0.0666 0.0667 0.0667 0.0669 ...
NULL
[1] "2022-02-08 14:22:47 --- final Finish ---"
[1] "2022-02-08 14:22:47 --- predict.R Finished ---"
[1] "2022-02-08 14:22:47 --- log Finish ---"
