[1] "2022-02-08 22:07:44 --- D1113_analyze_glm_Odds_IsHitA_Type15 Start ---"
[1] "2022-02-08 22:07:44 --- Log Start ---"
[1] "2022-02-08 22:07:44 --- analyze_glm.R Start ---"
[1] "analyzeVersion=D1113"
[1] "analyzeCategory=analyze"
[1] "analyzeType=Odds"
[1] "analyzeFamily=IsHitA"
[1] "analyzeFunc=glm"
[1] "analyzeTrackTypeCd=1"
[1] "analyzeJyokenCd=5"
[1] "2022-02-08 22:07:44 --- source_function.R Start ---"
[1] "2022-02-08 22:07:44 --- source_function.R Finished ---"

> print(paste0(Sys.time(), " --- source_library.R Start ---"))
[1] "2022-02-08 22:07:44 --- source_library.R Start ---"

> require("RevoScaleR")

> print(paste0(Sys.time(), " --- source_library.R Finished ---"))
[1] "2022-02-08 22:07:45 --- source_library.R Finished ---"
[1] "2022-02-08 22:07:45 --- RxSqlServerData Start ---"
[1] "sqlQuery=SELECT * FROM ViewAnalyzeD1113analyze01OddsType15"
Rows Read: 44895, Total Rows Processed: 44895, Total Chunk Time: 1.365 seconds 
[1] "head(data)="
           Race.RaceId Race.IsPredictedRace Race.IsAnalyzeNormalPastAndFuture
1 20170219-10-01-04-03                 TRUE                              TRUE
2 20170225-09-01-01-04                 TRUE                              TRUE
3 20170305-09-01-04-05                 TRUE                              TRUE
4 20170311-09-01-05-05                 TRUE                              TRUE
5 20170319-09-01-08-04                 TRUE                              TRUE
6 20170325-09-02-01-04                 TRUE                              TRUE
  Race.IsAnalyzeNormalPast Race.IsAnalyzeNormalFuture
1                     TRUE                      FALSE
2                     TRUE                      FALSE
3                     TRUE                      FALSE
4                     TRUE                      FALSE
5                     TRUE                      FALSE
6                     TRUE                      FALSE
  Race.IsAnalyzeFullPastAndFuture Race.IsAnalyzeFullPast
1                            TRUE                   TRUE
2                            TRUE                   TRUE
3                            TRUE                   TRUE
4                            TRUE                   TRUE
5                            TRUE                   TRUE
6                            TRUE                   TRUE
  Race.IsAnalyzeFullFuture Race.JyokenCd Race.JyoType1Cd   Race.RaceType0Cd
1                    FALSE             5     1-10-1200-1 1-10-1200-1-5-X-12
2                    FALSE             5     1-09-1800-1 1-09-1800-1-5-X-12
3                    FALSE             5     1-09-1800-1 1-09-1800-1-5-X-12
4                    FALSE             5     1-09-1800-1 1-09-1800-1-5-X-12
5                    FALSE             5     1-09-1600-1 1-09-1600-1-5-X-12
6                    FALSE             5     1-09-1400-1 1-09-1400-1-5-X-12
  Race.RaceType1Cd Race.RaceType2Cd Race.RaceType3Cd Race.RaceType4Cd
1            1-5-X            1-5-X           5-X-12           1-5-12
2            1-5-X            1-5-X           5-X-12           1-5-12
3            1-5-X            1-5-X           5-X-12           1-5-12
4            1-5-X            1-5-X           5-X-12           1-5-12
5            1-5-X            1-5-X           5-X-12           1-5-12
6            1-5-X            1-5-X           5-X-12           1-5-12
      RaceHorse.RaceId RaceHorse.KettoNum RaceHorse.IsHit1 RaceHorse.IsHit2
1 20170219-10-01-04-03         2014102556                0                0
2 20170225-09-01-01-04         2014102155                1                0
3 20170305-09-01-04-05         2014104091                0                0
4 20170311-09-01-05-05         2014106280                0                1
5 20170319-09-01-08-04         2014106099                0                1
6 20170325-09-02-01-04         2014103524                0                0
  RaceHorse.IsHit3 RaceHorse.IsHit4 RaceHorse.IsHit5 RaceHorse.IsHit6
1                0                1                0                0
2                0                0                0                0
3                1                0                0                0
4                0                0                0                0
5                0                0                0                0
6                0                0                1                0
  RaceHorse.IsValidRaceHorse RaceHorse.IsHitA RaceHorse.IsHitB RaceHorse.IsHitC
1                       TRUE                0                0                0
2                       TRUE                1                1                1
3                       TRUE                0                0                1
4                       TRUE                0                1                1
5                       TRUE                0                1                1
6                       TRUE                0                0                0
  OddsByWin.Odds1 OddsByWin.Ninki OddsByWin.OddsLog1 OddsByWin.OddsRatio1
1              51              12                  4                 0.02
2              13               5                  3                 0.09
3               9               5                  2                 0.12
4               6               3                  2                 0.19
5              25               6                  3                 0.04
6              37              10                  4                 0.03
  OddsByWin.OddsLogit1 OddsByWin.ApprovalRate1 OddsByWin.ApprovalRateLog1 EOF
1                   -4                    0.02                       0.02   1
2                   -3                    0.08                       0.08   1
3                   -2                    0.11                       0.10   1
4                   -2                    0.16                       0.15   1
5                   -3                    0.04                       0.04   1
6                   -4                    0.03                       0.03   1
[1] "object.size(data) auto=8.9 Mb"
[1] "nrow(data) RxSqlServerData=44895"
[1] "str(data)="
'data.frame':	44895 obs. of  35 variables:
 $ Race.RaceId                      : Factor w/ 2992 levels "20170219-10-01-04-03",..: 1 2 3 4 5 6 7 8 8 9 ...
 $ Race.IsPredictedRace             : logi  TRUE TRUE TRUE TRUE TRUE TRUE ...
 $ Race.IsAnalyzeNormalPastAndFuture: logi  TRUE TRUE TRUE TRUE TRUE TRUE ...
 $ Race.IsAnalyzeNormalPast         : logi  TRUE TRUE TRUE TRUE TRUE TRUE ...
 $ Race.IsAnalyzeNormalFuture       : logi  FALSE FALSE FALSE FALSE FALSE FALSE ...
 $ Race.IsAnalyzeFullPastAndFuture  : logi  TRUE TRUE TRUE TRUE TRUE TRUE ...
 $ Race.IsAnalyzeFullPast           : logi  TRUE TRUE TRUE TRUE TRUE TRUE ...
 $ Race.IsAnalyzeFullFuture         : logi  FALSE FALSE FALSE FALSE FALSE FALSE ...
 $ Race.JyokenCd                    : Factor w/ 1 level "5": 1 1 1 1 1 1 1 1 1 1 ...
 $ Race.JyoType1Cd                  : Factor w/ 182 levels "1-10-1200-1",..: 1 2 2 2 3 4 5 6 6 3 ...
 $ Race.RaceType0Cd                 : Factor w/ 290 levels "1-10-1200-1-5-X-12",..: 1 2 2 2 3 4 5 6 6 3 ...
 $ Race.RaceType1Cd                 : Factor w/ 1 level "1-5-X": 1 1 1 1 1 1 1 1 1 1 ...
 $ Race.RaceType2Cd                 : Factor w/ 1 level "1-5-X": 1 1 1 1 1 1 1 1 1 1 ...
 $ Race.RaceType3Cd                 : Factor w/ 2 levels "5-X-12","5-X-11": 1 1 1 1 1 1 1 1 1 1 ...
 $ Race.RaceType4Cd                 : Factor w/ 2 levels "1-5-12","1-5-11": 1 1 1 1 1 1 1 1 1 1 ...
 $ RaceHorse.RaceId                 : Factor w/ 2992 levels "20170219-10-01-04-03",..: 1 2 3 4 5 6 7 8 8 9 ...
 $ RaceHorse.KettoNum               : Factor w/ 16786 levels "2014102556","2014102155",..: 1 2 3 4 5 6 7 8 9 10 ...
 $ RaceHorse.IsHit1                 : int  0 1 0 0 0 0 0 0 0 0 ...
 $ RaceHorse.IsHit2                 : int  0 0 0 1 1 0 0 0 0 0 ...
 $ RaceHorse.IsHit3                 : int  0 0 1 0 0 0 0 0 0 0 ...
 $ RaceHorse.IsHit4                 : int  1 0 0 0 0 0 0 1 0 0 ...
 $ RaceHorse.IsHit5                 : int  0 0 0 0 0 1 1 0 1 1 ...
 $ RaceHorse.IsHit6                 : int  0 0 0 0 0 0 0 0 0 0 ...
 $ RaceHorse.IsValidRaceHorse       : logi  TRUE TRUE TRUE TRUE TRUE TRUE ...
 $ RaceHorse.IsHitA                 : int  0 1 0 0 0 0 0 0 0 0 ...
 $ RaceHorse.IsHitB                 : int  0 1 0 1 1 0 0 0 0 0 ...
 $ RaceHorse.IsHitC                 : int  0 1 1 1 1 0 0 0 0 0 ...
 $ OddsByWin.Odds1                  : num  50.9 12.7 9.2 6.4 25.1 ...
 $ OddsByWin.Ninki                  : num  12 5 5 3 6 10 15 7 2 5 ...
 $ OddsByWin.OddsLog1               : num  3.95 2.62 2.32 2 3.26 ...
 $ OddsByWin.OddsRatio1             : num  0.02 0.0855 0.122 0.1852 0.0415 ...
 $ OddsByWin.OddsLogit1             : num  -3.93 -2.54 -2.22 -1.86 -3.22 ...
 $ OddsByWin.ApprovalRate1          : num  0.0196 0.0787 0.1087 0.1562 0.0398 ...
 $ OddsByWin.ApprovalRateLog1       : num  0.0195 0.0758 0.1032 0.1452 0.0391 ...
 $ EOF                              : int  1 1 1 1 1 1 1 1 1 1 ...
[1] "2022-02-08 22:07:49 --- RxSqlServerData Finish ---"
[1] "2022-02-08 22:07:49 --- subset Start ---"
[1] "nrow(data) subset before=44895"
[1] "nrow(data) subset after =36098"
[1] "nrow(data) subset diff =8797"
[1] "2022-02-08 22:07:49 --- subset Finish---"
[1] "2022-02-08 22:07:49 --- transform Start ---"
[1] "nrow(data) transform before=36098"
[1] "nrow(data) transform after=36098"
[1] "nrow(data) transform diff=0"
[1] "str(data)="
'data.frame':	36098 obs. of  35 variables:
 $ Race.RaceId                      : Factor w/ 2992 levels "20170219-10-01-04-03",..: 1 2 3 4 5 6 7 8 8 9 ...
 $ Race.IsPredictedRace             : logi  TRUE TRUE TRUE TRUE TRUE TRUE ...
 $ Race.IsAnalyzeNormalPastAndFuture: logi  TRUE TRUE TRUE TRUE TRUE TRUE ...
 $ Race.IsAnalyzeNormalPast         : logi  TRUE TRUE TRUE TRUE TRUE TRUE ...
 $ Race.IsAnalyzeNormalFuture       : logi  FALSE FALSE FALSE FALSE FALSE FALSE ...
 $ Race.IsAnalyzeFullPastAndFuture  : logi  TRUE TRUE TRUE TRUE TRUE TRUE ...
 $ Race.IsAnalyzeFullPast           : logi  TRUE TRUE TRUE TRUE TRUE TRUE ...
 $ Race.IsAnalyzeFullFuture         : logi  FALSE FALSE FALSE FALSE FALSE FALSE ...
 $ Race.JyokenCd                    : Factor w/ 1 level "5": 1 1 1 1 1 1 1 1 1 1 ...
 $ Race.JyoType1Cd                  : Factor w/ 182 levels "1-10-1200-1",..: 1 2 2 2 3 4 5 6 6 3 ...
 $ Race.RaceType0Cd                 : Factor w/ 290 levels "1-10-1200-1-5-X-12",..: 1 2 2 2 3 4 5 6 6 3 ...
 $ Race.RaceType1Cd                 : Factor w/ 1 level "1-5-X": 1 1 1 1 1 1 1 1 1 1 ...
 $ Race.RaceType2Cd                 : Factor w/ 1 level "1-5-X": 1 1 1 1 1 1 1 1 1 1 ...
 $ Race.RaceType3Cd                 : Factor w/ 2 levels "5-X-12","5-X-11": 1 1 1 1 1 1 1 1 1 1 ...
 $ Race.RaceType4Cd                 : Factor w/ 2 levels "1-5-12","1-5-11": 1 1 1 1 1 1 1 1 1 1 ...
 $ RaceHorse.RaceId                 : Factor w/ 2992 levels "20170219-10-01-04-03",..: 1 2 3 4 5 6 7 8 8 9 ...
 $ RaceHorse.KettoNum               : Factor w/ 16786 levels "2014102556","2014102155",..: 1 2 3 4 5 6 7 8 9 10 ...
 $ RaceHorse.IsHit1                 : int  0 1 0 0 0 0 0 0 0 0 ...
 $ RaceHorse.IsHit2                 : int  0 0 0 1 1 0 0 0 0 0 ...
 $ RaceHorse.IsHit3                 : int  0 0 1 0 0 0 0 0 0 0 ...
 $ RaceHorse.IsHit4                 : int  1 0 0 0 0 0 0 1 0 0 ...
 $ RaceHorse.IsHit5                 : int  0 0 0 0 0 1 1 0 1 1 ...
 $ RaceHorse.IsHit6                 : int  0 0 0 0 0 0 0 0 0 0 ...
 $ RaceHorse.IsValidRaceHorse       : logi  TRUE TRUE TRUE TRUE TRUE TRUE ...
 $ RaceHorse.IsHitA                 : int  0 1 0 0 0 0 0 0 0 0 ...
 $ RaceHorse.IsHitB                 : int  0 1 0 1 1 0 0 0 0 0 ...
 $ RaceHorse.IsHitC                 : int  0 1 1 1 1 0 0 0 0 0 ...
 $ OddsByWin.Odds1                  : num  50.9 12.7 9.2 6.4 25.1 ...
 $ OddsByWin.Ninki                  : num  12 5 5 3 6 10 15 7 2 5 ...
 $ OddsByWin.OddsLog1               : num  3.95 2.62 2.32 2 3.26 ...
 $ OddsByWin.OddsRatio1             : num  0.02 0.0855 0.122 0.1852 0.0415 ...
 $ OddsByWin.OddsLogit1             : num  -3.93 -2.54 -2.22 -1.86 -3.22 ...
 $ OddsByWin.ApprovalRate1          : num  0.0196 0.0787 0.1087 0.1562 0.0398 ...
 $ OddsByWin.ApprovalRateLog1       : num  0.0195 0.0758 0.1032 0.1452 0.0391 ...
 $ EOF                              : int  1 1 1 1 1 1 1 1 1 1 ...
NULL
[1] "2022-02-08 22:07:50 --- transform Finish ---"
[1] "2022-02-08 22:07:50 --- na.omit Start ---"
[1] "nrow(data) na.omit before=36098"
[1] "nrow(data) na.omit after =36098"
[1] "nrow(data) na.omit diff =0"
'data.frame':	36098 obs. of  35 variables:
 $ Race.RaceId                      : Factor w/ 2992 levels "20170219-10-01-04-03",..: 1 2 3 4 5 6 7 8 8 9 ...
 $ Race.IsPredictedRace             : logi  TRUE TRUE TRUE TRUE TRUE TRUE ...
 $ Race.IsAnalyzeNormalPastAndFuture: logi  TRUE TRUE TRUE TRUE TRUE TRUE ...
 $ Race.IsAnalyzeNormalPast         : logi  TRUE TRUE TRUE TRUE TRUE TRUE ...
 $ Race.IsAnalyzeNormalFuture       : logi  FALSE FALSE FALSE FALSE FALSE FALSE ...
 $ Race.IsAnalyzeFullPastAndFuture  : logi  TRUE TRUE TRUE TRUE TRUE TRUE ...
 $ Race.IsAnalyzeFullPast           : logi  TRUE TRUE TRUE TRUE TRUE TRUE ...
 $ Race.IsAnalyzeFullFuture         : logi  FALSE FALSE FALSE FALSE FALSE FALSE ...
 $ Race.JyokenCd                    : Factor w/ 1 level "5": 1 1 1 1 1 1 1 1 1 1 ...
 $ Race.JyoType1Cd                  : Factor w/ 182 levels "1-10-1200-1",..: 1 2 2 2 3 4 5 6 6 3 ...
 $ Race.RaceType0Cd                 : Factor w/ 290 levels "1-10-1200-1-5-X-12",..: 1 2 2 2 3 4 5 6 6 3 ...
 $ Race.RaceType1Cd                 : Factor w/ 1 level "1-5-X": 1 1 1 1 1 1 1 1 1 1 ...
 $ Race.RaceType2Cd                 : Factor w/ 1 level "1-5-X": 1 1 1 1 1 1 1 1 1 1 ...
 $ Race.RaceType3Cd                 : Factor w/ 2 levels "5-X-12","5-X-11": 1 1 1 1 1 1 1 1 1 1 ...
 $ Race.RaceType4Cd                 : Factor w/ 2 levels "1-5-12","1-5-11": 1 1 1 1 1 1 1 1 1 1 ...
 $ RaceHorse.RaceId                 : Factor w/ 2992 levels "20170219-10-01-04-03",..: 1 2 3 4 5 6 7 8 8 9 ...
 $ RaceHorse.KettoNum               : Factor w/ 16786 levels "2014102556","2014102155",..: 1 2 3 4 5 6 7 8 9 10 ...
 $ RaceHorse.IsHit1                 : int  0 1 0 0 0 0 0 0 0 0 ...
 $ RaceHorse.IsHit2                 : int  0 0 0 1 1 0 0 0 0 0 ...
 $ RaceHorse.IsHit3                 : int  0 0 1 0 0 0 0 0 0 0 ...
 $ RaceHorse.IsHit4                 : int  1 0 0 0 0 0 0 1 0 0 ...
 $ RaceHorse.IsHit5                 : int  0 0 0 0 0 1 1 0 1 1 ...
 $ RaceHorse.IsHit6                 : int  0 0 0 0 0 0 0 0 0 0 ...
 $ RaceHorse.IsValidRaceHorse       : logi  TRUE TRUE TRUE TRUE TRUE TRUE ...
 $ RaceHorse.IsHitA                 : int  0 1 0 0 0 0 0 0 0 0 ...
 $ RaceHorse.IsHitB                 : int  0 1 0 1 1 0 0 0 0 0 ...
 $ RaceHorse.IsHitC                 : int  0 1 1 1 1 0 0 0 0 0 ...
 $ OddsByWin.Odds1                  : num  50.9 12.7 9.2 6.4 25.1 ...
 $ OddsByWin.Ninki                  : num  12 5 5 3 6 10 15 7 2 5 ...
 $ OddsByWin.OddsLog1               : num  3.95 2.62 2.32 2 3.26 ...
 $ OddsByWin.OddsRatio1             : num  0.02 0.0855 0.122 0.1852 0.0415 ...
 $ OddsByWin.OddsLogit1             : num  -3.93 -2.54 -2.22 -1.86 -3.22 ...
 $ OddsByWin.ApprovalRate1          : num  0.0196 0.0787 0.1087 0.1562 0.0398 ...
 $ OddsByWin.ApprovalRateLog1       : num  0.0195 0.0758 0.1032 0.1452 0.0391 ...
 $ EOF                              : int  1 1 1 1 1 1 1 1 1 1 ...
[1] "2022-02-08 22:07:50 --- na.omit Finish ---"
[1] "2022-02-08 22:07:50 --- rxGlm with rxStepControl Start ---"
[1] "2022-02-08 22:07:50 --- source_logic_glm.R Start ---"
[1] "2022-02-08 22:07:50 --- source_logic_glm.R Finished ---"
Rows Read: 36098, Total Rows Processed: 36098, Total Chunk Time: 0.001 seconds 

Starting values (iteration 1) time: 0.018 secs.
Rows Read: 36098, Total Rows Processed: 36098, Total Chunk Time: 0.003 seconds 

Iteration 2 time: 0.010 secs.
Rows Read: 36098, Total Rows Processed: 36098, Total Chunk Time: 0.003 seconds 

Iteration 3 time: 0.006 secs.
Rows Read: 36098, Total Rows Processed: 36098, Total Chunk Time: 0.003 seconds 

Iteration 4 time: 0.005 secs.
Rows Read: 36098, Total Rows Processed: 36098, Total Chunk Time: 0.003 seconds 

Iteration 5 time: 0.005 secs.
Rows Read: 36098, Total Rows Processed: 36098, Total Chunk Time: 0.002 seconds 

Iteration 6 time: 0.007 secs.
Rows Read: 36098, Total Rows Processed: 36098, Total Chunk Time: 0.003 seconds 

Iteration 7 time: 0.008 secs.

Elapsed computation time: 0.107 secs.
Rows Read: 36098, Total Rows Processed: 36098, Total Chunk Time: 0.001 seconds 

Starting values (iteration 1) time: 0.015 secs.
Rows Read: 36098, Total Rows Processed: 36098, Total Chunk Time: 0.002 seconds 

Iteration 2 time: 0.009 secs.

Elapsed computation time: 0.036 secs.
Rows Read: 36098, Total Rows Processed: 36098, Total Chunk Time: 0.002 seconds 

Starting values (iteration 1) time: 0.013 secs.
Rows Read: 36098, Total Rows Processed: 36098, Total Chunk Time: 0.003 seconds 

Iteration 2 time: 0.010 secs.
Rows Read: 36098, Total Rows Processed: 36098, Total Chunk Time: 0.003 seconds 

Iteration 3 time: 0.005 secs.
Rows Read: 36098, Total Rows Processed: 36098, Total Chunk Time: 0.004 seconds 

Iteration 4 time: 0.007 secs.
Rows Read: 36098, Total Rows Processed: 36098, Total Chunk Time: 0.003 seconds 

Iteration 5 time: 0.006 secs.
Rows Read: 36098, Total Rows Processed: 36098, Total Chunk Time: 0.003 seconds 

Iteration 6 time: 0.005 secs.
Rows Read: 36098, Total Rows Processed: 36098, Total Chunk Time: 0.003 seconds 

Iteration 7 time: 0.006 secs.

Elapsed computation time: 0.086 secs.

Elapsed computation time: 0.252 secs.
[1] "analyze.results.glm.step="
Logistic Regression Results for: RaceHorse.IsHitA ~
    OddsByWin.OddsLogit1
Data: data
Dependent variable(s): RaceHorse.IsHitA
Total independent variables: 2 
Number of valid observations: 36098
Number of missing observations: 0 
 
Coefficients:
                     RaceHorse.IsHitA
(Intercept)                       0.4
OddsByWin.OddsLogit1              1.2
[1] "analyze.results.glm.step.summary"
Call:
rxLogit(formula = form, data = data, variableSelection = analyze.results.glm.step.varsel)

Logistic Regression Results for: RaceHorse.IsHitA ~
    OddsByWin.OddsLogit1
Data: data
Dependent variable(s): RaceHorse.IsHitA
Total independent variables: 2 
Number of valid observations: 36098
Number of missing observations: 0 
-2*LogLikelihood: 13709.456 (Residual deviance on 36096 degrees of freedom)
 
Coefficients:
                     Estimate Std. Error z value Pr(>|z|)    
(Intercept)            0.3709     0.0484    7.67  2.2e-16 ***
OddsByWin.OddsLogit1   1.1947     0.0235   50.90  2.2e-16 ***
---
Signif. codes:  0 '***' 0.001 '**' 0.01 '*' 0.05 '.' 0.1 ' ' 1

Condition number of final variance-covariance matrix: 1 
Number of iterations: 7
[1] "2022-02-08 22:07:50 --- rxGlm with rxStepControl Finish ---"
[1] "2022-02-08 22:07:50 --- rxStepPlot Start ---"
[1] "pdfFilename=pdf_analyze_glm_Odds_Type15_rxStepPlot.pdf"
[1] "rxStepPlot="
[1] "2022-02-08 22:07:50 --- rxStepPlot Finish ---"
[1] "2022-02-08 22:07:50 --- save.image Start ---"
[1] "save.image"
[1] "rdataFilename=RData_analyze_glm_Odds_Type15.RData"
[1] "2022-02-08 22:07:51 --- save.image Finish ---"
[1] "2022-02-08 22:07:51 --- final Start ---"
[1] "nrow(data) final=36098"
[1] "2022-02-08 22:07:51 --- final Finish ---"
[1] "2022-02-08 22:07:51 --- analyze_glm.R Finished ---"
[1] "2022-02-08 22:07:51 --- log Finish ---"
