[1] "2022-02-08 14:21:12 --- D1113_Predict_glm_Horse_IsHitA_Type12 Start ---"
[1] "2022-02-08 14:21:12 --- Log Start ---"
[1] "2022-02-08 14:21:12 --- predict.R Start ---"
[1] "analyzeVersion=D1113"
[1] "analyzeCategory=Predict"
[1] "analyzeType=Horse"
[1] "analyzeFamily=IsHitA"
[1] "analyzeFunc=glm"
[1] "analyzeTrackTypeCd=1"
[1] "analyzeJyokenCd=2"
[1] "2022-02-08 14:21:12 --- source_function.R Start ---"
[1] "2022-02-08 14:21:12 --- source_function.R Finished ---"

> print(paste0(Sys.time(), " --- source_library.R Start ---"))
[1] "2022-02-08 14:21:12 --- source_library.R Start ---"

> require("RevoScaleR")

> print(paste0(Sys.time(), " --- source_library.R Finished ---"))
[1] "2022-02-08 14:21:12 --- source_library.R Finished ---"
[1] "2022-02-08 14:21:12 --- Load Start ---"
[1] "loadFilename=RData_Analyze_glm_Horse_Type12.RData"
[1] "2022-02-08 14:21:12 --- Load Finished ---"
[1] "2022-02-08 14:21:12 --- RxSqlServerData Start ---"
[1] "sqlQuery=SELECT * FROM ViewAnalyzeD1113analyze01HorseType12 WHERE [Race.IsPredictedRace] = 1"
Rows Read: 7020, Total Rows Processed: 7020, Total Chunk Time: 1.499 seconds 
[1] "head(InputDataSet)="
           Race.RaceId Race.IsPredictedRace Race.IsAnalyzeNormalPastAndFuture
1 20170722-02-02-05-11                 TRUE                              TRUE
2 20170902-10-02-11-11                 TRUE                              TRUE
3 20171202-07-04-01-11                 TRUE                              TRUE
4 20200301-07-01-02-11                 TRUE                              TRUE
5 20200412-09-02-06-10                 TRUE                              TRUE
6 20200503-05-02-04-10                 TRUE                              TRUE
  Race.IsAnalyzeNormalPast Race.IsAnalyzeNormalFuture
1                     TRUE                      FALSE
2                     TRUE                      FALSE
3                     TRUE                      FALSE
4                     TRUE                      FALSE
5                     TRUE                      FALSE
6                     TRUE                      FALSE
  Race.IsAnalyzeFullPastAndFuture Race.IsAnalyzeFullPast
1                            TRUE                   TRUE
2                            TRUE                   TRUE
3                            TRUE                   TRUE
4                            TRUE                   TRUE
5                            TRUE                   TRUE
6                            TRUE                   TRUE
  Race.IsAnalyzeFullFuture Race.JyokenCd Race.JyoType1Cd   Race.RaceType0Cd
1                    FALSE             2     1-02-1200-2 1-02-1200-2-2-E-13
2                    FALSE             2     1-10-1200-1 1-10-1200-1-2-E-13
3                    FALSE             2     1-07-1200-1 1-07-1200-1-2-E-13
4                    FALSE             2     1-07-1200-1 1-07-1200-1-2-E-14
5                    FALSE             2     1-09-1200-3 1-09-1200-3-2-E-14
6                    FALSE             2     1-05-1400-1 1-05-1400-1-2-E-14
  Race.RaceType1Cd Race.RaceType2Cd Race.RaceType3Cd Race.RaceType4Cd
1            1-2-E            1-2-E           2-E-13           1-2-13
2            1-2-E            1-2-E           2-E-13           1-2-13
3            1-2-E            1-2-E           2-E-13           1-2-13
4            1-2-E            1-2-E           2-E-14           1-2-14
5            1-2-E            1-2-E           2-E-14           1-2-14
6            1-2-E            1-2-E           2-E-14           1-2-14
      RaceHorse.RaceId RaceHorse.KettoNum RaceHorse.IsHit1 RaceHorse.IsHit2
1 20170722-02-02-05-11         2011100018                0                0
2 20170902-10-02-11-11         2011109191                0                0
3 20171202-07-04-01-11         2012104645                0                0
4 20200301-07-01-02-11         2013102193                0                0
5 20200412-09-02-06-10         2013102193                0                0
6 20200503-05-02-04-10         2013105722                0                0
  RaceHorse.IsHit3 RaceHorse.IsHit4 RaceHorse.IsHit5 RaceHorse.IsHit6
1                0                0                1                0
2                0                1                0                0
3                0                0                1                0
4                0                1                0                0
5                0                1                0                0
6                0                1                0                0
  RaceHorse.IsValidRaceHorse RaceHorse.IsHitA RaceHorse.IsHitB RaceHorse.IsHitC
1                       TRUE                0                0                0
2                       TRUE                0                0                0
3                       TRUE                0                0                0
4                       TRUE                0                0                0
5                       TRUE                0                0                0
6                       TRUE                0                0                0
  Horse.PrevKettoNum Horse.TimeDvByRaceAvg Horse.TimeDvByRaceMax Horse.RunCount
1         2011100018              39.07096              48.95729              3
2         2011109191              40.70769              57.29325              8
3         2012104645              47.27342              52.85024              3
4         2013102193              55.14793              58.72872              3
5         2013102193              56.59956              60.95445              4
6         2013105722              49.79131              59.00998              4
  Horse.HitCount1 Horse.HitCount2 Horse.HitCount3 Horse.HitCount4
1               0               0               0               0
2               0               0               1               0
3               0               0               0               0
4               0               0               0               1
5               0               0               0               2
6               0               1               1               0
  Horse.HitCount5 Horse.HitRate1 Horse.HitRate2 Horse.HitRate3 Horse.HitRate4
1               0              0           0.00          0.000      0.0000000
2               1              0           0.00          0.125      0.0000000
3               0              0           0.00          0.000      0.0000000
4               1              0           0.00          0.000      0.3333333
5               1              0           0.00          0.000      0.5000000
6               0              0           0.25          0.250      0.0000000
  Horse.HitRate5 EOF
1      0.0000000   1
2      0.1250000   1
3      0.0000000   1
4      0.3333333   1
5      0.2500000   1
6      0.0000000   1
[1] "object.size(InputDataSet) auto=1.6 Mb"
[1] "nrow(InputDataSet) RxSqlServerData=7020"
[1] "str(InputDataSet)="
'data.frame':	7020 obs. of  42 variables:
 $ Race.RaceId                      : Factor w/ 657 levels "20170722-02-02-05-11",..: 1 2 3 4 5 6 6 7 7 8 ...
 $ Race.IsPredictedRace             : logi  TRUE TRUE TRUE TRUE TRUE TRUE ...
 $ Race.IsAnalyzeNormalPastAndFuture: logi  TRUE TRUE TRUE TRUE TRUE TRUE ...
 $ Race.IsAnalyzeNormalPast         : logi  TRUE TRUE TRUE TRUE TRUE TRUE ...
 $ Race.IsAnalyzeNormalFuture       : logi  FALSE FALSE FALSE FALSE FALSE FALSE ...
 $ Race.IsAnalyzeFullPastAndFuture  : logi  TRUE TRUE TRUE TRUE TRUE TRUE ...
 $ Race.IsAnalyzeFullPast           : logi  TRUE TRUE TRUE TRUE TRUE TRUE ...
 $ Race.IsAnalyzeFullFuture         : logi  FALSE FALSE FALSE FALSE FALSE FALSE ...
 $ Race.JyokenCd                    : Factor w/ 1 level "2": 1 1 1 1 1 1 1 1 1 1 ...
 $ Race.JyoType1Cd                  : Factor w/ 122 levels "1-02-1200-2",..: 1 2 3 3 4 5 5 6 6 7 ...
 $ Race.RaceType0Cd                 : Factor w/ 178 levels "1-02-1200-2-2-E-13",..: 1 2 3 4 5 6 6 7 7 8 ...
 $ Race.RaceType1Cd                 : Factor w/ 1 level "1-2-E": 1 1 1 1 1 1 1 1 1 1 ...
 $ Race.RaceType2Cd                 : Factor w/ 1 level "1-2-E": 1 1 1 1 1 1 1 1 1 1 ...
 $ Race.RaceType3Cd                 : Factor w/ 2 levels "2-E-13","2-E-14": 1 1 1 2 2 2 2 1 1 1 ...
 $ Race.RaceType4Cd                 : Factor w/ 2 levels "1-2-13","1-2-14": 1 1 1 2 2 2 2 1 1 1 ...
 $ RaceHorse.RaceId                 : Factor w/ 657 levels "20170722-02-02-05-11",..: 1 2 3 4 5 6 6 7 7 8 ...
 $ RaceHorse.KettoNum               : Factor w/ 1353 levels "2011100018","2011109191",..: 1 2 3 4 4 5 6 5 7 8 ...
 $ RaceHorse.IsHit1                 : int  0 0 0 0 0 0 0 0 0 0 ...
 $ RaceHorse.IsHit2                 : int  0 0 0 0 0 0 0 0 0 0 ...
 $ RaceHorse.IsHit3                 : int  0 0 0 0 0 0 0 0 0 0 ...
 $ RaceHorse.IsHit4                 : int  0 1 0 1 1 1 0 0 1 0 ...
 $ RaceHorse.IsHit5                 : int  1 0 1 0 0 0 1 1 0 1 ...
 $ RaceHorse.IsHit6                 : int  0 0 0 0 0 0 0 0 0 0 ...
 $ RaceHorse.IsValidRaceHorse       : logi  TRUE TRUE TRUE TRUE TRUE TRUE ...
 $ RaceHorse.IsHitA                 : int  0 0 0 0 0 0 0 0 0 0 ...
 $ RaceHorse.IsHitB                 : int  0 0 0 0 0 0 0 0 0 0 ...
 $ RaceHorse.IsHitC                 : int  0 0 0 0 0 0 0 0 0 0 ...
 $ Horse.PrevKettoNum               : Factor w/ 1353 levels "2011100018","2011109191",..: 1 2 3 4 4 5 6 5 7 8 ...
 $ Horse.TimeDvByRaceAvg            : num  39.1 40.7 47.3 55.1 56.6 ...
 $ Horse.TimeDvByRaceMax            : num  49 57.3 52.9 58.7 61 ...
 $ Horse.RunCount                   : int  3 8 3 3 4 4 7 6 2 1 ...
 $ Horse.HitCount1                  : int  0 0 0 0 0 0 0 0 0 0 ...
 $ Horse.HitCount2                  : int  0 0 0 0 0 1 1 1 0 0 ...
 $ Horse.HitCount3                  : int  0 1 0 0 0 1 0 1 0 1 ...
 $ Horse.HitCount4                  : int  0 0 0 1 2 0 0 2 0 0 ...
 $ Horse.HitCount5                  : int  0 1 0 1 1 0 1 0 2 0 ...
 $ Horse.HitRate1                   : num  0 0 0 0 0 0 0 0 0 0 ...
 $ Horse.HitRate2                   : num  0 0 0 0 0 ...
 $ Horse.HitRate3                   : num  0 0.125 0 0 0 ...
 $ Horse.HitRate4                   : num  0 0 0 0.333 0.5 ...
 $ Horse.HitRate5                   : num  0 0.125 0 0.333 0.25 ...
 $ EOF                              : int  1 1 1 1 1 1 1 1 1 1 ...
[1] "2022-02-08 14:21:15 --- RxSqlServerData Finish ---"
[1] "2022-02-08 14:21:15 --- subset Start ---"
[1] "nrow(InputDataSet) subset before=7020"
[1] "nrow(InputDataSet) subset after=7020"
[1] "nrow(InputDataSet) subset diff=0"
[1] "class(InputDataSet$Race.IsAnalyzeNormalPast)=logical"
[1] "class(InputDataSet$Race.analyzeTrackTypeCd)=NULL"
[1] "2022-02-08 14:21:15 --- subset Finish ---"
[1] "2022-02-08 14:21:15 --- transform Start ---"
[1] "nrow(InputDataSet) transaform before=7020"
[1] "nrow(InputDataSet) transaform after=7020"
[1] "nrow(InputDataSet) transaform diff=0"
[1] "str(InputDataSet)="
'data.frame':	7020 obs. of  42 variables:
 $ Race.RaceId                      : Factor w/ 657 levels "20170722-02-02-05-11",..: 1 2 3 4 5 6 6 7 7 8 ...
 $ Race.IsPredictedRace             : logi  TRUE TRUE TRUE TRUE TRUE TRUE ...
 $ Race.IsAnalyzeNormalPastAndFuture: logi  TRUE TRUE TRUE TRUE TRUE TRUE ...
 $ Race.IsAnalyzeNormalPast         : logi  TRUE TRUE TRUE TRUE TRUE TRUE ...
 $ Race.IsAnalyzeNormalFuture       : logi  FALSE FALSE FALSE FALSE FALSE FALSE ...
 $ Race.IsAnalyzeFullPastAndFuture  : logi  TRUE TRUE TRUE TRUE TRUE TRUE ...
 $ Race.IsAnalyzeFullPast           : logi  TRUE TRUE TRUE TRUE TRUE TRUE ...
 $ Race.IsAnalyzeFullFuture         : logi  FALSE FALSE FALSE FALSE FALSE FALSE ...
 $ Race.JyokenCd                    : Factor w/ 1 level "2": 1 1 1 1 1 1 1 1 1 1 ...
 $ Race.JyoType1Cd                  : Factor w/ 122 levels "1-02-1200-2",..: 1 2 3 3 4 5 5 6 6 7 ...
 $ Race.RaceType0Cd                 : Factor w/ 178 levels "1-02-1200-2-2-E-13",..: 1 2 3 4 5 6 6 7 7 8 ...
 $ Race.RaceType1Cd                 : Factor w/ 1 level "1-2-E": 1 1 1 1 1 1 1 1 1 1 ...
 $ Race.RaceType2Cd                 : Factor w/ 1 level "1-2-E": 1 1 1 1 1 1 1 1 1 1 ...
 $ Race.RaceType3Cd                 : Factor w/ 2 levels "2-E-13","2-E-14": 1 1 1 2 2 2 2 1 1 1 ...
 $ Race.RaceType4Cd                 : Factor w/ 2 levels "1-2-13","1-2-14": 1 1 1 2 2 2 2 1 1 1 ...
 $ RaceHorse.RaceId                 : Factor w/ 657 levels "20170722-02-02-05-11",..: 1 2 3 4 5 6 6 7 7 8 ...
 $ RaceHorse.KettoNum               : Factor w/ 1353 levels "2011100018","2011109191",..: 1 2 3 4 4 5 6 5 7 8 ...
 $ RaceHorse.IsHit1                 : int  0 0 0 0 0 0 0 0 0 0 ...
 $ RaceHorse.IsHit2                 : int  0 0 0 0 0 0 0 0 0 0 ...
 $ RaceHorse.IsHit3                 : int  0 0 0 0 0 0 0 0 0 0 ...
 $ RaceHorse.IsHit4                 : int  0 1 0 1 1 1 0 0 1 0 ...
 $ RaceHorse.IsHit5                 : int  1 0 1 0 0 0 1 1 0 1 ...
 $ RaceHorse.IsHit6                 : int  0 0 0 0 0 0 0 0 0 0 ...
 $ RaceHorse.IsValidRaceHorse       : logi  TRUE TRUE TRUE TRUE TRUE TRUE ...
 $ RaceHorse.IsHitA                 : int  0 0 0 0 0 0 0 0 0 0 ...
 $ RaceHorse.IsHitB                 : int  0 0 0 0 0 0 0 0 0 0 ...
 $ RaceHorse.IsHitC                 : int  0 0 0 0 0 0 0 0 0 0 ...
 $ Horse.PrevKettoNum               : Factor w/ 1353 levels "2011100018","2011109191",..: 1 2 3 4 4 5 6 5 7 8 ...
 $ Horse.TimeDvByRaceAvg            : num  39.1 40.7 47.3 55.1 56.6 ...
 $ Horse.TimeDvByRaceMax            : num  49 57.3 52.9 58.7 61 ...
 $ Horse.RunCount                   : int  3 8 3 3 4 4 7 6 2 1 ...
 $ Horse.HitCount1                  : int  0 0 0 0 0 0 0 0 0 0 ...
 $ Horse.HitCount2                  : int  0 0 0 0 0 1 1 1 0 0 ...
 $ Horse.HitCount3                  : int  0 1 0 0 0 1 0 1 0 1 ...
 $ Horse.HitCount4                  : int  0 0 0 1 2 0 0 2 0 0 ...
 $ Horse.HitCount5                  : int  0 1 0 1 1 0 1 0 2 0 ...
 $ Horse.HitRate1                   : num  0 0 0 0 0 0 0 0 0 0 ...
 $ Horse.HitRate2                   : num  0 0 0 0 0 ...
 $ Horse.HitRate3                   : num  0 0.125 0 0 0 ...
 $ Horse.HitRate4                   : num  0 0 0 0.333 0.5 ...
 $ Horse.HitRate5                   : num  0 0.125 0 0.333 0.25 ...
 $ EOF                              : int  1 1 1 1 1 1 1 1 1 1 ...
NULL
[1] "2022-02-08 14:21:15 --- transform Finish ---"
[1] "2022-02-08 14:21:15 --- na.omit Start ---"
[1] "nrow(InputDataSet) na.omit before=7020"
[1] "nrow(InputDataSet) na.omit after=7020"
[1] "nrow(InputDataSet) na.omit diff=0"
[1] "2022-02-08 14:21:15 --- na.omit Finish---"
[1] "2022-02-08 14:21:15 --- New Levels Start ---"
[1] "levels(data$Race.RaceType1Cd)=1-2-E"
[1] "levels(InputDataSet$Race.RaceType1Cd)=1-2-E"
[1] "length(Race.RaceType1Cd.Index)=0"
[1] "2022-02-08 14:21:15 --- New Levels Finish ---"
[1] "2022-02-08 14:21:15 --- na.omit Start ---"
[1] "nrow(InputDataSet) na.omit levels before=7020"
[1] "nrow(InputDataSet) na.omit levels after=7020"
[1] "nrow(InputDataSet) na.omit levels diff=0"
[1] "2022-02-08 14:21:15 --- na.omit Finish ---"
[1] "2022-02-08 14:21:15 --- Predict InputDataSet Start ---"
[1] "nrow(InputDataSet) predict=7020"
[1] "str(InputDataSet)="
'data.frame':	7020 obs. of  42 variables:
 $ Race.RaceId                      : Factor w/ 657 levels "20170722-02-02-05-11",..: 1 2 3 4 5 6 6 7 7 8 ...
 $ Race.IsPredictedRace             : logi  TRUE TRUE TRUE TRUE TRUE TRUE ...
 $ Race.IsAnalyzeNormalPastAndFuture: logi  TRUE TRUE TRUE TRUE TRUE TRUE ...
 $ Race.IsAnalyzeNormalPast         : logi  TRUE TRUE TRUE TRUE TRUE TRUE ...
 $ Race.IsAnalyzeNormalFuture       : logi  FALSE FALSE FALSE FALSE FALSE FALSE ...
 $ Race.IsAnalyzeFullPastAndFuture  : logi  TRUE TRUE TRUE TRUE TRUE TRUE ...
 $ Race.IsAnalyzeFullPast           : logi  TRUE TRUE TRUE TRUE TRUE TRUE ...
 $ Race.IsAnalyzeFullFuture         : logi  FALSE FALSE FALSE FALSE FALSE FALSE ...
 $ Race.JyokenCd                    : Factor w/ 1 level "2": 1 1 1 1 1 1 1 1 1 1 ...
 $ Race.JyoType1Cd                  : Factor w/ 122 levels "1-02-1200-2",..: 1 2 3 3 4 5 5 6 6 7 ...
 $ Race.RaceType0Cd                 : Factor w/ 178 levels "1-02-1200-2-2-E-13",..: 1 2 3 4 5 6 6 7 7 8 ...
 $ Race.RaceType1Cd                 : Factor w/ 1 level "1-2-E": 1 1 1 1 1 1 1 1 1 1 ...
 $ Race.RaceType2Cd                 : Factor w/ 1 level "1-2-E": 1 1 1 1 1 1 1 1 1 1 ...
 $ Race.RaceType3Cd                 : Factor w/ 2 levels "2-E-13","2-E-14": 1 1 1 2 2 2 2 1 1 1 ...
 $ Race.RaceType4Cd                 : Factor w/ 2 levels "1-2-13","1-2-14": 1 1 1 2 2 2 2 1 1 1 ...
 $ RaceHorse.RaceId                 : Factor w/ 657 levels "20170722-02-02-05-11",..: 1 2 3 4 5 6 6 7 7 8 ...
 $ RaceHorse.KettoNum               : Factor w/ 1353 levels "2011100018","2011109191",..: 1 2 3 4 4 5 6 5 7 8 ...
 $ RaceHorse.IsHit1                 : int  0 0 0 0 0 0 0 0 0 0 ...
 $ RaceHorse.IsHit2                 : int  0 0 0 0 0 0 0 0 0 0 ...
 $ RaceHorse.IsHit3                 : int  0 0 0 0 0 0 0 0 0 0 ...
 $ RaceHorse.IsHit4                 : int  0 1 0 1 1 1 0 0 1 0 ...
 $ RaceHorse.IsHit5                 : int  1 0 1 0 0 0 1 1 0 1 ...
 $ RaceHorse.IsHit6                 : int  0 0 0 0 0 0 0 0 0 0 ...
 $ RaceHorse.IsValidRaceHorse       : logi  TRUE TRUE TRUE TRUE TRUE TRUE ...
 $ RaceHorse.IsHitA                 : int  0 0 0 0 0 0 0 0 0 0 ...
 $ RaceHorse.IsHitB                 : int  0 0 0 0 0 0 0 0 0 0 ...
 $ RaceHorse.IsHitC                 : int  0 0 0 0 0 0 0 0 0 0 ...
 $ Horse.PrevKettoNum               : Factor w/ 1353 levels "2011100018","2011109191",..: 1 2 3 4 4 5 6 5 7 8 ...
 $ Horse.TimeDvByRaceAvg            : num  39.1 40.7 47.3 55.1 56.6 ...
 $ Horse.TimeDvByRaceMax            : num  49 57.3 52.9 58.7 61 ...
 $ Horse.RunCount                   : int  3 8 3 3 4 4 7 6 2 1 ...
 $ Horse.HitCount1                  : int  0 0 0 0 0 0 0 0 0 0 ...
 $ Horse.HitCount2                  : int  0 0 0 0 0 1 1 1 0 0 ...
 $ Horse.HitCount3                  : int  0 1 0 0 0 1 0 1 0 1 ...
 $ Horse.HitCount4                  : int  0 0 0 1 2 0 0 2 0 0 ...
 $ Horse.HitCount5                  : int  0 1 0 1 1 0 1 0 2 0 ...
 $ Horse.HitRate1                   : num  0 0 0 0 0 0 0 0 0 0 ...
 $ Horse.HitRate2                   : num  0 0 0 0 0 ...
 $ Horse.HitRate3                   : num  0 0.125 0 0 0 ...
 $ Horse.HitRate4                   : num  0 0 0 0.333 0.5 ...
 $ Horse.HitRate5                   : num  0 0.125 0 0.333 0.25 ...
 $ EOF                              : int  1 1 1 1 1 1 1 1 1 1 ...
[1] "2022-02-08 14:21:15 --- Predict InputDataSet Finish ---"
[1] "2022-02-08 14:21:15 --- rxPredict (glm) Start ---"
[1] "analyzeFunc=glm"
Rows Read: 7020, Total Rows Processed: 7020, Total Chunk Time: Less than .001 seconds 
[1] "nrow(PredictDataSet) afte predict=7020"
[1] "str(PredictDataSet)"
'data.frame':	7020 obs. of  1 variable:
 $ RaceHorse.IsHitA_Pred: num  0.0688 0.0688 0.0688 0.0688 0.0688 ...
NULL
[1] "head(PredictDataSet) afte predict="
  RaceHorse.IsHitA_Pred
1            0.06880332
2            0.06880332
3            0.06880332
4            0.06880332
5            0.06880332
6            0.06880332
[1] "2022-02-08 14:21:15 --- rxPredict (glm) Finish ---"
[1] "2022-02-08 14:21:15 --- add key Start ---"
[1] "nrow(OutputDataSet) add KeyColmn=7020"
[1] "str(OutputDataSet) after add Key"
'data.frame':	7020 obs. of  2 variables:
 $ RaceHorse.RaceId  : Factor w/ 657 levels "20170722-02-02-05-11",..: 1 2 3 4 5 6 6 7 7 8 ...
 $ RaceHorse.KettoNum: Factor w/ 1353 levels "2011100018","2011109191",..: 1 2 3 4 4 5 6 5 7 8 ...
NULL
[1] "2022-02-08 14:21:15 --- add key Finish ---"
[1] "2022-02-08 14:21:15 --- add PredictValue Start ---"
[1] "str(PredictDataSet) before rename="
[1] "colnames(PredictDataSet)=RaceHorse.IsHitA_Pred"
[1] "str(PredictDataSet) after rename="
'data.frame':	7020 obs. of  1 variable:
 $ PredictValue: num  0.0688 0.0688 0.0688 0.0688 0.0688 ...
NULL
[1] "str(OutputDataSet) before cbind="
'data.frame':	7020 obs. of  2 variables:
 $ RaceHorse.RaceId  : Factor w/ 657 levels "20170722-02-02-05-11",..: 1 2 3 4 5 6 6 7 7 8 ...
 $ RaceHorse.KettoNum: Factor w/ 1353 levels "2011100018","2011109191",..: 1 2 3 4 4 5 6 5 7 8 ...
NULL
[1] "str(OutputDataSet) after cbind="
'data.frame':	7020 obs. of  3 variables:
 $ RaceHorse.RaceId  : Factor w/ 657 levels "20170722-02-02-05-11",..: 1 2 3 4 5 6 6 7 7 8 ...
 $ RaceHorse.KettoNum: Factor w/ 1353 levels "2011100018","2011109191",..: 1 2 3 4 4 5 6 5 7 8 ...
 $ PredictValue      : num  0.0688 0.0688 0.0688 0.0688 0.0688 ...
NULL
[1] "2022-02-08 14:21:15 --- add PredictValue Finish ---"
[1] "2022-02-08 14:21:15 --- final Start ---"
[1] "nrow(OutputDataSet) final=7020"
[1] "head(OutputDataSet)="
      RaceHorse.RaceId RaceHorse.KettoNum PredictValue
1 20170722-02-02-05-11         2011100018   0.06880332
2 20170902-10-02-11-11         2011109191   0.06880332
3 20171202-07-04-01-11         2012104645   0.06880332
4 20200301-07-01-02-11         2013102193   0.06880332
5 20200412-09-02-06-10         2013102193   0.06880332
6 20200503-05-02-04-10         2013105722   0.06880332
[1] "str(OutputDataSet)="
'data.frame':	7020 obs. of  3 variables:
 $ RaceHorse.RaceId  : Factor w/ 657 levels "20170722-02-02-05-11",..: 1 2 3 4 5 6 6 7 7 8 ...
 $ RaceHorse.KettoNum: Factor w/ 1353 levels "2011100018","2011109191",..: 1 2 3 4 4 5 6 5 7 8 ...
 $ PredictValue      : num  0.0688 0.0688 0.0688 0.0688 0.0688 ...
NULL
[1] "2022-02-08 14:21:15 --- final Finish ---"
[1] "2022-02-08 14:21:15 --- predict.R Finished ---"
[1] "2022-02-08 14:21:15 --- log Finish ---"
