[1] "2022-02-08 14:21:38 --- D1113_Predict_glm_Odds_IsHitA_Type23 Start ---"
[1] "2022-02-08 14:21:38 --- Log Start ---"
[1] "2022-02-08 14:21:38 --- predict.R Start ---"
[1] "analyzeVersion=D1113"
[1] "analyzeCategory=Predict"
[1] "analyzeType=Odds"
[1] "analyzeFamily=IsHitA"
[1] "analyzeFunc=glm"
[1] "analyzeTrackTypeCd=2"
[1] "analyzeJyokenCd=3"
[1] "2022-02-08 14:21:38 --- source_function.R Start ---"
[1] "2022-02-08 14:21:38 --- source_function.R Finished ---"

> print(paste0(Sys.time(), " --- source_library.R Start ---"))
[1] "2022-02-08 14:21:38 --- source_library.R Start ---"

> require("RevoScaleR")

> print(paste0(Sys.time(), " --- source_library.R Finished ---"))
[1] "2022-02-08 14:21:38 --- source_library.R Finished ---"
[1] "2022-02-08 14:21:38 --- Load Start ---"
[1] "loadFilename=RData_Analyze_glm_Odds_Type23.RData"
[1] "2022-02-08 14:21:38 --- Load Finished ---"
[1] "2022-02-08 14:21:38 --- RxSqlServerData Start ---"
[1] "sqlQuery=SELECT * FROM ViewAnalyzeD1113analyze01OddsType23 WHERE [Race.IsPredictedRace] = 1"
Rows Read: 18974, Total Rows Processed: 18974, Total Chunk Time: 0.360 seconds 
[1] "head(InputDataSet)="
           Race.RaceId Race.IsPredictedRace Race.IsAnalyzeNormalPastAndFuture
1 20210815-01-02-02-09                 TRUE                              TRUE
2 20210905-01-02-08-09                 TRUE                              TRUE
3 20210905-04-04-08-10                 TRUE                              TRUE
4 20210905-04-04-08-10                 TRUE                              TRUE
5 20210911-07-05-01-12                 TRUE                              TRUE
6 20210919-06-04-04-09                 TRUE                              TRUE
  Race.IsAnalyzeNormalPast Race.IsAnalyzeNormalFuture
1                    FALSE                       TRUE
2                    FALSE                       TRUE
3                    FALSE                       TRUE
4                    FALSE                       TRUE
5                    FALSE                       TRUE
6                    FALSE                       TRUE
  Race.IsAnalyzeFullPastAndFuture Race.IsAnalyzeFullPast
1                            TRUE                  FALSE
2                            TRUE                  FALSE
3                            TRUE                  FALSE
4                            TRUE                  FALSE
5                            TRUE                  FALSE
6                            TRUE                  FALSE
  Race.IsAnalyzeFullFuture Race.JyokenCd Race.JyoType1Cd   Race.RaceType0Cd
1                     TRUE             3     2-01-1000-1 2-01-1000-1-3-X-13
2                     TRUE             3     2-01-1700-2 2-01-1700-2-3-X-13
3                     TRUE             3     2-04-1800-1 2-04-1800-1-3-E-13
4                     TRUE             3     2-04-1800-1 2-04-1800-1-3-E-13
5                     TRUE             3     2-07-1200-2 2-07-1200-2-3-X-13
6                     TRUE             3     2-06-1200-2 2-06-1200-2-3-E-13
  Race.RaceType1Cd Race.RaceType2Cd Race.RaceType3Cd Race.RaceType4Cd
1            2-3-X            2-3-X           3-X-13           2-3-13
2            2-3-X            2-3-X           3-X-13           2-3-13
3            2-3-E            2-3-E           3-E-13           2-3-13
4            2-3-E            2-3-E           3-E-13           2-3-13
5            2-3-X            2-3-X           3-X-13           2-3-13
6            2-3-E            2-3-E           3-E-13           2-3-13
      RaceHorse.RaceId RaceHorse.KettoNum RaceHorse.IsHit1 RaceHorse.IsHit2
1 20210815-01-02-02-09         2014103036                0                0
2 20210905-01-02-08-09         2017110122                0                1
3 20210905-04-04-08-10         2016105715                0                0
4 20210905-04-04-08-10         2017110071                0                0
5 20210911-07-05-01-12         2018110126                0                0
6 20210919-06-04-04-09         2017110156                0                0
  RaceHorse.IsHit3 RaceHorse.IsHit4 RaceHorse.IsHit5 RaceHorse.IsHit6
1                0                0                1                0
2                0                0                0                0
3                0                0                1                0
4                0                1                0                0
5                0                1                0                0
6                0                0                1                0
  RaceHorse.IsValidRaceHorse RaceHorse.IsHitA RaceHorse.IsHitB RaceHorse.IsHitC
1                       TRUE                0                0                0
2                       TRUE                0                1                1
3                       TRUE                0                0                0
4                       TRUE                0                0                0
5                       TRUE                0                0                0
6                       TRUE                0                0                0
  OddsByWin.Odds1 OddsByWin.Ninki OddsByWin.OddsLog1 OddsByWin.OddsRatio1
1            18.3               8           2.960105           0.05780347
2            15.5               8           2.803360           0.06896552
3             4.8               2           1.757858           0.26315789
4            15.6               5           2.809403           0.06849315
5            25.4               8           3.273364           0.04098361
6             8.4               4           2.240710           0.13513514
  OddsByWin.OddsLogit1 OddsByWin.ApprovalRate1 OddsByWin.ApprovalRateLog1 EOF
1            -2.906901              0.05464481                 0.05320404   1
2            -2.740840              0.06451613                 0.06252036   1
3            -1.568616              0.20833333                 0.18924200   1
4            -2.747271              0.06410256                 0.06213178   1
5            -3.234749              0.03937008                 0.03861484   1
6            -2.128232              0.11904762                 0.11247798   1
[1] "object.size(InputDataSet) auto=3.6 Mb"
[1] "nrow(InputDataSet) RxSqlServerData=18974"
[1] "str(InputDataSet)="
'data.frame':	18974 obs. of  35 variables:
 $ Race.RaceId                      : Factor w/ 1279 levels "20210815-01-02-02-09",..: 1 2 3 3 4 5 6 7 8 8 ...
 $ Race.IsPredictedRace             : logi  TRUE TRUE TRUE TRUE TRUE TRUE ...
 $ Race.IsAnalyzeNormalPastAndFuture: logi  TRUE TRUE TRUE TRUE TRUE TRUE ...
 $ Race.IsAnalyzeNormalPast         : logi  FALSE FALSE FALSE FALSE FALSE FALSE ...
 $ Race.IsAnalyzeNormalFuture       : logi  TRUE TRUE TRUE TRUE TRUE TRUE ...
 $ Race.IsAnalyzeFullPastAndFuture  : logi  TRUE TRUE TRUE TRUE TRUE TRUE ...
 $ Race.IsAnalyzeFullPast           : logi  FALSE FALSE FALSE FALSE FALSE FALSE ...
 $ Race.IsAnalyzeFullFuture         : logi  TRUE TRUE TRUE TRUE TRUE TRUE ...
 $ Race.JyokenCd                    : Factor w/ 1 level "3": 1 1 1 1 1 1 1 1 1 1 ...
 $ Race.JyoType1Cd                  : Factor w/ 112 levels "2-01-1000-1",..: 1 2 3 3 4 5 6 5 7 7 ...
 $ Race.RaceType0Cd                 : Factor w/ 280 levels "2-01-1000-1-3-X-13",..: 1 2 3 3 4 5 6 7 8 8 ...
 $ Race.RaceType1Cd                 : Factor w/ 2 levels "2-3-X","2-3-E": 1 1 2 2 1 2 1 1 1 1 ...
 $ Race.RaceType2Cd                 : Factor w/ 2 levels "2-3-X","2-3-E": 1 1 2 2 1 2 1 1 1 1 ...
 $ Race.RaceType3Cd                 : Factor w/ 4 levels "3-X-13","3-E-13",..: 1 1 2 2 1 2 1 1 1 1 ...
 $ Race.RaceType4Cd                 : Factor w/ 2 levels "2-3-13","2-3-14": 1 1 1 1 1 1 1 1 1 1 ...
 $ RaceHorse.RaceId                 : Factor w/ 1279 levels "20210815-01-02-02-09",..: 1 2 3 3 4 5 6 7 8 8 ...
 $ RaceHorse.KettoNum               : Factor w/ 3882 levels "2014103036","2017110122",..: 1 2 3 4 5 6 7 8 9 10 ...
 $ RaceHorse.IsHit1                 : int  0 0 0 0 0 0 1 0 0 0 ...
 $ RaceHorse.IsHit2                 : int  0 1 0 0 0 0 0 0 0 0 ...
 $ RaceHorse.IsHit3                 : int  0 0 0 0 0 0 0 1 0 0 ...
 $ RaceHorse.IsHit4                 : int  0 0 0 1 1 0 0 0 0 1 ...
 $ RaceHorse.IsHit5                 : int  1 0 1 0 0 1 0 0 1 0 ...
 $ RaceHorse.IsHit6                 : int  0 0 0 0 0 0 0 0 0 0 ...
 $ RaceHorse.IsValidRaceHorse       : logi  TRUE TRUE TRUE TRUE TRUE TRUE ...
 $ RaceHorse.IsHitA                 : int  0 0 0 0 0 0 1 0 0 0 ...
 $ RaceHorse.IsHitB                 : int  0 1 0 0 0 0 1 0 0 0 ...
 $ RaceHorse.IsHitC                 : int  0 1 0 0 0 0 1 1 0 0 ...
 $ OddsByWin.Odds1                  : num  18.3 15.5 4.8 15.6 25.4 8.4 5.4 90.2 23.4 11.9 ...
 $ OddsByWin.Ninki                  : num  8 8 2 5 8 4 3 15 12 5 ...
 $ OddsByWin.OddsLog1               : num  2.96 2.8 1.76 2.81 3.27 ...
 $ OddsByWin.OddsRatio1             : num  0.0578 0.069 0.2632 0.0685 0.041 ...
 $ OddsByWin.OddsLogit1             : num  -2.91 -2.74 -1.57 -2.75 -3.23 ...
 $ OddsByWin.ApprovalRate1          : num  0.0546 0.0645 0.2083 0.0641 0.0394 ...
 $ OddsByWin.ApprovalRateLog1       : num  0.0532 0.0625 0.1892 0.0621 0.0386 ...
 $ EOF                              : int  1 1 1 1 1 1 1 1 1 1 ...
[1] "2022-02-08 14:21:39 --- RxSqlServerData Finish ---"
[1] "2022-02-08 14:21:39 --- subset Start ---"
[1] "nrow(InputDataSet) subset before=18974"
[1] "nrow(InputDataSet) subset after=18974"
[1] "nrow(InputDataSet) subset diff=0"
[1] "class(InputDataSet$Race.IsAnalyzeNormalPast)=logical"
[1] "class(InputDataSet$Race.analyzeTrackTypeCd)=NULL"
[1] "2022-02-08 14:21:39 --- subset Finish ---"
[1] "2022-02-08 14:21:39 --- transform Start ---"
[1] "nrow(InputDataSet) transaform before=18974"
[1] "nrow(InputDataSet) transaform after=18974"
[1] "nrow(InputDataSet) transaform diff=0"
[1] "str(InputDataSet)="
'data.frame':	18974 obs. of  35 variables:
 $ Race.RaceId                      : Factor w/ 1279 levels "20210815-01-02-02-09",..: 1 2 3 3 4 5 6 7 8 8 ...
 $ Race.IsPredictedRace             : logi  TRUE TRUE TRUE TRUE TRUE TRUE ...
 $ Race.IsAnalyzeNormalPastAndFuture: logi  TRUE TRUE TRUE TRUE TRUE TRUE ...
 $ Race.IsAnalyzeNormalPast         : logi  FALSE FALSE FALSE FALSE FALSE FALSE ...
 $ Race.IsAnalyzeNormalFuture       : logi  TRUE TRUE TRUE TRUE TRUE TRUE ...
 $ Race.IsAnalyzeFullPastAndFuture  : logi  TRUE TRUE TRUE TRUE TRUE TRUE ...
 $ Race.IsAnalyzeFullPast           : logi  FALSE FALSE FALSE FALSE FALSE FALSE ...
 $ Race.IsAnalyzeFullFuture         : logi  TRUE TRUE TRUE TRUE TRUE TRUE ...
 $ Race.JyokenCd                    : Factor w/ 1 level "3": 1 1 1 1 1 1 1 1 1 1 ...
 $ Race.JyoType1Cd                  : Factor w/ 112 levels "2-01-1000-1",..: 1 2 3 3 4 5 6 5 7 7 ...
 $ Race.RaceType0Cd                 : Factor w/ 280 levels "2-01-1000-1-3-X-13",..: 1 2 3 3 4 5 6 7 8 8 ...
 $ Race.RaceType1Cd                 : Factor w/ 2 levels "2-3-X","2-3-E": 1 1 2 2 1 2 1 1 1 1 ...
 $ Race.RaceType2Cd                 : Factor w/ 2 levels "2-3-X","2-3-E": 1 1 2 2 1 2 1 1 1 1 ...
 $ Race.RaceType3Cd                 : Factor w/ 4 levels "3-X-13","3-E-13",..: 1 1 2 2 1 2 1 1 1 1 ...
 $ Race.RaceType4Cd                 : Factor w/ 2 levels "2-3-13","2-3-14": 1 1 1 1 1 1 1 1 1 1 ...
 $ RaceHorse.RaceId                 : Factor w/ 1279 levels "20210815-01-02-02-09",..: 1 2 3 3 4 5 6 7 8 8 ...
 $ RaceHorse.KettoNum               : Factor w/ 3882 levels "2014103036","2017110122",..: 1 2 3 4 5 6 7 8 9 10 ...
 $ RaceHorse.IsHit1                 : int  0 0 0 0 0 0 1 0 0 0 ...
 $ RaceHorse.IsHit2                 : int  0 1 0 0 0 0 0 0 0 0 ...
 $ RaceHorse.IsHit3                 : int  0 0 0 0 0 0 0 1 0 0 ...
 $ RaceHorse.IsHit4                 : int  0 0 0 1 1 0 0 0 0 1 ...
 $ RaceHorse.IsHit5                 : int  1 0 1 0 0 1 0 0 1 0 ...
 $ RaceHorse.IsHit6                 : int  0 0 0 0 0 0 0 0 0 0 ...
 $ RaceHorse.IsValidRaceHorse       : logi  TRUE TRUE TRUE TRUE TRUE TRUE ...
 $ RaceHorse.IsHitA                 : int  0 0 0 0 0 0 1 0 0 0 ...
 $ RaceHorse.IsHitB                 : int  0 1 0 0 0 0 1 0 0 0 ...
 $ RaceHorse.IsHitC                 : int  0 1 0 0 0 0 1 1 0 0 ...
 $ OddsByWin.Odds1                  : num  18.3 15.5 4.8 15.6 25.4 8.4 5.4 90.2 23.4 11.9 ...
 $ OddsByWin.Ninki                  : num  8 8 2 5 8 4 3 15 12 5 ...
 $ OddsByWin.OddsLog1               : num  2.96 2.8 1.76 2.81 3.27 ...
 $ OddsByWin.OddsRatio1             : num  0.0578 0.069 0.2632 0.0685 0.041 ...
 $ OddsByWin.OddsLogit1             : num  -2.91 -2.74 -1.57 -2.75 -3.23 ...
 $ OddsByWin.ApprovalRate1          : num  0.0546 0.0645 0.2083 0.0641 0.0394 ...
 $ OddsByWin.ApprovalRateLog1       : num  0.0532 0.0625 0.1892 0.0621 0.0386 ...
 $ EOF                              : int  1 1 1 1 1 1 1 1 1 1 ...
NULL
[1] "2022-02-08 14:21:39 --- transform Finish ---"
[1] "2022-02-08 14:21:39 --- na.omit Start ---"
[1] "nrow(InputDataSet) na.omit before=18974"
[1] "nrow(InputDataSet) na.omit after=18893"
[1] "nrow(InputDataSet) na.omit diff=81"
[1] "2022-02-08 14:21:39 --- na.omit Finish---"
[1] "2022-02-08 14:21:39 --- New Levels Start ---"
[1] "levels(data$Race.RaceType1Cd)=2-3-X" "levels(data$Race.RaceType1Cd)=2-3-E"
[1] "levels(InputDataSet$Race.RaceType1Cd)=2-3-X"
[2] "levels(InputDataSet$Race.RaceType1Cd)=2-3-E"
[1] "length(Race.RaceType1Cd.Index)=0"
[1] "2022-02-08 14:21:39 --- New Levels Finish ---"
[1] "2022-02-08 14:21:39 --- na.omit Start ---"
[1] "nrow(InputDataSet) na.omit levels before=18893"
[1] "nrow(InputDataSet) na.omit levels after=18893"
[1] "nrow(InputDataSet) na.omit levels diff=0"
[1] "2022-02-08 14:21:39 --- na.omit Finish ---"
[1] "2022-02-08 14:21:39 --- Predict InputDataSet Start ---"
[1] "nrow(InputDataSet) predict=18893"
[1] "str(InputDataSet)="
'data.frame':	18893 obs. of  35 variables:
 $ Race.RaceId                      : Factor w/ 1279 levels "20210815-01-02-02-09",..: 1 2 3 3 4 5 6 7 8 8 ...
 $ Race.IsPredictedRace             : logi  TRUE TRUE TRUE TRUE TRUE TRUE ...
 $ Race.IsAnalyzeNormalPastAndFuture: logi  TRUE TRUE TRUE TRUE TRUE TRUE ...
 $ Race.IsAnalyzeNormalPast         : logi  FALSE FALSE FALSE FALSE FALSE FALSE ...
 $ Race.IsAnalyzeNormalFuture       : logi  TRUE TRUE TRUE TRUE TRUE TRUE ...
 $ Race.IsAnalyzeFullPastAndFuture  : logi  TRUE TRUE TRUE TRUE TRUE TRUE ...
 $ Race.IsAnalyzeFullPast           : logi  FALSE FALSE FALSE FALSE FALSE FALSE ...
 $ Race.IsAnalyzeFullFuture         : logi  TRUE TRUE TRUE TRUE TRUE TRUE ...
 $ Race.JyokenCd                    : Factor w/ 1 level "3": 1 1 1 1 1 1 1 1 1 1 ...
 $ Race.JyoType1Cd                  : Factor w/ 112 levels "2-01-1000-1",..: 1 2 3 3 4 5 6 5 7 7 ...
 $ Race.RaceType0Cd                 : Factor w/ 280 levels "2-01-1000-1-3-X-13",..: 1 2 3 3 4 5 6 7 8 8 ...
 $ Race.RaceType1Cd                 : Factor w/ 2 levels "2-3-X","2-3-E": 1 1 2 2 1 2 1 1 1 1 ...
 $ Race.RaceType2Cd                 : Factor w/ 2 levels "2-3-X","2-3-E": 1 1 2 2 1 2 1 1 1 1 ...
 $ Race.RaceType3Cd                 : Factor w/ 4 levels "3-X-13","3-E-13",..: 1 1 2 2 1 2 1 1 1 1 ...
 $ Race.RaceType4Cd                 : Factor w/ 2 levels "2-3-13","2-3-14": 1 1 1 1 1 1 1 1 1 1 ...
 $ RaceHorse.RaceId                 : Factor w/ 1279 levels "20210815-01-02-02-09",..: 1 2 3 3 4 5 6 7 8 8 ...
 $ RaceHorse.KettoNum               : Factor w/ 3882 levels "2014103036","2017110122",..: 1 2 3 4 5 6 7 8 9 10 ...
 $ RaceHorse.IsHit1                 : int  0 0 0 0 0 0 1 0 0 0 ...
 $ RaceHorse.IsHit2                 : int  0 1 0 0 0 0 0 0 0 0 ...
 $ RaceHorse.IsHit3                 : int  0 0 0 0 0 0 0 1 0 0 ...
 $ RaceHorse.IsHit4                 : int  0 0 0 1 1 0 0 0 0 1 ...
 $ RaceHorse.IsHit5                 : int  1 0 1 0 0 1 0 0 1 0 ...
 $ RaceHorse.IsHit6                 : int  0 0 0 0 0 0 0 0 0 0 ...
 $ RaceHorse.IsValidRaceHorse       : logi  TRUE TRUE TRUE TRUE TRUE TRUE ...
 $ RaceHorse.IsHitA                 : int  0 0 0 0 0 0 1 0 0 0 ...
 $ RaceHorse.IsHitB                 : int  0 1 0 0 0 0 1 0 0 0 ...
 $ RaceHorse.IsHitC                 : int  0 1 0 0 0 0 1 1 0 0 ...
 $ OddsByWin.Odds1                  : num  18.3 15.5 4.8 15.6 25.4 8.4 5.4 90.2 23.4 11.9 ...
 $ OddsByWin.Ninki                  : num  8 8 2 5 8 4 3 15 12 5 ...
 $ OddsByWin.OddsLog1               : num  2.96 2.8 1.76 2.81 3.27 ...
 $ OddsByWin.OddsRatio1             : num  0.0578 0.069 0.2632 0.0685 0.041 ...
 $ OddsByWin.OddsLogit1             : num  -2.91 -2.74 -1.57 -2.75 -3.23 ...
 $ OddsByWin.ApprovalRate1          : num  0.0546 0.0645 0.2083 0.0641 0.0394 ...
 $ OddsByWin.ApprovalRateLog1       : num  0.0532 0.0625 0.1892 0.0621 0.0386 ...
 $ EOF                              : int  1 1 1 1 1 1 1 1 1 1 ...
 - attr(*, "na.action")= 'omit' Named int  4205 4207 4209 4478 4485 4838 4839 4840 4841 4842 ...
  ..- attr(*, "names")= chr  "4205" "4207" "4209" "4478" ...
[1] "2022-02-08 14:21:39 --- Predict InputDataSet Finish ---"
[1] "2022-02-08 14:21:39 --- rxPredict (glm) Start ---"
[1] "analyzeFunc=glm"
Rows Read: 18893, Total Rows Processed: 18893, Total Chunk Time: Less than .001 seconds 
[1] "nrow(PredictDataSet) afte predict=18893"
[1] "str(PredictDataSet)"
'data.frame':	18893 obs. of  1 variable:
 $ RaceHorse.IsHitA_Pred: num  0.0432 0.0519 0.1753 0.0515 0.03 ...
NULL
[1] "head(PredictDataSet) afte predict="
  RaceHorse.IsHitA_Pred
1            0.04319556
2            0.05187839
3            0.17533625
4            0.05151335
5            0.02995999
6            0.10008816
[1] "2022-02-08 14:21:39 --- rxPredict (glm) Finish ---"
[1] "2022-02-08 14:21:39 --- add key Start ---"
[1] "nrow(OutputDataSet) add KeyColmn=18893"
[1] "str(OutputDataSet) after add Key"
'data.frame':	18893 obs. of  2 variables:
 $ RaceHorse.RaceId  : Factor w/ 1279 levels "20210815-01-02-02-09",..: 1 2 3 3 4 5 6 7 8 8 ...
 $ RaceHorse.KettoNum: Factor w/ 3882 levels "2014103036","2017110122",..: 1 2 3 4 5 6 7 8 9 10 ...
NULL
[1] "2022-02-08 14:21:39 --- add key Finish ---"
[1] "2022-02-08 14:21:39 --- add PredictValue Start ---"
[1] "str(PredictDataSet) before rename="
[1] "colnames(PredictDataSet)=RaceHorse.IsHitA_Pred"
[1] "str(PredictDataSet) after rename="
'data.frame':	18893 obs. of  1 variable:
 $ PredictValue: num  0.0432 0.0519 0.1753 0.0515 0.03 ...
NULL
[1] "str(OutputDataSet) before cbind="
'data.frame':	18893 obs. of  2 variables:
 $ RaceHorse.RaceId  : Factor w/ 1279 levels "20210815-01-02-02-09",..: 1 2 3 3 4 5 6 7 8 8 ...
 $ RaceHorse.KettoNum: Factor w/ 3882 levels "2014103036","2017110122",..: 1 2 3 4 5 6 7 8 9 10 ...
NULL
[1] "str(OutputDataSet) after cbind="
'data.frame':	18893 obs. of  3 variables:
 $ RaceHorse.RaceId  : Factor w/ 1279 levels "20210815-01-02-02-09",..: 1 2 3 3 4 5 6 7 8 8 ...
 $ RaceHorse.KettoNum: Factor w/ 3882 levels "2014103036","2017110122",..: 1 2 3 4 5 6 7 8 9 10 ...
 $ PredictValue      : num  0.0432 0.0519 0.1753 0.0515 0.03 ...
NULL
[1] "2022-02-08 14:21:39 --- add PredictValue Finish ---"
[1] "2022-02-08 14:21:39 --- final Start ---"
[1] "nrow(OutputDataSet) final=18893"
[1] "head(OutputDataSet)="
      RaceHorse.RaceId RaceHorse.KettoNum PredictValue
1 20210815-01-02-02-09         2014103036   0.04319556
2 20210905-01-02-08-09         2017110122   0.05187839
3 20210905-04-04-08-10         2016105715   0.17533625
4 20210905-04-04-08-10         2017110071   0.05151335
5 20210911-07-05-01-12         2018110126   0.02995999
6 20210919-06-04-04-09         2017110156   0.10008816
[1] "str(OutputDataSet)="
'data.frame':	18893 obs. of  3 variables:
 $ RaceHorse.RaceId  : Factor w/ 1279 levels "20210815-01-02-02-09",..: 1 2 3 3 4 5 6 7 8 8 ...
 $ RaceHorse.KettoNum: Factor w/ 3882 levels "2014103036","2017110122",..: 1 2 3 4 5 6 7 8 9 10 ...
 $ PredictValue      : num  0.0432 0.0519 0.1753 0.0515 0.03 ...
NULL
[1] "2022-02-08 14:21:39 --- final Finish ---"
[1] "2022-02-08 14:21:39 --- predict.R Finished ---"
[1] "2022-02-08 14:21:39 --- log Finish ---"
