[1] "2022-02-04 05:04:14 --- D1113_Predict_glm_Gen01_IsHitA_Type11 Start ---"
[1] "2022-02-04 05:04:14 --- Log Start ---"
[1] "2022-02-04 05:04:14 --- predict.R Start ---"
[1] "analyzeVersion=D1113"
[1] "analyzeCategory=Predict"
[1] "analyzeType=Gen01"
[1] "analyzeFamily=IsHitA"
[1] "analyzeFunc=glm"
[1] "analyzeTrackTypeCd=1"
[1] "analyzeJyokenCd=1"
[1] "2022-02-04 05:04:14 --- source_function.R Start ---"
[1] "2022-02-04 05:04:14 --- source_function.R Finished ---"

> print(paste0(Sys.time(), " --- source_library.R Start ---"))
[1] "2022-02-04 05:04:14 --- source_library.R Start ---"

> require("RevoScaleR")

> print(paste0(Sys.time(), " --- source_library.R Finished ---"))
[1] "2022-02-04 05:04:14 --- source_library.R Finished ---"
[1] "2022-02-04 05:04:14 --- Load Start ---"
[1] "loadFilename=RData_Analyze_glm_Gen01_Type11.RData"
[1] "2022-02-04 05:04:14 --- Load Finished ---"
[1] "2022-02-04 05:04:14 --- RxSqlServerData Start ---"
[1] "sqlQuery=SELECT * FROM ViewAnalyzeD1113analyze01Gen01Type11"
Rows Read: 15030, Total Rows Processed: 15030, Total Chunk Time: 30.932 seconds 
[1] "head(InputDataSet)="
           Race.RaceId Race.IsPredictedRace Race.IsAnalyzeNormalPastAndFuture
1 20210228-09-01-06-11                FALSE                              TRUE
2 20191027-05-04-09-11                FALSE                              TRUE
3 20170409-09-02-06-11                FALSE                              TRUE
4 20200404-06-03-03-11                FALSE                              TRUE
5 20210509-07-03-02-10                FALSE                              TRUE
6 20170211-05-01-05-11                FALSE                              TRUE
  Race.IsAnalyzeNormalPast Race.IsAnalyzeNormalFuture
1                    FALSE                       TRUE
2                     TRUE                      FALSE
3                     TRUE                      FALSE
4                     TRUE                      FALSE
5                    FALSE                       TRUE
6                     TRUE                      FALSE
  Race.IsAnalyzeFullPastAndFuture Race.IsAnalyzeFullPast
1                            TRUE                  FALSE
2                            TRUE                   TRUE
3                            TRUE                   TRUE
4                            TRUE                   TRUE
5                            TRUE                  FALSE
6                            TRUE                   TRUE
  Race.IsAnalyzeFullFuture Race.JyokenCd Race.JyoType1Cd   Race.RaceType0Cd
1                     TRUE             1     1-09-1400-1 1-09-1400-1-1-C-14
2                    FALSE             1     1-05-2000-1 1-05-2000-1-1-A-13
3                    FALSE             1     1-09-1600-2 1-09-1600-2-1-A-12
4                    FALSE             1     1-06-1600-1 1-06-1600-1-1-C-14
5                     TRUE             1     1-07-1400-1 1-07-1400-1-1-L-12
6                    FALSE             1     1-05-1600-1 1-05-1600-1-1-C-12
  Race.RaceType1Cd Race.RaceType2Cd Race.RaceType3Cd Race.RaceType4Cd
1            1-1-C            1-1-C           1-C-14           1-1-14
2            1-1-A            1-1-A           1-A-13           1-1-13
3            1-1-A            1-1-A           1-A-12           1-1-12
4            1-1-C            1-1-C           1-C-14           1-1-14
5            1-1-L            1-1-L           1-L-12           1-1-12
6            1-1-C            1-1-C           1-C-12           1-1-12
      RaceHorse.RaceId RaceHorse.KettoNum RaceHorse.IsHit1 RaceHorse.IsHit2
1 20210228-09-01-06-11         2015104688                0                0
2 20191027-05-04-09-11         2016104650                0                0
3 20170409-09-02-06-11         2014106231                0                0
4 20200404-06-03-03-11         2015105461                0                0
5 20210509-07-03-02-10         2018105610                1                0
6 20170211-05-01-05-11         2014102387                0                0
  RaceHorse.IsHit3 RaceHorse.IsHit4 RaceHorse.IsHit5 RaceHorse.IsHit6
1                0                1                0                0
2                0                0                0                1
3                0                0                0                1
4                0                0                0                1
5                0                0                0                0
6                0                0                0                1
  RaceHorse.IsValidRaceHorse RaceHorse.IsHitA RaceHorse.IsHitB RaceHorse.IsHitC
1                       TRUE                0                0                0
2                       TRUE                0                0                0
3                       TRUE                0                0                0
4                       TRUE                0                0                0
5                       TRUE                1                1                1
6                       TRUE                0                0                0
  Gen01.HansyokuNum Gen01.TimeDvByRaceAvg Gen01.TimeDvByRaceMax Gen01.RunCount
1          11201872              52.38839              68.64196            113
2          11202006              51.83254              66.74626             75
3          11201853              48.98691              64.86276             19
4          11202086              53.26013              73.38155            309
5          11202352              50.94799              69.62508             34
6          11201853              49.80480              63.68214             70
  Gen01.HitCount1 Gen01.HitCount2 Gen01.HitCount3 Gen01.HitCount4
1               8              12              13               9
2               3               6               5               5
3               1               0               1               1
4              36              34              31              15
5               4               7               3               3
6               2               3              11               5
  Gen01.HitCount5 Gen01.HitRate1 Gen01.HitRate2 Gen01.HitRate3 Gen01.HitRate4
1               7     0.07079646     0.10619469     0.11504425     0.07964602
2              10     0.04000000     0.08000000     0.06666667     0.06666667
3               1     0.05263158     0.00000000     0.05263158     0.05263158
4              32     0.11650485     0.11003236     0.10032362     0.04854369
5               2     0.11764706     0.20588235     0.08823529     0.08823529
6               2     0.02857143     0.04285714     0.15714286     0.07142857
  Gen01.HitRate5 EOF
1     0.06194690   1
2     0.13333333   1
3     0.05263158   1
4     0.10355987   1
5     0.05882353   1
6     0.02857143   1
[1] "object.size(InputDataSet) auto=3.3 Mb"
[1] "nrow(InputDataSet) RxSqlServerData=15030"
[1] "str(InputDataSet)="
'data.frame':	15030 obs. of  42 variables:
 $ Race.RaceId                      : Factor w/ 1147 levels "20200531-05-02-12-12",..: 11 12 13 14 15 16 17 18 19 20 ...
 $ Race.IsPredictedRace             : logi  FALSE FALSE FALSE FALSE FALSE FALSE ...
 $ Race.IsAnalyzeNormalPastAndFuture: logi  TRUE TRUE TRUE TRUE TRUE TRUE ...
 $ Race.IsAnalyzeNormalPast         : logi  FALSE TRUE TRUE TRUE FALSE TRUE ...
 $ Race.IsAnalyzeNormalFuture       : logi  TRUE FALSE FALSE FALSE TRUE FALSE ...
 $ Race.IsAnalyzeFullPastAndFuture  : logi  TRUE TRUE TRUE TRUE TRUE TRUE ...
 $ Race.IsAnalyzeFullPast           : logi  FALSE TRUE TRUE TRUE FALSE TRUE ...
 $ Race.IsAnalyzeFullFuture         : logi  TRUE FALSE FALSE FALSE TRUE FALSE ...
 $ Race.JyokenCd                    : Factor w/ 1 level "1": 1 1 1 1 1 1 1 1 1 1 ...
 $ Race.JyoType1Cd                  : Factor w/ 156 levels "1-05-2500-1",..: 10 8 11 12 13 14 3 15 16 17 ...
 $ Race.RaceType0Cd                 : Factor w/ 425 levels "1-05-2500-1-1-B-14",..: 10 11 12 13 14 15 16 17 18 19 ...
 $ Race.RaceType1Cd                 : Factor w/ 6 levels "1-1-B","1-1-C",..: 2 4 4 2 5 2 3 3 2 3 ...
 $ Race.RaceType2Cd                 : Factor w/ 6 levels "1-1-B","1-1-C",..: 2 4 4 2 5 2 3 3 2 3 ...
 $ Race.RaceType3Cd                 : Factor w/ 22 levels "1-B-14","1-C-13",..: 7 8 9 7 10 11 12 13 11 3 ...
 $ Race.RaceType4Cd                 : Factor w/ 4 levels "1-1-14","1-1-13",..: 1 2 4 1 4 4 3 2 4 1 ...
 $ RaceHorse.RaceId                 : Factor w/ 1147 levels "20200531-05-02-12-12",..: 11 12 13 14 15 16 17 18 19 20 ...
 $ RaceHorse.KettoNum               : Factor w/ 3441 levels "2016104376","2012102095",..: 11 12 13 14 15 16 17 18 19 20 ...
 $ RaceHorse.IsHit1                 : int  0 0 0 0 1 0 0 0 0 1 ...
 $ RaceHorse.IsHit2                 : int  0 0 0 0 0 0 0 0 0 0 ...
 $ RaceHorse.IsHit3                 : int  0 0 0 0 0 0 0 0 0 0 ...
 $ RaceHorse.IsHit4                 : int  1 0 0 0 0 0 1 1 0 0 ...
 $ RaceHorse.IsHit5                 : int  0 0 0 0 0 0 0 0 0 0 ...
 $ RaceHorse.IsHit6                 : int  0 1 1 1 0 1 0 0 1 0 ...
 $ RaceHorse.IsValidRaceHorse       : logi  TRUE TRUE TRUE TRUE TRUE TRUE ...
 $ RaceHorse.IsHitA                 : int  0 0 0 0 1 0 0 0 0 1 ...
 $ RaceHorse.IsHitB                 : int  0 0 0 0 1 0 0 0 0 1 ...
 $ RaceHorse.IsHitC                 : int  0 0 0 0 1 0 0 0 0 1 ...
 $ Gen01.HansyokuNum                : Factor w/ 266 levels "11202295","11202006",..: 9 2 10 7 11 10 4 12 5 13 ...
 $ Gen01.TimeDvByRaceAvg            : num  52.4 51.8 49 53.3 50.9 ...
 $ Gen01.TimeDvByRaceMax            : num  68.6 66.7 64.9 73.4 69.6 ...
 $ Gen01.RunCount                   : int  113 75 19 309 34 70 48 50 33 52 ...
 $ Gen01.HitCount1                  : int  8 3 1 36 4 2 5 6 2 3 ...
 $ Gen01.HitCount2                  : int  12 6 0 34 7 3 5 3 1 7 ...
 $ Gen01.HitCount3                  : int  13 5 1 31 3 11 8 7 0 6 ...
 $ Gen01.HitCount4                  : int  9 5 1 15 3 5 5 3 3 6 ...
 $ Gen01.HitCount5                  : int  7 10 1 32 2 2 3 4 4 6 ...
 $ Gen01.HitRate1                   : num  0.0708 0.04 0.0526 0.1165 0.1176 ...
 $ Gen01.HitRate2                   : num  0.106 0.08 0 0.11 0.206 ...
 $ Gen01.HitRate3                   : num  0.115 0.0667 0.0526 0.1003 0.0882 ...
 $ Gen01.HitRate4                   : num  0.0796 0.0667 0.0526 0.0485 0.0882 ...
 $ Gen01.HitRate5                   : num  0.0619 0.1333 0.0526 0.1036 0.0588 ...
 $ EOF                              : int  1 1 1 1 1 1 1 1 1 1 ...
[1] "2022-02-04 05:05:07 --- RxSqlServerData Finish ---"
[1] "2022-02-04 05:05:07 --- subset Start ---"
[1] "nrow(InputDataSet) subset before=15030"
[1] "nrow(InputDataSet) subset after=15030"
[1] "nrow(InputDataSet) subset diff=0"
[1] "class(InputDataSet$Race.IsAnalyzeNormalPast)=logical"
[1] "class(InputDataSet$Race.analyzeTrackTypeCd)=NULL"
[1] "2022-02-04 05:05:07 --- subset Finish ---"
[1] "2022-02-04 05:05:07 --- transform Start ---"
[1] "2022-02-04 05:05:07 --- Transform Finished ---"
[1] "nrow(InputDataSet) transaform before=15030"
[1] "nrow(InputDataSet) transaform after=15030"
[1] "nrow(InputDataSet) transaform diff=0"
[1] "str(InputDataSet)="
'data.frame':	15030 obs. of  42 variables:
 $ Race.RaceId                      : Factor w/ 1147 levels "20200531-05-02-12-12",..: 11 12 13 14 15 16 17 18 19 20 ...
 $ Race.IsPredictedRace             : logi  FALSE FALSE FALSE FALSE FALSE FALSE ...
 $ Race.IsAnalyzeNormalPastAndFuture: logi  TRUE TRUE TRUE TRUE TRUE TRUE ...
 $ Race.IsAnalyzeNormalPast         : logi  FALSE TRUE TRUE TRUE FALSE TRUE ...
 $ Race.IsAnalyzeNormalFuture       : logi  TRUE FALSE FALSE FALSE TRUE FALSE ...
 $ Race.IsAnalyzeFullPastAndFuture  : logi  TRUE TRUE TRUE TRUE TRUE TRUE ...
 $ Race.IsAnalyzeFullPast           : logi  FALSE TRUE TRUE TRUE FALSE TRUE ...
 $ Race.IsAnalyzeFullFuture         : logi  TRUE FALSE FALSE FALSE TRUE FALSE ...
 $ Race.JyokenCd                    : Factor w/ 1 level "1": 1 1 1 1 1 1 1 1 1 1 ...
 $ Race.JyoType1Cd                  : Factor w/ 156 levels "1-05-2500-1",..: 10 8 11 12 13 14 3 15 16 17 ...
 $ Race.RaceType0Cd                 : Factor w/ 425 levels "1-05-2500-1-1-B-14",..: 10 11 12 13 14 15 16 17 18 19 ...
 $ Race.RaceType1Cd                 : Factor w/ 6 levels "1-1-B","1-1-C",..: 2 4 4 2 5 2 3 3 2 3 ...
 $ Race.RaceType2Cd                 : Factor w/ 6 levels "1-1-B","1-1-C",..: 2 4 4 2 5 2 3 3 2 3 ...
 $ Race.RaceType3Cd                 : Factor w/ 22 levels "1-B-14","1-C-13",..: 7 8 9 7 10 11 12 13 11 3 ...
 $ Race.RaceType4Cd                 : Factor w/ 4 levels "1-1-14","1-1-13",..: 1 2 4 1 4 4 3 2 4 1 ...
 $ RaceHorse.RaceId                 : Factor w/ 1147 levels "20200531-05-02-12-12",..: 11 12 13 14 15 16 17 18 19 20 ...
 $ RaceHorse.KettoNum               : Factor w/ 3441 levels "2016104376","2012102095",..: 11 12 13 14 15 16 17 18 19 20 ...
 $ RaceHorse.IsHit1                 : int  0 0 0 0 1 0 0 0 0 1 ...
 $ RaceHorse.IsHit2                 : int  0 0 0 0 0 0 0 0 0 0 ...
 $ RaceHorse.IsHit3                 : int  0 0 0 0 0 0 0 0 0 0 ...
 $ RaceHorse.IsHit4                 : int  1 0 0 0 0 0 1 1 0 0 ...
 $ RaceHorse.IsHit5                 : int  0 0 0 0 0 0 0 0 0 0 ...
 $ RaceHorse.IsHit6                 : int  0 1 1 1 0 1 0 0 1 0 ...
 $ RaceHorse.IsValidRaceHorse       : logi  TRUE TRUE TRUE TRUE TRUE TRUE ...
 $ RaceHorse.IsHitA                 : int  0 0 0 0 1 0 0 0 0 1 ...
 $ RaceHorse.IsHitB                 : int  0 0 0 0 1 0 0 0 0 1 ...
 $ RaceHorse.IsHitC                 : int  0 0 0 0 1 0 0 0 0 1 ...
 $ Gen01.HansyokuNum                : Factor w/ 266 levels "11202295","11202006",..: 9 2 10 7 11 10 4 12 5 13 ...
 $ Gen01.TimeDvByRaceAvg            : num  52.4 51.8 49 53.3 50.9 ...
 $ Gen01.TimeDvByRaceMax            : num  68.6 66.7 64.9 73.4 69.6 ...
 $ Gen01.RunCount                   : int  113 75 19 309 34 70 48 50 33 52 ...
 $ Gen01.HitCount1                  : int  8 3 1 36 4 2 5 6 2 3 ...
 $ Gen01.HitCount2                  : int  12 6 0 34 7 3 5 3 1 7 ...
 $ Gen01.HitCount3                  : int  13 5 1 31 3 11 8 7 0 6 ...
 $ Gen01.HitCount4                  : int  9 5 1 15 3 5 5 3 3 6 ...
 $ Gen01.HitCount5                  : int  7 10 1 32 2 2 3 4 4 6 ...
 $ Gen01.HitRate1                   : num  0.0708 0.04 0.0526 0.1165 0.1176 ...
 $ Gen01.HitRate2                   : num  0.106 0.08 0 0.11 0.206 ...
 $ Gen01.HitRate3                   : num  0.115 0.0667 0.0526 0.1003 0.0882 ...
 $ Gen01.HitRate4                   : num  0.0796 0.0667 0.0526 0.0485 0.0882 ...
 $ Gen01.HitRate5                   : num  0.0619 0.1333 0.0526 0.1036 0.0588 ...
 $ EOF                              : int  1 1 1 1 1 1 1 1 1 1 ...
NULL
[1] "2022-02-04 05:05:08 --- transform Finish ---"
[1] "2022-02-04 05:05:08 --- na.omit Start ---"
[1] "nrow(InputDataSet) na.omit before=15030"
[1] "nrow(InputDataSet) na.omit after=14811"
[1] "nrow(InputDataSet) na.omit diff=219"
[1] "2022-02-04 05:05:08 --- na.omit Finish---"
[1] "2022-02-04 05:05:08 --- New Levels Start ---"
[1] "levels(data$Race.RaceType1Cd)=1-1-C" "levels(data$Race.RaceType1Cd)=1-1-B"
[3] "levels(data$Race.RaceType1Cd)=1-1-A" "levels(data$Race.RaceType1Cd)=1-1-E"
[5] "levels(data$Race.RaceType1Cd)=1-1-L" "levels(data$Race.RaceType1Cd)=1-1-D"
[1] "levels(InputDataSet$Race.RaceType1Cd)=1-1-B"
[2] "levels(InputDataSet$Race.RaceType1Cd)=1-1-C"
[3] "levels(InputDataSet$Race.RaceType1Cd)=1-1-E"
[4] "levels(InputDataSet$Race.RaceType1Cd)=1-1-A"
[5] "levels(InputDataSet$Race.RaceType1Cd)=1-1-L"
[6] "levels(InputDataSet$Race.RaceType1Cd)=1-1-D"
[1] "length(Race.RaceType1Cd.Index)=0"
[1] "2022-02-04 05:05:08 --- New Levels Finish ---"
[1] "2022-02-04 05:05:08 --- na.omit Start ---"
[1] "nrow(InputDataSet) na.omit levels before=14811"
[1] "nrow(InputDataSet) na.omit levels after=14811"
[1] "nrow(InputDataSet) na.omit levels diff=0"
[1] "2022-02-04 05:05:08 --- na.omit Finish ---"
[1] "2022-02-04 05:05:08 --- Predict InputDataSet Start ---"
[1] "nrow(InputDataSet) predict=14811"
[1] "str(InputDataSet)="
'data.frame':	14811 obs. of  42 variables:
 $ Race.RaceId                      : Factor w/ 1147 levels "20200531-05-02-12-12",..: 11 12 13 14 15 16 17 18 19 20 ...
 $ Race.IsPredictedRace             : logi  FALSE FALSE FALSE FALSE FALSE FALSE ...
 $ Race.IsAnalyzeNormalPastAndFuture: logi  TRUE TRUE TRUE TRUE TRUE TRUE ...
 $ Race.IsAnalyzeNormalPast         : logi  FALSE TRUE TRUE TRUE FALSE TRUE ...
 $ Race.IsAnalyzeNormalFuture       : logi  TRUE FALSE FALSE FALSE TRUE FALSE ...
 $ Race.IsAnalyzeFullPastAndFuture  : logi  TRUE TRUE TRUE TRUE TRUE TRUE ...
 $ Race.IsAnalyzeFullPast           : logi  FALSE TRUE TRUE TRUE FALSE TRUE ...
 $ Race.IsAnalyzeFullFuture         : logi  TRUE FALSE FALSE FALSE TRUE FALSE ...
 $ Race.JyokenCd                    : Factor w/ 1 level "1": 1 1 1 1 1 1 1 1 1 1 ...
 $ Race.JyoType1Cd                  : Factor w/ 156 levels "1-05-2500-1",..: 10 8 11 12 13 14 3 15 16 17 ...
 $ Race.RaceType0Cd                 : Factor w/ 425 levels "1-05-2500-1-1-B-14",..: 10 11 12 13 14 15 16 17 18 19 ...
 $ Race.RaceType1Cd                 : Factor w/ 6 levels "1-1-B","1-1-C",..: 2 4 4 2 5 2 3 3 2 3 ...
 $ Race.RaceType2Cd                 : Factor w/ 6 levels "1-1-B","1-1-C",..: 2 4 4 2 5 2 3 3 2 3 ...
 $ Race.RaceType3Cd                 : Factor w/ 22 levels "1-B-14","1-C-13",..: 7 8 9 7 10 11 12 13 11 3 ...
 $ Race.RaceType4Cd                 : Factor w/ 4 levels "1-1-14","1-1-13",..: 1 2 4 1 4 4 3 2 4 1 ...
 $ RaceHorse.RaceId                 : Factor w/ 1147 levels "20200531-05-02-12-12",..: 11 12 13 14 15 16 17 18 19 20 ...
 $ RaceHorse.KettoNum               : Factor w/ 3441 levels "2016104376","2012102095",..: 11 12 13 14 15 16 17 18 19 20 ...
 $ RaceHorse.IsHit1                 : int  0 0 0 0 1 0 0 0 0 1 ...
 $ RaceHorse.IsHit2                 : int  0 0 0 0 0 0 0 0 0 0 ...
 $ RaceHorse.IsHit3                 : int  0 0 0 0 0 0 0 0 0 0 ...
 $ RaceHorse.IsHit4                 : int  1 0 0 0 0 0 1 1 0 0 ...
 $ RaceHorse.IsHit5                 : int  0 0 0 0 0 0 0 0 0 0 ...
 $ RaceHorse.IsHit6                 : int  0 1 1 1 0 1 0 0 1 0 ...
 $ RaceHorse.IsValidRaceHorse       : logi  TRUE TRUE TRUE TRUE TRUE TRUE ...
 $ RaceHorse.IsHitA                 : int  0 0 0 0 1 0 0 0 0 1 ...
 $ RaceHorse.IsHitB                 : int  0 0 0 0 1 0 0 0 0 1 ...
 $ RaceHorse.IsHitC                 : int  0 0 0 0 1 0 0 0 0 1 ...
 $ Gen01.HansyokuNum                : Factor w/ 266 levels "11202295","11202006",..: 9 2 10 7 11 10 4 12 5 13 ...
 $ Gen01.TimeDvByRaceAvg            : num  52.4 51.8 49 53.3 50.9 ...
 $ Gen01.TimeDvByRaceMax            : num  68.6 66.7 64.9 73.4 69.6 ...
 $ Gen01.RunCount                   : int  113 75 19 309 34 70 48 50 33 52 ...
 $ Gen01.HitCount1                  : int  8 3 1 36 4 2 5 6 2 3 ...
 $ Gen01.HitCount2                  : int  12 6 0 34 7 3 5 3 1 7 ...
 $ Gen01.HitCount3                  : int  13 5 1 31 3 11 8 7 0 6 ...
 $ Gen01.HitCount4                  : int  9 5 1 15 3 5 5 3 3 6 ...
 $ Gen01.HitCount5                  : int  7 10 1 32 2 2 3 4 4 6 ...
 $ Gen01.HitRate1                   : num  0.0708 0.04 0.0526 0.1165 0.1176 ...
 $ Gen01.HitRate2                   : num  0.106 0.08 0 0.11 0.206 ...
 $ Gen01.HitRate3                   : num  0.115 0.0667 0.0526 0.1003 0.0882 ...
 $ Gen01.HitRate4                   : num  0.0796 0.0667 0.0526 0.0485 0.0882 ...
 $ Gen01.HitRate5                   : num  0.0619 0.1333 0.0526 0.1036 0.0588 ...
 $ EOF                              : int  1 1 1 1 1 1 1 1 1 1 ...
 - attr(*, "na.action")= 'omit' Named int  80 104 208 242 266 413 472 497 737 741 ...
  ..- attr(*, "names")= chr  "80" "104" "208" "242" ...
[1] "2022-02-04 05:05:08 --- Predict InputDataSet Finish ---"
[1] "2022-02-04 05:05:08 --- rxPredict (glm) Start ---"
[1] "analyzeFunc=glm"
Rows Read: 14811, Total Rows Processed: 14811, Total Chunk Time: Less than .001 seconds 
[1] "nrow(PredictDataSet) afte predict=14811"
[1] "str(PredictDataSet)"
'data.frame':	14811 obs. of  1 variable:
 $ RaceHorse.IsHitA_Pred: num  0.0781 0.0741 0.0636 0.0846 0.0744 ...
NULL
[1] "head(PredictDataSet) afte predict="
  RaceHorse.IsHitA_Pred
1            0.07805475
2            0.07405628
3            0.06357625
4            0.08457443
5            0.07435010
6            0.06549544
[1] "2022-02-04 05:05:08 --- rxPredict (glm) Finish ---"
[1] "2022-02-04 05:05:08 --- add key Start ---"
[1] "nrow(OutputDataSet) add KeyColmn=14811"
[1] "str(OutputDataSet) after add Key"
'data.frame':	14811 obs. of  2 variables:
 $ RaceHorse.RaceId  : Factor w/ 1147 levels "20200531-05-02-12-12",..: 11 12 13 14 15 16 17 18 19 20 ...
 $ RaceHorse.KettoNum: Factor w/ 3441 levels "2016104376","2012102095",..: 11 12 13 14 15 16 17 18 19 20 ...
NULL
[1] "2022-02-04 05:05:08 --- add key Finish ---"
[1] "2022-02-04 05:05:08 --- add PredictValue Start ---"
[1] "str(PredictDataSet) before rename="
[1] "colnames(PredictDataSet)=RaceHorse.IsHitA_Pred"
[1] "str(PredictDataSet) after rename="
'data.frame':	14811 obs. of  1 variable:
 $ PredictValue: num  0.0781 0.0741 0.0636 0.0846 0.0744 ...
NULL
[1] "str(OutputDataSet) before cbind="
'data.frame':	14811 obs. of  2 variables:
 $ RaceHorse.RaceId  : Factor w/ 1147 levels "20200531-05-02-12-12",..: 11 12 13 14 15 16 17 18 19 20 ...
 $ RaceHorse.KettoNum: Factor w/ 3441 levels "2016104376","2012102095",..: 11 12 13 14 15 16 17 18 19 20 ...
NULL
[1] "str(OutputDataSet) after cbind="
'data.frame':	14811 obs. of  3 variables:
 $ RaceHorse.RaceId  : Factor w/ 1147 levels "20200531-05-02-12-12",..: 11 12 13 14 15 16 17 18 19 20 ...
 $ RaceHorse.KettoNum: Factor w/ 3441 levels "2016104376","2012102095",..: 11 12 13 14 15 16 17 18 19 20 ...
 $ PredictValue      : num  0.0781 0.0741 0.0636 0.0846 0.0744 ...
NULL
[1] "2022-02-04 05:05:08 --- add PredictValue Finish ---"
[1] "2022-02-04 05:05:08 --- final Start ---"
[1] "nrow(OutputDataSet) final=14811"
[1] "head(OutputDataSet)="
      RaceHorse.RaceId RaceHorse.KettoNum PredictValue
1 20210228-09-01-06-11         2015104688   0.07805475
2 20191027-05-04-09-11         2016104650   0.07405628
3 20170409-09-02-06-11         2014106231   0.06357625
4 20200404-06-03-03-11         2015105461   0.08457443
5 20210509-07-03-02-10         2018105610   0.07435010
6 20170211-05-01-05-11         2014102387   0.06549544
[1] "str(OutputDataSet)="
'data.frame':	14811 obs. of  3 variables:
 $ RaceHorse.RaceId  : Factor w/ 1147 levels "20200531-05-02-12-12",..: 11 12 13 14 15 16 17 18 19 20 ...
 $ RaceHorse.KettoNum: Factor w/ 3441 levels "2016104376","2012102095",..: 11 12 13 14 15 16 17 18 19 20 ...
 $ PredictValue      : num  0.0781 0.0741 0.0636 0.0846 0.0744 ...
NULL
[1] "2022-02-04 05:05:08 --- final Finish ---"
[1] "2022-02-04 05:05:08 --- predict.R Finished ---"
[1] "2022-02-04 05:05:08 --- log Finish ---"
