[1] "2022-02-04 05:06:27 --- D1113_Predict_glm_Gen01_IsHitA_Type13 Start ---"
[1] "2022-02-04 05:06:27 --- Log Start ---"
[1] "2022-02-04 05:06:27 --- predict.R Start ---"
[1] "analyzeVersion=D1113"
[1] "analyzeCategory=Predict"
[1] "analyzeType=Gen01"
[1] "analyzeFamily=IsHitA"
[1] "analyzeFunc=glm"
[1] "analyzeTrackTypeCd=1"
[1] "analyzeJyokenCd=3"
[1] "2022-02-04 05:06:27 --- source_function.R Start ---"
[1] "2022-02-04 05:06:27 --- source_function.R Finished ---"

> print(paste0(Sys.time(), " --- source_library.R Start ---"))
[1] "2022-02-04 05:06:27 --- source_library.R Start ---"

> require("RevoScaleR")

> print(paste0(Sys.time(), " --- source_library.R Finished ---"))
[1] "2022-02-04 05:06:27 --- source_library.R Finished ---"
[1] "2022-02-04 05:06:27 --- Load Start ---"
[1] "loadFilename=RData_Analyze_glm_Gen01_Type13.RData"
[1] "2022-02-04 05:06:27 --- Load Finished ---"
[1] "2022-02-04 05:06:27 --- RxSqlServerData Start ---"
[1] "sqlQuery=SELECT * FROM ViewAnalyzeD1113analyze01Gen01Type13"
Rows Read: 17751, Total Rows Processed: 17751, Total Chunk Time: 121.258 seconds 
[1] "head(InputDataSet)="
           Race.RaceId Race.IsPredictedRace Race.IsAnalyzeNormalPastAndFuture
1 20211121-05-05-06-12                FALSE                              TRUE
2 20160321-07-02-04-10                FALSE                              TRUE
3 20170702-03-02-02-10                FALSE                              TRUE
4 20170520-08-03-09-12                FALSE                              TRUE
5 20210829-04-04-06-09                FALSE                              TRUE
6 20200426-03-01-06-12                FALSE                              TRUE
  Race.IsAnalyzeNormalPast Race.IsAnalyzeNormalFuture
1                    FALSE                       TRUE
2                     TRUE                      FALSE
3                     TRUE                      FALSE
4                     TRUE                      FALSE
5                    FALSE                       TRUE
6                     TRUE                      FALSE
  Race.IsAnalyzeFullPastAndFuture Race.IsAnalyzeFullPast
1                            TRUE                  FALSE
2                            TRUE                   TRUE
3                            TRUE                   TRUE
4                            TRUE                   TRUE
5                            TRUE                  FALSE
6                            TRUE                   TRUE
  Race.IsAnalyzeFullFuture Race.JyokenCd Race.JyoType1Cd   Race.RaceType0Cd
1                     TRUE             3     1-05-1400-1 1-05-1400-1-3-X-13
2                    FALSE             3     1-07-2000-1 1-07-2000-1-3-E-14
3                    FALSE             3     1-03-1200-1 1-03-1200-1-3-E-13
4                    FALSE             3     1-08-1800-1 1-08-1800-1-3-E-14
5                     TRUE             3     1-04-1600-1 1-04-1600-1-3-E-13
6                    FALSE             3     1-03-1200-1 1-03-1200-1-3-E-14
  Race.RaceType1Cd Race.RaceType2Cd Race.RaceType3Cd Race.RaceType4Cd
1            1-3-X            1-3-X           3-X-13           1-3-13
2            1-3-E            1-3-E           3-E-14           1-3-14
3            1-3-E            1-3-E           3-E-13           1-3-13
4            1-3-E            1-3-E           3-E-14           1-3-14
5            1-3-E            1-3-E           3-E-13           1-3-13
6            1-3-E            1-3-E           3-E-14           1-3-14
      RaceHorse.RaceId RaceHorse.KettoNum RaceHorse.IsHit1 RaceHorse.IsHit2
1 20211121-05-05-06-12         2017103423                0                0
2 20160321-07-02-04-10         2008103173                0                0
3 20170702-03-02-02-10         2012103033                0                0
4 20170520-08-03-09-12         2013106012                0                0
5 20210829-04-04-06-09         2018104595                0                0
6 20200426-03-01-06-12         2015104320                0                0
  RaceHorse.IsHit3 RaceHorse.IsHit4 RaceHorse.IsHit5 RaceHorse.IsHit6
1                0                1                0                0
2                0                0                0                1
3                1                0                0                0
4                0                1                0                0
5                0                0                0                1
6                0                0                1                0
  RaceHorse.IsValidRaceHorse RaceHorse.IsHitA RaceHorse.IsHitB RaceHorse.IsHitC
1                       TRUE                0                0                0
2                       TRUE                0                0                0
3                       TRUE                0                0                1
4                       TRUE                0                0                0
5                       TRUE                0                0                0
6                       TRUE                0                0                0
  Gen01.HansyokuNum Gen01.TimeDvByRaceAvg Gen01.TimeDvByRaceMax Gen01.RunCount
1          11202202              49.09659              67.85337             39
2          11202086              52.26304              72.92280            602
3          11201520              51.82188              72.80691            128
4          11202006              51.05299              73.68433            398
5          11202293              48.09751              69.50659            171
6          11202119              50.82617              73.67665            341
  Gen01.HitCount1 Gen01.HitCount2 Gen01.HitCount3 Gen01.HitCount4
1               5               1               2               3
2              58              59              55              65
3              12               7              11              15
4              35              33              33              35
5               5              12              13              12
6              22              33              26              27
  Gen01.HitCount5 Gen01.HitRate1 Gen01.HitRate2 Gen01.HitRate3 Gen01.HitRate4
1               4     0.12820513     0.02564103     0.05128205     0.07692308
2              63     0.09634551     0.09800664     0.09136213     0.10797342
3               7     0.09375000     0.05468750     0.08593750     0.11718750
4              37     0.08793970     0.08291457     0.08291457     0.08793970
5              16     0.02923977     0.07017544     0.07602339     0.07017544
6              23     0.06451613     0.09677419     0.07624633     0.07917889
  Gen01.HitRate5 EOF
1     0.10256410   1
2     0.10465116   1
3     0.05468750   1
4     0.09296482   1
5     0.09356725   1
6     0.06744868   1
[1] "object.size(InputDataSet) auto=3.9 Mb"
[1] "nrow(InputDataSet) RxSqlServerData=17751"
[1] "str(InputDataSet)="
'data.frame':	17751 obs. of  42 variables:
 $ Race.RaceId                      : Factor w/ 1465 levels "20191103-08-05-02-09",..: 11 12 13 14 15 16 17 18 19 20 ...
 $ Race.IsPredictedRace             : logi  FALSE FALSE FALSE FALSE FALSE FALSE ...
 $ Race.IsAnalyzeNormalPastAndFuture: logi  TRUE TRUE TRUE TRUE TRUE TRUE ...
 $ Race.IsAnalyzeNormalPast         : logi  FALSE TRUE TRUE TRUE FALSE TRUE ...
 $ Race.IsAnalyzeNormalFuture       : logi  TRUE FALSE FALSE FALSE TRUE FALSE ...
 $ Race.IsAnalyzeFullPastAndFuture  : logi  TRUE TRUE TRUE TRUE TRUE TRUE ...
 $ Race.IsAnalyzeFullPast           : logi  FALSE TRUE TRUE TRUE FALSE TRUE ...
 $ Race.IsAnalyzeFullFuture         : logi  TRUE FALSE FALSE FALSE TRUE FALSE ...
 $ Race.JyokenCd                    : Factor w/ 1 level "3": 1 1 1 1 1 1 1 1 1 1 ...
 $ Race.JyoType1Cd                  : Factor w/ 168 levels "1-08-1400-1",..: 4 10 11 3 12 11 2 3 11 7 ...
 $ Race.RaceType0Cd                 : Factor w/ 328 levels "1-08-1400-1-3-E-13",..: 10 11 12 3 13 14 15 16 14 7 ...
 $ Race.RaceType1Cd                 : Factor w/ 2 levels "1-3-E","1-3-X": 2 1 1 1 1 1 2 1 1 2 ...
 $ Race.RaceType2Cd                 : Factor w/ 2 levels "1-3-E","1-3-X": 2 1 1 1 1 1 2 1 1 2 ...
 $ Race.RaceType3Cd                 : Factor w/ 4 levels "3-E-13","3-E-14",..: 4 2 1 2 1 2 4 1 2 3 ...
 $ Race.RaceType4Cd                 : Factor w/ 2 levels "1-3-13","1-3-14": 1 2 1 2 1 2 1 1 2 2 ...
 $ RaceHorse.RaceId                 : Factor w/ 1465 levels "20191103-08-05-02-09",..: 11 12 13 14 15 16 17 18 19 20 ...
 $ RaceHorse.KettoNum               : Factor w/ 3468 levels "2015101665","2015101549",..: 11 12 13 14 15 16 17 18 19 20 ...
 $ RaceHorse.IsHit1                 : int  0 0 0 0 0 0 0 0 0 0 ...
 $ RaceHorse.IsHit2                 : int  0 0 0 0 0 0 0 0 0 0 ...
 $ RaceHorse.IsHit3                 : int  0 0 1 0 0 0 0 0 0 0 ...
 $ RaceHorse.IsHit4                 : int  1 0 0 1 0 0 0 0 0 0 ...
 $ RaceHorse.IsHit5                 : int  0 0 0 0 0 1 0 0 0 0 ...
 $ RaceHorse.IsHit6                 : int  0 1 0 0 1 0 1 1 1 1 ...
 $ RaceHorse.IsValidRaceHorse       : logi  TRUE TRUE TRUE TRUE TRUE TRUE ...
 $ RaceHorse.IsHitA                 : int  0 0 0 0 0 0 0 0 0 0 ...
 $ RaceHorse.IsHitB                 : int  0 0 0 0 0 0 0 0 0 0 ...
 $ RaceHorse.IsHitC                 : int  0 0 1 0 0 0 0 0 0 0 ...
 $ Gen01.HansyokuNum                : Factor w/ 291 levels "11202188","11202267",..: 10 3 4 11 12 13 13 5 4 13 ...
 $ Gen01.TimeDvByRaceAvg            : num  49.1 52.3 51.8 51.1 48.1 ...
 $ Gen01.TimeDvByRaceMax            : num  67.9 72.9 72.8 73.7 69.5 ...
 $ Gen01.RunCount                   : int  39 602 128 398 171 341 82 272 110 90 ...
 $ Gen01.HitCount1                  : int  5 58 12 35 5 22 12 31 10 8 ...
 $ Gen01.HitCount2                  : int  1 59 7 33 12 33 4 26 7 11 ...
 $ Gen01.HitCount3                  : int  2 55 11 33 13 26 3 37 11 5 ...
 $ Gen01.HitCount4                  : int  3 65 15 35 12 27 7 29 9 13 ...
 $ Gen01.HitCount5                  : int  4 63 7 37 16 23 8 29 6 5 ...
 $ Gen01.HitRate1                   : num  0.1282 0.0963 0.0938 0.0879 0.0292 ...
 $ Gen01.HitRate2                   : num  0.0256 0.098 0.0547 0.0829 0.0702 ...
 $ Gen01.HitRate3                   : num  0.0513 0.0914 0.0859 0.0829 0.076 ...
 $ Gen01.HitRate4                   : num  0.0769 0.108 0.1172 0.0879 0.0702 ...
 $ Gen01.HitRate5                   : num  0.1026 0.1047 0.0547 0.093 0.0936 ...
 $ EOF                              : int  1 1 1 1 1 1 1 1 1 1 ...
[1] "2022-02-04 05:10:42 --- RxSqlServerData Finish ---"
[1] "2022-02-04 05:10:42 --- subset Start ---"
[1] "nrow(InputDataSet) subset before=17751"
[1] "nrow(InputDataSet) subset after=17751"
[1] "nrow(InputDataSet) subset diff=0"
[1] "class(InputDataSet$Race.IsAnalyzeNormalPast)=logical"
[1] "class(InputDataSet$Race.analyzeTrackTypeCd)=NULL"
[1] "2022-02-04 05:10:42 --- subset Finish ---"
[1] "2022-02-04 05:10:42 --- transform Start ---"
[1] "2022-02-04 05:10:42 --- Transform Finished ---"
[1] "nrow(InputDataSet) transaform before=17751"
[1] "nrow(InputDataSet) transaform after=17751"
[1] "nrow(InputDataSet) transaform diff=0"
[1] "str(InputDataSet)="
'data.frame':	17751 obs. of  42 variables:
 $ Race.RaceId                      : Factor w/ 1465 levels "20191103-08-05-02-09",..: 11 12 13 14 15 16 17 18 19 20 ...
 $ Race.IsPredictedRace             : logi  FALSE FALSE FALSE FALSE FALSE FALSE ...
 $ Race.IsAnalyzeNormalPastAndFuture: logi  TRUE TRUE TRUE TRUE TRUE TRUE ...
 $ Race.IsAnalyzeNormalPast         : logi  FALSE TRUE TRUE TRUE FALSE TRUE ...
 $ Race.IsAnalyzeNormalFuture       : logi  TRUE FALSE FALSE FALSE TRUE FALSE ...
 $ Race.IsAnalyzeFullPastAndFuture  : logi  TRUE TRUE TRUE TRUE TRUE TRUE ...
 $ Race.IsAnalyzeFullPast           : logi  FALSE TRUE TRUE TRUE FALSE TRUE ...
 $ Race.IsAnalyzeFullFuture         : logi  TRUE FALSE FALSE FALSE TRUE FALSE ...
 $ Race.JyokenCd                    : Factor w/ 1 level "3": 1 1 1 1 1 1 1 1 1 1 ...
 $ Race.JyoType1Cd                  : Factor w/ 168 levels "1-08-1400-1",..: 4 10 11 3 12 11 2 3 11 7 ...
 $ Race.RaceType0Cd                 : Factor w/ 328 levels "1-08-1400-1-3-E-13",..: 10 11 12 3 13 14 15 16 14 7 ...
 $ Race.RaceType1Cd                 : Factor w/ 2 levels "1-3-E","1-3-X": 2 1 1 1 1 1 2 1 1 2 ...
 $ Race.RaceType2Cd                 : Factor w/ 2 levels "1-3-E","1-3-X": 2 1 1 1 1 1 2 1 1 2 ...
 $ Race.RaceType3Cd                 : Factor w/ 4 levels "3-E-13","3-E-14",..: 4 2 1 2 1 2 4 1 2 3 ...
 $ Race.RaceType4Cd                 : Factor w/ 2 levels "1-3-13","1-3-14": 1 2 1 2 1 2 1 1 2 2 ...
 $ RaceHorse.RaceId                 : Factor w/ 1465 levels "20191103-08-05-02-09",..: 11 12 13 14 15 16 17 18 19 20 ...
 $ RaceHorse.KettoNum               : Factor w/ 3468 levels "2015101665","2015101549",..: 11 12 13 14 15 16 17 18 19 20 ...
 $ RaceHorse.IsHit1                 : int  0 0 0 0 0 0 0 0 0 0 ...
 $ RaceHorse.IsHit2                 : int  0 0 0 0 0 0 0 0 0 0 ...
 $ RaceHorse.IsHit3                 : int  0 0 1 0 0 0 0 0 0 0 ...
 $ RaceHorse.IsHit4                 : int  1 0 0 1 0 0 0 0 0 0 ...
 $ RaceHorse.IsHit5                 : int  0 0 0 0 0 1 0 0 0 0 ...
 $ RaceHorse.IsHit6                 : int  0 1 0 0 1 0 1 1 1 1 ...
 $ RaceHorse.IsValidRaceHorse       : logi  TRUE TRUE TRUE TRUE TRUE TRUE ...
 $ RaceHorse.IsHitA                 : int  0 0 0 0 0 0 0 0 0 0 ...
 $ RaceHorse.IsHitB                 : int  0 0 0 0 0 0 0 0 0 0 ...
 $ RaceHorse.IsHitC                 : int  0 0 1 0 0 0 0 0 0 0 ...
 $ Gen01.HansyokuNum                : Factor w/ 291 levels "11202188","11202267",..: 10 3 4 11 12 13 13 5 4 13 ...
 $ Gen01.TimeDvByRaceAvg            : num  49.1 52.3 51.8 51.1 48.1 ...
 $ Gen01.TimeDvByRaceMax            : num  67.9 72.9 72.8 73.7 69.5 ...
 $ Gen01.RunCount                   : int  39 602 128 398 171 341 82 272 110 90 ...
 $ Gen01.HitCount1                  : int  5 58 12 35 5 22 12 31 10 8 ...
 $ Gen01.HitCount2                  : int  1 59 7 33 12 33 4 26 7 11 ...
 $ Gen01.HitCount3                  : int  2 55 11 33 13 26 3 37 11 5 ...
 $ Gen01.HitCount4                  : int  3 65 15 35 12 27 7 29 9 13 ...
 $ Gen01.HitCount5                  : int  4 63 7 37 16 23 8 29 6 5 ...
 $ Gen01.HitRate1                   : num  0.1282 0.0963 0.0938 0.0879 0.0292 ...
 $ Gen01.HitRate2                   : num  0.0256 0.098 0.0547 0.0829 0.0702 ...
 $ Gen01.HitRate3                   : num  0.0513 0.0914 0.0859 0.0829 0.076 ...
 $ Gen01.HitRate4                   : num  0.0769 0.108 0.1172 0.0879 0.0702 ...
 $ Gen01.HitRate5                   : num  0.1026 0.1047 0.0547 0.093 0.0936 ...
 $ EOF                              : int  1 1 1 1 1 1 1 1 1 1 ...
NULL
[1] "2022-02-04 05:10:42 --- transform Finish ---"
[1] "2022-02-04 05:10:42 --- na.omit Start ---"
[1] "nrow(InputDataSet) na.omit before=17751"
[1] "nrow(InputDataSet) na.omit after=17507"
[1] "nrow(InputDataSet) na.omit diff=244"
[1] "2022-02-04 05:10:42 --- na.omit Finish---"
[1] "2022-02-04 05:10:42 --- New Levels Start ---"
[1] "levels(data$Race.RaceType1Cd)=1-3-E" "levels(data$Race.RaceType1Cd)=1-3-X"
[1] "levels(InputDataSet$Race.RaceType1Cd)=1-3-E"
[2] "levels(InputDataSet$Race.RaceType1Cd)=1-3-X"
[1] "length(Race.RaceType1Cd.Index)=0"
[1] "2022-02-04 05:10:42 --- New Levels Finish ---"
[1] "2022-02-04 05:10:42 --- na.omit Start ---"
[1] "nrow(InputDataSet) na.omit levels before=17507"
[1] "nrow(InputDataSet) na.omit levels after=17507"
[1] "nrow(InputDataSet) na.omit levels diff=0"
[1] "2022-02-04 05:10:42 --- na.omit Finish ---"
[1] "2022-02-04 05:10:42 --- Predict InputDataSet Start ---"
[1] "nrow(InputDataSet) predict=17507"
[1] "str(InputDataSet)="
'data.frame':	17507 obs. of  42 variables:
 $ Race.RaceId                      : Factor w/ 1465 levels "20191103-08-05-02-09",..: 11 12 13 14 15 16 17 18 19 20 ...
 $ Race.IsPredictedRace             : logi  FALSE FALSE FALSE FALSE FALSE FALSE ...
 $ Race.IsAnalyzeNormalPastAndFuture: logi  TRUE TRUE TRUE TRUE TRUE TRUE ...
 $ Race.IsAnalyzeNormalPast         : logi  FALSE TRUE TRUE TRUE FALSE TRUE ...
 $ Race.IsAnalyzeNormalFuture       : logi  TRUE FALSE FALSE FALSE TRUE FALSE ...
 $ Race.IsAnalyzeFullPastAndFuture  : logi  TRUE TRUE TRUE TRUE TRUE TRUE ...
 $ Race.IsAnalyzeFullPast           : logi  FALSE TRUE TRUE TRUE FALSE TRUE ...
 $ Race.IsAnalyzeFullFuture         : logi  TRUE FALSE FALSE FALSE TRUE FALSE ...
 $ Race.JyokenCd                    : Factor w/ 1 level "3": 1 1 1 1 1 1 1 1 1 1 ...
 $ Race.JyoType1Cd                  : Factor w/ 168 levels "1-08-1400-1",..: 4 10 11 3 12 11 2 3 11 7 ...
 $ Race.RaceType0Cd                 : Factor w/ 328 levels "1-08-1400-1-3-E-13",..: 10 11 12 3 13 14 15 16 14 7 ...
 $ Race.RaceType1Cd                 : Factor w/ 2 levels "1-3-E","1-3-X": 2 1 1 1 1 1 2 1 1 2 ...
 $ Race.RaceType2Cd                 : Factor w/ 2 levels "1-3-E","1-3-X": 2 1 1 1 1 1 2 1 1 2 ...
 $ Race.RaceType3Cd                 : Factor w/ 4 levels "3-E-13","3-E-14",..: 4 2 1 2 1 2 4 1 2 3 ...
 $ Race.RaceType4Cd                 : Factor w/ 2 levels "1-3-13","1-3-14": 1 2 1 2 1 2 1 1 2 2 ...
 $ RaceHorse.RaceId                 : Factor w/ 1465 levels "20191103-08-05-02-09",..: 11 12 13 14 15 16 17 18 19 20 ...
 $ RaceHorse.KettoNum               : Factor w/ 3468 levels "2015101665","2015101549",..: 11 12 13 14 15 16 17 18 19 20 ...
 $ RaceHorse.IsHit1                 : int  0 0 0 0 0 0 0 0 0 0 ...
 $ RaceHorse.IsHit2                 : int  0 0 0 0 0 0 0 0 0 0 ...
 $ RaceHorse.IsHit3                 : int  0 0 1 0 0 0 0 0 0 0 ...
 $ RaceHorse.IsHit4                 : int  1 0 0 1 0 0 0 0 0 0 ...
 $ RaceHorse.IsHit5                 : int  0 0 0 0 0 1 0 0 0 0 ...
 $ RaceHorse.IsHit6                 : int  0 1 0 0 1 0 1 1 1 1 ...
 $ RaceHorse.IsValidRaceHorse       : logi  TRUE TRUE TRUE TRUE TRUE TRUE ...
 $ RaceHorse.IsHitA                 : int  0 0 0 0 0 0 0 0 0 0 ...
 $ RaceHorse.IsHitB                 : int  0 0 0 0 0 0 0 0 0 0 ...
 $ RaceHorse.IsHitC                 : int  0 0 1 0 0 0 0 0 0 0 ...
 $ Gen01.HansyokuNum                : Factor w/ 291 levels "11202188","11202267",..: 10 3 4 11 12 13 13 5 4 13 ...
 $ Gen01.TimeDvByRaceAvg            : num  49.1 52.3 51.8 51.1 48.1 ...
 $ Gen01.TimeDvByRaceMax            : num  67.9 72.9 72.8 73.7 69.5 ...
 $ Gen01.RunCount                   : int  39 602 128 398 171 341 82 272 110 90 ...
 $ Gen01.HitCount1                  : int  5 58 12 35 5 22 12 31 10 8 ...
 $ Gen01.HitCount2                  : int  1 59 7 33 12 33 4 26 7 11 ...
 $ Gen01.HitCount3                  : int  2 55 11 33 13 26 3 37 11 5 ...
 $ Gen01.HitCount4                  : int  3 65 15 35 12 27 7 29 9 13 ...
 $ Gen01.HitCount5                  : int  4 63 7 37 16 23 8 29 6 5 ...
 $ Gen01.HitRate1                   : num  0.1282 0.0963 0.0938 0.0879 0.0292 ...
 $ Gen01.HitRate2                   : num  0.0256 0.098 0.0547 0.0829 0.0702 ...
 $ Gen01.HitRate3                   : num  0.0513 0.0914 0.0859 0.0829 0.076 ...
 $ Gen01.HitRate4                   : num  0.0769 0.108 0.1172 0.0879 0.0702 ...
 $ Gen01.HitRate5                   : num  0.1026 0.1047 0.0547 0.093 0.0936 ...
 $ EOF                              : int  1 1 1 1 1 1 1 1 1 1 ...
 - attr(*, "na.action")= 'omit' Named int  165 251 309 335 350 445 519 681 702 950 ...
  ..- attr(*, "names")= chr  "165" "251" "309" "335" ...
[1] "2022-02-04 05:10:43 --- Predict InputDataSet Finish ---"
[1] "2022-02-04 05:10:43 --- rxPredict (glm) Start ---"
[1] "analyzeFunc=glm"
Rows Read: 17507, Total Rows Processed: 17507, Total Chunk Time: 0.001 seconds 
[1] "nrow(PredictDataSet) afte predict=17507"
[1] "str(PredictDataSet)"
'data.frame':	17507 obs. of  1 variable:
 $ RaceHorse.IsHitA_Pred: num  0.0658 0.0906 0.0867 0.0802 0.0594 ...
NULL
[1] "head(PredictDataSet) afte predict="
  RaceHorse.IsHitA_Pred
1            0.06576726
2            0.09055619
3            0.08665560
4            0.08021949
5            0.05935625
6            0.07840585
[1] "2022-02-04 05:10:43 --- rxPredict (glm) Finish ---"
[1] "2022-02-04 05:10:43 --- add key Start ---"
[1] "nrow(OutputDataSet) add KeyColmn=17507"
[1] "str(OutputDataSet) after add Key"
'data.frame':	17507 obs. of  2 variables:
 $ RaceHorse.RaceId  : Factor w/ 1465 levels "20191103-08-05-02-09",..: 11 12 13 14 15 16 17 18 19 20 ...
 $ RaceHorse.KettoNum: Factor w/ 3468 levels "2015101665","2015101549",..: 11 12 13 14 15 16 17 18 19 20 ...
NULL
[1] "2022-02-04 05:10:43 --- add key Finish ---"
[1] "2022-02-04 05:10:43 --- add PredictValue Start ---"
[1] "str(PredictDataSet) before rename="
[1] "colnames(PredictDataSet)=RaceHorse.IsHitA_Pred"
[1] "str(PredictDataSet) after rename="
'data.frame':	17507 obs. of  1 variable:
 $ PredictValue: num  0.0658 0.0906 0.0867 0.0802 0.0594 ...
NULL
[1] "str(OutputDataSet) before cbind="
'data.frame':	17507 obs. of  2 variables:
 $ RaceHorse.RaceId  : Factor w/ 1465 levels "20191103-08-05-02-09",..: 11 12 13 14 15 16 17 18 19 20 ...
 $ RaceHorse.KettoNum: Factor w/ 3468 levels "2015101665","2015101549",..: 11 12 13 14 15 16 17 18 19 20 ...
NULL
[1] "str(OutputDataSet) after cbind="
'data.frame':	17507 obs. of  3 variables:
 $ RaceHorse.RaceId  : Factor w/ 1465 levels "20191103-08-05-02-09",..: 11 12 13 14 15 16 17 18 19 20 ...
 $ RaceHorse.KettoNum: Factor w/ 3468 levels "2015101665","2015101549",..: 11 12 13 14 15 16 17 18 19 20 ...
 $ PredictValue      : num  0.0658 0.0906 0.0867 0.0802 0.0594 ...
NULL
[1] "2022-02-04 05:10:43 --- add PredictValue Finish ---"
[1] "2022-02-04 05:10:43 --- final Start ---"
[1] "nrow(OutputDataSet) final=17507"
[1] "head(OutputDataSet)="
      RaceHorse.RaceId RaceHorse.KettoNum PredictValue
1 20211121-05-05-06-12         2017103423   0.06576726
2 20160321-07-02-04-10         2008103173   0.09055619
3 20170702-03-02-02-10         2012103033   0.08665560
4 20170520-08-03-09-12         2013106012   0.08021949
5 20210829-04-04-06-09         2018104595   0.05935625
6 20200426-03-01-06-12         2015104320   0.07840585
[1] "str(OutputDataSet)="
'data.frame':	17507 obs. of  3 variables:
 $ RaceHorse.RaceId  : Factor w/ 1465 levels "20191103-08-05-02-09",..: 11 12 13 14 15 16 17 18 19 20 ...
 $ RaceHorse.KettoNum: Factor w/ 3468 levels "2015101665","2015101549",..: 11 12 13 14 15 16 17 18 19 20 ...
 $ PredictValue      : num  0.0658 0.0906 0.0867 0.0802 0.0594 ...
NULL
[1] "2022-02-04 05:10:43 --- final Finish ---"
[1] "2022-02-04 05:10:43 --- predict.R Finished ---"
[1] "2022-02-04 05:10:43 --- log Finish ---"
