[1] "2022-02-12 04:32:19 --- D1115_analyze_glm_Odds_IsHitA_Type23 Start ---"
[1] "2022-02-12 04:32:19 --- Log Start ---"
[1] "2022-02-12 04:32:19 --- analyze_glm.R Start ---"
[1] "analyzeVersion=D1115"
[1] "analyzeCategory=analyze"
[1] "analyzeType=Odds"
[1] "analyzeFamily=IsHitA"
[1] "analyzeFunc=glm"
[1] "analyzeTrackTypeCd=2"
[1] "analyzeJyokenCd=3"
[1] "2022-02-12 04:32:19 --- source_function.R Start ---"
[1] "2022-02-12 04:32:19 --- source_function.R Finished ---"

> print(paste0(Sys.time(), " --- source_library.R Start ---"))
[1] "2022-02-12 04:32:19 --- source_library.R Start ---"

> require("RevoScaleR")

> print(paste0(Sys.time(), " --- source_library.R Finished ---"))
[1] "2022-02-12 04:32:20 --- source_library.R Finished ---"
[1] "2022-02-12 04:32:20 --- RxSqlServerData Start ---"
[1] "2022-02-12 04:32:20 --- RxInSqlServer Start ---"
[1] "2022-02-12 04:32:20 --- RxInSqlServer Finish ---"
[1] "2022-02-12 04:32:20 --- rxSetComputeContext Start ---"
[1] "2022-02-12 04:32:20 --- rxSetComputeContext Finish ---"
[1] "2022-02-12 04:32:20 --- RxSqlServerData Start ---"
[1] "sqlQuery=SELECT * FROM ViewAnalyzeD1115analyze01OddsType23"
[1] "2022-02-12 04:32:20 --- RxSqlServerData Finish ---"
[1] "2022-02-12 04:32:20 --- rxGetVarInfo Start ---"
[1] "2022-02-12 04:32:20 --- rxGetVarInfo Finish---"
[1] "2022-02-12 04:32:21 --- rxImport Start ---"
Rows Read: 18974, Total Rows Processed: 18974, Total Chunk Time: 1.500 seconds 
[1] "2022-02-12 04:32:26 --- rxImport Finish ---"
[1] "object.size(data) auto=3.6 Mb"
[1] "--------------------------------------------------------------------------------"
[1] "nrow(data) RxSqlServerData=18974"
[1] "--------------------------------------------------------------------------------"
[1] "str(data)="
'data.frame':	18974 obs. of  35 variables:
 $ Race.RaceId                      : Factor w/ 1279 levels "20190629-03-02-01-10",..: 1 2 3 4 5 6 7 8 9 10 ...
 $ Race.IsPredictedRace             : logi  TRUE TRUE TRUE TRUE TRUE TRUE ...
 $ Race.IsAnalyzeNormalPastAndFuture: logi  TRUE TRUE TRUE TRUE TRUE TRUE ...
 $ Race.IsAnalyzeNormalPast         : logi  TRUE TRUE TRUE TRUE TRUE FALSE ...
 $ Race.IsAnalyzeNormalFuture       : logi  FALSE FALSE FALSE FALSE FALSE TRUE ...
 $ Race.IsAnalyzeFullPastAndFuture  : logi  TRUE TRUE TRUE TRUE TRUE TRUE ...
 $ Race.IsAnalyzeFullPast           : logi  TRUE TRUE TRUE TRUE TRUE FALSE ...
 $ Race.IsAnalyzeFullFuture         : logi  FALSE FALSE FALSE FALSE FALSE TRUE ...
 $ Race.JyokenCd                    : Factor w/ 1 level "3": 1 1 1 1 1 1 1 1 1 1 ...
 $ Race.JyoType1Cd                  : Factor w/ 112 levels "2-03-1150-2",..: 1 2 3 4 5 6 7 8 9 10 ...
 $ Race.RaceType0Cd                 : Factor w/ 280 levels "2-03-1150-2-3-E-13",..: 1 2 3 4 5 6 7 8 9 10 ...
 $ Race.RaceType1Cd                 : Factor w/ 2 levels "2-3-E","2-3-X": 1 1 1 2 1 2 2 1 1 2 ...
 $ Race.RaceType2Cd                 : Factor w/ 2 levels "2-3-E","2-3-X": 1 1 1 2 1 2 2 1 1 2 ...
 $ Race.RaceType3Cd                 : Factor w/ 4 levels "3-E-13","3-X-14",..: 1 1 1 2 1 2 2 3 1 2 ...
 $ Race.RaceType4Cd                 : Factor w/ 2 levels "2-3-13","2-3-14": 1 1 1 2 1 2 2 2 1 2 ...
 $ RaceHorse.RaceId                 : Factor w/ 1279 levels "20190629-03-02-01-10",..: 1 2 3 4 5 6 7 8 9 10 ...
 $ RaceHorse.KettoNum               : Factor w/ 3882 levels "2014100268","2014104353",..: 1 2 3 4 5 6 7 8 9 10 ...
 $ RaceHorse.IsHit1                 : int  0 0 0 0 0 0 0 0 0 0 ...
 $ RaceHorse.IsHit2                 : int  0 0 0 0 0 0 1 0 0 1 ...
 $ RaceHorse.IsHit3                 : int  0 0 0 0 0 1 0 0 0 0 ...
 $ RaceHorse.IsHit4                 : int  0 0 0 0 0 0 0 0 0 0 ...
 $ RaceHorse.IsHit5                 : int  0 0 0 0 0 0 0 0 0 0 ...
 $ RaceHorse.IsHit6                 : int  1 1 1 1 1 0 0 1 1 0 ...
 $ RaceHorse.IsValidRaceHorse       : logi  TRUE TRUE TRUE TRUE TRUE TRUE ...
 $ RaceHorse.IsHitA                 : int  0 0 0 0 0 0 0 0 0 0 ...
 $ RaceHorse.IsHitB                 : int  0 0 0 0 0 0 1 0 0 1 ...
 $ RaceHorse.IsHitC                 : int  0 0 0 0 0 1 1 0 0 1 ...
 $ OddsByWin.Odds1                  : num  26.9 47.4 156.4 171.4 18.1 ...
 $ OddsByWin.Ninki                  : num  8 10 15 14 6 2 1 13 5 1 ...
 $ OddsByWin.OddsLog1               : num  3.33 3.88 5.06 5.15 2.95 ...
 $ OddsByWin.OddsRatio1             : num  0.03861 0.02155 0.00644 0.00587 0.05848 ...
 $ OddsByWin.OddsLogit1             : num  -3.29 -3.86 -5.05 -5.14 -2.9 ...
 $ OddsByWin.ApprovalRate1          : num  0.03717 0.0211 0.00639 0.00583 0.05525 ...
 $ OddsByWin.ApprovalRateLog1       : num  0.0365 0.02088 0.00637 0.00582 0.05378 ...
 $ EOF                              : int  1 1 1 1 1 1 1 1 1 1 ...
[1] "2022-02-12 04:32:27 --- RxSqlServerData Finish ---"
[1] "2022-02-12 04:32:27 --- subset Start ---"
[1] "--------------------------------------------------------------------------------"
[1] "nrow(data) subset before=18974"
[1] "nrow(data) subset after =15131"
[1] "nrow(data) subset diff =3843"
[1] "--------------------------------------------------------------------------------"
[1] "2022-02-12 04:32:27 --- subset Finish---"
[1] "2022-02-12 04:32:27 --- transform Start ---"
[1] "--------------------------------------------------------------------------------"
[1] "nrow(data) transform before=15131"
[1] "nrow(data) transform after=15131"
[1] "nrow(data) transform diff=0"
[1] "--------------------------------------------------------------------------------"
[1] "str(data)="
'data.frame':	15131 obs. of  35 variables:
 $ Race.RaceId                      : Factor w/ 1279 levels "20190629-03-02-01-10",..: 1 2 3 4 5 10 11 12 13 14 ...
 $ Race.IsPredictedRace             : logi  TRUE TRUE TRUE TRUE TRUE TRUE ...
 $ Race.IsAnalyzeNormalPastAndFuture: logi  TRUE TRUE TRUE TRUE TRUE TRUE ...
 $ Race.IsAnalyzeNormalPast         : logi  TRUE TRUE TRUE TRUE TRUE TRUE ...
 $ Race.IsAnalyzeNormalFuture       : logi  FALSE FALSE FALSE FALSE FALSE FALSE ...
 $ Race.IsAnalyzeFullPastAndFuture  : logi  TRUE TRUE TRUE TRUE TRUE TRUE ...
 $ Race.IsAnalyzeFullPast           : logi  TRUE TRUE TRUE TRUE TRUE TRUE ...
 $ Race.IsAnalyzeFullFuture         : logi  FALSE FALSE FALSE FALSE FALSE FALSE ...
 $ Race.JyokenCd                    : Factor w/ 1 level "3": 1 1 1 1 1 1 1 1 1 1 ...
 $ Race.JyoType1Cd                  : Factor w/ 112 levels "2-03-1150-2",..: 1 2 3 4 5 10 11 5 12 13 ...
 $ Race.RaceType0Cd                 : Factor w/ 280 levels "2-03-1150-2-3-E-13",..: 1 2 3 4 5 10 11 5 12 13 ...
 $ Race.RaceType1Cd                 : Factor w/ 2 levels "2-3-E","2-3-X": 1 1 1 2 1 2 2 1 2 2 ...
 $ Race.RaceType2Cd                 : Factor w/ 2 levels "2-3-E","2-3-X": 1 1 1 2 1 2 2 1 2 2 ...
 $ Race.RaceType3Cd                 : Factor w/ 4 levels "3-E-13","3-X-14",..: 1 1 1 2 1 2 2 1 4 2 ...
 $ Race.RaceType4Cd                 : Factor w/ 2 levels "2-3-13","2-3-14": 1 1 1 2 1 2 2 1 1 2 ...
 $ RaceHorse.RaceId                 : Factor w/ 1279 levels "20190629-03-02-01-10",..: 1 2 3 4 5 10 11 12 13 14 ...
 $ RaceHorse.KettoNum               : Factor w/ 3882 levels "2014100268","2014104353",..: 1 2 3 4 5 10 11 12 13 14 ...
 $ RaceHorse.IsHit1                 : int  0 0 0 0 0 0 0 0 0 0 ...
 $ RaceHorse.IsHit2                 : int  0 0 0 0 0 1 0 0 0 0 ...
 $ RaceHorse.IsHit3                 : int  0 0 0 0 0 0 0 0 0 0 ...
 $ RaceHorse.IsHit4                 : int  0 0 0 0 0 0 0 0 1 0 ...
 $ RaceHorse.IsHit5                 : int  0 0 0 0 0 0 0 0 0 0 ...
 $ RaceHorse.IsHit6                 : int  1 1 1 1 1 0 1 1 0 1 ...
 $ RaceHorse.IsValidRaceHorse       : logi  TRUE TRUE TRUE TRUE TRUE TRUE ...
 $ RaceHorse.IsHitA                 : int  0 0 0 0 0 0 0 0 0 0 ...
 $ RaceHorse.IsHitB                 : int  0 0 0 0 0 1 0 0 0 0 ...
 $ RaceHorse.IsHitC                 : int  0 0 0 0 0 1 0 0 0 0 ...
 $ OddsByWin.Odds1                  : num  26.9 47.4 156.4 171.4 18.1 ...
 $ OddsByWin.Ninki                  : num  8 10 15 14 6 1 14 9 6 10 ...
 $ OddsByWin.OddsLog1               : num  3.33 3.88 5.06 5.15 2.95 ...
 $ OddsByWin.OddsRatio1             : num  0.03861 0.02155 0.00644 0.00587 0.05848 ...
 $ OddsByWin.OddsLogit1             : num  -3.29 -3.86 -5.05 -5.14 -2.9 ...
 $ OddsByWin.ApprovalRate1          : num  0.03717 0.0211 0.00639 0.00583 0.05525 ...
 $ OddsByWin.ApprovalRateLog1       : num  0.0365 0.02088 0.00637 0.00582 0.05378 ...
 $ EOF                              : int  1 1 1 1 1 1 1 1 1 1 ...
NULL
[1] "2022-02-12 04:32:28 --- transform Finish ---"
[1] "2022-02-12 04:32:28 --- na.omit Start ---"
[1] "--------------------------------------------------------------------------------"
[1] "nrow(data) na.omit before=15131"
[1] "nrow(data) na.omit after =15066"
[1] "nrow(data) na.omit diff =65"
[1] "--------------------------------------------------------------------------------"
'data.frame':	15066 obs. of  35 variables:
 $ Race.RaceId                      : Factor w/ 1279 levels "20190629-03-02-01-10",..: 1 2 3 4 5 10 11 12 13 14 ...
 $ Race.IsPredictedRace             : logi  TRUE TRUE TRUE TRUE TRUE TRUE ...
 $ Race.IsAnalyzeNormalPastAndFuture: logi  TRUE TRUE TRUE TRUE TRUE TRUE ...
 $ Race.IsAnalyzeNormalPast         : logi  TRUE TRUE TRUE TRUE TRUE TRUE ...
 $ Race.IsAnalyzeNormalFuture       : logi  FALSE FALSE FALSE FALSE FALSE FALSE ...
 $ Race.IsAnalyzeFullPastAndFuture  : logi  TRUE TRUE TRUE TRUE TRUE TRUE ...
 $ Race.IsAnalyzeFullPast           : logi  TRUE TRUE TRUE TRUE TRUE TRUE ...
 $ Race.IsAnalyzeFullFuture         : logi  FALSE FALSE FALSE FALSE FALSE FALSE ...
 $ Race.JyokenCd                    : Factor w/ 1 level "3": 1 1 1 1 1 1 1 1 1 1 ...
 $ Race.JyoType1Cd                  : Factor w/ 112 levels "2-03-1150-2",..: 1 2 3 4 5 10 11 5 12 13 ...
 $ Race.RaceType0Cd                 : Factor w/ 280 levels "2-03-1150-2-3-E-13",..: 1 2 3 4 5 10 11 5 12 13 ...
 $ Race.RaceType1Cd                 : Factor w/ 2 levels "2-3-E","2-3-X": 1 1 1 2 1 2 2 1 2 2 ...
 $ Race.RaceType2Cd                 : Factor w/ 2 levels "2-3-E","2-3-X": 1 1 1 2 1 2 2 1 2 2 ...
 $ Race.RaceType3Cd                 : Factor w/ 4 levels "3-E-13","3-X-14",..: 1 1 1 2 1 2 2 1 4 2 ...
 $ Race.RaceType4Cd                 : Factor w/ 2 levels "2-3-13","2-3-14": 1 1 1 2 1 2 2 1 1 2 ...
 $ RaceHorse.RaceId                 : Factor w/ 1279 levels "20190629-03-02-01-10",..: 1 2 3 4 5 10 11 12 13 14 ...
 $ RaceHorse.KettoNum               : Factor w/ 3882 levels "2014100268","2014104353",..: 1 2 3 4 5 10 11 12 13 14 ...
 $ RaceHorse.IsHit1                 : int  0 0 0 0 0 0 0 0 0 0 ...
 $ RaceHorse.IsHit2                 : int  0 0 0 0 0 1 0 0 0 0 ...
 $ RaceHorse.IsHit3                 : int  0 0 0 0 0 0 0 0 0 0 ...
 $ RaceHorse.IsHit4                 : int  0 0 0 0 0 0 0 0 1 0 ...
 $ RaceHorse.IsHit5                 : int  0 0 0 0 0 0 0 0 0 0 ...
 $ RaceHorse.IsHit6                 : int  1 1 1 1 1 0 1 1 0 1 ...
 $ RaceHorse.IsValidRaceHorse       : logi  TRUE TRUE TRUE TRUE TRUE TRUE ...
 $ RaceHorse.IsHitA                 : int  0 0 0 0 0 0 0 0 0 0 ...
 $ RaceHorse.IsHitB                 : int  0 0 0 0 0 1 0 0 0 0 ...
 $ RaceHorse.IsHitC                 : int  0 0 0 0 0 1 0 0 0 0 ...
 $ OddsByWin.Odds1                  : num  26.9 47.4 156.4 171.4 18.1 ...
 $ OddsByWin.Ninki                  : num  8 10 15 14 6 1 14 9 6 10 ...
 $ OddsByWin.OddsLog1               : num  3.33 3.88 5.06 5.15 2.95 ...
 $ OddsByWin.OddsRatio1             : num  0.03861 0.02155 0.00644 0.00587 0.05848 ...
 $ OddsByWin.OddsLogit1             : num  -3.29 -3.86 -5.05 -5.14 -2.9 ...
 $ OddsByWin.ApprovalRate1          : num  0.03717 0.0211 0.00639 0.00583 0.05525 ...
 $ OddsByWin.ApprovalRateLog1       : num  0.0365 0.02088 0.00637 0.00582 0.05378 ...
 $ EOF                              : int  1 1 1 1 1 1 1 1 1 1 ...
 - attr(*, "na.action")= 'omit' Named int  389 600 1024 1091 1174 1551 1588 1835 2299 2643 ...
  ..- attr(*, "names")= chr  "500" "751" "1276" "1356" ...
[1] "2022-02-12 04:32:29 --- na.omit Finish ---"
[1] "2022-02-12 04:32:29 --- rxGlm with rxStepControl Start ---"
[1] "2022-02-12 04:32:29 --- source_logic_glm.R Start ---"
[1] "2022-02-12 04:32:29 --- source_logic_glm.R Finished ---"
Rows Read: 15066, Total Rows Processed: 15066, Total Chunk Time: Less than .001 seconds 

Starting values (iteration 1) time: 0.034 secs.
Rows Read: 15066, Total Rows Processed: 15066, Total Chunk Time: Less than .001 seconds 

Iteration 2 time: 0.012 secs.
Rows Read: 15066, Total Rows Processed: 15066, Total Chunk Time: 0.002 seconds 

Iteration 3 time: 0.006 secs.
Rows Read: 15066, Total Rows Processed: 15066, Total Chunk Time: 0.002 seconds 

Iteration 4 time: 0.016 secs.
Rows Read: 15066, Total Rows Processed: 15066, Total Chunk Time: 0.002 seconds 

Iteration 5 time: 0.016 secs.
Rows Read: 15066, Total Rows Processed: 15066, Total Chunk Time: 0.002 seconds 

Iteration 6 time: 0.006 secs.

Elapsed computation time: 0.153 secs.
Rows Read: 15066, Total Rows Processed: 15066, Total Chunk Time: Less than .001 seconds 

Starting values (iteration 1) time: 0.019 secs.
Rows Read: 15066, Total Rows Processed: 15066, Total Chunk Time: 0.002 seconds 

Iteration 2 time: 0.022 secs.

Elapsed computation time: 0.067 secs.
Rows Read: 15066, Total Rows Processed: 15066, Total Chunk Time: 0.001 seconds 

Starting values (iteration 1) time: 0.016 secs.
Rows Read: 15066, Total Rows Processed: 15066, Total Chunk Time: 0.002 seconds 

Iteration 2 time: 0.006 secs.
Rows Read: 15066, Total Rows Processed: 15066, Total Chunk Time: 0.003 seconds 

Iteration 3 time: 0.010 secs.
Rows Read: 15066, Total Rows Processed: 15066, Total Chunk Time: 0.002 seconds 

Iteration 4 time: 0.015 secs.
Rows Read: 15066, Total Rows Processed: 15066, Total Chunk Time: 0.002 seconds 

Iteration 5 time: 0.009 secs.
Rows Read: 15066, Total Rows Processed: 15066, Total Chunk Time: 0.002 seconds 

Iteration 6 time: 0.013 secs.

Elapsed computation time: 0.122 secs.

Elapsed computation time: 0.368 secs.
[1] "analyze.results.glm.step="
Logistic Regression Results for: RaceHorse.IsHitA ~
    OddsByWin.OddsLogit1
Data: data
Dependent variable(s): RaceHorse.IsHitA
Total independent variables: 2 
Number of valid observations: 15066
Number of missing observations: 0 
 
Coefficients:
                     RaceHorse.IsHitA
(Intercept)                       0.3
OddsByWin.OddsLogit1              1.2
[1] "analyze.results.glm.step.summary"
Call:
rxLogit(formula = form, data = data, variableSelection = analyze.results.glm.step.varsel)

Logistic Regression Results for: RaceHorse.IsHitA ~
    OddsByWin.OddsLogit1
Data: data
Dependent variable(s): RaceHorse.IsHitA
Total independent variables: 2 
Number of valid observations: 15066
Number of missing observations: 0 
-2*LogLikelihood: 6047.628 (Residual deviance on 15064 degrees of freedom)
 
Coefficients:
                     Estimate Std. Error z value Pr(>|z|)    
(Intercept)            0.2654     0.0815    3.25   0.0011 ** 
OddsByWin.OddsLogit1   1.1602     0.0377   30.77  2.2e-16 ***
---
Signif. codes:  0 '***' 0.001 '**' 0.01 '*' 0.05 '.' 0.1 ' ' 1

Condition number of final variance-covariance matrix: 1 
Number of iterations: 6
[1] "2022-02-12 04:32:29 --- rxGlm with rxStepControl Finish ---"
[1] "2022-02-12 04:32:29 --- rxStepPlot Start ---"
[1] "pdfFilename=pdf_analyze_glm_Odds_Type23_rxStepPlot.pdf"
[1] "rxStepPlot="
[1] "2022-02-12 04:32:30 --- rxStepPlot Finish ---"
[1] "2022-02-12 04:32:30 --- save.image Start ---"
[1] "save.image"
[1] "rdataFilename=RData_analyze_glm_Odds_Type23.RData"
[1] "2022-02-12 04:32:30 --- save.image Finish ---"
[1] "2022-02-12 04:32:30 --- final Start ---"
[1] "--------------------------------------------------------------------------------"
[1] "nrow(data) final=15066"
[1] "--------------------------------------------------------------------------------"
[1] "2022-02-12 04:32:30 --- final Finish ---"
[1] "2022-02-12 04:32:30 --- analyze_glm.R Finished ---"
[1] "2022-02-12 04:32:30 --- log Finish ---"
