[1] "2022-02-11 20:58:22 --- D1115_Predict_glm_Odds_IsHitA_Type23 Start ---"
[1] "2022-02-11 20:58:22 --- Log Start ---"
[1] "2022-02-11 20:58:22 --- predict.R Start ---"
[1] "--------------------------------------------------------------------------------"
[1] "analyzeVersion=D1115"
[1] "analyzeCategory=Predict"
[1] "analyzeType=Odds"
[1] "analyzeFamily=IsHitA"
[1] "analyzeFunc=glm"
[1] "analyzeTrackTypeCd=2"
[1] "analyzeJyokenCd=3"
[1] "--------------------------------------------------------------------------------"
[1] "2022-02-11 20:58:22 --- source_function.R Start ---"
[1] "2022-02-11 20:58:22 --- source_function.R Finished ---"

> print(paste0(Sys.time(), " --- source_library.R Start ---"))
[1] "2022-02-11 20:58:22 --- source_library.R Start ---"

> require("RevoScaleR")

> print(paste0(Sys.time(), " --- source_library.R Finished ---"))
[1] "2022-02-11 20:58:22 --- source_library.R Finished ---"
[1] "2022-02-11 20:58:22 --- Load Start ---"
[1] "loadFilename=RData_Analyze_glm_Odds_Type23.RData"
[1] "2022-02-11 20:58:22 --- Load Finished ---"
[1] "2022-02-11 20:58:22 --- RxSqlServerData Start ---"
[1] "2022-02-11 20:58:22 --- RxInSqlServer Start ---"
[1] "2022-02-11 20:58:22 --- RxInSqlServer Finish ---"
[1] "2022-02-11 20:58:22 --- rxSetComputeContext Start ---"
[1] "2022-02-11 20:58:22 --- rxSetComputeContext Finish ---"
[1] "2022-02-11 20:58:22 --- RxSqlServerData Start ---"
[1] "sqlQuery=SELECT * FROM ViewAnalyzeD1115analyze01OddsType23"
[1] "2022-02-11 20:58:22 --- RxSqlServerData Finish ---"
[1] "2022-02-11 20:58:22 --- rxGetVarInfo Start ---"
[1] "2022-02-11 20:58:22 --- rxGetVarInfo Finish---"
[1] "2022-02-11 20:58:22 --- rxImport Start ---"
Rows Read: 18974, Total Rows Processed: 18974, Total Chunk Time: 0.287 seconds 
[1] "2022-02-11 20:58:23 --- rxImport Finish ---"
[1] "object.size(InputDataSet) auto=3.6 Mb"
[1] "--------------------------------------------------------------------------------"
[1] "nrow(InputDataSet) RxSqlServerData=18974"
[1] "--------------------------------------------------------------------------------"
[1] "str(InputDataSet)="
'data.frame':	18974 obs. of  35 variables:
 $ Race.RaceId                      : Factor w/ 1279 levels "20180331-09-02-03-12",..: 7 1 11 12 8 9 5 13 14 2 ...
 $ Race.IsPredictedRace             : logi  TRUE TRUE TRUE TRUE TRUE TRUE ...
 $ Race.IsAnalyzeNormalPastAndFuture: logi  TRUE TRUE TRUE TRUE TRUE TRUE ...
 $ Race.IsAnalyzeNormalPast         : logi  FALSE TRUE FALSE TRUE TRUE TRUE ...
 $ Race.IsAnalyzeNormalFuture       : logi  TRUE FALSE TRUE FALSE FALSE FALSE ...
 $ Race.IsAnalyzeFullPastAndFuture  : logi  TRUE TRUE TRUE TRUE TRUE TRUE ...
 $ Race.IsAnalyzeFullPast           : logi  FALSE TRUE FALSE TRUE TRUE TRUE ...
 $ Race.IsAnalyzeFullFuture         : logi  TRUE FALSE TRUE FALSE FALSE FALSE ...
 $ Race.JyokenCd                    : Factor w/ 1 level "3": 1 1 1 1 1 1 1 1 1 1 ...
 $ Race.JyoType1Cd                  : Factor w/ 112 levels "2-09-1800-1",..: 7 1 11 1 8 9 5 4 12 2 ...
 $ Race.RaceType0Cd                 : Factor w/ 280 levels "2-09-1800-1-3-X-14",..: 7 1 11 1 8 9 5 4 12 2 ...
 $ Race.RaceType1Cd                 : Factor w/ 2 levels "2-3-X","2-3-E": 2 1 2 1 1 1 1 2 1 2 ...
 $ Race.RaceType2Cd                 : Factor w/ 2 levels "2-3-X","2-3-E": 2 1 2 1 1 1 1 2 1 2 ...
 $ Race.RaceType3Cd                 : Factor w/ 4 levels "3-X-14","3-E-13",..: 2 1 4 1 3 1 1 2 1 2 ...
 $ Race.RaceType4Cd                 : Factor w/ 2 levels "2-3-14","2-3-13": 2 1 1 1 2 1 1 2 1 2 ...
 $ RaceHorse.RaceId                 : Factor w/ 1279 levels "20180331-09-02-03-12",..: 7 1 11 12 8 9 5 13 14 2 ...
 $ RaceHorse.KettoNum               : Factor w/ 3882 levels "2013101748","2014104353",..: 7 1 11 12 8 9 5 13 14 2 ...
 $ RaceHorse.IsHit1                 : int  0 0 0 0 0 1 0 0 0 0 ...
 $ RaceHorse.IsHit2                 : int  0 0 0 1 0 0 1 0 0 0 ...
 $ RaceHorse.IsHit3                 : int  0 0 0 0 0 0 0 0 1 0 ...
 $ RaceHorse.IsHit4                 : int  0 0 0 0 1 0 0 0 0 0 ...
 $ RaceHorse.IsHit5                 : int  0 0 0 0 0 0 0 0 0 0 ...
 $ RaceHorse.IsHit6                 : int  1 1 1 0 0 0 0 1 0 1 ...
 $ RaceHorse.IsValidRaceHorse       : logi  TRUE TRUE TRUE TRUE TRUE TRUE ...
 $ RaceHorse.IsHitA                 : int  0 0 0 0 0 1 0 0 0 0 ...
 $ RaceHorse.IsHitB                 : int  0 0 0 1 0 1 1 0 0 0 ...
 $ RaceHorse.IsHitC                 : int  0 0 0 1 0 1 1 0 1 0 ...
 $ OddsByWin.Odds1                  : num  19.7 181.5 279.8 2.5 11.4 ...
 $ OddsByWin.Ninki                  : num  5 13 13 1 6 1 1 9 2 10 ...
 $ OddsByWin.OddsLog1               : num  3.03 5.21 5.64 1.25 2.52 ...
 $ OddsByWin.OddsRatio1             : num  0.05348 0.00554 0.00359 0.66667 0.09615 ...
 $ OddsByWin.OddsLogit1             : num  -2.981 -5.201 -5.634 -0.916 -2.434 ...
 $ OddsByWin.ApprovalRate1          : num  0.05076 0.00551 0.00357 0.4 0.08772 ...
 $ OddsByWin.ApprovalRateLog1       : num  0.04952 0.00549 0.00357 0.33647 0.08408 ...
 $ EOF                              : int  1 1 1 1 1 1 1 1 1 1 ...
[1] "2022-02-11 20:58:23 --- RxSqlServerData Finish ---"
[1] "2022-02-11 20:58:23 --- subset Start ---"
[1] "--------------------------------------------------------------------------------"
[1] "nrow(InputDataSet) subset before=18974"
[1] "nrow(InputDataSet) subset after=18974"
[1] "nrow(InputDataSet) subset diff=0"
[1] "--------------------------------------------------------------------------------"
[1] "class(InputDataSet$Race.IsAnalyzeNormalPast)=logical"
[1] "class(InputDataSet$Race.analyzeTrackTypeCd)=NULL"
[1] "2022-02-11 20:58:23 --- subset Finish ---"
[1] "2022-02-11 20:58:23 --- transform Start ---"
[1] "--------------------------------------------------------------------------------"
[1] "nrow(InputDataSet) transaform before=18974"
[1] "nrow(InputDataSet) transaform after=18974"
[1] "nrow(InputDataSet) transaform diff=0"
[1] "--------------------------------------------------------------------------------"
[1] "str(InputDataSet)="
'data.frame':	18974 obs. of  35 variables:
 $ Race.RaceId                      : Factor w/ 1279 levels "20180331-09-02-03-12",..: 7 1 11 12 8 9 5 13 14 2 ...
 $ Race.IsPredictedRace             : logi  TRUE TRUE TRUE TRUE TRUE TRUE ...
 $ Race.IsAnalyzeNormalPastAndFuture: logi  TRUE TRUE TRUE TRUE TRUE TRUE ...
 $ Race.IsAnalyzeNormalPast         : logi  FALSE TRUE FALSE TRUE TRUE TRUE ...
 $ Race.IsAnalyzeNormalFuture       : logi  TRUE FALSE TRUE FALSE FALSE FALSE ...
 $ Race.IsAnalyzeFullPastAndFuture  : logi  TRUE TRUE TRUE TRUE TRUE TRUE ...
 $ Race.IsAnalyzeFullPast           : logi  FALSE TRUE FALSE TRUE TRUE TRUE ...
 $ Race.IsAnalyzeFullFuture         : logi  TRUE FALSE TRUE FALSE FALSE FALSE ...
 $ Race.JyokenCd                    : Factor w/ 1 level "3": 1 1 1 1 1 1 1 1 1 1 ...
 $ Race.JyoType1Cd                  : Factor w/ 112 levels "2-09-1800-1",..: 7 1 11 1 8 9 5 4 12 2 ...
 $ Race.RaceType0Cd                 : Factor w/ 280 levels "2-09-1800-1-3-X-14",..: 7 1 11 1 8 9 5 4 12 2 ...
 $ Race.RaceType1Cd                 : Factor w/ 2 levels "2-3-X","2-3-E": 2 1 2 1 1 1 1 2 1 2 ...
 $ Race.RaceType2Cd                 : Factor w/ 2 levels "2-3-X","2-3-E": 2 1 2 1 1 1 1 2 1 2 ...
 $ Race.RaceType3Cd                 : Factor w/ 4 levels "3-X-14","3-E-13",..: 2 1 4 1 3 1 1 2 1 2 ...
 $ Race.RaceType4Cd                 : Factor w/ 2 levels "2-3-14","2-3-13": 2 1 1 1 2 1 1 2 1 2 ...
 $ RaceHorse.RaceId                 : Factor w/ 1279 levels "20180331-09-02-03-12",..: 7 1 11 12 8 9 5 13 14 2 ...
 $ RaceHorse.KettoNum               : Factor w/ 3882 levels "2013101748","2014104353",..: 7 1 11 12 8 9 5 13 14 2 ...
 $ RaceHorse.IsHit1                 : int  0 0 0 0 0 1 0 0 0 0 ...
 $ RaceHorse.IsHit2                 : int  0 0 0 1 0 0 1 0 0 0 ...
 $ RaceHorse.IsHit3                 : int  0 0 0 0 0 0 0 0 1 0 ...
 $ RaceHorse.IsHit4                 : int  0 0 0 0 1 0 0 0 0 0 ...
 $ RaceHorse.IsHit5                 : int  0 0 0 0 0 0 0 0 0 0 ...
 $ RaceHorse.IsHit6                 : int  1 1 1 0 0 0 0 1 0 1 ...
 $ RaceHorse.IsValidRaceHorse       : logi  TRUE TRUE TRUE TRUE TRUE TRUE ...
 $ RaceHorse.IsHitA                 : int  0 0 0 0 0 1 0 0 0 0 ...
 $ RaceHorse.IsHitB                 : int  0 0 0 1 0 1 1 0 0 0 ...
 $ RaceHorse.IsHitC                 : int  0 0 0 1 0 1 1 0 1 0 ...
 $ OddsByWin.Odds1                  : num  19.7 181.5 279.8 2.5 11.4 ...
 $ OddsByWin.Ninki                  : num  5 13 13 1 6 1 1 9 2 10 ...
 $ OddsByWin.OddsLog1               : num  3.03 5.21 5.64 1.25 2.52 ...
 $ OddsByWin.OddsRatio1             : num  0.05348 0.00554 0.00359 0.66667 0.09615 ...
 $ OddsByWin.OddsLogit1             : num  -2.981 -5.201 -5.634 -0.916 -2.434 ...
 $ OddsByWin.ApprovalRate1          : num  0.05076 0.00551 0.00357 0.4 0.08772 ...
 $ OddsByWin.ApprovalRateLog1       : num  0.04952 0.00549 0.00357 0.33647 0.08408 ...
 $ EOF                              : int  1 1 1 1 1 1 1 1 1 1 ...
NULL
[1] "2022-02-11 20:58:23 --- transform Finish ---"
[1] "2022-02-11 20:58:23 --- na.omit Start ---"
[1] "--------------------------------------------------------------------------------"
[1] "nrow(InputDataSet) na.omit before=18974"
[1] "nrow(InputDataSet) na.omit after=18893"
[1] "nrow(InputDataSet) na.omit diff=81"
[1] "--------------------------------------------------------------------------------"
[1] "2022-02-11 20:58:23 --- na.omit Finish---"
[1] "2022-02-11 20:58:23 --- New Levels Start ---"
[1] "levels(data$Race.RaceType1Cd)=2-3-E" "levels(data$Race.RaceType1Cd)=2-3-X"
[1] "levels(InputDataSet$Race.RaceType1Cd)=2-3-X"
[2] "levels(InputDataSet$Race.RaceType1Cd)=2-3-E"
[1] "length(Race.RaceType1Cd.Index)=0"
[1] "2022-02-11 20:58:23 --- New Levels Finish ---"
[1] "2022-02-11 20:58:23 --- na.omit Start ---"
[1] "--------------------------------------------------------------------------------"
[1] "nrow(InputDataSet) na.omit levels before=18893"
[1] "nrow(InputDataSet) na.omit levels after=18893"
[1] "nrow(InputDataSet) na.omit levels diff=0"
[1] "--------------------------------------------------------------------------------"
[1] "2022-02-11 20:58:23 --- na.omit Finish ---"
[1] "2022-02-11 20:58:23 --- Predict InputDataSet Start ---"
[1] "--------------------------------------------------------------------------------"
[1] "nrow(InputDataSet) predict=18893"
[1] "--------------------------------------------------------------------------------"
[1] "str(InputDataSet)="
'data.frame':	18893 obs. of  35 variables:
 $ Race.RaceId                      : Factor w/ 1279 levels "20180331-09-02-03-12",..: 7 1 11 12 8 9 5 13 14 2 ...
 $ Race.IsPredictedRace             : logi  TRUE TRUE TRUE TRUE TRUE TRUE ...
 $ Race.IsAnalyzeNormalPastAndFuture: logi  TRUE TRUE TRUE TRUE TRUE TRUE ...
 $ Race.IsAnalyzeNormalPast         : logi  FALSE TRUE FALSE TRUE TRUE TRUE ...
 $ Race.IsAnalyzeNormalFuture       : logi  TRUE FALSE TRUE FALSE FALSE FALSE ...
 $ Race.IsAnalyzeFullPastAndFuture  : logi  TRUE TRUE TRUE TRUE TRUE TRUE ...
 $ Race.IsAnalyzeFullPast           : logi  FALSE TRUE FALSE TRUE TRUE TRUE ...
 $ Race.IsAnalyzeFullFuture         : logi  TRUE FALSE TRUE FALSE FALSE FALSE ...
 $ Race.JyokenCd                    : Factor w/ 1 level "3": 1 1 1 1 1 1 1 1 1 1 ...
 $ Race.JyoType1Cd                  : Factor w/ 112 levels "2-09-1800-1",..: 7 1 11 1 8 9 5 4 12 2 ...
 $ Race.RaceType0Cd                 : Factor w/ 280 levels "2-09-1800-1-3-X-14",..: 7 1 11 1 8 9 5 4 12 2 ...
 $ Race.RaceType1Cd                 : Factor w/ 2 levels "2-3-X","2-3-E": 2 1 2 1 1 1 1 2 1 2 ...
 $ Race.RaceType2Cd                 : Factor w/ 2 levels "2-3-X","2-3-E": 2 1 2 1 1 1 1 2 1 2 ...
 $ Race.RaceType3Cd                 : Factor w/ 4 levels "3-X-14","3-E-13",..: 2 1 4 1 3 1 1 2 1 2 ...
 $ Race.RaceType4Cd                 : Factor w/ 2 levels "2-3-14","2-3-13": 2 1 1 1 2 1 1 2 1 2 ...
 $ RaceHorse.RaceId                 : Factor w/ 1279 levels "20180331-09-02-03-12",..: 7 1 11 12 8 9 5 13 14 2 ...
 $ RaceHorse.KettoNum               : Factor w/ 3882 levels "2013101748","2014104353",..: 7 1 11 12 8 9 5 13 14 2 ...
 $ RaceHorse.IsHit1                 : int  0 0 0 0 0 1 0 0 0 0 ...
 $ RaceHorse.IsHit2                 : int  0 0 0 1 0 0 1 0 0 0 ...
 $ RaceHorse.IsHit3                 : int  0 0 0 0 0 0 0 0 1 0 ...
 $ RaceHorse.IsHit4                 : int  0 0 0 0 1 0 0 0 0 0 ...
 $ RaceHorse.IsHit5                 : int  0 0 0 0 0 0 0 0 0 0 ...
 $ RaceHorse.IsHit6                 : int  1 1 1 0 0 0 0 1 0 1 ...
 $ RaceHorse.IsValidRaceHorse       : logi  TRUE TRUE TRUE TRUE TRUE TRUE ...
 $ RaceHorse.IsHitA                 : int  0 0 0 0 0 1 0 0 0 0 ...
 $ RaceHorse.IsHitB                 : int  0 0 0 1 0 1 1 0 0 0 ...
 $ RaceHorse.IsHitC                 : int  0 0 0 1 0 1 1 0 1 0 ...
 $ OddsByWin.Odds1                  : num  19.7 181.5 279.8 2.5 11.4 ...
 $ OddsByWin.Ninki                  : num  5 13 13 1 6 1 1 9 2 10 ...
 $ OddsByWin.OddsLog1               : num  3.03 5.21 5.64 1.25 2.52 ...
 $ OddsByWin.OddsRatio1             : num  0.05348 0.00554 0.00359 0.66667 0.09615 ...
 $ OddsByWin.OddsLogit1             : num  -2.981 -5.201 -5.634 -0.916 -2.434 ...
 $ OddsByWin.ApprovalRate1          : num  0.05076 0.00551 0.00357 0.4 0.08772 ...
 $ OddsByWin.ApprovalRateLog1       : num  0.04952 0.00549 0.00357 0.33647 0.08408 ...
 $ EOF                              : int  1 1 1 1 1 1 1 1 1 1 ...
 - attr(*, "na.action")= 'omit' Named int  216 496 724 768 1026 1049 1119 1282 1437 2307 ...
  ..- attr(*, "names")= chr  "216" "496" "724" "768" ...
[1] "2022-02-11 20:58:23 --- Predict InputDataSet Finish ---"
[1] "2022-02-11 20:58:23 --- rxPredict (glm) Start ---"
[1] "analyzeFunc=glm"
Rows Read: 18893, Total Rows Processed: 18893, Total Chunk Time: Less than .001 seconds 
[1] "--------------------------------------------------------------------------------"
[1] "nrow(PredictDataSet) afte predict=18893"
[1] "--------------------------------------------------------------------------------"
[1] "str(PredictDataSet)"
'data.frame':	18893 obs. of  1 variable:
 $ RaceHorse.IsHitA_Pred: num  0.03944 0.00311 0.00189 0.31051 0.07188 ...
NULL
[1] "2022-02-11 20:58:23 --- rxPredict (glm) Finish ---"
[1] "2022-02-11 20:58:23 --- add key Start ---"
[1] "--------------------------------------------------------------------------------"
[1] "nrow(OutputDataSet) add KeyColmn=18893"
[1] "--------------------------------------------------------------------------------"
[1] "str(OutputDataSet) after add Key"
'data.frame':	18893 obs. of  2 variables:
 $ RaceHorse.RaceId  : Factor w/ 1279 levels "20180331-09-02-03-12",..: 7 1 11 12 8 9 5 13 14 2 ...
 $ RaceHorse.KettoNum: Factor w/ 3882 levels "2013101748","2014104353",..: 7 1 11 12 8 9 5 13 14 2 ...
NULL
[1] "2022-02-11 20:58:23 --- add key Finish ---"
[1] "2022-02-11 20:58:23 --- add PredictValue Start ---"
[1] "str(PredictDataSet) before rename="
[1] "colnames(PredictDataSet)=RaceHorse.IsHitA_Pred"
[1] "str(PredictDataSet) after rename="
'data.frame':	18893 obs. of  1 variable:
 $ PredictValue: num  0.03944 0.00311 0.00189 0.31051 0.07188 ...
NULL
[1] "str(OutputDataSet) before cbind="
'data.frame':	18893 obs. of  2 variables:
 $ RaceHorse.RaceId  : Factor w/ 1279 levels "20180331-09-02-03-12",..: 7 1 11 12 8 9 5 13 14 2 ...
 $ RaceHorse.KettoNum: Factor w/ 3882 levels "2013101748","2014104353",..: 7 1 11 12 8 9 5 13 14 2 ...
NULL
[1] "str(OutputDataSet) after cbind="
'data.frame':	18893 obs. of  3 variables:
 $ RaceHorse.RaceId  : Factor w/ 1279 levels "20180331-09-02-03-12",..: 7 1 11 12 8 9 5 13 14 2 ...
 $ RaceHorse.KettoNum: Factor w/ 3882 levels "2013101748","2014104353",..: 7 1 11 12 8 9 5 13 14 2 ...
 $ PredictValue      : num  0.03944 0.00311 0.00189 0.31051 0.07188 ...
NULL
[1] "2022-02-11 20:58:23 --- add PredictValue Finish ---"
[1] "2022-02-11 20:58:23 --- final Start ---"
[1] "--------------------------------------------------------------------------------"
[1] "nrow(OutputDataSet) final=18893"
[1] "--------------------------------------------------------------------------------"
[1] "str(OutputDataSet)="
'data.frame':	18893 obs. of  3 variables:
 $ RaceHorse.RaceId  : Factor w/ 1279 levels "20180331-09-02-03-12",..: 7 1 11 12 8 9 5 13 14 2 ...
 $ RaceHorse.KettoNum: Factor w/ 3882 levels "2013101748","2014104353",..: 7 1 11 12 8 9 5 13 14 2 ...
 $ PredictValue      : num  0.03944 0.00311 0.00189 0.31051 0.07188 ...
NULL
[1] "2022-02-11 20:58:24 --- final Finish ---"
[1] "2022-02-11 20:58:24 --- predict.R Finished ---"
[1] "2022-02-11 20:58:24 --- log Finish ---"
