[1] "2022-02-11 20:58:34 --- D1115_Predict_glm_Horse_IsHitA_Type23 Start ---"
[1] "2022-02-11 20:58:34 --- Log Start ---"
[1] "2022-02-11 20:58:34 --- predict.R Start ---"
[1] "--------------------------------------------------------------------------------"
[1] "analyzeVersion=D1115"
[1] "analyzeCategory=Predict"
[1] "analyzeType=Horse"
[1] "analyzeFamily=IsHitA"
[1] "analyzeFunc=glm"
[1] "analyzeTrackTypeCd=2"
[1] "analyzeJyokenCd=3"
[1] "--------------------------------------------------------------------------------"
[1] "2022-02-11 20:58:34 --- source_function.R Start ---"
[1] "2022-02-11 20:58:34 --- source_function.R Finished ---"

> print(paste0(Sys.time(), " --- source_library.R Start ---"))
[1] "2022-02-11 20:58:34 --- source_library.R Start ---"

> require("RevoScaleR")

> print(paste0(Sys.time(), " --- source_library.R Finished ---"))
[1] "2022-02-11 20:58:34 --- source_library.R Finished ---"
[1] "2022-02-11 20:58:34 --- Load Start ---"
[1] "loadFilename=RData_Analyze_glm_Horse_Type23.RData"
[1] "2022-02-11 20:58:34 --- Load Finished ---"
[1] "2022-02-11 20:58:34 --- RxSqlServerData Start ---"
[1] "2022-02-11 20:58:34 --- RxInSqlServer Start ---"
[1] "2022-02-11 20:58:34 --- RxInSqlServer Finish ---"
[1] "2022-02-11 20:58:34 --- rxSetComputeContext Start ---"
[1] "2022-02-11 20:58:34 --- rxSetComputeContext Finish ---"
[1] "2022-02-11 20:58:34 --- RxSqlServerData Start ---"
[1] "sqlQuery=SELECT * FROM ViewAnalyzeD1115analyze01HorseType23"
[1] "2022-02-11 20:58:34 --- RxSqlServerData Finish ---"
[1] "2022-02-11 20:58:34 --- rxGetVarInfo Start ---"
[1] "2022-02-11 20:58:34 --- rxGetVarInfo Finish---"
[1] "2022-02-11 20:58:34 --- rxImport Start ---"
Rows Read: 19031, Total Rows Processed: 19031, Total Chunk Time: 1.013 seconds 
[1] "2022-02-11 20:58:37 --- rxImport Finish ---"
[1] "object.size(InputDataSet) auto=4.2 Mb"
[1] "--------------------------------------------------------------------------------"
[1] "nrow(InputDataSet) RxSqlServerData=19031"
[1] "--------------------------------------------------------------------------------"
[1] "str(InputDataSet)="
'data.frame':	19031 obs. of  41 variables:
 $ Race.RaceId                      : Factor w/ 1284 levels "20210613-01-01-02-12",..: 1 1 1 1 1 1 1 1 1 2 ...
 $ Race.IsPredictedRace             : logi  TRUE TRUE TRUE TRUE TRUE TRUE ...
 $ Race.IsAnalyzeNormalPastAndFuture: logi  TRUE TRUE TRUE TRUE TRUE TRUE ...
 $ Race.IsAnalyzeNormalPast         : logi  FALSE FALSE FALSE FALSE FALSE FALSE ...
 $ Race.IsAnalyzeNormalFuture       : logi  TRUE TRUE TRUE TRUE TRUE TRUE ...
 $ Race.IsAnalyzeFullPastAndFuture  : logi  TRUE TRUE TRUE TRUE TRUE TRUE ...
 $ Race.IsAnalyzeFullPast           : logi  FALSE FALSE FALSE FALSE FALSE FALSE ...
 $ Race.IsAnalyzeFullFuture         : logi  TRUE TRUE TRUE TRUE TRUE TRUE ...
 $ Race.JyokenCd                    : Factor w/ 1 level "3": 1 1 1 1 1 1 1 1 1 1 ...
 $ Race.JyoType1Cd                  : Factor w/ 112 levels "2-01-1700-1",..: 1 1 1 1 1 1 1 1 1 2 ...
 $ Race.RaceType0Cd                 : Factor w/ 280 levels "2-01-1700-1-3-E-13",..: 1 1 1 1 1 1 1 1 1 2 ...
 $ Race.RaceType1Cd                 : Factor w/ 2 levels "2-3-E","2-3-X": 1 1 1 1 1 1 1 1 1 1 ...
 $ Race.RaceType2Cd                 : Factor w/ 2 levels "2-3-E","2-3-X": 1 1 1 1 1 1 1 1 1 1 ...
 $ Race.RaceType3Cd                 : Factor w/ 4 levels "3-E-13","3-E-14",..: 1 1 1 1 1 1 1 1 1 1 ...
 $ Race.RaceType4Cd                 : Factor w/ 2 levels "2-3-13","2-3-14": 1 1 1 1 1 1 1 1 1 1 ...
 $ RaceHorse.RaceId                 : Factor w/ 1284 levels "20210613-01-01-02-12",..: 1 1 1 1 1 1 1 1 1 2 ...
 $ RaceHorse.KettoNum               : Factor w/ 3888 levels "2017104164","2017102175",..: 1 2 3 4 5 6 7 8 9 10 ...
 $ RaceHorse.IsHit1                 : int  0 0 0 1 0 0 0 0 0 0 ...
 $ RaceHorse.IsHit2                 : int  0 1 0 0 0 0 0 0 0 0 ...
 $ RaceHorse.IsHit3                 : int  1 0 0 0 0 0 0 0 0 0 ...
 $ RaceHorse.IsHit4                 : int  0 0 0 0 1 0 0 0 0 0 ...
 $ RaceHorse.IsHit5                 : int  0 0 0 0 0 0 0 0 0 1 ...
 $ RaceHorse.IsHit6                 : int  0 0 1 0 0 1 1 1 1 0 ...
 $ RaceHorse.IsValidRaceHorse       : logi  TRUE TRUE TRUE TRUE TRUE TRUE ...
 $ RaceHorse.IsHitA                 : int  0 0 0 1 0 0 0 0 0 0 ...
 $ RaceHorse.IsHitB                 : int  0 1 0 1 0 0 0 0 0 0 ...
 $ RaceHorse.IsHitC                 : int  1 1 0 1 0 0 0 0 0 0 ...
 $ Horse.PrevKettoNum               : Factor w/ 3888 levels "2017104164","2017102175",..: 1 2 3 4 5 6 7 8 9 10 ...
 $ Horse.TimeDvByRaceAvg            : num  56.7 60.8 55.4 57.8 50.6 ...
 $ Horse.RunCount                   : int  21 12 22 19 18 18 11 12 11 11 ...
 $ Horse.HitCount1                  : int  2 2 2 2 2 1 1 1 1 2 ...
 $ Horse.HitCount2                  : int  3 4 3 3 1 3 2 1 2 4 ...
 $ Horse.HitCount3                  : int  4 1 4 4 0 1 0 4 1 0 ...
 $ Horse.HitCount4                  : int  1 3 2 2 0 1 0 0 2 2 ...
 $ Horse.HitCount5                  : int  3 1 2 3 5 2 1 2 0 1 ...
 $ Horse.HitRate1                   : num  0.0952 0.1667 0.0909 0.1053 0.1111 ...
 $ Horse.HitRate2                   : num  0.1429 0.3333 0.1364 0.1579 0.0556 ...
 $ Horse.HitRate3                   : num  0.1905 0.0833 0.1818 0.2105 0 ...
 $ Horse.HitRate4                   : num  0.0476 0.25 0.0909 0.1053 0 ...
 $ Horse.HitRate5                   : num  0.1429 0.0833 0.0909 0.1579 0.2778 ...
 $ EOF                              : int  1 1 1 1 1 1 1 1 1 1 ...
[1] "2022-02-11 20:58:37 --- RxSqlServerData Finish ---"
[1] "2022-02-11 20:58:37 --- subset Start ---"
[1] "--------------------------------------------------------------------------------"
[1] "nrow(InputDataSet) subset before=19031"
[1] "nrow(InputDataSet) subset after=19031"
[1] "nrow(InputDataSet) subset diff=0"
[1] "--------------------------------------------------------------------------------"
[1] "class(InputDataSet$Race.IsAnalyzeNormalPast)=logical"
[1] "class(InputDataSet$Race.analyzeTrackTypeCd)=NULL"
[1] "2022-02-11 20:58:37 --- subset Finish ---"
[1] "2022-02-11 20:58:37 --- transform Start ---"
[1] "--------------------------------------------------------------------------------"
[1] "nrow(InputDataSet) transaform before=19031"
[1] "nrow(InputDataSet) transaform after=19031"
[1] "nrow(InputDataSet) transaform diff=0"
[1] "--------------------------------------------------------------------------------"
[1] "str(InputDataSet)="
'data.frame':	19031 obs. of  41 variables:
 $ Race.RaceId                      : Factor w/ 1284 levels "20210613-01-01-02-12",..: 1 1 1 1 1 1 1 1 1 2 ...
 $ Race.IsPredictedRace             : logi  TRUE TRUE TRUE TRUE TRUE TRUE ...
 $ Race.IsAnalyzeNormalPastAndFuture: logi  TRUE TRUE TRUE TRUE TRUE TRUE ...
 $ Race.IsAnalyzeNormalPast         : logi  FALSE FALSE FALSE FALSE FALSE FALSE ...
 $ Race.IsAnalyzeNormalFuture       : logi  TRUE TRUE TRUE TRUE TRUE TRUE ...
 $ Race.IsAnalyzeFullPastAndFuture  : logi  TRUE TRUE TRUE TRUE TRUE TRUE ...
 $ Race.IsAnalyzeFullPast           : logi  FALSE FALSE FALSE FALSE FALSE FALSE ...
 $ Race.IsAnalyzeFullFuture         : logi  TRUE TRUE TRUE TRUE TRUE TRUE ...
 $ Race.JyokenCd                    : Factor w/ 1 level "3": 1 1 1 1 1 1 1 1 1 1 ...
 $ Race.JyoType1Cd                  : Factor w/ 112 levels "2-01-1700-1",..: 1 1 1 1 1 1 1 1 1 2 ...
 $ Race.RaceType0Cd                 : Factor w/ 280 levels "2-01-1700-1-3-E-13",..: 1 1 1 1 1 1 1 1 1 2 ...
 $ Race.RaceType1Cd                 : Factor w/ 2 levels "2-3-E","2-3-X": 1 1 1 1 1 1 1 1 1 1 ...
 $ Race.RaceType2Cd                 : Factor w/ 2 levels "2-3-E","2-3-X": 1 1 1 1 1 1 1 1 1 1 ...
 $ Race.RaceType3Cd                 : Factor w/ 4 levels "3-E-13","3-E-14",..: 1 1 1 1 1 1 1 1 1 1 ...
 $ Race.RaceType4Cd                 : Factor w/ 2 levels "2-3-13","2-3-14": 1 1 1 1 1 1 1 1 1 1 ...
 $ RaceHorse.RaceId                 : Factor w/ 1284 levels "20210613-01-01-02-12",..: 1 1 1 1 1 1 1 1 1 2 ...
 $ RaceHorse.KettoNum               : Factor w/ 3888 levels "2017104164","2017102175",..: 1 2 3 4 5 6 7 8 9 10 ...
 $ RaceHorse.IsHit1                 : int  0 0 0 1 0 0 0 0 0 0 ...
 $ RaceHorse.IsHit2                 : int  0 1 0 0 0 0 0 0 0 0 ...
 $ RaceHorse.IsHit3                 : int  1 0 0 0 0 0 0 0 0 0 ...
 $ RaceHorse.IsHit4                 : int  0 0 0 0 1 0 0 0 0 0 ...
 $ RaceHorse.IsHit5                 : int  0 0 0 0 0 0 0 0 0 1 ...
 $ RaceHorse.IsHit6                 : int  0 0 1 0 0 1 1 1 1 0 ...
 $ RaceHorse.IsValidRaceHorse       : logi  TRUE TRUE TRUE TRUE TRUE TRUE ...
 $ RaceHorse.IsHitA                 : int  0 0 0 1 0 0 0 0 0 0 ...
 $ RaceHorse.IsHitB                 : int  0 1 0 1 0 0 0 0 0 0 ...
 $ RaceHorse.IsHitC                 : int  1 1 0 1 0 0 0 0 0 0 ...
 $ Horse.PrevKettoNum               : Factor w/ 3888 levels "2017104164","2017102175",..: 1 2 3 4 5 6 7 8 9 10 ...
 $ Horse.TimeDvByRaceAvg            : num  56.7 60.8 55.4 57.8 50.6 ...
 $ Horse.RunCount                   : int  21 12 22 19 18 18 11 12 11 11 ...
 $ Horse.HitCount1                  : int  2 2 2 2 2 1 1 1 1 2 ...
 $ Horse.HitCount2                  : int  3 4 3 3 1 3 2 1 2 4 ...
 $ Horse.HitCount3                  : int  4 1 4 4 0 1 0 4 1 0 ...
 $ Horse.HitCount4                  : int  1 3 2 2 0 1 0 0 2 2 ...
 $ Horse.HitCount5                  : int  3 1 2 3 5 2 1 2 0 1 ...
 $ Horse.HitRate1                   : num  0.0952 0.1667 0.0909 0.1053 0.1111 ...
 $ Horse.HitRate2                   : num  0.1429 0.3333 0.1364 0.1579 0.0556 ...
 $ Horse.HitRate3                   : num  0.1905 0.0833 0.1818 0.2105 0 ...
 $ Horse.HitRate4                   : num  0.0476 0.25 0.0909 0.1053 0 ...
 $ Horse.HitRate5                   : num  0.1429 0.0833 0.0909 0.1579 0.2778 ...
 $ EOF                              : int  1 1 1 1 1 1 1 1 1 1 ...
NULL
[1] "2022-02-11 20:58:37 --- transform Finish ---"
[1] "2022-02-11 20:58:37 --- na.omit Start ---"
[1] "--------------------------------------------------------------------------------"
[1] "nrow(InputDataSet) na.omit before=19031"
[1] "nrow(InputDataSet) na.omit after=19031"
[1] "nrow(InputDataSet) na.omit diff=0"
[1] "--------------------------------------------------------------------------------"
[1] "2022-02-11 20:58:37 --- na.omit Finish---"
[1] "2022-02-11 20:58:37 --- New Levels Start ---"
[1] "levels(data$Race.RaceType1Cd)=2-3-E" "levels(data$Race.RaceType1Cd)=2-3-X"
[1] "levels(InputDataSet$Race.RaceType1Cd)=2-3-E"
[2] "levels(InputDataSet$Race.RaceType1Cd)=2-3-X"
[1] "length(Race.RaceType1Cd.Index)=0"
[1] "2022-02-11 20:58:37 --- New Levels Finish ---"
[1] "2022-02-11 20:58:37 --- na.omit Start ---"
[1] "--------------------------------------------------------------------------------"
[1] "nrow(InputDataSet) na.omit levels before=19031"
[1] "nrow(InputDataSet) na.omit levels after=19031"
[1] "nrow(InputDataSet) na.omit levels diff=0"
[1] "--------------------------------------------------------------------------------"
[1] "2022-02-11 20:58:37 --- na.omit Finish ---"
[1] "2022-02-11 20:58:37 --- Predict InputDataSet Start ---"
[1] "--------------------------------------------------------------------------------"
[1] "nrow(InputDataSet) predict=19031"
[1] "--------------------------------------------------------------------------------"
[1] "str(InputDataSet)="
'data.frame':	19031 obs. of  41 variables:
 $ Race.RaceId                      : Factor w/ 1284 levels "20210613-01-01-02-12",..: 1 1 1 1 1 1 1 1 1 2 ...
 $ Race.IsPredictedRace             : logi  TRUE TRUE TRUE TRUE TRUE TRUE ...
 $ Race.IsAnalyzeNormalPastAndFuture: logi  TRUE TRUE TRUE TRUE TRUE TRUE ...
 $ Race.IsAnalyzeNormalPast         : logi  FALSE FALSE FALSE FALSE FALSE FALSE ...
 $ Race.IsAnalyzeNormalFuture       : logi  TRUE TRUE TRUE TRUE TRUE TRUE ...
 $ Race.IsAnalyzeFullPastAndFuture  : logi  TRUE TRUE TRUE TRUE TRUE TRUE ...
 $ Race.IsAnalyzeFullPast           : logi  FALSE FALSE FALSE FALSE FALSE FALSE ...
 $ Race.IsAnalyzeFullFuture         : logi  TRUE TRUE TRUE TRUE TRUE TRUE ...
 $ Race.JyokenCd                    : Factor w/ 1 level "3": 1 1 1 1 1 1 1 1 1 1 ...
 $ Race.JyoType1Cd                  : Factor w/ 112 levels "2-01-1700-1",..: 1 1 1 1 1 1 1 1 1 2 ...
 $ Race.RaceType0Cd                 : Factor w/ 280 levels "2-01-1700-1-3-E-13",..: 1 1 1 1 1 1 1 1 1 2 ...
 $ Race.RaceType1Cd                 : Factor w/ 2 levels "2-3-E","2-3-X": 1 1 1 1 1 1 1 1 1 1 ...
 $ Race.RaceType2Cd                 : Factor w/ 2 levels "2-3-E","2-3-X": 1 1 1 1 1 1 1 1 1 1 ...
 $ Race.RaceType3Cd                 : Factor w/ 4 levels "3-E-13","3-E-14",..: 1 1 1 1 1 1 1 1 1 1 ...
 $ Race.RaceType4Cd                 : Factor w/ 2 levels "2-3-13","2-3-14": 1 1 1 1 1 1 1 1 1 1 ...
 $ RaceHorse.RaceId                 : Factor w/ 1284 levels "20210613-01-01-02-12",..: 1 1 1 1 1 1 1 1 1 2 ...
 $ RaceHorse.KettoNum               : Factor w/ 3888 levels "2017104164","2017102175",..: 1 2 3 4 5 6 7 8 9 10 ...
 $ RaceHorse.IsHit1                 : int  0 0 0 1 0 0 0 0 0 0 ...
 $ RaceHorse.IsHit2                 : int  0 1 0 0 0 0 0 0 0 0 ...
 $ RaceHorse.IsHit3                 : int  1 0 0 0 0 0 0 0 0 0 ...
 $ RaceHorse.IsHit4                 : int  0 0 0 0 1 0 0 0 0 0 ...
 $ RaceHorse.IsHit5                 : int  0 0 0 0 0 0 0 0 0 1 ...
 $ RaceHorse.IsHit6                 : int  0 0 1 0 0 1 1 1 1 0 ...
 $ RaceHorse.IsValidRaceHorse       : logi  TRUE TRUE TRUE TRUE TRUE TRUE ...
 $ RaceHorse.IsHitA                 : int  0 0 0 1 0 0 0 0 0 0 ...
 $ RaceHorse.IsHitB                 : int  0 1 0 1 0 0 0 0 0 0 ...
 $ RaceHorse.IsHitC                 : int  1 1 0 1 0 0 0 0 0 0 ...
 $ Horse.PrevKettoNum               : Factor w/ 3888 levels "2017104164","2017102175",..: 1 2 3 4 5 6 7 8 9 10 ...
 $ Horse.TimeDvByRaceAvg            : num  56.7 60.8 55.4 57.8 50.6 ...
 $ Horse.RunCount                   : int  21 12 22 19 18 18 11 12 11 11 ...
 $ Horse.HitCount1                  : int  2 2 2 2 2 1 1 1 1 2 ...
 $ Horse.HitCount2                  : int  3 4 3 3 1 3 2 1 2 4 ...
 $ Horse.HitCount3                  : int  4 1 4 4 0 1 0 4 1 0 ...
 $ Horse.HitCount4                  : int  1 3 2 2 0 1 0 0 2 2 ...
 $ Horse.HitCount5                  : int  3 1 2 3 5 2 1 2 0 1 ...
 $ Horse.HitRate1                   : num  0.0952 0.1667 0.0909 0.1053 0.1111 ...
 $ Horse.HitRate2                   : num  0.1429 0.3333 0.1364 0.1579 0.0556 ...
 $ Horse.HitRate3                   : num  0.1905 0.0833 0.1818 0.2105 0 ...
 $ Horse.HitRate4                   : num  0.0476 0.25 0.0909 0.1053 0 ...
 $ Horse.HitRate5                   : num  0.1429 0.0833 0.0909 0.1579 0.2778 ...
 $ EOF                              : int  1 1 1 1 1 1 1 1 1 1 ...
[1] "2022-02-11 20:58:37 --- Predict InputDataSet Finish ---"
[1] "2022-02-11 20:58:37 --- rxPredict (glm) Start ---"
[1] "analyzeFunc=glm"
Rows Read: 19031, Total Rows Processed: 19031, Total Chunk Time: Less than .001 seconds 
[1] "--------------------------------------------------------------------------------"
[1] "nrow(PredictDataSet) afte predict=19031"
[1] "--------------------------------------------------------------------------------"
[1] "str(PredictDataSet)"
'data.frame':	19031 obs. of  1 variable:
 $ RaceHorse.IsHitA_Pred: num  0.0585 0.1634 0.0563 0.0768 0.0286 ...
NULL
[1] "2022-02-11 20:58:37 --- rxPredict (glm) Finish ---"
[1] "2022-02-11 20:58:37 --- add key Start ---"
[1] "--------------------------------------------------------------------------------"
[1] "nrow(OutputDataSet) add KeyColmn=19031"
[1] "--------------------------------------------------------------------------------"
[1] "str(OutputDataSet) after add Key"
'data.frame':	19031 obs. of  2 variables:
 $ RaceHorse.RaceId  : Factor w/ 1284 levels "20210613-01-01-02-12",..: 1 1 1 1 1 1 1 1 1 2 ...
 $ RaceHorse.KettoNum: Factor w/ 3888 levels "2017104164","2017102175",..: 1 2 3 4 5 6 7 8 9 10 ...
NULL
[1] "2022-02-11 20:58:37 --- add key Finish ---"
[1] "2022-02-11 20:58:37 --- add PredictValue Start ---"
[1] "str(PredictDataSet) before rename="
[1] "colnames(PredictDataSet)=RaceHorse.IsHitA_Pred"
[1] "str(PredictDataSet) after rename="
'data.frame':	19031 obs. of  1 variable:
 $ PredictValue: num  0.0585 0.1634 0.0563 0.0768 0.0286 ...
NULL
[1] "str(OutputDataSet) before cbind="
'data.frame':	19031 obs. of  2 variables:
 $ RaceHorse.RaceId  : Factor w/ 1284 levels "20210613-01-01-02-12",..: 1 1 1 1 1 1 1 1 1 2 ...
 $ RaceHorse.KettoNum: Factor w/ 3888 levels "2017104164","2017102175",..: 1 2 3 4 5 6 7 8 9 10 ...
NULL
[1] "str(OutputDataSet) after cbind="
'data.frame':	19031 obs. of  3 variables:
 $ RaceHorse.RaceId  : Factor w/ 1284 levels "20210613-01-01-02-12",..: 1 1 1 1 1 1 1 1 1 2 ...
 $ RaceHorse.KettoNum: Factor w/ 3888 levels "2017104164","2017102175",..: 1 2 3 4 5 6 7 8 9 10 ...
 $ PredictValue      : num  0.0585 0.1634 0.0563 0.0768 0.0286 ...
NULL
[1] "2022-02-11 20:58:37 --- add PredictValue Finish ---"
[1] "2022-02-11 20:58:37 --- final Start ---"
[1] "--------------------------------------------------------------------------------"
[1] "nrow(OutputDataSet) final=19031"
[1] "--------------------------------------------------------------------------------"
[1] "str(OutputDataSet)="
'data.frame':	19031 obs. of  3 variables:
 $ RaceHorse.RaceId  : Factor w/ 1284 levels "20210613-01-01-02-12",..: 1 1 1 1 1 1 1 1 1 2 ...
 $ RaceHorse.KettoNum: Factor w/ 3888 levels "2017104164","2017102175",..: 1 2 3 4 5 6 7 8 9 10 ...
 $ PredictValue      : num  0.0585 0.1634 0.0563 0.0768 0.0286 ...
NULL
[1] "2022-02-11 20:58:37 --- final Finish ---"
[1] "2022-02-11 20:58:37 --- predict.R Finished ---"
[1] "2022-02-11 20:58:37 --- log Finish ---"
