[1] "2022-02-12 04:30:55 --- D1115_analyze_glm_Gen02_IsHitA_Type11 Start ---"
[1] "2022-02-12 04:30:55 --- Log Start ---"
[1] "2022-02-12 04:30:55 --- analyze_glm.R Start ---"
[1] "analyzeVersion=D1115"
[1] "analyzeCategory=analyze"
[1] "analyzeType=Gen02"
[1] "analyzeFamily=IsHitA"
[1] "analyzeFunc=glm"
[1] "analyzeTrackTypeCd=1"
[1] "analyzeJyokenCd=1"
[1] "2022-02-12 04:30:55 --- source_function.R Start ---"
[1] "2022-02-12 04:30:55 --- source_function.R Finished ---"

> print(paste0(Sys.time(), " --- source_library.R Start ---"))
[1] "2022-02-12 04:30:55 --- source_library.R Start ---"

> require("RevoScaleR")

> print(paste0(Sys.time(), " --- source_library.R Finished ---"))
[1] "2022-02-12 04:30:56 --- source_library.R Finished ---"
[1] "2022-02-12 04:30:56 --- RxSqlServerData Start ---"
[1] "2022-02-12 04:30:56 --- RxInSqlServer Start ---"
[1] "2022-02-12 04:30:56 --- RxInSqlServer Finish ---"
[1] "2022-02-12 04:30:56 --- rxSetComputeContext Start ---"
[1] "2022-02-12 04:30:56 --- rxSetComputeContext Finish ---"
[1] "2022-02-12 04:30:56 --- RxSqlServerData Start ---"
[1] "sqlQuery=SELECT * FROM ViewAnalyzeD1115analyze01Gen02Type11"
[1] "2022-02-12 04:30:56 --- RxSqlServerData Finish ---"
[1] "2022-02-12 04:30:56 --- rxGetVarInfo Start ---"
[1] "2022-02-12 04:30:59 --- rxGetVarInfo Finish---"
[1] "2022-02-12 04:30:59 --- rxImport Start ---"
Rows Read: 10646, Total Rows Processed: 10646, Total Chunk Time: 27.744 seconds 
[1] "2022-02-12 04:31:53 --- rxImport Finish ---"
[1] "object.size(data) auto=2.4 Mb"
[1] "--------------------------------------------------------------------------------"
[1] "nrow(data) RxSqlServerData=10646"
[1] "--------------------------------------------------------------------------------"
[1] "str(data)="
'data.frame':	10646 obs. of  41 variables:
 $ Race.RaceId                      : Factor w/ 1117 levels "20160110-08-01-03-11",..: 3 3 3 3 3 3 3 3 3 3 ...
 $ Race.IsPredictedRace             : logi  TRUE TRUE TRUE TRUE TRUE TRUE ...
 $ Race.IsAnalyzeNormalPastAndFuture: logi  TRUE TRUE TRUE TRUE TRUE TRUE ...
 $ Race.IsAnalyzeNormalPast         : logi  TRUE TRUE TRUE TRUE TRUE TRUE ...
 $ Race.IsAnalyzeNormalFuture       : logi  FALSE FALSE FALSE FALSE FALSE FALSE ...
 $ Race.IsAnalyzeFullPastAndFuture  : logi  TRUE TRUE TRUE TRUE TRUE TRUE ...
 $ Race.IsAnalyzeFullPast           : logi  TRUE TRUE TRUE TRUE TRUE TRUE ...
 $ Race.IsAnalyzeFullFuture         : logi  FALSE FALSE FALSE FALSE FALSE FALSE ...
 $ Race.JyokenCd                    : Factor w/ 1 level "1": 1 1 1 1 1 1 1 1 1 1 ...
 $ Race.JyoType1Cd                  : Factor w/ 155 levels "1-08-1600-1",..: 3 3 3 3 3 3 3 3 3 3 ...
 $ Race.RaceType0Cd                 : Factor w/ 420 levels "1-08-1600-1-1-C-12",..: 3 3 3 3 3 3 3 3 3 3 ...
 $ Race.RaceType1Cd                 : Factor w/ 6 levels "1-1-C","1-1-A",..: 1 1 1 1 1 1 1 1 1 1 ...
 $ Race.RaceType2Cd                 : Factor w/ 6 levels "1-1-C","1-1-A",..: 1 1 1 1 1 1 1 1 1 1 ...
 $ Race.RaceType3Cd                 : Factor w/ 22 levels "1-C-12","1-C-14",..: 2 2 2 2 2 2 2 2 2 2 ...
 $ Race.RaceType4Cd                 : Factor w/ 4 levels "1-1-12","1-1-14",..: 2 2 2 2 2 2 2 2 2 2 ...
 $ RaceHorse.RaceId                 : Factor w/ 1117 levels "20160110-08-01-03-11",..: 3 3 3 3 3 3 3 3 3 3 ...
 $ RaceHorse.KettoNum               : Factor w/ 2128 levels "2013100731","2013102547",..: 11 12 13 14 15 16 17 18 19 20 ...
 $ RaceHorse.IsHit1                 : int  0 0 0 0 0 0 0 1 0 0 ...
 $ RaceHorse.IsHit2                 : int  0 0 0 0 0 0 0 0 0 0 ...
 $ RaceHorse.IsHit3                 : int  1 0 0 0 0 0 0 0 0 0 ...
 $ RaceHorse.IsHit4                 : int  0 0 0 0 0 0 1 0 0 0 ...
 $ RaceHorse.IsHit5                 : int  0 0 0 0 0 0 0 0 0 1 ...
 $ RaceHorse.IsHit6                 : int  0 1 1 1 1 1 0 0 1 0 ...
 $ RaceHorse.IsValidRaceHorse       : logi  TRUE TRUE TRUE TRUE TRUE TRUE ...
 $ RaceHorse.IsHitA                 : int  0 0 0 0 0 0 0 1 0 0 ...
 $ RaceHorse.IsHitB                 : int  0 0 0 0 0 0 0 1 0 0 ...
 $ RaceHorse.IsHitC                 : int  1 0 0 0 0 0 0 1 0 0 ...
 $ Gen02.HansyokuNum                : Factor w/ 1570 levels "12252919","12257926",..: 11 12 13 14 15 16 17 18 19 20 ...
 $ Gen02.TimeDvByRaceAvg            : num  45.4 45.1 38.5 49.6 57.7 ...
 $ Gen02.RunCount                   : int  1 1 1 1 1 2 1 1 1 1 ...
 $ Gen02.HitCount1                  : int  0 0 0 0 0 0 0 0 0 0 ...
 $ Gen02.HitCount2                  : int  0 0 0 0 0 0 0 0 0 0 ...
 $ Gen02.HitCount3                  : int  0 0 0 0 0 0 0 0 0 0 ...
 $ Gen02.HitCount4                  : int  0 0 0 0 0 0 0 0 0 0 ...
 $ Gen02.HitCount5                  : int  0 0 0 0 0 1 0 0 0 1 ...
 $ Gen02.HitRate1                   : num  0 0 0 0 0 0 0 0 0 0 ...
 $ Gen02.HitRate2                   : num  0 0 0 0 0 0 0 0 0 0 ...
 $ Gen02.HitRate3                   : num  0 0 0 0 0 0 0 0 0 0 ...
 $ Gen02.HitRate4                   : num  0 0 0 0 0 0 0 0 0 0 ...
 $ Gen02.HitRate5                   : num  0 0 0 0 0 0.5 0 0 0 1 ...
 $ EOF                              : int  1 1 1 1 1 1 1 1 1 1 ...
[1] "2022-02-12 04:31:54 --- RxSqlServerData Finish ---"
[1] "2022-02-12 04:31:54 --- subset Start ---"
[1] "--------------------------------------------------------------------------------"
[1] "nrow(data) subset before=10646"
[1] "nrow(data) subset after =8653"
[1] "nrow(data) subset diff =1993"
[1] "--------------------------------------------------------------------------------"
[1] "2022-02-12 04:31:54 --- subset Finish---"
[1] "2022-02-12 04:31:54 --- transform Start ---"
[1] "--------------------------------------------------------------------------------"
[1] "nrow(data) transform before=8653"
[1] "nrow(data) transform after=8653"
[1] "nrow(data) transform diff=0"
[1] "--------------------------------------------------------------------------------"
[1] "str(data)="
'data.frame':	8653 obs. of  41 variables:
 $ Race.RaceId                      : Factor w/ 1117 levels "20160110-08-01-03-11",..: 3 3 3 3 3 3 3 3 3 3 ...
 $ Race.IsPredictedRace             : logi  TRUE TRUE TRUE TRUE TRUE TRUE ...
 $ Race.IsAnalyzeNormalPastAndFuture: logi  TRUE TRUE TRUE TRUE TRUE TRUE ...
 $ Race.IsAnalyzeNormalPast         : logi  TRUE TRUE TRUE TRUE TRUE TRUE ...
 $ Race.IsAnalyzeNormalFuture       : logi  FALSE FALSE FALSE FALSE FALSE FALSE ...
 $ Race.IsAnalyzeFullPastAndFuture  : logi  TRUE TRUE TRUE TRUE TRUE TRUE ...
 $ Race.IsAnalyzeFullPast           : logi  TRUE TRUE TRUE TRUE TRUE TRUE ...
 $ Race.IsAnalyzeFullFuture         : logi  FALSE FALSE FALSE FALSE FALSE FALSE ...
 $ Race.JyokenCd                    : Factor w/ 1 level "1": 1 1 1 1 1 1 1 1 1 1 ...
 $ Race.JyoType1Cd                  : Factor w/ 155 levels "1-08-1600-1",..: 3 3 3 3 3 3 3 3 3 3 ...
 $ Race.RaceType0Cd                 : Factor w/ 420 levels "1-08-1600-1-1-C-12",..: 3 3 3 3 3 3 3 3 3 3 ...
 $ Race.RaceType1Cd                 : Factor w/ 6 levels "1-1-C","1-1-A",..: 1 1 1 1 1 1 1 1 1 1 ...
 $ Race.RaceType2Cd                 : Factor w/ 6 levels "1-1-C","1-1-A",..: 1 1 1 1 1 1 1 1 1 1 ...
 $ Race.RaceType3Cd                 : Factor w/ 22 levels "1-C-12","1-C-14",..: 2 2 2 2 2 2 2 2 2 2 ...
 $ Race.RaceType4Cd                 : Factor w/ 4 levels "1-1-12","1-1-14",..: 2 2 2 2 2 2 2 2 2 2 ...
 $ RaceHorse.RaceId                 : Factor w/ 1117 levels "20160110-08-01-03-11",..: 3 3 3 3 3 3 3 3 3 3 ...
 $ RaceHorse.KettoNum               : Factor w/ 2128 levels "2013100731","2013102547",..: 11 12 13 14 15 16 17 18 19 20 ...
 $ RaceHorse.IsHit1                 : int  0 0 0 0 0 0 0 1 0 0 ...
 $ RaceHorse.IsHit2                 : int  0 0 0 0 0 0 0 0 0 0 ...
 $ RaceHorse.IsHit3                 : int  1 0 0 0 0 0 0 0 0 0 ...
 $ RaceHorse.IsHit4                 : int  0 0 0 0 0 0 1 0 0 0 ...
 $ RaceHorse.IsHit5                 : int  0 0 0 0 0 0 0 0 0 1 ...
 $ RaceHorse.IsHit6                 : int  0 1 1 1 1 1 0 0 1 0 ...
 $ RaceHorse.IsValidRaceHorse       : logi  TRUE TRUE TRUE TRUE TRUE TRUE ...
 $ RaceHorse.IsHitA                 : int  0 0 0 0 0 0 0 1 0 0 ...
 $ RaceHorse.IsHitB                 : int  0 0 0 0 0 0 0 1 0 0 ...
 $ RaceHorse.IsHitC                 : int  1 0 0 0 0 0 0 1 0 0 ...
 $ Gen02.HansyokuNum                : Factor w/ 1570 levels "12252919","12257926",..: 11 12 13 14 15 16 17 18 19 20 ...
 $ Gen02.TimeDvByRaceAvg            : num  45.4 45.1 38.5 49.6 57.7 ...
 $ Gen02.RunCount                   : int  1 1 1 1 1 2 1 1 1 1 ...
 $ Gen02.HitCount1                  : int  0 0 0 0 0 0 0 0 0 0 ...
 $ Gen02.HitCount2                  : int  0 0 0 0 0 0 0 0 0 0 ...
 $ Gen02.HitCount3                  : int  0 0 0 0 0 0 0 0 0 0 ...
 $ Gen02.HitCount4                  : int  0 0 0 0 0 0 0 0 0 0 ...
 $ Gen02.HitCount5                  : int  0 0 0 0 0 1 0 0 0 1 ...
 $ Gen02.HitRate1                   : num  0 0 0 0 0 0 0 0 0 0 ...
 $ Gen02.HitRate2                   : num  0 0 0 0 0 0 0 0 0 0 ...
 $ Gen02.HitRate3                   : num  0 0 0 0 0 0 0 0 0 0 ...
 $ Gen02.HitRate4                   : num  0 0 0 0 0 0 0 0 0 0 ...
 $ Gen02.HitRate5                   : num  0 0 0 0 0 0.5 0 0 0 1 ...
 $ EOF                              : int  1 1 1 1 1 1 1 1 1 1 ...
NULL
[1] "2022-02-12 04:31:54 --- transform Finish ---"
[1] "2022-02-12 04:31:54 --- na.omit Start ---"
[1] "--------------------------------------------------------------------------------"
[1] "nrow(data) na.omit before=8653"
[1] "nrow(data) na.omit after =8653"
[1] "nrow(data) na.omit diff =0"
[1] "--------------------------------------------------------------------------------"
'data.frame':	8653 obs. of  41 variables:
 $ Race.RaceId                      : Factor w/ 1117 levels "20160110-08-01-03-11",..: 3 3 3 3 3 3 3 3 3 3 ...
 $ Race.IsPredictedRace             : logi  TRUE TRUE TRUE TRUE TRUE TRUE ...
 $ Race.IsAnalyzeNormalPastAndFuture: logi  TRUE TRUE TRUE TRUE TRUE TRUE ...
 $ Race.IsAnalyzeNormalPast         : logi  TRUE TRUE TRUE TRUE TRUE TRUE ...
 $ Race.IsAnalyzeNormalFuture       : logi  FALSE FALSE FALSE FALSE FALSE FALSE ...
 $ Race.IsAnalyzeFullPastAndFuture  : logi  TRUE TRUE TRUE TRUE TRUE TRUE ...
 $ Race.IsAnalyzeFullPast           : logi  TRUE TRUE TRUE TRUE TRUE TRUE ...
 $ Race.IsAnalyzeFullFuture         : logi  FALSE FALSE FALSE FALSE FALSE FALSE ...
 $ Race.JyokenCd                    : Factor w/ 1 level "1": 1 1 1 1 1 1 1 1 1 1 ...
 $ Race.JyoType1Cd                  : Factor w/ 155 levels "1-08-1600-1",..: 3 3 3 3 3 3 3 3 3 3 ...
 $ Race.RaceType0Cd                 : Factor w/ 420 levels "1-08-1600-1-1-C-12",..: 3 3 3 3 3 3 3 3 3 3 ...
 $ Race.RaceType1Cd                 : Factor w/ 6 levels "1-1-C","1-1-A",..: 1 1 1 1 1 1 1 1 1 1 ...
 $ Race.RaceType2Cd                 : Factor w/ 6 levels "1-1-C","1-1-A",..: 1 1 1 1 1 1 1 1 1 1 ...
 $ Race.RaceType3Cd                 : Factor w/ 22 levels "1-C-12","1-C-14",..: 2 2 2 2 2 2 2 2 2 2 ...
 $ Race.RaceType4Cd                 : Factor w/ 4 levels "1-1-12","1-1-14",..: 2 2 2 2 2 2 2 2 2 2 ...
 $ RaceHorse.RaceId                 : Factor w/ 1117 levels "20160110-08-01-03-11",..: 3 3 3 3 3 3 3 3 3 3 ...
 $ RaceHorse.KettoNum               : Factor w/ 2128 levels "2013100731","2013102547",..: 11 12 13 14 15 16 17 18 19 20 ...
 $ RaceHorse.IsHit1                 : int  0 0 0 0 0 0 0 1 0 0 ...
 $ RaceHorse.IsHit2                 : int  0 0 0 0 0 0 0 0 0 0 ...
 $ RaceHorse.IsHit3                 : int  1 0 0 0 0 0 0 0 0 0 ...
 $ RaceHorse.IsHit4                 : int  0 0 0 0 0 0 1 0 0 0 ...
 $ RaceHorse.IsHit5                 : int  0 0 0 0 0 0 0 0 0 1 ...
 $ RaceHorse.IsHit6                 : int  0 1 1 1 1 1 0 0 1 0 ...
 $ RaceHorse.IsValidRaceHorse       : logi  TRUE TRUE TRUE TRUE TRUE TRUE ...
 $ RaceHorse.IsHitA                 : int  0 0 0 0 0 0 0 1 0 0 ...
 $ RaceHorse.IsHitB                 : int  0 0 0 0 0 0 0 1 0 0 ...
 $ RaceHorse.IsHitC                 : int  1 0 0 0 0 0 0 1 0 0 ...
 $ Gen02.HansyokuNum                : Factor w/ 1570 levels "12252919","12257926",..: 11 12 13 14 15 16 17 18 19 20 ...
 $ Gen02.TimeDvByRaceAvg            : num  45.4 45.1 38.5 49.6 57.7 ...
 $ Gen02.RunCount                   : int  1 1 1 1 1 2 1 1 1 1 ...
 $ Gen02.HitCount1                  : int  0 0 0 0 0 0 0 0 0 0 ...
 $ Gen02.HitCount2                  : int  0 0 0 0 0 0 0 0 0 0 ...
 $ Gen02.HitCount3                  : int  0 0 0 0 0 0 0 0 0 0 ...
 $ Gen02.HitCount4                  : int  0 0 0 0 0 0 0 0 0 0 ...
 $ Gen02.HitCount5                  : int  0 0 0 0 0 1 0 0 0 1 ...
 $ Gen02.HitRate1                   : num  0 0 0 0 0 0 0 0 0 0 ...
 $ Gen02.HitRate2                   : num  0 0 0 0 0 0 0 0 0 0 ...
 $ Gen02.HitRate3                   : num  0 0 0 0 0 0 0 0 0 0 ...
 $ Gen02.HitRate4                   : num  0 0 0 0 0 0 0 0 0 0 ...
 $ Gen02.HitRate5                   : num  0 0 0 0 0 0.5 0 0 0 1 ...
 $ EOF                              : int  1 1 1 1 1 1 1 1 1 1 ...
[1] "2022-02-12 04:31:55 --- na.omit Finish ---"
[1] "2022-02-12 04:31:55 --- rxGlm with rxStepControl Start ---"
[1] "2022-02-12 04:31:55 --- source_logic_glm.R Start ---"
[1] "2022-02-12 04:31:55 --- source_logic_glm.R Finished ---"
Rows Read: 8653, Total Rows Processed: 8653, Total Chunk Time: Less than .001 seconds 

Starting values (iteration 1) time: 0.027 secs.
Rows Read: 8653, Total Rows Processed: 8653, Total Chunk Time: 0.002 seconds 

Iteration 2 time: 0.006 secs.
Rows Read: 8653, Total Rows Processed: 8653, Total Chunk Time: Less than .001 seconds 

Iteration 3 time: 0.005 secs.
Rows Read: 8653, Total Rows Processed: 8653, Total Chunk Time: Less than .001 seconds 

Iteration 4 time: 0.005 secs.
Rows Read: 8653, Total Rows Processed: 8653, Total Chunk Time: Less than .001 seconds 

Iteration 5 time: 0.006 secs.

Elapsed computation time: 0.072 secs.
Rows Read: 8653, Total Rows Processed: 8653, Total Chunk Time: Less than .001 seconds 

Starting values (iteration 1) time: 0.007 secs.
Rows Read: 8653, Total Rows Processed: 8653, Total Chunk Time: 0.002 seconds 

Iteration 2 time: 0.006 secs.

Elapsed computation time: 0.024 secs.
Rows Read: 8653, Total Rows Processed: 8653, Total Chunk Time: 0.001 seconds 

Starting values (iteration 1) time: 0.007 secs.
Rows Read: 8653, Total Rows Processed: 8653, Total Chunk Time: 0.001 seconds 

Iteration 2 time: 0.006 secs.
Rows Read: 8653, Total Rows Processed: 8653, Total Chunk Time: 0.001 seconds 

Iteration 3 time: 0.004 secs.
Rows Read: 8653, Total Rows Processed: 8653, Total Chunk Time: 0.002 seconds 

Iteration 4 time: 0.005 secs.
Rows Read: 8653, Total Rows Processed: 8653, Total Chunk Time: 0.002 seconds 

Iteration 5 time: 0.009 secs.

Elapsed computation time: 0.060 secs.

Elapsed computation time: 0.173 secs.
[1] "analyze.results.glm.step="
Logistic Regression Results for: RaceHorse.IsHitA ~ Gen02.HitRate1
Data: data
Dependent variable(s): RaceHorse.IsHitA
Total independent variables: 2 
Number of valid observations: 8653
Number of missing observations: 0 
 
Coefficients:
               RaceHorse.IsHitA
(Intercept)                  -3
Gen02.HitRate1                1
[1] "analyze.results.glm.step.summary"
Call:
rxLogit(formula = form, data = data, variableSelection = analyze.results.glm.step.varsel)

Logistic Regression Results for: RaceHorse.IsHitA ~ Gen02.HitRate1
Data: data
Dependent variable(s): RaceHorse.IsHitA
Total independent variables: 2 
Number of valid observations: 8653
Number of missing observations: 0 
-2*LogLikelihood: 4463.904 (Residual deviance on 8651 degrees of freedom)
 
Coefficients:
               Estimate Std. Error z value Pr(>|z|)    
(Intercept)     -2.6678     0.0458  -58.19  2.2e-16 ***
Gen02.HitRate1   1.0411     0.1188    8.77  2.2e-16 ***
---
Signif. codes:  0 '***' 0.001 '**' 0.01 '*' 0.05 '.' 0.1 ' ' 1

Condition number of final variance-covariance matrix: 1 
Number of iterations: 5
[1] "2022-02-12 04:31:55 --- rxGlm with rxStepControl Finish ---"
[1] "2022-02-12 04:31:55 --- rxStepPlot Start ---"
[1] "pdfFilename=pdf_analyze_glm_Gen02_Type11_rxStepPlot.pdf"
[1] "rxStepPlot="
[1] "2022-02-12 04:31:55 --- rxStepPlot Finish ---"
[1] "2022-02-12 04:31:55 --- save.image Start ---"
[1] "save.image"
[1] "rdataFilename=RData_analyze_glm_Gen02_Type11.RData"
[1] "2022-02-12 04:31:55 --- save.image Finish ---"
[1] "2022-02-12 04:31:55 --- final Start ---"
[1] "--------------------------------------------------------------------------------"
[1] "nrow(data) final=8653"
[1] "--------------------------------------------------------------------------------"
[1] "2022-02-12 04:31:55 --- final Finish ---"
[1] "2022-02-12 04:31:55 --- analyze_glm.R Finished ---"
[1] "2022-02-12 04:31:55 --- log Finish ---"
