[1] "2022-02-12 04:31:49 --- D1115_analyze_glm_Jockey_IsHitA_Type11 Start ---"
[1] "2022-02-12 04:31:49 --- Log Start ---"
[1] "2022-02-12 04:31:49 --- analyze_glm.R Start ---"
[1] "analyzeVersion=D1115"
[1] "analyzeCategory=analyze"
[1] "analyzeType=Jockey"
[1] "analyzeFamily=IsHitA"
[1] "analyzeFunc=glm"
[1] "analyzeTrackTypeCd=1"
[1] "analyzeJyokenCd=1"
[1] "2022-02-12 04:31:49 --- source_function.R Start ---"
[1] "2022-02-12 04:31:49 --- source_function.R Finished ---"

> print(paste0(Sys.time(), " --- source_library.R Start ---"))
[1] "2022-02-12 04:31:49 --- source_library.R Start ---"

> require("RevoScaleR")

> print(paste0(Sys.time(), " --- source_library.R Finished ---"))
[1] "2022-02-12 04:31:54 --- source_library.R Finished ---"
[1] "2022-02-12 04:31:54 --- RxSqlServerData Start ---"
[1] "2022-02-12 04:31:54 --- RxInSqlServer Start ---"
[1] "2022-02-12 04:31:54 --- RxInSqlServer Finish ---"
[1] "2022-02-12 04:31:54 --- rxSetComputeContext Start ---"
[1] "2022-02-12 04:31:54 --- rxSetComputeContext Finish ---"
[1] "2022-02-12 04:31:54 --- RxSqlServerData Start ---"
[1] "sqlQuery=SELECT * FROM ViewAnalyzeD1115analyze01JockeyType11"
[1] "2022-02-12 04:31:54 --- RxSqlServerData Finish ---"
[1] "2022-02-12 04:31:54 --- rxGetVarInfo Start ---"
[1] "2022-02-12 04:31:55 --- rxGetVarInfo Finish---"
[1] "2022-02-12 04:31:55 --- rxImport Start ---"
Rows Read: 15149, Total Rows Processed: 15149, Total Chunk Time: 54.788 seconds 
[1] "2022-02-12 04:33:48 --- rxImport Finish ---"
[1] "object.size(data) auto=3.2 Mb"
[1] "--------------------------------------------------------------------------------"
[1] "nrow(data) RxSqlServerData=15149"
[1] "--------------------------------------------------------------------------------"
[1] "str(data)="
'data.frame':	15149 obs. of  41 variables:
 $ Race.RaceId                      : Factor w/ 1143 levels "20200329-09-02-02-11",..: 11 11 11 11 11 11 11 11 11 11 ...
 $ Race.IsPredictedRace             : logi  TRUE TRUE TRUE TRUE TRUE TRUE ...
 $ Race.IsAnalyzeNormalPastAndFuture: logi  TRUE TRUE TRUE TRUE TRUE TRUE ...
 $ Race.IsAnalyzeNormalPast         : logi  TRUE TRUE TRUE TRUE TRUE TRUE ...
 $ Race.IsAnalyzeNormalFuture       : logi  FALSE FALSE FALSE FALSE FALSE FALSE ...
 $ Race.IsAnalyzeFullPastAndFuture  : logi  TRUE TRUE TRUE TRUE TRUE TRUE ...
 $ Race.IsAnalyzeFullPast           : logi  TRUE TRUE TRUE TRUE TRUE TRUE ...
 $ Race.IsAnalyzeFullFuture         : logi  FALSE FALSE FALSE FALSE FALSE FALSE ...
 $ Race.JyokenCd                    : Factor w/ 1 level "1": 1 1 1 1 1 1 1 1 1 1 ...
 $ Race.JyoType1Cd                  : Factor w/ 156 levels "1-09-1600-2",..: 11 11 11 11 11 11 11 11 11 11 ...
 $ Race.RaceType0Cd                 : Factor w/ 426 levels "1-09-1600-2-1-L-14",..: 11 11 11 11 11 11 11 11 11 11 ...
 $ Race.RaceType1Cd                 : Factor w/ 6 levels "1-1-L","1-1-A",..: 2 2 2 2 2 2 2 2 2 2 ...
 $ Race.RaceType2Cd                 : Factor w/ 6 levels "1-1-L","1-1-A",..: 2 2 2 2 2 2 2 2 2 2 ...
 $ Race.RaceType3Cd                 : Factor w/ 22 levels "1-L-14","1-L-12",..: 3 3 3 3 3 3 3 3 3 3 ...
 $ Race.RaceType4Cd                 : Factor w/ 4 levels "1-1-14","1-1-12",..: 1 1 1 1 1 1 1 1 1 1 ...
 $ RaceHorse.RaceId                 : Factor w/ 1143 levels "20200329-09-02-02-11",..: 11 11 11 11 11 11 11 11 11 11 ...
 $ RaceHorse.KettoNum               : Factor w/ 3567 levels "2015100635","2014101520",..: 11 12 13 14 15 16 17 18 19 20 ...
 $ RaceHorse.IsHit1                 : int  0 0 0 0 0 0 0 0 0 0 ...
 $ RaceHorse.IsHit2                 : int  0 0 0 0 0 0 0 0 0 0 ...
 $ RaceHorse.IsHit3                 : int  0 0 0 0 0 0 1 0 0 0 ...
 $ RaceHorse.IsHit4                 : int  0 0 0 0 0 0 0 0 1 0 ...
 $ RaceHorse.IsHit5                 : int  0 0 0 0 0 0 0 0 0 0 ...
 $ RaceHorse.IsHit6                 : int  1 1 1 1 1 1 0 1 0 1 ...
 $ RaceHorse.IsValidRaceHorse       : logi  TRUE TRUE TRUE TRUE TRUE TRUE ...
 $ RaceHorse.IsHitA                 : int  0 0 0 0 0 0 0 0 0 0 ...
 $ RaceHorse.IsHitB                 : int  0 0 0 0 0 0 0 0 0 0 ...
 $ RaceHorse.IsHitC                 : int  0 0 0 0 0 0 1 0 0 0 ...
 $ Jockey.KisyuCode                 : Factor w/ 173 levels "01166","01135",..: 11 12 13 14 15 16 8 17 10 18 ...
 $ Jockey.TimeDvByRaceAvg           : num  54.5 50.9 48.8 49.8 46.3 ...
 $ Jockey.RunCount                  : int  10 4 9 4 1 3 12 7 6 10 ...
 $ Jockey.HitCount1                 : int  1 0 1 0 0 0 1 0 0 0 ...
 $ Jockey.HitCount2                 : int  1 0 0 0 0 0 0 1 0 1 ...
 $ Jockey.HitCount3                 : int  0 1 1 0 0 0 1 1 0 1 ...
 $ Jockey.HitCount4                 : int  1 0 0 1 0 0 2 0 0 0 ...
 $ Jockey.HitCount5                 : int  1 0 0 0 0 0 0 0 0 3 ...
 $ Jockey.HitRate1                  : num  0.1 0 0.111 0 0 ...
 $ Jockey.HitRate2                  : num  0.1 0 0 0 0 ...
 $ Jockey.HitRate3                  : num  0 0.25 0.111 0 0 ...
 $ Jockey.HitRate4                  : num  0.1 0 0 0.25 0 ...
 $ Jockey.HitRate5                  : num  0.1 0 0 0 0 0 0 0 0 0.3 ...
 $ EOF                              : int  1 1 1 1 1 1 1 1 1 1 ...
[1] "2022-02-12 04:33:49 --- RxSqlServerData Finish ---"
[1] "2022-02-12 04:33:49 --- subset Start ---"
[1] "--------------------------------------------------------------------------------"
[1] "nrow(data) subset before=15149"
[1] "nrow(data) subset after =12196"
[1] "nrow(data) subset diff =2953"
[1] "--------------------------------------------------------------------------------"
[1] "2022-02-12 04:33:49 --- subset Finish---"
[1] "2022-02-12 04:33:49 --- transform Start ---"
[1] "--------------------------------------------------------------------------------"
[1] "nrow(data) transform before=12196"
[1] "nrow(data) transform after=12196"
[1] "nrow(data) transform diff=0"
[1] "--------------------------------------------------------------------------------"
[1] "str(data)="
'data.frame':	12196 obs. of  41 variables:
 $ Race.RaceId                      : Factor w/ 1143 levels "20200329-09-02-02-11",..: 11 11 11 11 11 11 11 11 11 11 ...
 $ Race.IsPredictedRace             : logi  TRUE TRUE TRUE TRUE TRUE TRUE ...
 $ Race.IsAnalyzeNormalPastAndFuture: logi  TRUE TRUE TRUE TRUE TRUE TRUE ...
 $ Race.IsAnalyzeNormalPast         : logi  TRUE TRUE TRUE TRUE TRUE TRUE ...
 $ Race.IsAnalyzeNormalFuture       : logi  FALSE FALSE FALSE FALSE FALSE FALSE ...
 $ Race.IsAnalyzeFullPastAndFuture  : logi  TRUE TRUE TRUE TRUE TRUE TRUE ...
 $ Race.IsAnalyzeFullPast           : logi  TRUE TRUE TRUE TRUE TRUE TRUE ...
 $ Race.IsAnalyzeFullFuture         : logi  FALSE FALSE FALSE FALSE FALSE FALSE ...
 $ Race.JyokenCd                    : Factor w/ 1 level "1": 1 1 1 1 1 1 1 1 1 1 ...
 $ Race.JyoType1Cd                  : Factor w/ 156 levels "1-09-1600-2",..: 11 11 11 11 11 11 11 11 11 11 ...
 $ Race.RaceType0Cd                 : Factor w/ 426 levels "1-09-1600-2-1-L-14",..: 11 11 11 11 11 11 11 11 11 11 ...
 $ Race.RaceType1Cd                 : Factor w/ 6 levels "1-1-L","1-1-A",..: 2 2 2 2 2 2 2 2 2 2 ...
 $ Race.RaceType2Cd                 : Factor w/ 6 levels "1-1-L","1-1-A",..: 2 2 2 2 2 2 2 2 2 2 ...
 $ Race.RaceType3Cd                 : Factor w/ 22 levels "1-L-14","1-L-12",..: 3 3 3 3 3 3 3 3 3 3 ...
 $ Race.RaceType4Cd                 : Factor w/ 4 levels "1-1-14","1-1-12",..: 1 1 1 1 1 1 1 1 1 1 ...
 $ RaceHorse.RaceId                 : Factor w/ 1143 levels "20200329-09-02-02-11",..: 11 11 11 11 11 11 11 11 11 11 ...
 $ RaceHorse.KettoNum               : Factor w/ 3567 levels "2015100635","2014101520",..: 11 12 13 14 15 16 17 18 19 20 ...
 $ RaceHorse.IsHit1                 : int  0 0 0 0 0 0 0 0 0 0 ...
 $ RaceHorse.IsHit2                 : int  0 0 0 0 0 0 0 0 0 0 ...
 $ RaceHorse.IsHit3                 : int  0 0 0 0 0 0 1 0 0 0 ...
 $ RaceHorse.IsHit4                 : int  0 0 0 0 0 0 0 0 1 0 ...
 $ RaceHorse.IsHit5                 : int  0 0 0 0 0 0 0 0 0 0 ...
 $ RaceHorse.IsHit6                 : int  1 1 1 1 1 1 0 1 0 1 ...
 $ RaceHorse.IsValidRaceHorse       : logi  TRUE TRUE TRUE TRUE TRUE TRUE ...
 $ RaceHorse.IsHitA                 : int  0 0 0 0 0 0 0 0 0 0 ...
 $ RaceHorse.IsHitB                 : int  0 0 0 0 0 0 0 0 0 0 ...
 $ RaceHorse.IsHitC                 : int  0 0 0 0 0 0 1 0 0 0 ...
 $ Jockey.KisyuCode                 : Factor w/ 173 levels "01166","01135",..: 11 12 13 14 15 16 8 17 10 18 ...
 $ Jockey.TimeDvByRaceAvg           : num  54.5 50.9 48.8 49.8 46.3 ...
 $ Jockey.RunCount                  : int  10 4 9 4 1 3 12 7 6 10 ...
 $ Jockey.HitCount1                 : int  1 0 1 0 0 0 1 0 0 0 ...
 $ Jockey.HitCount2                 : int  1 0 0 0 0 0 0 1 0 1 ...
 $ Jockey.HitCount3                 : int  0 1 1 0 0 0 1 1 0 1 ...
 $ Jockey.HitCount4                 : int  1 0 0 1 0 0 2 0 0 0 ...
 $ Jockey.HitCount5                 : int  1 0 0 0 0 0 0 0 0 3 ...
 $ Jockey.HitRate1                  : num  0.1 0 0.111 0 0 ...
 $ Jockey.HitRate2                  : num  0.1 0 0 0 0 ...
 $ Jockey.HitRate3                  : num  0 0.25 0.111 0 0 ...
 $ Jockey.HitRate4                  : num  0.1 0 0 0.25 0 ...
 $ Jockey.HitRate5                  : num  0.1 0 0 0 0 0 0 0 0 0.3 ...
 $ EOF                              : int  1 1 1 1 1 1 1 1 1 1 ...
NULL
[1] "2022-02-12 04:33:49 --- transform Finish ---"
[1] "2022-02-12 04:33:49 --- na.omit Start ---"
[1] "--------------------------------------------------------------------------------"
[1] "nrow(data) na.omit before=12196"
[1] "nrow(data) na.omit after =12196"
[1] "nrow(data) na.omit diff =0"
[1] "--------------------------------------------------------------------------------"
'data.frame':	12196 obs. of  41 variables:
 $ Race.RaceId                      : Factor w/ 1143 levels "20200329-09-02-02-11",..: 11 11 11 11 11 11 11 11 11 11 ...
 $ Race.IsPredictedRace             : logi  TRUE TRUE TRUE TRUE TRUE TRUE ...
 $ Race.IsAnalyzeNormalPastAndFuture: logi  TRUE TRUE TRUE TRUE TRUE TRUE ...
 $ Race.IsAnalyzeNormalPast         : logi  TRUE TRUE TRUE TRUE TRUE TRUE ...
 $ Race.IsAnalyzeNormalFuture       : logi  FALSE FALSE FALSE FALSE FALSE FALSE ...
 $ Race.IsAnalyzeFullPastAndFuture  : logi  TRUE TRUE TRUE TRUE TRUE TRUE ...
 $ Race.IsAnalyzeFullPast           : logi  TRUE TRUE TRUE TRUE TRUE TRUE ...
 $ Race.IsAnalyzeFullFuture         : logi  FALSE FALSE FALSE FALSE FALSE FALSE ...
 $ Race.JyokenCd                    : Factor w/ 1 level "1": 1 1 1 1 1 1 1 1 1 1 ...
 $ Race.JyoType1Cd                  : Factor w/ 156 levels "1-09-1600-2",..: 11 11 11 11 11 11 11 11 11 11 ...
 $ Race.RaceType0Cd                 : Factor w/ 426 levels "1-09-1600-2-1-L-14",..: 11 11 11 11 11 11 11 11 11 11 ...
 $ Race.RaceType1Cd                 : Factor w/ 6 levels "1-1-L","1-1-A",..: 2 2 2 2 2 2 2 2 2 2 ...
 $ Race.RaceType2Cd                 : Factor w/ 6 levels "1-1-L","1-1-A",..: 2 2 2 2 2 2 2 2 2 2 ...
 $ Race.RaceType3Cd                 : Factor w/ 22 levels "1-L-14","1-L-12",..: 3 3 3 3 3 3 3 3 3 3 ...
 $ Race.RaceType4Cd                 : Factor w/ 4 levels "1-1-14","1-1-12",..: 1 1 1 1 1 1 1 1 1 1 ...
 $ RaceHorse.RaceId                 : Factor w/ 1143 levels "20200329-09-02-02-11",..: 11 11 11 11 11 11 11 11 11 11 ...
 $ RaceHorse.KettoNum               : Factor w/ 3567 levels "2015100635","2014101520",..: 11 12 13 14 15 16 17 18 19 20 ...
 $ RaceHorse.IsHit1                 : int  0 0 0 0 0 0 0 0 0 0 ...
 $ RaceHorse.IsHit2                 : int  0 0 0 0 0 0 0 0 0 0 ...
 $ RaceHorse.IsHit3                 : int  0 0 0 0 0 0 1 0 0 0 ...
 $ RaceHorse.IsHit4                 : int  0 0 0 0 0 0 0 0 1 0 ...
 $ RaceHorse.IsHit5                 : int  0 0 0 0 0 0 0 0 0 0 ...
 $ RaceHorse.IsHit6                 : int  1 1 1 1 1 1 0 1 0 1 ...
 $ RaceHorse.IsValidRaceHorse       : logi  TRUE TRUE TRUE TRUE TRUE TRUE ...
 $ RaceHorse.IsHitA                 : int  0 0 0 0 0 0 0 0 0 0 ...
 $ RaceHorse.IsHitB                 : int  0 0 0 0 0 0 0 0 0 0 ...
 $ RaceHorse.IsHitC                 : int  0 0 0 0 0 0 1 0 0 0 ...
 $ Jockey.KisyuCode                 : Factor w/ 173 levels "01166","01135",..: 11 12 13 14 15 16 8 17 10 18 ...
 $ Jockey.TimeDvByRaceAvg           : num  54.5 50.9 48.8 49.8 46.3 ...
 $ Jockey.RunCount                  : int  10 4 9 4 1 3 12 7 6 10 ...
 $ Jockey.HitCount1                 : int  1 0 1 0 0 0 1 0 0 0 ...
 $ Jockey.HitCount2                 : int  1 0 0 0 0 0 0 1 0 1 ...
 $ Jockey.HitCount3                 : int  0 1 1 0 0 0 1 1 0 1 ...
 $ Jockey.HitCount4                 : int  1 0 0 1 0 0 2 0 0 0 ...
 $ Jockey.HitCount5                 : int  1 0 0 0 0 0 0 0 0 3 ...
 $ Jockey.HitRate1                  : num  0.1 0 0.111 0 0 ...
 $ Jockey.HitRate2                  : num  0.1 0 0 0 0 ...
 $ Jockey.HitRate3                  : num  0 0.25 0.111 0 0 ...
 $ Jockey.HitRate4                  : num  0.1 0 0 0.25 0 ...
 $ Jockey.HitRate5                  : num  0.1 0 0 0 0 0 0 0 0 0.3 ...
 $ EOF                              : int  1 1 1 1 1 1 1 1 1 1 ...
[1] "2022-02-12 04:33:49 --- na.omit Finish ---"
[1] "2022-02-12 04:33:49 --- rxGlm with rxStepControl Start ---"
[1] "2022-02-12 04:33:49 --- source_logic_glm.R Start ---"
[1] "2022-02-12 04:33:49 --- source_logic_glm.R Finished ---"
Rows Read: 12196, Total Rows Processed: 12196, Total Chunk Time: 0.001 seconds 

Starting values (iteration 1) time: 0.009 secs.
Rows Read: 12196, Total Rows Processed: 12196, Total Chunk Time: 0.002 seconds 

Iteration 2 time: 0.007 secs.
Rows Read: 12196, Total Rows Processed: 12196, Total Chunk Time: Less than .001 seconds 

Iteration 3 time: 0.005 secs.
Rows Read: 12196, Total Rows Processed: 12196, Total Chunk Time: 0.001 seconds 

Iteration 4 time: 0.006 secs.
Rows Read: 12196, Total Rows Processed: 12196, Total Chunk Time: Less than .001 seconds 

Iteration 5 time: 0.004 secs.

Elapsed computation time: 0.046 secs.
Rows Read: 12196, Total Rows Processed: 12196, Total Chunk Time: Less than .001 seconds 

Starting values (iteration 1) time: 0.006 secs.
Rows Read: 12196, Total Rows Processed: 12196, Total Chunk Time: 0.001 seconds 

Iteration 2 time: 0.005 secs.

Elapsed computation time: 0.021 secs.
Rows Read: 12196, Total Rows Processed: 12196, Total Chunk Time: Less than .001 seconds 

Starting values (iteration 1) time: 0.007 secs.
Rows Read: 12196, Total Rows Processed: 12196, Total Chunk Time: 0.002 seconds 

Iteration 2 time: 0.006 secs.
Rows Read: 12196, Total Rows Processed: 12196, Total Chunk Time: Less than .001 seconds 

Iteration 3 time: 0.005 secs.
Rows Read: 12196, Total Rows Processed: 12196, Total Chunk Time: 0.001 seconds 

Iteration 4 time: 0.004 secs.
Rows Read: 12196, Total Rows Processed: 12196, Total Chunk Time: 0.002 seconds 

Iteration 5 time: 0.004 secs.

Elapsed computation time: 0.047 secs.

Elapsed computation time: 0.129 secs.
[1] "analyze.results.glm.step="
Logistic Regression Results for: RaceHorse.IsHitA ~ Jockey.HitRate1
Data: data
Dependent variable(s): RaceHorse.IsHitA
Total independent variables: 2 
Number of valid observations: 12196
Number of missing observations: 0 
 
Coefficients:
                RaceHorse.IsHitA
(Intercept)                   -3
Jockey.HitRate1                3
[1] "analyze.results.glm.step.summary"
Call:
rxLogit(formula = form, data = data, variableSelection = analyze.results.glm.step.varsel)

Logistic Regression Results for: RaceHorse.IsHitA ~ Jockey.HitRate1
Data: data
Dependent variable(s): RaceHorse.IsHitA
Total independent variables: 2 
Number of valid observations: 12196
Number of missing observations: 0 
-2*LogLikelihood: 6341.188 (Residual deviance on 12194 degrees of freedom)
 
Coefficients:
                Estimate Std. Error z value Pr(>|z|)    
(Intercept)      -2.7397     0.0416   -65.9  2.2e-16 ***
Jockey.HitRate1   2.6192     0.2298    11.4  2.2e-16 ***
---
Signif. codes:  0 '***' 0.001 '**' 0.01 '*' 0.05 '.' 0.1 ' ' 1

Condition number of final variance-covariance matrix: 1 
Number of iterations: 5
[1] "2022-02-12 04:33:49 --- rxGlm with rxStepControl Finish ---"
[1] "2022-02-12 04:33:49 --- rxStepPlot Start ---"
[1] "pdfFilename=pdf_analyze_glm_Jockey_Type11_rxStepPlot.pdf"
[1] "rxStepPlot="
[1] "2022-02-12 04:33:50 --- rxStepPlot Finish ---"
[1] "2022-02-12 04:33:50 --- save.image Start ---"
[1] "save.image"
[1] "rdataFilename=RData_analyze_glm_Jockey_Type11.RData"
[1] "2022-02-12 04:33:50 --- save.image Finish ---"
[1] "2022-02-12 04:33:50 --- final Start ---"
[1] "--------------------------------------------------------------------------------"
[1] "nrow(data) final=12196"
[1] "--------------------------------------------------------------------------------"
[1] "2022-02-12 04:33:50 --- final Finish ---"
[1] "2022-02-12 04:33:50 --- analyze_glm.R Finished ---"
[1] "2022-02-12 04:33:50 --- log Finish ---"
