[1] "2022-02-11 20:59:37 --- D1115_Predict_glm_Gen02_IsHitA_Type12 Start ---"
[1] "2022-02-11 20:59:37 --- Log Start ---"
[1] "2022-02-11 20:59:37 --- predict.R Start ---"
[1] "--------------------------------------------------------------------------------"
[1] "analyzeVersion=D1115"
[1] "analyzeCategory=Predict"
[1] "analyzeType=Gen02"
[1] "analyzeFamily=IsHitA"
[1] "analyzeFunc=glm"
[1] "analyzeTrackTypeCd=1"
[1] "analyzeJyokenCd=2"
[1] "--------------------------------------------------------------------------------"
[1] "2022-02-11 20:59:37 --- source_function.R Start ---"
[1] "2022-02-11 20:59:37 --- source_function.R Finished ---"

> print(paste0(Sys.time(), " --- source_library.R Start ---"))
[1] "2022-02-11 20:59:37 --- source_library.R Start ---"

> require("RevoScaleR")

> print(paste0(Sys.time(), " --- source_library.R Finished ---"))
[1] "2022-02-11 20:59:37 --- source_library.R Finished ---"
[1] "2022-02-11 20:59:37 --- Load Start ---"
[1] "loadFilename=RData_Analyze_glm_Gen02_Type12.RData"
[1] "2022-02-11 20:59:37 --- Load Finished ---"
[1] "2022-02-11 20:59:37 --- RxSqlServerData Start ---"
[1] "2022-02-11 20:59:37 --- RxInSqlServer Start ---"
[1] "2022-02-11 20:59:37 --- RxInSqlServer Finish ---"
[1] "2022-02-11 20:59:37 --- rxSetComputeContext Start ---"
[1] "2022-02-11 20:59:37 --- rxSetComputeContext Finish ---"
[1] "2022-02-11 20:59:37 --- RxSqlServerData Start ---"
[1] "sqlQuery=SELECT * FROM ViewAnalyzeD1115analyze01Gen02Type12"
[1] "2022-02-11 20:59:37 --- RxSqlServerData Finish ---"
[1] "2022-02-11 20:59:37 --- rxGetVarInfo Start ---"
[1] "2022-02-11 20:59:37 --- rxGetVarInfo Finish---"
[1] "2022-02-11 20:59:37 --- rxImport Start ---"
Rows Read: 7395, Total Rows Processed: 7395, Total Chunk Time: 11.645 seconds 
[1] "2022-02-11 21:00:00 --- rxImport Finish ---"
[1] "object.size(InputDataSet) auto=1.7 Mb"
[1] "--------------------------------------------------------------------------------"
[1] "nrow(InputDataSet) RxSqlServerData=7395"
[1] "--------------------------------------------------------------------------------"
[1] "str(InputDataSet)="
'data.frame':	7395 obs. of  41 variables:
 $ Race.RaceId                      : Factor w/ 660 levels "20160131-05-01-02-10",..: 1 1 1 1 1 1 1 1 1 1 ...
 $ Race.IsPredictedRace             : logi  TRUE TRUE TRUE TRUE TRUE TRUE ...
 $ Race.IsAnalyzeNormalPastAndFuture: logi  TRUE TRUE TRUE TRUE TRUE TRUE ...
 $ Race.IsAnalyzeNormalPast         : logi  TRUE TRUE TRUE TRUE TRUE TRUE ...
 $ Race.IsAnalyzeNormalFuture       : logi  FALSE FALSE FALSE FALSE FALSE FALSE ...
 $ Race.IsAnalyzeFullPastAndFuture  : logi  TRUE TRUE TRUE TRUE TRUE TRUE ...
 $ Race.IsAnalyzeFullPast           : logi  TRUE TRUE TRUE TRUE TRUE TRUE ...
 $ Race.IsAnalyzeFullFuture         : logi  FALSE FALSE FALSE FALSE FALSE FALSE ...
 $ Race.JyokenCd                    : Factor w/ 1 level "2": 1 1 1 1 1 1 1 1 1 1 ...
 $ Race.JyoType1Cd                  : Factor w/ 122 levels "1-05-1600-1",..: 1 1 1 1 1 1 1 1 1 1 ...
 $ Race.RaceType0Cd                 : Factor w/ 178 levels "1-05-1600-1-2-E-14",..: 1 1 1 1 1 1 1 1 1 1 ...
 $ Race.RaceType1Cd                 : Factor w/ 1 level "1-2-E": 1 1 1 1 1 1 1 1 1 1 ...
 $ Race.RaceType2Cd                 : Factor w/ 1 level "1-2-E": 1 1 1 1 1 1 1 1 1 1 ...
 $ Race.RaceType3Cd                 : Factor w/ 2 levels "2-E-14","2-E-13": 1 1 1 1 1 1 1 1 1 1 ...
 $ Race.RaceType4Cd                 : Factor w/ 2 levels "1-2-14","1-2-13": 1 1 1 1 1 1 1 1 1 1 ...
 $ RaceHorse.RaceId                 : Factor w/ 660 levels "20160131-05-01-02-10",..: 1 1 1 1 1 1 1 1 1 1 ...
 $ RaceHorse.KettoNum               : Factor w/ 1450 levels "2009105745","2009106017",..: 1 2 3 4 5 6 7 8 9 10 ...
 $ RaceHorse.IsHit1                 : int  0 0 0 0 0 0 0 0 1 0 ...
 $ RaceHorse.IsHit2                 : int  1 0 0 0 0 0 0 0 0 0 ...
 $ RaceHorse.IsHit3                 : int  0 0 0 0 0 0 0 0 0 0 ...
 $ RaceHorse.IsHit4                 : int  0 0 0 0 0 1 0 0 0 0 ...
 $ RaceHorse.IsHit5                 : int  0 0 0 0 0 0 0 0 0 1 ...
 $ RaceHorse.IsHit6                 : int  0 1 1 1 1 0 1 1 0 0 ...
 $ RaceHorse.IsValidRaceHorse       : logi  TRUE TRUE TRUE TRUE TRUE TRUE ...
 $ RaceHorse.IsHitA                 : int  0 0 0 0 0 0 0 0 1 0 ...
 $ RaceHorse.IsHitB                 : int  1 0 0 0 0 0 0 0 1 0 ...
 $ RaceHorse.IsHitC                 : int  1 0 0 0 0 0 0 0 1 0 ...
 $ Gen02.HansyokuNum                : Factor w/ 1207 levels "12251614","12241398",..: 1 2 3 4 5 6 7 8 9 10 ...
 $ Gen02.TimeDvByRaceAvg            : num  57.8 52.7 39.2 58.3 47 ...
 $ Gen02.RunCount                   : int  1 1 1 1 1 1 1 1 1 1 ...
 $ Gen02.HitCount1                  : int  0 0 0 1 0 0 0 0 0 0 ...
 $ Gen02.HitCount2                  : int  0 0 0 0 0 0 0 0 1 0 ...
 $ Gen02.HitCount3                  : int  0 0 0 0 0 1 0 1 0 1 ...
 $ Gen02.HitCount4                  : int  0 0 0 0 0 0 0 0 0 0 ...
 $ Gen02.HitCount5                  : int  1 0 0 0 0 0 0 0 0 0 ...
 $ Gen02.HitRate1                   : num  0 0 0 1 0 0 0 0 0 0 ...
 $ Gen02.HitRate2                   : num  0 0 0 0 0 0 0 0 1 0 ...
 $ Gen02.HitRate3                   : num  0 0 0 0 0 1 0 1 0 1 ...
 $ Gen02.HitRate4                   : num  0 0 0 0 0 0 0 0 0 0 ...
 $ Gen02.HitRate5                   : num  1 0 0 0 0 0 0 0 0 0 ...
 $ EOF                              : int  1 1 1 1 1 1 1 1 1 1 ...
[1] "2022-02-11 21:00:01 --- RxSqlServerData Finish ---"
[1] "2022-02-11 21:00:01 --- subset Start ---"
[1] "--------------------------------------------------------------------------------"
[1] "nrow(InputDataSet) subset before=7395"
[1] "nrow(InputDataSet) subset after=7395"
[1] "nrow(InputDataSet) subset diff=0"
[1] "--------------------------------------------------------------------------------"
[1] "class(InputDataSet$Race.IsAnalyzeNormalPast)=logical"
[1] "class(InputDataSet$Race.analyzeTrackTypeCd)=NULL"
[1] "2022-02-11 21:00:01 --- subset Finish ---"
[1] "2022-02-11 21:00:01 --- transform Start ---"
[1] "--------------------------------------------------------------------------------"
[1] "nrow(InputDataSet) transaform before=7395"
[1] "nrow(InputDataSet) transaform after=7395"
[1] "nrow(InputDataSet) transaform diff=0"
[1] "--------------------------------------------------------------------------------"
[1] "str(InputDataSet)="
'data.frame':	7395 obs. of  41 variables:
 $ Race.RaceId                      : Factor w/ 660 levels "20160131-05-01-02-10",..: 1 1 1 1 1 1 1 1 1 1 ...
 $ Race.IsPredictedRace             : logi  TRUE TRUE TRUE TRUE TRUE TRUE ...
 $ Race.IsAnalyzeNormalPastAndFuture: logi  TRUE TRUE TRUE TRUE TRUE TRUE ...
 $ Race.IsAnalyzeNormalPast         : logi  TRUE TRUE TRUE TRUE TRUE TRUE ...
 $ Race.IsAnalyzeNormalFuture       : logi  FALSE FALSE FALSE FALSE FALSE FALSE ...
 $ Race.IsAnalyzeFullPastAndFuture  : logi  TRUE TRUE TRUE TRUE TRUE TRUE ...
 $ Race.IsAnalyzeFullPast           : logi  TRUE TRUE TRUE TRUE TRUE TRUE ...
 $ Race.IsAnalyzeFullFuture         : logi  FALSE FALSE FALSE FALSE FALSE FALSE ...
 $ Race.JyokenCd                    : Factor w/ 1 level "2": 1 1 1 1 1 1 1 1 1 1 ...
 $ Race.JyoType1Cd                  : Factor w/ 122 levels "1-05-1600-1",..: 1 1 1 1 1 1 1 1 1 1 ...
 $ Race.RaceType0Cd                 : Factor w/ 178 levels "1-05-1600-1-2-E-14",..: 1 1 1 1 1 1 1 1 1 1 ...
 $ Race.RaceType1Cd                 : Factor w/ 1 level "1-2-E": 1 1 1 1 1 1 1 1 1 1 ...
 $ Race.RaceType2Cd                 : Factor w/ 1 level "1-2-E": 1 1 1 1 1 1 1 1 1 1 ...
 $ Race.RaceType3Cd                 : Factor w/ 2 levels "2-E-14","2-E-13": 1 1 1 1 1 1 1 1 1 1 ...
 $ Race.RaceType4Cd                 : Factor w/ 2 levels "1-2-14","1-2-13": 1 1 1 1 1 1 1 1 1 1 ...
 $ RaceHorse.RaceId                 : Factor w/ 660 levels "20160131-05-01-02-10",..: 1 1 1 1 1 1 1 1 1 1 ...
 $ RaceHorse.KettoNum               : Factor w/ 1450 levels "2009105745","2009106017",..: 1 2 3 4 5 6 7 8 9 10 ...
 $ RaceHorse.IsHit1                 : int  0 0 0 0 0 0 0 0 1 0 ...
 $ RaceHorse.IsHit2                 : int  1 0 0 0 0 0 0 0 0 0 ...
 $ RaceHorse.IsHit3                 : int  0 0 0 0 0 0 0 0 0 0 ...
 $ RaceHorse.IsHit4                 : int  0 0 0 0 0 1 0 0 0 0 ...
 $ RaceHorse.IsHit5                 : int  0 0 0 0 0 0 0 0 0 1 ...
 $ RaceHorse.IsHit6                 : int  0 1 1 1 1 0 1 1 0 0 ...
 $ RaceHorse.IsValidRaceHorse       : logi  TRUE TRUE TRUE TRUE TRUE TRUE ...
 $ RaceHorse.IsHitA                 : int  0 0 0 0 0 0 0 0 1 0 ...
 $ RaceHorse.IsHitB                 : int  1 0 0 0 0 0 0 0 1 0 ...
 $ RaceHorse.IsHitC                 : int  1 0 0 0 0 0 0 0 1 0 ...
 $ Gen02.HansyokuNum                : Factor w/ 1207 levels "12251614","12241398",..: 1 2 3 4 5 6 7 8 9 10 ...
 $ Gen02.TimeDvByRaceAvg            : num  57.8 52.7 39.2 58.3 47 ...
 $ Gen02.RunCount                   : int  1 1 1 1 1 1 1 1 1 1 ...
 $ Gen02.HitCount1                  : int  0 0 0 1 0 0 0 0 0 0 ...
 $ Gen02.HitCount2                  : int  0 0 0 0 0 0 0 0 1 0 ...
 $ Gen02.HitCount3                  : int  0 0 0 0 0 1 0 1 0 1 ...
 $ Gen02.HitCount4                  : int  0 0 0 0 0 0 0 0 0 0 ...
 $ Gen02.HitCount5                  : int  1 0 0 0 0 0 0 0 0 0 ...
 $ Gen02.HitRate1                   : num  0 0 0 1 0 0 0 0 0 0 ...
 $ Gen02.HitRate2                   : num  0 0 0 0 0 0 0 0 1 0 ...
 $ Gen02.HitRate3                   : num  0 0 0 0 0 1 0 1 0 1 ...
 $ Gen02.HitRate4                   : num  0 0 0 0 0 0 0 0 0 0 ...
 $ Gen02.HitRate5                   : num  1 0 0 0 0 0 0 0 0 0 ...
 $ EOF                              : int  1 1 1 1 1 1 1 1 1 1 ...
NULL
[1] "2022-02-11 21:00:01 --- transform Finish ---"
[1] "2022-02-11 21:00:01 --- na.omit Start ---"
[1] "--------------------------------------------------------------------------------"
[1] "nrow(InputDataSet) na.omit before=7395"
[1] "nrow(InputDataSet) na.omit after=7395"
[1] "nrow(InputDataSet) na.omit diff=0"
[1] "--------------------------------------------------------------------------------"
[1] "2022-02-11 21:00:01 --- na.omit Finish---"
[1] "2022-02-11 21:00:01 --- New Levels Start ---"
[1] "levels(data$Race.RaceType1Cd)=1-2-E"
[1] "levels(InputDataSet$Race.RaceType1Cd)=1-2-E"
[1] "length(Race.RaceType1Cd.Index)=0"
[1] "2022-02-11 21:00:01 --- New Levels Finish ---"
[1] "2022-02-11 21:00:01 --- na.omit Start ---"
[1] "--------------------------------------------------------------------------------"
[1] "nrow(InputDataSet) na.omit levels before=7395"
[1] "nrow(InputDataSet) na.omit levels after=7395"
[1] "nrow(InputDataSet) na.omit levels diff=0"
[1] "--------------------------------------------------------------------------------"
[1] "2022-02-11 21:00:01 --- na.omit Finish ---"
[1] "2022-02-11 21:00:01 --- Predict InputDataSet Start ---"
[1] "--------------------------------------------------------------------------------"
[1] "nrow(InputDataSet) predict=7395"
[1] "--------------------------------------------------------------------------------"
[1] "str(InputDataSet)="
'data.frame':	7395 obs. of  41 variables:
 $ Race.RaceId                      : Factor w/ 660 levels "20160131-05-01-02-10",..: 1 1 1 1 1 1 1 1 1 1 ...
 $ Race.IsPredictedRace             : logi  TRUE TRUE TRUE TRUE TRUE TRUE ...
 $ Race.IsAnalyzeNormalPastAndFuture: logi  TRUE TRUE TRUE TRUE TRUE TRUE ...
 $ Race.IsAnalyzeNormalPast         : logi  TRUE TRUE TRUE TRUE TRUE TRUE ...
 $ Race.IsAnalyzeNormalFuture       : logi  FALSE FALSE FALSE FALSE FALSE FALSE ...
 $ Race.IsAnalyzeFullPastAndFuture  : logi  TRUE TRUE TRUE TRUE TRUE TRUE ...
 $ Race.IsAnalyzeFullPast           : logi  TRUE TRUE TRUE TRUE TRUE TRUE ...
 $ Race.IsAnalyzeFullFuture         : logi  FALSE FALSE FALSE FALSE FALSE FALSE ...
 $ Race.JyokenCd                    : Factor w/ 1 level "2": 1 1 1 1 1 1 1 1 1 1 ...
 $ Race.JyoType1Cd                  : Factor w/ 122 levels "1-05-1600-1",..: 1 1 1 1 1 1 1 1 1 1 ...
 $ Race.RaceType0Cd                 : Factor w/ 178 levels "1-05-1600-1-2-E-14",..: 1 1 1 1 1 1 1 1 1 1 ...
 $ Race.RaceType1Cd                 : Factor w/ 1 level "1-2-E": 1 1 1 1 1 1 1 1 1 1 ...
 $ Race.RaceType2Cd                 : Factor w/ 1 level "1-2-E": 1 1 1 1 1 1 1 1 1 1 ...
 $ Race.RaceType3Cd                 : Factor w/ 2 levels "2-E-14","2-E-13": 1 1 1 1 1 1 1 1 1 1 ...
 $ Race.RaceType4Cd                 : Factor w/ 2 levels "1-2-14","1-2-13": 1 1 1 1 1 1 1 1 1 1 ...
 $ RaceHorse.RaceId                 : Factor w/ 660 levels "20160131-05-01-02-10",..: 1 1 1 1 1 1 1 1 1 1 ...
 $ RaceHorse.KettoNum               : Factor w/ 1450 levels "2009105745","2009106017",..: 1 2 3 4 5 6 7 8 9 10 ...
 $ RaceHorse.IsHit1                 : int  0 0 0 0 0 0 0 0 1 0 ...
 $ RaceHorse.IsHit2                 : int  1 0 0 0 0 0 0 0 0 0 ...
 $ RaceHorse.IsHit3                 : int  0 0 0 0 0 0 0 0 0 0 ...
 $ RaceHorse.IsHit4                 : int  0 0 0 0 0 1 0 0 0 0 ...
 $ RaceHorse.IsHit5                 : int  0 0 0 0 0 0 0 0 0 1 ...
 $ RaceHorse.IsHit6                 : int  0 1 1 1 1 0 1 1 0 0 ...
 $ RaceHorse.IsValidRaceHorse       : logi  TRUE TRUE TRUE TRUE TRUE TRUE ...
 $ RaceHorse.IsHitA                 : int  0 0 0 0 0 0 0 0 1 0 ...
 $ RaceHorse.IsHitB                 : int  1 0 0 0 0 0 0 0 1 0 ...
 $ RaceHorse.IsHitC                 : int  1 0 0 0 0 0 0 0 1 0 ...
 $ Gen02.HansyokuNum                : Factor w/ 1207 levels "12251614","12241398",..: 1 2 3 4 5 6 7 8 9 10 ...
 $ Gen02.TimeDvByRaceAvg            : num  57.8 52.7 39.2 58.3 47 ...
 $ Gen02.RunCount                   : int  1 1 1 1 1 1 1 1 1 1 ...
 $ Gen02.HitCount1                  : int  0 0 0 1 0 0 0 0 0 0 ...
 $ Gen02.HitCount2                  : int  0 0 0 0 0 0 0 0 1 0 ...
 $ Gen02.HitCount3                  : int  0 0 0 0 0 1 0 1 0 1 ...
 $ Gen02.HitCount4                  : int  0 0 0 0 0 0 0 0 0 0 ...
 $ Gen02.HitCount5                  : int  1 0 0 0 0 0 0 0 0 0 ...
 $ Gen02.HitRate1                   : num  0 0 0 1 0 0 0 0 0 0 ...
 $ Gen02.HitRate2                   : num  0 0 0 0 0 0 0 0 1 0 ...
 $ Gen02.HitRate3                   : num  0 0 0 0 0 1 0 1 0 1 ...
 $ Gen02.HitRate4                   : num  0 0 0 0 0 0 0 0 0 0 ...
 $ Gen02.HitRate5                   : num  1 0 0 0 0 0 0 0 0 0 ...
 $ EOF                              : int  1 1 1 1 1 1 1 1 1 1 ...
[1] "2022-02-11 21:00:01 --- Predict InputDataSet Finish ---"
[1] "2022-02-11 21:00:01 --- rxPredict (glm) Start ---"
[1] "analyzeFunc=glm"
Rows Read: 7395, Total Rows Processed: 7395, Total Chunk Time: 0.001 seconds 
[1] "--------------------------------------------------------------------------------"
[1] "nrow(PredictDataSet) afte predict=7395"
[1] "--------------------------------------------------------------------------------"
[1] "str(PredictDataSet)"
'data.frame':	7395 obs. of  1 variable:
 $ RaceHorse.IsHitA_Pred: num  0.0693 0.0693 0.0693 0.1382 0.0693 ...
NULL
[1] "2022-02-11 21:00:01 --- rxPredict (glm) Finish ---"
[1] "2022-02-11 21:00:01 --- add key Start ---"
[1] "--------------------------------------------------------------------------------"
[1] "nrow(OutputDataSet) add KeyColmn=7395"
[1] "--------------------------------------------------------------------------------"
[1] "str(OutputDataSet) after add Key"
'data.frame':	7395 obs. of  2 variables:
 $ RaceHorse.RaceId  : Factor w/ 660 levels "20160131-05-01-02-10",..: 1 1 1 1 1 1 1 1 1 1 ...
 $ RaceHorse.KettoNum: Factor w/ 1450 levels "2009105745","2009106017",..: 1 2 3 4 5 6 7 8 9 10 ...
NULL
[1] "2022-02-11 21:00:01 --- add key Finish ---"
[1] "2022-02-11 21:00:01 --- add PredictValue Start ---"
[1] "str(PredictDataSet) before rename="
[1] "colnames(PredictDataSet)=RaceHorse.IsHitA_Pred"
[1] "str(PredictDataSet) after rename="
'data.frame':	7395 obs. of  1 variable:
 $ PredictValue: num  0.0693 0.0693 0.0693 0.1382 0.0693 ...
NULL
[1] "str(OutputDataSet) before cbind="
'data.frame':	7395 obs. of  2 variables:
 $ RaceHorse.RaceId  : Factor w/ 660 levels "20160131-05-01-02-10",..: 1 1 1 1 1 1 1 1 1 1 ...
 $ RaceHorse.KettoNum: Factor w/ 1450 levels "2009105745","2009106017",..: 1 2 3 4 5 6 7 8 9 10 ...
NULL
[1] "str(OutputDataSet) after cbind="
'data.frame':	7395 obs. of  3 variables:
 $ RaceHorse.RaceId  : Factor w/ 660 levels "20160131-05-01-02-10",..: 1 1 1 1 1 1 1 1 1 1 ...
 $ RaceHorse.KettoNum: Factor w/ 1450 levels "2009105745","2009106017",..: 1 2 3 4 5 6 7 8 9 10 ...
 $ PredictValue      : num  0.0693 0.0693 0.0693 0.1382 0.0693 ...
NULL
[1] "2022-02-11 21:00:01 --- add PredictValue Finish ---"
[1] "2022-02-11 21:00:01 --- final Start ---"
[1] "--------------------------------------------------------------------------------"
[1] "nrow(OutputDataSet) final=7395"
[1] "--------------------------------------------------------------------------------"
[1] "str(OutputDataSet)="
'data.frame':	7395 obs. of  3 variables:
 $ RaceHorse.RaceId  : Factor w/ 660 levels "20160131-05-01-02-10",..: 1 1 1 1 1 1 1 1 1 1 ...
 $ RaceHorse.KettoNum: Factor w/ 1450 levels "2009105745","2009106017",..: 1 2 3 4 5 6 7 8 9 10 ...
 $ PredictValue      : num  0.0693 0.0693 0.0693 0.1382 0.0693 ...
NULL
[1] "2022-02-11 21:00:01 --- final Finish ---"
[1] "2022-02-11 21:00:01 --- predict.R Finished ---"
[1] "2022-02-11 21:00:01 --- log Finish ---"
