[1] "2022-02-11 22:54:23 --- D1115_Predict_glm_Gen02_IsHitA_Type26 Start ---"
[1] "2022-02-11 22:54:23 --- Log Start ---"
[1] "2022-02-11 22:54:23 --- predict.R Start ---"
[1] "--------------------------------------------------------------------------------"
[1] "analyzeVersion=D1115"
[1] "analyzeCategory=Predict"
[1] "analyzeType=Gen02"
[1] "analyzeFamily=IsHitA"
[1] "analyzeFunc=glm"
[1] "analyzeTrackTypeCd=2"
[1] "analyzeJyokenCd=6"
[1] "--------------------------------------------------------------------------------"
[1] "2022-02-11 22:54:23 --- source_function.R Start ---"
[1] "2022-02-11 22:54:23 --- source_function.R Finished ---"

> print(paste0(Sys.time(), " --- source_library.R Start ---"))
[1] "2022-02-11 22:54:23 --- source_library.R Start ---"

> require("RevoScaleR")

> print(paste0(Sys.time(), " --- source_library.R Finished ---"))
[1] "2022-02-11 22:54:23 --- source_library.R Finished ---"
[1] "2022-02-11 22:54:23 --- Load Start ---"
[1] "loadFilename=RData_Analyze_glm_Gen02_Type26.RData"
[1] "2022-02-11 22:54:23 --- Load Finished ---"
[1] "2022-02-11 22:54:23 --- RxSqlServerData Start ---"
[1] "2022-02-11 22:54:23 --- RxInSqlServer Start ---"
[1] "2022-02-11 22:54:23 --- RxInSqlServer Finish ---"
[1] "2022-02-11 22:54:23 --- rxSetComputeContext Start ---"
[1] "2022-02-11 22:54:23 --- rxSetComputeContext Finish ---"
[1] "2022-02-11 22:54:23 --- RxSqlServerData Start ---"
[1] "sqlQuery=SELECT * FROM ViewAnalyzeD1115analyze01Gen02Type26"
[1] "2022-02-11 22:54:23 --- RxSqlServerData Finish ---"
[1] "2022-02-11 22:54:23 --- rxGetVarInfo Start ---"
[1] "2022-02-11 22:54:24 --- rxGetVarInfo Finish---"
[1] "2022-02-11 22:54:24 --- rxImport Start ---"
Rows Read: 3437, Total Rows Processed: 3437, Total Chunk Time: 8.740 seconds 
[1] "2022-02-11 22:54:41 --- rxImport Finish ---"
[1] "object.size(InputDataSet) auto=1.1 Mb"
[1] "--------------------------------------------------------------------------------"
[1] "nrow(InputDataSet) RxSqlServerData=3437"
[1] "--------------------------------------------------------------------------------"
[1] "str(InputDataSet)="
'data.frame':	3437 obs. of  41 variables:
 $ Race.RaceId                      : Factor w/ 589 levels "20160110-08-01-03-04",..: 3 3 3 3 3 4 4 4 4 4 ...
 $ Race.IsPredictedRace             : logi  TRUE TRUE TRUE TRUE TRUE TRUE ...
 $ Race.IsAnalyzeNormalPastAndFuture: logi  TRUE TRUE TRUE TRUE TRUE TRUE ...
 $ Race.IsAnalyzeNormalPast         : logi  TRUE TRUE TRUE TRUE TRUE TRUE ...
 $ Race.IsAnalyzeNormalFuture       : logi  FALSE FALSE FALSE FALSE FALSE FALSE ...
 $ Race.IsAnalyzeFullPastAndFuture  : logi  TRUE TRUE TRUE TRUE TRUE TRUE ...
 $ Race.IsAnalyzeFullPast           : logi  TRUE TRUE TRUE TRUE TRUE TRUE ...
 $ Race.IsAnalyzeFullFuture         : logi  FALSE FALSE FALSE FALSE FALSE FALSE ...
 $ Race.JyokenCd                    : Factor w/ 1 level "6": 1 1 1 1 1 1 1 1 1 1 ...
 $ Race.JyoType1Cd                  : Factor w/ 74 levels "2-08-1400-1",..: 3 3 3 3 3 4 4 4 4 4 ...
 $ Race.RaceType0Cd                 : Factor w/ 112 levels "2-08-1400-1-6-X-12",..: 3 3 3 3 3 4 4 4 4 4 ...
 $ Race.RaceType1Cd                 : Factor w/ 1 level "2-6-X": 1 1 1 1 1 1 1 1 1 1 ...
 $ Race.RaceType2Cd                 : Factor w/ 1 level "2-6-X": 1 1 1 1 1 1 1 1 1 1 ...
 $ Race.RaceType3Cd                 : Factor w/ 2 levels "6-X-12","6-X-11": 1 1 1 1 1 1 1 1 1 1 ...
 $ Race.RaceType4Cd                 : Factor w/ 2 levels "2-6-12","2-6-11": 1 1 1 1 1 1 1 1 1 1 ...
 $ RaceHorse.RaceId                 : Factor w/ 589 levels "20160110-08-01-03-04",..: 3 3 3 3 3 4 4 4 4 4 ...
 $ RaceHorse.KettoNum               : Factor w/ 3429 levels "2013100624","2013101872",..: 11 12 13 14 15 16 17 18 19 20 ...
 $ RaceHorse.IsHit1                 : int  0 0 0 0 0 0 0 0 0 0 ...
 $ RaceHorse.IsHit2                 : int  0 0 0 0 0 0 0 0 0 1 ...
 $ RaceHorse.IsHit3                 : int  0 0 0 0 0 0 0 0 0 0 ...
 $ RaceHorse.IsHit4                 : int  0 1 0 0 0 0 0 0 0 0 ...
 $ RaceHorse.IsHit5                 : int  0 0 0 0 0 0 0 0 0 0 ...
 $ RaceHorse.IsHit6                 : int  1 0 1 1 1 1 1 1 1 0 ...
 $ RaceHorse.IsValidRaceHorse       : logi  TRUE TRUE TRUE FALSE TRUE TRUE ...
 $ RaceHorse.IsHitA                 : int  0 0 0 0 0 0 0 0 0 0 ...
 $ RaceHorse.IsHitB                 : int  0 0 0 0 0 0 0 0 0 1 ...
 $ RaceHorse.IsHitC                 : int  0 0 0 0 0 0 0 0 0 1 ...
 $ Gen02.HansyokuNum                : Factor w/ 2346 levels "12256167","12250920",..: 11 12 13 14 15 16 17 18 19 20 ...
 $ Gen02.TimeDvByRaceAvg            : num  59.4 51 53 50.7 34.1 ...
 $ Gen02.RunCount                   : int  1 2 1 1 1 1 2 1 2 1 ...
 $ Gen02.HitCount1                  : int  0 0 0 0 0 0 0 0 0 0 ...
 $ Gen02.HitCount2                  : int  0 0 0 0 0 0 0 0 1 0 ...
 $ Gen02.HitCount3                  : int  0 0 0 0 0 0 0 0 0 0 ...
 $ Gen02.HitCount4                  : int  1 0 0 0 0 0 0 0 0 0 ...
 $ Gen02.HitCount5                  : int  0 0 0 0 0 0 0 0 0 0 ...
 $ Gen02.HitRate1                   : num  0 0 0 0 0 0 0 0 0 0 ...
 $ Gen02.HitRate2                   : num  0 0 0 0 0 0 0 0 0.5 0 ...
 $ Gen02.HitRate3                   : num  0 0 0 0 0 0 0 0 0 0 ...
 $ Gen02.HitRate4                   : num  1 0 0 0 0 0 0 0 0 0 ...
 $ Gen02.HitRate5                   : num  0 0 0 0 0 0 0 0 0 0 ...
 $ EOF                              : int  1 1 1 1 1 1 1 1 1 1 ...
[1] "2022-02-11 22:54:41 --- RxSqlServerData Finish ---"
[1] "2022-02-11 22:54:41 --- subset Start ---"
[1] "--------------------------------------------------------------------------------"
[1] "nrow(InputDataSet) subset before=3437"
[1] "nrow(InputDataSet) subset after=3437"
[1] "nrow(InputDataSet) subset diff=0"
[1] "--------------------------------------------------------------------------------"
[1] "class(InputDataSet$Race.IsAnalyzeNormalPast)=logical"
[1] "class(InputDataSet$Race.analyzeTrackTypeCd)=NULL"
[1] "2022-02-11 22:54:41 --- subset Finish ---"
[1] "2022-02-11 22:54:41 --- transform Start ---"
[1] "--------------------------------------------------------------------------------"
[1] "nrow(InputDataSet) transaform before=3437"
[1] "nrow(InputDataSet) transaform after=3437"
[1] "nrow(InputDataSet) transaform diff=0"
[1] "--------------------------------------------------------------------------------"
[1] "str(InputDataSet)="
'data.frame':	3437 obs. of  41 variables:
 $ Race.RaceId                      : Factor w/ 589 levels "20160110-08-01-03-04",..: 3 3 3 3 3 4 4 4 4 4 ...
 $ Race.IsPredictedRace             : logi  TRUE TRUE TRUE TRUE TRUE TRUE ...
 $ Race.IsAnalyzeNormalPastAndFuture: logi  TRUE TRUE TRUE TRUE TRUE TRUE ...
 $ Race.IsAnalyzeNormalPast         : logi  TRUE TRUE TRUE TRUE TRUE TRUE ...
 $ Race.IsAnalyzeNormalFuture       : logi  FALSE FALSE FALSE FALSE FALSE FALSE ...
 $ Race.IsAnalyzeFullPastAndFuture  : logi  TRUE TRUE TRUE TRUE TRUE TRUE ...
 $ Race.IsAnalyzeFullPast           : logi  TRUE TRUE TRUE TRUE TRUE TRUE ...
 $ Race.IsAnalyzeFullFuture         : logi  FALSE FALSE FALSE FALSE FALSE FALSE ...
 $ Race.JyokenCd                    : Factor w/ 1 level "6": 1 1 1 1 1 1 1 1 1 1 ...
 $ Race.JyoType1Cd                  : Factor w/ 74 levels "2-08-1400-1",..: 3 3 3 3 3 4 4 4 4 4 ...
 $ Race.RaceType0Cd                 : Factor w/ 112 levels "2-08-1400-1-6-X-12",..: 3 3 3 3 3 4 4 4 4 4 ...
 $ Race.RaceType1Cd                 : Factor w/ 1 level "2-6-X": 1 1 1 1 1 1 1 1 1 1 ...
 $ Race.RaceType2Cd                 : Factor w/ 1 level "2-6-X": 1 1 1 1 1 1 1 1 1 1 ...
 $ Race.RaceType3Cd                 : Factor w/ 2 levels "6-X-12","6-X-11": 1 1 1 1 1 1 1 1 1 1 ...
 $ Race.RaceType4Cd                 : Factor w/ 2 levels "2-6-12","2-6-11": 1 1 1 1 1 1 1 1 1 1 ...
 $ RaceHorse.RaceId                 : Factor w/ 589 levels "20160110-08-01-03-04",..: 3 3 3 3 3 4 4 4 4 4 ...
 $ RaceHorse.KettoNum               : Factor w/ 3429 levels "2013100624","2013101872",..: 11 12 13 14 15 16 17 18 19 20 ...
 $ RaceHorse.IsHit1                 : int  0 0 0 0 0 0 0 0 0 0 ...
 $ RaceHorse.IsHit2                 : int  0 0 0 0 0 0 0 0 0 1 ...
 $ RaceHorse.IsHit3                 : int  0 0 0 0 0 0 0 0 0 0 ...
 $ RaceHorse.IsHit4                 : int  0 1 0 0 0 0 0 0 0 0 ...
 $ RaceHorse.IsHit5                 : int  0 0 0 0 0 0 0 0 0 0 ...
 $ RaceHorse.IsHit6                 : int  1 0 1 1 1 1 1 1 1 0 ...
 $ RaceHorse.IsValidRaceHorse       : logi  TRUE TRUE TRUE FALSE TRUE TRUE ...
 $ RaceHorse.IsHitA                 : int  0 0 0 0 0 0 0 0 0 0 ...
 $ RaceHorse.IsHitB                 : int  0 0 0 0 0 0 0 0 0 1 ...
 $ RaceHorse.IsHitC                 : int  0 0 0 0 0 0 0 0 0 1 ...
 $ Gen02.HansyokuNum                : Factor w/ 2346 levels "12256167","12250920",..: 11 12 13 14 15 16 17 18 19 20 ...
 $ Gen02.TimeDvByRaceAvg            : num  59.4 51 53 50.7 34.1 ...
 $ Gen02.RunCount                   : int  1 2 1 1 1 1 2 1 2 1 ...
 $ Gen02.HitCount1                  : int  0 0 0 0 0 0 0 0 0 0 ...
 $ Gen02.HitCount2                  : int  0 0 0 0 0 0 0 0 1 0 ...
 $ Gen02.HitCount3                  : int  0 0 0 0 0 0 0 0 0 0 ...
 $ Gen02.HitCount4                  : int  1 0 0 0 0 0 0 0 0 0 ...
 $ Gen02.HitCount5                  : int  0 0 0 0 0 0 0 0 0 0 ...
 $ Gen02.HitRate1                   : num  0 0 0 0 0 0 0 0 0 0 ...
 $ Gen02.HitRate2                   : num  0 0 0 0 0 0 0 0 0.5 0 ...
 $ Gen02.HitRate3                   : num  0 0 0 0 0 0 0 0 0 0 ...
 $ Gen02.HitRate4                   : num  1 0 0 0 0 0 0 0 0 0 ...
 $ Gen02.HitRate5                   : num  0 0 0 0 0 0 0 0 0 0 ...
 $ EOF                              : int  1 1 1 1 1 1 1 1 1 1 ...
NULL
[1] "2022-02-11 22:54:41 --- transform Finish ---"
[1] "2022-02-11 22:54:41 --- na.omit Start ---"
[1] "--------------------------------------------------------------------------------"
[1] "nrow(InputDataSet) na.omit before=3437"
[1] "nrow(InputDataSet) na.omit after=3437"
[1] "nrow(InputDataSet) na.omit diff=0"
[1] "--------------------------------------------------------------------------------"
[1] "2022-02-11 22:54:41 --- na.omit Finish---"
[1] "2022-02-11 22:54:41 --- New Levels Start ---"
[1] "levels(data$Race.RaceType1Cd)=2-6-X"
[1] "levels(InputDataSet$Race.RaceType1Cd)=2-6-X"
[1] "length(Race.RaceType1Cd.Index)=0"
[1] "2022-02-11 22:54:41 --- New Levels Finish ---"
[1] "2022-02-11 22:54:41 --- na.omit Start ---"
[1] "--------------------------------------------------------------------------------"
[1] "nrow(InputDataSet) na.omit levels before=3437"
[1] "nrow(InputDataSet) na.omit levels after=3437"
[1] "nrow(InputDataSet) na.omit levels diff=0"
[1] "--------------------------------------------------------------------------------"
[1] "2022-02-11 22:54:41 --- na.omit Finish ---"
[1] "2022-02-11 22:54:41 --- Predict InputDataSet Start ---"
[1] "--------------------------------------------------------------------------------"
[1] "nrow(InputDataSet) predict=3437"
[1] "--------------------------------------------------------------------------------"
[1] "str(InputDataSet)="
'data.frame':	3437 obs. of  41 variables:
 $ Race.RaceId                      : Factor w/ 589 levels "20160110-08-01-03-04",..: 3 3 3 3 3 4 4 4 4 4 ...
 $ Race.IsPredictedRace             : logi  TRUE TRUE TRUE TRUE TRUE TRUE ...
 $ Race.IsAnalyzeNormalPastAndFuture: logi  TRUE TRUE TRUE TRUE TRUE TRUE ...
 $ Race.IsAnalyzeNormalPast         : logi  TRUE TRUE TRUE TRUE TRUE TRUE ...
 $ Race.IsAnalyzeNormalFuture       : logi  FALSE FALSE FALSE FALSE FALSE FALSE ...
 $ Race.IsAnalyzeFullPastAndFuture  : logi  TRUE TRUE TRUE TRUE TRUE TRUE ...
 $ Race.IsAnalyzeFullPast           : logi  TRUE TRUE TRUE TRUE TRUE TRUE ...
 $ Race.IsAnalyzeFullFuture         : logi  FALSE FALSE FALSE FALSE FALSE FALSE ...
 $ Race.JyokenCd                    : Factor w/ 1 level "6": 1 1 1 1 1 1 1 1 1 1 ...
 $ Race.JyoType1Cd                  : Factor w/ 74 levels "2-08-1400-1",..: 3 3 3 3 3 4 4 4 4 4 ...
 $ Race.RaceType0Cd                 : Factor w/ 112 levels "2-08-1400-1-6-X-12",..: 3 3 3 3 3 4 4 4 4 4 ...
 $ Race.RaceType1Cd                 : Factor w/ 1 level "2-6-X": 1 1 1 1 1 1 1 1 1 1 ...
 $ Race.RaceType2Cd                 : Factor w/ 1 level "2-6-X": 1 1 1 1 1 1 1 1 1 1 ...
 $ Race.RaceType3Cd                 : Factor w/ 2 levels "6-X-12","6-X-11": 1 1 1 1 1 1 1 1 1 1 ...
 $ Race.RaceType4Cd                 : Factor w/ 2 levels "2-6-12","2-6-11": 1 1 1 1 1 1 1 1 1 1 ...
 $ RaceHorse.RaceId                 : Factor w/ 589 levels "20160110-08-01-03-04",..: 3 3 3 3 3 4 4 4 4 4 ...
 $ RaceHorse.KettoNum               : Factor w/ 3429 levels "2013100624","2013101872",..: 11 12 13 14 15 16 17 18 19 20 ...
 $ RaceHorse.IsHit1                 : int  0 0 0 0 0 0 0 0 0 0 ...
 $ RaceHorse.IsHit2                 : int  0 0 0 0 0 0 0 0 0 1 ...
 $ RaceHorse.IsHit3                 : int  0 0 0 0 0 0 0 0 0 0 ...
 $ RaceHorse.IsHit4                 : int  0 1 0 0 0 0 0 0 0 0 ...
 $ RaceHorse.IsHit5                 : int  0 0 0 0 0 0 0 0 0 0 ...
 $ RaceHorse.IsHit6                 : int  1 0 1 1 1 1 1 1 1 0 ...
 $ RaceHorse.IsValidRaceHorse       : logi  TRUE TRUE TRUE FALSE TRUE TRUE ...
 $ RaceHorse.IsHitA                 : int  0 0 0 0 0 0 0 0 0 0 ...
 $ RaceHorse.IsHitB                 : int  0 0 0 0 0 0 0 0 0 1 ...
 $ RaceHorse.IsHitC                 : int  0 0 0 0 0 0 0 0 0 1 ...
 $ Gen02.HansyokuNum                : Factor w/ 2346 levels "12256167","12250920",..: 11 12 13 14 15 16 17 18 19 20 ...
 $ Gen02.TimeDvByRaceAvg            : num  59.4 51 53 50.7 34.1 ...
 $ Gen02.RunCount                   : int  1 2 1 1 1 1 2 1 2 1 ...
 $ Gen02.HitCount1                  : int  0 0 0 0 0 0 0 0 0 0 ...
 $ Gen02.HitCount2                  : int  0 0 0 0 0 0 0 0 1 0 ...
 $ Gen02.HitCount3                  : int  0 0 0 0 0 0 0 0 0 0 ...
 $ Gen02.HitCount4                  : int  1 0 0 0 0 0 0 0 0 0 ...
 $ Gen02.HitCount5                  : int  0 0 0 0 0 0 0 0 0 0 ...
 $ Gen02.HitRate1                   : num  0 0 0 0 0 0 0 0 0 0 ...
 $ Gen02.HitRate2                   : num  0 0 0 0 0 0 0 0 0.5 0 ...
 $ Gen02.HitRate3                   : num  0 0 0 0 0 0 0 0 0 0 ...
 $ Gen02.HitRate4                   : num  1 0 0 0 0 0 0 0 0 0 ...
 $ Gen02.HitRate5                   : num  0 0 0 0 0 0 0 0 0 0 ...
 $ EOF                              : int  1 1 1 1 1 1 1 1 1 1 ...
[1] "2022-02-11 22:54:41 --- Predict InputDataSet Finish ---"
[1] "2022-02-11 22:54:41 --- rxPredict (glm) Start ---"
[1] "analyzeFunc=glm"
Rows Read: 3437, Total Rows Processed: 3437, Total Chunk Time: 0.001 seconds 
[1] "--------------------------------------------------------------------------------"
[1] "nrow(PredictDataSet) afte predict=3437"
[1] "--------------------------------------------------------------------------------"
[1] "str(PredictDataSet)"
'data.frame':	3437 obs. of  1 variable:
 $ RaceHorse.IsHitA_Pred: num  0.06 0.06 0.06 0.06 0.06 ...
NULL
[1] "2022-02-11 22:54:42 --- rxPredict (glm) Finish ---"
[1] "2022-02-11 22:54:42 --- add key Start ---"
[1] "--------------------------------------------------------------------------------"
[1] "nrow(OutputDataSet) add KeyColmn=3437"
[1] "--------------------------------------------------------------------------------"
[1] "str(OutputDataSet) after add Key"
'data.frame':	3437 obs. of  2 variables:
 $ RaceHorse.RaceId  : Factor w/ 589 levels "20160110-08-01-03-04",..: 3 3 3 3 3 4 4 4 4 4 ...
 $ RaceHorse.KettoNum: Factor w/ 3429 levels "2013100624","2013101872",..: 11 12 13 14 15 16 17 18 19 20 ...
NULL
[1] "2022-02-11 22:54:42 --- add key Finish ---"
[1] "2022-02-11 22:54:42 --- add PredictValue Start ---"
[1] "str(PredictDataSet) before rename="
[1] "colnames(PredictDataSet)=RaceHorse.IsHitA_Pred"
[1] "str(PredictDataSet) after rename="
'data.frame':	3437 obs. of  1 variable:
 $ PredictValue: num  0.06 0.06 0.06 0.06 0.06 ...
NULL
[1] "str(OutputDataSet) before cbind="
'data.frame':	3437 obs. of  2 variables:
 $ RaceHorse.RaceId  : Factor w/ 589 levels "20160110-08-01-03-04",..: 3 3 3 3 3 4 4 4 4 4 ...
 $ RaceHorse.KettoNum: Factor w/ 3429 levels "2013100624","2013101872",..: 11 12 13 14 15 16 17 18 19 20 ...
NULL
[1] "str(OutputDataSet) after cbind="
'data.frame':	3437 obs. of  3 variables:
 $ RaceHorse.RaceId  : Factor w/ 589 levels "20160110-08-01-03-04",..: 3 3 3 3 3 4 4 4 4 4 ...
 $ RaceHorse.KettoNum: Factor w/ 3429 levels "2013100624","2013101872",..: 11 12 13 14 15 16 17 18 19 20 ...
 $ PredictValue      : num  0.06 0.06 0.06 0.06 0.06 ...
NULL
[1] "2022-02-11 22:54:42 --- add PredictValue Finish ---"
[1] "2022-02-11 22:54:42 --- final Start ---"
[1] "--------------------------------------------------------------------------------"
[1] "nrow(OutputDataSet) final=3437"
[1] "--------------------------------------------------------------------------------"
[1] "str(OutputDataSet)="
'data.frame':	3437 obs. of  3 variables:
 $ RaceHorse.RaceId  : Factor w/ 589 levels "20160110-08-01-03-04",..: 3 3 3 3 3 4 4 4 4 4 ...
 $ RaceHorse.KettoNum: Factor w/ 3429 levels "2013100624","2013101872",..: 11 12 13 14 15 16 17 18 19 20 ...
 $ PredictValue      : num  0.06 0.06 0.06 0.06 0.06 ...
NULL
[1] "2022-02-11 22:54:42 --- final Finish ---"
[1] "2022-02-11 22:54:42 --- predict.R Finished ---"
[1] "2022-02-11 22:54:42 --- log Finish ---"
