[1] "2022-02-11 22:51:23 --- D1115_Predict_glm_Gen01_IsHitA_Type31 Start ---"
[1] "2022-02-11 22:51:23 --- Log Start ---"
[1] "2022-02-11 22:51:23 --- predict.R Start ---"
[1] "--------------------------------------------------------------------------------"
[1] "analyzeVersion=D1115"
[1] "analyzeCategory=Predict"
[1] "analyzeType=Gen01"
[1] "analyzeFamily=IsHitA"
[1] "analyzeFunc=glm"
[1] "analyzeTrackTypeCd=3"
[1] "analyzeJyokenCd=1"
[1] "--------------------------------------------------------------------------------"
[1] "2022-02-11 22:51:23 --- source_function.R Start ---"
[1] "2022-02-11 22:51:23 --- source_function.R Finished ---"

> print(paste0(Sys.time(), " --- source_library.R Start ---"))
[1] "2022-02-11 22:51:23 --- source_library.R Start ---"

> require("RevoScaleR")

> print(paste0(Sys.time(), " --- source_library.R Finished ---"))
[1] "2022-02-11 22:51:23 --- source_library.R Finished ---"
[1] "2022-02-11 22:51:23 --- Load Start ---"
[1] "loadFilename=RData_Analyze_glm_Gen01_Type31.RData"
[1] "2022-02-11 22:51:23 --- Load Finished ---"
[1] "2022-02-11 22:51:23 --- RxSqlServerData Start ---"
[1] "2022-02-11 22:51:23 --- RxInSqlServer Start ---"
[1] "2022-02-11 22:51:23 --- RxInSqlServer Finish ---"
[1] "2022-02-11 22:51:23 --- rxSetComputeContext Start ---"
[1] "2022-02-11 22:51:23 --- rxSetComputeContext Finish ---"
[1] "2022-02-11 22:51:23 --- RxSqlServerData Start ---"
[1] "sqlQuery=SELECT * FROM ViewAnalyzeD1115analyze01Gen01Type31"
[1] "2022-02-11 22:51:23 --- RxSqlServerData Finish ---"
[1] "2022-02-11 22:51:23 --- rxGetVarInfo Start ---"
[1] "2022-02-11 22:51:23 --- rxGetVarInfo Finish---"
[1] "2022-02-11 22:51:23 --- rxImport Start ---"
Rows Read: 2738, Total Rows Processed: 2738, Total Chunk Time: 1.626 seconds 
[1] "2022-02-11 22:51:26 --- rxImport Finish ---"
[1] "object.size(InputDataSet) auto=618.4 Kb"
[1] "--------------------------------------------------------------------------------"
[1] "nrow(InputDataSet) RxSqlServerData=2738"
[1] "--------------------------------------------------------------------------------"
[1] "str(InputDataSet)="
'data.frame':	2738 obs. of  41 variables:
 $ Race.RaceId                      : Factor w/ 259 levels "20160109-06-01-02-08",..: 1 1 1 1 1 1 1 2 2 2 ...
 $ Race.IsPredictedRace             : logi  TRUE TRUE TRUE TRUE TRUE TRUE ...
 $ Race.IsAnalyzeNormalPastAndFuture: logi  TRUE TRUE TRUE TRUE TRUE TRUE ...
 $ Race.IsAnalyzeNormalPast         : logi  TRUE TRUE TRUE TRUE TRUE TRUE ...
 $ Race.IsAnalyzeNormalFuture       : logi  FALSE FALSE FALSE FALSE FALSE FALSE ...
 $ Race.IsAnalyzeFullPastAndFuture  : logi  TRUE TRUE TRUE TRUE TRUE TRUE ...
 $ Race.IsAnalyzeFullPast           : logi  TRUE TRUE TRUE TRUE TRUE TRUE ...
 $ Race.IsAnalyzeFullFuture         : logi  FALSE FALSE FALSE FALSE FALSE FALSE ...
 $ Race.JyokenCd                    : Factor w/ 1 level "1": 1 1 1 1 1 1 1 1 1 1 ...
 $ Race.JyoType1Cd                  : Factor w/ 60 levels "3-06-3200-1",..: 1 1 1 1 1 1 1 2 2 2 ...
 $ Race.RaceType0Cd                 : Factor w/ 92 levels "3-06-3200-1-1-E-19",..: 1 1 1 1 1 1 1 2 2 2 ...
 $ Race.RaceType1Cd                 : Factor w/ 5 levels "3-1-E","3-1-G",..: 1 1 1 1 1 1 1 1 1 1 ...
 $ Race.RaceType2Cd                 : Factor w/ 5 levels "3-1-E","3-1-G",..: 1 1 1 1 1 1 1 1 1 1 ...
 $ Race.RaceType3Cd                 : Factor w/ 9 levels "1-E-19","1-E-18",..: 1 1 1 1 1 1 1 1 1 1 ...
 $ Race.RaceType4Cd                 : Factor w/ 2 levels "3-1-19","3-1-18": 1 1 1 1 1 1 1 1 1 1 ...
 $ RaceHorse.RaceId                 : Factor w/ 259 levels "20160109-06-01-02-08",..: 1 1 1 1 1 1 1 2 2 2 ...
 $ RaceHorse.KettoNum               : Factor w/ 535 levels "2009103053","2010100880",..: 1 2 3 5 10 6 7 8 4 11 ...
 $ RaceHorse.IsHit1                 : int  0 0 0 0 0 0 0 0 0 0 ...
 $ RaceHorse.IsHit2                 : int  0 0 0 0 0 0 1 0 0 0 ...
 $ RaceHorse.IsHit3                 : int  0 0 0 0 0 0 0 0 0 0 ...
 $ RaceHorse.IsHit4                 : int  0 1 0 0 0 0 0 0 0 0 ...
 $ RaceHorse.IsHit5                 : int  0 0 0 0 1 0 0 0 0 0 ...
 $ RaceHorse.IsHit6                 : int  0 0 1 1 0 1 0 1 1 1 ...
 $ RaceHorse.IsValidRaceHorse       : logi  FALSE TRUE TRUE TRUE TRUE TRUE ...
 $ RaceHorse.IsHitA                 : int  0 0 0 0 0 0 0 0 0 0 ...
 $ RaceHorse.IsHitB                 : int  0 0 0 0 0 0 1 0 0 0 ...
 $ RaceHorse.IsHitC                 : int  0 0 0 0 0 0 1 0 0 0 ...
 $ Gen01.HansyokuNum                : Factor w/ 139 levels "11202004","11202132",..: 1 2 3 5 10 6 7 8 4 4 ...
 $ Gen01.TimeDvByRaceAvg            : num  48.5 51.6 49.3 51.9 49.6 ...
 $ Gen01.RunCount                   : int  8 2 5 6 12 2 1 1 7 7 ...
 $ Gen01.HitCount1                  : int  0 1 1 0 2 0 0 0 1 1 ...
 $ Gen01.HitCount2                  : int  0 0 0 1 2 0 0 0 1 1 ...
 $ Gen01.HitCount3                  : int  0 0 0 0 1 0 0 0 1 1 ...
 $ Gen01.HitCount4                  : int  0 0 0 1 0 0 0 0 1 1 ...
 $ Gen01.HitCount5                  : int  0 0 0 0 0 0 0 0 1 1 ...
 $ Gen01.HitRate1                   : num  0 0.5 0.2 0 0.167 ...
 $ Gen01.HitRate2                   : num  0 0 0 0.167 0.167 ...
 $ Gen01.HitRate3                   : num  0 0 0 0 0.0833 ...
 $ Gen01.HitRate4                   : num  0 0 0 0.167 0 ...
 $ Gen01.HitRate5                   : num  0 0 0 0 0 ...
 $ EOF                              : int  1 1 1 1 1 1 1 1 1 1 ...
[1] "2022-02-11 22:51:26 --- RxSqlServerData Finish ---"
[1] "2022-02-11 22:51:26 --- subset Start ---"
[1] "--------------------------------------------------------------------------------"
[1] "nrow(InputDataSet) subset before=2738"
[1] "nrow(InputDataSet) subset after=2738"
[1] "nrow(InputDataSet) subset diff=0"
[1] "--------------------------------------------------------------------------------"
[1] "class(InputDataSet$Race.IsAnalyzeNormalPast)=logical"
[1] "class(InputDataSet$Race.analyzeTrackTypeCd)=NULL"
[1] "2022-02-11 22:51:26 --- subset Finish ---"
[1] "2022-02-11 22:51:26 --- transform Start ---"
[1] "--------------------------------------------------------------------------------"
[1] "nrow(InputDataSet) transaform before=2738"
[1] "nrow(InputDataSet) transaform after=2738"
[1] "nrow(InputDataSet) transaform diff=0"
[1] "--------------------------------------------------------------------------------"
[1] "str(InputDataSet)="
'data.frame':	2738 obs. of  41 variables:
 $ Race.RaceId                      : Factor w/ 259 levels "20160109-06-01-02-08",..: 1 1 1 1 1 1 1 2 2 2 ...
 $ Race.IsPredictedRace             : logi  TRUE TRUE TRUE TRUE TRUE TRUE ...
 $ Race.IsAnalyzeNormalPastAndFuture: logi  TRUE TRUE TRUE TRUE TRUE TRUE ...
 $ Race.IsAnalyzeNormalPast         : logi  TRUE TRUE TRUE TRUE TRUE TRUE ...
 $ Race.IsAnalyzeNormalFuture       : logi  FALSE FALSE FALSE FALSE FALSE FALSE ...
 $ Race.IsAnalyzeFullPastAndFuture  : logi  TRUE TRUE TRUE TRUE TRUE TRUE ...
 $ Race.IsAnalyzeFullPast           : logi  TRUE TRUE TRUE TRUE TRUE TRUE ...
 $ Race.IsAnalyzeFullFuture         : logi  FALSE FALSE FALSE FALSE FALSE FALSE ...
 $ Race.JyokenCd                    : Factor w/ 1 level "1": 1 1 1 1 1 1 1 1 1 1 ...
 $ Race.JyoType1Cd                  : Factor w/ 60 levels "3-06-3200-1",..: 1 1 1 1 1 1 1 2 2 2 ...
 $ Race.RaceType0Cd                 : Factor w/ 92 levels "3-06-3200-1-1-E-19",..: 1 1 1 1 1 1 1 2 2 2 ...
 $ Race.RaceType1Cd                 : Factor w/ 5 levels "3-1-E","3-1-G",..: 1 1 1 1 1 1 1 1 1 1 ...
 $ Race.RaceType2Cd                 : Factor w/ 5 levels "3-1-E","3-1-G",..: 1 1 1 1 1 1 1 1 1 1 ...
 $ Race.RaceType3Cd                 : Factor w/ 9 levels "1-E-19","1-E-18",..: 1 1 1 1 1 1 1 1 1 1 ...
 $ Race.RaceType4Cd                 : Factor w/ 2 levels "3-1-19","3-1-18": 1 1 1 1 1 1 1 1 1 1 ...
 $ RaceHorse.RaceId                 : Factor w/ 259 levels "20160109-06-01-02-08",..: 1 1 1 1 1 1 1 2 2 2 ...
 $ RaceHorse.KettoNum               : Factor w/ 535 levels "2009103053","2010100880",..: 1 2 3 5 10 6 7 8 4 11 ...
 $ RaceHorse.IsHit1                 : int  0 0 0 0 0 0 0 0 0 0 ...
 $ RaceHorse.IsHit2                 : int  0 0 0 0 0 0 1 0 0 0 ...
 $ RaceHorse.IsHit3                 : int  0 0 0 0 0 0 0 0 0 0 ...
 $ RaceHorse.IsHit4                 : int  0 1 0 0 0 0 0 0 0 0 ...
 $ RaceHorse.IsHit5                 : int  0 0 0 0 1 0 0 0 0 0 ...
 $ RaceHorse.IsHit6                 : int  0 0 1 1 0 1 0 1 1 1 ...
 $ RaceHorse.IsValidRaceHorse       : logi  FALSE TRUE TRUE TRUE TRUE TRUE ...
 $ RaceHorse.IsHitA                 : int  0 0 0 0 0 0 0 0 0 0 ...
 $ RaceHorse.IsHitB                 : int  0 0 0 0 0 0 1 0 0 0 ...
 $ RaceHorse.IsHitC                 : int  0 0 0 0 0 0 1 0 0 0 ...
 $ Gen01.HansyokuNum                : Factor w/ 139 levels "11202004","11202132",..: 1 2 3 5 10 6 7 8 4 4 ...
 $ Gen01.TimeDvByRaceAvg            : num  48.5 51.6 49.3 51.9 49.6 ...
 $ Gen01.RunCount                   : int  8 2 5 6 12 2 1 1 7 7 ...
 $ Gen01.HitCount1                  : int  0 1 1 0 2 0 0 0 1 1 ...
 $ Gen01.HitCount2                  : int  0 0 0 1 2 0 0 0 1 1 ...
 $ Gen01.HitCount3                  : int  0 0 0 0 1 0 0 0 1 1 ...
 $ Gen01.HitCount4                  : int  0 0 0 1 0 0 0 0 1 1 ...
 $ Gen01.HitCount5                  : int  0 0 0 0 0 0 0 0 1 1 ...
 $ Gen01.HitRate1                   : num  0 0.5 0.2 0 0.167 ...
 $ Gen01.HitRate2                   : num  0 0 0 0.167 0.167 ...
 $ Gen01.HitRate3                   : num  0 0 0 0 0.0833 ...
 $ Gen01.HitRate4                   : num  0 0 0 0.167 0 ...
 $ Gen01.HitRate5                   : num  0 0 0 0 0 ...
 $ EOF                              : int  1 1 1 1 1 1 1 1 1 1 ...
NULL
[1] "2022-02-11 22:51:26 --- transform Finish ---"
[1] "2022-02-11 22:51:26 --- na.omit Start ---"
[1] "--------------------------------------------------------------------------------"
[1] "nrow(InputDataSet) na.omit before=2738"
[1] "nrow(InputDataSet) na.omit after=2738"
[1] "nrow(InputDataSet) na.omit diff=0"
[1] "--------------------------------------------------------------------------------"
[1] "2022-02-11 22:51:26 --- na.omit Finish---"
[1] "2022-02-11 22:51:26 --- New Levels Start ---"
[1] "levels(data$Race.RaceType1Cd)=3-1-E" "levels(data$Race.RaceType1Cd)=3-1-G"
[3] "levels(data$Race.RaceType1Cd)=3-1-F" "levels(data$Race.RaceType1Cd)=3-1-X"
[5] "levels(data$Race.RaceType1Cd)=3-1-H"
[1] "levels(InputDataSet$Race.RaceType1Cd)=3-1-E"
[2] "levels(InputDataSet$Race.RaceType1Cd)=3-1-G"
[3] "levels(InputDataSet$Race.RaceType1Cd)=3-1-F"
[4] "levels(InputDataSet$Race.RaceType1Cd)=3-1-X"
[5] "levels(InputDataSet$Race.RaceType1Cd)=3-1-H"
[1] "length(Race.RaceType1Cd.Index)=0"
[1] "2022-02-11 22:51:26 --- New Levels Finish ---"
[1] "2022-02-11 22:51:26 --- na.omit Start ---"
[1] "--------------------------------------------------------------------------------"
[1] "nrow(InputDataSet) na.omit levels before=2738"
[1] "nrow(InputDataSet) na.omit levels after=2738"
[1] "nrow(InputDataSet) na.omit levels diff=0"
[1] "--------------------------------------------------------------------------------"
[1] "2022-02-11 22:51:26 --- na.omit Finish ---"
[1] "2022-02-11 22:51:26 --- Predict InputDataSet Start ---"
[1] "--------------------------------------------------------------------------------"
[1] "nrow(InputDataSet) predict=2738"
[1] "--------------------------------------------------------------------------------"
[1] "str(InputDataSet)="
'data.frame':	2738 obs. of  41 variables:
 $ Race.RaceId                      : Factor w/ 259 levels "20160109-06-01-02-08",..: 1 1 1 1 1 1 1 2 2 2 ...
 $ Race.IsPredictedRace             : logi  TRUE TRUE TRUE TRUE TRUE TRUE ...
 $ Race.IsAnalyzeNormalPastAndFuture: logi  TRUE TRUE TRUE TRUE TRUE TRUE ...
 $ Race.IsAnalyzeNormalPast         : logi  TRUE TRUE TRUE TRUE TRUE TRUE ...
 $ Race.IsAnalyzeNormalFuture       : logi  FALSE FALSE FALSE FALSE FALSE FALSE ...
 $ Race.IsAnalyzeFullPastAndFuture  : logi  TRUE TRUE TRUE TRUE TRUE TRUE ...
 $ Race.IsAnalyzeFullPast           : logi  TRUE TRUE TRUE TRUE TRUE TRUE ...
 $ Race.IsAnalyzeFullFuture         : logi  FALSE FALSE FALSE FALSE FALSE FALSE ...
 $ Race.JyokenCd                    : Factor w/ 1 level "1": 1 1 1 1 1 1 1 1 1 1 ...
 $ Race.JyoType1Cd                  : Factor w/ 60 levels "3-06-3200-1",..: 1 1 1 1 1 1 1 2 2 2 ...
 $ Race.RaceType0Cd                 : Factor w/ 92 levels "3-06-3200-1-1-E-19",..: 1 1 1 1 1 1 1 2 2 2 ...
 $ Race.RaceType1Cd                 : Factor w/ 5 levels "3-1-E","3-1-G",..: 1 1 1 1 1 1 1 1 1 1 ...
 $ Race.RaceType2Cd                 : Factor w/ 5 levels "3-1-E","3-1-G",..: 1 1 1 1 1 1 1 1 1 1 ...
 $ Race.RaceType3Cd                 : Factor w/ 9 levels "1-E-19","1-E-18",..: 1 1 1 1 1 1 1 1 1 1 ...
 $ Race.RaceType4Cd                 : Factor w/ 2 levels "3-1-19","3-1-18": 1 1 1 1 1 1 1 1 1 1 ...
 $ RaceHorse.RaceId                 : Factor w/ 259 levels "20160109-06-01-02-08",..: 1 1 1 1 1 1 1 2 2 2 ...
 $ RaceHorse.KettoNum               : Factor w/ 535 levels "2009103053","2010100880",..: 1 2 3 5 10 6 7 8 4 11 ...
 $ RaceHorse.IsHit1                 : int  0 0 0 0 0 0 0 0 0 0 ...
 $ RaceHorse.IsHit2                 : int  0 0 0 0 0 0 1 0 0 0 ...
 $ RaceHorse.IsHit3                 : int  0 0 0 0 0 0 0 0 0 0 ...
 $ RaceHorse.IsHit4                 : int  0 1 0 0 0 0 0 0 0 0 ...
 $ RaceHorse.IsHit5                 : int  0 0 0 0 1 0 0 0 0 0 ...
 $ RaceHorse.IsHit6                 : int  0 0 1 1 0 1 0 1 1 1 ...
 $ RaceHorse.IsValidRaceHorse       : logi  FALSE TRUE TRUE TRUE TRUE TRUE ...
 $ RaceHorse.IsHitA                 : int  0 0 0 0 0 0 0 0 0 0 ...
 $ RaceHorse.IsHitB                 : int  0 0 0 0 0 0 1 0 0 0 ...
 $ RaceHorse.IsHitC                 : int  0 0 0 0 0 0 1 0 0 0 ...
 $ Gen01.HansyokuNum                : Factor w/ 139 levels "11202004","11202132",..: 1 2 3 5 10 6 7 8 4 4 ...
 $ Gen01.TimeDvByRaceAvg            : num  48.5 51.6 49.3 51.9 49.6 ...
 $ Gen01.RunCount                   : int  8 2 5 6 12 2 1 1 7 7 ...
 $ Gen01.HitCount1                  : int  0 1 1 0 2 0 0 0 1 1 ...
 $ Gen01.HitCount2                  : int  0 0 0 1 2 0 0 0 1 1 ...
 $ Gen01.HitCount3                  : int  0 0 0 0 1 0 0 0 1 1 ...
 $ Gen01.HitCount4                  : int  0 0 0 1 0 0 0 0 1 1 ...
 $ Gen01.HitCount5                  : int  0 0 0 0 0 0 0 0 1 1 ...
 $ Gen01.HitRate1                   : num  0 0.5 0.2 0 0.167 ...
 $ Gen01.HitRate2                   : num  0 0 0 0.167 0.167 ...
 $ Gen01.HitRate3                   : num  0 0 0 0 0.0833 ...
 $ Gen01.HitRate4                   : num  0 0 0 0.167 0 ...
 $ Gen01.HitRate5                   : num  0 0 0 0 0 ...
 $ EOF                              : int  1 1 1 1 1 1 1 1 1 1 ...
[1] "2022-02-11 22:51:26 --- Predict InputDataSet Finish ---"
[1] "2022-02-11 22:51:26 --- rxPredict (glm) Start ---"
[1] "analyzeFunc=glm"
Rows Read: 2738, Total Rows Processed: 2738, Total Chunk Time: 0.001 seconds 
[1] "--------------------------------------------------------------------------------"
[1] "nrow(PredictDataSet) afte predict=2738"
[1] "--------------------------------------------------------------------------------"
[1] "str(PredictDataSet)"
'data.frame':	2738 obs. of  1 variable:
 $ RaceHorse.IsHitA_Pred: num  0.0762 0.1311 0.095 0.0762 0.0916 ...
NULL
[1] "2022-02-11 22:51:26 --- rxPredict (glm) Finish ---"
[1] "2022-02-11 22:51:26 --- add key Start ---"
[1] "--------------------------------------------------------------------------------"
[1] "nrow(OutputDataSet) add KeyColmn=2738"
[1] "--------------------------------------------------------------------------------"
[1] "str(OutputDataSet) after add Key"
'data.frame':	2738 obs. of  2 variables:
 $ RaceHorse.RaceId  : Factor w/ 259 levels "20160109-06-01-02-08",..: 1 1 1 1 1 1 1 2 2 2 ...
 $ RaceHorse.KettoNum: Factor w/ 535 levels "2009103053","2010100880",..: 1 2 3 5 10 6 7 8 4 11 ...
NULL
[1] "2022-02-11 22:51:26 --- add key Finish ---"
[1] "2022-02-11 22:51:26 --- add PredictValue Start ---"
[1] "str(PredictDataSet) before rename="
[1] "colnames(PredictDataSet)=RaceHorse.IsHitA_Pred"
[1] "str(PredictDataSet) after rename="
'data.frame':	2738 obs. of  1 variable:
 $ PredictValue: num  0.0762 0.1311 0.095 0.0762 0.0916 ...
NULL
[1] "str(OutputDataSet) before cbind="
'data.frame':	2738 obs. of  2 variables:
 $ RaceHorse.RaceId  : Factor w/ 259 levels "20160109-06-01-02-08",..: 1 1 1 1 1 1 1 2 2 2 ...
 $ RaceHorse.KettoNum: Factor w/ 535 levels "2009103053","2010100880",..: 1 2 3 5 10 6 7 8 4 11 ...
NULL
[1] "str(OutputDataSet) after cbind="
'data.frame':	2738 obs. of  3 variables:
 $ RaceHorse.RaceId  : Factor w/ 259 levels "20160109-06-01-02-08",..: 1 1 1 1 1 1 1 2 2 2 ...
 $ RaceHorse.KettoNum: Factor w/ 535 levels "2009103053","2010100880",..: 1 2 3 5 10 6 7 8 4 11 ...
 $ PredictValue      : num  0.0762 0.1311 0.095 0.0762 0.0916 ...
NULL
[1] "2022-02-11 22:51:27 --- add PredictValue Finish ---"
[1] "2022-02-11 22:51:27 --- final Start ---"
[1] "--------------------------------------------------------------------------------"
[1] "nrow(OutputDataSet) final=2738"
[1] "--------------------------------------------------------------------------------"
[1] "str(OutputDataSet)="
'data.frame':	2738 obs. of  3 variables:
 $ RaceHorse.RaceId  : Factor w/ 259 levels "20160109-06-01-02-08",..: 1 1 1 1 1 1 1 2 2 2 ...
 $ RaceHorse.KettoNum: Factor w/ 535 levels "2009103053","2010100880",..: 1 2 3 5 10 6 7 8 4 11 ...
 $ PredictValue      : num  0.0762 0.1311 0.095 0.0762 0.0916 ...
NULL
[1] "2022-02-11 22:51:27 --- final Finish ---"
[1] "2022-02-11 22:51:27 --- predict.R Finished ---"
[1] "2022-02-11 22:51:27 --- log Finish ---"
