[1] "2022-01-27 10:39:54 --- source_function.R Start ---"
[1] "2022-01-27 10:39:54 --- source_function.R Finished ---"
[1] "2022-01-27 10:39:54 --- source_library.R Start ---"
[1] "2022-01-27 10:39:55 --- source_library.R Finished ---"
[1] "sqlQuery=SELECT * FROM ViewAnalyzeD1112Analyze01OddsType35"
Rows Read: 6383, Total Rows Processed: 6383, Total Chunk Time: 0.256 seconds 
[1] "object.size(data) auto=1.3 Mb"
[1] "nrow(data) sqlQuery=6383"
[1] "str(data)="
'data.frame':	6383 obs. of  37 variables:
 $ Race.RaceId                      : Factor w/ 510 levels "20160305-09-01-03-04",..: 1 2 3 4 5 6 7 8 9 10 ...
 $ Race.IsPredictedRace             : logi  FALSE FALSE FALSE FALSE FALSE FALSE ...
 $ Race.IsAnalyzeNormalPastAndFuture: logi  TRUE TRUE TRUE TRUE TRUE TRUE ...
 $ Race.IsAnalyzeNormalPast         : logi  TRUE TRUE TRUE FALSE TRUE TRUE ...
 $ Race.IsAnalyzeNormalFuture       : logi  FALSE FALSE FALSE TRUE FALSE FALSE ...
 $ Race.IsAnalyzeFullPastAndFuture  : logi  TRUE TRUE TRUE TRUE TRUE TRUE ...
 $ Race.IsAnalyzeFullPast           : logi  TRUE TRUE TRUE FALSE TRUE TRUE ...
 $ Race.IsAnalyzeFullFuture         : logi  FALSE FALSE FALSE TRUE FALSE FALSE ...
 $ Race.JyokenCd                    : Factor w/ 1 level "5": 1 1 1 1 1 1 1 1 1 1 ...
 $ Race.JyoType1Cd                  : Factor w/ 36 levels "3-09-2970-1",..: 1 2 3 4 2 5 3 2 6 7 ...
 $ Race.RaceType0Cd                 : Factor w/ 52 levels "3-09-2970-1-5-X-19",..: 1 2 3 4 2 5 6 7 8 9 ...
 $ Race.RaceType1Cd                 : Factor w/ 1 level "3-5-X": 1 1 1 1 1 1 1 1 1 1 ...
 $ Race.RaceType2Cd                 : Factor w/ 1 level "3-5-X": 1 1 1 1 1 1 1 1 1 1 ...
 $ Race.RaceType3Cd                 : Factor w/ 2 levels "5-X-19","5-X-18": 1 1 2 2 1 1 1 2 1 2 ...
 $ Race.RaceType4Cd                 : Factor w/ 2 levels "3-5-19","3-5-18": 1 1 2 2 1 1 1 2 1 2 ...
 $ RaceHorse.RaceId                 : Factor w/ 510 levels "20160305-09-01-03-04",..: 1 2 3 4 5 6 7 8 9 10 ...
 $ RaceHorse.KettoNum               : Factor w/ 1902 levels "2012103529","2016106432",..: 1 2 3 4 5 6 7 8 9 10 ...
 $ RaceHorse.IsHit1                 : int  0 0 0 0 0 0 0 NA 0 0 ...
 $ RaceHorse.IsHit2                 : int  0 0 1 0 0 0 0 NA 0 0 ...
 $ RaceHorse.IsHit3                 : int  0 0 0 0 0 0 0 NA 0 0 ...
 $ RaceHorse.IsHit4                 : int  0 0 0 0 0 1 0 NA 0 0 ...
 $ RaceHorse.IsHit5                 : int  0 0 0 0 0 0 0 NA 0 1 ...
 $ RaceHorse.IsHit6                 : int  1 1 0 1 1 0 1 NA 1 0 ...
 $ RaceHorse.IsValidRaceHorse       : logi  TRUE TRUE TRUE TRUE TRUE TRUE ...
 $ RaceHorse.IsHitA                 : int  0 0 0 0 0 0 0 NA 0 0 ...
 $ RaceHorse.IsHitB                 : int  0 0 1 0 0 0 0 NA 0 0 ...
 $ RaceHorse.IsHitC                 : int  0 0 1 0 0 0 0 NA 0 0 ...
 $ RaceHorse.IsHitD                 : int  0 0 1 0 0 1 0 NA 0 0 ...
 $ RaceHorse.IsHitE                 : int  0 0 1 0 0 1 0 NA 0 1 ...
 $ OddsByWin.Odds1                  : num  57.2 62.6 2.3 80.1 84.3 ...
 $ OddsByWin.Ninki                  : num  9 9 1 9 12 13 13 2 4 11 ...
 $ OddsByWin.OddsLog1               : num  4.06 4.15 1.19 4.4 4.45 ...
 $ OddsByWin.OddsRatio1             : num  0.0178 0.0162 0.7692 0.0126 0.012 ...
 $ OddsByWin.OddsLogit1             : num  -4.047 -4.137 -0.833 -4.383 -4.434 ...
 $ OddsByWin.ApprovalRate1          : num  0.0175 0.016 0.4348 0.0125 0.0119 ...
 $ OddsByWin.ApprovalRateLog1       : num  0.0173 0.0158 0.361 0.0124 0.0118 ...
 $ EOF                              : int  1 1 1 1 1 1 1 1 1 1 ...
[1] "nrow(data) subset before=6383"
[1] "nrow(data) subset after =4965"
[1] "nrow(data) subset diff =1418"
[1] "nrow(data) transform before=4965"
[1] "nrow(data) transform after=4965"
[1] "nrow(data) transform diff=0"
[1] "nrow(data) na.omit before=4965"
[1] "nrow(data) na.omit after =4965"
[1] "nrow(data) na.omit diff =0"
[1] "glm nrow(data) input=4965"
[1] "str(data)="
'data.frame':	4965 obs. of  37 variables:
 $ Race.RaceId                      : Factor w/ 510 levels "20160305-09-01-03-04",..: 1 2 3 5 6 7 12 13 14 15 ...
 $ Race.IsPredictedRace             : logi  FALSE FALSE FALSE FALSE FALSE FALSE ...
 $ Race.IsAnalyzeNormalPastAndFuture: logi  TRUE TRUE TRUE TRUE TRUE TRUE ...
 $ Race.IsAnalyzeNormalPast         : logi  TRUE TRUE TRUE TRUE TRUE TRUE ...
 $ Race.IsAnalyzeNormalFuture       : logi  FALSE FALSE FALSE FALSE FALSE FALSE ...
 $ Race.IsAnalyzeFullPastAndFuture  : logi  TRUE TRUE TRUE TRUE TRUE TRUE ...
 $ Race.IsAnalyzeFullPast           : logi  TRUE TRUE TRUE TRUE TRUE TRUE ...
 $ Race.IsAnalyzeFullFuture         : logi  FALSE FALSE FALSE FALSE FALSE FALSE ...
 $ Race.JyokenCd                    : Factor w/ 1 level "5": 1 1 1 1 1 1 1 1 1 1 ...
 $ Race.JyoType1Cd                  : Factor w/ 36 levels "3-09-2970-1",..: 1 2 3 2 5 3 9 10 11 12 ...
 $ Race.RaceType0Cd                 : Factor w/ 52 levels "3-09-2970-1-5-X-19",..: 1 2 3 2 5 6 11 12 13 14 ...
 $ Race.RaceType1Cd                 : Factor w/ 1 level "3-5-X": 1 1 1 1 1 1 1 1 1 1 ...
 $ Race.RaceType2Cd                 : Factor w/ 1 level "3-5-X": 1 1 1 1 1 1 1 1 1 1 ...
 $ Race.RaceType3Cd                 : Factor w/ 2 levels "5-X-19","5-X-18": 1 1 2 1 1 1 1 2 1 1 ...
 $ Race.RaceType4Cd                 : Factor w/ 2 levels "3-5-19","3-5-18": 1 1 2 1 1 1 1 2 1 1 ...
 $ RaceHorse.RaceId                 : Factor w/ 510 levels "20160305-09-01-03-04",..: 1 2 3 5 6 7 12 13 14 15 ...
 $ RaceHorse.KettoNum               : Factor w/ 1902 levels "2012103529","2016106432",..: 1 2 3 5 6 7 12 13 14 15 ...
 $ RaceHorse.IsHit1                 : int  0 0 0 0 0 0 0 0 0 0 ...
 $ RaceHorse.IsHit2                 : int  0 0 1 0 0 0 0 0 0 1 ...
 $ RaceHorse.IsHit3                 : int  0 0 0 0 0 0 0 0 0 0 ...
 $ RaceHorse.IsHit4                 : int  0 0 0 0 1 0 0 0 0 0 ...
 $ RaceHorse.IsHit5                 : int  0 0 0 0 0 0 0 0 0 0 ...
 $ RaceHorse.IsHit6                 : int  1 1 0 1 0 1 1 1 1 0 ...
 $ RaceHorse.IsValidRaceHorse       : logi  TRUE TRUE TRUE TRUE TRUE TRUE ...
 $ RaceHorse.IsHitA                 : int  0 0 0 0 0 0 0 0 0 0 ...
 $ RaceHorse.IsHitB                 : int  0 0 1 0 0 0 0 0 0 1 ...
 $ RaceHorse.IsHitC                 : int  0 0 1 0 0 0 0 0 0 1 ...
 $ RaceHorse.IsHitD                 : int  0 0 1 0 1 0 0 0 0 1 ...
 $ RaceHorse.IsHitE                 : int  0 0 1 0 1 0 0 0 0 1 ...
 $ OddsByWin.Odds1                  : num  57.2 62.6 2.3 84.3 101 ...
 $ OddsByWin.Ninki                  : num  9 9 1 12 13 13 8 5 12 5 ...
 $ OddsByWin.OddsLog1               : num  4.06 4.15 1.19 4.45 4.62 ...
 $ OddsByWin.OddsRatio1             : num  0.0178 0.0162 0.7692 0.012 0.01 ...
 $ OddsByWin.OddsLogit1             : num  -4.047 -4.137 -0.833 -4.434 -4.615 ...
 $ OddsByWin.ApprovalRate1          : num  0.0175 0.016 0.4348 0.0119 0.0099 ...
 $ OddsByWin.ApprovalRateLog1       : num  0.01733 0.01585 0.36101 0.01179 0.00985 ...
 $ EOF                              : int  1 1 1 1 1 1 1 1 1 1 ...
[1] "2022-01-27 10:39:57 --- source_logic_glm.R Start ---"
[1] "2022-01-27 10:39:57 --- source_logic_glm.R Finished ---"

Call:
glm(formula = RaceHorse.IsHitA ~ +1 + OddsByWin.OddsLogit1, family = "binomial", 
    data = data)

Deviance Residuals: 
   Min      1Q  Median      3Q     Max  
-1.251  -0.440  -0.230  -0.117   3.349  

Coefficients:
                     Estimate Std. Error z value Pr(>|z|)    
(Intercept)            0.3886     0.1225    3.17   0.0015 ** 
OddsByWin.OddsLogit1   1.1939     0.0611   19.54   <2e-16 ***
---
Signif. codes:  0 '***' 0.001 '**' 0.01 '*' 0.05 '.' 0.1 ' ' 1

(Dispersion parameter for binomial family taken to be 1)

    Null deviance: 2873.4  on 4964  degrees of freedom
Residual deviance: 2284.2  on 4963  degrees of freedom
AIC: 2288

Number of Fisher Scoring iterations: 6


Call:  glm(formula = RaceHorse.IsHitA ~ +1 + OddsByWin.OddsLogit1, family = "binomial", 
    data = data)

Coefficients:
         (Intercept)  OddsByWin.OddsLogit1  
               0.389                 1.194  

Degrees of Freedom: 4964 Total (i.e. Null);  4963 Residual
Null Deviance:	    2870 
Residual Deviance: 2280 	AIC: 2290

Call:
glm(formula = RaceHorse.IsHitA ~ +1 + OddsByWin.OddsLogit1, family = "binomial", 
    data = data)

Deviance Residuals: 
   Min      1Q  Median      3Q     Max  
-1.251  -0.440  -0.230  -0.117   3.349  

Coefficients:
                     Estimate Std. Error z value Pr(>|z|)    
(Intercept)            0.3886     0.1225    3.17   0.0015 ** 
OddsByWin.OddsLogit1   1.1939     0.0611   19.54   <2e-16 ***
---
Signif. codes:  0 '***' 0.001 '**' 0.01 '*' 0.05 '.' 0.1 ' ' 1

(Dispersion parameter for binomial family taken to be 1)

    Null deviance: 2873.4  on 4964  degrees of freedom
Residual deviance: 2284.2  on 4963  degrees of freedom
AIC: 2288

Number of Fisher Scoring iterations: 6

[1] "pdfFilename=pdf_analyze_glm_Odds_Type35_plot.analyze.results.glm.pdf"
[1] "pdfFilename=pdf_analyze_glm_Odds_Type35_plot.analyze.results.glm.step.pdf"
[1] "save.image"
[1] "rdataFilename=RData_analyze_glm_Odds_Type35.RData"
[1] "nrow(data) final=4965"
[1] "q..."
[1] "2022-01-27 10:39:58 --- analyze_glm.R Finished ---"
[1] "log sink finish"
