[1] "2022-01-27 10:38:16 --- source_function.R Start ---"
[1] "2022-01-27 10:38:16 --- source_function.R Finished ---"
[1] "2022-01-27 10:38:16 --- source_library.R Start ---"
[1] "2022-01-27 10:38:17 --- source_library.R Finished ---"
[1] "sqlQuery=SELECT * FROM ViewAnalyzeD1112Analyze01OddsType13"
Rows Read: 17932, Total Rows Processed: 17932, Total Chunk Time: 1.973 seconds 
[1] "object.size(data) auto=3.5 Mb"
[1] "nrow(data) sqlQuery=17932"
[1] "str(data)="
'data.frame':	17932 obs. of  37 variables:
 $ Race.RaceId                      : Factor w/ 1449 levels "20170225-09-01-01-09",..: 1 1 1 1 1 1 1 1 1 1 ...
 $ Race.IsPredictedRace             : logi  FALSE FALSE FALSE FALSE FALSE FALSE ...
 $ Race.IsAnalyzeNormalPastAndFuture: logi  TRUE TRUE TRUE TRUE TRUE TRUE ...
 $ Race.IsAnalyzeNormalPast         : logi  TRUE TRUE TRUE TRUE TRUE TRUE ...
 $ Race.IsAnalyzeNormalFuture       : logi  FALSE FALSE FALSE FALSE FALSE FALSE ...
 $ Race.IsAnalyzeFullPastAndFuture  : logi  TRUE TRUE TRUE TRUE TRUE TRUE ...
 $ Race.IsAnalyzeFullPast           : logi  TRUE TRUE TRUE TRUE TRUE TRUE ...
 $ Race.IsAnalyzeFullFuture         : logi  FALSE FALSE FALSE FALSE FALSE FALSE ...
 $ Race.JyokenCd                    : Factor w/ 1 level "3": 1 1 1 1 1 1 1 1 1 1 ...
 $ Race.JyoType1Cd                  : Factor w/ 168 levels "1-09-1600-1",..: 1 1 1 1 1 1 1 1 1 1 ...
 $ Race.RaceType0Cd                 : Factor w/ 328 levels "1-09-1600-1-3-E-14",..: 1 1 1 1 1 1 1 1 1 1 ...
 $ Race.RaceType1Cd                 : Factor w/ 2 levels "1-3-E","1-3-X": 1 1 1 1 1 1 1 1 1 1 ...
 $ Race.RaceType2Cd                 : Factor w/ 2 levels "1-3-E","1-3-X": 1 1 1 1 1 1 1 1 1 1 ...
 $ Race.RaceType3Cd                 : Factor w/ 4 levels "3-E-14","3-X-14",..: 1 1 1 1 1 1 1 1 1 1 ...
 $ Race.RaceType4Cd                 : Factor w/ 2 levels "1-3-14","1-3-13": 1 1 1 1 1 1 1 1 1 1 ...
 $ RaceHorse.RaceId                 : Factor w/ 1449 levels "20170225-09-01-01-09",..: 1 1 1 1 1 1 1 1 1 1 ...
 $ RaceHorse.KettoNum               : Factor w/ 3548 levels "2011105849","2013106126",..: 1 2 3 4 5 6 7 8 9 10 ...
 $ RaceHorse.IsHit1                 : int  0 0 0 0 0 0 1 NA 0 0 ...
 $ RaceHorse.IsHit2                 : int  0 0 0 0 1 0 0 NA 0 0 ...
 $ RaceHorse.IsHit3                 : int  0 0 1 0 0 0 0 NA 0 0 ...
 $ RaceHorse.IsHit4                 : int  0 0 0 0 0 0 0 NA 0 0 ...
 $ RaceHorse.IsHit5                 : int  0 0 0 0 0 1 0 NA 0 0 ...
 $ RaceHorse.IsHit6                 : int  1 1 0 1 0 0 0 NA 1 1 ...
 $ RaceHorse.IsValidRaceHorse       : logi  TRUE TRUE TRUE TRUE TRUE TRUE ...
 $ RaceHorse.IsHitA                 : int  0 0 0 0 0 0 1 NA 0 0 ...
 $ RaceHorse.IsHitB                 : int  0 0 0 0 1 0 1 NA 0 0 ...
 $ RaceHorse.IsHitC                 : int  0 0 1 0 1 0 1 NA 0 0 ...
 $ RaceHorse.IsHitD                 : int  0 0 1 0 1 0 1 NA 0 0 ...
 $ RaceHorse.IsHitE                 : int  0 0 1 0 1 1 1 NA 0 0 ...
 $ OddsByWin.Odds1                  : num  47.9 4.7 42.5 5.5 7.3 62.4 2.4 26.4 13.3 69.2 ...
 $ OddsByWin.Ninki                  : num  10 2 9 3 4 11 1 8 6 12 ...
 $ OddsByWin.OddsLog1               : num  3.89 1.74 3.77 1.87 2.12 ...
 $ OddsByWin.OddsRatio1             : num  0.0213 0.2703 0.0241 0.2222 0.1587 ...
 $ OddsByWin.OddsLogit1             : num  -3.87 -1.55 -3.75 -1.7 -1.99 ...
 $ OddsByWin.ApprovalRate1          : num  0.0209 0.2128 0.0235 0.1818 0.137 ...
 $ OddsByWin.ApprovalRateLog1       : num  0.0207 0.1929 0.0233 0.1671 0.1284 ...
 $ EOF                              : int  1 1 1 1 1 1 1 1 1 1 ...
[1] "nrow(data) subset before=17932"
[1] "nrow(data) subset after =14739"
[1] "nrow(data) subset diff =3193"
[1] "nrow(data) transform before=14739"
[1] "nrow(data) transform after=14739"
[1] "nrow(data) transform diff=0"
[1] "nrow(data) na.omit before=14739"
[1] "nrow(data) na.omit after =14739"
[1] "nrow(data) na.omit diff =0"
[1] "glm nrow(data) input=14739"
[1] "str(data)="
'data.frame':	14739 obs. of  37 variables:
 $ Race.RaceId                      : Factor w/ 1449 levels "20170225-09-01-01-09",..: 1 1 1 1 1 1 1 1 1 1 ...
 $ Race.IsPredictedRace             : logi  FALSE FALSE FALSE FALSE FALSE FALSE ...
 $ Race.IsAnalyzeNormalPastAndFuture: logi  TRUE TRUE TRUE TRUE TRUE TRUE ...
 $ Race.IsAnalyzeNormalPast         : logi  TRUE TRUE TRUE TRUE TRUE TRUE ...
 $ Race.IsAnalyzeNormalFuture       : logi  FALSE FALSE FALSE FALSE FALSE FALSE ...
 $ Race.IsAnalyzeFullPastAndFuture  : logi  TRUE TRUE TRUE TRUE TRUE TRUE ...
 $ Race.IsAnalyzeFullPast           : logi  TRUE TRUE TRUE TRUE TRUE TRUE ...
 $ Race.IsAnalyzeFullFuture         : logi  FALSE FALSE FALSE FALSE FALSE FALSE ...
 $ Race.JyokenCd                    : Factor w/ 1 level "3": 1 1 1 1 1 1 1 1 1 1 ...
 $ Race.JyoType1Cd                  : Factor w/ 168 levels "1-09-1600-1",..: 1 1 1 1 1 1 1 1 1 1 ...
 $ Race.RaceType0Cd                 : Factor w/ 328 levels "1-09-1600-1-3-E-14",..: 1 1 1 1 1 1 1 1 1 1 ...
 $ Race.RaceType1Cd                 : Factor w/ 2 levels "1-3-E","1-3-X": 1 1 1 1 1 1 1 1 1 1 ...
 $ Race.RaceType2Cd                 : Factor w/ 2 levels "1-3-E","1-3-X": 1 1 1 1 1 1 1 1 1 1 ...
 $ Race.RaceType3Cd                 : Factor w/ 4 levels "3-E-14","3-X-14",..: 1 1 1 1 1 1 1 1 1 1 ...
 $ Race.RaceType4Cd                 : Factor w/ 2 levels "1-3-14","1-3-13": 1 1 1 1 1 1 1 1 1 1 ...
 $ RaceHorse.RaceId                 : Factor w/ 1449 levels "20170225-09-01-01-09",..: 1 1 1 1 1 1 1 1 1 1 ...
 $ RaceHorse.KettoNum               : Factor w/ 3548 levels "2011105849","2013106126",..: 1 2 3 4 5 6 7 9 10 11 ...
 $ RaceHorse.IsHit1                 : int  0 0 0 0 0 0 1 0 0 0 ...
 $ RaceHorse.IsHit2                 : int  0 0 0 0 1 0 0 0 0 0 ...
 $ RaceHorse.IsHit3                 : int  0 0 1 0 0 0 0 0 0 0 ...
 $ RaceHorse.IsHit4                 : int  0 0 0 0 0 0 0 0 0 1 ...
 $ RaceHorse.IsHit5                 : int  0 0 0 0 0 1 0 0 0 0 ...
 $ RaceHorse.IsHit6                 : int  1 1 0 1 0 0 0 1 1 0 ...
 $ RaceHorse.IsValidRaceHorse       : logi  TRUE TRUE TRUE TRUE TRUE TRUE ...
 $ RaceHorse.IsHitA                 : int  0 0 0 0 0 0 1 0 0 0 ...
 $ RaceHorse.IsHitB                 : int  0 0 0 0 1 0 1 0 0 0 ...
 $ RaceHorse.IsHitC                 : int  0 0 1 0 1 0 1 0 0 0 ...
 $ RaceHorse.IsHitD                 : int  0 0 1 0 1 0 1 0 0 1 ...
 $ RaceHorse.IsHitE                 : int  0 0 1 0 1 1 1 0 0 1 ...
 $ OddsByWin.Odds1                  : num  47.9 4.7 42.5 5.5 7.3 62.4 2.4 13.3 69.2 20 ...
 $ OddsByWin.Ninki                  : num  10 2 9 3 4 11 1 6 12 7 ...
 $ OddsByWin.OddsLog1               : num  3.89 1.74 3.77 1.87 2.12 ...
 $ OddsByWin.OddsRatio1             : num  0.0213 0.2703 0.0241 0.2222 0.1587 ...
 $ OddsByWin.OddsLogit1             : num  -3.87 -1.55 -3.75 -1.7 -1.99 ...
 $ OddsByWin.ApprovalRate1          : num  0.0209 0.2128 0.0235 0.1818 0.137 ...
 $ OddsByWin.ApprovalRateLog1       : num  0.0207 0.1929 0.0233 0.1671 0.1284 ...
 $ EOF                              : int  1 1 1 1 1 1 1 1 1 1 ...
[1] "2022-01-27 10:38:23 --- source_logic_glm.R Start ---"
[1] "2022-01-27 10:38:23 --- source_logic_glm.R Finished ---"

Call:
glm(formula = RaceHorse.IsHitA ~ +1 + OddsByWin.OddsLogit1, family = "binomial", 
    data = data)

Deviance Residuals: 
   Min      1Q  Median      3Q     Max  
-1.148  -0.448  -0.254  -0.131   3.516  

Coefficients:
                     Estimate Std. Error z value Pr(>|z|)    
(Intercept)            0.2295     0.0742    3.09    0.002 ** 
OddsByWin.OddsLogit1   1.1402     0.0363   31.46   <2e-16 ***
---
Signif. codes:  0 '***' 0.001 '**' 0.01 '*' 0.05 '.' 0.1 ' ' 1

(Dispersion parameter for binomial family taken to be 1)

    Null deviance: 8290.0  on 14738  degrees of freedom
Residual deviance: 6831.2  on 14737  degrees of freedom
AIC: 6835

Number of Fisher Scoring iterations: 6


Call:  glm(formula = RaceHorse.IsHitA ~ +1 + OddsByWin.OddsLogit1, family = "binomial", 
    data = data)

Coefficients:
         (Intercept)  OddsByWin.OddsLogit1  
               0.229                 1.140  

Degrees of Freedom: 14738 Total (i.e. Null);  14737 Residual
Null Deviance:	    8290 
Residual Deviance: 6830 	AIC: 6840

Call:
glm(formula = RaceHorse.IsHitA ~ +1 + OddsByWin.OddsLogit1, family = "binomial", 
    data = data)

Deviance Residuals: 
   Min      1Q  Median      3Q     Max  
-1.148  -0.448  -0.254  -0.131   3.516  

Coefficients:
                     Estimate Std. Error z value Pr(>|z|)    
(Intercept)            0.2295     0.0742    3.09    0.002 ** 
OddsByWin.OddsLogit1   1.1402     0.0363   31.46   <2e-16 ***
---
Signif. codes:  0 '***' 0.001 '**' 0.01 '*' 0.05 '.' 0.1 ' ' 1

(Dispersion parameter for binomial family taken to be 1)

    Null deviance: 8290.0  on 14738  degrees of freedom
Residual deviance: 6831.2  on 14737  degrees of freedom
AIC: 6835

Number of Fisher Scoring iterations: 6

[1] "pdfFilename=pdf_analyze_glm_Odds_Type13_plot.analyze.results.glm.pdf"
[1] "pdfFilename=pdf_analyze_glm_Odds_Type13_plot.analyze.results.glm.step.pdf"
[1] "save.image"
[1] "rdataFilename=RData_analyze_glm_Odds_Type13.RData"
[1] "nrow(data) final=14739"
[1] "q..."
[1] "2022-01-27 10:38:24 --- analyze_glm.R Finished ---"
[1] "log sink finish"
