[1] "2022-01-27 10:38:35 --- source_function.R Start ---"
[1] "2022-01-27 10:38:35 --- source_function.R Finished ---"
[1] "2022-01-27 10:38:35 --- source_library.R Start ---"
[1] "2022-01-27 10:38:36 --- source_library.R Finished ---"
[1] "sqlQuery=SELECT * FROM ViewAnalyzeD1112Analyze01OddsType15"
Rows Read: 44664, Total Rows Processed: 44664, Total Chunk Time: 2.308 seconds 
[1] "object.size(data) auto=9.2 Mb"
[1] "nrow(data) sqlQuery=44664"
[1] "str(data)="
'data.frame':	44664 obs. of  37 variables:
 $ Race.RaceId                      : Factor w/ 2976 levels "20171105-08-05-02-02",..: 1 1 2 2 2 2 2 2 2 2 ...
 $ Race.IsPredictedRace             : logi  FALSE FALSE FALSE FALSE FALSE FALSE ...
 $ Race.IsAnalyzeNormalPastAndFuture: logi  TRUE TRUE TRUE TRUE TRUE TRUE ...
 $ Race.IsAnalyzeNormalPast         : logi  TRUE TRUE TRUE TRUE TRUE TRUE ...
 $ Race.IsAnalyzeNormalFuture       : logi  FALSE FALSE FALSE FALSE FALSE FALSE ...
 $ Race.IsAnalyzeFullPastAndFuture  : logi  TRUE TRUE TRUE TRUE TRUE TRUE ...
 $ Race.IsAnalyzeFullPast           : logi  TRUE TRUE TRUE TRUE TRUE TRUE ...
 $ Race.IsAnalyzeFullFuture         : logi  FALSE FALSE FALSE FALSE FALSE FALSE ...
 $ Race.JyokenCd                    : Factor w/ 1 level "5": 1 1 1 1 1 1 1 1 1 1 ...
 $ Race.JyoType1Cd                  : Factor w/ 182 levels "1-08-1600-1",..: 1 1 2 2 2 2 2 2 2 2 ...
 $ Race.RaceType0Cd                 : Factor w/ 290 levels "1-08-1600-1-5-X-11",..: 1 1 2 2 2 2 2 2 2 2 ...
 $ Race.RaceType1Cd                 : Factor w/ 1 level "1-5-X": 1 1 1 1 1 1 1 1 1 1 ...
 $ Race.RaceType2Cd                 : Factor w/ 1 level "1-5-X": 1 1 1 1 1 1 1 1 1 1 ...
 $ Race.RaceType3Cd                 : Factor w/ 2 levels "5-X-11","5-X-12": 1 1 1 1 1 1 1 1 1 1 ...
 $ Race.RaceType4Cd                 : Factor w/ 2 levels "1-5-11","1-5-12": 1 1 1 1 1 1 1 1 1 1 ...
 $ RaceHorse.RaceId                 : Factor w/ 2976 levels "20171105-08-05-02-02",..: 1 1 2 2 2 2 2 2 2 2 ...
 $ RaceHorse.KettoNum               : Factor w/ 16684 levels "2015102335","2015105055",..: 1 2 3 4 5 6 7 8 9 10 ...
 $ RaceHorse.IsHit1                 : int  0 0 0 0 0 0 1 0 0 0 ...
 $ RaceHorse.IsHit2                 : int  0 0 0 0 0 0 0 0 0 0 ...
 $ RaceHorse.IsHit3                 : int  0 0 0 0 0 0 0 0 1 0 ...
 $ RaceHorse.IsHit4                 : int  0 0 0 0 0 0 0 0 0 0 ...
 $ RaceHorse.IsHit5                 : int  0 0 0 0 0 0 0 0 0 1 ...
 $ RaceHorse.IsHit6                 : int  1 1 1 1 1 1 0 1 0 0 ...
 $ RaceHorse.IsValidRaceHorse       : logi  TRUE TRUE TRUE TRUE TRUE TRUE ...
 $ RaceHorse.IsHitA                 : int  0 0 0 0 0 0 1 0 0 0 ...
 $ RaceHorse.IsHitB                 : int  0 0 0 0 0 0 1 0 0 0 ...
 $ RaceHorse.IsHitC                 : int  0 0 0 0 0 0 1 0 1 0 ...
 $ RaceHorse.IsHitD                 : int  0 0 0 0 0 0 1 0 1 0 ...
 $ RaceHorse.IsHitE                 : int  0 0 0 0 0 0 1 0 1 1 ...
 $ OddsByWin.Odds1                  : num  669 51 175 289 251 ...
 $ OddsByWin.Ninki                  : num  14 8 8 11 9 7 1 6 3 2 ...
 $ OddsByWin.OddsLog1               : num  6.51 3.95 5.17 5.67 5.53 ...
 $ OddsByWin.OddsRatio1             : num  0.0015 0.02 0.00576 0.00348 0.004 ...
 $ OddsByWin.OddsLogit1             : num  -6.51 -3.93 -5.16 -5.67 -5.53 ...
 $ OddsByWin.ApprovalRate1          : num  0.00149 0.01961 0.00573 0.00347 0.00399 ...
 $ OddsByWin.ApprovalRateLog1       : num  0.00149 0.01942 0.00571 0.00346 0.00398 ...
 $ EOF                              : int  1 1 1 1 1 1 1 1 1 1 ...
[1] "nrow(data) subset before=44664"
[1] "nrow(data) subset after =36095"
[1] "nrow(data) subset diff =8569"
[1] "nrow(data) transform before=36095"
[1] "nrow(data) transform after=36095"
[1] "nrow(data) transform diff=0"
[1] "nrow(data) na.omit before=36095"
[1] "nrow(data) na.omit after =36095"
[1] "nrow(data) na.omit diff =0"
[1] "glm nrow(data) input=36095"
[1] "str(data)="
'data.frame':	36095 obs. of  37 variables:
 $ Race.RaceId                      : Factor w/ 2976 levels "20171105-08-05-02-02",..: 1 1 2 2 2 2 2 2 2 2 ...
 $ Race.IsPredictedRace             : logi  FALSE FALSE FALSE FALSE FALSE FALSE ...
 $ Race.IsAnalyzeNormalPastAndFuture: logi  TRUE TRUE TRUE TRUE TRUE TRUE ...
 $ Race.IsAnalyzeNormalPast         : logi  TRUE TRUE TRUE TRUE TRUE TRUE ...
 $ Race.IsAnalyzeNormalFuture       : logi  FALSE FALSE FALSE FALSE FALSE FALSE ...
 $ Race.IsAnalyzeFullPastAndFuture  : logi  TRUE TRUE TRUE TRUE TRUE TRUE ...
 $ Race.IsAnalyzeFullPast           : logi  TRUE TRUE TRUE TRUE TRUE TRUE ...
 $ Race.IsAnalyzeFullFuture         : logi  FALSE FALSE FALSE FALSE FALSE FALSE ...
 $ Race.JyokenCd                    : Factor w/ 1 level "5": 1 1 1 1 1 1 1 1 1 1 ...
 $ Race.JyoType1Cd                  : Factor w/ 182 levels "1-08-1600-1",..: 1 1 2 2 2 2 2 2 2 2 ...
 $ Race.RaceType0Cd                 : Factor w/ 290 levels "1-08-1600-1-5-X-11",..: 1 1 2 2 2 2 2 2 2 2 ...
 $ Race.RaceType1Cd                 : Factor w/ 1 level "1-5-X": 1 1 1 1 1 1 1 1 1 1 ...
 $ Race.RaceType2Cd                 : Factor w/ 1 level "1-5-X": 1 1 1 1 1 1 1 1 1 1 ...
 $ Race.RaceType3Cd                 : Factor w/ 2 levels "5-X-11","5-X-12": 1 1 1 1 1 1 1 1 1 1 ...
 $ Race.RaceType4Cd                 : Factor w/ 2 levels "1-5-11","1-5-12": 1 1 1 1 1 1 1 1 1 1 ...
 $ RaceHorse.RaceId                 : Factor w/ 2976 levels "20171105-08-05-02-02",..: 1 1 2 2 2 2 2 2 2 2 ...
 $ RaceHorse.KettoNum               : Factor w/ 16684 levels "2015102335","2015105055",..: 1 2 3 4 5 6 7 8 9 10 ...
 $ RaceHorse.IsHit1                 : int  0 0 0 0 0 0 1 0 0 0 ...
 $ RaceHorse.IsHit2                 : int  0 0 0 0 0 0 0 0 0 0 ...
 $ RaceHorse.IsHit3                 : int  0 0 0 0 0 0 0 0 1 0 ...
 $ RaceHorse.IsHit4                 : int  0 0 0 0 0 0 0 0 0 0 ...
 $ RaceHorse.IsHit5                 : int  0 0 0 0 0 0 0 0 0 1 ...
 $ RaceHorse.IsHit6                 : int  1 1 1 1 1 1 0 1 0 0 ...
 $ RaceHorse.IsValidRaceHorse       : logi  TRUE TRUE TRUE TRUE TRUE TRUE ...
 $ RaceHorse.IsHitA                 : int  0 0 0 0 0 0 1 0 0 0 ...
 $ RaceHorse.IsHitB                 : int  0 0 0 0 0 0 1 0 0 0 ...
 $ RaceHorse.IsHitC                 : int  0 0 0 0 0 0 1 0 1 0 ...
 $ RaceHorse.IsHitD                 : int  0 0 0 0 0 0 1 0 1 0 ...
 $ RaceHorse.IsHitE                 : int  0 0 0 0 0 0 1 0 1 1 ...
 $ OddsByWin.Odds1                  : num  669 51 175 289 251 ...
 $ OddsByWin.Ninki                  : num  14 8 8 11 9 7 1 6 3 2 ...
 $ OddsByWin.OddsLog1               : num  6.51 3.95 5.17 5.67 5.53 ...
 $ OddsByWin.OddsRatio1             : num  0.0015 0.02 0.00576 0.00348 0.004 ...
 $ OddsByWin.OddsLogit1             : num  -6.51 -3.93 -5.16 -5.67 -5.53 ...
 $ OddsByWin.ApprovalRate1          : num  0.00149 0.01961 0.00573 0.00347 0.00399 ...
 $ OddsByWin.ApprovalRateLog1       : num  0.00149 0.01942 0.00571 0.00346 0.00398 ...
 $ EOF                              : int  1 1 1 1 1 1 1 1 1 1 ...
[1] "2022-01-27 10:38:41 --- source_logic_glm.R Start ---"
[1] "2022-01-27 10:38:42 --- source_logic_glm.R Finished ---"

Call:
glm(formula = RaceHorse.IsHitA ~ +1 + OddsByWin.OddsLogit1, family = "binomial", 
    data = data)

Deviance Residuals: 
   Min      1Q  Median      3Q     Max  
-1.289  -0.370  -0.177  -0.080   3.697  

Coefficients:
                     Estimate Std. Error z value Pr(>|z|)    
(Intercept)            0.3716     0.0484    7.68  1.6e-14 ***
OddsByWin.OddsLogit1   1.1949     0.0235   50.90  < 2e-16 ***
---
Signif. codes:  0 '***' 0.001 '**' 0.01 '*' 0.05 '.' 0.1 ' ' 1

(Dispersion parameter for binomial family taken to be 1)

    Null deviance: 18068  on 36094  degrees of freedom
Residual deviance: 13708  on 36093  degrees of freedom
AIC: 13712

Number of Fisher Scoring iterations: 7


Call:  glm(formula = RaceHorse.IsHitA ~ +1 + OddsByWin.OddsLogit1, family = "binomial", 
    data = data)

Coefficients:
         (Intercept)  OddsByWin.OddsLogit1  
               0.372                 1.195  

Degrees of Freedom: 36094 Total (i.e. Null);  36093 Residual
Null Deviance:	    18100 
Residual Deviance: 13700 	AIC: 13700

Call:
glm(formula = RaceHorse.IsHitA ~ +1 + OddsByWin.OddsLogit1, family = "binomial", 
    data = data)

Deviance Residuals: 
   Min      1Q  Median      3Q     Max  
-1.289  -0.370  -0.177  -0.080   3.697  

Coefficients:
                     Estimate Std. Error z value Pr(>|z|)    
(Intercept)            0.3716     0.0484    7.68  1.6e-14 ***
OddsByWin.OddsLogit1   1.1949     0.0235   50.90  < 2e-16 ***
---
Signif. codes:  0 '***' 0.001 '**' 0.01 '*' 0.05 '.' 0.1 ' ' 1

(Dispersion parameter for binomial family taken to be 1)

    Null deviance: 18068  on 36094  degrees of freedom
Residual deviance: 13708  on 36093  degrees of freedom
AIC: 13712

Number of Fisher Scoring iterations: 7

[1] "pdfFilename=pdf_analyze_glm_Odds_Type15_plot.analyze.results.glm.pdf"
[1] "pdfFilename=pdf_analyze_glm_Odds_Type15_plot.analyze.results.glm.step.pdf"
[1] "save.image"
[1] "rdataFilename=RData_analyze_glm_Odds_Type15.RData"
[1] "nrow(data) final=36095"
[1] "q..."
[1] "2022-01-27 10:38:45 --- analyze_glm.R Finished ---"
[1] "log sink finish"
