[1] "2022-02-07 16:40:25 --- D1113_analyze_glm_Gen01_IsHitA_Type13 Start ---"
[1] "2022-02-07 16:40:25 --- Log Start ---"
[1] "2022-02-07 16:40:25 --- analyze_glm.R Start ---"
[1] "analyzeVersion=D1113"
[1] "analyzeCategory=analyze"
[1] "analyzeType=Gen01"
[1] "analyzeFamily=IsHitA"
[1] "analyzeFunc=glm"
[1] "analyzeTrackTypeCd=1"
[1] "analyzeJyokenCd=3"
[1] "2022-02-07 16:40:25 --- source_function.R Start ---"
[1] "2022-02-07 16:40:25 --- source_function.R Finished ---"

> print(paste0(Sys.time(), " --- source_library.R Start ---"))
[1] "2022-02-07 16:40:25 --- source_library.R Start ---"

> require("RevoScaleR")

> print(paste0(Sys.time(), " --- source_library.R Finished ---"))
[1] "2022-02-07 16:40:25 --- source_library.R Finished ---"
[1] "2022-02-07 16:40:25 --- RxSqlServerData Start ---"
[1] "sqlQuery=SELECT * FROM ViewAnalyzeD1113analyze01Gen01Type13"
Rows Read: 17706, Total Rows Processed: 17706, Total Chunk Time: 146.733 seconds 
[1] "head(data)="
           Race.RaceId Race.IsPredictedRace Race.IsAnalyzeNormalPastAndFuture
1 20180310-06-02-05-09                FALSE                              TRUE
2 20170805-10-02-03-11                FALSE                              TRUE
3 20161023-08-04-07-09                FALSE                              TRUE
4 20210214-05-01-06-08                FALSE                              TRUE
5 20190119-06-01-06-12                FALSE                              TRUE
6 20210117-06-01-06-12                FALSE                              TRUE
  Race.IsAnalyzeNormalPast Race.IsAnalyzeNormalFuture
1                     TRUE                      FALSE
2                     TRUE                      FALSE
3                     TRUE                      FALSE
4                    FALSE                       TRUE
5                     TRUE                      FALSE
6                    FALSE                       TRUE
  Race.IsAnalyzeFullPastAndFuture Race.IsAnalyzeFullPast
1                            TRUE                   TRUE
2                            TRUE                   TRUE
3                            TRUE                   TRUE
4                            TRUE                  FALSE
5                            TRUE                   TRUE
6                            TRUE                  FALSE
  Race.IsAnalyzeFullFuture Race.JyokenCd Race.JyoType1Cd   Race.RaceType0Cd
1                    FALSE             3     1-06-1200-2 1-06-1200-2-3-E-14
2                    FALSE             3     1-10-1200-1 1-10-1200-1-3-E-13
3                    FALSE             3     1-08-2000-1 1-08-2000-1-3-E-13
4                     TRUE             3     1-05-1600-1 1-05-1600-1-3-X-14
5                    FALSE             3     1-06-1600-1 1-06-1600-1-3-X-14
6                     TRUE             3     1-06-1200-1 1-06-1200-1-3-X-14
  Race.RaceType1Cd Race.RaceType2Cd Race.RaceType3Cd Race.RaceType4Cd
1            1-3-E            1-3-E           3-E-14           1-3-14
2            1-3-E            1-3-E           3-E-13           1-3-13
3            1-3-E            1-3-E           3-E-13           1-3-13
4            1-3-X            1-3-X           3-X-14           1-3-14
5            1-3-X            1-3-X           3-X-14           1-3-14
6            1-3-X            1-3-X           3-X-14           1-3-14
      RaceHorse.RaceId RaceHorse.KettoNum RaceHorse.IsHit1 RaceHorse.IsHit2
1 20180310-06-02-05-09         2013106087                0                0
2 20170805-10-02-03-11         2012101354                0                0
3 20161023-08-04-07-09         2011104612                0                0
4 20210214-05-01-06-08         2017105483                0                0
5 20190119-06-01-06-12         2013103951                0                0
6 20210117-06-01-06-12         2015104841                0                0
  RaceHorse.IsHit3 RaceHorse.IsHit4 RaceHorse.IsHit5 RaceHorse.IsHit6
1                1                0                0                0
2                0                0                0                1
3                1                0                0                0
4                0                0                1                0
5                0                0                0                1
6                1                0                0                0
  RaceHorse.IsValidRaceHorse RaceHorse.IsHitA RaceHorse.IsHitB RaceHorse.IsHitC
1                       TRUE                0                0                1
2                       TRUE                0                0                0
3                       TRUE                0                0                1
4                       TRUE                0                0                0
5                       TRUE                0                0                0
6                       TRUE                0                0                1
  Gen01.HansyokuNum Gen01.TimeDvByRaceAvg Gen01.TimeDvByRaceMax Gen01.RunCount
1          11202051                    49                    72            438
2          11201916                    52                    73            557
3          11201916                    52                    73            491
4          11202006                    52                    73            267
5          11202196                    50                    73             52
6          11202084                    52                    70            245
  Gen01.HitCount1 Gen01.HitCount2 Gen01.HitCount3 Gen01.HitCount4
1              29              34              28              32
2              57              51              61              53
3              51              47              51              46
4              31              35              29              20
5               2               2               2               3
6              20              29              21              30
  Gen01.HitCount5 Gen01.HitRate1 Gen01.HitRate2 Gen01.HitRate3 Gen01.HitRate4
1              19           0.07           0.08           0.06           0.07
2              37           0.10           0.09           0.11           0.10
3              32           0.10           0.10           0.10           0.09
4              19           0.12           0.13           0.11           0.07
5               6           0.04           0.04           0.04           0.06
6              20           0.08           0.12           0.09           0.12
  Gen01.HitRate5 EOF
1           0.04   1
2           0.07   1
3           0.07   1
4           0.07   1
5           0.12   1
6           0.08   1
[1] "object.size(data) auto=3.9 Mb"
[1] "nrow(data) RxSqlServerData=17706"
[1] "str(data)="
'data.frame':	17706 obs. of  42 variables:
 $ Race.RaceId                      : Factor w/ 1456 levels "20210207-05-01-04-08",..: 11 12 13 14 15 16 17 18 19 20 ...
 $ Race.IsPredictedRace             : logi  FALSE FALSE FALSE FALSE FALSE FALSE ...
 $ Race.IsAnalyzeNormalPastAndFuture: logi  TRUE TRUE TRUE TRUE TRUE TRUE ...
 $ Race.IsAnalyzeNormalPast         : logi  TRUE TRUE TRUE FALSE TRUE FALSE ...
 $ Race.IsAnalyzeNormalFuture       : logi  FALSE FALSE FALSE TRUE FALSE TRUE ...
 $ Race.IsAnalyzeFullPastAndFuture  : logi  TRUE TRUE TRUE TRUE TRUE TRUE ...
 $ Race.IsAnalyzeFullPast           : logi  TRUE TRUE TRUE FALSE TRUE FALSE ...
 $ Race.IsAnalyzeFullFuture         : logi  FALSE FALSE FALSE TRUE FALSE TRUE ...
 $ Race.JyokenCd                    : Factor w/ 1 level "3": 1 1 1 1 1 1 1 1 1 1 ...
 $ Race.JyoType1Cd                  : Factor w/ 168 levels "1-05-2000-1",..: 11 12 13 14 9 5 3 15 16 17 ...
 $ Race.RaceType0Cd                 : Factor w/ 327 levels "1-05-2000-1-3-X-14",..: 11 12 13 14 15 16 17 18 19 20 ...
 $ Race.RaceType1Cd                 : Factor w/ 2 levels "1-3-X","1-3-E": 2 2 2 1 1 1 1 2 2 2 ...
 $ Race.RaceType2Cd                 : Factor w/ 2 levels "1-3-X","1-3-E": 2 2 2 1 1 1 1 2 2 2 ...
 $ Race.RaceType3Cd                 : Factor w/ 4 levels "3-X-14","3-E-13",..: 4 2 2 1 1 1 1 4 2 2 ...
 $ Race.RaceType4Cd                 : Factor w/ 2 levels "1-3-14","1-3-13": 1 2 2 1 1 1 1 1 2 2 ...
 $ RaceHorse.RaceId                 : Factor w/ 1456 levels "20210207-05-01-04-08",..: 11 12 13 14 15 16 17 18 19 20 ...
 $ RaceHorse.KettoNum               : Factor w/ 3484 levels "2016104436","2017104232",..: 11 12 13 14 15 16 17 18 19 20 ...
 $ RaceHorse.IsHit1                 : int  0 0 0 0 0 0 0 0 0 0 ...
 $ RaceHorse.IsHit2                 : int  0 0 0 0 0 0 0 0 0 0 ...
 $ RaceHorse.IsHit3                 : int  1 0 1 0 0 1 0 0 0 1 ...
 $ RaceHorse.IsHit4                 : int  0 0 0 0 0 0 0 0 0 0 ...
 $ RaceHorse.IsHit5                 : int  0 0 0 1 0 0 0 0 0 0 ...
 $ RaceHorse.IsHit6                 : int  0 1 0 0 1 0 1 1 1 0 ...
 $ RaceHorse.IsValidRaceHorse       : logi  TRUE TRUE TRUE TRUE TRUE TRUE ...
 $ RaceHorse.IsHitA                 : int  0 0 0 0 0 0 0 0 0 0 ...
 $ RaceHorse.IsHitB                 : int  0 0 0 0 0 0 0 0 0 0 ...
 $ RaceHorse.IsHitC                 : int  1 0 1 0 0 1 0 0 0 1 ...
 $ Gen01.HansyokuNum                : Factor w/ 299 levels "11202268","11202114",..: 3 10 10 11 12 8 8 11 10 13 ...
 $ Gen01.TimeDvByRaceAvg            : num  49 51.6 51.5 52.4 49.8 ...
 $ Gen01.TimeDvByRaceMax            : num  72.3 73.2 73.2 72.5 72.8 ...
 $ Gen01.RunCount                   : int  438 557 491 267 52 245 152 728 697 423 ...
 $ Gen01.HitCount1                  : int  29 57 51 31 2 20 12 88 55 17 ...
 $ Gen01.HitCount2                  : int  34 51 47 35 2 29 18 86 65 17 ...
 $ Gen01.HitCount3                  : int  28 61 51 29 2 21 16 74 81 24 ...
 $ Gen01.HitCount4                  : int  32 53 46 20 3 30 19 63 60 21 ...
 $ Gen01.HitCount5                  : int  19 37 32 19 6 20 11 57 58 32 ...
 $ Gen01.HitRate1                   : num  0.0662 0.1023 0.1039 0.1161 0.0385 ...
 $ Gen01.HitRate2                   : num  0.0776 0.0916 0.0957 0.1311 0.0385 ...
 $ Gen01.HitRate3                   : num  0.0639 0.1095 0.1039 0.1086 0.0385 ...
 $ Gen01.HitRate4                   : num  0.0731 0.0952 0.0937 0.0749 0.0577 ...
 $ Gen01.HitRate5                   : num  0.0434 0.0664 0.0652 0.0712 0.1154 ...
 $ EOF                              : int  1 1 1 1 1 1 1 1 1 1 ...
[1] "2022-02-07 16:45:46 --- RxSqlServerData Finish ---"
[1] "2022-02-07 16:45:46 --- subset Start ---"
[1] "nrow(data) subset before=17706"
[1] "nrow(data) subset after =14500"
[1] "nrow(data) subset diff =3206"
[1] "2022-02-07 16:45:46 --- subset Finish---"
[1] "2022-02-07 16:45:46 --- transform Start ---"
[1] "nrow(data) transform before=14500"
[1] "nrow(data) transform after=14500"
[1] "nrow(data) transform diff=0"
[1] "str(data)="
'data.frame':	14500 obs. of  42 variables:
 $ Race.RaceId                      : Factor w/ 1456 levels "20210207-05-01-04-08",..: 11 12 13 15 17 18 20 21 22 10 ...
 $ Race.IsPredictedRace             : logi  FALSE FALSE FALSE FALSE FALSE FALSE ...
 $ Race.IsAnalyzeNormalPastAndFuture: logi  TRUE TRUE TRUE TRUE TRUE TRUE ...
 $ Race.IsAnalyzeNormalPast         : logi  TRUE TRUE TRUE TRUE TRUE TRUE ...
 $ Race.IsAnalyzeNormalFuture       : logi  FALSE FALSE FALSE FALSE FALSE FALSE ...
 $ Race.IsAnalyzeFullPastAndFuture  : logi  TRUE TRUE TRUE TRUE TRUE TRUE ...
 $ Race.IsAnalyzeFullPast           : logi  TRUE TRUE TRUE TRUE TRUE TRUE ...
 $ Race.IsAnalyzeFullFuture         : logi  FALSE FALSE FALSE FALSE FALSE FALSE ...
 $ Race.JyokenCd                    : Factor w/ 1 level "3": 1 1 1 1 1 1 1 1 1 1 ...
 $ Race.JyoType1Cd                  : Factor w/ 168 levels "1-05-2000-1",..: 11 12 13 9 3 15 17 18 19 10 ...
 $ Race.RaceType0Cd                 : Factor w/ 327 levels "1-05-2000-1-3-X-14",..: 11 12 13 15 17 18 20 21 22 10 ...
 $ Race.RaceType1Cd                 : Factor w/ 2 levels "1-3-X","1-3-E": 2 2 2 1 1 2 2 2 2 2 ...
 $ Race.RaceType2Cd                 : Factor w/ 2 levels "1-3-X","1-3-E": 2 2 2 1 1 2 2 2 2 2 ...
 $ Race.RaceType3Cd                 : Factor w/ 4 levels "3-X-14","3-E-13",..: 4 2 2 1 1 4 2 2 4 2 ...
 $ Race.RaceType4Cd                 : Factor w/ 2 levels "1-3-14","1-3-13": 1 2 2 1 1 1 2 2 1 2 ...
 $ RaceHorse.RaceId                 : Factor w/ 1456 levels "20210207-05-01-04-08",..: 11 12 13 15 17 18 20 21 22 10 ...
 $ RaceHorse.KettoNum               : Factor w/ 3484 levels "2016104436","2017104232",..: 11 12 13 15 17 18 20 21 22 23 ...
 $ RaceHorse.IsHit1                 : int  0 0 0 0 0 0 0 0 0 0 ...
 $ RaceHorse.IsHit2                 : int  0 0 0 0 0 0 0 0 0 0 ...
 $ RaceHorse.IsHit3                 : int  1 0 1 0 0 0 1 0 0 0 ...
 $ RaceHorse.IsHit4                 : int  0 0 0 0 0 0 0 0 1 1 ...
 $ RaceHorse.IsHit5                 : int  0 0 0 0 0 0 0 0 0 0 ...
 $ RaceHorse.IsHit6                 : int  0 1 0 1 1 1 0 1 0 0 ...
 $ RaceHorse.IsValidRaceHorse       : logi  TRUE TRUE TRUE TRUE TRUE TRUE ...
 $ RaceHorse.IsHitA                 : int  0 0 0 0 0 0 0 0 0 0 ...
 $ RaceHorse.IsHitB                 : int  0 0 0 0 0 0 0 0 0 0 ...
 $ RaceHorse.IsHitC                 : int  1 0 1 0 0 0 1 0 0 0 ...
 $ Gen01.HansyokuNum                : Factor w/ 299 levels "11202268","11202114",..: 3 10 10 12 8 11 13 8 9 11 ...
 $ Gen01.TimeDvByRaceAvg            : num  49 51.6 51.5 49.8 52 ...
 $ Gen01.TimeDvByRaceMax            : num  72.3 73.2 73.2 72.8 70 ...
 $ Gen01.RunCount                   : int  438 557 491 52 152 728 423 491 16 961 ...
 $ Gen01.HitCount1                  : int  29 57 51 2 12 88 17 45 4 105 ...
 $ Gen01.HitCount2                  : int  34 51 47 2 18 86 17 53 3 101 ...
 $ Gen01.HitCount3                  : int  28 61 51 2 16 74 24 57 2 96 ...
 $ Gen01.HitCount4                  : int  32 53 46 3 19 63 21 51 2 86 ...
 $ Gen01.HitCount5                  : int  19 37 32 6 11 57 32 35 0 79 ...
 $ Gen01.HitRate1                   : num  0.0662 0.1023 0.1039 0.0385 0.0789 ...
 $ Gen01.HitRate2                   : num  0.0776 0.0916 0.0957 0.0385 0.1184 ...
 $ Gen01.HitRate3                   : num  0.0639 0.1095 0.1039 0.0385 0.1053 ...
 $ Gen01.HitRate4                   : num  0.0731 0.0952 0.0937 0.0577 0.125 ...
 $ Gen01.HitRate5                   : num  0.0434 0.0664 0.0652 0.1154 0.0724 ...
 $ EOF                              : int  1 1 1 1 1 1 1 1 1 1 ...
NULL
[1] "2022-02-07 16:45:46 --- transform Finish ---"
[1] "2022-02-07 16:45:46 --- na.omit Start ---"
[1] "nrow(data) na.omit before=14500"
[1] "nrow(data) na.omit after =14500"
[1] "nrow(data) na.omit diff =0"
'data.frame':	14500 obs. of  42 variables:
 $ Race.RaceId                      : Factor w/ 1456 levels "20210207-05-01-04-08",..: 11 12 13 15 17 18 20 21 22 10 ...
 $ Race.IsPredictedRace             : logi  FALSE FALSE FALSE FALSE FALSE FALSE ...
 $ Race.IsAnalyzeNormalPastAndFuture: logi  TRUE TRUE TRUE TRUE TRUE TRUE ...
 $ Race.IsAnalyzeNormalPast         : logi  TRUE TRUE TRUE TRUE TRUE TRUE ...
 $ Race.IsAnalyzeNormalFuture       : logi  FALSE FALSE FALSE FALSE FALSE FALSE ...
 $ Race.IsAnalyzeFullPastAndFuture  : logi  TRUE TRUE TRUE TRUE TRUE TRUE ...
 $ Race.IsAnalyzeFullPast           : logi  TRUE TRUE TRUE TRUE TRUE TRUE ...
 $ Race.IsAnalyzeFullFuture         : logi  FALSE FALSE FALSE FALSE FALSE FALSE ...
 $ Race.JyokenCd                    : Factor w/ 1 level "3": 1 1 1 1 1 1 1 1 1 1 ...
 $ Race.JyoType1Cd                  : Factor w/ 168 levels "1-05-2000-1",..: 11 12 13 9 3 15 17 18 19 10 ...
 $ Race.RaceType0Cd                 : Factor w/ 327 levels "1-05-2000-1-3-X-14",..: 11 12 13 15 17 18 20 21 22 10 ...
 $ Race.RaceType1Cd                 : Factor w/ 2 levels "1-3-X","1-3-E": 2 2 2 1 1 2 2 2 2 2 ...
 $ Race.RaceType2Cd                 : Factor w/ 2 levels "1-3-X","1-3-E": 2 2 2 1 1 2 2 2 2 2 ...
 $ Race.RaceType3Cd                 : Factor w/ 4 levels "3-X-14","3-E-13",..: 4 2 2 1 1 4 2 2 4 2 ...
 $ Race.RaceType4Cd                 : Factor w/ 2 levels "1-3-14","1-3-13": 1 2 2 1 1 1 2 2 1 2 ...
 $ RaceHorse.RaceId                 : Factor w/ 1456 levels "20210207-05-01-04-08",..: 11 12 13 15 17 18 20 21 22 10 ...
 $ RaceHorse.KettoNum               : Factor w/ 3484 levels "2016104436","2017104232",..: 11 12 13 15 17 18 20 21 22 23 ...
 $ RaceHorse.IsHit1                 : int  0 0 0 0 0 0 0 0 0 0 ...
 $ RaceHorse.IsHit2                 : int  0 0 0 0 0 0 0 0 0 0 ...
 $ RaceHorse.IsHit3                 : int  1 0 1 0 0 0 1 0 0 0 ...
 $ RaceHorse.IsHit4                 : int  0 0 0 0 0 0 0 0 1 1 ...
 $ RaceHorse.IsHit5                 : int  0 0 0 0 0 0 0 0 0 0 ...
 $ RaceHorse.IsHit6                 : int  0 1 0 1 1 1 0 1 0 0 ...
 $ RaceHorse.IsValidRaceHorse       : logi  TRUE TRUE TRUE TRUE TRUE TRUE ...
 $ RaceHorse.IsHitA                 : int  0 0 0 0 0 0 0 0 0 0 ...
 $ RaceHorse.IsHitB                 : int  0 0 0 0 0 0 0 0 0 0 ...
 $ RaceHorse.IsHitC                 : int  1 0 1 0 0 0 1 0 0 0 ...
 $ Gen01.HansyokuNum                : Factor w/ 299 levels "11202268","11202114",..: 3 10 10 12 8 11 13 8 9 11 ...
 $ Gen01.TimeDvByRaceAvg            : num  49 51.6 51.5 49.8 52 ...
 $ Gen01.TimeDvByRaceMax            : num  72.3 73.2 73.2 72.8 70 ...
 $ Gen01.RunCount                   : int  438 557 491 52 152 728 423 491 16 961 ...
 $ Gen01.HitCount1                  : int  29 57 51 2 12 88 17 45 4 105 ...
 $ Gen01.HitCount2                  : int  34 51 47 2 18 86 17 53 3 101 ...
 $ Gen01.HitCount3                  : int  28 61 51 2 16 74 24 57 2 96 ...
 $ Gen01.HitCount4                  : int  32 53 46 3 19 63 21 51 2 86 ...
 $ Gen01.HitCount5                  : int  19 37 32 6 11 57 32 35 0 79 ...
 $ Gen01.HitRate1                   : num  0.0662 0.1023 0.1039 0.0385 0.0789 ...
 $ Gen01.HitRate2                   : num  0.0776 0.0916 0.0957 0.0385 0.1184 ...
 $ Gen01.HitRate3                   : num  0.0639 0.1095 0.1039 0.0385 0.1053 ...
 $ Gen01.HitRate4                   : num  0.0731 0.0952 0.0937 0.0577 0.125 ...
 $ Gen01.HitRate5                   : num  0.0434 0.0664 0.0652 0.1154 0.0724 ...
 $ EOF                              : int  1 1 1 1 1 1 1 1 1 1 ...
[1] "2022-02-07 16:45:46 --- na.omit Finish ---"
[1] "2022-02-07 16:45:46 --- rxGlm with rxStepControl Start ---"
[1] "2022-02-07 16:45:46 --- source_logic_glm.R Start ---"
[1] "2022-02-07 16:45:46 --- source_logic_glm.R Finished ---"
Rows Read: 14500, Total Rows Processed: 14500, Total Chunk Time: 0.003 seconds 

Starting values (iteration 1) time: 0.018 secs.
Rows Read: 14500, Total Rows Processed: 14500, Total Chunk Time: 0.002 seconds 

Iteration 2 time: 0.007 secs.
Rows Read: 14500, Total Rows Processed: 14500, Total Chunk Time: 0.002 seconds 

Iteration 3 time: 0.004 secs.
Rows Read: 14500, Total Rows Processed: 14500, Total Chunk Time: 0.002 seconds 

Iteration 4 time: 0.004 secs.
Rows Read: 14500, Total Rows Processed: 14500, Total Chunk Time: Less than .001 seconds 

Iteration 5 time: 0.005 secs.
Rows Read: 14500, Total Rows Processed: 14500, Total Chunk Time: 0.003 seconds 

Iteration 6 time: 0.006 secs.

Elapsed computation time: 0.062 secs.
Rows Read: 14500, Total Rows Processed: 14500, Total Chunk Time: 0.001 seconds 

Starting values (iteration 1) time: 0.005 secs.
Rows Read: 14500, Total Rows Processed: 14500, Total Chunk Time: 0.002 seconds 

Iteration 2 time: 0.004 secs.
Rows Read: 14500, Total Rows Processed: 14500, Total Chunk Time: Less than .001 seconds 

Iteration 3 time: 0.003 secs.
Rows Read: 14500, Total Rows Processed: 14500, Total Chunk Time: 0.002 seconds 

Iteration 4 time: 0.004 secs.
Rows Read: 14500, Total Rows Processed: 14500, Total Chunk Time: 0.002 seconds 

Iteration 5 time: 0.005 secs.

Elapsed computation time: 0.043 secs.
Rows Read: 14500, Total Rows Processed: 14500, Total Chunk Time: 0.002 seconds 

Starting values (iteration 1) time: 0.006 secs.
Rows Read: 14500, Total Rows Processed: 14500, Total Chunk Time: 0.002 seconds 

Iteration 2 time: 0.006 secs.
Rows Read: 14500, Total Rows Processed: 14500, Total Chunk Time: 0.001 seconds 

Iteration 3 time: 0.003 secs.
Rows Read: 14500, Total Rows Processed: 14500, Total Chunk Time: 0.002 seconds 

Iteration 4 time: 0.003 secs.
Rows Read: 14500, Total Rows Processed: 14500, Total Chunk Time: Less than .001 seconds 

Iteration 5 time: 0.004 secs.
Rows Read: 14500, Total Rows Processed: 14500, Total Chunk Time: 0.002 seconds 

Iteration 6 time: 0.004 secs.

Elapsed computation time: 0.046 secs.

Elapsed computation time: 0.164 secs.
[1] "analyze.results.glm.step="
Generalized Linear Model Results for: RaceHorse.IsHitA ~ Gen01.HitRate1
Data: data
Dependent variable(s): RaceHorse.IsHitA
Total independent variables: 2 
Number of valid observations: 14500
Number of missing observations: 0 
Family-link: binomial-logit 
 
 
Coefficients:
               RaceHorse.IsHitA
(Intercept)                  -3
Gen01.HitRate1                2
[1] "analyze.results.glm.step.summary"
Call:
rxGlm(formula = form, data = data, family = binomial(), variableSelection = analyze.results.glm.step.varsel)

Generalized Linear Model Results for: RaceHorse.IsHitA ~ Gen01.HitRate1
Data: data
Dependent variable(s): RaceHorse.IsHitA
Total independent variables: 2 
Number of valid observations: 14500
Number of missing observations: 0 
Family-link: binomial-logit 
 
Residual deviance: 8100.21 (on 14498 degrees of freedom)
 
Coefficients:
               Estimate Std. Error z value Pr(>|z|)    
(Intercept)     -2.6620     0.0462  -57.65  2.2e-16 ***
Gen01.HitRate1   2.4119     0.3437    7.02  2.2e-16 ***
---
Signif. codes:  0 '***' 0.001 '**' 0.01 '*' 0.05 '.' 0.1 ' ' 1

(Dispersion parameter for binomial family taken to be 1)

Condition number of final variance-covariance matrix: 1 
Number of iterations: 6
[1] "2022-02-07 16:45:47 --- rxGlm with rxStepControl Finish ---"
[1] "2022-02-07 16:45:47 --- rxStepPlot Start ---"
[1] "pdfFilename=pdf_analyze_glm_Gen01_Type13_rxStepPlot.pdf"
[1] "rxStepPlot="
[1] "2022-02-07 16:45:47 --- rxStepPlot Finish ---"
[1] "2022-02-07 16:45:47 --- save.image Start ---"
[1] "save.image"
[1] "rdataFilename=RData_analyze_glm_Gen01_Type13.RData"
[1] "2022-02-07 16:45:49 --- save.image Finish ---"
[1] "2022-02-07 16:45:49 --- final Start ---"
[1] "nrow(data) final=14500"
[1] "2022-02-07 16:45:49 --- final Finish ---"
[1] "2022-02-07 16:45:49 --- analyze_glm.R Finished ---"
[1] "2022-02-07 16:45:49 --- log Finish ---"
