[1] "2022-02-07 16:56:47 --- D1113_analyze_glm_Horse_IsHitA_Type22 Start ---"
[1] "2022-02-07 16:56:47 --- Log Start ---"
[1] "2022-02-07 16:56:47 --- analyze_glm.R Start ---"
[1] "analyzeVersion=D1113"
[1] "analyzeCategory=analyze"
[1] "analyzeType=Horse"
[1] "analyzeFamily=IsHitA"
[1] "analyzeFunc=glm"
[1] "analyzeTrackTypeCd=2"
[1] "analyzeJyokenCd=2"
[1] "2022-02-07 16:56:47 --- source_function.R Start ---"
[1] "2022-02-07 16:56:47 --- source_function.R Finished ---"

> print(paste0(Sys.time(), " --- source_library.R Start ---"))
[1] "2022-02-07 16:56:47 --- source_library.R Start ---"

> require("RevoScaleR")

> print(paste0(Sys.time(), " --- source_library.R Finished ---"))
[1] "2022-02-07 16:56:47 --- source_library.R Finished ---"
[1] "2022-02-07 16:56:47 --- RxSqlServerData Start ---"
[1] "sqlQuery=SELECT * FROM ViewAnalyzeD1113analyze01HorseType22"
Rows Read: 6093, Total Rows Processed: 6093, Total Chunk Time: 6.629 seconds 
[1] "head(data)="
           Race.RaceId Race.IsPredictedRace Race.IsAnalyzeNormalPastAndFuture
1 20220129-07-01-09-11                FALSE                              TRUE
2 20210411-09-02-06-12                FALSE                              TRUE
3 20190727-10-02-01-11                FALSE                              TRUE
4 20210207-05-01-04-10                FALSE                              TRUE
5 20190505-08-03-06-09                FALSE                              TRUE
6 20211023-05-04-05-10                FALSE                              TRUE
  Race.IsAnalyzeNormalPast Race.IsAnalyzeNormalFuture
1                    FALSE                       TRUE
2                    FALSE                       TRUE
3                     TRUE                      FALSE
4                    FALSE                       TRUE
5                     TRUE                      FALSE
6                    FALSE                       TRUE
  Race.IsAnalyzeFullPastAndFuture Race.IsAnalyzeFullPast
1                            TRUE                  FALSE
2                            TRUE                  FALSE
3                            TRUE                   TRUE
4                            TRUE                  FALSE
5                            TRUE                   TRUE
6                            TRUE                  FALSE
  Race.IsAnalyzeFullFuture Race.JyokenCd Race.JyoType1Cd   Race.RaceType0Cd
1                     TRUE             2     2-07-1200-1 2-07-1200-1-2-E-14
2                     TRUE             2     2-09-1800-1 2-09-1800-1-2-E-14
3                    FALSE             2     2-10-1700-1 2-10-1700-1-2-E-13
4                     TRUE             2     2-05-1600-1 2-05-1600-1-2-E-14
5                    FALSE             2     2-08-1800-1 2-08-1800-1-2-E-14
6                     TRUE             2     2-05-2100-2 2-05-2100-2-2-E-13
  Race.RaceType1Cd Race.RaceType2Cd Race.RaceType3Cd Race.RaceType4Cd
1            2-2-E            2-2-E           2-E-14           2-2-14
2            2-2-E            2-2-E           2-E-14           2-2-14
3            2-2-E            2-2-E           2-E-13           2-2-13
4            2-2-E            2-2-E           2-E-14           2-2-14
5            2-2-E            2-2-E           2-E-14           2-2-14
6            2-2-E            2-2-E           2-E-13           2-2-13
      RaceHorse.RaceId RaceHorse.KettoNum RaceHorse.IsHit1 RaceHorse.IsHit2
1 20220129-07-01-09-11         2015103109                1                0
2 20210411-09-02-06-12         2014105599                0                0
3 20190727-10-02-01-11         2015103248                1                0
4 20210207-05-01-04-10         2016101930                0                0
5 20190505-08-03-06-09         2015106491                0                0
6 20211023-05-04-05-10         2016103289                0                0
  RaceHorse.IsHit3 RaceHorse.IsHit4 RaceHorse.IsHit5 RaceHorse.IsHit6
1                0                0                0                0
2                0                0                0                1
3                0                0                0                0
4                0                0                0                1
5                0                0                0                1
6                0                0                0                1
  RaceHorse.IsValidRaceHorse RaceHorse.IsHitA RaceHorse.IsHitB RaceHorse.IsHitC
1                       TRUE                1                1                1
2                       TRUE                0                0                0
3                       TRUE                1                1                1
4                       TRUE                0                0                0
5                       TRUE                0                0                0
6                       TRUE                0                0                0
  Horse.PrevKettoNum Horse.TimeDvByRaceAvg Horse.TimeDvByRaceMax Horse.RunCount
1         2015103109                    56                    67             14
2         2014105599                    51                    61             11
3         2015103248                    52                    59              3
4         2016101930                    49                    60              8
5         2015106491                    59                    59              1
6         2016103289                    50                    53              2
  Horse.HitCount1 Horse.HitCount2 Horse.HitCount3 Horse.HitCount4
1               0               3               1               0
2               0               2               0               1
3               0               1               0               0
4               0               1               0               0
5               0               0               0               0
6               0               0               0               0
  Horse.HitCount5 Horse.HitRate1 Horse.HitRate2 Horse.HitRate3 Horse.HitRate4
1               2              0            0.2           0.07           0.00
2               2              0            0.2           0.00           0.09
3               1              0            0.3           0.00           0.00
4               1              0            0.1           0.00           0.00
5               1              0            0.0           0.00           0.00
6               0              0            0.0           0.00           0.00
  Horse.HitRate5 EOF
1            0.1   1
2            0.2   1
3            0.3   1
4            0.1   1
5            1.0   1
6            0.0   1
[1] "object.size(data) auto=1.4 Mb"
[1] "nrow(data) RxSqlServerData=6093"
[1] "str(data)="
'data.frame':	6093 obs. of  42 variables:
 $ Race.RaceId                      : Factor w/ 510 levels "20200418-09-02-07-10",..: 11 12 13 14 15 16 17 18 19 20 ...
 $ Race.IsPredictedRace             : logi  FALSE FALSE FALSE FALSE FALSE FALSE ...
 $ Race.IsAnalyzeNormalPastAndFuture: logi  TRUE TRUE TRUE TRUE TRUE TRUE ...
 $ Race.IsAnalyzeNormalPast         : logi  FALSE FALSE TRUE FALSE TRUE FALSE ...
 $ Race.IsAnalyzeNormalFuture       : logi  TRUE TRUE FALSE TRUE FALSE TRUE ...
 $ Race.IsAnalyzeFullPastAndFuture  : logi  TRUE TRUE TRUE TRUE TRUE TRUE ...
 $ Race.IsAnalyzeFullPast           : logi  FALSE FALSE TRUE FALSE TRUE FALSE ...
 $ Race.IsAnalyzeFullFuture         : logi  TRUE TRUE FALSE TRUE FALSE TRUE ...
 $ Race.JyokenCd                    : Factor w/ 1 level "2": 1 1 1 1 1 1 1 1 1 1 ...
 $ Race.JyoType1Cd                  : Factor w/ 82 levels "2-09-1200-4",..: 11 12 13 7 14 15 14 16 17 18 ...
 $ Race.RaceType0Cd                 : Factor w/ 132 levels "2-09-1200-4-2-E-14",..: 11 12 13 14 15 16 17 18 19 20 ...
 $ Race.RaceType1Cd                 : Factor w/ 2 levels "2-2-E","2-2-X": 1 1 1 1 1 1 1 1 1 1 ...
 $ Race.RaceType2Cd                 : Factor w/ 2 levels "2-2-E","2-2-X": 1 1 1 1 1 1 1 1 1 1 ...
 $ Race.RaceType3Cd                 : Factor w/ 3 levels "2-E-14","2-E-13",..: 1 1 2 1 1 2 2 2 2 2 ...
 $ Race.RaceType4Cd                 : Factor w/ 2 levels "2-2-14","2-2-13": 1 1 2 1 1 2 2 2 2 2 ...
 $ RaceHorse.RaceId                 : Factor w/ 510 levels "20200418-09-02-07-10",..: 11 12 13 14 15 16 17 18 19 20 ...
 $ RaceHorse.KettoNum               : Factor w/ 1170 levels "2015102391","2016104219",..: 11 12 13 14 15 16 17 18 19 20 ...
 $ RaceHorse.IsHit1                 : int  1 0 1 0 0 0 0 0 0 0 ...
 $ RaceHorse.IsHit2                 : int  0 0 0 0 0 0 0 0 0 0 ...
 $ RaceHorse.IsHit3                 : int  0 0 0 0 0 0 0 0 0 0 ...
 $ RaceHorse.IsHit4                 : int  0 0 0 0 0 0 1 0 0 0 ...
 $ RaceHorse.IsHit5                 : int  0 0 0 0 0 0 0 0 0 0 ...
 $ RaceHorse.IsHit6                 : int  0 1 0 1 1 1 0 1 1 1 ...
 $ RaceHorse.IsValidRaceHorse       : logi  TRUE TRUE TRUE TRUE TRUE TRUE ...
 $ RaceHorse.IsHitA                 : int  1 0 1 0 0 0 0 0 0 0 ...
 $ RaceHorse.IsHitB                 : int  1 0 1 0 0 0 0 0 0 0 ...
 $ RaceHorse.IsHitC                 : int  1 0 1 0 0 0 0 0 0 0 ...
 $ Horse.PrevKettoNum               : Factor w/ 1170 levels "2015102391","2016104219",..: 11 12 13 14 15 16 17 18 19 20 ...
 $ Horse.TimeDvByRaceAvg            : num  55.8 50.5 51.6 49.3 59.4 ...
 $ Horse.TimeDvByRaceMax            : num  66.9 60.8 59.3 60.4 59.4 ...
 $ Horse.RunCount                   : int  14 11 3 8 1 2 1 20 15 12 ...
 $ Horse.HitCount1                  : int  0 0 0 0 0 0 0 0 0 1 ...
 $ Horse.HitCount2                  : int  3 2 1 1 0 0 0 4 0 0 ...
 $ Horse.HitCount3                  : int  1 0 0 0 0 0 0 4 0 0 ...
 $ Horse.HitCount4                  : int  0 1 0 0 0 0 0 3 3 0 ...
 $ Horse.HitCount5                  : int  2 2 1 1 1 0 0 0 1 2 ...
 $ Horse.HitRate1                   : num  0 0 0 0 0 ...
 $ Horse.HitRate2                   : num  0.214 0.182 0.333 0.125 0 ...
 $ Horse.HitRate3                   : num  0.0714 0 0 0 0 ...
 $ Horse.HitRate4                   : num  0 0.0909 0 0 0 ...
 $ Horse.HitRate5                   : num  0.143 0.182 0.333 0.125 1 ...
 $ EOF                              : int  1 1 1 1 1 1 1 1 1 1 ...
[1] "2022-02-07 16:57:02 --- RxSqlServerData Finish ---"
[1] "2022-02-07 16:57:02 --- subset Start ---"
[1] "nrow(data) subset before=6093"
[1] "nrow(data) subset after =4685"
[1] "nrow(data) subset diff =1408"
[1] "2022-02-07 16:57:02 --- subset Finish---"
[1] "2022-02-07 16:57:02 --- transform Start ---"
[1] "nrow(data) transform before=4685"
[1] "nrow(data) transform after=4685"
[1] "nrow(data) transform diff=0"
[1] "str(data)="
'data.frame':	4685 obs. of  42 variables:
 $ Race.RaceId                      : Factor w/ 510 levels "20200418-09-02-07-10",..: 13 15 17 18 19 20 21 22 23 26 ...
 $ Race.IsPredictedRace             : logi  FALSE FALSE FALSE FALSE FALSE FALSE ...
 $ Race.IsAnalyzeNormalPastAndFuture: logi  TRUE TRUE TRUE TRUE TRUE TRUE ...
 $ Race.IsAnalyzeNormalPast         : logi  TRUE TRUE TRUE TRUE TRUE TRUE ...
 $ Race.IsAnalyzeNormalFuture       : logi  FALSE FALSE FALSE FALSE FALSE FALSE ...
 $ Race.IsAnalyzeFullPastAndFuture  : logi  TRUE TRUE TRUE TRUE TRUE TRUE ...
 $ Race.IsAnalyzeFullPast           : logi  TRUE TRUE TRUE TRUE TRUE TRUE ...
 $ Race.IsAnalyzeFullFuture         : logi  FALSE FALSE FALSE FALSE FALSE FALSE ...
 $ Race.JyokenCd                    : Factor w/ 1 level "2": 1 1 1 1 1 1 1 1 1 1 ...
 $ Race.JyoType1Cd                  : Factor w/ 82 levels "2-09-1200-4",..: 13 14 14 16 17 18 16 19 20 17 ...
 $ Race.RaceType0Cd                 : Factor w/ 132 levels "2-09-1200-4-2-E-14",..: 13 15 17 18 19 20 18 21 22 24 ...
 $ Race.RaceType1Cd                 : Factor w/ 2 levels "2-2-E","2-2-X": 1 1 1 1 1 1 1 1 1 1 ...
 $ Race.RaceType2Cd                 : Factor w/ 2 levels "2-2-E","2-2-X": 1 1 1 1 1 1 1 1 1 1 ...
 $ Race.RaceType3Cd                 : Factor w/ 3 levels "2-E-14","2-E-13",..: 2 1 2 2 2 2 2 1 2 1 ...
 $ Race.RaceType4Cd                 : Factor w/ 2 levels "2-2-14","2-2-13": 2 1 2 2 2 2 2 1 2 1 ...
 $ RaceHorse.RaceId                 : Factor w/ 510 levels "20200418-09-02-07-10",..: 13 15 17 18 19 20 21 22 23 26 ...
 $ RaceHorse.KettoNum               : Factor w/ 1170 levels "2015102391","2016104219",..: 13 15 17 18 19 20 18 21 22 24 ...
 $ RaceHorse.IsHit1                 : int  1 0 0 0 0 0 0 0 0 0 ...
 $ RaceHorse.IsHit2                 : int  0 0 0 0 0 0 0 1 0 0 ...
 $ RaceHorse.IsHit3                 : int  0 0 0 0 0 0 0 0 0 0 ...
 $ RaceHorse.IsHit4                 : int  0 0 1 0 0 0 0 0 0 0 ...
 $ RaceHorse.IsHit5                 : int  0 0 0 0 0 0 0 0 1 0 ...
 $ RaceHorse.IsHit6                 : int  0 1 0 1 1 1 1 0 0 1 ...
 $ RaceHorse.IsValidRaceHorse       : logi  TRUE TRUE TRUE TRUE TRUE TRUE ...
 $ RaceHorse.IsHitA                 : int  1 0 0 0 0 0 0 0 0 0 ...
 $ RaceHorse.IsHitB                 : int  1 0 0 0 0 0 0 1 0 0 ...
 $ RaceHorse.IsHitC                 : int  1 0 0 0 0 0 0 1 0 0 ...
 $ Horse.PrevKettoNum               : Factor w/ 1170 levels "2015102391","2016104219",..: 13 15 17 18 19 20 18 21 22 24 ...
 $ Horse.TimeDvByRaceAvg            : num  51.6 59.4 50.9 55.7 51.8 ...
 $ Horse.TimeDvByRaceMax            : num  59.3 59.4 50.9 65.7 59.8 ...
 $ Horse.RunCount                   : int  3 1 1 20 15 12 18 3 8 6 ...
 $ Horse.HitCount1                  : int  0 0 0 0 0 1 0 0 0 0 ...
 $ Horse.HitCount2                  : int  1 0 0 4 0 0 3 0 1 1 ...
 $ Horse.HitCount3                  : int  0 0 0 4 0 0 4 1 0 3 ...
 $ Horse.HitCount4                  : int  0 0 0 3 3 0 3 0 1 0 ...
 $ Horse.HitCount5                  : int  1 1 0 0 1 2 0 2 1 1 ...
 $ Horse.HitRate1                   : num  0 0 0 0 0 ...
 $ Horse.HitRate2                   : num  0.333 0 0 0.2 0 ...
 $ Horse.HitRate3                   : num  0 0 0 0.2 0 ...
 $ Horse.HitRate4                   : num  0 0 0 0.15 0.2 ...
 $ Horse.HitRate5                   : num  0.3333 1 0 0 0.0667 ...
 $ EOF                              : int  1 1 1 1 1 1 1 1 1 1 ...
NULL
[1] "2022-02-07 16:57:02 --- transform Finish ---"
[1] "2022-02-07 16:57:02 --- na.omit Start ---"
[1] "nrow(data) na.omit before=4685"
[1] "nrow(data) na.omit after =4685"
[1] "nrow(data) na.omit diff =0"
'data.frame':	4685 obs. of  42 variables:
 $ Race.RaceId                      : Factor w/ 510 levels "20200418-09-02-07-10",..: 13 15 17 18 19 20 21 22 23 26 ...
 $ Race.IsPredictedRace             : logi  FALSE FALSE FALSE FALSE FALSE FALSE ...
 $ Race.IsAnalyzeNormalPastAndFuture: logi  TRUE TRUE TRUE TRUE TRUE TRUE ...
 $ Race.IsAnalyzeNormalPast         : logi  TRUE TRUE TRUE TRUE TRUE TRUE ...
 $ Race.IsAnalyzeNormalFuture       : logi  FALSE FALSE FALSE FALSE FALSE FALSE ...
 $ Race.IsAnalyzeFullPastAndFuture  : logi  TRUE TRUE TRUE TRUE TRUE TRUE ...
 $ Race.IsAnalyzeFullPast           : logi  TRUE TRUE TRUE TRUE TRUE TRUE ...
 $ Race.IsAnalyzeFullFuture         : logi  FALSE FALSE FALSE FALSE FALSE FALSE ...
 $ Race.JyokenCd                    : Factor w/ 1 level "2": 1 1 1 1 1 1 1 1 1 1 ...
 $ Race.JyoType1Cd                  : Factor w/ 82 levels "2-09-1200-4",..: 13 14 14 16 17 18 16 19 20 17 ...
 $ Race.RaceType0Cd                 : Factor w/ 132 levels "2-09-1200-4-2-E-14",..: 13 15 17 18 19 20 18 21 22 24 ...
 $ Race.RaceType1Cd                 : Factor w/ 2 levels "2-2-E","2-2-X": 1 1 1 1 1 1 1 1 1 1 ...
 $ Race.RaceType2Cd                 : Factor w/ 2 levels "2-2-E","2-2-X": 1 1 1 1 1 1 1 1 1 1 ...
 $ Race.RaceType3Cd                 : Factor w/ 3 levels "2-E-14","2-E-13",..: 2 1 2 2 2 2 2 1 2 1 ...
 $ Race.RaceType4Cd                 : Factor w/ 2 levels "2-2-14","2-2-13": 2 1 2 2 2 2 2 1 2 1 ...
 $ RaceHorse.RaceId                 : Factor w/ 510 levels "20200418-09-02-07-10",..: 13 15 17 18 19 20 21 22 23 26 ...
 $ RaceHorse.KettoNum               : Factor w/ 1170 levels "2015102391","2016104219",..: 13 15 17 18 19 20 18 21 22 24 ...
 $ RaceHorse.IsHit1                 : int  1 0 0 0 0 0 0 0 0 0 ...
 $ RaceHorse.IsHit2                 : int  0 0 0 0 0 0 0 1 0 0 ...
 $ RaceHorse.IsHit3                 : int  0 0 0 0 0 0 0 0 0 0 ...
 $ RaceHorse.IsHit4                 : int  0 0 1 0 0 0 0 0 0 0 ...
 $ RaceHorse.IsHit5                 : int  0 0 0 0 0 0 0 0 1 0 ...
 $ RaceHorse.IsHit6                 : int  0 1 0 1 1 1 1 0 0 1 ...
 $ RaceHorse.IsValidRaceHorse       : logi  TRUE TRUE TRUE TRUE TRUE TRUE ...
 $ RaceHorse.IsHitA                 : int  1 0 0 0 0 0 0 0 0 0 ...
 $ RaceHorse.IsHitB                 : int  1 0 0 0 0 0 0 1 0 0 ...
 $ RaceHorse.IsHitC                 : int  1 0 0 0 0 0 0 1 0 0 ...
 $ Horse.PrevKettoNum               : Factor w/ 1170 levels "2015102391","2016104219",..: 13 15 17 18 19 20 18 21 22 24 ...
 $ Horse.TimeDvByRaceAvg            : num  51.6 59.4 50.9 55.7 51.8 ...
 $ Horse.TimeDvByRaceMax            : num  59.3 59.4 50.9 65.7 59.8 ...
 $ Horse.RunCount                   : int  3 1 1 20 15 12 18 3 8 6 ...
 $ Horse.HitCount1                  : int  0 0 0 0 0 1 0 0 0 0 ...
 $ Horse.HitCount2                  : int  1 0 0 4 0 0 3 0 1 1 ...
 $ Horse.HitCount3                  : int  0 0 0 4 0 0 4 1 0 3 ...
 $ Horse.HitCount4                  : int  0 0 0 3 3 0 3 0 1 0 ...
 $ Horse.HitCount5                  : int  1 1 0 0 1 2 0 2 1 1 ...
 $ Horse.HitRate1                   : num  0 0 0 0 0 ...
 $ Horse.HitRate2                   : num  0.333 0 0 0.2 0 ...
 $ Horse.HitRate3                   : num  0 0 0 0.2 0 ...
 $ Horse.HitRate4                   : num  0 0 0 0.15 0.2 ...
 $ Horse.HitRate5                   : num  0.3333 1 0 0 0.0667 ...
 $ EOF                              : int  1 1 1 1 1 1 1 1 1 1 ...
[1] "2022-02-07 16:57:02 --- na.omit Finish ---"
[1] "2022-02-07 16:57:02 --- rxGlm with rxStepControl Start ---"
[1] "2022-02-07 16:57:02 --- source_logic_glm.R Start ---"
[1] "2022-02-07 16:57:02 --- source_logic_glm.R Finished ---"
Rows Read: 4685, Total Rows Processed: 4685, Total Chunk Time: 0.001 seconds 

Starting values (iteration 1) time: 0.056 secs.
Rows Read: 4685, Total Rows Processed: 4685, Total Chunk Time: Less than .001 seconds 

Iteration 2 time: 0.006 secs.
Rows Read: 4685, Total Rows Processed: 4685, Total Chunk Time: 0.002 seconds 

Iteration 3 time: 0.004 secs.
Rows Read: 4685, Total Rows Processed: 4685, Total Chunk Time: 0.001 seconds 

Iteration 4 time: 0.003 secs.
Rows Read: 4685, Total Rows Processed: 4685, Total Chunk Time: Less than .001 seconds 

Iteration 5 time: 0.004 secs.
Rows Read: 4685, Total Rows Processed: 4685, Total Chunk Time: 0.001 seconds 

Iteration 6 time: 0.003 secs.

Elapsed computation time: 0.095 secs.
Rows Read: 4685, Total Rows Processed: 4685, Total Chunk Time: 0.001 seconds 

Starting values (iteration 1) time: 0.007 secs.
Rows Read: 4685, Total Rows Processed: 4685, Total Chunk Time: Less than .001 seconds 

Iteration 2 time: 0.004 secs.
Rows Read: 4685, Total Rows Processed: 4685, Total Chunk Time: Less than .001 seconds 

Iteration 3 time: 0.003 secs.
Rows Read: 4685, Total Rows Processed: 4685, Total Chunk Time: Less than .001 seconds 

Iteration 4 time: 0.005 secs.
Rows Read: 4685, Total Rows Processed: 4685, Total Chunk Time: 0.001 seconds 

Iteration 5 time: 0.004 secs.
Rows Read: 4685, Total Rows Processed: 4685, Total Chunk Time: 0.001 seconds 

Iteration 6 time: 0.004 secs.

Elapsed computation time: 0.047 secs.
Rows Read: 4685, Total Rows Processed: 4685, Total Chunk Time: Less than .001 seconds 

Starting values (iteration 1) time: 0.005 secs.
Rows Read: 4685, Total Rows Processed: 4685, Total Chunk Time: Less than .001 seconds 

Iteration 2 time: 0.004 secs.
Rows Read: 4685, Total Rows Processed: 4685, Total Chunk Time: Less than .001 seconds 

Iteration 3 time: 0.003 secs.
Rows Read: 4685, Total Rows Processed: 4685, Total Chunk Time: 0.001 seconds 

Iteration 4 time: 0.003 secs.
Rows Read: 4685, Total Rows Processed: 4685, Total Chunk Time: Less than .001 seconds 

Iteration 5 time: 0.003 secs.
Rows Read: 4685, Total Rows Processed: 4685, Total Chunk Time: Less than .001 seconds 

Iteration 6 time: 0.003 secs.

Elapsed computation time: 0.040 secs.

Elapsed computation time: 0.197 secs.
[1] "analyze.results.glm.step="
Generalized Linear Model Results for: RaceHorse.IsHitA ~ Horse.HitRate1
Data: data
Dependent variable(s): RaceHorse.IsHitA
Total independent variables: 2 
Number of valid observations: 4685
Number of missing observations: 0 
Family-link: binomial-logit 
 
 
Coefficients:
               RaceHorse.IsHitA
(Intercept)                  -3
Horse.HitRate1                2
[1] "analyze.results.glm.step.summary"
Call:
rxGlm(formula = form, data = data, family = binomial(), variableSelection = analyze.results.glm.step.varsel)

Generalized Linear Model Results for: RaceHorse.IsHitA ~ Horse.HitRate1
Data: data
Dependent variable(s): RaceHorse.IsHitA
Total independent variables: 2 
Number of valid observations: 4685
Number of missing observations: 0 
Family-link: binomial-logit 
 
Residual deviance: 2188.989 (on 4683 degrees of freedom)
 
Coefficients:
               Estimate Std. Error z value Pr(>|z|)    
(Intercept)     -2.7469     0.0622  -44.17  2.2e-16 ***
Horse.HitRate1   1.6614     0.3995    4.16  3.2e-05 ***
---
Signif. codes:  0 '***' 0.001 '**' 0.01 '*' 0.05 '.' 0.1 ' ' 1

(Dispersion parameter for binomial family taken to be 1)

Condition number of final variance-covariance matrix: 1 
Number of iterations: 6
[1] "2022-02-07 16:57:03 --- rxGlm with rxStepControl Finish ---"
[1] "2022-02-07 16:57:03 --- rxStepPlot Start ---"
[1] "pdfFilename=pdf_analyze_glm_Horse_Type22_rxStepPlot.pdf"
[1] "rxStepPlot="
[1] "2022-02-07 16:57:03 --- rxStepPlot Finish ---"
[1] "2022-02-07 16:57:03 --- save.image Start ---"
[1] "save.image"
[1] "rdataFilename=RData_analyze_glm_Horse_Type22.RData"
[1] "2022-02-07 16:57:05 --- save.image Finish ---"
[1] "2022-02-07 16:57:05 --- final Start ---"
[1] "nrow(data) final=4685"
[1] "2022-02-07 16:57:05 --- final Finish ---"
[1] "2022-02-07 16:57:05 --- analyze_glm.R Finished ---"
[1] "2022-02-07 16:57:05 --- log Finish ---"
