[1] "2022-02-07 10:57:42 --- D1113_Predict_glm_Gen02_IsHitA_Type26 Start ---"
[1] "2022-02-07 10:57:42 --- Log Start ---"
[1] "2022-02-07 10:57:42 --- predict.R Start ---"
[1] "analyzeVersion=D1113"
[1] "analyzeCategory=Predict"
[1] "analyzeType=Gen02"
[1] "analyzeFamily=IsHitA"
[1] "analyzeFunc=glm"
[1] "analyzeTrackTypeCd=2"
[1] "analyzeJyokenCd=6"
[1] "2022-02-07 10:57:42 --- source_function.R Start ---"
[1] "2022-02-07 10:57:42 --- source_function.R Finished ---"

> print(paste0(Sys.time(), " --- source_library.R Start ---"))
[1] "2022-02-07 10:57:42 --- source_library.R Start ---"

> require("RevoScaleR")

> print(paste0(Sys.time(), " --- source_library.R Finished ---"))
[1] "2022-02-07 10:57:42 --- source_library.R Finished ---"
[1] "2022-02-07 10:57:42 --- Load Start ---"
[1] "loadFilename=RData_Analyze_glm_Gen02_Type26.RData"
[1] "2022-02-07 10:57:43 --- Load Finished ---"
[1] "2022-02-07 10:57:43 --- RxSqlServerData Start ---"
[1] "sqlQuery=SELECT * FROM ViewAnalyzeD1113analyze01Gen02Type26 WHERE [Race.IsPredictedRace] = 1"
Rows Read: 3, Total Rows Processed: 3, Total Chunk Time: 0.117 seconds 
[1] "head(InputDataSet)="
           Race.RaceId Race.IsPredictedRace Race.IsAnalyzeNormalPastAndFuture
1 20220206-05-01-04-03                 TRUE                              TRUE
2 20220206-05-01-04-03                 TRUE                              TRUE
3 20220206-05-01-04-03                 TRUE                              TRUE
  Race.IsAnalyzeNormalPast Race.IsAnalyzeNormalFuture
1                    FALSE                       TRUE
2                    FALSE                       TRUE
3                    FALSE                       TRUE
  Race.IsAnalyzeFullPastAndFuture Race.IsAnalyzeFullPast
1                            TRUE                  FALSE
2                            TRUE                  FALSE
3                            TRUE                  FALSE
  Race.IsAnalyzeFullFuture Race.JyokenCd Race.JyoType1Cd   Race.RaceType0Cd
1                     TRUE             6     2-05-1600-1 2-05-1600-1-6-X-12
2                     TRUE             6     2-05-1600-1 2-05-1600-1-6-X-12
3                     TRUE             6     2-05-1600-1 2-05-1600-1-6-X-12
  Race.RaceType1Cd Race.RaceType2Cd Race.RaceType3Cd Race.RaceType4Cd
1            2-6-X            2-6-X           6-X-12           2-6-12
2            2-6-X            2-6-X           6-X-12           2-6-12
3            2-6-X            2-6-X           6-X-12           2-6-12
      RaceHorse.RaceId RaceHorse.KettoNum RaceHorse.IsHit1 RaceHorse.IsHit2
1 20220206-05-01-04-03         2019101553                0                0
2 20220206-05-01-04-03         2019102677                0                1
3 20220206-05-01-04-03         2019105618                0                0
  RaceHorse.IsHit3 RaceHorse.IsHit4 RaceHorse.IsHit5 RaceHorse.IsHit6
1                0                0                0                1
2                0                0                0                0
3                0                0                0                1
  RaceHorse.IsValidRaceHorse RaceHorse.IsHitA RaceHorse.IsHitB RaceHorse.IsHitC
1                       TRUE                0                0                0
2                       TRUE                0                1                1
3                       TRUE                0                0                0
  Gen02.HansyokuNum Gen02.TimeDvByRaceAvg Gen02.TimeDvByRaceMax Gen02.RunCount
1          12258963              51.01228              65.06065              2
2          12261101              49.33479              49.33479              1
3          12263805              53.91813              53.91813              1
  Gen02.HitCount1 Gen02.HitCount2 Gen02.HitCount3 Gen02.HitCount4
1               0               1               0               0
2               0               0               0               0
3               0               0               0               0
  Gen02.HitCount5 Gen02.HitRate1 Gen02.HitRate2 Gen02.HitRate3 Gen02.HitRate4
1               0              0            0.5              0              0
2               0              0            0.0              0              0
3               0              0            0.0              0              0
  Gen02.HitRate5 EOF
1              0   1
2              0   1
3              0   1
[1] "object.size(InputDataSet) auto=12.2 Kb"
[1] "nrow(InputDataSet) RxSqlServerData=3"
[1] "str(InputDataSet)="
'data.frame':	3 obs. of  42 variables:
 $ Race.RaceId                      : Factor w/ 1 level "20220206-05-01-04-03": 1 1 1
 $ Race.IsPredictedRace             : logi  TRUE TRUE TRUE
 $ Race.IsAnalyzeNormalPastAndFuture: logi  TRUE TRUE TRUE
 $ Race.IsAnalyzeNormalPast         : logi  FALSE FALSE FALSE
 $ Race.IsAnalyzeNormalFuture       : logi  TRUE TRUE TRUE
 $ Race.IsAnalyzeFullPastAndFuture  : logi  TRUE TRUE TRUE
 $ Race.IsAnalyzeFullPast           : logi  FALSE FALSE FALSE
 $ Race.IsAnalyzeFullFuture         : logi  TRUE TRUE TRUE
 $ Race.JyokenCd                    : Factor w/ 1 level "6": 1 1 1
 $ Race.JyoType1Cd                  : Factor w/ 1 level "2-05-1600-1": 1 1 1
 $ Race.RaceType0Cd                 : Factor w/ 1 level "2-05-1600-1-6-X-12": 1 1 1
 $ Race.RaceType1Cd                 : Factor w/ 1 level "2-6-X": 1 1 1
 $ Race.RaceType2Cd                 : Factor w/ 1 level "2-6-X": 1 1 1
 $ Race.RaceType3Cd                 : Factor w/ 1 level "6-X-12": 1 1 1
 $ Race.RaceType4Cd                 : Factor w/ 1 level "2-6-12": 1 1 1
 $ RaceHorse.RaceId                 : Factor w/ 1 level "20220206-05-01-04-03": 1 1 1
 $ RaceHorse.KettoNum               : Factor w/ 3 levels "2019101553","2019102677",..: 1 2 3
 $ RaceHorse.IsHit1                 : int  0 0 0
 $ RaceHorse.IsHit2                 : int  0 1 0
 $ RaceHorse.IsHit3                 : int  0 0 0
 $ RaceHorse.IsHit4                 : int  0 0 0
 $ RaceHorse.IsHit5                 : int  0 0 0
 $ RaceHorse.IsHit6                 : int  1 0 1
 $ RaceHorse.IsValidRaceHorse       : logi  TRUE TRUE TRUE
 $ RaceHorse.IsHitA                 : int  0 0 0
 $ RaceHorse.IsHitB                 : int  0 1 0
 $ RaceHorse.IsHitC                 : int  0 1 0
 $ Gen02.HansyokuNum                : Factor w/ 3 levels "12258963","12261101",..: 1 2 3
 $ Gen02.TimeDvByRaceAvg            : num  51 49.3 53.9
 $ Gen02.TimeDvByRaceMax            : num  65.1 49.3 53.9
 $ Gen02.RunCount                   : int  2 1 1
 $ Gen02.HitCount1                  : int  0 0 0
 $ Gen02.HitCount2                  : int  1 0 0
 $ Gen02.HitCount3                  : int  0 0 0
 $ Gen02.HitCount4                  : int  0 0 0
 $ Gen02.HitCount5                  : int  0 0 0
 $ Gen02.HitRate1                   : num  0 0 0
 $ Gen02.HitRate2                   : num  0.5 0 0
 $ Gen02.HitRate3                   : num  0 0 0
 $ Gen02.HitRate4                   : num  0 0 0
 $ Gen02.HitRate5                   : num  0 0 0
 $ EOF                              : int  1 1 1
[1] "2022-02-07 10:57:44 --- RxSqlServerData Finish ---"
[1] "2022-02-07 10:57:44 --- subset Start ---"
[1] "nrow(InputDataSet) subset before=3"
[1] "nrow(InputDataSet) subset after=3"
[1] "nrow(InputDataSet) subset diff=0"
[1] "class(InputDataSet$Race.IsAnalyzeNormalPast)=logical"
[1] "class(InputDataSet$Race.analyzeTrackTypeCd)=NULL"
[1] "2022-02-07 10:57:44 --- subset Finish ---"
[1] "2022-02-07 10:57:44 --- transform Start ---"
[1] "nrow(InputDataSet) transaform before=3"
[1] "nrow(InputDataSet) transaform after=3"
[1] "nrow(InputDataSet) transaform diff=0"
[1] "str(InputDataSet)="
'data.frame':	3 obs. of  42 variables:
 $ Race.RaceId                      : Factor w/ 1 level "20220206-05-01-04-03": 1 1 1
 $ Race.IsPredictedRace             : logi  TRUE TRUE TRUE
 $ Race.IsAnalyzeNormalPastAndFuture: logi  TRUE TRUE TRUE
 $ Race.IsAnalyzeNormalPast         : logi  FALSE FALSE FALSE
 $ Race.IsAnalyzeNormalFuture       : logi  TRUE TRUE TRUE
 $ Race.IsAnalyzeFullPastAndFuture  : logi  TRUE TRUE TRUE
 $ Race.IsAnalyzeFullPast           : logi  FALSE FALSE FALSE
 $ Race.IsAnalyzeFullFuture         : logi  TRUE TRUE TRUE
 $ Race.JyokenCd                    : Factor w/ 1 level "6": 1 1 1
 $ Race.JyoType1Cd                  : Factor w/ 1 level "2-05-1600-1": 1 1 1
 $ Race.RaceType0Cd                 : Factor w/ 1 level "2-05-1600-1-6-X-12": 1 1 1
 $ Race.RaceType1Cd                 : Factor w/ 1 level "2-6-X": 1 1 1
 $ Race.RaceType2Cd                 : Factor w/ 1 level "2-6-X": 1 1 1
 $ Race.RaceType3Cd                 : Factor w/ 1 level "6-X-12": 1 1 1
 $ Race.RaceType4Cd                 : Factor w/ 1 level "2-6-12": 1 1 1
 $ RaceHorse.RaceId                 : Factor w/ 1 level "20220206-05-01-04-03": 1 1 1
 $ RaceHorse.KettoNum               : Factor w/ 3 levels "2019101553","2019102677",..: 1 2 3
 $ RaceHorse.IsHit1                 : int  0 0 0
 $ RaceHorse.IsHit2                 : int  0 1 0
 $ RaceHorse.IsHit3                 : int  0 0 0
 $ RaceHorse.IsHit4                 : int  0 0 0
 $ RaceHorse.IsHit5                 : int  0 0 0
 $ RaceHorse.IsHit6                 : int  1 0 1
 $ RaceHorse.IsValidRaceHorse       : logi  TRUE TRUE TRUE
 $ RaceHorse.IsHitA                 : int  0 0 0
 $ RaceHorse.IsHitB                 : int  0 1 0
 $ RaceHorse.IsHitC                 : int  0 1 0
 $ Gen02.HansyokuNum                : Factor w/ 3 levels "12258963","12261101",..: 1 2 3
 $ Gen02.TimeDvByRaceAvg            : num  51 49.3 53.9
 $ Gen02.TimeDvByRaceMax            : num  65.1 49.3 53.9
 $ Gen02.RunCount                   : int  2 1 1
 $ Gen02.HitCount1                  : int  0 0 0
 $ Gen02.HitCount2                  : int  1 0 0
 $ Gen02.HitCount3                  : int  0 0 0
 $ Gen02.HitCount4                  : int  0 0 0
 $ Gen02.HitCount5                  : int  0 0 0
 $ Gen02.HitRate1                   : num  0 0 0
 $ Gen02.HitRate2                   : num  0.5 0 0
 $ Gen02.HitRate3                   : num  0 0 0
 $ Gen02.HitRate4                   : num  0 0 0
 $ Gen02.HitRate5                   : num  0 0 0
 $ EOF                              : int  1 1 1
NULL
[1] "2022-02-07 10:57:44 --- transform Finish ---"
[1] "2022-02-07 10:57:44 --- na.omit Start ---"
[1] "nrow(InputDataSet) na.omit before=3"
[1] "nrow(InputDataSet) na.omit after=3"
[1] "nrow(InputDataSet) na.omit diff=0"
[1] "2022-02-07 10:57:44 --- na.omit Finish---"
[1] "2022-02-07 10:57:44 --- New Levels Start ---"
[1] "levels(data$Race.RaceType1Cd)=2-6-X"
[1] "levels(InputDataSet$Race.RaceType1Cd)=2-6-X"
[1] "length(Race.RaceType1Cd.Index)=0"
[1] "2022-02-07 10:57:44 --- New Levels Finish ---"
[1] "2022-02-07 10:57:44 --- na.omit Start ---"
[1] "nrow(InputDataSet) na.omit levels before=3"
[1] "nrow(InputDataSet) na.omit levels after=3"
[1] "nrow(InputDataSet) na.omit levels diff=0"
[1] "2022-02-07 10:57:44 --- na.omit Finish ---"
[1] "2022-02-07 10:57:44 --- Predict InputDataSet Start ---"
[1] "nrow(InputDataSet) predict=3"
[1] "str(InputDataSet)="
'data.frame':	3 obs. of  42 variables:
 $ Race.RaceId                      : Factor w/ 1 level "20220206-05-01-04-03": 1 1 1
 $ Race.IsPredictedRace             : logi  TRUE TRUE TRUE
 $ Race.IsAnalyzeNormalPastAndFuture: logi  TRUE TRUE TRUE
 $ Race.IsAnalyzeNormalPast         : logi  FALSE FALSE FALSE
 $ Race.IsAnalyzeNormalFuture       : logi  TRUE TRUE TRUE
 $ Race.IsAnalyzeFullPastAndFuture  : logi  TRUE TRUE TRUE
 $ Race.IsAnalyzeFullPast           : logi  FALSE FALSE FALSE
 $ Race.IsAnalyzeFullFuture         : logi  TRUE TRUE TRUE
 $ Race.JyokenCd                    : Factor w/ 1 level "6": 1 1 1
 $ Race.JyoType1Cd                  : Factor w/ 1 level "2-05-1600-1": 1 1 1
 $ Race.RaceType0Cd                 : Factor w/ 1 level "2-05-1600-1-6-X-12": 1 1 1
 $ Race.RaceType1Cd                 : Factor w/ 1 level "2-6-X": 1 1 1
 $ Race.RaceType2Cd                 : Factor w/ 1 level "2-6-X": 1 1 1
 $ Race.RaceType3Cd                 : Factor w/ 1 level "6-X-12": 1 1 1
 $ Race.RaceType4Cd                 : Factor w/ 1 level "2-6-12": 1 1 1
 $ RaceHorse.RaceId                 : Factor w/ 1 level "20220206-05-01-04-03": 1 1 1
 $ RaceHorse.KettoNum               : Factor w/ 3 levels "2019101553","2019102677",..: 1 2 3
 $ RaceHorse.IsHit1                 : int  0 0 0
 $ RaceHorse.IsHit2                 : int  0 1 0
 $ RaceHorse.IsHit3                 : int  0 0 0
 $ RaceHorse.IsHit4                 : int  0 0 0
 $ RaceHorse.IsHit5                 : int  0 0 0
 $ RaceHorse.IsHit6                 : int  1 0 1
 $ RaceHorse.IsValidRaceHorse       : logi  TRUE TRUE TRUE
 $ RaceHorse.IsHitA                 : int  0 0 0
 $ RaceHorse.IsHitB                 : int  0 1 0
 $ RaceHorse.IsHitC                 : int  0 1 0
 $ Gen02.HansyokuNum                : Factor w/ 3 levels "12258963","12261101",..: 1 2 3
 $ Gen02.TimeDvByRaceAvg            : num  51 49.3 53.9
 $ Gen02.TimeDvByRaceMax            : num  65.1 49.3 53.9
 $ Gen02.RunCount                   : int  2 1 1
 $ Gen02.HitCount1                  : int  0 0 0
 $ Gen02.HitCount2                  : int  1 0 0
 $ Gen02.HitCount3                  : int  0 0 0
 $ Gen02.HitCount4                  : int  0 0 0
 $ Gen02.HitCount5                  : int  0 0 0
 $ Gen02.HitRate1                   : num  0 0 0
 $ Gen02.HitRate2                   : num  0.5 0 0
 $ Gen02.HitRate3                   : num  0 0 0
 $ Gen02.HitRate4                   : num  0 0 0
 $ Gen02.HitRate5                   : num  0 0 0
 $ EOF                              : int  1 1 1
[1] "2022-02-07 10:57:44 --- Predict InputDataSet Finish ---"
[1] "2022-02-07 10:57:44 --- rxPredict (glm) Start ---"
[1] "analyzeFunc=glm"
Rows Read: 3, Total Rows Processed: 3, Total Chunk Time: Less than .001 seconds 
[1] "nrow(PredictDataSet) afte predict=3"
[1] "str(PredictDataSet)"
'data.frame':	3 obs. of  1 variable:
 $ RaceHorse.IsHitA_Pred: num  0.0593 0.0593 0.0593
NULL
[1] "head(PredictDataSet) afte predict="
  RaceHorse.IsHitA_Pred
1            0.05928135
2            0.05928135
3            0.05928135
[1] "2022-02-07 10:57:44 --- rxPredict (glm) Finish ---"
[1] "2022-02-07 10:57:44 --- add key Start ---"
[1] "nrow(OutputDataSet) add KeyColmn=3"
[1] "str(OutputDataSet) after add Key"
'data.frame':	3 obs. of  2 variables:
 $ RaceHorse.RaceId  : Factor w/ 1 level "20220206-05-01-04-03": 1 1 1
 $ RaceHorse.KettoNum: Factor w/ 3 levels "2019101553","2019102677",..: 1 2 3
NULL
[1] "2022-02-07 10:57:44 --- add key Finish ---"
[1] "2022-02-07 10:57:44 --- add PredictValue Start ---"
[1] "str(PredictDataSet) before rename="
[1] "colnames(PredictDataSet)=RaceHorse.IsHitA_Pred"
[1] "str(PredictDataSet) after rename="
'data.frame':	3 obs. of  1 variable:
 $ PredictValue: num  0.0593 0.0593 0.0593
NULL
[1] "str(OutputDataSet) before cbind="
'data.frame':	3 obs. of  2 variables:
 $ RaceHorse.RaceId  : Factor w/ 1 level "20220206-05-01-04-03": 1 1 1
 $ RaceHorse.KettoNum: Factor w/ 3 levels "2019101553","2019102677",..: 1 2 3
NULL
[1] "str(OutputDataSet) after cbind="
'data.frame':	3 obs. of  3 variables:
 $ RaceHorse.RaceId  : Factor w/ 1 level "20220206-05-01-04-03": 1 1 1
 $ RaceHorse.KettoNum: Factor w/ 3 levels "2019101553","2019102677",..: 1 2 3
 $ PredictValue      : num  0.0593 0.0593 0.0593
NULL
[1] "2022-02-07 10:57:44 --- add PredictValue Finish ---"
[1] "2022-02-07 10:57:44 --- final Start ---"
[1] "nrow(OutputDataSet) final=3"
[1] "head(OutputDataSet)="
      RaceHorse.RaceId RaceHorse.KettoNum PredictValue
1 20220206-05-01-04-03         2019101553   0.05928135
2 20220206-05-01-04-03         2019102677   0.05928135
3 20220206-05-01-04-03         2019105618   0.05928135
[1] "str(OutputDataSet)="
'data.frame':	3 obs. of  3 variables:
 $ RaceHorse.RaceId  : Factor w/ 1 level "20220206-05-01-04-03": 1 1 1
 $ RaceHorse.KettoNum: Factor w/ 3 levels "2019101553","2019102677",..: 1 2 3
 $ PredictValue      : num  0.0593 0.0593 0.0593
NULL
[1] "2022-02-07 10:57:44 --- final Finish ---"
[1] "2022-02-07 10:57:44 --- predict.R Finished ---"
[1] "2022-02-07 10:57:44 --- log Finish ---"
