[1] "2022-03-09 21:32:54 --- D1116_Graph_AnalyzeD1116Step02Gen01 Start ---"
[1] "2022-03-09 21:32:54 --- Log Start ---"
[1] "2022-03-09 21:32:54 --- graph Start ---"
[1] "--------------------------------------------------------------------------------"
[1] "graphVersion=D1116"
[1] "graphCategory=Graph"
[1] "graphType=AnalyzeD1116Step02Gen01"
[1] "graphTrackTypeCd=0"
[1] "graphJyokenCd=0"
[1] "--------------------------------------------------------------------------------"
[1] "2022-03-09 21:32:54 --- source_library.R Start ---"
[1] "2022-03-09 21:32:54 --- source_library.R Finished ---"
[1] "2022-03-09 21:32:54 --- RxSqlServerData Start ---"
[1] "2022-03-09 21:32:54 --- RxInSqlServer Start ---"
[1] "2022-03-09 21:32:54 --- RxInSqlServer Finish ---"
[1] "2022-03-09 21:32:54 --- rxSetComputeContext Start ---"
RxLocalSeq Compute Context
[1] "2022-03-09 21:32:54 --- rxSetComputeContext Finish ---"
[1] "2022-03-09 21:32:54 --- RxSqlServerData Start ---"
[1] "sqlQuery=SELECT PredictValueA, PredictValueLogitA FROM AnalyzeD1116Step02Gen01"
[1] "2022-03-09 21:32:54 --- RxSqlServerData Finish ---"
[1] "2022-03-09 21:32:54 --- rxGetVarInfo Start ---"
Var 1: PredictValueA, Type: numeric
Var 2: PredictValueLogitA, Type: numeric
[1] "2022-03-09 21:32:54 --- rxGetVarInfo Finish---"
[1] "2022-03-09 21:32:54 --- rxImport Start ---"
Rows Read: 293831, Total Rows Processed: 293831, Total Chunk Time: 0.207 seconds 
[1] "2022-03-09 21:32:55 --- rxImport Finish ---"
[1] "object.size(data) auto=4.5 Mb"
[1] "--------------------------------------------------------------------------------"
[1] "nrow(data) RxSqlServerData=293831"
[1] "--------------------------------------------------------------------------------"
[1] "2022-03-09 21:32:55 --- RxSqlServerData Finish ---"
[1] "pdfFilename=pdf_Graph_AnalyzeD1116Step02Gen01_hist.AnalyzeD1116Step02Gen01.pdf"
null device 
          1 
[1] "pdfFilename=pdf_Graph_AnalyzeD1116Step02Gen01_histogram.AnalyzeD1116Step02Gen01.pdf"
null device 
          1 
[1] "2022-03-09 21:32:57 --- log Finish ---"
[1] "2022-03-09 21:32:57 --- graph Finish ---"
