[1] "2022-02-21 14:09:51 --- D1115_Predict_glm_Jockey_IsHitA_Type31 Start ---"
[1] "2022-02-21 14:09:51 --- Log Start ---"
[1] "2022-02-21 14:09:51 --- predict.R Start ---"
[1] "--------------------------------------------------------------------------------"
[1] "analyzeVersion=D1115"
[1] "analyzeCategory=Predict"
[1] "analyzeType=Jockey"
[1] "analyzeFamily=IsHitA"
[1] "analyzeFunc=glm"
[1] "analyzeTrackTypeCd=3"
[1] "analyzeJyokenCd=1"
[1] "--------------------------------------------------------------------------------"
[1] "2022-02-21 14:09:51 --- source_function.R Start ---"
[1] "2022-02-21 14:09:51 --- source_function.R Finished ---"

> print(paste0(Sys.time(), " --- source_library.R Start ---"))
[1] "2022-02-21 14:09:51 --- source_library.R Start ---"

> require("RevoScaleR")

> print(paste0(Sys.time(), " --- source_library.R Finished ---"))
[1] "2022-02-21 14:09:51 --- source_library.R Finished ---"
[1] "2022-02-21 14:09:51 --- Load Start ---"
[1] "analyzeTrackTypeCd=3"
[1] "analyzeJyokenCd=1"
[1] "loadFilename=RData_Analyze_glm_Jockey_Type31.RData"
[1] "2022-02-21 14:09:51 --- Load Finished ---"
[1] "2022-02-21 14:09:51 --- RxSqlServerData Start ---"
[1] "2022-02-21 14:09:51 --- RxInSqlServer Start ---"
[1] "2022-02-21 14:09:51 --- RxInSqlServer Finish ---"
[1] "2022-02-21 14:09:51 --- rxSetComputeContext Start ---"
[1] "2022-02-21 14:09:51 --- rxSetComputeContext Finish ---"
[1] "2022-02-21 14:09:51 --- RxSqlServerData Start ---"
[1] "analyzeTrackTypeCd=3"
[1] "analyzeJyokenCd=1"
[1] "predictSqlQuery=SELECT * FROM ViewAnalyzeD1115Predict01JockeyType31"
[1] "2022-02-21 14:09:51 --- RxSqlServerData Finish ---"
[1] "2022-02-21 14:09:51 --- rxGetVarInfo Start ---"
[1] "2022-02-21 14:09:51 --- rxGetVarInfo Finish---"
[1] "2022-02-21 14:09:51 --- rxImport Start ---"
Rows Read: 3075, Total Rows Processed: 3075, Total Chunk Time: 1.215 seconds 
[1] "2022-02-21 14:09:53 --- rxImport Finish ---"
[1] "object.size(InputDataSet) auto=562.3 Kb"
[1] "--------------------------------------------------------------------------------"
[1] "nrow(InputDataSet) RxSqlServerData=3075"
[1] "--------------------------------------------------------------------------------"
[1] "str(InputDataSet)="
'data.frame':	3075 obs. of  30 variables:
 $ Race.RaceId                      : Factor w/ 260 levels "20210123-10-01-03-05",..: 1 1 1 1 1 1 1 1 1 1 ...
 $ Race.IsPredictedRace             : logi  TRUE TRUE TRUE TRUE TRUE TRUE ...
 $ Race.IsAnalyzeNormalPastAndFuture: logi  TRUE TRUE TRUE TRUE TRUE TRUE ...
 $ Race.IsAnalyzeNormalPast         : logi  FALSE FALSE FALSE FALSE FALSE FALSE ...
 $ Race.IsAnalyzeNormalFuture       : logi  TRUE TRUE TRUE TRUE TRUE TRUE ...
 $ Race.IsAnalyzeFullPastAndFuture  : logi  TRUE TRUE TRUE TRUE TRUE TRUE ...
 $ Race.IsAnalyzeFullPast           : logi  FALSE FALSE FALSE FALSE FALSE FALSE ...
 $ Race.IsAnalyzeFullFuture         : logi  TRUE TRUE TRUE TRUE TRUE TRUE ...
 $ Race.JyokenCd                    : Factor w/ 1 level "1": 1 1 1 1 1 1 1 1 1 1 ...
 $ Race.RaceType1Cd                 : Factor w/ 5 levels "3-1-X","3-1-E",..: 1 1 1 1 1 1 1 1 1 1 ...
 $ RaceHorse.RaceId                 : Factor w/ 260 levels "20210123-10-01-03-05",..: 1 1 1 1 1 1 1 1 1 1 ...
 $ RaceHorse.KettoNum               : Factor w/ 565 levels "2013104030","2016104875",..: 9 1 11 2 4 7 8 5 10 6 ...
 $ RaceHorse.IsValidRaceHorse       : logi  TRUE TRUE TRUE TRUE TRUE FALSE ...
 $ Jockey.KisyuCode                 : Factor w/ 33 levels "01035","01139",..: 9 1 11 2 4 7 8 5 10 6 ...
 $ Jockey.TimeSdvByRaceAvg          : num  0.224 0.118 -0.511 0.365 0.277 ...
 $ Jockey.TimeSdvByRaceMin          : num  -2.1 -2.77 -2.89 -1.91 -2.35 ...
 $ Jockey.TimeSdvByRaceMax          : num  1.76 1.65 1.28 1.77 1.62 ...
 $ Jockey.OrderOfFinishSdvAvg       : num  0.297 0.166 -0.497 0.353 0.225 ...
 $ Jockey.RunCount                  : int  71 72 60 65 70 55 41 79 40 11 ...
 $ Jockey.HitCount1                 : int  10 4 1 14 5 1 1 10 9 0 ...
 $ Jockey.HitCount2                 : int  4 5 1 8 11 1 3 14 2 0 ...
 $ Jockey.HitCount3                 : int  12 9 3 5 6 2 7 6 4 0 ...
 $ Jockey.HitCount4                 : int  6 12 2 8 7 6 2 9 1 0 ...
 $ Jockey.HitCount5                 : int  7 11 4 3 8 8 4 7 7 0 ...
 $ Jockey.HitRate1                  : num  0.1408 0.0556 0.0167 0.2154 0.0714 ...
 $ Jockey.HitRate2                  : num  0.0563 0.0694 0.0167 0.1231 0.1571 ...
 $ Jockey.HitRate3                  : num  0.169 0.125 0.05 0.0769 0.0857 ...
 $ Jockey.HitRate4                  : num  0.0845 0.1667 0.0333 0.1231 0.1 ...
 $ Jockey.HitRate5                  : num  0.0986 0.1528 0.0667 0.0462 0.1143 ...
 $ EOF                              : int  1 1 1 1 1 1 1 1 1 1 ...
[1] "2022-02-21 14:09:53 --- RxSqlServerData Finish ---"
[1] "2022-02-21 14:09:53 --- subset Start ---"
[1] "--------------------------------------------------------------------------------"
[1] "nrow(InputDataSet) subset before=3075"
[1] "nrow(InputDataSet) subset after=3075"
[1] "nrow(InputDataSet) subset diff=0"
[1] "--------------------------------------------------------------------------------"
[1] "class(InputDataSet$Race.IsAnalyzeNormalPast)=logical"
[1] "class(InputDataSet$Race.analyzeTrackTypeCd)=NULL"
[1] "2022-02-21 14:09:53 --- subset Finish ---"
[1] "2022-02-21 14:09:53 --- transform Start ---"
[1] "--------------------------------------------------------------------------------"
[1] "nrow(InputDataSet) transaform before=3075"
[1] "nrow(InputDataSet) transaform after=3075"
[1] "nrow(InputDataSet) transaform diff=0"
[1] "--------------------------------------------------------------------------------"
[1] "str(InputDataSet)="
'data.frame':	3075 obs. of  30 variables:
 $ Race.RaceId                      : Factor w/ 260 levels "20210123-10-01-03-05",..: 1 1 1 1 1 1 1 1 1 1 ...
 $ Race.IsPredictedRace             : logi  TRUE TRUE TRUE TRUE TRUE TRUE ...
 $ Race.IsAnalyzeNormalPastAndFuture: logi  TRUE TRUE TRUE TRUE TRUE TRUE ...
 $ Race.IsAnalyzeNormalPast         : logi  FALSE FALSE FALSE FALSE FALSE FALSE ...
 $ Race.IsAnalyzeNormalFuture       : logi  TRUE TRUE TRUE TRUE TRUE TRUE ...
 $ Race.IsAnalyzeFullPastAndFuture  : logi  TRUE TRUE TRUE TRUE TRUE TRUE ...
 $ Race.IsAnalyzeFullPast           : logi  FALSE FALSE FALSE FALSE FALSE FALSE ...
 $ Race.IsAnalyzeFullFuture         : logi  TRUE TRUE TRUE TRUE TRUE TRUE ...
 $ Race.JyokenCd                    : Factor w/ 1 level "1": 1 1 1 1 1 1 1 1 1 1 ...
 $ Race.RaceType1Cd                 : Factor w/ 5 levels "3-1-X","3-1-E",..: 1 1 1 1 1 1 1 1 1 1 ...
 $ RaceHorse.RaceId                 : Factor w/ 260 levels "20210123-10-01-03-05",..: 1 1 1 1 1 1 1 1 1 1 ...
 $ RaceHorse.KettoNum               : Factor w/ 565 levels "2013104030","2016104875",..: 9 1 11 2 4 7 8 5 10 6 ...
 $ RaceHorse.IsValidRaceHorse       : logi  TRUE TRUE TRUE TRUE TRUE FALSE ...
 $ Jockey.KisyuCode                 : Factor w/ 33 levels "01035","01139",..: 9 1 11 2 4 7 8 5 10 6 ...
 $ Jockey.TimeSdvByRaceAvg          : num  0.224 0.118 -0.511 0.365 0.277 ...
 $ Jockey.TimeSdvByRaceMin          : num  -2.1 -2.77 -2.89 -1.91 -2.35 ...
 $ Jockey.TimeSdvByRaceMax          : num  1.76 1.65 1.28 1.77 1.62 ...
 $ Jockey.OrderOfFinishSdvAvg       : num  0.297 0.166 -0.497 0.353 0.225 ...
 $ Jockey.RunCount                  : int  71 72 60 65 70 55 41 79 40 11 ...
 $ Jockey.HitCount1                 : int  10 4 1 14 5 1 1 10 9 0 ...
 $ Jockey.HitCount2                 : int  4 5 1 8 11 1 3 14 2 0 ...
 $ Jockey.HitCount3                 : int  12 9 3 5 6 2 7 6 4 0 ...
 $ Jockey.HitCount4                 : int  6 12 2 8 7 6 2 9 1 0 ...
 $ Jockey.HitCount5                 : int  7 11 4 3 8 8 4 7 7 0 ...
 $ Jockey.HitRate1                  : num  0.1408 0.0556 0.0167 0.2154 0.0714 ...
 $ Jockey.HitRate2                  : num  0.0563 0.0694 0.0167 0.1231 0.1571 ...
 $ Jockey.HitRate3                  : num  0.169 0.125 0.05 0.0769 0.0857 ...
 $ Jockey.HitRate4                  : num  0.0845 0.1667 0.0333 0.1231 0.1 ...
 $ Jockey.HitRate5                  : num  0.0986 0.1528 0.0667 0.0462 0.1143 ...
 $ EOF                              : int  1 1 1 1 1 1 1 1 1 1 ...
NULL
[1] "2022-02-21 14:09:54 --- transform Finish ---"
[1] "2022-02-21 14:09:54 --- na.omit Start ---"
[1] "--------------------------------------------------------------------------------"
[1] "nrow(InputDataSet) na.omit before=3075"
[1] "nrow(InputDataSet) na.omit after=3075"
[1] "nrow(InputDataSet) na.omit diff=0"
[1] "--------------------------------------------------------------------------------"
[1] "2022-02-21 14:09:54 --- na.omit Finish---"
[1] "2022-02-21 14:09:54 --- New Levels Start ---"
[1] "levels(data$Race.RaceType1Cd)=3-1-X" "levels(data$Race.RaceType1Cd)=3-1-E"
[3] "levels(data$Race.RaceType1Cd)=3-1-F" "levels(data$Race.RaceType1Cd)=3-1-G"
[5] "levels(data$Race.RaceType1Cd)=3-1-H"
[1] "levels(InputDataSet$Race.RaceType1Cd)=3-1-X"
[2] "levels(InputDataSet$Race.RaceType1Cd)=3-1-E"
[3] "levels(InputDataSet$Race.RaceType1Cd)=3-1-G"
[4] "levels(InputDataSet$Race.RaceType1Cd)=3-1-F"
[5] "levels(InputDataSet$Race.RaceType1Cd)=3-1-H"
[1] "length(Race.RaceType1Cd.Index)=0"
[1] "2022-02-21 14:09:54 --- New Levels Finish ---"
[1] "2022-02-21 14:09:54 --- na.omit Start ---"
[1] "--------------------------------------------------------------------------------"
[1] "nrow(InputDataSet) na.omit levels before=3075"
[1] "nrow(InputDataSet) na.omit levels after=3075"
[1] "nrow(InputDataSet) na.omit levels diff=0"
[1] "--------------------------------------------------------------------------------"
[1] "2022-02-21 14:09:54 --- na.omit Finish ---"
[1] "2022-02-21 14:09:54 --- Predict InputDataSet Start ---"
[1] "--------------------------------------------------------------------------------"
[1] "nrow(InputDataSet) predict=3075"
[1] "--------------------------------------------------------------------------------"
[1] "str(InputDataSet)="
'data.frame':	3075 obs. of  30 variables:
 $ Race.RaceId                      : Factor w/ 260 levels "20210123-10-01-03-05",..: 1 1 1 1 1 1 1 1 1 1 ...
 $ Race.IsPredictedRace             : logi  TRUE TRUE TRUE TRUE TRUE TRUE ...
 $ Race.IsAnalyzeNormalPastAndFuture: logi  TRUE TRUE TRUE TRUE TRUE TRUE ...
 $ Race.IsAnalyzeNormalPast         : logi  FALSE FALSE FALSE FALSE FALSE FALSE ...
 $ Race.IsAnalyzeNormalFuture       : logi  TRUE TRUE TRUE TRUE TRUE TRUE ...
 $ Race.IsAnalyzeFullPastAndFuture  : logi  TRUE TRUE TRUE TRUE TRUE TRUE ...
 $ Race.IsAnalyzeFullPast           : logi  FALSE FALSE FALSE FALSE FALSE FALSE ...
 $ Race.IsAnalyzeFullFuture         : logi  TRUE TRUE TRUE TRUE TRUE TRUE ...
 $ Race.JyokenCd                    : Factor w/ 1 level "1": 1 1 1 1 1 1 1 1 1 1 ...
 $ Race.RaceType1Cd                 : Factor w/ 5 levels "3-1-X","3-1-E",..: 1 1 1 1 1 1 1 1 1 1 ...
 $ RaceHorse.RaceId                 : Factor w/ 260 levels "20210123-10-01-03-05",..: 1 1 1 1 1 1 1 1 1 1 ...
 $ RaceHorse.KettoNum               : Factor w/ 565 levels "2013104030","2016104875",..: 9 1 11 2 4 7 8 5 10 6 ...
 $ RaceHorse.IsValidRaceHorse       : logi  TRUE TRUE TRUE TRUE TRUE FALSE ...
 $ Jockey.KisyuCode                 : Factor w/ 33 levels "01035","01139",..: 9 1 11 2 4 7 8 5 10 6 ...
 $ Jockey.TimeSdvByRaceAvg          : num  0.224 0.118 -0.511 0.365 0.277 ...
 $ Jockey.TimeSdvByRaceMin          : num  -2.1 -2.77 -2.89 -1.91 -2.35 ...
 $ Jockey.TimeSdvByRaceMax          : num  1.76 1.65 1.28 1.77 1.62 ...
 $ Jockey.OrderOfFinishSdvAvg       : num  0.297 0.166 -0.497 0.353 0.225 ...
 $ Jockey.RunCount                  : int  71 72 60 65 70 55 41 79 40 11 ...
 $ Jockey.HitCount1                 : int  10 4 1 14 5 1 1 10 9 0 ...
 $ Jockey.HitCount2                 : int  4 5 1 8 11 1 3 14 2 0 ...
 $ Jockey.HitCount3                 : int  12 9 3 5 6 2 7 6 4 0 ...
 $ Jockey.HitCount4                 : int  6 12 2 8 7 6 2 9 1 0 ...
 $ Jockey.HitCount5                 : int  7 11 4 3 8 8 4 7 7 0 ...
 $ Jockey.HitRate1                  : num  0.1408 0.0556 0.0167 0.2154 0.0714 ...
 $ Jockey.HitRate2                  : num  0.0563 0.0694 0.0167 0.1231 0.1571 ...
 $ Jockey.HitRate3                  : num  0.169 0.125 0.05 0.0769 0.0857 ...
 $ Jockey.HitRate4                  : num  0.0845 0.1667 0.0333 0.1231 0.1 ...
 $ Jockey.HitRate5                  : num  0.0986 0.1528 0.0667 0.0462 0.1143 ...
 $ EOF                              : int  1 1 1 1 1 1 1 1 1 1 ...
[1] "2022-02-21 14:09:54 --- Predict InputDataSet Finish ---"
[1] "2022-02-21 14:09:54 --- rxPredict (glm) Start ---"
[1] "analyzeFunc=glm"
Rows Read: 3075, Total Rows Processed: 3075, Total Chunk Time: 0.001 seconds 
[1] "--------------------------------------------------------------------------------"
[1] "nrow(PredictDataSet) afte predict=3075"
[1] "--------------------------------------------------------------------------------"
[1] "str(PredictDataSet)"
'data.frame':	3075 obs. of  1 variable:
 $ RaceHorse.IsHitA_Pred: num  0.106 0.0917 0.043 0.1127 0.098 ...
NULL
[1] "2022-02-21 14:09:54 --- rxPredict (glm) Finish ---"
[1] "2022-02-21 14:09:54 --- add key Start ---"
[1] "--------------------------------------------------------------------------------"
[1] "nrow(OutputDataSet) add KeyColmn=3075"
[1] "--------------------------------------------------------------------------------"
[1] "str(OutputDataSet) after add Key"
'data.frame':	3075 obs. of  2 variables:
 $ RaceHorse.RaceId  : Factor w/ 260 levels "20210123-10-01-03-05",..: 1 1 1 1 1 1 1 1 1 1 ...
 $ RaceHorse.KettoNum: Factor w/ 565 levels "2013104030","2016104875",..: 9 1 11 2 4 7 8 5 10 6 ...
NULL
[1] "2022-02-21 14:09:54 --- add key Finish ---"
[1] "2022-02-21 14:09:54 --- add PredictValue Start ---"
[1] "str(PredictDataSet) before rename="
[1] "colnames(PredictDataSet)=RaceHorse.IsHitA_Pred"
[1] "str(PredictDataSet) after rename="
'data.frame':	3075 obs. of  1 variable:
 $ PredictValue: num  0.106 0.0917 0.043 0.1127 0.098 ...
NULL
[1] "str(OutputDataSet) before cbind="
'data.frame':	3075 obs. of  2 variables:
 $ RaceHorse.RaceId  : Factor w/ 260 levels "20210123-10-01-03-05",..: 1 1 1 1 1 1 1 1 1 1 ...
 $ RaceHorse.KettoNum: Factor w/ 565 levels "2013104030","2016104875",..: 9 1 11 2 4 7 8 5 10 6 ...
NULL
[1] "str(OutputDataSet) after cbind="
'data.frame':	3075 obs. of  3 variables:
 $ RaceHorse.RaceId  : Factor w/ 260 levels "20210123-10-01-03-05",..: 1 1 1 1 1 1 1 1 1 1 ...
 $ RaceHorse.KettoNum: Factor w/ 565 levels "2013104030","2016104875",..: 9 1 11 2 4 7 8 5 10 6 ...
 $ PredictValue      : num  0.106 0.0917 0.043 0.1127 0.098 ...
NULL
[1] "2022-02-21 14:09:54 --- add PredictValue Finish ---"
[1] "2022-02-21 14:09:54 --- final Start ---"
[1] "--------------------------------------------------------------------------------"
[1] "nrow(OutputDataSet) final=3075"
[1] "--------------------------------------------------------------------------------"
[1] "str(OutputDataSet)="
'data.frame':	3075 obs. of  3 variables:
 $ RaceHorse.RaceId  : Factor w/ 260 levels "20210123-10-01-03-05",..: 1 1 1 1 1 1 1 1 1 1 ...
 $ RaceHorse.KettoNum: Factor w/ 565 levels "2013104030","2016104875",..: 9 1 11 2 4 7 8 5 10 6 ...
 $ PredictValue      : num  0.106 0.0917 0.043 0.1127 0.098 ...
NULL
[1] "2022-02-21 14:09:54 --- final Finish ---"
[1] "2022-02-21 14:09:54 --- predict.R Finished ---"
[1] "2022-02-21 14:09:54 --- log Finish ---"
