[1] "2022-02-21 15:21:40 --- D1115_Predict_glm_Gen02_IsHitA_Type16 Start ---"
[1] "2022-02-21 15:21:40 --- Log Start ---"
[1] "2022-02-21 15:21:40 --- predict.R Start ---"
[1] "--------------------------------------------------------------------------------"
[1] "analyzeVersion=D1115"
[1] "analyzeCategory=Predict"
[1] "analyzeType=Gen02"
[1] "analyzeFamily=IsHitA"
[1] "analyzeFunc=glm"
[1] "analyzeTrackTypeCd=1"
[1] "analyzeJyokenCd=6"
[1] "--------------------------------------------------------------------------------"
[1] "2022-02-21 15:21:40 --- source_function.R Start ---"
[1] "2022-02-21 15:21:40 --- source_function.R Finished ---"

> print(paste0(Sys.time(), " --- source_library.R Start ---"))
[1] "2022-02-21 15:21:40 --- source_library.R Start ---"

> require("RevoScaleR")

> print(paste0(Sys.time(), " --- source_library.R Finished ---"))
[1] "2022-02-21 15:21:40 --- source_library.R Finished ---"
[1] "2022-02-21 15:21:40 --- Load Start ---"
[1] "analyzeTrackTypeCd=1"
[1] "analyzeJyokenCd=6"
[1] "loadFilename=RData_Analyze_glm_Gen02_Type16.RData"
[1] "2022-02-21 15:21:40 --- Load Finished ---"
[1] "2022-02-21 15:21:40 --- RxSqlServerData Start ---"
[1] "2022-02-21 15:21:40 --- RxInSqlServer Start ---"
[1] "2022-02-21 15:21:41 --- RxInSqlServer Finish ---"
[1] "2022-02-21 15:21:41 --- rxSetComputeContext Start ---"
[1] "2022-02-21 15:21:41 --- rxSetComputeContext Finish ---"
[1] "2022-02-21 15:21:41 --- RxSqlServerData Start ---"
[1] "analyzeTrackTypeCd=1"
[1] "analyzeJyokenCd=6"
[1] "predictSqlQuery=SELECT * FROM ViewAnalyzeD1115Predict01Gen02Type16"
[1] "2022-02-21 15:21:41 --- RxSqlServerData Finish ---"
[1] "2022-02-21 15:21:41 --- rxGetVarInfo Start ---"
[1] "2022-02-21 15:21:41 --- rxGetVarInfo Finish---"
[1] "2022-02-21 15:21:41 --- rxImport Start ---"
Rows Read: 10440, Total Rows Processed: 10440, Total Chunk Time: 59.621 seconds 
[1] "2022-02-21 15:23:16 --- rxImport Finish ---"
[1] "object.size(InputDataSet) auto=3.2 Mb"
[1] "--------------------------------------------------------------------------------"
[1] "nrow(InputDataSet) RxSqlServerData=10440"
[1] "--------------------------------------------------------------------------------"
[1] "str(InputDataSet)="
'data.frame':	10440 obs. of  39 variables:
 $ Race.RaceId                      : Factor w/ 1208 levels "20161016-05-04-05-04",..: 2 2 2 2 2 2 2 2 2 2 ...
 $ Race.IsPredictedRace             : logi  TRUE TRUE TRUE TRUE TRUE TRUE ...
 $ Race.IsAnalyzeNormalPastAndFuture: logi  TRUE TRUE TRUE TRUE TRUE TRUE ...
 $ Race.IsAnalyzeNormalPast         : logi  TRUE TRUE TRUE TRUE TRUE TRUE ...
 $ Race.IsAnalyzeNormalFuture       : logi  FALSE FALSE FALSE FALSE FALSE FALSE ...
 $ Race.IsAnalyzeFullPastAndFuture  : logi  TRUE TRUE TRUE TRUE TRUE TRUE ...
 $ Race.IsAnalyzeFullPast           : logi  TRUE TRUE TRUE TRUE TRUE TRUE ...
 $ Race.IsAnalyzeFullFuture         : logi  FALSE FALSE FALSE FALSE FALSE FALSE ...
 $ Race.JyokenCd                    : Factor w/ 1 level "6": 1 1 1 1 1 1 1 1 1 1 ...
 $ Race.RaceType1Cd                 : Factor w/ 1 level "1-6-X": 1 1 1 1 1 1 1 1 1 1 ...
 $ RaceHorse.RaceId                 : Factor w/ 1208 levels "20161016-05-04-05-04",..: 2 2 2 2 2 2 2 2 2 2 ...
 $ RaceHorse.KettoNum               : Factor w/ 10420 levels "2014100219","2014100699",..: 11 12 13 14 15 16 17 18 19 20 ...
 $ RaceHorse.IsHit1                 : int  0 0 0 0 0 0 0 0 0 1 ...
 $ RaceHorse.IsHit2                 : int  1 0 0 0 0 0 0 0 0 0 ...
 $ RaceHorse.IsHit3                 : int  0 0 0 0 0 0 0 0 0 0 ...
 $ RaceHorse.IsHit4                 : int  0 0 0 0 0 0 0 0 1 0 ...
 $ RaceHorse.IsHit5                 : int  0 0 0 0 0 0 0 0 0 0 ...
 $ RaceHorse.IsHit6                 : int  0 1 1 1 1 1 1 1 0 0 ...
 $ RaceHorse.IsValidRaceHorse       : logi  TRUE TRUE TRUE TRUE TRUE TRUE ...
 $ RaceHorse.IsHitA                 : int  0 0 0 0 0 0 0 0 0 1 ...
 $ RaceHorse.IsHitB                 : int  1 0 0 0 0 0 0 0 0 1 ...
 $ RaceHorse.IsHitC                 : int  1 0 0 0 0 0 0 0 0 1 ...
 $ Gen02.HansyokuNum                : Factor w/ 5508 levels "12254629","12256028",..: 11 12 13 14 15 16 17 18 19 20 ...
 $ Gen02.TimeSdvByRaceAvg           : num  0.9614 -0.2471 -0.4641 0.6224 0.0129 ...
 $ Gen02.TimeSdvByRaceMin           : num  -0.0313 -2.284 -1.483 0.6224 0.0129 ...
 $ Gen02.TimeSdvByRaceMax           : num  1.5485 0.7435 0.1843 0.6224 0.0129 ...
 $ Gen02.OrderOfFinishSdvAvg        : num  0.735 -0.276 -0.849 0.358 0.131 ...
 $ Gen02.RunCount                   : int  3 5 3 1 1 1 2 1 1 3 ...
 $ Gen02.HitCount1                  : int  2 0 0 0 0 0 0 0 0 1 ...
 $ Gen02.HitCount2                  : int  0 0 0 0 0 0 0 0 0 0 ...
 $ Gen02.HitCount3                  : int  0 0 0 0 0 0 0 1 0 0 ...
 $ Gen02.HitCount4                  : int  0 1 0 0 0 0 0 0 0 0 ...
 $ Gen02.HitCount5                  : int  0 1 0 0 0 0 0 0 0 2 ...
 $ Gen02.HitRate1                   : num  0.667 0 0 0 0 ...
 $ Gen02.HitRate2                   : num  0 0 0 0 0 0 0 0 0 0 ...
 $ Gen02.HitRate3                   : num  0 0 0 0 0 0 0 1 0 0 ...
 $ Gen02.HitRate4                   : num  0 0.2 0 0 0 0 0 0 0 0 ...
 $ Gen02.HitRate5                   : num  0 0.2 0 0 0 ...
 $ EOF                              : int  1 1 1 1 1 1 1 1 1 1 ...
[1] "2022-02-21 15:23:16 --- RxSqlServerData Finish ---"
[1] "2022-02-21 15:23:16 --- subset Start ---"
[1] "--------------------------------------------------------------------------------"
[1] "nrow(InputDataSet) subset before=10440"
[1] "nrow(InputDataSet) subset after=10440"
[1] "nrow(InputDataSet) subset diff=0"
[1] "--------------------------------------------------------------------------------"
[1] "class(InputDataSet$Race.IsAnalyzeNormalPast)=logical"
[1] "class(InputDataSet$Race.analyzeTrackTypeCd)=NULL"
[1] "2022-02-21 15:23:16 --- subset Finish ---"
[1] "2022-02-21 15:23:16 --- transform Start ---"
[1] "--------------------------------------------------------------------------------"
[1] "nrow(InputDataSet) transaform before=10440"
[1] "nrow(InputDataSet) transaform after=10440"
[1] "nrow(InputDataSet) transaform diff=0"
[1] "--------------------------------------------------------------------------------"
[1] "str(InputDataSet)="
'data.frame':	10440 obs. of  39 variables:
 $ Race.RaceId                      : Factor w/ 1208 levels "20161016-05-04-05-04",..: 2 2 2 2 2 2 2 2 2 2 ...
 $ Race.IsPredictedRace             : logi  TRUE TRUE TRUE TRUE TRUE TRUE ...
 $ Race.IsAnalyzeNormalPastAndFuture: logi  TRUE TRUE TRUE TRUE TRUE TRUE ...
 $ Race.IsAnalyzeNormalPast         : logi  TRUE TRUE TRUE TRUE TRUE TRUE ...
 $ Race.IsAnalyzeNormalFuture       : logi  FALSE FALSE FALSE FALSE FALSE FALSE ...
 $ Race.IsAnalyzeFullPastAndFuture  : logi  TRUE TRUE TRUE TRUE TRUE TRUE ...
 $ Race.IsAnalyzeFullPast           : logi  TRUE TRUE TRUE TRUE TRUE TRUE ...
 $ Race.IsAnalyzeFullFuture         : logi  FALSE FALSE FALSE FALSE FALSE FALSE ...
 $ Race.JyokenCd                    : Factor w/ 1 level "6": 1 1 1 1 1 1 1 1 1 1 ...
 $ Race.RaceType1Cd                 : Factor w/ 1 level "1-6-X": 1 1 1 1 1 1 1 1 1 1 ...
 $ RaceHorse.RaceId                 : Factor w/ 1208 levels "20161016-05-04-05-04",..: 2 2 2 2 2 2 2 2 2 2 ...
 $ RaceHorse.KettoNum               : Factor w/ 10420 levels "2014100219","2014100699",..: 11 12 13 14 15 16 17 18 19 20 ...
 $ RaceHorse.IsHit1                 : int  0 0 0 0 0 0 0 0 0 1 ...
 $ RaceHorse.IsHit2                 : int  1 0 0 0 0 0 0 0 0 0 ...
 $ RaceHorse.IsHit3                 : int  0 0 0 0 0 0 0 0 0 0 ...
 $ RaceHorse.IsHit4                 : int  0 0 0 0 0 0 0 0 1 0 ...
 $ RaceHorse.IsHit5                 : int  0 0 0 0 0 0 0 0 0 0 ...
 $ RaceHorse.IsHit6                 : int  0 1 1 1 1 1 1 1 0 0 ...
 $ RaceHorse.IsValidRaceHorse       : logi  TRUE TRUE TRUE TRUE TRUE TRUE ...
 $ RaceHorse.IsHitA                 : int  0 0 0 0 0 0 0 0 0 1 ...
 $ RaceHorse.IsHitB                 : int  1 0 0 0 0 0 0 0 0 1 ...
 $ RaceHorse.IsHitC                 : int  1 0 0 0 0 0 0 0 0 1 ...
 $ Gen02.HansyokuNum                : Factor w/ 5508 levels "12254629","12256028",..: 11 12 13 14 15 16 17 18 19 20 ...
 $ Gen02.TimeSdvByRaceAvg           : num  0.9614 -0.2471 -0.4641 0.6224 0.0129 ...
 $ Gen02.TimeSdvByRaceMin           : num  -0.0313 -2.284 -1.483 0.6224 0.0129 ...
 $ Gen02.TimeSdvByRaceMax           : num  1.5485 0.7435 0.1843 0.6224 0.0129 ...
 $ Gen02.OrderOfFinishSdvAvg        : num  0.735 -0.276 -0.849 0.358 0.131 ...
 $ Gen02.RunCount                   : int  3 5 3 1 1 1 2 1 1 3 ...
 $ Gen02.HitCount1                  : int  2 0 0 0 0 0 0 0 0 1 ...
 $ Gen02.HitCount2                  : int  0 0 0 0 0 0 0 0 0 0 ...
 $ Gen02.HitCount3                  : int  0 0 0 0 0 0 0 1 0 0 ...
 $ Gen02.HitCount4                  : int  0 1 0 0 0 0 0 0 0 0 ...
 $ Gen02.HitCount5                  : int  0 1 0 0 0 0 0 0 0 2 ...
 $ Gen02.HitRate1                   : num  0.667 0 0 0 0 ...
 $ Gen02.HitRate2                   : num  0 0 0 0 0 0 0 0 0 0 ...
 $ Gen02.HitRate3                   : num  0 0 0 0 0 0 0 1 0 0 ...
 $ Gen02.HitRate4                   : num  0 0.2 0 0 0 0 0 0 0 0 ...
 $ Gen02.HitRate5                   : num  0 0.2 0 0 0 ...
 $ EOF                              : int  1 1 1 1 1 1 1 1 1 1 ...
NULL
[1] "2022-02-21 15:23:16 --- transform Finish ---"
[1] "2022-02-21 15:23:16 --- na.omit Start ---"
[1] "--------------------------------------------------------------------------------"
[1] "nrow(InputDataSet) na.omit before=10440"
[1] "nrow(InputDataSet) na.omit after=10440"
[1] "nrow(InputDataSet) na.omit diff=0"
[1] "--------------------------------------------------------------------------------"
[1] "2022-02-21 15:23:16 --- na.omit Finish---"
[1] "2022-02-21 15:23:16 --- New Levels Start ---"
[1] "levels(data$Race.RaceType1Cd)=1-6-X"
[1] "levels(InputDataSet$Race.RaceType1Cd)=1-6-X"
[1] "length(Race.RaceType1Cd.Index)=0"
[1] "2022-02-21 15:23:16 --- New Levels Finish ---"
[1] "2022-02-21 15:23:16 --- na.omit Start ---"
[1] "--------------------------------------------------------------------------------"
[1] "nrow(InputDataSet) na.omit levels before=10440"
[1] "nrow(InputDataSet) na.omit levels after=10440"
[1] "nrow(InputDataSet) na.omit levels diff=0"
[1] "--------------------------------------------------------------------------------"
[1] "2022-02-21 15:23:16 --- na.omit Finish ---"
[1] "2022-02-21 15:23:16 --- Predict InputDataSet Start ---"
[1] "--------------------------------------------------------------------------------"
[1] "nrow(InputDataSet) predict=10440"
[1] "--------------------------------------------------------------------------------"
[1] "str(InputDataSet)="
'data.frame':	10440 obs. of  39 variables:
 $ Race.RaceId                      : Factor w/ 1208 levels "20161016-05-04-05-04",..: 2 2 2 2 2 2 2 2 2 2 ...
 $ Race.IsPredictedRace             : logi  TRUE TRUE TRUE TRUE TRUE TRUE ...
 $ Race.IsAnalyzeNormalPastAndFuture: logi  TRUE TRUE TRUE TRUE TRUE TRUE ...
 $ Race.IsAnalyzeNormalPast         : logi  TRUE TRUE TRUE TRUE TRUE TRUE ...
 $ Race.IsAnalyzeNormalFuture       : logi  FALSE FALSE FALSE FALSE FALSE FALSE ...
 $ Race.IsAnalyzeFullPastAndFuture  : logi  TRUE TRUE TRUE TRUE TRUE TRUE ...
 $ Race.IsAnalyzeFullPast           : logi  TRUE TRUE TRUE TRUE TRUE TRUE ...
 $ Race.IsAnalyzeFullFuture         : logi  FALSE FALSE FALSE FALSE FALSE FALSE ...
 $ Race.JyokenCd                    : Factor w/ 1 level "6": 1 1 1 1 1 1 1 1 1 1 ...
 $ Race.RaceType1Cd                 : Factor w/ 1 level "1-6-X": 1 1 1 1 1 1 1 1 1 1 ...
 $ RaceHorse.RaceId                 : Factor w/ 1208 levels "20161016-05-04-05-04",..: 2 2 2 2 2 2 2 2 2 2 ...
 $ RaceHorse.KettoNum               : Factor w/ 10420 levels "2014100219","2014100699",..: 11 12 13 14 15 16 17 18 19 20 ...
 $ RaceHorse.IsHit1                 : int  0 0 0 0 0 0 0 0 0 1 ...
 $ RaceHorse.IsHit2                 : int  1 0 0 0 0 0 0 0 0 0 ...
 $ RaceHorse.IsHit3                 : int  0 0 0 0 0 0 0 0 0 0 ...
 $ RaceHorse.IsHit4                 : int  0 0 0 0 0 0 0 0 1 0 ...
 $ RaceHorse.IsHit5                 : int  0 0 0 0 0 0 0 0 0 0 ...
 $ RaceHorse.IsHit6                 : int  0 1 1 1 1 1 1 1 0 0 ...
 $ RaceHorse.IsValidRaceHorse       : logi  TRUE TRUE TRUE TRUE TRUE TRUE ...
 $ RaceHorse.IsHitA                 : int  0 0 0 0 0 0 0 0 0 1 ...
 $ RaceHorse.IsHitB                 : int  1 0 0 0 0 0 0 0 0 1 ...
 $ RaceHorse.IsHitC                 : int  1 0 0 0 0 0 0 0 0 1 ...
 $ Gen02.HansyokuNum                : Factor w/ 5508 levels "12254629","12256028",..: 11 12 13 14 15 16 17 18 19 20 ...
 $ Gen02.TimeSdvByRaceAvg           : num  0.9614 -0.2471 -0.4641 0.6224 0.0129 ...
 $ Gen02.TimeSdvByRaceMin           : num  -0.0313 -2.284 -1.483 0.6224 0.0129 ...
 $ Gen02.TimeSdvByRaceMax           : num  1.5485 0.7435 0.1843 0.6224 0.0129 ...
 $ Gen02.OrderOfFinishSdvAvg        : num  0.735 -0.276 -0.849 0.358 0.131 ...
 $ Gen02.RunCount                   : int  3 5 3 1 1 1 2 1 1 3 ...
 $ Gen02.HitCount1                  : int  2 0 0 0 0 0 0 0 0 1 ...
 $ Gen02.HitCount2                  : int  0 0 0 0 0 0 0 0 0 0 ...
 $ Gen02.HitCount3                  : int  0 0 0 0 0 0 0 1 0 0 ...
 $ Gen02.HitCount4                  : int  0 1 0 0 0 0 0 0 0 0 ...
 $ Gen02.HitCount5                  : int  0 1 0 0 0 0 0 0 0 2 ...
 $ Gen02.HitRate1                   : num  0.667 0 0 0 0 ...
 $ Gen02.HitRate2                   : num  0 0 0 0 0 0 0 0 0 0 ...
 $ Gen02.HitRate3                   : num  0 0 0 0 0 0 0 1 0 0 ...
 $ Gen02.HitRate4                   : num  0 0.2 0 0 0 0 0 0 0 0 ...
 $ Gen02.HitRate5                   : num  0 0.2 0 0 0 ...
 $ EOF                              : int  1 1 1 1 1 1 1 1 1 1 ...
[1] "2022-02-21 15:23:16 --- Predict InputDataSet Finish ---"
[1] "2022-02-21 15:23:16 --- rxPredict (glm) Start ---"
[1] "analyzeFunc=glm"
Rows Read: 10440, Total Rows Processed: 10440, Total Chunk Time: Less than .001 seconds 
[1] "--------------------------------------------------------------------------------"
[1] "nrow(PredictDataSet) afte predict=10440"
[1] "--------------------------------------------------------------------------------"
[1] "str(PredictDataSet)"
'data.frame':	10440 obs. of  1 variable:
 $ RaceHorse.IsHitA_Pred: num  0.1008 0.0587 0.0428 0.0827 0.0732 ...
NULL
[1] "2022-02-21 15:23:16 --- rxPredict (glm) Finish ---"
[1] "2022-02-21 15:23:16 --- add key Start ---"
[1] "--------------------------------------------------------------------------------"
[1] "nrow(OutputDataSet) add KeyColmn=10440"
[1] "--------------------------------------------------------------------------------"
[1] "str(OutputDataSet) after add Key"
'data.frame':	10440 obs. of  2 variables:
 $ RaceHorse.RaceId  : Factor w/ 1208 levels "20161016-05-04-05-04",..: 2 2 2 2 2 2 2 2 2 2 ...
 $ RaceHorse.KettoNum: Factor w/ 10420 levels "2014100219","2014100699",..: 11 12 13 14 15 16 17 18 19 20 ...
NULL
[1] "2022-02-21 15:23:16 --- add key Finish ---"
[1] "2022-02-21 15:23:16 --- add PredictValue Start ---"
[1] "str(PredictDataSet) before rename="
[1] "colnames(PredictDataSet)=RaceHorse.IsHitA_Pred"
[1] "str(PredictDataSet) after rename="
'data.frame':	10440 obs. of  1 variable:
 $ PredictValue: num  0.1008 0.0587 0.0428 0.0827 0.0732 ...
NULL
[1] "str(OutputDataSet) before cbind="
'data.frame':	10440 obs. of  2 variables:
 $ RaceHorse.RaceId  : Factor w/ 1208 levels "20161016-05-04-05-04",..: 2 2 2 2 2 2 2 2 2 2 ...
 $ RaceHorse.KettoNum: Factor w/ 10420 levels "2014100219","2014100699",..: 11 12 13 14 15 16 17 18 19 20 ...
NULL
[1] "str(OutputDataSet) after cbind="
'data.frame':	10440 obs. of  3 variables:
 $ RaceHorse.RaceId  : Factor w/ 1208 levels "20161016-05-04-05-04",..: 2 2 2 2 2 2 2 2 2 2 ...
 $ RaceHorse.KettoNum: Factor w/ 10420 levels "2014100219","2014100699",..: 11 12 13 14 15 16 17 18 19 20 ...
 $ PredictValue      : num  0.1008 0.0587 0.0428 0.0827 0.0732 ...
NULL
[1] "2022-02-21 15:23:16 --- add PredictValue Finish ---"
[1] "2022-02-21 15:23:16 --- final Start ---"
[1] "--------------------------------------------------------------------------------"
[1] "nrow(OutputDataSet) final=10440"
[1] "--------------------------------------------------------------------------------"
[1] "str(OutputDataSet)="
'data.frame':	10440 obs. of  3 variables:
 $ RaceHorse.RaceId  : Factor w/ 1208 levels "20161016-05-04-05-04",..: 2 2 2 2 2 2 2 2 2 2 ...
 $ RaceHorse.KettoNum: Factor w/ 10420 levels "2014100219","2014100699",..: 11 12 13 14 15 16 17 18 19 20 ...
 $ PredictValue      : num  0.1008 0.0587 0.0428 0.0827 0.0732 ...
NULL
[1] "2022-02-21 15:23:16 --- final Finish ---"
[1] "2022-02-21 15:23:16 --- predict.R Finished ---"
[1] "2022-02-21 15:23:16 --- log Finish ---"
