[1] "2022-02-23 13:29:35 --- D1115_Predict_glm_Odds_IsHitA_Type23 Start ---"
[1] "2022-02-23 13:29:35 --- Log Start ---"
[1] "2022-02-23 13:29:35 --- predict.R Start ---"
[1] "--------------------------------------------------------------------------------"
[1] "analyzeVersion=D1115"
[1] "analyzeCategory=Predict"
[1] "analyzeType=Odds"
[1] "analyzeFamily=IsHitA"
[1] "analyzeFunc=glm"
[1] "analyzeTrackTypeCd=2"
[1] "analyzeJyokenCd=3"
[1] "--------------------------------------------------------------------------------"
[1] "2022-02-23 13:29:35 --- source_function.R Start ---"
[1] "2022-02-23 13:29:35 --- source_function.R Finished ---"

> print(paste0(Sys.time(), " --- source_library.R Start ---"))
[1] "2022-02-23 13:29:35 --- source_library.R Start ---"

> require("RevoScaleR")

> print(paste0(Sys.time(), " --- source_library.R Finished ---"))
[1] "2022-02-23 13:29:35 --- source_library.R Finished ---"
[1] "2022-02-23 13:29:35 --- Load Start ---"
[1] "analyzeTrackTypeCd=2"
[1] "analyzeJyokenCd=3"
[1] "loadFilename=RData_Analyze_glm_Odds_Type23.RData"
[1] "2022-02-23 13:29:35 --- Load Finished ---"
[1] "2022-02-23 13:29:35 --- RxSqlServerData Start ---"
[1] "2022-02-23 13:29:35 --- RxInSqlServer Start ---"
[1] "2022-02-23 13:29:35 --- RxInSqlServer Finish ---"
[1] "2022-02-23 13:29:35 --- rxSetComputeContext Start ---"
[1] "2022-02-23 13:29:35 --- rxSetComputeContext Finish ---"
[1] "2022-02-23 13:29:35 --- RxSqlServerData Start ---"
[1] "analyzeTrackTypeCd=2"
[1] "analyzeJyokenCd=3"
[1] "predictSqlQuery=SELECT * FROM ViewAnalyzeD1115Predict01OddsType23"
[1] "2022-02-23 13:29:35 --- RxSqlServerData Finish ---"
[1] "2022-02-23 13:29:35 --- rxGetVarInfo Start ---"
[1] "2022-02-23 13:29:35 --- rxGetVarInfo Finish---"
[1] "2022-02-23 13:29:35 --- rxImport Start ---"
Rows Read: 71, Total Rows Processed: 71, Total Chunk Time: 0.192 seconds 
[1] "2022-02-23 13:29:36 --- rxImport Finish ---"
[1] "object.size(InputDataSet) auto=19.2 Kb"
[1] "--------------------------------------------------------------------------------"
[1] "nrow(InputDataSet) RxSqlServerData=71"
[1] "--------------------------------------------------------------------------------"
[1] "str(InputDataSet)="
'data.frame':	71 obs. of  21 variables:
 $ Race.RaceId                      : Factor w/ 5 levels "20220219-05-01-07-08",..: 2 2 1 2 3 1 1 2 4 5 ...
 $ Race.IsPredictedRace             : logi  TRUE TRUE TRUE TRUE TRUE TRUE ...
 $ Race.IsAnalyzeNormalPastAndFuture: logi  TRUE TRUE TRUE TRUE TRUE TRUE ...
 $ Race.IsAnalyzeNormalPast         : logi  FALSE FALSE FALSE FALSE FALSE FALSE ...
 $ Race.IsAnalyzeNormalFuture       : logi  TRUE TRUE TRUE TRUE TRUE TRUE ...
 $ Race.IsAnalyzeFullPastAndFuture  : logi  TRUE TRUE TRUE TRUE TRUE TRUE ...
 $ Race.IsAnalyzeFullPast           : logi  FALSE FALSE FALSE FALSE FALSE FALSE ...
 $ Race.IsAnalyzeFullFuture         : logi  TRUE TRUE TRUE TRUE TRUE TRUE ...
 $ Race.JyokenCd                    : Factor w/ 1 level "3": 1 1 1 1 1 1 1 1 1 1 ...
 $ Race.RaceType1Cd                 : Factor w/ 2 levels "2-3-X","2-3-E": 1 1 1 1 2 1 1 1 2 2 ...
 $ RaceHorse.RaceId                 : Factor w/ 5 levels "20220219-05-01-07-08",..: 2 2 1 2 3 1 1 2 4 5 ...
 $ RaceHorse.KettoNum               : Factor w/ 71 levels "2018104665","2016103082",..: 4 5 1 2 3 11 12 13 14 15 ...
 $ RaceHorse.IsValidRaceHorse       : logi  TRUE TRUE TRUE TRUE TRUE TRUE ...
 $ OddsByWin.Odds1                  : num  11.5 15.2 2.6 204.4 26.1 ...
 $ OddsByWin.Ninki                  : num  3 6 1 14 10 2 4 9 14 6 ...
 $ OddsByWin.OddsLog1               : num  2.53 2.79 1.28 5.32 3.3 ...
 $ OddsByWin.OddsRatio1             : num  0.09524 0.07042 0.625 0.00492 0.03984 ...
 $ OddsByWin.OddsLogit1             : num  -2.442 -2.721 -0.956 -5.32 -3.262 ...
 $ OddsByWin.ApprovalRate1          : num  0.08696 0.06579 0.38462 0.00489 0.03831 ...
 $ OddsByWin.ApprovalRateLog1       : num  0.08338 0.06372 0.32542 0.00488 0.0376 ...
 $ EOF                              : int  1 1 1 1 1 1 1 1 1 1 ...
[1] "2022-02-23 13:29:36 --- RxSqlServerData Finish ---"
[1] "2022-02-23 13:29:36 --- subset Start ---"
[1] "--------------------------------------------------------------------------------"
[1] "nrow(InputDataSet) subset before=71"
[1] "nrow(InputDataSet) subset after=71"
[1] "nrow(InputDataSet) subset diff=0"
[1] "--------------------------------------------------------------------------------"
[1] "class(InputDataSet$Race.IsAnalyzeNormalPast)=logical"
[1] "class(InputDataSet$Race.analyzeTrackTypeCd)=NULL"
[1] "2022-02-23 13:29:36 --- subset Finish ---"
[1] "2022-02-23 13:29:36 --- transform Start ---"
[1] "--------------------------------------------------------------------------------"
[1] "nrow(InputDataSet) transaform before=71"
[1] "nrow(InputDataSet) transaform after=71"
[1] "nrow(InputDataSet) transaform diff=0"
[1] "--------------------------------------------------------------------------------"
[1] "str(InputDataSet)="
'data.frame':	71 obs. of  21 variables:
 $ Race.RaceId                      : Factor w/ 5 levels "20220219-05-01-07-08",..: 2 2 1 2 3 1 1 2 4 5 ...
 $ Race.IsPredictedRace             : logi  TRUE TRUE TRUE TRUE TRUE TRUE ...
 $ Race.IsAnalyzeNormalPastAndFuture: logi  TRUE TRUE TRUE TRUE TRUE TRUE ...
 $ Race.IsAnalyzeNormalPast         : logi  FALSE FALSE FALSE FALSE FALSE FALSE ...
 $ Race.IsAnalyzeNormalFuture       : logi  TRUE TRUE TRUE TRUE TRUE TRUE ...
 $ Race.IsAnalyzeFullPastAndFuture  : logi  TRUE TRUE TRUE TRUE TRUE TRUE ...
 $ Race.IsAnalyzeFullPast           : logi  FALSE FALSE FALSE FALSE FALSE FALSE ...
 $ Race.IsAnalyzeFullFuture         : logi  TRUE TRUE TRUE TRUE TRUE TRUE ...
 $ Race.JyokenCd                    : Factor w/ 1 level "3": 1 1 1 1 1 1 1 1 1 1 ...
 $ Race.RaceType1Cd                 : Factor w/ 2 levels "2-3-X","2-3-E": 1 1 1 1 2 1 1 1 2 2 ...
 $ RaceHorse.RaceId                 : Factor w/ 5 levels "20220219-05-01-07-08",..: 2 2 1 2 3 1 1 2 4 5 ...
 $ RaceHorse.KettoNum               : Factor w/ 71 levels "2018104665","2016103082",..: 4 5 1 2 3 11 12 13 14 15 ...
 $ RaceHorse.IsValidRaceHorse       : logi  TRUE TRUE TRUE TRUE TRUE TRUE ...
 $ OddsByWin.Odds1                  : num  11.5 15.2 2.6 204.4 26.1 ...
 $ OddsByWin.Ninki                  : num  3 6 1 14 10 2 4 9 14 6 ...
 $ OddsByWin.OddsLog1               : num  2.53 2.79 1.28 5.32 3.3 ...
 $ OddsByWin.OddsRatio1             : num  0.09524 0.07042 0.625 0.00492 0.03984 ...
 $ OddsByWin.OddsLogit1             : num  -2.442 -2.721 -0.956 -5.32 -3.262 ...
 $ OddsByWin.ApprovalRate1          : num  0.08696 0.06579 0.38462 0.00489 0.03831 ...
 $ OddsByWin.ApprovalRateLog1       : num  0.08338 0.06372 0.32542 0.00488 0.0376 ...
 $ EOF                              : int  1 1 1 1 1 1 1 1 1 1 ...
NULL
[1] "2022-02-23 13:29:36 --- transform Finish ---"
[1] "2022-02-23 13:29:36 --- na.omit Start ---"
[1] "--------------------------------------------------------------------------------"
[1] "nrow(InputDataSet) na.omit before=71"
[1] "nrow(InputDataSet) na.omit after=71"
[1] "nrow(InputDataSet) na.omit diff=0"
[1] "--------------------------------------------------------------------------------"
[1] "2022-02-23 13:29:36 --- na.omit Finish---"
[1] "2022-02-23 13:29:36 --- New Levels Start ---"
[1] "levels(data$Race.RaceType1Cd)=2-3-X" "levels(data$Race.RaceType1Cd)=2-3-E"
[1] "levels(InputDataSet$Race.RaceType1Cd)=2-3-X"
[2] "levels(InputDataSet$Race.RaceType1Cd)=2-3-E"
[1] "length(Race.RaceType1Cd.Index)=0"
[1] "2022-02-23 13:29:36 --- New Levels Finish ---"
[1] "2022-02-23 13:29:36 --- na.omit Start ---"
[1] "--------------------------------------------------------------------------------"
[1] "nrow(InputDataSet) na.omit levels before=71"
[1] "nrow(InputDataSet) na.omit levels after=71"
[1] "nrow(InputDataSet) na.omit levels diff=0"
[1] "--------------------------------------------------------------------------------"
[1] "2022-02-23 13:29:36 --- na.omit Finish ---"
[1] "2022-02-23 13:29:36 --- Predict InputDataSet Start ---"
[1] "--------------------------------------------------------------------------------"
[1] "nrow(InputDataSet) predict=71"
[1] "--------------------------------------------------------------------------------"
[1] "str(InputDataSet)="
'data.frame':	71 obs. of  21 variables:
 $ Race.RaceId                      : Factor w/ 5 levels "20220219-05-01-07-08",..: 2 2 1 2 3 1 1 2 4 5 ...
 $ Race.IsPredictedRace             : logi  TRUE TRUE TRUE TRUE TRUE TRUE ...
 $ Race.IsAnalyzeNormalPastAndFuture: logi  TRUE TRUE TRUE TRUE TRUE TRUE ...
 $ Race.IsAnalyzeNormalPast         : logi  FALSE FALSE FALSE FALSE FALSE FALSE ...
 $ Race.IsAnalyzeNormalFuture       : logi  TRUE TRUE TRUE TRUE TRUE TRUE ...
 $ Race.IsAnalyzeFullPastAndFuture  : logi  TRUE TRUE TRUE TRUE TRUE TRUE ...
 $ Race.IsAnalyzeFullPast           : logi  FALSE FALSE FALSE FALSE FALSE FALSE ...
 $ Race.IsAnalyzeFullFuture         : logi  TRUE TRUE TRUE TRUE TRUE TRUE ...
 $ Race.JyokenCd                    : Factor w/ 1 level "3": 1 1 1 1 1 1 1 1 1 1 ...
 $ Race.RaceType1Cd                 : Factor w/ 2 levels "2-3-X","2-3-E": 1 1 1 1 2 1 1 1 2 2 ...
 $ RaceHorse.RaceId                 : Factor w/ 5 levels "20220219-05-01-07-08",..: 2 2 1 2 3 1 1 2 4 5 ...
 $ RaceHorse.KettoNum               : Factor w/ 71 levels "2018104665","2016103082",..: 4 5 1 2 3 11 12 13 14 15 ...
 $ RaceHorse.IsValidRaceHorse       : logi  TRUE TRUE TRUE TRUE TRUE TRUE ...
 $ OddsByWin.Odds1                  : num  11.5 15.2 2.6 204.4 26.1 ...
 $ OddsByWin.Ninki                  : num  3 6 1 14 10 2 4 9 14 6 ...
 $ OddsByWin.OddsLog1               : num  2.53 2.79 1.28 5.32 3.3 ...
 $ OddsByWin.OddsRatio1             : num  0.09524 0.07042 0.625 0.00492 0.03984 ...
 $ OddsByWin.OddsLogit1             : num  -2.442 -2.721 -0.956 -5.32 -3.262 ...
 $ OddsByWin.ApprovalRate1          : num  0.08696 0.06579 0.38462 0.00489 0.03831 ...
 $ OddsByWin.ApprovalRateLog1       : num  0.08338 0.06372 0.32542 0.00488 0.0376 ...
 $ EOF                              : int  1 1 1 1 1 1 1 1 1 1 ...
[1] "2022-02-23 13:29:36 --- Predict InputDataSet Finish ---"
[1] "2022-02-23 13:29:36 --- rxPredict (glm) Start ---"
[1] "analyzeFunc=glm"
Rows Read: 71, Total Rows Processed: 71, Total Chunk Time: Less than .001 seconds 
[1] "--------------------------------------------------------------------------------"
[1] "nrow(PredictDataSet) afte predict=71"
[1] "--------------------------------------------------------------------------------"
[1] "str(PredictDataSet)"
'data.frame':	71 obs. of  1 variable:
 $ RaceHorse.IsHitA_Pred: num  0.07121 0.05256 0.30086 0.00271 0.02877 ...
NULL
[1] "2022-02-23 13:29:36 --- rxPredict (glm) Finish ---"
[1] "2022-02-23 13:29:36 --- add key Start ---"
[1] "--------------------------------------------------------------------------------"
[1] "nrow(OutputDataSet) add KeyColmn=71"
[1] "--------------------------------------------------------------------------------"
[1] "str(OutputDataSet) after add Key"
'data.frame':	71 obs. of  2 variables:
 $ RaceHorse.RaceId  : Factor w/ 5 levels "20220219-05-01-07-08",..: 2 2 1 2 3 1 1 2 4 5 ...
 $ RaceHorse.KettoNum: Factor w/ 71 levels "2018104665","2016103082",..: 4 5 1 2 3 11 12 13 14 15 ...
NULL
[1] "2022-02-23 13:29:36 --- add key Finish ---"
[1] "2022-02-23 13:29:36 --- add PredictValue Start ---"
[1] "str(PredictDataSet) before rename="
[1] "colnames(PredictDataSet)=RaceHorse.IsHitA_Pred"
[1] "str(PredictDataSet) after rename="
'data.frame':	71 obs. of  1 variable:
 $ PredictValue: num  0.07121 0.05256 0.30086 0.00271 0.02877 ...
NULL
[1] "str(OutputDataSet) before cbind="
'data.frame':	71 obs. of  2 variables:
 $ RaceHorse.RaceId  : Factor w/ 5 levels "20220219-05-01-07-08",..: 2 2 1 2 3 1 1 2 4 5 ...
 $ RaceHorse.KettoNum: Factor w/ 71 levels "2018104665","2016103082",..: 4 5 1 2 3 11 12 13 14 15 ...
NULL
[1] "str(OutputDataSet) after cbind="
'data.frame':	71 obs. of  3 variables:
 $ RaceHorse.RaceId  : Factor w/ 5 levels "20220219-05-01-07-08",..: 2 2 1 2 3 1 1 2 4 5 ...
 $ RaceHorse.KettoNum: Factor w/ 71 levels "2018104665","2016103082",..: 4 5 1 2 3 11 12 13 14 15 ...
 $ PredictValue      : num  0.07121 0.05256 0.30086 0.00271 0.02877 ...
NULL
[1] "2022-02-23 13:29:36 --- add PredictValue Finish ---"
[1] "2022-02-23 13:29:36 --- final Start ---"
[1] "--------------------------------------------------------------------------------"
[1] "nrow(OutputDataSet) final=71"
[1] "--------------------------------------------------------------------------------"
[1] "str(OutputDataSet)="
'data.frame':	71 obs. of  3 variables:
 $ RaceHorse.RaceId  : Factor w/ 5 levels "20220219-05-01-07-08",..: 2 2 1 2 3 1 1 2 4 5 ...
 $ RaceHorse.KettoNum: Factor w/ 71 levels "2018104665","2016103082",..: 4 5 1 2 3 11 12 13 14 15 ...
 $ PredictValue      : num  0.07121 0.05256 0.30086 0.00271 0.02877 ...
NULL
[1] "2022-02-23 13:29:36 --- final Finish ---"
[1] "2022-02-23 13:29:36 --- predict.R Finished ---"
[1] "2022-02-23 13:29:36 --- log Finish ---"
