[1] "2022-02-21 14:06:29 --- D1115_Predict_glm_Gen01_IsHitA_Type15 Start ---"
[1] "2022-02-21 14:06:29 --- Log Start ---"
[1] "2022-02-21 14:06:29 --- predict.R Start ---"
[1] "--------------------------------------------------------------------------------"
[1] "analyzeVersion=D1115"
[1] "analyzeCategory=Predict"
[1] "analyzeType=Gen01"
[1] "analyzeFamily=IsHitA"
[1] "analyzeFunc=glm"
[1] "analyzeTrackTypeCd=1"
[1] "analyzeJyokenCd=5"
[1] "--------------------------------------------------------------------------------"
[1] "2022-02-21 14:06:29 --- source_function.R Start ---"
[1] "2022-02-21 14:06:29 --- source_function.R Finished ---"

> print(paste0(Sys.time(), " --- source_library.R Start ---"))
[1] "2022-02-21 14:06:29 --- source_library.R Start ---"

> require("RevoScaleR")

> print(paste0(Sys.time(), " --- source_library.R Finished ---"))
[1] "2022-02-21 14:06:30 --- source_library.R Finished ---"
[1] "2022-02-21 14:06:30 --- Load Start ---"
[1] "analyzeTrackTypeCd=1"
[1] "analyzeJyokenCd=5"
[1] "loadFilename=RData_Analyze_glm_Gen01_Type15.RData"
[1] "2022-02-21 14:06:30 --- Load Finished ---"
[1] "2022-02-21 14:06:30 --- RxSqlServerData Start ---"
[1] "2022-02-21 14:06:30 --- RxInSqlServer Start ---"
[1] "2022-02-21 14:06:30 --- RxInSqlServer Finish ---"
[1] "2022-02-21 14:06:30 --- rxSetComputeContext Start ---"
[1] "2022-02-21 14:06:30 --- rxSetComputeContext Finish ---"
[1] "2022-02-21 14:06:30 --- RxSqlServerData Start ---"
[1] "analyzeTrackTypeCd=1"
[1] "analyzeJyokenCd=5"
[1] "predictSqlQuery=SELECT * FROM ViewAnalyzeD1115Predict01Gen01Type15"
[1] "2022-02-21 14:06:30 --- RxSqlServerData Finish ---"
[1] "2022-02-21 14:06:30 --- rxGetVarInfo Start ---"
[1] "2022-02-21 14:06:30 --- rxGetVarInfo Finish---"
[1] "2022-02-21 14:06:30 --- rxImport Start ---"
Rows Read: 44855, Total Rows Processed: 44855, Total Chunk Time: 429.915 seconds 
[1] "2022-02-21 14:20:40 --- rxImport Finish ---"
[1] "object.size(InputDataSet) auto=9.9 Mb"
[1] "--------------------------------------------------------------------------------"
[1] "nrow(InputDataSet) RxSqlServerData=44855"
[1] "--------------------------------------------------------------------------------"
[1] "str(InputDataSet)="
'data.frame':	44855 obs. of  39 variables:
 $ Race.RaceId                      : Factor w/ 3012 levels "20160723-07-03-07-01",..: 2 2 2 2 2 2 2 2 2 2 ...
 $ Race.IsPredictedRace             : logi  TRUE TRUE TRUE TRUE TRUE TRUE ...
 $ Race.IsAnalyzeNormalPastAndFuture: logi  TRUE TRUE TRUE TRUE TRUE TRUE ...
 $ Race.IsAnalyzeNormalPast         : logi  TRUE TRUE TRUE TRUE TRUE TRUE ...
 $ Race.IsAnalyzeNormalFuture       : logi  FALSE FALSE FALSE FALSE FALSE FALSE ...
 $ Race.IsAnalyzeFullPastAndFuture  : logi  TRUE TRUE TRUE TRUE TRUE TRUE ...
 $ Race.IsAnalyzeFullPast           : logi  TRUE TRUE TRUE TRUE TRUE TRUE ...
 $ Race.IsAnalyzeFullFuture         : logi  FALSE FALSE FALSE FALSE FALSE FALSE ...
 $ Race.JyokenCd                    : Factor w/ 1 level "5": 1 1 1 1 1 1 1 1 1 1 ...
 $ Race.RaceType1Cd                 : Factor w/ 1 level "1-5-X": 1 1 1 1 1 1 1 1 1 1 ...
 $ RaceHorse.RaceId                 : Factor w/ 3012 levels "20160723-07-03-07-01",..: 2 2 2 2 2 2 2 2 2 2 ...
 $ RaceHorse.KettoNum               : Factor w/ 16766 levels "2014100160","2014100508",..: 11 12 13 14 15 16 17 18 19 20 ...
 $ RaceHorse.IsHit1                 : int  0 0 0 0 0 0 0 0 0 0 ...
 $ RaceHorse.IsHit2                 : int  0 0 0 0 0 0 0 0 0 0 ...
 $ RaceHorse.IsHit3                 : int  0 0 0 1 0 0 0 0 0 0 ...
 $ RaceHorse.IsHit4                 : int  0 0 0 0 0 0 0 0 0 0 ...
 $ RaceHorse.IsHit5                 : int  0 0 0 0 0 0 0 0 0 0 ...
 $ RaceHorse.IsHit6                 : int  1 1 1 0 1 1 1 1 1 1 ...
 $ RaceHorse.IsValidRaceHorse       : logi  TRUE TRUE TRUE TRUE TRUE TRUE ...
 $ RaceHorse.IsHitA                 : int  0 0 0 0 0 0 0 0 0 0 ...
 $ RaceHorse.IsHitB                 : int  0 0 0 0 0 0 0 0 0 0 ...
 $ RaceHorse.IsHitC                 : int  0 0 0 1 0 0 0 0 0 0 ...
 $ Gen01.HansyokuNum                : Factor w/ 473 levels "11202253","11201964",..: 10 11 12 13 13 13 2 14 15 16 ...
 $ Gen01.TimeSdvByRaceAvg           : num  -0.2547 -0.1491 -0.224 -0.0487 -0.0487 ...
 $ Gen01.TimeSdvByRaceMin           : num  -2.8 -2.76 -2.75 -2.91 -2.91 ...
 $ Gen01.TimeSdvByRaceMax           : num  2.24 2.35 1.82 2.64 2.64 ...
 $ Gen01.OrderOfFinishSdvAvg        : num  -0.356 -0.283 -0.306 -0.112 -0.112 ...
 $ Gen01.RunCount                   : int  158 202 115 343 343 343 219 244 117 95 ...
 $ Gen01.HitCount1                  : int  22 35 21 85 85 85 35 50 21 12 ...
 $ Gen01.HitCount2                  : int  1 0 0 3 3 3 2 4 1 0 ...
 $ Gen01.HitCount3                  : int  1 0 1 4 4 4 6 5 2 0 ...
 $ Gen01.HitCount4                  : int  3 2 2 3 3 3 7 5 2 0 ...
 $ Gen01.HitCount5                  : int  1 8 2 5 5 5 3 7 2 0 ...
 $ Gen01.HitRate1                   : num  0.139 0.173 0.183 0.248 0.248 ...
 $ Gen01.HitRate2                   : num  0.00633 0 0 0.00875 0.00875 ...
 $ Gen01.HitRate3                   : num  0.00633 0 0.0087 0.01166 0.01166 ...
 $ Gen01.HitRate4                   : num  0.01899 0.0099 0.01739 0.00875 0.00875 ...
 $ Gen01.HitRate5                   : num  0.00633 0.0396 0.01739 0.01458 0.01458 ...
 $ EOF                              : int  1 1 1 1 1 1 1 1 1 1 ...
[1] "2022-02-21 14:20:40 --- RxSqlServerData Finish ---"
[1] "2022-02-21 14:20:40 --- subset Start ---"
[1] "--------------------------------------------------------------------------------"
[1] "nrow(InputDataSet) subset before=44855"
[1] "nrow(InputDataSet) subset after=44855"
[1] "nrow(InputDataSet) subset diff=0"
[1] "--------------------------------------------------------------------------------"
[1] "class(InputDataSet$Race.IsAnalyzeNormalPast)=logical"
[1] "class(InputDataSet$Race.analyzeTrackTypeCd)=NULL"
[1] "2022-02-21 14:20:40 --- subset Finish ---"
[1] "2022-02-21 14:20:40 --- transform Start ---"
[1] "--------------------------------------------------------------------------------"
[1] "nrow(InputDataSet) transaform before=44855"
[1] "nrow(InputDataSet) transaform after=44855"
[1] "nrow(InputDataSet) transaform diff=0"
[1] "--------------------------------------------------------------------------------"
[1] "str(InputDataSet)="
'data.frame':	44855 obs. of  39 variables:
 $ Race.RaceId                      : Factor w/ 3012 levels "20160723-07-03-07-01",..: 2 2 2 2 2 2 2 2 2 2 ...
 $ Race.IsPredictedRace             : logi  TRUE TRUE TRUE TRUE TRUE TRUE ...
 $ Race.IsAnalyzeNormalPastAndFuture: logi  TRUE TRUE TRUE TRUE TRUE TRUE ...
 $ Race.IsAnalyzeNormalPast         : logi  TRUE TRUE TRUE TRUE TRUE TRUE ...
 $ Race.IsAnalyzeNormalFuture       : logi  FALSE FALSE FALSE FALSE FALSE FALSE ...
 $ Race.IsAnalyzeFullPastAndFuture  : logi  TRUE TRUE TRUE TRUE TRUE TRUE ...
 $ Race.IsAnalyzeFullPast           : logi  TRUE TRUE TRUE TRUE TRUE TRUE ...
 $ Race.IsAnalyzeFullFuture         : logi  FALSE FALSE FALSE FALSE FALSE FALSE ...
 $ Race.JyokenCd                    : Factor w/ 1 level "5": 1 1 1 1 1 1 1 1 1 1 ...
 $ Race.RaceType1Cd                 : Factor w/ 1 level "1-5-X": 1 1 1 1 1 1 1 1 1 1 ...
 $ RaceHorse.RaceId                 : Factor w/ 3012 levels "20160723-07-03-07-01",..: 2 2 2 2 2 2 2 2 2 2 ...
 $ RaceHorse.KettoNum               : Factor w/ 16766 levels "2014100160","2014100508",..: 11 12 13 14 15 16 17 18 19 20 ...
 $ RaceHorse.IsHit1                 : int  0 0 0 0 0 0 0 0 0 0 ...
 $ RaceHorse.IsHit2                 : int  0 0 0 0 0 0 0 0 0 0 ...
 $ RaceHorse.IsHit3                 : int  0 0 0 1 0 0 0 0 0 0 ...
 $ RaceHorse.IsHit4                 : int  0 0 0 0 0 0 0 0 0 0 ...
 $ RaceHorse.IsHit5                 : int  0 0 0 0 0 0 0 0 0 0 ...
 $ RaceHorse.IsHit6                 : int  1 1 1 0 1 1 1 1 1 1 ...
 $ RaceHorse.IsValidRaceHorse       : logi  TRUE TRUE TRUE TRUE TRUE TRUE ...
 $ RaceHorse.IsHitA                 : int  0 0 0 0 0 0 0 0 0 0 ...
 $ RaceHorse.IsHitB                 : int  0 0 0 0 0 0 0 0 0 0 ...
 $ RaceHorse.IsHitC                 : int  0 0 0 1 0 0 0 0 0 0 ...
 $ Gen01.HansyokuNum                : Factor w/ 473 levels "11202253","11201964",..: 10 11 12 13 13 13 2 14 15 16 ...
 $ Gen01.TimeSdvByRaceAvg           : num  -0.2547 -0.1491 -0.224 -0.0487 -0.0487 ...
 $ Gen01.TimeSdvByRaceMin           : num  -2.8 -2.76 -2.75 -2.91 -2.91 ...
 $ Gen01.TimeSdvByRaceMax           : num  2.24 2.35 1.82 2.64 2.64 ...
 $ Gen01.OrderOfFinishSdvAvg        : num  -0.356 -0.283 -0.306 -0.112 -0.112 ...
 $ Gen01.RunCount                   : int  158 202 115 343 343 343 219 244 117 95 ...
 $ Gen01.HitCount1                  : int  22 35 21 85 85 85 35 50 21 12 ...
 $ Gen01.HitCount2                  : int  1 0 0 3 3 3 2 4 1 0 ...
 $ Gen01.HitCount3                  : int  1 0 1 4 4 4 6 5 2 0 ...
 $ Gen01.HitCount4                  : int  3 2 2 3 3 3 7 5 2 0 ...
 $ Gen01.HitCount5                  : int  1 8 2 5 5 5 3 7 2 0 ...
 $ Gen01.HitRate1                   : num  0.139 0.173 0.183 0.248 0.248 ...
 $ Gen01.HitRate2                   : num  0.00633 0 0 0.00875 0.00875 ...
 $ Gen01.HitRate3                   : num  0.00633 0 0.0087 0.01166 0.01166 ...
 $ Gen01.HitRate4                   : num  0.01899 0.0099 0.01739 0.00875 0.00875 ...
 $ Gen01.HitRate5                   : num  0.00633 0.0396 0.01739 0.01458 0.01458 ...
 $ EOF                              : int  1 1 1 1 1 1 1 1 1 1 ...
NULL
[1] "2022-02-21 14:20:40 --- transform Finish ---"
[1] "2022-02-21 14:20:40 --- na.omit Start ---"
[1] "--------------------------------------------------------------------------------"
[1] "nrow(InputDataSet) na.omit before=44855"
[1] "nrow(InputDataSet) na.omit after=44855"
[1] "nrow(InputDataSet) na.omit diff=0"
[1] "--------------------------------------------------------------------------------"
[1] "2022-02-21 14:20:40 --- na.omit Finish---"
[1] "2022-02-21 14:20:40 --- New Levels Start ---"
[1] "levels(data$Race.RaceType1Cd)=1-5-X"
[1] "levels(InputDataSet$Race.RaceType1Cd)=1-5-X"
[1] "length(Race.RaceType1Cd.Index)=0"
[1] "2022-02-21 14:20:40 --- New Levels Finish ---"
[1] "2022-02-21 14:20:40 --- na.omit Start ---"
[1] "--------------------------------------------------------------------------------"
[1] "nrow(InputDataSet) na.omit levels before=44855"
[1] "nrow(InputDataSet) na.omit levels after=44855"
[1] "nrow(InputDataSet) na.omit levels diff=0"
[1] "--------------------------------------------------------------------------------"
[1] "2022-02-21 14:20:40 --- na.omit Finish ---"
[1] "2022-02-21 14:20:40 --- Predict InputDataSet Start ---"
[1] "--------------------------------------------------------------------------------"
[1] "nrow(InputDataSet) predict=44855"
[1] "--------------------------------------------------------------------------------"
[1] "str(InputDataSet)="
'data.frame':	44855 obs. of  39 variables:
 $ Race.RaceId                      : Factor w/ 3012 levels "20160723-07-03-07-01",..: 2 2 2 2 2 2 2 2 2 2 ...
 $ Race.IsPredictedRace             : logi  TRUE TRUE TRUE TRUE TRUE TRUE ...
 $ Race.IsAnalyzeNormalPastAndFuture: logi  TRUE TRUE TRUE TRUE TRUE TRUE ...
 $ Race.IsAnalyzeNormalPast         : logi  TRUE TRUE TRUE TRUE TRUE TRUE ...
 $ Race.IsAnalyzeNormalFuture       : logi  FALSE FALSE FALSE FALSE FALSE FALSE ...
 $ Race.IsAnalyzeFullPastAndFuture  : logi  TRUE TRUE TRUE TRUE TRUE TRUE ...
 $ Race.IsAnalyzeFullPast           : logi  TRUE TRUE TRUE TRUE TRUE TRUE ...
 $ Race.IsAnalyzeFullFuture         : logi  FALSE FALSE FALSE FALSE FALSE FALSE ...
 $ Race.JyokenCd                    : Factor w/ 1 level "5": 1 1 1 1 1 1 1 1 1 1 ...
 $ Race.RaceType1Cd                 : Factor w/ 1 level "1-5-X": 1 1 1 1 1 1 1 1 1 1 ...
 $ RaceHorse.RaceId                 : Factor w/ 3012 levels "20160723-07-03-07-01",..: 2 2 2 2 2 2 2 2 2 2 ...
 $ RaceHorse.KettoNum               : Factor w/ 16766 levels "2014100160","2014100508",..: 11 12 13 14 15 16 17 18 19 20 ...
 $ RaceHorse.IsHit1                 : int  0 0 0 0 0 0 0 0 0 0 ...
 $ RaceHorse.IsHit2                 : int  0 0 0 0 0 0 0 0 0 0 ...
 $ RaceHorse.IsHit3                 : int  0 0 0 1 0 0 0 0 0 0 ...
 $ RaceHorse.IsHit4                 : int  0 0 0 0 0 0 0 0 0 0 ...
 $ RaceHorse.IsHit5                 : int  0 0 0 0 0 0 0 0 0 0 ...
 $ RaceHorse.IsHit6                 : int  1 1 1 0 1 1 1 1 1 1 ...
 $ RaceHorse.IsValidRaceHorse       : logi  TRUE TRUE TRUE TRUE TRUE TRUE ...
 $ RaceHorse.IsHitA                 : int  0 0 0 0 0 0 0 0 0 0 ...
 $ RaceHorse.IsHitB                 : int  0 0 0 0 0 0 0 0 0 0 ...
 $ RaceHorse.IsHitC                 : int  0 0 0 1 0 0 0 0 0 0 ...
 $ Gen01.HansyokuNum                : Factor w/ 473 levels "11202253","11201964",..: 10 11 12 13 13 13 2 14 15 16 ...
 $ Gen01.TimeSdvByRaceAvg           : num  -0.2547 -0.1491 -0.224 -0.0487 -0.0487 ...
 $ Gen01.TimeSdvByRaceMin           : num  -2.8 -2.76 -2.75 -2.91 -2.91 ...
 $ Gen01.TimeSdvByRaceMax           : num  2.24 2.35 1.82 2.64 2.64 ...
 $ Gen01.OrderOfFinishSdvAvg        : num  -0.356 -0.283 -0.306 -0.112 -0.112 ...
 $ Gen01.RunCount                   : int  158 202 115 343 343 343 219 244 117 95 ...
 $ Gen01.HitCount1                  : int  22 35 21 85 85 85 35 50 21 12 ...
 $ Gen01.HitCount2                  : int  1 0 0 3 3 3 2 4 1 0 ...
 $ Gen01.HitCount3                  : int  1 0 1 4 4 4 6 5 2 0 ...
 $ Gen01.HitCount4                  : int  3 2 2 3 3 3 7 5 2 0 ...
 $ Gen01.HitCount5                  : int  1 8 2 5 5 5 3 7 2 0 ...
 $ Gen01.HitRate1                   : num  0.139 0.173 0.183 0.248 0.248 ...
 $ Gen01.HitRate2                   : num  0.00633 0 0 0.00875 0.00875 ...
 $ Gen01.HitRate3                   : num  0.00633 0 0.0087 0.01166 0.01166 ...
 $ Gen01.HitRate4                   : num  0.01899 0.0099 0.01739 0.00875 0.00875 ...
 $ Gen01.HitRate5                   : num  0.00633 0.0396 0.01739 0.01458 0.01458 ...
 $ EOF                              : int  1 1 1 1 1 1 1 1 1 1 ...
[1] "2022-02-21 14:20:40 --- Predict InputDataSet Finish ---"
[1] "2022-02-21 14:20:40 --- rxPredict (glm) Start ---"
[1] "analyzeFunc=glm"
Rows Read: 44855, Total Rows Processed: 44855, Total Chunk Time: Less than .001 seconds 
[1] "--------------------------------------------------------------------------------"
[1] "nrow(PredictDataSet) afte predict=44855"
[1] "--------------------------------------------------------------------------------"
[1] "str(PredictDataSet)"
'data.frame':	44855 obs. of  1 variable:
 $ RaceHorse.IsHitA_Pred: num  0.0486 0.0525 0.0513 0.0628 0.0628 ...
NULL
[1] "2022-02-21 14:20:40 --- rxPredict (glm) Finish ---"
[1] "2022-02-21 14:20:40 --- add key Start ---"
[1] "--------------------------------------------------------------------------------"
[1] "nrow(OutputDataSet) add KeyColmn=44855"
[1] "--------------------------------------------------------------------------------"
[1] "str(OutputDataSet) after add Key"
'data.frame':	44855 obs. of  2 variables:
 $ RaceHorse.RaceId  : Factor w/ 3012 levels "20160723-07-03-07-01",..: 2 2 2 2 2 2 2 2 2 2 ...
 $ RaceHorse.KettoNum: Factor w/ 16766 levels "2014100160","2014100508",..: 11 12 13 14 15 16 17 18 19 20 ...
NULL
[1] "2022-02-21 14:20:40 --- add key Finish ---"
[1] "2022-02-21 14:20:40 --- add PredictValue Start ---"
[1] "str(PredictDataSet) before rename="
[1] "colnames(PredictDataSet)=RaceHorse.IsHitA_Pred"
[1] "str(PredictDataSet) after rename="
'data.frame':	44855 obs. of  1 variable:
 $ PredictValue: num  0.0486 0.0525 0.0513 0.0628 0.0628 ...
NULL
[1] "str(OutputDataSet) before cbind="
'data.frame':	44855 obs. of  2 variables:
 $ RaceHorse.RaceId  : Factor w/ 3012 levels "20160723-07-03-07-01",..: 2 2 2 2 2 2 2 2 2 2 ...
 $ RaceHorse.KettoNum: Factor w/ 16766 levels "2014100160","2014100508",..: 11 12 13 14 15 16 17 18 19 20 ...
NULL
[1] "str(OutputDataSet) after cbind="
'data.frame':	44855 obs. of  3 variables:
 $ RaceHorse.RaceId  : Factor w/ 3012 levels "20160723-07-03-07-01",..: 2 2 2 2 2 2 2 2 2 2 ...
 $ RaceHorse.KettoNum: Factor w/ 16766 levels "2014100160","2014100508",..: 11 12 13 14 15 16 17 18 19 20 ...
 $ PredictValue      : num  0.0486 0.0525 0.0513 0.0628 0.0628 ...
NULL
[1] "2022-02-21 14:20:40 --- add PredictValue Finish ---"
[1] "2022-02-21 14:20:40 --- final Start ---"
[1] "--------------------------------------------------------------------------------"
[1] "nrow(OutputDataSet) final=44855"
[1] "--------------------------------------------------------------------------------"
[1] "str(OutputDataSet)="
'data.frame':	44855 obs. of  3 variables:
 $ RaceHorse.RaceId  : Factor w/ 3012 levels "20160723-07-03-07-01",..: 2 2 2 2 2 2 2 2 2 2 ...
 $ RaceHorse.KettoNum: Factor w/ 16766 levels "2014100160","2014100508",..: 11 12 13 14 15 16 17 18 19 20 ...
 $ PredictValue      : num  0.0486 0.0525 0.0513 0.0628 0.0628 ...
NULL
[1] "2022-02-21 14:20:40 --- final Finish ---"
[1] "2022-02-21 14:20:40 --- predict.R Finished ---"
[1] "2022-02-21 14:20:40 --- log Finish ---"
