[1] "2022-02-23 13:29:54 --- D1115_Predict_glm_RaceHorse_IsHitA_Type11 Start ---"
[1] "2022-02-23 13:29:54 --- Log Start ---"
[1] "2022-02-23 13:29:54 --- predict.R Start ---"
[1] "--------------------------------------------------------------------------------"
[1] "analyzeVersion=D1115"
[1] "analyzeCategory=Predict"
[1] "analyzeType=RaceHorse"
[1] "analyzeFamily=IsHitA"
[1] "analyzeFunc=glm"
[1] "analyzeTrackTypeCd=1"
[1] "analyzeJyokenCd=1"
[1] "--------------------------------------------------------------------------------"
[1] "2022-02-23 13:29:54 --- source_function.R Start ---"
[1] "2022-02-23 13:29:54 --- source_function.R Finished ---"

> print(paste0(Sys.time(), " --- source_library.R Start ---"))
[1] "2022-02-23 13:29:54 --- source_library.R Start ---"

> require("RevoScaleR")

> print(paste0(Sys.time(), " --- source_library.R Finished ---"))
[1] "2022-02-23 13:29:54 --- source_library.R Finished ---"
[1] "2022-02-23 13:29:54 --- Load Start ---"
[1] "analyzeTrackTypeCd=1"
[1] "analyzeJyokenCd=1"
[1] "loadFilename=RData_Analyze_glm_RaceHorse_Type11.RData"
[1] "2022-02-23 13:29:54 --- Load Finished ---"
[1] "2022-02-23 13:29:54 --- RxSqlServerData Start ---"
[1] "2022-02-23 13:29:54 --- RxInSqlServer Start ---"
[1] "2022-02-23 13:29:55 --- RxInSqlServer Finish ---"
[1] "2022-02-23 13:29:55 --- rxSetComputeContext Start ---"
[1] "2022-02-23 13:29:55 --- rxSetComputeContext Finish ---"
[1] "2022-02-23 13:29:55 --- RxSqlServerData Start ---"
[1] "analyzeTrackTypeCd=1"
[1] "analyzeJyokenCd=1"
[1] "predictSqlQuery=SELECT * FROM ViewAnalyzeD1115Predict01RaceHorseType11"
[1] "2022-02-23 13:29:55 --- RxSqlServerData Finish ---"
[1] "2022-02-23 13:29:55 --- rxGetVarInfo Start ---"
[1] "2022-02-23 13:29:55 --- rxGetVarInfo Finish---"
[1] "2022-02-23 13:29:55 --- rxImport Start ---"
Rows Read: 48, Total Rows Processed: 48, Total Chunk Time: 0.012 seconds 
[1] "2022-02-23 13:29:55 --- rxImport Finish ---"
[1] "object.size(InputDataSet) auto=18.8 Kb"
[1] "--------------------------------------------------------------------------------"
[1] "nrow(InputDataSet) RxSqlServerData=48"
[1] "--------------------------------------------------------------------------------"
[1] "str(InputDataSet)="
'data.frame':	48 obs. of  29 variables:
 $ Race.RaceId                      : Factor w/ 3 levels "20220219-05-01-07-11",..: 1 1 1 1 1 1 1 1 1 1 ...
 $ Race.IsPredictedRace             : logi  TRUE TRUE TRUE TRUE TRUE TRUE ...
 $ Race.IsAnalyzeNormalPastAndFuture: logi  TRUE TRUE TRUE TRUE TRUE TRUE ...
 $ Race.IsAnalyzeNormalPast         : logi  FALSE FALSE FALSE FALSE FALSE FALSE ...
 $ Race.IsAnalyzeNormalFuture       : logi  TRUE TRUE TRUE TRUE TRUE TRUE ...
 $ Race.IsAnalyzeFullPastAndFuture  : logi  TRUE TRUE TRUE TRUE TRUE TRUE ...
 $ Race.IsAnalyzeFullPast           : logi  FALSE FALSE FALSE FALSE FALSE FALSE ...
 $ Race.IsAnalyzeFullFuture         : logi  TRUE TRUE TRUE TRUE TRUE TRUE ...
 $ Race.JyokenCd                    : Factor w/ 1 level "1": 1 1 1 1 1 1 1 1 1 1 ...
 $ Race.RaceType1Cd                 : Factor w/ 1 level "1-1-C": 1 1 1 1 1 1 1 1 1 1 ...
 $ RaceHorse.RaceId                 : Factor w/ 3 levels "20220219-05-01-07-11",..: 1 1 1 1 1 1 1 1 1 1 ...
 $ RaceHorse.KettoNum               : Factor w/ 48 levels "2015104707","2015104713",..: 1 2 3 4 5 6 7 8 9 10 ...
 $ RaceHorse.ZogenSa                : num  12 4 2 6 6 2 -2 -6 -2 -6 ...
 $ RaceHorse.IsHit1                 : num  0 0 0 0 0 0 0 0 0 0 ...
 $ RaceHorse.IsHit2                 : num  0 0 0 0 1 0 0 0 0 0 ...
 $ RaceHorse.IsHit3                 : num  0 0 0 0 0 1 0 0 0 0 ...
 $ RaceHorse.IsHit4                 : num  0 0 0 0 0 0 0 0 0 0 ...
 $ RaceHorse.IsHit5                 : num  0 0 0 0 0 0 0 0 0 0 ...
 $ RaceHorse.IsHit6                 : num  1 1 1 1 0 0 1 1 1 1 ...
 $ RaceHorse.IsValidRaceHorse       : logi  TRUE TRUE TRUE TRUE TRUE TRUE ...
 $ RaceHorse.UmabanSdv              : num  -1.511 -0.863 1.079 0.647 1.295 ...
 $ RaceHorse.BataijyuSdv            : num  -0.944 0.13 0.56 -0.729 0.918 ...
 $ RaceHorse.FutanSdv               : num  -0.531 -1.168 -0.531 0.741 -0.531 ...
 $ RaceHorse.LifetimeSdv            : num  1.186 1.326 0.619 0.689 0.725 ...
 $ RaceHorse.FutanRatioSdv          : num  0.682 -0.755 -0.854 1.103 -1.182 ...
 $ RaceHorse.IsHitA                 : num  0 0 0 0 0 0 0 0 0 0 ...
 $ RaceHorse.IsHitB                 : num  0 0 0 0 1 0 0 0 0 0 ...
 $ RaceHorse.IsHitC                 : num  0 0 0 0 1 1 0 0 0 0 ...
 $ EOF                              : int  1 1 1 1 1 1 1 1 1 1 ...
[1] "2022-02-23 13:29:55 --- RxSqlServerData Finish ---"
[1] "2022-02-23 13:29:55 --- subset Start ---"
[1] "--------------------------------------------------------------------------------"
[1] "nrow(InputDataSet) subset before=48"
[1] "nrow(InputDataSet) subset after=48"
[1] "nrow(InputDataSet) subset diff=0"
[1] "--------------------------------------------------------------------------------"
[1] "class(InputDataSet$Race.IsAnalyzeNormalPast)=logical"
[1] "class(InputDataSet$Race.analyzeTrackTypeCd)=NULL"
[1] "2022-02-23 13:29:55 --- subset Finish ---"
[1] "2022-02-23 13:29:55 --- transform Start ---"
[1] "--------------------------------------------------------------------------------"
[1] "nrow(InputDataSet) transaform before=48"
[1] "nrow(InputDataSet) transaform after=48"
[1] "nrow(InputDataSet) transaform diff=0"
[1] "--------------------------------------------------------------------------------"
[1] "str(InputDataSet)="
'data.frame':	48 obs. of  29 variables:
 $ Race.RaceId                      : Factor w/ 3 levels "20220219-05-01-07-11",..: 1 1 1 1 1 1 1 1 1 1 ...
 $ Race.IsPredictedRace             : logi  TRUE TRUE TRUE TRUE TRUE TRUE ...
 $ Race.IsAnalyzeNormalPastAndFuture: logi  TRUE TRUE TRUE TRUE TRUE TRUE ...
 $ Race.IsAnalyzeNormalPast         : logi  FALSE FALSE FALSE FALSE FALSE FALSE ...
 $ Race.IsAnalyzeNormalFuture       : logi  TRUE TRUE TRUE TRUE TRUE TRUE ...
 $ Race.IsAnalyzeFullPastAndFuture  : logi  TRUE TRUE TRUE TRUE TRUE TRUE ...
 $ Race.IsAnalyzeFullPast           : logi  FALSE FALSE FALSE FALSE FALSE FALSE ...
 $ Race.IsAnalyzeFullFuture         : logi  TRUE TRUE TRUE TRUE TRUE TRUE ...
 $ Race.JyokenCd                    : Factor w/ 1 level "1": 1 1 1 1 1 1 1 1 1 1 ...
 $ Race.RaceType1Cd                 : Factor w/ 1 level "1-1-C": 1 1 1 1 1 1 1 1 1 1 ...
 $ RaceHorse.RaceId                 : Factor w/ 3 levels "20220219-05-01-07-11",..: 1 1 1 1 1 1 1 1 1 1 ...
 $ RaceHorse.KettoNum               : Factor w/ 48 levels "2015104707","2015104713",..: 1 2 3 4 5 6 7 8 9 10 ...
 $ RaceHorse.ZogenSa                : num  12 4 2 6 6 2 -2 -6 -2 -6 ...
 $ RaceHorse.IsHit1                 : num  0 0 0 0 0 0 0 0 0 0 ...
 $ RaceHorse.IsHit2                 : num  0 0 0 0 1 0 0 0 0 0 ...
 $ RaceHorse.IsHit3                 : num  0 0 0 0 0 1 0 0 0 0 ...
 $ RaceHorse.IsHit4                 : num  0 0 0 0 0 0 0 0 0 0 ...
 $ RaceHorse.IsHit5                 : num  0 0 0 0 0 0 0 0 0 0 ...
 $ RaceHorse.IsHit6                 : num  1 1 1 1 0 0 1 1 1 1 ...
 $ RaceHorse.IsValidRaceHorse       : logi  TRUE TRUE TRUE TRUE TRUE TRUE ...
 $ RaceHorse.UmabanSdv              : num  -1.511 -0.863 1.079 0.647 1.295 ...
 $ RaceHorse.BataijyuSdv            : num  -0.944 0.13 0.56 -0.729 0.918 ...
 $ RaceHorse.FutanSdv               : num  -0.531 -1.168 -0.531 0.741 -0.531 ...
 $ RaceHorse.LifetimeSdv            : num  1.186 1.326 0.619 0.689 0.725 ...
 $ RaceHorse.FutanRatioSdv          : num  0.682 -0.755 -0.854 1.103 -1.182 ...
 $ RaceHorse.IsHitA                 : num  0 0 0 0 0 0 0 0 0 0 ...
 $ RaceHorse.IsHitB                 : num  0 0 0 0 1 0 0 0 0 0 ...
 $ RaceHorse.IsHitC                 : num  0 0 0 0 1 1 0 0 0 0 ...
 $ EOF                              : int  1 1 1 1 1 1 1 1 1 1 ...
NULL
[1] "2022-02-23 13:29:55 --- transform Finish ---"
[1] "2022-02-23 13:29:55 --- na.omit Start ---"
[1] "--------------------------------------------------------------------------------"
[1] "nrow(InputDataSet) na.omit before=48"
[1] "nrow(InputDataSet) na.omit after=48"
[1] "nrow(InputDataSet) na.omit diff=0"
[1] "--------------------------------------------------------------------------------"
[1] "2022-02-23 13:29:55 --- na.omit Finish---"
[1] "2022-02-23 13:29:55 --- New Levels Start ---"
[1] "levels(data$Race.RaceType1Cd)=1-1-E" "levels(data$Race.RaceType1Cd)=1-1-C"
[3] "levels(data$Race.RaceType1Cd)=1-1-B" "levels(data$Race.RaceType1Cd)=1-1-A"
[5] "levels(data$Race.RaceType1Cd)=1-1-D" "levels(data$Race.RaceType1Cd)=1-1-L"
[1] "levels(InputDataSet$Race.RaceType1Cd)=1-1-C"
[1] "length(Race.RaceType1Cd.Index)=0"
[1] "2022-02-23 13:29:55 --- New Levels Finish ---"
[1] "2022-02-23 13:29:55 --- na.omit Start ---"
[1] "--------------------------------------------------------------------------------"
[1] "nrow(InputDataSet) na.omit levels before=48"
[1] "nrow(InputDataSet) na.omit levels after=48"
[1] "nrow(InputDataSet) na.omit levels diff=0"
[1] "--------------------------------------------------------------------------------"
[1] "2022-02-23 13:29:55 --- na.omit Finish ---"
[1] "2022-02-23 13:29:55 --- Predict InputDataSet Start ---"
[1] "--------------------------------------------------------------------------------"
[1] "nrow(InputDataSet) predict=48"
[1] "--------------------------------------------------------------------------------"
[1] "str(InputDataSet)="
'data.frame':	48 obs. of  29 variables:
 $ Race.RaceId                      : Factor w/ 3 levels "20220219-05-01-07-11",..: 1 1 1 1 1 1 1 1 1 1 ...
 $ Race.IsPredictedRace             : logi  TRUE TRUE TRUE TRUE TRUE TRUE ...
 $ Race.IsAnalyzeNormalPastAndFuture: logi  TRUE TRUE TRUE TRUE TRUE TRUE ...
 $ Race.IsAnalyzeNormalPast         : logi  FALSE FALSE FALSE FALSE FALSE FALSE ...
 $ Race.IsAnalyzeNormalFuture       : logi  TRUE TRUE TRUE TRUE TRUE TRUE ...
 $ Race.IsAnalyzeFullPastAndFuture  : logi  TRUE TRUE TRUE TRUE TRUE TRUE ...
 $ Race.IsAnalyzeFullPast           : logi  FALSE FALSE FALSE FALSE FALSE FALSE ...
 $ Race.IsAnalyzeFullFuture         : logi  TRUE TRUE TRUE TRUE TRUE TRUE ...
 $ Race.JyokenCd                    : Factor w/ 1 level "1": 1 1 1 1 1 1 1 1 1 1 ...
 $ Race.RaceType1Cd                 : Factor w/ 1 level "1-1-C": 1 1 1 1 1 1 1 1 1 1 ...
 $ RaceHorse.RaceId                 : Factor w/ 3 levels "20220219-05-01-07-11",..: 1 1 1 1 1 1 1 1 1 1 ...
 $ RaceHorse.KettoNum               : Factor w/ 48 levels "2015104707","2015104713",..: 1 2 3 4 5 6 7 8 9 10 ...
 $ RaceHorse.ZogenSa                : num  12 4 2 6 6 2 -2 -6 -2 -6 ...
 $ RaceHorse.IsHit1                 : num  0 0 0 0 0 0 0 0 0 0 ...
 $ RaceHorse.IsHit2                 : num  0 0 0 0 1 0 0 0 0 0 ...
 $ RaceHorse.IsHit3                 : num  0 0 0 0 0 1 0 0 0 0 ...
 $ RaceHorse.IsHit4                 : num  0 0 0 0 0 0 0 0 0 0 ...
 $ RaceHorse.IsHit5                 : num  0 0 0 0 0 0 0 0 0 0 ...
 $ RaceHorse.IsHit6                 : num  1 1 1 1 0 0 1 1 1 1 ...
 $ RaceHorse.IsValidRaceHorse       : logi  TRUE TRUE TRUE TRUE TRUE TRUE ...
 $ RaceHorse.UmabanSdv              : num  -1.511 -0.863 1.079 0.647 1.295 ...
 $ RaceHorse.BataijyuSdv            : num  -0.944 0.13 0.56 -0.729 0.918 ...
 $ RaceHorse.FutanSdv               : num  -0.531 -1.168 -0.531 0.741 -0.531 ...
 $ RaceHorse.LifetimeSdv            : num  1.186 1.326 0.619 0.689 0.725 ...
 $ RaceHorse.FutanRatioSdv          : num  0.682 -0.755 -0.854 1.103 -1.182 ...
 $ RaceHorse.IsHitA                 : num  0 0 0 0 0 0 0 0 0 0 ...
 $ RaceHorse.IsHitB                 : num  0 0 0 0 1 0 0 0 0 0 ...
 $ RaceHorse.IsHitC                 : num  0 0 0 0 1 1 0 0 0 0 ...
 $ EOF                              : int  1 1 1 1 1 1 1 1 1 1 ...
[1] "2022-02-23 13:29:55 --- Predict InputDataSet Finish ---"
[1] "2022-02-23 13:29:55 --- rxPredict (glm) Start ---"
[1] "analyzeFunc=glm"
Rows Read: 48, Total Rows Processed: 48, Total Chunk Time: 0.002 seconds 
[1] "--------------------------------------------------------------------------------"
[1] "nrow(PredictDataSet) afte predict=48"
[1] "--------------------------------------------------------------------------------"
[1] "str(PredictDataSet)"
'data.frame':	48 obs. of  1 variable:
 $ RaceHorse.IsHitA_Pred: num  0.0391 0.039 0.0518 0.0456 0.0547 ...
NULL
[1] "2022-02-23 13:29:55 --- rxPredict (glm) Finish ---"
[1] "2022-02-23 13:29:55 --- add key Start ---"
[1] "--------------------------------------------------------------------------------"
[1] "nrow(OutputDataSet) add KeyColmn=48"
[1] "--------------------------------------------------------------------------------"
[1] "str(OutputDataSet) after add Key"
'data.frame':	48 obs. of  2 variables:
 $ RaceHorse.RaceId  : Factor w/ 3 levels "20220219-05-01-07-11",..: 1 1 1 1 1 1 1 1 1 1 ...
 $ RaceHorse.KettoNum: Factor w/ 48 levels "2015104707","2015104713",..: 1 2 3 4 5 6 7 8 9 10 ...
NULL
[1] "2022-02-23 13:29:55 --- add key Finish ---"
[1] "2022-02-23 13:29:55 --- add PredictValue Start ---"
[1] "str(PredictDataSet) before rename="
[1] "colnames(PredictDataSet)=RaceHorse.IsHitA_Pred"
[1] "str(PredictDataSet) after rename="
'data.frame':	48 obs. of  1 variable:
 $ PredictValue: num  0.0391 0.039 0.0518 0.0456 0.0547 ...
NULL
[1] "str(OutputDataSet) before cbind="
'data.frame':	48 obs. of  2 variables:
 $ RaceHorse.RaceId  : Factor w/ 3 levels "20220219-05-01-07-11",..: 1 1 1 1 1 1 1 1 1 1 ...
 $ RaceHorse.KettoNum: Factor w/ 48 levels "2015104707","2015104713",..: 1 2 3 4 5 6 7 8 9 10 ...
NULL
[1] "str(OutputDataSet) after cbind="
'data.frame':	48 obs. of  3 variables:
 $ RaceHorse.RaceId  : Factor w/ 3 levels "20220219-05-01-07-11",..: 1 1 1 1 1 1 1 1 1 1 ...
 $ RaceHorse.KettoNum: Factor w/ 48 levels "2015104707","2015104713",..: 1 2 3 4 5 6 7 8 9 10 ...
 $ PredictValue      : num  0.0391 0.039 0.0518 0.0456 0.0547 ...
NULL
[1] "2022-02-23 13:29:55 --- add PredictValue Finish ---"
[1] "2022-02-23 13:29:55 --- final Start ---"
[1] "--------------------------------------------------------------------------------"
[1] "nrow(OutputDataSet) final=48"
[1] "--------------------------------------------------------------------------------"
[1] "str(OutputDataSet)="
'data.frame':	48 obs. of  3 variables:
 $ RaceHorse.RaceId  : Factor w/ 3 levels "20220219-05-01-07-11",..: 1 1 1 1 1 1 1 1 1 1 ...
 $ RaceHorse.KettoNum: Factor w/ 48 levels "2015104707","2015104713",..: 1 2 3 4 5 6 7 8 9 10 ...
 $ PredictValue      : num  0.0391 0.039 0.0518 0.0456 0.0547 ...
NULL
[1] "2022-02-23 13:29:55 --- final Finish ---"
[1] "2022-02-23 13:29:55 --- predict.R Finished ---"
[1] "2022-02-23 13:29:55 --- log Finish ---"
