[1] "2022-02-26 09:53:55 --- D1115_Predict_glm_Basic_IsHitA_Type14 Start ---"
[1] "2022-02-26 09:53:55 --- Log Start ---"
[1] "2022-02-26 09:53:55 --- predict.R Start ---"
[1] "--------------------------------------------------------------------------------"
[1] "analyzeVersion=D1115"
[1] "analyzeCategory=Predict"
[1] "analyzeType=Basic"
[1] "analyzeFamily=IsHitA"
[1] "analyzeFunc=glm"
[1] "analyzeTrackTypeCd=1"
[1] "analyzeJyokenCd=4"
[1] "--------------------------------------------------------------------------------"
[1] "2022-02-26 09:53:56 --- source_function.R Start ---"
[1] "2022-02-26 09:53:56 --- source_function.R Finished ---"

> print(paste0(Sys.time(), " --- source_library.R Start ---"))
[1] "2022-02-26 09:53:56 --- source_library.R Start ---"

> require("RevoScaleR")

> print(paste0(Sys.time(), " --- source_library.R Finished ---"))
[1] "2022-02-26 09:53:56 --- source_library.R Finished ---"
[1] "2022-02-26 09:53:56 --- Load Start ---"
[1] "analyzeTrackTypeCd=1"
[1] "analyzeJyokenCd=4"
[1] "loadFilename=RData_Analyze_glm_Basic_Type14.RData"
[1] "2022-02-26 09:53:56 --- Load Finished ---"
[1] "2022-02-26 09:53:56 --- RxSqlServerData Start ---"
[1] "2022-02-26 09:53:56 --- RxInSqlServer Start ---"
[1] "2022-02-26 09:53:56 --- RxInSqlServer Finish ---"
[1] "2022-02-26 09:53:56 --- rxSetComputeContext Start ---"
[1] "2022-02-26 09:53:56 --- rxSetComputeContext Finish ---"
[1] "2022-02-26 09:53:56 --- RxSqlServerData Start ---"
[1] "analyzeTrackTypeCd=1"
[1] "analyzeJyokenCd=4"
[1] "predictSqlQuery=SELECT * FROM ViewAnalyzeD1115Predict01BasicType14"
[1] "2022-02-26 09:53:56 --- RxSqlServerData Finish ---"
[1] "2022-02-26 09:53:56 --- rxGetVarInfo Start ---"
[1] "2022-02-26 09:53:56 --- rxGetVarInfo Finish---"
[1] "2022-02-26 09:53:56 --- rxImport Start ---"
Rows Read: 36681, Total Rows Processed: 36681, Total Chunk Time: 1.742 seconds 
[1] "2022-02-26 09:53:59 --- rxImport Finish ---"
[1] "object.size(InputDataSet) auto=7.2 Mb"
[1] "--------------------------------------------------------------------------------"
[1] "nrow(InputDataSet) RxSqlServerData=36681"
[1] "--------------------------------------------------------------------------------"
[1] "str(InputDataSet)="
'data.frame':	36681 obs. of  29 variables:
 $ Race.RaceId                      : Factor w/ 2714 levels "20160109-06-01-02-06",..: 2 2 2 2 2 2 2 2 2 2 ...
 $ Race.IsPredictedRace             : logi  TRUE TRUE TRUE TRUE TRUE TRUE ...
 $ Race.IsAnalyzeNormalPastAndFuture: logi  TRUE TRUE TRUE TRUE TRUE TRUE ...
 $ Race.IsAnalyzeNormalPast         : logi  TRUE TRUE TRUE TRUE TRUE TRUE ...
 $ Race.IsAnalyzeNormalFuture       : logi  FALSE FALSE FALSE FALSE FALSE FALSE ...
 $ Race.IsAnalyzeFullPastAndFuture  : logi  TRUE TRUE TRUE TRUE TRUE TRUE ...
 $ Race.IsAnalyzeFullPast           : logi  TRUE TRUE TRUE TRUE TRUE TRUE ...
 $ Race.IsAnalyzeFullFuture         : logi  FALSE FALSE FALSE FALSE FALSE FALSE ...
 $ Race.JyokenCd                    : Factor w/ 1 level "4": 1 1 1 1 1 1 1 1 1 1 ...
 $ Race.JyoType1Cd                  : Factor w/ 182 levels "1-06-1200-4-1",..: 2 2 2 2 2 2 2 2 2 2 ...
 $ Race.RaceType1Cd                 : Factor w/ 6 levels "1-4-X-1","1-4-E-1",..: 2 2 2 2 2 2 2 2 2 2 ...
 $ RaceHorse.RaceId                 : Factor w/ 2714 levels "20160109-06-01-02-06",..: 2 2 2 2 2 2 2 2 2 2 ...
 $ RaceHorse.KettoNum               : Factor w/ 8234 levels "2013102061","2013100782",..: 11 12 13 14 15 16 17 18 19 20 ...
 $ RaceHorse.ZogenSa                : num  6 -6 -10 -12 6 -4 -6 8 6 -2 ...
 $ RaceHorse.UmabanSdv              : num  -1.498 -1.284 -1.07 -0.856 -0.642 ...
 $ RaceHorse.BataijyuSdv            : num  -0.0119 1.3356 -0.7605 -0.4611 3.1323 ...
 $ RaceHorse.FutanSdv               : num  -0.849 0.61 0.61 0.61 0.61 ...
 $ RaceHorse.LifetimeSdv            : num  -0.766 -0.906 -0.906 -0.816 -0.904 ...
 $ RaceHorse.FutanRatioSdv          : num  -0.431 -1.12 1.095 0.744 -2.657 ...
 $ DataMining.DmTimeSdv             : num  1.596 -0.254 0.639 0.618 -2.742 ...
 $ DataMiningTaisen.TmScoreSdv      : num  0.159 -1.417 0.539 0.293 -2.088 ...
 $ OddsByWin.Odds1                  : num  6.8 112.4 13.7 32 74.2 ...
 $ OddsByWin.Ninki                  : num  4 16 6 13 14 15 1 17 5 2 ...
 $ OddsByWin.OddsLog1               : num  2.05 4.73 2.69 3.5 4.32 ...
 $ OddsByWin.OddsRatio1             : num  0.17241 0.00898 0.07874 0.03226 0.01366 ...
 $ OddsByWin.OddsLogit1             : num  -1.92 -4.72 -2.62 -3.47 -4.31 ...
 $ OddsByWin.ApprovalRate1          : num  0.1471 0.0089 0.073 0.0312 0.0135 ...
 $ OddsByWin.ApprovalRateLog1       : num  0.1372 0.00886 0.07045 0.03077 0.01339 ...
 $ EOF                              : int  1 1 1 1 1 1 1 1 1 1 ...
[1] "2022-02-26 09:54:00 --- RxSqlServerData Finish ---"
[1] "2022-02-26 09:54:00 --- subset Start ---"
[1] "--------------------------------------------------------------------------------"
[1] "nrow(InputDataSet) subset before=36681"
[1] "nrow(InputDataSet) subset after=36681"
[1] "nrow(InputDataSet) subset diff=0"
[1] "--------------------------------------------------------------------------------"
[1] "class(InputDataSet$Race.IsAnalyzeNormalPast)=logical"
[1] "class(InputDataSet$Race.analyzeTrackTypeCd)=NULL"
[1] "2022-02-26 09:54:00 --- subset Finish ---"
[1] "2022-02-26 09:54:00 --- transform Start ---"
[1] "--------------------------------------------------------------------------------"
[1] "nrow(InputDataSet) transaform before=36681"
[1] "nrow(InputDataSet) transaform after=36681"
[1] "nrow(InputDataSet) transaform diff=0"
[1] "--------------------------------------------------------------------------------"
[1] "str(InputDataSet)="
'data.frame':	36681 obs. of  29 variables:
 $ Race.RaceId                      : Factor w/ 2714 levels "20160109-06-01-02-06",..: 2 2 2 2 2 2 2 2 2 2 ...
 $ Race.IsPredictedRace             : logi  TRUE TRUE TRUE TRUE TRUE TRUE ...
 $ Race.IsAnalyzeNormalPastAndFuture: logi  TRUE TRUE TRUE TRUE TRUE TRUE ...
 $ Race.IsAnalyzeNormalPast         : logi  TRUE TRUE TRUE TRUE TRUE TRUE ...
 $ Race.IsAnalyzeNormalFuture       : logi  FALSE FALSE FALSE FALSE FALSE FALSE ...
 $ Race.IsAnalyzeFullPastAndFuture  : logi  TRUE TRUE TRUE TRUE TRUE TRUE ...
 $ Race.IsAnalyzeFullPast           : logi  TRUE TRUE TRUE TRUE TRUE TRUE ...
 $ Race.IsAnalyzeFullFuture         : logi  FALSE FALSE FALSE FALSE FALSE FALSE ...
 $ Race.JyokenCd                    : Factor w/ 1 level "4": 1 1 1 1 1 1 1 1 1 1 ...
 $ Race.JyoType1Cd                  : Factor w/ 182 levels "1-06-1200-4-1",..: 2 2 2 2 2 2 2 2 2 2 ...
 $ Race.RaceType1Cd                 : Factor w/ 6 levels "1-4-X-1","1-4-E-1",..: 2 2 2 2 2 2 2 2 2 2 ...
 $ RaceHorse.RaceId                 : Factor w/ 2714 levels "20160109-06-01-02-06",..: 2 2 2 2 2 2 2 2 2 2 ...
 $ RaceHorse.KettoNum               : Factor w/ 8234 levels "2013102061","2013100782",..: 11 12 13 14 15 16 17 18 19 20 ...
 $ RaceHorse.ZogenSa                : num  6 -6 -10 -12 6 -4 -6 8 6 -2 ...
 $ RaceHorse.UmabanSdv              : num  -1.498 -1.284 -1.07 -0.856 -0.642 ...
 $ RaceHorse.BataijyuSdv            : num  -0.0119 1.3356 -0.7605 -0.4611 3.1323 ...
 $ RaceHorse.FutanSdv               : num  -0.849 0.61 0.61 0.61 0.61 ...
 $ RaceHorse.LifetimeSdv            : num  -0.766 -0.906 -0.906 -0.816 -0.904 ...
 $ RaceHorse.FutanRatioSdv          : num  -0.431 -1.12 1.095 0.744 -2.657 ...
 $ DataMining.DmTimeSdv             : num  1.596 -0.254 0.639 0.618 -2.742 ...
 $ DataMiningTaisen.TmScoreSdv      : num  0.159 -1.417 0.539 0.293 -2.088 ...
 $ OddsByWin.Odds1                  : num  6.8 112.4 13.7 32 74.2 ...
 $ OddsByWin.Ninki                  : num  4 16 6 13 14 15 1 17 5 2 ...
 $ OddsByWin.OddsLog1               : num  2.05 4.73 2.69 3.5 4.32 ...
 $ OddsByWin.OddsRatio1             : num  0.17241 0.00898 0.07874 0.03226 0.01366 ...
 $ OddsByWin.OddsLogit1             : num  -1.92 -4.72 -2.62 -3.47 -4.31 ...
 $ OddsByWin.ApprovalRate1          : num  0.1471 0.0089 0.073 0.0312 0.0135 ...
 $ OddsByWin.ApprovalRateLog1       : num  0.1372 0.00886 0.07045 0.03077 0.01339 ...
 $ EOF                              : int  1 1 1 1 1 1 1 1 1 1 ...
NULL
[1] "2022-02-26 09:54:00 --- transform Finish ---"
[1] "2022-02-26 09:54:00 --- na.omit Start ---"
[1] "--------------------------------------------------------------------------------"
[1] "nrow(InputDataSet) na.omit before=36681"
[1] "nrow(InputDataSet) na.omit after=36566"
[1] "nrow(InputDataSet) na.omit diff=115"
[1] "--------------------------------------------------------------------------------"
[1] "2022-02-26 09:54:00 --- na.omit Finish---"
[1] "2022-02-26 09:54:00 --- New Levels Start ---"
[1] "levels(data$Race.RaceType1Cd)=1-4-X-2"
[2] "levels(data$Race.RaceType1Cd)=1-4-E-1"
[3] "levels(data$Race.RaceType1Cd)=1-4-X-1"
[4] "levels(data$Race.RaceType1Cd)=1-4-E-2"
[5] "levels(data$Race.RaceType1Cd)=1-4-X-3"
[6] "levels(data$Race.RaceType1Cd)=1-4-E-3"
[1] "levels(InputDataSet$Race.RaceType1Cd)=1-4-X-1"
[2] "levels(InputDataSet$Race.RaceType1Cd)=1-4-E-1"
[3] "levels(InputDataSet$Race.RaceType1Cd)=1-4-E-2"
[4] "levels(InputDataSet$Race.RaceType1Cd)=1-4-X-2"
[5] "levels(InputDataSet$Race.RaceType1Cd)=1-4-X-3"
[6] "levels(InputDataSet$Race.RaceType1Cd)=1-4-E-3"
[1] "length(Race.RaceType1Cd.Index)=0"
[1] "2022-02-26 09:54:00 --- New Levels Finish ---"
[1] "2022-02-26 09:54:00 --- na.omit Start ---"
[1] "--------------------------------------------------------------------------------"
[1] "nrow(InputDataSet) na.omit levels before=36566"
[1] "nrow(InputDataSet) na.omit levels after=36566"
[1] "nrow(InputDataSet) na.omit levels diff=0"
[1] "--------------------------------------------------------------------------------"
[1] "2022-02-26 09:54:00 --- na.omit Finish ---"
[1] "2022-02-26 09:54:01 --- Predict InputDataSet Start ---"
[1] "--------------------------------------------------------------------------------"
[1] "nrow(InputDataSet) predict=36566"
[1] "--------------------------------------------------------------------------------"
[1] "str(InputDataSet)="
'data.frame':	36566 obs. of  29 variables:
 $ Race.RaceId                      : Factor w/ 2714 levels "20160109-06-01-02-06",..: 2 2 2 2 2 2 2 2 2 2 ...
 $ Race.IsPredictedRace             : logi  TRUE TRUE TRUE TRUE TRUE TRUE ...
 $ Race.IsAnalyzeNormalPastAndFuture: logi  TRUE TRUE TRUE TRUE TRUE TRUE ...
 $ Race.IsAnalyzeNormalPast         : logi  TRUE TRUE TRUE TRUE TRUE TRUE ...
 $ Race.IsAnalyzeNormalFuture       : logi  FALSE FALSE FALSE FALSE FALSE FALSE ...
 $ Race.IsAnalyzeFullPastAndFuture  : logi  TRUE TRUE TRUE TRUE TRUE TRUE ...
 $ Race.IsAnalyzeFullPast           : logi  TRUE TRUE TRUE TRUE TRUE TRUE ...
 $ Race.IsAnalyzeFullFuture         : logi  FALSE FALSE FALSE FALSE FALSE FALSE ...
 $ Race.JyokenCd                    : Factor w/ 1 level "4": 1 1 1 1 1 1 1 1 1 1 ...
 $ Race.JyoType1Cd                  : Factor w/ 182 levels "1-06-1200-4-1",..: 2 2 2 2 2 2 2 2 2 2 ...
 $ Race.RaceType1Cd                 : Factor w/ 6 levels "1-4-X-1","1-4-E-1",..: 2 2 2 2 2 2 2 2 2 2 ...
 $ RaceHorse.RaceId                 : Factor w/ 2714 levels "20160109-06-01-02-06",..: 2 2 2 2 2 2 2 2 2 2 ...
 $ RaceHorse.KettoNum               : Factor w/ 8234 levels "2013102061","2013100782",..: 11 12 13 14 15 16 17 18 19 20 ...
 $ RaceHorse.ZogenSa                : num  6 -6 -10 -12 6 -4 -6 8 6 -2 ...
 $ RaceHorse.UmabanSdv              : num  -1.498 -1.284 -1.07 -0.856 -0.642 ...
 $ RaceHorse.BataijyuSdv            : num  -0.0119 1.3356 -0.7605 -0.4611 3.1323 ...
 $ RaceHorse.FutanSdv               : num  -0.849 0.61 0.61 0.61 0.61 ...
 $ RaceHorse.LifetimeSdv            : num  -0.766 -0.906 -0.906 -0.816 -0.904 ...
 $ RaceHorse.FutanRatioSdv          : num  -0.431 -1.12 1.095 0.744 -2.657 ...
 $ DataMining.DmTimeSdv             : num  1.596 -0.254 0.639 0.618 -2.742 ...
 $ DataMiningTaisen.TmScoreSdv      : num  0.159 -1.417 0.539 0.293 -2.088 ...
 $ OddsByWin.Odds1                  : num  6.8 112.4 13.7 32 74.2 ...
 $ OddsByWin.Ninki                  : num  4 16 6 13 14 15 1 17 5 2 ...
 $ OddsByWin.OddsLog1               : num  2.05 4.73 2.69 3.5 4.32 ...
 $ OddsByWin.OddsRatio1             : num  0.17241 0.00898 0.07874 0.03226 0.01366 ...
 $ OddsByWin.OddsLogit1             : num  -1.92 -4.72 -2.62 -3.47 -4.31 ...
 $ OddsByWin.ApprovalRate1          : num  0.1471 0.0089 0.073 0.0312 0.0135 ...
 $ OddsByWin.ApprovalRateLog1       : num  0.1372 0.00886 0.07045 0.03077 0.01339 ...
 $ EOF                              : int  1 1 1 1 1 1 1 1 1 1 ...
 - attr(*, "na.action")= 'omit' Named int  371 1032 1793 2075 3052 3071 3662 4157 4276 4557 ...
  ..- attr(*, "names")= chr  "371" "1032" "1793" "2075" ...
[1] "2022-02-26 09:54:01 --- Predict InputDataSet Finish ---"
[1] "2022-02-26 09:54:01 --- rxPredict (glm) Start ---"
[1] "analyzeFunc=glm"
Rows Read: 36566, Total Rows Processed: 36566, Total Chunk Time: 0.002 seconds 
[1] "--------------------------------------------------------------------------------"
[1] "nrow(PredictDataSet) afte predict=36566"
[1] "--------------------------------------------------------------------------------"
[1] "str(PredictDataSet)"
'data.frame':	36566 obs. of  1 variable:
 $ RaceHorse.IsHitA_Pred: num  0.14892 0.00502 0.0531 0.01937 0.00961 ...
NULL
[1] "2022-02-26 09:54:01 --- rxPredict (glm) Finish ---"
[1] "2022-02-26 09:54:01 --- add key Start ---"
[1] "--------------------------------------------------------------------------------"
[1] "nrow(OutputDataSet) add KeyColmn=36566"
[1] "--------------------------------------------------------------------------------"
[1] "str(OutputDataSet) after add Key"
'data.frame':	36566 obs. of  2 variables:
 $ RaceHorse.RaceId  : Factor w/ 2714 levels "20160109-06-01-02-06",..: 2 2 2 2 2 2 2 2 2 2 ...
 $ RaceHorse.KettoNum: Factor w/ 8234 levels "2013102061","2013100782",..: 11 12 13 14 15 16 17 18 19 20 ...
NULL
[1] "2022-02-26 09:54:01 --- add key Finish ---"
[1] "2022-02-26 09:54:01 --- add PredictValue Start ---"
[1] "str(PredictDataSet) before rename="
[1] "colnames(PredictDataSet)=RaceHorse.IsHitA_Pred"
[1] "str(PredictDataSet) after rename="
'data.frame':	36566 obs. of  1 variable:
 $ PredictValue: num  0.14892 0.00502 0.0531 0.01937 0.00961 ...
NULL
[1] "str(OutputDataSet) before cbind="
'data.frame':	36566 obs. of  2 variables:
 $ RaceHorse.RaceId  : Factor w/ 2714 levels "20160109-06-01-02-06",..: 2 2 2 2 2 2 2 2 2 2 ...
 $ RaceHorse.KettoNum: Factor w/ 8234 levels "2013102061","2013100782",..: 11 12 13 14 15 16 17 18 19 20 ...
NULL
[1] "str(OutputDataSet) after cbind="
'data.frame':	36566 obs. of  3 variables:
 $ RaceHorse.RaceId  : Factor w/ 2714 levels "20160109-06-01-02-06",..: 2 2 2 2 2 2 2 2 2 2 ...
 $ RaceHorse.KettoNum: Factor w/ 8234 levels "2013102061","2013100782",..: 11 12 13 14 15 16 17 18 19 20 ...
 $ PredictValue      : num  0.14892 0.00502 0.0531 0.01937 0.00961 ...
NULL
[1] "2022-02-26 09:54:02 --- add PredictValue Finish ---"
[1] "2022-02-26 09:54:02 --- final Start ---"
[1] "--------------------------------------------------------------------------------"
[1] "nrow(OutputDataSet) final=36566"
[1] "--------------------------------------------------------------------------------"
[1] "str(OutputDataSet)="
'data.frame':	36566 obs. of  3 variables:
 $ RaceHorse.RaceId  : Factor w/ 2714 levels "20160109-06-01-02-06",..: 2 2 2 2 2 2 2 2 2 2 ...
 $ RaceHorse.KettoNum: Factor w/ 8234 levels "2013102061","2013100782",..: 11 12 13 14 15 16 17 18 19 20 ...
 $ PredictValue      : num  0.14892 0.00502 0.0531 0.01937 0.00961 ...
NULL
[1] "2022-02-26 09:54:02 --- final Finish ---"
[1] "2022-02-26 09:54:02 --- predict.R Finished ---"
[1] "2022-02-26 09:54:02 --- log Finish ---"
