[1] "2022-02-26 09:53:43 --- D1115_Predict_glm_Horse_IsHitA_Type11 Start ---"
[1] "2022-02-26 09:53:43 --- Log Start ---"
[1] "2022-02-26 09:53:43 --- predict.R Start ---"
[1] "--------------------------------------------------------------------------------"
[1] "analyzeVersion=D1115"
[1] "analyzeCategory=Predict"
[1] "analyzeType=Horse"
[1] "analyzeFamily=IsHitA"
[1] "analyzeFunc=glm"
[1] "analyzeTrackTypeCd=1"
[1] "analyzeJyokenCd=1"
[1] "--------------------------------------------------------------------------------"
[1] "2022-02-26 09:53:43 --- source_function.R Start ---"
[1] "2022-02-26 09:53:43 --- source_function.R Finished ---"

> print(paste0(Sys.time(), " --- source_library.R Start ---"))
[1] "2022-02-26 09:53:43 --- source_library.R Start ---"

> require("RevoScaleR")

> print(paste0(Sys.time(), " --- source_library.R Finished ---"))
[1] "2022-02-26 09:53:43 --- source_library.R Finished ---"
[1] "2022-02-26 09:53:43 --- Load Start ---"
[1] "analyzeTrackTypeCd=1"
[1] "analyzeJyokenCd=1"
[1] "loadFilename=RData_Analyze_glm_Horse_Type11.RData"
[1] "2022-02-26 09:53:43 --- Load Finished ---"
[1] "2022-02-26 09:53:43 --- RxSqlServerData Start ---"
[1] "2022-02-26 09:53:43 --- RxInSqlServer Start ---"
[1] "2022-02-26 09:53:43 --- RxInSqlServer Finish ---"
[1] "2022-02-26 09:53:43 --- rxSetComputeContext Start ---"
[1] "2022-02-26 09:53:43 --- rxSetComputeContext Finish ---"
[1] "2022-02-26 09:53:43 --- RxSqlServerData Start ---"
[1] "analyzeTrackTypeCd=1"
[1] "analyzeJyokenCd=1"
[1] "predictSqlQuery=SELECT * FROM ViewAnalyzeD1115Predict01HorseType11"
[1] "2022-02-26 09:53:43 --- RxSqlServerData Finish ---"
[1] "2022-02-26 09:53:43 --- rxGetVarInfo Start ---"
[1] "2022-02-26 09:53:44 --- rxGetVarInfo Finish---"
[1] "2022-02-26 09:53:44 --- rxImport Start ---"
Rows Read: 15840, Total Rows Processed: 15840, Total Chunk Time: 0.679 seconds 
[1] "2022-02-26 09:53:47 --- rxImport Finish ---"
[1] "object.size(InputDataSet) auto=3.8 Mb"
[1] "--------------------------------------------------------------------------------"
[1] "nrow(InputDataSet) RxSqlServerData=15840"
[1] "--------------------------------------------------------------------------------"
[1] "str(InputDataSet)="
'data.frame':	15840 obs. of  33 variables:
 $ Race.RaceId                      : Factor w/ 1152 levels "20170430-05-02-04-11",..: 11 12 13 14 15 16 17 18 19 20 ...
 $ Race.IsPredictedRace             : logi  TRUE TRUE TRUE TRUE TRUE TRUE ...
 $ Race.IsAnalyzeNormalPastAndFuture: logi  TRUE TRUE TRUE TRUE TRUE TRUE ...
 $ Race.IsAnalyzeNormalPast         : logi  TRUE TRUE FALSE TRUE TRUE TRUE ...
 $ Race.IsAnalyzeNormalFuture       : logi  FALSE FALSE TRUE FALSE FALSE FALSE ...
 $ Race.IsAnalyzeFullPastAndFuture  : logi  TRUE TRUE TRUE TRUE TRUE TRUE ...
 $ Race.IsAnalyzeFullPast           : logi  TRUE TRUE FALSE TRUE TRUE TRUE ...
 $ Race.IsAnalyzeFullFuture         : logi  FALSE FALSE TRUE FALSE FALSE FALSE ...
 $ Race.JyokenCd                    : Factor w/ 1 level "1": 1 1 1 1 1 1 1 1 1 1 ...
 $ Race.JyoType1Cd                  : Factor w/ 157 levels "1-05-1800-1-1",..: 11 12 13 14 8 15 16 17 18 19 ...
 $ Race.RaceType1Cd                 : Factor w/ 16 levels "1-1-E-2","1-1-B-1",..: 2 5 5 8 7 9 9 3 1 2 ...
 $ RaceHorse.RaceId                 : Factor w/ 1152 levels "20170430-05-02-04-11",..: 11 12 13 14 15 16 17 18 19 20 ...
 $ RaceHorse.KettoNum               : Factor w/ 3611 levels "2014103580","2016106483",..: 5 5 5 6 5 7 8 5 9 5 ...
 $ Horse.KettoNum                   : Factor w/ 3611 levels "2014103580","2016106483",..: 5 5 5 6 5 7 8 5 9 5 ...
 $ Horse.TimeSdvByRaceAvg           : num  0.15 0.068 0.112 0.284 0.554 ...
 $ Horse.TimeSdvByRaceMin           : num  -1.14 -1.14 -1.14 -2.47 -1.06 ...
 $ Horse.TimeSdvByRaceMax           : num  1.41 1.41 1.41 2.38 1.41 ...
 $ Horse.TimeSdvAvg                 : num  0.173 0.176 0.257 -0.199 0.406 ...
 $ Horse.TimeSdvMin                 : num  -0.82 -0.82 -0.82 -0.84 -0.578 ...
 $ Horse.TimeSdvMax                 : num  1.616 1.616 1.616 0.636 1.616 ...
 $ Horse.OrderOfFinishSdvAvg        : num  0.478 0.355 0.245 0.354 1.101 ...
 $ Horse.RunCount                   : num  6 7 10 4 4 3 27 5 4 3 ...
 $ Horse.HitCount1                  : num  3 3 3 2 3 0 4 3 1 3 ...
 $ Horse.HitCount2                  : num  0 0 0 0 0 0 1 0 0 0 ...
 $ Horse.HitCount3                  : num  0 0 0 0 0 0 0 0 1 0 ...
 $ Horse.HitCount4                  : num  0 0 0 0 0 0 1 0 0 0 ...
 $ Horse.HitCount5                  : num  0 0 1 0 0 0 2 0 1 0 ...
 $ Horse.HitRate1                   : num  0.5 0.429 0.3 0.5 0.75 ...
 $ Horse.HitRate2                   : num  0 0 0 0 0 ...
 $ Horse.HitRate3                   : num  0 0 0 0 0 0 0 0 0.25 0 ...
 $ Horse.HitRate4                   : num  0 0 0 0 0 ...
 $ Horse.HitRate5                   : num  0 0 0.1 0 0 ...
 $ EOF                              : int  1 1 1 1 1 1 1 1 1 1 ...
[1] "2022-02-26 09:53:47 --- RxSqlServerData Finish ---"
[1] "2022-02-26 09:53:47 --- subset Start ---"
[1] "--------------------------------------------------------------------------------"
[1] "nrow(InputDataSet) subset before=15840"
[1] "nrow(InputDataSet) subset after=15840"
[1] "nrow(InputDataSet) subset diff=0"
[1] "--------------------------------------------------------------------------------"
[1] "class(InputDataSet$Race.IsAnalyzeNormalPast)=logical"
[1] "class(InputDataSet$Race.analyzeTrackTypeCd)=NULL"
[1] "2022-02-26 09:53:47 --- subset Finish ---"
[1] "2022-02-26 09:53:47 --- transform Start ---"
[1] "--------------------------------------------------------------------------------"
[1] "nrow(InputDataSet) transaform before=15840"
[1] "nrow(InputDataSet) transaform after=15840"
[1] "nrow(InputDataSet) transaform diff=0"
[1] "--------------------------------------------------------------------------------"
[1] "str(InputDataSet)="
'data.frame':	15840 obs. of  33 variables:
 $ Race.RaceId                      : Factor w/ 1152 levels "20170430-05-02-04-11",..: 11 12 13 14 15 16 17 18 19 20 ...
 $ Race.IsPredictedRace             : logi  TRUE TRUE TRUE TRUE TRUE TRUE ...
 $ Race.IsAnalyzeNormalPastAndFuture: logi  TRUE TRUE TRUE TRUE TRUE TRUE ...
 $ Race.IsAnalyzeNormalPast         : logi  TRUE TRUE FALSE TRUE TRUE TRUE ...
 $ Race.IsAnalyzeNormalFuture       : logi  FALSE FALSE TRUE FALSE FALSE FALSE ...
 $ Race.IsAnalyzeFullPastAndFuture  : logi  TRUE TRUE TRUE TRUE TRUE TRUE ...
 $ Race.IsAnalyzeFullPast           : logi  TRUE TRUE FALSE TRUE TRUE TRUE ...
 $ Race.IsAnalyzeFullFuture         : logi  FALSE FALSE TRUE FALSE FALSE FALSE ...
 $ Race.JyokenCd                    : Factor w/ 1 level "1": 1 1 1 1 1 1 1 1 1 1 ...
 $ Race.JyoType1Cd                  : Factor w/ 157 levels "1-05-1800-1-1",..: 11 12 13 14 8 15 16 17 18 19 ...
 $ Race.RaceType1Cd                 : Factor w/ 16 levels "1-1-E-2","1-1-B-1",..: 2 5 5 8 7 9 9 3 1 2 ...
 $ RaceHorse.RaceId                 : Factor w/ 1152 levels "20170430-05-02-04-11",..: 11 12 13 14 15 16 17 18 19 20 ...
 $ RaceHorse.KettoNum               : Factor w/ 3611 levels "2014103580","2016106483",..: 5 5 5 6 5 7 8 5 9 5 ...
 $ Horse.KettoNum                   : Factor w/ 3611 levels "2014103580","2016106483",..: 5 5 5 6 5 7 8 5 9 5 ...
 $ Horse.TimeSdvByRaceAvg           : num  0.15 0.068 0.112 0.284 0.554 ...
 $ Horse.TimeSdvByRaceMin           : num  -1.14 -1.14 -1.14 -2.47 -1.06 ...
 $ Horse.TimeSdvByRaceMax           : num  1.41 1.41 1.41 2.38 1.41 ...
 $ Horse.TimeSdvAvg                 : num  0.173 0.176 0.257 -0.199 0.406 ...
 $ Horse.TimeSdvMin                 : num  -0.82 -0.82 -0.82 -0.84 -0.578 ...
 $ Horse.TimeSdvMax                 : num  1.616 1.616 1.616 0.636 1.616 ...
 $ Horse.OrderOfFinishSdvAvg        : num  0.478 0.355 0.245 0.354 1.101 ...
 $ Horse.RunCount                   : num  6 7 10 4 4 3 27 5 4 3 ...
 $ Horse.HitCount1                  : num  3 3 3 2 3 0 4 3 1 3 ...
 $ Horse.HitCount2                  : num  0 0 0 0 0 0 1 0 0 0 ...
 $ Horse.HitCount3                  : num  0 0 0 0 0 0 0 0 1 0 ...
 $ Horse.HitCount4                  : num  0 0 0 0 0 0 1 0 0 0 ...
 $ Horse.HitCount5                  : num  0 0 1 0 0 0 2 0 1 0 ...
 $ Horse.HitRate1                   : num  0.5 0.429 0.3 0.5 0.75 ...
 $ Horse.HitRate2                   : num  0 0 0 0 0 ...
 $ Horse.HitRate3                   : num  0 0 0 0 0 0 0 0 0.25 0 ...
 $ Horse.HitRate4                   : num  0 0 0 0 0 ...
 $ Horse.HitRate5                   : num  0 0 0.1 0 0 ...
 $ EOF                              : int  1 1 1 1 1 1 1 1 1 1 ...
NULL
[1] "2022-02-26 09:53:47 --- transform Finish ---"
[1] "2022-02-26 09:53:47 --- na.omit Start ---"
[1] "--------------------------------------------------------------------------------"
[1] "nrow(InputDataSet) na.omit before=15840"
[1] "nrow(InputDataSet) na.omit after=15836"
[1] "nrow(InputDataSet) na.omit diff=4"
[1] "--------------------------------------------------------------------------------"
[1] "2022-02-26 09:53:47 --- na.omit Finish---"
[1] "2022-02-26 09:53:47 --- New Levels Start ---"
 [1] "levels(data$Race.RaceType1Cd)=1-1-E-2"
 [2] "levels(data$Race.RaceType1Cd)=1-1-E-3"
 [3] "levels(data$Race.RaceType1Cd)=1-1-E-1"
 [4] "levels(data$Race.RaceType1Cd)=1-1-B-2"
 [5] "levels(data$Race.RaceType1Cd)=1-1-B-1"
 [6] "levels(data$Race.RaceType1Cd)=1-1-B-3"
 [7] "levels(data$Race.RaceType1Cd)=1-1-C-2"
 [8] "levels(data$Race.RaceType1Cd)=1-1-C-1"
 [9] "levels(data$Race.RaceType1Cd)=1-1-A-3"
[10] "levels(data$Race.RaceType1Cd)=1-1-A-2"
[11] "levels(data$Race.RaceType1Cd)=1-1-A-1"
[12] "levels(data$Race.RaceType1Cd)=1-1-C-3"
[13] "levels(data$Race.RaceType1Cd)=1-1-L-1"
[14] "levels(data$Race.RaceType1Cd)=1-1-L-2"
[15] "levels(data$Race.RaceType1Cd)=1-1-D-1"
[16] "levels(data$Race.RaceType1Cd)=1-1-L-3"
 [1] "levels(InputDataSet$Race.RaceType1Cd)=1-1-E-2"
 [2] "levels(InputDataSet$Race.RaceType1Cd)=1-1-B-1"
 [3] "levels(InputDataSet$Race.RaceType1Cd)=1-1-C-1"
 [4] "levels(InputDataSet$Race.RaceType1Cd)=1-1-A-2"
 [5] "levels(InputDataSet$Race.RaceType1Cd)=1-1-L-1"
 [6] "levels(InputDataSet$Race.RaceType1Cd)=1-1-B-2"
 [7] "levels(InputDataSet$Race.RaceType1Cd)=1-1-A-1"
 [8] "levels(InputDataSet$Race.RaceType1Cd)=1-1-C-2"
 [9] "levels(InputDataSet$Race.RaceType1Cd)=1-1-E-1"
[10] "levels(InputDataSet$Race.RaceType1Cd)=1-1-E-3"
[11] "levels(InputDataSet$Race.RaceType1Cd)=1-1-D-1"
[12] "levels(InputDataSet$Race.RaceType1Cd)=1-1-A-3"
[13] "levels(InputDataSet$Race.RaceType1Cd)=1-1-C-3"
[14] "levels(InputDataSet$Race.RaceType1Cd)=1-1-B-3"
[15] "levels(InputDataSet$Race.RaceType1Cd)=1-1-L-3"
[16] "levels(InputDataSet$Race.RaceType1Cd)=1-1-L-2"
[1] "length(Race.RaceType1Cd.Index)=0"
[1] "2022-02-26 09:53:47 --- New Levels Finish ---"
[1] "2022-02-26 09:53:47 --- na.omit Start ---"
[1] "--------------------------------------------------------------------------------"
[1] "nrow(InputDataSet) na.omit levels before=15836"
[1] "nrow(InputDataSet) na.omit levels after=15836"
[1] "nrow(InputDataSet) na.omit levels diff=0"
[1] "--------------------------------------------------------------------------------"
[1] "2022-02-26 09:53:47 --- na.omit Finish ---"
[1] "2022-02-26 09:53:47 --- Predict InputDataSet Start ---"
[1] "--------------------------------------------------------------------------------"
[1] "nrow(InputDataSet) predict=15836"
[1] "--------------------------------------------------------------------------------"
[1] "str(InputDataSet)="
'data.frame':	15836 obs. of  33 variables:
 $ Race.RaceId                      : Factor w/ 1152 levels "20170430-05-02-04-11",..: 11 12 13 14 15 16 17 18 19 20 ...
 $ Race.IsPredictedRace             : logi  TRUE TRUE TRUE TRUE TRUE TRUE ...
 $ Race.IsAnalyzeNormalPastAndFuture: logi  TRUE TRUE TRUE TRUE TRUE TRUE ...
 $ Race.IsAnalyzeNormalPast         : logi  TRUE TRUE FALSE TRUE TRUE TRUE ...
 $ Race.IsAnalyzeNormalFuture       : logi  FALSE FALSE TRUE FALSE FALSE FALSE ...
 $ Race.IsAnalyzeFullPastAndFuture  : logi  TRUE TRUE TRUE TRUE TRUE TRUE ...
 $ Race.IsAnalyzeFullPast           : logi  TRUE TRUE FALSE TRUE TRUE TRUE ...
 $ Race.IsAnalyzeFullFuture         : logi  FALSE FALSE TRUE FALSE FALSE FALSE ...
 $ Race.JyokenCd                    : Factor w/ 1 level "1": 1 1 1 1 1 1 1 1 1 1 ...
 $ Race.JyoType1Cd                  : Factor w/ 157 levels "1-05-1800-1-1",..: 11 12 13 14 8 15 16 17 18 19 ...
 $ Race.RaceType1Cd                 : Factor w/ 16 levels "1-1-E-2","1-1-B-1",..: 2 5 5 8 7 9 9 3 1 2 ...
 $ RaceHorse.RaceId                 : Factor w/ 1152 levels "20170430-05-02-04-11",..: 11 12 13 14 15 16 17 18 19 20 ...
 $ RaceHorse.KettoNum               : Factor w/ 3611 levels "2014103580","2016106483",..: 5 5 5 6 5 7 8 5 9 5 ...
 $ Horse.KettoNum                   : Factor w/ 3611 levels "2014103580","2016106483",..: 5 5 5 6 5 7 8 5 9 5 ...
 $ Horse.TimeSdvByRaceAvg           : num  0.15 0.068 0.112 0.284 0.554 ...
 $ Horse.TimeSdvByRaceMin           : num  -1.14 -1.14 -1.14 -2.47 -1.06 ...
 $ Horse.TimeSdvByRaceMax           : num  1.41 1.41 1.41 2.38 1.41 ...
 $ Horse.TimeSdvAvg                 : num  0.173 0.176 0.257 -0.199 0.406 ...
 $ Horse.TimeSdvMin                 : num  -0.82 -0.82 -0.82 -0.84 -0.578 ...
 $ Horse.TimeSdvMax                 : num  1.616 1.616 1.616 0.636 1.616 ...
 $ Horse.OrderOfFinishSdvAvg        : num  0.478 0.355 0.245 0.354 1.101 ...
 $ Horse.RunCount                   : num  6 7 10 4 4 3 27 5 4 3 ...
 $ Horse.HitCount1                  : num  3 3 3 2 3 0 4 3 1 3 ...
 $ Horse.HitCount2                  : num  0 0 0 0 0 0 1 0 0 0 ...
 $ Horse.HitCount3                  : num  0 0 0 0 0 0 0 0 1 0 ...
 $ Horse.HitCount4                  : num  0 0 0 0 0 0 1 0 0 0 ...
 $ Horse.HitCount5                  : num  0 0 1 0 0 0 2 0 1 0 ...
 $ Horse.HitRate1                   : num  0.5 0.429 0.3 0.5 0.75 ...
 $ Horse.HitRate2                   : num  0 0 0 0 0 ...
 $ Horse.HitRate3                   : num  0 0 0 0 0 0 0 0 0.25 0 ...
 $ Horse.HitRate4                   : num  0 0 0 0 0 ...
 $ Horse.HitRate5                   : num  0 0 0.1 0 0 ...
 $ EOF                              : int  1 1 1 1 1 1 1 1 1 1 ...
 - attr(*, "na.action")= 'omit' Named int  9285 15132 15238 15269
  ..- attr(*, "names")= chr  "9285" "15132" "15238" "15269"
[1] "2022-02-26 09:53:48 --- Predict InputDataSet Finish ---"
[1] "2022-02-26 09:53:48 --- rxPredict (glm) Start ---"
[1] "analyzeFunc=glm"
Rows Read: 15836, Total Rows Processed: 15836, Total Chunk Time: Less than .001 seconds 
[1] "--------------------------------------------------------------------------------"
[1] "nrow(PredictDataSet) afte predict=15836"
[1] "--------------------------------------------------------------------------------"
[1] "str(PredictDataSet)"
'data.frame':	15836 obs. of  1 variable:
 $ RaceHorse.IsHitA_Pred: num  0.0255 0.0223 0.024 0.0317 0.0491 ...
NULL
[1] "2022-02-26 09:53:48 --- rxPredict (glm) Finish ---"
[1] "2022-02-26 09:53:48 --- add key Start ---"
[1] "--------------------------------------------------------------------------------"
[1] "nrow(OutputDataSet) add KeyColmn=15836"
[1] "--------------------------------------------------------------------------------"
[1] "str(OutputDataSet) after add Key"
'data.frame':	15836 obs. of  2 variables:
 $ RaceHorse.RaceId  : Factor w/ 1152 levels "20170430-05-02-04-11",..: 11 12 13 14 15 16 17 18 19 20 ...
 $ RaceHorse.KettoNum: Factor w/ 3611 levels "2014103580","2016106483",..: 5 5 5 6 5 7 8 5 9 5 ...
NULL
[1] "2022-02-26 09:53:48 --- add key Finish ---"
[1] "2022-02-26 09:53:48 --- add PredictValue Start ---"
[1] "str(PredictDataSet) before rename="
[1] "colnames(PredictDataSet)=RaceHorse.IsHitA_Pred"
[1] "str(PredictDataSet) after rename="
'data.frame':	15836 obs. of  1 variable:
 $ PredictValue: num  0.0255 0.0223 0.024 0.0317 0.0491 ...
NULL
[1] "str(OutputDataSet) before cbind="
'data.frame':	15836 obs. of  2 variables:
 $ RaceHorse.RaceId  : Factor w/ 1152 levels "20170430-05-02-04-11",..: 11 12 13 14 15 16 17 18 19 20 ...
 $ RaceHorse.KettoNum: Factor w/ 3611 levels "2014103580","2016106483",..: 5 5 5 6 5 7 8 5 9 5 ...
NULL
[1] "str(OutputDataSet) after cbind="
'data.frame':	15836 obs. of  3 variables:
 $ RaceHorse.RaceId  : Factor w/ 1152 levels "20170430-05-02-04-11",..: 11 12 13 14 15 16 17 18 19 20 ...
 $ RaceHorse.KettoNum: Factor w/ 3611 levels "2014103580","2016106483",..: 5 5 5 6 5 7 8 5 9 5 ...
 $ PredictValue      : num  0.0255 0.0223 0.024 0.0317 0.0491 ...
NULL
[1] "2022-02-26 09:53:48 --- add PredictValue Finish ---"
[1] "2022-02-26 09:53:48 --- final Start ---"
[1] "--------------------------------------------------------------------------------"
[1] "nrow(OutputDataSet) final=15836"
[1] "--------------------------------------------------------------------------------"
[1] "str(OutputDataSet)="
'data.frame':	15836 obs. of  3 variables:
 $ RaceHorse.RaceId  : Factor w/ 1152 levels "20170430-05-02-04-11",..: 11 12 13 14 15 16 17 18 19 20 ...
 $ RaceHorse.KettoNum: Factor w/ 3611 levels "2014103580","2016106483",..: 5 5 5 6 5 7 8 5 9 5 ...
 $ PredictValue      : num  0.0255 0.0223 0.024 0.0317 0.0491 ...
NULL
[1] "2022-02-26 09:53:48 --- final Finish ---"
[1] "2022-02-26 09:53:48 --- predict.R Finished ---"
[1] "2022-02-26 09:53:48 --- log Finish ---"
