[1] "2022-02-26 09:53:36 --- D1115_Predict_glm_Basic_IsHitA_Type11 Start ---"
[1] "2022-02-26 09:53:36 --- Log Start ---"
[1] "2022-02-26 09:53:36 --- predict.R Start ---"
[1] "--------------------------------------------------------------------------------"
[1] "analyzeVersion=D1115"
[1] "analyzeCategory=Predict"
[1] "analyzeType=Basic"
[1] "analyzeFamily=IsHitA"
[1] "analyzeFunc=glm"
[1] "analyzeTrackTypeCd=1"
[1] "analyzeJyokenCd=1"
[1] "--------------------------------------------------------------------------------"
[1] "2022-02-26 09:53:36 --- source_function.R Start ---"
[1] "2022-02-26 09:53:36 --- source_function.R Finished ---"

> print(paste0(Sys.time(), " --- source_library.R Start ---"))
[1] "2022-02-26 09:53:36 --- source_library.R Start ---"

> require("RevoScaleR")

> print(paste0(Sys.time(), " --- source_library.R Finished ---"))
[1] "2022-02-26 09:53:36 --- source_library.R Finished ---"
[1] "2022-02-26 09:53:36 --- Load Start ---"
[1] "analyzeTrackTypeCd=1"
[1] "analyzeJyokenCd=1"
[1] "loadFilename=RData_Analyze_glm_Basic_Type11.RData"
[1] "2022-02-26 09:53:36 --- Load Finished ---"
[1] "2022-02-26 09:53:36 --- RxSqlServerData Start ---"
[1] "2022-02-26 09:53:36 --- RxInSqlServer Start ---"
[1] "2022-02-26 09:53:36 --- RxInSqlServer Finish ---"
[1] "2022-02-26 09:53:36 --- rxSetComputeContext Start ---"
[1] "2022-02-26 09:53:36 --- rxSetComputeContext Finish ---"
[1] "2022-02-26 09:53:36 --- RxSqlServerData Start ---"
[1] "analyzeTrackTypeCd=1"
[1] "analyzeJyokenCd=1"
[1] "predictSqlQuery=SELECT * FROM ViewAnalyzeD1115Predict01BasicType11"
[1] "2022-02-26 09:53:36 --- RxSqlServerData Finish ---"
[1] "2022-02-26 09:53:36 --- rxGetVarInfo Start ---"
[1] "2022-02-26 09:53:37 --- rxGetVarInfo Finish---"
[1] "2022-02-26 09:53:37 --- rxImport Start ---"
Rows Read: 16002, Total Rows Processed: 16002, Total Chunk Time: 0.448 seconds 
[1] "2022-02-26 09:53:38 --- rxImport Finish ---"
[1] "object.size(InputDataSet) auto=3.2 Mb"
[1] "--------------------------------------------------------------------------------"
[1] "nrow(InputDataSet) RxSqlServerData=16002"
[1] "--------------------------------------------------------------------------------"
[1] "str(InputDataSet)="
'data.frame':	16002 obs. of  29 variables:
 $ Race.RaceId                      : Factor w/ 1151 levels "20160110-06-01-03-11",..: 1 1 1 2 2 2 2 2 2 2 ...
 $ Race.IsPredictedRace             : logi  TRUE TRUE TRUE TRUE TRUE TRUE ...
 $ Race.IsAnalyzeNormalPastAndFuture: logi  TRUE TRUE TRUE TRUE TRUE TRUE ...
 $ Race.IsAnalyzeNormalPast         : logi  TRUE TRUE TRUE TRUE TRUE TRUE ...
 $ Race.IsAnalyzeNormalFuture       : logi  FALSE FALSE FALSE FALSE FALSE FALSE ...
 $ Race.IsAnalyzeFullPastAndFuture  : logi  TRUE TRUE TRUE TRUE TRUE TRUE ...
 $ Race.IsAnalyzeFullPast           : logi  TRUE TRUE TRUE TRUE TRUE TRUE ...
 $ Race.IsAnalyzeFullFuture         : logi  FALSE FALSE FALSE FALSE FALSE FALSE ...
 $ Race.JyokenCd                    : Factor w/ 1 level "1": 1 1 1 1 1 1 1 1 1 1 ...
 $ Race.JyoType1Cd                  : Factor w/ 157 levels "1-06-1600-1-1",..: 1 1 1 2 2 2 2 2 2 2 ...
 $ Race.RaceType1Cd                 : Factor w/ 16 levels "1-1-E-1","1-1-C-1",..: 1 1 1 2 2 2 2 2 2 2 ...
 $ RaceHorse.RaceId                 : Factor w/ 1151 levels "20160110-06-01-03-11",..: 1 1 1 2 2 2 2 2 2 2 ...
 $ RaceHorse.KettoNum               : Factor w/ 3736 levels "2011106372","2009106109",..: 1 2 3 4 5 6 7 8 9 10 ...
 $ RaceHorse.ZogenSa                : num  4 -2 4 -8 4 -8 4 0 -4 10 ...
 $ RaceHorse.UmabanSdv              : num  0 0.226 0.452 -1.487 -1.275 ...
 $ RaceHorse.BataijyuSdv            : num  0.72 0.855 -0.424 -0.522 -0.66 ...
 $ RaceHorse.FutanSdv               : num  0.842 0.842 0.202 0.757 0.757 ...
 $ RaceHorse.LifetimeSdv            : num  0.139 1.096 -0.366 -0.974 -1.005 ...
 $ RaceHorse.FutanRatioSdv          : num  -0.384 -0.511 0.483 0.881 1.043 ...
 $ DataMining.DmTimeSdv             : num  0.998 -0.627 -1.369 0.284 1.809 ...
 $ DataMiningTaisen.TmScoreSdv      : num  0.82 0.449 0.385 -1.24 1.116 ...
 $ OddsByWin.Odds1                  : num  6.6 19.8 4.2 146 4.6 ...
 $ OddsByWin.Ninki                  : num  4 7 2 14 3 6 16 7 8 2 ...
 $ OddsByWin.OddsLog1               : num  2.03 3.03 1.65 4.99 1.72 ...
 $ OddsByWin.OddsRatio1             : num  0.1786 0.0532 0.3125 0.0069 0.2778 ...
 $ OddsByWin.OddsLogit1             : num  -1.89 -2.99 -1.44 -4.98 -1.53 ...
 $ OddsByWin.ApprovalRate1          : num  0.15152 0.05051 0.2381 0.00685 0.21739 ...
 $ OddsByWin.ApprovalRateLog1       : num  0.14108 0.04927 0.21357 0.00683 0.19671 ...
 $ EOF                              : int  1 1 1 1 1 1 1 1 1 1 ...
[1] "2022-02-26 09:53:38 --- RxSqlServerData Finish ---"
[1] "2022-02-26 09:53:38 --- subset Start ---"
[1] "--------------------------------------------------------------------------------"
[1] "nrow(InputDataSet) subset before=16002"
[1] "nrow(InputDataSet) subset after=16002"
[1] "nrow(InputDataSet) subset diff=0"
[1] "--------------------------------------------------------------------------------"
[1] "class(InputDataSet$Race.IsAnalyzeNormalPast)=logical"
[1] "class(InputDataSet$Race.analyzeTrackTypeCd)=NULL"
[1] "2022-02-26 09:53:38 --- subset Finish ---"
[1] "2022-02-26 09:53:38 --- transform Start ---"
[1] "--------------------------------------------------------------------------------"
[1] "nrow(InputDataSet) transaform before=16002"
[1] "nrow(InputDataSet) transaform after=16002"
[1] "nrow(InputDataSet) transaform diff=0"
[1] "--------------------------------------------------------------------------------"
[1] "str(InputDataSet)="
'data.frame':	16002 obs. of  29 variables:
 $ Race.RaceId                      : Factor w/ 1151 levels "20160110-06-01-03-11",..: 1 1 1 2 2 2 2 2 2 2 ...
 $ Race.IsPredictedRace             : logi  TRUE TRUE TRUE TRUE TRUE TRUE ...
 $ Race.IsAnalyzeNormalPastAndFuture: logi  TRUE TRUE TRUE TRUE TRUE TRUE ...
 $ Race.IsAnalyzeNormalPast         : logi  TRUE TRUE TRUE TRUE TRUE TRUE ...
 $ Race.IsAnalyzeNormalFuture       : logi  FALSE FALSE FALSE FALSE FALSE FALSE ...
 $ Race.IsAnalyzeFullPastAndFuture  : logi  TRUE TRUE TRUE TRUE TRUE TRUE ...
 $ Race.IsAnalyzeFullPast           : logi  TRUE TRUE TRUE TRUE TRUE TRUE ...
 $ Race.IsAnalyzeFullFuture         : logi  FALSE FALSE FALSE FALSE FALSE FALSE ...
 $ Race.JyokenCd                    : Factor w/ 1 level "1": 1 1 1 1 1 1 1 1 1 1 ...
 $ Race.JyoType1Cd                  : Factor w/ 157 levels "1-06-1600-1-1",..: 1 1 1 2 2 2 2 2 2 2 ...
 $ Race.RaceType1Cd                 : Factor w/ 16 levels "1-1-E-1","1-1-C-1",..: 1 1 1 2 2 2 2 2 2 2 ...
 $ RaceHorse.RaceId                 : Factor w/ 1151 levels "20160110-06-01-03-11",..: 1 1 1 2 2 2 2 2 2 2 ...
 $ RaceHorse.KettoNum               : Factor w/ 3736 levels "2011106372","2009106109",..: 1 2 3 4 5 6 7 8 9 10 ...
 $ RaceHorse.ZogenSa                : num  4 -2 4 -8 4 -8 4 0 -4 10 ...
 $ RaceHorse.UmabanSdv              : num  0 0.226 0.452 -1.487 -1.275 ...
 $ RaceHorse.BataijyuSdv            : num  0.72 0.855 -0.424 -0.522 -0.66 ...
 $ RaceHorse.FutanSdv               : num  0.842 0.842 0.202 0.757 0.757 ...
 $ RaceHorse.LifetimeSdv            : num  0.139 1.096 -0.366 -0.974 -1.005 ...
 $ RaceHorse.FutanRatioSdv          : num  -0.384 -0.511 0.483 0.881 1.043 ...
 $ DataMining.DmTimeSdv             : num  0.998 -0.627 -1.369 0.284 1.809 ...
 $ DataMiningTaisen.TmScoreSdv      : num  0.82 0.449 0.385 -1.24 1.116 ...
 $ OddsByWin.Odds1                  : num  6.6 19.8 4.2 146 4.6 ...
 $ OddsByWin.Ninki                  : num  4 7 2 14 3 6 16 7 8 2 ...
 $ OddsByWin.OddsLog1               : num  2.03 3.03 1.65 4.99 1.72 ...
 $ OddsByWin.OddsRatio1             : num  0.1786 0.0532 0.3125 0.0069 0.2778 ...
 $ OddsByWin.OddsLogit1             : num  -1.89 -2.99 -1.44 -4.98 -1.53 ...
 $ OddsByWin.ApprovalRate1          : num  0.15152 0.05051 0.2381 0.00685 0.21739 ...
 $ OddsByWin.ApprovalRateLog1       : num  0.14108 0.04927 0.21357 0.00683 0.19671 ...
 $ EOF                              : int  1 1 1 1 1 1 1 1 1 1 ...
NULL
[1] "2022-02-26 09:53:38 --- transform Finish ---"
[1] "2022-02-26 09:53:38 --- na.omit Start ---"
[1] "--------------------------------------------------------------------------------"
[1] "nrow(InputDataSet) na.omit before=16002"
[1] "nrow(InputDataSet) na.omit after=15913"
[1] "nrow(InputDataSet) na.omit diff=89"
[1] "--------------------------------------------------------------------------------"
[1] "2022-02-26 09:53:38 --- na.omit Finish---"
[1] "2022-02-26 09:53:38 --- New Levels Start ---"
 [1] "levels(data$Race.RaceType1Cd)=1-1-B-1"
 [2] "levels(data$Race.RaceType1Cd)=1-1-E-1"
 [3] "levels(data$Race.RaceType1Cd)=1-1-C-1"
 [4] "levels(data$Race.RaceType1Cd)=1-1-E-2"
 [5] "levels(data$Race.RaceType1Cd)=1-1-B-2"
 [6] "levels(data$Race.RaceType1Cd)=1-1-C-2"
 [7] "levels(data$Race.RaceType1Cd)=1-1-E-3"
 [8] "levels(data$Race.RaceType1Cd)=1-1-A-3"
 [9] "levels(data$Race.RaceType1Cd)=1-1-A-2"
[10] "levels(data$Race.RaceType1Cd)=1-1-B-3"
[11] "levels(data$Race.RaceType1Cd)=1-1-C-3"
[12] "levels(data$Race.RaceType1Cd)=1-1-A-1"
[13] "levels(data$Race.RaceType1Cd)=1-1-D-1"
[14] "levels(data$Race.RaceType1Cd)=1-1-L-2"
[15] "levels(data$Race.RaceType1Cd)=1-1-L-1"
[16] "levels(data$Race.RaceType1Cd)=1-1-L-3"
 [1] "levels(InputDataSet$Race.RaceType1Cd)=1-1-E-1"
 [2] "levels(InputDataSet$Race.RaceType1Cd)=1-1-C-1"
 [3] "levels(InputDataSet$Race.RaceType1Cd)=1-1-E-2"
 [4] "levels(InputDataSet$Race.RaceType1Cd)=1-1-B-2"
 [5] "levels(InputDataSet$Race.RaceType1Cd)=1-1-C-2"
 [6] "levels(InputDataSet$Race.RaceType1Cd)=1-1-A-2"
 [7] "levels(InputDataSet$Race.RaceType1Cd)=1-1-B-3"
 [8] "levels(InputDataSet$Race.RaceType1Cd)=1-1-E-3"
 [9] "levels(InputDataSet$Race.RaceType1Cd)=1-1-B-1"
[10] "levels(InputDataSet$Race.RaceType1Cd)=1-1-A-3"
[11] "levels(InputDataSet$Race.RaceType1Cd)=1-1-C-3"
[12] "levels(InputDataSet$Race.RaceType1Cd)=1-1-A-1"
[13] "levels(InputDataSet$Race.RaceType1Cd)=1-1-D-1"
[14] "levels(InputDataSet$Race.RaceType1Cd)=1-1-L-1"
[15] "levels(InputDataSet$Race.RaceType1Cd)=1-1-L-2"
[16] "levels(InputDataSet$Race.RaceType1Cd)=1-1-L-3"
[1] "length(Race.RaceType1Cd.Index)=0"
[1] "2022-02-26 09:53:38 --- New Levels Finish ---"
[1] "2022-02-26 09:53:38 --- na.omit Start ---"
[1] "--------------------------------------------------------------------------------"
[1] "nrow(InputDataSet) na.omit levels before=15913"
[1] "nrow(InputDataSet) na.omit levels after=15913"
[1] "nrow(InputDataSet) na.omit levels diff=0"
[1] "--------------------------------------------------------------------------------"
[1] "2022-02-26 09:53:38 --- na.omit Finish ---"
[1] "2022-02-26 09:53:38 --- Predict InputDataSet Start ---"
[1] "--------------------------------------------------------------------------------"
[1] "nrow(InputDataSet) predict=15913"
[1] "--------------------------------------------------------------------------------"
[1] "str(InputDataSet)="
'data.frame':	15913 obs. of  29 variables:
 $ Race.RaceId                      : Factor w/ 1151 levels "20160110-06-01-03-11",..: 1 1 1 2 2 2 2 2 2 2 ...
 $ Race.IsPredictedRace             : logi  TRUE TRUE TRUE TRUE TRUE TRUE ...
 $ Race.IsAnalyzeNormalPastAndFuture: logi  TRUE TRUE TRUE TRUE TRUE TRUE ...
 $ Race.IsAnalyzeNormalPast         : logi  TRUE TRUE TRUE TRUE TRUE TRUE ...
 $ Race.IsAnalyzeNormalFuture       : logi  FALSE FALSE FALSE FALSE FALSE FALSE ...
 $ Race.IsAnalyzeFullPastAndFuture  : logi  TRUE TRUE TRUE TRUE TRUE TRUE ...
 $ Race.IsAnalyzeFullPast           : logi  TRUE TRUE TRUE TRUE TRUE TRUE ...
 $ Race.IsAnalyzeFullFuture         : logi  FALSE FALSE FALSE FALSE FALSE FALSE ...
 $ Race.JyokenCd                    : Factor w/ 1 level "1": 1 1 1 1 1 1 1 1 1 1 ...
 $ Race.JyoType1Cd                  : Factor w/ 157 levels "1-06-1600-1-1",..: 1 1 1 2 2 2 2 2 2 2 ...
 $ Race.RaceType1Cd                 : Factor w/ 16 levels "1-1-E-1","1-1-C-1",..: 1 1 1 2 2 2 2 2 2 2 ...
 $ RaceHorse.RaceId                 : Factor w/ 1151 levels "20160110-06-01-03-11",..: 1 1 1 2 2 2 2 2 2 2 ...
 $ RaceHorse.KettoNum               : Factor w/ 3736 levels "2011106372","2009106109",..: 1 2 3 4 5 6 7 8 9 10 ...
 $ RaceHorse.ZogenSa                : num  4 -2 4 -8 4 -8 4 0 -4 10 ...
 $ RaceHorse.UmabanSdv              : num  0 0.226 0.452 -1.487 -1.275 ...
 $ RaceHorse.BataijyuSdv            : num  0.72 0.855 -0.424 -0.522 -0.66 ...
 $ RaceHorse.FutanSdv               : num  0.842 0.842 0.202 0.757 0.757 ...
 $ RaceHorse.LifetimeSdv            : num  0.139 1.096 -0.366 -0.974 -1.005 ...
 $ RaceHorse.FutanRatioSdv          : num  -0.384 -0.511 0.483 0.881 1.043 ...
 $ DataMining.DmTimeSdv             : num  0.998 -0.627 -1.369 0.284 1.809 ...
 $ DataMiningTaisen.TmScoreSdv      : num  0.82 0.449 0.385 -1.24 1.116 ...
 $ OddsByWin.Odds1                  : num  6.6 19.8 4.2 146 4.6 ...
 $ OddsByWin.Ninki                  : num  4 7 2 14 3 6 16 7 8 2 ...
 $ OddsByWin.OddsLog1               : num  2.03 3.03 1.65 4.99 1.72 ...
 $ OddsByWin.OddsRatio1             : num  0.1786 0.0532 0.3125 0.0069 0.2778 ...
 $ OddsByWin.OddsLogit1             : num  -1.89 -2.99 -1.44 -4.98 -1.53 ...
 $ OddsByWin.ApprovalRate1          : num  0.15152 0.05051 0.2381 0.00685 0.21739 ...
 $ OddsByWin.ApprovalRateLog1       : num  0.14108 0.04927 0.21357 0.00683 0.19671 ...
 $ EOF                              : int  1 1 1 1 1 1 1 1 1 1 ...
 - attr(*, "na.action")= 'omit' Named int  260 474 667 687 1599 1915 2479 2608 3290 3427 ...
  ..- attr(*, "names")= chr  "260" "474" "667" "687" ...
[1] "2022-02-26 09:53:38 --- Predict InputDataSet Finish ---"
[1] "2022-02-26 09:53:38 --- rxPredict (glm) Start ---"
[1] "analyzeFunc=glm"
Rows Read: 15913, Total Rows Processed: 15913, Total Chunk Time: 0.069 seconds 
[1] "--------------------------------------------------------------------------------"
[1] "nrow(PredictDataSet) afte predict=15913"
[1] "--------------------------------------------------------------------------------"
[1] "str(PredictDataSet)"
'data.frame':	15913 obs. of  1 variable:
 $ RaceHorse.IsHitA_Pred: num  0.13779 0.03744 0.20382 0.00221 0.18103 ...
NULL
[1] "2022-02-26 09:53:39 --- rxPredict (glm) Finish ---"
[1] "2022-02-26 09:53:39 --- add key Start ---"
[1] "--------------------------------------------------------------------------------"
[1] "nrow(OutputDataSet) add KeyColmn=15913"
[1] "--------------------------------------------------------------------------------"
[1] "str(OutputDataSet) after add Key"
'data.frame':	15913 obs. of  2 variables:
 $ RaceHorse.RaceId  : Factor w/ 1151 levels "20160110-06-01-03-11",..: 1 1 1 2 2 2 2 2 2 2 ...
 $ RaceHorse.KettoNum: Factor w/ 3736 levels "2011106372","2009106109",..: 1 2 3 4 5 6 7 8 9 10 ...
NULL
[1] "2022-02-26 09:53:39 --- add key Finish ---"
[1] "2022-02-26 09:53:39 --- add PredictValue Start ---"
[1] "str(PredictDataSet) before rename="
[1] "colnames(PredictDataSet)=RaceHorse.IsHitA_Pred"
[1] "str(PredictDataSet) after rename="
'data.frame':	15913 obs. of  1 variable:
 $ PredictValue: num  0.13779 0.03744 0.20382 0.00221 0.18103 ...
NULL
[1] "str(OutputDataSet) before cbind="
'data.frame':	15913 obs. of  2 variables:
 $ RaceHorse.RaceId  : Factor w/ 1151 levels "20160110-06-01-03-11",..: 1 1 1 2 2 2 2 2 2 2 ...
 $ RaceHorse.KettoNum: Factor w/ 3736 levels "2011106372","2009106109",..: 1 2 3 4 5 6 7 8 9 10 ...
NULL
[1] "str(OutputDataSet) after cbind="
'data.frame':	15913 obs. of  3 variables:
 $ RaceHorse.RaceId  : Factor w/ 1151 levels "20160110-06-01-03-11",..: 1 1 1 2 2 2 2 2 2 2 ...
 $ RaceHorse.KettoNum: Factor w/ 3736 levels "2011106372","2009106109",..: 1 2 3 4 5 6 7 8 9 10 ...
 $ PredictValue      : num  0.13779 0.03744 0.20382 0.00221 0.18103 ...
NULL
[1] "2022-02-26 09:53:39 --- add PredictValue Finish ---"
[1] "2022-02-26 09:53:39 --- final Start ---"
[1] "--------------------------------------------------------------------------------"
[1] "nrow(OutputDataSet) final=15913"
[1] "--------------------------------------------------------------------------------"
[1] "str(OutputDataSet)="
'data.frame':	15913 obs. of  3 variables:
 $ RaceHorse.RaceId  : Factor w/ 1151 levels "20160110-06-01-03-11",..: 1 1 1 2 2 2 2 2 2 2 ...
 $ RaceHorse.KettoNum: Factor w/ 3736 levels "2011106372","2009106109",..: 1 2 3 4 5 6 7 8 9 10 ...
 $ PredictValue      : num  0.13779 0.03744 0.20382 0.00221 0.18103 ...
NULL
[1] "2022-02-26 09:53:40 --- final Finish ---"
[1] "2022-02-26 09:53:40 --- predict.R Finished ---"
[1] "2022-02-26 09:53:40 --- log Finish ---"
