[1] "2022-02-26 09:57:19 --- D1115_Predict_glm_Jockey_IsHitA_Type22 Start ---"
[1] "2022-02-26 09:57:19 --- Log Start ---"
[1] "2022-02-26 09:57:19 --- predict.R Start ---"
[1] "--------------------------------------------------------------------------------"
[1] "analyzeVersion=D1115"
[1] "analyzeCategory=Predict"
[1] "analyzeType=Jockey"
[1] "analyzeFamily=IsHitA"
[1] "analyzeFunc=glm"
[1] "analyzeTrackTypeCd=2"
[1] "analyzeJyokenCd=2"
[1] "--------------------------------------------------------------------------------"
[1] "2022-02-26 09:57:19 --- source_function.R Start ---"
[1] "2022-02-26 09:57:19 --- source_function.R Finished ---"

> print(paste0(Sys.time(), " --- source_library.R Start ---"))
[1] "2022-02-26 09:57:19 --- source_library.R Start ---"

> require("RevoScaleR")

> print(paste0(Sys.time(), " --- source_library.R Finished ---"))
[1] "2022-02-26 09:57:19 --- source_library.R Finished ---"
[1] "2022-02-26 09:57:19 --- Load Start ---"
[1] "analyzeTrackTypeCd=2"
[1] "analyzeJyokenCd=2"
[1] "loadFilename=RData_Analyze_glm_Jockey_Type22.RData"
[1] "2022-02-26 09:57:19 --- Load Finished ---"
[1] "2022-02-26 09:57:19 --- RxSqlServerData Start ---"
[1] "2022-02-26 09:57:19 --- RxInSqlServer Start ---"
[1] "2022-02-26 09:57:19 --- RxInSqlServer Finish ---"
[1] "2022-02-26 09:57:19 --- rxSetComputeContext Start ---"
[1] "2022-02-26 09:57:19 --- rxSetComputeContext Finish ---"
[1] "2022-02-26 09:57:19 --- RxSqlServerData Start ---"
[1] "analyzeTrackTypeCd=2"
[1] "analyzeJyokenCd=2"
[1] "predictSqlQuery=SELECT * FROM ViewAnalyzeD1115Predict01JockeyType22"
[1] "2022-02-26 09:57:19 --- RxSqlServerData Finish ---"
[1] "2022-02-26 09:57:19 --- rxGetVarInfo Start ---"
[1] "2022-02-26 09:57:19 --- rxGetVarInfo Finish---"
[1] "2022-02-26 09:57:19 --- rxImport Start ---"
Rows Read: 7416, Total Rows Processed: 7416, Total Chunk Time: 4.454 seconds 
[1] "2022-02-26 09:57:31 --- rxImport Finish ---"
[1] "object.size(InputDataSet) auto=1.6 Mb"
[1] "--------------------------------------------------------------------------------"
[1] "nrow(InputDataSet) RxSqlServerData=7416"
[1] "--------------------------------------------------------------------------------"
[1] "str(InputDataSet)="
'data.frame':	7416 obs. of  32 variables:
 $ Race.RaceId                      : Factor w/ 515 levels "20160423-05-02-01-11",..: 11 12 13 14 15 16 17 18 19 20 ...
 $ Race.IsPredictedRace             : logi  TRUE TRUE TRUE TRUE TRUE TRUE ...
 $ Race.IsAnalyzeNormalPastAndFuture: logi  TRUE TRUE TRUE TRUE TRUE TRUE ...
 $ Race.IsAnalyzeNormalPast         : logi  TRUE TRUE TRUE TRUE TRUE TRUE ...
 $ Race.IsAnalyzeNormalFuture       : logi  FALSE FALSE FALSE FALSE FALSE FALSE ...
 $ Race.IsAnalyzeFullPastAndFuture  : logi  TRUE TRUE TRUE TRUE TRUE TRUE ...
 $ Race.IsAnalyzeFullPast           : logi  TRUE TRUE TRUE TRUE TRUE TRUE ...
 $ Race.IsAnalyzeFullFuture         : logi  FALSE FALSE FALSE FALSE FALSE FALSE ...
 $ Race.JyokenCd                    : Factor w/ 1 level "2": 1 1 1 1 1 1 1 1 1 1 ...
 $ Race.JyoType1Cd                  : Factor w/ 82 levels "2-05-1400-2-1",..: 8 9 10 11 12 13 14 15 11 16 ...
 $ Race.RaceType1Cd                 : Factor w/ 3 levels "2-2-E-1","2-2-E-2",..: 2 1 1 2 1 2 1 2 2 1 ...
 $ RaceHorse.RaceId                 : Factor w/ 515 levels "20160423-05-02-01-11",..: 11 12 13 14 15 16 17 18 19 20 ...
 $ RaceHorse.KettoNum               : Factor w/ 1524 levels "2012105131","2012101797",..: 11 12 13 14 15 16 17 18 19 20 ...
 $ Jockey.TimeSdvByRaceAvg          : num  0.157 -0.158 -0.406 0.569 0.292 ...
 $ Jockey.TimeSdvByRaceMin          : num  -1.974 -2.188 -2.728 -0.545 -2.922 ...
 $ Jockey.TimeSdvByRaceMax          : num  1.22 1.29 1.86 1.48 1.54 ...
 $ Jockey.TimeSdvAvg                : num  0.0389 -0.0196 -0.2008 0.1494 0.1188 ...
 $ Jockey.TimeSdvMin                : num  -2.06 -2.9 -2.25 -1.05 -3.23 ...
 $ Jockey.TimeSdvMax                : num  1.62 1.13 1.33 1.14 1.25 ...
 $ Jockey.OrderOfFinishSdvAvg       : num  0.0359 -0.1022 -0.3684 0.5277 0.4059 ...
 $ Jockey.RunCount                  : num  38 22 28 8 16 62 37 52 39 1 ...
 $ Jockey.HitCount1                 : num  0 1 2 2 1 7 2 3 0 0 ...
 $ Jockey.HitCount2                 : num  5 2 1 1 3 7 3 0 5 0 ...
 $ Jockey.HitCount3                 : num  3 1 0 0 1 6 5 6 3 1 ...
 $ Jockey.HitCount4                 : num  2 1 1 0 1 2 0 1 2 0 ...
 $ Jockey.HitCount5                 : num  4 1 0 1 1 8 3 4 4 0 ...
 $ Jockey.HitRate1                  : num  0 0.0455 0.0714 0.25 0.0625 ...
 $ Jockey.HitRate2                  : num  0.1316 0.0909 0.0357 0.125 0.1875 ...
 $ Jockey.HitRate3                  : num  0.0789 0.0455 0 0 0.0625 ...
 $ Jockey.HitRate4                  : num  0.0526 0.0455 0.0357 0 0.0625 ...
 $ Jockey.HitRate5                  : num  0.1053 0.0455 0 0.125 0.0625 ...
 $ EOF                              : int  1 1 1 1 1 1 1 1 1 1 ...
[1] "2022-02-26 09:57:31 --- RxSqlServerData Finish ---"
[1] "2022-02-26 09:57:31 --- subset Start ---"
[1] "--------------------------------------------------------------------------------"
[1] "nrow(InputDataSet) subset before=7416"
[1] "nrow(InputDataSet) subset after=7416"
[1] "nrow(InputDataSet) subset diff=0"
[1] "--------------------------------------------------------------------------------"
[1] "class(InputDataSet$Race.IsAnalyzeNormalPast)=logical"
[1] "class(InputDataSet$Race.analyzeTrackTypeCd)=NULL"
[1] "2022-02-26 09:57:31 --- subset Finish ---"
[1] "2022-02-26 09:57:31 --- transform Start ---"
[1] "--------------------------------------------------------------------------------"
[1] "nrow(InputDataSet) transaform before=7416"
[1] "nrow(InputDataSet) transaform after=7416"
[1] "nrow(InputDataSet) transaform diff=0"
[1] "--------------------------------------------------------------------------------"
[1] "str(InputDataSet)="
'data.frame':	7416 obs. of  32 variables:
 $ Race.RaceId                      : Factor w/ 515 levels "20160423-05-02-01-11",..: 11 12 13 14 15 16 17 18 19 20 ...
 $ Race.IsPredictedRace             : logi  TRUE TRUE TRUE TRUE TRUE TRUE ...
 $ Race.IsAnalyzeNormalPastAndFuture: logi  TRUE TRUE TRUE TRUE TRUE TRUE ...
 $ Race.IsAnalyzeNormalPast         : logi  TRUE TRUE TRUE TRUE TRUE TRUE ...
 $ Race.IsAnalyzeNormalFuture       : logi  FALSE FALSE FALSE FALSE FALSE FALSE ...
 $ Race.IsAnalyzeFullPastAndFuture  : logi  TRUE TRUE TRUE TRUE TRUE TRUE ...
 $ Race.IsAnalyzeFullPast           : logi  TRUE TRUE TRUE TRUE TRUE TRUE ...
 $ Race.IsAnalyzeFullFuture         : logi  FALSE FALSE FALSE FALSE FALSE FALSE ...
 $ Race.JyokenCd                    : Factor w/ 1 level "2": 1 1 1 1 1 1 1 1 1 1 ...
 $ Race.JyoType1Cd                  : Factor w/ 82 levels "2-05-1400-2-1",..: 8 9 10 11 12 13 14 15 11 16 ...
 $ Race.RaceType1Cd                 : Factor w/ 3 levels "2-2-E-1","2-2-E-2",..: 2 1 1 2 1 2 1 2 2 1 ...
 $ RaceHorse.RaceId                 : Factor w/ 515 levels "20160423-05-02-01-11",..: 11 12 13 14 15 16 17 18 19 20 ...
 $ RaceHorse.KettoNum               : Factor w/ 1524 levels "2012105131","2012101797",..: 11 12 13 14 15 16 17 18 19 20 ...
 $ Jockey.TimeSdvByRaceAvg          : num  0.157 -0.158 -0.406 0.569 0.292 ...
 $ Jockey.TimeSdvByRaceMin          : num  -1.974 -2.188 -2.728 -0.545 -2.922 ...
 $ Jockey.TimeSdvByRaceMax          : num  1.22 1.29 1.86 1.48 1.54 ...
 $ Jockey.TimeSdvAvg                : num  0.0389 -0.0196 -0.2008 0.1494 0.1188 ...
 $ Jockey.TimeSdvMin                : num  -2.06 -2.9 -2.25 -1.05 -3.23 ...
 $ Jockey.TimeSdvMax                : num  1.62 1.13 1.33 1.14 1.25 ...
 $ Jockey.OrderOfFinishSdvAvg       : num  0.0359 -0.1022 -0.3684 0.5277 0.4059 ...
 $ Jockey.RunCount                  : num  38 22 28 8 16 62 37 52 39 1 ...
 $ Jockey.HitCount1                 : num  0 1 2 2 1 7 2 3 0 0 ...
 $ Jockey.HitCount2                 : num  5 2 1 1 3 7 3 0 5 0 ...
 $ Jockey.HitCount3                 : num  3 1 0 0 1 6 5 6 3 1 ...
 $ Jockey.HitCount4                 : num  2 1 1 0 1 2 0 1 2 0 ...
 $ Jockey.HitCount5                 : num  4 1 0 1 1 8 3 4 4 0 ...
 $ Jockey.HitRate1                  : num  0 0.0455 0.0714 0.25 0.0625 ...
 $ Jockey.HitRate2                  : num  0.1316 0.0909 0.0357 0.125 0.1875 ...
 $ Jockey.HitRate3                  : num  0.0789 0.0455 0 0 0.0625 ...
 $ Jockey.HitRate4                  : num  0.0526 0.0455 0.0357 0 0.0625 ...
 $ Jockey.HitRate5                  : num  0.1053 0.0455 0 0.125 0.0625 ...
 $ EOF                              : int  1 1 1 1 1 1 1 1 1 1 ...
NULL
[1] "2022-02-26 09:57:31 --- transform Finish ---"
[1] "2022-02-26 09:57:31 --- na.omit Start ---"
[1] "--------------------------------------------------------------------------------"
[1] "nrow(InputDataSet) na.omit before=7416"
[1] "nrow(InputDataSet) na.omit after=7411"
[1] "nrow(InputDataSet) na.omit diff=5"
[1] "--------------------------------------------------------------------------------"
[1] "2022-02-26 09:57:31 --- na.omit Finish---"
[1] "2022-02-26 09:57:31 --- New Levels Start ---"
[1] "levels(data$Race.RaceType1Cd)=2-2-E-2"
[2] "levels(data$Race.RaceType1Cd)=2-2-E-1"
[1] "levels(InputDataSet$Race.RaceType1Cd)=2-2-E-1"
[2] "levels(InputDataSet$Race.RaceType1Cd)=2-2-E-2"
[3] "levels(InputDataSet$Race.RaceType1Cd)=2-2-X-1"
[1] "length(Race.RaceType1Cd.Index)=1"
[1] "2022-02-26 09:57:31 --- New Levels Finish ---"
[1] "2022-02-26 09:57:31 --- na.omit Start ---"
[1] "--------------------------------------------------------------------------------"
[1] "nrow(InputDataSet) na.omit levels before=7411"
[1] "nrow(InputDataSet) na.omit levels after=7410"
[1] "nrow(InputDataSet) na.omit levels diff=1"
[1] "--------------------------------------------------------------------------------"
[1] "2022-02-26 09:57:31 --- na.omit Finish ---"
[1] "2022-02-26 09:57:31 --- Predict InputDataSet Start ---"
[1] "--------------------------------------------------------------------------------"
[1] "nrow(InputDataSet) predict=7410"
[1] "--------------------------------------------------------------------------------"
[1] "str(InputDataSet)="
'data.frame':	7410 obs. of  32 variables:
 $ Race.RaceId                      : Factor w/ 515 levels "20160423-05-02-01-11",..: 11 12 13 14 15 16 17 18 19 20 ...
 $ Race.IsPredictedRace             : logi  TRUE TRUE TRUE TRUE TRUE TRUE ...
 $ Race.IsAnalyzeNormalPastAndFuture: logi  TRUE TRUE TRUE TRUE TRUE TRUE ...
 $ Race.IsAnalyzeNormalPast         : logi  TRUE TRUE TRUE TRUE TRUE TRUE ...
 $ Race.IsAnalyzeNormalFuture       : logi  FALSE FALSE FALSE FALSE FALSE FALSE ...
 $ Race.IsAnalyzeFullPastAndFuture  : logi  TRUE TRUE TRUE TRUE TRUE TRUE ...
 $ Race.IsAnalyzeFullPast           : logi  TRUE TRUE TRUE TRUE TRUE TRUE ...
 $ Race.IsAnalyzeFullFuture         : logi  FALSE FALSE FALSE FALSE FALSE FALSE ...
 $ Race.JyokenCd                    : Factor w/ 1 level "2": 1 1 1 1 1 1 1 1 1 1 ...
 $ Race.JyoType1Cd                  : Factor w/ 82 levels "2-05-1400-2-1",..: 8 9 10 11 12 13 14 15 11 16 ...
 $ Race.RaceType1Cd                 : Factor w/ 3 levels "2-2-E-1","2-2-E-2",..: 2 1 1 2 1 2 1 2 2 1 ...
 $ RaceHorse.RaceId                 : Factor w/ 515 levels "20160423-05-02-01-11",..: 11 12 13 14 15 16 17 18 19 20 ...
 $ RaceHorse.KettoNum               : Factor w/ 1524 levels "2012105131","2012101797",..: 11 12 13 14 15 16 17 18 19 20 ...
 $ Jockey.TimeSdvByRaceAvg          : num  0.157 -0.158 -0.406 0.569 0.292 ...
 $ Jockey.TimeSdvByRaceMin          : num  -1.974 -2.188 -2.728 -0.545 -2.922 ...
 $ Jockey.TimeSdvByRaceMax          : num  1.22 1.29 1.86 1.48 1.54 ...
 $ Jockey.TimeSdvAvg                : num  0.0389 -0.0196 -0.2008 0.1494 0.1188 ...
 $ Jockey.TimeSdvMin                : num  -2.06 -2.9 -2.25 -1.05 -3.23 ...
 $ Jockey.TimeSdvMax                : num  1.62 1.13 1.33 1.14 1.25 ...
 $ Jockey.OrderOfFinishSdvAvg       : num  0.0359 -0.1022 -0.3684 0.5277 0.4059 ...
 $ Jockey.RunCount                  : num  38 22 28 8 16 62 37 52 39 1 ...
 $ Jockey.HitCount1                 : num  0 1 2 2 1 7 2 3 0 0 ...
 $ Jockey.HitCount2                 : num  5 2 1 1 3 7 3 0 5 0 ...
 $ Jockey.HitCount3                 : num  3 1 0 0 1 6 5 6 3 1 ...
 $ Jockey.HitCount4                 : num  2 1 1 0 1 2 0 1 2 0 ...
 $ Jockey.HitCount5                 : num  4 1 0 1 1 8 3 4 4 0 ...
 $ Jockey.HitRate1                  : num  0 0.0455 0.0714 0.25 0.0625 ...
 $ Jockey.HitRate2                  : num  0.1316 0.0909 0.0357 0.125 0.1875 ...
 $ Jockey.HitRate3                  : num  0.0789 0.0455 0 0 0.0625 ...
 $ Jockey.HitRate4                  : num  0.0526 0.0455 0.0357 0 0.0625 ...
 $ Jockey.HitRate5                  : num  0.1053 0.0455 0 0.125 0.0625 ...
 $ EOF                              : int  1 1 1 1 1 1 1 1 1 1 ...
 - attr(*, "na.action")= 'omit' Named int 316
  ..- attr(*, "names")= chr "316"
[1] "2022-02-26 09:57:31 --- Predict InputDataSet Finish ---"
[1] "2022-02-26 09:57:31 --- rxPredict (glm) Start ---"
[1] "analyzeFunc=glm"
Rows Read: 7410, Total Rows Processed: 7410, Total Chunk Time: Less than .001 seconds 
[1] "--------------------------------------------------------------------------------"
[1] "nrow(PredictDataSet) afte predict=7410"
[1] "--------------------------------------------------------------------------------"
[1] "str(PredictDataSet)"
'data.frame':	7410 obs. of  1 variable:
 $ RaceHorse.IsHitA_Pred: num  0.0762 0.0528 0.0393 0.1211 0.0889 ...
NULL
[1] "2022-02-26 09:57:31 --- rxPredict (glm) Finish ---"
[1] "2022-02-26 09:57:31 --- add key Start ---"
[1] "--------------------------------------------------------------------------------"
[1] "nrow(OutputDataSet) add KeyColmn=7410"
[1] "--------------------------------------------------------------------------------"
[1] "str(OutputDataSet) after add Key"
'data.frame':	7410 obs. of  2 variables:
 $ RaceHorse.RaceId  : Factor w/ 515 levels "20160423-05-02-01-11",..: 11 12 13 14 15 16 17 18 19 20 ...
 $ RaceHorse.KettoNum: Factor w/ 1524 levels "2012105131","2012101797",..: 11 12 13 14 15 16 17 18 19 20 ...
NULL
[1] "2022-02-26 09:57:31 --- add key Finish ---"
[1] "2022-02-26 09:57:31 --- add PredictValue Start ---"
[1] "str(PredictDataSet) before rename="
[1] "colnames(PredictDataSet)=RaceHorse.IsHitA_Pred"
[1] "str(PredictDataSet) after rename="
'data.frame':	7410 obs. of  1 variable:
 $ PredictValue: num  0.0762 0.0528 0.0393 0.1211 0.0889 ...
NULL
[1] "str(OutputDataSet) before cbind="
'data.frame':	7410 obs. of  2 variables:
 $ RaceHorse.RaceId  : Factor w/ 515 levels "20160423-05-02-01-11",..: 11 12 13 14 15 16 17 18 19 20 ...
 $ RaceHorse.KettoNum: Factor w/ 1524 levels "2012105131","2012101797",..: 11 12 13 14 15 16 17 18 19 20 ...
NULL
[1] "str(OutputDataSet) after cbind="
'data.frame':	7410 obs. of  3 variables:
 $ RaceHorse.RaceId  : Factor w/ 515 levels "20160423-05-02-01-11",..: 11 12 13 14 15 16 17 18 19 20 ...
 $ RaceHorse.KettoNum: Factor w/ 1524 levels "2012105131","2012101797",..: 11 12 13 14 15 16 17 18 19 20 ...
 $ PredictValue      : num  0.0762 0.0528 0.0393 0.1211 0.0889 ...
NULL
[1] "2022-02-26 09:57:31 --- add PredictValue Finish ---"
[1] "2022-02-26 09:57:31 --- final Start ---"
[1] "--------------------------------------------------------------------------------"
[1] "nrow(OutputDataSet) final=7410"
[1] "--------------------------------------------------------------------------------"
[1] "str(OutputDataSet)="
'data.frame':	7410 obs. of  3 variables:
 $ RaceHorse.RaceId  : Factor w/ 515 levels "20160423-05-02-01-11",..: 11 12 13 14 15 16 17 18 19 20 ...
 $ RaceHorse.KettoNum: Factor w/ 1524 levels "2012105131","2012101797",..: 11 12 13 14 15 16 17 18 19 20 ...
 $ PredictValue      : num  0.0762 0.0528 0.0393 0.1211 0.0889 ...
NULL
[1] "2022-02-26 09:57:31 --- final Finish ---"
[1] "2022-02-26 09:57:31 --- predict.R Finished ---"
[1] "2022-02-26 09:57:31 --- log Finish ---"
