[1] "2022-02-26 09:54:36 --- D1115_Predict_glm_Basic_IsHitA_Type24 Start ---"
[1] "2022-02-26 09:54:37 --- Log Start ---"
[1] "2022-02-26 09:54:37 --- predict.R Start ---"
[1] "--------------------------------------------------------------------------------"
[1] "analyzeVersion=D1115"
[1] "analyzeCategory=Predict"
[1] "analyzeType=Basic"
[1] "analyzeFamily=IsHitA"
[1] "analyzeFunc=glm"
[1] "analyzeTrackTypeCd=2"
[1] "analyzeJyokenCd=4"
[1] "--------------------------------------------------------------------------------"
[1] "2022-02-26 09:54:37 --- source_function.R Start ---"
[1] "2022-02-26 09:54:37 --- source_function.R Finished ---"

> print(paste0(Sys.time(), " --- source_library.R Start ---"))
[1] "2022-02-26 09:54:37 --- source_library.R Start ---"

> require("RevoScaleR")

> print(paste0(Sys.time(), " --- source_library.R Finished ---"))
[1] "2022-02-26 09:54:37 --- source_library.R Finished ---"
[1] "2022-02-26 09:54:37 --- Load Start ---"
[1] "analyzeTrackTypeCd=2"
[1] "analyzeJyokenCd=4"
[1] "loadFilename=RData_Analyze_glm_Basic_Type24.RData"
[1] "2022-02-26 09:54:37 --- Load Finished ---"
[1] "2022-02-26 09:54:37 --- RxSqlServerData Start ---"
[1] "2022-02-26 09:54:37 --- RxInSqlServer Start ---"
[1] "2022-02-26 09:54:37 --- RxInSqlServer Finish ---"
[1] "2022-02-26 09:54:37 --- rxSetComputeContext Start ---"
[1] "2022-02-26 09:54:37 --- rxSetComputeContext Finish ---"
[1] "2022-02-26 09:54:37 --- RxSqlServerData Start ---"
[1] "analyzeTrackTypeCd=2"
[1] "analyzeJyokenCd=4"
[1] "predictSqlQuery=SELECT * FROM ViewAnalyzeD1115Predict01BasicType24"
[1] "2022-02-26 09:54:37 --- RxSqlServerData Finish ---"
[1] "2022-02-26 09:54:37 --- rxGetVarInfo Start ---"
[1] "2022-02-26 09:54:38 --- rxGetVarInfo Finish---"
[1] "2022-02-26 09:54:38 --- rxImport Start ---"
Rows Read: 48130, Total Rows Processed: 48130, Total Chunk Time: 1.936 seconds 
[1] "2022-02-26 09:54:43 --- rxImport Finish ---"
[1] "object.size(InputDataSet) auto=9.3 Mb"
[1] "--------------------------------------------------------------------------------"
[1] "nrow(InputDataSet) RxSqlServerData=48130"
[1] "--------------------------------------------------------------------------------"
[1] "str(InputDataSet)="
'data.frame':	48130 obs. of  29 variables:
 $ Race.RaceId                      : Factor w/ 3444 levels "20160105-06-01-01-03",..: 1 1 1 1 1 1 1 1 1 1 ...
 $ Race.IsPredictedRace             : logi  TRUE TRUE TRUE TRUE TRUE TRUE ...
 $ Race.IsAnalyzeNormalPastAndFuture: logi  TRUE TRUE TRUE TRUE TRUE TRUE ...
 $ Race.IsAnalyzeNormalPast         : logi  TRUE TRUE TRUE TRUE TRUE TRUE ...
 $ Race.IsAnalyzeNormalFuture       : logi  FALSE FALSE FALSE FALSE FALSE FALSE ...
 $ Race.IsAnalyzeFullPastAndFuture  : logi  TRUE TRUE TRUE TRUE TRUE TRUE ...
 $ Race.IsAnalyzeFullPast           : logi  TRUE TRUE TRUE TRUE TRUE TRUE ...
 $ Race.IsAnalyzeFullFuture         : logi  FALSE FALSE FALSE FALSE FALSE FALSE ...
 $ Race.JyokenCd                    : Factor w/ 1 level "4": 1 1 1 1 1 1 1 1 1 1 ...
 $ Race.JyoType1Cd                  : Factor w/ 134 levels "2-06-1200-4-1",..: 1 1 1 1 1 1 1 1 1 1 ...
 $ Race.RaceType1Cd                 : Factor w/ 5 levels "2-4-X-1","2-4-X-2",..: 1 1 1 1 1 1 1 1 1 1 ...
 $ RaceHorse.RaceId                 : Factor w/ 3444 levels "20160105-06-01-01-03",..: 1 1 1 1 1 1 1 1 1 1 ...
 $ RaceHorse.KettoNum               : Factor w/ 9655 levels "2012105911","2012102781",..: 1 2 3 4 5 6 7 8 9 10 ...
 $ RaceHorse.ZogenSa                : num  14 10 -10 14 14 0 6 -8 30 -4 ...
 $ RaceHorse.UmabanSdv              : num  -1.582 -1.356 -1.13 -0.904 -0.678 ...
 $ RaceHorse.BataijyuSdv            : num  0.655 -0.862 -0.284 -1.513 1.45 ...
 $ RaceHorse.FutanSdv               : num  0.5371 -0.6496 -0.0562 -0.0562 -0.0562 ...
 $ RaceHorse.LifetimeSdv            : num  -0.617 -0.412 0.703 0.64 -0.497 ...
 $ RaceHorse.FutanRatioSdv          : num  -0.42 0.517 0.218 1.631 -1.46 ...
 $ DataMining.DmTimeSdv             : num  0.428 0.725 -0.215 -0.462 0.651 ...
 $ DataMiningTaisen.TmScoreSdv      : num  1.103 -0.0891 -0.083 0.3103 0.9617 ...
 $ OddsByWin.Odds1                  : num  37.9 13 5.2 48.3 8.6 ...
 $ OddsByWin.Ninki                  : num  10 8 2 12 5 14 4 9 16 13 ...
 $ OddsByWin.OddsLog1               : num  3.66 2.64 1.82 3.9 2.26 ...
 $ OddsByWin.OddsRatio1             : num  0.0271 0.0833 0.2381 0.0211 0.1316 ...
 $ OddsByWin.OddsLogit1             : num  -3.63 -2.56 -1.65 -3.88 -2.15 ...
 $ OddsByWin.ApprovalRate1          : num  0.0264 0.0769 0.1923 0.0207 0.1163 ...
 $ OddsByWin.ApprovalRateLog1       : num  0.026 0.0741 0.1759 0.0205 0.11 ...
 $ EOF                              : int  1 1 1 1 1 1 1 1 1 1 ...
[1] "2022-02-26 09:54:43 --- RxSqlServerData Finish ---"
[1] "2022-02-26 09:54:43 --- subset Start ---"
[1] "--------------------------------------------------------------------------------"
[1] "nrow(InputDataSet) subset before=48130"
[1] "nrow(InputDataSet) subset after=48130"
[1] "nrow(InputDataSet) subset diff=0"
[1] "--------------------------------------------------------------------------------"
[1] "class(InputDataSet$Race.IsAnalyzeNormalPast)=logical"
[1] "class(InputDataSet$Race.analyzeTrackTypeCd)=NULL"
[1] "2022-02-26 09:54:43 --- subset Finish ---"
[1] "2022-02-26 09:54:43 --- transform Start ---"
[1] "--------------------------------------------------------------------------------"
[1] "nrow(InputDataSet) transaform before=48130"
[1] "nrow(InputDataSet) transaform after=48130"
[1] "nrow(InputDataSet) transaform diff=0"
[1] "--------------------------------------------------------------------------------"
[1] "str(InputDataSet)="
'data.frame':	48130 obs. of  29 variables:
 $ Race.RaceId                      : Factor w/ 3444 levels "20160105-06-01-01-03",..: 1 1 1 1 1 1 1 1 1 1 ...
 $ Race.IsPredictedRace             : logi  TRUE TRUE TRUE TRUE TRUE TRUE ...
 $ Race.IsAnalyzeNormalPastAndFuture: logi  TRUE TRUE TRUE TRUE TRUE TRUE ...
 $ Race.IsAnalyzeNormalPast         : logi  TRUE TRUE TRUE TRUE TRUE TRUE ...
 $ Race.IsAnalyzeNormalFuture       : logi  FALSE FALSE FALSE FALSE FALSE FALSE ...
 $ Race.IsAnalyzeFullPastAndFuture  : logi  TRUE TRUE TRUE TRUE TRUE TRUE ...
 $ Race.IsAnalyzeFullPast           : logi  TRUE TRUE TRUE TRUE TRUE TRUE ...
 $ Race.IsAnalyzeFullFuture         : logi  FALSE FALSE FALSE FALSE FALSE FALSE ...
 $ Race.JyokenCd                    : Factor w/ 1 level "4": 1 1 1 1 1 1 1 1 1 1 ...
 $ Race.JyoType1Cd                  : Factor w/ 134 levels "2-06-1200-4-1",..: 1 1 1 1 1 1 1 1 1 1 ...
 $ Race.RaceType1Cd                 : Factor w/ 5 levels "2-4-X-1","2-4-X-2",..: 1 1 1 1 1 1 1 1 1 1 ...
 $ RaceHorse.RaceId                 : Factor w/ 3444 levels "20160105-06-01-01-03",..: 1 1 1 1 1 1 1 1 1 1 ...
 $ RaceHorse.KettoNum               : Factor w/ 9655 levels "2012105911","2012102781",..: 1 2 3 4 5 6 7 8 9 10 ...
 $ RaceHorse.ZogenSa                : num  14 10 -10 14 14 0 6 -8 30 -4 ...
 $ RaceHorse.UmabanSdv              : num  -1.582 -1.356 -1.13 -0.904 -0.678 ...
 $ RaceHorse.BataijyuSdv            : num  0.655 -0.862 -0.284 -1.513 1.45 ...
 $ RaceHorse.FutanSdv               : num  0.5371 -0.6496 -0.0562 -0.0562 -0.0562 ...
 $ RaceHorse.LifetimeSdv            : num  -0.617 -0.412 0.703 0.64 -0.497 ...
 $ RaceHorse.FutanRatioSdv          : num  -0.42 0.517 0.218 1.631 -1.46 ...
 $ DataMining.DmTimeSdv             : num  0.428 0.725 -0.215 -0.462 0.651 ...
 $ DataMiningTaisen.TmScoreSdv      : num  1.103 -0.0891 -0.083 0.3103 0.9617 ...
 $ OddsByWin.Odds1                  : num  37.9 13 5.2 48.3 8.6 ...
 $ OddsByWin.Ninki                  : num  10 8 2 12 5 14 4 9 16 13 ...
 $ OddsByWin.OddsLog1               : num  3.66 2.64 1.82 3.9 2.26 ...
 $ OddsByWin.OddsRatio1             : num  0.0271 0.0833 0.2381 0.0211 0.1316 ...
 $ OddsByWin.OddsLogit1             : num  -3.63 -2.56 -1.65 -3.88 -2.15 ...
 $ OddsByWin.ApprovalRate1          : num  0.0264 0.0769 0.1923 0.0207 0.1163 ...
 $ OddsByWin.ApprovalRateLog1       : num  0.026 0.0741 0.1759 0.0205 0.11 ...
 $ EOF                              : int  1 1 1 1 1 1 1 1 1 1 ...
NULL
[1] "2022-02-26 09:54:43 --- transform Finish ---"
[1] "2022-02-26 09:54:43 --- na.omit Start ---"
[1] "--------------------------------------------------------------------------------"
[1] "nrow(InputDataSet) na.omit before=48130"
[1] "nrow(InputDataSet) na.omit after=47952"
[1] "nrow(InputDataSet) na.omit diff=178"
[1] "--------------------------------------------------------------------------------"
[1] "2022-02-26 09:54:43 --- na.omit Finish---"
[1] "2022-02-26 09:54:43 --- New Levels Start ---"
[1] "levels(data$Race.RaceType1Cd)=2-4-X-1"
[2] "levels(data$Race.RaceType1Cd)=2-4-X-2"
[3] "levels(data$Race.RaceType1Cd)=2-4-X-3"
[4] "levels(data$Race.RaceType1Cd)=2-4-E-2"
[5] "levels(data$Race.RaceType1Cd)=2-4-E-1"
[1] "levels(InputDataSet$Race.RaceType1Cd)=2-4-X-1"
[2] "levels(InputDataSet$Race.RaceType1Cd)=2-4-X-2"
[3] "levels(InputDataSet$Race.RaceType1Cd)=2-4-X-3"
[4] "levels(InputDataSet$Race.RaceType1Cd)=2-4-E-1"
[5] "levels(InputDataSet$Race.RaceType1Cd)=2-4-E-2"
[1] "length(Race.RaceType1Cd.Index)=0"
[1] "2022-02-26 09:54:43 --- New Levels Finish ---"
[1] "2022-02-26 09:54:43 --- na.omit Start ---"
[1] "--------------------------------------------------------------------------------"
[1] "nrow(InputDataSet) na.omit levels before=47952"
[1] "nrow(InputDataSet) na.omit levels after=47952"
[1] "nrow(InputDataSet) na.omit levels diff=0"
[1] "--------------------------------------------------------------------------------"
[1] "2022-02-26 09:54:43 --- na.omit Finish ---"
[1] "2022-02-26 09:54:43 --- Predict InputDataSet Start ---"
[1] "--------------------------------------------------------------------------------"
[1] "nrow(InputDataSet) predict=47952"
[1] "--------------------------------------------------------------------------------"
[1] "str(InputDataSet)="
'data.frame':	47952 obs. of  29 variables:
 $ Race.RaceId                      : Factor w/ 3444 levels "20160105-06-01-01-03",..: 1 1 1 1 1 1 1 1 1 1 ...
 $ Race.IsPredictedRace             : logi  TRUE TRUE TRUE TRUE TRUE TRUE ...
 $ Race.IsAnalyzeNormalPastAndFuture: logi  TRUE TRUE TRUE TRUE TRUE TRUE ...
 $ Race.IsAnalyzeNormalPast         : logi  TRUE TRUE TRUE TRUE TRUE TRUE ...
 $ Race.IsAnalyzeNormalFuture       : logi  FALSE FALSE FALSE FALSE FALSE FALSE ...
 $ Race.IsAnalyzeFullPastAndFuture  : logi  TRUE TRUE TRUE TRUE TRUE TRUE ...
 $ Race.IsAnalyzeFullPast           : logi  TRUE TRUE TRUE TRUE TRUE TRUE ...
 $ Race.IsAnalyzeFullFuture         : logi  FALSE FALSE FALSE FALSE FALSE FALSE ...
 $ Race.JyokenCd                    : Factor w/ 1 level "4": 1 1 1 1 1 1 1 1 1 1 ...
 $ Race.JyoType1Cd                  : Factor w/ 134 levels "2-06-1200-4-1",..: 1 1 1 1 1 1 1 1 1 1 ...
 $ Race.RaceType1Cd                 : Factor w/ 5 levels "2-4-X-1","2-4-X-2",..: 1 1 1 1 1 1 1 1 1 1 ...
 $ RaceHorse.RaceId                 : Factor w/ 3444 levels "20160105-06-01-01-03",..: 1 1 1 1 1 1 1 1 1 1 ...
 $ RaceHorse.KettoNum               : Factor w/ 9655 levels "2012105911","2012102781",..: 1 2 3 4 5 6 7 8 9 10 ...
 $ RaceHorse.ZogenSa                : num  14 10 -10 14 14 0 6 -8 30 -4 ...
 $ RaceHorse.UmabanSdv              : num  -1.582 -1.356 -1.13 -0.904 -0.678 ...
 $ RaceHorse.BataijyuSdv            : num  0.655 -0.862 -0.284 -1.513 1.45 ...
 $ RaceHorse.FutanSdv               : num  0.5371 -0.6496 -0.0562 -0.0562 -0.0562 ...
 $ RaceHorse.LifetimeSdv            : num  -0.617 -0.412 0.703 0.64 -0.497 ...
 $ RaceHorse.FutanRatioSdv          : num  -0.42 0.517 0.218 1.631 -1.46 ...
 $ DataMining.DmTimeSdv             : num  0.428 0.725 -0.215 -0.462 0.651 ...
 $ DataMiningTaisen.TmScoreSdv      : num  1.103 -0.0891 -0.083 0.3103 0.9617 ...
 $ OddsByWin.Odds1                  : num  37.9 13 5.2 48.3 8.6 ...
 $ OddsByWin.Ninki                  : num  10 8 2 12 5 14 4 9 16 13 ...
 $ OddsByWin.OddsLog1               : num  3.66 2.64 1.82 3.9 2.26 ...
 $ OddsByWin.OddsRatio1             : num  0.0271 0.0833 0.2381 0.0211 0.1316 ...
 $ OddsByWin.OddsLogit1             : num  -3.63 -2.56 -1.65 -3.88 -2.15 ...
 $ OddsByWin.ApprovalRate1          : num  0.0264 0.0769 0.1923 0.0207 0.1163 ...
 $ OddsByWin.ApprovalRateLog1       : num  0.026 0.0741 0.1759 0.0205 0.11 ...
 $ EOF                              : int  1 1 1 1 1 1 1 1 1 1 ...
 - attr(*, "na.action")= 'omit' Named int  588 996 1247 1400 1877 2064 2157 2188 2721 3313 ...
  ..- attr(*, "names")= chr  "588" "996" "1247" "1400" ...
[1] "2022-02-26 09:54:44 --- Predict InputDataSet Finish ---"
[1] "2022-02-26 09:54:44 --- rxPredict (glm) Start ---"
[1] "analyzeFunc=glm"
Rows Read: 47952, Total Rows Processed: 47952, Total Chunk Time: 0.006 seconds 
[1] "--------------------------------------------------------------------------------"
[1] "nrow(PredictDataSet) afte predict=47952"
[1] "--------------------------------------------------------------------------------"
[1] "str(PredictDataSet)"
'data.frame':	47952 obs. of  1 variable:
 $ RaceHorse.IsHitA_Pred: num  0.01532 0.06516 0.16074 0.00969 0.09905 ...
NULL
[1] "2022-02-26 09:54:44 --- rxPredict (glm) Finish ---"
[1] "2022-02-26 09:54:44 --- add key Start ---"
[1] "--------------------------------------------------------------------------------"
[1] "nrow(OutputDataSet) add KeyColmn=47952"
[1] "--------------------------------------------------------------------------------"
[1] "str(OutputDataSet) after add Key"
'data.frame':	47952 obs. of  2 variables:
 $ RaceHorse.RaceId  : Factor w/ 3444 levels "20160105-06-01-01-03",..: 1 1 1 1 1 1 1 1 1 1 ...
 $ RaceHorse.KettoNum: Factor w/ 9655 levels "2012105911","2012102781",..: 1 2 3 4 5 6 7 8 9 10 ...
NULL
[1] "2022-02-26 09:54:44 --- add key Finish ---"
[1] "2022-02-26 09:54:44 --- add PredictValue Start ---"
[1] "str(PredictDataSet) before rename="
[1] "colnames(PredictDataSet)=RaceHorse.IsHitA_Pred"
[1] "str(PredictDataSet) after rename="
'data.frame':	47952 obs. of  1 variable:
 $ PredictValue: num  0.01532 0.06516 0.16074 0.00969 0.09905 ...
NULL
[1] "str(OutputDataSet) before cbind="
'data.frame':	47952 obs. of  2 variables:
 $ RaceHorse.RaceId  : Factor w/ 3444 levels "20160105-06-01-01-03",..: 1 1 1 1 1 1 1 1 1 1 ...
 $ RaceHorse.KettoNum: Factor w/ 9655 levels "2012105911","2012102781",..: 1 2 3 4 5 6 7 8 9 10 ...
NULL
[1] "str(OutputDataSet) after cbind="
'data.frame':	47952 obs. of  3 variables:
 $ RaceHorse.RaceId  : Factor w/ 3444 levels "20160105-06-01-01-03",..: 1 1 1 1 1 1 1 1 1 1 ...
 $ RaceHorse.KettoNum: Factor w/ 9655 levels "2012105911","2012102781",..: 1 2 3 4 5 6 7 8 9 10 ...
 $ PredictValue      : num  0.01532 0.06516 0.16074 0.00969 0.09905 ...
NULL
[1] "2022-02-26 09:54:44 --- add PredictValue Finish ---"
[1] "2022-02-26 09:54:44 --- final Start ---"
[1] "--------------------------------------------------------------------------------"
[1] "nrow(OutputDataSet) final=47952"
[1] "--------------------------------------------------------------------------------"
[1] "str(OutputDataSet)="
'data.frame':	47952 obs. of  3 variables:
 $ RaceHorse.RaceId  : Factor w/ 3444 levels "20160105-06-01-01-03",..: 1 1 1 1 1 1 1 1 1 1 ...
 $ RaceHorse.KettoNum: Factor w/ 9655 levels "2012105911","2012102781",..: 1 2 3 4 5 6 7 8 9 10 ...
 $ PredictValue      : num  0.01532 0.06516 0.16074 0.00969 0.09905 ...
NULL
[1] "2022-02-26 09:54:44 --- final Finish ---"
[1] "2022-02-26 09:54:44 --- predict.R Finished ---"
[1] "2022-02-26 09:54:44 --- log Finish ---"
