[1] "2022-02-10 23:12:58 --- D1115_analyze_glm_Horse_IsHitA_Type35 Start ---"
[1] "2022-02-10 23:12:58 --- Log Start ---"
[1] "2022-02-10 23:12:58 --- analyze_glm.R Start ---"
[1] "analyzeVersion=D1115"
[1] "analyzeCategory=analyze"
[1] "analyzeType=Horse"
[1] "analyzeFamily=IsHitA"
[1] "analyzeFunc=glm"
[1] "analyzeTrackTypeCd=3"
[1] "analyzeJyokenCd=5"
[1] "2022-02-10 23:12:58 --- source_function.R Start ---"
[1] "2022-02-10 23:12:58 --- source_function.R Finished ---"

> print(paste0(Sys.time(), " --- source_library.R Start ---"))
[1] "2022-02-10 23:12:58 --- source_library.R Start ---"

> require("RevoScaleR")

> print(paste0(Sys.time(), " --- source_library.R Finished ---"))
[1] "2022-02-10 23:12:58 --- source_library.R Finished ---"
[1] "2022-02-10 23:12:58 --- RxSqlServerData Start ---"
[1] "sqlQuery=SELECT * FROM ViewAnalyzeD1115analyze01HorseType35"
Rows Read: 6444, Total Rows Processed: 6444, Total Chunk Time: 0.883 seconds 
[1] "head(data)="
           Race.RaceId Race.IsPredictedRace Race.IsAnalyzeNormalPastAndFuture
1 20160321-07-02-04-04                 TRUE                              TRUE
2 20160327-09-02-02-04                 TRUE                              TRUE
3 20160403-06-03-04-04                 TRUE                              TRUE
4 20160409-03-01-01-04                 TRUE                              TRUE
5 20160410-03-01-02-04                 TRUE                              TRUE
6 20160417-03-01-04-04                 TRUE                              TRUE
  Race.IsAnalyzeNormalPast Race.IsAnalyzeNormalFuture
1                     TRUE                      FALSE
2                     TRUE                      FALSE
3                     TRUE                      FALSE
4                     TRUE                      FALSE
5                     TRUE                      FALSE
6                     TRUE                      FALSE
  Race.IsAnalyzeFullPastAndFuture Race.IsAnalyzeFullPast
1                            TRUE                   TRUE
2                            TRUE                   TRUE
3                            TRUE                   TRUE
4                            TRUE                   TRUE
5                            TRUE                   TRUE
6                            TRUE                   TRUE
  Race.IsAnalyzeFullFuture Race.JyokenCd Race.JyoType1Cd   Race.RaceType0Cd
1                    FALSE             5     3-07-3000-2 3-07-3000-2-5-X-19
2                    FALSE             5     3-09-2970-1 3-09-2970-1-5-X-19
3                    FALSE             5     3-06-2880-1 3-06-2880-1-5-X-19
4                    FALSE             5     3-03-2750-1 3-03-2750-1-5-X-19
5                    FALSE             5     3-03-2750-1 3-03-2750-1-5-X-19
6                    FALSE             5     3-03-2750-1 3-03-2750-1-5-X-19
  Race.RaceType1Cd Race.RaceType2Cd Race.RaceType3Cd Race.RaceType4Cd
1            3-5-X            3-5-X           5-X-19           3-5-19
2            3-5-X            3-5-X           5-X-19           3-5-19
3            3-5-X            3-5-X           5-X-19           3-5-19
4            3-5-X            3-5-X           5-X-19           3-5-19
5            3-5-X            3-5-X           5-X-19           3-5-19
6            3-5-X            3-5-X           5-X-19           3-5-19
      RaceHorse.RaceId RaceHorse.KettoNum RaceHorse.IsHit1 RaceHorse.IsHit2
1 20160321-07-02-04-04         2011104481                0                0
2 20160327-09-02-02-04         2008100495                0                0
3 20160403-06-03-04-04         2011106181                0                0
4 20160409-03-01-01-04         2011105272                0                0
5 20160410-03-01-02-04         2005105204                0                0
6 20160417-03-01-04-04         2012104082                0                0
  RaceHorse.IsHit3 RaceHorse.IsHit4 RaceHorse.IsHit5 RaceHorse.IsHit6
1                1                0                0                0
2                0                1                0                0
3                0                1                0                0
4                0                0                1                0
5                0                1                0                0
6                0                0                0                1
  RaceHorse.IsValidRaceHorse RaceHorse.IsHitA RaceHorse.IsHitB RaceHorse.IsHitC
1                       TRUE                0                0                1
2                       TRUE                0                0                0
3                       TRUE                0                0                0
4                       TRUE                0                0                0
5                       TRUE                0                0                0
6                       TRUE                0                0                0
  Horse.PrevKettoNum Horse.TimeDvByRaceAvg Horse.TimeDvByRaceMax Horse.RunCount
1         2011104481                    54                    65             15
2         2008100495                    51                    70             40
3         2011106181                    51                    62             19
4         2011105272                    51                    61             24
5         2005105204                    50                    68             35
6         2012104082                    53                    66             10
  Horse.HitCount1 Horse.HitCount2 Horse.HitCount3 Horse.HitCount4
1               1               2               3               1
2               6               2               5               2
3               0               3               0               1
4               1               1               4               1
5               1               3               3               0
6               0               1               0               1
  Horse.HitCount5 Horse.HitRate1 Horse.HitRate2 Horse.HitRate3 Horse.HitRate4
1               2           0.07           0.13           0.20           0.07
2               1           0.15           0.05           0.12           0.05
3               2           0.00           0.16           0.00           0.05
4               2           0.04           0.04           0.17           0.04
5               1           0.03           0.09           0.09           0.00
6               1           0.00           0.10           0.00           0.10
  Horse.HitRate5 EOF
1           0.13   1
2           0.02   1
3           0.11   1
4           0.08   1
5           0.03   1
6           0.10   1
[1] "object.size(data) auto=1.6 Mb"
[1] "--------------------------------------------------------------------------------"
[1] "nrow(data) RxSqlServerData=6444"
[1] "--------------------------------------------------------------------------------"
[1] "str(data)="
'data.frame':	6444 obs. of  42 variables:
 $ Race.RaceId                      : Factor w/ 517 levels "20160321-07-02-04-04",..: 1 2 3 4 5 6 7 8 9 10 ...
 $ Race.IsPredictedRace             : logi  TRUE TRUE TRUE TRUE TRUE TRUE ...
 $ Race.IsAnalyzeNormalPastAndFuture: logi  TRUE TRUE TRUE TRUE TRUE TRUE ...
 $ Race.IsAnalyzeNormalPast         : logi  TRUE TRUE TRUE TRUE TRUE TRUE ...
 $ Race.IsAnalyzeNormalFuture       : logi  FALSE FALSE FALSE FALSE FALSE FALSE ...
 $ Race.IsAnalyzeFullPastAndFuture  : logi  TRUE TRUE TRUE TRUE TRUE TRUE ...
 $ Race.IsAnalyzeFullPast           : logi  TRUE TRUE TRUE TRUE TRUE TRUE ...
 $ Race.IsAnalyzeFullFuture         : logi  FALSE FALSE FALSE FALSE FALSE FALSE ...
 $ Race.JyokenCd                    : Factor w/ 1 level "5": 1 1 1 1 1 1 1 1 1 1 ...
 $ Race.JyoType1Cd                  : Factor w/ 36 levels "3-07-3000-2",..: 1 2 3 4 4 4 5 6 6 7 ...
 $ Race.RaceType0Cd                 : Factor w/ 52 levels "3-07-3000-2-5-X-19",..: 1 2 3 4 4 4 5 6 6 7 ...
 $ Race.RaceType1Cd                 : Factor w/ 1 level "3-5-X": 1 1 1 1 1 1 1 1 1 1 ...
 $ Race.RaceType2Cd                 : Factor w/ 1 level "3-5-X": 1 1 1 1 1 1 1 1 1 1 ...
 $ Race.RaceType3Cd                 : Factor w/ 2 levels "5-X-19","5-X-18": 1 1 1 1 1 1 1 1 1 1 ...
 $ Race.RaceType4Cd                 : Factor w/ 2 levels "3-5-19","3-5-18": 1 1 1 1 1 1 1 1 1 1 ...
 $ RaceHorse.RaceId                 : Factor w/ 517 levels "20160321-07-02-04-04",..: 1 2 3 4 5 6 7 8 9 10 ...
 $ RaceHorse.KettoNum               : Factor w/ 1908 levels "2012100996","2009106523",..: 11 12 13 14 15 16 7 8 17 18 ...
 $ RaceHorse.IsHit1                 : int  0 0 0 0 0 0 0 0 0 0 ...
 $ RaceHorse.IsHit2                 : int  0 0 0 0 0 0 0 0 0 0 ...
 $ RaceHorse.IsHit3                 : int  1 0 0 0 0 0 0 0 0 0 ...
 $ RaceHorse.IsHit4                 : int  0 1 1 0 1 0 0 0 0 0 ...
 $ RaceHorse.IsHit5                 : int  0 0 0 1 0 0 0 0 0 0 ...
 $ RaceHorse.IsHit6                 : int  0 0 0 0 0 1 1 1 1 0 ...
 $ RaceHorse.IsValidRaceHorse       : logi  TRUE TRUE TRUE TRUE TRUE TRUE ...
 $ RaceHorse.IsHitA                 : int  0 0 0 0 0 0 0 0 0 0 ...
 $ RaceHorse.IsHitB                 : int  0 0 0 0 0 0 0 0 0 0 ...
 $ RaceHorse.IsHitC                 : int  1 0 0 0 0 0 0 0 0 0 ...
 $ Horse.PrevKettoNum               : Factor w/ 1908 levels "2012100996","2009106523",..: 11 12 13 14 15 16 7 8 17 18 ...
 $ Horse.TimeDvByRaceAvg            : num  53.8 51 50.6 50.8 50.3 ...
 $ Horse.TimeDvByRaceMax            : num  65.1 70 61.7 60.9 68.4 ...
 $ Horse.RunCount                   : int  15 40 19 24 35 10 13 27 15 17 ...
 $ Horse.HitCount1                  : int  1 6 0 1 1 0 1 1 0 0 ...
 $ Horse.HitCount2                  : int  2 2 3 1 3 1 0 0 2 1 ...
 $ Horse.HitCount3                  : int  3 5 0 4 3 0 0 3 1 0 ...
 $ Horse.HitCount4                  : int  1 2 1 1 0 1 0 1 1 2 ...
 $ Horse.HitCount5                  : int  2 1 2 2 1 1 0 3 0 4 ...
 $ Horse.HitRate1                   : num  0.0667 0.15 0 0.0417 0.0286 ...
 $ Horse.HitRate2                   : num  0.1333 0.05 0.1579 0.0417 0.0857 ...
 $ Horse.HitRate3                   : num  0.2 0.125 0 0.1667 0.0857 ...
 $ Horse.HitRate4                   : num  0.0667 0.05 0.0526 0.0417 0 ...
 $ Horse.HitRate5                   : num  0.1333 0.025 0.1053 0.0833 0.0286 ...
 $ EOF                              : int  1 1 1 1 1 1 1 1 1 1 ...
[1] "2022-02-10 23:13:02 --- RxSqlServerData Finish ---"
[1] "2022-02-10 23:13:02 --- subset Start ---"
[1] "--------------------------------------------------------------------------------"
[1] "nrow(data) subset before=6444"
[1] "nrow(data) subset after =4963"
[1] "nrow(data) subset diff =1481"
[1] "--------------------------------------------------------------------------------"
[1] "2022-02-10 23:13:02 --- subset Finish---"
[1] "2022-02-10 23:13:02 --- transform Start ---"
[1] "--------------------------------------------------------------------------------"
[1] "nrow(data) transform before=4963"
[1] "nrow(data) transform after=4963"
[1] "nrow(data) transform diff=0"
[1] "--------------------------------------------------------------------------------"
[1] "str(data)="
'data.frame':	4963 obs. of  42 variables:
 $ Race.RaceId                      : Factor w/ 517 levels "20160321-07-02-04-04",..: 1 2 3 4 5 6 7 8 9 11 ...
 $ Race.IsPredictedRace             : logi  TRUE TRUE TRUE TRUE TRUE TRUE ...
 $ Race.IsAnalyzeNormalPastAndFuture: logi  TRUE TRUE TRUE TRUE TRUE TRUE ...
 $ Race.IsAnalyzeNormalPast         : logi  TRUE TRUE TRUE TRUE TRUE TRUE ...
 $ Race.IsAnalyzeNormalFuture       : logi  FALSE FALSE FALSE FALSE FALSE FALSE ...
 $ Race.IsAnalyzeFullPastAndFuture  : logi  TRUE TRUE TRUE TRUE TRUE TRUE ...
 $ Race.IsAnalyzeFullPast           : logi  TRUE TRUE TRUE TRUE TRUE TRUE ...
 $ Race.IsAnalyzeFullFuture         : logi  FALSE FALSE FALSE FALSE FALSE FALSE ...
 $ Race.JyokenCd                    : Factor w/ 1 level "5": 1 1 1 1 1 1 1 1 1 1 ...
 $ Race.JyoType1Cd                  : Factor w/ 36 levels "3-07-3000-2",..: 1 2 3 4 4 4 5 6 6 8 ...
 $ Race.RaceType0Cd                 : Factor w/ 52 levels "3-07-3000-2-5-X-19",..: 1 2 3 4 4 4 5 6 6 8 ...
 $ Race.RaceType1Cd                 : Factor w/ 1 level "3-5-X": 1 1 1 1 1 1 1 1 1 1 ...
 $ Race.RaceType2Cd                 : Factor w/ 1 level "3-5-X": 1 1 1 1 1 1 1 1 1 1 ...
 $ Race.RaceType3Cd                 : Factor w/ 2 levels "5-X-19","5-X-18": 1 1 1 1 1 1 1 1 1 1 ...
 $ Race.RaceType4Cd                 : Factor w/ 2 levels "3-5-19","3-5-18": 1 1 1 1 1 1 1 1 1 1 ...
 $ RaceHorse.RaceId                 : Factor w/ 517 levels "20160321-07-02-04-04",..: 1 2 3 4 5 6 7 8 9 11 ...
 $ RaceHorse.KettoNum               : Factor w/ 1908 levels "2012100996","2009106523",..: 11 12 13 14 15 16 7 8 17 19 ...
 $ RaceHorse.IsHit1                 : int  0 0 0 0 0 0 0 0 0 0 ...
 $ RaceHorse.IsHit2                 : int  0 0 0 0 0 0 0 0 0 0 ...
 $ RaceHorse.IsHit3                 : int  1 0 0 0 0 0 0 0 0 0 ...
 $ RaceHorse.IsHit4                 : int  0 1 1 0 1 0 0 0 0 0 ...
 $ RaceHorse.IsHit5                 : int  0 0 0 1 0 0 0 0 0 0 ...
 $ RaceHorse.IsHit6                 : int  0 0 0 0 0 1 1 1 1 1 ...
 $ RaceHorse.IsValidRaceHorse       : logi  TRUE TRUE TRUE TRUE TRUE TRUE ...
 $ RaceHorse.IsHitA                 : int  0 0 0 0 0 0 0 0 0 0 ...
 $ RaceHorse.IsHitB                 : int  0 0 0 0 0 0 0 0 0 0 ...
 $ RaceHorse.IsHitC                 : int  1 0 0 0 0 0 0 0 0 0 ...
 $ Horse.PrevKettoNum               : Factor w/ 1908 levels "2012100996","2009106523",..: 11 12 13 14 15 16 7 8 17 19 ...
 $ Horse.TimeDvByRaceAvg            : num  53.8 51 50.6 50.8 50.3 ...
 $ Horse.TimeDvByRaceMax            : num  65.1 70 61.7 60.9 68.4 ...
 $ Horse.RunCount                   : int  15 40 19 24 35 10 13 27 15 29 ...
 $ Horse.HitCount1                  : int  1 6 0 1 1 0 1 1 0 0 ...
 $ Horse.HitCount2                  : int  2 2 3 1 3 1 0 0 2 3 ...
 $ Horse.HitCount3                  : int  3 5 0 4 3 0 0 3 1 1 ...
 $ Horse.HitCount4                  : int  1 2 1 1 0 1 0 1 1 7 ...
 $ Horse.HitCount5                  : int  2 1 2 2 1 1 0 3 0 3 ...
 $ Horse.HitRate1                   : num  0.0667 0.15 0 0.0417 0.0286 ...
 $ Horse.HitRate2                   : num  0.1333 0.05 0.1579 0.0417 0.0857 ...
 $ Horse.HitRate3                   : num  0.2 0.125 0 0.1667 0.0857 ...
 $ Horse.HitRate4                   : num  0.0667 0.05 0.0526 0.0417 0 ...
 $ Horse.HitRate5                   : num  0.1333 0.025 0.1053 0.0833 0.0286 ...
 $ EOF                              : int  1 1 1 1 1 1 1 1 1 1 ...
NULL
[1] "2022-02-10 23:13:02 --- transform Finish ---"
[1] "2022-02-10 23:13:02 --- na.omit Start ---"
[1] "--------------------------------------------------------------------------------"
[1] "nrow(data) na.omit before=4963"
[1] "nrow(data) na.omit after =4963"
[1] "nrow(data) na.omit diff =0"
[1] "--------------------------------------------------------------------------------"
'data.frame':	4963 obs. of  42 variables:
 $ Race.RaceId                      : Factor w/ 517 levels "20160321-07-02-04-04",..: 1 2 3 4 5 6 7 8 9 11 ...
 $ Race.IsPredictedRace             : logi  TRUE TRUE TRUE TRUE TRUE TRUE ...
 $ Race.IsAnalyzeNormalPastAndFuture: logi  TRUE TRUE TRUE TRUE TRUE TRUE ...
 $ Race.IsAnalyzeNormalPast         : logi  TRUE TRUE TRUE TRUE TRUE TRUE ...
 $ Race.IsAnalyzeNormalFuture       : logi  FALSE FALSE FALSE FALSE FALSE FALSE ...
 $ Race.IsAnalyzeFullPastAndFuture  : logi  TRUE TRUE TRUE TRUE TRUE TRUE ...
 $ Race.IsAnalyzeFullPast           : logi  TRUE TRUE TRUE TRUE TRUE TRUE ...
 $ Race.IsAnalyzeFullFuture         : logi  FALSE FALSE FALSE FALSE FALSE FALSE ...
 $ Race.JyokenCd                    : Factor w/ 1 level "5": 1 1 1 1 1 1 1 1 1 1 ...
 $ Race.JyoType1Cd                  : Factor w/ 36 levels "3-07-3000-2",..: 1 2 3 4 4 4 5 6 6 8 ...
 $ Race.RaceType0Cd                 : Factor w/ 52 levels "3-07-3000-2-5-X-19",..: 1 2 3 4 4 4 5 6 6 8 ...
 $ Race.RaceType1Cd                 : Factor w/ 1 level "3-5-X": 1 1 1 1 1 1 1 1 1 1 ...
 $ Race.RaceType2Cd                 : Factor w/ 1 level "3-5-X": 1 1 1 1 1 1 1 1 1 1 ...
 $ Race.RaceType3Cd                 : Factor w/ 2 levels "5-X-19","5-X-18": 1 1 1 1 1 1 1 1 1 1 ...
 $ Race.RaceType4Cd                 : Factor w/ 2 levels "3-5-19","3-5-18": 1 1 1 1 1 1 1 1 1 1 ...
 $ RaceHorse.RaceId                 : Factor w/ 517 levels "20160321-07-02-04-04",..: 1 2 3 4 5 6 7 8 9 11 ...
 $ RaceHorse.KettoNum               : Factor w/ 1908 levels "2012100996","2009106523",..: 11 12 13 14 15 16 7 8 17 19 ...
 $ RaceHorse.IsHit1                 : int  0 0 0 0 0 0 0 0 0 0 ...
 $ RaceHorse.IsHit2                 : int  0 0 0 0 0 0 0 0 0 0 ...
 $ RaceHorse.IsHit3                 : int  1 0 0 0 0 0 0 0 0 0 ...
 $ RaceHorse.IsHit4                 : int  0 1 1 0 1 0 0 0 0 0 ...
 $ RaceHorse.IsHit5                 : int  0 0 0 1 0 0 0 0 0 0 ...
 $ RaceHorse.IsHit6                 : int  0 0 0 0 0 1 1 1 1 1 ...
 $ RaceHorse.IsValidRaceHorse       : logi  TRUE TRUE TRUE TRUE TRUE TRUE ...
 $ RaceHorse.IsHitA                 : int  0 0 0 0 0 0 0 0 0 0 ...
 $ RaceHorse.IsHitB                 : int  0 0 0 0 0 0 0 0 0 0 ...
 $ RaceHorse.IsHitC                 : int  1 0 0 0 0 0 0 0 0 0 ...
 $ Horse.PrevKettoNum               : Factor w/ 1908 levels "2012100996","2009106523",..: 11 12 13 14 15 16 7 8 17 19 ...
 $ Horse.TimeDvByRaceAvg            : num  53.8 51 50.6 50.8 50.3 ...
 $ Horse.TimeDvByRaceMax            : num  65.1 70 61.7 60.9 68.4 ...
 $ Horse.RunCount                   : int  15 40 19 24 35 10 13 27 15 29 ...
 $ Horse.HitCount1                  : int  1 6 0 1 1 0 1 1 0 0 ...
 $ Horse.HitCount2                  : int  2 2 3 1 3 1 0 0 2 3 ...
 $ Horse.HitCount3                  : int  3 5 0 4 3 0 0 3 1 1 ...
 $ Horse.HitCount4                  : int  1 2 1 1 0 1 0 1 1 7 ...
 $ Horse.HitCount5                  : int  2 1 2 2 1 1 0 3 0 3 ...
 $ Horse.HitRate1                   : num  0.0667 0.15 0 0.0417 0.0286 ...
 $ Horse.HitRate2                   : num  0.1333 0.05 0.1579 0.0417 0.0857 ...
 $ Horse.HitRate3                   : num  0.2 0.125 0 0.1667 0.0857 ...
 $ Horse.HitRate4                   : num  0.0667 0.05 0.0526 0.0417 0 ...
 $ Horse.HitRate5                   : num  0.1333 0.025 0.1053 0.0833 0.0286 ...
 $ EOF                              : int  1 1 1 1 1 1 1 1 1 1 ...
[1] "2022-02-10 23:13:02 --- na.omit Finish ---"
[1] "2022-02-10 23:13:02 --- rxGlm with rxStepControl Start ---"
[1] "2022-02-10 23:13:02 --- source_logic_glm.R Start ---"
[1] "2022-02-10 23:13:02 --- source_logic_glm.R Finished ---"
Rows Read: 4963, Total Rows Processed: 4963, Total Chunk Time: 0.002 seconds 

Starting values (iteration 1) time: 0.017 secs.
Rows Read: 4963, Total Rows Processed: 4963, Total Chunk Time: Less than .001 seconds 

Iteration 2 time: 0.005 secs.
Rows Read: 4963, Total Rows Processed: 4963, Total Chunk Time: 0.002 seconds 

Iteration 3 time: 0.005 secs.
Rows Read: 4963, Total Rows Processed: 4963, Total Chunk Time: 0.001 seconds 

Iteration 4 time: 0.006 secs.
Rows Read: 4963, Total Rows Processed: 4963, Total Chunk Time: 0.002 seconds 

Iteration 5 time: 0.004 secs.

Elapsed computation time: 0.050 secs.
Rows Read: 4963, Total Rows Processed: 4963, Total Chunk Time: Less than .001 seconds 

Starting values (iteration 1) time: 0.005 secs.
Rows Read: 4963, Total Rows Processed: 4963, Total Chunk Time: 0.001 seconds 

Iteration 2 time: 0.005 secs.
Rows Read: 4963, Total Rows Processed: 4963, Total Chunk Time: 0.002 seconds 

Iteration 3 time: 0.003 secs.
Rows Read: 4963, Total Rows Processed: 4963, Total Chunk Time: 0.001 seconds 

Iteration 4 time: 0.004 secs.
Rows Read: 4963, Total Rows Processed: 4963, Total Chunk Time: 0.002 seconds 

Iteration 5 time: 0.003 secs.

Elapsed computation time: 0.039 secs.
Rows Read: 4963, Total Rows Processed: 4963, Total Chunk Time: Less than .001 seconds 

Starting values (iteration 1) time: 0.005 secs.
Rows Read: 4963, Total Rows Processed: 4963, Total Chunk Time: Less than .001 seconds 

Iteration 2 time: 0.005 secs.
Rows Read: 4963, Total Rows Processed: 4963, Total Chunk Time: 0.001 seconds 

Iteration 3 time: 0.004 secs.
Rows Read: 4963, Total Rows Processed: 4963, Total Chunk Time: Less than .001 seconds 

Iteration 4 time: 0.004 secs.
Rows Read: 4963, Total Rows Processed: 4963, Total Chunk Time: Less than .001 seconds 

Iteration 5 time: 0.004 secs.

Elapsed computation time: 0.039 secs.
Rows Read: 4963, Total Rows Processed: 4963, Total Chunk Time: Less than .001 seconds 

Starting values (iteration 1) time: 0.004 secs.
Rows Read: 4963, Total Rows Processed: 4963, Total Chunk Time: 0.001 seconds 

Iteration 2 time: 0.005 secs.
Rows Read: 4963, Total Rows Processed: 4963, Total Chunk Time: 0.002 seconds 

Iteration 3 time: 0.004 secs.
Rows Read: 4963, Total Rows Processed: 4963, Total Chunk Time: 0.002 seconds 

Iteration 4 time: 0.004 secs.
Rows Read: 4963, Total Rows Processed: 4963, Total Chunk Time: 0.001 seconds 

Iteration 5 time: 0.003 secs.

Elapsed computation time: 0.041 secs.
Rows Read: 4963, Total Rows Processed: 4963, Total Chunk Time: Less than .001 seconds 

Starting values (iteration 1) time: 0.005 secs.
Rows Read: 4963, Total Rows Processed: 4963, Total Chunk Time: 0.002 seconds 

Iteration 2 time: 0.005 secs.
Rows Read: 4963, Total Rows Processed: 4963, Total Chunk Time: Less than .001 seconds 

Iteration 3 time: 0.004 secs.
Rows Read: 4963, Total Rows Processed: 4963, Total Chunk Time: Less than .001 seconds 

Iteration 4 time: 0.003 secs.
Rows Read: 4963, Total Rows Processed: 4963, Total Chunk Time: 0.001 seconds 

Iteration 5 time: 0.003 secs.

Elapsed computation time: 0.041 secs.
Rows Read: 4963, Total Rows Processed: 4963, Total Chunk Time: 0.001 seconds 

Starting values (iteration 1) time: 0.005 secs.
Rows Read: 4963, Total Rows Processed: 4963, Total Chunk Time: 0.001 seconds 

Iteration 2 time: 0.005 secs.
Rows Read: 4963, Total Rows Processed: 4963, Total Chunk Time: Less than .001 seconds 

Iteration 3 time: 0.003 secs.
Rows Read: 4963, Total Rows Processed: 4963, Total Chunk Time: 0.002 seconds 

Iteration 4 time: 0.004 secs.
Rows Read: 4963, Total Rows Processed: 4963, Total Chunk Time: 0.001 seconds 

Iteration 5 time: 0.003 secs.

Elapsed computation time: 0.038 secs.
Rows Read: 4963, Total Rows Processed: 4963, Total Chunk Time: Less than .001 seconds 

Starting values (iteration 1) time: 0.004 secs.
Rows Read: 4963, Total Rows Processed: 4963, Total Chunk Time: 0.001 seconds 

Iteration 2 time: 0.005 secs.
Rows Read: 4963, Total Rows Processed: 4963, Total Chunk Time: Less than .001 seconds 

Iteration 3 time: 0.004 secs.
Rows Read: 4963, Total Rows Processed: 4963, Total Chunk Time: 0.001 seconds 

Iteration 4 time: 0.003 secs.
Rows Read: 4963, Total Rows Processed: 4963, Total Chunk Time: 0.001 seconds 

Iteration 5 time: 0.005 secs.

Elapsed computation time: 0.040 secs.

Elapsed computation time: 0.315 secs.
[1] "analyze.results.glm.step="
Logistic Regression Results for: RaceHorse.IsHitA ~ Horse.HitRate1 +
    Horse.HitRate2 + Horse.HitRate3 + Horse.HitRate4 + Horse.HitRate5
Data: data
Dependent variable(s): RaceHorse.IsHitA
Total independent variables: 6 
Number of valid observations: 4963
Number of missing observations: 0 
 
Coefficients:
               RaceHorse.IsHitA
(Intercept)                  -3
Horse.HitRate1                4
Horse.HitRate2                5
Horse.HitRate3                2
Horse.HitRate4                3
Horse.HitRate5                2
[1] "analyze.results.glm.step.summary"
Call:
rxLogit(formula = form, data = data, variableSelection = analyze.results.glm.step.varsel)

Logistic Regression Results for: RaceHorse.IsHitA ~ Horse.HitRate1 +
    Horse.HitRate2 + Horse.HitRate3 + Horse.HitRate4 + Horse.HitRate5
Data: data
Dependent variable(s): RaceHorse.IsHitA
Total independent variables: 6 
Number of valid observations: 4963
Number of missing observations: 0 
-2*LogLikelihood: 2726.656 (Residual deviance on 4957 degrees of freedom)
 
Coefficients:
               Estimate Std. Error z value Pr(>|z|)    
(Intercept)      -3.470      0.134  -25.98  2.2e-16 ***
Horse.HitRate1    4.227      0.889    4.75  2.0e-06 ***
Horse.HitRate2    5.233      0.687    7.62  2.2e-16 ***
Horse.HitRate3    1.647      0.677    2.43    0.015 *  
Horse.HitRate4    2.776      0.706    3.93  8.3e-05 ***
Horse.HitRate5    1.724      0.783    2.20    0.028 *  
---
Signif. codes:  0 '***' 0.001 '**' 0.01 '*' 0.05 '.' 0.1 ' ' 1

Condition number of final variance-covariance matrix: 2 
Number of iterations: 5
[1] "2022-02-10 23:13:03 --- rxGlm with rxStepControl Finish ---"
[1] "2022-02-10 23:13:03 --- rxStepPlot Start ---"
[1] "pdfFilename=pdf_analyze_glm_Horse_Type35_rxStepPlot.pdf"
[1] "rxStepPlot="
[1] "2022-02-10 23:13:03 --- rxStepPlot Finish ---"
[1] "2022-02-10 23:13:03 --- save.image Start ---"
[1] "save.image"
[1] "rdataFilename=RData_analyze_glm_Horse_Type35.RData"
[1] "2022-02-10 23:13:03 --- save.image Finish ---"
[1] "2022-02-10 23:13:03 --- final Start ---"
[1] "--------------------------------------------------------------------------------"
[1] "nrow(data) final=4963"
[1] "--------------------------------------------------------------------------------"
[1] "2022-02-10 23:13:03 --- final Finish ---"
[1] "2022-02-10 23:13:03 --- analyze_glm.R Finished ---"
[1] "2022-02-10 23:13:03 --- log Finish ---"
