[1] "2022-02-10 00:34:50 --- D1115_analyze_glm_Gen02_IsHitA_Type35 Start ---"
[1] "2022-02-10 00:34:50 --- Log Start ---"
[1] "2022-02-10 00:34:50 --- analyze_glm.R Start ---"
[1] "analyzeVersion=D1115"
[1] "analyzeCategory=analyze"
[1] "analyzeType=Gen02"
[1] "analyzeFamily=IsHitA"
[1] "analyzeFunc=glm"
[1] "analyzeTrackTypeCd=3"
[1] "analyzeJyokenCd=5"
[1] "2022-02-10 00:34:50 --- source_function.R Start ---"
[1] "2022-02-10 00:34:50 --- source_function.R Finished ---"

> print(paste0(Sys.time(), " --- source_library.R Start ---"))
[1] "2022-02-10 00:34:50 --- source_library.R Start ---"

> require("RevoScaleR")

> print(paste0(Sys.time(), " --- source_library.R Finished ---"))
[1] "2022-02-10 00:34:51 --- source_library.R Finished ---"
[1] "2022-02-10 00:34:51 --- RxSqlServerData Start ---"
[1] "sqlQuery=SELECT * FROM ViewAnalyzeD1115analyze01Gen02Type35"
Rows Read: 4921, Total Rows Processed: 4921, Total Chunk Time: 40.675 seconds 
[1] "head(data)="
           Race.RaceId Race.IsPredictedRace Race.IsAnalyzeNormalPastAndFuture
1 20180603-09-03-02-04                 TRUE                              TRUE
2 20180603-09-03-02-04                 TRUE                              TRUE
3 20180819-04-02-08-04                 TRUE                              TRUE
4 20180825-04-02-09-04                 TRUE                              TRUE
5 20180603-09-03-02-04                 TRUE                              TRUE
6 20190525-05-02-11-04                 TRUE                              TRUE
  Race.IsAnalyzeNormalPast Race.IsAnalyzeNormalFuture
1                     TRUE                      FALSE
2                     TRUE                      FALSE
3                     TRUE                      FALSE
4                     TRUE                      FALSE
5                     TRUE                      FALSE
6                     TRUE                      FALSE
  Race.IsAnalyzeFullPastAndFuture Race.IsAnalyzeFullPast
1                            TRUE                   TRUE
2                            TRUE                   TRUE
3                            TRUE                   TRUE
4                            TRUE                   TRUE
5                            TRUE                   TRUE
6                            TRUE                   TRUE
  Race.IsAnalyzeFullFuture Race.JyokenCd Race.JyoType1Cd   Race.RaceType0Cd
1                    FALSE             5     3-09-2970-1 3-09-2970-1-5-X-18
2                    FALSE             5     3-09-2970-1 3-09-2970-1-5-X-18
3                    FALSE             5     3-04-2850-1 3-04-2850-1-5-X-18
4                    FALSE             5     3-04-2850-1 3-04-2850-1-5-X-18
5                    FALSE             5     3-09-2970-1 3-09-2970-1-5-X-18
6                    FALSE             5     3-05-3000-1 3-05-3000-1-5-X-19
  Race.RaceType1Cd Race.RaceType2Cd Race.RaceType3Cd Race.RaceType4Cd
1            3-5-X            3-5-X           5-X-18           3-5-18
2            3-5-X            3-5-X           5-X-18           3-5-18
3            3-5-X            3-5-X           5-X-18           3-5-18
4            3-5-X            3-5-X           5-X-18           3-5-18
5            3-5-X            3-5-X           5-X-18           3-5-18
6            3-5-X            3-5-X           5-X-19           3-5-19
      RaceHorse.RaceId RaceHorse.KettoNum RaceHorse.IsHit1 RaceHorse.IsHit2
1 20180603-09-03-02-04         2014100027                0                0
2 20180603-09-03-02-04         2014102321                0                0
3 20180819-04-02-08-04         2013103250                0                0
4 20180825-04-02-09-04         2011105050                1                0
5 20180603-09-03-02-04         2013101779                0                0
6 20190525-05-02-11-04         2013105528                0                0
  RaceHorse.IsHit3 RaceHorse.IsHit4 RaceHorse.IsHit5 RaceHorse.IsHit6
1                0                0                0                1
2                0                0                0                1
3                0                0                0                1
4                0                0                0                0
5                1                0                0                0
6                1                0                0                0
  RaceHorse.IsValidRaceHorse RaceHorse.IsHitA RaceHorse.IsHitB RaceHorse.IsHitC
1                       TRUE                0                0                0
2                       TRUE                0                0                0
3                       TRUE                0                0                0
4                       TRUE                1                1                1
5                       TRUE                0                0                1
6                       TRUE                0                0                1
  Gen02.HansyokuNum Gen02.TimeDvByRaceAvg Gen02.TimeDvByRaceMax Gen02.RunCount
1          12252889                    49                    54              2
2          12258771                    48                    48              1
3          12243382                    61                    61              1
4          12248674                    42                    43              2
5          12251904                    56                    56              1
6          12256310                    50                    50              1
  Gen02.HitCount1 Gen02.HitCount2 Gen02.HitCount3 Gen02.HitCount4
1               1               0               0               0
2               0               0               0               0
3               1               0               0               0
4               0               0               0               0
5               0               0               0               1
6               0               0               0               0
  Gen02.HitCount5 Gen02.HitRate1 Gen02.HitRate2 Gen02.HitRate3 Gen02.HitRate4
1               0            0.5              0              0              0
2               0            0.0              0              0              0
3               0            1.0              0              0              0
4               0            0.0              0              0              0
5               0            0.0              0              0              1
6               0            0.0              0              0              0
  Gen02.HitRate5 EOF
1              0   1
2              0   1
3              0   1
4              0   1
5              0   1
6              0   1
[1] "object.size(data) auto=1.2 Mb"
[1] "--------------------------------------------------------------------------------"
[1] "nrow(data) RxSqlServerData=4921"
[1] "--------------------------------------------------------------------------------"
[1] "str(data)="
'data.frame':	4921 obs. of  42 variables:
 $ Race.RaceId                      : Factor w/ 515 levels "20181223-09-05-08-05",..: 11 11 12 13 11 14 15 16 15 17 ...
 $ Race.IsPredictedRace             : logi  TRUE TRUE TRUE TRUE TRUE TRUE ...
 $ Race.IsAnalyzeNormalPastAndFuture: logi  TRUE TRUE TRUE TRUE TRUE TRUE ...
 $ Race.IsAnalyzeNormalPast         : logi  TRUE TRUE TRUE TRUE TRUE TRUE ...
 $ Race.IsAnalyzeNormalFuture       : logi  FALSE FALSE FALSE FALSE FALSE FALSE ...
 $ Race.IsAnalyzeFullPastAndFuture  : logi  TRUE TRUE TRUE TRUE TRUE TRUE ...
 $ Race.IsAnalyzeFullPast           : logi  TRUE TRUE TRUE TRUE TRUE TRUE ...
 $ Race.IsAnalyzeFullFuture         : logi  FALSE FALSE FALSE FALSE FALSE FALSE ...
 $ Race.JyokenCd                    : Factor w/ 1 level "5": 1 1 1 1 1 1 1 1 1 1 ...
 $ Race.JyoType1Cd                  : Factor w/ 36 levels "3-09-2970-2",..: 3 3 8 8 3 5 9 8 9 1 ...
 $ Race.RaceType0Cd                 : Factor w/ 52 levels "3-09-2970-2-5-X-18",..: 3 3 8 8 3 5 9 8 9 1 ...
 $ Race.RaceType1Cd                 : Factor w/ 1 level "3-5-X": 1 1 1 1 1 1 1 1 1 1 ...
 $ Race.RaceType2Cd                 : Factor w/ 1 level "3-5-X": 1 1 1 1 1 1 1 1 1 1 ...
 $ Race.RaceType3Cd                 : Factor w/ 2 levels "5-X-18","5-X-19": 1 1 1 1 1 2 1 1 1 1 ...
 $ Race.RaceType4Cd                 : Factor w/ 2 levels "3-5-18","3-5-19": 1 1 1 1 1 2 1 1 1 1 ...
 $ RaceHorse.RaceId                 : Factor w/ 515 levels "20181223-09-05-08-05",..: 11 11 12 13 11 14 15 16 15 17 ...
 $ RaceHorse.KettoNum               : Factor w/ 1502 levels "2013103179","2015109099",..: 11 12 13 14 15 16 17 18 19 20 ...
 $ RaceHorse.IsHit1                 : int  0 0 0 1 0 0 0 0 0 0 ...
 $ RaceHorse.IsHit2                 : int  0 0 0 0 0 0 0 0 0 0 ...
 $ RaceHorse.IsHit3                 : int  0 0 0 0 1 1 0 0 1 0 ...
 $ RaceHorse.IsHit4                 : int  0 0 0 0 0 0 0 0 0 0 ...
 $ RaceHorse.IsHit5                 : int  0 0 0 0 0 0 0 0 0 0 ...
 $ RaceHorse.IsHit6                 : int  1 1 1 0 0 0 1 1 0 1 ...
 $ RaceHorse.IsValidRaceHorse       : logi  TRUE TRUE TRUE TRUE TRUE TRUE ...
 $ RaceHorse.IsHitA                 : int  0 0 0 1 0 0 0 0 0 0 ...
 $ RaceHorse.IsHitB                 : int  0 0 0 1 0 0 0 0 0 0 ...
 $ RaceHorse.IsHitC                 : int  0 0 0 1 1 1 0 0 1 0 ...
 $ Gen02.HansyokuNum                : Factor w/ 1344 levels "12255670","12260748",..: 11 12 13 14 15 16 17 18 19 20 ...
 $ Gen02.TimeDvByRaceAvg            : num  49.4 48.4 61.1 41.9 56.3 ...
 $ Gen02.TimeDvByRaceMax            : num  53.9 48.4 61.1 43.5 56.3 ...
 $ Gen02.RunCount                   : int  2 1 1 2 1 1 2 1 1 1 ...
 $ Gen02.HitCount1                  : int  1 0 1 0 0 0 1 0 0 0 ...
 $ Gen02.HitCount2                  : int  0 0 0 0 0 0 0 0 0 0 ...
 $ Gen02.HitCount3                  : int  0 0 0 0 0 0 0 0 0 1 ...
 $ Gen02.HitCount4                  : int  0 0 0 0 1 0 0 0 0 0 ...
 $ Gen02.HitCount5                  : int  0 0 0 0 0 0 0 0 0 0 ...
 $ Gen02.HitRate1                   : num  0.5 0 1 0 0 0 0.5 0 0 0 ...
 $ Gen02.HitRate2                   : num  0 0 0 0 0 0 0 0 0 0 ...
 $ Gen02.HitRate3                   : num  0 0 0 0 0 0 0 0 0 1 ...
 $ Gen02.HitRate4                   : num  0 0 0 0 1 0 0 0 0 0 ...
 $ Gen02.HitRate5                   : num  0 0 0 0 0 0 0 0 0 0 ...
 $ EOF                              : int  1 1 1 1 1 1 1 1 1 1 ...
[1] "2022-02-10 00:36:11 --- RxSqlServerData Finish ---"
[1] "2022-02-10 00:36:11 --- subset Start ---"
[1] "--------------------------------------------------------------------------------"
[1] "nrow(data) subset before=4921"
[1] "nrow(data) subset after =3845"
[1] "nrow(data) subset diff =1076"
[1] "--------------------------------------------------------------------------------"
[1] "2022-02-10 00:36:11 --- subset Finish---"
[1] "2022-02-10 00:36:11 --- transform Start ---"
[1] "--------------------------------------------------------------------------------"
[1] "nrow(data) transform before=3845"
[1] "nrow(data) transform after=3845"
[1] "nrow(data) transform diff=0"
[1] "--------------------------------------------------------------------------------"
[1] "str(data)="
'data.frame':	3845 obs. of  42 variables:
 $ Race.RaceId                      : Factor w/ 515 levels "20181223-09-05-08-05",..: 11 11 12 13 11 14 15 16 15 17 ...
 $ Race.IsPredictedRace             : logi  TRUE TRUE TRUE TRUE TRUE TRUE ...
 $ Race.IsAnalyzeNormalPastAndFuture: logi  TRUE TRUE TRUE TRUE TRUE TRUE ...
 $ Race.IsAnalyzeNormalPast         : logi  TRUE TRUE TRUE TRUE TRUE TRUE ...
 $ Race.IsAnalyzeNormalFuture       : logi  FALSE FALSE FALSE FALSE FALSE FALSE ...
 $ Race.IsAnalyzeFullPastAndFuture  : logi  TRUE TRUE TRUE TRUE TRUE TRUE ...
 $ Race.IsAnalyzeFullPast           : logi  TRUE TRUE TRUE TRUE TRUE TRUE ...
 $ Race.IsAnalyzeFullFuture         : logi  FALSE FALSE FALSE FALSE FALSE FALSE ...
 $ Race.JyokenCd                    : Factor w/ 1 level "5": 1 1 1 1 1 1 1 1 1 1 ...
 $ Race.JyoType1Cd                  : Factor w/ 36 levels "3-09-2970-2",..: 3 3 8 8 3 5 9 8 9 1 ...
 $ Race.RaceType0Cd                 : Factor w/ 52 levels "3-09-2970-2-5-X-18",..: 3 3 8 8 3 5 9 8 9 1 ...
 $ Race.RaceType1Cd                 : Factor w/ 1 level "3-5-X": 1 1 1 1 1 1 1 1 1 1 ...
 $ Race.RaceType2Cd                 : Factor w/ 1 level "3-5-X": 1 1 1 1 1 1 1 1 1 1 ...
 $ Race.RaceType3Cd                 : Factor w/ 2 levels "5-X-18","5-X-19": 1 1 1 1 1 2 1 1 1 1 ...
 $ Race.RaceType4Cd                 : Factor w/ 2 levels "3-5-18","3-5-19": 1 1 1 1 1 2 1 1 1 1 ...
 $ RaceHorse.RaceId                 : Factor w/ 515 levels "20181223-09-05-08-05",..: 11 11 12 13 11 14 15 16 15 17 ...
 $ RaceHorse.KettoNum               : Factor w/ 1502 levels "2013103179","2015109099",..: 11 12 13 14 15 16 17 18 19 20 ...
 $ RaceHorse.IsHit1                 : int  0 0 0 1 0 0 0 0 0 0 ...
 $ RaceHorse.IsHit2                 : int  0 0 0 0 0 0 0 0 0 0 ...
 $ RaceHorse.IsHit3                 : int  0 0 0 0 1 1 0 0 1 0 ...
 $ RaceHorse.IsHit4                 : int  0 0 0 0 0 0 0 0 0 0 ...
 $ RaceHorse.IsHit5                 : int  0 0 0 0 0 0 0 0 0 0 ...
 $ RaceHorse.IsHit6                 : int  1 1 1 0 0 0 1 1 0 1 ...
 $ RaceHorse.IsValidRaceHorse       : logi  TRUE TRUE TRUE TRUE TRUE TRUE ...
 $ RaceHorse.IsHitA                 : int  0 0 0 1 0 0 0 0 0 0 ...
 $ RaceHorse.IsHitB                 : int  0 0 0 1 0 0 0 0 0 0 ...
 $ RaceHorse.IsHitC                 : int  0 0 0 1 1 1 0 0 1 0 ...
 $ Gen02.HansyokuNum                : Factor w/ 1344 levels "12255670","12260748",..: 11 12 13 14 15 16 17 18 19 20 ...
 $ Gen02.TimeDvByRaceAvg            : num  49.4 48.4 61.1 41.9 56.3 ...
 $ Gen02.TimeDvByRaceMax            : num  53.9 48.4 61.1 43.5 56.3 ...
 $ Gen02.RunCount                   : int  2 1 1 2 1 1 2 1 1 1 ...
 $ Gen02.HitCount1                  : int  1 0 1 0 0 0 1 0 0 0 ...
 $ Gen02.HitCount2                  : int  0 0 0 0 0 0 0 0 0 0 ...
 $ Gen02.HitCount3                  : int  0 0 0 0 0 0 0 0 0 1 ...
 $ Gen02.HitCount4                  : int  0 0 0 0 1 0 0 0 0 0 ...
 $ Gen02.HitCount5                  : int  0 0 0 0 0 0 0 0 0 0 ...
 $ Gen02.HitRate1                   : num  0.5 0 1 0 0 0 0.5 0 0 0 ...
 $ Gen02.HitRate2                   : num  0 0 0 0 0 0 0 0 0 0 ...
 $ Gen02.HitRate3                   : num  0 0 0 0 0 0 0 0 0 1 ...
 $ Gen02.HitRate4                   : num  0 0 0 0 1 0 0 0 0 0 ...
 $ Gen02.HitRate5                   : num  0 0 0 0 0 0 0 0 0 0 ...
 $ EOF                              : int  1 1 1 1 1 1 1 1 1 1 ...
NULL
[1] "2022-02-10 00:36:11 --- transform Finish ---"
[1] "2022-02-10 00:36:11 --- na.omit Start ---"
[1] "--------------------------------------------------------------------------------"
[1] "nrow(data) na.omit before=3845"
[1] "nrow(data) na.omit after =3845"
[1] "nrow(data) na.omit diff =0"
[1] "--------------------------------------------------------------------------------"
'data.frame':	3845 obs. of  42 variables:
 $ Race.RaceId                      : Factor w/ 515 levels "20181223-09-05-08-05",..: 11 11 12 13 11 14 15 16 15 17 ...
 $ Race.IsPredictedRace             : logi  TRUE TRUE TRUE TRUE TRUE TRUE ...
 $ Race.IsAnalyzeNormalPastAndFuture: logi  TRUE TRUE TRUE TRUE TRUE TRUE ...
 $ Race.IsAnalyzeNormalPast         : logi  TRUE TRUE TRUE TRUE TRUE TRUE ...
 $ Race.IsAnalyzeNormalFuture       : logi  FALSE FALSE FALSE FALSE FALSE FALSE ...
 $ Race.IsAnalyzeFullPastAndFuture  : logi  TRUE TRUE TRUE TRUE TRUE TRUE ...
 $ Race.IsAnalyzeFullPast           : logi  TRUE TRUE TRUE TRUE TRUE TRUE ...
 $ Race.IsAnalyzeFullFuture         : logi  FALSE FALSE FALSE FALSE FALSE FALSE ...
 $ Race.JyokenCd                    : Factor w/ 1 level "5": 1 1 1 1 1 1 1 1 1 1 ...
 $ Race.JyoType1Cd                  : Factor w/ 36 levels "3-09-2970-2",..: 3 3 8 8 3 5 9 8 9 1 ...
 $ Race.RaceType0Cd                 : Factor w/ 52 levels "3-09-2970-2-5-X-18",..: 3 3 8 8 3 5 9 8 9 1 ...
 $ Race.RaceType1Cd                 : Factor w/ 1 level "3-5-X": 1 1 1 1 1 1 1 1 1 1 ...
 $ Race.RaceType2Cd                 : Factor w/ 1 level "3-5-X": 1 1 1 1 1 1 1 1 1 1 ...
 $ Race.RaceType3Cd                 : Factor w/ 2 levels "5-X-18","5-X-19": 1 1 1 1 1 2 1 1 1 1 ...
 $ Race.RaceType4Cd                 : Factor w/ 2 levels "3-5-18","3-5-19": 1 1 1 1 1 2 1 1 1 1 ...
 $ RaceHorse.RaceId                 : Factor w/ 515 levels "20181223-09-05-08-05",..: 11 11 12 13 11 14 15 16 15 17 ...
 $ RaceHorse.KettoNum               : Factor w/ 1502 levels "2013103179","2015109099",..: 11 12 13 14 15 16 17 18 19 20 ...
 $ RaceHorse.IsHit1                 : int  0 0 0 1 0 0 0 0 0 0 ...
 $ RaceHorse.IsHit2                 : int  0 0 0 0 0 0 0 0 0 0 ...
 $ RaceHorse.IsHit3                 : int  0 0 0 0 1 1 0 0 1 0 ...
 $ RaceHorse.IsHit4                 : int  0 0 0 0 0 0 0 0 0 0 ...
 $ RaceHorse.IsHit5                 : int  0 0 0 0 0 0 0 0 0 0 ...
 $ RaceHorse.IsHit6                 : int  1 1 1 0 0 0 1 1 0 1 ...
 $ RaceHorse.IsValidRaceHorse       : logi  TRUE TRUE TRUE TRUE TRUE TRUE ...
 $ RaceHorse.IsHitA                 : int  0 0 0 1 0 0 0 0 0 0 ...
 $ RaceHorse.IsHitB                 : int  0 0 0 1 0 0 0 0 0 0 ...
 $ RaceHorse.IsHitC                 : int  0 0 0 1 1 1 0 0 1 0 ...
 $ Gen02.HansyokuNum                : Factor w/ 1344 levels "12255670","12260748",..: 11 12 13 14 15 16 17 18 19 20 ...
 $ Gen02.TimeDvByRaceAvg            : num  49.4 48.4 61.1 41.9 56.3 ...
 $ Gen02.TimeDvByRaceMax            : num  53.9 48.4 61.1 43.5 56.3 ...
 $ Gen02.RunCount                   : int  2 1 1 2 1 1 2 1 1 1 ...
 $ Gen02.HitCount1                  : int  1 0 1 0 0 0 1 0 0 0 ...
 $ Gen02.HitCount2                  : int  0 0 0 0 0 0 0 0 0 0 ...
 $ Gen02.HitCount3                  : int  0 0 0 0 0 0 0 0 0 1 ...
 $ Gen02.HitCount4                  : int  0 0 0 0 1 0 0 0 0 0 ...
 $ Gen02.HitCount5                  : int  0 0 0 0 0 0 0 0 0 0 ...
 $ Gen02.HitRate1                   : num  0.5 0 1 0 0 0 0.5 0 0 0 ...
 $ Gen02.HitRate2                   : num  0 0 0 0 0 0 0 0 0 0 ...
 $ Gen02.HitRate3                   : num  0 0 0 0 0 0 0 0 0 1 ...
 $ Gen02.HitRate4                   : num  0 0 0 0 1 0 0 0 0 0 ...
 $ Gen02.HitRate5                   : num  0 0 0 0 0 0 0 0 0 0 ...
 $ EOF                              : int  1 1 1 1 1 1 1 1 1 1 ...
[1] "2022-02-10 00:36:12 --- na.omit Finish ---"
[1] "2022-02-10 00:36:12 --- rxGlm with rxStepControl Start ---"
[1] "2022-02-10 00:36:12 --- source_logic_glm.R Start ---"
[1] "2022-02-10 00:36:12 --- source_logic_glm.R Finished ---"
Rows Read: 3845, Total Rows Processed: 3845, Total Chunk Time: 0.001 seconds 

Starting values (iteration 1) time: 0.010 secs.
Rows Read: 3845, Total Rows Processed: 3845, Total Chunk Time: 0.001 seconds 

Iteration 2 time: 0.006 secs.
Rows Read: 3845, Total Rows Processed: 3845, Total Chunk Time: 0.002 seconds 

Iteration 3 time: 0.005 secs.
Rows Read: 3845, Total Rows Processed: 3845, Total Chunk Time: 0.001 seconds 

Iteration 4 time: 0.004 secs.
Rows Read: 3845, Total Rows Processed: 3845, Total Chunk Time: 0.001 seconds 

Iteration 5 time: 0.004 secs.

Elapsed computation time: 0.058 secs.
Rows Read: 3845, Total Rows Processed: 3845, Total Chunk Time: 0.001 seconds 

Starting values (iteration 1) time: 0.007 secs.
Rows Read: 3845, Total Rows Processed: 3845, Total Chunk Time: 0.001 seconds 

Iteration 2 time: 0.009 secs.

Elapsed computation time: 0.030 secs.
Rows Read: 3845, Total Rows Processed: 3845, Total Chunk Time: Less than .001 seconds 

Starting values (iteration 1) time: 0.006 secs.
Rows Read: 3845, Total Rows Processed: 3845, Total Chunk Time: 0.001 seconds 

Iteration 2 time: 0.007 secs.
Rows Read: 3845, Total Rows Processed: 3845, Total Chunk Time: 0.001 seconds 

Iteration 3 time: 0.006 secs.
Rows Read: 3845, Total Rows Processed: 3845, Total Chunk Time: 0.002 seconds 

Iteration 4 time: 0.005 secs.
Rows Read: 3845, Total Rows Processed: 3845, Total Chunk Time: 0.002 seconds 

Iteration 5 time: 0.006 secs.

Elapsed computation time: 0.069 secs.

Elapsed computation time: 0.175 secs.
[1] "analyze.results.glm.step="
Logistic Regression Results for: RaceHorse.IsHitA ~ Gen02.HitRate1
Data: data
Dependent variable(s): RaceHorse.IsHitA
Total independent variables: 2 
Number of valid observations: 3845
Number of missing observations: 0 
 
Coefficients:
               RaceHorse.IsHitA
(Intercept)                -2.2
Gen02.HitRate1             -0.7
[1] "analyze.results.glm.step.summary"
Call:
rxLogit(formula = form, data = data, variableSelection = analyze.results.glm.step.varsel)

Logistic Regression Results for: RaceHorse.IsHitA ~ Gen02.HitRate1
Data: data
Dependent variable(s): RaceHorse.IsHitA
Total independent variables: 2 
Number of valid observations: 3845
Number of missing observations: 0 
-2*LogLikelihood: 2448.878 (Residual deviance on 3843 degrees of freedom)
 
Coefficients:
               Estimate Std. Error z value Pr(>|z|)    
(Intercept)     -2.1924     0.0565   -38.8  2.2e-16 ***
Gen02.HitRate1  -0.6900     0.3452    -2.0    0.046 *  
---
Signif. codes:  0 '***' 0.001 '**' 0.01 '*' 0.05 '.' 0.1 ' ' 1

Condition number of final variance-covariance matrix: 1 
Number of iterations: 5
[1] "2022-02-10 00:36:12 --- rxGlm with rxStepControl Finish ---"
[1] "2022-02-10 00:36:12 --- rxStepPlot Start ---"
[1] "pdfFilename=pdf_analyze_glm_Gen02_Type35_rxStepPlot.pdf"
[1] "rxStepPlot="
[1] "2022-02-10 00:36:12 --- rxStepPlot Finish ---"
[1] "2022-02-10 00:36:13 --- save.image Start ---"
[1] "save.image"
[1] "rdataFilename=RData_analyze_glm_Gen02_Type35.RData"
[1] "2022-02-10 00:36:13 --- save.image Finish ---"
[1] "2022-02-10 00:36:13 --- final Start ---"
[1] "--------------------------------------------------------------------------------"
[1] "nrow(data) final=3845"
[1] "--------------------------------------------------------------------------------"
[1] "2022-02-10 00:36:13 --- final Finish ---"
[1] "2022-02-10 00:36:13 --- analyze_glm.R Finished ---"
[1] "2022-02-10 00:36:13 --- log Finish ---"
