[1] "2022-02-10 08:14:19 --- D1115_analyze_glm_Jockey_IsHitA_Type23 Start ---"
[1] "2022-02-10 08:14:19 --- Log Start ---"
[1] "2022-02-10 08:14:19 --- analyze_glm.R Start ---"
[1] "analyzeVersion=D1115"
[1] "analyzeCategory=analyze"
[1] "analyzeType=Jockey"
[1] "analyzeFamily=IsHitA"
[1] "analyzeFunc=glm"
[1] "analyzeTrackTypeCd=2"
[1] "analyzeJyokenCd=3"
[1] "2022-02-10 08:14:19 --- source_function.R Start ---"
[1] "2022-02-10 08:14:19 --- source_function.R Finished ---"

> print(paste0(Sys.time(), " --- source_library.R Start ---"))
[1] "2022-02-10 08:14:19 --- source_library.R Start ---"

> require("RevoScaleR")

> print(paste0(Sys.time(), " --- source_library.R Finished ---"))
[1] "2022-02-10 08:14:19 --- source_library.R Finished ---"
[1] "2022-02-10 08:14:19 --- RxSqlServerData Start ---"
[1] "sqlQuery=SELECT * FROM ViewAnalyzeD1115analyze01JockeyType23"
Rows Read: 18808, Total Rows Processed: 18808, Total Chunk Time: 7.995 seconds 
[1] "head(data)="
           Race.RaceId Race.IsPredictedRace Race.IsAnalyzeNormalPastAndFuture
1 20160528-05-02-11-12                 TRUE                              TRUE
2 20180915-06-04-03-10                 TRUE                              TRUE
3 20211228-06-05-09-09                 TRUE                              TRUE
4 20200516-08-03-07-12                 TRUE                              TRUE
5 20180113-06-01-04-08                 TRUE                              TRUE
6 20170918-09-04-05-10                 TRUE                              TRUE
  Race.IsAnalyzeNormalPast Race.IsAnalyzeNormalFuture
1                     TRUE                      FALSE
2                     TRUE                      FALSE
3                    FALSE                       TRUE
4                     TRUE                      FALSE
5                     TRUE                      FALSE
6                     TRUE                      FALSE
  Race.IsAnalyzeFullPastAndFuture Race.IsAnalyzeFullPast
1                            TRUE                   TRUE
2                            TRUE                   TRUE
3                            TRUE                  FALSE
4                            TRUE                   TRUE
5                            TRUE                   TRUE
6                            TRUE                   TRUE
  Race.IsAnalyzeFullFuture Race.JyokenCd Race.JyoType1Cd   Race.RaceType0Cd
1                    FALSE             3     2-05-1600-2 2-05-1600-2-3-X-14
2                    FALSE             3     2-06-2400-2 2-06-2400-2-3-E-13
3                     TRUE             3     2-06-1800-1 2-06-1800-1-3-E-13
4                    FALSE             3     2-08-1800-4 2-08-1800-4-3-X-14
5                    FALSE             3     2-06-1200-1 2-06-1200-1-3-X-14
6                    FALSE             3     2-09-1800-2 2-09-1800-2-3-E-13
  Race.RaceType1Cd Race.RaceType2Cd Race.RaceType3Cd Race.RaceType4Cd
1            2-3-X            2-3-X           3-X-14           2-3-14
2            2-3-E            2-3-E           3-E-13           2-3-13
3            2-3-E            2-3-E           3-E-13           2-3-13
4            2-3-X            2-3-X           3-X-14           2-3-14
5            2-3-X            2-3-X           3-X-14           2-3-14
6            2-3-E            2-3-E           3-E-13           2-3-13
      RaceHorse.RaceId RaceHorse.KettoNum RaceHorse.IsHit1 RaceHorse.IsHit2
1 20160528-05-02-11-12         2011103786                0                0
2 20180915-06-04-03-10         2013100591                0                0
3 20211228-06-05-09-09         2017104488                0                0
4 20200516-08-03-07-12         2015103580                0                0
5 20180113-06-01-04-08         2014104487                0                0
6 20170918-09-04-05-10         2013100904                1                0
  RaceHorse.IsHit3 RaceHorse.IsHit4 RaceHorse.IsHit5 RaceHorse.IsHit6
1                0                0                0                1
2                0                0                0                1
3                0                0                0                1
4                0                0                0                1
5                0                0                0                1
6                0                0                0                0
  RaceHorse.IsValidRaceHorse RaceHorse.IsHitA RaceHorse.IsHitB RaceHorse.IsHitC
1                       TRUE                0                0                0
2                       TRUE                0                0                0
3                       TRUE                0                0                0
4                       TRUE                0                0                0
5                       TRUE                0                0                0
6                       TRUE                1                1                1
  Jockey.KisyuCode Jockey.TimeDvByRaceAvg Jockey.TimeDvByRaceMax
1            05243                     49                     69
2            01043                     51                     73
3            01181                     46                     66
4            01116                     50                     66
5            01077                     50                     67
6            01034                     45                     68
  Jockey.RunCount Jockey.HitCount1 Jockey.HitCount2 Jockey.HitCount3
1              58                4                4                1
2             103                6                6                8
3              26                3                1                0
4              77                7                8                5
5              70                8                2                1
6              63                1                2                1
  Jockey.HitCount4 Jockey.HitCount5 Jockey.HitRate1 Jockey.HitRate2
1                1                3            0.07            0.07
2                9               10            0.06            0.06
3                0                1            0.12            0.04
4                7                5            0.09            0.10
5                5                9            0.11            0.03
6                1                3            0.02            0.03
  Jockey.HitRate3 Jockey.HitRate4 Jockey.HitRate5 EOF
1            0.02            0.02            0.05   1
2            0.08            0.09            0.10   1
3            0.00            0.00            0.04   1
4            0.06            0.09            0.06   1
5            0.01            0.07            0.13   1
6            0.02            0.02            0.05   1
[1] "object.size(data) auto=4.1 Mb"
[1] "--------------------------------------------------------------------------------"
[1] "nrow(data) RxSqlServerData=18808"
[1] "--------------------------------------------------------------------------------"
[1] "str(data)="
'data.frame':	18808 obs. of  42 variables:
 $ Race.RaceId                      : Factor w/ 1279 levels "20170205-05-01-04-12",..: 10 11 12 13 14 15 16 17 18 19 ...
 $ Race.IsPredictedRace             : logi  TRUE TRUE TRUE TRUE TRUE TRUE ...
 $ Race.IsAnalyzeNormalPastAndFuture: logi  TRUE TRUE TRUE TRUE TRUE TRUE ...
 $ Race.IsAnalyzeNormalPast         : logi  TRUE TRUE FALSE TRUE TRUE TRUE ...
 $ Race.IsAnalyzeNormalFuture       : logi  FALSE FALSE TRUE FALSE FALSE FALSE ...
 $ Race.IsAnalyzeFullPastAndFuture  : logi  TRUE TRUE TRUE TRUE TRUE TRUE ...
 $ Race.IsAnalyzeFullPast           : logi  TRUE TRUE FALSE TRUE TRUE TRUE ...
 $ Race.IsAnalyzeFullFuture         : logi  FALSE FALSE TRUE FALSE FALSE FALSE ...
 $ Race.JyokenCd                    : Factor w/ 1 level "3": 1 1 1 1 1 1 1 1 1 1 ...
 $ Race.JyoType1Cd                  : Factor w/ 112 levels "2-05-1300-1",..: 10 11 12 13 7 14 15 16 17 18 ...
 $ Race.RaceType0Cd                 : Factor w/ 280 levels "2-05-1300-1-3-X-14",..: 10 11 12 13 14 15 16 17 18 19 ...
 $ Race.RaceType1Cd                 : Factor w/ 2 levels "2-3-X","2-3-E": 1 2 2 1 1 2 2 1 2 1 ...
 $ Race.RaceType2Cd                 : Factor w/ 2 levels "2-3-X","2-3-E": 1 2 2 1 1 2 2 1 2 1 ...
 $ Race.RaceType3Cd                 : Factor w/ 4 levels "3-X-14","3-E-13",..: 1 2 2 1 1 2 2 3 2 1 ...
 $ Race.RaceType4Cd                 : Factor w/ 2 levels "2-3-14","2-3-13": 1 2 2 1 1 2 2 2 2 1 ...
 $ RaceHorse.RaceId                 : Factor w/ 1279 levels "20170205-05-01-04-12",..: 10 11 12 13 14 15 16 17 18 19 ...
 $ RaceHorse.KettoNum               : Factor w/ 3877 levels "2013101737","2013105481",..: 11 12 13 14 15 16 17 18 19 20 ...
 $ RaceHorse.IsHit1                 : int  0 0 0 0 0 1 0 0 0 0 ...
 $ RaceHorse.IsHit2                 : int  0 0 0 0 0 0 0 0 0 0 ...
 $ RaceHorse.IsHit3                 : int  0 0 0 0 0 0 0 0 0 0 ...
 $ RaceHorse.IsHit4                 : int  0 0 0 0 0 0 0 0 0 0 ...
 $ RaceHorse.IsHit5                 : int  0 0 0 0 0 0 0 0 0 0 ...
 $ RaceHorse.IsHit6                 : int  1 1 1 1 1 0 1 1 1 1 ...
 $ RaceHorse.IsValidRaceHorse       : logi  TRUE TRUE TRUE TRUE TRUE TRUE ...
 $ RaceHorse.IsHitA                 : int  0 0 0 0 0 1 0 0 0 0 ...
 $ RaceHorse.IsHitB                 : int  0 0 0 0 0 1 0 0 0 0 ...
 $ RaceHorse.IsHitC                 : int  0 0 0 0 0 1 0 0 0 0 ...
 $ Jockey.KisyuCode                 : Factor w/ 189 levels "01099","05386",..: 11 12 13 14 15 16 17 18 19 20 ...
 $ Jockey.TimeDvByRaceAvg           : num  48.6 51.5 46.1 49.9 50.5 ...
 $ Jockey.TimeDvByRaceMax           : num  69.4 73.3 66.4 65.9 66.6 ...
 $ Jockey.RunCount                  : int  58 103 26 77 70 63 91 17 78 104 ...
 $ Jockey.HitCount1                 : int  4 6 3 7 8 1 5 4 11 16 ...
 $ Jockey.HitCount2                 : int  4 6 1 8 2 2 7 0 3 8 ...
 $ Jockey.HitCount3                 : int  1 8 0 5 1 1 3 1 3 7 ...
 $ Jockey.HitCount4                 : int  1 9 0 7 5 1 9 1 6 9 ...
 $ Jockey.HitCount5                 : int  3 10 1 5 9 3 6 0 7 13 ...
 $ Jockey.HitRate1                  : num  0.069 0.0583 0.1154 0.0909 0.1143 ...
 $ Jockey.HitRate2                  : num  0.069 0.0583 0.0385 0.1039 0.0286 ...
 $ Jockey.HitRate3                  : num  0.0172 0.0777 0 0.0649 0.0143 ...
 $ Jockey.HitRate4                  : num  0.0172 0.0874 0 0.0909 0.0714 ...
 $ Jockey.HitRate5                  : num  0.0517 0.0971 0.0385 0.0649 0.1286 ...
 $ EOF                              : int  1 1 1 1 1 1 1 1 1 1 ...
[1] "2022-02-10 08:14:38 --- RxSqlServerData Finish ---"
[1] "2022-02-10 08:14:38 --- subset Start ---"
[1] "--------------------------------------------------------------------------------"
[1] "nrow(data) subset before=18808"
[1] "nrow(data) subset after =14782"
[1] "nrow(data) subset diff =4026"
[1] "--------------------------------------------------------------------------------"
[1] "2022-02-10 08:14:38 --- subset Finish---"
[1] "2022-02-10 08:14:38 --- transform Start ---"
[1] "--------------------------------------------------------------------------------"
[1] "nrow(data) transform before=14782"
[1] "nrow(data) transform after=14782"
[1] "nrow(data) transform diff=0"
[1] "--------------------------------------------------------------------------------"
[1] "str(data)="
'data.frame':	14782 obs. of  42 variables:
 $ Race.RaceId                      : Factor w/ 1279 levels "20170205-05-01-04-12",..: 10 11 13 14 15 16 18 19 20 23 ...
 $ Race.IsPredictedRace             : logi  TRUE TRUE TRUE TRUE TRUE TRUE ...
 $ Race.IsAnalyzeNormalPastAndFuture: logi  TRUE TRUE TRUE TRUE TRUE TRUE ...
 $ Race.IsAnalyzeNormalPast         : logi  TRUE TRUE TRUE TRUE TRUE TRUE ...
 $ Race.IsAnalyzeNormalFuture       : logi  FALSE FALSE FALSE FALSE FALSE FALSE ...
 $ Race.IsAnalyzeFullPastAndFuture  : logi  TRUE TRUE TRUE TRUE TRUE TRUE ...
 $ Race.IsAnalyzeFullPast           : logi  TRUE TRUE TRUE TRUE TRUE TRUE ...
 $ Race.IsAnalyzeFullFuture         : logi  FALSE FALSE FALSE FALSE FALSE FALSE ...
 $ Race.JyokenCd                    : Factor w/ 1 level "3": 1 1 1 1 1 1 1 1 1 1 ...
 $ Race.JyoType1Cd                  : Factor w/ 112 levels "2-05-1300-1",..: 10 11 13 7 14 15 17 18 19 10 ...
 $ Race.RaceType0Cd                 : Factor w/ 280 levels "2-05-1300-1-3-X-14",..: 10 11 13 14 15 16 18 19 20 10 ...
 $ Race.RaceType1Cd                 : Factor w/ 2 levels "2-3-X","2-3-E": 1 2 1 1 2 2 2 1 2 1 ...
 $ Race.RaceType2Cd                 : Factor w/ 2 levels "2-3-X","2-3-E": 1 2 1 1 2 2 2 1 2 1 ...
 $ Race.RaceType3Cd                 : Factor w/ 4 levels "3-X-14","3-E-13",..: 1 2 1 1 2 2 2 1 2 1 ...
 $ Race.RaceType4Cd                 : Factor w/ 2 levels "2-3-14","2-3-13": 1 2 1 1 2 2 2 1 2 1 ...
 $ RaceHorse.RaceId                 : Factor w/ 1279 levels "20170205-05-01-04-12",..: 10 11 13 14 15 16 18 19 20 23 ...
 $ RaceHorse.KettoNum               : Factor w/ 3877 levels "2013101737","2013105481",..: 11 12 14 15 16 17 19 20 21 24 ...
 $ RaceHorse.IsHit1                 : int  0 0 0 0 1 0 0 0 0 0 ...
 $ RaceHorse.IsHit2                 : int  0 0 0 0 0 0 0 0 0 0 ...
 $ RaceHorse.IsHit3                 : int  0 0 0 0 0 0 0 0 0 0 ...
 $ RaceHorse.IsHit4                 : int  0 0 0 0 0 0 0 0 0 0 ...
 $ RaceHorse.IsHit5                 : int  0 0 0 0 0 0 0 0 0 1 ...
 $ RaceHorse.IsHit6                 : int  1 1 1 1 0 1 1 1 1 0 ...
 $ RaceHorse.IsValidRaceHorse       : logi  TRUE TRUE TRUE TRUE TRUE TRUE ...
 $ RaceHorse.IsHitA                 : int  0 0 0 0 1 0 0 0 0 0 ...
 $ RaceHorse.IsHitB                 : int  0 0 0 0 1 0 0 0 0 0 ...
 $ RaceHorse.IsHitC                 : int  0 0 0 0 1 0 0 0 0 0 ...
 $ Jockey.KisyuCode                 : Factor w/ 189 levels "01099","05386",..: 11 12 14 15 16 17 19 20 21 23 ...
 $ Jockey.TimeDvByRaceAvg           : num  48.6 51.5 49.9 50.5 45.1 ...
 $ Jockey.TimeDvByRaceMax           : num  69.4 73.3 65.9 66.6 68 ...
 $ Jockey.RunCount                  : int  58 103 77 70 63 91 78 104 49 72 ...
 $ Jockey.HitCount1                 : int  4 6 7 8 1 5 11 16 3 2 ...
 $ Jockey.HitCount2                 : int  4 6 8 2 2 7 3 8 4 2 ...
 $ Jockey.HitCount3                 : int  1 8 5 1 1 3 3 7 0 5 ...
 $ Jockey.HitCount4                 : int  1 9 7 5 1 9 6 9 3 6 ...
 $ Jockey.HitCount5                 : int  3 10 5 9 3 6 7 13 2 3 ...
 $ Jockey.HitRate1                  : num  0.069 0.0583 0.0909 0.1143 0.0159 ...
 $ Jockey.HitRate2                  : num  0.069 0.0583 0.1039 0.0286 0.0317 ...
 $ Jockey.HitRate3                  : num  0.0172 0.0777 0.0649 0.0143 0.0159 ...
 $ Jockey.HitRate4                  : num  0.0172 0.0874 0.0909 0.0714 0.0159 ...
 $ Jockey.HitRate5                  : num  0.0517 0.0971 0.0649 0.1286 0.0476 ...
 $ EOF                              : int  1 1 1 1 1 1 1 1 1 1 ...
NULL
[1] "2022-02-10 08:14:38 --- transform Finish ---"
[1] "2022-02-10 08:14:38 --- na.omit Start ---"
[1] "--------------------------------------------------------------------------------"
[1] "nrow(data) na.omit before=14782"
[1] "nrow(data) na.omit after =14782"
[1] "nrow(data) na.omit diff =0"
[1] "--------------------------------------------------------------------------------"
'data.frame':	14782 obs. of  42 variables:
 $ Race.RaceId                      : Factor w/ 1279 levels "20170205-05-01-04-12",..: 10 11 13 14 15 16 18 19 20 23 ...
 $ Race.IsPredictedRace             : logi  TRUE TRUE TRUE TRUE TRUE TRUE ...
 $ Race.IsAnalyzeNormalPastAndFuture: logi  TRUE TRUE TRUE TRUE TRUE TRUE ...
 $ Race.IsAnalyzeNormalPast         : logi  TRUE TRUE TRUE TRUE TRUE TRUE ...
 $ Race.IsAnalyzeNormalFuture       : logi  FALSE FALSE FALSE FALSE FALSE FALSE ...
 $ Race.IsAnalyzeFullPastAndFuture  : logi  TRUE TRUE TRUE TRUE TRUE TRUE ...
 $ Race.IsAnalyzeFullPast           : logi  TRUE TRUE TRUE TRUE TRUE TRUE ...
 $ Race.IsAnalyzeFullFuture         : logi  FALSE FALSE FALSE FALSE FALSE FALSE ...
 $ Race.JyokenCd                    : Factor w/ 1 level "3": 1 1 1 1 1 1 1 1 1 1 ...
 $ Race.JyoType1Cd                  : Factor w/ 112 levels "2-05-1300-1",..: 10 11 13 7 14 15 17 18 19 10 ...
 $ Race.RaceType0Cd                 : Factor w/ 280 levels "2-05-1300-1-3-X-14",..: 10 11 13 14 15 16 18 19 20 10 ...
 $ Race.RaceType1Cd                 : Factor w/ 2 levels "2-3-X","2-3-E": 1 2 1 1 2 2 2 1 2 1 ...
 $ Race.RaceType2Cd                 : Factor w/ 2 levels "2-3-X","2-3-E": 1 2 1 1 2 2 2 1 2 1 ...
 $ Race.RaceType3Cd                 : Factor w/ 4 levels "3-X-14","3-E-13",..: 1 2 1 1 2 2 2 1 2 1 ...
 $ Race.RaceType4Cd                 : Factor w/ 2 levels "2-3-14","2-3-13": 1 2 1 1 2 2 2 1 2 1 ...
 $ RaceHorse.RaceId                 : Factor w/ 1279 levels "20170205-05-01-04-12",..: 10 11 13 14 15 16 18 19 20 23 ...
 $ RaceHorse.KettoNum               : Factor w/ 3877 levels "2013101737","2013105481",..: 11 12 14 15 16 17 19 20 21 24 ...
 $ RaceHorse.IsHit1                 : int  0 0 0 0 1 0 0 0 0 0 ...
 $ RaceHorse.IsHit2                 : int  0 0 0 0 0 0 0 0 0 0 ...
 $ RaceHorse.IsHit3                 : int  0 0 0 0 0 0 0 0 0 0 ...
 $ RaceHorse.IsHit4                 : int  0 0 0 0 0 0 0 0 0 0 ...
 $ RaceHorse.IsHit5                 : int  0 0 0 0 0 0 0 0 0 1 ...
 $ RaceHorse.IsHit6                 : int  1 1 1 1 0 1 1 1 1 0 ...
 $ RaceHorse.IsValidRaceHorse       : logi  TRUE TRUE TRUE TRUE TRUE TRUE ...
 $ RaceHorse.IsHitA                 : int  0 0 0 0 1 0 0 0 0 0 ...
 $ RaceHorse.IsHitB                 : int  0 0 0 0 1 0 0 0 0 0 ...
 $ RaceHorse.IsHitC                 : int  0 0 0 0 1 0 0 0 0 0 ...
 $ Jockey.KisyuCode                 : Factor w/ 189 levels "01099","05386",..: 11 12 14 15 16 17 19 20 21 23 ...
 $ Jockey.TimeDvByRaceAvg           : num  48.6 51.5 49.9 50.5 45.1 ...
 $ Jockey.TimeDvByRaceMax           : num  69.4 73.3 65.9 66.6 68 ...
 $ Jockey.RunCount                  : int  58 103 77 70 63 91 78 104 49 72 ...
 $ Jockey.HitCount1                 : int  4 6 7 8 1 5 11 16 3 2 ...
 $ Jockey.HitCount2                 : int  4 6 8 2 2 7 3 8 4 2 ...
 $ Jockey.HitCount3                 : int  1 8 5 1 1 3 3 7 0 5 ...
 $ Jockey.HitCount4                 : int  1 9 7 5 1 9 6 9 3 6 ...
 $ Jockey.HitCount5                 : int  3 10 5 9 3 6 7 13 2 3 ...
 $ Jockey.HitRate1                  : num  0.069 0.0583 0.0909 0.1143 0.0159 ...
 $ Jockey.HitRate2                  : num  0.069 0.0583 0.1039 0.0286 0.0317 ...
 $ Jockey.HitRate3                  : num  0.0172 0.0777 0.0649 0.0143 0.0159 ...
 $ Jockey.HitRate4                  : num  0.0172 0.0874 0.0909 0.0714 0.0159 ...
 $ Jockey.HitRate5                  : num  0.0517 0.0971 0.0649 0.1286 0.0476 ...
 $ EOF                              : int  1 1 1 1 1 1 1 1 1 1 ...
[1] "2022-02-10 08:14:39 --- na.omit Finish ---"
[1] "2022-02-10 08:14:39 --- rxGlm with rxStepControl Start ---"
[1] "2022-02-10 08:14:39 --- source_logic_glm.R Start ---"
[1] "2022-02-10 08:14:39 --- source_logic_glm.R Finished ---"
Rows Read: 14782, Total Rows Processed: 14782, Total Chunk Time: 0.001 seconds 

Starting values (iteration 1) time: 0.009 secs.
Rows Read: 14782, Total Rows Processed: 14782, Total Chunk Time: 0.002 seconds 

Iteration 2 time: 0.006 secs.
Rows Read: 14782, Total Rows Processed: 14782, Total Chunk Time: 0.001 seconds 

Iteration 3 time: 0.003 secs.
Rows Read: 14782, Total Rows Processed: 14782, Total Chunk Time: 0.001 seconds 

Iteration 4 time: 0.004 secs.
Rows Read: 14782, Total Rows Processed: 14782, Total Chunk Time: 0.002 seconds 

Iteration 5 time: 0.004 secs.

Elapsed computation time: 0.038 secs.
Rows Read: 14782, Total Rows Processed: 14782, Total Chunk Time: Less than .001 seconds 

Starting values (iteration 1) time: 0.005 secs.
Rows Read: 14782, Total Rows Processed: 14782, Total Chunk Time: 0.002 seconds 

Iteration 2 time: 0.004 secs.

Elapsed computation time: 0.016 secs.
Rows Read: 14782, Total Rows Processed: 14782, Total Chunk Time: Less than .001 seconds 

Starting values (iteration 1) time: 0.005 secs.
Rows Read: 14782, Total Rows Processed: 14782, Total Chunk Time: 0.002 seconds 

Iteration 2 time: 0.005 secs.
Rows Read: 14782, Total Rows Processed: 14782, Total Chunk Time: 0.002 seconds 

Iteration 3 time: 0.004 secs.
Rows Read: 14782, Total Rows Processed: 14782, Total Chunk Time: 0.002 seconds 

Iteration 4 time: 0.004 secs.
Rows Read: 14782, Total Rows Processed: 14782, Total Chunk Time: 0.002 seconds 

Iteration 5 time: 0.004 secs.

Elapsed computation time: 0.036 secs.

Elapsed computation time: 0.101 secs.
[1] "analyze.results.glm.step="
Logistic Regression Results for: RaceHorse.IsHitA ~ Jockey.HitRate1
Data: data
Dependent variable(s): RaceHorse.IsHitA
Total independent variables: 2 
Number of valid observations: 14782
Number of missing observations: 0 
 
Coefficients:
                RaceHorse.IsHitA
(Intercept)                   -3
Jockey.HitRate1                4
[1] "analyze.results.glm.step.summary"
Call:
rxLogit(formula = form, data = data, variableSelection = analyze.results.glm.step.varsel)

Logistic Regression Results for: RaceHorse.IsHitA ~ Jockey.HitRate1
Data: data
Dependent variable(s): RaceHorse.IsHitA
Total independent variables: 2 
Number of valid observations: 14782
Number of missing observations: 0 
-2*LogLikelihood: 7254.522 (Residual deviance on 14780 degrees of freedom)
 
Coefficients:
                Estimate Std. Error z value Pr(>|z|)    
(Intercept)      -2.9942     0.0521   -57.5  2.2e-16 ***
Jockey.HitRate1   4.2472     0.4181    10.2  2.2e-16 ***
---
Signif. codes:  0 '***' 0.001 '**' 0.01 '*' 0.05 '.' 0.1 ' ' 1

Condition number of final variance-covariance matrix: 1 
Number of iterations: 5
[1] "2022-02-10 08:14:39 --- rxGlm with rxStepControl Finish ---"
[1] "2022-02-10 08:14:39 --- rxStepPlot Start ---"
[1] "pdfFilename=pdf_analyze_glm_Jockey_Type23_rxStepPlot.pdf"
[1] "rxStepPlot="
[1] "2022-02-10 08:14:39 --- rxStepPlot Finish ---"
[1] "2022-02-10 08:14:39 --- save.image Start ---"
[1] "save.image"
[1] "rdataFilename=RData_analyze_glm_Jockey_Type23.RData"
[1] "2022-02-10 08:14:39 --- save.image Finish ---"
[1] "2022-02-10 08:14:39 --- final Start ---"
[1] "--------------------------------------------------------------------------------"
[1] "nrow(data) final=14782"
[1] "--------------------------------------------------------------------------------"
[1] "2022-02-10 08:14:39 --- final Finish ---"
[1] "2022-02-10 08:14:39 --- analyze_glm.R Finished ---"
[1] "2022-02-10 08:14:39 --- log Finish ---"
