[1] "2022-03-13 19:06:17 --- D1117_analyze_glmer_Basic_IsHitA_Type22 Start ---"
[1] "2022-03-13 19:06:18 --- Log Start ---"
[1] "2022-03-13 19:06:18 --- analyze_glmer.R Start ---"
[1] "analyzeVersion=D1117"
[1] "analyzeCategory=analyze"
[1] "analyzeType=Basic"
[1] "analyzeFamily=IsHitA"
[1] "analyzeFunc=glmer"
[1] "analyzeTrackTypeCd=2"
[1] "analyzeJyokenCd=2"
[1] "2022-03-13 19:06:18 --- source_function.R Start ---"
[1] "2022-03-13 19:06:18 --- source_function.R Finished ---"

> print(paste0(Sys.time(), " --- source_library.R Start ---"))
[1] "2022-03-13 19:06:18 --- source_library.R Start ---"

> require("RevoScaleR")

> require(MASS)

> require(lme4)

> print(paste0(Sys.time(), " --- source_library.R Finished ---"))
[1] "2022-03-13 19:06:19 --- source_library.R Finished ---"
[1] "2022-03-13 19:06:19 --- RxSqlServerData Start ---"
[1] "2022-03-13 19:06:19 --- RxInSqlServer Start ---"
[1] "2022-03-13 19:06:19 --- RxInSqlServer Finish ---"
[1] "2022-03-13 19:06:19 --- rxSetComputeContext Start ---"
[1] "2022-03-13 19:06:19 --- rxSetComputeContext Finish ---"
[1] "2022-03-13 19:06:19 --- RxSqlServerData Start ---"
[1] "sqlQuery=SELECT * FROM ViewAnalyzeD1117analyze01BasicType22"
[1] "2022-03-13 19:06:19 --- RxSqlServerData Finish ---"
[1] "2022-03-13 19:06:19 --- rxGetVarInfo Start ---"
[1] "2022-03-13 19:06:20 --- rxGetVarInfo Finish---"
[1] "2022-03-13 19:06:20 --- rxImport Start ---"
Rows Read: 7321, Total Rows Processed: 7321, Total Chunk Time: 0.715 seconds 
[1] "2022-03-13 19:06:22 --- rxImport Finish ---"
[1] "object.size(data) auto=2.5 Mb"
[1] "--------------------------------------------------------------------------------"
[1] "nrow(data) RxSqlServerData=7321"
[1] "--------------------------------------------------------------------------------"
[1] "str(data)="
'data.frame':	7321 obs. of  48 variables:
 $ Race.RaceId                        : Factor w/ 498 levels "20160105-08-01-01-09",..: 1 1 2 3 3 8 8 8 9 4 ...
 $ Race.IsAnalyzeNormalPastAndFuture  : logi  TRUE TRUE TRUE TRUE TRUE TRUE ...
 $ Race.IsAnalyzeNormalPast           : logi  TRUE TRUE TRUE TRUE TRUE TRUE ...
 $ Race.IsAnalyzeNormalFuture         : logi  FALSE FALSE FALSE FALSE FALSE FALSE ...
 $ Race.IsAnalyzeFullPastAndFuture    : logi  TRUE TRUE TRUE TRUE TRUE TRUE ...
 $ Race.IsAnalyzeFullPast             : logi  TRUE TRUE TRUE TRUE TRUE TRUE ...
 $ Race.IsAnalyzeFullFuture           : logi  FALSE FALSE FALSE FALSE FALSE FALSE ...
 $ Race.JyokenCd                      : Factor w/ 1 level "2": 1 1 1 1 1 1 1 1 1 1 ...
 $ Race.JyoType1Cd                    : Factor w/ 82 levels "24-08-1900-1",..: 1 1 2 3 3 8 8 8 9 4 ...
 $ Race.RaceType1Cd                   : Factor w/ 2 levels "2-2-14","2-2-13": 1 1 1 1 1 1 1 1 1 1 ...
 $ RaceHorse.RaceId                   : Factor w/ 498 levels "20160105-08-01-01-09",..: 1 1 2 3 3 8 8 8 9 4 ...
 $ RaceHorse.KettoNum                 : Factor w/ 1484 levels "2009103516","2011102556",..: 11 8 12 13 14 15 16 17 18 19 ...
 $ RaceHorse.IsValidRaceHorse         : logi  TRUE TRUE TRUE TRUE TRUE TRUE ...
 $ RaceHorse.HorseNumRatio            : num  0.545 0.818 0.357 0.231 0.769 ...
 $ RaceHorse.WeightSdvByRace          : num  -1.906 1.862 -0.284 0.382 1.21 ...
 $ RaceHorse.WeightDeltaSdvByRace     : num  -1.117 -0.81 0.373 -0.411 1.594 ...
 $ RaceHorse.WeightDeltaRatioSdvByRace: num  -1.129 -0.844 0.372 -0.412 1.55 ...
 $ RaceHorse.HandicapSdvByRace        : num  -2.121 0.471 -2.156 0.639 0.639 ...
 $ RaceHorse.HandicapRatioSdvByRace   : num  1.861 -1.739 -0.463 -0.235 -1.181 ...
 $ RaceHorse.WeightSdv                : num  -1.747 2.629 -0.156 0.56 1.276 ...
 $ RaceHorse.WeightDeltaSdv           : num  -0.0177 0.3093 0.3093 -0.0177 0.9635 ...
 $ RaceHorse.WeightDeltaRatioSdv      : num  -0.0122 0.2761 0.3173 -0.0122 0.9087 ...
 $ RaceHorse.HandicapSdv              : num  0.128 0.773 -2.452 0.773 0.773 ...
 $ RaceHorse.HandicapRatioSdv         : num  1.83 -1.872 -1.164 -0.17 -0.797 ...
 $ RaceHorse.FinishTimeSdvByRace      : num  0.377 0.126 -1.106 -0.606 0.269 ...
 $ RaceHorse.FirstTimeSdvByRace       : num  -0.295 0.689 1.814 -0.552 0.73 ...
 $ RaceHorse.LastTimeSdvByRace        : num  0.7035 -0.469 -1.4778 0.0191 -0.4774 ...
 $ RaceHorse.FinishTimeSdv            : num  0.98 0.934 0.878 0.361 0.527 ...
 $ RaceHorse.FirstTimeSdv             : num  -0.055 0.152 1.34 -1.46 -0.981 ...
 $ RaceHorse.LastTimeSdv              : num  1.3829 1.1328 0.0932 1.4856 1.3491 ...
 $ RaceHorse.IsHitA                   : num  0 0 0 0 0 0 0 0 0 0 ...
 $ RaceHorse.IsHitB                   : num  0 0 0 0 0 0 0 0 0 0 ...
 $ RaceHorse.IsHitC                   : num  0 0 0 0 0 0 0 0 0 0 ...
 $ DataMining.DmTimeSdv               : num  0.421 2.049 -1.87 1.062 0.133 ...
 $ DataMiningTaisen.TmScoreSdv        : num  0.191 2.088 -1.238 1.543 -0.606 ...
 $ OddsByWin.Odds1                    : num  8.6 1.9 28.6 13.9 23.2 33.7 10.9 31 5.6 39.7 ...
 $ OddsByWin.RealOdds1                : num  10.75 2.37 35.75 17.38 29 ...
 $ OddsByWin.Ninki                    : num  4 1 10 5 6 12 6 10 3 9 ...
 $ OddsByWin.OddsLog1                 : num  2.152 0.642 3.353 2.632 3.144 ...
 $ OddsByWin.ApprovalRate1            : num  0.093 0.4211 0.028 0.0576 0.0345 ...
 $ OddsByWin.RealOddsLog1             : num  2.375 0.865 3.577 2.855 3.367 ...
 $ OddsByWin.RealApprovalRate1        : num  0.1163 0.5263 0.035 0.0719 0.0431 ...
 $ Horse.Ketto3InfoHansyokuNum1       : Factor w/ 269 levels "11202081","11201954",..: 11 8 12 13 5 10 3 14 13 15 ...
 $ Horse.Ketto3InfoHansyokuNum2       : Factor w/ 1326 levels "12255361","12244487",..: 11 8 12 13 14 15 16 17 18 19 ...
 $ RaceHorse.ChokyosiCode             : Factor w/ 223 levels "01107","01049",..: 11 8 12 13 13 14 15 16 17 18 ...
 $ RaceHorse.BanusiCode               : Factor w/ 519 levels "061800","523005",..: 11 8 12 2 13 14 15 16 17 18 ...
 $ RaceHorse.KisyuCode                : Factor w/ 175 levels "01152","01092",..: 11 8 5 12 13 14 15 16 17 18 ...
 $ EOF                                : int  1 1 1 1 1 1 1 1 1 1 ...
[1] "2022-03-13 19:06:23 --- RxSqlServerData Finish ---"
[1] "2022-03-13 19:06:23 --- subset Start ---"
[1] "--------------------------------------------------------------------------------"
[1] "nrow(data) subset before=7321"
[1] "nrow(data) subset after =7321"
[1] "nrow(data) subset diff =0"
[1] "--------------------------------------------------------------------------------"
[1] "2022-03-13 19:06:23 --- Subset Finish---"
[1] "2022-03-13 19:06:23 --- transform Start ---"
[1] "--------------------------------------------------------------------------------"
[1] "nrow(data) transform before=7321"
[1] "nrow(data) transform after=7321"
[1] "nrow(data) transform diff=0"
[1] "--------------------------------------------------------------------------------"
[1] "str(data)="
'data.frame':	7321 obs. of  48 variables:
 $ Race.RaceId                        : Factor w/ 498 levels "20160105-08-01-01-09",..: 1 1 2 3 3 8 8 8 9 4 ...
 $ Race.IsAnalyzeNormalPastAndFuture  : logi  TRUE TRUE TRUE TRUE TRUE TRUE ...
 $ Race.IsAnalyzeNormalPast           : logi  TRUE TRUE TRUE TRUE TRUE TRUE ...
 $ Race.IsAnalyzeNormalFuture         : logi  FALSE FALSE FALSE FALSE FALSE FALSE ...
 $ Race.IsAnalyzeFullPastAndFuture    : logi  TRUE TRUE TRUE TRUE TRUE TRUE ...
 $ Race.IsAnalyzeFullPast             : logi  TRUE TRUE TRUE TRUE TRUE TRUE ...
 $ Race.IsAnalyzeFullFuture           : logi  FALSE FALSE FALSE FALSE FALSE FALSE ...
 $ Race.JyokenCd                      : Factor w/ 1 level "2": 1 1 1 1 1 1 1 1 1 1 ...
 $ Race.JyoType1Cd                    : Factor w/ 82 levels "24-08-1900-1",..: 1 1 2 3 3 8 8 8 9 4 ...
 $ Race.RaceType1Cd                   : Factor w/ 2 levels "2-2-14","2-2-13": 1 1 1 1 1 1 1 1 1 1 ...
 $ RaceHorse.RaceId                   : Factor w/ 498 levels "20160105-08-01-01-09",..: 1 1 2 3 3 8 8 8 9 4 ...
 $ RaceHorse.KettoNum                 : Factor w/ 1484 levels "2009103516","2011102556",..: 11 8 12 13 14 15 16 17 18 19 ...
 $ RaceHorse.IsValidRaceHorse         : logi  TRUE TRUE TRUE TRUE TRUE TRUE ...
 $ RaceHorse.HorseNumRatio            : num  0.545 0.818 0.357 0.231 0.769 ...
 $ RaceHorse.WeightSdvByRace          : num  -1.906 1.862 -0.284 0.382 1.21 ...
 $ RaceHorse.WeightDeltaSdvByRace     : num  -1.117 -0.81 0.373 -0.411 1.594 ...
 $ RaceHorse.WeightDeltaRatioSdvByRace: num  -1.129 -0.844 0.372 -0.412 1.55 ...
 $ RaceHorse.HandicapSdvByRace        : num  -2.121 0.471 -2.156 0.639 0.639 ...
 $ RaceHorse.HandicapRatioSdvByRace   : num  1.861 -1.739 -0.463 -0.235 -1.181 ...
 $ RaceHorse.WeightSdv                : num  -1.747 2.629 -0.156 0.56 1.276 ...
 $ RaceHorse.WeightDeltaSdv           : num  -0.0177 0.3093 0.3093 -0.0177 0.9635 ...
 $ RaceHorse.WeightDeltaRatioSdv      : num  -0.0122 0.2761 0.3173 -0.0122 0.9087 ...
 $ RaceHorse.HandicapSdv              : num  0.128 0.773 -2.452 0.773 0.773 ...
 $ RaceHorse.HandicapRatioSdv         : num  1.83 -1.872 -1.164 -0.17 -0.797 ...
 $ RaceHorse.FinishTimeSdvByRace      : num  0.377 0.126 -1.106 -0.606 0.269 ...
 $ RaceHorse.FirstTimeSdvByRace       : num  -0.295 0.689 1.814 -0.552 0.73 ...
 $ RaceHorse.LastTimeSdvByRace        : num  0.7035 -0.469 -1.4778 0.0191 -0.4774 ...
 $ RaceHorse.FinishTimeSdv            : num  0.98 0.934 0.878 0.361 0.527 ...
 $ RaceHorse.FirstTimeSdv             : num  -0.055 0.152 1.34 -1.46 -0.981 ...
 $ RaceHorse.LastTimeSdv              : num  1.3829 1.1328 0.0932 1.4856 1.3491 ...
 $ RaceHorse.IsHitA                   : num  0 0 0 0 0 0 0 0 0 0 ...
 $ RaceHorse.IsHitB                   : num  0 0 0 0 0 0 0 0 0 0 ...
 $ RaceHorse.IsHitC                   : num  0 0 0 0 0 0 0 0 0 0 ...
 $ DataMining.DmTimeSdv               : num  0.421 2.049 -1.87 1.062 0.133 ...
 $ DataMiningTaisen.TmScoreSdv        : num  0.191 2.088 -1.238 1.543 -0.606 ...
 $ OddsByWin.Odds1                    : num  8.6 1.9 28.6 13.9 23.2 33.7 10.9 31 5.6 39.7 ...
 $ OddsByWin.RealOdds1                : num  10.75 2.37 35.75 17.38 29 ...
 $ OddsByWin.Ninki                    : num  4 1 10 5 6 12 6 10 3 9 ...
 $ OddsByWin.OddsLog1                 : num  2.152 0.642 3.353 2.632 3.144 ...
 $ OddsByWin.ApprovalRate1            : num  0.093 0.4211 0.028 0.0576 0.0345 ...
 $ OddsByWin.RealOddsLog1             : num  2.375 0.865 3.577 2.855 3.367 ...
 $ OddsByWin.RealApprovalRate1        : num  0.1163 0.5263 0.035 0.0719 0.0431 ...
 $ Horse.Ketto3InfoHansyokuNum1       : Factor w/ 269 levels "11202081","11201954",..: 11 8 12 13 5 10 3 14 13 15 ...
 $ Horse.Ketto3InfoHansyokuNum2       : Factor w/ 1326 levels "12255361","12244487",..: 11 8 12 13 14 15 16 17 18 19 ...
 $ RaceHorse.ChokyosiCode             : Factor w/ 223 levels "01107","01049",..: 11 8 12 13 13 14 15 16 17 18 ...
 $ RaceHorse.BanusiCode               : Factor w/ 519 levels "061800","523005",..: 11 8 12 2 13 14 15 16 17 18 ...
 $ RaceHorse.KisyuCode                : Factor w/ 175 levels "01152","01092",..: 11 8 5 12 13 14 15 16 17 18 ...
 $ EOF                                : int  1 1 1 1 1 1 1 1 1 1 ...
NULL
[1] "2022-03-13 19:06:24 --- transform Finish ---"
[1] "2022-03-13 19:06:24 --- na.omit Start ---"
[1] "--------------------------------------------------------------------------------"
[1] "nrow(data) na.omit before=7321"
[1] "nrow(data) na.omit after =7292"
[1] "nrow(data) na.omit diff =29"
[1] "--------------------------------------------------------------------------------"
'data.frame':	7292 obs. of  48 variables:
 $ Race.RaceId                        : Factor w/ 498 levels "20160105-08-01-01-09",..: 1 1 2 3 3 8 8 8 9 4 ...
 $ Race.IsAnalyzeNormalPastAndFuture  : logi  TRUE TRUE TRUE TRUE TRUE TRUE ...
 $ Race.IsAnalyzeNormalPast           : logi  TRUE TRUE TRUE TRUE TRUE TRUE ...
 $ Race.IsAnalyzeNormalFuture         : logi  FALSE FALSE FALSE FALSE FALSE FALSE ...
 $ Race.IsAnalyzeFullPastAndFuture    : logi  TRUE TRUE TRUE TRUE TRUE TRUE ...
 $ Race.IsAnalyzeFullPast             : logi  TRUE TRUE TRUE TRUE TRUE TRUE ...
 $ Race.IsAnalyzeFullFuture           : logi  FALSE FALSE FALSE FALSE FALSE FALSE ...
 $ Race.JyokenCd                      : Factor w/ 1 level "2": 1 1 1 1 1 1 1 1 1 1 ...
 $ Race.JyoType1Cd                    : Factor w/ 82 levels "24-08-1900-1",..: 1 1 2 3 3 8 8 8 9 4 ...
 $ Race.RaceType1Cd                   : Factor w/ 2 levels "2-2-14","2-2-13": 1 1 1 1 1 1 1 1 1 1 ...
 $ RaceHorse.RaceId                   : Factor w/ 498 levels "20160105-08-01-01-09",..: 1 1 2 3 3 8 8 8 9 4 ...
 $ RaceHorse.KettoNum                 : Factor w/ 1484 levels "2009103516","2011102556",..: 11 8 12 13 14 15 16 17 18 19 ...
 $ RaceHorse.IsValidRaceHorse         : logi  TRUE TRUE TRUE TRUE TRUE TRUE ...
 $ RaceHorse.HorseNumRatio            : num  0.545 0.818 0.357 0.231 0.769 ...
 $ RaceHorse.WeightSdvByRace          : num  -1.906 1.862 -0.284 0.382 1.21 ...
 $ RaceHorse.WeightDeltaSdvByRace     : num  -1.117 -0.81 0.373 -0.411 1.594 ...
 $ RaceHorse.WeightDeltaRatioSdvByRace: num  -1.129 -0.844 0.372 -0.412 1.55 ...
 $ RaceHorse.HandicapSdvByRace        : num  -2.121 0.471 -2.156 0.639 0.639 ...
 $ RaceHorse.HandicapRatioSdvByRace   : num  1.861 -1.739 -0.463 -0.235 -1.181 ...
 $ RaceHorse.WeightSdv                : num  -1.747 2.629 -0.156 0.56 1.276 ...
 $ RaceHorse.WeightDeltaSdv           : num  -0.0177 0.3093 0.3093 -0.0177 0.9635 ...
 $ RaceHorse.WeightDeltaRatioSdv      : num  -0.0122 0.2761 0.3173 -0.0122 0.9087 ...
 $ RaceHorse.HandicapSdv              : num  0.128 0.773 -2.452 0.773 0.773 ...
 $ RaceHorse.HandicapRatioSdv         : num  1.83 -1.872 -1.164 -0.17 -0.797 ...
 $ RaceHorse.FinishTimeSdvByRace      : num  0.377 0.126 -1.106 -0.606 0.269 ...
 $ RaceHorse.FirstTimeSdvByRace       : num  -0.295 0.689 1.814 -0.552 0.73 ...
 $ RaceHorse.LastTimeSdvByRace        : num  0.7035 -0.469 -1.4778 0.0191 -0.4774 ...
 $ RaceHorse.FinishTimeSdv            : num  0.98 0.934 0.878 0.361 0.527 ...
 $ RaceHorse.FirstTimeSdv             : num  -0.055 0.152 1.34 -1.46 -0.981 ...
 $ RaceHorse.LastTimeSdv              : num  1.3829 1.1328 0.0932 1.4856 1.3491 ...
 $ RaceHorse.IsHitA                   : num  0 0 0 0 0 0 0 0 0 0 ...
 $ RaceHorse.IsHitB                   : num  0 0 0 0 0 0 0 0 0 0 ...
 $ RaceHorse.IsHitC                   : num  0 0 0 0 0 0 0 0 0 0 ...
 $ DataMining.DmTimeSdv               : num  0.421 2.049 -1.87 1.062 0.133 ...
 $ DataMiningTaisen.TmScoreSdv        : num  0.191 2.088 -1.238 1.543 -0.606 ...
 $ OddsByWin.Odds1                    : num  8.6 1.9 28.6 13.9 23.2 33.7 10.9 31 5.6 39.7 ...
 $ OddsByWin.RealOdds1                : num  10.75 2.37 35.75 17.38 29 ...
 $ OddsByWin.Ninki                    : num  4 1 10 5 6 12 6 10 3 9 ...
 $ OddsByWin.OddsLog1                 : num  2.152 0.642 3.353 2.632 3.144 ...
 $ OddsByWin.ApprovalRate1            : num  0.093 0.4211 0.028 0.0576 0.0345 ...
 $ OddsByWin.RealOddsLog1             : num  2.375 0.865 3.577 2.855 3.367 ...
 $ OddsByWin.RealApprovalRate1        : num  0.1163 0.5263 0.035 0.0719 0.0431 ...
 $ Horse.Ketto3InfoHansyokuNum1       : Factor w/ 269 levels "11202081","11201954",..: 11 8 12 13 5 10 3 14 13 15 ...
 $ Horse.Ketto3InfoHansyokuNum2       : Factor w/ 1326 levels "12255361","12244487",..: 11 8 12 13 14 15 16 17 18 19 ...
 $ RaceHorse.ChokyosiCode             : Factor w/ 223 levels "01107","01049",..: 11 8 12 13 13 14 15 16 17 18 ...
 $ RaceHorse.BanusiCode               : Factor w/ 519 levels "061800","523005",..: 11 8 12 2 13 14 15 16 17 18 ...
 $ RaceHorse.KisyuCode                : Factor w/ 175 levels "01152","01092",..: 11 8 5 12 13 14 15 16 17 18 ...
 $ EOF                                : int  1 1 1 1 1 1 1 1 1 1 ...
 - attr(*, "na.action")= 'omit' Named int  58 473 504 1146 1148 1164 1181 1200 1457 1527 ...
  ..- attr(*, "names")= chr  "58" "473" "504" "1146" ...
[1] "2022-03-13 19:06:25 --- na.omit Finish ---"
[1] "2022-03-13 19:06:25 --- glmer Start ---"

> print(paste0(Sys.time(), " --- source_logic_glmer.R Start ---"))
[1] "2022-03-13 19:06:25 --- source_logic_glmer.R Start ---"

> formula <- formula(RaceHorse.IsHitA ~ +1 + RaceHorse.WeightSdvByRace + 
+     RaceHorse.WeightDeltaSdvByRace + RaceHorse.WeightDeltaRatioSdvByRace + 
+     RaceHorse.HandicapSdvByRace + RaceHorse.HandicapRatioSdvByRace + 
+     DataMiningTaisen.TmScoreSdv + log(OddsByWin.RealOdds1) + 
+     (1 | Horse.Ketto3InfoHansyokuNum2) + (1 | RaceHorse.KisyuCode))

> print(paste0(Sys.time(), " --- source_logic_glmer.R Finished ---"))
[1] "2022-03-13 19:06:25 --- source_logic_glmer.R Finished ---"
[1] "--------------------------------------------------------------------------------"
[1] "analyze.results.summary"
Generalized linear mixed model fit by maximum likelihood (Laplace
  Approximation) [glmerMod]
 Family: binomial  ( logit )
Formula: 
RaceHorse.IsHitA ~ +1 + RaceHorse.WeightSdvByRace + RaceHorse.WeightDeltaSdvByRace +  
    RaceHorse.WeightDeltaRatioSdvByRace + RaceHorse.HandicapSdvByRace +  
    RaceHorse.HandicapRatioSdvByRace + DataMiningTaisen.TmScoreSdv +  
    log(OddsByWin.RealOdds1) + (1 | Horse.Ketto3InfoHansyokuNum2) +  
    (1 | RaceHorse.KisyuCode)
   Data: data

     AIC      BIC   logLik deviance df.resid 
    3006     3075    -1493     2986     7282 

Scaled residuals: 
   Min     1Q Median     3Q    Max 
-1.094 -0.286 -0.163 -0.087 21.068 

Random effects:
 Groups                       Name        Variance Std.Dev.
 Horse.Ketto3InfoHansyokuNum2 (Intercept) 0        0       
 RaceHorse.KisyuCode          (Intercept) 0        0       
Number of obs: 7292, groups:  
Horse.Ketto3InfoHansyokuNum2, 1325; RaceHorse.KisyuCode, 175

Fixed effects:
                                    Estimate Std. Error z value Pr(>|z|)    
(Intercept)                           0.1767     0.2050    0.86    0.389    
RaceHorse.WeightSdvByRace            -0.1082     0.2679   -0.40    0.686    
RaceHorse.WeightDeltaSdvByRace        1.3571     1.0433    1.30    0.193    
RaceHorse.WeightDeltaRatioSdvByRace  -1.4006     1.0450   -1.34    0.180    
RaceHorse.HandicapSdvByRace           0.1341     0.1065    1.26    0.208    
RaceHorse.HandicapRatioSdvByRace     -0.1135     0.2663   -0.43    0.670    
DataMiningTaisen.TmScoreSdv           0.1451     0.0752    1.93    0.054 .  
log(OddsByWin.RealOdds1)             -1.0558     0.0714  -14.79   <2e-16 ***
---
Signif. codes:  0 '***' 0.001 '**' 0.01 '*' 0.05 '.' 0.1 ' ' 1

Correlation of Fixed Effects:
            (Intr) RH.WSB RH.WDS RH.WDR RH.HSB RH.HRS DMT.TS
RcHrs.WgSBR -0.052                                          
RcHrs.WDSBR -0.025 -0.036                                   
RcHr.WDRSBR  0.024  0.035 -0.999                            
RcHrs.HnSBR  0.064 -0.879  0.009 -0.008                     
RcHrs.HRSBR -0.040  0.981 -0.024  0.025 -0.877              
DtMnngT.TSS -0.773 -0.011  0.032 -0.030 -0.052 -0.020       
lg(OBW.RO1) -0.947  0.038  0.009 -0.008 -0.058  0.026  0.649
convergence code: 0
singular fit

[1] "--------------------------------------------------------------------------------"
[1] "--------------------------------------------------------------------------------"
[1] "--------------------------------------------------------------------------------"
[1] "--------------------------------------------------------------------------------"
[1] "logLik(analyze.results.step)=-1492.98800253879"
[1] "--------------------------------------------------------------------------------"
[1] "--------------------------------------------------------------------------------"
[1] "AIC(analyze.results.step)=3005.97600507758"
[1] "--------------------------------------------------------------------------------"
[1] "--------------------------------------------------------------------------------"
[1] "analyze.results.step="
Generalized linear mixed model fit by maximum likelihood (Laplace
  Approximation) [glmerMod]
 Family: binomial  ( logit )
Formula: 
RaceHorse.IsHitA ~ +1 + RaceHorse.WeightSdvByRace + RaceHorse.WeightDeltaSdvByRace +  
    RaceHorse.WeightDeltaRatioSdvByRace + RaceHorse.HandicapSdvByRace +  
    RaceHorse.HandicapRatioSdvByRace + DataMiningTaisen.TmScoreSdv +  
    log(OddsByWin.RealOdds1) + (1 | Horse.Ketto3InfoHansyokuNum2) +  
    (1 | RaceHorse.KisyuCode)
   Data: data
     AIC      BIC   logLik deviance df.resid 
    3006     3075    -1493     2986     7282 
Random effects:
 Groups                       Name        Std.Dev.
 Horse.Ketto3InfoHansyokuNum2 (Intercept) 0       
 RaceHorse.KisyuCode          (Intercept) 0       
Number of obs: 7292, groups:  
Horse.Ketto3InfoHansyokuNum2, 1325; RaceHorse.KisyuCode, 175
Fixed Effects:
                        (Intercept)            RaceHorse.WeightSdvByRace  
                              0.177                               -0.108  
     RaceHorse.WeightDeltaSdvByRace  RaceHorse.WeightDeltaRatioSdvByRace  
                              1.357                               -1.401  
        RaceHorse.HandicapSdvByRace     RaceHorse.HandicapRatioSdvByRace  
                              0.134                               -0.113  
        DataMiningTaisen.TmScoreSdv             log(OddsByWin.RealOdds1)  
                              0.145                               -1.056  
convergence code 0; 1 optimizer warnings; 0 lme4 warnings 
[1] "--------------------------------------------------------------------------------"
[1] "--------------------------------------------------------------------------------"
[1] "analyze.results.step.summary"
Generalized linear mixed model fit by maximum likelihood (Laplace
  Approximation) [glmerMod]
 Family: binomial  ( logit )
Formula: 
RaceHorse.IsHitA ~ +1 + RaceHorse.WeightSdvByRace + RaceHorse.WeightDeltaSdvByRace +  
    RaceHorse.WeightDeltaRatioSdvByRace + RaceHorse.HandicapSdvByRace +  
    RaceHorse.HandicapRatioSdvByRace + DataMiningTaisen.TmScoreSdv +  
    log(OddsByWin.RealOdds1) + (1 | Horse.Ketto3InfoHansyokuNum2) +  
    (1 | RaceHorse.KisyuCode)
   Data: data

     AIC      BIC   logLik deviance df.resid 
    3006     3075    -1493     2986     7282 

Scaled residuals: 
   Min     1Q Median     3Q    Max 
-1.094 -0.286 -0.163 -0.087 21.068 

Random effects:
 Groups                       Name        Variance Std.Dev.
 Horse.Ketto3InfoHansyokuNum2 (Intercept) 0        0       
 RaceHorse.KisyuCode          (Intercept) 0        0       
Number of obs: 7292, groups:  
Horse.Ketto3InfoHansyokuNum2, 1325; RaceHorse.KisyuCode, 175

Fixed effects:
                                    Estimate Std. Error z value Pr(>|z|)    
(Intercept)                           0.1767     0.2050    0.86    0.389    
RaceHorse.WeightSdvByRace            -0.1082     0.2679   -0.40    0.686    
RaceHorse.WeightDeltaSdvByRace        1.3571     1.0433    1.30    0.193    
RaceHorse.WeightDeltaRatioSdvByRace  -1.4006     1.0450   -1.34    0.180    
RaceHorse.HandicapSdvByRace           0.1341     0.1065    1.26    0.208    
RaceHorse.HandicapRatioSdvByRace     -0.1135     0.2663   -0.43    0.670    
DataMiningTaisen.TmScoreSdv           0.1451     0.0752    1.93    0.054 .  
log(OddsByWin.RealOdds1)             -1.0558     0.0714  -14.79   <2e-16 ***
---
Signif. codes:  0 '***' 0.001 '**' 0.01 '*' 0.05 '.' 0.1 ' ' 1

Correlation of Fixed Effects:
            (Intr) RH.WSB RH.WDS RH.WDR RH.HSB RH.HRS DMT.TS
RcHrs.WgSBR -0.052                                          
RcHrs.WDSBR -0.025 -0.036                                   
RcHr.WDRSBR  0.024  0.035 -0.999                            
RcHrs.HnSBR  0.064 -0.879  0.009 -0.008                     
RcHrs.HRSBR -0.040  0.981 -0.024  0.025 -0.877              
DtMnngT.TSS -0.773 -0.011  0.032 -0.030 -0.052 -0.020       
lg(OBW.RO1) -0.947  0.038  0.009 -0.008 -0.058  0.026  0.649
convergence code: 0
singular fit

[1] "--------------------------------------------------------------------------------"
[1] "--------------------------------------------------------------------------------"
[1] "analyze.results.step.fixef"
                        (Intercept)           RaceHorse.WeightSdvByRace 
                                0.2                                -0.1 
     RaceHorse.WeightDeltaSdvByRace RaceHorse.WeightDeltaRatioSdvByRace 
                                1.4                                -1.4 
        RaceHorse.HandicapSdvByRace    RaceHorse.HandicapRatioSdvByRace 
                                0.1                                -0.1 
        DataMiningTaisen.TmScoreSdv            log(OddsByWin.RealOdds1) 
                                0.1                                -1.1 
[1] "--------------------------------------------------------------------------------"
[1] "--------------------------------------------------------------------------------"
[1] "analyze.results.step.ranef"
$Horse.Ketto3InfoHansyokuNum2
         (Intercept)
12255361           0
12244487           0
12247643           0
12254117           0
12245511           0
12256661           0
12243577           0
12250351           0
12252046           0
12254375           0
12251859           0
12248918           0
12254991           0
12253186           0
12250635           0
12255171           0
12256186           0
12254446           0
12237574           0
12257018           0
12248154           0
12252180           0
12254236           0
12244940           0
12250378           0
12251225           0
12255620           0
12250438           0
12250526           0
12246348           0
12250931           0
12246497           0
12244793           0
12249116           0
12244661           0
12256182           0
12251465           0
12249067           0
12239683           0
12252099           0
12255011           0
12248982           0
12426891           0
12247672           0
12246332           0
12253365           0
12249925           0
12255031           0
12258563           0
12256240           0
12254734           0
12253411           0
12255058           0
12250298           0
12247330           0
12250226           0
12256245           0
12252919           0
12255077           0
12251184           0
12256121           0
12253323           0
12257483           0
12253771           0
12244066           0
12256275           0
12254197           0
12253801           0
12255502           0
12426374           0
12252570           0
12250019           0
12251544           0
12249835           0
12250430           0
12253711           0
12254873           0
12251484           0
12239861           0
12426963           0
12257210           0
12246298           0
12245252           0
12253883           0
12250243           0
12256438           0
12253196           0
12242164           0
12256598           0
12246244           0
12246729           0
12256351           0
12254682           0
12252933           0
12251735           0
12249069           0
12255296           0
12252452           0
12258519           0
12252889           0
12253364           0
12428366           0
12253979           0
12245715           0
12248406           0
12257065           0
12243857           0
12256176           0
12245520           0
12255360           0
12242808           0
12240896           0
12250217           0
12241694           0
12247901           0
12250814           0
12247703           0
12253889           0
12256019           0
12252855           0
12250651           0
12253563           0
12254969           0
12253459           0
12249939           0
12258017           0
12246107           0
12255264           0
12256136           0
12253676           0
12255160           0
12247726           0
12244986           0
12247732           0
12256375           0
12243589           0
12253413           0
12244999           0
12253550           0
12255906           0
12426859           0
12250529           0
12244005           0
12248928           0
12256404           0
12247620           0
12255403           0
12245080           0
12254724           0
12255964           0
12252912           0
12257644           0
12427842           0
12250423           0
12251621           0
12257377           0
12250235           0
12254099           0
12256010           0
12252927           0
12257575           0
12251206           0
12249035           0
12256434           0
12251631           0
12256204           0
12255267           0
12246472           0
12253495           0
12258579           0
12245105           0
12258465           0
12253139           0
12253910           0
12427411           0
12256050           0
12249890           0
12256185           0
12249487           0
12254711           0
12252932           0
12256848           0
12428315           0
12258312           0
12427005           0
12247530           0
12253794           0
12254743           0
12251585           0
12245782           0
12256502           0
12248930           0
12257355           0
12245760           0
12254089           0
12251580           0
12253335           0
12252685           0
12255040           0
12248239           0
12249611           0
12244286           0
12244960           0
12255084           0
12253383           0
12251448           0
12245730           0
12251234           0
12427763           0
12255766           0
12253989           0
12248482           0
12252211           0
12246416           0
12427308           0
12252775           0
12247739           0
12250545           0
12249691           0
12254485           0
12250906           0
12250172           0
12254739           0
12254142           0
12254943           0
12246285           0
12251854           0
12254415           0
12250613           0
12256641           0
12253796           0
12258320           0
12249630           0
12244123           0
12428037           0
12244489           0
12246566           0
12255611           0
12248020           0
12258528           0
12249541           0
12246562           0
12251473           0
12256425           0
12255223           0
12258394           0
12254313           0
12259634           0
12252035           0
12253470           0
12246412           0
12256359           0
12250066           0
12256249           0
12255216           0
12428262           0
12252559           0
12253378           0
12250260           0
12253782           0
12255767           0
12256163           0
12257599           0
12245431           0
12255147           0
12247967           0
12255076           0
12256923           0
12428526           0
12255613           0
12258215           0
12250239           0
12426218           0
12256311           0
12257655           0
12245050           0
12250353           0
12247788           0
12249514           0
12252414           0
12256909           0
12426550           0
12249515           0
12249696           0
12258089           0
12428913           0
12253797           0
12428505           0
12249125           0
12255717           0
12253915           0
12251875           0
12245828           0
12256859           0
12252373           0
12428517           0
12254863           0
12256426           0
12253372           0
12246979           0
12252996           0
12257317           0
12257362           0
12253879           0
12255305           0
12245224           0
12255497           0
12428975           0
12259527           0
12252209           0
12249620           0
12253022           0
12251632           0
12252092           0
12250346           0
12257748           0
12428969           0
12256397           0
12256323           0
12427851           0
12256207           0
12258204           0
12250900           0
12427553           0
12427803           0
12256451           0
12251327           0
12252257           0
12256298           0
12259542           0
12256853           0
12255137           0
12253397           0
12256021           0
12243929           0
12251018           0
12259635           0
12258275           0
12253189           0
12247569           0
12251887           0
12252651           0
12245583           0
12246955           0
12252635           0
12427861           0
12257509           0
12256957           0
12428544           0
12254031           0
12253685           0
12245052           0
12257421           0
12251756           0
12256967           0
12257233           0
12252857           0
12256475           0
12255235           0
12253882           0
12253010           0
12252808           0
12256887           0
12245594           0
12258293           0
12247497           0
12256534           0
12252231           0
12254924           0
12250418           0
12252882           0
12256498           0
12250777           0
12254107           0
12250232           0
12242516           0
12257484           0
12259188           0
12425658           0
12260471           0
12255995           0
12257621           0
12259115           0
12252954           0
12247576           0
12250086           0
12249716           0
12428923           0
12247515           0
12253456           0
12251723           0
12247315           0
12244072           0
12252039           0
12254094           0
12249358           0
12255636           0
12428739           0
12256681           0
12252787           0
12248353           0
12256273           0
12255689           0
12258486           0
12251587           0
12254916           0
12255382           0
12258057           0
12254459           0
12253925           0
12256319           0
12257082           0
12254547           0
12243642           0
12255088           0
12256485           0
12257849           0
12427457           0
12255111           0
12251238           0
12245145           0
12253835           0
12426857           0
12428381           0
12249073           0
12251271           0
12255016           0
12253826           0
12255243           0
12237360           0
12247683           0
12257055           0
12255102           0
12254875           0
12250384           0
12258294           0
12249581           0
12257833           0
12258574           0
12256664           0
12254324           0
12255656           0
12252347           0
12251680           0
12252369           0
12257220           0
12257047           0
12257992           0
12256141           0
12428950           0
12252348           0
12251695           0
12250742           0
12252249           0
12256383           0
12254370           0
12246923           0
12246436           0
12256018           0
12260706           0
12257370           0
12258841           0
12251963           0
12428961           0
12257505           0
12244508           0
12257674           0
12258443           0
12260129           0
12252836           0
12258546           0
12258491           0
12256224           0
12247736           0
12252755           0
12255119           0
12251314           0
12257206           0
12260025           0
12253866           0
12253011           0
12255074           0
12255894           0
12259422           0
12250338           0
12250285           0
12253859           0
12256307           0
12256918           0
12251056           0
12259576           0
12258246           0
12252453           0
12256364           0
12252308           0
12254634           0
12253557           0
12259599           0
12257172           0
12257589           0
12258845           0
12253154           0
12243607           0
12254982           0
12250371           0
12252801           0
12249349           0
12257299           0
12256811           0
12247916           0
12257110           0
12257965           0
12258877           0
12256630           0
12253464           0
12250270           0
12259609           0
12259511           0
12255758           0
12255495           0
12251700           0
12259485           0
12258052           0
12248909           0
12259493           0
12258426           0
12251687           0
12429227           0
12249749           0
12255092           0
12258150           0
12254824           0
12244477           0
12260319           0
12429418           0
12259046           0
12251133           0
12254098           0
12259469           0
12254994           0
12258207           0
12260483           0
12428981           0
12260830           0
12251671           0
12258606           0
12258547           0
12245071           0
12258295           0
12252694           0
12258072           0
12252380           0
12255928           0
12259994           0
12254744           0
12256187           0
12253763           0
12257045           0
12252950           0
12259483           0
12256285           0
12255694           0
12248526           0
12253778           0
12257595           0
12247448           0
12252258           0
12252608           0
12258618           0
12257960           0
12257666           0
12252331           0
12241402           0
12258325           0
12255108           0
12253905           0
12257822           0
12247404           0
12258497           0
12256971           0
12258717           0
12260092           0
12253373           0
12254082           0
12254639           0
12429015           0
12255172           0
12249526           0
12254213           0
12253858           0
12260142           0
12256310           0
12429632           0
12255676           0
12251704           0
12245920           0
12258169           0
12257500           0
12252959           0
12252905           0
12430102           0
12258303           0
12259519           0
12248833           0
12253156           0
12248459           0
12254091           0
12255972           0
12249899           0
12259249           0
12255114           0
12253921           0
12255300           0
12258467           0
12247711           0
12243966           0
12251000           0
12259982           0
12257097           0
12257390           0
12252983           0
12256749           0
12254315           0
12429478           0
12256514           0
12259418           0
12251698           0
12260693           0
12257383           0
12259181           0
12255218           0
12246033           0
12428011           0
12256888           0
12255753           0
12256045           0
12257449           0
12256762           0
12260986           0
12257448           0
12252520           0
12253430           0
12257357           0
12248527           0
12258081           0
12254665           0
12252602           0
12249124           0
12243867           0
12260231           0
12248917           0
12249990           0
12429447           0
12252341           0
12260718           0
12258299           0
12259897           0
12256279           0
12259336           0
12259628           0
12250324           0
12256817           0
12430024           0
12248066           0
12259520           0
12428442           0
12258369           0
12252111           0
12258481           0
12430218           0
12258454           0
12254057           0
12247678           0
12259855           0
12252737           0
12257440           0
12254013           0
12252794           0
12250352           0
12252920           0
12257237           0
12260561           0
12259258           0
12262494           0
12250097           0
12430008           0
12255847           0
12258141           0
12259891           0
12251954           0
12248177           0
12255494           0
12255461           0
12261599           0
12260847           0
12250608           0
12261819           0
12429672           0
12255746           0
12260085           0
12258844           0
12261057           0
12430685           0
12257034           0
12252560           0
12257222           0
12257696           0
12260765           0
12246316           0
12252595           0
12254945           0
12255294           0
12251077           0
12255282           0
12257718           0
12255299           0
12259296           0
12256130           0
12256241           0
12242131           0
12255575           0
12429539           0
12257256           0
12259235           0
12258159           0
12251477           0
12256300           0
12245219           0
12257812           0
12255120           0
12257235           0
12245479           0
12254123           0
12258506           0
12245086           0
12252742           0
12257332           0
12258848           0
12255314           0
12259256           0
12259626           0
12255315           0
12262089           0
12254051           0
12259799           0
12254147           0
12259985           0
12261824           0
12256528           0
12257844           0
12252784           0
12259329           0
12257164           0
12259561           0
12255009           0
12259918           0
12261271           0
12260218           0
12255835           0
12259266           0
12250678           0
12252630           0
12261457           0
12257702           0
12251686           0
12247022           0
12251792           0
12259700           0
12254911           0
12255332           0
12259935           0
12252844           0
12428019           0
12259033           0
12259970           0
12260624           0
12254532           0
12256396           0
12256702           0
12251566           0
12255359           0
12254061           0
12253949           0
12253745           0
12259198           0
12261733           0
12258975           0
12246697           0
12255115           0
12251317           0
12255973           0
12250301           0
12255979           0
12260153           0
12257093           0
12251510           0
12257874           0
12430000           0
12261556           0
12262079           0
12259185           0
12260609           0
12258921           0
12261640           0
12260388           0
12258500           0
12246686           0
12260619           0
12258850           0
12260997           0
12248925           0
12259929           0
12258660           0
12262340           0
12255553           0
12260883           0
12257203           0
12253655           0
12252795           0
12261676           0
12429215           0
12257336           0
12254825           0
12258032           0
12252311           0
12256398           0
12258011           0
12257549           0
12429033           0
12427173           0
12249075           0
12253518           0
12259379           0
12247656           0
12261354           0
12257779           0
12252929           0
12261976           0
12258154           0
12256953           0
12250696           0
12430216           0
12250520           0
12242411           0
12263762           0
12256306           0
12254187           0
12261043           0
12259333           0
12258041           0
12258003           0
12259330           0
12429781           0
12261714           0
12253927           0
12257619           0
12256547           0
12259268           0
12260787           0
12259498           0
12260007           0
12258572           0
12430848           0
12261736           0
12255518           0
12250038           0
12427383           0
12260026           0
12259933           0
12242629           0
12257880           0
12253981           0
12261663           0
12430235           0
12429789           0
12260488           0
12256476           0
12259846           0
12257050           0
12247743           0
12256384           0
12260681           0
12259559           0
12255010           0
12260551           0
12250870           0
12258296           0
12257485           0
12257230           0
12248778           0
12257213           0
12252786           0
12253355           0
12430096           0
12260181           0
12254469           0
12252703           0
12259215           0
12257384           0
12430668           0
12258957           0
12250615           0
12430738           0
12262892           0
12252592           0
12261129           0
12257761           0
12256148           0
12260152           0
12261759           0
12262161           0
12261788           0
12258077           0
12257893           0
12251909           0
12261048           0
12426774           0
12257807           0
12260956           0
12253756           0
12261740           0
12261958           0
12260167           0
12260422           0
12259603           0
12253728           0
12242247           0
12248279           0
12258612           0
12255242           0
12260867           0
12256278           0
12260844           0
12253558           0
12259786           0
12259937           0
12257342           0
12259464           0
12258893           0
12257737           0
12258502           0
12252849           0
12431362           0
12260461           0
12258225           0
12262911           0
12430105           0
12251984           0
12260176           0
12259595           0
12244759           0
12260133           0
12257695           0
12259592           0
12257016           0
12263415           0
12256099           0
12430044           0
12257323           0
12262265           0
12248460           0
12252045           0
12258567           0
12253177           0
12257934           0
12258329           0
12258689           0
12261462           0
12261146           0
12256101           0
12257044           0
12256183           0
12256172           0
12262721           0
12258338           0
12261677           0
12259243           0
12258267           0
12248141           0
12257295           0
12430434           0
12257552           0
12259828           0
12259536           0
12259051           0
12255821           0
12262982           0
12257389           0
12256126           0
12259765           0
12429116           0
12250641           0
12260286           0
12260036           0
12260111           0
12260691           0
12429763           0
12257329           0
12258792           0
12261532           0
12255456           0
12261407           0
12261978           0
12430657           0
12260865           0
12256268           0
12257305           0
12260134           0
12258174           0
12429433           0
12256315           0
12255237           0
12256408           0
12251685           0
12251933           0
12260584           0
12261367           0
12256088           0
12260352           0
12255907           0
12257456           0
12257872           0
12263440           0
12258173           0
12249266           0
12257560           0
12250723           0
12256494           0
12259745           0
12259532           0
12262066           0
12257659           0
12257910           0
12253060           0
12259673           0
12259501           0
12245096           0
12263018           0
12262910           0
12258060           0
12262272           0
12260501           0
12260914           0
12257891           0
12258703           0
12259480           0
12262837           0
12248091           0
12253314           0
12251917           0
12251886           0
12253407           0
12257816           0
12256011           0
12254126           0
12259872           0
12259060           0
12258480           0
12259535           0
12255959           0
12252344           0
12254872           0
12430691           0
12262561           0
12260754           0
12260228           0
12262290           0
12260757           0
12256550           0
12252396           0
12257523           0
12257967           0
12261885           0
12261447           0
12430718           0
12429776           0
12260525           0
12254373           0
12258455           0
12260002           0
12430925           0
12262093           0
12260514           0
12262451           0
12261684           0
12260221           0
12260529           0
12261945           0
12258974           0
12252893           0
12262150           0
12257767           0
12253402           0
12256264           0
12253802           0
12251765           0
12263922           0
12260713           0
12249275           0
12254683           0
12260983           0
12258780           0
12260095           0
12258376           0
12426970           0
12261742           0
12431588           0
12251607           0
12264946           0
12255288           0
12258098           0
12261264           0
12258846           0
12258984           0
12253137           0
12257301           0
12261681           0
12262127           0
12251591           0
12429785           0
12256922           0
12260094           0
12253902           0
12258451           0
12261646           0
12260090           0
12259101           0
12245925           0
12258410           0
12253182           0
12260531           0
12258925           0
12252825           0
12252589           0
12258709           0
12431429           0
12259281           0
12430145           0
12251646           0
12255567           0
12257212           0
12430470           0
12251108           0
12258955           0
12261092           0
12253106           0
12256362           0
12256992           0
12261010           0
12252772           0
12260160           0
12429621           0
12258301           0
12257590           0
12256925           0
12250475           0
12262035           0
12257811           0
12255347           0
12255138           0
12264930           0
12261321           0
12257168           0
12254671           0
12430991           0
12252780           0
12257163           0
12255306           0
12255221           0
12258571           0
12431363           0
12253853           0
12257831           0
12261845           0
12262076           0
12257617           0
12258619           0
12254588           0
12254586           0
12261441           0
12431318           0
12260960           0
12261211           0
12259344           0
12258969           0
12255038           0
12430879           0
12256710           0
12260550           0
12253523           0
12262522           0
12258488           0
12263517           0
12259993           0
12263299           0
12251303           0
12259295           0
12262419           0
12258638           0
12263639           0
12252112           0
12247733           0
12430927           0
12263933           0
12261675           0
12259980           0
12262580           0
12259539           0
12263722           0
12262149           0
12262573           0
12258439           0
12248845           0
12256453           0
12261184           0
12431594           0
12262680           0
12262907           0
12256347           0
12260871           0
12261623           0
12256435           0
12252197           0
12261643           0
12258745           0
12255129           0
12259695           0
12263935           0
12262300           0
12263717           0
12252009           0
12252869           0
12251493           0
12255124           0
12258501           0
12247426           0
12430109           0
12258125           0
12249079           0
12256684           0
12256194           0
12260408           0
12430142           0
12262695           0
12263941           0
12257884           0
12264037           0
12260070           0
12263872           0
12260039           0
12430929           0
12263593           0
12259728           0
12257547           0
12258553           0
12258487           0
12259585           0
12265105           0
12262540           0
12262894           0
12262698           0
12262811           0
12253876           0
12261056           0
12254376           0
12261002           0
12260595           0
12430888           0
12259488           0
12256800           0
12261618           0
12257209           0
12255082           0
12262871           0
12260532           0
12250747           0
12263898           0
12245912           0
12264590           0
12251910           0
12250231           0
12257573           0
12256890           0
12260328           0
12254554           0
12262720           0
12260958           0
12239610           0
12259601           0
12259703           0
12259283           0
12263751           0
12262248           0
12258859           0
12429506           0
12257316           0
12430298           0
12246744           0
12257497           0
12255909           0
12245305           0
12254570           0
12261892           0
12253984           0
12263808           0
12265212           0
12245093           0
12263916           0
12256219           0
12254910           0
12246273           0
12259352           0
12262762           0
12260557           0
12248946           0
12260990           0
12262753           0
12255586           0
12259490           0
12261595           0
12256257           0
12260284           0
12264108           0
12264079           0
12261832           0

$RaceHorse.KisyuCode
      (Intercept)
01152           0
01092           0
01130           0
01075           0
00689           0
01125           0
01144           0
00894           0
05519           0
00422           0
05203           0
01157           0
05532           0
01151           0
00663           0
05471           0
05339           0
01009           0
01034           0
00726           0
01104           0
01150           0
01019           0
00641           0
01155           0
01128           0
01026           0
00660           0
00722           0
05429           0
05212           0
01077           0
01025           0
05243           0
01096           0
01116           0
01114           0
01115           0
01030           0
01117           0
05386           0
01004           0
00666           0
01126           0
05531           0
05268           0
01015           0
01088           0
01095           0
00684           0
01124           0
00629           0
01102           0
01142           0
00732           0
01037           0
01085           0
01018           0
01032           0
00733           0
01062           0
05115           0
01154           0
01146           0
05336           0
01014           0
01138           0
01049           0
01091           0
01036           0
01162           0
01051           0
01147           0
00652           0
00700           0
01029           0
01122           0
01127           0
00815           0
01031           0
05528           0
01129           0
05529           0
01159           0
01108           0
01158           0
01093           0
05460           0
01010           0
05451           0
05135           0
01038           0
01163           0
01135           0
01099           0
01043           0
01109           0
01153           0
01112           0
05527           0
05366           0
05538           0
05504           0
01139           0
01160           0
05328           0
01156           0
05217           0
01118           0
01166           0
01143           0
01165           0
01161           0
01140           0
01169           0
01131           0
05299           0
01057           0
01164           0
01133           0
01063           0
01170           0
05199           0
01168           0
05517           0
05408           0
05364           0
05473           0
01134           0
05509           0
05342           0
05495           0
05229           0
05575           0
05585           0
01141           0
01167           0
05525           0
01171           0
01180           0
05568           0
01119           0
01174           0
01178           0
01061           0
01179           0
01182           0
01176           0
05469           0
01177           0
01072           0
01069           0
05321           0
01191           0
01181           0
05271           0
05091           0
01183           0
05545           0
05171           0
05524           0
05596           0
01192           0
01173           0
01185           0
01186           0
01172           0
01059           0
05470           0
01188           0
01187           0
01184           0
00875           0
01190           0
01101           0

[1] "--------------------------------------------------------------------------------"
[1] "2022-03-13 19:06:38 --- glmer Finish ---"
[1] "2022-03-13 19:06:38 --- save.image Start ---"
[1] "save.image"
[1] "rdataFilename=RData_analyze_glmer_Basic_Type22.RData"
[1] "2022-03-13 19:06:38 --- save.image Finish ---"
[1] "2022-03-13 19:06:38 --- final Start ---"
[1] "--------------------------------------------------------------------------------"
[1] "nrow(data) final=7292"
[1] "--------------------------------------------------------------------------------"
[1] "2022-03-13 19:06:38 --- final Finish ---"
[1] "2022-03-13 19:06:38 --- analyze_glmer.R Finished ---"
[1] "2022-03-13 19:06:38 --- log Finish ---"
