[1] "2022-02-04 02:27:09 --- D1113_Predict_glm_Jockey_IsHitA_Type23 Start ---"
[1] "2022-02-04 02:27:09 --- Log Start ---"
[1] "2022-02-04 02:27:09 --- predict.R Start ---"
[1] "analyzeVersion=D1113"
[1] "analyzeCategory=Predict"
[1] "analyzeType=Jockey"
[1] "analyzeFamily=IsHitA"
[1] "analyzeFunc=glm"
[1] "analyzeTrackTypeCd=2"
[1] "analyzeJyokenCd=3"
[1] "2022-02-04 02:27:09 --- source_function.R Start ---"
[1] "2022-02-04 02:27:09 --- source_function.R Finished ---"

> print(paste0(Sys.time(), " --- source_library.R Start ---"))
[1] "2022-02-04 02:27:09 --- source_library.R Start ---"

> require("RevoScaleR")

> print(paste0(Sys.time(), " --- source_library.R Finished ---"))
[1] "2022-02-04 02:27:09 --- source_library.R Finished ---"
[1] "2022-02-04 02:27:09 --- Load Start ---"
[1] "loadFilename=RData_Analyze_glm_Jockey_Type23.RData"
[1] "2022-02-04 02:27:10 --- Load Finished ---"
[1] "2022-02-04 02:27:10 --- RxSqlServerData Start ---"
[1] "sqlQuery=SELECT * FROM ViewAnalyzeD1113analyze01JockeyType23"
Rows Read: 18839, Total Rows Processed: 18839, Total Chunk Time: 3.449 seconds 
[1] "head(InputDataSet)="
           Race.RaceId Race.IsPredictedRace Race.IsAnalyzeNormalPastAndFuture
1 20200919-06-04-03-10                FALSE                              TRUE
2 20201018-04-04-04-12                FALSE                              TRUE
3 20191006-05-04-02-12                FALSE                              TRUE
4 20181021-05-04-07-12                FALSE                              TRUE
5 20190330-06-03-03-12                FALSE                              TRUE
6 20180812-01-01-06-12                FALSE                              TRUE
  Race.IsAnalyzeNormalPast Race.IsAnalyzeNormalFuture
1                     TRUE                      FALSE
2                     TRUE                      FALSE
3                     TRUE                      FALSE
4                     TRUE                      FALSE
5                     TRUE                      FALSE
6                     TRUE                      FALSE
  Race.IsAnalyzeFullPastAndFuture Race.IsAnalyzeFullPast
1                            TRUE                   TRUE
2                            TRUE                   TRUE
3                            TRUE                   TRUE
4                            TRUE                   TRUE
5                            TRUE                   TRUE
6                            TRUE                   TRUE
  Race.IsAnalyzeFullFuture Race.JyokenCd Race.JyoType1Cd   Race.RaceType0Cd
1                    FALSE             3     2-06-2400-1 2-06-2400-1-3-E-13
2                    FALSE             3     2-04-1200-1 2-04-1200-1-3-E-13
3                    FALSE             3     2-05-1600-2 2-05-1600-2-3-X-13
4                    FALSE             3     2-05-1600-1 2-05-1600-1-3-X-13
5                    FALSE             3     2-06-1800-1 2-06-1800-1-3-X-14
6                    FALSE             3     2-01-1700-3 2-01-1700-3-3-E-13
  Race.RaceType1Cd Race.RaceType2Cd Race.RaceType3Cd Race.RaceType4Cd
1            2-3-E            2-3-E           3-E-13           2-3-13
2            2-3-E            2-3-E           3-E-13           2-3-13
3            2-3-X            2-3-X           3-X-13           2-3-13
4            2-3-X            2-3-X           3-X-13           2-3-13
5            2-3-X            2-3-X           3-X-14           2-3-14
6            2-3-E            2-3-E           3-E-13           2-3-13
      RaceHorse.RaceId RaceHorse.KettoNum RaceHorse.IsHit1 RaceHorse.IsHit2
1 20200919-06-04-03-10         2016106547                0                0
2 20201018-04-04-04-12         2015103366                0                0
3 20191006-05-04-02-12         2016102697                0                0
4 20181021-05-04-07-12         2015104741                0                0
5 20190330-06-03-03-12         2014103425                0                1
6 20180812-01-01-06-12         2015104696                0                0
  RaceHorse.IsHit3 RaceHorse.IsHit4 RaceHorse.IsHit5 RaceHorse.IsHit6
1                0                0                0                1
2                0                1                0                0
3                0                0                1                0
4                0                1                0                0
5                0                0                0                0
6                0                0                0                1
  RaceHorse.IsValidRaceHorse RaceHorse.IsHitA RaceHorse.IsHitB RaceHorse.IsHitC
1                       TRUE                0                0                0
2                       TRUE                0                0                0
3                       TRUE                0                0                0
4                       TRUE                0                0                0
5                       TRUE                0                1                1
6                       TRUE                0                0                0
  Jockey.KisyuCode Jockey.TimeDvByRaceAvg Jockey.TimeDvByRaceMax
1            00641               48.70199               63.93568
2            01091               48.23856               66.67157
3            01092               48.99608               73.19382
4            01122               51.25450               65.80164
5            00422               50.81011               73.54790
6            01109               48.22560               65.53448
  Jockey.RunCount Jockey.HitCount1 Jockey.HitCount2 Jockey.HitCount3
1              39                1                1                4
2              56                2                5                3
3              48                3                2                2
4              50                3                5                3
5             107               10                6                3
6              39                3                1                1
  Jockey.HitCount4 Jockey.HitCount5 Jockey.HitRate1 Jockey.HitRate2
1                2                1      0.02564103      0.02564103
2                3                5      0.03571429      0.08928571
3                3                2      0.06250000      0.04166667
4                5                1      0.06000000      0.10000000
5                8               12      0.09345794      0.05607477
6                1                2      0.07692308      0.02564103
  Jockey.HitRate3 Jockey.HitRate4 Jockey.HitRate5 EOF
1      0.10256410      0.05128205      0.02564103   1
2      0.05357143      0.05357143      0.08928571   1
3      0.04166667      0.06250000      0.04166667   1
4      0.06000000      0.10000000      0.02000000   1
5      0.02803738      0.07476636      0.11214953   1
6      0.02564103      0.02564103      0.05128205   1
[1] "object.size(InputDataSet) auto=4.1 Mb"
[1] "nrow(InputDataSet) RxSqlServerData=18839"
[1] "str(InputDataSet)="
'data.frame':	18839 obs. of  42 variables:
 $ Race.RaceId                      : Factor w/ 1282 levels "20160619-05-03-06-10",..: 11 12 13 14 15 16 17 18 19 20 ...
 $ Race.IsPredictedRace             : logi  FALSE FALSE FALSE FALSE FALSE FALSE ...
 $ Race.IsAnalyzeNormalPastAndFuture: logi  TRUE TRUE TRUE TRUE TRUE TRUE ...
 $ Race.IsAnalyzeNormalPast         : logi  TRUE TRUE TRUE TRUE TRUE TRUE ...
 $ Race.IsAnalyzeNormalFuture       : logi  FALSE FALSE FALSE FALSE FALSE FALSE ...
 $ Race.IsAnalyzeFullPastAndFuture  : logi  TRUE TRUE TRUE TRUE TRUE TRUE ...
 $ Race.IsAnalyzeFullPast           : logi  TRUE TRUE TRUE TRUE TRUE TRUE ...
 $ Race.IsAnalyzeFullFuture         : logi  FALSE FALSE FALSE FALSE FALSE FALSE ...
 $ Race.JyokenCd                    : Factor w/ 1 level "3": 1 1 1 1 1 1 1 1 1 1 ...
 $ Race.JyoType1Cd                  : Factor w/ 112 levels "2-05-1600-1",..: 10 11 8 1 2 12 9 13 13 14 ...
 $ Race.RaceType0Cd                 : Factor w/ 281 levels "2-05-1600-1-3-E-13",..: 11 12 13 14 2 15 10 16 16 17 ...
 $ Race.RaceType1Cd                 : Factor w/ 2 levels "2-3-E","2-3-X": 1 1 2 2 2 1 2 2 2 2 ...
 $ Race.RaceType2Cd                 : Factor w/ 2 levels "2-3-E","2-3-X": 1 1 2 2 2 1 2 2 2 2 ...
 $ Race.RaceType3Cd                 : Factor w/ 4 levels "3-E-13","3-X-14",..: 1 1 3 3 2 1 2 3 3 2 ...
 $ Race.RaceType4Cd                 : Factor w/ 2 levels "2-3-13","2-3-14": 1 1 1 1 2 1 2 1 1 2 ...
 $ RaceHorse.RaceId                 : Factor w/ 1282 levels "20160619-05-03-06-10",..: 11 12 13 14 15 16 17 18 19 20 ...
 $ RaceHorse.KettoNum               : Factor w/ 3863 levels "2012104257","2017103942",..: 11 12 13 14 15 16 17 18 19 20 ...
 $ RaceHorse.IsHit1                 : int  0 0 0 0 0 0 0 0 0 0 ...
 $ RaceHorse.IsHit2                 : int  0 0 0 0 1 0 0 0 0 0 ...
 $ RaceHorse.IsHit3                 : int  0 0 0 0 0 0 0 0 0 0 ...
 $ RaceHorse.IsHit4                 : int  0 1 0 1 0 0 0 0 0 0 ...
 $ RaceHorse.IsHit5                 : int  0 0 1 0 0 0 0 0 0 0 ...
 $ RaceHorse.IsHit6                 : int  1 0 0 0 0 1 1 1 1 1 ...
 $ RaceHorse.IsValidRaceHorse       : logi  TRUE TRUE TRUE TRUE TRUE TRUE ...
 $ RaceHorse.IsHitA                 : int  0 0 0 0 0 0 0 0 0 0 ...
 $ RaceHorse.IsHitB                 : int  0 0 0 0 1 0 0 0 0 0 ...
 $ RaceHorse.IsHitC                 : int  0 0 0 0 1 0 0 0 0 0 ...
 $ Jockey.KisyuCode                 : Factor w/ 184 levels "01014","01177",..: 11 12 13 14 15 16 17 18 19 20 ...
 $ Jockey.TimeDvByRaceAvg           : num  48.7 48.2 49 51.3 50.8 ...
 $ Jockey.TimeDvByRaceMax           : num  63.9 66.7 73.2 65.8 73.5 ...
 $ Jockey.RunCount                  : int  39 56 48 50 107 39 62 47 65 31 ...
 $ Jockey.HitCount1                 : int  1 2 3 3 10 3 7 1 4 1 ...
 $ Jockey.HitCount2                 : int  1 5 2 5 6 1 6 1 15 0 ...
 $ Jockey.HitCount3                 : int  4 3 2 3 3 1 4 2 5 2 ...
 $ Jockey.HitCount4                 : int  2 3 3 5 8 1 5 1 6 3 ...
 $ Jockey.HitCount5                 : int  1 5 2 1 12 2 4 4 3 3 ...
 $ Jockey.HitRate1                  : num  0.0256 0.0357 0.0625 0.06 0.0935 ...
 $ Jockey.HitRate2                  : num  0.0256 0.0893 0.0417 0.1 0.0561 ...
 $ Jockey.HitRate3                  : num  0.1026 0.0536 0.0417 0.06 0.028 ...
 $ Jockey.HitRate4                  : num  0.0513 0.0536 0.0625 0.1 0.0748 ...
 $ Jockey.HitRate5                  : num  0.0256 0.0893 0.0417 0.02 0.1121 ...
 $ EOF                              : int  1 1 1 1 1 1 1 1 1 1 ...
[1] "2022-02-04 02:27:20 --- RxSqlServerData Finish ---"
[1] "2022-02-04 02:27:20 --- subset Start ---"
[1] "nrow(InputDataSet) subset before=18839"
[1] "nrow(InputDataSet) subset after=18839"
[1] "nrow(InputDataSet) subset diff=0"
[1] "class(InputDataSet$Race.IsAnalyzeNormalPast)=logical"
[1] "class(InputDataSet$Race.analyzeTrackTypeCd)=NULL"
[1] "2022-02-04 02:27:20 --- subset Finish ---"
[1] "2022-02-04 02:27:20 --- transform Start ---"
[1] "2022-02-04 02:27:20 --- Transform Finished ---"
[1] "nrow(InputDataSet) transaform before=18839"
[1] "nrow(InputDataSet) transaform after=18839"
[1] "nrow(InputDataSet) transaform diff=0"
[1] "str(InputDataSet)="
'data.frame':	18839 obs. of  42 variables:
 $ Race.RaceId                      : Factor w/ 1282 levels "20160619-05-03-06-10",..: 11 12 13 14 15 16 17 18 19 20 ...
 $ Race.IsPredictedRace             : logi  FALSE FALSE FALSE FALSE FALSE FALSE ...
 $ Race.IsAnalyzeNormalPastAndFuture: logi  TRUE TRUE TRUE TRUE TRUE TRUE ...
 $ Race.IsAnalyzeNormalPast         : logi  TRUE TRUE TRUE TRUE TRUE TRUE ...
 $ Race.IsAnalyzeNormalFuture       : logi  FALSE FALSE FALSE FALSE FALSE FALSE ...
 $ Race.IsAnalyzeFullPastAndFuture  : logi  TRUE TRUE TRUE TRUE TRUE TRUE ...
 $ Race.IsAnalyzeFullPast           : logi  TRUE TRUE TRUE TRUE TRUE TRUE ...
 $ Race.IsAnalyzeFullFuture         : logi  FALSE FALSE FALSE FALSE FALSE FALSE ...
 $ Race.JyokenCd                    : Factor w/ 1 level "3": 1 1 1 1 1 1 1 1 1 1 ...
 $ Race.JyoType1Cd                  : Factor w/ 112 levels "2-05-1600-1",..: 10 11 8 1 2 12 9 13 13 14 ...
 $ Race.RaceType0Cd                 : Factor w/ 281 levels "2-05-1600-1-3-E-13",..: 11 12 13 14 2 15 10 16 16 17 ...
 $ Race.RaceType1Cd                 : Factor w/ 2 levels "2-3-E","2-3-X": 1 1 2 2 2 1 2 2 2 2 ...
 $ Race.RaceType2Cd                 : Factor w/ 2 levels "2-3-E","2-3-X": 1 1 2 2 2 1 2 2 2 2 ...
 $ Race.RaceType3Cd                 : Factor w/ 4 levels "3-E-13","3-X-14",..: 1 1 3 3 2 1 2 3 3 2 ...
 $ Race.RaceType4Cd                 : Factor w/ 2 levels "2-3-13","2-3-14": 1 1 1 1 2 1 2 1 1 2 ...
 $ RaceHorse.RaceId                 : Factor w/ 1282 levels "20160619-05-03-06-10",..: 11 12 13 14 15 16 17 18 19 20 ...
 $ RaceHorse.KettoNum               : Factor w/ 3863 levels "2012104257","2017103942",..: 11 12 13 14 15 16 17 18 19 20 ...
 $ RaceHorse.IsHit1                 : int  0 0 0 0 0 0 0 0 0 0 ...
 $ RaceHorse.IsHit2                 : int  0 0 0 0 1 0 0 0 0 0 ...
 $ RaceHorse.IsHit3                 : int  0 0 0 0 0 0 0 0 0 0 ...
 $ RaceHorse.IsHit4                 : int  0 1 0 1 0 0 0 0 0 0 ...
 $ RaceHorse.IsHit5                 : int  0 0 1 0 0 0 0 0 0 0 ...
 $ RaceHorse.IsHit6                 : int  1 0 0 0 0 1 1 1 1 1 ...
 $ RaceHorse.IsValidRaceHorse       : logi  TRUE TRUE TRUE TRUE TRUE TRUE ...
 $ RaceHorse.IsHitA                 : int  0 0 0 0 0 0 0 0 0 0 ...
 $ RaceHorse.IsHitB                 : int  0 0 0 0 1 0 0 0 0 0 ...
 $ RaceHorse.IsHitC                 : int  0 0 0 0 1 0 0 0 0 0 ...
 $ Jockey.KisyuCode                 : Factor w/ 184 levels "01014","01177",..: 11 12 13 14 15 16 17 18 19 20 ...
 $ Jockey.TimeDvByRaceAvg           : num  48.7 48.2 49 51.3 50.8 ...
 $ Jockey.TimeDvByRaceMax           : num  63.9 66.7 73.2 65.8 73.5 ...
 $ Jockey.RunCount                  : int  39 56 48 50 107 39 62 47 65 31 ...
 $ Jockey.HitCount1                 : int  1 2 3 3 10 3 7 1 4 1 ...
 $ Jockey.HitCount2                 : int  1 5 2 5 6 1 6 1 15 0 ...
 $ Jockey.HitCount3                 : int  4 3 2 3 3 1 4 2 5 2 ...
 $ Jockey.HitCount4                 : int  2 3 3 5 8 1 5 1 6 3 ...
 $ Jockey.HitCount5                 : int  1 5 2 1 12 2 4 4 3 3 ...
 $ Jockey.HitRate1                  : num  0.0256 0.0357 0.0625 0.06 0.0935 ...
 $ Jockey.HitRate2                  : num  0.0256 0.0893 0.0417 0.1 0.0561 ...
 $ Jockey.HitRate3                  : num  0.1026 0.0536 0.0417 0.06 0.028 ...
 $ Jockey.HitRate4                  : num  0.0513 0.0536 0.0625 0.1 0.0748 ...
 $ Jockey.HitRate5                  : num  0.0256 0.0893 0.0417 0.02 0.1121 ...
 $ EOF                              : int  1 1 1 1 1 1 1 1 1 1 ...
NULL
[1] "2022-02-04 02:27:21 --- transform Finish ---"
[1] "2022-02-04 02:27:21 --- na.omit Start ---"
[1] "nrow(InputDataSet) na.omit before=18839"
[1] "nrow(InputDataSet) na.omit after=18582"
[1] "nrow(InputDataSet) na.omit diff=257"
[1] "2022-02-04 02:27:21 --- na.omit Finish---"
[1] "2022-02-04 02:27:21 --- New Levels Start ---"
[1] "levels(data$Race.RaceType1Cd)=2-3-E" "levels(data$Race.RaceType1Cd)=2-3-X"
[1] "levels(InputDataSet$Race.RaceType1Cd)=2-3-E"
[2] "levels(InputDataSet$Race.RaceType1Cd)=2-3-X"
[1] "length(Race.RaceType1Cd.Index)=0"
[1] "2022-02-04 02:27:21 --- New Levels Finish ---"
[1] "2022-02-04 02:27:21 --- na.omit Start ---"
[1] "nrow(InputDataSet) na.omit levels before=18582"
[1] "nrow(InputDataSet) na.omit levels after=18582"
[1] "nrow(InputDataSet) na.omit levels diff=0"
[1] "2022-02-04 02:27:21 --- na.omit Finish ---"
[1] "2022-02-04 02:27:21 --- Predict InputDataSet Start ---"
[1] "nrow(InputDataSet) predict=18582"
[1] "str(InputDataSet)="
'data.frame':	18582 obs. of  42 variables:
 $ Race.RaceId                      : Factor w/ 1282 levels "20160619-05-03-06-10",..: 11 12 13 14 15 16 17 18 19 20 ...
 $ Race.IsPredictedRace             : logi  FALSE FALSE FALSE FALSE FALSE FALSE ...
 $ Race.IsAnalyzeNormalPastAndFuture: logi  TRUE TRUE TRUE TRUE TRUE TRUE ...
 $ Race.IsAnalyzeNormalPast         : logi  TRUE TRUE TRUE TRUE TRUE TRUE ...
 $ Race.IsAnalyzeNormalFuture       : logi  FALSE FALSE FALSE FALSE FALSE FALSE ...
 $ Race.IsAnalyzeFullPastAndFuture  : logi  TRUE TRUE TRUE TRUE TRUE TRUE ...
 $ Race.IsAnalyzeFullPast           : logi  TRUE TRUE TRUE TRUE TRUE TRUE ...
 $ Race.IsAnalyzeFullFuture         : logi  FALSE FALSE FALSE FALSE FALSE FALSE ...
 $ Race.JyokenCd                    : Factor w/ 1 level "3": 1 1 1 1 1 1 1 1 1 1 ...
 $ Race.JyoType1Cd                  : Factor w/ 112 levels "2-05-1600-1",..: 10 11 8 1 2 12 9 13 13 14 ...
 $ Race.RaceType0Cd                 : Factor w/ 281 levels "2-05-1600-1-3-E-13",..: 11 12 13 14 2 15 10 16 16 17 ...
 $ Race.RaceType1Cd                 : Factor w/ 2 levels "2-3-E","2-3-X": 1 1 2 2 2 1 2 2 2 2 ...
 $ Race.RaceType2Cd                 : Factor w/ 2 levels "2-3-E","2-3-X": 1 1 2 2 2 1 2 2 2 2 ...
 $ Race.RaceType3Cd                 : Factor w/ 4 levels "3-E-13","3-X-14",..: 1 1 3 3 2 1 2 3 3 2 ...
 $ Race.RaceType4Cd                 : Factor w/ 2 levels "2-3-13","2-3-14": 1 1 1 1 2 1 2 1 1 2 ...
 $ RaceHorse.RaceId                 : Factor w/ 1282 levels "20160619-05-03-06-10",..: 11 12 13 14 15 16 17 18 19 20 ...
 $ RaceHorse.KettoNum               : Factor w/ 3863 levels "2012104257","2017103942",..: 11 12 13 14 15 16 17 18 19 20 ...
 $ RaceHorse.IsHit1                 : int  0 0 0 0 0 0 0 0 0 0 ...
 $ RaceHorse.IsHit2                 : int  0 0 0 0 1 0 0 0 0 0 ...
 $ RaceHorse.IsHit3                 : int  0 0 0 0 0 0 0 0 0 0 ...
 $ RaceHorse.IsHit4                 : int  0 1 0 1 0 0 0 0 0 0 ...
 $ RaceHorse.IsHit5                 : int  0 0 1 0 0 0 0 0 0 0 ...
 $ RaceHorse.IsHit6                 : int  1 0 0 0 0 1 1 1 1 1 ...
 $ RaceHorse.IsValidRaceHorse       : logi  TRUE TRUE TRUE TRUE TRUE TRUE ...
 $ RaceHorse.IsHitA                 : int  0 0 0 0 0 0 0 0 0 0 ...
 $ RaceHorse.IsHitB                 : int  0 0 0 0 1 0 0 0 0 0 ...
 $ RaceHorse.IsHitC                 : int  0 0 0 0 1 0 0 0 0 0 ...
 $ Jockey.KisyuCode                 : Factor w/ 184 levels "01014","01177",..: 11 12 13 14 15 16 17 18 19 20 ...
 $ Jockey.TimeDvByRaceAvg           : num  48.7 48.2 49 51.3 50.8 ...
 $ Jockey.TimeDvByRaceMax           : num  63.9 66.7 73.2 65.8 73.5 ...
 $ Jockey.RunCount                  : int  39 56 48 50 107 39 62 47 65 31 ...
 $ Jockey.HitCount1                 : int  1 2 3 3 10 3 7 1 4 1 ...
 $ Jockey.HitCount2                 : int  1 5 2 5 6 1 6 1 15 0 ...
 $ Jockey.HitCount3                 : int  4 3 2 3 3 1 4 2 5 2 ...
 $ Jockey.HitCount4                 : int  2 3 3 5 8 1 5 1 6 3 ...
 $ Jockey.HitCount5                 : int  1 5 2 1 12 2 4 4 3 3 ...
 $ Jockey.HitRate1                  : num  0.0256 0.0357 0.0625 0.06 0.0935 ...
 $ Jockey.HitRate2                  : num  0.0256 0.0893 0.0417 0.1 0.0561 ...
 $ Jockey.HitRate3                  : num  0.1026 0.0536 0.0417 0.06 0.028 ...
 $ Jockey.HitRate4                  : num  0.0513 0.0536 0.0625 0.1 0.0748 ...
 $ Jockey.HitRate5                  : num  0.0256 0.0893 0.0417 0.02 0.1121 ...
 $ EOF                              : int  1 1 1 1 1 1 1 1 1 1 ...
 - attr(*, "na.action")= 'omit' Named int  269 273 414 526 547 550 560 672 750 754 ...
  ..- attr(*, "names")= chr  "269" "273" "414" "526" ...
[1] "2022-02-04 02:27:21 --- Predict InputDataSet Finish ---"
[1] "2022-02-04 02:27:21 --- rxPredict (glm) Start ---"
[1] "analyzeFunc=glm"
Rows Read: 18582, Total Rows Processed: 18582, Total Chunk Time: 0.001 seconds 
[1] "nrow(PredictDataSet) afte predict=18582"
[1] "str(PredictDataSet)"
'data.frame':	18582 obs. of  1 variable:
 $ RaceHorse.IsHitA_Pred: num  0.0509 0.0475 0.0531 0.0738 0.0692 ...
NULL
[1] "head(PredictDataSet) afte predict="
  RaceHorse.IsHitA_Pred
1            0.05087670
2            0.04751215
3            0.05312748
4            0.07379557
5            0.06921576
6            0.04742113
[1] "2022-02-04 02:27:21 --- rxPredict (glm) Finish ---"
[1] "2022-02-04 02:27:21 --- add key Start ---"
[1] "nrow(OutputDataSet) add KeyColmn=18582"
[1] "str(OutputDataSet) after add Key"
'data.frame':	18582 obs. of  2 variables:
 $ RaceHorse.RaceId  : Factor w/ 1282 levels "20160619-05-03-06-10",..: 11 12 13 14 15 16 17 18 19 20 ...
 $ RaceHorse.KettoNum: Factor w/ 3863 levels "2012104257","2017103942",..: 11 12 13 14 15 16 17 18 19 20 ...
NULL
[1] "2022-02-04 02:27:21 --- add key Finish ---"
[1] "2022-02-04 02:27:21 --- add PredictValue Start ---"
[1] "str(PredictDataSet) before rename="
[1] "colnames(PredictDataSet)=RaceHorse.IsHitA_Pred"
[1] "str(PredictDataSet) after rename="
'data.frame':	18582 obs. of  1 variable:
 $ PredictValue: num  0.0509 0.0475 0.0531 0.0738 0.0692 ...
NULL
[1] "str(OutputDataSet) before cbind="
'data.frame':	18582 obs. of  2 variables:
 $ RaceHorse.RaceId  : Factor w/ 1282 levels "20160619-05-03-06-10",..: 11 12 13 14 15 16 17 18 19 20 ...
 $ RaceHorse.KettoNum: Factor w/ 3863 levels "2012104257","2017103942",..: 11 12 13 14 15 16 17 18 19 20 ...
NULL
[1] "str(OutputDataSet) after cbind="
'data.frame':	18582 obs. of  3 variables:
 $ RaceHorse.RaceId  : Factor w/ 1282 levels "20160619-05-03-06-10",..: 11 12 13 14 15 16 17 18 19 20 ...
 $ RaceHorse.KettoNum: Factor w/ 3863 levels "2012104257","2017103942",..: 11 12 13 14 15 16 17 18 19 20 ...
 $ PredictValue      : num  0.0509 0.0475 0.0531 0.0738 0.0692 ...
NULL
[1] "2022-02-04 02:27:21 --- add PredictValue Finish ---"
[1] "2022-02-04 02:27:21 --- final Start ---"
[1] "nrow(OutputDataSet) final=18582"
[1] "head(OutputDataSet)="
      RaceHorse.RaceId RaceHorse.KettoNum PredictValue
1 20200919-06-04-03-10         2016106547   0.05087670
2 20201018-04-04-04-12         2015103366   0.04751215
3 20191006-05-04-02-12         2016102697   0.05312748
4 20181021-05-04-07-12         2015104741   0.07379557
5 20190330-06-03-03-12         2014103425   0.06921576
6 20180812-01-01-06-12         2015104696   0.04742113
[1] "str(OutputDataSet)="
'data.frame':	18582 obs. of  3 variables:
 $ RaceHorse.RaceId  : Factor w/ 1282 levels "20160619-05-03-06-10",..: 11 12 13 14 15 16 17 18 19 20 ...
 $ RaceHorse.KettoNum: Factor w/ 3863 levels "2012104257","2017103942",..: 11 12 13 14 15 16 17 18 19 20 ...
 $ PredictValue      : num  0.0509 0.0475 0.0531 0.0738 0.0692 ...
NULL
[1] "2022-02-04 02:27:21 --- final Finish ---"
[1] "2022-02-04 02:27:21 --- predict.R Finished ---"
[1] "2022-02-04 02:27:21 --- log Finish ---"
