[1] "2022-02-04 01:26:02 --- D1113_Predict_glm_Gen01_IsHitA_Type14 Start ---"
[1] "2022-02-04 01:26:02 --- Log Start ---"
[1] "2022-02-04 01:26:02 --- predict.R Start ---"
[1] "analyzeVersion=D1113"
[1] "analyzeCategory=Predict"
[1] "analyzeType=Gen01"
[1] "analyzeFamily=IsHitA"
[1] "analyzeFunc=glm"
[1] "analyzeTrackTypeCd=1"
[1] "analyzeJyokenCd=4"
[1] "2022-02-04 01:26:02 --- source_function.R Start ---"
[1] "2022-02-04 01:26:02 --- source_function.R Finished ---"

> print(paste0(Sys.time(), " --- source_library.R Start ---"))
[1] "2022-02-04 01:26:02 --- source_library.R Start ---"

> require("RevoScaleR")

> print(paste0(Sys.time(), " --- source_library.R Finished ---"))
[1] "2022-02-04 01:26:02 --- source_library.R Finished ---"
[1] "2022-02-04 01:26:02 --- Load Start ---"
[1] "loadFilename=RData_Analyze_glm_Gen01_Type14.RData"
[1] "2022-02-04 01:26:02 --- Load Finished ---"
[1] "2022-02-04 01:26:02 --- RxSqlServerData Start ---"
[1] "sqlQuery=SELECT * FROM ViewAnalyzeD1113analyze01Gen01Type14"
Rows Read: 35970, Total Rows Processed: 35970, Total Chunk Time: 258.591 seconds 
[1] "head(InputDataSet)="
           Race.RaceId Race.IsPredictedRace Race.IsAnalyzeNormalPastAndFuture
1 20200718-09-04-05-12                FALSE                              TRUE
2 20180916-09-04-04-12                FALSE                              TRUE
3 20200411-03-01-01-12                FALSE                              TRUE
4 20161106-05-05-02-09                FALSE                              TRUE
5 20181014-04-03-02-12                FALSE                              TRUE
6 20190825-10-02-10-09                FALSE                              TRUE
  Race.IsAnalyzeNormalPast Race.IsAnalyzeNormalFuture
1                     TRUE                      FALSE
2                     TRUE                      FALSE
3                     TRUE                      FALSE
4                     TRUE                      FALSE
5                     TRUE                      FALSE
6                     TRUE                      FALSE
  Race.IsAnalyzeFullPastAndFuture Race.IsAnalyzeFullPast
1                            TRUE                   TRUE
2                            TRUE                   TRUE
3                            TRUE                   TRUE
4                            TRUE                   TRUE
5                            TRUE                   TRUE
6                            TRUE                   TRUE
  Race.IsAnalyzeFullFuture Race.JyokenCd Race.JyoType1Cd   Race.RaceType0Cd
1                    FALSE             4     1-09-1600-1 1-09-1600-1-4-X-13
2                    FALSE             4     1-09-1200-1 1-09-1200-1-4-X-13
3                    FALSE             4     1-03-1800-1 1-03-1800-1-4-E-14
4                    FALSE             4     1-05-2000-1 1-05-2000-1-4-E-11
5                    FALSE             4     1-04-1600-1 1-04-1600-1-4-E-13
6                    FALSE             4     1-10-2000-1 1-10-2000-1-4-E-13
  Race.RaceType1Cd Race.RaceType2Cd Race.RaceType3Cd Race.RaceType4Cd
1            1-4-X            1-4-X           4-X-13           1-4-13
2            1-4-X            1-4-X           4-X-13           1-4-13
3            1-4-E            1-4-E           4-E-14           1-4-14
4            1-4-E            1-4-E           4-E-11           1-4-11
5            1-4-E            1-4-E           4-E-13           1-4-13
6            1-4-E            1-4-E           4-E-13           1-4-13
      RaceHorse.RaceId RaceHorse.KettoNum RaceHorse.IsHit1 RaceHorse.IsHit2
1 20200718-09-04-05-12         2017104527                0                0
2 20180916-09-04-04-12         2015101355                0                0
3 20200411-03-01-01-12         2015106165                0                0
4 20161106-05-05-02-09         2014104449                0                1
5 20181014-04-03-02-12         2015104890                0                0
6 20190825-10-02-10-09         2016105715                0                0
  RaceHorse.IsHit3 RaceHorse.IsHit4 RaceHorse.IsHit5 RaceHorse.IsHit6
1                0                0                0                1
2                0                0                0                1
3                0                1                0                0
4                0                0                0                0
5                0                0                0                1
6                0                0                0                1
  RaceHorse.IsValidRaceHorse RaceHorse.IsHitA RaceHorse.IsHitB RaceHorse.IsHitC
1                       TRUE                0                0                0
2                       TRUE                0                0                0
3                       TRUE                0                0                0
4                       TRUE                0                1                1
5                       TRUE                0                0                0
6                       TRUE                0                0                0
  Gen01.HansyokuNum Gen01.TimeDvByRaceAvg Gen01.TimeDvByRaceMax Gen01.RunCount
1          11202295              52.59818              74.70490            382
2          11202295              52.63391              74.70490             72
3          11202268              52.09617              71.11902            248
4          11202086              52.58965              76.99001            522
5          11201872              51.04781              73.42307            414
6          11202294              51.07304              63.64395             63
  Gen01.HitCount1 Gen01.HitCount2 Gen01.HitCount3 Gen01.HitCount4
1              45              40              33              35
2               5               9               7               4
3              21              29              29              21
4              57              62              60              38
5              37              29              39              38
6               8               4               9               8
  Gen01.HitCount5 Gen01.HitRate1 Gen01.HitRate2 Gen01.HitRate3 Gen01.HitRate4
1              25     0.11780105     0.10471204     0.08638743     0.09162304
2               5     0.06944444     0.12500000     0.09722222     0.05555556
3              24     0.08467742     0.11693548     0.11693548     0.08467742
4              51     0.10919540     0.11877395     0.11494253     0.07279693
5              33     0.08937198     0.07004831     0.09420290     0.09178744
6               7     0.12698413     0.06349206     0.14285714     0.12698413
  Gen01.HitRate5 EOF
1     0.06544503   1
2     0.06944444   1
3     0.09677419   1
4     0.09770115   1
5     0.07971014   1
6     0.11111111   1
[1] "object.size(InputDataSet) auto=7.8 Mb"
[1] "nrow(InputDataSet) RxSqlServerData=35970"
[1] "str(InputDataSet)="
'data.frame':	35970 obs. of  42 variables:
 $ Race.RaceId                      : Factor w/ 2697 levels "20170603-05-03-01-09",..: 11 12 13 14 15 16 17 18 19 20 ...
 $ Race.IsPredictedRace             : logi  FALSE FALSE FALSE FALSE FALSE FALSE ...
 $ Race.IsAnalyzeNormalPastAndFuture: logi  TRUE TRUE TRUE TRUE TRUE TRUE ...
 $ Race.IsAnalyzeNormalPast         : logi  TRUE TRUE TRUE TRUE TRUE TRUE ...
 $ Race.IsAnalyzeNormalFuture       : logi  FALSE FALSE FALSE FALSE FALSE FALSE ...
 $ Race.IsAnalyzeFullPastAndFuture  : logi  TRUE TRUE TRUE TRUE TRUE TRUE ...
 $ Race.IsAnalyzeFullPast           : logi  TRUE TRUE TRUE TRUE TRUE TRUE ...
 $ Race.IsAnalyzeFullFuture         : logi  FALSE FALSE FALSE FALSE FALSE FALSE ...
 $ Race.JyokenCd                    : Factor w/ 1 level "4": 1 1 1 1 1 1 1 1 1 1 ...
 $ Race.JyoType1Cd                  : Factor w/ 182 levels "1-05-1600-1",..: 11 12 13 14 15 16 17 18 19 20 ...
 $ Race.RaceType0Cd                 : Factor w/ 548 levels "1-05-1600-1-4-E-13",..: 11 12 13 14 15 16 17 18 19 20 ...
 $ Race.RaceType1Cd                 : Factor w/ 2 levels "1-4-E","1-4-X": 2 2 1 1 1 1 2 2 2 2 ...
 $ Race.RaceType2Cd                 : Factor w/ 2 levels "1-4-E","1-4-X": 2 2 1 1 1 1 2 2 2 2 ...
 $ Race.RaceType3Cd                 : Factor w/ 8 levels "4-E-13","4-X-12",..: 5 5 7 6 1 1 5 5 3 3 ...
 $ Race.RaceType4Cd                 : Factor w/ 4 levels "1-4-13","1-4-12",..: 1 1 3 4 1 1 1 1 3 3 ...
 $ RaceHorse.RaceId                 : Factor w/ 2697 levels "20170603-05-03-01-09",..: 11 12 13 14 15 16 17 18 19 20 ...
 $ RaceHorse.KettoNum               : Factor w/ 7984 levels "2012105409","2013105959",..: 11 12 13 14 15 16 17 18 19 20 ...
 $ RaceHorse.IsHit1                 : int  0 0 0 0 0 0 0 0 0 0 ...
 $ RaceHorse.IsHit2                 : int  0 0 0 1 0 0 0 0 1 0 ...
 $ RaceHorse.IsHit3                 : int  0 0 0 0 0 0 0 0 0 0 ...
 $ RaceHorse.IsHit4                 : int  0 0 1 0 0 0 0 0 0 0 ...
 $ RaceHorse.IsHit5                 : int  0 0 0 0 0 0 0 0 0 0 ...
 $ RaceHorse.IsHit6                 : int  1 1 0 0 1 1 1 1 0 1 ...
 $ RaceHorse.IsValidRaceHorse       : logi  TRUE TRUE TRUE TRUE TRUE TRUE ...
 $ RaceHorse.IsHitA                 : int  0 0 0 0 0 0 0 0 0 0 ...
 $ RaceHorse.IsHitB                 : int  0 0 0 1 0 0 0 0 1 0 ...
 $ RaceHorse.IsHitC                 : int  0 0 0 1 0 0 0 0 1 0 ...
 $ Gen01.HansyokuNum                : Factor w/ 402 levels "11201872","11201966",..: 5 5 10 4 1 11 9 5 12 1 ...
 $ Gen01.TimeDvByRaceAvg            : num  52.6 52.6 52.1 52.6 51 ...
 $ Gen01.TimeDvByRaceMax            : num  74.7 74.7 71.1 77 73.4 ...
 $ Gen01.RunCount                   : int  382 72 248 522 414 63 258 185 205 456 ...
 $ Gen01.HitCount1                  : int  45 5 21 57 37 8 10 22 16 34 ...
 $ Gen01.HitCount2                  : int  40 9 29 62 29 4 15 25 11 35 ...
 $ Gen01.HitCount3                  : int  33 7 29 60 39 9 13 18 19 36 ...
 $ Gen01.HitCount4                  : int  35 4 21 38 38 8 20 12 17 31 ...
 $ Gen01.HitCount5                  : int  25 5 24 51 33 7 25 11 11 28 ...
 $ Gen01.HitRate1                   : num  0.1178 0.0694 0.0847 0.1092 0.0894 ...
 $ Gen01.HitRate2                   : num  0.105 0.125 0.117 0.119 0.07 ...
 $ Gen01.HitRate3                   : num  0.0864 0.0972 0.1169 0.1149 0.0942 ...
 $ Gen01.HitRate4                   : num  0.0916 0.0556 0.0847 0.0728 0.0918 ...
 $ Gen01.HitRate5                   : num  0.0654 0.0694 0.0968 0.0977 0.0797 ...
 $ EOF                              : int  1 1 1 1 1 1 1 1 1 1 ...
[1] "2022-02-04 01:34:50 --- RxSqlServerData Finish ---"
[1] "2022-02-04 01:34:50 --- subset Start ---"
[1] "nrow(InputDataSet) subset before=35970"
[1] "nrow(InputDataSet) subset after=35970"
[1] "nrow(InputDataSet) subset diff=0"
[1] "class(InputDataSet$Race.IsAnalyzeNormalPast)=logical"
[1] "class(InputDataSet$Race.analyzeTrackTypeCd)=NULL"
[1] "2022-02-04 01:34:50 --- subset Finish ---"
[1] "2022-02-04 01:34:50 --- transform Start ---"
[1] "2022-02-04 01:34:50 --- Transform Finished ---"
[1] "nrow(InputDataSet) transaform before=35970"
[1] "nrow(InputDataSet) transaform after=35970"
[1] "nrow(InputDataSet) transaform diff=0"
[1] "str(InputDataSet)="
'data.frame':	35970 obs. of  42 variables:
 $ Race.RaceId                      : Factor w/ 2697 levels "20170603-05-03-01-09",..: 11 12 13 14 15 16 17 18 19 20 ...
 $ Race.IsPredictedRace             : logi  FALSE FALSE FALSE FALSE FALSE FALSE ...
 $ Race.IsAnalyzeNormalPastAndFuture: logi  TRUE TRUE TRUE TRUE TRUE TRUE ...
 $ Race.IsAnalyzeNormalPast         : logi  TRUE TRUE TRUE TRUE TRUE TRUE ...
 $ Race.IsAnalyzeNormalFuture       : logi  FALSE FALSE FALSE FALSE FALSE FALSE ...
 $ Race.IsAnalyzeFullPastAndFuture  : logi  TRUE TRUE TRUE TRUE TRUE TRUE ...
 $ Race.IsAnalyzeFullPast           : logi  TRUE TRUE TRUE TRUE TRUE TRUE ...
 $ Race.IsAnalyzeFullFuture         : logi  FALSE FALSE FALSE FALSE FALSE FALSE ...
 $ Race.JyokenCd                    : Factor w/ 1 level "4": 1 1 1 1 1 1 1 1 1 1 ...
 $ Race.JyoType1Cd                  : Factor w/ 182 levels "1-05-1600-1",..: 11 12 13 14 15 16 17 18 19 20 ...
 $ Race.RaceType0Cd                 : Factor w/ 548 levels "1-05-1600-1-4-E-13",..: 11 12 13 14 15 16 17 18 19 20 ...
 $ Race.RaceType1Cd                 : Factor w/ 2 levels "1-4-E","1-4-X": 2 2 1 1 1 1 2 2 2 2 ...
 $ Race.RaceType2Cd                 : Factor w/ 2 levels "1-4-E","1-4-X": 2 2 1 1 1 1 2 2 2 2 ...
 $ Race.RaceType3Cd                 : Factor w/ 8 levels "4-E-13","4-X-12",..: 5 5 7 6 1 1 5 5 3 3 ...
 $ Race.RaceType4Cd                 : Factor w/ 4 levels "1-4-13","1-4-12",..: 1 1 3 4 1 1 1 1 3 3 ...
 $ RaceHorse.RaceId                 : Factor w/ 2697 levels "20170603-05-03-01-09",..: 11 12 13 14 15 16 17 18 19 20 ...
 $ RaceHorse.KettoNum               : Factor w/ 7984 levels "2012105409","2013105959",..: 11 12 13 14 15 16 17 18 19 20 ...
 $ RaceHorse.IsHit1                 : int  0 0 0 0 0 0 0 0 0 0 ...
 $ RaceHorse.IsHit2                 : int  0 0 0 1 0 0 0 0 1 0 ...
 $ RaceHorse.IsHit3                 : int  0 0 0 0 0 0 0 0 0 0 ...
 $ RaceHorse.IsHit4                 : int  0 0 1 0 0 0 0 0 0 0 ...
 $ RaceHorse.IsHit5                 : int  0 0 0 0 0 0 0 0 0 0 ...
 $ RaceHorse.IsHit6                 : int  1 1 0 0 1 1 1 1 0 1 ...
 $ RaceHorse.IsValidRaceHorse       : logi  TRUE TRUE TRUE TRUE TRUE TRUE ...
 $ RaceHorse.IsHitA                 : int  0 0 0 0 0 0 0 0 0 0 ...
 $ RaceHorse.IsHitB                 : int  0 0 0 1 0 0 0 0 1 0 ...
 $ RaceHorse.IsHitC                 : int  0 0 0 1 0 0 0 0 1 0 ...
 $ Gen01.HansyokuNum                : Factor w/ 402 levels "11201872","11201966",..: 5 5 10 4 1 11 9 5 12 1 ...
 $ Gen01.TimeDvByRaceAvg            : num  52.6 52.6 52.1 52.6 51 ...
 $ Gen01.TimeDvByRaceMax            : num  74.7 74.7 71.1 77 73.4 ...
 $ Gen01.RunCount                   : int  382 72 248 522 414 63 258 185 205 456 ...
 $ Gen01.HitCount1                  : int  45 5 21 57 37 8 10 22 16 34 ...
 $ Gen01.HitCount2                  : int  40 9 29 62 29 4 15 25 11 35 ...
 $ Gen01.HitCount3                  : int  33 7 29 60 39 9 13 18 19 36 ...
 $ Gen01.HitCount4                  : int  35 4 21 38 38 8 20 12 17 31 ...
 $ Gen01.HitCount5                  : int  25 5 24 51 33 7 25 11 11 28 ...
 $ Gen01.HitRate1                   : num  0.1178 0.0694 0.0847 0.1092 0.0894 ...
 $ Gen01.HitRate2                   : num  0.105 0.125 0.117 0.119 0.07 ...
 $ Gen01.HitRate3                   : num  0.0864 0.0972 0.1169 0.1149 0.0942 ...
 $ Gen01.HitRate4                   : num  0.0916 0.0556 0.0847 0.0728 0.0918 ...
 $ Gen01.HitRate5                   : num  0.0654 0.0694 0.0968 0.0977 0.0797 ...
 $ EOF                              : int  1 1 1 1 1 1 1 1 1 1 ...
NULL
[1] "2022-02-04 01:34:50 --- transform Finish ---"
[1] "2022-02-04 01:34:50 --- na.omit Start ---"
[1] "nrow(InputDataSet) na.omit before=35970"
[1] "nrow(InputDataSet) na.omit after=35536"
[1] "nrow(InputDataSet) na.omit diff=434"
[1] "2022-02-04 01:34:50 --- na.omit Finish---"
[1] "2022-02-04 01:34:50 --- New Levels Start ---"
[1] "levels(data$Race.RaceType1Cd)=1-4-X" "levels(data$Race.RaceType1Cd)=1-4-E"
[1] "levels(InputDataSet$Race.RaceType1Cd)=1-4-E"
[2] "levels(InputDataSet$Race.RaceType1Cd)=1-4-X"
[1] "length(Race.RaceType1Cd.Index)=0"
[1] "2022-02-04 01:34:50 --- New Levels Finish ---"
[1] "2022-02-04 01:34:50 --- na.omit Start ---"
[1] "nrow(InputDataSet) na.omit levels before=35536"
[1] "nrow(InputDataSet) na.omit levels after=35536"
[1] "nrow(InputDataSet) na.omit levels diff=0"
[1] "2022-02-04 01:34:50 --- na.omit Finish ---"
[1] "2022-02-04 01:34:50 --- Predict InputDataSet Start ---"
[1] "nrow(InputDataSet) predict=35536"
[1] "str(InputDataSet)="
'data.frame':	35536 obs. of  42 variables:
 $ Race.RaceId                      : Factor w/ 2697 levels "20170603-05-03-01-09",..: 11 12 13 14 15 16 17 18 19 20 ...
 $ Race.IsPredictedRace             : logi  FALSE FALSE FALSE FALSE FALSE FALSE ...
 $ Race.IsAnalyzeNormalPastAndFuture: logi  TRUE TRUE TRUE TRUE TRUE TRUE ...
 $ Race.IsAnalyzeNormalPast         : logi  TRUE TRUE TRUE TRUE TRUE TRUE ...
 $ Race.IsAnalyzeNormalFuture       : logi  FALSE FALSE FALSE FALSE FALSE FALSE ...
 $ Race.IsAnalyzeFullPastAndFuture  : logi  TRUE TRUE TRUE TRUE TRUE TRUE ...
 $ Race.IsAnalyzeFullPast           : logi  TRUE TRUE TRUE TRUE TRUE TRUE ...
 $ Race.IsAnalyzeFullFuture         : logi  FALSE FALSE FALSE FALSE FALSE FALSE ...
 $ Race.JyokenCd                    : Factor w/ 1 level "4": 1 1 1 1 1 1 1 1 1 1 ...
 $ Race.JyoType1Cd                  : Factor w/ 182 levels "1-05-1600-1",..: 11 12 13 14 15 16 17 18 19 20 ...
 $ Race.RaceType0Cd                 : Factor w/ 548 levels "1-05-1600-1-4-E-13",..: 11 12 13 14 15 16 17 18 19 20 ...
 $ Race.RaceType1Cd                 : Factor w/ 2 levels "1-4-E","1-4-X": 2 2 1 1 1 1 2 2 2 2 ...
 $ Race.RaceType2Cd                 : Factor w/ 2 levels "1-4-E","1-4-X": 2 2 1 1 1 1 2 2 2 2 ...
 $ Race.RaceType3Cd                 : Factor w/ 8 levels "4-E-13","4-X-12",..: 5 5 7 6 1 1 5 5 3 3 ...
 $ Race.RaceType4Cd                 : Factor w/ 4 levels "1-4-13","1-4-12",..: 1 1 3 4 1 1 1 1 3 3 ...
 $ RaceHorse.RaceId                 : Factor w/ 2697 levels "20170603-05-03-01-09",..: 11 12 13 14 15 16 17 18 19 20 ...
 $ RaceHorse.KettoNum               : Factor w/ 7984 levels "2012105409","2013105959",..: 11 12 13 14 15 16 17 18 19 20 ...
 $ RaceHorse.IsHit1                 : int  0 0 0 0 0 0 0 0 0 0 ...
 $ RaceHorse.IsHit2                 : int  0 0 0 1 0 0 0 0 1 0 ...
 $ RaceHorse.IsHit3                 : int  0 0 0 0 0 0 0 0 0 0 ...
 $ RaceHorse.IsHit4                 : int  0 0 1 0 0 0 0 0 0 0 ...
 $ RaceHorse.IsHit5                 : int  0 0 0 0 0 0 0 0 0 0 ...
 $ RaceHorse.IsHit6                 : int  1 1 0 0 1 1 1 1 0 1 ...
 $ RaceHorse.IsValidRaceHorse       : logi  TRUE TRUE TRUE TRUE TRUE TRUE ...
 $ RaceHorse.IsHitA                 : int  0 0 0 0 0 0 0 0 0 0 ...
 $ RaceHorse.IsHitB                 : int  0 0 0 1 0 0 0 0 1 0 ...
 $ RaceHorse.IsHitC                 : int  0 0 0 1 0 0 0 0 1 0 ...
 $ Gen01.HansyokuNum                : Factor w/ 402 levels "11201872","11201966",..: 5 5 10 4 1 11 9 5 12 1 ...
 $ Gen01.TimeDvByRaceAvg            : num  52.6 52.6 52.1 52.6 51 ...
 $ Gen01.TimeDvByRaceMax            : num  74.7 74.7 71.1 77 73.4 ...
 $ Gen01.RunCount                   : int  382 72 248 522 414 63 258 185 205 456 ...
 $ Gen01.HitCount1                  : int  45 5 21 57 37 8 10 22 16 34 ...
 $ Gen01.HitCount2                  : int  40 9 29 62 29 4 15 25 11 35 ...
 $ Gen01.HitCount3                  : int  33 7 29 60 39 9 13 18 19 36 ...
 $ Gen01.HitCount4                  : int  35 4 21 38 38 8 20 12 17 31 ...
 $ Gen01.HitCount5                  : int  25 5 24 51 33 7 25 11 11 28 ...
 $ Gen01.HitRate1                   : num  0.1178 0.0694 0.0847 0.1092 0.0894 ...
 $ Gen01.HitRate2                   : num  0.105 0.125 0.117 0.119 0.07 ...
 $ Gen01.HitRate3                   : num  0.0864 0.0972 0.1169 0.1149 0.0942 ...
 $ Gen01.HitRate4                   : num  0.0916 0.0556 0.0847 0.0728 0.0918 ...
 $ Gen01.HitRate5                   : num  0.0654 0.0694 0.0968 0.0977 0.0797 ...
 $ EOF                              : int  1 1 1 1 1 1 1 1 1 1 ...
 - attr(*, "na.action")= 'omit' Named int  195 253 387 398 435 582 598 902 940 952 ...
  ..- attr(*, "names")= chr  "195" "253" "387" "398" ...
[1] "2022-02-04 01:34:50 --- Predict InputDataSet Finish ---"
[1] "2022-02-04 01:34:50 --- rxPredict (glm) Start ---"
[1] "analyzeFunc=glm"
Rows Read: 35536, Total Rows Processed: 35536, Total Chunk Time: Less than .001 seconds 
[1] "nrow(PredictDataSet) afte predict=35536"
[1] "str(PredictDataSet)"
'data.frame':	35536 obs. of  1 variable:
 $ RaceHorse.IsHitA_Pred: num  0.0892 0.0895 0.0847 0.0891 0.0761 ...
NULL
[1] "head(PredictDataSet) afte predict="
  RaceHorse.IsHitA_Pred
1            0.08919380
2            0.08951961
3            0.08472823
4            0.08911620
5            0.07605123
6            0.07625011
[1] "2022-02-04 01:34:50 --- rxPredict (glm) Finish ---"
[1] "2022-02-04 01:34:50 --- add key Start ---"
[1] "nrow(OutputDataSet) add KeyColmn=35536"
[1] "str(OutputDataSet) after add Key"
'data.frame':	35536 obs. of  2 variables:
 $ RaceHorse.RaceId  : Factor w/ 2697 levels "20170603-05-03-01-09",..: 11 12 13 14 15 16 17 18 19 20 ...
 $ RaceHorse.KettoNum: Factor w/ 7984 levels "2012105409","2013105959",..: 11 12 13 14 15 16 17 18 19 20 ...
NULL
[1] "2022-02-04 01:34:50 --- add key Finish ---"
[1] "2022-02-04 01:34:50 --- add PredictValue Start ---"
[1] "str(PredictDataSet) before rename="
[1] "colnames(PredictDataSet)=RaceHorse.IsHitA_Pred"
[1] "str(PredictDataSet) after rename="
'data.frame':	35536 obs. of  1 variable:
 $ PredictValue: num  0.0892 0.0895 0.0847 0.0891 0.0761 ...
NULL
[1] "str(OutputDataSet) before cbind="
'data.frame':	35536 obs. of  2 variables:
 $ RaceHorse.RaceId  : Factor w/ 2697 levels "20170603-05-03-01-09",..: 11 12 13 14 15 16 17 18 19 20 ...
 $ RaceHorse.KettoNum: Factor w/ 7984 levels "2012105409","2013105959",..: 11 12 13 14 15 16 17 18 19 20 ...
NULL
[1] "str(OutputDataSet) after cbind="
'data.frame':	35536 obs. of  3 variables:
 $ RaceHorse.RaceId  : Factor w/ 2697 levels "20170603-05-03-01-09",..: 11 12 13 14 15 16 17 18 19 20 ...
 $ RaceHorse.KettoNum: Factor w/ 7984 levels "2012105409","2013105959",..: 11 12 13 14 15 16 17 18 19 20 ...
 $ PredictValue      : num  0.0892 0.0895 0.0847 0.0891 0.0761 ...
NULL
[1] "2022-02-04 01:34:50 --- add PredictValue Finish ---"
[1] "2022-02-04 01:34:50 --- final Start ---"
[1] "nrow(OutputDataSet) final=35536"
[1] "head(OutputDataSet)="
      RaceHorse.RaceId RaceHorse.KettoNum PredictValue
1 20200718-09-04-05-12         2017104527   0.08919380
2 20180916-09-04-04-12         2015101355   0.08951961
3 20200411-03-01-01-12         2015106165   0.08472823
4 20161106-05-05-02-09         2014104449   0.08911620
5 20181014-04-03-02-12         2015104890   0.07605123
6 20190825-10-02-10-09         2016105715   0.07625011
[1] "str(OutputDataSet)="
'data.frame':	35536 obs. of  3 variables:
 $ RaceHorse.RaceId  : Factor w/ 2697 levels "20170603-05-03-01-09",..: 11 12 13 14 15 16 17 18 19 20 ...
 $ RaceHorse.KettoNum: Factor w/ 7984 levels "2012105409","2013105959",..: 11 12 13 14 15 16 17 18 19 20 ...
 $ PredictValue      : num  0.0892 0.0895 0.0847 0.0891 0.0761 ...
NULL
[1] "2022-02-04 01:34:50 --- final Finish ---"
[1] "2022-02-04 01:34:50 --- predict.R Finished ---"
[1] "2022-02-04 01:34:50 --- log Finish ---"
