[1] "2022-02-04 02:58:52 --- D1113_Predict_glm_Gen02_IsHitA_Type11 Start ---"
[1] "2022-02-04 02:58:52 --- Log Start ---"
[1] "2022-02-04 02:58:52 --- predict.R Start ---"
[1] "analyzeVersion=D1113"
[1] "analyzeCategory=Predict"
[1] "analyzeType=Gen02"
[1] "analyzeFamily=IsHitA"
[1] "analyzeFunc=glm"
[1] "analyzeTrackTypeCd=1"
[1] "analyzeJyokenCd=1"
[1] "2022-02-04 02:58:52 --- source_function.R Start ---"
[1] "2022-02-04 02:58:52 --- source_function.R Finished ---"

> print(paste0(Sys.time(), " --- source_library.R Start ---"))
[1] "2022-02-04 02:58:52 --- source_library.R Start ---"

> require("RevoScaleR")

> print(paste0(Sys.time(), " --- source_library.R Finished ---"))
[1] "2022-02-04 02:58:52 --- source_library.R Finished ---"
[1] "2022-02-04 02:58:52 --- Load Start ---"
[1] "loadFilename=RData_Analyze_glm_Gen02_Type11.RData"
[1] "2022-02-04 02:58:52 --- Load Finished ---"
[1] "2022-02-04 02:58:52 --- RxSqlServerData Start ---"
[1] "sqlQuery=SELECT * FROM ViewAnalyzeD1113analyze01Gen02Type11"
Rows Read: 10848, Total Rows Processed: 10848, Total Chunk Time: 48.090 seconds 
[1] "head(InputDataSet)="
           Race.RaceId Race.IsPredictedRace Race.IsAnalyzeNormalPastAndFuture
1 20170212-08-02-06-11                FALSE                              TRUE
2 20180519-05-02-09-11                FALSE                              TRUE
3 20201205-09-06-01-11                FALSE                              TRUE
4 20160925-09-04-06-11                FALSE                              TRUE
5 20200315-09-01-06-11                FALSE                              TRUE
6 20191110-03-03-04-11                FALSE                              TRUE
  Race.IsAnalyzeNormalPast Race.IsAnalyzeNormalFuture
1                     TRUE                      FALSE
2                     TRUE                      FALSE
3                     TRUE                      FALSE
4                     TRUE                      FALSE
5                     TRUE                      FALSE
6                     TRUE                      FALSE
  Race.IsAnalyzeFullPastAndFuture Race.IsAnalyzeFullPast
1                            TRUE                   TRUE
2                            TRUE                   TRUE
3                            TRUE                   TRUE
4                            TRUE                   TRUE
5                            TRUE                   TRUE
6                            TRUE                   TRUE
  Race.IsAnalyzeFullFuture Race.JyokenCd Race.JyoType1Cd   Race.RaceType0Cd
1                    FALSE             1     1-08-2200-2 1-08-2200-2-1-B-14
2                    FALSE             1     1-05-1800-1 1-05-1800-1-1-E-14
3                    FALSE             1     1-09-2000-1 1-09-2000-1-1-C-13
4                    FALSE             1     1-09-2400-1 1-09-2400-1-1-B-12
5                    FALSE             1     1-09-1400-2 1-09-1400-2-1-B-12
6                    FALSE             1     1-03-2000-1 1-03-2000-1-1-C-13
  Race.RaceType1Cd Race.RaceType2Cd Race.RaceType3Cd Race.RaceType4Cd
1            1-1-B            1-1-B           1-B-14           1-1-14
2            1-1-E            1-1-E           1-E-14           1-1-14
3            1-1-C            1-1-C           1-C-13           1-1-13
4            1-1-B            1-1-B           1-B-12           1-1-12
5            1-1-B            1-1-B           1-B-12           1-1-12
6            1-1-C            1-1-C           1-C-13           1-1-13
      RaceHorse.RaceId RaceHorse.KettoNum RaceHorse.IsHit1 RaceHorse.IsHit2
1 20170212-08-02-06-11         2010104510                0                0
2 20180519-05-02-09-11         2010102243                0                0
3 20201205-09-06-01-11         2016105867                0                0
4 20160925-09-04-06-11         2013102305                0                0
5 20200315-09-01-06-11         2017103385                0                1
6 20191110-03-03-04-11         2013105785                0                0
  RaceHorse.IsHit3 RaceHorse.IsHit4 RaceHorse.IsHit5 RaceHorse.IsHit6
1                0                0                0                1
2                0                0                0                1
3                0                0                0                1
4                0                0                0                1
5                0                0                0                0
6                0                0                0                1
  RaceHorse.IsValidRaceHorse RaceHorse.IsHitA RaceHorse.IsHitB RaceHorse.IsHitC
1                       TRUE                0                0                0
2                       TRUE                0                0                0
3                       TRUE                0                0                0
4                       TRUE                0                0                0
5                       TRUE                0                1                1
6                       TRUE                0                0                0
  Gen02.HansyokuNum Gen02.TimeDvByRaceAvg Gen02.TimeDvByRaceMax Gen02.RunCount
1          12255383              48.84920              58.59080             12
2          12254952              46.92536              66.26588              8
3          12260786              38.42774              38.42774              1
4          12255689              47.12978              58.73196              2
5          12257976              56.44007              67.61329             11
6          12258372              53.77459              66.23591             11
  Gen02.HitCount1 Gen02.HitCount2 Gen02.HitCount3 Gen02.HitCount4
1               0               0               0               1
2               0               1               0               1
3               0               0               0               0
4               0               0               1               0
5               3               1               1               2
6               1               1               3               0
  Gen02.HitCount5 Gen02.HitRate1 Gen02.HitRate2 Gen02.HitRate3 Gen02.HitRate4
1               0     0.00000000     0.00000000     0.00000000     0.08333333
2               0     0.00000000     0.12500000     0.00000000     0.12500000
3               0     0.00000000     0.00000000     0.00000000     0.00000000
4               0     0.00000000     0.00000000     0.50000000     0.00000000
5               3     0.27272727     0.09090909     0.09090909     0.18181818
6               1     0.09090909     0.09090909     0.27272727     0.00000000
  Gen02.HitRate5 EOF
1     0.00000000   1
2     0.00000000   1
3     0.00000000   1
4     0.00000000   1
5     0.27272727   1
6     0.09090909   1
[1] "object.size(InputDataSet) auto=2.5 Mb"
[1] "nrow(InputDataSet) RxSqlServerData=10848"
[1] "str(InputDataSet)="
'data.frame':	10848 obs. of  42 variables:
 $ Race.RaceId                      : Factor w/ 1118 levels "20191013-08-04-04-11",..: 11 12 13 14 15 16 17 18 19 20 ...
 $ Race.IsPredictedRace             : logi  FALSE FALSE FALSE FALSE FALSE FALSE ...
 $ Race.IsAnalyzeNormalPastAndFuture: logi  TRUE TRUE TRUE TRUE TRUE TRUE ...
 $ Race.IsAnalyzeNormalPast         : logi  TRUE TRUE TRUE TRUE TRUE TRUE ...
 $ Race.IsAnalyzeNormalFuture       : logi  FALSE FALSE FALSE FALSE FALSE FALSE ...
 $ Race.IsAnalyzeFullPastAndFuture  : logi  TRUE TRUE TRUE TRUE TRUE TRUE ...
 $ Race.IsAnalyzeFullPast           : logi  TRUE TRUE TRUE TRUE TRUE TRUE ...
 $ Race.IsAnalyzeFullFuture         : logi  FALSE FALSE FALSE FALSE FALSE FALSE ...
 $ Race.JyokenCd                    : Factor w/ 1 level "1": 1 1 1 1 1 1 1 1 1 1 ...
 $ Race.JyoType1Cd                  : Factor w/ 155 levels "1-08-2000-2",..: 10 11 7 12 13 14 15 16 17 18 ...
 $ Race.RaceType0Cd                 : Factor w/ 420 levels "1-08-2000-2-1-A-12",..: 11 12 13 14 15 16 17 18 19 20 ...
 $ Race.RaceType1Cd                 : Factor w/ 6 levels "1-1-A","1-1-B",..: 2 3 4 2 2 4 4 4 3 1 ...
 $ Race.RaceType2Cd                 : Factor w/ 6 levels "1-1-A","1-1-B",..: 2 3 4 2 2 4 4 4 3 1 ...
 $ Race.RaceType3Cd                 : Factor w/ 22 levels "1-A-12","1-B-12",..: 8 10 6 2 2 6 9 9 11 1 ...
 $ Race.RaceType4Cd                 : Factor w/ 4 levels "1-1-12","1-1-13",..: 4 4 2 1 1 2 4 4 2 1 ...
 $ RaceHorse.RaceId                 : Factor w/ 1118 levels "20191013-08-04-04-11",..: 11 12 13 14 15 16 17 18 19 20 ...
 $ RaceHorse.KettoNum               : Factor w/ 2167 levels "2016104750","2013105537",..: 11 12 13 14 15 16 17 18 19 20 ...
 $ RaceHorse.IsHit1                 : int  0 0 0 0 0 0 0 0 0 0 ...
 $ RaceHorse.IsHit2                 : int  0 0 0 0 1 0 0 0 0 0 ...
 $ RaceHorse.IsHit3                 : int  0 0 0 0 0 0 0 0 0 0 ...
 $ RaceHorse.IsHit4                 : int  0 0 0 0 0 0 0 0 0 0 ...
 $ RaceHorse.IsHit5                 : int  0 0 0 0 0 0 0 0 0 0 ...
 $ RaceHorse.IsHit6                 : int  1 1 1 1 0 1 1 1 1 1 ...
 $ RaceHorse.IsValidRaceHorse       : logi  TRUE TRUE TRUE TRUE TRUE TRUE ...
 $ RaceHorse.IsHitA                 : int  0 0 0 0 0 0 0 0 0 0 ...
 $ RaceHorse.IsHitB                 : int  0 0 0 0 1 0 0 0 0 0 ...
 $ RaceHorse.IsHitC                 : int  0 0 0 0 1 0 0 0 0 0 ...
 $ Gen02.HansyokuNum                : Factor w/ 1605 levels "12255122","12254098",..: 11 12 13 14 15 16 17 18 19 20 ...
 $ Gen02.TimeDvByRaceAvg            : num  48.8 46.9 38.4 47.1 56.4 ...
 $ Gen02.TimeDvByRaceMax            : num  58.6 66.3 38.4 58.7 67.6 ...
 $ Gen02.RunCount                   : int  12 8 1 2 11 11 13 1 2 1 ...
 $ Gen02.HitCount1                  : int  0 0 0 0 3 1 1 0 0 0 ...
 $ Gen02.HitCount2                  : int  0 1 0 0 1 1 0 0 0 0 ...
 $ Gen02.HitCount3                  : int  0 0 0 1 1 3 1 0 0 0 ...
 $ Gen02.HitCount4                  : int  1 1 0 0 2 0 0 0 0 0 ...
 $ Gen02.HitCount5                  : int  0 0 0 0 3 1 0 0 2 0 ...
 $ Gen02.HitRate1                   : num  0 0 0 0 0.273 ...
 $ Gen02.HitRate2                   : num  0 0.125 0 0 0.0909 ...
 $ Gen02.HitRate3                   : num  0 0 0 0.5 0.0909 ...
 $ Gen02.HitRate4                   : num  0.0833 0.125 0 0 0.1818 ...
 $ Gen02.HitRate5                   : num  0 0 0 0 0.273 ...
 $ EOF                              : int  1 1 1 1 1 1 1 1 1 1 ...
[1] "2022-02-04 03:00:10 --- RxSqlServerData Finish ---"
[1] "2022-02-04 03:00:10 --- subset Start ---"
[1] "nrow(InputDataSet) subset before=10848"
[1] "nrow(InputDataSet) subset after=10848"
[1] "nrow(InputDataSet) subset diff=0"
[1] "class(InputDataSet$Race.IsAnalyzeNormalPast)=logical"
[1] "class(InputDataSet$Race.analyzeTrackTypeCd)=NULL"
[1] "2022-02-04 03:00:10 --- subset Finish ---"
[1] "2022-02-04 03:00:10 --- transform Start ---"
[1] "2022-02-04 03:00:10 --- Transform Finished ---"
[1] "nrow(InputDataSet) transaform before=10848"
[1] "nrow(InputDataSet) transaform after=10848"
[1] "nrow(InputDataSet) transaform diff=0"
[1] "str(InputDataSet)="
'data.frame':	10848 obs. of  42 variables:
 $ Race.RaceId                      : Factor w/ 1118 levels "20191013-08-04-04-11",..: 11 12 13 14 15 16 17 18 19 20 ...
 $ Race.IsPredictedRace             : logi  FALSE FALSE FALSE FALSE FALSE FALSE ...
 $ Race.IsAnalyzeNormalPastAndFuture: logi  TRUE TRUE TRUE TRUE TRUE TRUE ...
 $ Race.IsAnalyzeNormalPast         : logi  TRUE TRUE TRUE TRUE TRUE TRUE ...
 $ Race.IsAnalyzeNormalFuture       : logi  FALSE FALSE FALSE FALSE FALSE FALSE ...
 $ Race.IsAnalyzeFullPastAndFuture  : logi  TRUE TRUE TRUE TRUE TRUE TRUE ...
 $ Race.IsAnalyzeFullPast           : logi  TRUE TRUE TRUE TRUE TRUE TRUE ...
 $ Race.IsAnalyzeFullFuture         : logi  FALSE FALSE FALSE FALSE FALSE FALSE ...
 $ Race.JyokenCd                    : Factor w/ 1 level "1": 1 1 1 1 1 1 1 1 1 1 ...
 $ Race.JyoType1Cd                  : Factor w/ 155 levels "1-08-2000-2",..: 10 11 7 12 13 14 15 16 17 18 ...
 $ Race.RaceType0Cd                 : Factor w/ 420 levels "1-08-2000-2-1-A-12",..: 11 12 13 14 15 16 17 18 19 20 ...
 $ Race.RaceType1Cd                 : Factor w/ 6 levels "1-1-A","1-1-B",..: 2 3 4 2 2 4 4 4 3 1 ...
 $ Race.RaceType2Cd                 : Factor w/ 6 levels "1-1-A","1-1-B",..: 2 3 4 2 2 4 4 4 3 1 ...
 $ Race.RaceType3Cd                 : Factor w/ 22 levels "1-A-12","1-B-12",..: 8 10 6 2 2 6 9 9 11 1 ...
 $ Race.RaceType4Cd                 : Factor w/ 4 levels "1-1-12","1-1-13",..: 4 4 2 1 1 2 4 4 2 1 ...
 $ RaceHorse.RaceId                 : Factor w/ 1118 levels "20191013-08-04-04-11",..: 11 12 13 14 15 16 17 18 19 20 ...
 $ RaceHorse.KettoNum               : Factor w/ 2167 levels "2016104750","2013105537",..: 11 12 13 14 15 16 17 18 19 20 ...
 $ RaceHorse.IsHit1                 : int  0 0 0 0 0 0 0 0 0 0 ...
 $ RaceHorse.IsHit2                 : int  0 0 0 0 1 0 0 0 0 0 ...
 $ RaceHorse.IsHit3                 : int  0 0 0 0 0 0 0 0 0 0 ...
 $ RaceHorse.IsHit4                 : int  0 0 0 0 0 0 0 0 0 0 ...
 $ RaceHorse.IsHit5                 : int  0 0 0 0 0 0 0 0 0 0 ...
 $ RaceHorse.IsHit6                 : int  1 1 1 1 0 1 1 1 1 1 ...
 $ RaceHorse.IsValidRaceHorse       : logi  TRUE TRUE TRUE TRUE TRUE TRUE ...
 $ RaceHorse.IsHitA                 : int  0 0 0 0 0 0 0 0 0 0 ...
 $ RaceHorse.IsHitB                 : int  0 0 0 0 1 0 0 0 0 0 ...
 $ RaceHorse.IsHitC                 : int  0 0 0 0 1 0 0 0 0 0 ...
 $ Gen02.HansyokuNum                : Factor w/ 1605 levels "12255122","12254098",..: 11 12 13 14 15 16 17 18 19 20 ...
 $ Gen02.TimeDvByRaceAvg            : num  48.8 46.9 38.4 47.1 56.4 ...
 $ Gen02.TimeDvByRaceMax            : num  58.6 66.3 38.4 58.7 67.6 ...
 $ Gen02.RunCount                   : int  12 8 1 2 11 11 13 1 2 1 ...
 $ Gen02.HitCount1                  : int  0 0 0 0 3 1 1 0 0 0 ...
 $ Gen02.HitCount2                  : int  0 1 0 0 1 1 0 0 0 0 ...
 $ Gen02.HitCount3                  : int  0 0 0 1 1 3 1 0 0 0 ...
 $ Gen02.HitCount4                  : int  1 1 0 0 2 0 0 0 0 0 ...
 $ Gen02.HitCount5                  : int  0 0 0 0 3 1 0 0 2 0 ...
 $ Gen02.HitRate1                   : num  0 0 0 0 0.273 ...
 $ Gen02.HitRate2                   : num  0 0.125 0 0 0.0909 ...
 $ Gen02.HitRate3                   : num  0 0 0 0.5 0.0909 ...
 $ Gen02.HitRate4                   : num  0.0833 0.125 0 0 0.1818 ...
 $ Gen02.HitRate5                   : num  0 0 0 0 0.273 ...
 $ EOF                              : int  1 1 1 1 1 1 1 1 1 1 ...
NULL
[1] "2022-02-04 03:00:10 --- transform Finish ---"
[1] "2022-02-04 03:00:10 --- na.omit Start ---"
[1] "nrow(InputDataSet) na.omit before=10848"
[1] "nrow(InputDataSet) na.omit after=10734"
[1] "nrow(InputDataSet) na.omit diff=114"
[1] "2022-02-04 03:00:10 --- na.omit Finish---"
[1] "2022-02-04 03:00:10 --- New Levels Start ---"
[1] "levels(data$Race.RaceType1Cd)=1-1-E" "levels(data$Race.RaceType1Cd)=1-1-C"
[3] "levels(data$Race.RaceType1Cd)=1-1-B" "levels(data$Race.RaceType1Cd)=1-1-A"
[5] "levels(data$Race.RaceType1Cd)=1-1-L" "levels(data$Race.RaceType1Cd)=1-1-D"
[1] "levels(InputDataSet$Race.RaceType1Cd)=1-1-A"
[2] "levels(InputDataSet$Race.RaceType1Cd)=1-1-B"
[3] "levels(InputDataSet$Race.RaceType1Cd)=1-1-E"
[4] "levels(InputDataSet$Race.RaceType1Cd)=1-1-C"
[5] "levels(InputDataSet$Race.RaceType1Cd)=1-1-L"
[6] "levels(InputDataSet$Race.RaceType1Cd)=1-1-D"
[1] "length(Race.RaceType1Cd.Index)=0"
[1] "2022-02-04 03:00:10 --- New Levels Finish ---"
[1] "2022-02-04 03:00:10 --- na.omit Start ---"
[1] "nrow(InputDataSet) na.omit levels before=10734"
[1] "nrow(InputDataSet) na.omit levels after=10734"
[1] "nrow(InputDataSet) na.omit levels diff=0"
[1] "2022-02-04 03:00:10 --- na.omit Finish ---"
[1] "2022-02-04 03:00:10 --- Predict InputDataSet Start ---"
[1] "nrow(InputDataSet) predict=10734"
[1] "str(InputDataSet)="
'data.frame':	10734 obs. of  42 variables:
 $ Race.RaceId                      : Factor w/ 1118 levels "20191013-08-04-04-11",..: 11 12 13 14 15 16 17 18 19 20 ...
 $ Race.IsPredictedRace             : logi  FALSE FALSE FALSE FALSE FALSE FALSE ...
 $ Race.IsAnalyzeNormalPastAndFuture: logi  TRUE TRUE TRUE TRUE TRUE TRUE ...
 $ Race.IsAnalyzeNormalPast         : logi  TRUE TRUE TRUE TRUE TRUE TRUE ...
 $ Race.IsAnalyzeNormalFuture       : logi  FALSE FALSE FALSE FALSE FALSE FALSE ...
 $ Race.IsAnalyzeFullPastAndFuture  : logi  TRUE TRUE TRUE TRUE TRUE TRUE ...
 $ Race.IsAnalyzeFullPast           : logi  TRUE TRUE TRUE TRUE TRUE TRUE ...
 $ Race.IsAnalyzeFullFuture         : logi  FALSE FALSE FALSE FALSE FALSE FALSE ...
 $ Race.JyokenCd                    : Factor w/ 1 level "1": 1 1 1 1 1 1 1 1 1 1 ...
 $ Race.JyoType1Cd                  : Factor w/ 155 levels "1-08-2000-2",..: 10 11 7 12 13 14 15 16 17 18 ...
 $ Race.RaceType0Cd                 : Factor w/ 420 levels "1-08-2000-2-1-A-12",..: 11 12 13 14 15 16 17 18 19 20 ...
 $ Race.RaceType1Cd                 : Factor w/ 6 levels "1-1-A","1-1-B",..: 2 3 4 2 2 4 4 4 3 1 ...
 $ Race.RaceType2Cd                 : Factor w/ 6 levels "1-1-A","1-1-B",..: 2 3 4 2 2 4 4 4 3 1 ...
 $ Race.RaceType3Cd                 : Factor w/ 22 levels "1-A-12","1-B-12",..: 8 10 6 2 2 6 9 9 11 1 ...
 $ Race.RaceType4Cd                 : Factor w/ 4 levels "1-1-12","1-1-13",..: 4 4 2 1 1 2 4 4 2 1 ...
 $ RaceHorse.RaceId                 : Factor w/ 1118 levels "20191013-08-04-04-11",..: 11 12 13 14 15 16 17 18 19 20 ...
 $ RaceHorse.KettoNum               : Factor w/ 2167 levels "2016104750","2013105537",..: 11 12 13 14 15 16 17 18 19 20 ...
 $ RaceHorse.IsHit1                 : int  0 0 0 0 0 0 0 0 0 0 ...
 $ RaceHorse.IsHit2                 : int  0 0 0 0 1 0 0 0 0 0 ...
 $ RaceHorse.IsHit3                 : int  0 0 0 0 0 0 0 0 0 0 ...
 $ RaceHorse.IsHit4                 : int  0 0 0 0 0 0 0 0 0 0 ...
 $ RaceHorse.IsHit5                 : int  0 0 0 0 0 0 0 0 0 0 ...
 $ RaceHorse.IsHit6                 : int  1 1 1 1 0 1 1 1 1 1 ...
 $ RaceHorse.IsValidRaceHorse       : logi  TRUE TRUE TRUE TRUE TRUE TRUE ...
 $ RaceHorse.IsHitA                 : int  0 0 0 0 0 0 0 0 0 0 ...
 $ RaceHorse.IsHitB                 : int  0 0 0 0 1 0 0 0 0 0 ...
 $ RaceHorse.IsHitC                 : int  0 0 0 0 1 0 0 0 0 0 ...
 $ Gen02.HansyokuNum                : Factor w/ 1605 levels "12255122","12254098",..: 11 12 13 14 15 16 17 18 19 20 ...
 $ Gen02.TimeDvByRaceAvg            : num  48.8 46.9 38.4 47.1 56.4 ...
 $ Gen02.TimeDvByRaceMax            : num  58.6 66.3 38.4 58.7 67.6 ...
 $ Gen02.RunCount                   : int  12 8 1 2 11 11 13 1 2 1 ...
 $ Gen02.HitCount1                  : int  0 0 0 0 3 1 1 0 0 0 ...
 $ Gen02.HitCount2                  : int  0 1 0 0 1 1 0 0 0 0 ...
 $ Gen02.HitCount3                  : int  0 0 0 1 1 3 1 0 0 0 ...
 $ Gen02.HitCount4                  : int  1 1 0 0 2 0 0 0 0 0 ...
 $ Gen02.HitCount5                  : int  0 0 0 0 3 1 0 0 2 0 ...
 $ Gen02.HitRate1                   : num  0 0 0 0 0.273 ...
 $ Gen02.HitRate2                   : num  0 0.125 0 0 0.0909 ...
 $ Gen02.HitRate3                   : num  0 0 0 0.5 0.0909 ...
 $ Gen02.HitRate4                   : num  0.0833 0.125 0 0 0.1818 ...
 $ Gen02.HitRate5                   : num  0 0 0 0 0.273 ...
 $ EOF                              : int  1 1 1 1 1 1 1 1 1 1 ...
 - attr(*, "na.action")= 'omit' Named int  157 172 196 238 254 277 350 351 352 551 ...
  ..- attr(*, "names")= chr  "157" "172" "196" "238" ...
[1] "2022-02-04 03:00:10 --- Predict InputDataSet Finish ---"
[1] "2022-02-04 03:00:10 --- rxPredict (glm) Start ---"
[1] "analyzeFunc=glm"
Rows Read: 10734, Total Rows Processed: 10734, Total Chunk Time: Less than .001 seconds 
[1] "nrow(PredictDataSet) afte predict=10734"
[1] "str(PredictDataSet)"
'data.frame':	10734 obs. of  1 variable:
 $ RaceHorse.IsHitA_Pred: num  0.046 0.0397 0.0207 0.0404 0.0928 ...
NULL
[1] "head(PredictDataSet) afte predict="
  RaceHorse.IsHitA_Pred
1            0.04599736
2            0.03974335
3            0.02065086
4            0.04036711
5            0.09283583
6            0.06971065
[1] "2022-02-04 03:00:10 --- rxPredict (glm) Finish ---"
[1] "2022-02-04 03:00:10 --- add key Start ---"
[1] "nrow(OutputDataSet) add KeyColmn=10734"
[1] "str(OutputDataSet) after add Key"
'data.frame':	10734 obs. of  2 variables:
 $ RaceHorse.RaceId  : Factor w/ 1118 levels "20191013-08-04-04-11",..: 11 12 13 14 15 16 17 18 19 20 ...
 $ RaceHorse.KettoNum: Factor w/ 2167 levels "2016104750","2013105537",..: 11 12 13 14 15 16 17 18 19 20 ...
NULL
[1] "2022-02-04 03:00:10 --- add key Finish ---"
[1] "2022-02-04 03:00:10 --- add PredictValue Start ---"
[1] "str(PredictDataSet) before rename="
[1] "colnames(PredictDataSet)=RaceHorse.IsHitA_Pred"
[1] "str(PredictDataSet) after rename="
'data.frame':	10734 obs. of  1 variable:
 $ PredictValue: num  0.046 0.0397 0.0207 0.0404 0.0928 ...
NULL
[1] "str(OutputDataSet) before cbind="
'data.frame':	10734 obs. of  2 variables:
 $ RaceHorse.RaceId  : Factor w/ 1118 levels "20191013-08-04-04-11",..: 11 12 13 14 15 16 17 18 19 20 ...
 $ RaceHorse.KettoNum: Factor w/ 2167 levels "2016104750","2013105537",..: 11 12 13 14 15 16 17 18 19 20 ...
NULL
[1] "str(OutputDataSet) after cbind="
'data.frame':	10734 obs. of  3 variables:
 $ RaceHorse.RaceId  : Factor w/ 1118 levels "20191013-08-04-04-11",..: 11 12 13 14 15 16 17 18 19 20 ...
 $ RaceHorse.KettoNum: Factor w/ 2167 levels "2016104750","2013105537",..: 11 12 13 14 15 16 17 18 19 20 ...
 $ PredictValue      : num  0.046 0.0397 0.0207 0.0404 0.0928 ...
NULL
[1] "2022-02-04 03:00:10 --- add PredictValue Finish ---"
[1] "2022-02-04 03:00:10 --- final Start ---"
[1] "nrow(OutputDataSet) final=10734"
[1] "head(OutputDataSet)="
      RaceHorse.RaceId RaceHorse.KettoNum PredictValue
1 20170212-08-02-06-11         2010104510   0.04599736
2 20180519-05-02-09-11         2010102243   0.03974335
3 20201205-09-06-01-11         2016105867   0.02065086
4 20160925-09-04-06-11         2013102305   0.04036711
5 20200315-09-01-06-11         2017103385   0.09283583
6 20191110-03-03-04-11         2013105785   0.06971065
[1] "str(OutputDataSet)="
'data.frame':	10734 obs. of  3 variables:
 $ RaceHorse.RaceId  : Factor w/ 1118 levels "20191013-08-04-04-11",..: 11 12 13 14 15 16 17 18 19 20 ...
 $ RaceHorse.KettoNum: Factor w/ 2167 levels "2016104750","2013105537",..: 11 12 13 14 15 16 17 18 19 20 ...
 $ PredictValue      : num  0.046 0.0397 0.0207 0.0404 0.0928 ...
NULL
[1] "2022-02-04 03:00:10 --- final Finish ---"
[1] "2022-02-04 03:00:10 --- predict.R Finished ---"
[1] "2022-02-04 03:00:10 --- log Finish ---"
