[1] "2022-02-03 18:10:32 --- D1113_analyze_glm_Gen01_IsHitA_Type11 Start ---"
[1] "2022-02-03 18:10:32 --- Log Start ---"
[1] "2022-02-03 18:10:32 --- analyze_glm.R Start ---"
[1] "analyzeVersion=D1113"
[1] "analyzeCategory=analyze"
[1] "analyzeType=Gen01"
[1] "analyzeFamily=IsHitA"
[1] "analyzeFunc=glm"
[1] "analyzeTrackTypeCd=1"
[1] "analyzeJyokenCd=1"
[1] "2022-02-03 18:10:32 --- source_function.R Start ---"
[1] "2022-02-03 18:10:32 --- source_function.R Finished ---"

> print(paste0(Sys.time(), " --- source_library.R Start ---"))
[1] "2022-02-03 18:10:32 --- source_library.R Start ---"

> require("RevoScaleR")

> print(paste0(Sys.time(), " --- source_library.R Finished ---"))
[1] "2022-02-03 18:10:33 --- source_library.R Finished ---"
[1] "2022-02-03 18:10:33 --- RxSqlServerData Start ---"
[1] "sqlQuery=SELECT * FROM ViewAnalyzeD1113analyze01Gen01Type11"
Rows Read: 14983, Total Rows Processed: 14983, Total Chunk Time: 29.738 seconds 
[1] "head(data)="
           Race.RaceId Race.IsPredictedRace Race.IsAnalyzeNormalPastAndFuture
1 20200404-06-03-03-11                 TRUE                              TRUE
2 20160313-09-01-06-11                 TRUE                              TRUE
3 20161224-09-05-08-11                 TRUE                              TRUE
4 20181223-06-05-08-11                 TRUE                              TRUE
5 20210905-01-02-08-11                 TRUE                              TRUE
6 20180127-05-01-01-10                 TRUE                              TRUE
  Race.IsAnalyzeNormalPast Race.IsAnalyzeNormalFuture
1                     TRUE                      FALSE
2                     TRUE                      FALSE
3                     TRUE                      FALSE
4                     TRUE                      FALSE
5                    FALSE                       TRUE
6                     TRUE                      FALSE
  Race.IsAnalyzeFullPastAndFuture Race.IsAnalyzeFullPast
1                            TRUE                   TRUE
2                            TRUE                   TRUE
3                            TRUE                   TRUE
4                            TRUE                   TRUE
5                            TRUE                  FALSE
6                            TRUE                   TRUE
  Race.IsAnalyzeFullFuture Race.JyokenCd Race.JyoType1Cd   Race.RaceType0Cd
1                    FALSE             1     1-06-1600-1 1-06-1600-1-1-C-14
2                    FALSE             1     1-09-1400-1 1-09-1400-1-1-B-12
3                    FALSE             1     1-09-1400-2 1-09-1400-2-1-B-13
4                    FALSE             1     1-06-2500-2 1-06-2500-2-1-A-13
5                     TRUE             1     1-01-2600-1 1-01-2600-1-1-E-13
6                    FALSE             1     1-05-1400-2 1-05-1400-2-1-E-12
  Race.RaceType1Cd Race.RaceType2Cd Race.RaceType3Cd Race.RaceType4Cd
1            1-1-C            1-1-C           1-C-14           1-1-14
2            1-1-B            1-1-B           1-B-12           1-1-12
3            1-1-B            1-1-B           1-B-13           1-1-13
4            1-1-A            1-1-A           1-A-13           1-1-13
5            1-1-E            1-1-E           1-E-13           1-1-13
6            1-1-E            1-1-E           1-E-12           1-1-12
      RaceHorse.RaceId RaceHorse.KettoNum RaceHorse.IsHit1 RaceHorse.IsHit2
1 20200404-06-03-03-11         2015105461                0                0
2 20160313-09-01-06-11         2013102671                0                0
3 20161224-09-05-08-11         2009106035                0                0
4 20181223-06-05-08-11         2015104882                1                0
5 20210905-01-02-08-11         2016104990                0                0
6 20180127-05-01-01-10         2015105114                0                0
  RaceHorse.IsHit3 RaceHorse.IsHit4 RaceHorse.IsHit5 RaceHorse.IsHit6
1                0                0                0                1
2                0                0                0                1
3                1                0                0                0
4                0                0                0                0
5                0                0                0                1
6                0                0                0                1
  RaceHorse.IsValidRaceHorse RaceHorse.IsHitA RaceHorse.IsHitB RaceHorse.IsHitC
1                       TRUE                0                0                0
2                       TRUE                0                0                0
3                       TRUE                0                0                1
4                       TRUE                1                1                1
5                       TRUE                0                0                0
6                       TRUE                0                0                0
  Gen01.HansyokuNum Gen01.TimeDvByRaceAvg Gen01.TimeDvByRaceMax Gen01.RunCount
1          11202086                    53                    73            309
2          11202063                    48                    59              9
3          11202086                    55                    69            227
4          11202219                    53                    66             36
5          11202086                    52                    65             59
6          11202295                    56                    69              9
  Gen01.HitCount1 Gen01.HitCount2 Gen01.HitCount3 Gen01.HitCount4
1              36              34              31              15
2               0               0               1               1
3              29              31              32              20
4               3               4               2               3
5               6               5               7               2
6               3               1               1               1
  Gen01.HitCount5 Gen01.HitRate1 Gen01.HitRate2 Gen01.HitRate3 Gen01.HitRate4
1              32           0.12           0.11           0.10           0.05
2               1           0.00           0.00           0.11           0.11
3              16           0.13           0.14           0.14           0.09
4               2           0.08           0.11           0.06           0.08
5               7           0.10           0.08           0.12           0.03
6               1           0.33           0.11           0.11           0.11
  Gen01.HitRate5 EOF
1           0.10   1
2           0.11   1
3           0.07   1
4           0.06   1
5           0.12   1
6           0.11   1
[1] "object.size(data) auto=3.3 Mb"
[1] "nrow(data) RxSqlServerData=14983"
[1] "str(data)="
'data.frame':	14983 obs. of  42 variables:
 $ Race.RaceId                      : Factor w/ 1143 levels "20200404-06-03-03-11",..: 1 2 3 4 5 6 7 8 9 10 ...
 $ Race.IsPredictedRace             : logi  TRUE TRUE TRUE TRUE TRUE TRUE ...
 $ Race.IsAnalyzeNormalPastAndFuture: logi  TRUE TRUE TRUE TRUE TRUE TRUE ...
 $ Race.IsAnalyzeNormalPast         : logi  TRUE TRUE TRUE TRUE FALSE TRUE ...
 $ Race.IsAnalyzeNormalFuture       : logi  FALSE FALSE FALSE FALSE TRUE FALSE ...
 $ Race.IsAnalyzeFullPastAndFuture  : logi  TRUE TRUE TRUE TRUE TRUE TRUE ...
 $ Race.IsAnalyzeFullPast           : logi  TRUE TRUE TRUE TRUE FALSE TRUE ...
 $ Race.IsAnalyzeFullFuture         : logi  FALSE FALSE FALSE FALSE TRUE FALSE ...
 $ Race.JyokenCd                    : Factor w/ 1 level "1": 1 1 1 1 1 1 1 1 1 1 ...
 $ Race.JyoType1Cd                  : Factor w/ 156 levels "1-06-1600-1",..: 1 2 3 4 5 6 2 7 2 8 ...
 $ Race.RaceType0Cd                 : Factor w/ 425 levels "1-06-1600-1-1-C-14",..: 1 2 3 4 5 6 7 8 9 10 ...
 $ Race.RaceType1Cd                 : Factor w/ 6 levels "1-1-C","1-1-B",..: 1 2 2 3 4 4 4 4 1 4 ...
 $ Race.RaceType2Cd                 : Factor w/ 6 levels "1-1-C","1-1-B",..: 1 2 2 3 4 4 4 4 1 4 ...
 $ Race.RaceType3Cd                 : Factor w/ 22 levels "1-C-14","1-B-12",..: 1 2 3 4 5 6 7 5 1 5 ...
 $ Race.RaceType4Cd                 : Factor w/ 4 levels "1-1-14","1-1-12",..: 1 2 3 3 3 2 4 3 1 3 ...
 $ RaceHorse.RaceId                 : Factor w/ 1143 levels "20200404-06-03-03-11",..: 1 2 3 4 5 6 7 8 9 10 ...
 $ RaceHorse.KettoNum               : Factor w/ 3432 levels "2015105461","2013102671",..: 1 2 3 4 5 6 7 8 9 10 ...
 $ RaceHorse.IsHit1                 : int  0 0 0 1 0 0 0 1 0 1 ...
 $ RaceHorse.IsHit2                 : int  0 0 0 0 0 0 0 0 0 0 ...
 $ RaceHorse.IsHit3                 : int  0 0 1 0 0 0 0 0 0 0 ...
 $ RaceHorse.IsHit4                 : int  0 0 0 0 0 0 1 0 1 0 ...
 $ RaceHorse.IsHit5                 : int  0 0 0 0 0 0 0 0 0 0 ...
 $ RaceHorse.IsHit6                 : int  1 1 0 0 1 1 0 0 0 0 ...
 $ RaceHorse.IsValidRaceHorse       : logi  TRUE TRUE TRUE TRUE TRUE TRUE ...
 $ RaceHorse.IsHitA                 : int  0 0 0 1 0 0 0 1 0 1 ...
 $ RaceHorse.IsHitB                 : int  0 0 0 1 0 0 0 1 0 1 ...
 $ RaceHorse.IsHitC                 : int  0 0 1 1 0 0 0 1 0 1 ...
 $ Gen01.HansyokuNum                : Factor w/ 266 levels "11202086","11202063",..: 1 2 1 3 1 4 5 6 7 7 ...
 $ Gen01.TimeDvByRaceAvg            : num  53.3 47.9 54.8 52.8 52.5 ...
 $ Gen01.TimeDvByRaceMax            : num  73.4 58.6 69 66.3 64.9 ...
 $ Gen01.RunCount                   : int  309 9 227 36 59 9 42 18 113 80 ...
 $ Gen01.HitCount1                  : int  36 0 29 3 6 3 3 4 8 5 ...
 $ Gen01.HitCount2                  : int  34 0 31 4 5 1 5 1 12 5 ...
 $ Gen01.HitCount3                  : int  31 1 32 2 7 1 4 1 13 6 ...
 $ Gen01.HitCount4                  : int  15 1 20 3 2 1 6 1 9 9 ...
 $ Gen01.HitCount5                  : int  32 1 16 2 7 1 0 2 7 6 ...
 $ Gen01.HitRate1                   : num  0.1165 0 0.1278 0.0833 0.1017 ...
 $ Gen01.HitRate2                   : num  0.11 0 0.1366 0.1111 0.0847 ...
 $ Gen01.HitRate3                   : num  0.1003 0.1111 0.141 0.0556 0.1186 ...
 $ Gen01.HitRate4                   : num  0.0485 0.1111 0.0881 0.0833 0.0339 ...
 $ Gen01.HitRate5                   : num  0.1036 0.1111 0.0705 0.0556 0.1186 ...
 $ EOF                              : int  1 1 1 1 1 1 1 1 1 1 ...
[1] "2022-02-03 18:11:34 --- RxSqlServerData Finish ---"
[1] "2022-02-03 18:11:34 --- subset Start ---"
[1] "nrow(data) subset before=14983"
[1] "nrow(data) subset after =11902"
[1] "nrow(data) subset diff =3081"
[1] "2022-02-03 18:11:34 --- subset Finish---"
[1] "2022-02-03 18:11:34 --- transform Start ---"
[1] "nrow(data) transform before=11902"
[1] "nrow(data) transform after=11902"
[1] "nrow(data) transform diff=0"
[1] "str(data)="
'data.frame':	11902 obs. of  42 variables:
 $ Race.RaceId                      : Factor w/ 1143 levels "20200404-06-03-03-11",..: 1 2 3 4 6 7 8 10 11 12 ...
 $ Race.IsPredictedRace             : logi  TRUE TRUE TRUE TRUE TRUE TRUE ...
 $ Race.IsAnalyzeNormalPastAndFuture: logi  TRUE TRUE TRUE TRUE TRUE TRUE ...
 $ Race.IsAnalyzeNormalPast         : logi  TRUE TRUE TRUE TRUE TRUE TRUE ...
 $ Race.IsAnalyzeNormalFuture       : logi  FALSE FALSE FALSE FALSE FALSE FALSE ...
 $ Race.IsAnalyzeFullPastAndFuture  : logi  TRUE TRUE TRUE TRUE TRUE TRUE ...
 $ Race.IsAnalyzeFullPast           : logi  TRUE TRUE TRUE TRUE TRUE TRUE ...
 $ Race.IsAnalyzeFullFuture         : logi  FALSE FALSE FALSE FALSE FALSE FALSE ...
 $ Race.JyokenCd                    : Factor w/ 1 level "1": 1 1 1 1 1 1 1 1 1 1 ...
 $ Race.JyoType1Cd                  : Factor w/ 156 levels "1-06-1600-1",..: 1 2 3 4 6 2 7 8 9 10 ...
 $ Race.RaceType0Cd                 : Factor w/ 425 levels "1-06-1600-1-1-C-14",..: 1 2 3 4 6 7 8 10 11 12 ...
 $ Race.RaceType1Cd                 : Factor w/ 6 levels "1-1-C","1-1-B",..: 1 2 2 3 4 4 4 4 1 3 ...
 $ Race.RaceType2Cd                 : Factor w/ 6 levels "1-1-C","1-1-B",..: 1 2 2 3 4 4 4 4 1 3 ...
 $ Race.RaceType3Cd                 : Factor w/ 22 levels "1-C-14","1-B-12",..: 1 2 3 4 6 7 5 5 8 4 ...
 $ Race.RaceType4Cd                 : Factor w/ 4 levels "1-1-14","1-1-12",..: 1 2 3 3 2 4 3 3 3 3 ...
 $ RaceHorse.RaceId                 : Factor w/ 1143 levels "20200404-06-03-03-11",..: 1 2 3 4 6 7 8 10 11 12 ...
 $ RaceHorse.KettoNum               : Factor w/ 3432 levels "2015105461","2013102671",..: 1 2 3 4 6 7 8 10 11 12 ...
 $ RaceHorse.IsHit1                 : int  0 0 0 1 0 0 1 1 0 0 ...
 $ RaceHorse.IsHit2                 : int  0 0 0 0 0 0 0 0 0 0 ...
 $ RaceHorse.IsHit3                 : int  0 0 1 0 0 0 0 0 0 0 ...
 $ RaceHorse.IsHit4                 : int  0 0 0 0 0 1 0 0 0 0 ...
 $ RaceHorse.IsHit5                 : int  0 0 0 0 0 0 0 0 0 0 ...
 $ RaceHorse.IsHit6                 : int  1 1 0 0 1 0 0 0 1 1 ...
 $ RaceHorse.IsValidRaceHorse       : logi  TRUE TRUE TRUE TRUE TRUE TRUE ...
 $ RaceHorse.IsHitA                 : int  0 0 0 1 0 0 1 1 0 0 ...
 $ RaceHorse.IsHitB                 : int  0 0 0 1 0 0 1 1 0 0 ...
 $ RaceHorse.IsHitC                 : int  0 0 1 1 0 0 1 1 0 0 ...
 $ Gen01.HansyokuNum                : Factor w/ 266 levels "11202086","11202063",..: 1 2 1 3 4 5 6 7 8 9 ...
 $ Gen01.TimeDvByRaceAvg            : num  53.3 47.9 54.8 52.8 55.6 ...
 $ Gen01.TimeDvByRaceMax            : num  73.4 58.6 69 66.3 69.2 ...
 $ Gen01.RunCount                   : int  309 9 227 36 9 42 18 80 23 75 ...
 $ Gen01.HitCount1                  : int  36 0 29 3 3 3 4 5 2 3 ...
 $ Gen01.HitCount2                  : int  34 0 31 4 1 5 1 5 1 6 ...
 $ Gen01.HitCount3                  : int  31 1 32 2 1 4 1 6 1 5 ...
 $ Gen01.HitCount4                  : int  15 1 20 3 1 6 1 9 1 5 ...
 $ Gen01.HitCount5                  : int  32 1 16 2 1 0 2 6 1 10 ...
 $ Gen01.HitRate1                   : num  0.1165 0 0.1278 0.0833 0.3333 ...
 $ Gen01.HitRate2                   : num  0.11 0 0.137 0.111 0.111 ...
 $ Gen01.HitRate3                   : num  0.1003 0.1111 0.141 0.0556 0.1111 ...
 $ Gen01.HitRate4                   : num  0.0485 0.1111 0.0881 0.0833 0.1111 ...
 $ Gen01.HitRate5                   : num  0.1036 0.1111 0.0705 0.0556 0.1111 ...
 $ EOF                              : int  1 1 1 1 1 1 1 1 1 1 ...
NULL
[1] "2022-02-03 18:11:34 --- transform Finish ---"
[1] "2022-02-03 18:11:34 --- na.omit Start ---"
[1] "nrow(data) na.omit before=11902"
[1] "nrow(data) na.omit after =11902"
[1] "nrow(data) na.omit diff =0"
'data.frame':	11902 obs. of  42 variables:
 $ Race.RaceId                      : Factor w/ 1143 levels "20200404-06-03-03-11",..: 1 2 3 4 6 7 8 10 11 12 ...
 $ Race.IsPredictedRace             : logi  TRUE TRUE TRUE TRUE TRUE TRUE ...
 $ Race.IsAnalyzeNormalPastAndFuture: logi  TRUE TRUE TRUE TRUE TRUE TRUE ...
 $ Race.IsAnalyzeNormalPast         : logi  TRUE TRUE TRUE TRUE TRUE TRUE ...
 $ Race.IsAnalyzeNormalFuture       : logi  FALSE FALSE FALSE FALSE FALSE FALSE ...
 $ Race.IsAnalyzeFullPastAndFuture  : logi  TRUE TRUE TRUE TRUE TRUE TRUE ...
 $ Race.IsAnalyzeFullPast           : logi  TRUE TRUE TRUE TRUE TRUE TRUE ...
 $ Race.IsAnalyzeFullFuture         : logi  FALSE FALSE FALSE FALSE FALSE FALSE ...
 $ Race.JyokenCd                    : Factor w/ 1 level "1": 1 1 1 1 1 1 1 1 1 1 ...
 $ Race.JyoType1Cd                  : Factor w/ 156 levels "1-06-1600-1",..: 1 2 3 4 6 2 7 8 9 10 ...
 $ Race.RaceType0Cd                 : Factor w/ 425 levels "1-06-1600-1-1-C-14",..: 1 2 3 4 6 7 8 10 11 12 ...
 $ Race.RaceType1Cd                 : Factor w/ 6 levels "1-1-C","1-1-B",..: 1 2 2 3 4 4 4 4 1 3 ...
 $ Race.RaceType2Cd                 : Factor w/ 6 levels "1-1-C","1-1-B",..: 1 2 2 3 4 4 4 4 1 3 ...
 $ Race.RaceType3Cd                 : Factor w/ 22 levels "1-C-14","1-B-12",..: 1 2 3 4 6 7 5 5 8 4 ...
 $ Race.RaceType4Cd                 : Factor w/ 4 levels "1-1-14","1-1-12",..: 1 2 3 3 2 4 3 3 3 3 ...
 $ RaceHorse.RaceId                 : Factor w/ 1143 levels "20200404-06-03-03-11",..: 1 2 3 4 6 7 8 10 11 12 ...
 $ RaceHorse.KettoNum               : Factor w/ 3432 levels "2015105461","2013102671",..: 1 2 3 4 6 7 8 10 11 12 ...
 $ RaceHorse.IsHit1                 : int  0 0 0 1 0 0 1 1 0 0 ...
 $ RaceHorse.IsHit2                 : int  0 0 0 0 0 0 0 0 0 0 ...
 $ RaceHorse.IsHit3                 : int  0 0 1 0 0 0 0 0 0 0 ...
 $ RaceHorse.IsHit4                 : int  0 0 0 0 0 1 0 0 0 0 ...
 $ RaceHorse.IsHit5                 : int  0 0 0 0 0 0 0 0 0 0 ...
 $ RaceHorse.IsHit6                 : int  1 1 0 0 1 0 0 0 1 1 ...
 $ RaceHorse.IsValidRaceHorse       : logi  TRUE TRUE TRUE TRUE TRUE TRUE ...
 $ RaceHorse.IsHitA                 : int  0 0 0 1 0 0 1 1 0 0 ...
 $ RaceHorse.IsHitB                 : int  0 0 0 1 0 0 1 1 0 0 ...
 $ RaceHorse.IsHitC                 : int  0 0 1 1 0 0 1 1 0 0 ...
 $ Gen01.HansyokuNum                : Factor w/ 266 levels "11202086","11202063",..: 1 2 1 3 4 5 6 7 8 9 ...
 $ Gen01.TimeDvByRaceAvg            : num  53.3 47.9 54.8 52.8 55.6 ...
 $ Gen01.TimeDvByRaceMax            : num  73.4 58.6 69 66.3 69.2 ...
 $ Gen01.RunCount                   : int  309 9 227 36 9 42 18 80 23 75 ...
 $ Gen01.HitCount1                  : int  36 0 29 3 3 3 4 5 2 3 ...
 $ Gen01.HitCount2                  : int  34 0 31 4 1 5 1 5 1 6 ...
 $ Gen01.HitCount3                  : int  31 1 32 2 1 4 1 6 1 5 ...
 $ Gen01.HitCount4                  : int  15 1 20 3 1 6 1 9 1 5 ...
 $ Gen01.HitCount5                  : int  32 1 16 2 1 0 2 6 1 10 ...
 $ Gen01.HitRate1                   : num  0.1165 0 0.1278 0.0833 0.3333 ...
 $ Gen01.HitRate2                   : num  0.11 0 0.137 0.111 0.111 ...
 $ Gen01.HitRate3                   : num  0.1003 0.1111 0.141 0.0556 0.1111 ...
 $ Gen01.HitRate4                   : num  0.0485 0.1111 0.0881 0.0833 0.1111 ...
 $ Gen01.HitRate5                   : num  0.1036 0.1111 0.0705 0.0556 0.1111 ...
 $ EOF                              : int  1 1 1 1 1 1 1 1 1 1 ...
[1] "2022-02-03 18:11:34 --- na.omit Finish ---"
[1] "2022-02-03 18:11:34 --- rxGlm with rxStepControl Start ---"
[1] "2022-02-03 18:11:34 --- source_logic_glm.R Start ---"
[1] "2022-02-03 18:11:34 --- source_logic_glm.R Finished ---"
Rows Read: 11902, Total Rows Processed: 11902, Total Chunk Time: 0.002 seconds 

Starting values (iteration 1) time: 0.010 secs.
Rows Read: 11902, Total Rows Processed: 11902, Total Chunk Time: 0.002 seconds 

Iteration 2 time: 0.007 secs.
Rows Read: 11902, Total Rows Processed: 11902, Total Chunk Time: 0.002 seconds 

Iteration 3 time: 0.005 secs.
Rows Read: 11902, Total Rows Processed: 11902, Total Chunk Time: 0.002 seconds 

Iteration 4 time: 0.004 secs.
Rows Read: 11902, Total Rows Processed: 11902, Total Chunk Time: 0.001 seconds 

Iteration 5 time: 0.003 secs.
Rows Read: 11902, Total Rows Processed: 11902, Total Chunk Time: 0.002 seconds 

Iteration 6 time: 0.004 secs.

Elapsed computation time: 0.045 secs.
Rows Read: 11902, Total Rows Processed: 11902, Total Chunk Time: 0.002 seconds 

Starting values (iteration 1) time: 0.006 secs.
Rows Read: 11902, Total Rows Processed: 11902, Total Chunk Time: 0.001 seconds 

Iteration 2 time: 0.005 secs.
Rows Read: 11902, Total Rows Processed: 11902, Total Chunk Time: Less than .001 seconds 

Iteration 3 time: 0.004 secs.
Rows Read: 11902, Total Rows Processed: 11902, Total Chunk Time: 0.002 seconds 

Iteration 4 time: 0.004 secs.
Rows Read: 11902, Total Rows Processed: 11902, Total Chunk Time: Less than .001 seconds 

Iteration 5 time: 0.004 secs.
Rows Read: 11902, Total Rows Processed: 11902, Total Chunk Time: Less than .001 seconds 

Iteration 6 time: 0.003 secs.

Elapsed computation time: 0.043 secs.
Rows Read: 11902, Total Rows Processed: 11902, Total Chunk Time: 0.002 seconds 

Starting values (iteration 1) time: 0.006 secs.
Rows Read: 11902, Total Rows Processed: 11902, Total Chunk Time: 0.002 seconds 

Iteration 2 time: 0.004 secs.
Rows Read: 11902, Total Rows Processed: 11902, Total Chunk Time: 0.002 seconds 

Iteration 3 time: 0.004 secs.
Rows Read: 11902, Total Rows Processed: 11902, Total Chunk Time: Less than .001 seconds 

Iteration 4 time: 0.003 secs.
Rows Read: 11902, Total Rows Processed: 11902, Total Chunk Time: Less than .001 seconds 

Iteration 5 time: 0.003 secs.
Rows Read: 11902, Total Rows Processed: 11902, Total Chunk Time: 0.002 seconds 

Iteration 6 time: 0.005 secs.

Elapsed computation time: 0.043 secs.
Rows Read: 11902, Total Rows Processed: 11902, Total Chunk Time: 0.002 seconds 

Starting values (iteration 1) time: 0.006 secs.
Rows Read: 11902, Total Rows Processed: 11902, Total Chunk Time: Less than .001 seconds 

Iteration 2 time: 0.005 secs.
Rows Read: 11902, Total Rows Processed: 11902, Total Chunk Time: Less than .001 seconds 

Iteration 3 time: 0.005 secs.
Rows Read: 11902, Total Rows Processed: 11902, Total Chunk Time: 0.001 seconds 

Iteration 4 time: 0.003 secs.
Rows Read: 11902, Total Rows Processed: 11902, Total Chunk Time: Less than .001 seconds 

Iteration 5 time: 0.004 secs.
Rows Read: 11902, Total Rows Processed: 11902, Total Chunk Time: 0.002 seconds 

Iteration 6 time: 0.004 secs.

Elapsed computation time: 0.045 secs.

Elapsed computation time: 0.192 secs.
[1] "analyze.results.glm.step="
Generalized Linear Model Results for: RaceHorse.IsHitA ~
    Gen01.TimeDvByRaceAvg + Gen01.HitRate1
Data: data
Dependent variable(s): RaceHorse.IsHitA
Total independent variables: 3 
Number of valid observations: 11902
Number of missing observations: 0 
Family-link: binomial-logit 
 
 
Coefficients:
                      RaceHorse.IsHitA
(Intercept)                      -5.71
Gen01.TimeDvByRaceAvg             0.06
Gen01.HitRate1                    0.75
[1] "analyze.results.glm.step.summary"
Call:
rxGlm(formula = form, data = data, family = binomial(), variableSelection = analyze.results.glm.step.varsel)

Generalized Linear Model Results for: RaceHorse.IsHitA ~
    Gen01.TimeDvByRaceAvg + Gen01.HitRate1
Data: data
Dependent variable(s): RaceHorse.IsHitA
Total independent variables: 3 
Number of valid observations: 11902
Number of missing observations: 0 
Family-link: binomial-logit 
 
Residual deviance: 6257.332 (on 11899 degrees of freedom)
 
Coefficients:
                      Estimate Std. Error z value Pr(>|z|)    
(Intercept)            -5.7125     0.5949   -9.60  2.2e-16 ***
Gen01.TimeDvByRaceAvg   0.0609     0.0118    5.16  2.5e-07 ***
Gen01.HitRate1          0.7489     0.3464    2.16    0.031 *  
---
Signif. codes:  0 '***' 0.001 '**' 0.01 '*' 0.05 '.' 0.1 ' ' 1

(Dispersion parameter for binomial family taken to be 1)

Condition number of final variance-covariance matrix: 3 
Number of iterations: 6
[1] "2022-02-03 18:11:34 --- rxGlm with rxStepControl Finish ---"
[1] "2022-02-03 18:11:34 --- rxStepPlot Start ---"
[1] "pdfFilename=pdf_analyze_glm_Gen01_Type11_rxStepPlot.pdf"
[1] "rxStepPlot="
[1] "2022-02-03 18:11:35 --- rxStepPlot Finish ---"
[1] "2022-02-03 18:11:35 --- save.image Start ---"
[1] "save.image"
[1] "rdataFilename=RData_analyze_glm_Gen01_Type11.RData"
[1] "2022-02-03 18:11:36 --- save.image Finish ---"
[1] "2022-02-03 18:11:36 --- final Start ---"
[1] "nrow(data) final=11902"
[1] "2022-02-03 18:11:36 --- final Finish ---"
[1] "2022-02-03 18:11:36 --- analyze_glm.R Finished ---"
[1] "2022-02-03 18:11:36 --- log Finish ---"
