[1] "2022-02-04 02:23:53 --- D1113_Predict_glm_Odds_IsHitA_Type25 Start ---"
[1] "2022-02-04 02:23:53 --- Log Start ---"
[1] "2022-02-04 02:23:53 --- predict.R Start ---"
[1] "analyzeVersion=D1113"
[1] "analyzeCategory=Predict"
[1] "analyzeType=Odds"
[1] "analyzeFamily=IsHitA"
[1] "analyzeFunc=glm"
[1] "analyzeTrackTypeCd=2"
[1] "analyzeJyokenCd=5"
[1] "2022-02-04 02:23:54 --- source_function.R Start ---"
[1] "2022-02-04 02:23:54 --- source_function.R Finished ---"

> print(paste0(Sys.time(), " --- source_library.R Start ---"))
[1] "2022-02-04 02:23:54 --- source_library.R Start ---"

> require("RevoScaleR")

> print(paste0(Sys.time(), " --- source_library.R Finished ---"))
[1] "2022-02-04 02:23:54 --- source_library.R Finished ---"
[1] "2022-02-04 02:23:54 --- Load Start ---"
[1] "loadFilename=RData_Analyze_glm_Odds_Type25.RData"
[1] "2022-02-04 02:23:54 --- Load Finished ---"
[1] "2022-02-04 02:23:54 --- RxSqlServerData Start ---"
[1] "sqlQuery=SELECT * FROM ViewAnalyzeD1113analyze01OddsType25"
Rows Read: 59078, Total Rows Processed: 59078, Total Chunk Time: 0.856 seconds 
[1] "head(InputDataSet)="
           Race.RaceId Race.IsPredictedRace Race.IsAnalyzeNormalPastAndFuture
1 20220130-10-01-06-03                FALSE                              TRUE
2 20220130-10-01-06-03                FALSE                              TRUE
3 20220130-10-01-06-03                FALSE                              TRUE
4 20220130-10-01-06-03                FALSE                              TRUE
5 20220130-10-01-06-03                FALSE                              TRUE
6 20220130-10-01-06-03                FALSE                              TRUE
  Race.IsAnalyzeNormalPast Race.IsAnalyzeNormalFuture
1                    FALSE                       TRUE
2                    FALSE                       TRUE
3                    FALSE                       TRUE
4                    FALSE                       TRUE
5                    FALSE                       TRUE
6                    FALSE                       TRUE
  Race.IsAnalyzeFullPastAndFuture Race.IsAnalyzeFullPast
1                            TRUE                  FALSE
2                            TRUE                  FALSE
3                            TRUE                  FALSE
4                            TRUE                  FALSE
5                            TRUE                  FALSE
6                            TRUE                  FALSE
  Race.IsAnalyzeFullFuture Race.JyokenCd Race.JyoType1Cd   Race.RaceType0Cd
1                     TRUE             5     2-10-1000-1 2-10-1000-1-5-X-12
2                     TRUE             5     2-10-1000-1 2-10-1000-1-5-X-12
3                     TRUE             5     2-10-1000-1 2-10-1000-1-5-X-12
4                     TRUE             5     2-10-1000-1 2-10-1000-1-5-X-12
5                     TRUE             5     2-10-1000-1 2-10-1000-1-5-X-12
6                     TRUE             5     2-10-1000-1 2-10-1000-1-5-X-12
  Race.RaceType1Cd Race.RaceType2Cd Race.RaceType3Cd Race.RaceType4Cd
1            2-5-X            2-5-X           5-X-12           2-5-12
2            2-5-X            2-5-X           5-X-12           2-5-12
3            2-5-X            2-5-X           5-X-12           2-5-12
4            2-5-X            2-5-X           5-X-12           2-5-12
5            2-5-X            2-5-X           5-X-12           2-5-12
6            2-5-X            2-5-X           5-X-12           2-5-12
      RaceHorse.RaceId RaceHorse.KettoNum RaceHorse.IsHit1 RaceHorse.IsHit2
1 20220130-10-01-06-03         2019103308                0                0
2 20220130-10-01-06-03         2019100512                1                0
3 20220130-10-01-06-03         2019105858                0                0
4 20220130-10-01-06-03         2019105113                0                0
5 20220130-10-01-06-03         2019103137                0                1
6 20220130-10-01-06-03         2019103960                0                0
  RaceHorse.IsHit3 RaceHorse.IsHit4 RaceHorse.IsHit5 RaceHorse.IsHit6
1                0                0                0                1
2                0                0                0                0
3                0                0                0                1
4                0                0                0                1
5                0                0                0                0
6                0                0                0                1
  RaceHorse.IsValidRaceHorse RaceHorse.IsHitA RaceHorse.IsHitB RaceHorse.IsHitC
1                       TRUE                0                0                0
2                       TRUE                1                1                1
3                       TRUE                0                0                0
4                       TRUE                0                0                0
5                       TRUE                0                1                1
6                       TRUE                0                0                0
  OddsByWin.Odds1 OddsByWin.Ninki OddsByWin.OddsLog1 OddsByWin.OddsRatio1
1            41.2               9           3.742420           0.02487562
2            73.4              11           4.309456           0.01381215
3            15.1               6           2.778819           0.07092199
4            14.9               5           2.766319           0.07194245
5            11.3               4           2.509599           0.09708738
6            99.4              12           4.609162           0.01016260
  OddsByWin.OddsLogit1 OddsByWin.ApprovalRate1 OddsByWin.ApprovalRateLog1 EOF
1            -3.718438              0.02427184                 0.02398196   1
2            -4.295924              0.01362398                 0.01353201   1
3            -2.714695              0.06622517                 0.06412453   1
4            -2.701361              0.06711409                 0.06495790   1
5            -2.424803              0.08849558                 0.08479654   1
6            -4.599152              0.01006036                 0.01001009   1
[1] "object.size(InputDataSet) auto=11.6 Mb"
[1] "nrow(InputDataSet) RxSqlServerData=59078"
[1] "str(InputDataSet)="
'data.frame':	59078 obs. of  35 variables:
 $ Race.RaceId                      : Factor w/ 4016 levels "20220130-10-01-06-03",..: 1 1 1 1 1 1 1 1 1 1 ...
 $ Race.IsPredictedRace             : logi  FALSE FALSE FALSE FALSE FALSE FALSE ...
 $ Race.IsAnalyzeNormalPastAndFuture: logi  TRUE TRUE TRUE TRUE TRUE TRUE ...
 $ Race.IsAnalyzeNormalPast         : logi  FALSE FALSE FALSE FALSE FALSE FALSE ...
 $ Race.IsAnalyzeNormalFuture       : logi  TRUE TRUE TRUE TRUE TRUE TRUE ...
 $ Race.IsAnalyzeFullPastAndFuture  : logi  TRUE TRUE TRUE TRUE TRUE TRUE ...
 $ Race.IsAnalyzeFullPast           : logi  FALSE FALSE FALSE FALSE FALSE FALSE ...
 $ Race.IsAnalyzeFullFuture         : logi  TRUE TRUE TRUE TRUE TRUE TRUE ...
 $ Race.JyokenCd                    : Factor w/ 1 level "5": 1 1 1 1 1 1 1 1 1 1 ...
 $ Race.JyoType1Cd                  : Factor w/ 118 levels "2-10-1000-1",..: 1 1 1 1 1 1 1 1 1 1 ...
 $ Race.RaceType0Cd                 : Factor w/ 205 levels "2-10-1000-1-5-X-12",..: 1 1 1 1 1 1 1 1 1 1 ...
 $ Race.RaceType1Cd                 : Factor w/ 1 level "2-5-X": 1 1 1 1 1 1 1 1 1 1 ...
 $ Race.RaceType2Cd                 : Factor w/ 1 level "2-5-X": 1 1 1 1 1 1 1 1 1 1 ...
 $ Race.RaceType3Cd                 : Factor w/ 2 levels "5-X-12","5-X-11": 1 1 1 1 1 1 1 1 1 1 ...
 $ Race.RaceType4Cd                 : Factor w/ 2 levels "2-5-12","2-5-11": 1 1 1 1 1 1 1 1 1 1 ...
 $ RaceHorse.RaceId                 : Factor w/ 4016 levels "20220130-10-01-06-03",..: 1 1 1 1 1 1 1 1 1 1 ...
 $ RaceHorse.KettoNum               : Factor w/ 20445 levels "2019103308","2019100512",..: 1 2 3 4 5 6 7 8 9 10 ...
 $ RaceHorse.IsHit1                 : int  0 1 0 0 0 0 0 0 0 0 ...
 $ RaceHorse.IsHit2                 : int  0 0 0 0 1 0 0 0 0 0 ...
 $ RaceHorse.IsHit3                 : int  0 0 0 0 0 0 1 0 0 0 ...
 $ RaceHorse.IsHit4                 : int  0 0 0 0 0 0 0 0 0 1 ...
 $ RaceHorse.IsHit5                 : int  0 0 0 0 0 0 0 0 0 0 ...
 $ RaceHorse.IsHit6                 : int  1 0 1 1 0 1 0 1 1 0 ...
 $ RaceHorse.IsValidRaceHorse       : logi  TRUE TRUE TRUE TRUE TRUE TRUE ...
 $ RaceHorse.IsHitA                 : int  0 1 0 0 0 0 0 0 0 0 ...
 $ RaceHorse.IsHitB                 : int  0 1 0 0 1 0 0 0 0 0 ...
 $ RaceHorse.IsHitC                 : int  0 1 0 0 1 0 1 0 0 0 ...
 $ OddsByWin.Odds1                  : num  41.2 73.4 15.1 14.9 11.3 99.4 3 50.6 33.9 4 ...
 $ OddsByWin.Ninki                  : num  9 11 6 5 4 12 1 10 8 3 ...
 $ OddsByWin.OddsLog1               : num  3.74 4.31 2.78 2.77 2.51 ...
 $ OddsByWin.OddsRatio1             : num  0.0249 0.0138 0.0709 0.0719 0.0971 ...
 $ OddsByWin.OddsLogit1             : num  -3.72 -4.3 -2.71 -2.7 -2.42 ...
 $ OddsByWin.ApprovalRate1          : num  0.0243 0.0136 0.0662 0.0671 0.0885 ...
 $ OddsByWin.ApprovalRateLog1       : num  0.024 0.0135 0.0641 0.065 0.0848 ...
 $ EOF                              : int  1 1 1 1 1 1 1 1 1 1 ...
[1] "2022-02-04 02:23:56 --- RxSqlServerData Finish ---"
[1] "2022-02-04 02:23:56 --- subset Start ---"
[1] "nrow(InputDataSet) subset before=59078"
[1] "nrow(InputDataSet) subset after=59078"
[1] "nrow(InputDataSet) subset diff=0"
[1] "class(InputDataSet$Race.IsAnalyzeNormalPast)=logical"
[1] "class(InputDataSet$Race.analyzeTrackTypeCd)=NULL"
[1] "2022-02-04 02:23:56 --- subset Finish ---"
[1] "2022-02-04 02:23:56 --- transform Start ---"
[1] "2022-02-04 02:23:56 --- Transform Finished ---"
[1] "nrow(InputDataSet) transaform before=59078"
[1] "nrow(InputDataSet) transaform after=59078"
[1] "nrow(InputDataSet) transaform diff=0"
[1] "str(InputDataSet)="
'data.frame':	59078 obs. of  35 variables:
 $ Race.RaceId                      : Factor w/ 4016 levels "20220130-10-01-06-03",..: 1 1 1 1 1 1 1 1 1 1 ...
 $ Race.IsPredictedRace             : logi  FALSE FALSE FALSE FALSE FALSE FALSE ...
 $ Race.IsAnalyzeNormalPastAndFuture: logi  TRUE TRUE TRUE TRUE TRUE TRUE ...
 $ Race.IsAnalyzeNormalPast         : logi  FALSE FALSE FALSE FALSE FALSE FALSE ...
 $ Race.IsAnalyzeNormalFuture       : logi  TRUE TRUE TRUE TRUE TRUE TRUE ...
 $ Race.IsAnalyzeFullPastAndFuture  : logi  TRUE TRUE TRUE TRUE TRUE TRUE ...
 $ Race.IsAnalyzeFullPast           : logi  FALSE FALSE FALSE FALSE FALSE FALSE ...
 $ Race.IsAnalyzeFullFuture         : logi  TRUE TRUE TRUE TRUE TRUE TRUE ...
 $ Race.JyokenCd                    : Factor w/ 1 level "5": 1 1 1 1 1 1 1 1 1 1 ...
 $ Race.JyoType1Cd                  : Factor w/ 118 levels "2-10-1000-1",..: 1 1 1 1 1 1 1 1 1 1 ...
 $ Race.RaceType0Cd                 : Factor w/ 205 levels "2-10-1000-1-5-X-12",..: 1 1 1 1 1 1 1 1 1 1 ...
 $ Race.RaceType1Cd                 : Factor w/ 1 level "2-5-X": 1 1 1 1 1 1 1 1 1 1 ...
 $ Race.RaceType2Cd                 : Factor w/ 1 level "2-5-X": 1 1 1 1 1 1 1 1 1 1 ...
 $ Race.RaceType3Cd                 : Factor w/ 2 levels "5-X-12","5-X-11": 1 1 1 1 1 1 1 1 1 1 ...
 $ Race.RaceType4Cd                 : Factor w/ 2 levels "2-5-12","2-5-11": 1 1 1 1 1 1 1 1 1 1 ...
 $ RaceHorse.RaceId                 : Factor w/ 4016 levels "20220130-10-01-06-03",..: 1 1 1 1 1 1 1 1 1 1 ...
 $ RaceHorse.KettoNum               : Factor w/ 20445 levels "2019103308","2019100512",..: 1 2 3 4 5 6 7 8 9 10 ...
 $ RaceHorse.IsHit1                 : int  0 1 0 0 0 0 0 0 0 0 ...
 $ RaceHorse.IsHit2                 : int  0 0 0 0 1 0 0 0 0 0 ...
 $ RaceHorse.IsHit3                 : int  0 0 0 0 0 0 1 0 0 0 ...
 $ RaceHorse.IsHit4                 : int  0 0 0 0 0 0 0 0 0 1 ...
 $ RaceHorse.IsHit5                 : int  0 0 0 0 0 0 0 0 0 0 ...
 $ RaceHorse.IsHit6                 : int  1 0 1 1 0 1 0 1 1 0 ...
 $ RaceHorse.IsValidRaceHorse       : logi  TRUE TRUE TRUE TRUE TRUE TRUE ...
 $ RaceHorse.IsHitA                 : int  0 1 0 0 0 0 0 0 0 0 ...
 $ RaceHorse.IsHitB                 : int  0 1 0 0 1 0 0 0 0 0 ...
 $ RaceHorse.IsHitC                 : int  0 1 0 0 1 0 1 0 0 0 ...
 $ OddsByWin.Odds1                  : num  41.2 73.4 15.1 14.9 11.3 99.4 3 50.6 33.9 4 ...
 $ OddsByWin.Ninki                  : num  9 11 6 5 4 12 1 10 8 3 ...
 $ OddsByWin.OddsLog1               : num  3.74 4.31 2.78 2.77 2.51 ...
 $ OddsByWin.OddsRatio1             : num  0.0249 0.0138 0.0709 0.0719 0.0971 ...
 $ OddsByWin.OddsLogit1             : num  -3.72 -4.3 -2.71 -2.7 -2.42 ...
 $ OddsByWin.ApprovalRate1          : num  0.0243 0.0136 0.0662 0.0671 0.0885 ...
 $ OddsByWin.ApprovalRateLog1       : num  0.024 0.0135 0.0641 0.065 0.0848 ...
 $ EOF                              : int  1 1 1 1 1 1 1 1 1 1 ...
NULL
[1] "2022-02-04 02:23:56 --- transform Finish ---"
[1] "2022-02-04 02:23:56 --- na.omit Start ---"
[1] "nrow(InputDataSet) na.omit before=59078"
[1] "nrow(InputDataSet) na.omit after=58525"
[1] "nrow(InputDataSet) na.omit diff=553"
[1] "2022-02-04 02:23:56 --- na.omit Finish---"
[1] "2022-02-04 02:23:56 --- New Levels Start ---"
[1] "levels(data$Race.RaceType1Cd)=2-5-X"
[1] "levels(InputDataSet$Race.RaceType1Cd)=2-5-X"
[1] "length(Race.RaceType1Cd.Index)=0"
[1] "2022-02-04 02:23:56 --- New Levels Finish ---"
[1] "2022-02-04 02:23:56 --- na.omit Start ---"
[1] "nrow(InputDataSet) na.omit levels before=58525"
[1] "nrow(InputDataSet) na.omit levels after=58525"
[1] "nrow(InputDataSet) na.omit levels diff=0"
[1] "2022-02-04 02:23:56 --- na.omit Finish ---"
[1] "2022-02-04 02:23:56 --- Predict InputDataSet Start ---"
[1] "nrow(InputDataSet) predict=58525"
[1] "str(InputDataSet)="
'data.frame':	58525 obs. of  35 variables:
 $ Race.RaceId                      : Factor w/ 4016 levels "20220130-10-01-06-03",..: 1 1 1 1 1 1 1 1 1 1 ...
 $ Race.IsPredictedRace             : logi  FALSE FALSE FALSE FALSE FALSE FALSE ...
 $ Race.IsAnalyzeNormalPastAndFuture: logi  TRUE TRUE TRUE TRUE TRUE TRUE ...
 $ Race.IsAnalyzeNormalPast         : logi  FALSE FALSE FALSE FALSE FALSE FALSE ...
 $ Race.IsAnalyzeNormalFuture       : logi  TRUE TRUE TRUE TRUE TRUE TRUE ...
 $ Race.IsAnalyzeFullPastAndFuture  : logi  TRUE TRUE TRUE TRUE TRUE TRUE ...
 $ Race.IsAnalyzeFullPast           : logi  FALSE FALSE FALSE FALSE FALSE FALSE ...
 $ Race.IsAnalyzeFullFuture         : logi  TRUE TRUE TRUE TRUE TRUE TRUE ...
 $ Race.JyokenCd                    : Factor w/ 1 level "5": 1 1 1 1 1 1 1 1 1 1 ...
 $ Race.JyoType1Cd                  : Factor w/ 118 levels "2-10-1000-1",..: 1 1 1 1 1 1 1 1 1 1 ...
 $ Race.RaceType0Cd                 : Factor w/ 205 levels "2-10-1000-1-5-X-12",..: 1 1 1 1 1 1 1 1 1 1 ...
 $ Race.RaceType1Cd                 : Factor w/ 1 level "2-5-X": 1 1 1 1 1 1 1 1 1 1 ...
 $ Race.RaceType2Cd                 : Factor w/ 1 level "2-5-X": 1 1 1 1 1 1 1 1 1 1 ...
 $ Race.RaceType3Cd                 : Factor w/ 2 levels "5-X-12","5-X-11": 1 1 1 1 1 1 1 1 1 1 ...
 $ Race.RaceType4Cd                 : Factor w/ 2 levels "2-5-12","2-5-11": 1 1 1 1 1 1 1 1 1 1 ...
 $ RaceHorse.RaceId                 : Factor w/ 4016 levels "20220130-10-01-06-03",..: 1 1 1 1 1 1 1 1 1 1 ...
 $ RaceHorse.KettoNum               : Factor w/ 20445 levels "2019103308","2019100512",..: 1 2 3 4 5 6 7 8 9 10 ...
 $ RaceHorse.IsHit1                 : int  0 1 0 0 0 0 0 0 0 0 ...
 $ RaceHorse.IsHit2                 : int  0 0 0 0 1 0 0 0 0 0 ...
 $ RaceHorse.IsHit3                 : int  0 0 0 0 0 0 1 0 0 0 ...
 $ RaceHorse.IsHit4                 : int  0 0 0 0 0 0 0 0 0 1 ...
 $ RaceHorse.IsHit5                 : int  0 0 0 0 0 0 0 0 0 0 ...
 $ RaceHorse.IsHit6                 : int  1 0 1 1 0 1 0 1 1 0 ...
 $ RaceHorse.IsValidRaceHorse       : logi  TRUE TRUE TRUE TRUE TRUE TRUE ...
 $ RaceHorse.IsHitA                 : int  0 1 0 0 0 0 0 0 0 0 ...
 $ RaceHorse.IsHitB                 : int  0 1 0 0 1 0 0 0 0 0 ...
 $ RaceHorse.IsHitC                 : int  0 1 0 0 1 0 1 0 0 0 ...
 $ OddsByWin.Odds1                  : num  41.2 73.4 15.1 14.9 11.3 99.4 3 50.6 33.9 4 ...
 $ OddsByWin.Ninki                  : num  9 11 6 5 4 12 1 10 8 3 ...
 $ OddsByWin.OddsLog1               : num  3.74 4.31 2.78 2.77 2.51 ...
 $ OddsByWin.OddsRatio1             : num  0.0249 0.0138 0.0709 0.0719 0.0971 ...
 $ OddsByWin.OddsLogit1             : num  -3.72 -4.3 -2.71 -2.7 -2.42 ...
 $ OddsByWin.ApprovalRate1          : num  0.0243 0.0136 0.0662 0.0671 0.0885 ...
 $ OddsByWin.ApprovalRateLog1       : num  0.024 0.0135 0.0641 0.065 0.0848 ...
 $ EOF                              : int  1 1 1 1 1 1 1 1 1 1 ...
 - attr(*, "na.action")= 'omit' Named int  121 381 494 740 781 1021 1054 1513 1522 1619 ...
  ..- attr(*, "names")= chr  "121" "381" "494" "740" ...
[1] "2022-02-04 02:23:56 --- Predict InputDataSet Finish ---"
[1] "2022-02-04 02:23:56 --- rxPredict (glm) Start ---"
[1] "analyzeFunc=glm"
Rows Read: 58525, Total Rows Processed: 58525, Total Chunk Time: Less than .001 seconds 
[1] "nrow(PredictDataSet) afte predict=58525"
[1] "str(PredictDataSet)"
'data.frame':	58525 obs. of  1 variable:
 $ RaceHorse.IsHitA_Pred: num  0.01872 0.00982 0.05616 0.05697 0.07633 ...
NULL
[1] "head(PredictDataSet) afte predict="
  RaceHorse.IsHitA_Pred
1           0.018721634
2           0.009819000
3           0.056159582
4           0.056965848
5           0.076331924
6           0.006983625
[1] "2022-02-04 02:23:56 --- rxPredict (glm) Finish ---"
[1] "2022-02-04 02:23:56 --- add key Start ---"
[1] "nrow(OutputDataSet) add KeyColmn=58525"
[1] "str(OutputDataSet) after add Key"
'data.frame':	58525 obs. of  2 variables:
 $ RaceHorse.RaceId  : Factor w/ 4016 levels "20220130-10-01-06-03",..: 1 1 1 1 1 1 1 1 1 1 ...
 $ RaceHorse.KettoNum: Factor w/ 20445 levels "2019103308","2019100512",..: 1 2 3 4 5 6 7 8 9 10 ...
NULL
[1] "2022-02-04 02:23:56 --- add key Finish ---"
[1] "2022-02-04 02:23:56 --- add PredictValue Start ---"
[1] "str(PredictDataSet) before rename="
[1] "colnames(PredictDataSet)=RaceHorse.IsHitA_Pred"
[1] "str(PredictDataSet) after rename="
'data.frame':	58525 obs. of  1 variable:
 $ PredictValue: num  0.01872 0.00982 0.05616 0.05697 0.07633 ...
NULL
[1] "str(OutputDataSet) before cbind="
'data.frame':	58525 obs. of  2 variables:
 $ RaceHorse.RaceId  : Factor w/ 4016 levels "20220130-10-01-06-03",..: 1 1 1 1 1 1 1 1 1 1 ...
 $ RaceHorse.KettoNum: Factor w/ 20445 levels "2019103308","2019100512",..: 1 2 3 4 5 6 7 8 9 10 ...
NULL
[1] "str(OutputDataSet) after cbind="
'data.frame':	58525 obs. of  3 variables:
 $ RaceHorse.RaceId  : Factor w/ 4016 levels "20220130-10-01-06-03",..: 1 1 1 1 1 1 1 1 1 1 ...
 $ RaceHorse.KettoNum: Factor w/ 20445 levels "2019103308","2019100512",..: 1 2 3 4 5 6 7 8 9 10 ...
 $ PredictValue      : num  0.01872 0.00982 0.05616 0.05697 0.07633 ...
NULL
[1] "2022-02-04 02:23:57 --- add PredictValue Finish ---"
[1] "2022-02-04 02:23:57 --- final Start ---"
[1] "nrow(OutputDataSet) final=58525"
[1] "head(OutputDataSet)="
      RaceHorse.RaceId RaceHorse.KettoNum PredictValue
1 20220130-10-01-06-03         2019103308  0.018721634
2 20220130-10-01-06-03         2019100512  0.009819000
3 20220130-10-01-06-03         2019105858  0.056159582
4 20220130-10-01-06-03         2019105113  0.056965848
5 20220130-10-01-06-03         2019103137  0.076331924
6 20220130-10-01-06-03         2019103960  0.006983625
[1] "str(OutputDataSet)="
'data.frame':	58525 obs. of  3 variables:
 $ RaceHorse.RaceId  : Factor w/ 4016 levels "20220130-10-01-06-03",..: 1 1 1 1 1 1 1 1 1 1 ...
 $ RaceHorse.KettoNum: Factor w/ 20445 levels "2019103308","2019100512",..: 1 2 3 4 5 6 7 8 9 10 ...
 $ PredictValue      : num  0.01872 0.00982 0.05616 0.05697 0.07633 ...
NULL
[1] "2022-02-04 02:23:57 --- final Finish ---"
[1] "2022-02-04 02:23:57 --- predict.R Finished ---"
[1] "2022-02-04 02:23:57 --- log Finish ---"
