[1] "2022-02-08 09:37:56 --- D1113_analyze_glm_Gen01_IsHitA_Type24 Start ---"
[1] "2022-02-08 09:37:56 --- Log Start ---"
[1] "2022-02-08 09:37:56 --- analyze_glm.R Start ---"
[1] "analyzeVersion=D1113"
[1] "analyzeCategory=analyze"
[1] "analyzeType=Gen01"
[1] "analyzeFamily=IsHitA"
[1] "analyzeFunc=glm"
[1] "analyzeTrackTypeCd=2"
[1] "analyzeJyokenCd=4"
[1] "2022-02-08 09:37:56 --- source_function.R Start ---"
[1] "2022-02-08 09:37:56 --- source_function.R Finished ---"

> print(paste0(Sys.time(), " --- source_library.R Start ---"))
[1] "2022-02-08 09:37:56 --- source_library.R Start ---"

> require("RevoScaleR")

> print(paste0(Sys.time(), " --- source_library.R Finished ---"))
[1] "2022-02-08 09:37:57 --- source_library.R Finished ---"
[1] "2022-02-08 09:37:57 --- RxSqlServerData Start ---"
[1] "sqlQuery=SELECT * FROM ViewAnalyzeD1113analyze01Gen01Type24"
Rows Read: 47311, Total Rows Processed: 47311, Total Chunk Time: 1408.423 seconds 
[1] "head(data)="
           Race.RaceId Race.IsPredictedRace Race.IsAnalyzeNormalPastAndFuture
1 20170325-06-03-01-06                FALSE                              TRUE
2 20170219-08-02-08-06                FALSE                              TRUE
3 20180121-07-01-04-06                FALSE                              TRUE
4 20170610-09-03-03-07                FALSE                              TRUE
5 20211219-07-06-06-02                FALSE                              TRUE
6 20190818-10-02-08-08                FALSE                              TRUE
  Race.IsAnalyzeNormalPast Race.IsAnalyzeNormalFuture
1                     TRUE                      FALSE
2                     TRUE                      FALSE
3                     TRUE                      FALSE
4                     TRUE                      FALSE
5                    FALSE                       TRUE
6                     TRUE                      FALSE
  Race.IsAnalyzeFullPastAndFuture Race.IsAnalyzeFullPast
1                            TRUE                   TRUE
2                            TRUE                   TRUE
3                            TRUE                   TRUE
4                            TRUE                   TRUE
5                            TRUE                  FALSE
6                            TRUE                   TRUE
  Race.IsAnalyzeFullFuture Race.JyokenCd Race.JyoType1Cd   Race.RaceType0Cd
1                    FALSE             4     2-06-1200-1 2-06-1200-1-4-X-14
2                    FALSE             4     2-08-1200-1 2-08-1200-1-4-X-12
3                    FALSE             4     2-07-1200-1 2-07-1200-1-4-X-14
4                    FALSE             4     2-09-1400-2 2-09-1400-2-4-X-13
5                     TRUE             4     2-07-1400-3 2-07-1400-3-4-X-13
6                    FALSE             4     2-10-1000-2 2-10-1000-2-4-X-13
  Race.RaceType1Cd Race.RaceType2Cd Race.RaceType3Cd Race.RaceType4Cd
1            2-4-X            2-4-X           4-X-14           2-4-14
2            2-4-X            2-4-X           4-X-12           2-4-12
3            2-4-X            2-4-X           4-X-14           2-4-14
4            2-4-X            2-4-X           4-X-13           2-4-13
5            2-4-X            2-4-X           4-X-13           2-4-13
6            2-4-X            2-4-X           4-X-13           2-4-13
      RaceHorse.RaceId RaceHorse.KettoNum RaceHorse.IsHit1 RaceHorse.IsHit2
1 20170325-06-03-01-06         2013105452                0                0
2 20170219-08-02-08-06         2014106436                0                0
3 20180121-07-01-04-06         2013103959                0                0
4 20170610-09-03-03-07         2013106313                0                0
5 20211219-07-06-06-02         2018106837                0                0
6 20190818-10-02-08-08         2016105174                1                0
  RaceHorse.IsHit3 RaceHorse.IsHit4 RaceHorse.IsHit5 RaceHorse.IsHit6
1                0                0                0                1
2                0                0                0                1
3                0                0                0                1
4                0                0                0                1
5                0                0                0                1
6                0                0                0                0
  RaceHorse.IsValidRaceHorse RaceHorse.IsHitA RaceHorse.IsHitB RaceHorse.IsHitC
1                       TRUE                0                0                0
2                       TRUE                0                0                0
3                       TRUE                0                0                0
4                       TRUE                0                0                0
5                       TRUE                0                0                0
6                       TRUE                1                1                1
  Gen01.HansyokuNum Gen01.TimeDvByRaceAvg Gen01.TimeDvByRaceMax Gen01.RunCount
1          11202004                    50                    74           1534
2          11201796                    51                    72            848
3          11201960                    48                    72            102
4          11202050                    51                    72            626
5          11202397                    49                    75             48
6          11202293                    48                    64             69
  Gen01.HitCount1 Gen01.HitCount2 Gen01.HitCount3 Gen01.HitCount4
1             130              95             115              97
2              68              70              63              63
3               4               9               2               4
4              53              50              63              43
5               6               4               0               3
6               3               4               2               5
  Gen01.HitCount5 Gen01.HitRate1 Gen01.HitRate2 Gen01.HitRate3 Gen01.HitRate4
1             115           0.08           0.06           0.07           0.06
2              54           0.08           0.08           0.07           0.07
3               5           0.04           0.09           0.02           0.04
4              51           0.08           0.08           0.10           0.07
5               3           0.12           0.08           0.00           0.06
6               4           0.04           0.06           0.03           0.07
  Gen01.HitRate5 EOF
1           0.07   1
2           0.06   1
3           0.05   1
4           0.08   1
5           0.06   1
6           0.06   1
[1] "object.size(data) auto=10.1 Mb"
[1] "nrow(data) RxSqlServerData=47311"
[1] "str(data)="
'data.frame':	47311 obs. of  42 variables:
 $ Race.RaceId                      : Factor w/ 3416 levels "20190914-09-04-03-06",..: 11 12 13 14 15 16 17 18 19 20 ...
 $ Race.IsPredictedRace             : logi  FALSE FALSE FALSE FALSE FALSE FALSE ...
 $ Race.IsAnalyzeNormalPastAndFuture: logi  TRUE TRUE TRUE TRUE TRUE TRUE ...
 $ Race.IsAnalyzeNormalPast         : logi  TRUE TRUE TRUE TRUE FALSE TRUE ...
 $ Race.IsAnalyzeNormalFuture       : logi  FALSE FALSE FALSE FALSE TRUE FALSE ...
 $ Race.IsAnalyzeFullPastAndFuture  : logi  TRUE TRUE TRUE TRUE TRUE TRUE ...
 $ Race.IsAnalyzeFullPast           : logi  TRUE TRUE TRUE TRUE FALSE TRUE ...
 $ Race.IsAnalyzeFullFuture         : logi  FALSE FALSE FALSE FALSE TRUE FALSE ...
 $ Race.JyokenCd                    : Factor w/ 1 level "4": 1 1 1 1 1 1 1 1 1 1 ...
 $ Race.JyoType1Cd                  : Factor w/ 134 levels "2-09-2000-2",..: 9 10 2 11 12 13 14 15 16 17 ...
 $ Race.RaceType0Cd                 : Factor w/ 345 levels "2-09-2000-2-4-X-13",..: 10 11 2 12 13 14 15 16 17 18 ...
 $ Race.RaceType1Cd                 : Factor w/ 2 levels "2-4-X","2-4-E": 1 1 1 1 1 1 1 1 1 1 ...
 $ Race.RaceType2Cd                 : Factor w/ 2 levels "2-4-X","2-4-E": 1 1 1 1 1 1 1 1 1 1 ...
 $ Race.RaceType3Cd                 : Factor w/ 8 levels "4-X-13","4-X-14",..: 2 3 2 1 1 1 1 1 1 1 ...
 $ Race.RaceType4Cd                 : Factor w/ 4 levels "2-4-13","2-4-14",..: 2 3 2 1 1 1 1 1 1 1 ...
 $ RaceHorse.RaceId                 : Factor w/ 3416 levels "20190914-09-04-03-06",..: 11 12 13 14 15 16 17 18 19 20 ...
 $ RaceHorse.KettoNum               : Factor w/ 9469 levels "2016104273","2018103314",..: 11 12 13 14 15 16 17 18 19 20 ...
 $ RaceHorse.IsHit1                 : int  0 0 0 0 0 1 0 0 0 0 ...
 $ RaceHorse.IsHit2                 : int  0 0 0 0 0 0 0 0 0 0 ...
 $ RaceHorse.IsHit3                 : int  0 0 0 0 0 0 0 0 0 0 ...
 $ RaceHorse.IsHit4                 : int  0 0 0 0 0 0 0 0 0 0 ...
 $ RaceHorse.IsHit5                 : int  0 0 0 0 0 0 1 0 0 0 ...
 $ RaceHorse.IsHit6                 : int  1 1 1 1 1 0 0 1 1 1 ...
 $ RaceHorse.IsValidRaceHorse       : logi  TRUE TRUE TRUE TRUE TRUE TRUE ...
 $ RaceHorse.IsHitA                 : int  0 0 0 0 0 1 0 0 0 0 ...
 $ RaceHorse.IsHitB                 : int  0 0 0 0 0 1 0 0 0 0 ...
 $ RaceHorse.IsHitC                 : int  0 0 0 0 0 1 0 0 0 0 ...
 $ Gen01.HansyokuNum                : Factor w/ 488 levels "11202050","11202363",..: 11 12 13 1 14 15 16 17 18 19 ...
 $ Gen01.TimeDvByRaceAvg            : num  49.8 50.9 47.7 51.5 48.7 ...
 $ Gen01.TimeDvByRaceMax            : num  73.8 71.9 72 72.1 75.4 ...
 $ Gen01.RunCount                   : int  1534 848 102 626 48 69 246 314 433 590 ...
 $ Gen01.HitCount1                  : int  130 68 4 53 6 3 19 18 34 38 ...
 $ Gen01.HitCount2                  : int  95 70 9 50 4 4 28 20 23 54 ...
 $ Gen01.HitCount3                  : int  115 63 2 63 0 2 20 19 19 49 ...
 $ Gen01.HitCount4                  : int  97 63 4 43 3 5 24 20 25 43 ...
 $ Gen01.HitCount5                  : int  115 54 5 51 3 4 15 23 39 47 ...
 $ Gen01.HitRate1                   : num  0.0847 0.0802 0.0392 0.0847 0.125 ...
 $ Gen01.HitRate2                   : num  0.0619 0.0825 0.0882 0.0799 0.0833 ...
 $ Gen01.HitRate3                   : num  0.075 0.0743 0.0196 0.1006 0 ...
 $ Gen01.HitRate4                   : num  0.0632 0.0743 0.0392 0.0687 0.0625 ...
 $ Gen01.HitRate5                   : num  0.075 0.0637 0.049 0.0815 0.0625 ...
 $ EOF                              : int  1 1 1 1 1 1 1 1 1 1 ...
[1] "2022-02-08 10:33:26 --- RxSqlServerData Finish ---"
[1] "2022-02-08 10:33:26 --- subset Start ---"
[1] "nrow(data) subset before=47311"
[1] "nrow(data) subset after =38857"
[1] "nrow(data) subset diff =8454"
[1] "2022-02-08 10:33:26 --- subset Finish---"
[1] "2022-02-08 10:33:26 --- transform Start ---"
[1] "nrow(data) transform before=38857"
[1] "nrow(data) transform after=38857"
[1] "nrow(data) transform diff=0"
[1] "str(data)="
'data.frame':	38857 obs. of  42 variables:
 $ Race.RaceId                      : Factor w/ 3416 levels "20190914-09-04-03-06",..: 11 12 13 14 16 17 18 19 20 21 ...
 $ Race.IsPredictedRace             : logi  FALSE FALSE FALSE FALSE FALSE FALSE ...
 $ Race.IsAnalyzeNormalPastAndFuture: logi  TRUE TRUE TRUE TRUE TRUE TRUE ...
 $ Race.IsAnalyzeNormalPast         : logi  TRUE TRUE TRUE TRUE TRUE TRUE ...
 $ Race.IsAnalyzeNormalFuture       : logi  FALSE FALSE FALSE FALSE FALSE FALSE ...
 $ Race.IsAnalyzeFullPastAndFuture  : logi  TRUE TRUE TRUE TRUE TRUE TRUE ...
 $ Race.IsAnalyzeFullPast           : logi  TRUE TRUE TRUE TRUE TRUE TRUE ...
 $ Race.IsAnalyzeFullFuture         : logi  FALSE FALSE FALSE FALSE FALSE FALSE ...
 $ Race.JyokenCd                    : Factor w/ 1 level "4": 1 1 1 1 1 1 1 1 1 1 ...
 $ Race.JyoType1Cd                  : Factor w/ 134 levels "2-09-2000-2",..: 9 10 2 11 13 14 15 16 17 18 ...
 $ Race.RaceType0Cd                 : Factor w/ 345 levels "2-09-2000-2-4-X-13",..: 10 11 2 12 14 15 16 17 18 19 ...
 $ Race.RaceType1Cd                 : Factor w/ 2 levels "2-4-X","2-4-E": 1 1 1 1 1 1 1 1 1 1 ...
 $ Race.RaceType2Cd                 : Factor w/ 2 levels "2-4-X","2-4-E": 1 1 1 1 1 1 1 1 1 1 ...
 $ Race.RaceType3Cd                 : Factor w/ 8 levels "4-X-13","4-X-14",..: 2 3 2 1 1 1 1 1 1 1 ...
 $ Race.RaceType4Cd                 : Factor w/ 4 levels "2-4-13","2-4-14",..: 2 3 2 1 1 1 1 1 1 1 ...
 $ RaceHorse.RaceId                 : Factor w/ 3416 levels "20190914-09-04-03-06",..: 11 12 13 14 16 17 18 19 20 21 ...
 $ RaceHorse.KettoNum               : Factor w/ 9469 levels "2016104273","2018103314",..: 11 12 13 14 16 17 18 19 20 21 ...
 $ RaceHorse.IsHit1                 : int  0 0 0 0 1 0 0 0 0 0 ...
 $ RaceHorse.IsHit2                 : int  0 0 0 0 0 0 0 0 0 0 ...
 $ RaceHorse.IsHit3                 : int  0 0 0 0 0 0 0 0 0 0 ...
 $ RaceHorse.IsHit4                 : int  0 0 0 0 0 0 0 0 0 1 ...
 $ RaceHorse.IsHit5                 : int  0 0 0 0 0 1 0 0 0 0 ...
 $ RaceHorse.IsHit6                 : int  1 1 1 1 0 0 1 1 1 0 ...
 $ RaceHorse.IsValidRaceHorse       : logi  TRUE TRUE TRUE TRUE TRUE TRUE ...
 $ RaceHorse.IsHitA                 : int  0 0 0 0 1 0 0 0 0 0 ...
 $ RaceHorse.IsHitB                 : int  0 0 0 0 1 0 0 0 0 0 ...
 $ RaceHorse.IsHitC                 : int  0 0 0 0 1 0 0 0 0 0 ...
 $ Gen01.HansyokuNum                : Factor w/ 488 levels "11202050","11202363",..: 11 12 13 1 15 16 17 18 19 20 ...
 $ Gen01.TimeDvByRaceAvg            : num  49.8 50.9 47.7 51.5 48.1 ...
 $ Gen01.TimeDvByRaceMax            : num  73.8 71.9 72 72.1 63.6 ...
 $ Gen01.RunCount                   : int  1534 848 102 626 69 246 314 433 590 575 ...
 $ Gen01.HitCount1                  : int  130 68 4 53 3 19 18 34 38 43 ...
 $ Gen01.HitCount2                  : int  95 70 9 50 4 28 20 23 54 33 ...
 $ Gen01.HitCount3                  : int  115 63 2 63 2 20 19 19 49 45 ...
 $ Gen01.HitCount4                  : int  97 63 4 43 5 24 20 25 43 45 ...
 $ Gen01.HitCount5                  : int  115 54 5 51 4 15 23 39 47 39 ...
 $ Gen01.HitRate1                   : num  0.0847 0.0802 0.0392 0.0847 0.0435 ...
 $ Gen01.HitRate2                   : num  0.0619 0.0825 0.0882 0.0799 0.058 ...
 $ Gen01.HitRate3                   : num  0.075 0.0743 0.0196 0.1006 0.029 ...
 $ Gen01.HitRate4                   : num  0.0632 0.0743 0.0392 0.0687 0.0725 ...
 $ Gen01.HitRate5                   : num  0.075 0.0637 0.049 0.0815 0.058 ...
 $ EOF                              : int  1 1 1 1 1 1 1 1 1 1 ...
NULL
[1] "2022-02-08 10:33:27 --- transform Finish ---"
[1] "2022-02-08 10:33:27 --- na.omit Start ---"
[1] "nrow(data) na.omit before=38857"
[1] "nrow(data) na.omit after =38857"
[1] "nrow(data) na.omit diff =0"
'data.frame':	38857 obs. of  42 variables:
 $ Race.RaceId                      : Factor w/ 3416 levels "20190914-09-04-03-06",..: 11 12 13 14 16 17 18 19 20 21 ...
 $ Race.IsPredictedRace             : logi  FALSE FALSE FALSE FALSE FALSE FALSE ...
 $ Race.IsAnalyzeNormalPastAndFuture: logi  TRUE TRUE TRUE TRUE TRUE TRUE ...
 $ Race.IsAnalyzeNormalPast         : logi  TRUE TRUE TRUE TRUE TRUE TRUE ...
 $ Race.IsAnalyzeNormalFuture       : logi  FALSE FALSE FALSE FALSE FALSE FALSE ...
 $ Race.IsAnalyzeFullPastAndFuture  : logi  TRUE TRUE TRUE TRUE TRUE TRUE ...
 $ Race.IsAnalyzeFullPast           : logi  TRUE TRUE TRUE TRUE TRUE TRUE ...
 $ Race.IsAnalyzeFullFuture         : logi  FALSE FALSE FALSE FALSE FALSE FALSE ...
 $ Race.JyokenCd                    : Factor w/ 1 level "4": 1 1 1 1 1 1 1 1 1 1 ...
 $ Race.JyoType1Cd                  : Factor w/ 134 levels "2-09-2000-2",..: 9 10 2 11 13 14 15 16 17 18 ...
 $ Race.RaceType0Cd                 : Factor w/ 345 levels "2-09-2000-2-4-X-13",..: 10 11 2 12 14 15 16 17 18 19 ...
 $ Race.RaceType1Cd                 : Factor w/ 2 levels "2-4-X","2-4-E": 1 1 1 1 1 1 1 1 1 1 ...
 $ Race.RaceType2Cd                 : Factor w/ 2 levels "2-4-X","2-4-E": 1 1 1 1 1 1 1 1 1 1 ...
 $ Race.RaceType3Cd                 : Factor w/ 8 levels "4-X-13","4-X-14",..: 2 3 2 1 1 1 1 1 1 1 ...
 $ Race.RaceType4Cd                 : Factor w/ 4 levels "2-4-13","2-4-14",..: 2 3 2 1 1 1 1 1 1 1 ...
 $ RaceHorse.RaceId                 : Factor w/ 3416 levels "20190914-09-04-03-06",..: 11 12 13 14 16 17 18 19 20 21 ...
 $ RaceHorse.KettoNum               : Factor w/ 9469 levels "2016104273","2018103314",..: 11 12 13 14 16 17 18 19 20 21 ...
 $ RaceHorse.IsHit1                 : int  0 0 0 0 1 0 0 0 0 0 ...
 $ RaceHorse.IsHit2                 : int  0 0 0 0 0 0 0 0 0 0 ...
 $ RaceHorse.IsHit3                 : int  0 0 0 0 0 0 0 0 0 0 ...
 $ RaceHorse.IsHit4                 : int  0 0 0 0 0 0 0 0 0 1 ...
 $ RaceHorse.IsHit5                 : int  0 0 0 0 0 1 0 0 0 0 ...
 $ RaceHorse.IsHit6                 : int  1 1 1 1 0 0 1 1 1 0 ...
 $ RaceHorse.IsValidRaceHorse       : logi  TRUE TRUE TRUE TRUE TRUE TRUE ...
 $ RaceHorse.IsHitA                 : int  0 0 0 0 1 0 0 0 0 0 ...
 $ RaceHorse.IsHitB                 : int  0 0 0 0 1 0 0 0 0 0 ...
 $ RaceHorse.IsHitC                 : int  0 0 0 0 1 0 0 0 0 0 ...
 $ Gen01.HansyokuNum                : Factor w/ 488 levels "11202050","11202363",..: 11 12 13 1 15 16 17 18 19 20 ...
 $ Gen01.TimeDvByRaceAvg            : num  49.8 50.9 47.7 51.5 48.1 ...
 $ Gen01.TimeDvByRaceMax            : num  73.8 71.9 72 72.1 63.6 ...
 $ Gen01.RunCount                   : int  1534 848 102 626 69 246 314 433 590 575 ...
 $ Gen01.HitCount1                  : int  130 68 4 53 3 19 18 34 38 43 ...
 $ Gen01.HitCount2                  : int  95 70 9 50 4 28 20 23 54 33 ...
 $ Gen01.HitCount3                  : int  115 63 2 63 2 20 19 19 49 45 ...
 $ Gen01.HitCount4                  : int  97 63 4 43 5 24 20 25 43 45 ...
 $ Gen01.HitCount5                  : int  115 54 5 51 4 15 23 39 47 39 ...
 $ Gen01.HitRate1                   : num  0.0847 0.0802 0.0392 0.0847 0.0435 ...
 $ Gen01.HitRate2                   : num  0.0619 0.0825 0.0882 0.0799 0.058 ...
 $ Gen01.HitRate3                   : num  0.075 0.0743 0.0196 0.1006 0.029 ...
 $ Gen01.HitRate4                   : num  0.0632 0.0743 0.0392 0.0687 0.0725 ...
 $ Gen01.HitRate5                   : num  0.075 0.0637 0.049 0.0815 0.058 ...
 $ EOF                              : int  1 1 1 1 1 1 1 1 1 1 ...
[1] "2022-02-08 10:33:27 --- na.omit Finish ---"
[1] "2022-02-08 10:33:27 --- rxGlm with rxStepControl Start ---"
[1] "2022-02-08 10:33:27 --- source_logic_glm.R Start ---"
[1] "2022-02-08 10:33:27 --- source_logic_glm.R Finished ---"
Rows Read: 38857, Total Rows Processed: 38857, Total Chunk Time: 0.004 seconds 

Starting values (iteration 1) time: 0.012 secs.
Rows Read: 38857, Total Rows Processed: 38857, Total Chunk Time: 0.004 seconds 

Iteration 2 time: 0.009 secs.
Rows Read: 38857, Total Rows Processed: 38857, Total Chunk Time: 0.003 seconds 

Iteration 3 time: 0.006 secs.
Rows Read: 38857, Total Rows Processed: 38857, Total Chunk Time: 0.003 seconds 

Iteration 4 time: 0.006 secs.
Rows Read: 38857, Total Rows Processed: 38857, Total Chunk Time: 0.003 seconds 

Iteration 5 time: 0.005 secs.
Rows Read: 38857, Total Rows Processed: 38857, Total Chunk Time: 0.004 seconds 

Iteration 6 time: 0.006 secs.

Elapsed computation time: 0.053 secs.
Rows Read: 38857, Total Rows Processed: 38857, Total Chunk Time: 0.003 seconds 

Starting values (iteration 1) time: 0.010 secs.
Rows Read: 38857, Total Rows Processed: 38857, Total Chunk Time: 0.003 seconds 

Iteration 2 time: 0.008 secs.
Rows Read: 38857, Total Rows Processed: 38857, Total Chunk Time: 0.003 seconds 

Iteration 3 time: 0.005 secs.
Rows Read: 38857, Total Rows Processed: 38857, Total Chunk Time: 0.003 seconds 

Iteration 4 time: 0.005 secs.
Rows Read: 38857, Total Rows Processed: 38857, Total Chunk Time: 0.003 seconds 

Iteration 5 time: 0.005 secs.
Rows Read: 38857, Total Rows Processed: 38857, Total Chunk Time: 0.003 seconds 

Iteration 6 time: 0.005 secs.

Elapsed computation time: 0.052 secs.
Rows Read: 38857, Total Rows Processed: 38857, Total Chunk Time: 0.003 seconds 

Starting values (iteration 1) time: 0.010 secs.
Rows Read: 38857, Total Rows Processed: 38857, Total Chunk Time: 0.003 seconds 

Iteration 2 time: 0.008 secs.
Rows Read: 38857, Total Rows Processed: 38857, Total Chunk Time: 0.003 seconds 

Iteration 3 time: 0.005 secs.
Rows Read: 38857, Total Rows Processed: 38857, Total Chunk Time: 0.003 seconds 

Iteration 4 time: 0.006 secs.
Rows Read: 38857, Total Rows Processed: 38857, Total Chunk Time: 0.003 seconds 

Iteration 5 time: 0.005 secs.
Rows Read: 38857, Total Rows Processed: 38857, Total Chunk Time: 0.004 seconds 

Iteration 6 time: 0.006 secs.

Elapsed computation time: 0.054 secs.

Elapsed computation time: 0.170 secs.
[1] "analyze.results.glm.step="
Generalized Linear Model Results for: RaceHorse.IsHitA ~
    Gen01.TimeDvByRaceAvg
Data: data
Dependent variable(s): RaceHorse.IsHitA
Total independent variables: 2 
Number of valid observations: 38857
Number of missing observations: 0 
Family-link: binomial-logit 
 
 
Coefficients:
                      RaceHorse.IsHitA
(Intercept)                      -7.21
Gen01.TimeDvByRaceAvg             0.09
[1] "analyze.results.glm.step.summary"
Call:
rxGlm(formula = form, data = data, family = binomial(), variableSelection = analyze.results.glm.step.varsel)

Generalized Linear Model Results for: RaceHorse.IsHitA ~
    Gen01.TimeDvByRaceAvg
Data: data
Dependent variable(s): RaceHorse.IsHitA
Total independent variables: 2 
Number of valid observations: 38857
Number of missing observations: 0 
Family-link: binomial-logit 
 
Residual deviance: 20090.916 (on 38855 degrees of freedom)
 
Coefficients:
                      Estimate Std. Error z value Pr(>|z|)    
(Intercept)            -7.2090     0.5018  -14.37  2.2e-16 ***
Gen01.TimeDvByRaceAvg   0.0922     0.0099    9.32  2.2e-16 ***
---
Signif. codes:  0 '***' 0.001 '**' 0.01 '*' 0.05 '.' 0.1 ' ' 1

(Dispersion parameter for binomial family taken to be 1)

Condition number of final variance-covariance matrix: 1 
Number of iterations: 6
[1] "2022-02-08 10:33:27 --- rxGlm with rxStepControl Finish ---"
[1] "2022-02-08 10:33:27 --- rxStepPlot Start ---"
[1] "pdfFilename=pdf_analyze_glm_Gen01_Type24_rxStepPlot.pdf"
[1] "rxStepPlot="
[1] "2022-02-08 10:33:27 --- rxStepPlot Finish ---"
[1] "2022-02-08 10:33:27 --- save.image Start ---"
[1] "save.image"
[1] "rdataFilename=RData_analyze_glm_Gen01_Type24.RData"
[1] "2022-02-08 10:33:29 --- save.image Finish ---"
[1] "2022-02-08 10:33:29 --- final Start ---"
[1] "nrow(data) final=38857"
[1] "2022-02-08 10:33:29 --- final Finish ---"
[1] "2022-02-08 10:33:29 --- analyze_glm.R Finished ---"
[1] "2022-02-08 10:33:29 --- log Finish ---"
