[1] "2022-02-08 09:55:36 --- D1113_analyze_glm_Jockey_IsHitA_Type26 Start ---"
[1] "2022-02-08 09:55:36 --- Log Start ---"
[1] "2022-02-08 09:55:36 --- analyze_glm.R Start ---"
[1] "analyzeVersion=D1113"
[1] "analyzeCategory=analyze"
[1] "analyzeType=Jockey"
[1] "analyzeFamily=IsHitA"
[1] "analyzeFunc=glm"
[1] "analyzeTrackTypeCd=2"
[1] "analyzeJyokenCd=6"
[1] "2022-02-08 09:55:36 --- source_function.R Start ---"
[1] "2022-02-08 09:55:36 --- source_function.R Finished ---"

> print(paste0(Sys.time(), " --- source_library.R Start ---"))
[1] "2022-02-08 09:55:36 --- source_library.R Start ---"

> require("RevoScaleR")

> print(paste0(Sys.time(), " --- source_library.R Finished ---"))
[1] "2022-02-08 09:55:36 --- source_library.R Finished ---"
[1] "2022-02-08 09:55:36 --- RxSqlServerData Start ---"
[1] "sqlQuery=SELECT * FROM ViewAnalyzeD1113analyze01JockeyType26"
Rows Read: 8360, Total Rows Processed: 8360, Total Chunk Time: 6.167 seconds 
[1] "head(data)="
           Race.RaceId Race.IsPredictedRace Race.IsAnalyzeNormalPastAndFuture
1 20200106-06-01-02-04                FALSE                              TRUE
2 20211120-05-05-05-04                FALSE                              TRUE
3 20200215-08-02-05-06                FALSE                              TRUE
4 20220122-06-01-07-03                FALSE                              TRUE
5 20200320-09-01-07-05                FALSE                              TRUE
6 20181228-06-05-09-06                FALSE                              TRUE
  Race.IsAnalyzeNormalPast Race.IsAnalyzeNormalFuture
1                     TRUE                      FALSE
2                    FALSE                       TRUE
3                     TRUE                      FALSE
4                    FALSE                       TRUE
5                     TRUE                      FALSE
6                     TRUE                      FALSE
  Race.IsAnalyzeFullPastAndFuture Race.IsAnalyzeFullPast
1                            TRUE                   TRUE
2                            TRUE                  FALSE
3                            TRUE                   TRUE
4                            TRUE                  FALSE
5                            TRUE                   TRUE
6                            TRUE                   TRUE
  Race.IsAnalyzeFullFuture Race.JyokenCd Race.JyoType1Cd   Race.RaceType0Cd
1                    FALSE             6     2-06-1200-1 2-06-1200-1-6-X-12
2                     TRUE             6     2-05-1400-1 2-05-1400-1-6-X-11
3                    FALSE             6     2-08-1400-2 2-08-1400-2-6-X-12
4                     TRUE             6     2-06-1200-1 2-06-1200-1-6-X-12
5                    FALSE             6     2-09-1800-1 2-09-1800-1-6-X-12
6                    FALSE             6     2-06-1200-1 2-06-1200-1-6-X-11
  Race.RaceType1Cd Race.RaceType2Cd Race.RaceType3Cd Race.RaceType4Cd
1            2-6-X            2-6-X           6-X-12           2-6-12
2            2-6-X            2-6-X           6-X-11           2-6-11
3            2-6-X            2-6-X           6-X-12           2-6-12
4            2-6-X            2-6-X           6-X-12           2-6-12
5            2-6-X            2-6-X           6-X-12           2-6-12
6            2-6-X            2-6-X           6-X-11           2-6-11
      RaceHorse.RaceId RaceHorse.KettoNum RaceHorse.IsHit1 RaceHorse.IsHit2
1 20200106-06-01-02-04         2017104250                0                0
2 20211120-05-05-05-04         2019104659                0                0
3 20200215-08-02-05-06         2017103170                0                0
4 20220122-06-01-07-03         2019101459                0                0
5 20200320-09-01-07-05         2017101636                0                0
6 20181228-06-05-09-06         2016100343                0                0
  RaceHorse.IsHit3 RaceHorse.IsHit4 RaceHorse.IsHit5 RaceHorse.IsHit6
1                0                0                0                1
2                0                0                0                1
3                0                0                0                1
4                0                0                0                1
5                0                0                0                1
6                0                0                0                1
  RaceHorse.IsValidRaceHorse RaceHorse.IsHitA RaceHorse.IsHitB RaceHorse.IsHitC
1                       TRUE                0                0                0
2                       TRUE                0                0                0
3                       TRUE                0                0                0
4                       TRUE                0                0                0
5                      FALSE                0                0                0
6                       TRUE                0                0                0
  Jockey.KisyuCode Jockey.TimeDvByRaceAvg Jockey.TimeDvByRaceMax
1            01135                     45                     58
2            01150                     51                     66
3            01116                     52                     64
4            00726                     49                     69
5            01165                     50                     66
6            05243                     51                     69
  Jockey.RunCount Jockey.HitCount1 Jockey.HitCount2 Jockey.HitCount3
1              20                0                0                0
2              65                3                7                7
3              63                6                4                5
4              57                2                2                0
5              33                0                3                1
6              97                4                6                9
  Jockey.HitCount4 Jockey.HitCount5 Jockey.HitRate1 Jockey.HitRate2
1                0                2            0.00            0.00
2                4                8            0.05            0.11
3                2                4            0.10            0.06
4                0                4            0.04            0.04
5                0                2            0.00            0.09
6               10                9            0.04            0.06
  Jockey.HitRate3 Jockey.HitRate4 Jockey.HitRate5 EOF
1            0.00            0.00            0.10   1
2            0.11            0.06            0.12   1
3            0.08            0.03            0.06   1
4            0.00            0.00            0.07   1
5            0.03            0.00            0.06   1
6            0.09            0.10            0.09   1
[1] "object.size(data) auto=2.3 Mb"
[1] "nrow(data) RxSqlServerData=8360"
[1] "str(data)="
'data.frame':	8360 obs. of  42 variables:
 $ Race.RaceId                      : Factor w/ 585 levels "20181110-08-05-03-06",..: 11 12 13 14 15 16 17 18 19 20 ...
 $ Race.IsPredictedRace             : logi  FALSE FALSE FALSE FALSE FALSE FALSE ...
 $ Race.IsAnalyzeNormalPastAndFuture: logi  TRUE TRUE TRUE TRUE TRUE TRUE ...
 $ Race.IsAnalyzeNormalPast         : logi  TRUE FALSE TRUE FALSE TRUE TRUE ...
 $ Race.IsAnalyzeNormalFuture       : logi  FALSE TRUE FALSE TRUE FALSE FALSE ...
 $ Race.IsAnalyzeFullPastAndFuture  : logi  TRUE TRUE TRUE TRUE TRUE TRUE ...
 $ Race.IsAnalyzeFullPast           : logi  TRUE FALSE TRUE FALSE TRUE TRUE ...
 $ Race.IsAnalyzeFullFuture         : logi  FALSE TRUE FALSE TRUE FALSE FALSE ...
 $ Race.JyokenCd                    : Factor w/ 1 level "6": 1 1 1 1 1 1 1 1 1 1 ...
 $ Race.JyoType1Cd                  : Factor w/ 74 levels "2-08-1800-2",..: 5 8 10 5 11 5 12 13 11 14 ...
 $ Race.RaceType0Cd                 : Factor w/ 112 levels "2-08-1800-2-6-X-11",..: 11 8 12 11 13 5 14 15 16 17 ...
 $ Race.RaceType1Cd                 : Factor w/ 1 level "2-6-X": 1 1 1 1 1 1 1 1 1 1 ...
 $ Race.RaceType2Cd                 : Factor w/ 1 level "2-6-X": 1 1 1 1 1 1 1 1 1 1 ...
 $ Race.RaceType3Cd                 : Factor w/ 2 levels "6-X-11","6-X-12": 2 1 2 2 2 1 1 2 1 1 ...
 $ Race.RaceType4Cd                 : Factor w/ 2 levels "2-6-11","2-6-12": 2 1 2 2 2 1 1 2 1 1 ...
 $ RaceHorse.RaceId                 : Factor w/ 585 levels "20181110-08-05-03-06",..: 11 12 13 14 15 16 17 18 19 20 ...
 $ RaceHorse.KettoNum               : Factor w/ 8339 levels "2016110065","2015104594",..: 11 12 13 14 15 16 17 18 19 20 ...
 $ RaceHorse.IsHit1                 : int  0 0 0 0 0 0 0 0 0 0 ...
 $ RaceHorse.IsHit2                 : int  0 0 0 0 0 0 0 0 0 0 ...
 $ RaceHorse.IsHit3                 : int  0 0 0 0 0 0 0 0 0 0 ...
 $ RaceHorse.IsHit4                 : int  0 0 0 0 0 0 0 0 0 1 ...
 $ RaceHorse.IsHit5                 : int  0 0 0 0 0 0 0 0 0 0 ...
 $ RaceHorse.IsHit6                 : int  1 1 1 1 1 1 1 1 1 0 ...
 $ RaceHorse.IsValidRaceHorse       : logi  TRUE TRUE TRUE TRUE FALSE TRUE ...
 $ RaceHorse.IsHitA                 : int  0 0 0 0 0 0 0 0 0 0 ...
 $ RaceHorse.IsHitB                 : int  0 0 0 0 0 0 0 0 0 0 ...
 $ RaceHorse.IsHitC                 : int  0 0 0 0 0 0 0 0 0 0 ...
 $ Jockey.KisyuCode                 : Factor w/ 174 levels "00666","05386",..: 10 11 12 13 14 15 6 1 16 12 ...
 $ Jockey.TimeDvByRaceAvg           : num  45 51 51.9 48.8 49.8 ...
 $ Jockey.TimeDvByRaceMax           : num  58.2 66.2 64.5 69.3 65.8 ...
 $ Jockey.RunCount                  : int  20 65 63 57 33 97 77 81 129 56 ...
 $ Jockey.HitCount1                 : int  0 3 6 2 0 4 3 17 10 4 ...
 $ Jockey.HitCount2                 : int  0 7 4 2 3 6 5 6 11 1 ...
 $ Jockey.HitCount3                 : int  0 7 5 0 1 9 6 12 14 6 ...
 $ Jockey.HitCount4                 : int  0 4 2 0 0 10 6 4 7 4 ...
 $ Jockey.HitCount5                 : int  2 8 4 4 2 9 5 8 11 3 ...
 $ Jockey.HitRate1                  : num  0 0.0462 0.0952 0.0351 0 ...
 $ Jockey.HitRate2                  : num  0 0.1077 0.0635 0.0351 0.0909 ...
 $ Jockey.HitRate3                  : num  0 0.1077 0.0794 0 0.0303 ...
 $ Jockey.HitRate4                  : num  0 0.0615 0.0317 0 0 ...
 $ Jockey.HitRate5                  : num  0.1 0.1231 0.0635 0.0702 0.0606 ...
 $ EOF                              : int  1 1 1 1 1 1 1 1 1 1 ...
[1] "2022-02-08 09:55:52 --- RxSqlServerData Finish ---"
[1] "2022-02-08 09:55:52 --- subset Start ---"
[1] "nrow(data) subset before=8360"
[1] "nrow(data) subset after =6415"
[1] "nrow(data) subset diff =1945"
[1] "2022-02-08 09:55:52 --- subset Finish---"
[1] "2022-02-08 09:55:52 --- transform Start ---"
[1] "nrow(data) transform before=6415"
[1] "nrow(data) transform after=6415"
[1] "nrow(data) transform diff=0"
[1] "str(data)="
'data.frame':	6415 obs. of  42 variables:
 $ Race.RaceId                      : Factor w/ 585 levels "20181110-08-05-03-06",..: 11 13 16 17 18 22 23 25 27 9 ...
 $ Race.IsPredictedRace             : logi  FALSE FALSE FALSE FALSE FALSE FALSE ...
 $ Race.IsAnalyzeNormalPastAndFuture: logi  TRUE TRUE TRUE TRUE TRUE TRUE ...
 $ Race.IsAnalyzeNormalPast         : logi  TRUE TRUE TRUE TRUE TRUE TRUE ...
 $ Race.IsAnalyzeNormalFuture       : logi  FALSE FALSE FALSE FALSE FALSE FALSE ...
 $ Race.IsAnalyzeFullPastAndFuture  : logi  TRUE TRUE TRUE TRUE TRUE TRUE ...
 $ Race.IsAnalyzeFullPast           : logi  TRUE TRUE TRUE TRUE TRUE TRUE ...
 $ Race.IsAnalyzeFullFuture         : logi  FALSE FALSE FALSE FALSE FALSE FALSE ...
 $ Race.JyokenCd                    : Factor w/ 1 level "6": 1 1 1 1 1 1 1 1 1 1 ...
 $ Race.JyoType1Cd                  : Factor w/ 74 levels "2-08-1800-2",..: 5 10 5 12 13 16 1 5 2 9 ...
 $ Race.RaceType0Cd                 : Factor w/ 112 levels "2-08-1800-2-6-X-11",..: 11 12 5 14 15 19 1 5 10 9 ...
 $ Race.RaceType1Cd                 : Factor w/ 1 level "2-6-X": 1 1 1 1 1 1 1 1 1 1 ...
 $ Race.RaceType2Cd                 : Factor w/ 1 level "2-6-X": 1 1 1 1 1 1 1 1 1 1 ...
 $ Race.RaceType3Cd                 : Factor w/ 2 levels "6-X-11","6-X-12": 2 2 1 1 2 1 1 1 1 2 ...
 $ Race.RaceType4Cd                 : Factor w/ 2 levels "2-6-11","2-6-12": 2 2 1 1 2 1 1 1 1 2 ...
 $ RaceHorse.RaceId                 : Factor w/ 585 levels "20181110-08-05-03-06",..: 11 13 16 17 18 22 23 25 27 9 ...
 $ RaceHorse.KettoNum               : Factor w/ 8339 levels "2016110065","2015104594",..: 11 13 16 17 18 22 23 25 27 28 ...
 $ RaceHorse.IsHit1                 : int  0 0 0 0 0 0 0 0 0 0 ...
 $ RaceHorse.IsHit2                 : int  0 0 0 0 0 0 0 0 0 0 ...
 $ RaceHorse.IsHit3                 : int  0 0 0 0 0 0 0 0 0 0 ...
 $ RaceHorse.IsHit4                 : int  0 0 0 0 0 0 0 0 0 0 ...
 $ RaceHorse.IsHit5                 : int  0 0 0 0 0 0 0 0 0 0 ...
 $ RaceHorse.IsHit6                 : int  1 1 1 1 1 1 1 1 1 1 ...
 $ RaceHorse.IsValidRaceHorse       : logi  TRUE TRUE TRUE TRUE TRUE TRUE ...
 $ RaceHorse.IsHitA                 : int  0 0 0 0 0 0 0 0 0 0 ...
 $ RaceHorse.IsHitB                 : int  0 0 0 0 0 0 0 0 0 0 ...
 $ RaceHorse.IsHitC                 : int  0 0 0 0 0 0 0 0 0 0 ...
 $ Jockey.KisyuCode                 : Factor w/ 174 levels "00666","05386",..: 10 12 15 6 1 6 18 20 22 8 ...
 $ Jockey.TimeDvByRaceAvg           : num  45 51.9 50.5 49.8 54.1 ...
 $ Jockey.TimeDvByRaceMax           : num  58.2 64.5 69.4 66.8 69.7 ...
 $ Jockey.RunCount                  : int  20 63 97 77 81 77 12 73 50 57 ...
 $ Jockey.HitCount1                 : int  0 6 4 3 17 2 0 4 1 3 ...
 $ Jockey.HitCount2                 : int  0 4 6 5 6 2 0 7 2 4 ...
 $ Jockey.HitCount3                 : int  0 5 9 6 12 8 0 6 2 3 ...
 $ Jockey.HitCount4                 : int  0 2 10 6 4 8 0 6 3 3 ...
 $ Jockey.HitCount5                 : int  2 4 9 5 8 7 2 4 2 4 ...
 $ Jockey.HitRate1                  : num  0 0.0952 0.0412 0.039 0.2099 ...
 $ Jockey.HitRate2                  : num  0 0.0635 0.0619 0.0649 0.0741 ...
 $ Jockey.HitRate3                  : num  0 0.0794 0.0928 0.0779 0.1481 ...
 $ Jockey.HitRate4                  : num  0 0.0317 0.1031 0.0779 0.0494 ...
 $ Jockey.HitRate5                  : num  0.1 0.0635 0.0928 0.0649 0.0988 ...
 $ EOF                              : int  1 1 1 1 1 1 1 1 1 1 ...
NULL
[1] "2022-02-08 09:55:52 --- transform Finish ---"
[1] "2022-02-08 09:55:52 --- na.omit Start ---"
[1] "nrow(data) na.omit before=6415"
[1] "nrow(data) na.omit after =6415"
[1] "nrow(data) na.omit diff =0"
'data.frame':	6415 obs. of  42 variables:
 $ Race.RaceId                      : Factor w/ 585 levels "20181110-08-05-03-06",..: 11 13 16 17 18 22 23 25 27 9 ...
 $ Race.IsPredictedRace             : logi  FALSE FALSE FALSE FALSE FALSE FALSE ...
 $ Race.IsAnalyzeNormalPastAndFuture: logi  TRUE TRUE TRUE TRUE TRUE TRUE ...
 $ Race.IsAnalyzeNormalPast         : logi  TRUE TRUE TRUE TRUE TRUE TRUE ...
 $ Race.IsAnalyzeNormalFuture       : logi  FALSE FALSE FALSE FALSE FALSE FALSE ...
 $ Race.IsAnalyzeFullPastAndFuture  : logi  TRUE TRUE TRUE TRUE TRUE TRUE ...
 $ Race.IsAnalyzeFullPast           : logi  TRUE TRUE TRUE TRUE TRUE TRUE ...
 $ Race.IsAnalyzeFullFuture         : logi  FALSE FALSE FALSE FALSE FALSE FALSE ...
 $ Race.JyokenCd                    : Factor w/ 1 level "6": 1 1 1 1 1 1 1 1 1 1 ...
 $ Race.JyoType1Cd                  : Factor w/ 74 levels "2-08-1800-2",..: 5 10 5 12 13 16 1 5 2 9 ...
 $ Race.RaceType0Cd                 : Factor w/ 112 levels "2-08-1800-2-6-X-11",..: 11 12 5 14 15 19 1 5 10 9 ...
 $ Race.RaceType1Cd                 : Factor w/ 1 level "2-6-X": 1 1 1 1 1 1 1 1 1 1 ...
 $ Race.RaceType2Cd                 : Factor w/ 1 level "2-6-X": 1 1 1 1 1 1 1 1 1 1 ...
 $ Race.RaceType3Cd                 : Factor w/ 2 levels "6-X-11","6-X-12": 2 2 1 1 2 1 1 1 1 2 ...
 $ Race.RaceType4Cd                 : Factor w/ 2 levels "2-6-11","2-6-12": 2 2 1 1 2 1 1 1 1 2 ...
 $ RaceHorse.RaceId                 : Factor w/ 585 levels "20181110-08-05-03-06",..: 11 13 16 17 18 22 23 25 27 9 ...
 $ RaceHorse.KettoNum               : Factor w/ 8339 levels "2016110065","2015104594",..: 11 13 16 17 18 22 23 25 27 28 ...
 $ RaceHorse.IsHit1                 : int  0 0 0 0 0 0 0 0 0 0 ...
 $ RaceHorse.IsHit2                 : int  0 0 0 0 0 0 0 0 0 0 ...
 $ RaceHorse.IsHit3                 : int  0 0 0 0 0 0 0 0 0 0 ...
 $ RaceHorse.IsHit4                 : int  0 0 0 0 0 0 0 0 0 0 ...
 $ RaceHorse.IsHit5                 : int  0 0 0 0 0 0 0 0 0 0 ...
 $ RaceHorse.IsHit6                 : int  1 1 1 1 1 1 1 1 1 1 ...
 $ RaceHorse.IsValidRaceHorse       : logi  TRUE TRUE TRUE TRUE TRUE TRUE ...
 $ RaceHorse.IsHitA                 : int  0 0 0 0 0 0 0 0 0 0 ...
 $ RaceHorse.IsHitB                 : int  0 0 0 0 0 0 0 0 0 0 ...
 $ RaceHorse.IsHitC                 : int  0 0 0 0 0 0 0 0 0 0 ...
 $ Jockey.KisyuCode                 : Factor w/ 174 levels "00666","05386",..: 10 12 15 6 1 6 18 20 22 8 ...
 $ Jockey.TimeDvByRaceAvg           : num  45 51.9 50.5 49.8 54.1 ...
 $ Jockey.TimeDvByRaceMax           : num  58.2 64.5 69.4 66.8 69.7 ...
 $ Jockey.RunCount                  : int  20 63 97 77 81 77 12 73 50 57 ...
 $ Jockey.HitCount1                 : int  0 6 4 3 17 2 0 4 1 3 ...
 $ Jockey.HitCount2                 : int  0 4 6 5 6 2 0 7 2 4 ...
 $ Jockey.HitCount3                 : int  0 5 9 6 12 8 0 6 2 3 ...
 $ Jockey.HitCount4                 : int  0 2 10 6 4 8 0 6 3 3 ...
 $ Jockey.HitCount5                 : int  2 4 9 5 8 7 2 4 2 4 ...
 $ Jockey.HitRate1                  : num  0 0.0952 0.0412 0.039 0.2099 ...
 $ Jockey.HitRate2                  : num  0 0.0635 0.0619 0.0649 0.0741 ...
 $ Jockey.HitRate3                  : num  0 0.0794 0.0928 0.0779 0.1481 ...
 $ Jockey.HitRate4                  : num  0 0.0317 0.1031 0.0779 0.0494 ...
 $ Jockey.HitRate5                  : num  0.1 0.0635 0.0928 0.0649 0.0988 ...
 $ EOF                              : int  1 1 1 1 1 1 1 1 1 1 ...
[1] "2022-02-08 09:55:52 --- na.omit Finish ---"
[1] "2022-02-08 09:55:52 --- rxGlm with rxStepControl Start ---"
[1] "2022-02-08 09:55:52 --- source_logic_glm.R Start ---"
[1] "2022-02-08 09:55:52 --- source_logic_glm.R Finished ---"
Rows Read: 6415, Total Rows Processed: 6415, Total Chunk Time: 0.001 seconds 

Starting values (iteration 1) time: 0.009 secs.
Rows Read: 6415, Total Rows Processed: 6415, Total Chunk Time: Less than .001 seconds 

Iteration 2 time: 0.005 secs.
Rows Read: 6415, Total Rows Processed: 6415, Total Chunk Time: Less than .001 seconds 

Iteration 3 time: 0.003 secs.
Rows Read: 6415, Total Rows Processed: 6415, Total Chunk Time: Less than .001 seconds 

Iteration 4 time: 0.003 secs.
Rows Read: 6415, Total Rows Processed: 6415, Total Chunk Time: Less than .001 seconds 

Iteration 5 time: 0.003 secs.
Rows Read: 6415, Total Rows Processed: 6415, Total Chunk Time: Less than .001 seconds 

Iteration 6 time: 0.004 secs.

Elapsed computation time: 0.044 secs.
Rows Read: 6415, Total Rows Processed: 6415, Total Chunk Time: Less than .001 seconds 

Starting values (iteration 1) time: 0.008 secs.
Rows Read: 6415, Total Rows Processed: 6415, Total Chunk Time: 0.001 seconds 

Iteration 2 time: 0.004 secs.
Rows Read: 6415, Total Rows Processed: 6415, Total Chunk Time: Less than .001 seconds 

Iteration 3 time: 0.003 secs.
Rows Read: 6415, Total Rows Processed: 6415, Total Chunk Time: Less than .001 seconds 

Iteration 4 time: 0.003 secs.
Rows Read: 6415, Total Rows Processed: 6415, Total Chunk Time: 0.001 seconds 

Iteration 5 time: 0.003 secs.
Rows Read: 6415, Total Rows Processed: 6415, Total Chunk Time: Less than .001 seconds 

Iteration 6 time: 0.003 secs.

Elapsed computation time: 0.043 secs.
Rows Read: 6415, Total Rows Processed: 6415, Total Chunk Time: 0.001 seconds 

Starting values (iteration 1) time: 0.006 secs.
Rows Read: 6415, Total Rows Processed: 6415, Total Chunk Time: Less than .001 seconds 

Iteration 2 time: 0.005 secs.
Rows Read: 6415, Total Rows Processed: 6415, Total Chunk Time: 0.001 seconds 

Iteration 3 time: 0.004 secs.
Rows Read: 6415, Total Rows Processed: 6415, Total Chunk Time: Less than .001 seconds 

Iteration 4 time: 0.004 secs.
Rows Read: 6415, Total Rows Processed: 6415, Total Chunk Time: 0.001 seconds 

Iteration 5 time: 0.003 secs.
Rows Read: 6415, Total Rows Processed: 6415, Total Chunk Time: Less than .001 seconds 

Iteration 6 time: 0.004 secs.

Elapsed computation time: 0.043 secs.

Elapsed computation time: 0.142 secs.
[1] "analyze.results.glm.step="
Generalized Linear Model Results for: RaceHorse.IsHitA ~
    Jockey.TimeDvByRaceAvg
Data: data
Dependent variable(s): RaceHorse.IsHitA
Total independent variables: 2 
Number of valid observations: 6415
Number of missing observations: 0 
Family-link: binomial-logit 
 
 
Coefficients:
                       RaceHorse.IsHitA
(Intercept)                       -12.3
Jockey.TimeDvByRaceAvg              0.2
[1] "analyze.results.glm.step.summary"
Call:
rxGlm(formula = form, data = data, family = binomial(), variableSelection = analyze.results.glm.step.varsel)

Generalized Linear Model Results for: RaceHorse.IsHitA ~
    Jockey.TimeDvByRaceAvg
Data: data
Dependent variable(s): RaceHorse.IsHitA
Total independent variables: 2 
Number of valid observations: 6415
Number of missing observations: 0 
Family-link: binomial-logit 
 
Residual deviance: 3191.056 (on 6413 degrees of freedom)
 
Coefficients:
                       Estimate Std. Error z value Pr(>|z|)    
(Intercept)            -12.3283     0.8158   -15.1  2.2e-16 ***
Jockey.TimeDvByRaceAvg   0.1898     0.0156    12.2  2.2e-16 ***
---
Signif. codes:  0 '***' 0.001 '**' 0.01 '*' 0.05 '.' 0.1 ' ' 1

(Dispersion parameter for binomial family taken to be 1)

Condition number of final variance-covariance matrix: 1 
Number of iterations: 6
[1] "2022-02-08 09:55:53 --- rxGlm with rxStepControl Finish ---"
[1] "2022-02-08 09:55:53 --- rxStepPlot Start ---"
[1] "pdfFilename=pdf_analyze_glm_Jockey_Type26_rxStepPlot.pdf"
[1] "rxStepPlot="
[1] "2022-02-08 09:55:53 --- rxStepPlot Finish ---"
[1] "2022-02-08 09:55:53 --- save.image Start ---"
[1] "save.image"
[1] "rdataFilename=RData_analyze_glm_Jockey_Type26.RData"
[1] "2022-02-08 09:55:54 --- save.image Finish ---"
[1] "2022-02-08 09:55:54 --- final Start ---"
[1] "nrow(data) final=6415"
[1] "2022-02-08 09:55:54 --- final Finish ---"
[1] "2022-02-08 09:55:54 --- analyze_glm.R Finished ---"
[1] "2022-02-08 09:55:54 --- log Finish ---"
