[1] "2022-02-08 09:33:26 --- D1113_analyze_glm_Gen02_IsHitA_Type22 Start ---"
[1] "2022-02-08 09:33:26 --- Log Start ---"
[1] "2022-02-08 09:33:26 --- analyze_glm.R Start ---"
[1] "analyzeVersion=D1113"
[1] "analyzeCategory=analyze"
[1] "analyzeType=Gen02"
[1] "analyzeFamily=IsHitA"
[1] "analyzeFunc=glm"
[1] "analyzeTrackTypeCd=2"
[1] "analyzeJyokenCd=2"
[1] "2022-02-08 09:33:26 --- source_function.R Start ---"
[1] "2022-02-08 09:33:26 --- source_function.R Finished ---"

> print(paste0(Sys.time(), " --- source_library.R Start ---"))
[1] "2022-02-08 09:33:26 --- source_library.R Start ---"

> require("RevoScaleR")

> print(paste0(Sys.time(), " --- source_library.R Finished ---"))
[1] "2022-02-08 09:33:26 --- source_library.R Finished ---"
[1] "2022-02-08 09:33:26 --- RxSqlServerData Start ---"
[1] "sqlQuery=SELECT * FROM ViewAnalyzeD1113analyze01Gen02Type22"
Rows Read: 6347, Total Rows Processed: 6347, Total Chunk Time: 22.864 seconds 
[1] "head(data)="
           Race.RaceId Race.IsPredictedRace Race.IsAnalyzeNormalPastAndFuture
1 20200614-09-03-04-10                FALSE                              TRUE
2 20220116-07-01-06-10                FALSE                              TRUE
3 20200426-03-01-06-11                FALSE                              TRUE
4 20181223-06-05-08-10                FALSE                              TRUE
5 20180630-07-03-01-11                FALSE                              TRUE
6 20200126-10-01-04-11                FALSE                              TRUE
  Race.IsAnalyzeNormalPast Race.IsAnalyzeNormalFuture
1                     TRUE                      FALSE
2                    FALSE                       TRUE
3                     TRUE                      FALSE
4                     TRUE                      FALSE
5                     TRUE                      FALSE
6                     TRUE                      FALSE
  Race.IsAnalyzeFullPastAndFuture Race.IsAnalyzeFullPast
1                            TRUE                   TRUE
2                            TRUE                  FALSE
3                            TRUE                   TRUE
4                            TRUE                   TRUE
5                            TRUE                   TRUE
6                            TRUE                   TRUE
  Race.IsAnalyzeFullFuture Race.JyokenCd Race.JyoType1Cd   Race.RaceType0Cd
1                    FALSE             2     2-09-2000-3 2-09-2000-3-2-E-13
2                     TRUE             2     2-07-1400-1 2-07-1400-1-2-E-14
3                    FALSE             2     2-03-1150-1 2-03-1150-1-2-E-14
4                    FALSE             2     2-06-1200-2 2-06-1200-2-2-E-13
5                    FALSE             2     2-07-1800-1 2-07-1800-1-2-E-13
6                    FALSE             2     2-10-1700-4 2-10-1700-4-2-E-14
  Race.RaceType1Cd Race.RaceType2Cd Race.RaceType3Cd Race.RaceType4Cd
1            2-2-E            2-2-E           2-E-13           2-2-13
2            2-2-E            2-2-E           2-E-14           2-2-14
3            2-2-E            2-2-E           2-E-14           2-2-14
4            2-2-E            2-2-E           2-E-13           2-2-13
5            2-2-E            2-2-E           2-E-13           2-2-13
6            2-2-E            2-2-E           2-E-14           2-2-14
      RaceHorse.RaceId RaceHorse.KettoNum RaceHorse.IsHit1 RaceHorse.IsHit2
1 20200614-09-03-04-10         2014101287                0                0
2 20220116-07-01-06-10         2018105334                0                0
3 20200426-03-01-06-11         2015105415                0                0
4 20181223-06-05-08-10         2012104298                0                0
5 20180630-07-03-01-11         2012104346                0                0
6 20200126-10-01-04-11         2014105851                0                0
  RaceHorse.IsHit3 RaceHorse.IsHit4 RaceHorse.IsHit5 RaceHorse.IsHit6
1                0                0                0                1
2                1                0                0                0
3                0                0                0                1
4                0                0                0                1
5                1                0                0                0
6                0                0                0                1
  RaceHorse.IsValidRaceHorse RaceHorse.IsHitA RaceHorse.IsHitB RaceHorse.IsHitC
1                       TRUE                0                0                0
2                       TRUE                0                0                1
3                       TRUE                0                0                0
4                       TRUE                0                0                0
5                       TRUE                0                0                1
6                       TRUE                0                0                0
  Gen02.HansyokuNum Gen02.TimeDvByRaceAvg Gen02.TimeDvByRaceMax Gen02.RunCount
1          12248833                    41                    56              5
2          12258501                    61                    61              1
3          12257336                    37                    37              1
4          12251631                    47                    55              3
5          12257483                    51                    61             21
6          12245086                    44                    52              2
  Gen02.HitCount1 Gen02.HitCount2 Gen02.HitCount3 Gen02.HitCount4
1               0               0               0               0
2               0               0               1               0
3               0               0               0               0
4               0               0               0               0
5               0               0               1               2
6               0               0               0               0
  Gen02.HitCount5 Gen02.HitRate1 Gen02.HitRate2 Gen02.HitRate3 Gen02.HitRate4
1               0              0              0           0.00            0.0
2               0              0              0           1.00            0.0
3               0              0              0           0.00            0.0
4               0              0              0           0.00            0.0
5               2              0              0           0.05            0.1
6               0              0              0           0.00            0.0
  Gen02.HitRate5 EOF
1            0.0   1
2            0.0   1
3            0.0   1
4            0.0   1
5            0.1   1
6            0.0   1
[1] "object.size(data) auto=1.5 Mb"
[1] "nrow(data) RxSqlServerData=6347"
[1] "str(data)="
'data.frame':	6347 obs. of  42 variables:
 $ Race.RaceId                      : Factor w/ 510 levels "20171021-05-04-06-10",..: 11 12 13 14 15 16 17 18 19 20 ...
 $ Race.IsPredictedRace             : logi  FALSE FALSE FALSE FALSE FALSE FALSE ...
 $ Race.IsAnalyzeNormalPastAndFuture: logi  TRUE TRUE TRUE TRUE TRUE TRUE ...
 $ Race.IsAnalyzeNormalPast         : logi  TRUE FALSE TRUE TRUE TRUE TRUE ...
 $ Race.IsAnalyzeNormalFuture       : logi  FALSE TRUE FALSE FALSE FALSE FALSE ...
 $ Race.IsAnalyzeFullPastAndFuture  : logi  TRUE TRUE TRUE TRUE TRUE TRUE ...
 $ Race.IsAnalyzeFullPast           : logi  TRUE FALSE TRUE TRUE TRUE TRUE ...
 $ Race.IsAnalyzeFullFuture         : logi  FALSE TRUE FALSE FALSE FALSE FALSE ...
 $ Race.JyokenCd                    : Factor w/ 1 level "2": 1 1 1 1 1 1 1 1 1 1 ...
 $ Race.JyoType1Cd                  : Factor w/ 82 levels "2-05-1600-4",..: 9 10 11 12 13 14 15 16 17 18 ...
 $ Race.RaceType0Cd                 : Factor w/ 132 levels "2-05-1600-4-2-E-13",..: 10 11 12 13 14 15 16 17 18 19 ...
 $ Race.RaceType1Cd                 : Factor w/ 2 levels "2-2-E","2-2-X": 1 1 1 1 1 1 1 1 1 1 ...
 $ Race.RaceType2Cd                 : Factor w/ 2 levels "2-2-E","2-2-X": 1 1 1 1 1 1 1 1 1 1 ...
 $ Race.RaceType3Cd                 : Factor w/ 3 levels "2-E-13","2-E-14",..: 1 2 2 1 1 2 2 1 1 2 ...
 $ Race.RaceType4Cd                 : Factor w/ 2 levels "2-2-13","2-2-14": 1 2 2 1 1 2 2 1 1 2 ...
 $ RaceHorse.RaceId                 : Factor w/ 510 levels "20171021-05-04-06-10",..: 11 12 13 14 15 16 17 18 19 20 ...
 $ RaceHorse.KettoNum               : Factor w/ 1224 levels "2011106544","2018104059",..: 11 12 13 14 15 16 17 18 19 20 ...
 $ RaceHorse.IsHit1                 : int  0 0 0 0 0 0 0 0 0 0 ...
 $ RaceHorse.IsHit2                 : int  0 0 0 0 0 0 0 0 0 0 ...
 $ RaceHorse.IsHit3                 : int  0 1 0 0 1 0 0 0 0 0 ...
 $ RaceHorse.IsHit4                 : int  0 0 0 0 0 0 0 0 0 0 ...
 $ RaceHorse.IsHit5                 : int  0 0 0 0 0 0 0 0 0 0 ...
 $ RaceHorse.IsHit6                 : int  1 0 1 1 0 1 1 1 1 1 ...
 $ RaceHorse.IsValidRaceHorse       : logi  TRUE TRUE TRUE TRUE TRUE TRUE ...
 $ RaceHorse.IsHitA                 : int  0 0 0 0 0 0 0 0 0 0 ...
 $ RaceHorse.IsHitB                 : int  0 0 0 0 0 0 0 0 0 0 ...
 $ RaceHorse.IsHitC                 : int  0 1 0 0 1 0 0 0 0 0 ...
 $ Gen02.HansyokuNum                : Factor w/ 1080 levels "12252046","12263593",..: 11 12 13 14 15 16 17 18 19 20 ...
 $ Gen02.TimeDvByRaceAvg            : num  40.9 61.2 36.7 46.8 50.9 ...
 $ Gen02.TimeDvByRaceMax            : num  55.6 61.2 36.7 55 61 ...
 $ Gen02.RunCount                   : int  5 1 1 3 21 2 13 2 25 6 ...
 $ Gen02.HitCount1                  : int  0 0 0 0 0 0 0 0 1 1 ...
 $ Gen02.HitCount2                  : int  0 0 0 0 0 0 2 0 0 1 ...
 $ Gen02.HitCount3                  : int  0 1 0 0 1 0 0 0 0 0 ...
 $ Gen02.HitCount4                  : int  0 0 0 0 2 0 0 0 3 0 ...
 $ Gen02.HitCount5                  : int  0 0 0 0 2 0 0 0 3 2 ...
 $ Gen02.HitRate1                   : num  0 0 0 0 0 ...
 $ Gen02.HitRate2                   : num  0 0 0 0 0 ...
 $ Gen02.HitRate3                   : num  0 1 0 0 0.0476 ...
 $ Gen02.HitRate4                   : num  0 0 0 0 0.0952 ...
 $ Gen02.HitRate5                   : num  0 0 0 0 0.0952 ...
 $ EOF                              : int  1 1 1 1 1 1 1 1 1 1 ...
[1] "2022-02-08 09:34:16 --- RxSqlServerData Finish ---"
[1] "2022-02-08 09:34:16 --- subset Start ---"
[1] "nrow(data) subset before=6347"
[1] "nrow(data) subset after =4877"
[1] "nrow(data) subset diff =1470"
[1] "2022-02-08 09:34:16 --- subset Finish---"
[1] "2022-02-08 09:34:16 --- transform Start ---"
[1] "nrow(data) transform before=4877"
[1] "nrow(data) transform after=4877"
[1] "nrow(data) transform diff=0"
[1] "str(data)="
'data.frame':	4877 obs. of  42 variables:
 $ Race.RaceId                      : Factor w/ 510 levels "20171021-05-04-06-10",..: 11 13 14 15 16 17 18 19 20 21 ...
 $ Race.IsPredictedRace             : logi  FALSE FALSE FALSE FALSE FALSE FALSE ...
 $ Race.IsAnalyzeNormalPastAndFuture: logi  TRUE TRUE TRUE TRUE TRUE TRUE ...
 $ Race.IsAnalyzeNormalPast         : logi  TRUE TRUE TRUE TRUE TRUE TRUE ...
 $ Race.IsAnalyzeNormalFuture       : logi  FALSE FALSE FALSE FALSE FALSE FALSE ...
 $ Race.IsAnalyzeFullPastAndFuture  : logi  TRUE TRUE TRUE TRUE TRUE TRUE ...
 $ Race.IsAnalyzeFullPast           : logi  TRUE TRUE TRUE TRUE TRUE TRUE ...
 $ Race.IsAnalyzeFullFuture         : logi  FALSE FALSE FALSE FALSE FALSE FALSE ...
 $ Race.JyokenCd                    : Factor w/ 1 level "2": 1 1 1 1 1 1 1 1 1 1 ...
 $ Race.JyoType1Cd                  : Factor w/ 82 levels "2-05-1600-4",..: 9 11 12 13 14 15 16 17 18 19 ...
 $ Race.RaceType0Cd                 : Factor w/ 132 levels "2-05-1600-4-2-E-13",..: 10 12 13 14 15 16 17 18 19 20 ...
 $ Race.RaceType1Cd                 : Factor w/ 2 levels "2-2-E","2-2-X": 1 1 1 1 1 1 1 1 1 1 ...
 $ Race.RaceType2Cd                 : Factor w/ 2 levels "2-2-E","2-2-X": 1 1 1 1 1 1 1 1 1 1 ...
 $ Race.RaceType3Cd                 : Factor w/ 3 levels "2-E-13","2-E-14",..: 1 2 1 1 2 2 1 1 2 2 ...
 $ Race.RaceType4Cd                 : Factor w/ 2 levels "2-2-13","2-2-14": 1 2 1 1 2 2 1 1 2 2 ...
 $ RaceHorse.RaceId                 : Factor w/ 510 levels "20171021-05-04-06-10",..: 11 13 14 15 16 17 18 19 20 21 ...
 $ RaceHorse.KettoNum               : Factor w/ 1224 levels "2011106544","2018104059",..: 11 13 14 15 16 17 18 19 20 21 ...
 $ RaceHorse.IsHit1                 : int  0 0 0 0 0 0 0 0 0 0 ...
 $ RaceHorse.IsHit2                 : int  0 0 0 0 0 0 0 0 0 0 ...
 $ RaceHorse.IsHit3                 : int  0 0 0 1 0 0 0 0 0 0 ...
 $ RaceHorse.IsHit4                 : int  0 0 0 0 0 0 0 0 0 0 ...
 $ RaceHorse.IsHit5                 : int  0 0 0 0 0 0 0 0 0 0 ...
 $ RaceHorse.IsHit6                 : int  1 1 1 0 1 1 1 1 1 1 ...
 $ RaceHorse.IsValidRaceHorse       : logi  TRUE TRUE TRUE TRUE TRUE TRUE ...
 $ RaceHorse.IsHitA                 : int  0 0 0 0 0 0 0 0 0 0 ...
 $ RaceHorse.IsHitB                 : int  0 0 0 0 0 0 0 0 0 0 ...
 $ RaceHorse.IsHitC                 : int  0 0 0 1 0 0 0 0 0 0 ...
 $ Gen02.HansyokuNum                : Factor w/ 1080 levels "12252046","12263593",..: 11 13 14 15 16 17 18 19 20 21 ...
 $ Gen02.TimeDvByRaceAvg            : num  40.9 36.7 46.8 50.9 44 ...
 $ Gen02.TimeDvByRaceMax            : num  55.6 36.7 55 61 52 ...
 $ Gen02.RunCount                   : int  5 1 3 21 2 13 2 25 6 8 ...
 $ Gen02.HitCount1                  : int  0 0 0 0 0 0 0 1 1 0 ...
 $ Gen02.HitCount2                  : int  0 0 0 0 0 2 0 0 1 1 ...
 $ Gen02.HitCount3                  : int  0 0 0 1 0 0 0 0 0 3 ...
 $ Gen02.HitCount4                  : int  0 0 0 2 0 0 0 3 0 0 ...
 $ Gen02.HitCount5                  : int  0 0 0 2 0 0 0 3 2 1 ...
 $ Gen02.HitRate1                   : num  0 0 0 0 0 ...
 $ Gen02.HitRate2                   : num  0 0 0 0 0 ...
 $ Gen02.HitRate3                   : num  0 0 0 0.0476 0 ...
 $ Gen02.HitRate4                   : num  0 0 0 0.0952 0 ...
 $ Gen02.HitRate5                   : num  0 0 0 0.0952 0 ...
 $ EOF                              : int  1 1 1 1 1 1 1 1 1 1 ...
NULL
[1] "2022-02-08 09:34:16 --- transform Finish ---"
[1] "2022-02-08 09:34:16 --- na.omit Start ---"
[1] "nrow(data) na.omit before=4877"
[1] "nrow(data) na.omit after =4877"
[1] "nrow(data) na.omit diff =0"
'data.frame':	4877 obs. of  42 variables:
 $ Race.RaceId                      : Factor w/ 510 levels "20171021-05-04-06-10",..: 11 13 14 15 16 17 18 19 20 21 ...
 $ Race.IsPredictedRace             : logi  FALSE FALSE FALSE FALSE FALSE FALSE ...
 $ Race.IsAnalyzeNormalPastAndFuture: logi  TRUE TRUE TRUE TRUE TRUE TRUE ...
 $ Race.IsAnalyzeNormalPast         : logi  TRUE TRUE TRUE TRUE TRUE TRUE ...
 $ Race.IsAnalyzeNormalFuture       : logi  FALSE FALSE FALSE FALSE FALSE FALSE ...
 $ Race.IsAnalyzeFullPastAndFuture  : logi  TRUE TRUE TRUE TRUE TRUE TRUE ...
 $ Race.IsAnalyzeFullPast           : logi  TRUE TRUE TRUE TRUE TRUE TRUE ...
 $ Race.IsAnalyzeFullFuture         : logi  FALSE FALSE FALSE FALSE FALSE FALSE ...
 $ Race.JyokenCd                    : Factor w/ 1 level "2": 1 1 1 1 1 1 1 1 1 1 ...
 $ Race.JyoType1Cd                  : Factor w/ 82 levels "2-05-1600-4",..: 9 11 12 13 14 15 16 17 18 19 ...
 $ Race.RaceType0Cd                 : Factor w/ 132 levels "2-05-1600-4-2-E-13",..: 10 12 13 14 15 16 17 18 19 20 ...
 $ Race.RaceType1Cd                 : Factor w/ 2 levels "2-2-E","2-2-X": 1 1 1 1 1 1 1 1 1 1 ...
 $ Race.RaceType2Cd                 : Factor w/ 2 levels "2-2-E","2-2-X": 1 1 1 1 1 1 1 1 1 1 ...
 $ Race.RaceType3Cd                 : Factor w/ 3 levels "2-E-13","2-E-14",..: 1 2 1 1 2 2 1 1 2 2 ...
 $ Race.RaceType4Cd                 : Factor w/ 2 levels "2-2-13","2-2-14": 1 2 1 1 2 2 1 1 2 2 ...
 $ RaceHorse.RaceId                 : Factor w/ 510 levels "20171021-05-04-06-10",..: 11 13 14 15 16 17 18 19 20 21 ...
 $ RaceHorse.KettoNum               : Factor w/ 1224 levels "2011106544","2018104059",..: 11 13 14 15 16 17 18 19 20 21 ...
 $ RaceHorse.IsHit1                 : int  0 0 0 0 0 0 0 0 0 0 ...
 $ RaceHorse.IsHit2                 : int  0 0 0 0 0 0 0 0 0 0 ...
 $ RaceHorse.IsHit3                 : int  0 0 0 1 0 0 0 0 0 0 ...
 $ RaceHorse.IsHit4                 : int  0 0 0 0 0 0 0 0 0 0 ...
 $ RaceHorse.IsHit5                 : int  0 0 0 0 0 0 0 0 0 0 ...
 $ RaceHorse.IsHit6                 : int  1 1 1 0 1 1 1 1 1 1 ...
 $ RaceHorse.IsValidRaceHorse       : logi  TRUE TRUE TRUE TRUE TRUE TRUE ...
 $ RaceHorse.IsHitA                 : int  0 0 0 0 0 0 0 0 0 0 ...
 $ RaceHorse.IsHitB                 : int  0 0 0 0 0 0 0 0 0 0 ...
 $ RaceHorse.IsHitC                 : int  0 0 0 1 0 0 0 0 0 0 ...
 $ Gen02.HansyokuNum                : Factor w/ 1080 levels "12252046","12263593",..: 11 13 14 15 16 17 18 19 20 21 ...
 $ Gen02.TimeDvByRaceAvg            : num  40.9 36.7 46.8 50.9 44 ...
 $ Gen02.TimeDvByRaceMax            : num  55.6 36.7 55 61 52 ...
 $ Gen02.RunCount                   : int  5 1 3 21 2 13 2 25 6 8 ...
 $ Gen02.HitCount1                  : int  0 0 0 0 0 0 0 1 1 0 ...
 $ Gen02.HitCount2                  : int  0 0 0 0 0 2 0 0 1 1 ...
 $ Gen02.HitCount3                  : int  0 0 0 1 0 0 0 0 0 3 ...
 $ Gen02.HitCount4                  : int  0 0 0 2 0 0 0 3 0 0 ...
 $ Gen02.HitCount5                  : int  0 0 0 2 0 0 0 3 2 1 ...
 $ Gen02.HitRate1                   : num  0 0 0 0 0 ...
 $ Gen02.HitRate2                   : num  0 0 0 0 0 ...
 $ Gen02.HitRate3                   : num  0 0 0 0.0476 0 ...
 $ Gen02.HitRate4                   : num  0 0 0 0.0952 0 ...
 $ Gen02.HitRate5                   : num  0 0 0 0.0952 0 ...
 $ EOF                              : int  1 1 1 1 1 1 1 1 1 1 ...
[1] "2022-02-08 09:34:17 --- na.omit Finish ---"
[1] "2022-02-08 09:34:17 --- rxGlm with rxStepControl Start ---"
[1] "2022-02-08 09:34:17 --- source_logic_glm.R Start ---"
[1] "2022-02-08 09:34:17 --- source_logic_glm.R Finished ---"
Rows Read: 4877, Total Rows Processed: 4877, Total Chunk Time: 0.002 seconds 

Starting values (iteration 1) time: 0.009 secs.
Rows Read: 4877, Total Rows Processed: 4877, Total Chunk Time: 0.001 seconds 

Iteration 2 time: 0.004 secs.
Rows Read: 4877, Total Rows Processed: 4877, Total Chunk Time: 0.001 seconds 

Iteration 3 time: 0.004 secs.
Rows Read: 4877, Total Rows Processed: 4877, Total Chunk Time: 0.001 seconds 

Iteration 4 time: 0.003 secs.
Rows Read: 4877, Total Rows Processed: 4877, Total Chunk Time: 0.001 seconds 

Iteration 5 time: 0.005 secs.
Rows Read: 4877, Total Rows Processed: 4877, Total Chunk Time: Less than .001 seconds 

Iteration 6 time: 0.004 secs.

Elapsed computation time: 0.048 secs.
Rows Read: 4877, Total Rows Processed: 4877, Total Chunk Time: 0.001 seconds 

Starting values (iteration 1) time: 0.006 secs.
Rows Read: 4877, Total Rows Processed: 4877, Total Chunk Time: Less than .001 seconds 

Iteration 2 time: 0.003 secs.
Rows Read: 4877, Total Rows Processed: 4877, Total Chunk Time: Less than .001 seconds 

Iteration 3 time: 0.004 secs.
Rows Read: 4877, Total Rows Processed: 4877, Total Chunk Time: Less than .001 seconds 

Iteration 4 time: 0.003 secs.
Rows Read: 4877, Total Rows Processed: 4877, Total Chunk Time: Less than .001 seconds 

Iteration 5 time: 0.005 secs.
Rows Read: 4877, Total Rows Processed: 4877, Total Chunk Time: Less than .001 seconds 

Iteration 6 time: 0.004 secs.

Elapsed computation time: 0.053 secs.
Rows Read: 4877, Total Rows Processed: 4877, Total Chunk Time: 0.001 seconds 

Starting values (iteration 1) time: 0.007 secs.
Rows Read: 4877, Total Rows Processed: 4877, Total Chunk Time: 0.002 seconds 

Iteration 2 time: 0.006 secs.
Rows Read: 4877, Total Rows Processed: 4877, Total Chunk Time: 0.002 seconds 

Iteration 3 time: 0.005 secs.
Rows Read: 4877, Total Rows Processed: 4877, Total Chunk Time: 0.002 seconds 

Iteration 4 time: 0.005 secs.
Rows Read: 4877, Total Rows Processed: 4877, Total Chunk Time: 0.001 seconds 

Iteration 5 time: 0.004 secs.
Rows Read: 4877, Total Rows Processed: 4877, Total Chunk Time: 0.002 seconds 

Iteration 6 time: 0.006 secs.

Elapsed computation time: 0.058 secs.

Elapsed computation time: 0.173 secs.
[1] "analyze.results.glm.step="
Generalized Linear Model Results for: RaceHorse.IsHitA ~
    Gen02.TimeDvByRaceMax
Data: data
Dependent variable(s): RaceHorse.IsHitA
Total independent variables: 2 
Number of valid observations: 4877
Number of missing observations: 0 
Family-link: binomial-logit 
 
 
Coefficients:
                      RaceHorse.IsHitA
(Intercept)                      -5.77
Gen02.TimeDvByRaceMax             0.05
[1] "analyze.results.glm.step.summary"
Call:
rxGlm(formula = form, data = data, family = binomial(), variableSelection = analyze.results.glm.step.varsel)

Generalized Linear Model Results for: RaceHorse.IsHitA ~
    Gen02.TimeDvByRaceMax
Data: data
Dependent variable(s): RaceHorse.IsHitA
Total independent variables: 2 
Number of valid observations: 4877
Number of missing observations: 0 
Family-link: binomial-logit 
 
Residual deviance: 2280.264 (on 4875 degrees of freedom)
 
Coefficients:
                      Estimate Std. Error z value Pr(>|z|)    
(Intercept)            -5.7731     0.6308   -9.15  2.2e-16 ***
Gen02.TimeDvByRaceMax   0.0518     0.0104    4.98  6.4e-07 ***
---
Signif. codes:  0 '***' 0.001 '**' 0.01 '*' 0.05 '.' 0.1 ' ' 1

(Dispersion parameter for binomial family taken to be 1)

Condition number of final variance-covariance matrix: 1 
Number of iterations: 6
[1] "2022-02-08 09:34:17 --- rxGlm with rxStepControl Finish ---"
[1] "2022-02-08 09:34:17 --- rxStepPlot Start ---"
[1] "pdfFilename=pdf_analyze_glm_Gen02_Type22_rxStepPlot.pdf"
[1] "rxStepPlot="
[1] "2022-02-08 09:34:17 --- rxStepPlot Finish ---"
[1] "2022-02-08 09:34:17 --- save.image Start ---"
[1] "save.image"
[1] "rdataFilename=RData_analyze_glm_Gen02_Type22.RData"
[1] "2022-02-08 09:34:19 --- save.image Finish ---"
[1] "2022-02-08 09:34:19 --- final Start ---"
[1] "nrow(data) final=4877"
[1] "2022-02-08 09:34:19 --- final Finish ---"
[1] "2022-02-08 09:34:19 --- analyze_glm.R Finished ---"
[1] "2022-02-08 09:34:19 --- log Finish ---"
