[1] "2022-02-08 09:32:54 --- D1113_analyze_glm_Gen01_IsHitA_Type25 Start ---"
[1] "2022-02-08 09:32:54 --- Log Start ---"
[1] "2022-02-08 09:32:54 --- analyze_glm.R Start ---"
[1] "analyzeVersion=D1113"
[1] "analyzeCategory=analyze"
[1] "analyzeType=Gen01"
[1] "analyzeFamily=IsHitA"
[1] "analyzeFunc=glm"
[1] "analyzeTrackTypeCd=2"
[1] "analyzeJyokenCd=5"
[1] "2022-02-08 09:32:54 --- source_function.R Start ---"
[1] "2022-02-08 09:32:54 --- source_function.R Finished ---"

> print(paste0(Sys.time(), " --- source_library.R Start ---"))
[1] "2022-02-08 09:32:54 --- source_library.R Start ---"

> require("RevoScaleR")

> print(paste0(Sys.time(), " --- source_library.R Finished ---"))
[1] "2022-02-08 09:32:55 --- source_library.R Finished ---"
[1] "2022-02-08 09:32:55 --- RxSqlServerData Start ---"
[1] "sqlQuery=SELECT * FROM ViewAnalyzeD1113analyze01Gen01Type25"
Rows Read: 58876, Total Rows Processed: 58876, Total Chunk Time: 2077.556 seconds 
[1] "head(data)="
           Race.RaceId Race.IsPredictedRace Race.IsAnalyzeNormalPastAndFuture
1 20180127-08-02-01-02                FALSE                              TRUE
2 20170422-08-03-01-03                FALSE                              TRUE
3 20180707-07-03-03-02                FALSE                              TRUE
4 20160327-07-02-06-02                FALSE                              TRUE
5 20180428-05-02-03-01                FALSE                              TRUE
6 20190317-09-01-08-01                FALSE                              TRUE
  Race.IsAnalyzeNormalPast Race.IsAnalyzeNormalFuture
1                     TRUE                      FALSE
2                     TRUE                      FALSE
3                     TRUE                      FALSE
4                     TRUE                      FALSE
5                     TRUE                      FALSE
6                     TRUE                      FALSE
  Race.IsAnalyzeFullPastAndFuture Race.IsAnalyzeFullPast
1                            TRUE                   TRUE
2                            TRUE                   TRUE
3                            TRUE                   TRUE
4                            TRUE                   TRUE
5                            TRUE                   TRUE
6                            TRUE                   TRUE
  Race.IsAnalyzeFullFuture Race.JyokenCd Race.JyoType1Cd   Race.RaceType0Cd
1                    FALSE             5     2-08-1800-2 2-08-1800-2-5-X-12
2                    FALSE             5     2-08-1900-2 2-08-1900-2-5-X-12
3                    FALSE             5     2-07-1800-4 2-07-1800-4-5-X-12
4                    FALSE             5     2-07-1800-1 2-07-1800-1-5-X-12
5                    FALSE             5     2-05-1600-2 2-05-1600-2-5-X-12
6                    FALSE             5     2-09-1400-2 2-09-1400-2-5-X-12
  Race.RaceType1Cd Race.RaceType2Cd Race.RaceType3Cd Race.RaceType4Cd
1            2-5-X            2-5-X           5-X-12           2-5-12
2            2-5-X            2-5-X           5-X-12           2-5-12
3            2-5-X            2-5-X           5-X-12           2-5-12
4            2-5-X            2-5-X           5-X-12           2-5-12
5            2-5-X            2-5-X           5-X-12           2-5-12
6            2-5-X            2-5-X           5-X-12           2-5-12
      RaceHorse.RaceId RaceHorse.KettoNum RaceHorse.IsHit1 RaceHorse.IsHit2
1 20180127-08-02-01-02         2015104484                0                1
2 20170422-08-03-01-03         2014103979                0                0
3 20180707-07-03-03-02         2015103960                0                0
4 20160327-07-02-06-02         2013101718                0                0
5 20180428-05-02-03-01         2015105864                0                0
6 20190317-09-01-08-01         2016104895                0                1
  RaceHorse.IsHit3 RaceHorse.IsHit4 RaceHorse.IsHit5 RaceHorse.IsHit6
1                0                0                0                0
2                0                0                0                1
3                1                0                0                0
4                0                0                0                1
5                0                0                0                1
6                0                0                0                0
  RaceHorse.IsValidRaceHorse RaceHorse.IsHitA RaceHorse.IsHitB RaceHorse.IsHitC
1                       TRUE                0                1                1
2                       TRUE                0                0                0
3                       TRUE                0                0                1
4                       TRUE                0                0                0
5                       TRUE                0                0                0
6                       TRUE                0                1                1
  Gen01.HansyokuNum Gen01.TimeDvByRaceAvg Gen01.TimeDvByRaceMax Gen01.RunCount
1          11202307                    55                    70             98
2          11202221                    51                    72            893
3          11202300                    48                    62              4
4          11202221                    51                    70            527
5          11202202                    50                    68            220
6          11202265                    52                    68            356
  Gen01.HitCount1 Gen01.HitCount2 Gen01.HitCount3 Gen01.HitCount4
1              14              14              10               9
2              64              66              73              65
3               0               0               1               0
4              37              31              44              46
5              20              13              16              20
6              26              26              31              28
  Gen01.HitCount5 Gen01.HitRate1 Gen01.HitRate2 Gen01.HitRate3 Gen01.HitRate4
1              13           0.14           0.14           0.10           0.09
2              75           0.07           0.07           0.08           0.07
3               0           0.00           0.00           0.25           0.00
4              47           0.07           0.06           0.08           0.09
5              10           0.09           0.06           0.07           0.09
6              34           0.07           0.07           0.09           0.08
  Gen01.HitRate5 EOF
1           0.13   1
2           0.08   1
3           0.00   1
4           0.09   1
5           0.05   1
6           0.10   1
[1] "object.size(data) auto=13.2 Mb"
[1] "nrow(data) RxSqlServerData=58876"
[1] "str(data)="
'data.frame':	58876 obs. of  42 variables:
 $ Race.RaceId                      : Factor w/ 4026 levels "20220109-06-01-03-01",..: 11 12 13 14 15 16 17 18 19 20 ...
 $ Race.IsPredictedRace             : logi  FALSE FALSE FALSE FALSE FALSE FALSE ...
 $ Race.IsAnalyzeNormalPastAndFuture: logi  TRUE TRUE TRUE TRUE TRUE TRUE ...
 $ Race.IsAnalyzeNormalPast         : logi  TRUE TRUE TRUE TRUE TRUE TRUE ...
 $ Race.IsAnalyzeNormalFuture       : logi  FALSE FALSE FALSE FALSE FALSE FALSE ...
 $ Race.IsAnalyzeFullPastAndFuture  : logi  TRUE TRUE TRUE TRUE TRUE TRUE ...
 $ Race.IsAnalyzeFullPast           : logi  TRUE TRUE TRUE TRUE TRUE TRUE ...
 $ Race.IsAnalyzeFullFuture         : logi  FALSE FALSE FALSE FALSE FALSE FALSE ...
 $ Race.JyokenCd                    : Factor w/ 1 level "5": 1 1 1 1 1 1 1 1 1 1 ...
 $ Race.JyoType1Cd                  : Factor w/ 118 levels "2-06-1200-1",..: 9 10 11 12 13 14 15 16 17 18 ...
 $ Race.RaceType0Cd                 : Factor w/ 205 levels "2-06-1200-1-5-X-12",..: 9 10 11 12 13 14 15 16 17 18 ...
 $ Race.RaceType1Cd                 : Factor w/ 1 level "2-5-X": 1 1 1 1 1 1 1 1 1 1 ...
 $ Race.RaceType2Cd                 : Factor w/ 1 level "2-5-X": 1 1 1 1 1 1 1 1 1 1 ...
 $ Race.RaceType3Cd                 : Factor w/ 2 levels "5-X-12","5-X-11": 1 1 1 1 1 1 2 1 1 1 ...
 $ Race.RaceType4Cd                 : Factor w/ 2 levels "2-5-12","2-5-11": 1 1 1 1 1 1 2 1 1 1 ...
 $ RaceHorse.RaceId                 : Factor w/ 4026 levels "20220109-06-01-03-01",..: 11 12 13 14 15 16 17 18 19 20 ...
 $ RaceHorse.KettoNum               : Factor w/ 20404 levels "2019102326","2018104307",..: 11 12 13 14 15 16 17 18 19 20 ...
 $ RaceHorse.IsHit1                 : int  0 0 0 0 0 0 0 0 0 0 ...
 $ RaceHorse.IsHit2                 : int  1 0 0 0 0 1 0 0 0 0 ...
 $ RaceHorse.IsHit3                 : int  0 0 1 0 0 0 0 0 0 0 ...
 $ RaceHorse.IsHit4                 : int  0 0 0 0 0 0 0 0 0 1 ...
 $ RaceHorse.IsHit5                 : int  0 0 0 0 0 0 0 0 0 0 ...
 $ RaceHorse.IsHit6                 : int  0 1 0 1 1 0 1 1 1 0 ...
 $ RaceHorse.IsValidRaceHorse       : logi  TRUE TRUE TRUE TRUE TRUE TRUE ...
 $ RaceHorse.IsHitA                 : int  0 0 0 0 0 0 0 0 0 0 ...
 $ RaceHorse.IsHitB                 : int  1 0 0 0 0 1 0 0 0 0 ...
 $ RaceHorse.IsHitC                 : int  1 0 1 0 0 1 0 0 0 0 ...
 $ Gen01.HansyokuNum                : Factor w/ 535 levels "11202431","11202390",..: 11 6 12 6 13 14 15 16 17 18 ...
 $ Gen01.TimeDvByRaceAvg            : num  54.9 51.4 48.1 51 50.4 ...
 $ Gen01.TimeDvByRaceMax            : num  70.3 72.3 62 70.2 67.7 ...
 $ Gen01.RunCount                   : int  98 893 4 527 220 356 108 1153 543 769 ...
 $ Gen01.HitCount1                  : int  14 64 0 37 20 26 13 80 52 74 ...
 $ Gen01.HitCount2                  : int  14 66 0 31 13 26 9 76 50 69 ...
 $ Gen01.HitCount3                  : int  10 73 1 44 16 31 7 76 47 73 ...
 $ Gen01.HitCount4                  : int  9 65 0 46 20 28 7 91 48 60 ...
 $ Gen01.HitCount5                  : int  13 75 0 47 10 34 8 92 39 56 ...
 $ Gen01.HitRate1                   : num  0.1429 0.0717 0 0.0702 0.0909 ...
 $ Gen01.HitRate2                   : num  0.1429 0.0739 0 0.0588 0.0591 ...
 $ Gen01.HitRate3                   : num  0.102 0.0817 0.25 0.0835 0.0727 ...
 $ Gen01.HitRate4                   : num  0.0918 0.0728 0 0.0873 0.0909 ...
 $ Gen01.HitRate5                   : num  0.1327 0.084 0 0.0892 0.0455 ...
 $ EOF                              : int  1 1 1 1 1 1 1 1 1 1 ...
[1] "2022-02-08 10:46:06 --- RxSqlServerData Finish ---"
[1] "2022-02-08 10:46:06 --- subset Start ---"
[1] "nrow(data) subset before=58876"
[1] "nrow(data) subset after =46626"
[1] "nrow(data) subset diff =12250"
[1] "2022-02-08 10:46:06 --- subset Finish---"
[1] "2022-02-08 10:46:06 --- transform Start ---"
[1] "nrow(data) transform before=46626"
[1] "nrow(data) transform after=46626"
[1] "nrow(data) transform diff=0"
[1] "str(data)="
'data.frame':	46626 obs. of  42 variables:
 $ Race.RaceId                      : Factor w/ 4026 levels "20220109-06-01-03-01",..: 11 12 13 14 15 16 18 21 23 24 ...
 $ Race.IsPredictedRace             : logi  FALSE FALSE FALSE FALSE FALSE FALSE ...
 $ Race.IsAnalyzeNormalPastAndFuture: logi  TRUE TRUE TRUE TRUE TRUE TRUE ...
 $ Race.IsAnalyzeNormalPast         : logi  TRUE TRUE TRUE TRUE TRUE TRUE ...
 $ Race.IsAnalyzeNormalFuture       : logi  FALSE FALSE FALSE FALSE FALSE FALSE ...
 $ Race.IsAnalyzeFullPastAndFuture  : logi  TRUE TRUE TRUE TRUE TRUE TRUE ...
 $ Race.IsAnalyzeFullPast           : logi  TRUE TRUE TRUE TRUE TRUE TRUE ...
 $ Race.IsAnalyzeFullFuture         : logi  FALSE FALSE FALSE FALSE FALSE FALSE ...
 $ Race.JyokenCd                    : Factor w/ 1 level "5": 1 1 1 1 1 1 1 1 1 1 ...
 $ Race.JyoType1Cd                  : Factor w/ 118 levels "2-06-1200-1",..: 9 10 11 12 13 14 16 19 21 22 ...
 $ Race.RaceType0Cd                 : Factor w/ 205 levels "2-06-1200-1-5-X-12",..: 9 10 11 12 13 14 16 19 21 22 ...
 $ Race.RaceType1Cd                 : Factor w/ 1 level "2-5-X": 1 1 1 1 1 1 1 1 1 1 ...
 $ Race.RaceType2Cd                 : Factor w/ 1 level "2-5-X": 1 1 1 1 1 1 1 1 1 1 ...
 $ Race.RaceType3Cd                 : Factor w/ 2 levels "5-X-12","5-X-11": 1 1 1 1 1 1 1 1 1 1 ...
 $ Race.RaceType4Cd                 : Factor w/ 2 levels "2-5-12","2-5-11": 1 1 1 1 1 1 1 1 1 1 ...
 $ RaceHorse.RaceId                 : Factor w/ 4026 levels "20220109-06-01-03-01",..: 11 12 13 14 15 16 18 21 23 24 ...
 $ RaceHorse.KettoNum               : Factor w/ 20404 levels "2019102326","2018104307",..: 11 12 13 14 15 16 18 21 23 24 ...
 $ RaceHorse.IsHit1                 : int  0 0 0 0 0 0 0 0 0 0 ...
 $ RaceHorse.IsHit2                 : int  1 0 0 0 0 1 0 0 0 0 ...
 $ RaceHorse.IsHit3                 : int  0 0 1 0 0 0 0 0 0 0 ...
 $ RaceHorse.IsHit4                 : int  0 0 0 0 0 0 0 0 0 0 ...
 $ RaceHorse.IsHit5                 : int  0 0 0 0 0 0 0 0 0 0 ...
 $ RaceHorse.IsHit6                 : int  0 1 0 1 1 0 1 1 1 1 ...
 $ RaceHorse.IsValidRaceHorse       : logi  TRUE TRUE TRUE TRUE TRUE TRUE ...
 $ RaceHorse.IsHitA                 : int  0 0 0 0 0 0 0 0 0 0 ...
 $ RaceHorse.IsHitB                 : int  1 0 0 0 0 1 0 0 0 0 ...
 $ RaceHorse.IsHitC                 : int  1 0 1 0 0 1 0 0 0 0 ...
 $ Gen01.HansyokuNum                : Factor w/ 535 levels "11202431","11202390",..: 11 6 12 6 13 14 16 19 10 21 ...
 $ Gen01.TimeDvByRaceAvg            : num  54.9 51.4 48.1 51 50.4 ...
 $ Gen01.TimeDvByRaceMax            : num  70.3 72.3 62 70.2 67.7 ...
 $ Gen01.RunCount                   : int  98 893 4 527 220 356 1153 297 358 48 ...
 $ Gen01.HitCount1                  : int  14 64 0 37 20 26 80 15 41 2 ...
 $ Gen01.HitCount2                  : int  14 66 0 31 13 26 76 17 44 2 ...
 $ Gen01.HitCount3                  : int  10 73 1 44 16 31 76 17 31 2 ...
 $ Gen01.HitCount4                  : int  9 65 0 46 20 28 91 23 21 4 ...
 $ Gen01.HitCount5                  : int  13 75 0 47 10 34 92 25 30 7 ...
 $ Gen01.HitRate1                   : num  0.1429 0.0717 0 0.0702 0.0909 ...
 $ Gen01.HitRate2                   : num  0.1429 0.0739 0 0.0588 0.0591 ...
 $ Gen01.HitRate3                   : num  0.102 0.0817 0.25 0.0835 0.0727 ...
 $ Gen01.HitRate4                   : num  0.0918 0.0728 0 0.0873 0.0909 ...
 $ Gen01.HitRate5                   : num  0.1327 0.084 0 0.0892 0.0455 ...
 $ EOF                              : int  1 1 1 1 1 1 1 1 1 1 ...
NULL
[1] "2022-02-08 10:46:06 --- transform Finish ---"
[1] "2022-02-08 10:46:06 --- na.omit Start ---"
[1] "nrow(data) na.omit before=46626"
[1] "nrow(data) na.omit after =46626"
[1] "nrow(data) na.omit diff =0"
'data.frame':	46626 obs. of  42 variables:
 $ Race.RaceId                      : Factor w/ 4026 levels "20220109-06-01-03-01",..: 11 12 13 14 15 16 18 21 23 24 ...
 $ Race.IsPredictedRace             : logi  FALSE FALSE FALSE FALSE FALSE FALSE ...
 $ Race.IsAnalyzeNormalPastAndFuture: logi  TRUE TRUE TRUE TRUE TRUE TRUE ...
 $ Race.IsAnalyzeNormalPast         : logi  TRUE TRUE TRUE TRUE TRUE TRUE ...
 $ Race.IsAnalyzeNormalFuture       : logi  FALSE FALSE FALSE FALSE FALSE FALSE ...
 $ Race.IsAnalyzeFullPastAndFuture  : logi  TRUE TRUE TRUE TRUE TRUE TRUE ...
 $ Race.IsAnalyzeFullPast           : logi  TRUE TRUE TRUE TRUE TRUE TRUE ...
 $ Race.IsAnalyzeFullFuture         : logi  FALSE FALSE FALSE FALSE FALSE FALSE ...
 $ Race.JyokenCd                    : Factor w/ 1 level "5": 1 1 1 1 1 1 1 1 1 1 ...
 $ Race.JyoType1Cd                  : Factor w/ 118 levels "2-06-1200-1",..: 9 10 11 12 13 14 16 19 21 22 ...
 $ Race.RaceType0Cd                 : Factor w/ 205 levels "2-06-1200-1-5-X-12",..: 9 10 11 12 13 14 16 19 21 22 ...
 $ Race.RaceType1Cd                 : Factor w/ 1 level "2-5-X": 1 1 1 1 1 1 1 1 1 1 ...
 $ Race.RaceType2Cd                 : Factor w/ 1 level "2-5-X": 1 1 1 1 1 1 1 1 1 1 ...
 $ Race.RaceType3Cd                 : Factor w/ 2 levels "5-X-12","5-X-11": 1 1 1 1 1 1 1 1 1 1 ...
 $ Race.RaceType4Cd                 : Factor w/ 2 levels "2-5-12","2-5-11": 1 1 1 1 1 1 1 1 1 1 ...
 $ RaceHorse.RaceId                 : Factor w/ 4026 levels "20220109-06-01-03-01",..: 11 12 13 14 15 16 18 21 23 24 ...
 $ RaceHorse.KettoNum               : Factor w/ 20404 levels "2019102326","2018104307",..: 11 12 13 14 15 16 18 21 23 24 ...
 $ RaceHorse.IsHit1                 : int  0 0 0 0 0 0 0 0 0 0 ...
 $ RaceHorse.IsHit2                 : int  1 0 0 0 0 1 0 0 0 0 ...
 $ RaceHorse.IsHit3                 : int  0 0 1 0 0 0 0 0 0 0 ...
 $ RaceHorse.IsHit4                 : int  0 0 0 0 0 0 0 0 0 0 ...
 $ RaceHorse.IsHit5                 : int  0 0 0 0 0 0 0 0 0 0 ...
 $ RaceHorse.IsHit6                 : int  0 1 0 1 1 0 1 1 1 1 ...
 $ RaceHorse.IsValidRaceHorse       : logi  TRUE TRUE TRUE TRUE TRUE TRUE ...
 $ RaceHorse.IsHitA                 : int  0 0 0 0 0 0 0 0 0 0 ...
 $ RaceHorse.IsHitB                 : int  1 0 0 0 0 1 0 0 0 0 ...
 $ RaceHorse.IsHitC                 : int  1 0 1 0 0 1 0 0 0 0 ...
 $ Gen01.HansyokuNum                : Factor w/ 535 levels "11202431","11202390",..: 11 6 12 6 13 14 16 19 10 21 ...
 $ Gen01.TimeDvByRaceAvg            : num  54.9 51.4 48.1 51 50.4 ...
 $ Gen01.TimeDvByRaceMax            : num  70.3 72.3 62 70.2 67.7 ...
 $ Gen01.RunCount                   : int  98 893 4 527 220 356 1153 297 358 48 ...
 $ Gen01.HitCount1                  : int  14 64 0 37 20 26 80 15 41 2 ...
 $ Gen01.HitCount2                  : int  14 66 0 31 13 26 76 17 44 2 ...
 $ Gen01.HitCount3                  : int  10 73 1 44 16 31 76 17 31 2 ...
 $ Gen01.HitCount4                  : int  9 65 0 46 20 28 91 23 21 4 ...
 $ Gen01.HitCount5                  : int  13 75 0 47 10 34 92 25 30 7 ...
 $ Gen01.HitRate1                   : num  0.1429 0.0717 0 0.0702 0.0909 ...
 $ Gen01.HitRate2                   : num  0.1429 0.0739 0 0.0588 0.0591 ...
 $ Gen01.HitRate3                   : num  0.102 0.0817 0.25 0.0835 0.0727 ...
 $ Gen01.HitRate4                   : num  0.0918 0.0728 0 0.0873 0.0909 ...
 $ Gen01.HitRate5                   : num  0.1327 0.084 0 0.0892 0.0455 ...
 $ EOF                              : int  1 1 1 1 1 1 1 1 1 1 ...
[1] "2022-02-08 10:46:06 --- na.omit Finish ---"
[1] "2022-02-08 10:46:06 --- rxGlm with rxStepControl Start ---"
[1] "2022-02-08 10:46:06 --- source_logic_glm.R Start ---"
[1] "2022-02-08 10:46:06 --- source_logic_glm.R Finished ---"
Rows Read: 46626, Total Rows Processed: 46626, Total Chunk Time: 0.004 seconds 

Starting values (iteration 1) time: 0.046 secs.
Rows Read: 46626, Total Rows Processed: 46626, Total Chunk Time: 0.004 seconds 

Iteration 2 time: 0.011 secs.
Rows Read: 46626, Total Rows Processed: 46626, Total Chunk Time: 0.004 seconds 

Iteration 3 time: 0.006 secs.
Rows Read: 46626, Total Rows Processed: 46626, Total Chunk Time: 0.005 seconds 

Iteration 4 time: 0.006 secs.
Rows Read: 46626, Total Rows Processed: 46626, Total Chunk Time: 0.004 seconds 

Iteration 5 time: 0.007 secs.
Rows Read: 46626, Total Rows Processed: 46626, Total Chunk Time: 0.004 seconds 

Iteration 6 time: 0.006 secs.

Elapsed computation time: 0.096 secs.
Rows Read: 46626, Total Rows Processed: 46626, Total Chunk Time: 0.004 seconds 

Starting values (iteration 1) time: 0.014 secs.
Rows Read: 46626, Total Rows Processed: 46626, Total Chunk Time: 0.003 seconds 

Iteration 2 time: 0.010 secs.
Rows Read: 46626, Total Rows Processed: 46626, Total Chunk Time: 0.004 seconds 

Iteration 3 time: 0.006 secs.
Rows Read: 46626, Total Rows Processed: 46626, Total Chunk Time: 0.003 seconds 

Iteration 4 time: 0.005 secs.
Rows Read: 46626, Total Rows Processed: 46626, Total Chunk Time: 0.003 seconds 

Iteration 5 time: 0.005 secs.
Rows Read: 46626, Total Rows Processed: 46626, Total Chunk Time: 0.004 seconds 

Iteration 6 time: 0.005 secs.

Elapsed computation time: 0.063 secs.
Rows Read: 46626, Total Rows Processed: 46626, Total Chunk Time: 0.004 seconds 

Starting values (iteration 1) time: 0.012 secs.
Rows Read: 46626, Total Rows Processed: 46626, Total Chunk Time: 0.004 seconds 

Iteration 2 time: 0.011 secs.
Rows Read: 46626, Total Rows Processed: 46626, Total Chunk Time: 0.004 seconds 

Iteration 3 time: 0.007 secs.
Rows Read: 46626, Total Rows Processed: 46626, Total Chunk Time: 0.004 seconds 

Iteration 4 time: 0.006 secs.
Rows Read: 46626, Total Rows Processed: 46626, Total Chunk Time: 0.004 seconds 

Iteration 5 time: 0.006 secs.
Rows Read: 46626, Total Rows Processed: 46626, Total Chunk Time: 0.004 seconds 

Iteration 6 time: 0.006 secs.

Elapsed computation time: 0.066 secs.

Elapsed computation time: 0.240 secs.
[1] "analyze.results.glm.step="
Generalized Linear Model Results for: RaceHorse.IsHitA ~
    Gen01.TimeDvByRaceAvg
Data: data
Dependent variable(s): RaceHorse.IsHitA
Total independent variables: 2 
Number of valid observations: 46626
Number of missing observations: 0 
Family-link: binomial-logit 
 
 
Coefficients:
                      RaceHorse.IsHitA
(Intercept)                       -9.7
Gen01.TimeDvByRaceAvg              0.1
[1] "analyze.results.glm.step.summary"
Call:
rxGlm(formula = form, data = data, family = binomial(), variableSelection = analyze.results.glm.step.varsel)

Generalized Linear Model Results for: RaceHorse.IsHitA ~
    Gen01.TimeDvByRaceAvg
Data: data
Dependent variable(s): RaceHorse.IsHitA
Total independent variables: 2 
Number of valid observations: 46626
Number of missing observations: 0 
Family-link: binomial-logit 
 
Residual deviance: 23268.853 (on 46624 degrees of freedom)
 
Coefficients:
                      Estimate Std. Error z value Pr(>|z|)    
(Intercept)            -9.7103     0.4062   -23.9  2.2e-16 ***
Gen01.TimeDvByRaceAvg   0.1394     0.0079    17.6  2.2e-16 ***
---
Signif. codes:  0 '***' 0.001 '**' 0.01 '*' 0.05 '.' 0.1 ' ' 1

(Dispersion parameter for binomial family taken to be 1)

Condition number of final variance-covariance matrix: 1 
Number of iterations: 6
[1] "2022-02-08 10:46:07 --- rxGlm with rxStepControl Finish ---"
[1] "2022-02-08 10:46:07 --- rxStepPlot Start ---"
[1] "pdfFilename=pdf_analyze_glm_Gen01_Type25_rxStepPlot.pdf"
[1] "rxStepPlot="
[1] "2022-02-08 10:46:07 --- rxStepPlot Finish ---"
[1] "2022-02-08 10:46:07 --- save.image Start ---"
[1] "save.image"
[1] "rdataFilename=RData_analyze_glm_Gen01_Type25.RData"
[1] "2022-02-08 10:46:09 --- save.image Finish ---"
[1] "2022-02-08 10:46:09 --- final Start ---"
[1] "nrow(data) final=46626"
[1] "2022-02-08 10:46:09 --- final Finish ---"
[1] "2022-02-08 10:46:09 --- analyze_glm.R Finished ---"
[1] "2022-02-08 10:46:09 --- log Finish ---"
