[1] "2022-02-08 09:32:54 --- D1113_analyze_glm_Gen01_IsHitA_Type21 Start ---"
[1] "2022-02-08 09:32:54 --- Log Start ---"
[1] "2022-02-08 09:32:54 --- analyze_glm.R Start ---"
[1] "analyzeVersion=D1113"
[1] "analyzeCategory=analyze"
[1] "analyzeType=Gen01"
[1] "analyzeFamily=IsHitA"
[1] "analyzeFunc=glm"
[1] "analyzeTrackTypeCd=2"
[1] "analyzeJyokenCd=1"
[1] "2022-02-08 09:32:54 --- source_function.R Start ---"
[1] "2022-02-08 09:32:54 --- source_function.R Finished ---"

> print(paste0(Sys.time(), " --- source_library.R Start ---"))
[1] "2022-02-08 09:32:54 --- source_library.R Start ---"

> require("RevoScaleR")

> print(paste0(Sys.time(), " --- source_library.R Finished ---"))
[1] "2022-02-08 09:32:55 --- source_library.R Finished ---"
[1] "2022-02-08 09:32:55 --- RxSqlServerData Start ---"
[1] "sqlQuery=SELECT * FROM ViewAnalyzeD1113analyze01Gen01Type21"
Rows Read: 5169, Total Rows Processed: 5169, Total Chunk Time: 6.146 seconds 
[1] "head(data)="
           Race.RaceId Race.IsPredictedRace Race.IsAnalyzeNormalPastAndFuture
1 20180929-09-04-08-11                FALSE                              TRUE
2 20160214-08-02-06-10                FALSE                              TRUE
3 20160111-08-01-04-11                FALSE                              TRUE
4 20210313-07-02-01-10                FALSE                              TRUE
5 20160813-10-02-05-11                FALSE                              TRUE
6 20210710-02-01-03-11                FALSE                              TRUE
  Race.IsAnalyzeNormalPast Race.IsAnalyzeNormalFuture
1                     TRUE                      FALSE
2                     TRUE                      FALSE
3                     TRUE                      FALSE
4                    FALSE                       TRUE
5                     TRUE                      FALSE
6                    FALSE                       TRUE
  Race.IsAnalyzeFullPastAndFuture Race.IsAnalyzeFullPast
1                            TRUE                   TRUE
2                            TRUE                   TRUE
3                            TRUE                   TRUE
4                            TRUE                  FALSE
5                            TRUE                   TRUE
6                            TRUE                  FALSE
  Race.IsAnalyzeFullFuture Race.JyokenCd Race.JyoType1Cd   Race.RaceType0Cd
1                    FALSE             1     2-09-2000-4 2-09-2000-4-1-C-13
2                    FALSE             1     2-08-1400-3 2-08-1400-3-1-E-14
3                    FALSE             1     2-08-1400-1 2-08-1400-1-1-E-14
4                     TRUE             1     2-07-1400-4 2-07-1400-4-1-E-12
5                    FALSE             1     2-10-1700-1 2-10-1700-1-1-E-13
6                     TRUE             1     2-02-1700-2 2-02-1700-2-1-E-13
  Race.RaceType1Cd Race.RaceType2Cd Race.RaceType3Cd Race.RaceType4Cd
1            2-1-C            2-1-C           1-C-13           2-1-13
2            2-1-E            2-1-E           1-E-14           2-1-14
3            2-1-E            2-1-E           1-E-14           2-1-14
4            2-1-E            2-1-E           1-E-12           2-1-12
5            2-1-E            2-1-E           1-E-13           2-1-13
6            2-1-E            2-1-E           1-E-13           2-1-13
      RaceHorse.RaceId RaceHorse.KettoNum RaceHorse.IsHit1 RaceHorse.IsHit2
1 20180929-09-04-08-11         2011102464                0                0
2 20160214-08-02-06-10         2011100016                0                0
3 20160111-08-01-04-11         2009100970                0                0
4 20210313-07-02-01-10         2018100553                0                0
5 20160813-10-02-05-11         2011102556                1                0
6 20210710-02-01-03-11         2017110088                0                0
  RaceHorse.IsHit3 RaceHorse.IsHit4 RaceHorse.IsHit5 RaceHorse.IsHit6
1                0                0                0                1
2                0                0                0                1
3                1                0                0                0
4                0                0                0                1
5                0                0                0                0
6                0                0                0                1
  RaceHorse.IsValidRaceHorse RaceHorse.IsHitA RaceHorse.IsHitB RaceHorse.IsHitC
1                       TRUE                0                0                0
2                       TRUE                0                0                0
3                       TRUE                0                0                1
4                       TRUE                0                0                0
5                       TRUE                1                1                1
6                       TRUE                0                0                0
  Gen01.HansyokuNum Gen01.TimeDvByRaceAvg Gen01.TimeDvByRaceMax Gen01.RunCount
1          11202119                    47                    58             13
2          11202119                    52                    67              9
3          11202057                    53                    69             26
4          11202183                    45                    63             65
5          11201954                    51                    73            170
6          11406608                    53                    56              6
  Gen01.HitCount1 Gen01.HitCount2 Gen01.HitCount3 Gen01.HitCount4
1               0               0               1               1
2               1               0               2               0
3               1               2               4               3
4               3               2               5               7
5              13              16              11              15
6               0               0               0               2
  Gen01.HitCount5 Gen01.HitRate1 Gen01.HitRate2 Gen01.HitRate3 Gen01.HitRate4
1               1           0.00           0.00           0.08           0.08
2               1           0.11           0.00           0.22           0.00
3               2           0.04           0.08           0.15           0.12
4               2           0.05           0.03           0.08           0.11
5              10           0.08           0.09           0.06           0.09
6               0           0.00           0.00           0.00           0.33
  Gen01.HitRate5 EOF
1           0.08   1
2           0.11   1
3           0.08   1
4           0.03   1
5           0.06   1
6           0.00   1
[1] "object.size(data) auto=1.1 Mb"
[1] "nrow(data) RxSqlServerData=5169"
[1] "str(data)="
'data.frame':	5169 obs. of  42 variables:
 $ Race.RaceId                      : Factor w/ 376 levels "20160306-09-01-04-10",..: 9 10 11 12 13 14 15 16 17 18 ...
 $ Race.IsPredictedRace             : logi  FALSE FALSE FALSE FALSE FALSE FALSE ...
 $ Race.IsAnalyzeNormalPastAndFuture: logi  TRUE TRUE TRUE TRUE TRUE TRUE ...
 $ Race.IsAnalyzeNormalPast         : logi  TRUE TRUE TRUE FALSE TRUE FALSE ...
 $ Race.IsAnalyzeNormalFuture       : logi  FALSE FALSE FALSE TRUE FALSE TRUE ...
 $ Race.IsAnalyzeFullPastAndFuture  : logi  TRUE TRUE TRUE TRUE TRUE TRUE ...
 $ Race.IsAnalyzeFullPast           : logi  TRUE TRUE TRUE FALSE TRUE FALSE ...
 $ Race.IsAnalyzeFullFuture         : logi  FALSE FALSE FALSE TRUE FALSE TRUE ...
 $ Race.JyokenCd                    : Factor w/ 1 level "1": 1 1 1 1 1 1 1 1 1 1 ...
 $ Race.JyoType1Cd                  : Factor w/ 71 levels "2-09-1400-1",..: 7 8 9 10 11 12 2 13 14 15 ...
 $ Race.RaceType0Cd                 : Factor w/ 169 levels "2-09-1400-1-1-E-14",..: 8 9 10 11 12 13 14 15 16 17 ...
 $ Race.RaceType1Cd                 : Factor w/ 5 levels "2-1-E","2-1-L",..: 3 1 1 1 1 1 1 2 1 1 ...
 $ Race.RaceType2Cd                 : Factor w/ 5 levels "2-1-E","2-1-L",..: 3 1 1 1 1 1 1 2 1 1 ...
 $ Race.RaceType3Cd                 : Factor w/ 13 levels "1-E-14","1-L-14",..: 5 1 1 4 3 3 3 6 1 1 ...
 $ Race.RaceType4Cd                 : Factor w/ 4 levels "2-1-14","2-1-13",..: 2 1 1 3 2 2 2 3 1 1 ...
 $ RaceHorse.RaceId                 : Factor w/ 376 levels "20160306-09-01-04-10",..: 9 10 11 12 13 14 15 16 17 18 ...
 $ RaceHorse.KettoNum               : Factor w/ 1071 levels "2009106384","2013110083",..: 11 12 13 14 15 16 17 18 19 20 ...
 $ RaceHorse.IsHit1                 : int  0 0 0 0 1 0 0 0 0 0 ...
 $ RaceHorse.IsHit2                 : int  0 0 0 0 0 0 0 0 0 0 ...
 $ RaceHorse.IsHit3                 : int  0 0 1 0 0 0 0 0 0 0 ...
 $ RaceHorse.IsHit4                 : int  0 0 0 0 0 0 0 0 1 0 ...
 $ RaceHorse.IsHit5                 : int  0 0 0 0 0 0 0 0 0 0 ...
 $ RaceHorse.IsHit6                 : int  1 1 0 1 0 1 1 1 0 1 ...
 $ RaceHorse.IsValidRaceHorse       : logi  TRUE TRUE TRUE TRUE TRUE TRUE ...
 $ RaceHorse.IsHitA                 : int  0 0 0 0 1 0 0 0 0 0 ...
 $ RaceHorse.IsHitB                 : int  0 0 0 0 1 0 0 0 0 0 ...
 $ RaceHorse.IsHitC                 : int  0 0 1 0 1 0 0 0 0 0 ...
 $ Gen01.HansyokuNum                : Factor w/ 194 levels "11202119","11405892",..: 1 1 11 12 13 14 6 15 16 17 ...
 $ Gen01.TimeDvByRaceAvg            : num  46.7 52.2 53 45.4 51.5 ...
 $ Gen01.TimeDvByRaceMax            : num  58.3 67.4 69.4 62.7 73.1 ...
 $ Gen01.RunCount                   : int  13 9 26 65 170 6 42 1 96 10 ...
 $ Gen01.HitCount1                  : int  0 1 1 3 13 0 6 0 8 2 ...
 $ Gen01.HitCount2                  : int  0 0 2 2 16 0 5 0 8 1 ...
 $ Gen01.HitCount3                  : int  1 2 4 5 11 0 3 0 7 0 ...
 $ Gen01.HitCount4                  : int  1 0 3 7 15 2 5 0 9 2 ...
 $ Gen01.HitCount5                  : int  1 1 2 2 10 0 2 1 8 0 ...
 $ Gen01.HitRate1                   : num  0 0.1111 0.0385 0.0462 0.0765 ...
 $ Gen01.HitRate2                   : num  0 0 0.0769 0.0308 0.0941 ...
 $ Gen01.HitRate3                   : num  0.0769 0.2222 0.1538 0.0769 0.0647 ...
 $ Gen01.HitRate4                   : num  0.0769 0 0.1154 0.1077 0.0882 ...
 $ Gen01.HitRate5                   : num  0.0769 0.1111 0.0769 0.0308 0.0588 ...
 $ EOF                              : int  1 1 1 1 1 1 1 1 1 1 ...
[1] "2022-02-08 09:33:08 --- RxSqlServerData Finish ---"
[1] "2022-02-08 09:33:08 --- subset Start ---"
[1] "nrow(data) subset before=5169"
[1] "nrow(data) subset after =4039"
[1] "nrow(data) subset diff =1130"
[1] "2022-02-08 09:33:08 --- subset Finish---"
[1] "2022-02-08 09:33:08 --- transform Start ---"
[1] "nrow(data) transform before=4039"
[1] "nrow(data) transform after=4039"
[1] "nrow(data) transform diff=0"
[1] "str(data)="
'data.frame':	4039 obs. of  42 variables:
 $ Race.RaceId                      : Factor w/ 376 levels "20160306-09-01-04-10",..: 9 10 11 13 15 16 17 18 19 20 ...
 $ Race.IsPredictedRace             : logi  FALSE FALSE FALSE FALSE FALSE FALSE ...
 $ Race.IsAnalyzeNormalPastAndFuture: logi  TRUE TRUE TRUE TRUE TRUE TRUE ...
 $ Race.IsAnalyzeNormalPast         : logi  TRUE TRUE TRUE TRUE TRUE TRUE ...
 $ Race.IsAnalyzeNormalFuture       : logi  FALSE FALSE FALSE FALSE FALSE FALSE ...
 $ Race.IsAnalyzeFullPastAndFuture  : logi  TRUE TRUE TRUE TRUE TRUE TRUE ...
 $ Race.IsAnalyzeFullPast           : logi  TRUE TRUE TRUE TRUE TRUE TRUE ...
 $ Race.IsAnalyzeFullFuture         : logi  FALSE FALSE FALSE FALSE FALSE FALSE ...
 $ Race.JyokenCd                    : Factor w/ 1 level "1": 1 1 1 1 1 1 1 1 1 1 ...
 $ Race.JyoType1Cd                  : Factor w/ 71 levels "2-09-1400-1",..: 7 8 9 11 2 13 14 15 16 1 ...
 $ Race.RaceType0Cd                 : Factor w/ 169 levels "2-09-1400-1-1-E-14",..: 8 9 10 12 14 15 16 17 18 19 ...
 $ Race.RaceType1Cd                 : Factor w/ 5 levels "2-1-E","2-1-L",..: 3 1 1 1 1 2 1 1 3 1 ...
 $ Race.RaceType2Cd                 : Factor w/ 5 levels "2-1-E","2-1-L",..: 3 1 1 1 1 2 1 1 3 1 ...
 $ Race.RaceType3Cd                 : Factor w/ 13 levels "1-E-14","1-L-14",..: 5 1 1 3 3 6 1 1 7 3 ...
 $ Race.RaceType4Cd                 : Factor w/ 4 levels "2-1-14","2-1-13",..: 2 1 1 2 2 3 1 1 1 2 ...
 $ RaceHorse.RaceId                 : Factor w/ 376 levels "20160306-09-01-04-10",..: 9 10 11 13 15 16 17 18 19 20 ...
 $ RaceHorse.KettoNum               : Factor w/ 1071 levels "2009106384","2013110083",..: 11 12 13 15 17 18 19 20 21 22 ...
 $ RaceHorse.IsHit1                 : int  0 0 0 1 0 0 0 0 0 0 ...
 $ RaceHorse.IsHit2                 : int  0 0 0 0 0 0 0 0 0 0 ...
 $ RaceHorse.IsHit3                 : int  0 0 1 0 0 0 0 0 0 0 ...
 $ RaceHorse.IsHit4                 : int  0 0 0 0 0 0 1 0 0 0 ...
 $ RaceHorse.IsHit5                 : int  0 0 0 0 0 0 0 0 0 0 ...
 $ RaceHorse.IsHit6                 : int  1 1 0 0 1 1 0 1 1 1 ...
 $ RaceHorse.IsValidRaceHorse       : logi  TRUE TRUE TRUE TRUE TRUE TRUE ...
 $ RaceHorse.IsHitA                 : int  0 0 0 1 0 0 0 0 0 0 ...
 $ RaceHorse.IsHitB                 : int  0 0 0 1 0 0 0 0 0 0 ...
 $ RaceHorse.IsHitC                 : int  0 0 1 1 0 0 0 0 0 0 ...
 $ Gen01.HansyokuNum                : Factor w/ 194 levels "11202119","11405892",..: 1 1 11 13 6 15 16 17 18 19 ...
 $ Gen01.TimeDvByRaceAvg            : num  46.7 52.2 53 51.5 53.5 ...
 $ Gen01.TimeDvByRaceMax            : num  58.3 67.4 69.4 73.1 68.4 ...
 $ Gen01.RunCount                   : int  13 9 26 170 42 1 96 10 3 36 ...
 $ Gen01.HitCount1                  : int  0 1 1 13 6 0 8 2 1 2 ...
 $ Gen01.HitCount2                  : int  0 0 2 16 5 0 8 1 0 2 ...
 $ Gen01.HitCount3                  : int  1 2 4 11 3 0 7 0 0 2 ...
 $ Gen01.HitCount4                  : int  1 0 3 15 5 0 9 2 0 3 ...
 $ Gen01.HitCount5                  : int  1 1 2 10 2 1 8 0 0 1 ...
 $ Gen01.HitRate1                   : num  0 0.1111 0.0385 0.0765 0.1429 ...
 $ Gen01.HitRate2                   : num  0 0 0.0769 0.0941 0.119 ...
 $ Gen01.HitRate3                   : num  0.0769 0.2222 0.1538 0.0647 0.0714 ...
 $ Gen01.HitRate4                   : num  0.0769 0 0.1154 0.0882 0.119 ...
 $ Gen01.HitRate5                   : num  0.0769 0.1111 0.0769 0.0588 0.0476 ...
 $ EOF                              : int  1 1 1 1 1 1 1 1 1 1 ...
NULL
[1] "2022-02-08 09:33:08 --- transform Finish ---"
[1] "2022-02-08 09:33:08 --- na.omit Start ---"
[1] "nrow(data) na.omit before=4039"
[1] "nrow(data) na.omit after =4039"
[1] "nrow(data) na.omit diff =0"
'data.frame':	4039 obs. of  42 variables:
 $ Race.RaceId                      : Factor w/ 376 levels "20160306-09-01-04-10",..: 9 10 11 13 15 16 17 18 19 20 ...
 $ Race.IsPredictedRace             : logi  FALSE FALSE FALSE FALSE FALSE FALSE ...
 $ Race.IsAnalyzeNormalPastAndFuture: logi  TRUE TRUE TRUE TRUE TRUE TRUE ...
 $ Race.IsAnalyzeNormalPast         : logi  TRUE TRUE TRUE TRUE TRUE TRUE ...
 $ Race.IsAnalyzeNormalFuture       : logi  FALSE FALSE FALSE FALSE FALSE FALSE ...
 $ Race.IsAnalyzeFullPastAndFuture  : logi  TRUE TRUE TRUE TRUE TRUE TRUE ...
 $ Race.IsAnalyzeFullPast           : logi  TRUE TRUE TRUE TRUE TRUE TRUE ...
 $ Race.IsAnalyzeFullFuture         : logi  FALSE FALSE FALSE FALSE FALSE FALSE ...
 $ Race.JyokenCd                    : Factor w/ 1 level "1": 1 1 1 1 1 1 1 1 1 1 ...
 $ Race.JyoType1Cd                  : Factor w/ 71 levels "2-09-1400-1",..: 7 8 9 11 2 13 14 15 16 1 ...
 $ Race.RaceType0Cd                 : Factor w/ 169 levels "2-09-1400-1-1-E-14",..: 8 9 10 12 14 15 16 17 18 19 ...
 $ Race.RaceType1Cd                 : Factor w/ 5 levels "2-1-E","2-1-L",..: 3 1 1 1 1 2 1 1 3 1 ...
 $ Race.RaceType2Cd                 : Factor w/ 5 levels "2-1-E","2-1-L",..: 3 1 1 1 1 2 1 1 3 1 ...
 $ Race.RaceType3Cd                 : Factor w/ 13 levels "1-E-14","1-L-14",..: 5 1 1 3 3 6 1 1 7 3 ...
 $ Race.RaceType4Cd                 : Factor w/ 4 levels "2-1-14","2-1-13",..: 2 1 1 2 2 3 1 1 1 2 ...
 $ RaceHorse.RaceId                 : Factor w/ 376 levels "20160306-09-01-04-10",..: 9 10 11 13 15 16 17 18 19 20 ...
 $ RaceHorse.KettoNum               : Factor w/ 1071 levels "2009106384","2013110083",..: 11 12 13 15 17 18 19 20 21 22 ...
 $ RaceHorse.IsHit1                 : int  0 0 0 1 0 0 0 0 0 0 ...
 $ RaceHorse.IsHit2                 : int  0 0 0 0 0 0 0 0 0 0 ...
 $ RaceHorse.IsHit3                 : int  0 0 1 0 0 0 0 0 0 0 ...
 $ RaceHorse.IsHit4                 : int  0 0 0 0 0 0 1 0 0 0 ...
 $ RaceHorse.IsHit5                 : int  0 0 0 0 0 0 0 0 0 0 ...
 $ RaceHorse.IsHit6                 : int  1 1 0 0 1 1 0 1 1 1 ...
 $ RaceHorse.IsValidRaceHorse       : logi  TRUE TRUE TRUE TRUE TRUE TRUE ...
 $ RaceHorse.IsHitA                 : int  0 0 0 1 0 0 0 0 0 0 ...
 $ RaceHorse.IsHitB                 : int  0 0 0 1 0 0 0 0 0 0 ...
 $ RaceHorse.IsHitC                 : int  0 0 1 1 0 0 0 0 0 0 ...
 $ Gen01.HansyokuNum                : Factor w/ 194 levels "11202119","11405892",..: 1 1 11 13 6 15 16 17 18 19 ...
 $ Gen01.TimeDvByRaceAvg            : num  46.7 52.2 53 51.5 53.5 ...
 $ Gen01.TimeDvByRaceMax            : num  58.3 67.4 69.4 73.1 68.4 ...
 $ Gen01.RunCount                   : int  13 9 26 170 42 1 96 10 3 36 ...
 $ Gen01.HitCount1                  : int  0 1 1 13 6 0 8 2 1 2 ...
 $ Gen01.HitCount2                  : int  0 0 2 16 5 0 8 1 0 2 ...
 $ Gen01.HitCount3                  : int  1 2 4 11 3 0 7 0 0 2 ...
 $ Gen01.HitCount4                  : int  1 0 3 15 5 0 9 2 0 3 ...
 $ Gen01.HitCount5                  : int  1 1 2 10 2 1 8 0 0 1 ...
 $ Gen01.HitRate1                   : num  0 0.1111 0.0385 0.0765 0.1429 ...
 $ Gen01.HitRate2                   : num  0 0 0.0769 0.0941 0.119 ...
 $ Gen01.HitRate3                   : num  0.0769 0.2222 0.1538 0.0647 0.0714 ...
 $ Gen01.HitRate4                   : num  0.0769 0 0.1154 0.0882 0.119 ...
 $ Gen01.HitRate5                   : num  0.0769 0.1111 0.0769 0.0588 0.0476 ...
 $ EOF                              : int  1 1 1 1 1 1 1 1 1 1 ...
[1] "2022-02-08 09:33:08 --- na.omit Finish ---"
[1] "2022-02-08 09:33:08 --- rxGlm with rxStepControl Start ---"
[1] "2022-02-08 09:33:08 --- source_logic_glm.R Start ---"
[1] "2022-02-08 09:33:08 --- source_logic_glm.R Finished ---"
Rows Read: 4039, Total Rows Processed: 4039, Total Chunk Time: 0.002 seconds 

Starting values (iteration 1) time: 0.008 secs.
Rows Read: 4039, Total Rows Processed: 4039, Total Chunk Time: Less than .001 seconds 

Iteration 2 time: 0.004 secs.
Rows Read: 4039, Total Rows Processed: 4039, Total Chunk Time: 0.001 seconds 

Iteration 3 time: 0.005 secs.
Rows Read: 4039, Total Rows Processed: 4039, Total Chunk Time: Less than .001 seconds 

Iteration 4 time: 0.004 secs.
Rows Read: 4039, Total Rows Processed: 4039, Total Chunk Time: Less than .001 seconds 

Iteration 5 time: 0.004 secs.
Rows Read: 4039, Total Rows Processed: 4039, Total Chunk Time: Less than .001 seconds 

Iteration 6 time: 0.004 secs.

Elapsed computation time: 0.046 secs.
Rows Read: 4039, Total Rows Processed: 4039, Total Chunk Time: Less than .001 seconds 

Starting values (iteration 1) time: 0.005 secs.
Rows Read: 4039, Total Rows Processed: 4039, Total Chunk Time: Less than .001 seconds 

Iteration 2 time: 0.005 secs.
Rows Read: 4039, Total Rows Processed: 4039, Total Chunk Time: Less than .001 seconds 

Iteration 3 time: 0.004 secs.
Rows Read: 4039, Total Rows Processed: 4039, Total Chunk Time: Less than .001 seconds 

Iteration 4 time: 0.004 secs.
Rows Read: 4039, Total Rows Processed: 4039, Total Chunk Time: 0.001 seconds 

Iteration 5 time: 0.003 secs.
Rows Read: 4039, Total Rows Processed: 4039, Total Chunk Time: Less than .001 seconds 

Iteration 6 time: 0.004 secs.

Elapsed computation time: 0.043 secs.
Rows Read: 4039, Total Rows Processed: 4039, Total Chunk Time: Less than .001 seconds 

Starting values (iteration 1) time: 0.006 secs.
Rows Read: 4039, Total Rows Processed: 4039, Total Chunk Time: Less than .001 seconds 

Iteration 2 time: 0.005 secs.
Rows Read: 4039, Total Rows Processed: 4039, Total Chunk Time: 0.002 seconds 

Iteration 3 time: 0.004 secs.
Rows Read: 4039, Total Rows Processed: 4039, Total Chunk Time: Less than .001 seconds 

Iteration 4 time: 0.003 secs.
Rows Read: 4039, Total Rows Processed: 4039, Total Chunk Time: Less than .001 seconds 

Iteration 5 time: 0.006 secs.
Rows Read: 4039, Total Rows Processed: 4039, Total Chunk Time: Less than .001 seconds 

Iteration 6 time: 0.004 secs.

Elapsed computation time: 0.052 secs.

Elapsed computation time: 0.154 secs.
[1] "analyze.results.glm.step="
Generalized Linear Model Results for: RaceHorse.IsHitA ~
    Gen01.TimeDvByRaceAvg
Data: data
Dependent variable(s): RaceHorse.IsHitA
Total independent variables: 2 
Number of valid observations: 4039
Number of missing observations: 0 
Family-link: binomial-logit 
 
 
Coefficients:
                      RaceHorse.IsHitA
(Intercept)                      -6.22
Gen01.TimeDvByRaceAvg             0.07
[1] "analyze.results.glm.step.summary"
Call:
rxGlm(formula = form, data = data, family = binomial(), variableSelection = analyze.results.glm.step.varsel)

Generalized Linear Model Results for: RaceHorse.IsHitA ~
    Gen01.TimeDvByRaceAvg
Data: data
Dependent variable(s): RaceHorse.IsHitA
Total independent variables: 2 
Number of valid observations: 4039
Number of missing observations: 0 
Family-link: binomial-logit 
 
Residual deviance: 1988.43 (on 4037 degrees of freedom)
 
Coefficients:
                      Estimate Std. Error z value Pr(>|z|)    
(Intercept)            -6.2235     0.8216   -7.57  2.2e-16 ***
Gen01.TimeDvByRaceAvg   0.0702     0.0158    4.44  8.8e-06 ***
---
Signif. codes:  0 '***' 0.001 '**' 0.01 '*' 0.05 '.' 0.1 ' ' 1

(Dispersion parameter for binomial family taken to be 1)

Condition number of final variance-covariance matrix: 1 
Number of iterations: 6
[1] "2022-02-08 09:33:09 --- rxGlm with rxStepControl Finish ---"
[1] "2022-02-08 09:33:09 --- rxStepPlot Start ---"
[1] "pdfFilename=pdf_analyze_glm_Gen01_Type21_rxStepPlot.pdf"
[1] "rxStepPlot="
[1] "2022-02-08 09:33:09 --- rxStepPlot Finish ---"
[1] "2022-02-08 09:33:09 --- save.image Start ---"
[1] "save.image"
[1] "rdataFilename=RData_analyze_glm_Gen01_Type21.RData"
[1] "2022-02-08 09:33:11 --- save.image Finish ---"
[1] "2022-02-08 09:33:11 --- final Start ---"
[1] "nrow(data) final=4039"
[1] "2022-02-08 09:33:11 --- final Finish ---"
[1] "2022-02-08 09:33:11 --- analyze_glm.R Finished ---"
[1] "2022-02-08 09:33:11 --- log Finish ---"
