[1] "2022-02-08 03:35:24 --- D1113_Predict_glm_Jockey_IsHitA_Type16 Start ---"
[1] "2022-02-08 03:35:24 --- Log Start ---"
[1] "2022-02-08 03:35:24 --- predict.R Start ---"
[1] "analyzeVersion=D1113"
[1] "analyzeCategory=Predict"
[1] "analyzeType=Jockey"
[1] "analyzeFamily=IsHitA"
[1] "analyzeFunc=glm"
[1] "analyzeTrackTypeCd=1"
[1] "analyzeJyokenCd=6"
[1] "2022-02-08 03:35:24 --- source_function.R Start ---"
[1] "2022-02-08 03:35:24 --- source_function.R Finished ---"

> print(paste0(Sys.time(), " --- source_library.R Start ---"))
[1] "2022-02-08 03:35:24 --- source_library.R Start ---"

> require("RevoScaleR")

> print(paste0(Sys.time(), " --- source_library.R Finished ---"))
[1] "2022-02-08 03:35:24 --- source_library.R Finished ---"
[1] "2022-02-08 03:35:24 --- Load Start ---"
[1] "loadFilename=RData_Analyze_glm_Jockey_Type16.RData"
[1] "2022-02-08 03:35:25 --- Load Finished ---"
[1] "2022-02-08 03:35:25 --- RxSqlServerData Start ---"
[1] "sqlQuery=SELECT * FROM ViewAnalyzeD1113analyze01JockeyType16 WHERE [Race.IsPredictedRace] = 1"
Rows Read: 16220, Total Rows Processed: 16220, Total Chunk Time: 137.365 seconds 
[1] "head(InputDataSet)="
           Race.RaceId Race.IsPredictedRace Race.IsAnalyzeNormalPastAndFuture
1 20160105-06-01-01-06                 TRUE                              TRUE
2 20160105-06-01-01-06                 TRUE                              TRUE
3 20160105-06-01-01-06                 TRUE                              TRUE
4 20160105-06-01-01-06                 TRUE                              TRUE
5 20160105-06-01-01-06                 TRUE                              TRUE
6 20160105-06-01-01-06                 TRUE                              TRUE
  Race.IsAnalyzeNormalPast Race.IsAnalyzeNormalFuture
1                     TRUE                      FALSE
2                     TRUE                      FALSE
3                     TRUE                      FALSE
4                     TRUE                      FALSE
5                     TRUE                      FALSE
6                     TRUE                      FALSE
  Race.IsAnalyzeFullPastAndFuture Race.IsAnalyzeFullPast
1                            TRUE                   TRUE
2                            TRUE                   TRUE
3                            TRUE                   TRUE
4                            TRUE                   TRUE
5                            TRUE                   TRUE
6                            TRUE                   TRUE
  Race.IsAnalyzeFullFuture Race.JyokenCd Race.JyoType1Cd   Race.RaceType0Cd
1                    FALSE             6     1-06-2000-1 1-06-2000-1-6-X-12
2                    FALSE             6     1-06-2000-1 1-06-2000-1-6-X-12
3                    FALSE             6     1-06-2000-1 1-06-2000-1-6-X-12
4                    FALSE             6     1-06-2000-1 1-06-2000-1-6-X-12
5                    FALSE             6     1-06-2000-1 1-06-2000-1-6-X-12
6                    FALSE             6     1-06-2000-1 1-06-2000-1-6-X-12
  Race.RaceType1Cd Race.RaceType2Cd Race.RaceType3Cd Race.RaceType4Cd
1            1-6-X            1-6-X           6-X-12           1-6-12
2            1-6-X            1-6-X           6-X-12           1-6-12
3            1-6-X            1-6-X           6-X-12           1-6-12
4            1-6-X            1-6-X           6-X-12           1-6-12
5            1-6-X            1-6-X           6-X-12           1-6-12
6            1-6-X            1-6-X           6-X-12           1-6-12
      RaceHorse.RaceId RaceHorse.KettoNum RaceHorse.IsHit1 RaceHorse.IsHit2
1 20160105-06-01-01-06         2013100548                0                0
2 20160105-06-01-01-06         2013101435                0                0
3 20160105-06-01-01-06         2013101465                0                0
4 20160105-06-01-01-06         2013101884                0                0
5 20160105-06-01-01-06         2013101885                0                0
6 20160105-06-01-01-06         2013101915                0                0
  RaceHorse.IsHit3 RaceHorse.IsHit4 RaceHorse.IsHit5 RaceHorse.IsHit6
1                0                0                0                1
2                0                0                0                1
3                0                0                0                1
4                0                0                0                1
5                0                0                0                1
6                0                0                0                1
  RaceHorse.IsValidRaceHorse RaceHorse.IsHitA RaceHorse.IsHitB RaceHorse.IsHitC
1                       TRUE                0                0                0
2                       TRUE                0                0                0
3                       TRUE                0                0                0
4                       TRUE                0                0                0
5                      FALSE                0                0                0
6                       TRUE                0                0                0
  Jockey.KisyuCode Jockey.TimeDvByRaceAvg Jockey.TimeDvByRaceMax
1            00641               52.05467               70.34488
2            01096               48.70428               70.99563
3            01085               51.74022               67.97585
4            01091               49.54351               66.19757
5            01109               48.12772               62.45958
6            01009               51.61446               69.65540
  Jockey.RunCount Jockey.HitCount1 Jockey.HitCount2 Jockey.HitCount3
1             216               18               14               20
2             209                9               10               18
3             247               16               19               25
4             120                6               13                8
5              47                1                2                2
6             249               13                9               16
  Jockey.HitCount4 Jockey.HitCount5 Jockey.HitRate1 Jockey.HitRate2
1               17               15      0.08333333      0.06481481
2                5               13      0.04306220      0.04784689
3               18               27      0.06477733      0.07692308
4                6               16      0.05000000      0.10833333
5                2                3      0.02127660      0.04255319
6               22               21      0.05220884      0.03614458
  Jockey.HitRate3 Jockey.HitRate4 Jockey.HitRate5 EOF
1      0.09259259      0.07870370      0.06944444   1
2      0.08612440      0.02392344      0.06220096   1
3      0.10121457      0.07287449      0.10931174   1
4      0.06666667      0.05000000      0.13333333   1
5      0.04255319      0.04255319      0.06382979   1
6      0.06425703      0.08835341      0.08433735   1
[1] "object.size(InputDataSet) auto=4.4 Mb"
[1] "nrow(InputDataSet) RxSqlServerData=16220"
[1] "str(InputDataSet)="
'data.frame':	16220 obs. of  42 variables:
 $ Race.RaceId                      : Factor w/ 1208 levels "20160105-06-01-01-06",..: 1 1 1 1 1 1 1 1 1 1 ...
 $ Race.IsPredictedRace             : logi  TRUE TRUE TRUE TRUE TRUE TRUE ...
 $ Race.IsAnalyzeNormalPastAndFuture: logi  TRUE TRUE TRUE TRUE TRUE TRUE ...
 $ Race.IsAnalyzeNormalPast         : logi  TRUE TRUE TRUE TRUE TRUE TRUE ...
 $ Race.IsAnalyzeNormalFuture       : logi  FALSE FALSE FALSE FALSE FALSE FALSE ...
 $ Race.IsAnalyzeFullPastAndFuture  : logi  TRUE TRUE TRUE TRUE TRUE TRUE ...
 $ Race.IsAnalyzeFullPast           : logi  TRUE TRUE TRUE TRUE TRUE TRUE ...
 $ Race.IsAnalyzeFullFuture         : logi  FALSE FALSE FALSE FALSE FALSE FALSE ...
 $ Race.JyokenCd                    : Factor w/ 1 level "6": 1 1 1 1 1 1 1 1 1 1 ...
 $ Race.JyoType1Cd                  : Factor w/ 126 levels "1-06-2000-1",..: 1 1 1 1 1 1 1 1 1 1 ...
 $ Race.RaceType0Cd                 : Factor w/ 155 levels "1-06-2000-1-6-X-12",..: 1 1 1 1 1 1 1 1 1 1 ...
 $ Race.RaceType1Cd                 : Factor w/ 1 level "1-6-X": 1 1 1 1 1 1 1 1 1 1 ...
 $ Race.RaceType2Cd                 : Factor w/ 1 level "1-6-X": 1 1 1 1 1 1 1 1 1 1 ...
 $ Race.RaceType3Cd                 : Factor w/ 2 levels "6-X-12","6-X-11": 1 1 1 1 1 1 1 1 1 1 ...
 $ Race.RaceType4Cd                 : Factor w/ 2 levels "1-6-12","1-6-11": 1 1 1 1 1 1 1 1 1 1 ...
 $ RaceHorse.RaceId                 : Factor w/ 1208 levels "20160105-06-01-01-06",..: 1 1 1 1 1 1 1 1 1 1 ...
 $ RaceHorse.KettoNum               : Factor w/ 16187 levels "2013100548","2013101435",..: 1 2 3 4 5 6 7 8 9 10 ...
 $ RaceHorse.IsHit1                 : int  0 0 0 0 0 0 0 0 0 0 ...
 $ RaceHorse.IsHit2                 : int  0 0 0 0 0 0 0 0 1 0 ...
 $ RaceHorse.IsHit3                 : int  0 0 0 0 0 0 0 0 0 0 ...
 $ RaceHorse.IsHit4                 : int  0 0 0 0 0 0 1 0 0 0 ...
 $ RaceHorse.IsHit5                 : int  0 0 0 0 0 0 0 0 0 0 ...
 $ RaceHorse.IsHit6                 : int  1 1 1 1 1 1 0 1 0 1 ...
 $ RaceHorse.IsValidRaceHorse       : logi  TRUE TRUE TRUE TRUE FALSE TRUE ...
 $ RaceHorse.IsHitA                 : int  0 0 0 0 0 0 0 0 0 0 ...
 $ RaceHorse.IsHitB                 : int  0 0 0 0 0 0 0 0 1 0 ...
 $ RaceHorse.IsHitC                 : int  0 0 0 0 0 0 0 0 1 0 ...
 $ Jockey.KisyuCode                 : Factor w/ 176 levels "00641","01096",..: 1 2 3 4 5 6 7 8 9 10 ...
 $ Jockey.TimeDvByRaceAvg           : num  52.1 48.7 51.7 49.5 48.1 ...
 $ Jockey.TimeDvByRaceMax           : num  70.3 71 68 66.2 62.5 ...
 $ Jockey.RunCount                  : int  216 209 247 120 47 249 194 245 91 181 ...
 $ Jockey.HitCount1                 : int  18 9 16 6 1 13 32 11 21 15 ...
 $ Jockey.HitCount2                 : int  14 10 19 13 2 9 19 9 14 24 ...
 $ Jockey.HitCount3                 : int  20 18 25 8 2 16 21 11 7 20 ...
 $ Jockey.HitCount4                 : int  17 5 18 6 2 22 12 21 6 12 ...
 $ Jockey.HitCount5                 : int  15 13 27 16 3 21 8 19 12 19 ...
 $ Jockey.HitRate1                  : num  0.0833 0.0431 0.0648 0.05 0.0213 ...
 $ Jockey.HitRate2                  : num  0.0648 0.0478 0.0769 0.1083 0.0426 ...
 $ Jockey.HitRate3                  : num  0.0926 0.0861 0.1012 0.0667 0.0426 ...
 $ Jockey.HitRate4                  : num  0.0787 0.0239 0.0729 0.05 0.0426 ...
 $ Jockey.HitRate5                  : num  0.0694 0.0622 0.1093 0.1333 0.0638 ...
 $ EOF                              : int  1 1 1 1 1 1 1 1 1 1 ...
[1] "2022-02-08 03:37:43 --- RxSqlServerData Finish ---"
[1] "2022-02-08 03:37:43 --- subset Start ---"
[1] "nrow(InputDataSet) subset before=16220"
[1] "nrow(InputDataSet) subset after=16220"
[1] "nrow(InputDataSet) subset diff=0"
[1] "class(InputDataSet$Race.IsAnalyzeNormalPast)=logical"
[1] "class(InputDataSet$Race.analyzeTrackTypeCd)=NULL"
[1] "2022-02-08 03:37:43 --- subset Finish ---"
[1] "2022-02-08 03:37:43 --- transform Start ---"
[1] "nrow(InputDataSet) transaform before=16220"
[1] "nrow(InputDataSet) transaform after=16220"
[1] "nrow(InputDataSet) transaform diff=0"
[1] "str(InputDataSet)="
'data.frame':	16220 obs. of  42 variables:
 $ Race.RaceId                      : Factor w/ 1208 levels "20160105-06-01-01-06",..: 1 1 1 1 1 1 1 1 1 1 ...
 $ Race.IsPredictedRace             : logi  TRUE TRUE TRUE TRUE TRUE TRUE ...
 $ Race.IsAnalyzeNormalPastAndFuture: logi  TRUE TRUE TRUE TRUE TRUE TRUE ...
 $ Race.IsAnalyzeNormalPast         : logi  TRUE TRUE TRUE TRUE TRUE TRUE ...
 $ Race.IsAnalyzeNormalFuture       : logi  FALSE FALSE FALSE FALSE FALSE FALSE ...
 $ Race.IsAnalyzeFullPastAndFuture  : logi  TRUE TRUE TRUE TRUE TRUE TRUE ...
 $ Race.IsAnalyzeFullPast           : logi  TRUE TRUE TRUE TRUE TRUE TRUE ...
 $ Race.IsAnalyzeFullFuture         : logi  FALSE FALSE FALSE FALSE FALSE FALSE ...
 $ Race.JyokenCd                    : Factor w/ 1 level "6": 1 1 1 1 1 1 1 1 1 1 ...
 $ Race.JyoType1Cd                  : Factor w/ 126 levels "1-06-2000-1",..: 1 1 1 1 1 1 1 1 1 1 ...
 $ Race.RaceType0Cd                 : Factor w/ 155 levels "1-06-2000-1-6-X-12",..: 1 1 1 1 1 1 1 1 1 1 ...
 $ Race.RaceType1Cd                 : Factor w/ 1 level "1-6-X": 1 1 1 1 1 1 1 1 1 1 ...
 $ Race.RaceType2Cd                 : Factor w/ 1 level "1-6-X": 1 1 1 1 1 1 1 1 1 1 ...
 $ Race.RaceType3Cd                 : Factor w/ 2 levels "6-X-12","6-X-11": 1 1 1 1 1 1 1 1 1 1 ...
 $ Race.RaceType4Cd                 : Factor w/ 2 levels "1-6-12","1-6-11": 1 1 1 1 1 1 1 1 1 1 ...
 $ RaceHorse.RaceId                 : Factor w/ 1208 levels "20160105-06-01-01-06",..: 1 1 1 1 1 1 1 1 1 1 ...
 $ RaceHorse.KettoNum               : Factor w/ 16187 levels "2013100548","2013101435",..: 1 2 3 4 5 6 7 8 9 10 ...
 $ RaceHorse.IsHit1                 : int  0 0 0 0 0 0 0 0 0 0 ...
 $ RaceHorse.IsHit2                 : int  0 0 0 0 0 0 0 0 1 0 ...
 $ RaceHorse.IsHit3                 : int  0 0 0 0 0 0 0 0 0 0 ...
 $ RaceHorse.IsHit4                 : int  0 0 0 0 0 0 1 0 0 0 ...
 $ RaceHorse.IsHit5                 : int  0 0 0 0 0 0 0 0 0 0 ...
 $ RaceHorse.IsHit6                 : int  1 1 1 1 1 1 0 1 0 1 ...
 $ RaceHorse.IsValidRaceHorse       : logi  TRUE TRUE TRUE TRUE FALSE TRUE ...
 $ RaceHorse.IsHitA                 : int  0 0 0 0 0 0 0 0 0 0 ...
 $ RaceHorse.IsHitB                 : int  0 0 0 0 0 0 0 0 1 0 ...
 $ RaceHorse.IsHitC                 : int  0 0 0 0 0 0 0 0 1 0 ...
 $ Jockey.KisyuCode                 : Factor w/ 176 levels "00641","01096",..: 1 2 3 4 5 6 7 8 9 10 ...
 $ Jockey.TimeDvByRaceAvg           : num  52.1 48.7 51.7 49.5 48.1 ...
 $ Jockey.TimeDvByRaceMax           : num  70.3 71 68 66.2 62.5 ...
 $ Jockey.RunCount                  : int  216 209 247 120 47 249 194 245 91 181 ...
 $ Jockey.HitCount1                 : int  18 9 16 6 1 13 32 11 21 15 ...
 $ Jockey.HitCount2                 : int  14 10 19 13 2 9 19 9 14 24 ...
 $ Jockey.HitCount3                 : int  20 18 25 8 2 16 21 11 7 20 ...
 $ Jockey.HitCount4                 : int  17 5 18 6 2 22 12 21 6 12 ...
 $ Jockey.HitCount5                 : int  15 13 27 16 3 21 8 19 12 19 ...
 $ Jockey.HitRate1                  : num  0.0833 0.0431 0.0648 0.05 0.0213 ...
 $ Jockey.HitRate2                  : num  0.0648 0.0478 0.0769 0.1083 0.0426 ...
 $ Jockey.HitRate3                  : num  0.0926 0.0861 0.1012 0.0667 0.0426 ...
 $ Jockey.HitRate4                  : num  0.0787 0.0239 0.0729 0.05 0.0426 ...
 $ Jockey.HitRate5                  : num  0.0694 0.0622 0.1093 0.1333 0.0638 ...
 $ EOF                              : int  1 1 1 1 1 1 1 1 1 1 ...
NULL
[1] "2022-02-08 03:37:44 --- transform Finish ---"
[1] "2022-02-08 03:37:44 --- na.omit Start ---"
[1] "nrow(InputDataSet) na.omit before=16220"
[1] "nrow(InputDataSet) na.omit after=16220"
[1] "nrow(InputDataSet) na.omit diff=0"
[1] "2022-02-08 03:37:44 --- na.omit Finish---"
[1] "2022-02-08 03:37:44 --- New Levels Start ---"
[1] "levels(data$Race.RaceType1Cd)=1-6-X"
[1] "levels(InputDataSet$Race.RaceType1Cd)=1-6-X"
[1] "length(Race.RaceType1Cd.Index)=0"
[1] "2022-02-08 03:37:44 --- New Levels Finish ---"
[1] "2022-02-08 03:37:44 --- na.omit Start ---"
[1] "nrow(InputDataSet) na.omit levels before=16220"
[1] "nrow(InputDataSet) na.omit levels after=16220"
[1] "nrow(InputDataSet) na.omit levels diff=0"
[1] "2022-02-08 03:37:44 --- na.omit Finish ---"
[1] "2022-02-08 03:37:44 --- Predict InputDataSet Start ---"
[1] "nrow(InputDataSet) predict=16220"
[1] "str(InputDataSet)="
'data.frame':	16220 obs. of  42 variables:
 $ Race.RaceId                      : Factor w/ 1208 levels "20160105-06-01-01-06",..: 1 1 1 1 1 1 1 1 1 1 ...
 $ Race.IsPredictedRace             : logi  TRUE TRUE TRUE TRUE TRUE TRUE ...
 $ Race.IsAnalyzeNormalPastAndFuture: logi  TRUE TRUE TRUE TRUE TRUE TRUE ...
 $ Race.IsAnalyzeNormalPast         : logi  TRUE TRUE TRUE TRUE TRUE TRUE ...
 $ Race.IsAnalyzeNormalFuture       : logi  FALSE FALSE FALSE FALSE FALSE FALSE ...
 $ Race.IsAnalyzeFullPastAndFuture  : logi  TRUE TRUE TRUE TRUE TRUE TRUE ...
 $ Race.IsAnalyzeFullPast           : logi  TRUE TRUE TRUE TRUE TRUE TRUE ...
 $ Race.IsAnalyzeFullFuture         : logi  FALSE FALSE FALSE FALSE FALSE FALSE ...
 $ Race.JyokenCd                    : Factor w/ 1 level "6": 1 1 1 1 1 1 1 1 1 1 ...
 $ Race.JyoType1Cd                  : Factor w/ 126 levels "1-06-2000-1",..: 1 1 1 1 1 1 1 1 1 1 ...
 $ Race.RaceType0Cd                 : Factor w/ 155 levels "1-06-2000-1-6-X-12",..: 1 1 1 1 1 1 1 1 1 1 ...
 $ Race.RaceType1Cd                 : Factor w/ 1 level "1-6-X": 1 1 1 1 1 1 1 1 1 1 ...
 $ Race.RaceType2Cd                 : Factor w/ 1 level "1-6-X": 1 1 1 1 1 1 1 1 1 1 ...
 $ Race.RaceType3Cd                 : Factor w/ 2 levels "6-X-12","6-X-11": 1 1 1 1 1 1 1 1 1 1 ...
 $ Race.RaceType4Cd                 : Factor w/ 2 levels "1-6-12","1-6-11": 1 1 1 1 1 1 1 1 1 1 ...
 $ RaceHorse.RaceId                 : Factor w/ 1208 levels "20160105-06-01-01-06",..: 1 1 1 1 1 1 1 1 1 1 ...
 $ RaceHorse.KettoNum               : Factor w/ 16187 levels "2013100548","2013101435",..: 1 2 3 4 5 6 7 8 9 10 ...
 $ RaceHorse.IsHit1                 : int  0 0 0 0 0 0 0 0 0 0 ...
 $ RaceHorse.IsHit2                 : int  0 0 0 0 0 0 0 0 1 0 ...
 $ RaceHorse.IsHit3                 : int  0 0 0 0 0 0 0 0 0 0 ...
 $ RaceHorse.IsHit4                 : int  0 0 0 0 0 0 1 0 0 0 ...
 $ RaceHorse.IsHit5                 : int  0 0 0 0 0 0 0 0 0 0 ...
 $ RaceHorse.IsHit6                 : int  1 1 1 1 1 1 0 1 0 1 ...
 $ RaceHorse.IsValidRaceHorse       : logi  TRUE TRUE TRUE TRUE FALSE TRUE ...
 $ RaceHorse.IsHitA                 : int  0 0 0 0 0 0 0 0 0 0 ...
 $ RaceHorse.IsHitB                 : int  0 0 0 0 0 0 0 0 1 0 ...
 $ RaceHorse.IsHitC                 : int  0 0 0 0 0 0 0 0 1 0 ...
 $ Jockey.KisyuCode                 : Factor w/ 176 levels "00641","01096",..: 1 2 3 4 5 6 7 8 9 10 ...
 $ Jockey.TimeDvByRaceAvg           : num  52.1 48.7 51.7 49.5 48.1 ...
 $ Jockey.TimeDvByRaceMax           : num  70.3 71 68 66.2 62.5 ...
 $ Jockey.RunCount                  : int  216 209 247 120 47 249 194 245 91 181 ...
 $ Jockey.HitCount1                 : int  18 9 16 6 1 13 32 11 21 15 ...
 $ Jockey.HitCount2                 : int  14 10 19 13 2 9 19 9 14 24 ...
 $ Jockey.HitCount3                 : int  20 18 25 8 2 16 21 11 7 20 ...
 $ Jockey.HitCount4                 : int  17 5 18 6 2 22 12 21 6 12 ...
 $ Jockey.HitCount5                 : int  15 13 27 16 3 21 8 19 12 19 ...
 $ Jockey.HitRate1                  : num  0.0833 0.0431 0.0648 0.05 0.0213 ...
 $ Jockey.HitRate2                  : num  0.0648 0.0478 0.0769 0.1083 0.0426 ...
 $ Jockey.HitRate3                  : num  0.0926 0.0861 0.1012 0.0667 0.0426 ...
 $ Jockey.HitRate4                  : num  0.0787 0.0239 0.0729 0.05 0.0426 ...
 $ Jockey.HitRate5                  : num  0.0694 0.0622 0.1093 0.1333 0.0638 ...
 $ EOF                              : int  1 1 1 1 1 1 1 1 1 1 ...
[1] "2022-02-08 03:37:44 --- Predict InputDataSet Finish ---"
[1] "2022-02-08 03:37:44 --- rxPredict (glm) Start ---"
[1] "analyzeFunc=glm"
Rows Read: 16220, Total Rows Processed: 16220, Total Chunk Time: Less than .001 seconds 
[1] "nrow(PredictDataSet) afte predict=16220"
[1] "str(PredictDataSet)"
'data.frame':	16220 obs. of  1 variable:
 $ RaceHorse.IsHitA_Pred: num  0.0847 0.0406 0.0792 0.049 0.0357 ...
NULL
[1] "head(PredictDataSet) afte predict="
  RaceHorse.IsHitA_Pred
1            0.08468668
2            0.04061765
3            0.07916986
4            0.04897358
5            0.03568730
6            0.07705679
[1] "2022-02-08 03:37:44 --- rxPredict (glm) Finish ---"
[1] "2022-02-08 03:37:44 --- add key Start ---"
[1] "nrow(OutputDataSet) add KeyColmn=16220"
[1] "str(OutputDataSet) after add Key"
'data.frame':	16220 obs. of  2 variables:
 $ RaceHorse.RaceId  : Factor w/ 1208 levels "20160105-06-01-01-06",..: 1 1 1 1 1 1 1 1 1 1 ...
 $ RaceHorse.KettoNum: Factor w/ 16187 levels "2013100548","2013101435",..: 1 2 3 4 5 6 7 8 9 10 ...
NULL
[1] "2022-02-08 03:37:44 --- add key Finish ---"
[1] "2022-02-08 03:37:44 --- add PredictValue Start ---"
[1] "str(PredictDataSet) before rename="
[1] "colnames(PredictDataSet)=RaceHorse.IsHitA_Pred"
[1] "str(PredictDataSet) after rename="
'data.frame':	16220 obs. of  1 variable:
 $ PredictValue: num  0.0847 0.0406 0.0792 0.049 0.0357 ...
NULL
[1] "str(OutputDataSet) before cbind="
'data.frame':	16220 obs. of  2 variables:
 $ RaceHorse.RaceId  : Factor w/ 1208 levels "20160105-06-01-01-06",..: 1 1 1 1 1 1 1 1 1 1 ...
 $ RaceHorse.KettoNum: Factor w/ 16187 levels "2013100548","2013101435",..: 1 2 3 4 5 6 7 8 9 10 ...
NULL
[1] "str(OutputDataSet) after cbind="
'data.frame':	16220 obs. of  3 variables:
 $ RaceHorse.RaceId  : Factor w/ 1208 levels "20160105-06-01-01-06",..: 1 1 1 1 1 1 1 1 1 1 ...
 $ RaceHorse.KettoNum: Factor w/ 16187 levels "2013100548","2013101435",..: 1 2 3 4 5 6 7 8 9 10 ...
 $ PredictValue      : num  0.0847 0.0406 0.0792 0.049 0.0357 ...
NULL
[1] "2022-02-08 03:37:44 --- add PredictValue Finish ---"
[1] "2022-02-08 03:37:44 --- final Start ---"
[1] "nrow(OutputDataSet) final=16220"
[1] "head(OutputDataSet)="
      RaceHorse.RaceId RaceHorse.KettoNum PredictValue
1 20160105-06-01-01-06         2013100548   0.08468668
2 20160105-06-01-01-06         2013101435   0.04061765
3 20160105-06-01-01-06         2013101465   0.07916986
4 20160105-06-01-01-06         2013101884   0.04897358
5 20160105-06-01-01-06         2013101885   0.03568730
6 20160105-06-01-01-06         2013101915   0.07705679
[1] "str(OutputDataSet)="
'data.frame':	16220 obs. of  3 variables:
 $ RaceHorse.RaceId  : Factor w/ 1208 levels "20160105-06-01-01-06",..: 1 1 1 1 1 1 1 1 1 1 ...
 $ RaceHorse.KettoNum: Factor w/ 16187 levels "2013100548","2013101435",..: 1 2 3 4 5 6 7 8 9 10 ...
 $ PredictValue      : num  0.0847 0.0406 0.0792 0.049 0.0357 ...
NULL
[1] "2022-02-08 03:37:44 --- final Finish ---"
[1] "2022-02-08 03:37:44 --- predict.R Finished ---"
[1] "2022-02-08 03:37:44 --- log Finish ---"
