[1] "2022-02-08 04:57:44 --- D1113_Predict_glm_Gen02_IsHitA_Type22 Start ---"
[1] "2022-02-08 04:57:44 --- Log Start ---"
[1] "2022-02-08 04:57:44 --- predict.R Start ---"
[1] "analyzeVersion=D1113"
[1] "analyzeCategory=Predict"
[1] "analyzeType=Gen02"
[1] "analyzeFamily=IsHitA"
[1] "analyzeFunc=glm"
[1] "analyzeTrackTypeCd=2"
[1] "analyzeJyokenCd=2"
[1] "2022-02-08 04:57:44 --- source_function.R Start ---"
[1] "2022-02-08 04:57:44 --- source_function.R Finished ---"

> print(paste0(Sys.time(), " --- source_library.R Start ---"))
[1] "2022-02-08 04:57:44 --- source_library.R Start ---"

> require("RevoScaleR")

> print(paste0(Sys.time(), " --- source_library.R Finished ---"))
[1] "2022-02-08 04:57:44 --- source_library.R Finished ---"
[1] "2022-02-08 04:57:44 --- Load Start ---"
[1] "loadFilename=RData_Analyze_glm_Gen02_Type22.RData"
[1] "2022-02-08 04:57:45 --- Load Finished ---"
[1] "2022-02-08 04:57:45 --- RxSqlServerData Start ---"
[1] "sqlQuery=SELECT * FROM ViewAnalyzeD1113analyze01Gen02Type22 WHERE [Race.IsPredictedRace] = 1"
Rows Read: 6347, Total Rows Processed: 6347, Total Chunk Time: 58.316 seconds 
[1] "head(InputDataSet)="
           Race.RaceId Race.IsPredictedRace Race.IsAnalyzeNormalPastAndFuture
1 20160105-08-01-01-09                 TRUE                              TRUE
2 20160105-08-01-01-09                 TRUE                              TRUE
3 20160105-08-01-01-09                 TRUE                              TRUE
4 20160105-08-01-01-09                 TRUE                              TRUE
5 20160105-08-01-01-09                 TRUE                              TRUE
6 20160105-08-01-01-09                 TRUE                              TRUE
  Race.IsAnalyzeNormalPast Race.IsAnalyzeNormalFuture
1                     TRUE                      FALSE
2                     TRUE                      FALSE
3                     TRUE                      FALSE
4                     TRUE                      FALSE
5                     TRUE                      FALSE
6                     TRUE                      FALSE
  Race.IsAnalyzeFullPastAndFuture Race.IsAnalyzeFullPast
1                            TRUE                   TRUE
2                            TRUE                   TRUE
3                            TRUE                   TRUE
4                            TRUE                   TRUE
5                            TRUE                   TRUE
6                            TRUE                   TRUE
  Race.IsAnalyzeFullFuture Race.JyokenCd Race.JyoType1Cd   Race.RaceType0Cd
1                    FALSE             2     2-08-1900-1 2-08-1900-1-2-E-14
2                    FALSE             2     2-08-1900-1 2-08-1900-1-2-E-14
3                    FALSE             2     2-08-1900-1 2-08-1900-1-2-E-14
4                    FALSE             2     2-08-1900-1 2-08-1900-1-2-E-14
5                    FALSE             2     2-08-1900-1 2-08-1900-1-2-E-14
6                    FALSE             2     2-08-1900-1 2-08-1900-1-2-E-14
  Race.RaceType1Cd Race.RaceType2Cd Race.RaceType3Cd Race.RaceType4Cd
1            2-2-E            2-2-E           2-E-14           2-2-14
2            2-2-E            2-2-E           2-E-14           2-2-14
3            2-2-E            2-2-E           2-E-14           2-2-14
4            2-2-E            2-2-E           2-E-14           2-2-14
5            2-2-E            2-2-E           2-E-14           2-2-14
6            2-2-E            2-2-E           2-E-14           2-2-14
      RaceHorse.RaceId RaceHorse.KettoNum RaceHorse.IsHit1 RaceHorse.IsHit2
1 20160105-08-01-01-09         2009101989                0                0
2 20160105-08-01-01-09         2009103516                0                0
3 20160105-08-01-01-09         2010100202                0                0
4 20160105-08-01-01-09         2010100540                1                0
5 20160105-08-01-01-09         2010106474                0                0
6 20160105-08-01-01-09         2011103479                0                0
  RaceHorse.IsHit3 RaceHorse.IsHit4 RaceHorse.IsHit5 RaceHorse.IsHit6
1                0                1                0                0
2                0                0                0                1
3                0                0                0                0
4                0                0                0                0
5                0                0                0                1
6                1                0                0                0
  RaceHorse.IsValidRaceHorse RaceHorse.IsHitA RaceHorse.IsHitB RaceHorse.IsHitC
1                       TRUE                0                0                0
2                       TRUE                0                0                0
3                      FALSE                0                0                0
4                       TRUE                1                1                1
5                       TRUE                0                0                0
6                       TRUE                0                0                1
  Gen02.HansyokuNum Gen02.TimeDvByRaceAvg Gen02.TimeDvByRaceMax Gen02.RunCount
1          12254446              53.30349              62.95305             15
2          12255361              55.17715              55.17715              1
3          12253196              45.37728              48.99419              3
4          12253685              59.23486              62.70754              4
5          12256121              54.99210              61.79960             12
6          12251225              54.74854              57.09698              6
  Gen02.HitCount1 Gen02.HitCount2 Gen02.HitCount3 Gen02.HitCount4
1               0               1               2               0
2               0               0               0               0
3               0               0               0               0
4               0               2               2               0
5               0               1               3               1
6               0               0               0               4
  Gen02.HitCount5 Gen02.HitRate1 Gen02.HitRate2 Gen02.HitRate3 Gen02.HitRate4
1               1              0     0.06666667      0.1333333     0.00000000
2               0              0     0.00000000      0.0000000     0.00000000
3               0              0     0.00000000      0.0000000     0.00000000
4               0              0     0.50000000      0.5000000     0.00000000
5               1              0     0.08333333      0.2500000     0.08333333
6               1              0     0.00000000      0.0000000     0.66666667
  Gen02.HitRate5 EOF
1     0.06666667   1
2     0.00000000   1
3     0.00000000   1
4     0.00000000   1
5     0.08333333   1
6     0.16666667   1
[1] "object.size(InputDataSet) auto=1.5 Mb"
[1] "nrow(InputDataSet) RxSqlServerData=6347"
[1] "str(InputDataSet)="
'data.frame':	6347 obs. of  42 variables:
 $ Race.RaceId                      : Factor w/ 510 levels "20160105-08-01-01-09",..: 1 1 1 1 1 1 1 1 1 2 ...
 $ Race.IsPredictedRace             : logi  TRUE TRUE TRUE TRUE TRUE TRUE ...
 $ Race.IsAnalyzeNormalPastAndFuture: logi  TRUE TRUE TRUE TRUE TRUE TRUE ...
 $ Race.IsAnalyzeNormalPast         : logi  TRUE TRUE TRUE TRUE TRUE TRUE ...
 $ Race.IsAnalyzeNormalFuture       : logi  FALSE FALSE FALSE FALSE FALSE FALSE ...
 $ Race.IsAnalyzeFullPastAndFuture  : logi  TRUE TRUE TRUE TRUE TRUE TRUE ...
 $ Race.IsAnalyzeFullPast           : logi  TRUE TRUE TRUE TRUE TRUE TRUE ...
 $ Race.IsAnalyzeFullFuture         : logi  FALSE FALSE FALSE FALSE FALSE FALSE ...
 $ Race.JyokenCd                    : Factor w/ 1 level "2": 1 1 1 1 1 1 1 1 1 1 ...
 $ Race.JyoType1Cd                  : Factor w/ 82 levels "2-08-1900-1",..: 1 1 1 1 1 1 1 1 1 2 ...
 $ Race.RaceType0Cd                 : Factor w/ 132 levels "2-08-1900-1-2-E-14",..: 1 1 1 1 1 1 1 1 1 2 ...
 $ Race.RaceType1Cd                 : Factor w/ 2 levels "2-2-E","2-2-X": 1 1 1 1 1 1 1 1 1 1 ...
 $ Race.RaceType2Cd                 : Factor w/ 2 levels "2-2-E","2-2-X": 1 1 1 1 1 1 1 1 1 1 ...
 $ Race.RaceType3Cd                 : Factor w/ 3 levels "2-E-14","2-E-13",..: 1 1 1 1 1 1 1 1 1 1 ...
 $ Race.RaceType4Cd                 : Factor w/ 2 levels "2-2-14","2-2-13": 1 1 1 1 1 1 1 1 1 1 ...
 $ RaceHorse.RaceId                 : Factor w/ 510 levels "20160105-08-01-01-09",..: 1 1 1 1 1 1 1 1 1 2 ...
 $ RaceHorse.KettoNum               : Factor w/ 1224 levels "2009101989","2009103516",..: 1 2 3 4 5 6 7 8 9 10 ...
 $ RaceHorse.IsHit1                 : int  0 0 0 1 0 0 0 0 0 0 ...
 $ RaceHorse.IsHit2                 : int  0 0 0 0 0 0 0 0 1 1 ...
 $ RaceHorse.IsHit3                 : int  0 0 0 0 0 1 0 0 0 0 ...
 $ RaceHorse.IsHit4                 : int  1 0 0 0 0 0 0 0 0 0 ...
 $ RaceHorse.IsHit5                 : int  0 0 0 0 0 0 0 0 0 0 ...
 $ RaceHorse.IsHit6                 : int  0 1 0 0 1 0 1 1 0 0 ...
 $ RaceHorse.IsValidRaceHorse       : logi  TRUE TRUE FALSE TRUE TRUE TRUE ...
 $ RaceHorse.IsHitA                 : int  0 0 0 1 0 0 0 0 0 0 ...
 $ RaceHorse.IsHitB                 : int  0 0 0 1 0 0 0 0 1 1 ...
 $ RaceHorse.IsHitC                 : int  0 0 0 1 0 1 0 0 1 1 ...
 $ Gen02.HansyokuNum                : Factor w/ 1080 levels "12254446","12255361",..: 1 2 3 4 5 6 7 8 9 10 ...
 $ Gen02.TimeDvByRaceAvg            : num  53.3 55.2 45.4 59.2 55 ...
 $ Gen02.TimeDvByRaceMax            : num  63 55.2 49 62.7 61.8 ...
 $ Gen02.RunCount                   : int  15 1 3 4 12 6 10 8 1 27 ...
 $ Gen02.HitCount1                  : int  0 0 0 0 0 0 1 1 0 0 ...
 $ Gen02.HitCount2                  : int  1 0 0 2 1 0 2 2 0 1 ...
 $ Gen02.HitCount3                  : int  2 0 0 2 3 0 1 0 0 1 ...
 $ Gen02.HitCount4                  : int  0 0 0 0 1 4 1 2 0 1 ...
 $ Gen02.HitCount5                  : int  1 0 0 0 1 1 3 0 0 2 ...
 $ Gen02.HitRate1                   : num  0 0 0 0 0 0 0.1 0.125 0 0 ...
 $ Gen02.HitRate2                   : num  0.0667 0 0 0.5 0.0833 ...
 $ Gen02.HitRate3                   : num  0.133 0 0 0.5 0.25 ...
 $ Gen02.HitRate4                   : num  0 0 0 0 0.0833 ...
 $ Gen02.HitRate5                   : num  0.0667 0 0 0 0.0833 ...
 $ EOF                              : int  1 1 1 1 1 1 1 1 1 1 ...
[1] "2022-02-08 04:58:44 --- RxSqlServerData Finish ---"
[1] "2022-02-08 04:58:44 --- subset Start ---"
[1] "nrow(InputDataSet) subset before=6347"
[1] "nrow(InputDataSet) subset after=6347"
[1] "nrow(InputDataSet) subset diff=0"
[1] "class(InputDataSet$Race.IsAnalyzeNormalPast)=logical"
[1] "class(InputDataSet$Race.analyzeTrackTypeCd)=NULL"
[1] "2022-02-08 04:58:44 --- subset Finish ---"
[1] "2022-02-08 04:58:44 --- transform Start ---"
[1] "nrow(InputDataSet) transaform before=6347"
[1] "nrow(InputDataSet) transaform after=6347"
[1] "nrow(InputDataSet) transaform diff=0"
[1] "str(InputDataSet)="
'data.frame':	6347 obs. of  42 variables:
 $ Race.RaceId                      : Factor w/ 510 levels "20160105-08-01-01-09",..: 1 1 1 1 1 1 1 1 1 2 ...
 $ Race.IsPredictedRace             : logi  TRUE TRUE TRUE TRUE TRUE TRUE ...
 $ Race.IsAnalyzeNormalPastAndFuture: logi  TRUE TRUE TRUE TRUE TRUE TRUE ...
 $ Race.IsAnalyzeNormalPast         : logi  TRUE TRUE TRUE TRUE TRUE TRUE ...
 $ Race.IsAnalyzeNormalFuture       : logi  FALSE FALSE FALSE FALSE FALSE FALSE ...
 $ Race.IsAnalyzeFullPastAndFuture  : logi  TRUE TRUE TRUE TRUE TRUE TRUE ...
 $ Race.IsAnalyzeFullPast           : logi  TRUE TRUE TRUE TRUE TRUE TRUE ...
 $ Race.IsAnalyzeFullFuture         : logi  FALSE FALSE FALSE FALSE FALSE FALSE ...
 $ Race.JyokenCd                    : Factor w/ 1 level "2": 1 1 1 1 1 1 1 1 1 1 ...
 $ Race.JyoType1Cd                  : Factor w/ 82 levels "2-08-1900-1",..: 1 1 1 1 1 1 1 1 1 2 ...
 $ Race.RaceType0Cd                 : Factor w/ 132 levels "2-08-1900-1-2-E-14",..: 1 1 1 1 1 1 1 1 1 2 ...
 $ Race.RaceType1Cd                 : Factor w/ 2 levels "2-2-E","2-2-X": 1 1 1 1 1 1 1 1 1 1 ...
 $ Race.RaceType2Cd                 : Factor w/ 2 levels "2-2-E","2-2-X": 1 1 1 1 1 1 1 1 1 1 ...
 $ Race.RaceType3Cd                 : Factor w/ 3 levels "2-E-14","2-E-13",..: 1 1 1 1 1 1 1 1 1 1 ...
 $ Race.RaceType4Cd                 : Factor w/ 2 levels "2-2-14","2-2-13": 1 1 1 1 1 1 1 1 1 1 ...
 $ RaceHorse.RaceId                 : Factor w/ 510 levels "20160105-08-01-01-09",..: 1 1 1 1 1 1 1 1 1 2 ...
 $ RaceHorse.KettoNum               : Factor w/ 1224 levels "2009101989","2009103516",..: 1 2 3 4 5 6 7 8 9 10 ...
 $ RaceHorse.IsHit1                 : int  0 0 0 1 0 0 0 0 0 0 ...
 $ RaceHorse.IsHit2                 : int  0 0 0 0 0 0 0 0 1 1 ...
 $ RaceHorse.IsHit3                 : int  0 0 0 0 0 1 0 0 0 0 ...
 $ RaceHorse.IsHit4                 : int  1 0 0 0 0 0 0 0 0 0 ...
 $ RaceHorse.IsHit5                 : int  0 0 0 0 0 0 0 0 0 0 ...
 $ RaceHorse.IsHit6                 : int  0 1 0 0 1 0 1 1 0 0 ...
 $ RaceHorse.IsValidRaceHorse       : logi  TRUE TRUE FALSE TRUE TRUE TRUE ...
 $ RaceHorse.IsHitA                 : int  0 0 0 1 0 0 0 0 0 0 ...
 $ RaceHorse.IsHitB                 : int  0 0 0 1 0 0 0 0 1 1 ...
 $ RaceHorse.IsHitC                 : int  0 0 0 1 0 1 0 0 1 1 ...
 $ Gen02.HansyokuNum                : Factor w/ 1080 levels "12254446","12255361",..: 1 2 3 4 5 6 7 8 9 10 ...
 $ Gen02.TimeDvByRaceAvg            : num  53.3 55.2 45.4 59.2 55 ...
 $ Gen02.TimeDvByRaceMax            : num  63 55.2 49 62.7 61.8 ...
 $ Gen02.RunCount                   : int  15 1 3 4 12 6 10 8 1 27 ...
 $ Gen02.HitCount1                  : int  0 0 0 0 0 0 1 1 0 0 ...
 $ Gen02.HitCount2                  : int  1 0 0 2 1 0 2 2 0 1 ...
 $ Gen02.HitCount3                  : int  2 0 0 2 3 0 1 0 0 1 ...
 $ Gen02.HitCount4                  : int  0 0 0 0 1 4 1 2 0 1 ...
 $ Gen02.HitCount5                  : int  1 0 0 0 1 1 3 0 0 2 ...
 $ Gen02.HitRate1                   : num  0 0 0 0 0 0 0.1 0.125 0 0 ...
 $ Gen02.HitRate2                   : num  0.0667 0 0 0.5 0.0833 ...
 $ Gen02.HitRate3                   : num  0.133 0 0 0.5 0.25 ...
 $ Gen02.HitRate4                   : num  0 0 0 0 0.0833 ...
 $ Gen02.HitRate5                   : num  0.0667 0 0 0 0.0833 ...
 $ EOF                              : int  1 1 1 1 1 1 1 1 1 1 ...
NULL
[1] "2022-02-08 04:58:44 --- transform Finish ---"
[1] "2022-02-08 04:58:44 --- na.omit Start ---"
[1] "nrow(InputDataSet) na.omit before=6347"
[1] "nrow(InputDataSet) na.omit after=6347"
[1] "nrow(InputDataSet) na.omit diff=0"
[1] "2022-02-08 04:58:44 --- na.omit Finish---"
[1] "2022-02-08 04:58:44 --- New Levels Start ---"
[1] "levels(data$Race.RaceType1Cd)=2-2-E" "levels(data$Race.RaceType1Cd)=2-2-X"
[1] "levels(InputDataSet$Race.RaceType1Cd)=2-2-E"
[2] "levels(InputDataSet$Race.RaceType1Cd)=2-2-X"
[1] "length(Race.RaceType1Cd.Index)=0"
[1] "2022-02-08 04:58:44 --- New Levels Finish ---"
[1] "2022-02-08 04:58:44 --- na.omit Start ---"
[1] "nrow(InputDataSet) na.omit levels before=6347"
[1] "nrow(InputDataSet) na.omit levels after=6347"
[1] "nrow(InputDataSet) na.omit levels diff=0"
[1] "2022-02-08 04:58:44 --- na.omit Finish ---"
[1] "2022-02-08 04:58:44 --- Predict InputDataSet Start ---"
[1] "nrow(InputDataSet) predict=6347"
[1] "str(InputDataSet)="
'data.frame':	6347 obs. of  42 variables:
 $ Race.RaceId                      : Factor w/ 510 levels "20160105-08-01-01-09",..: 1 1 1 1 1 1 1 1 1 2 ...
 $ Race.IsPredictedRace             : logi  TRUE TRUE TRUE TRUE TRUE TRUE ...
 $ Race.IsAnalyzeNormalPastAndFuture: logi  TRUE TRUE TRUE TRUE TRUE TRUE ...
 $ Race.IsAnalyzeNormalPast         : logi  TRUE TRUE TRUE TRUE TRUE TRUE ...
 $ Race.IsAnalyzeNormalFuture       : logi  FALSE FALSE FALSE FALSE FALSE FALSE ...
 $ Race.IsAnalyzeFullPastAndFuture  : logi  TRUE TRUE TRUE TRUE TRUE TRUE ...
 $ Race.IsAnalyzeFullPast           : logi  TRUE TRUE TRUE TRUE TRUE TRUE ...
 $ Race.IsAnalyzeFullFuture         : logi  FALSE FALSE FALSE FALSE FALSE FALSE ...
 $ Race.JyokenCd                    : Factor w/ 1 level "2": 1 1 1 1 1 1 1 1 1 1 ...
 $ Race.JyoType1Cd                  : Factor w/ 82 levels "2-08-1900-1",..: 1 1 1 1 1 1 1 1 1 2 ...
 $ Race.RaceType0Cd                 : Factor w/ 132 levels "2-08-1900-1-2-E-14",..: 1 1 1 1 1 1 1 1 1 2 ...
 $ Race.RaceType1Cd                 : Factor w/ 2 levels "2-2-E","2-2-X": 1 1 1 1 1 1 1 1 1 1 ...
 $ Race.RaceType2Cd                 : Factor w/ 2 levels "2-2-E","2-2-X": 1 1 1 1 1 1 1 1 1 1 ...
 $ Race.RaceType3Cd                 : Factor w/ 3 levels "2-E-14","2-E-13",..: 1 1 1 1 1 1 1 1 1 1 ...
 $ Race.RaceType4Cd                 : Factor w/ 2 levels "2-2-14","2-2-13": 1 1 1 1 1 1 1 1 1 1 ...
 $ RaceHorse.RaceId                 : Factor w/ 510 levels "20160105-08-01-01-09",..: 1 1 1 1 1 1 1 1 1 2 ...
 $ RaceHorse.KettoNum               : Factor w/ 1224 levels "2009101989","2009103516",..: 1 2 3 4 5 6 7 8 9 10 ...
 $ RaceHorse.IsHit1                 : int  0 0 0 1 0 0 0 0 0 0 ...
 $ RaceHorse.IsHit2                 : int  0 0 0 0 0 0 0 0 1 1 ...
 $ RaceHorse.IsHit3                 : int  0 0 0 0 0 1 0 0 0 0 ...
 $ RaceHorse.IsHit4                 : int  1 0 0 0 0 0 0 0 0 0 ...
 $ RaceHorse.IsHit5                 : int  0 0 0 0 0 0 0 0 0 0 ...
 $ RaceHorse.IsHit6                 : int  0 1 0 0 1 0 1 1 0 0 ...
 $ RaceHorse.IsValidRaceHorse       : logi  TRUE TRUE FALSE TRUE TRUE TRUE ...
 $ RaceHorse.IsHitA                 : int  0 0 0 1 0 0 0 0 0 0 ...
 $ RaceHorse.IsHitB                 : int  0 0 0 1 0 0 0 0 1 1 ...
 $ RaceHorse.IsHitC                 : int  0 0 0 1 0 1 0 0 1 1 ...
 $ Gen02.HansyokuNum                : Factor w/ 1080 levels "12254446","12255361",..: 1 2 3 4 5 6 7 8 9 10 ...
 $ Gen02.TimeDvByRaceAvg            : num  53.3 55.2 45.4 59.2 55 ...
 $ Gen02.TimeDvByRaceMax            : num  63 55.2 49 62.7 61.8 ...
 $ Gen02.RunCount                   : int  15 1 3 4 12 6 10 8 1 27 ...
 $ Gen02.HitCount1                  : int  0 0 0 0 0 0 1 1 0 0 ...
 $ Gen02.HitCount2                  : int  1 0 0 2 1 0 2 2 0 1 ...
 $ Gen02.HitCount3                  : int  2 0 0 2 3 0 1 0 0 1 ...
 $ Gen02.HitCount4                  : int  0 0 0 0 1 4 1 2 0 1 ...
 $ Gen02.HitCount5                  : int  1 0 0 0 1 1 3 0 0 2 ...
 $ Gen02.HitRate1                   : num  0 0 0 0 0 0 0.1 0.125 0 0 ...
 $ Gen02.HitRate2                   : num  0.0667 0 0 0.5 0.0833 ...
 $ Gen02.HitRate3                   : num  0.133 0 0 0.5 0.25 ...
 $ Gen02.HitRate4                   : num  0 0 0 0 0.0833 ...
 $ Gen02.HitRate5                   : num  0.0667 0 0 0 0.0833 ...
 $ EOF                              : int  1 1 1 1 1 1 1 1 1 1 ...
[1] "2022-02-08 04:58:44 --- Predict InputDataSet Finish ---"
[1] "2022-02-08 04:58:44 --- rxPredict (glm) Start ---"
[1] "analyzeFunc=glm"
Rows Read: 6347, Total Rows Processed: 6347, Total Chunk Time: 0.001 seconds 
[1] "nrow(PredictDataSet) afte predict=6347"
[1] "str(PredictDataSet)"
'data.frame':	6347 obs. of  1 variable:
 $ RaceHorse.IsHitA_Pred: num  0.0752 0.0516 0.0379 0.0743 0.0712 ...
NULL
[1] "head(PredictDataSet) afte predict="
  RaceHorse.IsHitA_Pred
1            0.07522382
2            0.05155141
3            0.03794910
4            0.07434308
5            0.07116777
6            0.05664126
[1] "2022-02-08 04:58:44 --- rxPredict (glm) Finish ---"
[1] "2022-02-08 04:58:44 --- add key Start ---"
[1] "nrow(OutputDataSet) add KeyColmn=6347"
[1] "str(OutputDataSet) after add Key"
'data.frame':	6347 obs. of  2 variables:
 $ RaceHorse.RaceId  : Factor w/ 510 levels "20160105-08-01-01-09",..: 1 1 1 1 1 1 1 1 1 2 ...
 $ RaceHorse.KettoNum: Factor w/ 1224 levels "2009101989","2009103516",..: 1 2 3 4 5 6 7 8 9 10 ...
NULL
[1] "2022-02-08 04:58:44 --- add key Finish ---"
[1] "2022-02-08 04:58:44 --- add PredictValue Start ---"
[1] "str(PredictDataSet) before rename="
[1] "colnames(PredictDataSet)=RaceHorse.IsHitA_Pred"
[1] "str(PredictDataSet) after rename="
'data.frame':	6347 obs. of  1 variable:
 $ PredictValue: num  0.0752 0.0516 0.0379 0.0743 0.0712 ...
NULL
[1] "str(OutputDataSet) before cbind="
'data.frame':	6347 obs. of  2 variables:
 $ RaceHorse.RaceId  : Factor w/ 510 levels "20160105-08-01-01-09",..: 1 1 1 1 1 1 1 1 1 2 ...
 $ RaceHorse.KettoNum: Factor w/ 1224 levels "2009101989","2009103516",..: 1 2 3 4 5 6 7 8 9 10 ...
NULL
[1] "str(OutputDataSet) after cbind="
'data.frame':	6347 obs. of  3 variables:
 $ RaceHorse.RaceId  : Factor w/ 510 levels "20160105-08-01-01-09",..: 1 1 1 1 1 1 1 1 1 2 ...
 $ RaceHorse.KettoNum: Factor w/ 1224 levels "2009101989","2009103516",..: 1 2 3 4 5 6 7 8 9 10 ...
 $ PredictValue      : num  0.0752 0.0516 0.0379 0.0743 0.0712 ...
NULL
[1] "2022-02-08 04:58:44 --- add PredictValue Finish ---"
[1] "2022-02-08 04:58:44 --- final Start ---"
[1] "nrow(OutputDataSet) final=6347"
[1] "head(OutputDataSet)="
      RaceHorse.RaceId RaceHorse.KettoNum PredictValue
1 20160105-08-01-01-09         2009101989   0.07522382
2 20160105-08-01-01-09         2009103516   0.05155141
3 20160105-08-01-01-09         2010100202   0.03794910
4 20160105-08-01-01-09         2010100540   0.07434308
5 20160105-08-01-01-09         2010106474   0.07116777
6 20160105-08-01-01-09         2011103479   0.05664126
[1] "str(OutputDataSet)="
'data.frame':	6347 obs. of  3 variables:
 $ RaceHorse.RaceId  : Factor w/ 510 levels "20160105-08-01-01-09",..: 1 1 1 1 1 1 1 1 1 2 ...
 $ RaceHorse.KettoNum: Factor w/ 1224 levels "2009101989","2009103516",..: 1 2 3 4 5 6 7 8 9 10 ...
 $ PredictValue      : num  0.0752 0.0516 0.0379 0.0743 0.0712 ...
NULL
[1] "2022-02-08 04:58:44 --- final Finish ---"
[1] "2022-02-08 04:58:44 --- predict.R Finished ---"
[1] "2022-02-08 04:58:44 --- log Finish ---"
