[1] "2022-02-08 09:44:45 --- D1113_analyze_glm_Jockey_IsHitA_Type16 Start ---"
[1] "2022-02-08 09:44:45 --- Log Start ---"
[1] "2022-02-08 09:44:45 --- analyze_glm.R Start ---"
[1] "analyzeVersion=D1113"
[1] "analyzeCategory=analyze"
[1] "analyzeType=Jockey"
[1] "analyzeFamily=IsHitA"
[1] "analyzeFunc=glm"
[1] "analyzeTrackTypeCd=1"
[1] "analyzeJyokenCd=6"
[1] "2022-02-08 09:44:45 --- source_function.R Start ---"
[1] "2022-02-08 09:44:45 --- source_function.R Finished ---"

> print(paste0(Sys.time(), " --- source_library.R Start ---"))
[1] "2022-02-08 09:44:45 --- source_library.R Start ---"

> require("RevoScaleR")

> print(paste0(Sys.time(), " --- source_library.R Finished ---"))
[1] "2022-02-08 09:44:50 --- source_library.R Finished ---"
[1] "2022-02-08 09:44:50 --- RxSqlServerData Start ---"
[1] "sqlQuery=SELECT * FROM ViewAnalyzeD1113analyze01JockeyType16"
Rows Read: 16220, Total Rows Processed: 16220, Total Chunk Time: 20.433 seconds 
[1] "head(data)="
           Race.RaceId Race.IsPredictedRace Race.IsAnalyzeNormalPastAndFuture
1 20161203-06-05-01-05                FALSE                              TRUE
2 20170806-10-02-04-05                FALSE                              TRUE
3 20211228-06-05-09-05                FALSE                              TRUE
4 20211226-06-05-08-06                FALSE                              TRUE
5 20161023-04-03-04-05                FALSE                              TRUE
6 20200301-09-01-02-05                FALSE                              TRUE
  Race.IsAnalyzeNormalPast Race.IsAnalyzeNormalFuture
1                     TRUE                      FALSE
2                     TRUE                      FALSE
3                    FALSE                       TRUE
4                    FALSE                       TRUE
5                     TRUE                      FALSE
6                     TRUE                      FALSE
  Race.IsAnalyzeFullPastAndFuture Race.IsAnalyzeFullPast
1                            TRUE                   TRUE
2                            TRUE                   TRUE
3                            TRUE                  FALSE
4                            TRUE                  FALSE
5                            TRUE                   TRUE
6                            TRUE                   TRUE
  Race.IsAnalyzeFullFuture Race.JyokenCd Race.JyoType1Cd   Race.RaceType0Cd
1                    FALSE             6     1-06-1200-1 1-06-1200-1-6-X-11
2                    FALSE             6     1-10-1800-1 1-10-1800-1-6-X-11
3                     TRUE             6     1-06-2000-1 1-06-2000-1-6-X-11
4                     TRUE             6     1-06-1600-1 1-06-1600-1-6-X-11
5                    FALSE             6     1-04-1600-1 1-04-1600-1-6-X-11
6                    FALSE             6     1-09-2000-2 1-09-2000-2-6-X-12
  Race.RaceType1Cd Race.RaceType2Cd Race.RaceType3Cd Race.RaceType4Cd
1            1-6-X            1-6-X           6-X-11           1-6-11
2            1-6-X            1-6-X           6-X-11           1-6-11
3            1-6-X            1-6-X           6-X-11           1-6-11
4            1-6-X            1-6-X           6-X-11           1-6-11
5            1-6-X            1-6-X           6-X-11           1-6-11
6            1-6-X            1-6-X           6-X-12           1-6-12
      RaceHorse.RaceId RaceHorse.KettoNum RaceHorse.IsHit1 RaceHorse.IsHit2
1 20161203-06-05-01-05         2014103453                0                0
2 20170806-10-02-04-05         2015104356                0                0
3 20211228-06-05-09-05         2019103489                0                0
4 20211226-06-05-08-06         2019109091                0                0
5 20161023-04-03-04-05         2014100306                0                0
6 20200301-09-01-02-05         2017103469                0                0
  RaceHorse.IsHit3 RaceHorse.IsHit4 RaceHorse.IsHit5 RaceHorse.IsHit6
1                0                1                0                0
2                0                0                1                0
3                0                0                1                0
4                0                0                0                1
5                0                0                0                1
6                0                0                0                1
  RaceHorse.IsValidRaceHorse RaceHorse.IsHitA RaceHorse.IsHitB RaceHorse.IsHitC
1                       TRUE                0                0                0
2                       TRUE                0                0                0
3                       TRUE                0                0                0
4                       TRUE                0                0                0
5                      FALSE                0                0                0
6                       TRUE                0                0                0
  Jockey.KisyuCode Jockey.TimeDvByRaceAvg Jockey.TimeDvByRaceMax
1            01075                     53                     69
2            05212                     55                     68
3            05386                     54                     67
4            01127                     51                     68
5            01117                     50                     67
6            05203                     53                     73
  Jockey.RunCount Jockey.HitCount1 Jockey.HitCount2 Jockey.HitCount3
1             273               28               33               26
2             158               32               26               16
3             244               30               27               29
4             187               17               14               16
5             118                8                9                7
6             239               23               27               31
  Jockey.HitCount4 Jockey.HitCount5 Jockey.HitRate1 Jockey.HitRate2
1               17               20            0.10            0.12
2               15               18            0.20            0.16
3               25               16            0.12            0.11
4               14                9            0.09            0.07
5               10                5            0.07            0.08
6               26               21            0.10            0.11
  Jockey.HitRate3 Jockey.HitRate4 Jockey.HitRate5 EOF
1            0.10            0.06            0.07   1
2            0.10            0.09            0.11   1
3            0.12            0.10            0.07   1
4            0.09            0.07            0.05   1
5            0.06            0.08            0.04   1
6            0.13            0.11            0.09   1
[1] "object.size(data) auto=4.4 Mb"
[1] "nrow(data) RxSqlServerData=16220"
[1] "str(data)="
'data.frame':	16220 obs. of  42 variables:
 $ Race.RaceId                      : Factor w/ 1208 levels "20211219-07-06-06-05",..: 11 12 13 14 15 16 17 18 19 20 ...
 $ Race.IsPredictedRace             : logi  FALSE FALSE FALSE FALSE FALSE FALSE ...
 $ Race.IsAnalyzeNormalPastAndFuture: logi  TRUE TRUE TRUE TRUE TRUE TRUE ...
 $ Race.IsAnalyzeNormalPast         : logi  TRUE TRUE FALSE FALSE TRUE TRUE ...
 $ Race.IsAnalyzeNormalFuture       : logi  FALSE FALSE TRUE TRUE FALSE FALSE ...
 $ Race.IsAnalyzeFullPastAndFuture  : logi  TRUE TRUE TRUE TRUE TRUE TRUE ...
 $ Race.IsAnalyzeFullPast           : logi  TRUE TRUE FALSE FALSE TRUE TRUE ...
 $ Race.IsAnalyzeFullFuture         : logi  FALSE FALSE TRUE TRUE FALSE FALSE ...
 $ Race.JyokenCd                    : Factor w/ 1 level "6": 1 1 1 1 1 1 1 1 1 1 ...
 $ Race.JyoType1Cd                  : Factor w/ 126 levels "1-07-1400-1",..: 10 11 3 2 12 13 14 15 16 17 ...
 $ Race.RaceType0Cd                 : Factor w/ 155 levels "1-07-1400-1-6-X-11",..: 10 11 12 2 13 14 15 16 17 18 ...
 $ Race.RaceType1Cd                 : Factor w/ 1 level "1-6-X": 1 1 1 1 1 1 1 1 1 1 ...
 $ Race.RaceType2Cd                 : Factor w/ 1 level "1-6-X": 1 1 1 1 1 1 1 1 1 1 ...
 $ Race.RaceType3Cd                 : Factor w/ 2 levels "6-X-11","6-X-12": 1 1 1 1 1 2 1 1 1 1 ...
 $ Race.RaceType4Cd                 : Factor w/ 2 levels "1-6-11","1-6-12": 1 1 1 1 1 2 1 1 1 1 ...
 $ RaceHorse.RaceId                 : Factor w/ 1208 levels "20211219-07-06-06-05",..: 11 12 13 14 15 16 17 18 19 20 ...
 $ RaceHorse.KettoNum               : Factor w/ 16187 levels "2019106242","2018101392",..: 11 12 13 14 15 16 17 18 19 20 ...
 $ RaceHorse.IsHit1                 : int  0 0 0 0 0 0 0 0 0 0 ...
 $ RaceHorse.IsHit2                 : int  0 0 0 0 0 0 0 0 0 1 ...
 $ RaceHorse.IsHit3                 : int  0 0 0 0 0 0 0 0 0 0 ...
 $ RaceHorse.IsHit4                 : int  1 0 0 0 0 0 0 0 0 0 ...
 $ RaceHorse.IsHit5                 : int  0 1 1 0 0 0 0 0 0 0 ...
 $ RaceHorse.IsHit6                 : int  0 0 0 1 1 1 1 1 1 0 ...
 $ RaceHorse.IsValidRaceHorse       : logi  TRUE TRUE TRUE TRUE FALSE TRUE ...
 $ RaceHorse.IsHitA                 : int  0 0 0 0 0 0 0 0 0 0 ...
 $ RaceHorse.IsHitB                 : int  0 0 0 0 0 0 0 0 0 1 ...
 $ RaceHorse.IsHitC                 : int  0 0 0 0 0 0 0 0 0 1 ...
 $ Jockey.KisyuCode                 : Factor w/ 176 levels "01037","01162",..: 11 12 13 14 15 16 17 18 4 19 ...
 $ Jockey.TimeDvByRaceAvg           : num  52.9 55.2 53.7 51.4 49.8 ...
 $ Jockey.TimeDvByRaceMax           : num  69.1 68.3 67.2 67.7 67 ...
 $ Jockey.RunCount                  : int  273 158 244 187 118 239 172 67 60 113 ...
 $ Jockey.HitCount1                 : int  28 32 30 17 8 23 11 4 7 21 ...
 $ Jockey.HitCount2                 : int  33 26 27 14 9 27 4 1 3 15 ...
 $ Jockey.HitCount3                 : int  26 16 29 16 7 31 7 6 1 12 ...
 $ Jockey.HitCount4                 : int  17 15 25 14 10 26 8 3 4 12 ...
 $ Jockey.HitCount5                 : int  20 18 16 9 5 21 4 2 4 10 ...
 $ Jockey.HitRate1                  : num  0.1026 0.2025 0.123 0.0909 0.0678 ...
 $ Jockey.HitRate2                  : num  0.1209 0.1646 0.1107 0.0749 0.0763 ...
 $ Jockey.HitRate3                  : num  0.0952 0.1013 0.1189 0.0856 0.0593 ...
 $ Jockey.HitRate4                  : num  0.0623 0.0949 0.1025 0.0749 0.0847 ...
 $ Jockey.HitRate5                  : num  0.0733 0.1139 0.0656 0.0481 0.0424 ...
 $ EOF                              : int  1 1 1 1 1 1 1 1 1 1 ...
[1] "2022-02-08 09:45:31 --- RxSqlServerData Finish ---"
[1] "2022-02-08 09:45:31 --- subset Start ---"
[1] "nrow(data) subset before=16220"
[1] "nrow(data) subset after =12703"
[1] "nrow(data) subset diff =3517"
[1] "2022-02-08 09:45:31 --- subset Finish---"
[1] "2022-02-08 09:45:31 --- transform Start ---"
[1] "nrow(data) transform before=12703"
[1] "nrow(data) transform after=12703"
[1] "nrow(data) transform diff=0"
[1] "str(data)="
'data.frame':	12703 obs. of  42 variables:
 $ Race.RaceId                      : Factor w/ 1208 levels "20211219-07-06-06-05",..: 11 12 16 17 18 19 20 22 23 24 ...
 $ Race.IsPredictedRace             : logi  FALSE FALSE FALSE FALSE FALSE FALSE ...
 $ Race.IsAnalyzeNormalPastAndFuture: logi  TRUE TRUE TRUE TRUE TRUE TRUE ...
 $ Race.IsAnalyzeNormalPast         : logi  TRUE TRUE TRUE TRUE TRUE TRUE ...
 $ Race.IsAnalyzeNormalFuture       : logi  FALSE FALSE FALSE FALSE FALSE FALSE ...
 $ Race.IsAnalyzeFullPastAndFuture  : logi  TRUE TRUE TRUE TRUE TRUE TRUE ...
 $ Race.IsAnalyzeFullPast           : logi  TRUE TRUE TRUE TRUE TRUE TRUE ...
 $ Race.IsAnalyzeFullFuture         : logi  FALSE FALSE FALSE FALSE FALSE FALSE ...
 $ Race.JyokenCd                    : Factor w/ 1 level "6": 1 1 1 1 1 1 1 1 1 1 ...
 $ Race.JyoType1Cd                  : Factor w/ 126 levels "1-07-1400-1",..: 10 11 13 14 15 16 17 18 19 20 ...
 $ Race.RaceType0Cd                 : Factor w/ 155 levels "1-07-1400-1-6-X-11",..: 10 11 14 15 16 17 18 19 20 21 ...
 $ Race.RaceType1Cd                 : Factor w/ 1 level "1-6-X": 1 1 1 1 1 1 1 1 1 1 ...
 $ Race.RaceType2Cd                 : Factor w/ 1 level "1-6-X": 1 1 1 1 1 1 1 1 1 1 ...
 $ Race.RaceType3Cd                 : Factor w/ 2 levels "6-X-11","6-X-12": 1 1 2 1 1 1 1 1 1 1 ...
 $ Race.RaceType4Cd                 : Factor w/ 2 levels "1-6-11","1-6-12": 1 1 2 1 1 1 1 1 1 1 ...
 $ RaceHorse.RaceId                 : Factor w/ 1208 levels "20211219-07-06-06-05",..: 11 12 16 17 18 19 20 22 23 24 ...
 $ RaceHorse.KettoNum               : Factor w/ 16187 levels "2019106242","2018101392",..: 11 12 16 17 18 19 20 22 23 24 ...
 $ RaceHorse.IsHit1                 : int  0 0 0 0 0 0 0 0 1 0 ...
 $ RaceHorse.IsHit2                 : int  0 0 0 0 0 0 1 0 0 1 ...
 $ RaceHorse.IsHit3                 : int  0 0 0 0 0 0 0 1 0 0 ...
 $ RaceHorse.IsHit4                 : int  1 0 0 0 0 0 0 0 0 0 ...
 $ RaceHorse.IsHit5                 : int  0 1 0 0 0 0 0 0 0 0 ...
 $ RaceHorse.IsHit6                 : int  0 0 1 1 1 1 0 0 0 0 ...
 $ RaceHorse.IsValidRaceHorse       : logi  TRUE TRUE TRUE TRUE TRUE TRUE ...
 $ RaceHorse.IsHitA                 : int  0 0 0 0 0 0 0 0 1 0 ...
 $ RaceHorse.IsHitB                 : int  0 0 0 0 0 0 1 0 1 1 ...
 $ RaceHorse.IsHitC                 : int  0 0 0 0 0 0 1 1 1 1 ...
 $ Jockey.KisyuCode                 : Factor w/ 176 levels "01037","01162",..: 11 12 16 17 18 4 19 21 16 20 ...
 $ Jockey.TimeDvByRaceAvg           : num  52.9 55.2 52.9 48.1 49 ...
 $ Jockey.TimeDvByRaceMax           : num  69.1 68.3 73.3 74.1 72.1 ...
 $ Jockey.RunCount                  : int  273 158 239 172 67 60 113 231 258 232 ...
 $ Jockey.HitCount1                 : int  28 32 23 11 4 7 21 30 33 11 ...
 $ Jockey.HitCount2                 : int  33 26 27 4 1 3 15 33 31 13 ...
 $ Jockey.HitCount3                 : int  26 16 31 7 6 1 12 28 30 17 ...
 $ Jockey.HitCount4                 : int  17 15 26 8 3 4 12 19 28 12 ...
 $ Jockey.HitCount5                 : int  20 18 21 4 2 4 10 16 25 18 ...
 $ Jockey.HitRate1                  : num  0.1026 0.2025 0.0962 0.064 0.0597 ...
 $ Jockey.HitRate2                  : num  0.1209 0.1646 0.113 0.0233 0.0149 ...
 $ Jockey.HitRate3                  : num  0.0952 0.1013 0.1297 0.0407 0.0896 ...
 $ Jockey.HitRate4                  : num  0.0623 0.0949 0.1088 0.0465 0.0448 ...
 $ Jockey.HitRate5                  : num  0.0733 0.1139 0.0879 0.0233 0.0299 ...
 $ EOF                              : int  1 1 1 1 1 1 1 1 1 1 ...
NULL
[1] "2022-02-08 09:45:31 --- transform Finish ---"
[1] "2022-02-08 09:45:31 --- na.omit Start ---"
[1] "nrow(data) na.omit before=12703"
[1] "nrow(data) na.omit after =12703"
[1] "nrow(data) na.omit diff =0"
'data.frame':	12703 obs. of  42 variables:
 $ Race.RaceId                      : Factor w/ 1208 levels "20211219-07-06-06-05",..: 11 12 16 17 18 19 20 22 23 24 ...
 $ Race.IsPredictedRace             : logi  FALSE FALSE FALSE FALSE FALSE FALSE ...
 $ Race.IsAnalyzeNormalPastAndFuture: logi  TRUE TRUE TRUE TRUE TRUE TRUE ...
 $ Race.IsAnalyzeNormalPast         : logi  TRUE TRUE TRUE TRUE TRUE TRUE ...
 $ Race.IsAnalyzeNormalFuture       : logi  FALSE FALSE FALSE FALSE FALSE FALSE ...
 $ Race.IsAnalyzeFullPastAndFuture  : logi  TRUE TRUE TRUE TRUE TRUE TRUE ...
 $ Race.IsAnalyzeFullPast           : logi  TRUE TRUE TRUE TRUE TRUE TRUE ...
 $ Race.IsAnalyzeFullFuture         : logi  FALSE FALSE FALSE FALSE FALSE FALSE ...
 $ Race.JyokenCd                    : Factor w/ 1 level "6": 1 1 1 1 1 1 1 1 1 1 ...
 $ Race.JyoType1Cd                  : Factor w/ 126 levels "1-07-1400-1",..: 10 11 13 14 15 16 17 18 19 20 ...
 $ Race.RaceType0Cd                 : Factor w/ 155 levels "1-07-1400-1-6-X-11",..: 10 11 14 15 16 17 18 19 20 21 ...
 $ Race.RaceType1Cd                 : Factor w/ 1 level "1-6-X": 1 1 1 1 1 1 1 1 1 1 ...
 $ Race.RaceType2Cd                 : Factor w/ 1 level "1-6-X": 1 1 1 1 1 1 1 1 1 1 ...
 $ Race.RaceType3Cd                 : Factor w/ 2 levels "6-X-11","6-X-12": 1 1 2 1 1 1 1 1 1 1 ...
 $ Race.RaceType4Cd                 : Factor w/ 2 levels "1-6-11","1-6-12": 1 1 2 1 1 1 1 1 1 1 ...
 $ RaceHorse.RaceId                 : Factor w/ 1208 levels "20211219-07-06-06-05",..: 11 12 16 17 18 19 20 22 23 24 ...
 $ RaceHorse.KettoNum               : Factor w/ 16187 levels "2019106242","2018101392",..: 11 12 16 17 18 19 20 22 23 24 ...
 $ RaceHorse.IsHit1                 : int  0 0 0 0 0 0 0 0 1 0 ...
 $ RaceHorse.IsHit2                 : int  0 0 0 0 0 0 1 0 0 1 ...
 $ RaceHorse.IsHit3                 : int  0 0 0 0 0 0 0 1 0 0 ...
 $ RaceHorse.IsHit4                 : int  1 0 0 0 0 0 0 0 0 0 ...
 $ RaceHorse.IsHit5                 : int  0 1 0 0 0 0 0 0 0 0 ...
 $ RaceHorse.IsHit6                 : int  0 0 1 1 1 1 0 0 0 0 ...
 $ RaceHorse.IsValidRaceHorse       : logi  TRUE TRUE TRUE TRUE TRUE TRUE ...
 $ RaceHorse.IsHitA                 : int  0 0 0 0 0 0 0 0 1 0 ...
 $ RaceHorse.IsHitB                 : int  0 0 0 0 0 0 1 0 1 1 ...
 $ RaceHorse.IsHitC                 : int  0 0 0 0 0 0 1 1 1 1 ...
 $ Jockey.KisyuCode                 : Factor w/ 176 levels "01037","01162",..: 11 12 16 17 18 4 19 21 16 20 ...
 $ Jockey.TimeDvByRaceAvg           : num  52.9 55.2 52.9 48.1 49 ...
 $ Jockey.TimeDvByRaceMax           : num  69.1 68.3 73.3 74.1 72.1 ...
 $ Jockey.RunCount                  : int  273 158 239 172 67 60 113 231 258 232 ...
 $ Jockey.HitCount1                 : int  28 32 23 11 4 7 21 30 33 11 ...
 $ Jockey.HitCount2                 : int  33 26 27 4 1 3 15 33 31 13 ...
 $ Jockey.HitCount3                 : int  26 16 31 7 6 1 12 28 30 17 ...
 $ Jockey.HitCount4                 : int  17 15 26 8 3 4 12 19 28 12 ...
 $ Jockey.HitCount5                 : int  20 18 21 4 2 4 10 16 25 18 ...
 $ Jockey.HitRate1                  : num  0.1026 0.2025 0.0962 0.064 0.0597 ...
 $ Jockey.HitRate2                  : num  0.1209 0.1646 0.113 0.0233 0.0149 ...
 $ Jockey.HitRate3                  : num  0.0952 0.1013 0.1297 0.0407 0.0896 ...
 $ Jockey.HitRate4                  : num  0.0623 0.0949 0.1088 0.0465 0.0448 ...
 $ Jockey.HitRate5                  : num  0.0733 0.1139 0.0879 0.0233 0.0299 ...
 $ EOF                              : int  1 1 1 1 1 1 1 1 1 1 ...
[1] "2022-02-08 09:45:32 --- na.omit Finish ---"
[1] "2022-02-08 09:45:32 --- rxGlm with rxStepControl Start ---"
[1] "2022-02-08 09:45:32 --- source_logic_glm.R Start ---"
[1] "2022-02-08 09:45:32 --- source_logic_glm.R Finished ---"
Rows Read: 12703, Total Rows Processed: 12703, Total Chunk Time: 0.002 seconds 

Starting values (iteration 1) time: 0.012 secs.
Rows Read: 12703, Total Rows Processed: 12703, Total Chunk Time: Less than .001 seconds 

Iteration 2 time: 0.006 secs.
Rows Read: 12703, Total Rows Processed: 12703, Total Chunk Time: Less than .001 seconds 

Iteration 3 time: 0.004 secs.
Rows Read: 12703, Total Rows Processed: 12703, Total Chunk Time: 0.002 seconds 

Iteration 4 time: 0.004 secs.
Rows Read: 12703, Total Rows Processed: 12703, Total Chunk Time: Less than .001 seconds 

Iteration 5 time: 0.004 secs.
Rows Read: 12703, Total Rows Processed: 12703, Total Chunk Time: 0.001 seconds 

Iteration 6 time: 0.004 secs.

Elapsed computation time: 0.045 secs.
Rows Read: 12703, Total Rows Processed: 12703, Total Chunk Time: 0.001 seconds 

Starting values (iteration 1) time: 0.009 secs.
Rows Read: 12703, Total Rows Processed: 12703, Total Chunk Time: Less than .001 seconds 

Iteration 2 time: 0.006 secs.
Rows Read: 12703, Total Rows Processed: 12703, Total Chunk Time: 0.001 seconds 

Iteration 3 time: 0.004 secs.
Rows Read: 12703, Total Rows Processed: 12703, Total Chunk Time: Less than .001 seconds 

Iteration 4 time: 0.002 secs.
Rows Read: 12703, Total Rows Processed: 12703, Total Chunk Time: Less than .001 seconds 

Iteration 5 time: 0.003 secs.

Elapsed computation time: 0.037 secs.
Rows Read: 12703, Total Rows Processed: 12703, Total Chunk Time: 0.002 seconds 

Starting values (iteration 1) time: 0.008 secs.
Rows Read: 12703, Total Rows Processed: 12703, Total Chunk Time: Less than .001 seconds 

Iteration 2 time: 0.006 secs.
Rows Read: 12703, Total Rows Processed: 12703, Total Chunk Time: 0.002 seconds 

Iteration 3 time: 0.003 secs.
Rows Read: 12703, Total Rows Processed: 12703, Total Chunk Time: Less than .001 seconds 

Iteration 4 time: 0.004 secs.
Rows Read: 12703, Total Rows Processed: 12703, Total Chunk Time: 0.002 seconds 

Iteration 5 time: 0.004 secs.
Rows Read: 12703, Total Rows Processed: 12703, Total Chunk Time: 0.002 seconds 

Iteration 6 time: 0.005 secs.

Elapsed computation time: 0.046 secs.

Elapsed computation time: 0.142 secs.
[1] "analyze.results.glm.step="
Generalized Linear Model Results for: RaceHorse.IsHitA ~
    Jockey.TimeDvByRaceAvg
Data: data
Dependent variable(s): RaceHorse.IsHitA
Total independent variables: 2 
Number of valid observations: 12703
Number of missing observations: 0 
Family-link: binomial-logit 
 
 
Coefficients:
                       RaceHorse.IsHitA
(Intercept)                       -14.5
Jockey.TimeDvByRaceAvg              0.2
[1] "analyze.results.glm.step.summary"
Call:
rxGlm(formula = form, data = data, family = binomial(), variableSelection = analyze.results.glm.step.varsel)

Generalized Linear Model Results for: RaceHorse.IsHitA ~
    Jockey.TimeDvByRaceAvg
Data: data
Dependent variable(s): RaceHorse.IsHitA
Total independent variables: 2 
Number of valid observations: 12703
Number of missing observations: 0 
Family-link: binomial-logit 
 
Residual deviance: 6518.188 (on 12701 degrees of freedom)
 
Coefficients:
                       Estimate Std. Error z value Pr(>|z|)    
(Intercept)            -14.5267     0.5956   -24.4  2.2e-16 ***
Jockey.TimeDvByRaceAvg   0.2333     0.0113    20.6  2.2e-16 ***
---
Signif. codes:  0 '***' 0.001 '**' 0.01 '*' 0.05 '.' 0.1 ' ' 1

(Dispersion parameter for binomial family taken to be 1)

Condition number of final variance-covariance matrix: 1 
Number of iterations: 6
[1] "2022-02-08 09:45:32 --- rxGlm with rxStepControl Finish ---"
[1] "2022-02-08 09:45:32 --- rxStepPlot Start ---"
[1] "pdfFilename=pdf_analyze_glm_Jockey_Type16_rxStepPlot.pdf"
[1] "rxStepPlot="
[1] "2022-02-08 09:45:32 --- rxStepPlot Finish ---"
[1] "2022-02-08 09:45:32 --- save.image Start ---"
[1] "save.image"
[1] "rdataFilename=RData_analyze_glm_Jockey_Type16.RData"
[1] "2022-02-08 09:45:34 --- save.image Finish ---"
[1] "2022-02-08 09:45:34 --- final Start ---"
[1] "nrow(data) final=12703"
[1] "2022-02-08 09:45:34 --- final Finish ---"
[1] "2022-02-08 09:45:34 --- analyze_glm.R Finished ---"
[1] "2022-02-08 09:45:34 --- log Finish ---"
