[1] "2022-02-08 02:55:46 --- D1113_Predict_glm_Odds_IsHitA_Type14 Start ---"
[1] "2022-02-08 02:55:46 --- Log Start ---"
[1] "2022-02-08 02:55:46 --- predict.R Start ---"
[1] "analyzeVersion=D1113"
[1] "analyzeCategory=Predict"
[1] "analyzeType=Odds"
[1] "analyzeFamily=IsHitA"
[1] "analyzeFunc=glm"
[1] "analyzeTrackTypeCd=1"
[1] "analyzeJyokenCd=4"
[1] "2022-02-08 02:55:46 --- source_function.R Start ---"
[1] "2022-02-08 02:55:46 --- source_function.R Finished ---"

> print(paste0(Sys.time(), " --- source_library.R Start ---"))
[1] "2022-02-08 02:55:46 --- source_library.R Start ---"

> require("RevoScaleR")

> print(paste0(Sys.time(), " --- source_library.R Finished ---"))
[1] "2022-02-08 02:55:46 --- source_library.R Finished ---"
[1] "2022-02-08 02:55:46 --- Load Start ---"
[1] "loadFilename=RData_Analyze_glm_Odds_Type14.RData"
[1] "2022-02-08 02:55:47 --- Load Finished ---"
[1] "2022-02-08 02:55:47 --- RxSqlServerData Start ---"
[1] "sqlQuery=SELECT * FROM ViewAnalyzeD1113analyze01OddsType14 WHERE [Race.IsPredictedRace] = 1"
Rows Read: 36381, Total Rows Processed: 36381, Total Chunk Time: 0.606 seconds 
[1] "head(InputDataSet)="
           Race.RaceId Race.IsPredictedRace Race.IsAnalyzeNormalPastAndFuture
1 20160109-06-01-02-06                 TRUE                              TRUE
2 20160109-06-01-02-06                 TRUE                              TRUE
3 20160109-06-01-02-06                 TRUE                              TRUE
4 20160109-06-01-02-06                 TRUE                              TRUE
5 20160109-06-01-02-06                 TRUE                              TRUE
6 20160109-06-01-02-06                 TRUE                              TRUE
  Race.IsAnalyzeNormalPast Race.IsAnalyzeNormalFuture
1                     TRUE                      FALSE
2                     TRUE                      FALSE
3                     TRUE                      FALSE
4                     TRUE                      FALSE
5                     TRUE                      FALSE
6                     TRUE                      FALSE
  Race.IsAnalyzeFullPastAndFuture Race.IsAnalyzeFullPast
1                            TRUE                   TRUE
2                            TRUE                   TRUE
3                            TRUE                   TRUE
4                            TRUE                   TRUE
5                            TRUE                   TRUE
6                            TRUE                   TRUE
  Race.IsAnalyzeFullFuture Race.JyokenCd Race.JyoType1Cd   Race.RaceType0Cd
1                    FALSE             4     1-06-1200-1 1-06-1200-1-4-X-12
2                    FALSE             4     1-06-1200-1 1-06-1200-1-4-X-12
3                    FALSE             4     1-06-1200-1 1-06-1200-1-4-X-12
4                    FALSE             4     1-06-1200-1 1-06-1200-1-4-X-12
5                    FALSE             4     1-06-1200-1 1-06-1200-1-4-X-12
6                    FALSE             4     1-06-1200-1 1-06-1200-1-4-X-12
  Race.RaceType1Cd Race.RaceType2Cd Race.RaceType3Cd Race.RaceType4Cd
1            1-4-X            1-4-X           4-X-12           1-4-12
2            1-4-X            1-4-X           4-X-12           1-4-12
3            1-4-X            1-4-X           4-X-12           1-4-12
4            1-4-X            1-4-X           4-X-12           1-4-12
5            1-4-X            1-4-X           4-X-12           1-4-12
6            1-4-X            1-4-X           4-X-12           1-4-12
      RaceHorse.RaceId RaceHorse.KettoNum RaceHorse.IsHit1 RaceHorse.IsHit2
1 20160109-06-01-02-06         2013102061                0                0
2 20160109-06-01-02-06         2013100782                0                1
3 20160109-06-01-02-06         2013100092                0                0
4 20160109-06-01-02-06         2013102966                0                0
5 20160109-06-01-02-06         2013106011                0                0
6 20160109-06-01-02-06         2013106293                0                0
  RaceHorse.IsHit3 RaceHorse.IsHit4 RaceHorse.IsHit5 RaceHorse.IsHit6
1                0                0                0                1
2                0                0                0                0
3                0                0                0                1
4                0                0                0                1
5                0                0                0                1
6                0                0                1                0
  RaceHorse.IsValidRaceHorse RaceHorse.IsHitA RaceHorse.IsHitB RaceHorse.IsHitC
1                       TRUE                0                0                0
2                       TRUE                0                1                1
3                       TRUE                0                0                0
4                       TRUE                0                0                0
5                       TRUE                0                0                0
6                       TRUE                0                0                0
  OddsByWin.Odds1 OddsByWin.Ninki OddsByWin.OddsLog1 OddsByWin.OddsRatio1
1            50.4               8           3.939638           0.02024291
2             4.8               3           1.757858           0.26315789
3            75.3              10           4.334673           0.01345895
4           112.9              12           4.735321           0.00893655
5             3.9               2           1.589235           0.34482759
6             8.9               4           2.292535           0.12658228
  OddsByWin.OddsLogit1 OddsByWin.ApprovalRate1 OddsByWin.ApprovalRateLog1 EOF
1            -3.919991             0.019841270                0.019646997   1
2            -1.568616             0.208333333                0.189242000   1
3            -4.321480             0.013280212                0.013192803   1
4            -4.726502             0.008857396                0.008818399   1
5            -1.360977             0.256410256                0.228258652   1
6            -2.186051             0.112359551                0.106483480   1
[1] "object.size(InputDataSet) auto=6.9 Mb"
[1] "nrow(InputDataSet) RxSqlServerData=36381"
[1] "str(InputDataSet)="
'data.frame':	36381 obs. of  35 variables:
 $ Race.RaceId                      : Factor w/ 2691 levels "20160109-06-01-02-06",..: 1 1 1 1 1 1 1 1 1 1 ...
 $ Race.IsPredictedRace             : logi  TRUE TRUE TRUE TRUE TRUE TRUE ...
 $ Race.IsAnalyzeNormalPastAndFuture: logi  TRUE TRUE TRUE TRUE TRUE TRUE ...
 $ Race.IsAnalyzeNormalPast         : logi  TRUE TRUE TRUE TRUE TRUE TRUE ...
 $ Race.IsAnalyzeNormalFuture       : logi  FALSE FALSE FALSE FALSE FALSE FALSE ...
 $ Race.IsAnalyzeFullPastAndFuture  : logi  TRUE TRUE TRUE TRUE TRUE TRUE ...
 $ Race.IsAnalyzeFullPast           : logi  TRUE TRUE TRUE TRUE TRUE TRUE ...
 $ Race.IsAnalyzeFullFuture         : logi  FALSE FALSE FALSE FALSE FALSE FALSE ...
 $ Race.JyokenCd                    : Factor w/ 1 level "4": 1 1 1 1 1 1 1 1 1 1 ...
 $ Race.JyoType1Cd                  : Factor w/ 182 levels "1-06-1200-1",..: 1 1 1 1 1 1 1 1 1 1 ...
 $ Race.RaceType0Cd                 : Factor w/ 548 levels "1-06-1200-1-4-X-12",..: 1 1 1 1 1 1 1 1 1 1 ...
 $ Race.RaceType1Cd                 : Factor w/ 2 levels "1-4-X","1-4-E": 1 1 1 1 1 1 1 1 1 1 ...
 $ Race.RaceType2Cd                 : Factor w/ 2 levels "1-4-X","1-4-E": 1 1 1 1 1 1 1 1 1 1 ...
 $ Race.RaceType3Cd                 : Factor w/ 8 levels "4-X-12","4-X-14",..: 1 1 1 1 1 1 1 1 1 1 ...
 $ Race.RaceType4Cd                 : Factor w/ 4 levels "1-4-12","1-4-14",..: 1 1 1 1 1 1 1 1 1 1 ...
 $ RaceHorse.RaceId                 : Factor w/ 2691 levels "20160109-06-01-02-06",..: 1 1 1 1 1 1 1 1 1 1 ...
 $ RaceHorse.KettoNum               : Factor w/ 8167 levels "2013102061","2013100782",..: 1 2 3 4 5 6 7 8 9 10 ...
 $ RaceHorse.IsHit1                 : int  0 0 0 0 0 0 0 0 0 0 ...
 $ RaceHorse.IsHit2                 : int  0 1 0 0 0 0 0 0 0 0 ...
 $ RaceHorse.IsHit3                 : int  0 0 0 0 0 0 0 0 0 0 ...
 $ RaceHorse.IsHit4                 : int  0 0 0 0 0 0 0 0 1 0 ...
 $ RaceHorse.IsHit5                 : int  0 0 0 0 0 1 0 0 0 0 ...
 $ RaceHorse.IsHit6                 : int  1 0 1 1 1 0 1 1 0 1 ...
 $ RaceHorse.IsValidRaceHorse       : logi  TRUE TRUE TRUE TRUE TRUE TRUE ...
 $ RaceHorse.IsHitA                 : int  0 0 0 0 0 0 0 0 0 0 ...
 $ RaceHorse.IsHitB                 : int  0 1 0 0 0 0 0 0 0 0 ...
 $ RaceHorse.IsHitC                 : int  0 1 0 0 0 0 0 0 0 0 ...
 $ OddsByWin.Odds1                  : num  50.4 4.8 75.3 112.9 3.9 ...
 $ OddsByWin.Ninki                  : num  8 3 10 12 2 4 11 14 7 6 ...
 $ OddsByWin.OddsLog1               : num  3.94 1.76 4.33 4.74 1.59 ...
 $ OddsByWin.OddsRatio1             : num  0.02024 0.26316 0.01346 0.00894 0.34483 ...
 $ OddsByWin.OddsLogit1             : num  -3.92 -1.57 -4.32 -4.73 -1.36 ...
 $ OddsByWin.ApprovalRate1          : num  0.01984 0.20833 0.01328 0.00886 0.25641 ...
 $ OddsByWin.ApprovalRateLog1       : num  0.01965 0.18924 0.01319 0.00882 0.22826 ...
 $ EOF                              : int  1 1 1 1 1 1 1 1 1 1 ...
[1] "2022-02-08 02:55:48 --- RxSqlServerData Finish ---"
[1] "2022-02-08 02:55:48 --- subset Start ---"
[1] "nrow(InputDataSet) subset before=36381"
[1] "nrow(InputDataSet) subset after=36381"
[1] "nrow(InputDataSet) subset diff=0"
[1] "class(InputDataSet$Race.IsAnalyzeNormalPast)=logical"
[1] "class(InputDataSet$Race.analyzeTrackTypeCd)=NULL"
[1] "2022-02-08 02:55:48 --- subset Finish ---"
[1] "2022-02-08 02:55:48 --- transform Start ---"
[1] "nrow(InputDataSet) transaform before=36381"
[1] "nrow(InputDataSet) transaform after=36381"
[1] "nrow(InputDataSet) transaform diff=0"
[1] "str(InputDataSet)="
'data.frame':	36381 obs. of  35 variables:
 $ Race.RaceId                      : Factor w/ 2691 levels "20160109-06-01-02-06",..: 1 1 1 1 1 1 1 1 1 1 ...
 $ Race.IsPredictedRace             : logi  TRUE TRUE TRUE TRUE TRUE TRUE ...
 $ Race.IsAnalyzeNormalPastAndFuture: logi  TRUE TRUE TRUE TRUE TRUE TRUE ...
 $ Race.IsAnalyzeNormalPast         : logi  TRUE TRUE TRUE TRUE TRUE TRUE ...
 $ Race.IsAnalyzeNormalFuture       : logi  FALSE FALSE FALSE FALSE FALSE FALSE ...
 $ Race.IsAnalyzeFullPastAndFuture  : logi  TRUE TRUE TRUE TRUE TRUE TRUE ...
 $ Race.IsAnalyzeFullPast           : logi  TRUE TRUE TRUE TRUE TRUE TRUE ...
 $ Race.IsAnalyzeFullFuture         : logi  FALSE FALSE FALSE FALSE FALSE FALSE ...
 $ Race.JyokenCd                    : Factor w/ 1 level "4": 1 1 1 1 1 1 1 1 1 1 ...
 $ Race.JyoType1Cd                  : Factor w/ 182 levels "1-06-1200-1",..: 1 1 1 1 1 1 1 1 1 1 ...
 $ Race.RaceType0Cd                 : Factor w/ 548 levels "1-06-1200-1-4-X-12",..: 1 1 1 1 1 1 1 1 1 1 ...
 $ Race.RaceType1Cd                 : Factor w/ 2 levels "1-4-X","1-4-E": 1 1 1 1 1 1 1 1 1 1 ...
 $ Race.RaceType2Cd                 : Factor w/ 2 levels "1-4-X","1-4-E": 1 1 1 1 1 1 1 1 1 1 ...
 $ Race.RaceType3Cd                 : Factor w/ 8 levels "4-X-12","4-X-14",..: 1 1 1 1 1 1 1 1 1 1 ...
 $ Race.RaceType4Cd                 : Factor w/ 4 levels "1-4-12","1-4-14",..: 1 1 1 1 1 1 1 1 1 1 ...
 $ RaceHorse.RaceId                 : Factor w/ 2691 levels "20160109-06-01-02-06",..: 1 1 1 1 1 1 1 1 1 1 ...
 $ RaceHorse.KettoNum               : Factor w/ 8167 levels "2013102061","2013100782",..: 1 2 3 4 5 6 7 8 9 10 ...
 $ RaceHorse.IsHit1                 : int  0 0 0 0 0 0 0 0 0 0 ...
 $ RaceHorse.IsHit2                 : int  0 1 0 0 0 0 0 0 0 0 ...
 $ RaceHorse.IsHit3                 : int  0 0 0 0 0 0 0 0 0 0 ...
 $ RaceHorse.IsHit4                 : int  0 0 0 0 0 0 0 0 1 0 ...
 $ RaceHorse.IsHit5                 : int  0 0 0 0 0 1 0 0 0 0 ...
 $ RaceHorse.IsHit6                 : int  1 0 1 1 1 0 1 1 0 1 ...
 $ RaceHorse.IsValidRaceHorse       : logi  TRUE TRUE TRUE TRUE TRUE TRUE ...
 $ RaceHorse.IsHitA                 : int  0 0 0 0 0 0 0 0 0 0 ...
 $ RaceHorse.IsHitB                 : int  0 1 0 0 0 0 0 0 0 0 ...
 $ RaceHorse.IsHitC                 : int  0 1 0 0 0 0 0 0 0 0 ...
 $ OddsByWin.Odds1                  : num  50.4 4.8 75.3 112.9 3.9 ...
 $ OddsByWin.Ninki                  : num  8 3 10 12 2 4 11 14 7 6 ...
 $ OddsByWin.OddsLog1               : num  3.94 1.76 4.33 4.74 1.59 ...
 $ OddsByWin.OddsRatio1             : num  0.02024 0.26316 0.01346 0.00894 0.34483 ...
 $ OddsByWin.OddsLogit1             : num  -3.92 -1.57 -4.32 -4.73 -1.36 ...
 $ OddsByWin.ApprovalRate1          : num  0.01984 0.20833 0.01328 0.00886 0.25641 ...
 $ OddsByWin.ApprovalRateLog1       : num  0.01965 0.18924 0.01319 0.00882 0.22826 ...
 $ EOF                              : int  1 1 1 1 1 1 1 1 1 1 ...
NULL
[1] "2022-02-08 02:55:48 --- transform Finish ---"
[1] "2022-02-08 02:55:48 --- na.omit Start ---"
[1] "nrow(InputDataSet) na.omit before=36381"
[1] "nrow(InputDataSet) na.omit after=36267"
[1] "nrow(InputDataSet) na.omit diff=114"
[1] "2022-02-08 02:55:48 --- na.omit Finish---"
[1] "2022-02-08 02:55:48 --- New Levels Start ---"
[1] "levels(data$Race.RaceType1Cd)=1-4-X" "levels(data$Race.RaceType1Cd)=1-4-E"
[1] "levels(InputDataSet$Race.RaceType1Cd)=1-4-X"
[2] "levels(InputDataSet$Race.RaceType1Cd)=1-4-E"
[1] "length(Race.RaceType1Cd.Index)=0"
[1] "2022-02-08 02:55:48 --- New Levels Finish ---"
[1] "2022-02-08 02:55:48 --- na.omit Start ---"
[1] "nrow(InputDataSet) na.omit levels before=36267"
[1] "nrow(InputDataSet) na.omit levels after=36267"
[1] "nrow(InputDataSet) na.omit levels diff=0"
[1] "2022-02-08 02:55:49 --- na.omit Finish ---"
[1] "2022-02-08 02:55:49 --- Predict InputDataSet Start ---"
[1] "nrow(InputDataSet) predict=36267"
[1] "str(InputDataSet)="
'data.frame':	36267 obs. of  35 variables:
 $ Race.RaceId                      : Factor w/ 2691 levels "20160109-06-01-02-06",..: 1 1 1 1 1 1 1 1 1 1 ...
 $ Race.IsPredictedRace             : logi  TRUE TRUE TRUE TRUE TRUE TRUE ...
 $ Race.IsAnalyzeNormalPastAndFuture: logi  TRUE TRUE TRUE TRUE TRUE TRUE ...
 $ Race.IsAnalyzeNormalPast         : logi  TRUE TRUE TRUE TRUE TRUE TRUE ...
 $ Race.IsAnalyzeNormalFuture       : logi  FALSE FALSE FALSE FALSE FALSE FALSE ...
 $ Race.IsAnalyzeFullPastAndFuture  : logi  TRUE TRUE TRUE TRUE TRUE TRUE ...
 $ Race.IsAnalyzeFullPast           : logi  TRUE TRUE TRUE TRUE TRUE TRUE ...
 $ Race.IsAnalyzeFullFuture         : logi  FALSE FALSE FALSE FALSE FALSE FALSE ...
 $ Race.JyokenCd                    : Factor w/ 1 level "4": 1 1 1 1 1 1 1 1 1 1 ...
 $ Race.JyoType1Cd                  : Factor w/ 182 levels "1-06-1200-1",..: 1 1 1 1 1 1 1 1 1 1 ...
 $ Race.RaceType0Cd                 : Factor w/ 548 levels "1-06-1200-1-4-X-12",..: 1 1 1 1 1 1 1 1 1 1 ...
 $ Race.RaceType1Cd                 : Factor w/ 2 levels "1-4-X","1-4-E": 1 1 1 1 1 1 1 1 1 1 ...
 $ Race.RaceType2Cd                 : Factor w/ 2 levels "1-4-X","1-4-E": 1 1 1 1 1 1 1 1 1 1 ...
 $ Race.RaceType3Cd                 : Factor w/ 8 levels "4-X-12","4-X-14",..: 1 1 1 1 1 1 1 1 1 1 ...
 $ Race.RaceType4Cd                 : Factor w/ 4 levels "1-4-12","1-4-14",..: 1 1 1 1 1 1 1 1 1 1 ...
 $ RaceHorse.RaceId                 : Factor w/ 2691 levels "20160109-06-01-02-06",..: 1 1 1 1 1 1 1 1 1 1 ...
 $ RaceHorse.KettoNum               : Factor w/ 8167 levels "2013102061","2013100782",..: 1 2 3 4 5 6 7 8 9 10 ...
 $ RaceHorse.IsHit1                 : int  0 0 0 0 0 0 0 0 0 0 ...
 $ RaceHorse.IsHit2                 : int  0 1 0 0 0 0 0 0 0 0 ...
 $ RaceHorse.IsHit3                 : int  0 0 0 0 0 0 0 0 0 0 ...
 $ RaceHorse.IsHit4                 : int  0 0 0 0 0 0 0 0 1 0 ...
 $ RaceHorse.IsHit5                 : int  0 0 0 0 0 1 0 0 0 0 ...
 $ RaceHorse.IsHit6                 : int  1 0 1 1 1 0 1 1 0 1 ...
 $ RaceHorse.IsValidRaceHorse       : logi  TRUE TRUE TRUE TRUE TRUE TRUE ...
 $ RaceHorse.IsHitA                 : int  0 0 0 0 0 0 0 0 0 0 ...
 $ RaceHorse.IsHitB                 : int  0 1 0 0 0 0 0 0 0 0 ...
 $ RaceHorse.IsHitC                 : int  0 1 0 0 0 0 0 0 0 0 ...
 $ OddsByWin.Odds1                  : num  50.4 4.8 75.3 112.9 3.9 ...
 $ OddsByWin.Ninki                  : num  8 3 10 12 2 4 11 14 7 6 ...
 $ OddsByWin.OddsLog1               : num  3.94 1.76 4.33 4.74 1.59 ...
 $ OddsByWin.OddsRatio1             : num  0.02024 0.26316 0.01346 0.00894 0.34483 ...
 $ OddsByWin.OddsLogit1             : num  -3.92 -1.57 -4.32 -4.73 -1.36 ...
 $ OddsByWin.ApprovalRate1          : num  0.01984 0.20833 0.01328 0.00886 0.25641 ...
 $ OddsByWin.ApprovalRateLog1       : num  0.01965 0.18924 0.01319 0.00882 0.22826 ...
 $ EOF                              : int  1 1 1 1 1 1 1 1 1 1 ...
 - attr(*, "na.action")= 'omit' Named int  359 1459 1518 2218 2480 3127 3146 4946 4957 5215 ...
  ..- attr(*, "names")= chr  "359" "1459" "1518" "2218" ...
[1] "2022-02-08 02:55:49 --- Predict InputDataSet Finish ---"
[1] "2022-02-08 02:55:49 --- rxPredict (glm) Start ---"
[1] "analyzeFunc=glm"
Rows Read: 36267, Total Rows Processed: 36267, Total Chunk Time: 0.001 seconds 
[1] "nrow(PredictDataSet) afte predict=36267"
[1] "str(PredictDataSet)"
'data.frame':	36267 obs. of  1 variable:
 $ RaceHorse.IsHitA_Pred: num  0.01388 0.17512 0.00878 0.00552 0.21247 ...
NULL
[1] "head(PredictDataSet) afte predict="
  RaceHorse.IsHitA_Pred
1           0.013879134
2           0.175124034
3           0.008777572
4           0.005518235
5           0.212468775
6           0.094293525
[1] "2022-02-08 02:55:49 --- rxPredict (glm) Finish ---"
[1] "2022-02-08 02:55:49 --- add key Start ---"
[1] "nrow(OutputDataSet) add KeyColmn=36267"
[1] "str(OutputDataSet) after add Key"
'data.frame':	36267 obs. of  2 variables:
 $ RaceHorse.RaceId  : Factor w/ 2691 levels "20160109-06-01-02-06",..: 1 1 1 1 1 1 1 1 1 1 ...
 $ RaceHorse.KettoNum: Factor w/ 8167 levels "2013102061","2013100782",..: 1 2 3 4 5 6 7 8 9 10 ...
NULL
[1] "2022-02-08 02:55:49 --- add key Finish ---"
[1] "2022-02-08 02:55:49 --- add PredictValue Start ---"
[1] "str(PredictDataSet) before rename="
[1] "colnames(PredictDataSet)=RaceHorse.IsHitA_Pred"
[1] "str(PredictDataSet) after rename="
'data.frame':	36267 obs. of  1 variable:
 $ PredictValue: num  0.01388 0.17512 0.00878 0.00552 0.21247 ...
NULL
[1] "str(OutputDataSet) before cbind="
'data.frame':	36267 obs. of  2 variables:
 $ RaceHorse.RaceId  : Factor w/ 2691 levels "20160109-06-01-02-06",..: 1 1 1 1 1 1 1 1 1 1 ...
 $ RaceHorse.KettoNum: Factor w/ 8167 levels "2013102061","2013100782",..: 1 2 3 4 5 6 7 8 9 10 ...
NULL
[1] "str(OutputDataSet) after cbind="
'data.frame':	36267 obs. of  3 variables:
 $ RaceHorse.RaceId  : Factor w/ 2691 levels "20160109-06-01-02-06",..: 1 1 1 1 1 1 1 1 1 1 ...
 $ RaceHorse.KettoNum: Factor w/ 8167 levels "2013102061","2013100782",..: 1 2 3 4 5 6 7 8 9 10 ...
 $ PredictValue      : num  0.01388 0.17512 0.00878 0.00552 0.21247 ...
NULL
[1] "2022-02-08 02:55:49 --- add PredictValue Finish ---"
[1] "2022-02-08 02:55:49 --- final Start ---"
[1] "nrow(OutputDataSet) final=36267"
[1] "head(OutputDataSet)="
      RaceHorse.RaceId RaceHorse.KettoNum PredictValue
1 20160109-06-01-02-06         2013102061  0.013879134
2 20160109-06-01-02-06         2013100782  0.175124034
3 20160109-06-01-02-06         2013100092  0.008777572
4 20160109-06-01-02-06         2013102966  0.005518235
5 20160109-06-01-02-06         2013106011  0.212468775
6 20160109-06-01-02-06         2013106293  0.094293525
[1] "str(OutputDataSet)="
'data.frame':	36267 obs. of  3 variables:
 $ RaceHorse.RaceId  : Factor w/ 2691 levels "20160109-06-01-02-06",..: 1 1 1 1 1 1 1 1 1 1 ...
 $ RaceHorse.KettoNum: Factor w/ 8167 levels "2013102061","2013100782",..: 1 2 3 4 5 6 7 8 9 10 ...
 $ PredictValue      : num  0.01388 0.17512 0.00878 0.00552 0.21247 ...
NULL
[1] "2022-02-08 02:55:49 --- final Finish ---"
[1] "2022-02-08 02:55:49 --- predict.R Finished ---"
[1] "2022-02-08 02:55:49 --- log Finish ---"
