[1] "2022-02-08 02:58:45 --- D1113_Predict_glm_Gen01_IsHitA_Type12 Start ---"
[1] "2022-02-08 02:58:45 --- Log Start ---"
[1] "2022-02-08 02:58:45 --- predict.R Start ---"
[1] "analyzeVersion=D1113"
[1] "analyzeCategory=Predict"
[1] "analyzeType=Gen01"
[1] "analyzeFamily=IsHitA"
[1] "analyzeFunc=glm"
[1] "analyzeTrackTypeCd=1"
[1] "analyzeJyokenCd=2"
[1] "2022-02-08 02:58:45 --- source_function.R Start ---"
[1] "2022-02-08 02:58:45 --- source_function.R Finished ---"

> print(paste0(Sys.time(), " --- source_library.R Start ---"))
[1] "2022-02-08 02:58:45 --- source_library.R Start ---"

> require("RevoScaleR")

> print(paste0(Sys.time(), " --- source_library.R Finished ---"))
[1] "2022-02-08 02:58:45 --- source_library.R Finished ---"
[1] "2022-02-08 02:58:45 --- Load Start ---"
[1] "loadFilename=RData_Analyze_glm_Gen01_Type12.RData"
[1] "2022-02-08 02:58:45 --- Load Finished ---"
[1] "2022-02-08 02:58:45 --- RxSqlServerData Start ---"
[1] "sqlQuery=SELECT * FROM ViewAnalyzeD1113analyze01Gen01Type12 WHERE [Race.IsPredictedRace] = 1"
Rows Read: 8428, Total Rows Processed: 8428, Total Chunk Time: 94.222 seconds 
[1] "head(InputDataSet)="
           Race.RaceId Race.IsPredictedRace Race.IsAnalyzeNormalPastAndFuture
1 20160109-06-01-02-10                 TRUE                              TRUE
2 20160109-06-01-02-10                 TRUE                              TRUE
3 20160109-06-01-02-10                 TRUE                              TRUE
4 20160109-06-01-02-10                 TRUE                              TRUE
5 20160109-06-01-02-10                 TRUE                              TRUE
6 20160109-06-01-02-10                 TRUE                              TRUE
  Race.IsAnalyzeNormalPast Race.IsAnalyzeNormalFuture
1                     TRUE                      FALSE
2                     TRUE                      FALSE
3                     TRUE                      FALSE
4                     TRUE                      FALSE
5                     TRUE                      FALSE
6                     TRUE                      FALSE
  Race.IsAnalyzeFullPastAndFuture Race.IsAnalyzeFullPast
1                            TRUE                   TRUE
2                            TRUE                   TRUE
3                            TRUE                   TRUE
4                            TRUE                   TRUE
5                            TRUE                   TRUE
6                            TRUE                   TRUE
  Race.IsAnalyzeFullFuture Race.JyokenCd Race.JyoType1Cd   Race.RaceType0Cd
1                    FALSE             2     1-06-2200-1 1-06-2200-1-2-E-14
2                    FALSE             2     1-06-2200-1 1-06-2200-1-2-E-14
3                    FALSE             2     1-06-2200-1 1-06-2200-1-2-E-14
4                    FALSE             2     1-06-2200-1 1-06-2200-1-2-E-14
5                    FALSE             2     1-06-2200-1 1-06-2200-1-2-E-14
6                    FALSE             2     1-06-2200-1 1-06-2200-1-2-E-14
  Race.RaceType1Cd Race.RaceType2Cd Race.RaceType3Cd Race.RaceType4Cd
1            1-2-E            1-2-E           2-E-14           1-2-14
2            1-2-E            1-2-E           2-E-14           1-2-14
3            1-2-E            1-2-E           2-E-14           1-2-14
4            1-2-E            1-2-E           2-E-14           1-2-14
5            1-2-E            1-2-E           2-E-14           1-2-14
6            1-2-E            1-2-E           2-E-14           1-2-14
      RaceHorse.RaceId RaceHorse.KettoNum RaceHorse.IsHit1 RaceHorse.IsHit2
1 20160109-06-01-02-10         2007100476                0                0
2 20160109-06-01-02-10         2008102799                0                0
3 20160109-06-01-02-10         2009103759                0                0
4 20160109-06-01-02-10         2009104585                0                0
5 20160109-06-01-02-10         2009105122                0                0
6 20160109-06-01-02-10         2009105899                0                0
  RaceHorse.IsHit3 RaceHorse.IsHit4 RaceHorse.IsHit5 RaceHorse.IsHit6
1                0                0                0                1
2                0                0                1                0
3                0                0                0                1
4                0                0                0                1
5                0                0                0                1
6                0                0                0                1
  RaceHorse.IsValidRaceHorse RaceHorse.IsHitA RaceHorse.IsHitB RaceHorse.IsHitC
1                       TRUE                0                0                0
2                       TRUE                0                0                0
3                       TRUE                0                0                0
4                       TRUE                0                0                0
5                       TRUE                0                0                0
6                       TRUE                0                0                0
  Gen01.HansyokuNum Gen01.TimeDvByRaceAvg Gen01.TimeDvByRaceMax Gen01.RunCount
1          11201465              52.21473              68.66845             70
2          11202084              52.89804              76.36943            146
3          11202119              50.32284              70.33371            223
4          11202114              48.04860              57.39294             19
5          11201872              51.21190              69.73220            300
6          11201907              49.80460              67.88217             27
  Gen01.HitCount1 Gen01.HitCount2 Gen01.HitCount3 Gen01.HitCount4
1               6              10               6               5
2              17              20              12               7
3              18              16              17              18
4               0               0               0               1
5              22              23              27              25
6               4               1               3               3
  Gen01.HitCount5 Gen01.HitRate1 Gen01.HitRate2 Gen01.HitRate3 Gen01.HitRate4
1               7     0.08571429     0.14285714     0.08571429     0.07142857
2              12     0.11643836     0.13698630     0.08219178     0.04794521
3              15     0.08071749     0.07174888     0.07623318     0.08071749
4               3     0.00000000     0.00000000     0.00000000     0.05263158
5              20     0.07333333     0.07666667     0.09000000     0.08333333
6               1     0.14814815     0.03703704     0.11111111     0.11111111
  Gen01.HitRate5 EOF
1     0.10000000   1
2     0.08219178   1
3     0.06726457   1
4     0.15789474   1
5     0.06666667   1
6     0.03703704   1
[1] "object.size(InputDataSet) auto=1.9 Mb"
[1] "nrow(InputDataSet) RxSqlServerData=8428"
[1] "str(InputDataSet)="
'data.frame':	8428 obs. of  42 variables:
 $ Race.RaceId                      : Factor w/ 657 levels "20160109-06-01-02-10",..: 1 1 1 1 1 1 1 1 1 1 ...
 $ Race.IsPredictedRace             : logi  TRUE TRUE TRUE TRUE TRUE TRUE ...
 $ Race.IsAnalyzeNormalPastAndFuture: logi  TRUE TRUE TRUE TRUE TRUE TRUE ...
 $ Race.IsAnalyzeNormalPast         : logi  TRUE TRUE TRUE TRUE TRUE TRUE ...
 $ Race.IsAnalyzeNormalFuture       : logi  FALSE FALSE FALSE FALSE FALSE FALSE ...
 $ Race.IsAnalyzeFullPastAndFuture  : logi  TRUE TRUE TRUE TRUE TRUE TRUE ...
 $ Race.IsAnalyzeFullPast           : logi  TRUE TRUE TRUE TRUE TRUE TRUE ...
 $ Race.IsAnalyzeFullFuture         : logi  FALSE FALSE FALSE FALSE FALSE FALSE ...
 $ Race.JyokenCd                    : Factor w/ 1 level "2": 1 1 1 1 1 1 1 1 1 1 ...
 $ Race.JyoType1Cd                  : Factor w/ 122 levels "1-06-2200-1",..: 1 1 1 1 1 1 1 1 1 1 ...
 $ Race.RaceType0Cd                 : Factor w/ 178 levels "1-06-2200-1-2-E-14",..: 1 1 1 1 1 1 1 1 1 1 ...
 $ Race.RaceType1Cd                 : Factor w/ 1 level "1-2-E": 1 1 1 1 1 1 1 1 1 1 ...
 $ Race.RaceType2Cd                 : Factor w/ 1 level "1-2-E": 1 1 1 1 1 1 1 1 1 1 ...
 $ Race.RaceType3Cd                 : Factor w/ 2 levels "2-E-14","2-E-13": 1 1 1 1 1 1 1 1 1 1 ...
 $ Race.RaceType4Cd                 : Factor w/ 2 levels "1-2-14","1-2-13": 1 1 1 1 1 1 1 1 1 1 ...
 $ RaceHorse.RaceId                 : Factor w/ 657 levels "20160109-06-01-02-10",..: 1 1 1 1 1 1 1 1 1 1 ...
 $ RaceHorse.KettoNum               : Factor w/ 1707 levels "2007100476","2008102799",..: 1 2 3 4 5 6 7 8 9 10 ...
 $ RaceHorse.IsHit1                 : int  0 0 0 0 0 0 0 0 0 0 ...
 $ RaceHorse.IsHit2                 : int  0 0 0 0 0 0 0 0 1 0 ...
 $ RaceHorse.IsHit3                 : int  0 0 0 0 0 0 0 1 0 0 ...
 $ RaceHorse.IsHit4                 : int  0 0 0 0 0 0 0 0 0 0 ...
 $ RaceHorse.IsHit5                 : int  0 1 0 0 0 0 0 0 0 0 ...
 $ RaceHorse.IsHit6                 : int  1 0 1 1 1 1 1 0 0 1 ...
 $ RaceHorse.IsValidRaceHorse       : logi  TRUE TRUE TRUE TRUE TRUE TRUE ...
 $ RaceHorse.IsHitA                 : int  0 0 0 0 0 0 0 0 0 0 ...
 $ RaceHorse.IsHitB                 : int  0 0 0 0 0 0 0 0 1 0 ...
 $ RaceHorse.IsHitC                 : int  0 0 0 0 0 0 0 1 1 0 ...
 $ Gen01.HansyokuNum                : Factor w/ 225 levels "11201465","11202084",..: 1 2 3 4 5 6 7 8 9 10 ...
 $ Gen01.TimeDvByRaceAvg            : num  52.2 52.9 50.3 48 51.2 ...
 $ Gen01.TimeDvByRaceMax            : num  68.7 76.4 70.3 57.4 69.7 ...
 $ Gen01.RunCount                   : int  70 146 223 19 300 27 28 5 31 22 ...
 $ Gen01.HitCount1                  : int  6 17 18 0 22 4 2 0 2 2 ...
 $ Gen01.HitCount2                  : int  10 20 16 0 23 1 2 0 2 2 ...
 $ Gen01.HitCount3                  : int  6 12 17 0 27 3 2 0 4 1 ...
 $ Gen01.HitCount4                  : int  5 7 18 1 25 3 1 1 4 1 ...
 $ Gen01.HitCount5                  : int  7 12 15 3 20 1 0 0 5 1 ...
 $ Gen01.HitRate1                   : num  0.0857 0.1164 0.0807 0 0.0733 ...
 $ Gen01.HitRate2                   : num  0.1429 0.137 0.0717 0 0.0767 ...
 $ Gen01.HitRate3                   : num  0.0857 0.0822 0.0762 0 0.09 ...
 $ Gen01.HitRate4                   : num  0.0714 0.0479 0.0807 0.0526 0.0833 ...
 $ Gen01.HitRate5                   : num  0.1 0.0822 0.0673 0.1579 0.0667 ...
 $ EOF                              : int  1 1 1 1 1 1 1 1 1 1 ...
[1] "2022-02-08 03:00:21 --- RxSqlServerData Finish ---"
[1] "2022-02-08 03:00:21 --- subset Start ---"
[1] "nrow(InputDataSet) subset before=8428"
[1] "nrow(InputDataSet) subset after=8428"
[1] "nrow(InputDataSet) subset diff=0"
[1] "class(InputDataSet$Race.IsAnalyzeNormalPast)=logical"
[1] "class(InputDataSet$Race.analyzeTrackTypeCd)=NULL"
[1] "2022-02-08 03:00:21 --- subset Finish ---"
[1] "2022-02-08 03:00:21 --- transform Start ---"
[1] "nrow(InputDataSet) transaform before=8428"
[1] "nrow(InputDataSet) transaform after=8428"
[1] "nrow(InputDataSet) transaform diff=0"
[1] "str(InputDataSet)="
'data.frame':	8428 obs. of  42 variables:
 $ Race.RaceId                      : Factor w/ 657 levels "20160109-06-01-02-10",..: 1 1 1 1 1 1 1 1 1 1 ...
 $ Race.IsPredictedRace             : logi  TRUE TRUE TRUE TRUE TRUE TRUE ...
 $ Race.IsAnalyzeNormalPastAndFuture: logi  TRUE TRUE TRUE TRUE TRUE TRUE ...
 $ Race.IsAnalyzeNormalPast         : logi  TRUE TRUE TRUE TRUE TRUE TRUE ...
 $ Race.IsAnalyzeNormalFuture       : logi  FALSE FALSE FALSE FALSE FALSE FALSE ...
 $ Race.IsAnalyzeFullPastAndFuture  : logi  TRUE TRUE TRUE TRUE TRUE TRUE ...
 $ Race.IsAnalyzeFullPast           : logi  TRUE TRUE TRUE TRUE TRUE TRUE ...
 $ Race.IsAnalyzeFullFuture         : logi  FALSE FALSE FALSE FALSE FALSE FALSE ...
 $ Race.JyokenCd                    : Factor w/ 1 level "2": 1 1 1 1 1 1 1 1 1 1 ...
 $ Race.JyoType1Cd                  : Factor w/ 122 levels "1-06-2200-1",..: 1 1 1 1 1 1 1 1 1 1 ...
 $ Race.RaceType0Cd                 : Factor w/ 178 levels "1-06-2200-1-2-E-14",..: 1 1 1 1 1 1 1 1 1 1 ...
 $ Race.RaceType1Cd                 : Factor w/ 1 level "1-2-E": 1 1 1 1 1 1 1 1 1 1 ...
 $ Race.RaceType2Cd                 : Factor w/ 1 level "1-2-E": 1 1 1 1 1 1 1 1 1 1 ...
 $ Race.RaceType3Cd                 : Factor w/ 2 levels "2-E-14","2-E-13": 1 1 1 1 1 1 1 1 1 1 ...
 $ Race.RaceType4Cd                 : Factor w/ 2 levels "1-2-14","1-2-13": 1 1 1 1 1 1 1 1 1 1 ...
 $ RaceHorse.RaceId                 : Factor w/ 657 levels "20160109-06-01-02-10",..: 1 1 1 1 1 1 1 1 1 1 ...
 $ RaceHorse.KettoNum               : Factor w/ 1707 levels "2007100476","2008102799",..: 1 2 3 4 5 6 7 8 9 10 ...
 $ RaceHorse.IsHit1                 : int  0 0 0 0 0 0 0 0 0 0 ...
 $ RaceHorse.IsHit2                 : int  0 0 0 0 0 0 0 0 1 0 ...
 $ RaceHorse.IsHit3                 : int  0 0 0 0 0 0 0 1 0 0 ...
 $ RaceHorse.IsHit4                 : int  0 0 0 0 0 0 0 0 0 0 ...
 $ RaceHorse.IsHit5                 : int  0 1 0 0 0 0 0 0 0 0 ...
 $ RaceHorse.IsHit6                 : int  1 0 1 1 1 1 1 0 0 1 ...
 $ RaceHorse.IsValidRaceHorse       : logi  TRUE TRUE TRUE TRUE TRUE TRUE ...
 $ RaceHorse.IsHitA                 : int  0 0 0 0 0 0 0 0 0 0 ...
 $ RaceHorse.IsHitB                 : int  0 0 0 0 0 0 0 0 1 0 ...
 $ RaceHorse.IsHitC                 : int  0 0 0 0 0 0 0 1 1 0 ...
 $ Gen01.HansyokuNum                : Factor w/ 225 levels "11201465","11202084",..: 1 2 3 4 5 6 7 8 9 10 ...
 $ Gen01.TimeDvByRaceAvg            : num  52.2 52.9 50.3 48 51.2 ...
 $ Gen01.TimeDvByRaceMax            : num  68.7 76.4 70.3 57.4 69.7 ...
 $ Gen01.RunCount                   : int  70 146 223 19 300 27 28 5 31 22 ...
 $ Gen01.HitCount1                  : int  6 17 18 0 22 4 2 0 2 2 ...
 $ Gen01.HitCount2                  : int  10 20 16 0 23 1 2 0 2 2 ...
 $ Gen01.HitCount3                  : int  6 12 17 0 27 3 2 0 4 1 ...
 $ Gen01.HitCount4                  : int  5 7 18 1 25 3 1 1 4 1 ...
 $ Gen01.HitCount5                  : int  7 12 15 3 20 1 0 0 5 1 ...
 $ Gen01.HitRate1                   : num  0.0857 0.1164 0.0807 0 0.0733 ...
 $ Gen01.HitRate2                   : num  0.1429 0.137 0.0717 0 0.0767 ...
 $ Gen01.HitRate3                   : num  0.0857 0.0822 0.0762 0 0.09 ...
 $ Gen01.HitRate4                   : num  0.0714 0.0479 0.0807 0.0526 0.0833 ...
 $ Gen01.HitRate5                   : num  0.1 0.0822 0.0673 0.1579 0.0667 ...
 $ EOF                              : int  1 1 1 1 1 1 1 1 1 1 ...
NULL
[1] "2022-02-08 03:00:21 --- transform Finish ---"
[1] "2022-02-08 03:00:21 --- na.omit Start ---"
[1] "nrow(InputDataSet) na.omit before=8428"
[1] "nrow(InputDataSet) na.omit after=8428"
[1] "nrow(InputDataSet) na.omit diff=0"
[1] "2022-02-08 03:00:21 --- na.omit Finish---"
[1] "2022-02-08 03:00:21 --- New Levels Start ---"
[1] "levels(data$Race.RaceType1Cd)=1-2-E"
[1] "levels(InputDataSet$Race.RaceType1Cd)=1-2-E"
[1] "length(Race.RaceType1Cd.Index)=0"
[1] "2022-02-08 03:00:21 --- New Levels Finish ---"
[1] "2022-02-08 03:00:21 --- na.omit Start ---"
[1] "nrow(InputDataSet) na.omit levels before=8428"
[1] "nrow(InputDataSet) na.omit levels after=8428"
[1] "nrow(InputDataSet) na.omit levels diff=0"
[1] "2022-02-08 03:00:21 --- na.omit Finish ---"
[1] "2022-02-08 03:00:21 --- Predict InputDataSet Start ---"
[1] "nrow(InputDataSet) predict=8428"
[1] "str(InputDataSet)="
'data.frame':	8428 obs. of  42 variables:
 $ Race.RaceId                      : Factor w/ 657 levels "20160109-06-01-02-10",..: 1 1 1 1 1 1 1 1 1 1 ...
 $ Race.IsPredictedRace             : logi  TRUE TRUE TRUE TRUE TRUE TRUE ...
 $ Race.IsAnalyzeNormalPastAndFuture: logi  TRUE TRUE TRUE TRUE TRUE TRUE ...
 $ Race.IsAnalyzeNormalPast         : logi  TRUE TRUE TRUE TRUE TRUE TRUE ...
 $ Race.IsAnalyzeNormalFuture       : logi  FALSE FALSE FALSE FALSE FALSE FALSE ...
 $ Race.IsAnalyzeFullPastAndFuture  : logi  TRUE TRUE TRUE TRUE TRUE TRUE ...
 $ Race.IsAnalyzeFullPast           : logi  TRUE TRUE TRUE TRUE TRUE TRUE ...
 $ Race.IsAnalyzeFullFuture         : logi  FALSE FALSE FALSE FALSE FALSE FALSE ...
 $ Race.JyokenCd                    : Factor w/ 1 level "2": 1 1 1 1 1 1 1 1 1 1 ...
 $ Race.JyoType1Cd                  : Factor w/ 122 levels "1-06-2200-1",..: 1 1 1 1 1 1 1 1 1 1 ...
 $ Race.RaceType0Cd                 : Factor w/ 178 levels "1-06-2200-1-2-E-14",..: 1 1 1 1 1 1 1 1 1 1 ...
 $ Race.RaceType1Cd                 : Factor w/ 1 level "1-2-E": 1 1 1 1 1 1 1 1 1 1 ...
 $ Race.RaceType2Cd                 : Factor w/ 1 level "1-2-E": 1 1 1 1 1 1 1 1 1 1 ...
 $ Race.RaceType3Cd                 : Factor w/ 2 levels "2-E-14","2-E-13": 1 1 1 1 1 1 1 1 1 1 ...
 $ Race.RaceType4Cd                 : Factor w/ 2 levels "1-2-14","1-2-13": 1 1 1 1 1 1 1 1 1 1 ...
 $ RaceHorse.RaceId                 : Factor w/ 657 levels "20160109-06-01-02-10",..: 1 1 1 1 1 1 1 1 1 1 ...
 $ RaceHorse.KettoNum               : Factor w/ 1707 levels "2007100476","2008102799",..: 1 2 3 4 5 6 7 8 9 10 ...
 $ RaceHorse.IsHit1                 : int  0 0 0 0 0 0 0 0 0 0 ...
 $ RaceHorse.IsHit2                 : int  0 0 0 0 0 0 0 0 1 0 ...
 $ RaceHorse.IsHit3                 : int  0 0 0 0 0 0 0 1 0 0 ...
 $ RaceHorse.IsHit4                 : int  0 0 0 0 0 0 0 0 0 0 ...
 $ RaceHorse.IsHit5                 : int  0 1 0 0 0 0 0 0 0 0 ...
 $ RaceHorse.IsHit6                 : int  1 0 1 1 1 1 1 0 0 1 ...
 $ RaceHorse.IsValidRaceHorse       : logi  TRUE TRUE TRUE TRUE TRUE TRUE ...
 $ RaceHorse.IsHitA                 : int  0 0 0 0 0 0 0 0 0 0 ...
 $ RaceHorse.IsHitB                 : int  0 0 0 0 0 0 0 0 1 0 ...
 $ RaceHorse.IsHitC                 : int  0 0 0 0 0 0 0 1 1 0 ...
 $ Gen01.HansyokuNum                : Factor w/ 225 levels "11201465","11202084",..: 1 2 3 4 5 6 7 8 9 10 ...
 $ Gen01.TimeDvByRaceAvg            : num  52.2 52.9 50.3 48 51.2 ...
 $ Gen01.TimeDvByRaceMax            : num  68.7 76.4 70.3 57.4 69.7 ...
 $ Gen01.RunCount                   : int  70 146 223 19 300 27 28 5 31 22 ...
 $ Gen01.HitCount1                  : int  6 17 18 0 22 4 2 0 2 2 ...
 $ Gen01.HitCount2                  : int  10 20 16 0 23 1 2 0 2 2 ...
 $ Gen01.HitCount3                  : int  6 12 17 0 27 3 2 0 4 1 ...
 $ Gen01.HitCount4                  : int  5 7 18 1 25 3 1 1 4 1 ...
 $ Gen01.HitCount5                  : int  7 12 15 3 20 1 0 0 5 1 ...
 $ Gen01.HitRate1                   : num  0.0857 0.1164 0.0807 0 0.0733 ...
 $ Gen01.HitRate2                   : num  0.1429 0.137 0.0717 0 0.0767 ...
 $ Gen01.HitRate3                   : num  0.0857 0.0822 0.0762 0 0.09 ...
 $ Gen01.HitRate4                   : num  0.0714 0.0479 0.0807 0.0526 0.0833 ...
 $ Gen01.HitRate5                   : num  0.1 0.0822 0.0673 0.1579 0.0667 ...
 $ EOF                              : int  1 1 1 1 1 1 1 1 1 1 ...
[1] "2022-02-08 03:00:21 --- Predict InputDataSet Finish ---"
[1] "2022-02-08 03:00:21 --- rxPredict (glm) Start ---"
[1] "analyzeFunc=glm"
Rows Read: 8428, Total Rows Processed: 8428, Total Chunk Time: 0.001 seconds 
[1] "nrow(PredictDataSet) afte predict=8428"
[1] "str(PredictDataSet)"
'data.frame':	8428 obs. of  1 variable:
 $ RaceHorse.IsHitA_Pred: num  0.0837 0.0884 0.0719 0.0598 0.0773 ...
NULL
[1] "head(PredictDataSet) afte predict="
  RaceHorse.IsHitA_Pred
1            0.08372685
2            0.08841072
3            0.07191390
4            0.05975538
5            0.07726059
6            0.06895679
[1] "2022-02-08 03:00:21 --- rxPredict (glm) Finish ---"
[1] "2022-02-08 03:00:21 --- add key Start ---"
[1] "nrow(OutputDataSet) add KeyColmn=8428"
[1] "str(OutputDataSet) after add Key"
'data.frame':	8428 obs. of  2 variables:
 $ RaceHorse.RaceId  : Factor w/ 657 levels "20160109-06-01-02-10",..: 1 1 1 1 1 1 1 1 1 1 ...
 $ RaceHorse.KettoNum: Factor w/ 1707 levels "2007100476","2008102799",..: 1 2 3 4 5 6 7 8 9 10 ...
NULL
[1] "2022-02-08 03:00:21 --- add key Finish ---"
[1] "2022-02-08 03:00:21 --- add PredictValue Start ---"
[1] "str(PredictDataSet) before rename="
[1] "colnames(PredictDataSet)=RaceHorse.IsHitA_Pred"
[1] "str(PredictDataSet) after rename="
'data.frame':	8428 obs. of  1 variable:
 $ PredictValue: num  0.0837 0.0884 0.0719 0.0598 0.0773 ...
NULL
[1] "str(OutputDataSet) before cbind="
'data.frame':	8428 obs. of  2 variables:
 $ RaceHorse.RaceId  : Factor w/ 657 levels "20160109-06-01-02-10",..: 1 1 1 1 1 1 1 1 1 1 ...
 $ RaceHorse.KettoNum: Factor w/ 1707 levels "2007100476","2008102799",..: 1 2 3 4 5 6 7 8 9 10 ...
NULL
[1] "str(OutputDataSet) after cbind="
'data.frame':	8428 obs. of  3 variables:
 $ RaceHorse.RaceId  : Factor w/ 657 levels "20160109-06-01-02-10",..: 1 1 1 1 1 1 1 1 1 1 ...
 $ RaceHorse.KettoNum: Factor w/ 1707 levels "2007100476","2008102799",..: 1 2 3 4 5 6 7 8 9 10 ...
 $ PredictValue      : num  0.0837 0.0884 0.0719 0.0598 0.0773 ...
NULL
[1] "2022-02-08 03:00:21 --- add PredictValue Finish ---"
[1] "2022-02-08 03:00:21 --- final Start ---"
[1] "nrow(OutputDataSet) final=8428"
[1] "head(OutputDataSet)="
      RaceHorse.RaceId RaceHorse.KettoNum PredictValue
1 20160109-06-01-02-10         2007100476   0.08372685
2 20160109-06-01-02-10         2008102799   0.08841072
3 20160109-06-01-02-10         2009103759   0.07191390
4 20160109-06-01-02-10         2009104585   0.05975538
5 20160109-06-01-02-10         2009105122   0.07726059
6 20160109-06-01-02-10         2009105899   0.06895679
[1] "str(OutputDataSet)="
'data.frame':	8428 obs. of  3 variables:
 $ RaceHorse.RaceId  : Factor w/ 657 levels "20160109-06-01-02-10",..: 1 1 1 1 1 1 1 1 1 1 ...
 $ RaceHorse.KettoNum: Factor w/ 1707 levels "2007100476","2008102799",..: 1 2 3 4 5 6 7 8 9 10 ...
 $ PredictValue      : num  0.0837 0.0884 0.0719 0.0598 0.0773 ...
NULL
[1] "2022-02-08 03:00:21 --- final Finish ---"
[1] "2022-02-08 03:00:21 --- predict.R Finished ---"
[1] "2022-02-08 03:00:21 --- log Finish ---"
