[1] "2022-02-08 09:33:22 --- D1113_analyze_glm_Horse_IsHitA_Type22 Start ---"
[1] "2022-02-08 09:33:22 --- Log Start ---"
[1] "2022-02-08 09:33:22 --- analyze_glm.R Start ---"
[1] "analyzeVersion=D1113"
[1] "analyzeCategory=analyze"
[1] "analyzeType=Horse"
[1] "analyzeFamily=IsHitA"
[1] "analyzeFunc=glm"
[1] "analyzeTrackTypeCd=2"
[1] "analyzeJyokenCd=2"
[1] "2022-02-08 09:33:22 --- source_function.R Start ---"
[1] "2022-02-08 09:33:22 --- source_function.R Finished ---"

> print(paste0(Sys.time(), " --- source_library.R Start ---"))
[1] "2022-02-08 09:33:22 --- source_library.R Start ---"

> require("RevoScaleR")

> print(paste0(Sys.time(), " --- source_library.R Finished ---"))
[1] "2022-02-08 09:33:23 --- source_library.R Finished ---"
[1] "2022-02-08 09:33:23 --- RxSqlServerData Start ---"
[1] "sqlQuery=SELECT * FROM ViewAnalyzeD1113analyze01HorseType22"
Rows Read: 6093, Total Rows Processed: 6093, Total Chunk Time: 12.282 seconds 
[1] "head(data)="
           Race.RaceId Race.IsPredictedRace Race.IsAnalyzeNormalPastAndFuture
1 20211023-05-04-05-10                FALSE                              TRUE
2 20181201-06-05-01-10                FALSE                              TRUE
3 20211113-09-05-03-10                FALSE                              TRUE
4 20200418-09-02-07-10                FALSE                              TRUE
5 20190427-05-02-03-10                FALSE                              TRUE
6 20191117-05-05-06-10                FALSE                              TRUE
  Race.IsAnalyzeNormalPast Race.IsAnalyzeNormalFuture
1                    FALSE                       TRUE
2                     TRUE                      FALSE
3                    FALSE                       TRUE
4                     TRUE                      FALSE
5                     TRUE                      FALSE
6                     TRUE                      FALSE
  Race.IsAnalyzeFullPastAndFuture Race.IsAnalyzeFullPast
1                            TRUE                  FALSE
2                            TRUE                   TRUE
3                            TRUE                  FALSE
4                            TRUE                   TRUE
5                            TRUE                   TRUE
6                            TRUE                   TRUE
  Race.IsAnalyzeFullFuture Race.JyokenCd Race.JyoType1Cd   Race.RaceType0Cd
1                     TRUE             2     2-05-2100-2 2-05-2100-2-2-E-13
2                    FALSE             2     2-06-1800-1 2-06-1800-1-2-E-13
3                     TRUE             2     2-09-1800-1 2-09-1800-1-2-E-13
4                    FALSE             2     2-09-1200-4 2-09-1200-4-2-E-14
5                    FALSE             2     2-05-2100-2 2-05-2100-2-2-E-14
6                    FALSE             2     2-05-2100-1 2-05-2100-1-2-E-13
  Race.RaceType1Cd Race.RaceType2Cd Race.RaceType3Cd Race.RaceType4Cd
1            2-2-E            2-2-E           2-E-13           2-2-13
2            2-2-E            2-2-E           2-E-13           2-2-13
3            2-2-E            2-2-E           2-E-13           2-2-13
4            2-2-E            2-2-E           2-E-14           2-2-14
5            2-2-E            2-2-E           2-E-14           2-2-14
6            2-2-E            2-2-E           2-E-13           2-2-13
      RaceHorse.RaceId RaceHorse.KettoNum RaceHorse.IsHit1 RaceHorse.IsHit2
1 20211023-05-04-05-10         2017102031                0                0
2 20181201-06-05-01-10         2013104415                0                1
3 20211113-09-05-03-10         2018104059                1                0
4 20200418-09-02-07-10         2013100354                0                0
5 20190427-05-02-03-10         2014102628                0                0
6 20191117-05-05-06-10         2014105947                0                0
  RaceHorse.IsHit3 RaceHorse.IsHit4 RaceHorse.IsHit5 RaceHorse.IsHit6
1                0                0                0                1
2                0                0                0                0
3                0                0                0                0
4                0                0                0                1
5                0                0                0                1
6                0                0                0                1
  RaceHorse.IsValidRaceHorse RaceHorse.IsHitA RaceHorse.IsHitB RaceHorse.IsHitC
1                       TRUE                0                0                0
2                       TRUE                0                1                1
3                       TRUE                1                1                1
4                       TRUE                0                0                0
5                       TRUE                0                0                0
6                       TRUE                0                0                0
  Horse.PrevKettoNum Horse.TimeDvByRaceAvg Horse.TimeDvByRaceMax Horse.RunCount
1         2017102031                    64                    64              1
2         2013104415                    46                    54              5
3         2018104059                    56                    56              1
4         2013100354                    53                    53              1
5         2014102628                    49                    54              3
6         2014105947                    54                    63             10
  Horse.HitCount1 Horse.HitCount2 Horse.HitCount3 Horse.HitCount4
1               0               1               0               0
2               0               0               0               0
3               0               0               0               0
4               0               0               0               0
5               0               0               0               0
6               0               1               2               1
  Horse.HitCount5 Horse.HitRate1 Horse.HitRate2 Horse.HitRate3 Horse.HitRate4
1               0              0            1.0            0.0            0.0
2               1              0            0.0            0.0            0.0
3               1              0            0.0            0.0            0.0
4               0              0            0.0            0.0            0.0
5               1              0            0.0            0.0            0.0
6               1              0            0.1            0.2            0.1
  Horse.HitRate5 EOF
1            0.0   1
2            0.2   1
3            1.0   1
4            0.0   1
5            0.3   1
6            0.1   1
[1] "object.size(data) auto=1.4 Mb"
[1] "nrow(data) RxSqlServerData=6093"
[1] "str(data)="
'data.frame':	6093 obs. of  42 variables:
 $ Race.RaceId                      : Factor w/ 510 levels "20211017-05-04-04-10",..: 11 12 13 14 15 16 17 18 19 20 ...
 $ Race.IsPredictedRace             : logi  FALSE FALSE FALSE FALSE FALSE FALSE ...
 $ Race.IsAnalyzeNormalPastAndFuture: logi  TRUE TRUE TRUE TRUE TRUE TRUE ...
 $ Race.IsAnalyzeNormalPast         : logi  FALSE TRUE FALSE TRUE TRUE TRUE ...
 $ Race.IsAnalyzeNormalFuture       : logi  TRUE FALSE TRUE FALSE FALSE FALSE ...
 $ Race.IsAnalyzeFullPastAndFuture  : logi  TRUE TRUE TRUE TRUE TRUE TRUE ...
 $ Race.IsAnalyzeFullPast           : logi  FALSE TRUE FALSE TRUE TRUE TRUE ...
 $ Race.IsAnalyzeFullFuture         : logi  TRUE FALSE TRUE FALSE FALSE FALSE ...
 $ Race.JyokenCd                    : Factor w/ 1 level "2": 1 1 1 1 1 1 1 1 1 1 ...
 $ Race.JyoType1Cd                  : Factor w/ 82 levels "2-05-1400-2",..: 9 3 10 11 9 8 12 13 14 15 ...
 $ Race.RaceType0Cd                 : Factor w/ 132 levels "2-05-1400-2-2-E-13",..: 10 11 12 13 14 15 16 17 18 19 ...
 $ Race.RaceType1Cd                 : Factor w/ 2 levels "2-2-E","2-2-X": 1 1 1 1 1 1 1 1 1 1 ...
 $ Race.RaceType2Cd                 : Factor w/ 2 levels "2-2-E","2-2-X": 1 1 1 1 1 1 1 1 1 1 ...
 $ Race.RaceType3Cd                 : Factor w/ 3 levels "2-E-13","2-E-14",..: 1 1 1 2 2 1 2 2 1 1 ...
 $ Race.RaceType4Cd                 : Factor w/ 2 levels "2-2-13","2-2-14": 1 1 1 2 2 1 2 2 1 1 ...
 $ RaceHorse.RaceId                 : Factor w/ 510 levels "20211017-05-04-04-10",..: 11 12 13 14 15 16 17 18 19 20 ...
 $ RaceHorse.KettoNum               : Factor w/ 1170 levels "2016102081","2015104347",..: 11 12 13 14 15 16 17 18 19 20 ...
 $ RaceHorse.IsHit1                 : int  0 0 1 0 0 0 0 0 0 0 ...
 $ RaceHorse.IsHit2                 : int  0 1 0 0 0 0 0 0 0 0 ...
 $ RaceHorse.IsHit3                 : int  0 0 0 0 0 0 0 0 0 0 ...
 $ RaceHorse.IsHit4                 : int  0 0 0 0 0 0 0 0 1 0 ...
 $ RaceHorse.IsHit5                 : int  0 0 0 0 0 0 0 0 0 0 ...
 $ RaceHorse.IsHit6                 : int  1 0 0 1 1 1 1 1 0 1 ...
 $ RaceHorse.IsValidRaceHorse       : logi  TRUE TRUE TRUE TRUE TRUE TRUE ...
 $ RaceHorse.IsHitA                 : int  0 0 1 0 0 0 0 0 0 0 ...
 $ RaceHorse.IsHitB                 : int  0 1 1 0 0 0 0 0 0 0 ...
 $ RaceHorse.IsHitC                 : int  0 1 1 0 0 0 0 0 0 0 ...
 $ Horse.PrevKettoNum               : Factor w/ 1170 levels "2016102081","2015104347",..: 11 12 13 14 15 16 17 18 19 20 ...
 $ Horse.TimeDvByRaceAvg            : num  64.1 46.5 55.7 53.3 49.1 ...
 $ Horse.TimeDvByRaceMax            : num  64.1 53.7 55.7 53.3 54.1 ...
 $ Horse.RunCount                   : int  1 5 1 1 3 10 6 1 22 18 ...
 $ Horse.HitCount1                  : int  0 0 0 0 0 0 0 0 0 0 ...
 $ Horse.HitCount2                  : int  1 0 0 0 0 1 0 0 0 1 ...
 $ Horse.HitCount3                  : int  0 0 0 0 0 2 0 0 3 5 ...
 $ Horse.HitCount4                  : int  0 0 0 0 0 1 0 0 1 1 ...
 $ Horse.HitCount5                  : int  0 1 1 0 1 1 0 0 0 1 ...
 $ Horse.HitRate1                   : num  0 0 0 0 0 0 0 0 0 0 ...
 $ Horse.HitRate2                   : num  1 0 0 0 0 ...
 $ Horse.HitRate3                   : num  0 0 0 0 0 ...
 $ Horse.HitRate4                   : num  0 0 0 0 0 ...
 $ Horse.HitRate5                   : num  0 0.2 1 0 0.333 ...
 $ EOF                              : int  1 1 1 1 1 1 1 1 1 1 ...
[1] "2022-02-08 09:33:45 --- RxSqlServerData Finish ---"
[1] "2022-02-08 09:33:45 --- subset Start ---"
[1] "nrow(data) subset before=6093"
[1] "nrow(data) subset after =4685"
[1] "nrow(data) subset diff =1408"
[1] "2022-02-08 09:33:45 --- subset Finish---"
[1] "2022-02-08 09:33:45 --- transform Start ---"
[1] "nrow(data) transform before=4685"
[1] "nrow(data) transform after=4685"
[1] "nrow(data) transform diff=0"
[1] "str(data)="
'data.frame':	4685 obs. of  42 variables:
 $ Race.RaceId                      : Factor w/ 510 levels "20211017-05-04-04-10",..: 12 14 15 16 17 18 19 20 22 23 ...
 $ Race.IsPredictedRace             : logi  FALSE FALSE FALSE FALSE FALSE FALSE ...
 $ Race.IsAnalyzeNormalPastAndFuture: logi  TRUE TRUE TRUE TRUE TRUE TRUE ...
 $ Race.IsAnalyzeNormalPast         : logi  TRUE TRUE TRUE TRUE TRUE TRUE ...
 $ Race.IsAnalyzeNormalFuture       : logi  FALSE FALSE FALSE FALSE FALSE FALSE ...
 $ Race.IsAnalyzeFullPastAndFuture  : logi  TRUE TRUE TRUE TRUE TRUE TRUE ...
 $ Race.IsAnalyzeFullPast           : logi  TRUE TRUE TRUE TRUE TRUE TRUE ...
 $ Race.IsAnalyzeFullFuture         : logi  FALSE FALSE FALSE FALSE FALSE FALSE ...
 $ Race.JyokenCd                    : Factor w/ 1 level "2": 1 1 1 1 1 1 1 1 1 1 ...
 $ Race.JyoType1Cd                  : Factor w/ 82 levels "2-05-1400-2",..: 3 11 9 8 12 13 14 15 16 17 ...
 $ Race.RaceType0Cd                 : Factor w/ 132 levels "2-05-1400-2-2-E-13",..: 11 13 14 15 16 17 18 19 21 22 ...
 $ Race.RaceType1Cd                 : Factor w/ 2 levels "2-2-E","2-2-X": 1 1 1 1 1 1 1 1 1 1 ...
 $ Race.RaceType2Cd                 : Factor w/ 2 levels "2-2-E","2-2-X": 1 1 1 1 1 1 1 1 1 1 ...
 $ Race.RaceType3Cd                 : Factor w/ 3 levels "2-E-13","2-E-14",..: 1 2 2 1 2 2 1 1 1 1 ...
 $ Race.RaceType4Cd                 : Factor w/ 2 levels "2-2-13","2-2-14": 1 2 2 1 2 2 1 1 1 1 ...
 $ RaceHorse.RaceId                 : Factor w/ 510 levels "20211017-05-04-04-10",..: 12 14 15 16 17 18 19 20 22 23 ...
 $ RaceHorse.KettoNum               : Factor w/ 1170 levels "2016102081","2015104347",..: 12 14 15 16 17 18 19 20 22 23 ...
 $ RaceHorse.IsHit1                 : int  0 0 0 0 0 0 0 0 0 0 ...
 $ RaceHorse.IsHit2                 : int  1 0 0 0 0 0 0 0 0 0 ...
 $ RaceHorse.IsHit3                 : int  0 0 0 0 0 0 0 0 0 0 ...
 $ RaceHorse.IsHit4                 : int  0 0 0 0 0 0 1 0 0 0 ...
 $ RaceHorse.IsHit5                 : int  0 0 0 0 0 0 0 0 0 0 ...
 $ RaceHorse.IsHit6                 : int  0 1 1 1 1 1 0 1 1 1 ...
 $ RaceHorse.IsValidRaceHorse       : logi  TRUE TRUE TRUE TRUE TRUE TRUE ...
 $ RaceHorse.IsHitA                 : int  0 0 0 0 0 0 0 0 0 0 ...
 $ RaceHorse.IsHitB                 : int  1 0 0 0 0 0 0 0 0 0 ...
 $ RaceHorse.IsHitC                 : int  1 0 0 0 0 0 0 0 0 0 ...
 $ Horse.PrevKettoNum               : Factor w/ 1170 levels "2016102081","2015104347",..: 12 14 15 16 17 18 19 20 22 23 ...
 $ Horse.TimeDvByRaceAvg            : num  46.5 53.3 49.1 54.4 50.4 ...
 $ Horse.TimeDvByRaceMax            : num  53.7 53.3 54.1 63.1 53.6 ...
 $ Horse.RunCount                   : int  5 1 3 10 6 1 22 18 3 1 ...
 $ Horse.HitCount1                  : int  0 0 0 0 0 0 0 0 1 1 ...
 $ Horse.HitCount2                  : int  0 0 0 1 0 0 0 1 0 0 ...
 $ Horse.HitCount3                  : int  0 0 0 2 0 0 3 5 0 0 ...
 $ Horse.HitCount4                  : int  0 0 0 1 0 0 1 1 0 0 ...
 $ Horse.HitCount5                  : int  1 0 1 1 0 0 0 1 0 0 ...
 $ Horse.HitRate1                   : num  0 0 0 0 0 ...
 $ Horse.HitRate2                   : num  0 0 0 0.1 0 ...
 $ Horse.HitRate3                   : num  0 0 0 0.2 0 ...
 $ Horse.HitRate4                   : num  0 0 0 0.1 0 ...
 $ Horse.HitRate5                   : num  0.2 0 0.333 0.1 0 ...
 $ EOF                              : int  1 1 1 1 1 1 1 1 1 1 ...
NULL
[1] "2022-02-08 09:33:46 --- transform Finish ---"
[1] "2022-02-08 09:33:46 --- na.omit Start ---"
[1] "nrow(data) na.omit before=4685"
[1] "nrow(data) na.omit after =4685"
[1] "nrow(data) na.omit diff =0"
'data.frame':	4685 obs. of  42 variables:
 $ Race.RaceId                      : Factor w/ 510 levels "20211017-05-04-04-10",..: 12 14 15 16 17 18 19 20 22 23 ...
 $ Race.IsPredictedRace             : logi  FALSE FALSE FALSE FALSE FALSE FALSE ...
 $ Race.IsAnalyzeNormalPastAndFuture: logi  TRUE TRUE TRUE TRUE TRUE TRUE ...
 $ Race.IsAnalyzeNormalPast         : logi  TRUE TRUE TRUE TRUE TRUE TRUE ...
 $ Race.IsAnalyzeNormalFuture       : logi  FALSE FALSE FALSE FALSE FALSE FALSE ...
 $ Race.IsAnalyzeFullPastAndFuture  : logi  TRUE TRUE TRUE TRUE TRUE TRUE ...
 $ Race.IsAnalyzeFullPast           : logi  TRUE TRUE TRUE TRUE TRUE TRUE ...
 $ Race.IsAnalyzeFullFuture         : logi  FALSE FALSE FALSE FALSE FALSE FALSE ...
 $ Race.JyokenCd                    : Factor w/ 1 level "2": 1 1 1 1 1 1 1 1 1 1 ...
 $ Race.JyoType1Cd                  : Factor w/ 82 levels "2-05-1400-2",..: 3 11 9 8 12 13 14 15 16 17 ...
 $ Race.RaceType0Cd                 : Factor w/ 132 levels "2-05-1400-2-2-E-13",..: 11 13 14 15 16 17 18 19 21 22 ...
 $ Race.RaceType1Cd                 : Factor w/ 2 levels "2-2-E","2-2-X": 1 1 1 1 1 1 1 1 1 1 ...
 $ Race.RaceType2Cd                 : Factor w/ 2 levels "2-2-E","2-2-X": 1 1 1 1 1 1 1 1 1 1 ...
 $ Race.RaceType3Cd                 : Factor w/ 3 levels "2-E-13","2-E-14",..: 1 2 2 1 2 2 1 1 1 1 ...
 $ Race.RaceType4Cd                 : Factor w/ 2 levels "2-2-13","2-2-14": 1 2 2 1 2 2 1 1 1 1 ...
 $ RaceHorse.RaceId                 : Factor w/ 510 levels "20211017-05-04-04-10",..: 12 14 15 16 17 18 19 20 22 23 ...
 $ RaceHorse.KettoNum               : Factor w/ 1170 levels "2016102081","2015104347",..: 12 14 15 16 17 18 19 20 22 23 ...
 $ RaceHorse.IsHit1                 : int  0 0 0 0 0 0 0 0 0 0 ...
 $ RaceHorse.IsHit2                 : int  1 0 0 0 0 0 0 0 0 0 ...
 $ RaceHorse.IsHit3                 : int  0 0 0 0 0 0 0 0 0 0 ...
 $ RaceHorse.IsHit4                 : int  0 0 0 0 0 0 1 0 0 0 ...
 $ RaceHorse.IsHit5                 : int  0 0 0 0 0 0 0 0 0 0 ...
 $ RaceHorse.IsHit6                 : int  0 1 1 1 1 1 0 1 1 1 ...
 $ RaceHorse.IsValidRaceHorse       : logi  TRUE TRUE TRUE TRUE TRUE TRUE ...
 $ RaceHorse.IsHitA                 : int  0 0 0 0 0 0 0 0 0 0 ...
 $ RaceHorse.IsHitB                 : int  1 0 0 0 0 0 0 0 0 0 ...
 $ RaceHorse.IsHitC                 : int  1 0 0 0 0 0 0 0 0 0 ...
 $ Horse.PrevKettoNum               : Factor w/ 1170 levels "2016102081","2015104347",..: 12 14 15 16 17 18 19 20 22 23 ...
 $ Horse.TimeDvByRaceAvg            : num  46.5 53.3 49.1 54.4 50.4 ...
 $ Horse.TimeDvByRaceMax            : num  53.7 53.3 54.1 63.1 53.6 ...
 $ Horse.RunCount                   : int  5 1 3 10 6 1 22 18 3 1 ...
 $ Horse.HitCount1                  : int  0 0 0 0 0 0 0 0 1 1 ...
 $ Horse.HitCount2                  : int  0 0 0 1 0 0 0 1 0 0 ...
 $ Horse.HitCount3                  : int  0 0 0 2 0 0 3 5 0 0 ...
 $ Horse.HitCount4                  : int  0 0 0 1 0 0 1 1 0 0 ...
 $ Horse.HitCount5                  : int  1 0 1 1 0 0 0 1 0 0 ...
 $ Horse.HitRate1                   : num  0 0 0 0 0 ...
 $ Horse.HitRate2                   : num  0 0 0 0.1 0 ...
 $ Horse.HitRate3                   : num  0 0 0 0.2 0 ...
 $ Horse.HitRate4                   : num  0 0 0 0.1 0 ...
 $ Horse.HitRate5                   : num  0.2 0 0.333 0.1 0 ...
 $ EOF                              : int  1 1 1 1 1 1 1 1 1 1 ...
[1] "2022-02-08 09:33:46 --- na.omit Finish ---"
[1] "2022-02-08 09:33:46 --- rxGlm with rxStepControl Start ---"
[1] "2022-02-08 09:33:46 --- source_logic_glm.R Start ---"
[1] "2022-02-08 09:33:46 --- source_logic_glm.R Finished ---"
Rows Read: 4685, Total Rows Processed: 4685, Total Chunk Time: Less than .001 seconds 

Starting values (iteration 1) time: 0.007 secs.
Rows Read: 4685, Total Rows Processed: 4685, Total Chunk Time: Less than .001 seconds 

Iteration 2 time: 0.006 secs.
Rows Read: 4685, Total Rows Processed: 4685, Total Chunk Time: 0.001 seconds 

Iteration 3 time: 0.004 secs.
Rows Read: 4685, Total Rows Processed: 4685, Total Chunk Time: 0.002 seconds 

Iteration 4 time: 0.004 secs.
Rows Read: 4685, Total Rows Processed: 4685, Total Chunk Time: 0.001 seconds 

Iteration 5 time: 0.004 secs.
Rows Read: 4685, Total Rows Processed: 4685, Total Chunk Time: 0.001 seconds 

Iteration 6 time: 0.004 secs.
Rows Read: 4685, Total Rows Processed: 4685, Total Chunk Time: 0.001 seconds 

Iteration 7 time: 0.004 secs.

Elapsed computation time: 0.053 secs.
Rows Read: 4685, Total Rows Processed: 4685, Total Chunk Time: 0.002 seconds 

Starting values (iteration 1) time: 0.007 secs.
Rows Read: 4685, Total Rows Processed: 4685, Total Chunk Time: 0.002 seconds 

Iteration 2 time: 0.005 secs.
Rows Read: 4685, Total Rows Processed: 4685, Total Chunk Time: 0.001 seconds 

Iteration 3 time: 0.005 secs.
Rows Read: 4685, Total Rows Processed: 4685, Total Chunk Time: 0.002 seconds 

Iteration 4 time: 0.005 secs.
Rows Read: 4685, Total Rows Processed: 4685, Total Chunk Time: 0.001 seconds 

Iteration 5 time: 0.005 secs.
Rows Read: 4685, Total Rows Processed: 4685, Total Chunk Time: Less than .001 seconds 

Iteration 6 time: 0.005 secs.

Elapsed computation time: 0.058 secs.
Rows Read: 4685, Total Rows Processed: 4685, Total Chunk Time: 0.001 seconds 

Starting values (iteration 1) time: 0.007 secs.
Rows Read: 4685, Total Rows Processed: 4685, Total Chunk Time: 0.001 seconds 

Iteration 2 time: 0.007 secs.
Rows Read: 4685, Total Rows Processed: 4685, Total Chunk Time: 0.001 seconds 

Iteration 3 time: 0.006 secs.
Rows Read: 4685, Total Rows Processed: 4685, Total Chunk Time: 0.001 seconds 

Iteration 4 time: 0.005 secs.
Rows Read: 4685, Total Rows Processed: 4685, Total Chunk Time: 0.001 seconds 

Iteration 5 time: 0.009 secs.
Rows Read: 4685, Total Rows Processed: 4685, Total Chunk Time: 0.001 seconds 

Iteration 6 time: 0.008 secs.
Rows Read: 4685, Total Rows Processed: 4685, Total Chunk Time: Less than .001 seconds 

Iteration 7 time: 0.005 secs.

Elapsed computation time: 0.075 secs.

Elapsed computation time: 0.201 secs.
[1] "analyze.results.glm.step="
Generalized Linear Model Results for: RaceHorse.IsHitA ~
    Horse.TimeDvByRaceMax
Data: data
Dependent variable(s): RaceHorse.IsHitA
Total independent variables: 2 
Number of valid observations: 4685
Number of missing observations: 0 
Family-link: binomial-logit 
 
 
Coefficients:
                      RaceHorse.IsHitA
(Intercept)                      -7.38
Horse.TimeDvByRaceMax             0.08
[1] "analyze.results.glm.step.summary"
Call:
rxGlm(formula = form, data = data, family = binomial(), variableSelection = analyze.results.glm.step.varsel)

Generalized Linear Model Results for: RaceHorse.IsHitA ~
    Horse.TimeDvByRaceMax
Data: data
Dependent variable(s): RaceHorse.IsHitA
Total independent variables: 2 
Number of valid observations: 4685
Number of missing observations: 0 
Family-link: binomial-logit 
 
Residual deviance: 2149.853 (on 4683 degrees of freedom)
 
Coefficients:
                      Estimate Std. Error z value Pr(>|z|)    
(Intercept)            -7.3849     0.7263  -10.17  2.2e-16 ***
Horse.TimeDvByRaceMax   0.0799     0.0121    6.59  4.4e-11 ***
---
Signif. codes:  0 '***' 0.001 '**' 0.01 '*' 0.05 '.' 0.1 ' ' 1

(Dispersion parameter for binomial family taken to be 1)

Condition number of final variance-covariance matrix: 1 
Number of iterations: 7
[1] "2022-02-08 09:33:46 --- rxGlm with rxStepControl Finish ---"
[1] "2022-02-08 09:33:46 --- rxStepPlot Start ---"
[1] "pdfFilename=pdf_analyze_glm_Horse_Type22_rxStepPlot.pdf"
[1] "rxStepPlot="
[1] "2022-02-08 09:33:47 --- rxStepPlot Finish ---"
[1] "2022-02-08 09:33:47 --- save.image Start ---"
[1] "save.image"
[1] "rdataFilename=RData_analyze_glm_Horse_Type22.RData"
[1] "2022-02-08 09:33:49 --- save.image Finish ---"
[1] "2022-02-08 09:33:49 --- final Start ---"
[1] "nrow(data) final=4685"
[1] "2022-02-08 09:33:49 --- final Finish ---"
[1] "2022-02-08 09:33:49 --- analyze_glm.R Finished ---"
[1] "2022-02-08 09:33:49 --- log Finish ---"
