[1] "2022-03-09 06:02:36 --- D1115_Predict_glm_Jockey_IsHitA_Type35 Start ---"
[1] "2022-03-09 06:02:36 --- Log Start ---"
[1] "2022-03-09 06:02:36 --- predict.R Start ---"
[1] "--------------------------------------------------------------------------------"
[1] "analyzeVersion=D1115"
[1] "analyzeCategory=Predict"
[1] "analyzeType=Jockey"
[1] "analyzeFamily=IsHitA"
[1] "analyzeFunc=glm"
[1] "analyzeTrackTypeCd=3"
[1] "analyzeJyokenCd=5"
[1] "--------------------------------------------------------------------------------"
[1] "2022-03-09 06:02:36 --- source_function.R Start ---"
[1] "2022-03-09 06:02:36 --- source_function.R Finished ---"
[1] "2022-03-09 06:02:36 --- source_library.R Start ---"
[1] "2022-03-09 06:02:36 --- source_library.R Finished ---"
[1] "2022-03-09 06:02:36 --- Load Start ---"
[1] "analyzeTrackTypeCd=3"
[1] "analyzeJyokenCd=5"
[1] "loadFilename=RData_Analyze_glm_Jockey_Type35.RData"
[1] "2022-03-09 06:02:36 --- Load Finished ---"
[1] "2022-03-09 06:02:36 --- RxSqlServerData Start ---"
[1] "2022-03-09 06:02:36 --- RxInSqlServer Start ---"
[1] "2022-03-09 06:02:36 --- RxInSqlServer Finish ---"
[1] "2022-03-09 06:02:36 --- rxSetComputeContext Start ---"
[1] "2022-03-09 06:02:36 --- rxSetComputeContext Finish ---"
[1] "2022-03-09 06:02:36 --- RxSqlServerData Start ---"
[1] "analyzeTrackTypeCd=3"
[1] "analyzeJyokenCd=5"
[1] "predictSqlQuery=SELECT * FROM ViewAnalyzeD1115Predict01JockeyType35"
[1] "2022-03-09 06:02:36 --- RxSqlServerData Finish ---"
[1] "2022-03-09 06:02:36 --- rxGetVarInfo Start ---"
[1] "2022-03-09 06:02:37 --- rxGetVarInfo Finish---"
[1] "2022-03-09 06:02:37 --- rxImport Start ---"
Rows Read: 6501, Total Rows Processed: 6501, Total Chunk Time: 3.125 seconds 
[1] "2022-03-09 06:02:43 --- rxImport Finish ---"
[1] "object.size(InputDataSet) auto=1.4 Mb"
[1] "--------------------------------------------------------------------------------"
[1] "nrow(InputDataSet) RxSqlServerData=6501"
[1] "--------------------------------------------------------------------------------"
[1] "str(InputDataSet)="
'data.frame':	6501 obs. of  31 variables:
 $ Race.RaceId                      : Factor w/ 523 levels "20180818-10-02-07-01",..: 11 12 13 14 15 16 17 18 19 20 ...
 $ Race.IsAnalyzeNormalPastAndFuture: logi  TRUE TRUE TRUE TRUE TRUE TRUE ...
 $ Race.IsAnalyzeNormalPast         : logi  TRUE TRUE TRUE TRUE TRUE TRUE ...
 $ Race.IsAnalyzeNormalFuture       : logi  FALSE FALSE FALSE FALSE FALSE FALSE ...
 $ Race.IsAnalyzeFullPastAndFuture  : logi  TRUE TRUE TRUE TRUE TRUE TRUE ...
 $ Race.IsAnalyzeFullPast           : logi  TRUE TRUE TRUE TRUE TRUE TRUE ...
 $ Race.IsAnalyzeFullFuture         : logi  FALSE FALSE FALSE FALSE FALSE FALSE ...
 $ Race.JyokenCd                    : Factor w/ 1 level "5": 1 1 1 1 1 1 1 1 1 1 ...
 $ Race.JyoType1Cd                  : Factor w/ 36 levels "54-10-2860-1",..: 5 2 2 9 10 11 8 2 2 12 ...
 $ Race.RaceType1Cd                 : Factor w/ 2 levels "3-5-18","3-5-19": 1 1 2 2 1 2 2 1 2 1 ...
 $ RaceHorse.RaceId                 : Factor w/ 523 levels "20180818-10-02-07-01",..: 11 12 13 14 15 16 17 18 19 20 ...
 $ RaceHorse.KettoNum               : Factor w/ 1920 levels "2013105593","2016106432",..: 10 11 10 12 13 14 15 16 12 17 ...
 $ Jockey.FinishTimeSdvByRaceAvg    : num  0.1078 0.1371 0.0166 0.0484 0.145 ...
 $ Jockey.FirstTimeSdvByRaceAvg     : num  0.1084 0.132 0.0171 0.0499 0.1461 ...
 $ Jockey.LastTimeSdvByRaceAvg      : num  0.1059 0.1556 0.0176 0.0451 0.1407 ...
 $ Jockey.FinishTimeSdvAvg          : num  0.0494 0.0564 0.0731 0.1198 0.1152 ...
 $ Jockey.FirstTimeSdvAvg           : num  0.0496 0.0542 0.0729 0.1198 0.116 ...
 $ Jockey.LastTimeSdvAvg            : num  0.0458 0.0624 0.0744 0.1193 0.1088 ...
 $ Jockey.RealOddsLog1Avg           : num  3.75 3.55 3.78 3.68 3.66 ...
 $ Jockey.RunCount                  : num  130 184 93 104 146 117 75 156 100 145 ...
 $ Jockey.HitCount1                 : num  5 16 7 10 5 11 6 6 8 5 ...
 $ Jockey.HitCount2                 : num  8 13 4 4 11 4 4 12 4 11 ...
 $ Jockey.HitCount3                 : num  12 8 6 8 18 9 5 19 7 18 ...
 $ Jockey.HitCount4                 : num  12 22 8 9 12 9 6 12 9 12 ...
 $ Jockey.HitCount5                 : num  15 14 10 11 15 13 8 16 11 15 ...
 $ Jockey.HitRate1                  : num  0.0385 0.087 0.0753 0.0962 0.0342 ...
 $ Jockey.HitRate2                  : num  0.0615 0.0707 0.043 0.0385 0.0753 ...
 $ Jockey.HitRate3                  : num  0.0923 0.0435 0.0645 0.0769 0.1233 ...
 $ Jockey.HitRate4                  : num  0.0923 0.1196 0.086 0.0865 0.0822 ...
 $ Jockey.HitRate5                  : num  0.1154 0.0761 0.1075 0.1058 0.1027 ...
 $ EOF                              : int  1 1 1 1 1 1 1 1 1 1 ...
[1] "2022-03-09 06:02:44 --- RxSqlServerData Finish ---"
[1] "2022-03-09 06:02:44 --- subset Start ---"
[1] "--------------------------------------------------------------------------------"
[1] "nrow(InputDataSet) subset before=6501"
[1] "nrow(InputDataSet) subset after=6501"
[1] "nrow(InputDataSet) subset diff=0"
[1] "--------------------------------------------------------------------------------"
[1] "class(InputDataSet$Race.IsAnalyzeNormalPast)=logical"
[1] "class(InputDataSet$Race.analyzeTrackTypeCd)=NULL"
[1] "2022-03-09 06:02:44 --- subset Finish ---"
[1] "2022-03-09 06:02:44 --- na.omit Start ---"
[1] "--------------------------------------------------------------------------------"
[1] "nrow(InputDataSet) na.omit before=6501"
[1] "nrow(InputDataSet) na.omit after=6501"
[1] "nrow(InputDataSet) na.omit diff=0"
[1] "--------------------------------------------------------------------------------"
[1] "2022-03-09 06:02:44 --- na.omit Finish---"
[1] "2022-03-09 06:02:44 --- New Levels Start ---"
[1] "levels(data$Race.RaceType1Cd)=3-5-19"
[2] "levels(data$Race.RaceType1Cd)=3-5-18"
[1] "levels(InputDataSet$Race.RaceType1Cd)=3-5-18"
[2] "levels(InputDataSet$Race.RaceType1Cd)=3-5-19"
[1] "length(Race.RaceType1Cd.Index)=0"
[1] "2022-03-09 06:02:44 --- New Levels Finish ---"
[1] "2022-03-09 06:02:44 --- na.omit Start ---"
[1] "--------------------------------------------------------------------------------"
[1] "nrow(InputDataSet) na.omit levels before=6501"
[1] "nrow(InputDataSet) na.omit levels after=6501"
[1] "nrow(InputDataSet) na.omit levels diff=0"
[1] "--------------------------------------------------------------------------------"
[1] "2022-03-09 06:02:44 --- na.omit Finish ---"
[1] "2022-03-09 06:02:44 --- Predict InputDataSet Start ---"
[1] "--------------------------------------------------------------------------------"
[1] "nrow(InputDataSet) predict=6501"
[1] "--------------------------------------------------------------------------------"
[1] "str(InputDataSet)="
'data.frame':	6501 obs. of  31 variables:
 $ Race.RaceId                      : Factor w/ 523 levels "20180818-10-02-07-01",..: 11 12 13 14 15 16 17 18 19 20 ...
 $ Race.IsAnalyzeNormalPastAndFuture: logi  TRUE TRUE TRUE TRUE TRUE TRUE ...
 $ Race.IsAnalyzeNormalPast         : logi  TRUE TRUE TRUE TRUE TRUE TRUE ...
 $ Race.IsAnalyzeNormalFuture       : logi  FALSE FALSE FALSE FALSE FALSE FALSE ...
 $ Race.IsAnalyzeFullPastAndFuture  : logi  TRUE TRUE TRUE TRUE TRUE TRUE ...
 $ Race.IsAnalyzeFullPast           : logi  TRUE TRUE TRUE TRUE TRUE TRUE ...
 $ Race.IsAnalyzeFullFuture         : logi  FALSE FALSE FALSE FALSE FALSE FALSE ...
 $ Race.JyokenCd                    : Factor w/ 1 level "5": 1 1 1 1 1 1 1 1 1 1 ...
 $ Race.JyoType1Cd                  : Factor w/ 36 levels "54-10-2860-1",..: 5 2 2 9 10 11 8 2 2 12 ...
 $ Race.RaceType1Cd                 : Factor w/ 2 levels "3-5-18","3-5-19": 1 1 2 2 1 2 2 1 2 1 ...
 $ RaceHorse.RaceId                 : Factor w/ 523 levels "20180818-10-02-07-01",..: 11 12 13 14 15 16 17 18 19 20 ...
 $ RaceHorse.KettoNum               : Factor w/ 1920 levels "2013105593","2016106432",..: 10 11 10 12 13 14 15 16 12 17 ...
 $ Jockey.FinishTimeSdvByRaceAvg    : num  0.1078 0.1371 0.0166 0.0484 0.145 ...
 $ Jockey.FirstTimeSdvByRaceAvg     : num  0.1084 0.132 0.0171 0.0499 0.1461 ...
 $ Jockey.LastTimeSdvByRaceAvg      : num  0.1059 0.1556 0.0176 0.0451 0.1407 ...
 $ Jockey.FinishTimeSdvAvg          : num  0.0494 0.0564 0.0731 0.1198 0.1152 ...
 $ Jockey.FirstTimeSdvAvg           : num  0.0496 0.0542 0.0729 0.1198 0.116 ...
 $ Jockey.LastTimeSdvAvg            : num  0.0458 0.0624 0.0744 0.1193 0.1088 ...
 $ Jockey.RealOddsLog1Avg           : num  3.75 3.55 3.78 3.68 3.66 ...
 $ Jockey.RunCount                  : num  130 184 93 104 146 117 75 156 100 145 ...
 $ Jockey.HitCount1                 : num  5 16 7 10 5 11 6 6 8 5 ...
 $ Jockey.HitCount2                 : num  8 13 4 4 11 4 4 12 4 11 ...
 $ Jockey.HitCount3                 : num  12 8 6 8 18 9 5 19 7 18 ...
 $ Jockey.HitCount4                 : num  12 22 8 9 12 9 6 12 9 12 ...
 $ Jockey.HitCount5                 : num  15 14 10 11 15 13 8 16 11 15 ...
 $ Jockey.HitRate1                  : num  0.0385 0.087 0.0753 0.0962 0.0342 ...
 $ Jockey.HitRate2                  : num  0.0615 0.0707 0.043 0.0385 0.0753 ...
 $ Jockey.HitRate3                  : num  0.0923 0.0435 0.0645 0.0769 0.1233 ...
 $ Jockey.HitRate4                  : num  0.0923 0.1196 0.086 0.0865 0.0822 ...
 $ Jockey.HitRate5                  : num  0.1154 0.0761 0.1075 0.1058 0.1027 ...
 $ EOF                              : int  1 1 1 1 1 1 1 1 1 1 ...
[1] "2022-03-09 06:02:44 --- Predict InputDataSet Finish ---"
[1] "2022-03-09 06:02:44 --- rxPredict (glm) Start ---"
[1] "analyzeFunc=glm"
Rows Read: 6501, Total Rows Processed: 6501, Total Chunk Time: Less than .001 seconds 
[1] "--------------------------------------------------------------------------------"
[1] "nrow(PredictDataSet) afte predict=6501"
[1] "--------------------------------------------------------------------------------"
[1] "str(PredictDataSet)"
'data.frame':	6501 obs. of  1 variable:
 $ RaceHorse.IsHitA_Pred: num  0.0631 0.0678 0.0503 0.0544 0.0691 ...
NULL
[1] "2022-03-09 06:02:44 --- rxPredict (glm) Finish ---"
[1] "2022-03-09 06:02:44 --- add key Start ---"
[1] "--------------------------------------------------------------------------------"
[1] "nrow(OutputDataSet) add KeyColmn=6501"
[1] "--------------------------------------------------------------------------------"
[1] "str(OutputDataSet) after add Key"
'data.frame':	6501 obs. of  2 variables:
 $ RaceHorse.RaceId  : Factor w/ 523 levels "20180818-10-02-07-01",..: 11 12 13 14 15 16 17 18 19 20 ...
 $ RaceHorse.KettoNum: Factor w/ 1920 levels "2013105593","2016106432",..: 10 11 10 12 13 14 15 16 12 17 ...
NULL
[1] "2022-03-09 06:02:44 --- add key Finish ---"
[1] "2022-03-09 06:02:44 --- add PredictValue Start ---"
[1] "str(PredictDataSet) before rename="
[1] "colnames(PredictDataSet)=RaceHorse.IsHitA_Pred"
[1] "str(PredictDataSet) after rename="
'data.frame':	6501 obs. of  1 variable:
 $ PredictValue: num  0.0631 0.0678 0.0503 0.0544 0.0691 ...
NULL
[1] "str(OutputDataSet) before cbind="
'data.frame':	6501 obs. of  2 variables:
 $ RaceHorse.RaceId  : Factor w/ 523 levels "20180818-10-02-07-01",..: 11 12 13 14 15 16 17 18 19 20 ...
 $ RaceHorse.KettoNum: Factor w/ 1920 levels "2013105593","2016106432",..: 10 11 10 12 13 14 15 16 12 17 ...
NULL
[1] "str(OutputDataSet) after cbind="
'data.frame':	6501 obs. of  3 variables:
 $ RaceHorse.RaceId  : Factor w/ 523 levels "20180818-10-02-07-01",..: 11 12 13 14 15 16 17 18 19 20 ...
 $ RaceHorse.KettoNum: Factor w/ 1920 levels "2013105593","2016106432",..: 10 11 10 12 13 14 15 16 12 17 ...
 $ PredictValue      : num  0.0631 0.0678 0.0503 0.0544 0.0691 ...
NULL
[1] "2022-03-09 06:02:44 --- add PredictValue Finish ---"
[1] "2022-03-09 06:02:44 --- final Start ---"
[1] "--------------------------------------------------------------------------------"
[1] "nrow(OutputDataSet) final=6501"
[1] "--------------------------------------------------------------------------------"
[1] "str(OutputDataSet)="
'data.frame':	6501 obs. of  3 variables:
 $ RaceHorse.RaceId  : Factor w/ 523 levels "20180818-10-02-07-01",..: 11 12 13 14 15 16 17 18 19 20 ...
 $ RaceHorse.KettoNum: Factor w/ 1920 levels "2013105593","2016106432",..: 10 11 10 12 13 14 15 16 12 17 ...
 $ PredictValue      : num  0.0631 0.0678 0.0503 0.0544 0.0691 ...
NULL
[1] "2022-03-09 06:02:44 --- final Finish ---"
[1] "2022-03-09 06:02:44 --- predict.R Finished ---"
[1] "2022-03-09 06:02:44 --- log Finish ---"
