[1] "2022-02-18 01:41:08 --- D1115_analyze_glm_Gen01_IsHitA_Type21 Start ---"
[1] "2022-02-18 01:41:08 --- Log Start ---"
[1] "2022-02-18 01:41:08 --- analyze_glm.R Start ---"
[1] "analyzeVersion=D1115"
[1] "analyzeCategory=analyze"
[1] "analyzeType=Gen01"
[1] "analyzeFamily=IsHitA"
[1] "analyzeFunc=glm"
[1] "analyzeTrackTypeCd=2"
[1] "analyzeJyokenCd=1"
[1] "2022-02-18 01:41:09 --- source_function.R Start ---"
[1] "2022-02-18 01:41:09 --- source_function.R Finished ---"

> print(paste0(Sys.time(), " --- source_library.R Start ---"))
[1] "2022-02-18 01:41:09 --- source_library.R Start ---"

> require("RevoScaleR")

> print(paste0(Sys.time(), " --- source_library.R Finished ---"))
[1] "2022-02-18 01:41:09 --- source_library.R Finished ---"
[1] "2022-02-18 01:41:09 --- RxSqlServerData Start ---"
[1] "2022-02-18 01:41:09 --- RxInSqlServer Start ---"
[1] "2022-02-18 01:41:09 --- RxInSqlServer Finish ---"
[1] "2022-02-18 01:41:09 --- rxSetComputeContext Start ---"
[1] "2022-02-18 01:41:09 --- rxSetComputeContext Finish ---"
[1] "2022-02-18 01:41:09 --- RxSqlServerData Start ---"
[1] "sqlQuery=SELECT * FROM ViewAnalyzeD1115analyze01Gen01Type21"
[1] "2022-02-18 01:41:09 --- RxSqlServerData Finish ---"
[1] "2022-02-18 01:41:09 --- rxGetVarInfo Start ---"
[1] "2022-02-18 01:41:09 --- rxGetVarInfo Finish---"
[1] "2022-02-18 01:41:09 --- rxImport Start ---"
Rows Read: 5149, Total Rows Processed: 5149, Total Chunk Time: 7.215 seconds 
[1] "2022-02-18 01:41:23 --- rxImport Finish ---"
[1] "object.size(data) auto=1.1 Mb"
[1] "--------------------------------------------------------------------------------"
[1] "nrow(data) RxSqlServerData=5149"
[1] "--------------------------------------------------------------------------------"
[1] "str(data)="
'data.frame':	5149 obs. of  41 variables:
 $ Race.RaceId                      : Factor w/ 380 levels "20190217-08-02-08-11",..: 1 1 1 1 1 1 1 1 1 1 ...
 $ Race.IsPredictedRace             : logi  TRUE TRUE TRUE TRUE TRUE TRUE ...
 $ Race.IsAnalyzeNormalPastAndFuture: logi  TRUE TRUE TRUE TRUE TRUE TRUE ...
 $ Race.IsAnalyzeNormalPast         : logi  TRUE TRUE TRUE TRUE TRUE TRUE ...
 $ Race.IsAnalyzeNormalFuture       : logi  FALSE FALSE FALSE FALSE FALSE FALSE ...
 $ Race.IsAnalyzeFullPastAndFuture  : logi  TRUE TRUE TRUE TRUE TRUE TRUE ...
 $ Race.IsAnalyzeFullPast           : logi  TRUE TRUE TRUE TRUE TRUE TRUE ...
 $ Race.IsAnalyzeFullFuture         : logi  FALSE FALSE FALSE FALSE FALSE FALSE ...
 $ Race.JyokenCd                    : Factor w/ 1 level "1": 1 1 1 1 1 1 1 1 1 1 ...
 $ Race.JyoType1Cd                  : Factor w/ 72 levels "2-08-1200-1",..: 1 1 1 1 1 1 1 1 1 1 ...
 $ Race.RaceType0Cd                 : Factor w/ 170 levels "2-08-1200-1-1-E-14",..: 1 1 1 1 1 1 1 1 1 1 ...
 $ Race.RaceType1Cd                 : Factor w/ 5 levels "2-1-E","2-1-L",..: 1 1 1 1 1 1 1 1 1 1 ...
 $ Race.RaceType2Cd                 : Factor w/ 5 levels "2-1-E","2-1-L",..: 1 1 1 1 1 1 1 1 1 1 ...
 $ Race.RaceType3Cd                 : Factor w/ 13 levels "1-E-14","1-L-14",..: 1 1 1 1 1 1 1 1 1 1 ...
 $ Race.RaceType4Cd                 : Factor w/ 4 levels "2-1-14","2-1-12",..: 1 1 1 1 1 1 1 1 1 1 ...
 $ RaceHorse.RaceId                 : Factor w/ 380 levels "20190217-08-02-08-11",..: 1 1 1 1 1 1 1 1 1 1 ...
 $ RaceHorse.KettoNum               : Factor w/ 1063 levels "2011105881","2012105337",..: 1 11 2 4 5 6 7 8 9 10 ...
 $ RaceHorse.IsHit1                 : int  0 0 0 0 0 0 0 0 1 0 ...
 $ RaceHorse.IsHit2                 : int  0 0 0 0 0 0 0 0 0 1 ...
 $ RaceHorse.IsHit3                 : int  0 0 0 0 1 0 0 0 0 0 ...
 $ RaceHorse.IsHit4                 : int  0 0 0 0 0 0 1 0 0 0 ...
 $ RaceHorse.IsHit5                 : int  0 0 1 0 0 0 0 0 0 0 ...
 $ RaceHorse.IsHit6                 : int  1 1 0 1 0 1 0 1 0 0 ...
 $ RaceHorse.IsValidRaceHorse       : logi  TRUE TRUE TRUE TRUE TRUE TRUE ...
 $ RaceHorse.IsHitA                 : int  0 0 0 0 0 0 0 0 1 0 ...
 $ RaceHorse.IsHitB                 : int  0 0 0 0 0 0 0 0 1 1 ...
 $ RaceHorse.IsHitC                 : int  0 0 0 0 1 0 0 0 1 1 ...
 $ Gen01.HansyokuNum                : Factor w/ 191 levels "11202029","11202238",..: 1 10 2 4 5 6 7 8 9 7 ...
 $ Gen01.TimeDvByRaceAvg            : num  41.7 39.4 53.2 45.1 55.5 ...
 $ Gen01.RunCount                   : int  3 1 11 4 7 3 19 1 13 19 ...
 $ Gen01.HitCount1                  : int  0 0 1 1 0 0 3 0 1 3 ...
 $ Gen01.HitCount2                  : int  0 0 1 0 2 1 3 0 1 3 ...
 $ Gen01.HitCount3                  : int  0 0 1 0 1 0 0 0 0 0 ...
 $ Gen01.HitCount4                  : int  0 0 2 0 1 0 0 0 2 0 ...
 $ Gen01.HitCount5                  : int  0 0 1 0 0 0 1 0 0 1 ...
 $ Gen01.HitRate1                   : num  0 0 0.0909 0.25 0 ...
 $ Gen01.HitRate2                   : num  0 0 0.0909 0 0.2857 ...
 $ Gen01.HitRate3                   : num  0 0 0.0909 0 0.1429 ...
 $ Gen01.HitRate4                   : num  0 0 0.182 0 0.143 ...
 $ Gen01.HitRate5                   : num  0 0 0.0909 0 0 ...
 $ EOF                              : int  1 1 1 1 1 1 1 1 1 1 ...
[1] "2022-02-18 01:41:23 --- RxSqlServerData Finish ---"
[1] "2022-02-18 01:41:23 --- subset Start ---"
[1] "--------------------------------------------------------------------------------"
[1] "nrow(data) subset before=5149"
[1] "nrow(data) subset after =4028"
[1] "nrow(data) subset diff =1121"
[1] "--------------------------------------------------------------------------------"
[1] "2022-02-18 01:41:23 --- subset Finish---"
[1] "2022-02-18 01:41:23 --- transform Start ---"
[1] "--------------------------------------------------------------------------------"
[1] "nrow(data) transform before=4028"
[1] "nrow(data) transform after=4028"
[1] "nrow(data) transform diff=0"
[1] "--------------------------------------------------------------------------------"
[1] "str(data)="
'data.frame':	4028 obs. of  41 variables:
 $ Race.RaceId                      : Factor w/ 380 levels "20190217-08-02-08-11",..: 1 1 1 1 1 1 1 1 1 1 ...
 $ Race.IsPredictedRace             : logi  TRUE TRUE TRUE TRUE TRUE TRUE ...
 $ Race.IsAnalyzeNormalPastAndFuture: logi  TRUE TRUE TRUE TRUE TRUE TRUE ...
 $ Race.IsAnalyzeNormalPast         : logi  TRUE TRUE TRUE TRUE TRUE TRUE ...
 $ Race.IsAnalyzeNormalFuture       : logi  FALSE FALSE FALSE FALSE FALSE FALSE ...
 $ Race.IsAnalyzeFullPastAndFuture  : logi  TRUE TRUE TRUE TRUE TRUE TRUE ...
 $ Race.IsAnalyzeFullPast           : logi  TRUE TRUE TRUE TRUE TRUE TRUE ...
 $ Race.IsAnalyzeFullFuture         : logi  FALSE FALSE FALSE FALSE FALSE FALSE ...
 $ Race.JyokenCd                    : Factor w/ 1 level "1": 1 1 1 1 1 1 1 1 1 1 ...
 $ Race.JyoType1Cd                  : Factor w/ 72 levels "2-08-1200-1",..: 1 1 1 1 1 1 1 1 1 1 ...
 $ Race.RaceType0Cd                 : Factor w/ 170 levels "2-08-1200-1-1-E-14",..: 1 1 1 1 1 1 1 1 1 1 ...
 $ Race.RaceType1Cd                 : Factor w/ 5 levels "2-1-E","2-1-L",..: 1 1 1 1 1 1 1 1 1 1 ...
 $ Race.RaceType2Cd                 : Factor w/ 5 levels "2-1-E","2-1-L",..: 1 1 1 1 1 1 1 1 1 1 ...
 $ Race.RaceType3Cd                 : Factor w/ 13 levels "1-E-14","1-L-14",..: 1 1 1 1 1 1 1 1 1 1 ...
 $ Race.RaceType4Cd                 : Factor w/ 4 levels "2-1-14","2-1-12",..: 1 1 1 1 1 1 1 1 1 1 ...
 $ RaceHorse.RaceId                 : Factor w/ 380 levels "20190217-08-02-08-11",..: 1 1 1 1 1 1 1 1 1 1 ...
 $ RaceHorse.KettoNum               : Factor w/ 1063 levels "2011105881","2012105337",..: 1 11 2 4 5 6 7 8 9 10 ...
 $ RaceHorse.IsHit1                 : int  0 0 0 0 0 0 0 0 1 0 ...
 $ RaceHorse.IsHit2                 : int  0 0 0 0 0 0 0 0 0 1 ...
 $ RaceHorse.IsHit3                 : int  0 0 0 0 1 0 0 0 0 0 ...
 $ RaceHorse.IsHit4                 : int  0 0 0 0 0 0 1 0 0 0 ...
 $ RaceHorse.IsHit5                 : int  0 0 1 0 0 0 0 0 0 0 ...
 $ RaceHorse.IsHit6                 : int  1 1 0 1 0 1 0 1 0 0 ...
 $ RaceHorse.IsValidRaceHorse       : logi  TRUE TRUE TRUE TRUE TRUE TRUE ...
 $ RaceHorse.IsHitA                 : int  0 0 0 0 0 0 0 0 1 0 ...
 $ RaceHorse.IsHitB                 : int  0 0 0 0 0 0 0 0 1 1 ...
 $ RaceHorse.IsHitC                 : int  0 0 0 0 1 0 0 0 1 1 ...
 $ Gen01.HansyokuNum                : Factor w/ 191 levels "11202029","11202238",..: 1 10 2 4 5 6 7 8 9 7 ...
 $ Gen01.TimeDvByRaceAvg            : num  41.7 39.4 53.2 45.1 55.5 ...
 $ Gen01.RunCount                   : int  3 1 11 4 7 3 19 1 13 19 ...
 $ Gen01.HitCount1                  : int  0 0 1 1 0 0 3 0 1 3 ...
 $ Gen01.HitCount2                  : int  0 0 1 0 2 1 3 0 1 3 ...
 $ Gen01.HitCount3                  : int  0 0 1 0 1 0 0 0 0 0 ...
 $ Gen01.HitCount4                  : int  0 0 2 0 1 0 0 0 2 0 ...
 $ Gen01.HitCount5                  : int  0 0 1 0 0 0 1 0 0 1 ...
 $ Gen01.HitRate1                   : num  0 0 0.0909 0.25 0 ...
 $ Gen01.HitRate2                   : num  0 0 0.0909 0 0.2857 ...
 $ Gen01.HitRate3                   : num  0 0 0.0909 0 0.1429 ...
 $ Gen01.HitRate4                   : num  0 0 0.182 0 0.143 ...
 $ Gen01.HitRate5                   : num  0 0 0.0909 0 0 ...
 $ EOF                              : int  1 1 1 1 1 1 1 1 1 1 ...
NULL
[1] "2022-02-18 01:41:24 --- transform Finish ---"
[1] "2022-02-18 01:41:24 --- na.omit Start ---"
[1] "--------------------------------------------------------------------------------"
[1] "nrow(data) na.omit before=4028"
[1] "nrow(data) na.omit after =4028"
[1] "nrow(data) na.omit diff =0"
[1] "--------------------------------------------------------------------------------"
'data.frame':	4028 obs. of  41 variables:
 $ Race.RaceId                      : Factor w/ 380 levels "20190217-08-02-08-11",..: 1 1 1 1 1 1 1 1 1 1 ...
 $ Race.IsPredictedRace             : logi  TRUE TRUE TRUE TRUE TRUE TRUE ...
 $ Race.IsAnalyzeNormalPastAndFuture: logi  TRUE TRUE TRUE TRUE TRUE TRUE ...
 $ Race.IsAnalyzeNormalPast         : logi  TRUE TRUE TRUE TRUE TRUE TRUE ...
 $ Race.IsAnalyzeNormalFuture       : logi  FALSE FALSE FALSE FALSE FALSE FALSE ...
 $ Race.IsAnalyzeFullPastAndFuture  : logi  TRUE TRUE TRUE TRUE TRUE TRUE ...
 $ Race.IsAnalyzeFullPast           : logi  TRUE TRUE TRUE TRUE TRUE TRUE ...
 $ Race.IsAnalyzeFullFuture         : logi  FALSE FALSE FALSE FALSE FALSE FALSE ...
 $ Race.JyokenCd                    : Factor w/ 1 level "1": 1 1 1 1 1 1 1 1 1 1 ...
 $ Race.JyoType1Cd                  : Factor w/ 72 levels "2-08-1200-1",..: 1 1 1 1 1 1 1 1 1 1 ...
 $ Race.RaceType0Cd                 : Factor w/ 170 levels "2-08-1200-1-1-E-14",..: 1 1 1 1 1 1 1 1 1 1 ...
 $ Race.RaceType1Cd                 : Factor w/ 5 levels "2-1-E","2-1-L",..: 1 1 1 1 1 1 1 1 1 1 ...
 $ Race.RaceType2Cd                 : Factor w/ 5 levels "2-1-E","2-1-L",..: 1 1 1 1 1 1 1 1 1 1 ...
 $ Race.RaceType3Cd                 : Factor w/ 13 levels "1-E-14","1-L-14",..: 1 1 1 1 1 1 1 1 1 1 ...
 $ Race.RaceType4Cd                 : Factor w/ 4 levels "2-1-14","2-1-12",..: 1 1 1 1 1 1 1 1 1 1 ...
 $ RaceHorse.RaceId                 : Factor w/ 380 levels "20190217-08-02-08-11",..: 1 1 1 1 1 1 1 1 1 1 ...
 $ RaceHorse.KettoNum               : Factor w/ 1063 levels "2011105881","2012105337",..: 1 11 2 4 5 6 7 8 9 10 ...
 $ RaceHorse.IsHit1                 : int  0 0 0 0 0 0 0 0 1 0 ...
 $ RaceHorse.IsHit2                 : int  0 0 0 0 0 0 0 0 0 1 ...
 $ RaceHorse.IsHit3                 : int  0 0 0 0 1 0 0 0 0 0 ...
 $ RaceHorse.IsHit4                 : int  0 0 0 0 0 0 1 0 0 0 ...
 $ RaceHorse.IsHit5                 : int  0 0 1 0 0 0 0 0 0 0 ...
 $ RaceHorse.IsHit6                 : int  1 1 0 1 0 1 0 1 0 0 ...
 $ RaceHorse.IsValidRaceHorse       : logi  TRUE TRUE TRUE TRUE TRUE TRUE ...
 $ RaceHorse.IsHitA                 : int  0 0 0 0 0 0 0 0 1 0 ...
 $ RaceHorse.IsHitB                 : int  0 0 0 0 0 0 0 0 1 1 ...
 $ RaceHorse.IsHitC                 : int  0 0 0 0 1 0 0 0 1 1 ...
 $ Gen01.HansyokuNum                : Factor w/ 191 levels "11202029","11202238",..: 1 10 2 4 5 6 7 8 9 7 ...
 $ Gen01.TimeDvByRaceAvg            : num  41.7 39.4 53.2 45.1 55.5 ...
 $ Gen01.RunCount                   : int  3 1 11 4 7 3 19 1 13 19 ...
 $ Gen01.HitCount1                  : int  0 0 1 1 0 0 3 0 1 3 ...
 $ Gen01.HitCount2                  : int  0 0 1 0 2 1 3 0 1 3 ...
 $ Gen01.HitCount3                  : int  0 0 1 0 1 0 0 0 0 0 ...
 $ Gen01.HitCount4                  : int  0 0 2 0 1 0 0 0 2 0 ...
 $ Gen01.HitCount5                  : int  0 0 1 0 0 0 1 0 0 1 ...
 $ Gen01.HitRate1                   : num  0 0 0.0909 0.25 0 ...
 $ Gen01.HitRate2                   : num  0 0 0.0909 0 0.2857 ...
 $ Gen01.HitRate3                   : num  0 0 0.0909 0 0.1429 ...
 $ Gen01.HitRate4                   : num  0 0 0.182 0 0.143 ...
 $ Gen01.HitRate5                   : num  0 0 0.0909 0 0 ...
 $ EOF                              : int  1 1 1 1 1 1 1 1 1 1 ...
[1] "2022-02-18 01:41:25 --- na.omit Finish ---"
[1] "2022-02-18 01:41:25 --- rxGlm with rxStepControl Start ---"

> print(paste0(Sys.time(), " --- source_logic_glm.R Start ---"))
[1] "2022-02-18 01:41:25 --- source_logic_glm.R Start ---"

> formula <- formula(RaceHorse.IsHitA ~ +1 + Gen01.HitRate1 + 
+     Gen01.HitRate2 + Gen01.HitRate3)

> print(paste0(Sys.time(), " --- source_logic_glm.R Finished ---"))
[1] "2022-02-18 01:41:25 --- source_logic_glm.R Finished ---"
Rows Read: 4028, Total Rows Processed: 4028, Total Chunk Time: Less than .001 seconds 

Starting values (iteration 1) time: 0.023 secs.
Rows Read: 4028, Total Rows Processed: 4028, Total Chunk Time: 0.002 seconds 

Iteration 2 time: 0.006 secs.
Rows Read: 4028, Total Rows Processed: 4028, Total Chunk Time: 0.002 seconds 

Iteration 3 time: 0.005 secs.
Rows Read: 4028, Total Rows Processed: 4028, Total Chunk Time: 0.002 seconds 

Iteration 4 time: 0.005 secs.
Rows Read: 4028, Total Rows Processed: 4028, Total Chunk Time: Less than .001 seconds 

Iteration 5 time: 0.005 secs.

Elapsed computation time: 0.061 secs.
Rows Read: 4028, Total Rows Processed: 4028, Total Chunk Time: Less than .001 seconds 

Starting values (iteration 1) time: 0.006 secs.
Rows Read: 4028, Total Rows Processed: 4028, Total Chunk Time: 0.001 seconds 

Iteration 2 time: 0.006 secs.
Rows Read: 4028, Total Rows Processed: 4028, Total Chunk Time: Less than .001 seconds 

Iteration 3 time: 0.006 secs.
Rows Read: 4028, Total Rows Processed: 4028, Total Chunk Time: 0.002 seconds 

Iteration 4 time: 0.005 secs.
Rows Read: 4028, Total Rows Processed: 4028, Total Chunk Time: Less than .001 seconds 

Iteration 5 time: 0.003 secs.

Elapsed computation time: 0.042 secs.
Rows Read: 4028, Total Rows Processed: 4028, Total Chunk Time: Less than .001 seconds 

Starting values (iteration 1) time: 0.007 secs.
Rows Read: 4028, Total Rows Processed: 4028, Total Chunk Time: 0.001 seconds 

Iteration 2 time: 0.007 secs.
Rows Read: 4028, Total Rows Processed: 4028, Total Chunk Time: Less than .001 seconds 

Iteration 3 time: 0.004 secs.
Rows Read: 4028, Total Rows Processed: 4028, Total Chunk Time: 0.001 seconds 

Iteration 4 time: 0.005 secs.
Rows Read: 4028, Total Rows Processed: 4028, Total Chunk Time: 0.002 seconds 

Iteration 5 time: 0.005 secs.

Elapsed computation time: 0.047 secs.
Rows Read: 4028, Total Rows Processed: 4028, Total Chunk Time: Less than .001 seconds 

Starting values (iteration 1) time: 0.004 secs.
Rows Read: 4028, Total Rows Processed: 4028, Total Chunk Time: 0.001 seconds 

Iteration 2 time: 0.008 secs.
Rows Read: 4028, Total Rows Processed: 4028, Total Chunk Time: 0.002 seconds 

Iteration 3 time: 0.005 secs.
Rows Read: 4028, Total Rows Processed: 4028, Total Chunk Time: 0.001 seconds 

Iteration 4 time: 0.005 secs.
Rows Read: 4028, Total Rows Processed: 4028, Total Chunk Time: 0.001 seconds 

Iteration 5 time: 0.004 secs.

Elapsed computation time: 0.045 secs.
Rows Read: 4028, Total Rows Processed: 4028, Total Chunk Time: 0.001 seconds 

Starting values (iteration 1) time: 0.005 secs.
Rows Read: 4028, Total Rows Processed: 4028, Total Chunk Time: 0.001 seconds 

Iteration 2 time: 0.010 secs.
Rows Read: 4028, Total Rows Processed: 4028, Total Chunk Time: 0.001 seconds 

Iteration 3 time: 0.004 secs.
Rows Read: 4028, Total Rows Processed: 4028, Total Chunk Time: 0.002 seconds 

Iteration 4 time: 0.007 secs.
Rows Read: 4028, Total Rows Processed: 4028, Total Chunk Time: 0.002 seconds 

Iteration 5 time: 0.005 secs.

Elapsed computation time: 0.047 secs.

Elapsed computation time: 0.264 secs.
[1] "--------------------------------------------------------------------------------"
[1] "analyze.results.glm.step="
Logistic Regression Results for: RaceHorse.IsHitA ~ Gen01.HitRate1 +
    Gen01.HitRate2 + Gen01.HitRate3
Data: data
Dependent variable(s): RaceHorse.IsHitA
Total independent variables: 4 
Number of valid observations: 4028
Number of missing observations: 0 
 
Coefficients:
               RaceHorse.IsHitA
(Intercept)                -2.8
Gen01.HitRate1              1.1
Gen01.HitRate2              0.6
Gen01.HitRate3              1.3
[1] "analyze.results.glm.step.summary"
Call:
rxLogit(formula = formula, data = data, variableSelection = analyze.results.glm.step.varsel)

Logistic Regression Results for: RaceHorse.IsHitA ~ Gen01.HitRate1 +
    Gen01.HitRate2 + Gen01.HitRate3
Data: data
Dependent variable(s): RaceHorse.IsHitA
Total independent variables: 4 
Number of valid observations: 4028
Number of missing observations: 0 
-2*LogLikelihood: 1978.39 (Residual deviance on 4024 degrees of freedom)
 
Coefficients:
               Estimate Std. Error z value Pr(>|z|)    
(Intercept)     -2.8358     0.0842  -33.70  2.2e-16 ***
Gen01.HitRate1   1.0650     0.3487    3.05  0.00225 ** 
Gen01.HitRate2   0.6302     0.3795    1.66  0.09678 .  
Gen01.HitRate3   1.2505     0.3526    3.55  0.00039 ***
---
Signif. codes:  0 '***' 0.001 '**' 0.01 '*' 0.05 '.' 0.1 ' ' 1

Condition number of final variance-covariance matrix: 2 
Number of iterations: 5
[1] "--------------------------------------------------------------------------------"
[1] "2022-02-18 01:41:25 --- rxGlm with rxStepControl Finish ---"
[1] "2022-02-18 01:41:25 --- rxStepPlot Start ---"
[1] "pdfFilename=pdf_analyze_glm_Gen01_Type21_rxStepPlot.pdf"
[1] "rxStepPlot="
[1] "2022-02-18 01:41:25 --- rxStepPlot Finish ---"
[1] "2022-02-18 01:41:25 --- save.image Start ---"
[1] "save.image"
[1] "rdataFilename=RData_analyze_glm_Gen01_Type21.RData"
[1] "2022-02-18 01:41:25 --- save.image Finish ---"
[1] "2022-02-18 01:41:25 --- final Start ---"
[1] "--------------------------------------------------------------------------------"
[1] "nrow(data) final=4028"
[1] "--------------------------------------------------------------------------------"
[1] "2022-02-18 01:41:25 --- final Finish ---"
[1] "2022-02-18 01:41:25 --- analyze_glm.R Finished ---"
[1] "2022-02-18 01:41:25 --- log Finish ---"
