[1] "2022-02-20 15:19:09 --- D1115_Predict_glm_Odds_IsHitA_Type35 Start ---"
[1] "2022-02-20 15:19:10 --- Log Start ---"
[1] "2022-02-20 15:19:10 --- predict.R Start ---"
[1] "--------------------------------------------------------------------------------"
[1] "analyzeVersion=D1115"
[1] "analyzeCategory=Predict"
[1] "analyzeType=Odds"
[1] "analyzeFamily=IsHitA"
[1] "analyzeFunc=glm"
[1] "analyzeTrackTypeCd=3"
[1] "analyzeJyokenCd=5"
[1] "--------------------------------------------------------------------------------"
[1] "2022-02-20 15:19:10 --- source_function.R Start ---"
[1] "2022-02-20 15:19:10 --- source_function.R Finished ---"

> print(paste0(Sys.time(), " --- source_library.R Start ---"))
[1] "2022-02-20 15:19:10 --- source_library.R Start ---"

> require("RevoScaleR")

> print(paste0(Sys.time(), " --- source_library.R Finished ---"))
[1] "2022-02-20 15:19:10 --- source_library.R Finished ---"
[1] "2022-02-20 15:19:10 --- Load Start ---"
[1] "analyzeTrackTypeCd=3"
[1] "analyzeJyokenCd=5"
[1] "loadFilename=RData_Analyze_glm_Odds_Type35.RData"
[1] "2022-02-20 15:19:10 --- Load Finished ---"
[1] "2022-02-20 15:19:10 --- RxSqlServerData Start ---"
[1] "2022-02-20 15:19:10 --- RxInSqlServer Start ---"
[1] "2022-02-20 15:19:10 --- RxInSqlServer Finish ---"
[1] "2022-02-20 15:19:10 --- rxSetComputeContext Start ---"
[1] "2022-02-20 15:19:10 --- rxSetComputeContext Finish ---"
[1] "2022-02-20 15:19:10 --- RxSqlServerData Start ---"
[1] "analyzeTrackTypeCd=3"
[1] "analyzeJyokenCd=5"
[1] "predictSqlQuery=SELECT * FROM ViewAnalyzeD1115Predict01OddsType35"
[1] "2022-02-20 15:19:10 --- RxSqlServerData Finish ---"
[1] "2022-02-20 15:19:10 --- rxGetVarInfo Start ---"
[1] "2022-02-20 15:19:10 --- rxGetVarInfo Finish---"
[1] "2022-02-20 15:19:10 --- rxImport Start ---"
Rows Read: 6473, Total Rows Processed: 6473, Total Chunk Time: 1.124 seconds 
[1] "2022-02-20 15:19:12 --- rxImport Finish ---"
[1] "object.size(InputDataSet) auto=1 Mb"
[1] "--------------------------------------------------------------------------------"
[1] "nrow(InputDataSet) RxSqlServerData=6473"
[1] "--------------------------------------------------------------------------------"
[1] "str(InputDataSet)="
'data.frame':	6473 obs. of  26 variables:
 $ Race.RaceId                      : Factor w/ 519 levels "20160131-07-01-06-04",..: 2 2 2 2 2 2 2 2 2 2 ...
 $ Race.IsPredictedRace             : logi  TRUE TRUE TRUE TRUE TRUE TRUE ...
 $ Race.IsAnalyzeNormalPastAndFuture: logi  TRUE TRUE TRUE TRUE TRUE TRUE ...
 $ Race.IsAnalyzeNormalPast         : logi  TRUE TRUE TRUE TRUE TRUE TRUE ...
 $ Race.IsAnalyzeNormalFuture       : logi  FALSE FALSE FALSE FALSE FALSE FALSE ...
 $ Race.IsAnalyzeFullPastAndFuture  : logi  TRUE TRUE TRUE TRUE TRUE TRUE ...
 $ Race.IsAnalyzeFullPast           : logi  TRUE TRUE TRUE TRUE TRUE TRUE ...
 $ Race.IsAnalyzeFullFuture         : logi  FALSE FALSE FALSE FALSE FALSE FALSE ...
 $ Race.JyokenCd                    : Factor w/ 1 level "5": 1 1 1 1 1 1 1 1 1 1 ...
 $ Race.JyoType1Cd                  : Factor w/ 36 levels "3-07-3000-3",..: 2 2 2 2 2 2 2 2 2 2 ...
 $ Race.RaceType0Cd                 : Factor w/ 52 levels "3-07-3000-3-5-X-19",..: 2 2 2 2 2 2 2 2 2 2 ...
 $ Race.RaceType1Cd                 : Factor w/ 1 level "3-5-X": 1 1 1 1 1 1 1 1 1 1 ...
 $ Race.RaceType2Cd                 : Factor w/ 1 level "3-5-X": 1 1 1 1 1 1 1 1 1 1 ...
 $ Race.RaceType3Cd                 : Factor w/ 2 levels "5-X-19","5-X-18": 1 1 1 1 1 1 1 1 1 1 ...
 $ Race.RaceType4Cd                 : Factor w/ 2 levels "3-5-19","3-5-18": 1 1 1 1 1 1 1 1 1 1 ...
 $ RaceHorse.RaceId                 : Factor w/ 519 levels "20160131-07-01-06-04",..: 2 2 2 2 2 2 2 2 2 2 ...
 $ RaceHorse.KettoNum               : Factor w/ 1913 levels "2011105064","2012104949",..: 11 12 13 14 15 16 17 18 19 20 ...
 $ RaceHorse.IsValidRaceHorse       : logi  TRUE FALSE TRUE TRUE TRUE TRUE ...
 $ OddsByWin.Odds1                  : num  26 200.8 89.4 2.4 52.7 ...
 $ OddsByWin.Ninki                  : num  7 14 13 1 10 4 11 6 5 3 ...
 $ OddsByWin.OddsLog1               : num  3.3 5.31 4.5 1.22 3.98 ...
 $ OddsByWin.OddsRatio1             : num  0.04 0.00501 0.01131 0.71429 0.01934 ...
 $ OddsByWin.OddsLogit1             : num  -3.258 -5.302 -4.493 -0.875 -3.965 ...
 $ OddsByWin.ApprovalRate1          : num  0.03846 0.00498 0.01119 0.41667 0.01898 ...
 $ OddsByWin.ApprovalRateLog1       : num  0.03774 0.00497 0.01112 0.34831 0.0188 ...
 $ EOF                              : int  1 1 1 1 1 1 1 1 1 1 ...
[1] "2022-02-20 15:19:12 --- RxSqlServerData Finish ---"
[1] "2022-02-20 15:19:12 --- subset Start ---"
[1] "--------------------------------------------------------------------------------"
[1] "nrow(InputDataSet) subset before=6473"
[1] "nrow(InputDataSet) subset after=6473"
[1] "nrow(InputDataSet) subset diff=0"
[1] "--------------------------------------------------------------------------------"
[1] "class(InputDataSet$Race.IsAnalyzeNormalPast)=logical"
[1] "class(InputDataSet$Race.analyzeTrackTypeCd)=NULL"
[1] "2022-02-20 15:19:12 --- subset Finish ---"
[1] "2022-02-20 15:19:12 --- transform Start ---"
[1] "--------------------------------------------------------------------------------"
[1] "nrow(InputDataSet) transaform before=6473"
[1] "nrow(InputDataSet) transaform after=6473"
[1] "nrow(InputDataSet) transaform diff=0"
[1] "--------------------------------------------------------------------------------"
[1] "str(InputDataSet)="
'data.frame':	6473 obs. of  26 variables:
 $ Race.RaceId                      : Factor w/ 519 levels "20160131-07-01-06-04",..: 2 2 2 2 2 2 2 2 2 2 ...
 $ Race.IsPredictedRace             : logi  TRUE TRUE TRUE TRUE TRUE TRUE ...
 $ Race.IsAnalyzeNormalPastAndFuture: logi  TRUE TRUE TRUE TRUE TRUE TRUE ...
 $ Race.IsAnalyzeNormalPast         : logi  TRUE TRUE TRUE TRUE TRUE TRUE ...
 $ Race.IsAnalyzeNormalFuture       : logi  FALSE FALSE FALSE FALSE FALSE FALSE ...
 $ Race.IsAnalyzeFullPastAndFuture  : logi  TRUE TRUE TRUE TRUE TRUE TRUE ...
 $ Race.IsAnalyzeFullPast           : logi  TRUE TRUE TRUE TRUE TRUE TRUE ...
 $ Race.IsAnalyzeFullFuture         : logi  FALSE FALSE FALSE FALSE FALSE FALSE ...
 $ Race.JyokenCd                    : Factor w/ 1 level "5": 1 1 1 1 1 1 1 1 1 1 ...
 $ Race.JyoType1Cd                  : Factor w/ 36 levels "3-07-3000-3",..: 2 2 2 2 2 2 2 2 2 2 ...
 $ Race.RaceType0Cd                 : Factor w/ 52 levels "3-07-3000-3-5-X-19",..: 2 2 2 2 2 2 2 2 2 2 ...
 $ Race.RaceType1Cd                 : Factor w/ 1 level "3-5-X": 1 1 1 1 1 1 1 1 1 1 ...
 $ Race.RaceType2Cd                 : Factor w/ 1 level "3-5-X": 1 1 1 1 1 1 1 1 1 1 ...
 $ Race.RaceType3Cd                 : Factor w/ 2 levels "5-X-19","5-X-18": 1 1 1 1 1 1 1 1 1 1 ...
 $ Race.RaceType4Cd                 : Factor w/ 2 levels "3-5-19","3-5-18": 1 1 1 1 1 1 1 1 1 1 ...
 $ RaceHorse.RaceId                 : Factor w/ 519 levels "20160131-07-01-06-04",..: 2 2 2 2 2 2 2 2 2 2 ...
 $ RaceHorse.KettoNum               : Factor w/ 1913 levels "2011105064","2012104949",..: 11 12 13 14 15 16 17 18 19 20 ...
 $ RaceHorse.IsValidRaceHorse       : logi  TRUE FALSE TRUE TRUE TRUE TRUE ...
 $ OddsByWin.Odds1                  : num  26 200.8 89.4 2.4 52.7 ...
 $ OddsByWin.Ninki                  : num  7 14 13 1 10 4 11 6 5 3 ...
 $ OddsByWin.OddsLog1               : num  3.3 5.31 4.5 1.22 3.98 ...
 $ OddsByWin.OddsRatio1             : num  0.04 0.00501 0.01131 0.71429 0.01934 ...
 $ OddsByWin.OddsLogit1             : num  -3.258 -5.302 -4.493 -0.875 -3.965 ...
 $ OddsByWin.ApprovalRate1          : num  0.03846 0.00498 0.01119 0.41667 0.01898 ...
 $ OddsByWin.ApprovalRateLog1       : num  0.03774 0.00497 0.01112 0.34831 0.0188 ...
 $ EOF                              : int  1 1 1 1 1 1 1 1 1 1 ...
NULL
[1] "2022-02-20 15:19:13 --- transform Finish ---"
[1] "2022-02-20 15:19:13 --- na.omit Start ---"
[1] "--------------------------------------------------------------------------------"
[1] "nrow(InputDataSet) na.omit before=6473"
[1] "nrow(InputDataSet) na.omit after=6463"
[1] "nrow(InputDataSet) na.omit diff=10"
[1] "--------------------------------------------------------------------------------"
[1] "2022-02-20 15:19:13 --- na.omit Finish---"
[1] "2022-02-20 15:19:13 --- New Levels Start ---"
[1] "levels(data$Race.RaceType1Cd)=3-5-X"
[1] "levels(InputDataSet$Race.RaceType1Cd)=3-5-X"
[1] "length(Race.RaceType1Cd.Index)=0"
[1] "2022-02-20 15:19:13 --- New Levels Finish ---"
[1] "2022-02-20 15:19:13 --- na.omit Start ---"
[1] "--------------------------------------------------------------------------------"
[1] "nrow(InputDataSet) na.omit levels before=6463"
[1] "nrow(InputDataSet) na.omit levels after=6463"
[1] "nrow(InputDataSet) na.omit levels diff=0"
[1] "--------------------------------------------------------------------------------"
[1] "2022-02-20 15:19:13 --- na.omit Finish ---"
[1] "2022-02-20 15:19:13 --- Predict InputDataSet Start ---"
[1] "--------------------------------------------------------------------------------"
[1] "nrow(InputDataSet) predict=6463"
[1] "--------------------------------------------------------------------------------"
[1] "str(InputDataSet)="
'data.frame':	6463 obs. of  26 variables:
 $ Race.RaceId                      : Factor w/ 519 levels "20160131-07-01-06-04",..: 2 2 2 2 2 2 2 2 2 2 ...
 $ Race.IsPredictedRace             : logi  TRUE TRUE TRUE TRUE TRUE TRUE ...
 $ Race.IsAnalyzeNormalPastAndFuture: logi  TRUE TRUE TRUE TRUE TRUE TRUE ...
 $ Race.IsAnalyzeNormalPast         : logi  TRUE TRUE TRUE TRUE TRUE TRUE ...
 $ Race.IsAnalyzeNormalFuture       : logi  FALSE FALSE FALSE FALSE FALSE FALSE ...
 $ Race.IsAnalyzeFullPastAndFuture  : logi  TRUE TRUE TRUE TRUE TRUE TRUE ...
 $ Race.IsAnalyzeFullPast           : logi  TRUE TRUE TRUE TRUE TRUE TRUE ...
 $ Race.IsAnalyzeFullFuture         : logi  FALSE FALSE FALSE FALSE FALSE FALSE ...
 $ Race.JyokenCd                    : Factor w/ 1 level "5": 1 1 1 1 1 1 1 1 1 1 ...
 $ Race.JyoType1Cd                  : Factor w/ 36 levels "3-07-3000-3",..: 2 2 2 2 2 2 2 2 2 2 ...
 $ Race.RaceType0Cd                 : Factor w/ 52 levels "3-07-3000-3-5-X-19",..: 2 2 2 2 2 2 2 2 2 2 ...
 $ Race.RaceType1Cd                 : Factor w/ 1 level "3-5-X": 1 1 1 1 1 1 1 1 1 1 ...
 $ Race.RaceType2Cd                 : Factor w/ 1 level "3-5-X": 1 1 1 1 1 1 1 1 1 1 ...
 $ Race.RaceType3Cd                 : Factor w/ 2 levels "5-X-19","5-X-18": 1 1 1 1 1 1 1 1 1 1 ...
 $ Race.RaceType4Cd                 : Factor w/ 2 levels "3-5-19","3-5-18": 1 1 1 1 1 1 1 1 1 1 ...
 $ RaceHorse.RaceId                 : Factor w/ 519 levels "20160131-07-01-06-04",..: 2 2 2 2 2 2 2 2 2 2 ...
 $ RaceHorse.KettoNum               : Factor w/ 1913 levels "2011105064","2012104949",..: 11 12 13 14 15 16 17 18 19 20 ...
 $ RaceHorse.IsValidRaceHorse       : logi  TRUE FALSE TRUE TRUE TRUE TRUE ...
 $ OddsByWin.Odds1                  : num  26 200.8 89.4 2.4 52.7 ...
 $ OddsByWin.Ninki                  : num  7 14 13 1 10 4 11 6 5 3 ...
 $ OddsByWin.OddsLog1               : num  3.3 5.31 4.5 1.22 3.98 ...
 $ OddsByWin.OddsRatio1             : num  0.04 0.00501 0.01131 0.71429 0.01934 ...
 $ OddsByWin.OddsLogit1             : num  -3.258 -5.302 -4.493 -0.875 -3.965 ...
 $ OddsByWin.ApprovalRate1          : num  0.03846 0.00498 0.01119 0.41667 0.01898 ...
 $ OddsByWin.ApprovalRateLog1       : num  0.03774 0.00497 0.01112 0.34831 0.0188 ...
 $ EOF                              : int  1 1 1 1 1 1 1 1 1 1 ...
 - attr(*, "na.action")= 'omit' Named int  57 98 317 346 769 1592 1721 3593 4121 6366
  ..- attr(*, "names")= chr  "57" "98" "317" "346" ...
[1] "2022-02-20 15:19:13 --- Predict InputDataSet Finish ---"
[1] "2022-02-20 15:19:13 --- rxPredict (glm) Start ---"
[1] "analyzeFunc=glm"
Rows Read: 6463, Total Rows Processed: 6463, Total Chunk Time: Less than .001 seconds 
[1] "--------------------------------------------------------------------------------"
[1] "nrow(PredictDataSet) afte predict=6463"
[1] "--------------------------------------------------------------------------------"
[1] "str(PredictDataSet)"
'data.frame':	6463 obs. of  1 variable:
 $ RaceHorse.IsHitA_Pred: num  0.02759 0.00246 0.00645 0.32822 0.01206 ...
NULL
[1] "2022-02-20 15:19:13 --- rxPredict (glm) Finish ---"
[1] "2022-02-20 15:19:13 --- add key Start ---"
[1] "--------------------------------------------------------------------------------"
[1] "nrow(OutputDataSet) add KeyColmn=6463"
[1] "--------------------------------------------------------------------------------"
[1] "str(OutputDataSet) after add Key"
'data.frame':	6463 obs. of  2 variables:
 $ RaceHorse.RaceId  : Factor w/ 519 levels "20160131-07-01-06-04",..: 2 2 2 2 2 2 2 2 2 2 ...
 $ RaceHorse.KettoNum: Factor w/ 1913 levels "2011105064","2012104949",..: 11 12 13 14 15 16 17 18 19 20 ...
NULL
[1] "2022-02-20 15:19:13 --- add key Finish ---"
[1] "2022-02-20 15:19:13 --- add PredictValue Start ---"
[1] "str(PredictDataSet) before rename="
[1] "colnames(PredictDataSet)=RaceHorse.IsHitA_Pred"
[1] "str(PredictDataSet) after rename="
'data.frame':	6463 obs. of  1 variable:
 $ PredictValue: num  0.02759 0.00246 0.00645 0.32822 0.01206 ...
NULL
[1] "str(OutputDataSet) before cbind="
'data.frame':	6463 obs. of  2 variables:
 $ RaceHorse.RaceId  : Factor w/ 519 levels "20160131-07-01-06-04",..: 2 2 2 2 2 2 2 2 2 2 ...
 $ RaceHorse.KettoNum: Factor w/ 1913 levels "2011105064","2012104949",..: 11 12 13 14 15 16 17 18 19 20 ...
NULL
[1] "str(OutputDataSet) after cbind="
'data.frame':	6463 obs. of  3 variables:
 $ RaceHorse.RaceId  : Factor w/ 519 levels "20160131-07-01-06-04",..: 2 2 2 2 2 2 2 2 2 2 ...
 $ RaceHorse.KettoNum: Factor w/ 1913 levels "2011105064","2012104949",..: 11 12 13 14 15 16 17 18 19 20 ...
 $ PredictValue      : num  0.02759 0.00246 0.00645 0.32822 0.01206 ...
NULL
[1] "2022-02-20 15:19:13 --- add PredictValue Finish ---"
[1] "2022-02-20 15:19:13 --- final Start ---"
[1] "--------------------------------------------------------------------------------"
[1] "nrow(OutputDataSet) final=6463"
[1] "--------------------------------------------------------------------------------"
[1] "str(OutputDataSet)="
'data.frame':	6463 obs. of  3 variables:
 $ RaceHorse.RaceId  : Factor w/ 519 levels "20160131-07-01-06-04",..: 2 2 2 2 2 2 2 2 2 2 ...
 $ RaceHorse.KettoNum: Factor w/ 1913 levels "2011105064","2012104949",..: 11 12 13 14 15 16 17 18 19 20 ...
 $ PredictValue      : num  0.02759 0.00246 0.00645 0.32822 0.01206 ...
NULL
[1] "2022-02-20 15:19:13 --- final Finish ---"
[1] "2022-02-20 15:19:13 --- predict.R Finished ---"
[1] "2022-02-20 15:19:13 --- log Finish ---"
