[1] "2022-02-19 00:51:28 --- D1115_Predict_glm_Jockey_IsHitA_Type12 Start ---"
[1] "2022-02-19 00:51:28 --- Log Start ---"
[1] "2022-02-19 00:51:28 --- predict.R Start ---"
[1] "--------------------------------------------------------------------------------"
[1] "analyzeVersion=D1115"
[1] "analyzeCategory=Predict"
[1] "analyzeType=Jockey"
[1] "analyzeFamily=IsHitA"
[1] "analyzeFunc=glm"
[1] "analyzeTrackTypeCd=1"
[1] "analyzeJyokenCd=2"
[1] "--------------------------------------------------------------------------------"
[1] "2022-02-19 00:51:28 --- source_function.R Start ---"
[1] "2022-02-19 00:51:28 --- source_function.R Finished ---"

> print(paste0(Sys.time(), " --- source_library.R Start ---"))
[1] "2022-02-19 00:51:28 --- source_library.R Start ---"

> require("RevoScaleR")

> print(paste0(Sys.time(), " --- source_library.R Finished ---"))
[1] "2022-02-19 00:51:28 --- source_library.R Finished ---"
[1] "2022-02-19 00:51:28 --- Load Start ---"
[1] "analyzeTrackTypeCd=1"
[1] "analyzeJyokenCd=2"
[1] "loadFilename=RData_Analyze_glm_Jockey_Type12.RData"
[1] "2022-02-19 00:51:28 --- Load Finished ---"
[1] "2022-02-19 00:51:28 --- RxSqlServerData Start ---"
[1] "2022-02-19 00:51:28 --- RxInSqlServer Start ---"
[1] "2022-02-19 00:51:28 --- RxInSqlServer Finish ---"
[1] "2022-02-19 00:51:28 --- rxSetComputeContext Start ---"
[1] "2022-02-19 00:51:28 --- rxSetComputeContext Finish ---"
[1] "2022-02-19 00:51:28 --- RxSqlServerData Start ---"
[1] "analyzeTrackTypeCd=1"
[1] "analyzeJyokenCd=2"
[1] "predictSqlQuery=SELECT * FROM ViewAnalyzeD1115Predict01JockeyType12"
[1] "2022-02-19 00:51:28 --- RxSqlServerData Finish ---"
[1] "2022-02-19 00:51:28 --- rxGetVarInfo Start ---"
[1] "2022-02-19 00:51:28 --- rxGetVarInfo Finish---"
[1] "2022-02-19 00:51:28 --- rxImport Start ---"
Rows Read: 8479, Total Rows Processed: 8479, Total Chunk Time: 6.320 seconds 
[1] "2022-02-19 00:51:43 --- rxImport Finish ---"
[1] "object.size(InputDataSet) auto=1.6 Mb"
[1] "--------------------------------------------------------------------------------"
[1] "nrow(InputDataSet) RxSqlServerData=8479"
[1] "--------------------------------------------------------------------------------"
[1] "str(InputDataSet)="
'data.frame':	8479 obs. of  34 variables:
 $ Race.RaceId                      : Factor w/ 662 levels "20160221-05-01-08-10",..: 2 2 2 2 2 2 2 2 2 2 ...
 $ Race.IsPredictedRace             : logi  TRUE TRUE TRUE TRUE TRUE TRUE ...
 $ Race.IsAnalyzeNormalPastAndFuture: logi  TRUE TRUE TRUE TRUE TRUE TRUE ...
 $ Race.IsAnalyzeNormalPast         : logi  TRUE TRUE TRUE TRUE TRUE TRUE ...
 $ Race.IsAnalyzeNormalFuture       : logi  FALSE FALSE FALSE FALSE FALSE FALSE ...
 $ Race.IsAnalyzeFullPastAndFuture  : logi  TRUE TRUE TRUE TRUE TRUE TRUE ...
 $ Race.IsAnalyzeFullPast           : logi  TRUE TRUE TRUE TRUE TRUE TRUE ...
 $ Race.IsAnalyzeFullFuture         : logi  FALSE FALSE FALSE FALSE FALSE FALSE ...
 $ Race.JyokenCd                    : Factor w/ 1 level "2": 1 1 1 1 1 1 1 1 1 1 ...
 $ Race.JyoType1Cd                  : Factor w/ 122 levels "1-05-2000-3",..: 2 2 2 2 2 2 2 2 2 2 ...
 $ Race.RaceType0Cd                 : Factor w/ 178 levels "1-05-2000-3-2-E-14",..: 2 2 2 2 2 2 2 2 2 2 ...
 $ Race.RaceType1Cd                 : Factor w/ 1 level "1-2-E": 1 1 1 1 1 1 1 1 1 1 ...
 $ Race.RaceType2Cd                 : Factor w/ 1 level "1-2-E": 1 1 1 1 1 1 1 1 1 1 ...
 $ Race.RaceType3Cd                 : Factor w/ 2 levels "2-E-14","2-E-13": 1 1 1 1 1 1 1 1 1 1 ...
 $ Race.RaceType4Cd                 : Factor w/ 2 levels "1-2-14","1-2-13": 1 1 1 1 1 1 1 1 1 1 ...
 $ RaceHorse.RaceId                 : Factor w/ 662 levels "20160221-05-01-08-10",..: 2 2 2 2 2 2 2 2 2 2 ...
 $ RaceHorse.KettoNum               : Factor w/ 1754 levels "2009104585","2009105732",..: 11 12 13 14 15 16 17 18 19 20 ...
 $ RaceHorse.IsValidRaceHorse       : logi  TRUE TRUE TRUE TRUE TRUE TRUE ...
 $ Jockey.KisyuCode                 : Factor w/ 153 levels "05532","00689",..: 7 11 12 1 13 14 15 16 17 18 ...
 $ Jockey.TimeSdvByRaceAvg          : num  0.2931 0.5196 0.0177 0.5034 -0.1325 ...
 $ Jockey.TimeSdvByRaceMin          : num  -1.905 -0.726 -1.298 0.139 -0.416 ...
 $ Jockey.TimeSdvByRaceMax          : num  1.689 1.659 1.105 0.791 0.15 ...
 $ Jockey.RunCount                  : int  23 15 22 4 3 11 11 3 13 32 ...
 $ Jockey.HitCount1                 : int  5 3 2 0 0 0 1 1 1 1 ...
 $ Jockey.HitCount2                 : int  5 0 2 0 0 0 0 0 1 2 ...
 $ Jockey.HitCount3                 : int  2 2 1 0 0 1 0 0 0 2 ...
 $ Jockey.HitCount4                 : int  0 2 0 1 0 1 0 0 1 1 ...
 $ Jockey.HitCount5                 : int  1 1 2 1 0 0 0 0 0 2 ...
 $ Jockey.HitRate1                  : num  0.2174 0.2 0.0909 0 0 ...
 $ Jockey.HitRate2                  : num  0.2174 0 0.0909 0 0 ...
 $ Jockey.HitRate3                  : num  0.087 0.1333 0.0455 0 0 ...
 $ Jockey.HitRate4                  : num  0 0.133 0 0.25 0 ...
 $ Jockey.HitRate5                  : num  0.0435 0.0667 0.0909 0.25 0 ...
 $ EOF                              : int  1 1 1 1 1 1 1 1 1 1 ...
[1] "2022-02-19 00:51:43 --- RxSqlServerData Finish ---"
[1] "2022-02-19 00:51:43 --- subset Start ---"
[1] "--------------------------------------------------------------------------------"
[1] "nrow(InputDataSet) subset before=8479"
[1] "nrow(InputDataSet) subset after=8479"
[1] "nrow(InputDataSet) subset diff=0"
[1] "--------------------------------------------------------------------------------"
[1] "class(InputDataSet$Race.IsAnalyzeNormalPast)=logical"
[1] "class(InputDataSet$Race.analyzeTrackTypeCd)=NULL"
[1] "2022-02-19 00:51:43 --- subset Finish ---"
[1] "2022-02-19 00:51:43 --- transform Start ---"
[1] "--------------------------------------------------------------------------------"
[1] "nrow(InputDataSet) transaform before=8479"
[1] "nrow(InputDataSet) transaform after=8479"
[1] "nrow(InputDataSet) transaform diff=0"
[1] "--------------------------------------------------------------------------------"
[1] "str(InputDataSet)="
'data.frame':	8479 obs. of  34 variables:
 $ Race.RaceId                      : Factor w/ 662 levels "20160221-05-01-08-10",..: 2 2 2 2 2 2 2 2 2 2 ...
 $ Race.IsPredictedRace             : logi  TRUE TRUE TRUE TRUE TRUE TRUE ...
 $ Race.IsAnalyzeNormalPastAndFuture: logi  TRUE TRUE TRUE TRUE TRUE TRUE ...
 $ Race.IsAnalyzeNormalPast         : logi  TRUE TRUE TRUE TRUE TRUE TRUE ...
 $ Race.IsAnalyzeNormalFuture       : logi  FALSE FALSE FALSE FALSE FALSE FALSE ...
 $ Race.IsAnalyzeFullPastAndFuture  : logi  TRUE TRUE TRUE TRUE TRUE TRUE ...
 $ Race.IsAnalyzeFullPast           : logi  TRUE TRUE TRUE TRUE TRUE TRUE ...
 $ Race.IsAnalyzeFullFuture         : logi  FALSE FALSE FALSE FALSE FALSE FALSE ...
 $ Race.JyokenCd                    : Factor w/ 1 level "2": 1 1 1 1 1 1 1 1 1 1 ...
 $ Race.JyoType1Cd                  : Factor w/ 122 levels "1-05-2000-3",..: 2 2 2 2 2 2 2 2 2 2 ...
 $ Race.RaceType0Cd                 : Factor w/ 178 levels "1-05-2000-3-2-E-14",..: 2 2 2 2 2 2 2 2 2 2 ...
 $ Race.RaceType1Cd                 : Factor w/ 1 level "1-2-E": 1 1 1 1 1 1 1 1 1 1 ...
 $ Race.RaceType2Cd                 : Factor w/ 1 level "1-2-E": 1 1 1 1 1 1 1 1 1 1 ...
 $ Race.RaceType3Cd                 : Factor w/ 2 levels "2-E-14","2-E-13": 1 1 1 1 1 1 1 1 1 1 ...
 $ Race.RaceType4Cd                 : Factor w/ 2 levels "1-2-14","1-2-13": 1 1 1 1 1 1 1 1 1 1 ...
 $ RaceHorse.RaceId                 : Factor w/ 662 levels "20160221-05-01-08-10",..: 2 2 2 2 2 2 2 2 2 2 ...
 $ RaceHorse.KettoNum               : Factor w/ 1754 levels "2009104585","2009105732",..: 11 12 13 14 15 16 17 18 19 20 ...
 $ RaceHorse.IsValidRaceHorse       : logi  TRUE TRUE TRUE TRUE TRUE TRUE ...
 $ Jockey.KisyuCode                 : Factor w/ 153 levels "05532","00689",..: 7 11 12 1 13 14 15 16 17 18 ...
 $ Jockey.TimeSdvByRaceAvg          : num  0.2931 0.5196 0.0177 0.5034 -0.1325 ...
 $ Jockey.TimeSdvByRaceMin          : num  -1.905 -0.726 -1.298 0.139 -0.416 ...
 $ Jockey.TimeSdvByRaceMax          : num  1.689 1.659 1.105 0.791 0.15 ...
 $ Jockey.RunCount                  : int  23 15 22 4 3 11 11 3 13 32 ...
 $ Jockey.HitCount1                 : int  5 3 2 0 0 0 1 1 1 1 ...
 $ Jockey.HitCount2                 : int  5 0 2 0 0 0 0 0 1 2 ...
 $ Jockey.HitCount3                 : int  2 2 1 0 0 1 0 0 0 2 ...
 $ Jockey.HitCount4                 : int  0 2 0 1 0 1 0 0 1 1 ...
 $ Jockey.HitCount5                 : int  1 1 2 1 0 0 0 0 0 2 ...
 $ Jockey.HitRate1                  : num  0.2174 0.2 0.0909 0 0 ...
 $ Jockey.HitRate2                  : num  0.2174 0 0.0909 0 0 ...
 $ Jockey.HitRate3                  : num  0.087 0.1333 0.0455 0 0 ...
 $ Jockey.HitRate4                  : num  0 0.133 0 0.25 0 ...
 $ Jockey.HitRate5                  : num  0.0435 0.0667 0.0909 0.25 0 ...
 $ EOF                              : int  1 1 1 1 1 1 1 1 1 1 ...
NULL
[1] "2022-02-19 00:51:44 --- transform Finish ---"
[1] "2022-02-19 00:51:44 --- na.omit Start ---"
[1] "--------------------------------------------------------------------------------"
[1] "nrow(InputDataSet) na.omit before=8479"
[1] "nrow(InputDataSet) na.omit after=8479"
[1] "nrow(InputDataSet) na.omit diff=0"
[1] "--------------------------------------------------------------------------------"
[1] "2022-02-19 00:51:44 --- na.omit Finish---"
[1] "2022-02-19 00:51:44 --- New Levels Start ---"
[1] "levels(data$Race.RaceType1Cd)=1-2-E"
[1] "levels(InputDataSet$Race.RaceType1Cd)=1-2-E"
[1] "length(Race.RaceType1Cd.Index)=0"
[1] "2022-02-19 00:51:44 --- New Levels Finish ---"
[1] "2022-02-19 00:51:44 --- na.omit Start ---"
[1] "--------------------------------------------------------------------------------"
[1] "nrow(InputDataSet) na.omit levels before=8479"
[1] "nrow(InputDataSet) na.omit levels after=8479"
[1] "nrow(InputDataSet) na.omit levels diff=0"
[1] "--------------------------------------------------------------------------------"
[1] "2022-02-19 00:51:44 --- na.omit Finish ---"
[1] "2022-02-19 00:51:44 --- Predict InputDataSet Start ---"
[1] "--------------------------------------------------------------------------------"
[1] "nrow(InputDataSet) predict=8479"
[1] "--------------------------------------------------------------------------------"
[1] "str(InputDataSet)="
'data.frame':	8479 obs. of  34 variables:
 $ Race.RaceId                      : Factor w/ 662 levels "20160221-05-01-08-10",..: 2 2 2 2 2 2 2 2 2 2 ...
 $ Race.IsPredictedRace             : logi  TRUE TRUE TRUE TRUE TRUE TRUE ...
 $ Race.IsAnalyzeNormalPastAndFuture: logi  TRUE TRUE TRUE TRUE TRUE TRUE ...
 $ Race.IsAnalyzeNormalPast         : logi  TRUE TRUE TRUE TRUE TRUE TRUE ...
 $ Race.IsAnalyzeNormalFuture       : logi  FALSE FALSE FALSE FALSE FALSE FALSE ...
 $ Race.IsAnalyzeFullPastAndFuture  : logi  TRUE TRUE TRUE TRUE TRUE TRUE ...
 $ Race.IsAnalyzeFullPast           : logi  TRUE TRUE TRUE TRUE TRUE TRUE ...
 $ Race.IsAnalyzeFullFuture         : logi  FALSE FALSE FALSE FALSE FALSE FALSE ...
 $ Race.JyokenCd                    : Factor w/ 1 level "2": 1 1 1 1 1 1 1 1 1 1 ...
 $ Race.JyoType1Cd                  : Factor w/ 122 levels "1-05-2000-3",..: 2 2 2 2 2 2 2 2 2 2 ...
 $ Race.RaceType0Cd                 : Factor w/ 178 levels "1-05-2000-3-2-E-14",..: 2 2 2 2 2 2 2 2 2 2 ...
 $ Race.RaceType1Cd                 : Factor w/ 1 level "1-2-E": 1 1 1 1 1 1 1 1 1 1 ...
 $ Race.RaceType2Cd                 : Factor w/ 1 level "1-2-E": 1 1 1 1 1 1 1 1 1 1 ...
 $ Race.RaceType3Cd                 : Factor w/ 2 levels "2-E-14","2-E-13": 1 1 1 1 1 1 1 1 1 1 ...
 $ Race.RaceType4Cd                 : Factor w/ 2 levels "1-2-14","1-2-13": 1 1 1 1 1 1 1 1 1 1 ...
 $ RaceHorse.RaceId                 : Factor w/ 662 levels "20160221-05-01-08-10",..: 2 2 2 2 2 2 2 2 2 2 ...
 $ RaceHorse.KettoNum               : Factor w/ 1754 levels "2009104585","2009105732",..: 11 12 13 14 15 16 17 18 19 20 ...
 $ RaceHorse.IsValidRaceHorse       : logi  TRUE TRUE TRUE TRUE TRUE TRUE ...
 $ Jockey.KisyuCode                 : Factor w/ 153 levels "05532","00689",..: 7 11 12 1 13 14 15 16 17 18 ...
 $ Jockey.TimeSdvByRaceAvg          : num  0.2931 0.5196 0.0177 0.5034 -0.1325 ...
 $ Jockey.TimeSdvByRaceMin          : num  -1.905 -0.726 -1.298 0.139 -0.416 ...
 $ Jockey.TimeSdvByRaceMax          : num  1.689 1.659 1.105 0.791 0.15 ...
 $ Jockey.RunCount                  : int  23 15 22 4 3 11 11 3 13 32 ...
 $ Jockey.HitCount1                 : int  5 3 2 0 0 0 1 1 1 1 ...
 $ Jockey.HitCount2                 : int  5 0 2 0 0 0 0 0 1 2 ...
 $ Jockey.HitCount3                 : int  2 2 1 0 0 1 0 0 0 2 ...
 $ Jockey.HitCount4                 : int  0 2 0 1 0 1 0 0 1 1 ...
 $ Jockey.HitCount5                 : int  1 1 2 1 0 0 0 0 0 2 ...
 $ Jockey.HitRate1                  : num  0.2174 0.2 0.0909 0 0 ...
 $ Jockey.HitRate2                  : num  0.2174 0 0.0909 0 0 ...
 $ Jockey.HitRate3                  : num  0.087 0.1333 0.0455 0 0 ...
 $ Jockey.HitRate4                  : num  0 0.133 0 0.25 0 ...
 $ Jockey.HitRate5                  : num  0.0435 0.0667 0.0909 0.25 0 ...
 $ EOF                              : int  1 1 1 1 1 1 1 1 1 1 ...
[1] "2022-02-19 00:51:44 --- Predict InputDataSet Finish ---"
[1] "2022-02-19 00:51:44 --- rxPredict (glm) Start ---"
[1] "analyzeFunc=glm"
Rows Read: 8479, Total Rows Processed: 8479, Total Chunk Time: Less than .001 seconds 
[1] "--------------------------------------------------------------------------------"
[1] "nrow(PredictDataSet) afte predict=8479"
[1] "--------------------------------------------------------------------------------"
[1] "str(PredictDataSet)"
'data.frame':	8479 obs. of  1 variable:
 $ RaceHorse.IsHitA_Pred: num  0.1426 0.0896 0.0774 0.048 0.048 ...
NULL
[1] "2022-02-19 00:51:44 --- rxPredict (glm) Finish ---"
[1] "2022-02-19 00:51:44 --- add key Start ---"
[1] "--------------------------------------------------------------------------------"
[1] "nrow(OutputDataSet) add KeyColmn=8479"
[1] "--------------------------------------------------------------------------------"
[1] "str(OutputDataSet) after add Key"
'data.frame':	8479 obs. of  2 variables:
 $ RaceHorse.RaceId  : Factor w/ 662 levels "20160221-05-01-08-10",..: 2 2 2 2 2 2 2 2 2 2 ...
 $ RaceHorse.KettoNum: Factor w/ 1754 levels "2009104585","2009105732",..: 11 12 13 14 15 16 17 18 19 20 ...
NULL
[1] "2022-02-19 00:51:44 --- add key Finish ---"
[1] "2022-02-19 00:51:44 --- add PredictValue Start ---"
[1] "str(PredictDataSet) before rename="
[1] "colnames(PredictDataSet)=RaceHorse.IsHitA_Pred"
[1] "str(PredictDataSet) after rename="
'data.frame':	8479 obs. of  1 variable:
 $ PredictValue: num  0.1426 0.0896 0.0774 0.048 0.048 ...
NULL
[1] "str(OutputDataSet) before cbind="
'data.frame':	8479 obs. of  2 variables:
 $ RaceHorse.RaceId  : Factor w/ 662 levels "20160221-05-01-08-10",..: 2 2 2 2 2 2 2 2 2 2 ...
 $ RaceHorse.KettoNum: Factor w/ 1754 levels "2009104585","2009105732",..: 11 12 13 14 15 16 17 18 19 20 ...
NULL
[1] "str(OutputDataSet) after cbind="
'data.frame':	8479 obs. of  3 variables:
 $ RaceHorse.RaceId  : Factor w/ 662 levels "20160221-05-01-08-10",..: 2 2 2 2 2 2 2 2 2 2 ...
 $ RaceHorse.KettoNum: Factor w/ 1754 levels "2009104585","2009105732",..: 11 12 13 14 15 16 17 18 19 20 ...
 $ PredictValue      : num  0.1426 0.0896 0.0774 0.048 0.048 ...
NULL
[1] "2022-02-19 00:51:44 --- add PredictValue Finish ---"
[1] "2022-02-19 00:51:44 --- final Start ---"
[1] "--------------------------------------------------------------------------------"
[1] "nrow(OutputDataSet) final=8479"
[1] "--------------------------------------------------------------------------------"
[1] "str(OutputDataSet)="
'data.frame':	8479 obs. of  3 variables:
 $ RaceHorse.RaceId  : Factor w/ 662 levels "20160221-05-01-08-10",..: 2 2 2 2 2 2 2 2 2 2 ...
 $ RaceHorse.KettoNum: Factor w/ 1754 levels "2009104585","2009105732",..: 11 12 13 14 15 16 17 18 19 20 ...
 $ PredictValue      : num  0.1426 0.0896 0.0774 0.048 0.048 ...
NULL
[1] "2022-02-19 00:51:44 --- final Finish ---"
[1] "2022-02-19 00:51:44 --- predict.R Finished ---"
[1] "2022-02-19 00:51:44 --- log Finish ---"
