[1] "2022-02-11 22:51:42 --- D1115_analyze_glm_Odds_IsHitA_Type14 Start ---"
[1] "2022-02-11 22:51:42 --- Log Start ---"
[1] "2022-02-11 22:51:42 --- analyze_glm.R Start ---"
[1] "analyzeVersion=D1115"
[1] "analyzeCategory=analyze"
[1] "analyzeType=Odds"
[1] "analyzeFamily=IsHitA"
[1] "analyzeFunc=glm"
[1] "analyzeTrackTypeCd=1"
[1] "analyzeJyokenCd=4"
[1] "2022-02-11 22:51:42 --- source_function.R Start ---"
[1] "2022-02-11 22:51:42 --- source_function.R Finished ---"

> print(paste0(Sys.time(), " --- source_library.R Start ---"))
[1] "2022-02-11 22:51:42 --- source_library.R Start ---"

> require("RevoScaleR")

> print(paste0(Sys.time(), " --- source_library.R Finished ---"))
[1] "2022-02-11 22:51:42 --- source_library.R Finished ---"
[1] "2022-02-11 22:51:42 --- RxSqlServerData Start ---"
[1] "2022-02-11 22:51:42 --- RxInSqlServer Start ---"
[1] "2022-02-11 22:51:42 --- RxInSqlServer Finish ---"
[1] "2022-02-11 22:51:42 --- rxSetComputeContext Start ---"
[1] "2022-02-11 22:51:42 --- rxSetComputeContext Finish ---"
[1] "2022-02-11 22:51:42 --- RxSqlServerData Start ---"
[1] "sqlQuery=SELECT * FROM ViewAnalyzeD1115analyze01OddsType14"
[1] "2022-02-11 22:51:42 --- RxSqlServerData Finish ---"
[1] "2022-02-11 22:51:42 --- rxGetVarInfo Start ---"
[1] "2022-02-11 22:51:43 --- rxGetVarInfo Finish---"
[1] "2022-02-11 22:51:43 --- rxImport Start ---"
Rows Read: 36381, Total Rows Processed: 36381, Total Chunk Time: 1.035 seconds 
[1] "2022-02-11 22:51:45 --- rxImport Finish ---"
[1] "object.size(data) auto=6.9 Mb"
[1] "--------------------------------------------------------------------------------"
[1] "nrow(data) RxSqlServerData=36381"
[1] "--------------------------------------------------------------------------------"
[1] "str(data)="
'data.frame':	36381 obs. of  35 variables:
 $ Race.RaceId                      : Factor w/ 2691 levels "20191109-03-03-03-07",..: 1 2 3 4 5 6 7 8 9 10 ...
 $ Race.IsPredictedRace             : logi  TRUE TRUE TRUE TRUE TRUE TRUE ...
 $ Race.IsAnalyzeNormalPastAndFuture: logi  TRUE TRUE TRUE TRUE TRUE TRUE ...
 $ Race.IsAnalyzeNormalPast         : logi  TRUE TRUE TRUE TRUE TRUE TRUE ...
 $ Race.IsAnalyzeNormalFuture       : logi  FALSE FALSE FALSE FALSE FALSE FALSE ...
 $ Race.IsAnalyzeFullPastAndFuture  : logi  TRUE TRUE TRUE TRUE TRUE TRUE ...
 $ Race.IsAnalyzeFullPast           : logi  TRUE TRUE TRUE TRUE TRUE TRUE ...
 $ Race.IsAnalyzeFullFuture         : logi  FALSE FALSE FALSE FALSE FALSE FALSE ...
 $ Race.JyokenCd                    : Factor w/ 1 level "4": 1 1 1 1 1 1 1 1 1 1 ...
 $ Race.JyoType1Cd                  : Factor w/ 182 levels "1-03-1200-1",..: 1 2 3 4 5 6 7 8 8 9 ...
 $ Race.RaceType0Cd                 : Factor w/ 548 levels "1-03-1200-1-4-X-13",..: 1 2 3 4 5 6 7 8 8 9 ...
 $ Race.RaceType1Cd                 : Factor w/ 2 levels "1-4-X","1-4-E": 1 1 1 1 1 1 1 1 1 1 ...
 $ Race.RaceType2Cd                 : Factor w/ 2 levels "1-4-X","1-4-E": 1 1 1 1 1 1 1 1 1 1 ...
 $ Race.RaceType3Cd                 : Factor w/ 8 levels "4-X-13","4-X-11",..: 1 1 2 1 1 2 1 3 3 4 ...
 $ Race.RaceType4Cd                 : Factor w/ 4 levels "1-4-13","1-4-11",..: 1 1 2 1 1 2 1 3 3 4 ...
 $ RaceHorse.RaceId                 : Factor w/ 2691 levels "20191109-03-03-03-07",..: 1 2 3 4 5 6 7 8 9 10 ...
 $ RaceHorse.KettoNum               : Factor w/ 8167 levels "2016104827","2015104617",..: 1 2 3 4 5 6 7 8 9 10 ...
 $ RaceHorse.IsHit1                 : int  0 0 0 0 0 0 0 0 0 0 ...
 $ RaceHorse.IsHit2                 : int  0 0 0 0 0 0 0 0 0 0 ...
 $ RaceHorse.IsHit3                 : int  1 1 1 1 1 1 1 1 1 1 ...
 $ RaceHorse.IsHit4                 : int  0 0 0 0 0 0 0 0 0 0 ...
 $ RaceHorse.IsHit5                 : int  0 0 0 0 0 0 0 0 0 0 ...
 $ RaceHorse.IsHit6                 : int  0 0 0 0 0 0 0 0 0 0 ...
 $ RaceHorse.IsValidRaceHorse       : logi  TRUE TRUE TRUE TRUE TRUE TRUE ...
 $ RaceHorse.IsHitA                 : int  0 0 0 0 0 0 0 0 0 0 ...
 $ RaceHorse.IsHitB                 : int  0 0 0 0 0 0 0 0 0 0 ...
 $ RaceHorse.IsHitC                 : int  1 1 1 1 1 1 1 1 1 1 ...
 $ OddsByWin.Odds1                  : num  4.9 4.8 4.3 32.4 6.2 6 49.9 4.8 16.6 11.9 ...
 $ OddsByWin.Ninki                  : num  2 3 2 9 3 3 10 2 7 4 ...
 $ OddsByWin.OddsLog1               : num  1.77 1.76 1.67 3.51 1.97 ...
 $ OddsByWin.OddsRatio1             : num  0.2564 0.2632 0.303 0.0318 0.1923 ...
 $ OddsByWin.OddsLogit1             : num  -1.59 -1.57 -1.46 -3.48 -1.82 ...
 $ OddsByWin.ApprovalRate1          : num  0.2041 0.2083 0.2326 0.0309 0.1613 ...
 $ OddsByWin.ApprovalRateLog1       : num  0.1857 0.1892 0.2091 0.0304 0.1495 ...
 $ EOF                              : int  1 1 1 1 1 1 1 1 1 1 ...
[1] "2022-02-11 22:51:45 --- RxSqlServerData Finish ---"
[1] "2022-02-11 22:51:45 --- subset Start ---"
[1] "--------------------------------------------------------------------------------"
[1] "nrow(data) subset before=36381"
[1] "nrow(data) subset after =30073"
[1] "nrow(data) subset diff =6308"
[1] "--------------------------------------------------------------------------------"
[1] "2022-02-11 22:51:45 --- subset Finish---"
[1] "2022-02-11 22:51:45 --- transform Start ---"
[1] "--------------------------------------------------------------------------------"
[1] "nrow(data) transform before=30073"
[1] "nrow(data) transform after=30073"
[1] "nrow(data) transform diff=0"
[1] "--------------------------------------------------------------------------------"
[1] "str(data)="
'data.frame':	30073 obs. of  35 variables:
 $ Race.RaceId                      : Factor w/ 2691 levels "20191109-03-03-03-07",..: 1 2 3 4 5 6 7 8 9 10 ...
 $ Race.IsPredictedRace             : logi  TRUE TRUE TRUE TRUE TRUE TRUE ...
 $ Race.IsAnalyzeNormalPastAndFuture: logi  TRUE TRUE TRUE TRUE TRUE TRUE ...
 $ Race.IsAnalyzeNormalPast         : logi  TRUE TRUE TRUE TRUE TRUE TRUE ...
 $ Race.IsAnalyzeNormalFuture       : logi  FALSE FALSE FALSE FALSE FALSE FALSE ...
 $ Race.IsAnalyzeFullPastAndFuture  : logi  TRUE TRUE TRUE TRUE TRUE TRUE ...
 $ Race.IsAnalyzeFullPast           : logi  TRUE TRUE TRUE TRUE TRUE TRUE ...
 $ Race.IsAnalyzeFullFuture         : logi  FALSE FALSE FALSE FALSE FALSE FALSE ...
 $ Race.JyokenCd                    : Factor w/ 1 level "4": 1 1 1 1 1 1 1 1 1 1 ...
 $ Race.JyoType1Cd                  : Factor w/ 182 levels "1-03-1200-1",..: 1 2 3 4 5 6 7 8 8 9 ...
 $ Race.RaceType0Cd                 : Factor w/ 548 levels "1-03-1200-1-4-X-13",..: 1 2 3 4 5 6 7 8 8 9 ...
 $ Race.RaceType1Cd                 : Factor w/ 2 levels "1-4-X","1-4-E": 1 1 1 1 1 1 1 1 1 1 ...
 $ Race.RaceType2Cd                 : Factor w/ 2 levels "1-4-X","1-4-E": 1 1 1 1 1 1 1 1 1 1 ...
 $ Race.RaceType3Cd                 : Factor w/ 8 levels "4-X-13","4-X-11",..: 1 1 2 1 1 2 1 3 3 4 ...
 $ Race.RaceType4Cd                 : Factor w/ 4 levels "1-4-13","1-4-11",..: 1 1 2 1 1 2 1 3 3 4 ...
 $ RaceHorse.RaceId                 : Factor w/ 2691 levels "20191109-03-03-03-07",..: 1 2 3 4 5 6 7 8 9 10 ...
 $ RaceHorse.KettoNum               : Factor w/ 8167 levels "2016104827","2015104617",..: 1 2 3 4 5 6 7 8 9 10 ...
 $ RaceHorse.IsHit1                 : int  0 0 0 0 0 0 0 0 0 0 ...
 $ RaceHorse.IsHit2                 : int  0 0 0 0 0 0 0 0 0 0 ...
 $ RaceHorse.IsHit3                 : int  1 1 1 1 1 1 1 1 1 1 ...
 $ RaceHorse.IsHit4                 : int  0 0 0 0 0 0 0 0 0 0 ...
 $ RaceHorse.IsHit5                 : int  0 0 0 0 0 0 0 0 0 0 ...
 $ RaceHorse.IsHit6                 : int  0 0 0 0 0 0 0 0 0 0 ...
 $ RaceHorse.IsValidRaceHorse       : logi  TRUE TRUE TRUE TRUE TRUE TRUE ...
 $ RaceHorse.IsHitA                 : int  0 0 0 0 0 0 0 0 0 0 ...
 $ RaceHorse.IsHitB                 : int  0 0 0 0 0 0 0 0 0 0 ...
 $ RaceHorse.IsHitC                 : int  1 1 1 1 1 1 1 1 1 1 ...
 $ OddsByWin.Odds1                  : num  4.9 4.8 4.3 32.4 6.2 6 49.9 4.8 16.6 11.9 ...
 $ OddsByWin.Ninki                  : num  2 3 2 9 3 3 10 2 7 4 ...
 $ OddsByWin.OddsLog1               : num  1.77 1.76 1.67 3.51 1.97 ...
 $ OddsByWin.OddsRatio1             : num  0.2564 0.2632 0.303 0.0318 0.1923 ...
 $ OddsByWin.OddsLogit1             : num  -1.59 -1.57 -1.46 -3.48 -1.82 ...
 $ OddsByWin.ApprovalRate1          : num  0.2041 0.2083 0.2326 0.0309 0.1613 ...
 $ OddsByWin.ApprovalRateLog1       : num  0.1857 0.1892 0.2091 0.0304 0.1495 ...
 $ EOF                              : int  1 1 1 1 1 1 1 1 1 1 ...
NULL
[1] "2022-02-11 22:51:46 --- transform Finish ---"
[1] "2022-02-11 22:51:46 --- na.omit Start ---"
[1] "--------------------------------------------------------------------------------"
[1] "nrow(data) na.omit before=30073"
[1] "nrow(data) na.omit after =30073"
[1] "nrow(data) na.omit diff =0"
[1] "--------------------------------------------------------------------------------"
'data.frame':	30073 obs. of  35 variables:
 $ Race.RaceId                      : Factor w/ 2691 levels "20191109-03-03-03-07",..: 1 2 3 4 5 6 7 8 9 10 ...
 $ Race.IsPredictedRace             : logi  TRUE TRUE TRUE TRUE TRUE TRUE ...
 $ Race.IsAnalyzeNormalPastAndFuture: logi  TRUE TRUE TRUE TRUE TRUE TRUE ...
 $ Race.IsAnalyzeNormalPast         : logi  TRUE TRUE TRUE TRUE TRUE TRUE ...
 $ Race.IsAnalyzeNormalFuture       : logi  FALSE FALSE FALSE FALSE FALSE FALSE ...
 $ Race.IsAnalyzeFullPastAndFuture  : logi  TRUE TRUE TRUE TRUE TRUE TRUE ...
 $ Race.IsAnalyzeFullPast           : logi  TRUE TRUE TRUE TRUE TRUE TRUE ...
 $ Race.IsAnalyzeFullFuture         : logi  FALSE FALSE FALSE FALSE FALSE FALSE ...
 $ Race.JyokenCd                    : Factor w/ 1 level "4": 1 1 1 1 1 1 1 1 1 1 ...
 $ Race.JyoType1Cd                  : Factor w/ 182 levels "1-03-1200-1",..: 1 2 3 4 5 6 7 8 8 9 ...
 $ Race.RaceType0Cd                 : Factor w/ 548 levels "1-03-1200-1-4-X-13",..: 1 2 3 4 5 6 7 8 8 9 ...
 $ Race.RaceType1Cd                 : Factor w/ 2 levels "1-4-X","1-4-E": 1 1 1 1 1 1 1 1 1 1 ...
 $ Race.RaceType2Cd                 : Factor w/ 2 levels "1-4-X","1-4-E": 1 1 1 1 1 1 1 1 1 1 ...
 $ Race.RaceType3Cd                 : Factor w/ 8 levels "4-X-13","4-X-11",..: 1 1 2 1 1 2 1 3 3 4 ...
 $ Race.RaceType4Cd                 : Factor w/ 4 levels "1-4-13","1-4-11",..: 1 1 2 1 1 2 1 3 3 4 ...
 $ RaceHorse.RaceId                 : Factor w/ 2691 levels "20191109-03-03-03-07",..: 1 2 3 4 5 6 7 8 9 10 ...
 $ RaceHorse.KettoNum               : Factor w/ 8167 levels "2016104827","2015104617",..: 1 2 3 4 5 6 7 8 9 10 ...
 $ RaceHorse.IsHit1                 : int  0 0 0 0 0 0 0 0 0 0 ...
 $ RaceHorse.IsHit2                 : int  0 0 0 0 0 0 0 0 0 0 ...
 $ RaceHorse.IsHit3                 : int  1 1 1 1 1 1 1 1 1 1 ...
 $ RaceHorse.IsHit4                 : int  0 0 0 0 0 0 0 0 0 0 ...
 $ RaceHorse.IsHit5                 : int  0 0 0 0 0 0 0 0 0 0 ...
 $ RaceHorse.IsHit6                 : int  0 0 0 0 0 0 0 0 0 0 ...
 $ RaceHorse.IsValidRaceHorse       : logi  TRUE TRUE TRUE TRUE TRUE TRUE ...
 $ RaceHorse.IsHitA                 : int  0 0 0 0 0 0 0 0 0 0 ...
 $ RaceHorse.IsHitB                 : int  0 0 0 0 0 0 0 0 0 0 ...
 $ RaceHorse.IsHitC                 : int  1 1 1 1 1 1 1 1 1 1 ...
 $ OddsByWin.Odds1                  : num  4.9 4.8 4.3 32.4 6.2 6 49.9 4.8 16.6 11.9 ...
 $ OddsByWin.Ninki                  : num  2 3 2 9 3 3 10 2 7 4 ...
 $ OddsByWin.OddsLog1               : num  1.77 1.76 1.67 3.51 1.97 ...
 $ OddsByWin.OddsRatio1             : num  0.2564 0.2632 0.303 0.0318 0.1923 ...
 $ OddsByWin.OddsLogit1             : num  -1.59 -1.57 -1.46 -3.48 -1.82 ...
 $ OddsByWin.ApprovalRate1          : num  0.2041 0.2083 0.2326 0.0309 0.1613 ...
 $ OddsByWin.ApprovalRateLog1       : num  0.1857 0.1892 0.2091 0.0304 0.1495 ...
 $ EOF                              : int  1 1 1 1 1 1 1 1 1 1 ...
[1] "2022-02-11 22:51:46 --- na.omit Finish ---"
[1] "2022-02-11 22:51:46 --- rxGlm with rxStepControl Start ---"
[1] "2022-02-11 22:51:46 --- source_logic_glm.R Start ---"
[1] "2022-02-11 22:51:46 --- source_logic_glm.R Finished ---"
Rows Read: 30073, Total Rows Processed: 30073, Total Chunk Time: 0.002 seconds 

Starting values (iteration 1) time: 0.024 secs.
Rows Read: 30073, Total Rows Processed: 30073, Total Chunk Time: 0.003 seconds 

Iteration 2 time: 0.007 secs.
Rows Read: 30073, Total Rows Processed: 30073, Total Chunk Time: 0.003 seconds 

Iteration 3 time: 0.006 secs.
Rows Read: 30073, Total Rows Processed: 30073, Total Chunk Time: 0.003 seconds 

Iteration 4 time: 0.006 secs.
Rows Read: 30073, Total Rows Processed: 30073, Total Chunk Time: 0.003 seconds 

Iteration 5 time: 0.009 secs.
Rows Read: 30073, Total Rows Processed: 30073, Total Chunk Time: 0.003 seconds 

Iteration 6 time: 0.005 secs.

Elapsed computation time: 0.077 secs.
Rows Read: 30073, Total Rows Processed: 30073, Total Chunk Time: Less than .001 seconds 

Starting values (iteration 1) time: 0.011 secs.
Rows Read: 30073, Total Rows Processed: 30073, Total Chunk Time: 0.002 seconds 

Iteration 2 time: 0.008 secs.

Elapsed computation time: 0.028 secs.
Rows Read: 30073, Total Rows Processed: 30073, Total Chunk Time: 0.002 seconds 

Starting values (iteration 1) time: 0.010 secs.
Rows Read: 30073, Total Rows Processed: 30073, Total Chunk Time: 0.004 seconds 

Iteration 2 time: 0.011 secs.
Rows Read: 30073, Total Rows Processed: 30073, Total Chunk Time: 0.003 seconds 

Iteration 3 time: 0.005 secs.
Rows Read: 30073, Total Rows Processed: 30073, Total Chunk Time: 0.003 seconds 

Iteration 4 time: 0.005 secs.
Rows Read: 30073, Total Rows Processed: 30073, Total Chunk Time: 0.003 seconds 

Iteration 5 time: 0.006 secs.
Rows Read: 30073, Total Rows Processed: 30073, Total Chunk Time: 0.003 seconds 

Iteration 6 time: 0.005 secs.

Elapsed computation time: 0.064 secs.

Elapsed computation time: 0.191 secs.
[1] "analyze.results.glm.step="
Logistic Regression Results for: RaceHorse.IsHitA ~
    OddsByWin.OddsLogit1
Data: data
Dependent variable(s): RaceHorse.IsHitA
Total independent variables: 2 
Number of valid observations: 30073
Number of missing observations: 0 
 
Coefficients:
                     RaceHorse.IsHitA
(Intercept)                       0.3
OddsByWin.OddsLogit1              1.2
[1] "analyze.results.glm.step.summary"
Call:
rxLogit(formula = form, data = data, variableSelection = analyze.results.glm.step.varsel)

Logistic Regression Results for: RaceHorse.IsHitA ~
    OddsByWin.OddsLogit1
Data: data
Dependent variable(s): RaceHorse.IsHitA
Total independent variables: 2 
Number of valid observations: 30073
Number of missing observations: 0 
-2*LogLikelihood: 13015.306 (Residual deviance on 30071 degrees of freedom)
 
Coefficients:
                     Estimate Std. Error z value Pr(>|z|)    
(Intercept)            0.2594     0.0542    4.79  1.7e-06 ***
OddsByWin.OddsLogit1   1.1537     0.0260   44.41  2.2e-16 ***
---
Signif. codes:  0 '***' 0.001 '**' 0.01 '*' 0.05 '.' 0.1 ' ' 1

Condition number of final variance-covariance matrix: 1 
Number of iterations: 6
[1] "2022-02-11 22:51:46 --- rxGlm with rxStepControl Finish ---"
[1] "2022-02-11 22:51:46 --- rxStepPlot Start ---"
[1] "pdfFilename=pdf_analyze_glm_Odds_Type14_rxStepPlot.pdf"
[1] "rxStepPlot="
[1] "2022-02-11 22:51:46 --- rxStepPlot Finish ---"
[1] "2022-02-11 22:51:46 --- save.image Start ---"
[1] "save.image"
[1] "rdataFilename=RData_analyze_glm_Odds_Type14.RData"
[1] "2022-02-11 22:51:47 --- save.image Finish ---"
[1] "2022-02-11 22:51:47 --- final Start ---"
[1] "--------------------------------------------------------------------------------"
[1] "nrow(data) final=30073"
[1] "--------------------------------------------------------------------------------"
[1] "2022-02-11 22:51:47 --- final Finish ---"
[1] "2022-02-11 22:51:47 --- analyze_glm.R Finished ---"
[1] "2022-02-11 22:51:47 --- log Finish ---"
