[1] "2022-02-21 14:01:22 --- D1115_Predict_glm_RaceHorse_IsHitA_Type12 Start ---"
[1] "2022-02-21 14:01:22 --- Log Start ---"
[1] "2022-02-21 14:01:22 --- predict.R Start ---"
[1] "--------------------------------------------------------------------------------"
[1] "analyzeVersion=D1115"
[1] "analyzeCategory=Predict"
[1] "analyzeType=RaceHorse"
[1] "analyzeFamily=IsHitA"
[1] "analyzeFunc=glm"
[1] "analyzeTrackTypeCd=1"
[1] "analyzeJyokenCd=2"
[1] "--------------------------------------------------------------------------------"
[1] "2022-02-21 14:01:22 --- source_function.R Start ---"
[1] "2022-02-21 14:01:22 --- source_function.R Finished ---"

> print(paste0(Sys.time(), " --- source_library.R Start ---"))
[1] "2022-02-21 14:01:22 --- source_library.R Start ---"

> require("RevoScaleR")

> print(paste0(Sys.time(), " --- source_library.R Finished ---"))
[1] "2022-02-21 14:01:22 --- source_library.R Finished ---"
[1] "2022-02-21 14:01:22 --- Load Start ---"
[1] "analyzeTrackTypeCd=1"
[1] "analyzeJyokenCd=2"
[1] "loadFilename=RData_Analyze_glm_RaceHorse_Type12.RData"
[1] "2022-02-21 14:01:22 --- Load Finished ---"
[1] "2022-02-21 14:01:22 --- RxSqlServerData Start ---"
[1] "2022-02-21 14:01:22 --- RxInSqlServer Start ---"
[1] "2022-02-21 14:01:22 --- RxInSqlServer Finish ---"
[1] "2022-02-21 14:01:22 --- rxSetComputeContext Start ---"
[1] "2022-02-21 14:01:22 --- rxSetComputeContext Finish ---"
[1] "2022-02-21 14:01:22 --- RxSqlServerData Start ---"
[1] "analyzeTrackTypeCd=1"
[1] "analyzeJyokenCd=2"
[1] "predictSqlQuery=SELECT * FROM ViewAnalyzeD1115Predict01RaceHorseType12"
[1] "2022-02-21 14:01:22 --- RxSqlServerData Finish ---"
[1] "2022-02-21 14:01:22 --- rxGetVarInfo Start ---"
[1] "2022-02-21 14:01:22 --- rxGetVarInfo Finish---"
[1] "2022-02-21 14:01:22 --- rxImport Start ---"
Rows Read: 8623, Total Rows Processed: 8623, Total Chunk Time: 0.103 seconds 
[1] "2022-02-21 14:01:23 --- rxImport Finish ---"
[1] "object.size(InputDataSet) auto=1.4 Mb"
[1] "--------------------------------------------------------------------------------"
[1] "nrow(InputDataSet) RxSqlServerData=8623"
[1] "--------------------------------------------------------------------------------"
[1] "str(InputDataSet)="
'data.frame':	8623 obs. of  29 variables:
 $ Race.RaceId                      : Factor w/ 662 levels "20160109-06-01-02-10",..: 1 1 1 1 1 1 1 1 1 1 ...
 $ Race.IsPredictedRace             : logi  TRUE TRUE TRUE TRUE TRUE TRUE ...
 $ Race.IsAnalyzeNormalPastAndFuture: logi  TRUE TRUE TRUE TRUE TRUE TRUE ...
 $ Race.IsAnalyzeNormalPast         : logi  TRUE TRUE TRUE TRUE TRUE TRUE ...
 $ Race.IsAnalyzeNormalFuture       : logi  FALSE FALSE FALSE FALSE FALSE FALSE ...
 $ Race.IsAnalyzeFullPastAndFuture  : logi  TRUE TRUE TRUE TRUE TRUE TRUE ...
 $ Race.IsAnalyzeFullPast           : logi  TRUE TRUE TRUE TRUE TRUE TRUE ...
 $ Race.IsAnalyzeFullFuture         : logi  FALSE FALSE FALSE FALSE FALSE FALSE ...
 $ Race.JyokenCd                    : Factor w/ 1 level "2": 1 1 1 1 1 1 1 1 1 1 ...
 $ Race.RaceType1Cd                 : Factor w/ 1 level "1-2-E": 1 1 1 1 1 1 1 1 1 1 ...
 $ RaceHorse.RaceId                 : Factor w/ 662 levels "20160109-06-01-02-10",..: 1 1 1 1 1 1 1 1 1 1 ...
 $ RaceHorse.KettoNum               : Factor w/ 1764 levels "2007100476","2008102799",..: 1 2 3 4 5 6 7 8 9 10 ...
 $ RaceHorse.ZogenSa                : num  0 0 6 4 0 6 2 2 0 0 ...
 $ RaceHorse.IsHit1                 : int  0 0 0 0 0 0 0 0 0 0 ...
 $ RaceHorse.IsHit2                 : int  0 0 0 0 0 0 0 0 1 0 ...
 $ RaceHorse.IsHit3                 : int  0 0 0 0 0 0 0 1 0 0 ...
 $ RaceHorse.IsHit4                 : int  0 0 0 0 0 0 0 0 0 0 ...
 $ RaceHorse.IsHit5                 : int  0 1 0 0 0 0 0 0 0 0 ...
 $ RaceHorse.IsHit6                 : int  1 0 1 1 1 1 1 0 0 1 ...
 $ RaceHorse.IsValidRaceHorse       : logi  TRUE TRUE TRUE TRUE TRUE TRUE ...
 $ RaceHorse.UmabanSdv              : num  0.691 -1.382 -0.461 -0.23 0.921 ...
 $ RaceHorse.BataijyuSdv            : num  0.1082 -0.0501 0.5041 -0.8417 -0.4459 ...
 $ RaceHorse.FutanSdv               : num  0.965 0.965 0.965 0.965 0.965 ...
 $ RaceHorse.LifetimeSdv            : num  2.572 1.885 1.093 1.07 0.979 ...
 $ RaceHorse.FutanRatioSdv          : num  0.38003 0.53549 0.00244 1.35352 0.93576 ...
 $ RaceHorse.IsHitA                 : int  0 0 0 0 0 0 0 0 0 0 ...
 $ RaceHorse.IsHitB                 : int  0 0 0 0 0 0 0 0 1 0 ...
 $ RaceHorse.IsHitC                 : int  0 0 0 0 0 0 0 1 1 0 ...
 $ EOF                              : int  1 1 1 1 1 1 1 1 1 1 ...
[1] "2022-02-21 14:01:23 --- RxSqlServerData Finish ---"
[1] "2022-02-21 14:01:23 --- subset Start ---"
[1] "--------------------------------------------------------------------------------"
[1] "nrow(InputDataSet) subset before=8623"
[1] "nrow(InputDataSet) subset after=8623"
[1] "nrow(InputDataSet) subset diff=0"
[1] "--------------------------------------------------------------------------------"
[1] "class(InputDataSet$Race.IsAnalyzeNormalPast)=logical"
[1] "class(InputDataSet$Race.analyzeTrackTypeCd)=NULL"
[1] "2022-02-21 14:01:23 --- subset Finish ---"
[1] "2022-02-21 14:01:23 --- transform Start ---"
[1] "--------------------------------------------------------------------------------"
[1] "nrow(InputDataSet) transaform before=8623"
[1] "nrow(InputDataSet) transaform after=8623"
[1] "nrow(InputDataSet) transaform diff=0"
[1] "--------------------------------------------------------------------------------"
[1] "str(InputDataSet)="
'data.frame':	8623 obs. of  29 variables:
 $ Race.RaceId                      : Factor w/ 662 levels "20160109-06-01-02-10",..: 1 1 1 1 1 1 1 1 1 1 ...
 $ Race.IsPredictedRace             : logi  TRUE TRUE TRUE TRUE TRUE TRUE ...
 $ Race.IsAnalyzeNormalPastAndFuture: logi  TRUE TRUE TRUE TRUE TRUE TRUE ...
 $ Race.IsAnalyzeNormalPast         : logi  TRUE TRUE TRUE TRUE TRUE TRUE ...
 $ Race.IsAnalyzeNormalFuture       : logi  FALSE FALSE FALSE FALSE FALSE FALSE ...
 $ Race.IsAnalyzeFullPastAndFuture  : logi  TRUE TRUE TRUE TRUE TRUE TRUE ...
 $ Race.IsAnalyzeFullPast           : logi  TRUE TRUE TRUE TRUE TRUE TRUE ...
 $ Race.IsAnalyzeFullFuture         : logi  FALSE FALSE FALSE FALSE FALSE FALSE ...
 $ Race.JyokenCd                    : Factor w/ 1 level "2": 1 1 1 1 1 1 1 1 1 1 ...
 $ Race.RaceType1Cd                 : Factor w/ 1 level "1-2-E": 1 1 1 1 1 1 1 1 1 1 ...
 $ RaceHorse.RaceId                 : Factor w/ 662 levels "20160109-06-01-02-10",..: 1 1 1 1 1 1 1 1 1 1 ...
 $ RaceHorse.KettoNum               : Factor w/ 1764 levels "2007100476","2008102799",..: 1 2 3 4 5 6 7 8 9 10 ...
 $ RaceHorse.ZogenSa                : num  0 0 6 4 0 6 2 2 0 0 ...
 $ RaceHorse.IsHit1                 : int  0 0 0 0 0 0 0 0 0 0 ...
 $ RaceHorse.IsHit2                 : int  0 0 0 0 0 0 0 0 1 0 ...
 $ RaceHorse.IsHit3                 : int  0 0 0 0 0 0 0 1 0 0 ...
 $ RaceHorse.IsHit4                 : int  0 0 0 0 0 0 0 0 0 0 ...
 $ RaceHorse.IsHit5                 : int  0 1 0 0 0 0 0 0 0 0 ...
 $ RaceHorse.IsHit6                 : int  1 0 1 1 1 1 1 0 0 1 ...
 $ RaceHorse.IsValidRaceHorse       : logi  TRUE TRUE TRUE TRUE TRUE TRUE ...
 $ RaceHorse.UmabanSdv              : num  0.691 -1.382 -0.461 -0.23 0.921 ...
 $ RaceHorse.BataijyuSdv            : num  0.1082 -0.0501 0.5041 -0.8417 -0.4459 ...
 $ RaceHorse.FutanSdv               : num  0.965 0.965 0.965 0.965 0.965 ...
 $ RaceHorse.LifetimeSdv            : num  2.572 1.885 1.093 1.07 0.979 ...
 $ RaceHorse.FutanRatioSdv          : num  0.38003 0.53549 0.00244 1.35352 0.93576 ...
 $ RaceHorse.IsHitA                 : int  0 0 0 0 0 0 0 0 0 0 ...
 $ RaceHorse.IsHitB                 : int  0 0 0 0 0 0 0 0 1 0 ...
 $ RaceHorse.IsHitC                 : int  0 0 0 0 0 0 0 1 1 0 ...
 $ EOF                              : int  1 1 1 1 1 1 1 1 1 1 ...
NULL
[1] "2022-02-21 14:01:24 --- transform Finish ---"
[1] "2022-02-21 14:01:24 --- na.omit Start ---"
[1] "--------------------------------------------------------------------------------"
[1] "nrow(InputDataSet) na.omit before=8623"
[1] "nrow(InputDataSet) na.omit after=8595"
[1] "nrow(InputDataSet) na.omit diff=28"
[1] "--------------------------------------------------------------------------------"
[1] "2022-02-21 14:01:24 --- na.omit Finish---"
[1] "2022-02-21 14:01:24 --- New Levels Start ---"
[1] "levels(data$Race.RaceType1Cd)=1-2-E"
[1] "levels(InputDataSet$Race.RaceType1Cd)=1-2-E"
[1] "length(Race.RaceType1Cd.Index)=0"
[1] "2022-02-21 14:01:24 --- New Levels Finish ---"
[1] "2022-02-21 14:01:24 --- na.omit Start ---"
[1] "--------------------------------------------------------------------------------"
[1] "nrow(InputDataSet) na.omit levels before=8595"
[1] "nrow(InputDataSet) na.omit levels after=8595"
[1] "nrow(InputDataSet) na.omit levels diff=0"
[1] "--------------------------------------------------------------------------------"
[1] "2022-02-21 14:01:24 --- na.omit Finish ---"
[1] "2022-02-21 14:01:24 --- Predict InputDataSet Start ---"
[1] "--------------------------------------------------------------------------------"
[1] "nrow(InputDataSet) predict=8595"
[1] "--------------------------------------------------------------------------------"
[1] "str(InputDataSet)="
'data.frame':	8595 obs. of  29 variables:
 $ Race.RaceId                      : Factor w/ 662 levels "20160109-06-01-02-10",..: 1 1 1 1 1 1 1 1 1 1 ...
 $ Race.IsPredictedRace             : logi  TRUE TRUE TRUE TRUE TRUE TRUE ...
 $ Race.IsAnalyzeNormalPastAndFuture: logi  TRUE TRUE TRUE TRUE TRUE TRUE ...
 $ Race.IsAnalyzeNormalPast         : logi  TRUE TRUE TRUE TRUE TRUE TRUE ...
 $ Race.IsAnalyzeNormalFuture       : logi  FALSE FALSE FALSE FALSE FALSE FALSE ...
 $ Race.IsAnalyzeFullPastAndFuture  : logi  TRUE TRUE TRUE TRUE TRUE TRUE ...
 $ Race.IsAnalyzeFullPast           : logi  TRUE TRUE TRUE TRUE TRUE TRUE ...
 $ Race.IsAnalyzeFullFuture         : logi  FALSE FALSE FALSE FALSE FALSE FALSE ...
 $ Race.JyokenCd                    : Factor w/ 1 level "2": 1 1 1 1 1 1 1 1 1 1 ...
 $ Race.RaceType1Cd                 : Factor w/ 1 level "1-2-E": 1 1 1 1 1 1 1 1 1 1 ...
 $ RaceHorse.RaceId                 : Factor w/ 662 levels "20160109-06-01-02-10",..: 1 1 1 1 1 1 1 1 1 1 ...
 $ RaceHorse.KettoNum               : Factor w/ 1764 levels "2007100476","2008102799",..: 1 2 3 4 5 6 7 8 9 10 ...
 $ RaceHorse.ZogenSa                : num  0 0 6 4 0 6 2 2 0 0 ...
 $ RaceHorse.IsHit1                 : int  0 0 0 0 0 0 0 0 0 0 ...
 $ RaceHorse.IsHit2                 : int  0 0 0 0 0 0 0 0 1 0 ...
 $ RaceHorse.IsHit3                 : int  0 0 0 0 0 0 0 1 0 0 ...
 $ RaceHorse.IsHit4                 : int  0 0 0 0 0 0 0 0 0 0 ...
 $ RaceHorse.IsHit5                 : int  0 1 0 0 0 0 0 0 0 0 ...
 $ RaceHorse.IsHit6                 : int  1 0 1 1 1 1 1 0 0 1 ...
 $ RaceHorse.IsValidRaceHorse       : logi  TRUE TRUE TRUE TRUE TRUE TRUE ...
 $ RaceHorse.UmabanSdv              : num  0.691 -1.382 -0.461 -0.23 0.921 ...
 $ RaceHorse.BataijyuSdv            : num  0.1082 -0.0501 0.5041 -0.8417 -0.4459 ...
 $ RaceHorse.FutanSdv               : num  0.965 0.965 0.965 0.965 0.965 ...
 $ RaceHorse.LifetimeSdv            : num  2.572 1.885 1.093 1.07 0.979 ...
 $ RaceHorse.FutanRatioSdv          : num  0.38003 0.53549 0.00244 1.35352 0.93576 ...
 $ RaceHorse.IsHitA                 : int  0 0 0 0 0 0 0 0 0 0 ...
 $ RaceHorse.IsHitB                 : int  0 0 0 0 0 0 0 0 1 0 ...
 $ RaceHorse.IsHitC                 : int  0 0 0 0 0 0 0 1 1 0 ...
 $ EOF                              : int  1 1 1 1 1 1 1 1 1 1 ...
 - attr(*, "na.action")= 'omit' Named int  155 570 1215 1326 1397 1747 2724 2832 2841 2842 ...
  ..- attr(*, "names")= chr  "155" "570" "1215" "1326" ...
[1] "2022-02-21 14:01:24 --- Predict InputDataSet Finish ---"
[1] "2022-02-21 14:01:24 --- rxPredict (glm) Start ---"
[1] "analyzeFunc=glm"
Rows Read: 8595, Total Rows Processed: 8595, Total Chunk Time: 0.001 seconds 
[1] "--------------------------------------------------------------------------------"
[1] "nrow(PredictDataSet) afte predict=8595"
[1] "--------------------------------------------------------------------------------"
[1] "str(PredictDataSet)"
'data.frame':	8595 obs. of  1 variable:
 $ RaceHorse.IsHitA_Pred: num  0.0123 0.0262 0.0421 0.0355 0.0333 ...
NULL
[1] "2022-02-21 14:01:24 --- rxPredict (glm) Finish ---"
[1] "2022-02-21 14:01:24 --- add key Start ---"
[1] "--------------------------------------------------------------------------------"
[1] "nrow(OutputDataSet) add KeyColmn=8595"
[1] "--------------------------------------------------------------------------------"
[1] "str(OutputDataSet) after add Key"
'data.frame':	8595 obs. of  2 variables:
 $ RaceHorse.RaceId  : Factor w/ 662 levels "20160109-06-01-02-10",..: 1 1 1 1 1 1 1 1 1 1 ...
 $ RaceHorse.KettoNum: Factor w/ 1764 levels "2007100476","2008102799",..: 1 2 3 4 5 6 7 8 9 10 ...
NULL
[1] "2022-02-21 14:01:24 --- add key Finish ---"
[1] "2022-02-21 14:01:24 --- add PredictValue Start ---"
[1] "str(PredictDataSet) before rename="
[1] "colnames(PredictDataSet)=RaceHorse.IsHitA_Pred"
[1] "str(PredictDataSet) after rename="
'data.frame':	8595 obs. of  1 variable:
 $ PredictValue: num  0.0123 0.0262 0.0421 0.0355 0.0333 ...
NULL
[1] "str(OutputDataSet) before cbind="
'data.frame':	8595 obs. of  2 variables:
 $ RaceHorse.RaceId  : Factor w/ 662 levels "20160109-06-01-02-10",..: 1 1 1 1 1 1 1 1 1 1 ...
 $ RaceHorse.KettoNum: Factor w/ 1764 levels "2007100476","2008102799",..: 1 2 3 4 5 6 7 8 9 10 ...
NULL
[1] "str(OutputDataSet) after cbind="
'data.frame':	8595 obs. of  3 variables:
 $ RaceHorse.RaceId  : Factor w/ 662 levels "20160109-06-01-02-10",..: 1 1 1 1 1 1 1 1 1 1 ...
 $ RaceHorse.KettoNum: Factor w/ 1764 levels "2007100476","2008102799",..: 1 2 3 4 5 6 7 8 9 10 ...
 $ PredictValue      : num  0.0123 0.0262 0.0421 0.0355 0.0333 ...
NULL
[1] "2022-02-21 14:01:24 --- add PredictValue Finish ---"
[1] "2022-02-21 14:01:24 --- final Start ---"
[1] "--------------------------------------------------------------------------------"
[1] "nrow(OutputDataSet) final=8595"
[1] "--------------------------------------------------------------------------------"
[1] "str(OutputDataSet)="
'data.frame':	8595 obs. of  3 variables:
 $ RaceHorse.RaceId  : Factor w/ 662 levels "20160109-06-01-02-10",..: 1 1 1 1 1 1 1 1 1 1 ...
 $ RaceHorse.KettoNum: Factor w/ 1764 levels "2007100476","2008102799",..: 1 2 3 4 5 6 7 8 9 10 ...
 $ PredictValue      : num  0.0123 0.0262 0.0421 0.0355 0.0333 ...
NULL
[1] "2022-02-21 14:01:24 --- final Finish ---"
[1] "2022-02-21 14:01:24 --- predict.R Finished ---"
[1] "2022-02-21 14:01:24 --- log Finish ---"
