[1] "2022-02-11 22:51:47 --- D1115_analyze_glm_Odds_IsHitA_Type25 Start ---"
[1] "2022-02-11 22:51:47 --- Log Start ---"
[1] "2022-02-11 22:51:47 --- analyze_glm.R Start ---"
[1] "analyzeVersion=D1115"
[1] "analyzeCategory=analyze"
[1] "analyzeType=Odds"
[1] "analyzeFamily=IsHitA"
[1] "analyzeFunc=glm"
[1] "analyzeTrackTypeCd=2"
[1] "analyzeJyokenCd=5"
[1] "2022-02-11 22:51:47 --- source_function.R Start ---"
[1] "2022-02-11 22:51:47 --- source_function.R Finished ---"

> print(paste0(Sys.time(), " --- source_library.R Start ---"))
[1] "2022-02-11 22:51:47 --- source_library.R Start ---"

> require("RevoScaleR")

> print(paste0(Sys.time(), " --- source_library.R Finished ---"))
[1] "2022-02-11 22:51:48 --- source_library.R Finished ---"
[1] "2022-02-11 22:51:48 --- RxSqlServerData Start ---"
[1] "2022-02-11 22:51:48 --- RxInSqlServer Start ---"
[1] "2022-02-11 22:51:48 --- RxInSqlServer Finish ---"
[1] "2022-02-11 22:51:48 --- rxSetComputeContext Start ---"
[1] "2022-02-11 22:51:48 --- rxSetComputeContext Finish ---"
[1] "2022-02-11 22:51:48 --- RxSqlServerData Start ---"
[1] "sqlQuery=SELECT * FROM ViewAnalyzeD1115analyze01OddsType25"
[1] "2022-02-11 22:51:48 --- RxSqlServerData Finish ---"
[1] "2022-02-11 22:51:48 --- rxGetVarInfo Start ---"
[1] "2022-02-11 22:51:48 --- rxGetVarInfo Finish---"
[1] "2022-02-11 22:51:48 --- rxImport Start ---"
Rows Read: 59221, Total Rows Processed: 59221, Total Chunk Time: 1.057 seconds 
[1] "2022-02-11 22:51:51 --- rxImport Finish ---"
[1] "object.size(data) auto=11.6 Mb"
[1] "--------------------------------------------------------------------------------"
[1] "nrow(data) RxSqlServerData=59221"
[1] "--------------------------------------------------------------------------------"
[1] "str(data)="
'data.frame':	59221 obs. of  35 variables:
 $ Race.RaceId                      : Factor w/ 4026 levels "20191026-05-04-08-03",..: 11 12 13 14 15 15 15 15 16 16 ...
 $ Race.IsPredictedRace             : logi  TRUE TRUE TRUE TRUE TRUE TRUE ...
 $ Race.IsAnalyzeNormalPastAndFuture: logi  TRUE TRUE TRUE TRUE TRUE TRUE ...
 $ Race.IsAnalyzeNormalPast         : logi  TRUE TRUE TRUE TRUE TRUE TRUE ...
 $ Race.IsAnalyzeNormalFuture       : logi  FALSE FALSE FALSE FALSE FALSE FALSE ...
 $ Race.IsAnalyzeFullPastAndFuture  : logi  TRUE TRUE TRUE TRUE TRUE TRUE ...
 $ Race.IsAnalyzeFullPast           : logi  TRUE TRUE TRUE TRUE TRUE TRUE ...
 $ Race.IsAnalyzeFullFuture         : logi  FALSE FALSE FALSE FALSE FALSE FALSE ...
 $ Race.JyokenCd                    : Factor w/ 1 level "5": 1 1 1 1 1 1 1 1 1 1 ...
 $ Race.JyoType1Cd                  : Factor w/ 118 levels "2-05-1600-3",..: 9 10 3 10 11 11 11 11 10 10 ...
 $ Race.RaceType0Cd                 : Factor w/ 205 levels "2-05-1600-3-5-X-11",..: 9 10 3 10 11 11 11 11 12 12 ...
 $ Race.RaceType1Cd                 : Factor w/ 1 level "2-5-X": 1 1 1 1 1 1 1 1 1 1 ...
 $ Race.RaceType2Cd                 : Factor w/ 1 level "2-5-X": 1 1 1 1 1 1 1 1 1 1 ...
 $ Race.RaceType3Cd                 : Factor w/ 2 levels "5-X-11","5-X-12": 1 1 1 1 2 2 2 2 2 2 ...
 $ Race.RaceType4Cd                 : Factor w/ 2 levels "2-5-11","2-5-12": 1 1 1 1 2 2 2 2 2 2 ...
 $ RaceHorse.RaceId                 : Factor w/ 4026 levels "20191026-05-04-08-03",..: 11 12 13 14 15 15 15 15 16 16 ...
 $ RaceHorse.KettoNum               : Factor w/ 20520 levels "2017104782","2017104128",..: 11 12 13 14 15 16 17 18 19 20 ...
 $ RaceHorse.IsHit1                 : int  0 0 0 0 0 0 0 0 0 0 ...
 $ RaceHorse.IsHit2                 : int  0 0 0 0 0 0 0 0 0 0 ...
 $ RaceHorse.IsHit3                 : int  0 0 0 0 0 0 0 0 0 0 ...
 $ RaceHorse.IsHit4                 : int  0 0 0 0 0 0 0 0 0 0 ...
 $ RaceHorse.IsHit5                 : int  0 0 0 0 0 0 0 0 0 0 ...
 $ RaceHorse.IsHit6                 : int  1 1 1 1 1 1 1 1 1 1 ...
 $ RaceHorse.IsValidRaceHorse       : logi  FALSE TRUE TRUE TRUE TRUE TRUE ...
 $ RaceHorse.IsHitA                 : int  0 0 0 0 0 0 0 0 0 0 ...
 $ RaceHorse.IsHitB                 : int  0 0 0 0 0 0 0 0 0 0 ...
 $ RaceHorse.IsHitC                 : int  0 0 0 0 0 0 0 0 0 0 ...
 $ OddsByWin.Odds1                  : num  272.1 335.5 78.8 447.1 70.5 ...
 $ OddsByWin.Ninki                  : num  15 16 9 15 11 2 9 12 11 10 ...
 $ OddsByWin.OddsLog1               : num  5.61 5.82 4.38 6.11 4.27 ...
 $ OddsByWin.OddsRatio1             : num  0.00369 0.00299 0.01285 0.00224 0.01439 ...
 $ OddsByWin.OddsLogit1             : num  -5.61 -5.82 -4.37 -6.1 -4.26 ...
 $ OddsByWin.ApprovalRate1          : num  0.00368 0.00298 0.01269 0.00224 0.01418 ...
 $ OddsByWin.ApprovalRateLog1       : num  0.00367 0.00298 0.01261 0.00223 0.01408 ...
 $ EOF                              : int  1 1 1 1 1 1 1 1 1 1 ...
[1] "2022-02-11 22:51:51 --- RxSqlServerData Finish ---"
[1] "2022-02-11 22:51:51 --- subset Start ---"
[1] "--------------------------------------------------------------------------------"
[1] "nrow(data) subset before=59221"
[1] "nrow(data) subset after =46900"
[1] "nrow(data) subset diff =12321"
[1] "--------------------------------------------------------------------------------"
[1] "2022-02-11 22:51:51 --- subset Finish---"
[1] "2022-02-11 22:51:51 --- transform Start ---"
[1] "--------------------------------------------------------------------------------"
[1] "nrow(data) transform before=46900"
[1] "nrow(data) transform after=46900"
[1] "nrow(data) transform diff=0"
[1] "--------------------------------------------------------------------------------"
[1] "str(data)="
'data.frame':	46900 obs. of  35 variables:
 $ Race.RaceId                      : Factor w/ 4026 levels "20191026-05-04-08-03",..: 12 13 14 15 15 15 15 16 16 16 ...
 $ Race.IsPredictedRace             : logi  TRUE TRUE TRUE TRUE TRUE TRUE ...
 $ Race.IsAnalyzeNormalPastAndFuture: logi  TRUE TRUE TRUE TRUE TRUE TRUE ...
 $ Race.IsAnalyzeNormalPast         : logi  TRUE TRUE TRUE TRUE TRUE TRUE ...
 $ Race.IsAnalyzeNormalFuture       : logi  FALSE FALSE FALSE FALSE FALSE FALSE ...
 $ Race.IsAnalyzeFullPastAndFuture  : logi  TRUE TRUE TRUE TRUE TRUE TRUE ...
 $ Race.IsAnalyzeFullPast           : logi  TRUE TRUE TRUE TRUE TRUE TRUE ...
 $ Race.IsAnalyzeFullFuture         : logi  FALSE FALSE FALSE FALSE FALSE FALSE ...
 $ Race.JyokenCd                    : Factor w/ 1 level "5": 1 1 1 1 1 1 1 1 1 1 ...
 $ Race.JyoType1Cd                  : Factor w/ 118 levels "2-05-1600-3",..: 10 3 10 11 11 11 11 10 10 10 ...
 $ Race.RaceType0Cd                 : Factor w/ 205 levels "2-05-1600-3-5-X-11",..: 10 3 10 11 11 11 11 12 12 12 ...
 $ Race.RaceType1Cd                 : Factor w/ 1 level "2-5-X": 1 1 1 1 1 1 1 1 1 1 ...
 $ Race.RaceType2Cd                 : Factor w/ 1 level "2-5-X": 1 1 1 1 1 1 1 1 1 1 ...
 $ Race.RaceType3Cd                 : Factor w/ 2 levels "5-X-11","5-X-12": 1 1 1 2 2 2 2 2 2 2 ...
 $ Race.RaceType4Cd                 : Factor w/ 2 levels "2-5-11","2-5-12": 1 1 1 2 2 2 2 2 2 2 ...
 $ RaceHorse.RaceId                 : Factor w/ 4026 levels "20191026-05-04-08-03",..: 12 13 14 15 15 15 15 16 16 16 ...
 $ RaceHorse.KettoNum               : Factor w/ 20520 levels "2017104782","2017104128",..: 12 13 14 15 16 17 18 19 20 21 ...
 $ RaceHorse.IsHit1                 : int  0 0 0 0 0 0 0 0 0 0 ...
 $ RaceHorse.IsHit2                 : int  0 0 0 0 0 0 0 0 0 0 ...
 $ RaceHorse.IsHit3                 : int  0 0 0 0 0 0 0 0 0 0 ...
 $ RaceHorse.IsHit4                 : int  0 0 0 0 0 0 0 0 0 0 ...
 $ RaceHorse.IsHit5                 : int  0 0 0 0 0 0 0 0 0 0 ...
 $ RaceHorse.IsHit6                 : int  1 1 1 1 1 1 1 1 1 1 ...
 $ RaceHorse.IsValidRaceHorse       : logi  TRUE TRUE TRUE TRUE TRUE TRUE ...
 $ RaceHorse.IsHitA                 : int  0 0 0 0 0 0 0 0 0 0 ...
 $ RaceHorse.IsHitB                 : int  0 0 0 0 0 0 0 0 0 0 ...
 $ RaceHorse.IsHitC                 : int  0 0 0 0 0 0 0 0 0 0 ...
 $ OddsByWin.Odds1                  : num  335.5 78.8 447.1 70.5 4.1 ...
 $ OddsByWin.Ninki                  : num  16 9 15 11 2 9 12 11 10 16 ...
 $ OddsByWin.OddsLog1               : num  5.82 4.38 6.11 4.27 1.63 ...
 $ OddsByWin.OddsRatio1             : num  0.00299 0.01285 0.00224 0.01439 0.32258 ...
 $ OddsByWin.OddsLogit1             : num  -5.82 -4.37 -6.1 -4.26 -1.41 ...
 $ OddsByWin.ApprovalRate1          : num  0.00298 0.01269 0.00224 0.01418 0.2439 ...
 $ OddsByWin.ApprovalRateLog1       : num  0.00298 0.01261 0.00223 0.01408 0.21825 ...
 $ EOF                              : int  1 1 1 1 1 1 1 1 1 1 ...
NULL
[1] "2022-02-11 22:51:51 --- transform Finish ---"
[1] "2022-02-11 22:51:51 --- na.omit Start ---"
[1] "--------------------------------------------------------------------------------"
[1] "nrow(data) na.omit before=46900"
[1] "nrow(data) na.omit after =46899"
[1] "nrow(data) na.omit diff =1"
[1] "--------------------------------------------------------------------------------"
'data.frame':	46899 obs. of  35 variables:
 $ Race.RaceId                      : Factor w/ 4026 levels "20191026-05-04-08-03",..: 12 13 14 15 15 15 15 16 16 16 ...
 $ Race.IsPredictedRace             : logi  TRUE TRUE TRUE TRUE TRUE TRUE ...
 $ Race.IsAnalyzeNormalPastAndFuture: logi  TRUE TRUE TRUE TRUE TRUE TRUE ...
 $ Race.IsAnalyzeNormalPast         : logi  TRUE TRUE TRUE TRUE TRUE TRUE ...
 $ Race.IsAnalyzeNormalFuture       : logi  FALSE FALSE FALSE FALSE FALSE FALSE ...
 $ Race.IsAnalyzeFullPastAndFuture  : logi  TRUE TRUE TRUE TRUE TRUE TRUE ...
 $ Race.IsAnalyzeFullPast           : logi  TRUE TRUE TRUE TRUE TRUE TRUE ...
 $ Race.IsAnalyzeFullFuture         : logi  FALSE FALSE FALSE FALSE FALSE FALSE ...
 $ Race.JyokenCd                    : Factor w/ 1 level "5": 1 1 1 1 1 1 1 1 1 1 ...
 $ Race.JyoType1Cd                  : Factor w/ 118 levels "2-05-1600-3",..: 10 3 10 11 11 11 11 10 10 10 ...
 $ Race.RaceType0Cd                 : Factor w/ 205 levels "2-05-1600-3-5-X-11",..: 10 3 10 11 11 11 11 12 12 12 ...
 $ Race.RaceType1Cd                 : Factor w/ 1 level "2-5-X": 1 1 1 1 1 1 1 1 1 1 ...
 $ Race.RaceType2Cd                 : Factor w/ 1 level "2-5-X": 1 1 1 1 1 1 1 1 1 1 ...
 $ Race.RaceType3Cd                 : Factor w/ 2 levels "5-X-11","5-X-12": 1 1 1 2 2 2 2 2 2 2 ...
 $ Race.RaceType4Cd                 : Factor w/ 2 levels "2-5-11","2-5-12": 1 1 1 2 2 2 2 2 2 2 ...
 $ RaceHorse.RaceId                 : Factor w/ 4026 levels "20191026-05-04-08-03",..: 12 13 14 15 15 15 15 16 16 16 ...
 $ RaceHorse.KettoNum               : Factor w/ 20520 levels "2017104782","2017104128",..: 12 13 14 15 16 17 18 19 20 21 ...
 $ RaceHorse.IsHit1                 : int  0 0 0 0 0 0 0 0 0 0 ...
 $ RaceHorse.IsHit2                 : int  0 0 0 0 0 0 0 0 0 0 ...
 $ RaceHorse.IsHit3                 : int  0 0 0 0 0 0 0 0 0 0 ...
 $ RaceHorse.IsHit4                 : int  0 0 0 0 0 0 0 0 0 0 ...
 $ RaceHorse.IsHit5                 : int  0 0 0 0 0 0 0 0 0 0 ...
 $ RaceHorse.IsHit6                 : int  1 1 1 1 1 1 1 1 1 1 ...
 $ RaceHorse.IsValidRaceHorse       : logi  TRUE TRUE TRUE TRUE TRUE TRUE ...
 $ RaceHorse.IsHitA                 : int  0 0 0 0 0 0 0 0 0 0 ...
 $ RaceHorse.IsHitB                 : int  0 0 0 0 0 0 0 0 0 0 ...
 $ RaceHorse.IsHitC                 : int  0 0 0 0 0 0 0 0 0 0 ...
 $ OddsByWin.Odds1                  : num  335.5 78.8 447.1 70.5 4.1 ...
 $ OddsByWin.Ninki                  : num  16 9 15 11 2 9 12 11 10 16 ...
 $ OddsByWin.OddsLog1               : num  5.82 4.38 6.11 4.27 1.63 ...
 $ OddsByWin.OddsRatio1             : num  0.00299 0.01285 0.00224 0.01439 0.32258 ...
 $ OddsByWin.OddsLogit1             : num  -5.82 -4.37 -6.1 -4.26 -1.41 ...
 $ OddsByWin.ApprovalRate1          : num  0.00298 0.01269 0.00224 0.01418 0.2439 ...
 $ OddsByWin.ApprovalRateLog1       : num  0.00298 0.01261 0.00223 0.01408 0.21825 ...
 $ EOF                              : int  1 1 1 1 1 1 1 1 1 1 ...
 - attr(*, "na.action")= 'omit' Named int 39259
  ..- attr(*, "names")= chr "51499"
[1] "2022-02-11 22:51:52 --- na.omit Finish ---"
[1] "2022-02-11 22:51:52 --- rxGlm with rxStepControl Start ---"
[1] "2022-02-11 22:51:52 --- source_logic_glm.R Start ---"
[1] "2022-02-11 22:51:52 --- source_logic_glm.R Finished ---"
Rows Read: 46899, Total Rows Processed: 46899, Total Chunk Time: 0.002 seconds 

Starting values (iteration 1) time: 0.018 secs.
Rows Read: 46899, Total Rows Processed: 46899, Total Chunk Time: 0.003 seconds 

Iteration 2 time: 0.010 secs.
Rows Read: 46899, Total Rows Processed: 46899, Total Chunk Time: 0.004 seconds 

Iteration 3 time: 0.006 secs.
Rows Read: 46899, Total Rows Processed: 46899, Total Chunk Time: 0.002 seconds 

Iteration 4 time: 0.005 secs.
Rows Read: 46899, Total Rows Processed: 46899, Total Chunk Time: 0.004 seconds 

Iteration 5 time: 0.006 secs.
Rows Read: 46899, Total Rows Processed: 46899, Total Chunk Time: 0.003 seconds 

Iteration 6 time: 0.005 secs.
Rows Read: 46899, Total Rows Processed: 46899, Total Chunk Time: 0.004 seconds 

Iteration 7 time: 0.008 secs.

Elapsed computation time: 0.073 secs.
Rows Read: 46899, Total Rows Processed: 46899, Total Chunk Time: Less than .001 seconds 

Starting values (iteration 1) time: 0.012 secs.
Rows Read: 46899, Total Rows Processed: 46899, Total Chunk Time: 0.003 seconds 

Iteration 2 time: 0.010 secs.

Elapsed computation time: 0.037 secs.
Rows Read: 46899, Total Rows Processed: 46899, Total Chunk Time: 0.001 seconds 

Starting values (iteration 1) time: 0.013 secs.
Rows Read: 46899, Total Rows Processed: 46899, Total Chunk Time: 0.003 seconds 

Iteration 2 time: 0.015 secs.
Rows Read: 46899, Total Rows Processed: 46899, Total Chunk Time: 0.003 seconds 

Iteration 3 time: 0.005 secs.
Rows Read: 46899, Total Rows Processed: 46899, Total Chunk Time: 0.003 seconds 

Iteration 4 time: 0.005 secs.
Rows Read: 46899, Total Rows Processed: 46899, Total Chunk Time: 0.003 seconds 

Iteration 5 time: 0.005 secs.
Rows Read: 46899, Total Rows Processed: 46899, Total Chunk Time: 0.007 seconds 

Iteration 6 time: 0.009 secs.
Rows Read: 46899, Total Rows Processed: 46899, Total Chunk Time: 0.003 seconds 

Iteration 7 time: 0.005 secs.

Elapsed computation time: 0.080 secs.

Elapsed computation time: 0.218 secs.
[1] "analyze.results.glm.step="
Logistic Regression Results for: RaceHorse.IsHitA ~
    OddsByWin.OddsLogit1
Data: data
Dependent variable(s): RaceHorse.IsHitA
Total independent variables: 2 
Number of valid observations: 46899
Number of missing observations: 0 
 
Coefficients:
                     RaceHorse.IsHitA
(Intercept)                       0.3
OddsByWin.OddsLogit1              1.1
[1] "analyze.results.glm.step.summary"
Call:
rxLogit(formula = form, data = data, variableSelection = analyze.results.glm.step.varsel)

Logistic Regression Results for: RaceHorse.IsHitA ~
    OddsByWin.OddsLogit1
Data: data
Dependent variable(s): RaceHorse.IsHitA
Total independent variables: 2 
Number of valid observations: 46899
Number of missing observations: 0 
-2*LogLikelihood: 18362.169 (Residual deviance on 46897 degrees of freedom)
 
Coefficients:
                     Estimate Std. Error z value Pr(>|z|)    
(Intercept)            0.2538     0.0413    6.15  7.7e-10 ***
OddsByWin.OddsLogit1   1.1330     0.0196   57.80  2.2e-16 ***
---
Signif. codes:  0 '***' 0.001 '**' 0.01 '*' 0.05 '.' 0.1 ' ' 1

Condition number of final variance-covariance matrix: 1 
Number of iterations: 7
[1] "2022-02-11 22:51:52 --- rxGlm with rxStepControl Finish ---"
[1] "2022-02-11 22:51:52 --- rxStepPlot Start ---"
[1] "pdfFilename=pdf_analyze_glm_Odds_Type25_rxStepPlot.pdf"
[1] "rxStepPlot="
[1] "2022-02-11 22:51:52 --- rxStepPlot Finish ---"
[1] "2022-02-11 22:51:52 --- save.image Start ---"
[1] "save.image"
[1] "rdataFilename=RData_analyze_glm_Odds_Type25.RData"
[1] "2022-02-11 22:51:52 --- save.image Finish ---"
[1] "2022-02-11 22:51:52 --- final Start ---"
[1] "--------------------------------------------------------------------------------"
[1] "nrow(data) final=46899"
[1] "--------------------------------------------------------------------------------"
[1] "2022-02-11 22:51:52 --- final Finish ---"
[1] "2022-02-11 22:51:52 --- analyze_glm.R Finished ---"
[1] "2022-02-11 22:51:52 --- log Finish ---"
