[1] "2022-02-25 12:37:33 --- D1115_Predict_glm_Odds_IsHitA_Type15 Start ---"
[1] "2022-02-25 12:37:33 --- Log Start ---"
[1] "2022-02-25 12:37:33 --- predict.R Start ---"
[1] "--------------------------------------------------------------------------------"
[1] "analyzeVersion=D1115"
[1] "analyzeCategory=Predict"
[1] "analyzeType=Odds"
[1] "analyzeFamily=IsHitA"
[1] "analyzeFunc=glm"
[1] "analyzeTrackTypeCd=1"
[1] "analyzeJyokenCd=5"
[1] "--------------------------------------------------------------------------------"
[1] "2022-02-25 12:37:33 --- source_function.R Start ---"
[1] "2022-02-25 12:37:33 --- source_function.R Finished ---"

> print(paste0(Sys.time(), " --- source_library.R Start ---"))
[1] "2022-02-25 12:37:33 --- source_library.R Start ---"

> require("RevoScaleR")

> print(paste0(Sys.time(), " --- source_library.R Finished ---"))
[1] "2022-02-25 12:37:33 --- source_library.R Finished ---"
[1] "2022-02-25 12:37:33 --- Load Start ---"
[1] "analyzeTrackTypeCd=1"
[1] "analyzeJyokenCd=5"
[1] "loadFilename=RData_Analyze_glm_Odds_Type15.RData"
[1] "2022-02-25 12:37:33 --- Load Finished ---"
[1] "2022-02-25 12:37:33 --- RxSqlServerData Start ---"
[1] "2022-02-25 12:37:33 --- RxInSqlServer Start ---"
[1] "2022-02-25 12:37:33 --- RxInSqlServer Finish ---"
[1] "2022-02-25 12:37:33 --- rxSetComputeContext Start ---"
[1] "2022-02-25 12:37:33 --- rxSetComputeContext Finish ---"
[1] "2022-02-25 12:37:33 --- RxSqlServerData Start ---"
[1] "analyzeTrackTypeCd=1"
[1] "analyzeJyokenCd=5"
[1] "predictSqlQuery=SELECT * FROM ViewAnalyzeD1115Predict01OddsType15"
[1] "2022-02-25 12:37:33 --- RxSqlServerData Finish ---"
[1] "2022-02-25 12:37:33 --- rxGetVarInfo Start ---"
[1] "2022-02-25 12:37:34 --- rxGetVarInfo Finish---"
[1] "2022-02-25 12:37:34 --- rxImport Start ---"
Rows Read: 45200, Total Rows Processed: 45200, Total Chunk Time: 0.868 seconds 
[1] "2022-02-25 12:37:37 --- rxImport Finish ---"
[1] "object.size(InputDataSet) auto=6.5 Mb"
[1] "--------------------------------------------------------------------------------"
[1] "nrow(InputDataSet) RxSqlServerData=45200"
[1] "--------------------------------------------------------------------------------"
[1] "str(InputDataSet)="
'data.frame':	45200 obs. of  21 variables:
 $ Race.RaceId                      : Factor w/ 3012 levels "20200523-05-02-09-04",..: 2 2 2 2 2 2 2 2 2 2 ...
 $ Race.IsPredictedRace             : logi  TRUE TRUE TRUE TRUE TRUE TRUE ...
 $ Race.IsAnalyzeNormalPastAndFuture: logi  TRUE TRUE TRUE TRUE TRUE TRUE ...
 $ Race.IsAnalyzeNormalPast         : logi  FALSE FALSE FALSE FALSE FALSE FALSE ...
 $ Race.IsAnalyzeNormalFuture       : logi  TRUE TRUE TRUE TRUE TRUE TRUE ...
 $ Race.IsAnalyzeFullPastAndFuture  : logi  TRUE TRUE TRUE TRUE TRUE TRUE ...
 $ Race.IsAnalyzeFullPast           : logi  FALSE FALSE FALSE FALSE FALSE FALSE ...
 $ Race.IsAnalyzeFullFuture         : logi  TRUE TRUE TRUE TRUE TRUE TRUE ...
 $ Race.JyokenCd                    : Factor w/ 1 level "5": 1 1 1 1 1 1 1 1 1 1 ...
 $ Race.JyoType1Cd                  : Factor w/ 182 levels "1-05-1400-5-1",..: 2 2 2 2 2 2 2 2 2 2 ...
 $ Race.RaceType1Cd                 : Factor w/ 3 levels "1-5-X-1","1-5-X-2",..: 2 2 2 2 2 2 2 2 2 2 ...
 $ RaceHorse.RaceId                 : Factor w/ 3012 levels "20200523-05-02-09-04",..: 2 2 2 2 2 2 2 2 2 2 ...
 $ RaceHorse.KettoNum               : Factor w/ 16909 levels "2017100357","2017100519",..: 11 12 13 14 15 16 17 18 19 20 ...
 $ OddsByWin.Odds1                  : num  22.8 185.7 11.6 8.5 29.8 ...
 $ OddsByWin.Ninki                  : num  10 15 5 3 12 7 16 6 11 8 ...
 $ OddsByWin.OddsLog1               : num  3.17 5.23 2.53 2.25 3.43 ...
 $ OddsByWin.OddsRatio1             : num  0.04587 0.00541 0.09434 0.13333 0.03472 ...
 $ OddsByWin.OddsLogit1             : num  -3.13 -5.22 -2.45 -2.14 -3.39 ...
 $ OddsByWin.ApprovalRate1          : num  0.04386 0.00539 0.08621 0.11765 0.03356 ...
 $ OddsByWin.ApprovalRateLog1       : num  0.04293 0.00537 0.08269 0.11123 0.03301 ...
 $ EOF                              : int  1 1 1 1 1 1 1 1 1 1 ...
[1] "2022-02-25 12:37:37 --- RxSqlServerData Finish ---"
[1] "2022-02-25 12:37:37 --- subset Start ---"
[1] "--------------------------------------------------------------------------------"
[1] "nrow(InputDataSet) subset before=45200"
[1] "nrow(InputDataSet) subset after=45200"
[1] "nrow(InputDataSet) subset diff=0"
[1] "--------------------------------------------------------------------------------"
[1] "class(InputDataSet$Race.IsAnalyzeNormalPast)=logical"
[1] "class(InputDataSet$Race.analyzeTrackTypeCd)=NULL"
[1] "2022-02-25 12:37:37 --- subset Finish ---"
[1] "2022-02-25 12:37:37 --- transform Start ---"
[1] "--------------------------------------------------------------------------------"
[1] "nrow(InputDataSet) transaform before=45200"
[1] "nrow(InputDataSet) transaform after=45200"
[1] "nrow(InputDataSet) transaform diff=0"
[1] "--------------------------------------------------------------------------------"
[1] "str(InputDataSet)="
'data.frame':	45200 obs. of  21 variables:
 $ Race.RaceId                      : Factor w/ 3012 levels "20200523-05-02-09-04",..: 2 2 2 2 2 2 2 2 2 2 ...
 $ Race.IsPredictedRace             : logi  TRUE TRUE TRUE TRUE TRUE TRUE ...
 $ Race.IsAnalyzeNormalPastAndFuture: logi  TRUE TRUE TRUE TRUE TRUE TRUE ...
 $ Race.IsAnalyzeNormalPast         : logi  FALSE FALSE FALSE FALSE FALSE FALSE ...
 $ Race.IsAnalyzeNormalFuture       : logi  TRUE TRUE TRUE TRUE TRUE TRUE ...
 $ Race.IsAnalyzeFullPastAndFuture  : logi  TRUE TRUE TRUE TRUE TRUE TRUE ...
 $ Race.IsAnalyzeFullPast           : logi  FALSE FALSE FALSE FALSE FALSE FALSE ...
 $ Race.IsAnalyzeFullFuture         : logi  TRUE TRUE TRUE TRUE TRUE TRUE ...
 $ Race.JyokenCd                    : Factor w/ 1 level "5": 1 1 1 1 1 1 1 1 1 1 ...
 $ Race.JyoType1Cd                  : Factor w/ 182 levels "1-05-1400-5-1",..: 2 2 2 2 2 2 2 2 2 2 ...
 $ Race.RaceType1Cd                 : Factor w/ 3 levels "1-5-X-1","1-5-X-2",..: 2 2 2 2 2 2 2 2 2 2 ...
 $ RaceHorse.RaceId                 : Factor w/ 3012 levels "20200523-05-02-09-04",..: 2 2 2 2 2 2 2 2 2 2 ...
 $ RaceHorse.KettoNum               : Factor w/ 16909 levels "2017100357","2017100519",..: 11 12 13 14 15 16 17 18 19 20 ...
 $ OddsByWin.Odds1                  : num  22.8 185.7 11.6 8.5 29.8 ...
 $ OddsByWin.Ninki                  : num  10 15 5 3 12 7 16 6 11 8 ...
 $ OddsByWin.OddsLog1               : num  3.17 5.23 2.53 2.25 3.43 ...
 $ OddsByWin.OddsRatio1             : num  0.04587 0.00541 0.09434 0.13333 0.03472 ...
 $ OddsByWin.OddsLogit1             : num  -3.13 -5.22 -2.45 -2.14 -3.39 ...
 $ OddsByWin.ApprovalRate1          : num  0.04386 0.00539 0.08621 0.11765 0.03356 ...
 $ OddsByWin.ApprovalRateLog1       : num  0.04293 0.00537 0.08269 0.11123 0.03301 ...
 $ EOF                              : int  1 1 1 1 1 1 1 1 1 1 ...
NULL
[1] "2022-02-25 12:37:37 --- transform Finish ---"
[1] "2022-02-25 12:37:37 --- na.omit Start ---"
[1] "--------------------------------------------------------------------------------"
[1] "nrow(InputDataSet) na.omit before=45200"
[1] "nrow(InputDataSet) na.omit after=45054"
[1] "nrow(InputDataSet) na.omit diff=146"
[1] "--------------------------------------------------------------------------------"
[1] "2022-02-25 12:37:37 --- na.omit Finish---"
[1] "2022-02-25 12:37:37 --- New Levels Start ---"
[1] "levels(data$Race.RaceType1Cd)=1-5-X-2"
[2] "levels(data$Race.RaceType1Cd)=1-5-X-1"
[3] "levels(data$Race.RaceType1Cd)=1-5-X-3"
[1] "levels(InputDataSet$Race.RaceType1Cd)=1-5-X-1"
[2] "levels(InputDataSet$Race.RaceType1Cd)=1-5-X-2"
[3] "levels(InputDataSet$Race.RaceType1Cd)=1-5-X-3"
[1] "length(Race.RaceType1Cd.Index)=0"
[1] "2022-02-25 12:37:37 --- New Levels Finish ---"
[1] "2022-02-25 12:37:37 --- na.omit Start ---"
[1] "--------------------------------------------------------------------------------"
[1] "nrow(InputDataSet) na.omit levels before=45054"
[1] "nrow(InputDataSet) na.omit levels after=45054"
[1] "nrow(InputDataSet) na.omit levels diff=0"
[1] "--------------------------------------------------------------------------------"
[1] "2022-02-25 12:37:37 --- na.omit Finish ---"
[1] "2022-02-25 12:37:37 --- Predict InputDataSet Start ---"
[1] "--------------------------------------------------------------------------------"
[1] "nrow(InputDataSet) predict=45054"
[1] "--------------------------------------------------------------------------------"
[1] "str(InputDataSet)="
'data.frame':	45054 obs. of  21 variables:
 $ Race.RaceId                      : Factor w/ 3012 levels "20200523-05-02-09-04",..: 2 2 2 2 2 2 2 2 2 2 ...
 $ Race.IsPredictedRace             : logi  TRUE TRUE TRUE TRUE TRUE TRUE ...
 $ Race.IsAnalyzeNormalPastAndFuture: logi  TRUE TRUE TRUE TRUE TRUE TRUE ...
 $ Race.IsAnalyzeNormalPast         : logi  FALSE FALSE FALSE FALSE FALSE FALSE ...
 $ Race.IsAnalyzeNormalFuture       : logi  TRUE TRUE TRUE TRUE TRUE TRUE ...
 $ Race.IsAnalyzeFullPastAndFuture  : logi  TRUE TRUE TRUE TRUE TRUE TRUE ...
 $ Race.IsAnalyzeFullPast           : logi  FALSE FALSE FALSE FALSE FALSE FALSE ...
 $ Race.IsAnalyzeFullFuture         : logi  TRUE TRUE TRUE TRUE TRUE TRUE ...
 $ Race.JyokenCd                    : Factor w/ 1 level "5": 1 1 1 1 1 1 1 1 1 1 ...
 $ Race.JyoType1Cd                  : Factor w/ 182 levels "1-05-1400-5-1",..: 2 2 2 2 2 2 2 2 2 2 ...
 $ Race.RaceType1Cd                 : Factor w/ 3 levels "1-5-X-1","1-5-X-2",..: 2 2 2 2 2 2 2 2 2 2 ...
 $ RaceHorse.RaceId                 : Factor w/ 3012 levels "20200523-05-02-09-04",..: 2 2 2 2 2 2 2 2 2 2 ...
 $ RaceHorse.KettoNum               : Factor w/ 16909 levels "2017100357","2017100519",..: 11 12 13 14 15 16 17 18 19 20 ...
 $ OddsByWin.Odds1                  : num  22.8 185.7 11.6 8.5 29.8 ...
 $ OddsByWin.Ninki                  : num  10 15 5 3 12 7 16 6 11 8 ...
 $ OddsByWin.OddsLog1               : num  3.17 5.23 2.53 2.25 3.43 ...
 $ OddsByWin.OddsRatio1             : num  0.04587 0.00541 0.09434 0.13333 0.03472 ...
 $ OddsByWin.OddsLogit1             : num  -3.13 -5.22 -2.45 -2.14 -3.39 ...
 $ OddsByWin.ApprovalRate1          : num  0.04386 0.00539 0.08621 0.11765 0.03356 ...
 $ OddsByWin.ApprovalRateLog1       : num  0.04293 0.00537 0.08269 0.11123 0.03301 ...
 $ EOF                              : int  1 1 1 1 1 1 1 1 1 1 ...
 - attr(*, "na.action")= 'omit' Named int  240 245 1531 1930 2615 2749 2786 2881 3124 3638 ...
  ..- attr(*, "names")= chr  "240" "245" "1531" "1930" ...
[1] "2022-02-25 12:37:37 --- Predict InputDataSet Finish ---"
[1] "2022-02-25 12:37:37 --- rxPredict (glm) Start ---"
[1] "analyzeFunc=glm"
Rows Read: 45054, Total Rows Processed: 45054, Total Chunk Time: 0.001 seconds 
[1] "--------------------------------------------------------------------------------"
[1] "nrow(PredictDataSet) afte predict=45054"
[1] "--------------------------------------------------------------------------------"
[1] "str(PredictDataSet)"
'data.frame':	45054 obs. of  1 variable:
 $ RaceHorse.IsHitA_Pred: num  0.03296 0.00274 0.07125 0.10027 0.02412 ...
NULL
[1] "2022-02-25 12:37:37 --- rxPredict (glm) Finish ---"
[1] "2022-02-25 12:37:37 --- add key Start ---"
[1] "--------------------------------------------------------------------------------"
[1] "nrow(OutputDataSet) add KeyColmn=45054"
[1] "--------------------------------------------------------------------------------"
[1] "str(OutputDataSet) after add Key"
'data.frame':	45054 obs. of  2 variables:
 $ RaceHorse.RaceId  : Factor w/ 3012 levels "20200523-05-02-09-04",..: 2 2 2 2 2 2 2 2 2 2 ...
 $ RaceHorse.KettoNum: Factor w/ 16909 levels "2017100357","2017100519",..: 11 12 13 14 15 16 17 18 19 20 ...
NULL
[1] "2022-02-25 12:37:37 --- add key Finish ---"
[1] "2022-02-25 12:37:37 --- add PredictValue Start ---"
[1] "str(PredictDataSet) before rename="
[1] "colnames(PredictDataSet)=RaceHorse.IsHitA_Pred"
[1] "str(PredictDataSet) after rename="
'data.frame':	45054 obs. of  1 variable:
 $ PredictValue: num  0.03296 0.00274 0.07125 0.10027 0.02412 ...
NULL
[1] "str(OutputDataSet) before cbind="
'data.frame':	45054 obs. of  2 variables:
 $ RaceHorse.RaceId  : Factor w/ 3012 levels "20200523-05-02-09-04",..: 2 2 2 2 2 2 2 2 2 2 ...
 $ RaceHorse.KettoNum: Factor w/ 16909 levels "2017100357","2017100519",..: 11 12 13 14 15 16 17 18 19 20 ...
NULL
[1] "str(OutputDataSet) after cbind="
'data.frame':	45054 obs. of  3 variables:
 $ RaceHorse.RaceId  : Factor w/ 3012 levels "20200523-05-02-09-04",..: 2 2 2 2 2 2 2 2 2 2 ...
 $ RaceHorse.KettoNum: Factor w/ 16909 levels "2017100357","2017100519",..: 11 12 13 14 15 16 17 18 19 20 ...
 $ PredictValue      : num  0.03296 0.00274 0.07125 0.10027 0.02412 ...
NULL
[1] "2022-02-25 12:37:37 --- add PredictValue Finish ---"
[1] "2022-02-25 12:37:37 --- final Start ---"
[1] "--------------------------------------------------------------------------------"
[1] "nrow(OutputDataSet) final=45054"
[1] "--------------------------------------------------------------------------------"
[1] "str(OutputDataSet)="
'data.frame':	45054 obs. of  3 variables:
 $ RaceHorse.RaceId  : Factor w/ 3012 levels "20200523-05-02-09-04",..: 2 2 2 2 2 2 2 2 2 2 ...
 $ RaceHorse.KettoNum: Factor w/ 16909 levels "2017100357","2017100519",..: 11 12 13 14 15 16 17 18 19 20 ...
 $ PredictValue      : num  0.03296 0.00274 0.07125 0.10027 0.02412 ...
NULL
[1] "2022-02-25 12:37:37 --- final Finish ---"
[1] "2022-02-25 12:37:37 --- predict.R Finished ---"
[1] "2022-02-25 12:37:37 --- log Finish ---"
