[1] "2022-03-09 05:43:31 --- D1115_Predict_glm_Jockey_IsHitA_Type24 Start ---"
[1] "2022-03-09 05:43:31 --- Log Start ---"
[1] "2022-03-09 05:43:31 --- predict.R Start ---"
[1] "--------------------------------------------------------------------------------"
[1] "analyzeVersion=D1115"
[1] "analyzeCategory=Predict"
[1] "analyzeType=Jockey"
[1] "analyzeFamily=IsHitA"
[1] "analyzeFunc=glm"
[1] "analyzeTrackTypeCd=2"
[1] "analyzeJyokenCd=4"
[1] "--------------------------------------------------------------------------------"
[1] "2022-03-09 05:43:31 --- source_function.R Start ---"
[1] "2022-03-09 05:43:31 --- source_function.R Finished ---"
[1] "2022-03-09 05:43:31 --- source_library.R Start ---"
[1] "2022-03-09 05:43:31 --- source_library.R Finished ---"
[1] "2022-03-09 05:43:31 --- Load Start ---"
[1] "analyzeTrackTypeCd=2"
[1] "analyzeJyokenCd=4"
[1] "loadFilename=RData_Analyze_glm_Jockey_Type24.RData"
[1] "2022-03-09 05:43:31 --- Load Finished ---"
[1] "2022-03-09 05:43:31 --- RxSqlServerData Start ---"
[1] "2022-03-09 05:43:31 --- RxInSqlServer Start ---"
[1] "2022-03-09 05:43:31 --- RxInSqlServer Finish ---"
[1] "2022-03-09 05:43:31 --- rxSetComputeContext Start ---"
[1] "2022-03-09 05:43:31 --- rxSetComputeContext Finish ---"
[1] "2022-03-09 05:43:31 --- RxSqlServerData Start ---"
[1] "analyzeTrackTypeCd=2"
[1] "analyzeJyokenCd=4"
[1] "predictSqlQuery=SELECT * FROM ViewAnalyzeD1115Predict01JockeyType24"
[1] "2022-03-09 05:43:31 --- RxSqlServerData Finish ---"
[1] "2022-03-09 05:43:31 --- rxGetVarInfo Start ---"
[1] "2022-03-09 05:43:32 --- rxGetVarInfo Finish---"
[1] "2022-03-09 05:43:32 --- rxImport Start ---"
Rows Read: 48065, Total Rows Processed: 48065, Total Chunk Time: 169.062 seconds 
[1] "2022-03-09 05:49:20 --- rxImport Finish ---"
[1] "object.size(InputDataSet) auto=10.2 Mb"
[1] "--------------------------------------------------------------------------------"
[1] "nrow(InputDataSet) RxSqlServerData=48065"
[1] "--------------------------------------------------------------------------------"
[1] "str(InputDataSet)="
'data.frame':	48065 obs. of  31 variables:
 $ Race.RaceId                      : Factor w/ 3456 levels "20200628-05-03-08-07",..: 11 12 13 14 15 16 17 18 19 20 ...
 $ Race.IsAnalyzeNormalPastAndFuture: logi  TRUE TRUE TRUE TRUE TRUE TRUE ...
 $ Race.IsAnalyzeNormalPast         : logi  FALSE TRUE TRUE TRUE FALSE TRUE ...
 $ Race.IsAnalyzeNormalFuture       : logi  TRUE FALSE FALSE FALSE TRUE FALSE ...
 $ Race.IsAnalyzeFullPastAndFuture  : logi  TRUE TRUE TRUE TRUE TRUE TRUE ...
 $ Race.IsAnalyzeFullPast           : logi  FALSE TRUE TRUE TRUE FALSE TRUE ...
 $ Race.IsAnalyzeFullFuture         : logi  TRUE FALSE FALSE FALSE TRUE FALSE ...
 $ Race.JyokenCd                    : Factor w/ 1 level "4": 1 1 1 1 1 1 1 1 1 1 ...
 $ Race.JyoType1Cd                  : Factor w/ 134 levels "23-05-1600-4",..: 3 8 9 10 10 4 11 12 9 9 ...
 $ Race.RaceType1Cd                 : Factor w/ 4 levels "2-4-13","2-4-12",..: 3 3 3 2 1 2 1 1 1 1 ...
 $ RaceHorse.RaceId                 : Factor w/ 3456 levels "20200628-05-03-08-07",..: 11 12 13 14 15 16 17 18 19 20 ...
 $ RaceHorse.KettoNum               : Factor w/ 9676 levels "2017104507","2013104133",..: 10 11 12 13 14 15 16 17 18 19 ...
 $ Jockey.FinishTimeSdvByRaceAvg    : num  0.0163 -0.0273 -0.0256 -0.1365 -0.0644 ...
 $ Jockey.FirstTimeSdvByRaceAvg     : num  0.0965 0.0827 0.0853 -0.1576 0.0444 ...
 $ Jockey.LastTimeSdvByRaceAvg      : num  -0.035 -0.0834 -0.0836 -0.0396 -0.1033 ...
 $ Jockey.FinishTimeSdvAvg          : num  0.249 0.208 0.209 0.146 0.438 ...
 $ Jockey.FirstTimeSdvAvg           : num  0.1418 0.0908 0.0884 0.0215 0.4011 ...
 $ Jockey.LastTimeSdvAvg            : num  0.23 0.216 0.219 0.186 0.259 ...
 $ Jockey.RealOddsLog1Avg           : num  3.77 3.83 3.83 4.36 3.77 ...
 $ Jockey.RunCount                  : num  310 163 162 75 471 78 312 311 298 491 ...
 $ Jockey.HitCount1                 : num  10 2 2 2 13 2 7 7 7 14 ...
 $ Jockey.HitCount2                 : num  14 8 8 1 25 1 19 19 18 26 ...
 $ Jockey.HitCount3                 : num  28 12 12 3 31 3 23 23 22 31 ...
 $ Jockey.HitCount4                 : num  20 7 7 5 26 5 14 14 14 27 ...
 $ Jockey.HitCount5                 : num  27 15 15 3 24 4 14 14 14 27 ...
 $ Jockey.HitRate1                  : num  0.0323 0.0123 0.0123 0.0267 0.0276 ...
 $ Jockey.HitRate2                  : num  0.0452 0.0491 0.0494 0.0133 0.0531 ...
 $ Jockey.HitRate3                  : num  0.0903 0.0736 0.0741 0.04 0.0658 ...
 $ Jockey.HitRate4                  : num  0.0645 0.0429 0.0432 0.0667 0.0552 ...
 $ Jockey.HitRate5                  : num  0.0871 0.092 0.0926 0.04 0.051 ...
 $ EOF                              : int  1 1 1 1 1 1 1 1 1 1 ...
[1] "2022-03-09 05:49:20 --- RxSqlServerData Finish ---"
[1] "2022-03-09 05:49:20 --- subset Start ---"
[1] "--------------------------------------------------------------------------------"
[1] "nrow(InputDataSet) subset before=48065"
[1] "nrow(InputDataSet) subset after=48065"
[1] "nrow(InputDataSet) subset diff=0"
[1] "--------------------------------------------------------------------------------"
[1] "class(InputDataSet$Race.IsAnalyzeNormalPast)=logical"
[1] "class(InputDataSet$Race.analyzeTrackTypeCd)=NULL"
[1] "2022-03-09 05:49:20 --- subset Finish ---"
[1] "2022-03-09 05:49:20 --- na.omit Start ---"
[1] "--------------------------------------------------------------------------------"
[1] "nrow(InputDataSet) na.omit before=48065"
[1] "nrow(InputDataSet) na.omit after=48065"
[1] "nrow(InputDataSet) na.omit diff=0"
[1] "--------------------------------------------------------------------------------"
[1] "2022-03-09 05:49:20 --- na.omit Finish---"
[1] "2022-03-09 05:49:20 --- New Levels Start ---"
[1] "levels(data$Race.RaceType1Cd)=2-4-13"
[2] "levels(data$Race.RaceType1Cd)=2-4-11"
[3] "levels(data$Race.RaceType1Cd)=2-4-12"
[4] "levels(data$Race.RaceType1Cd)=2-4-14"
[1] "levels(InputDataSet$Race.RaceType1Cd)=2-4-13"
[2] "levels(InputDataSet$Race.RaceType1Cd)=2-4-12"
[3] "levels(InputDataSet$Race.RaceType1Cd)=2-4-14"
[4] "levels(InputDataSet$Race.RaceType1Cd)=2-4-11"
[1] "length(Race.RaceType1Cd.Index)=0"
[1] "2022-03-09 05:49:20 --- New Levels Finish ---"
[1] "2022-03-09 05:49:20 --- na.omit Start ---"
[1] "--------------------------------------------------------------------------------"
[1] "nrow(InputDataSet) na.omit levels before=48065"
[1] "nrow(InputDataSet) na.omit levels after=48065"
[1] "nrow(InputDataSet) na.omit levels diff=0"
[1] "--------------------------------------------------------------------------------"
[1] "2022-03-09 05:49:20 --- na.omit Finish ---"
[1] "2022-03-09 05:49:20 --- Predict InputDataSet Start ---"
[1] "--------------------------------------------------------------------------------"
[1] "nrow(InputDataSet) predict=48065"
[1] "--------------------------------------------------------------------------------"
[1] "str(InputDataSet)="
'data.frame':	48065 obs. of  31 variables:
 $ Race.RaceId                      : Factor w/ 3456 levels "20200628-05-03-08-07",..: 11 12 13 14 15 16 17 18 19 20 ...
 $ Race.IsAnalyzeNormalPastAndFuture: logi  TRUE TRUE TRUE TRUE TRUE TRUE ...
 $ Race.IsAnalyzeNormalPast         : logi  FALSE TRUE TRUE TRUE FALSE TRUE ...
 $ Race.IsAnalyzeNormalFuture       : logi  TRUE FALSE FALSE FALSE TRUE FALSE ...
 $ Race.IsAnalyzeFullPastAndFuture  : logi  TRUE TRUE TRUE TRUE TRUE TRUE ...
 $ Race.IsAnalyzeFullPast           : logi  FALSE TRUE TRUE TRUE FALSE TRUE ...
 $ Race.IsAnalyzeFullFuture         : logi  TRUE FALSE FALSE FALSE TRUE FALSE ...
 $ Race.JyokenCd                    : Factor w/ 1 level "4": 1 1 1 1 1 1 1 1 1 1 ...
 $ Race.JyoType1Cd                  : Factor w/ 134 levels "23-05-1600-4",..: 3 8 9 10 10 4 11 12 9 9 ...
 $ Race.RaceType1Cd                 : Factor w/ 4 levels "2-4-13","2-4-12",..: 3 3 3 2 1 2 1 1 1 1 ...
 $ RaceHorse.RaceId                 : Factor w/ 3456 levels "20200628-05-03-08-07",..: 11 12 13 14 15 16 17 18 19 20 ...
 $ RaceHorse.KettoNum               : Factor w/ 9676 levels "2017104507","2013104133",..: 10 11 12 13 14 15 16 17 18 19 ...
 $ Jockey.FinishTimeSdvByRaceAvg    : num  0.0163 -0.0273 -0.0256 -0.1365 -0.0644 ...
 $ Jockey.FirstTimeSdvByRaceAvg     : num  0.0965 0.0827 0.0853 -0.1576 0.0444 ...
 $ Jockey.LastTimeSdvByRaceAvg      : num  -0.035 -0.0834 -0.0836 -0.0396 -0.1033 ...
 $ Jockey.FinishTimeSdvAvg          : num  0.249 0.208 0.209 0.146 0.438 ...
 $ Jockey.FirstTimeSdvAvg           : num  0.1418 0.0908 0.0884 0.0215 0.4011 ...
 $ Jockey.LastTimeSdvAvg            : num  0.23 0.216 0.219 0.186 0.259 ...
 $ Jockey.RealOddsLog1Avg           : num  3.77 3.83 3.83 4.36 3.77 ...
 $ Jockey.RunCount                  : num  310 163 162 75 471 78 312 311 298 491 ...
 $ Jockey.HitCount1                 : num  10 2 2 2 13 2 7 7 7 14 ...
 $ Jockey.HitCount2                 : num  14 8 8 1 25 1 19 19 18 26 ...
 $ Jockey.HitCount3                 : num  28 12 12 3 31 3 23 23 22 31 ...
 $ Jockey.HitCount4                 : num  20 7 7 5 26 5 14 14 14 27 ...
 $ Jockey.HitCount5                 : num  27 15 15 3 24 4 14 14 14 27 ...
 $ Jockey.HitRate1                  : num  0.0323 0.0123 0.0123 0.0267 0.0276 ...
 $ Jockey.HitRate2                  : num  0.0452 0.0491 0.0494 0.0133 0.0531 ...
 $ Jockey.HitRate3                  : num  0.0903 0.0736 0.0741 0.04 0.0658 ...
 $ Jockey.HitRate4                  : num  0.0645 0.0429 0.0432 0.0667 0.0552 ...
 $ Jockey.HitRate5                  : num  0.0871 0.092 0.0926 0.04 0.051 ...
 $ EOF                              : int  1 1 1 1 1 1 1 1 1 1 ...
[1] "2022-03-09 05:49:20 --- Predict InputDataSet Finish ---"
[1] "2022-03-09 05:49:20 --- rxPredict (glm) Start ---"
[1] "analyzeFunc=glm"
Rows Read: 48065, Total Rows Processed: 48065, Total Chunk Time: 0.001 seconds 
[1] "--------------------------------------------------------------------------------"
[1] "nrow(PredictDataSet) afte predict=48065"
[1] "--------------------------------------------------------------------------------"
[1] "str(PredictDataSet)"
'data.frame':	48065 obs. of  1 variable:
 $ RaceHorse.IsHitA_Pred: num  0.0545 0.0504 0.0505 0.0413 0.0471 ...
NULL
[1] "2022-03-09 05:49:20 --- rxPredict (glm) Finish ---"
[1] "2022-03-09 05:49:20 --- add key Start ---"
[1] "--------------------------------------------------------------------------------"
[1] "nrow(OutputDataSet) add KeyColmn=48065"
[1] "--------------------------------------------------------------------------------"
[1] "str(OutputDataSet) after add Key"
'data.frame':	48065 obs. of  2 variables:
 $ RaceHorse.RaceId  : Factor w/ 3456 levels "20200628-05-03-08-07",..: 11 12 13 14 15 16 17 18 19 20 ...
 $ RaceHorse.KettoNum: Factor w/ 9676 levels "2017104507","2013104133",..: 10 11 12 13 14 15 16 17 18 19 ...
NULL
[1] "2022-03-09 05:49:20 --- add key Finish ---"
[1] "2022-03-09 05:49:20 --- add PredictValue Start ---"
[1] "str(PredictDataSet) before rename="
[1] "colnames(PredictDataSet)=RaceHorse.IsHitA_Pred"
[1] "str(PredictDataSet) after rename="
'data.frame':	48065 obs. of  1 variable:
 $ PredictValue: num  0.0545 0.0504 0.0505 0.0413 0.0471 ...
NULL
[1] "str(OutputDataSet) before cbind="
'data.frame':	48065 obs. of  2 variables:
 $ RaceHorse.RaceId  : Factor w/ 3456 levels "20200628-05-03-08-07",..: 11 12 13 14 15 16 17 18 19 20 ...
 $ RaceHorse.KettoNum: Factor w/ 9676 levels "2017104507","2013104133",..: 10 11 12 13 14 15 16 17 18 19 ...
NULL
[1] "str(OutputDataSet) after cbind="
'data.frame':	48065 obs. of  3 variables:
 $ RaceHorse.RaceId  : Factor w/ 3456 levels "20200628-05-03-08-07",..: 11 12 13 14 15 16 17 18 19 20 ...
 $ RaceHorse.KettoNum: Factor w/ 9676 levels "2017104507","2013104133",..: 10 11 12 13 14 15 16 17 18 19 ...
 $ PredictValue      : num  0.0545 0.0504 0.0505 0.0413 0.0471 ...
NULL
[1] "2022-03-09 05:49:20 --- add PredictValue Finish ---"
[1] "2022-03-09 05:49:20 --- final Start ---"
[1] "--------------------------------------------------------------------------------"
[1] "nrow(OutputDataSet) final=48065"
[1] "--------------------------------------------------------------------------------"
[1] "str(OutputDataSet)="
'data.frame':	48065 obs. of  3 variables:
 $ RaceHorse.RaceId  : Factor w/ 3456 levels "20200628-05-03-08-07",..: 11 12 13 14 15 16 17 18 19 20 ...
 $ RaceHorse.KettoNum: Factor w/ 9676 levels "2017104507","2013104133",..: 10 11 12 13 14 15 16 17 18 19 ...
 $ PredictValue      : num  0.0545 0.0504 0.0505 0.0413 0.0471 ...
NULL
[1] "2022-03-09 05:49:20 --- final Finish ---"
[1] "2022-03-09 05:49:20 --- predict.R Finished ---"
[1] "2022-03-09 05:49:20 --- log Finish ---"
