[1] "2022-02-25 20:30:02 --- D1115_analyze_glm_RaceHorse_IsHitA_Type22 Start ---"
[1] "2022-02-25 20:30:11 --- Log Start ---"
[1] "2022-02-25 20:30:11 --- analyze_glm.R Start ---"
[1] "analyzeVersion=D1115"
[1] "analyzeCategory=analyze"
[1] "analyzeType=RaceHorse"
[1] "analyzeFamily=IsHitA"
[1] "analyzeFunc=glm"
[1] "analyzeTrackTypeCd=2"
[1] "analyzeJyokenCd=2"
[1] "2022-02-25 20:30:12 --- source_function.R Start ---"
[1] "2022-02-25 20:30:12 --- source_function.R Finished ---"

> print(paste0(Sys.time(), " --- source_library.R Start ---"))
[1] "2022-02-25 20:30:16 --- source_library.R Start ---"

> require("RevoScaleR")

> print(paste0(Sys.time(), " --- source_library.R Finished ---"))
[1] "2022-02-25 20:30:24 --- source_library.R Finished ---"
[1] "2022-02-25 20:30:28 --- RxSqlServerData Start ---"
[1] "2022-02-25 20:30:29 --- RxInSqlServer Start ---"
[1] "2022-02-25 20:30:30 --- RxInSqlServer Finish ---"
[1] "2022-02-25 20:30:35 --- rxSetComputeContext Start ---"
[1] "2022-02-25 20:30:37 --- rxSetComputeContext Finish ---"
[1] "2022-02-25 20:30:37 --- RxSqlServerData Start ---"
[1] "sqlQuery=SELECT * FROM ViewAnalyzeD1115analyze01RaceHorseType22"
[1] "2022-02-25 20:31:11 --- RxSqlServerData Finish ---"
[1] "2022-02-25 20:31:18 --- rxGetVarInfo Start ---"
[1] "2022-02-25 20:31:44 --- rxGetVarInfo Finish---"
[1] "2022-02-25 20:32:09 --- rxImport Start ---"
Rows Read: 5791, Total Rows Processed: 5791, Total Chunk Time: 1.770 seconds 
[1] "2022-02-25 20:32:34 --- rxImport Finish ---"
[1] "object.size(data) auto=1.5 Mb"
[1] "--------------------------------------------------------------------------------"
[1] "nrow(data) RxSqlServerData=5791"
[1] "--------------------------------------------------------------------------------"
[1] "str(data)="
'data.frame':	5791 obs. of  38 variables:
 $ Race.RaceId                      : Factor w/ 399 levels "20160110-06-01-03-10",..: 7 7 1 8 8 9 9 9 2 3 ...
 $ Race.IsPredictedRace             : logi  TRUE TRUE TRUE TRUE TRUE TRUE ...
 $ Race.IsAnalyzeNormalPastAndFuture: logi  TRUE TRUE TRUE TRUE TRUE TRUE ...
 $ Race.IsAnalyzeNormalPast         : logi  TRUE TRUE TRUE TRUE TRUE TRUE ...
 $ Race.IsAnalyzeNormalFuture       : logi  FALSE FALSE FALSE FALSE FALSE FALSE ...
 $ Race.IsAnalyzeFullPastAndFuture  : logi  TRUE TRUE TRUE TRUE TRUE TRUE ...
 $ Race.IsAnalyzeFullPast           : logi  TRUE TRUE TRUE TRUE TRUE TRUE ...
 $ Race.IsAnalyzeFullFuture         : logi  FALSE FALSE FALSE FALSE FALSE FALSE ...
 $ Race.JyokenCd                    : Factor w/ 1 level "2": 1 1 1 1 1 1 1 1 1 1 ...
 $ Race.JyoType1Cd                  : Factor w/ 71 levels "2-06-1800-2-1",..: 7 7 1 8 8 9 9 9 2 3 ...
 $ Race.RaceType1Cd                 : Factor w/ 2 levels "2-2-E-2","2-2-E-1": 1 1 1 2 2 2 2 2 1 1 ...
 $ RaceHorse.RaceId                 : Factor w/ 399 levels "20160110-06-01-03-10",..: 7 7 1 8 8 9 9 9 2 3 ...
 $ RaceHorse.KettoNum               : Factor w/ 1205 levels "2010104208","2012104706",..: 9 11 12 13 14 15 16 17 18 19 ...
 $ RaceHorse.ZogenSa                : num  0 2 2 0 6 -4 2 6 0 2 ...
 $ RaceHorse.IsHit1                 : num  0 0 0 0 0 0 0 0 0 0 ...
 $ RaceHorse.IsHit2                 : num  0 0 0 0 0 0 0 0 0 0 ...
 $ RaceHorse.IsHit3                 : num  0 0 0 0 0 0 0 0 0 0 ...
 $ RaceHorse.IsHit4                 : num  0 0 0 0 0 0 0 0 0 0 ...
 $ RaceHorse.IsHit5                 : num  1 0 0 0 0 0 0 0 1 0 ...
 $ RaceHorse.IsHit6                 : num  0 1 1 1 1 1 1 1 0 1 ...
 $ RaceHorse.IsValidRaceHorse       : logi  TRUE TRUE TRUE TRUE TRUE TRUE ...
 $ RaceHorse.TimeSdv                : num  0.581 0.499 -0.983 -1.068 -0.771 ...
 $ RaceHorse.UmabanSdv              : num  -0.229 0.459 -0.459 -1.122 0.449 ...
 $ RaceHorse.BataijyuSdv            : num  -1.764 2.56 -0.191 0.649 1.363 ...
 $ RaceHorse.FutanSdv               : num  0.169 0.784 -2.29 0.773 0.773 ...
 $ RaceHorse.LifetimeSdv            : num  -1.534 -0.56 0.296 0.273 0.105 ...
 $ RaceHorse.FutanRatioSdv          : num  1.848 -1.773 -1.08 -0.26 -0.893 ...
 $ RaceHorse.IsHitA                 : num  0 0 0 0 0 0 0 0 0 0 ...
 $ RaceHorse.IsHitB                 : num  0 0 0 0 0 0 0 0 0 0 ...
 $ RaceHorse.IsHitC                 : num  0 0 0 0 0 0 0 0 0 0 ...
 $ OddsByWin.Odds1                  : num  8.6 1.9 28.6 13.9 23.2 33.7 10.9 31 5.6 39.7 ...
 $ OddsByWin.Ninki                  : num  4 1 10 5 6 12 6 10 3 9 ...
 $ OddsByWin.OddsLog1               : num  2.26 1.06 3.39 2.7 3.19 ...
 $ OddsByWin.OddsRatio1             : num  0.1316 1.1111 0.0362 0.0775 0.045 ...
 $ OddsByWin.OddsLogit1             : num  -2.152 -0.642 -3.353 -2.632 -3.144 ...
 $ OddsByWin.ApprovalRate1          : num  0.1163 0.5263 0.035 0.0719 0.0431 ...
 $ OddsByWin.ApprovalRateLog1       : num  0.11 0.4229 0.0344 0.0695 0.0422 ...
 $ EOF                              : int  1 1 1 1 1 1 1 1 1 1 ...
[1] "2022-02-25 20:32:52 --- RxSqlServerData Finish ---"
[1] "2022-02-25 20:32:53 --- subset Start ---"
[1] "--------------------------------------------------------------------------------"
[1] "nrow(data) subset before=5791"
[1] "nrow(data) subset after =5791"
[1] "nrow(data) subset diff =0"
[1] "--------------------------------------------------------------------------------"
[1] "2022-02-25 20:32:53 --- subset Finish---"
[1] "2022-02-25 20:32:54 --- transform Start ---"
[1] "--------------------------------------------------------------------------------"
[1] "nrow(data) transform before=5791"
[1] "nrow(data) transform after=5791"
[1] "nrow(data) transform diff=0"
[1] "--------------------------------------------------------------------------------"
[1] "str(data)="
'data.frame':	5791 obs. of  38 variables:
 $ Race.RaceId                      : Factor w/ 399 levels "20160110-06-01-03-10",..: 7 7 1 8 8 9 9 9 2 3 ...
 $ Race.IsPredictedRace             : logi  TRUE TRUE TRUE TRUE TRUE TRUE ...
 $ Race.IsAnalyzeNormalPastAndFuture: logi  TRUE TRUE TRUE TRUE TRUE TRUE ...
 $ Race.IsAnalyzeNormalPast         : logi  TRUE TRUE TRUE TRUE TRUE TRUE ...
 $ Race.IsAnalyzeNormalFuture       : logi  FALSE FALSE FALSE FALSE FALSE FALSE ...
 $ Race.IsAnalyzeFullPastAndFuture  : logi  TRUE TRUE TRUE TRUE TRUE TRUE ...
 $ Race.IsAnalyzeFullPast           : logi  TRUE TRUE TRUE TRUE TRUE TRUE ...
 $ Race.IsAnalyzeFullFuture         : logi  FALSE FALSE FALSE FALSE FALSE FALSE ...
 $ Race.JyokenCd                    : Factor w/ 1 level "2": 1 1 1 1 1 1 1 1 1 1 ...
 $ Race.JyoType1Cd                  : Factor w/ 71 levels "2-06-1800-2-1",..: 7 7 1 8 8 9 9 9 2 3 ...
 $ Race.RaceType1Cd                 : Factor w/ 2 levels "2-2-E-2","2-2-E-1": 1 1 1 2 2 2 2 2 1 1 ...
 $ RaceHorse.RaceId                 : Factor w/ 399 levels "20160110-06-01-03-10",..: 7 7 1 8 8 9 9 9 2 3 ...
 $ RaceHorse.KettoNum               : Factor w/ 1205 levels "2010104208","2012104706",..: 9 11 12 13 14 15 16 17 18 19 ...
 $ RaceHorse.ZogenSa                : num  0 2 2 0 6 -4 2 6 0 2 ...
 $ RaceHorse.IsHit1                 : num  0 0 0 0 0 0 0 0 0 0 ...
 $ RaceHorse.IsHit2                 : num  0 0 0 0 0 0 0 0 0 0 ...
 $ RaceHorse.IsHit3                 : num  0 0 0 0 0 0 0 0 0 0 ...
 $ RaceHorse.IsHit4                 : num  0 0 0 0 0 0 0 0 0 0 ...
 $ RaceHorse.IsHit5                 : num  1 0 0 0 0 0 0 0 1 0 ...
 $ RaceHorse.IsHit6                 : num  0 1 1 1 1 1 1 1 0 1 ...
 $ RaceHorse.IsValidRaceHorse       : logi  TRUE TRUE TRUE TRUE TRUE TRUE ...
 $ RaceHorse.TimeSdv                : num  0.581 0.499 -0.983 -1.068 -0.771 ...
 $ RaceHorse.UmabanSdv              : num  -0.229 0.459 -0.459 -1.122 0.449 ...
 $ RaceHorse.BataijyuSdv            : num  -1.764 2.56 -0.191 0.649 1.363 ...
 $ RaceHorse.FutanSdv               : num  0.169 0.784 -2.29 0.773 0.773 ...
 $ RaceHorse.LifetimeSdv            : num  -1.534 -0.56 0.296 0.273 0.105 ...
 $ RaceHorse.FutanRatioSdv          : num  1.848 -1.773 -1.08 -0.26 -0.893 ...
 $ RaceHorse.IsHitA                 : num  0 0 0 0 0 0 0 0 0 0 ...
 $ RaceHorse.IsHitB                 : num  0 0 0 0 0 0 0 0 0 0 ...
 $ RaceHorse.IsHitC                 : num  0 0 0 0 0 0 0 0 0 0 ...
 $ OddsByWin.Odds1                  : num  8.6 1.9 28.6 13.9 23.2 33.7 10.9 31 5.6 39.7 ...
 $ OddsByWin.Ninki                  : num  4 1 10 5 6 12 6 10 3 9 ...
 $ OddsByWin.OddsLog1               : num  2.26 1.06 3.39 2.7 3.19 ...
 $ OddsByWin.OddsRatio1             : num  0.1316 1.1111 0.0362 0.0775 0.045 ...
 $ OddsByWin.OddsLogit1             : num  -2.152 -0.642 -3.353 -2.632 -3.144 ...
 $ OddsByWin.ApprovalRate1          : num  0.1163 0.5263 0.035 0.0719 0.0431 ...
 $ OddsByWin.ApprovalRateLog1       : num  0.11 0.4229 0.0344 0.0695 0.0422 ...
 $ EOF                              : int  1 1 1 1 1 1 1 1 1 1 ...
NULL
[1] "2022-02-25 20:32:58 --- transform Finish ---"
[1] "2022-02-25 20:32:58 --- na.omit Start ---"
[1] "--------------------------------------------------------------------------------"
[1] "nrow(data) na.omit before=5791"
[1] "nrow(data) na.omit after =5752"
[1] "nrow(data) na.omit diff =39"
[1] "--------------------------------------------------------------------------------"
'data.frame':	5752 obs. of  38 variables:
 $ Race.RaceId                      : Factor w/ 399 levels "20160110-06-01-03-10",..: 7 7 1 8 8 9 9 9 2 3 ...
 $ Race.IsPredictedRace             : logi  TRUE TRUE TRUE TRUE TRUE TRUE ...
 $ Race.IsAnalyzeNormalPastAndFuture: logi  TRUE TRUE TRUE TRUE TRUE TRUE ...
 $ Race.IsAnalyzeNormalPast         : logi  TRUE TRUE TRUE TRUE TRUE TRUE ...
 $ Race.IsAnalyzeNormalFuture       : logi  FALSE FALSE FALSE FALSE FALSE FALSE ...
 $ Race.IsAnalyzeFullPastAndFuture  : logi  TRUE TRUE TRUE TRUE TRUE TRUE ...
 $ Race.IsAnalyzeFullPast           : logi  TRUE TRUE TRUE TRUE TRUE TRUE ...
 $ Race.IsAnalyzeFullFuture         : logi  FALSE FALSE FALSE FALSE FALSE FALSE ...
 $ Race.JyokenCd                    : Factor w/ 1 level "2": 1 1 1 1 1 1 1 1 1 1 ...
 $ Race.JyoType1Cd                  : Factor w/ 71 levels "2-06-1800-2-1",..: 7 7 1 8 8 9 9 9 2 3 ...
 $ Race.RaceType1Cd                 : Factor w/ 2 levels "2-2-E-2","2-2-E-1": 1 1 1 2 2 2 2 2 1 1 ...
 $ RaceHorse.RaceId                 : Factor w/ 399 levels "20160110-06-01-03-10",..: 7 7 1 8 8 9 9 9 2 3 ...
 $ RaceHorse.KettoNum               : Factor w/ 1205 levels "2010104208","2012104706",..: 9 11 12 13 14 15 16 17 18 19 ...
 $ RaceHorse.ZogenSa                : num  0 2 2 0 6 -4 2 6 0 2 ...
 $ RaceHorse.IsHit1                 : num  0 0 0 0 0 0 0 0 0 0 ...
 $ RaceHorse.IsHit2                 : num  0 0 0 0 0 0 0 0 0 0 ...
 $ RaceHorse.IsHit3                 : num  0 0 0 0 0 0 0 0 0 0 ...
 $ RaceHorse.IsHit4                 : num  0 0 0 0 0 0 0 0 0 0 ...
 $ RaceHorse.IsHit5                 : num  1 0 0 0 0 0 0 0 1 0 ...
 $ RaceHorse.IsHit6                 : num  0 1 1 1 1 1 1 1 0 1 ...
 $ RaceHorse.IsValidRaceHorse       : logi  TRUE TRUE TRUE TRUE TRUE TRUE ...
 $ RaceHorse.TimeSdv                : num  0.581 0.499 -0.983 -1.068 -0.771 ...
 $ RaceHorse.UmabanSdv              : num  -0.229 0.459 -0.459 -1.122 0.449 ...
 $ RaceHorse.BataijyuSdv            : num  -1.764 2.56 -0.191 0.649 1.363 ...
 $ RaceHorse.FutanSdv               : num  0.169 0.784 -2.29 0.773 0.773 ...
 $ RaceHorse.LifetimeSdv            : num  -1.534 -0.56 0.296 0.273 0.105 ...
 $ RaceHorse.FutanRatioSdv          : num  1.848 -1.773 -1.08 -0.26 -0.893 ...
 $ RaceHorse.IsHitA                 : num  0 0 0 0 0 0 0 0 0 0 ...
 $ RaceHorse.IsHitB                 : num  0 0 0 0 0 0 0 0 0 0 ...
 $ RaceHorse.IsHitC                 : num  0 0 0 0 0 0 0 0 0 0 ...
 $ OddsByWin.Odds1                  : num  8.6 1.9 28.6 13.9 23.2 33.7 10.9 31 5.6 39.7 ...
 $ OddsByWin.Ninki                  : num  4 1 10 5 6 12 6 10 3 9 ...
 $ OddsByWin.OddsLog1               : num  2.26 1.06 3.39 2.7 3.19 ...
 $ OddsByWin.OddsRatio1             : num  0.1316 1.1111 0.0362 0.0775 0.045 ...
 $ OddsByWin.OddsLogit1             : num  -2.152 -0.642 -3.353 -2.632 -3.144 ...
 $ OddsByWin.ApprovalRate1          : num  0.1163 0.5263 0.035 0.0719 0.0431 ...
 $ OddsByWin.ApprovalRateLog1       : num  0.11 0.4229 0.0344 0.0695 0.0422 ...
 $ EOF                              : int  1 1 1 1 1 1 1 1 1 1 ...
 - attr(*, "na.action")= 'omit' Named int  263 358 698 783 1464 1560 1724 1925 1936 1962 ...
  ..- attr(*, "names")= chr  "263" "358" "698" "783" ...
[1] "2022-02-25 20:33:04 --- na.omit Finish ---"
[1] "2022-02-25 20:33:04 --- rxGlm with rxStepControl Start ---"

> print(paste0(Sys.time(), " --- source_logic_glm.R Start ---"))
[1] "2022-02-25 20:33:04 --- source_logic_glm.R Start ---"

> formula <- formula(RaceHorse.IsHitA ~ +1 + RaceHorse.UmabanSdv + 
+     RaceHorse.FutanSdv + RaceHorse.FutanRatioSdv + RaceHorse.BataijyuSdv + 
+     RaceHorse.LifetimeSdv + OddsByWin.OddsLogit1)

> print(paste0(Sys.time(), " --- source_logic_glm.R Finished ---"))
[1] "2022-02-25 20:33:05 --- source_logic_glm.R Finished ---"
Rows Read: 5752, Total Rows Processed: 5752, Total Chunk Time: 0.002 seconds 

Starting values (iteration 1) time: 0.010 secs.
Rows Read: 5752, Total Rows Processed: 5752, Total Chunk Time: 0.003 seconds 

Iteration 2 time: 0.180 secs.
Rows Read: 5752, Total Rows Processed: 5752, Total Chunk Time: 0.003 seconds 

Iteration 3 time: 0.090 secs.
Rows Read: 5752, Total Rows Processed: 5752, Total Chunk Time: 0.002 seconds 

Iteration 4 time: 0.088 secs.
Rows Read: 5752, Total Rows Processed: 5752, Total Chunk Time: 0.002 seconds 

Iteration 5 time: 0.151 secs.
Rows Read: 5752, Total Rows Processed: 5752, Total Chunk Time: 0.002 seconds 

Iteration 6 time: 0.093 secs.

Elapsed computation time: 1.166 secs.
Rows Read: 5752, Total Rows Processed: 5752, Total Chunk Time: 0.002 seconds 

Starting values (iteration 1) time: 0.079 secs.
Rows Read: 5752, Total Rows Processed: 5752, Total Chunk Time: 0.003 seconds 

Iteration 2 time: 0.115 secs.
Rows Read: 5752, Total Rows Processed: 5752, Total Chunk Time: 0.003 seconds 

Iteration 3 time: 0.130 secs.
Rows Read: 5752, Total Rows Processed: 5752, Total Chunk Time: 0.002 seconds 

Iteration 4 time: 0.175 secs.
Rows Read: 5752, Total Rows Processed: 5752, Total Chunk Time: 0.003 seconds 

Iteration 5 time: 0.089 secs.

Elapsed computation time: 1.043 secs.
Rows Read: 5752, Total Rows Processed: 5752, Total Chunk Time: 0.002 seconds 

Starting values (iteration 1) time: 0.078 secs.
Rows Read: 5752, Total Rows Processed: 5752, Total Chunk Time: 0.003 seconds 

Iteration 2 time: 0.087 secs.
Rows Read: 5752, Total Rows Processed: 5752, Total Chunk Time: 0.002 seconds 

Iteration 3 time: 0.093 secs.
Rows Read: 5752, Total Rows Processed: 5752, Total Chunk Time: 0.002 seconds 

Iteration 4 time: 0.161 secs.
Rows Read: 5752, Total Rows Processed: 5752, Total Chunk Time: 0.003 seconds 

Iteration 5 time: 0.084 secs.
Rows Read: 5752, Total Rows Processed: 5752, Total Chunk Time: 0.003 seconds 

Iteration 6 time: 0.088 secs.

Elapsed computation time: 1.140 secs.
Rows Read: 5752, Total Rows Processed: 5752, Total Chunk Time: 0.001 seconds 

Starting values (iteration 1) time: 0.064 secs.
Rows Read: 5752, Total Rows Processed: 5752, Total Chunk Time: 0.003 seconds 

Iteration 2 time: 0.079 secs.
Rows Read: 5752, Total Rows Processed: 5752, Total Chunk Time: 0.002 seconds 

Iteration 3 time: 0.137 secs.
Rows Read: 5752, Total Rows Processed: 5752, Total Chunk Time: 0.002 seconds 

Iteration 4 time: 0.152 secs.
Rows Read: 5752, Total Rows Processed: 5752, Total Chunk Time: 0.003 seconds 

Iteration 5 time: 0.130 secs.
Rows Read: 5752, Total Rows Processed: 5752, Total Chunk Time: 0.003 seconds 

Iteration 6 time: 0.074 secs.

Elapsed computation time: 1.197 secs.
Rows Read: 5752, Total Rows Processed: 5752, Total Chunk Time: Less than .001 seconds 

Starting values (iteration 1) time: 0.159 secs.
Rows Read: 5752, Total Rows Processed: 5752, Total Chunk Time: 0.003 seconds 

Iteration 2 time: 0.143 secs.
Rows Read: 5752, Total Rows Processed: 5752, Total Chunk Time: 0.003 seconds 

Iteration 3 time: 0.119 secs.
Rows Read: 5752, Total Rows Processed: 5752, Total Chunk Time: 0.002 seconds 

Iteration 4 time: 0.103 secs.
Rows Read: 5752, Total Rows Processed: 5752, Total Chunk Time: 0.003 seconds 

Iteration 5 time: 0.125 secs.
Rows Read: 5752, Total Rows Processed: 5752, Total Chunk Time: 0.003 seconds 

Iteration 6 time: 0.067 secs.

Elapsed computation time: 1.157 secs.
Rows Read: 5752, Total Rows Processed: 5752, Total Chunk Time: 0.001 seconds 

Starting values (iteration 1) time: 0.041 secs.
Rows Read: 5752, Total Rows Processed: 5752, Total Chunk Time: 0.003 seconds 

Iteration 2 time: 0.063 secs.
Rows Read: 5752, Total Rows Processed: 5752, Total Chunk Time: 0.002 seconds 

Iteration 3 time: 0.065 secs.
Rows Read: 5752, Total Rows Processed: 5752, Total Chunk Time: 0.002 seconds 

Iteration 4 time: 0.069 secs.
Rows Read: 5752, Total Rows Processed: 5752, Total Chunk Time: 0.003 seconds 

Iteration 5 time: 0.059 secs.
Rows Read: 5752, Total Rows Processed: 5752, Total Chunk Time: 0.002 seconds 

Iteration 6 time: 0.049 secs.

Elapsed computation time: 0.736 secs.
Rows Read: 5752, Total Rows Processed: 5752, Total Chunk Time: Less than .001 seconds 

Starting values (iteration 1) time: 0.044 secs.
Rows Read: 5752, Total Rows Processed: 5752, Total Chunk Time: 0.002 seconds 

Iteration 2 time: 0.045 secs.
Rows Read: 5752, Total Rows Processed: 5752, Total Chunk Time: 0.003 seconds 

Iteration 3 time: 0.079 secs.
Rows Read: 5752, Total Rows Processed: 5752, Total Chunk Time: 0.002 seconds 

Iteration 4 time: 0.053 secs.
Rows Read: 5752, Total Rows Processed: 5752, Total Chunk Time: 0.002 seconds 

Iteration 5 time: 0.049 secs.
Rows Read: 5752, Total Rows Processed: 5752, Total Chunk Time: 0.002 seconds 

Iteration 6 time: 0.047 secs.

Elapsed computation time: 0.638 secs.
Rows Read: 5752, Total Rows Processed: 5752, Total Chunk Time: 0.002 seconds 

Starting values (iteration 1) time: 0.058 secs.
Rows Read: 5752, Total Rows Processed: 5752, Total Chunk Time: 0.002 seconds 

Iteration 2 time: 0.077 secs.
Rows Read: 5752, Total Rows Processed: 5752, Total Chunk Time: 0.003 seconds 

Iteration 3 time: 0.040 secs.
Rows Read: 5752, Total Rows Processed: 5752, Total Chunk Time: 0.002 seconds 

Iteration 4 time: 0.042 secs.
Rows Read: 5752, Total Rows Processed: 5752, Total Chunk Time: 0.003 seconds 

Iteration 5 time: 0.040 secs.
Rows Read: 5752, Total Rows Processed: 5752, Total Chunk Time: 0.002 seconds 

Iteration 6 time: 0.037 secs.

Elapsed computation time: 0.614 secs.
Rows Read: 5752, Total Rows Processed: 5752, Total Chunk Time: 0.002 seconds 

Starting values (iteration 1) time: 0.046 secs.
Rows Read: 5752, Total Rows Processed: 5752, Total Chunk Time: 0.007 seconds 

Iteration 2 time: 0.070 secs.
Rows Read: 5752, Total Rows Processed: 5752, Total Chunk Time: 0.002 seconds 

Iteration 3 time: 0.071 secs.
Rows Read: 5752, Total Rows Processed: 5752, Total Chunk Time: 0.002 seconds 

Iteration 4 time: 0.041 secs.
Rows Read: 5752, Total Rows Processed: 5752, Total Chunk Time: 0.002 seconds 

Iteration 5 time: 0.034 secs.

Elapsed computation time: 0.484 secs.
Rows Read: 5752, Total Rows Processed: 5752, Total Chunk Time: 0.001 seconds 

Starting values (iteration 1) time: 0.032 secs.
Rows Read: 5752, Total Rows Processed: 5752, Total Chunk Time: 0.002 seconds 

Iteration 2 time: 0.045 secs.
Rows Read: 5752, Total Rows Processed: 5752, Total Chunk Time: 0.002 seconds 

Iteration 3 time: 0.037 secs.
Rows Read: 5752, Total Rows Processed: 5752, Total Chunk Time: 0.002 seconds 

Iteration 4 time: 0.046 secs.
Rows Read: 5752, Total Rows Processed: 5752, Total Chunk Time: 0.002 seconds 

Iteration 5 time: 0.036 secs.
Rows Read: 5752, Total Rows Processed: 5752, Total Chunk Time: 0.002 seconds 

Iteration 6 time: 0.034 secs.

Elapsed computation time: 0.478 secs.
Rows Read: 5752, Total Rows Processed: 5752, Total Chunk Time: 0.002 seconds 

Starting values (iteration 1) time: 0.029 secs.
Rows Read: 5752, Total Rows Processed: 5752, Total Chunk Time: 0.002 seconds 

Iteration 2 time: 0.028 secs.
Rows Read: 5752, Total Rows Processed: 5752, Total Chunk Time: 0.002 seconds 

Iteration 3 time: 0.026 secs.
Rows Read: 5752, Total Rows Processed: 5752, Total Chunk Time: 0.002 seconds 

Iteration 4 time: 0.029 secs.
Rows Read: 5752, Total Rows Processed: 5752, Total Chunk Time: 0.002 seconds 

Iteration 5 time: 0.026 secs.
Rows Read: 5752, Total Rows Processed: 5752, Total Chunk Time: 0.002 seconds 

Iteration 6 time: 0.025 secs.

Elapsed computation time: 0.367 secs.
Rows Read: 5752, Total Rows Processed: 5752, Total Chunk Time: 0.001 seconds 

Starting values (iteration 1) time: 0.031 secs.
Rows Read: 5752, Total Rows Processed: 5752, Total Chunk Time: 0.002 seconds 

Iteration 2 time: 0.027 secs.
Rows Read: 5752, Total Rows Processed: 5752, Total Chunk Time: 0.002 seconds 

Iteration 3 time: 0.028 secs.
Rows Read: 5752, Total Rows Processed: 5752, Total Chunk Time: 0.002 seconds 

Iteration 4 time: 0.028 secs.
Rows Read: 5752, Total Rows Processed: 5752, Total Chunk Time: 0.002 seconds 

Iteration 5 time: 0.052 secs.
Rows Read: 5752, Total Rows Processed: 5752, Total Chunk Time: 0.002 seconds 

Iteration 6 time: 0.030 secs.

Elapsed computation time: 0.385 secs.
Rows Read: 5752, Total Rows Processed: 5752, Total Chunk Time: Less than .001 seconds 

Starting values (iteration 1) time: 0.030 secs.
Rows Read: 5752, Total Rows Processed: 5752, Total Chunk Time: 0.002 seconds 

Iteration 2 time: 0.031 secs.
Rows Read: 5752, Total Rows Processed: 5752, Total Chunk Time: 0.002 seconds 

Iteration 3 time: 0.027 secs.
Rows Read: 5752, Total Rows Processed: 5752, Total Chunk Time: 0.002 seconds 

Iteration 4 time: 0.029 secs.
Rows Read: 5752, Total Rows Processed: 5752, Total Chunk Time: 0.002 seconds 

Iteration 5 time: 0.025 secs.
Rows Read: 5752, Total Rows Processed: 5752, Total Chunk Time: 0.002 seconds 

Iteration 6 time: 0.024 secs.

Elapsed computation time: 0.372 secs.
Rows Read: 5752, Total Rows Processed: 5752, Total Chunk Time: 0.002 seconds 

Starting values (iteration 1) time: 0.025 secs.
Rows Read: 5752, Total Rows Processed: 5752, Total Chunk Time: 0.003 seconds 

Iteration 2 time: 0.030 secs.
Rows Read: 5752, Total Rows Processed: 5752, Total Chunk Time: 0.002 seconds 

Iteration 3 time: 0.024 secs.
Rows Read: 5752, Total Rows Processed: 5752, Total Chunk Time: 0.002 seconds 

Iteration 4 time: 0.026 secs.
Rows Read: 5752, Total Rows Processed: 5752, Total Chunk Time: 0.002 seconds 

Iteration 5 time: 0.024 secs.
Rows Read: 5752, Total Rows Processed: 5752, Total Chunk Time: 0.002 seconds 

Iteration 6 time: 0.026 secs.

Elapsed computation time: 0.338 secs.
Rows Read: 5752, Total Rows Processed: 5752, Total Chunk Time: 0.001 seconds 

Starting values (iteration 1) time: 0.024 secs.
Rows Read: 5752, Total Rows Processed: 5752, Total Chunk Time: 0.002 seconds 

Iteration 2 time: 0.028 secs.
Rows Read: 5752, Total Rows Processed: 5752, Total Chunk Time: 0.002 seconds 

Iteration 3 time: 0.024 secs.
Rows Read: 5752, Total Rows Processed: 5752, Total Chunk Time: 0.002 seconds 

Iteration 4 time: 0.024 secs.
Rows Read: 5752, Total Rows Processed: 5752, Total Chunk Time: 0.002 seconds 

Iteration 5 time: 0.034 secs.

Elapsed computation time: 0.288 secs.
Rows Read: 5752, Total Rows Processed: 5752, Total Chunk Time: Less than .001 seconds 

Starting values (iteration 1) time: 0.026 secs.
Rows Read: 5752, Total Rows Processed: 5752, Total Chunk Time: 0.002 seconds 

Iteration 2 time: 0.026 secs.
Rows Read: 5752, Total Rows Processed: 5752, Total Chunk Time: 0.002 seconds 

Iteration 3 time: 0.022 secs.
Rows Read: 5752, Total Rows Processed: 5752, Total Chunk Time: 0.002 seconds 

Iteration 4 time: 0.020 secs.
Rows Read: 5752, Total Rows Processed: 5752, Total Chunk Time: 0.002 seconds 

Iteration 5 time: 0.023 secs.
Rows Read: 5752, Total Rows Processed: 5752, Total Chunk Time: 0.001 seconds 

Iteration 6 time: 0.023 secs.

Elapsed computation time: 0.306 secs.
Rows Read: 5752, Total Rows Processed: 5752, Total Chunk Time: Less than .001 seconds 

Starting values (iteration 1) time: 0.020 secs.
Rows Read: 5752, Total Rows Processed: 5752, Total Chunk Time: 0.002 seconds 

Iteration 2 time: 0.028 secs.
Rows Read: 5752, Total Rows Processed: 5752, Total Chunk Time: 0.001 seconds 

Iteration 3 time: 0.026 secs.
Rows Read: 5752, Total Rows Processed: 5752, Total Chunk Time: 0.002 seconds 

Iteration 4 time: 0.019 secs.
Rows Read: 5752, Total Rows Processed: 5752, Total Chunk Time: 0.002 seconds 

Iteration 5 time: 0.022 secs.
Rows Read: 5752, Total Rows Processed: 5752, Total Chunk Time: 0.002 seconds 

Iteration 6 time: 0.022 secs.

Elapsed computation time: 0.276 secs.
Rows Read: 5752, Total Rows Processed: 5752, Total Chunk Time: 0.001 seconds 

Starting values (iteration 1) time: 0.021 secs.
Rows Read: 5752, Total Rows Processed: 5752, Total Chunk Time: 0.003 seconds 

Iteration 2 time: 0.024 secs.
Rows Read: 5752, Total Rows Processed: 5752, Total Chunk Time: 0.002 seconds 

Iteration 3 time: 0.026 secs.
Rows Read: 5752, Total Rows Processed: 5752, Total Chunk Time: 0.002 seconds 

Iteration 4 time: 0.025 secs.
Rows Read: 5752, Total Rows Processed: 5752, Total Chunk Time: 0.002 seconds 

Iteration 5 time: 0.024 secs.
Rows Read: 5752, Total Rows Processed: 5752, Total Chunk Time: 0.002 seconds 

Iteration 6 time: 0.047 secs.

Elapsed computation time: 0.320 secs.
Rows Read: 5752, Total Rows Processed: 5752, Total Chunk Time: 0.002 seconds 

Starting values (iteration 1) time: 0.020 secs.
Rows Read: 5752, Total Rows Processed: 5752, Total Chunk Time: 0.002 seconds 

Iteration 2 time: 0.041 secs.
Rows Read: 5752, Total Rows Processed: 5752, Total Chunk Time: 0.003 seconds 

Iteration 3 time: 0.022 secs.
Rows Read: 5752, Total Rows Processed: 5752, Total Chunk Time: 0.003 seconds 

Iteration 4 time: 0.020 secs.
Rows Read: 5752, Total Rows Processed: 5752, Total Chunk Time: 0.003 seconds 

Iteration 5 time: 0.045 secs.
Rows Read: 5752, Total Rows Processed: 5752, Total Chunk Time: 0.003 seconds 

Iteration 6 time: 0.021 secs.

Elapsed computation time: 0.310 secs.
Rows Read: 5752, Total Rows Processed: 5752, Total Chunk Time: 0.001 seconds 

Starting values (iteration 1) time: 0.030 secs.
Rows Read: 5752, Total Rows Processed: 5752, Total Chunk Time: 0.002 seconds 

Iteration 2 time: 0.018 secs.
Rows Read: 5752, Total Rows Processed: 5752, Total Chunk Time: 0.002 seconds 

Iteration 3 time: 0.020 secs.
Rows Read: 5752, Total Rows Processed: 5752, Total Chunk Time: 0.002 seconds 

Iteration 4 time: 0.031 secs.
Rows Read: 5752, Total Rows Processed: 5752, Total Chunk Time: 0.002 seconds 

Iteration 5 time: 0.017 secs.
Rows Read: 5752, Total Rows Processed: 5752, Total Chunk Time: 0.002 seconds 

Iteration 6 time: 0.024 secs.

Elapsed computation time: 0.278 secs.
Rows Read: 5752, Total Rows Processed: 5752, Total Chunk Time: 0.001 seconds 

Starting values (iteration 1) time: 0.015 secs.
Rows Read: 5752, Total Rows Processed: 5752, Total Chunk Time: 0.002 seconds 

Iteration 2 time: 0.037 secs.
Rows Read: 5752, Total Rows Processed: 5752, Total Chunk Time: 0.002 seconds 

Iteration 3 time: 0.019 secs.
Rows Read: 5752, Total Rows Processed: 5752, Total Chunk Time: 0.002 seconds 

Iteration 4 time: 0.020 secs.
Rows Read: 5752, Total Rows Processed: 5752, Total Chunk Time: 0.002 seconds 

Iteration 5 time: 0.022 secs.

Elapsed computation time: 0.227 secs.
Rows Read: 5752, Total Rows Processed: 5752, Total Chunk Time: 0.001 seconds 

Starting values (iteration 1) time: 0.018 secs.
Rows Read: 5752, Total Rows Processed: 5752, Total Chunk Time: 0.002 seconds 

Iteration 2 time: 0.024 secs.
Rows Read: 5752, Total Rows Processed: 5752, Total Chunk Time: 0.002 seconds 

Iteration 3 time: 0.020 secs.
Rows Read: 5752, Total Rows Processed: 5752, Total Chunk Time: 0.001 seconds 

Iteration 4 time: 0.020 secs.
Rows Read: 5752, Total Rows Processed: 5752, Total Chunk Time: 0.002 seconds 

Iteration 5 time: 0.031 secs.
Rows Read: 5752, Total Rows Processed: 5752, Total Chunk Time: 0.002 seconds 

Iteration 6 time: 0.015 secs.

Elapsed computation time: 0.271 secs.
Rows Read: 5752, Total Rows Processed: 5752, Total Chunk Time: 0.002 seconds 

Starting values (iteration 1) time: 0.014 secs.
Rows Read: 5752, Total Rows Processed: 5752, Total Chunk Time: 0.002 seconds 

Iteration 2 time: 0.018 secs.
Rows Read: 5752, Total Rows Processed: 5752, Total Chunk Time: 0.002 seconds 

Iteration 3 time: 0.019 secs.
Rows Read: 5752, Total Rows Processed: 5752, Total Chunk Time: 0.002 seconds 

Iteration 4 time: 0.019 secs.
Rows Read: 5752, Total Rows Processed: 5752, Total Chunk Time: 0.002 seconds 

Iteration 5 time: 0.020 secs.
Rows Read: 5752, Total Rows Processed: 5752, Total Chunk Time: 0.001 seconds 

Iteration 6 time: 0.016 secs.

Elapsed computation time: 0.241 secs.
Rows Read: 5752, Total Rows Processed: 5752, Total Chunk Time: Less than .001 seconds 

Starting values (iteration 1) time: 0.018 secs.
Rows Read: 5752, Total Rows Processed: 5752, Total Chunk Time: 0.002 seconds 

Iteration 2 time: 0.021 secs.
Rows Read: 5752, Total Rows Processed: 5752, Total Chunk Time: 0.002 seconds 

Iteration 3 time: 0.017 secs.
Rows Read: 5752, Total Rows Processed: 5752, Total Chunk Time: 0.002 seconds 

Iteration 4 time: 0.015 secs.
Rows Read: 5752, Total Rows Processed: 5752, Total Chunk Time: 0.002 seconds 

Iteration 5 time: 0.025 secs.
Rows Read: 5752, Total Rows Processed: 5752, Total Chunk Time: 0.002 seconds 

Iteration 6 time: 0.017 secs.

Elapsed computation time: 0.230 secs.
Rows Read: 5752, Total Rows Processed: 5752, Total Chunk Time: 0.002 seconds 

Starting values (iteration 1) time: 0.025 secs.
Rows Read: 5752, Total Rows Processed: 5752, Total Chunk Time: 0.002 seconds 

Iteration 2 time: 0.029 secs.
Rows Read: 5752, Total Rows Processed: 5752, Total Chunk Time: 0.002 seconds 

Iteration 3 time: 0.017 secs.
Rows Read: 5752, Total Rows Processed: 5752, Total Chunk Time: 0.002 seconds 

Iteration 4 time: 0.030 secs.
Rows Read: 5752, Total Rows Processed: 5752, Total Chunk Time: 0.002 seconds 

Iteration 5 time: 0.016 secs.
Rows Read: 5752, Total Rows Processed: 5752, Total Chunk Time: 0.002 seconds 

Iteration 6 time: 0.019 secs.

Elapsed computation time: 0.267 secs.
Rows Read: 5752, Total Rows Processed: 5752, Total Chunk Time: 0.001 seconds 

Starting values (iteration 1) time: 0.015 secs.
Rows Read: 5752, Total Rows Processed: 5752, Total Chunk Time: 0.001 seconds 

Iteration 2 time: 0.021 secs.
Rows Read: 5752, Total Rows Processed: 5752, Total Chunk Time: 0.002 seconds 

Iteration 3 time: 0.033 secs.
Rows Read: 5752, Total Rows Processed: 5752, Total Chunk Time: Less than .001 seconds 

Iteration 4 time: 0.015 secs.
Rows Read: 5752, Total Rows Processed: 5752, Total Chunk Time: 0.002 seconds 

Iteration 5 time: 0.030 secs.
Rows Read: 5752, Total Rows Processed: 5752, Total Chunk Time: 0.002 seconds 

Iteration 6 time: 0.013 secs.

Elapsed computation time: 0.254 secs.
Rows Read: 5752, Total Rows Processed: 5752, Total Chunk Time: 0.001 seconds 

Starting values (iteration 1) time: 0.014 secs.
Rows Read: 5752, Total Rows Processed: 5752, Total Chunk Time: 0.001 seconds 

Iteration 2 time: 0.030 secs.
Rows Read: 5752, Total Rows Processed: 5752, Total Chunk Time: 0.001 seconds 

Iteration 3 time: 0.016 secs.
Rows Read: 5752, Total Rows Processed: 5752, Total Chunk Time: 0.001 seconds 

Iteration 4 time: 0.024 secs.
Rows Read: 5752, Total Rows Processed: 5752, Total Chunk Time: 0.002 seconds 

Iteration 5 time: 0.015 secs.

Elapsed computation time: 0.193 secs.
Rows Read: 5752, Total Rows Processed: 5752, Total Chunk Time: 0.001 seconds 

Starting values (iteration 1) time: 0.009 secs.
Rows Read: 5752, Total Rows Processed: 5752, Total Chunk Time: Less than .001 seconds 

Iteration 2 time: 0.020 secs.
Rows Read: 5752, Total Rows Processed: 5752, Total Chunk Time: 0.002 seconds 

Iteration 3 time: 0.023 secs.
Rows Read: 5752, Total Rows Processed: 5752, Total Chunk Time: 0.001 seconds 

Iteration 4 time: 0.023 secs.
Rows Read: 5752, Total Rows Processed: 5752, Total Chunk Time: 0.002 seconds 

Iteration 5 time: 0.025 secs.
Rows Read: 5752, Total Rows Processed: 5752, Total Chunk Time: Less than .001 seconds 

Iteration 6 time: 0.023 secs.

Elapsed computation time: 0.234 secs.
Rows Read: 5752, Total Rows Processed: 5752, Total Chunk Time: 0.001 seconds 

Starting values (iteration 1) time: 0.015 secs.
Rows Read: 5752, Total Rows Processed: 5752, Total Chunk Time: 0.002 seconds 

Iteration 2 time: 0.014 secs.
Rows Read: 5752, Total Rows Processed: 5752, Total Chunk Time: 0.002 seconds 

Iteration 3 time: 0.021 secs.
Rows Read: 5752, Total Rows Processed: 5752, Total Chunk Time: 0.001 seconds 

Iteration 4 time: 0.029 secs.
Rows Read: 5752, Total Rows Processed: 5752, Total Chunk Time: 0.002 seconds 

Iteration 5 time: 0.020 secs.
Rows Read: 5752, Total Rows Processed: 5752, Total Chunk Time: 0.002 seconds 

Iteration 6 time: 0.029 secs.

Elapsed computation time: 0.250 secs.
Rows Read: 5752, Total Rows Processed: 5752, Total Chunk Time: 0.001 seconds 

Starting values (iteration 1) time: 0.017 secs.
Rows Read: 5752, Total Rows Processed: 5752, Total Chunk Time: 0.002 seconds 

Iteration 2 time: 0.019 secs.
Rows Read: 5752, Total Rows Processed: 5752, Total Chunk Time: 0.002 seconds 

Iteration 3 time: 0.017 secs.
Rows Read: 5752, Total Rows Processed: 5752, Total Chunk Time: 0.002 seconds 

Iteration 4 time: 0.016 secs.
Rows Read: 5752, Total Rows Processed: 5752, Total Chunk Time: 0.002 seconds 

Iteration 5 time: 0.021 secs.
Rows Read: 5752, Total Rows Processed: 5752, Total Chunk Time: 0.002 seconds 

Iteration 6 time: 0.017 secs.

Elapsed computation time: 0.203 secs.
Rows Read: 5752, Total Rows Processed: 5752, Total Chunk Time: 0.001 seconds 

Starting values (iteration 1) time: 0.020 secs.
Rows Read: 5752, Total Rows Processed: 5752, Total Chunk Time: 0.003 seconds 

Iteration 2 time: 0.012 secs.
Rows Read: 5752, Total Rows Processed: 5752, Total Chunk Time: 0.001 seconds 

Iteration 3 time: 0.016 secs.
Rows Read: 5752, Total Rows Processed: 5752, Total Chunk Time: 0.002 seconds 

Iteration 4 time: 0.009 secs.
Rows Read: 5752, Total Rows Processed: 5752, Total Chunk Time: 0.002 seconds 

Iteration 5 time: 0.019 secs.
Rows Read: 5752, Total Rows Processed: 5752, Total Chunk Time: 0.002 seconds 

Iteration 6 time: 0.022 secs.

Elapsed computation time: 0.195 secs.
Rows Read: 5752, Total Rows Processed: 5752, Total Chunk Time: 0.001 seconds 

Starting values (iteration 1) time: 0.012 secs.
Rows Read: 5752, Total Rows Processed: 5752, Total Chunk Time: 0.002 seconds 

Iteration 2 time: 0.019 secs.
Rows Read: 5752, Total Rows Processed: 5752, Total Chunk Time: 0.001 seconds 

Iteration 3 time: 0.024 secs.
Rows Read: 5752, Total Rows Processed: 5752, Total Chunk Time: Less than .001 seconds 

Iteration 4 time: 0.023 secs.
Rows Read: 5752, Total Rows Processed: 5752, Total Chunk Time: 0.002 seconds 

Iteration 5 time: 0.023 secs.
Rows Read: 5752, Total Rows Processed: 5752, Total Chunk Time: 0.001 seconds 

Iteration 6 time: 0.013 secs.

Elapsed computation time: 0.229 secs.
Rows Read: 5752, Total Rows Processed: 5752, Total Chunk Time: 0.001 seconds 

Starting values (iteration 1) time: 0.011 secs.
Rows Read: 5752, Total Rows Processed: 5752, Total Chunk Time: 0.001 seconds 

Iteration 2 time: 0.026 secs.

Elapsed computation time: 0.069 secs.
Rows Read: 5752, Total Rows Processed: 5752, Total Chunk Time: 0.002 seconds 

Starting values (iteration 1) time: 0.015 secs.
Rows Read: 5752, Total Rows Processed: 5752, Total Chunk Time: 0.001 seconds 

Iteration 2 time: 0.017 secs.
Rows Read: 5752, Total Rows Processed: 5752, Total Chunk Time: 0.002 seconds 

Iteration 3 time: 0.019 secs.
Rows Read: 5752, Total Rows Processed: 5752, Total Chunk Time: 0.002 seconds 

Iteration 4 time: 0.019 secs.
Rows Read: 5752, Total Rows Processed: 5752, Total Chunk Time: 0.001 seconds 

Iteration 5 time: 0.012 secs.
Rows Read: 5752, Total Rows Processed: 5752, Total Chunk Time: 0.001 seconds 

Iteration 6 time: 0.013 secs.

Elapsed computation time: 0.186 secs.
Rows Read: 5752, Total Rows Processed: 5752, Total Chunk Time: 0.001 seconds 

Starting values (iteration 1) time: 0.011 secs.
Rows Read: 5752, Total Rows Processed: 5752, Total Chunk Time: 0.001 seconds 

Iteration 2 time: 0.011 secs.
Rows Read: 5752, Total Rows Processed: 5752, Total Chunk Time: Less than .001 seconds 

Iteration 3 time: 0.017 secs.
Rows Read: 5752, Total Rows Processed: 5752, Total Chunk Time: 0.001 seconds 

Iteration 4 time: 0.010 secs.
Rows Read: 5752, Total Rows Processed: 5752, Total Chunk Time: 0.002 seconds 

Iteration 5 time: 0.015 secs.
Rows Read: 5752, Total Rows Processed: 5752, Total Chunk Time: 0.002 seconds 

Iteration 6 time: 0.016 secs.

Elapsed computation time: 0.166 secs.
Rows Read: 5752, Total Rows Processed: 5752, Total Chunk Time: 0.001 seconds 

Starting values (iteration 1) time: 0.006 secs.
Rows Read: 5752, Total Rows Processed: 5752, Total Chunk Time: 0.002 seconds 

Iteration 2 time: 0.010 secs.
Rows Read: 5752, Total Rows Processed: 5752, Total Chunk Time: Less than .001 seconds 

Iteration 3 time: 0.017 secs.
Rows Read: 5752, Total Rows Processed: 5752, Total Chunk Time: 0.001 seconds 

Iteration 4 time: 0.023 secs.
Rows Read: 5752, Total Rows Processed: 5752, Total Chunk Time: 0.002 seconds 

Iteration 5 time: 0.016 secs.
Rows Read: 5752, Total Rows Processed: 5752, Total Chunk Time: 0.002 seconds 

Iteration 6 time: 0.023 secs.

Elapsed computation time: 0.170 secs.
Rows Read: 5752, Total Rows Processed: 5752, Total Chunk Time: 0.001 seconds 

Starting values (iteration 1) time: 0.017 secs.
Rows Read: 5752, Total Rows Processed: 5752, Total Chunk Time: 0.002 seconds 

Iteration 2 time: 0.011 secs.
Rows Read: 5752, Total Rows Processed: 5752, Total Chunk Time: Less than .001 seconds 

Iteration 3 time: 0.021 secs.
Rows Read: 5752, Total Rows Processed: 5752, Total Chunk Time: 0.002 seconds 

Iteration 4 time: 0.010 secs.
Rows Read: 5752, Total Rows Processed: 5752, Total Chunk Time: 0.002 seconds 

Iteration 5 time: 0.021 secs.
Rows Read: 5752, Total Rows Processed: 5752, Total Chunk Time: 0.002 seconds 

Iteration 6 time: 0.011 secs.

Elapsed computation time: 0.178 secs.
Rows Read: 5752, Total Rows Processed: 5752, Total Chunk Time: 0.001 seconds 

Starting values (iteration 1) time: 0.017 secs.
Rows Read: 5752, Total Rows Processed: 5752, Total Chunk Time: 0.002 seconds 

Iteration 2 time: 0.018 secs.
Rows Read: 5752, Total Rows Processed: 5752, Total Chunk Time: 0.001 seconds 

Iteration 3 time: 0.017 secs.
Rows Read: 5752, Total Rows Processed: 5752, Total Chunk Time: 0.001 seconds 

Iteration 4 time: 0.005 secs.
Rows Read: 5752, Total Rows Processed: 5752, Total Chunk Time: 0.001 seconds 

Iteration 5 time: 0.009 secs.
Rows Read: 5752, Total Rows Processed: 5752, Total Chunk Time: Less than .001 seconds 

Iteration 6 time: 0.007 secs.

Elapsed computation time: 0.125 secs.

Elapsed computation time: 17.014 secs.
[1] "--------------------------------------------------------------------------------"
[1] "analyze.results.glm.step="
Logistic Regression Results for: RaceHorse.IsHitA ~
    OddsByWin.OddsLogit1
Data: data
Dependent variable(s): RaceHorse.IsHitA
Total independent variables: 2 
Number of valid observations: 5752
Number of missing observations: 0 
 
Coefficients:
                     RaceHorse.IsHitA
(Intercept)                       0.3
OddsByWin.OddsLogit1              1.2
[1] "analyze.results.glm.step.summary"
Call:
rxLogit(formula = formula, data = data, variableSelection = analyze.results.glm.step.varsel)

Logistic Regression Results for: RaceHorse.IsHitA ~
    OddsByWin.OddsLogit1
Data: data
Dependent variable(s): RaceHorse.IsHitA
Total independent variables: 2 
Number of valid observations: 5752
Number of missing observations: 0 
-2*LogLikelihood: 2361.254 (Residual deviance on 5750 degrees of freedom)
 
Coefficients:
                     Estimate Std. Error z value Pr(>|z|)    
(Intercept)            0.3127     0.1306    2.39    0.017 *  
OddsByWin.OddsLogit1   1.1820     0.0612   19.31  2.2e-16 ***
---
Signif. codes:  0 '***' 0.001 '**' 0.01 '*' 0.05 '.' 0.1 ' ' 1

Condition number of final variance-covariance matrix: 1 
Number of iterations: 6
[1] "--------------------------------------------------------------------------------"
[1] "2022-02-25 20:33:22 --- rxGlm with rxStepControl Finish ---"
[1] "2022-02-25 20:33:22 --- rxStepPlot Start ---"
[1] "pdfFilename=pdf_analyze_glm_RaceHorse_Type22_rxStepPlot.pdf"
[1] "rxStepPlot="
[1] "2022-02-25 20:33:22 --- rxStepPlot Finish ---"
[1] "2022-02-25 20:33:22 --- save.image Start ---"
[1] "save.image"
[1] "rdataFilename=RData_analyze_glm_RaceHorse_Type22.RData"
[1] "2022-02-25 20:33:22 --- save.image Finish ---"
[1] "2022-02-25 20:33:22 --- final Start ---"
[1] "--------------------------------------------------------------------------------"
[1] "nrow(data) final=5752"
[1] "--------------------------------------------------------------------------------"
[1] "2022-02-25 20:33:22 --- final Finish ---"
[1] "2022-02-25 20:33:22 --- analyze_glm.R Finished ---"
[1] "2022-02-25 20:33:22 --- log Finish ---"
