[1] "2022-03-09 01:24:56 --- D1116_Predict_glm_Jockey_IsHitA_Type21 Start ---"
[1] "2022-03-09 01:24:56 --- Log Start ---"
[1] "2022-03-09 01:24:56 --- predict.R Start ---"
[1] "--------------------------------------------------------------------------------"
[1] "analyzeVersion=D1116"
[1] "analyzeCategory=Predict"
[1] "analyzeType=Jockey"
[1] "analyzeFamily=IsHitA"
[1] "analyzeFunc=glm"
[1] "analyzeTrackTypeCd=2"
[1] "analyzeJyokenCd=1"
[1] "--------------------------------------------------------------------------------"
[1] "2022-03-09 01:24:56 --- source_function.R Start ---"
[1] "2022-03-09 01:24:56 --- source_function.R Finished ---"
[1] "2022-03-09 01:24:56 --- source_library.R Start ---"
[1] "2022-03-09 01:24:56 --- source_library.R Finished ---"
[1] "2022-03-09 01:24:56 --- Load Start ---"
[1] "analyzeTrackTypeCd=2"
[1] "analyzeJyokenCd=1"
[1] "loadFilename=RData_Analyze_glm_Jockey_Type21.RData"
[1] "2022-03-09 01:24:57 --- Load Finished ---"
[1] "2022-03-09 01:24:57 --- RxSqlServerData Start ---"
[1] "2022-03-09 01:24:57 --- RxInSqlServer Start ---"
[1] "2022-03-09 01:24:57 --- RxInSqlServer Finish ---"
[1] "2022-03-09 01:24:57 --- rxSetComputeContext Start ---"
[1] "2022-03-09 01:24:57 --- rxSetComputeContext Finish ---"
[1] "2022-03-09 01:24:57 --- RxSqlServerData Start ---"
[1] "analyzeTrackTypeCd=2"
[1] "analyzeJyokenCd=1"
[1] "predictSqlQuery=SELECT * FROM ViewAnalyzeD1116Predict01JockeyType21"
[1] "2022-03-09 01:24:57 --- RxSqlServerData Finish ---"
[1] "2022-03-09 01:24:57 --- rxGetVarInfo Start ---"
[1] "2022-03-09 01:24:57 --- rxGetVarInfo Finish---"
[1] "2022-03-09 01:24:57 --- rxImport Start ---"
Rows Read: 213768, Total Rows Processed: 213768, Total Chunk Time: 7.273 seconds 
[1] "2022-03-09 01:25:10 --- rxImport Finish ---"
[1] "object.size(InputDataSet) auto=33.6 Mb"
[1] "--------------------------------------------------------------------------------"
[1] "nrow(InputDataSet) RxSqlServerData=213768"
[1] "--------------------------------------------------------------------------------"
[1] "str(InputDataSet)="
'data.frame':	213768 obs. of  27 variables:
 $ Race.RaceId                      : Factor w/ 382 levels "20160109-06-01-02-11",..: 1 1 1 1 1 1 1 1 1 1 ...
 $ Race.IsAnalyzeNormalPastAndFuture: logi  TRUE TRUE TRUE TRUE TRUE TRUE ...
 $ Race.IsAnalyzeNormalPast         : logi  TRUE TRUE TRUE TRUE TRUE TRUE ...
 $ Race.IsAnalyzeNormalFuture       : logi  FALSE FALSE FALSE FALSE FALSE FALSE ...
 $ Race.IsAnalyzeFullPastAndFuture  : logi  TRUE TRUE TRUE TRUE TRUE TRUE ...
 $ Race.IsAnalyzeFullPast           : logi  TRUE TRUE TRUE TRUE TRUE TRUE ...
 $ Race.IsAnalyzeFullFuture         : logi  FALSE FALSE FALSE FALSE FALSE FALSE ...
 $ Race.JyokenCd                    : Factor w/ 1 level "1": 1 1 1 1 1 1 1 1 1 1 ...
 $ Race.JyoType1Cd                  : Factor w/ 73 levels "24-06-1800-1",..: 1 1 1 1 1 1 1 1 1 1 ...
 $ Race.RaceType1Cd                 : Factor w/ 4 levels "2-1-14","2-1-12",..: 1 1 1 1 1 1 1 1 1 1 ...
 $ RaceHorse.RaceId                 : Factor w/ 382 levels "20160109-06-01-02-11",..: 1 1 1 1 1 1 1 1 1 1 ...
 $ RaceHorse.KettoNum               : Factor w/ 1133 levels "2006100429","2008100608",..: 1 1 2 2 2 2 2 2 2 2 ...
 $ PrevRaceHorse.FinishTimeSdvByRace: num  0.475 -1.117 -0.306 -1.958 0.707 ...
 $ PrevRaceHorse.FirstTimeSdvByRace : num  -0.0801 -1.8864 -1.0167 1.3735 0.1956 ...
 $ PrevRaceHorse.LastTimeSdvByRace  : num  0.497 0.349 0.24 -2.29 0.376 ...
 $ PrevRaceHorse.FinishTimeSdv      : num  1.502 1.433 1.228 0.646 1.765 ...
 $ PrevRaceHorse.FirstTimeSdv       : num  1.493 1.441 1.293 1.458 0.854 ...
 $ PrevRaceHorse.LastTimeSdv        : num  0.918 0.704 0.641 -0.605 1.618 ...
 $ PrevRaceHorse.IsRun              : num  1 1 1 1 1 1 1 1 1 1 ...
 $ PrevRaceHorse.IsHit1             : num  0 0 0 0 0 0 0 0 0 0 ...
 $ PrevRaceHorse.IsHit2             : num  0 0 0 0 0 0 1 0 0 1 ...
 $ PrevRaceHorse.IsHit3             : num  0 0 0 0 0 0 0 0 0 0 ...
 $ PrevRaceHorse.IsHit4             : num  0 0 0 0 0 0 0 0 0 0 ...
 $ PrevRaceHorse.IsHit5             : num  0 0 0 0 1 0 0 0 0 0 ...
 $ PrevRaceHorse.RowNum             : num  1 2 1 2 3 4 5 6 7 8 ...
 $ PrevOdds.RealOddsLog1            : num  4.69 5.97 5.2 3.78 2.32 ...
 $ EOF                              : int  1 1 1 1 1 1 1 1 1 1 ...
[1] "2022-03-09 01:25:11 --- RxSqlServerData Finish ---"
[1] "2022-03-09 01:25:11 --- subset Start ---"
[1] "--------------------------------------------------------------------------------"
[1] "nrow(InputDataSet) subset before=213768"
[1] "nrow(InputDataSet) subset after=213768"
[1] "nrow(InputDataSet) subset diff=0"
[1] "--------------------------------------------------------------------------------"
[1] "class(InputDataSet$Race.IsAnalyzeNormalPast)=logical"
[1] "class(InputDataSet$Race.analyzeTrackTypeCd)=NULL"
[1] "2022-03-09 01:25:11 --- subset Finish ---"
[1] "2022-03-09 01:25:11 --- na.omit Start ---"
[1] "--------------------------------------------------------------------------------"
[1] "nrow(InputDataSet) na.omit before=213768"
[1] "nrow(InputDataSet) na.omit after=213768"
[1] "nrow(InputDataSet) na.omit diff=0"
[1] "--------------------------------------------------------------------------------"
[1] "2022-03-09 01:25:11 --- na.omit Finish---"
[1] "2022-03-09 01:25:11 --- New Levels Start ---"
[1] "levels(data$Race.RaceType1Cd)=2-1-14"
[2] "levels(data$Race.RaceType1Cd)=2-1-12"
[3] "levels(data$Race.RaceType1Cd)=2-1-13"
[1] "levels(InputDataSet$Race.RaceType1Cd)=2-1-14"
[2] "levels(InputDataSet$Race.RaceType1Cd)=2-1-12"
[3] "levels(InputDataSet$Race.RaceType1Cd)=2-1-13"
[4] "levels(InputDataSet$Race.RaceType1Cd)=2-1-11"
[1] "length(Race.RaceType1Cd.Index)=6"
[1] "2022-03-09 01:25:11 --- New Levels Finish ---"
[1] "2022-03-09 01:25:11 --- na.omit Start ---"
[1] "--------------------------------------------------------------------------------"
[1] "nrow(InputDataSet) na.omit levels before=213768"
[1] "nrow(InputDataSet) na.omit levels after=213762"
[1] "nrow(InputDataSet) na.omit levels diff=6"
[1] "--------------------------------------------------------------------------------"
[1] "2022-03-09 01:25:11 --- na.omit Finish ---"
[1] "2022-03-09 01:25:11 --- Predict InputDataSet Start ---"
[1] "--------------------------------------------------------------------------------"
[1] "nrow(InputDataSet) predict=213762"
[1] "--------------------------------------------------------------------------------"
[1] "str(InputDataSet)="
'data.frame':	213762 obs. of  27 variables:
 $ Race.RaceId                      : Factor w/ 382 levels "20160109-06-01-02-11",..: 1 1 1 1 1 1 1 1 1 1 ...
 $ Race.IsAnalyzeNormalPastAndFuture: logi  TRUE TRUE TRUE TRUE TRUE TRUE ...
 $ Race.IsAnalyzeNormalPast         : logi  TRUE TRUE TRUE TRUE TRUE TRUE ...
 $ Race.IsAnalyzeNormalFuture       : logi  FALSE FALSE FALSE FALSE FALSE FALSE ...
 $ Race.IsAnalyzeFullPastAndFuture  : logi  TRUE TRUE TRUE TRUE TRUE TRUE ...
 $ Race.IsAnalyzeFullPast           : logi  TRUE TRUE TRUE TRUE TRUE TRUE ...
 $ Race.IsAnalyzeFullFuture         : logi  FALSE FALSE FALSE FALSE FALSE FALSE ...
 $ Race.JyokenCd                    : Factor w/ 1 level "1": 1 1 1 1 1 1 1 1 1 1 ...
 $ Race.JyoType1Cd                  : Factor w/ 73 levels "24-06-1800-1",..: 1 1 1 1 1 1 1 1 1 1 ...
 $ Race.RaceType1Cd                 : Factor w/ 4 levels "2-1-14","2-1-12",..: 1 1 1 1 1 1 1 1 1 1 ...
 $ RaceHorse.RaceId                 : Factor w/ 382 levels "20160109-06-01-02-11",..: 1 1 1 1 1 1 1 1 1 1 ...
 $ RaceHorse.KettoNum               : Factor w/ 1133 levels "2006100429","2008100608",..: 1 1 2 2 2 2 2 2 2 2 ...
 $ PrevRaceHorse.FinishTimeSdvByRace: num  0.475 -1.117 -0.306 -1.958 0.707 ...
 $ PrevRaceHorse.FirstTimeSdvByRace : num  -0.0801 -1.8864 -1.0167 1.3735 0.1956 ...
 $ PrevRaceHorse.LastTimeSdvByRace  : num  0.497 0.349 0.24 -2.29 0.376 ...
 $ PrevRaceHorse.FinishTimeSdv      : num  1.502 1.433 1.228 0.646 1.765 ...
 $ PrevRaceHorse.FirstTimeSdv       : num  1.493 1.441 1.293 1.458 0.854 ...
 $ PrevRaceHorse.LastTimeSdv        : num  0.918 0.704 0.641 -0.605 1.618 ...
 $ PrevRaceHorse.IsRun              : num  1 1 1 1 1 1 1 1 1 1 ...
 $ PrevRaceHorse.IsHit1             : num  0 0 0 0 0 0 0 0 0 0 ...
 $ PrevRaceHorse.IsHit2             : num  0 0 0 0 0 0 1 0 0 1 ...
 $ PrevRaceHorse.IsHit3             : num  0 0 0 0 0 0 0 0 0 0 ...
 $ PrevRaceHorse.IsHit4             : num  0 0 0 0 0 0 0 0 0 0 ...
 $ PrevRaceHorse.IsHit5             : num  0 0 0 0 1 0 0 0 0 0 ...
 $ PrevRaceHorse.RowNum             : num  1 2 1 2 3 4 5 6 7 8 ...
 $ PrevOdds.RealOddsLog1            : num  4.69 5.97 5.2 3.78 2.32 ...
 $ EOF                              : int  1 1 1 1 1 1 1 1 1 1 ...
 - attr(*, "na.action")= 'omit' Named int  198315 198316 198317 198318 198319 198320
  ..- attr(*, "names")= chr  "198315" "198316" "198317" "198318" ...
[1] "2022-03-09 01:25:11 --- Predict InputDataSet Finish ---"
[1] "2022-03-09 01:25:11 --- rxPredict (glm) Start ---"
[1] "analyzeFunc=glm"
Rows Read: 213762, Total Rows Processed: 213762, Total Chunk Time: 0.002 seconds 
[1] "--------------------------------------------------------------------------------"
[1] "nrow(PredictDataSet) afte predict=213762"
[1] "--------------------------------------------------------------------------------"
[1] "str(PredictDataSet)"
'data.frame':	213762 obs. of  1 variable:
 $ RaceHorse.IsHitA_Pred: num  0.0823 0.0692 0.0756 0.0631 0.0844 ...
NULL
[1] "2022-03-09 01:25:11 --- rxPredict (glm) Finish ---"
[1] "2022-03-09 01:25:11 --- add key Start ---"
[1] "--------------------------------------------------------------------------------"
[1] "nrow(OutputDataSet) add KeyColmn=213762"
[1] "--------------------------------------------------------------------------------"
[1] "str(OutputDataSet) after add Key"
'data.frame':	213762 obs. of  2 variables:
 $ RaceHorse.RaceId  : Factor w/ 382 levels "20160109-06-01-02-11",..: 1 1 1 1 1 1 1 1 1 1 ...
 $ RaceHorse.KettoNum: Factor w/ 1133 levels "2006100429","2008100608",..: 1 1 2 2 2 2 2 2 2 2 ...
NULL
[1] "2022-03-09 01:25:11 --- add key Finish ---"
[1] "2022-03-09 01:25:11 --- add PredictValue Start ---"
[1] "str(PredictDataSet) before rename="
[1] "colnames(PredictDataSet)=RaceHorse.IsHitA_Pred"
[1] "str(PredictDataSet) after rename="
'data.frame':	213762 obs. of  1 variable:
 $ PredictValue: num  0.0823 0.0692 0.0756 0.0631 0.0844 ...
NULL
[1] "str(OutputDataSet) before cbind="
'data.frame':	213762 obs. of  2 variables:
 $ RaceHorse.RaceId  : Factor w/ 382 levels "20160109-06-01-02-11",..: 1 1 1 1 1 1 1 1 1 1 ...
 $ RaceHorse.KettoNum: Factor w/ 1133 levels "2006100429","2008100608",..: 1 1 2 2 2 2 2 2 2 2 ...
NULL
[1] "str(OutputDataSet) after cbind="
'data.frame':	213762 obs. of  3 variables:
 $ RaceHorse.RaceId  : Factor w/ 382 levels "20160109-06-01-02-11",..: 1 1 1 1 1 1 1 1 1 1 ...
 $ RaceHorse.KettoNum: Factor w/ 1133 levels "2006100429","2008100608",..: 1 1 2 2 2 2 2 2 2 2 ...
 $ PredictValue      : num  0.0823 0.0692 0.0756 0.0631 0.0844 ...
NULL
[1] "2022-03-09 01:25:11 --- add PredictValue Finish ---"
[1] "2022-03-09 01:25:11 --- final Start ---"
[1] "--------------------------------------------------------------------------------"
[1] "nrow(OutputDataSet) final=213762"
[1] "--------------------------------------------------------------------------------"
[1] "str(OutputDataSet)="
'data.frame':	213762 obs. of  3 variables:
 $ RaceHorse.RaceId  : Factor w/ 382 levels "20160109-06-01-02-11",..: 1 1 1 1 1 1 1 1 1 1 ...
 $ RaceHorse.KettoNum: Factor w/ 1133 levels "2006100429","2008100608",..: 1 1 2 2 2 2 2 2 2 2 ...
 $ PredictValue      : num  0.0823 0.0692 0.0756 0.0631 0.0844 ...
NULL
[1] "2022-03-09 01:25:11 --- final Finish ---"
[1] "2022-03-09 01:25:11 --- predict.R Finished ---"
[1] "2022-03-09 01:25:11 --- log Finish ---"
