[1] "2022-03-09 08:53:33 --- D1116_analyze_glm_Basic_IsHitA_Type23 Start ---"
[1] "2022-03-09 08:53:33 --- Log Start ---"
[1] "2022-03-09 08:53:33 --- analyze_glm.R Start ---"
[1] "analyzeVersion=D1116"
[1] "analyzeCategory=analyze"
[1] "analyzeType=Basic"
[1] "analyzeFamily=IsHitA"
[1] "analyzeFunc=glm"
[1] "analyzeTrackTypeCd=2"
[1] "analyzeJyokenCd=3"
[1] "2022-03-09 08:53:33 --- source_function.R Start ---"
[1] "2022-03-09 08:53:33 --- source_function.R Finished ---"

> print(paste0(Sys.time(), " --- source_library.R Start ---"))
[1] "2022-03-09 08:53:33 --- source_library.R Start ---"

> require("RevoScaleR")

> print(paste0(Sys.time(), " --- source_library.R Finished ---"))
[1] "2022-03-09 08:53:39 --- source_library.R Finished ---"
[1] "2022-03-09 08:53:39 --- RxSqlServerData Start ---"
[1] "2022-03-09 08:53:39 --- RxInSqlServer Start ---"
[1] "2022-03-09 08:53:39 --- RxInSqlServer Finish ---"
[1] "2022-03-09 08:53:39 --- rxSetComputeContext Start ---"
[1] "2022-03-09 08:53:39 --- rxSetComputeContext Finish ---"
[1] "2022-03-09 08:53:39 --- RxSqlServerData Start ---"
[1] "sqlQuery=SELECT * FROM ViewAnalyzeD1116analyze01BasicType23"
[1] "2022-03-09 08:53:39 --- RxSqlServerData Finish ---"
[1] "2022-03-09 08:53:39 --- rxGetVarInfo Start ---"
[1] "2022-03-09 08:53:39 --- rxGetVarInfo Finish---"
[1] "2022-03-09 08:53:39 --- rxImport Start ---"
Rows Read: 15131, Total Rows Processed: 15131, Total Chunk Time: 1.864 seconds 
[1] "2022-03-09 08:53:51 --- rxImport Finish ---"
[1] "object.size(data) auto=4.6 Mb"
[1] "--------------------------------------------------------------------------------"
[1] "nrow(data) RxSqlServerData=15131"
[1] "--------------------------------------------------------------------------------"
[1] "str(data)="
'data.frame':	15131 obs. of  43 variables:
 $ Race.RaceId                        : Factor w/ 1011 levels "20200801-04-02-03-09",..: 1 1 1 1 1 1 1 1 1 1 ...
 $ Race.IsAnalyzeNormalPastAndFuture  : logi  TRUE TRUE TRUE TRUE TRUE TRUE ...
 $ Race.IsAnalyzeNormalPast           : logi  TRUE TRUE TRUE TRUE TRUE TRUE ...
 $ Race.IsAnalyzeNormalFuture         : logi  FALSE FALSE FALSE FALSE FALSE FALSE ...
 $ Race.IsAnalyzeFullPastAndFuture    : logi  TRUE TRUE TRUE TRUE TRUE TRUE ...
 $ Race.IsAnalyzeFullPast             : logi  TRUE TRUE TRUE TRUE TRUE TRUE ...
 $ Race.IsAnalyzeFullFuture           : logi  FALSE FALSE FALSE FALSE FALSE FALSE ...
 $ Race.JyokenCd                      : Factor w/ 1 level "3": 1 1 1 1 1 1 1 1 1 1 ...
 $ Race.JyoType1Cd                    : Factor w/ 105 levels "23-04-1800-2",..: 1 1 1 1 1 1 1 1 1 1 ...
 $ Race.RaceType1Cd                   : Factor w/ 2 levels "2-3-13","2-3-14": 1 1 1 1 1 1 1 1 1 1 ...
 $ RaceHorse.RaceId                   : Factor w/ 1011 levels "20200801-04-02-03-09",..: 1 1 1 1 1 1 1 1 1 1 ...
 $ RaceHorse.KettoNum                 : Factor w/ 3186 levels "2016101841","2016100279",..: 1 2 3 4 5 6 7 8 9 10 ...
 $ RaceHorse.IsValidRaceHorse         : logi  TRUE TRUE TRUE TRUE TRUE TRUE ...
 $ RaceHorse.HorseNumRatio            : num  0.0667 0.1333 0.2 0.2667 0.3333 ...
 $ RaceHorse.WeightSdvByRace          : num  0.855 -1.152 1.117 -0.454 -0.105 ...
 $ RaceHorse.WeightDeltaSdvByRace     : num  -0.765 0.574 -0.191 -0.574 1.913 ...
 $ RaceHorse.WeightDeltaRatioSdvByRace: num  -0.761 0.636 -0.204 -0.586 1.95 ...
 $ RaceHorse.HandicapSdvByRace        : num  0.5 0.5 0.5 0.5 -2 ...
 $ RaceHorse.HandicapRatioSdvByRace   : num  -0.655 1.196 -0.872 0.512 -0.498 ...
 $ RaceHorse.WeightSdv                : num  0.9668 -0.8743 1.207 -0.2339 0.0863 ...
 $ RaceHorse.WeightDeltaSdv           : num  -0.79 1.434 0.163 -0.472 3.658 ...
 $ RaceHorse.WeightDeltaRatioSdv      : num  -0.755 1.519 0.151 -0.471 3.656 ...
 $ RaceHorse.HandicapSdv              : num  0.868 0.868 0.868 0.868 -0.44 ...
 $ RaceHorse.HandicapRatioSdv         : num  -0.512 1.323 -0.728 0.645 -0.357 ...
 $ RaceHorse.FinishTimeSdvByRace      : num  0.426 1.077 -0.161 0.556 -0.226 ...
 $ RaceHorse.FirstTimeSdvByRace       : num  1.367 1.367 -1.963 -0.386 -0.035 ...
 $ RaceHorse.LastTimeSdvByRace        : num  -0.0995 0.686 0.686 0.8431 -0.2566 ...
 $ RaceHorse.FinishTimeSdv            : num  1.51 1.93 1.13 1.59 1.09 ...
 $ RaceHorse.FirstTimeSdv             : num  1.95 1.95 0.517 1.196 1.347 ...
 $ RaceHorse.LastTimeSdv              : num  0.556 1.114 1.114 1.225 0.445 ...
 $ RaceHorse.IsHitA                   : num  0 0 0 0 0 0 0 0 0 0 ...
 $ RaceHorse.IsHitB                   : num  0 0 0 0 0 1 0 0 0 0 ...
 $ RaceHorse.IsHitC                   : num  0 1 0 0 0 1 0 0 0 0 ...
 $ DataMining.DmTimeSdv               : num  0.439 0.222 -0.915 -0.463 0.289 ...
 $ DataMiningTaisen.TmScoreSdv        : num  0.551 -0.302 -0.9 -0.587 0.697 ...
 $ OddsByWin.Odds1                    : num  15.9 35.8 36.8 73.8 14.8 2.3 9.9 5.8 6.6 25.6 ...
 $ OddsByWin.RealOdds1                : num  19.9 44.7 46 92.2 18.5 ...
 $ OddsByWin.Ninki                    : num  7 11 12 13 5 1 4 2 3 9 ...
 $ OddsByWin.OddsLog1                 : num  2.77 3.58 3.61 4.3 2.69 ...
 $ OddsByWin.ApprovalRate1            : num  0.0503 0.0223 0.0217 0.0108 0.0541 ...
 $ OddsByWin.RealOddsLog1             : num  2.99 3.8 3.83 4.52 2.92 ...
 $ OddsByWin.RealApprovalRate1        : num  0.0629 0.0279 0.0272 0.0136 0.0676 ...
 $ EOF                                : int  1 1 1 1 1 1 1 1 1 1 ...
[1] "2022-03-09 08:53:51 --- RxSqlServerData Finish ---"
[1] "2022-03-09 08:53:51 --- subset Start ---"
[1] "--------------------------------------------------------------------------------"
[1] "nrow(data) subset before=15131"
[1] "nrow(data) subset after =15131"
[1] "nrow(data) subset diff =0"
[1] "--------------------------------------------------------------------------------"
[1] "2022-03-09 08:53:51 --- subset Finish---"
[1] "2022-03-09 08:53:51 --- transform Start ---"
[1] "--------------------------------------------------------------------------------"
[1] "nrow(data) transform before=15131"
[1] "nrow(data) transform after=15131"
[1] "nrow(data) transform diff=0"
[1] "--------------------------------------------------------------------------------"
[1] "str(data)="
'data.frame':	15131 obs. of  43 variables:
 $ Race.RaceId                        : Factor w/ 1011 levels "20200801-04-02-03-09",..: 1 1 1 1 1 1 1 1 1 1 ...
 $ Race.IsAnalyzeNormalPastAndFuture  : logi  TRUE TRUE TRUE TRUE TRUE TRUE ...
 $ Race.IsAnalyzeNormalPast           : logi  TRUE TRUE TRUE TRUE TRUE TRUE ...
 $ Race.IsAnalyzeNormalFuture         : logi  FALSE FALSE FALSE FALSE FALSE FALSE ...
 $ Race.IsAnalyzeFullPastAndFuture    : logi  TRUE TRUE TRUE TRUE TRUE TRUE ...
 $ Race.IsAnalyzeFullPast             : logi  TRUE TRUE TRUE TRUE TRUE TRUE ...
 $ Race.IsAnalyzeFullFuture           : logi  FALSE FALSE FALSE FALSE FALSE FALSE ...
 $ Race.JyokenCd                      : Factor w/ 1 level "3": 1 1 1 1 1 1 1 1 1 1 ...
 $ Race.JyoType1Cd                    : Factor w/ 105 levels "23-04-1800-2",..: 1 1 1 1 1 1 1 1 1 1 ...
 $ Race.RaceType1Cd                   : Factor w/ 2 levels "2-3-13","2-3-14": 1 1 1 1 1 1 1 1 1 1 ...
 $ RaceHorse.RaceId                   : Factor w/ 1011 levels "20200801-04-02-03-09",..: 1 1 1 1 1 1 1 1 1 1 ...
 $ RaceHorse.KettoNum                 : Factor w/ 3186 levels "2016101841","2016100279",..: 1 2 3 4 5 6 7 8 9 10 ...
 $ RaceHorse.IsValidRaceHorse         : logi  TRUE TRUE TRUE TRUE TRUE TRUE ...
 $ RaceHorse.HorseNumRatio            : num  0.0667 0.1333 0.2 0.2667 0.3333 ...
 $ RaceHorse.WeightSdvByRace          : num  0.855 -1.152 1.117 -0.454 -0.105 ...
 $ RaceHorse.WeightDeltaSdvByRace     : num  -0.765 0.574 -0.191 -0.574 1.913 ...
 $ RaceHorse.WeightDeltaRatioSdvByRace: num  -0.761 0.636 -0.204 -0.586 1.95 ...
 $ RaceHorse.HandicapSdvByRace        : num  0.5 0.5 0.5 0.5 -2 ...
 $ RaceHorse.HandicapRatioSdvByRace   : num  -0.655 1.196 -0.872 0.512 -0.498 ...
 $ RaceHorse.WeightSdv                : num  0.9668 -0.8743 1.207 -0.2339 0.0863 ...
 $ RaceHorse.WeightDeltaSdv           : num  -0.79 1.434 0.163 -0.472 3.658 ...
 $ RaceHorse.WeightDeltaRatioSdv      : num  -0.755 1.519 0.151 -0.471 3.656 ...
 $ RaceHorse.HandicapSdv              : num  0.868 0.868 0.868 0.868 -0.44 ...
 $ RaceHorse.HandicapRatioSdv         : num  -0.512 1.323 -0.728 0.645 -0.357 ...
 $ RaceHorse.FinishTimeSdvByRace      : num  0.426 1.077 -0.161 0.556 -0.226 ...
 $ RaceHorse.FirstTimeSdvByRace       : num  1.367 1.367 -1.963 -0.386 -0.035 ...
 $ RaceHorse.LastTimeSdvByRace        : num  -0.0995 0.686 0.686 0.8431 -0.2566 ...
 $ RaceHorse.FinishTimeSdv            : num  1.51 1.93 1.13 1.59 1.09 ...
 $ RaceHorse.FirstTimeSdv             : num  1.95 1.95 0.517 1.196 1.347 ...
 $ RaceHorse.LastTimeSdv              : num  0.556 1.114 1.114 1.225 0.445 ...
 $ RaceHorse.IsHitA                   : num  0 0 0 0 0 0 0 0 0 0 ...
 $ RaceHorse.IsHitB                   : num  0 0 0 0 0 1 0 0 0 0 ...
 $ RaceHorse.IsHitC                   : num  0 1 0 0 0 1 0 0 0 0 ...
 $ DataMining.DmTimeSdv               : num  0.439 0.222 -0.915 -0.463 0.289 ...
 $ DataMiningTaisen.TmScoreSdv        : num  0.551 -0.302 -0.9 -0.587 0.697 ...
 $ OddsByWin.Odds1                    : num  15.9 35.8 36.8 73.8 14.8 2.3 9.9 5.8 6.6 25.6 ...
 $ OddsByWin.RealOdds1                : num  19.9 44.7 46 92.2 18.5 ...
 $ OddsByWin.Ninki                    : num  7 11 12 13 5 1 4 2 3 9 ...
 $ OddsByWin.OddsLog1                 : num  2.77 3.58 3.61 4.3 2.69 ...
 $ OddsByWin.ApprovalRate1            : num  0.0503 0.0223 0.0217 0.0108 0.0541 ...
 $ OddsByWin.RealOddsLog1             : num  2.99 3.8 3.83 4.52 2.92 ...
 $ OddsByWin.RealApprovalRate1        : num  0.0629 0.0279 0.0272 0.0136 0.0676 ...
 $ EOF                                : int  1 1 1 1 1 1 1 1 1 1 ...
NULL
[1] "2022-03-09 08:53:52 --- transform Finish ---"
[1] "2022-03-09 08:53:52 --- na.omit Start ---"
[1] "--------------------------------------------------------------------------------"
[1] "nrow(data) na.omit before=15131"
[1] "nrow(data) na.omit after =15021"
[1] "nrow(data) na.omit diff =110"
[1] "--------------------------------------------------------------------------------"
'data.frame':	15021 obs. of  43 variables:
 $ Race.RaceId                        : Factor w/ 1011 levels "20200801-04-02-03-09",..: 1 1 1 1 1 1 1 1 1 1 ...
 $ Race.IsAnalyzeNormalPastAndFuture  : logi  TRUE TRUE TRUE TRUE TRUE TRUE ...
 $ Race.IsAnalyzeNormalPast           : logi  TRUE TRUE TRUE TRUE TRUE TRUE ...
 $ Race.IsAnalyzeNormalFuture         : logi  FALSE FALSE FALSE FALSE FALSE FALSE ...
 $ Race.IsAnalyzeFullPastAndFuture    : logi  TRUE TRUE TRUE TRUE TRUE TRUE ...
 $ Race.IsAnalyzeFullPast             : logi  TRUE TRUE TRUE TRUE TRUE TRUE ...
 $ Race.IsAnalyzeFullFuture           : logi  FALSE FALSE FALSE FALSE FALSE FALSE ...
 $ Race.JyokenCd                      : Factor w/ 1 level "3": 1 1 1 1 1 1 1 1 1 1 ...
 $ Race.JyoType1Cd                    : Factor w/ 105 levels "23-04-1800-2",..: 1 1 1 1 1 1 1 1 1 1 ...
 $ Race.RaceType1Cd                   : Factor w/ 2 levels "2-3-13","2-3-14": 1 1 1 1 1 1 1 1 1 1 ...
 $ RaceHorse.RaceId                   : Factor w/ 1011 levels "20200801-04-02-03-09",..: 1 1 1 1 1 1 1 1 1 1 ...
 $ RaceHorse.KettoNum                 : Factor w/ 3186 levels "2016101841","2016100279",..: 1 2 3 4 5 6 7 8 9 10 ...
 $ RaceHorse.IsValidRaceHorse         : logi  TRUE TRUE TRUE TRUE TRUE TRUE ...
 $ RaceHorse.HorseNumRatio            : num  0.0667 0.1333 0.2 0.2667 0.3333 ...
 $ RaceHorse.WeightSdvByRace          : num  0.855 -1.152 1.117 -0.454 -0.105 ...
 $ RaceHorse.WeightDeltaSdvByRace     : num  -0.765 0.574 -0.191 -0.574 1.913 ...
 $ RaceHorse.WeightDeltaRatioSdvByRace: num  -0.761 0.636 -0.204 -0.586 1.95 ...
 $ RaceHorse.HandicapSdvByRace        : num  0.5 0.5 0.5 0.5 -2 ...
 $ RaceHorse.HandicapRatioSdvByRace   : num  -0.655 1.196 -0.872 0.512 -0.498 ...
 $ RaceHorse.WeightSdv                : num  0.9668 -0.8743 1.207 -0.2339 0.0863 ...
 $ RaceHorse.WeightDeltaSdv           : num  -0.79 1.434 0.163 -0.472 3.658 ...
 $ RaceHorse.WeightDeltaRatioSdv      : num  -0.755 1.519 0.151 -0.471 3.656 ...
 $ RaceHorse.HandicapSdv              : num  0.868 0.868 0.868 0.868 -0.44 ...
 $ RaceHorse.HandicapRatioSdv         : num  -0.512 1.323 -0.728 0.645 -0.357 ...
 $ RaceHorse.FinishTimeSdvByRace      : num  0.426 1.077 -0.161 0.556 -0.226 ...
 $ RaceHorse.FirstTimeSdvByRace       : num  1.367 1.367 -1.963 -0.386 -0.035 ...
 $ RaceHorse.LastTimeSdvByRace        : num  -0.0995 0.686 0.686 0.8431 -0.2566 ...
 $ RaceHorse.FinishTimeSdv            : num  1.51 1.93 1.13 1.59 1.09 ...
 $ RaceHorse.FirstTimeSdv             : num  1.95 1.95 0.517 1.196 1.347 ...
 $ RaceHorse.LastTimeSdv              : num  0.556 1.114 1.114 1.225 0.445 ...
 $ RaceHorse.IsHitA                   : num  0 0 0 0 0 0 0 0 0 0 ...
 $ RaceHorse.IsHitB                   : num  0 0 0 0 0 1 0 0 0 0 ...
 $ RaceHorse.IsHitC                   : num  0 1 0 0 0 1 0 0 0 0 ...
 $ DataMining.DmTimeSdv               : num  0.439 0.222 -0.915 -0.463 0.289 ...
 $ DataMiningTaisen.TmScoreSdv        : num  0.551 -0.302 -0.9 -0.587 0.697 ...
 $ OddsByWin.Odds1                    : num  15.9 35.8 36.8 73.8 14.8 2.3 9.9 5.8 6.6 25.6 ...
 $ OddsByWin.RealOdds1                : num  19.9 44.7 46 92.2 18.5 ...
 $ OddsByWin.Ninki                    : num  7 11 12 13 5 1 4 2 3 9 ...
 $ OddsByWin.OddsLog1                 : num  2.77 3.58 3.61 4.3 2.69 ...
 $ OddsByWin.ApprovalRate1            : num  0.0503 0.0223 0.0217 0.0108 0.0541 ...
 $ OddsByWin.RealOddsLog1             : num  2.99 3.8 3.83 4.52 2.92 ...
 $ OddsByWin.RealApprovalRate1        : num  0.0629 0.0279 0.0272 0.0136 0.0676 ...
 $ EOF                                : int  1 1 1 1 1 1 1 1 1 1 ...
 - attr(*, "na.action")= 'omit' Named int  269 313 424 427 468 720 887 898 982 1398 ...
  ..- attr(*, "names")= chr  "269" "313" "424" "427" ...
[1] "2022-03-09 08:53:53 --- na.omit Finish ---"
[1] "2022-03-09 08:53:53 --- rxLogit with rxStepControl Start ---"

> print(paste0(Sys.time(), " --- source_logic_glm.R Start ---"))
[1] "2022-03-09 08:53:53 --- source_logic_glm.R Start ---"

> formula <- formula(RaceHorse.IsHitA ~ +1 + RaceHorse.WeightDeltaRatioSdvByRace + 
+     RaceHorse.HandicapRatioSdvByRace + DataMiningTaisen.TmScoreSdv + 
+     log(OddsByWin.RealOdds1))

> print(paste0(Sys.time(), " --- source_logic_glm.R Finished ---"))
[1] "2022-03-09 08:53:53 --- source_logic_glm.R Finished ---"
Rows Read: 15021, Total Rows Processed: 15021, Total Chunk Time: 0.004 seconds 

Starting values (iteration 1) time: 0.644 secs.
Rows Read: 15021, Total Rows Processed: 15021, Total Chunk Time: 0.005 seconds 

Iteration 2 time: 0.018 secs.
Rows Read: 15021, Total Rows Processed: 15021, Total Chunk Time: 0.011 seconds 

Iteration 3 time: 0.016 secs.
Rows Read: 15021, Total Rows Processed: 15021, Total Chunk Time: 0.010 seconds 

Iteration 4 time: 0.014 secs.
Rows Read: 15021, Total Rows Processed: 15021, Total Chunk Time: 0.010 seconds 

Iteration 5 time: 0.016 secs.
Rows Read: 15021, Total Rows Processed: 15021, Total Chunk Time: 0.016 seconds 

Iteration 6 time: 0.024 secs.

Elapsed computation time: 0.737 secs.
Rows Read: 15021, Total Rows Processed: 15021, Total Chunk Time: 0.003 seconds 

Starting values (iteration 1) time: 0.016 secs.
Rows Read: 15021, Total Rows Processed: 15021, Total Chunk Time: 0.005 seconds 

Iteration 2 time: 0.027 secs.
Rows Read: 15021, Total Rows Processed: 15021, Total Chunk Time: 0.011 seconds 

Iteration 3 time: 0.018 secs.
Rows Read: 15021, Total Rows Processed: 15021, Total Chunk Time: 0.010 seconds 

Iteration 4 time: 0.018 secs.
Rows Read: 15021, Total Rows Processed: 15021, Total Chunk Time: 0.011 seconds 

Iteration 5 time: 0.021 secs.
Rows Read: 15021, Total Rows Processed: 15021, Total Chunk Time: 0.021 seconds 

Iteration 6 time: 0.036 secs.

Elapsed computation time: 0.152 secs.
Rows Read: 15021, Total Rows Processed: 15021, Total Chunk Time: 0.004 seconds 

Starting values (iteration 1) time: 0.044 secs.
Rows Read: 15021, Total Rows Processed: 15021, Total Chunk Time: 0.005 seconds 

Iteration 2 time: 0.042 secs.
Rows Read: 15021, Total Rows Processed: 15021, Total Chunk Time: 0.011 seconds 

Iteration 3 time: 0.025 secs.
Rows Read: 15021, Total Rows Processed: 15021, Total Chunk Time: 0.016 seconds 

Iteration 4 time: 0.029 secs.
Rows Read: 15021, Total Rows Processed: 15021, Total Chunk Time: 0.022 seconds 

Iteration 5 time: 0.032 secs.
Rows Read: 15021, Total Rows Processed: 15021, Total Chunk Time: 0.009 seconds 

Iteration 6 time: 0.021 secs.

Elapsed computation time: 0.218 secs.
Rows Read: 15021, Total Rows Processed: 15021, Total Chunk Time: 0.003 seconds 

Starting values (iteration 1) time: 0.021 secs.
Rows Read: 15021, Total Rows Processed: 15021, Total Chunk Time: 0.004 seconds 

Iteration 2 time: 0.021 secs.
Rows Read: 15021, Total Rows Processed: 15021, Total Chunk Time: 0.017 seconds 

Iteration 3 time: 0.034 secs.
Rows Read: 15021, Total Rows Processed: 15021, Total Chunk Time: 0.041 seconds 

Iteration 4 time: 0.060 secs.
Rows Read: 15021, Total Rows Processed: 15021, Total Chunk Time: 0.023 seconds 

Iteration 5 time: 0.041 secs.
Rows Read: 15021, Total Rows Processed: 15021, Total Chunk Time: 0.027 seconds 

Iteration 6 time: 0.034 secs.

Elapsed computation time: 0.245 secs.
Rows Read: 15021, Total Rows Processed: 15021, Total Chunk Time: 0.004 seconds 

Starting values (iteration 1) time: 0.024 secs.
Rows Read: 15021, Total Rows Processed: 15021, Total Chunk Time: 0.006 seconds 

Iteration 2 time: 0.020 secs.
Rows Read: 15021, Total Rows Processed: 15021, Total Chunk Time: 0.010 seconds 

Iteration 3 time: 0.019 secs.
Rows Read: 15021, Total Rows Processed: 15021, Total Chunk Time: 0.009 seconds 

Iteration 4 time: 0.013 secs.
Rows Read: 15021, Total Rows Processed: 15021, Total Chunk Time: 0.011 seconds 

Iteration 5 time: 0.018 secs.

Elapsed computation time: 0.121 secs.
Rows Read: 15021, Total Rows Processed: 15021, Total Chunk Time: 0.003 seconds 

Starting values (iteration 1) time: 0.016 secs.
Rows Read: 15021, Total Rows Processed: 15021, Total Chunk Time: 0.004 seconds 

Iteration 2 time: 0.015 secs.
Rows Read: 15021, Total Rows Processed: 15021, Total Chunk Time: 0.014 seconds 

Iteration 3 time: 0.030 secs.
Rows Read: 15021, Total Rows Processed: 15021, Total Chunk Time: 0.022 seconds 

Iteration 4 time: 0.028 secs.
Rows Read: 15021, Total Rows Processed: 15021, Total Chunk Time: 0.024 seconds 

Iteration 5 time: 0.030 secs.
Rows Read: 15021, Total Rows Processed: 15021, Total Chunk Time: 0.025 seconds 

Iteration 6 time: 0.029 secs.

Elapsed computation time: 0.166 secs.
Rows Read: 15021, Total Rows Processed: 15021, Total Chunk Time: 0.007 seconds 

Starting values (iteration 1) time: 0.042 secs.
Rows Read: 15021, Total Rows Processed: 15021, Total Chunk Time: 0.005 seconds 

Iteration 2 time: 0.028 secs.
Rows Read: 15021, Total Rows Processed: 15021, Total Chunk Time: 0.011 seconds 

Iteration 3 time: 0.021 secs.
Rows Read: 15021, Total Rows Processed: 15021, Total Chunk Time: 0.012 seconds 

Iteration 4 time: 0.018 secs.
Rows Read: 15021, Total Rows Processed: 15021, Total Chunk Time: 0.014 seconds 

Iteration 5 time: 0.022 secs.
Rows Read: 15021, Total Rows Processed: 15021, Total Chunk Time: 0.009 seconds 

Iteration 6 time: 0.016 secs.

Elapsed computation time: 0.157 secs.
Rows Read: 15021, Total Rows Processed: 15021, Total Chunk Time: 0.004 seconds 

Starting values (iteration 1) time: 0.021 secs.
Rows Read: 15021, Total Rows Processed: 15021, Total Chunk Time: 0.004 seconds 

Iteration 2 time: 0.025 secs.
Rows Read: 15021, Total Rows Processed: 15021, Total Chunk Time: 0.011 seconds 

Iteration 3 time: 0.018 secs.
Rows Read: 15021, Total Rows Processed: 15021, Total Chunk Time: 0.015 seconds 

Iteration 4 time: 0.024 secs.
Rows Read: 15021, Total Rows Processed: 15021, Total Chunk Time: 0.013 seconds 

Iteration 5 time: 0.021 secs.
Rows Read: 15021, Total Rows Processed: 15021, Total Chunk Time: 0.009 seconds 

Iteration 6 time: 0.022 secs.

Elapsed computation time: 0.151 secs.
Rows Read: 15021, Total Rows Processed: 15021, Total Chunk Time: 0.004 seconds 

Starting values (iteration 1) time: 0.018 secs.
Rows Read: 15021, Total Rows Processed: 15021, Total Chunk Time: 0.004 seconds 

Iteration 2 time: 0.028 secs.
Rows Read: 15021, Total Rows Processed: 15021, Total Chunk Time: 0.010 seconds 

Iteration 3 time: 0.019 secs.
Rows Read: 15021, Total Rows Processed: 15021, Total Chunk Time: 0.006 seconds 

Iteration 4 time: 0.015 secs.

Elapsed computation time: 0.091 secs.
Rows Read: 15021, Total Rows Processed: 15021, Total Chunk Time: 0.004 seconds 

Starting values (iteration 1) time: 0.029 secs.
Rows Read: 15021, Total Rows Processed: 15021, Total Chunk Time: 0.004 seconds 

Iteration 2 time: 0.044 secs.
Rows Read: 15021, Total Rows Processed: 15021, Total Chunk Time: 0.017 seconds 

Iteration 3 time: 0.026 secs.
Rows Read: 15021, Total Rows Processed: 15021, Total Chunk Time: 0.010 seconds 

Iteration 4 time: 0.018 secs.
Rows Read: 15021, Total Rows Processed: 15021, Total Chunk Time: 0.007 seconds 

Iteration 5 time: 0.017 secs.
Rows Read: 15021, Total Rows Processed: 15021, Total Chunk Time: 0.019 seconds 

Iteration 6 time: 0.024 secs.

Elapsed computation time: 0.169 secs.
Rows Read: 15021, Total Rows Processed: 15021, Total Chunk Time: 0.004 seconds 

Starting values (iteration 1) time: 0.025 secs.
Rows Read: 15021, Total Rows Processed: 15021, Total Chunk Time: 0.009 seconds 

Iteration 2 time: 0.031 secs.
Rows Read: 15021, Total Rows Processed: 15021, Total Chunk Time: 0.018 seconds 

Iteration 3 time: 0.033 secs.
Rows Read: 15021, Total Rows Processed: 15021, Total Chunk Time: 0.022 seconds 

Iteration 4 time: 0.029 secs.
Rows Read: 15021, Total Rows Processed: 15021, Total Chunk Time: 0.020 seconds 

Iteration 5 time: 0.042 secs.
Rows Read: 15021, Total Rows Processed: 15021, Total Chunk Time: 0.015 seconds 

Iteration 6 time: 0.031 secs.

Elapsed computation time: 0.213 secs.
Rows Read: 15021, Total Rows Processed: 15021, Total Chunk Time: 0.003 seconds 

Starting values (iteration 1) time: 0.020 secs.
Rows Read: 15021, Total Rows Processed: 15021, Total Chunk Time: 0.003 seconds 

Iteration 2 time: 0.022 secs.
Rows Read: 15021, Total Rows Processed: 15021, Total Chunk Time: 0.009 seconds 

Iteration 3 time: 0.018 secs.
Rows Read: 15021, Total Rows Processed: 15021, Total Chunk Time: 0.009 seconds 

Iteration 4 time: 0.025 secs.

Elapsed computation time: 0.101 secs.
Rows Read: 15021, Total Rows Processed: 15021, Total Chunk Time: 0.003 seconds 

Starting values (iteration 1) time: 0.022 secs.
Rows Read: 15021, Total Rows Processed: 15021, Total Chunk Time: 0.004 seconds 

Iteration 2 time: 0.020 secs.
Rows Read: 15021, Total Rows Processed: 15021, Total Chunk Time: 0.007 seconds 

Iteration 3 time: 0.015 secs.
Rows Read: 15021, Total Rows Processed: 15021, Total Chunk Time: 0.015 seconds 

Iteration 4 time: 0.023 secs.
Rows Read: 15021, Total Rows Processed: 15021, Total Chunk Time: 0.015 seconds 

Iteration 5 time: 0.023 secs.
Rows Read: 15021, Total Rows Processed: 15021, Total Chunk Time: 0.020 seconds 

Iteration 6 time: 0.029 secs.

Elapsed computation time: 0.154 secs.
Rows Read: 15021, Total Rows Processed: 15021, Total Chunk Time: 0.003 seconds 

Starting values (iteration 1) time: 0.018 secs.
Rows Read: 15021, Total Rows Processed: 15021, Total Chunk Time: 0.003 seconds 

Iteration 2 time: 0.024 secs.
Rows Read: 15021, Total Rows Processed: 15021, Total Chunk Time: 0.017 seconds 

Iteration 3 time: 0.023 secs.
Rows Read: 15021, Total Rows Processed: 15021, Total Chunk Time: 0.020 seconds 

Iteration 4 time: 0.026 secs.
Rows Read: 15021, Total Rows Processed: 15021, Total Chunk Time: 0.015 seconds 

Iteration 5 time: 0.021 secs.
Rows Read: 15021, Total Rows Processed: 15021, Total Chunk Time: 0.017 seconds 

Iteration 6 time: 0.024 secs.

Elapsed computation time: 0.151 secs.
Rows Read: 15021, Total Rows Processed: 15021, Total Chunk Time: 0.002 seconds 

Starting values (iteration 1) time: 0.016 secs.
Rows Read: 15021, Total Rows Processed: 15021, Total Chunk Time: 0.003 seconds 

Iteration 2 time: 0.019 secs.

Elapsed computation time: 0.042 secs.
Rows Read: 15021, Total Rows Processed: 15021, Total Chunk Time: 0.004 seconds 

Starting values (iteration 1) time: 0.020 secs.
Rows Read: 15021, Total Rows Processed: 15021, Total Chunk Time: 0.005 seconds 

Iteration 2 time: 0.031 secs.
Rows Read: 15021, Total Rows Processed: 15021, Total Chunk Time: 0.025 seconds 

Iteration 3 time: 0.032 secs.
Rows Read: 15021, Total Rows Processed: 15021, Total Chunk Time: 0.014 seconds 

Iteration 4 time: 0.025 secs.
Rows Read: 15021, Total Rows Processed: 15021, Total Chunk Time: 0.007 seconds 

Iteration 5 time: 0.017 secs.
Rows Read: 15021, Total Rows Processed: 15021, Total Chunk Time: 0.014 seconds 

Iteration 6 time: 0.021 secs.

Elapsed computation time: 0.158 secs.
Rows Read: 15021, Total Rows Processed: 15021, Total Chunk Time: 0.004 seconds 

Starting values (iteration 1) time: 0.024 secs.
Rows Read: 15021, Total Rows Processed: 15021, Total Chunk Time: 0.004 seconds 

Iteration 2 time: 0.018 secs.
Rows Read: 15021, Total Rows Processed: 15021, Total Chunk Time: 0.010 seconds 

Iteration 3 time: 0.014 secs.
Rows Read: 15021, Total Rows Processed: 15021, Total Chunk Time: 0.009 seconds 

Iteration 4 time: 0.014 secs.
Rows Read: 15021, Total Rows Processed: 15021, Total Chunk Time: 0.006 seconds 

Iteration 5 time: 0.010 secs.
Rows Read: 15021, Total Rows Processed: 15021, Total Chunk Time: 0.005 seconds 

Iteration 6 time: 0.008 secs.

Elapsed computation time: 0.107 secs.
Rows Read: 15021, Total Rows Processed: 15021, Total Chunk Time: 0.003 seconds 

Starting values (iteration 1) time: 0.016 secs.
Rows Read: 15021, Total Rows Processed: 15021, Total Chunk Time: 0.004 seconds 

Iteration 2 time: 0.018 secs.
Rows Read: 15021, Total Rows Processed: 15021, Total Chunk Time: 0.006 seconds 

Iteration 3 time: 0.012 secs.
Rows Read: 15021, Total Rows Processed: 15021, Total Chunk Time: 0.009 seconds 

Iteration 4 time: 0.017 secs.
Rows Read: 15021, Total Rows Processed: 15021, Total Chunk Time: 0.003 seconds 

Iteration 5 time: 0.007 secs.
Rows Read: 15021, Total Rows Processed: 15021, Total Chunk Time: 0.008 seconds 

Iteration 6 time: 0.013 secs.

Elapsed computation time: 0.100 secs.

Elapsed computation time: 3.508 secs.
[1] "--------------------------------------------------------------------------------"
[1] "analyze.results.glm.step="
Logistic Regression Results for: RaceHorse.IsHitA ~
    log(OddsByWin.RealOdds1)
Data: data
Dependent variable(s): RaceHorse.IsHitA
Total independent variables: 2 
Number of valid observations: 15021
Number of missing observations: 0 
 
Coefficients:
                         RaceHorse.IsHitA
(Intercept)                           0.5
log(OddsByWin.RealOdds1)             -1.2
[1] "analyze.results.glm.step.summary"
Call:
rxLogit(formula = formula, data = data, variableSelection = analyze.results.glm.step.varsel)

Logistic Regression Results for: RaceHorse.IsHitA ~
    log(OddsByWin.RealOdds1)
Data: data
Dependent variable(s): RaceHorse.IsHitA
Total independent variables: 2 
Number of valid observations: 15021
Number of missing observations: 0 
-2*LogLikelihood: 6041.724 (Residual deviance on 15019 degrees of freedom)
 
Coefficients:
                         Estimate Std. Error z value Pr(>|z|)    
(Intercept)                0.5268     0.0892     5.9  3.6e-09 ***
log(OddsByWin.RealOdds1)  -1.1599     0.0377   -30.8  2.2e-16 ***
---
Signif. codes:  0 '***' 0.001 '**' 0.01 '*' 0.05 '.' 0.1 ' ' 1

Condition number of final variance-covariance matrix: 1 
Number of iterations: 6
[1] "--------------------------------------------------------------------------------"
[1] "2022-03-09 08:53:57 --- rxLogit with rxStepControl Finish ---"
[1] "2022-03-09 08:53:57 --- rxStepPlot Start ---"
[1] "pdfFilename=pdf_analyze_glm_Basic_Type23_rxStepPlot.pdf"
[1] "rxStepPlot="
[1] "2022-03-09 08:53:57 --- rxStepPlot Finish ---"
[1] "2022-03-09 08:53:57 --- save.image Start ---"
[1] "save.image"
[1] "rdataFilename=RData_analyze_glm_Basic_Type23.RData"
[1] "2022-03-09 08:53:59 --- save.image Finish ---"
[1] "2022-03-09 08:53:59 --- final Start ---"
[1] "--------------------------------------------------------------------------------"
[1] "nrow(data) final=15021"
[1] "--------------------------------------------------------------------------------"
[1] "2022-03-09 08:53:59 --- final Finish ---"
[1] "2022-03-09 08:53:59 --- analyze_glm.R Finished ---"
[1] "2022-03-09 08:53:59 --- log Finish ---"
