[1] "2022-03-09 02:47:28 --- D1116_Predict_glm_Gen01_IsHitA_Type35 Start ---"
[1] "2022-03-09 02:47:28 --- Log Start ---"
[1] "2022-03-09 02:47:28 --- predict.R Start ---"
[1] "--------------------------------------------------------------------------------"
[1] "analyzeVersion=D1116"
[1] "analyzeCategory=Predict"
[1] "analyzeType=Gen01"
[1] "analyzeFamily=IsHitA"
[1] "analyzeFunc=glm"
[1] "analyzeTrackTypeCd=3"
[1] "analyzeJyokenCd=5"
[1] "--------------------------------------------------------------------------------"
[1] "2022-03-09 02:47:28 --- source_function.R Start ---"
[1] "2022-03-09 02:47:28 --- source_function.R Finished ---"
[1] "2022-03-09 02:47:28 --- source_library.R Start ---"
[1] "2022-03-09 02:47:28 --- source_library.R Finished ---"
[1] "2022-03-09 02:47:28 --- Load Start ---"
[1] "analyzeTrackTypeCd=3"
[1] "analyzeJyokenCd=5"
[1] "loadFilename=RData_Analyze_glm_Gen01_Type35.RData"
[1] "2022-03-09 02:47:29 --- Load Finished ---"
[1] "2022-03-09 02:47:29 --- RxSqlServerData Start ---"
[1] "2022-03-09 02:47:29 --- RxInSqlServer Start ---"
[1] "2022-03-09 02:47:29 --- RxInSqlServer Finish ---"
[1] "2022-03-09 02:47:29 --- rxSetComputeContext Start ---"
[1] "2022-03-09 02:47:29 --- rxSetComputeContext Finish ---"
[1] "2022-03-09 02:47:29 --- RxSqlServerData Start ---"
[1] "analyzeTrackTypeCd=3"
[1] "analyzeJyokenCd=5"
[1] "predictSqlQuery=SELECT * FROM ViewAnalyzeD1116Predict01Gen01Type35"
[1] "2022-03-09 02:47:29 --- RxSqlServerData Finish ---"
[1] "2022-03-09 02:47:29 --- rxGetVarInfo Start ---"
[1] "2022-03-09 02:47:29 --- rxGetVarInfo Finish---"
[1] "2022-03-09 02:47:29 --- rxImport Start ---"
Rows Read: 260934, Total Rows Processed: 260934, Total Chunk Time: 45.137 seconds 
[1] "2022-03-09 02:48:57 --- rxImport Finish ---"
[1] "object.size(InputDataSet) auto=43.3 Mb"
[1] "--------------------------------------------------------------------------------"
[1] "nrow(InputDataSet) RxSqlServerData=260934"
[1] "--------------------------------------------------------------------------------"
[1] "str(InputDataSet)="
'data.frame':	260934 obs. of  29 variables:
 $ Race.RaceId                      : Factor w/ 523 levels "20160110-06-01-03-04",..: 1 1 1 1 1 1 1 1 1 1 ...
 $ Race.IsAnalyzeNormalPastAndFuture: logi  TRUE TRUE TRUE TRUE TRUE TRUE ...
 $ Race.IsAnalyzeNormalPast         : logi  TRUE TRUE TRUE TRUE TRUE TRUE ...
 $ Race.IsAnalyzeNormalFuture       : logi  FALSE FALSE FALSE FALSE FALSE FALSE ...
 $ Race.IsAnalyzeFullPastAndFuture  : logi  TRUE TRUE TRUE TRUE TRUE TRUE ...
 $ Race.IsAnalyzeFullPast           : logi  TRUE TRUE TRUE TRUE TRUE TRUE ...
 $ Race.IsAnalyzeFullFuture         : logi  FALSE FALSE FALSE FALSE FALSE FALSE ...
 $ Race.JyokenCd                    : Factor w/ 1 level "5": 1 1 1 1 1 1 1 1 1 1 ...
 $ Race.JyoType1Cd                  : Factor w/ 36 levels "52-06-2880-1",..: 1 1 1 1 1 1 1 1 1 1 ...
 $ Race.RaceType1Cd                 : Factor w/ 2 levels "3-5-19","3-5-18": 1 1 1 1 1 1 1 1 1 1 ...
 $ RaceHorse.RaceId                 : Factor w/ 523 levels "20160110-06-01-03-04",..: 1 1 1 1 1 1 1 1 1 1 ...
 $ RaceHorse.KettoNum               : Factor w/ 1838 levels "2005105204","2008104924",..: 1 1 1 1 1 1 1 1 1 1 ...
 $ PrevRaceHorse.RaceId             : Factor w/ 1047 levels "20150523-04-01-07-04",..: 1 2 3 4 5 6 7 8 9 10 ...
 $ PrevRaceHorse.KettoNum           : Factor w/ 2810 levels "2005105204","2011100637",..: 1 2 3 4 4 3 4 3 2 3 ...
 $ PrevRaceHorse.FinishTimeSdvByRace: num  0.58111 -0.74425 -0.23347 0.43974 0.00768 ...
 $ PrevRaceHorse.FirstTimeSdvByRace : num  0.5748 -0.7568 -0.1399 0.4341 -0.0616 ...
 $ PrevRaceHorse.LastTimeSdvByRace  : num  0.603 -0.688 -0.552 0.458 0.29 ...
 $ PrevRaceHorse.FinishTimeSdv      : num  0.7714 -1.2815 0.0771 0.9527 0.7876 ...
 $ PrevRaceHorse.FirstTimeSdv       : num  0.753 -1.293 0.139 0.939 0.762 ...
 $ PrevRaceHorse.LastTimeSdv        : num  0.829 -1.201 -0.156 0.992 0.882 ...
 $ PrevRaceHorse.IsRun              : num  1 1 1 1 1 1 1 1 1 1 ...
 $ PrevRaceHorse.IsHit1             : num  0 0 0 0 0 0 0 0 0 0 ...
 $ PrevRaceHorse.IsHit2             : num  0 0 0 0 0 0 0 1 0 0 ...
 $ PrevRaceHorse.IsHit3             : num  1 0 0 0 0 0 0 0 0 0 ...
 $ PrevRaceHorse.IsHit4             : num  0 0 0 1 0 0 0 0 0 1 ...
 $ PrevRaceHorse.IsHit5             : num  0 0 0 0 0 0 0 0 0 0 ...
 $ PrevRaceHorse.RowNum             : num  1 2 3 4 5 6 7 8 9 10 ...
 $ PrevOdds.RealOddsLog1            : num  3.64 4.58 1.5 3.14 3.06 ...
 $ EOF                              : int  1 1 1 1 1 1 1 1 1 1 ...
[1] "2022-03-09 02:48:57 --- RxSqlServerData Finish ---"
[1] "2022-03-09 02:48:57 --- subset Start ---"
[1] "--------------------------------------------------------------------------------"
[1] "nrow(InputDataSet) subset before=260934"
[1] "nrow(InputDataSet) subset after=260934"
[1] "nrow(InputDataSet) subset diff=0"
[1] "--------------------------------------------------------------------------------"
[1] "class(InputDataSet$Race.IsAnalyzeNormalPast)=logical"
[1] "class(InputDataSet$Race.analyzeTrackTypeCd)=NULL"
[1] "2022-03-09 02:48:57 --- subset Finish ---"
[1] "2022-03-09 02:48:57 --- na.omit Start ---"
[1] "--------------------------------------------------------------------------------"
[1] "nrow(InputDataSet) na.omit before=260934"
[1] "nrow(InputDataSet) na.omit after=260934"
[1] "nrow(InputDataSet) na.omit diff=0"
[1] "--------------------------------------------------------------------------------"
[1] "2022-03-09 02:48:57 --- na.omit Finish---"
[1] "2022-03-09 02:48:57 --- New Levels Start ---"
[1] "levels(data$Race.RaceType1Cd)=3-5-19"
[2] "levels(data$Race.RaceType1Cd)=3-5-18"
[1] "levels(InputDataSet$Race.RaceType1Cd)=3-5-19"
[2] "levels(InputDataSet$Race.RaceType1Cd)=3-5-18"
[1] "length(Race.RaceType1Cd.Index)=0"
[1] "2022-03-09 02:48:57 --- New Levels Finish ---"
[1] "2022-03-09 02:48:57 --- na.omit Start ---"
[1] "--------------------------------------------------------------------------------"
[1] "nrow(InputDataSet) na.omit levels before=260934"
[1] "nrow(InputDataSet) na.omit levels after=260934"
[1] "nrow(InputDataSet) na.omit levels diff=0"
[1] "--------------------------------------------------------------------------------"
[1] "2022-03-09 02:48:57 --- na.omit Finish ---"
[1] "2022-03-09 02:48:57 --- Predict InputDataSet Start ---"
[1] "--------------------------------------------------------------------------------"
[1] "nrow(InputDataSet) predict=260934"
[1] "--------------------------------------------------------------------------------"
[1] "str(InputDataSet)="
'data.frame':	260934 obs. of  29 variables:
 $ Race.RaceId                      : Factor w/ 523 levels "20160110-06-01-03-04",..: 1 1 1 1 1 1 1 1 1 1 ...
 $ Race.IsAnalyzeNormalPastAndFuture: logi  TRUE TRUE TRUE TRUE TRUE TRUE ...
 $ Race.IsAnalyzeNormalPast         : logi  TRUE TRUE TRUE TRUE TRUE TRUE ...
 $ Race.IsAnalyzeNormalFuture       : logi  FALSE FALSE FALSE FALSE FALSE FALSE ...
 $ Race.IsAnalyzeFullPastAndFuture  : logi  TRUE TRUE TRUE TRUE TRUE TRUE ...
 $ Race.IsAnalyzeFullPast           : logi  TRUE TRUE TRUE TRUE TRUE TRUE ...
 $ Race.IsAnalyzeFullFuture         : logi  FALSE FALSE FALSE FALSE FALSE FALSE ...
 $ Race.JyokenCd                    : Factor w/ 1 level "5": 1 1 1 1 1 1 1 1 1 1 ...
 $ Race.JyoType1Cd                  : Factor w/ 36 levels "52-06-2880-1",..: 1 1 1 1 1 1 1 1 1 1 ...
 $ Race.RaceType1Cd                 : Factor w/ 2 levels "3-5-19","3-5-18": 1 1 1 1 1 1 1 1 1 1 ...
 $ RaceHorse.RaceId                 : Factor w/ 523 levels "20160110-06-01-03-04",..: 1 1 1 1 1 1 1 1 1 1 ...
 $ RaceHorse.KettoNum               : Factor w/ 1838 levels "2005105204","2008104924",..: 1 1 1 1 1 1 1 1 1 1 ...
 $ PrevRaceHorse.RaceId             : Factor w/ 1047 levels "20150523-04-01-07-04",..: 1 2 3 4 5 6 7 8 9 10 ...
 $ PrevRaceHorse.KettoNum           : Factor w/ 2810 levels "2005105204","2011100637",..: 1 2 3 4 4 3 4 3 2 3 ...
 $ PrevRaceHorse.FinishTimeSdvByRace: num  0.58111 -0.74425 -0.23347 0.43974 0.00768 ...
 $ PrevRaceHorse.FirstTimeSdvByRace : num  0.5748 -0.7568 -0.1399 0.4341 -0.0616 ...
 $ PrevRaceHorse.LastTimeSdvByRace  : num  0.603 -0.688 -0.552 0.458 0.29 ...
 $ PrevRaceHorse.FinishTimeSdv      : num  0.7714 -1.2815 0.0771 0.9527 0.7876 ...
 $ PrevRaceHorse.FirstTimeSdv       : num  0.753 -1.293 0.139 0.939 0.762 ...
 $ PrevRaceHorse.LastTimeSdv        : num  0.829 -1.201 -0.156 0.992 0.882 ...
 $ PrevRaceHorse.IsRun              : num  1 1 1 1 1 1 1 1 1 1 ...
 $ PrevRaceHorse.IsHit1             : num  0 0 0 0 0 0 0 0 0 0 ...
 $ PrevRaceHorse.IsHit2             : num  0 0 0 0 0 0 0 1 0 0 ...
 $ PrevRaceHorse.IsHit3             : num  1 0 0 0 0 0 0 0 0 0 ...
 $ PrevRaceHorse.IsHit4             : num  0 0 0 1 0 0 0 0 0 1 ...
 $ PrevRaceHorse.IsHit5             : num  0 0 0 0 0 0 0 0 0 0 ...
 $ PrevRaceHorse.RowNum             : num  1 2 3 4 5 6 7 8 9 10 ...
 $ PrevOdds.RealOddsLog1            : num  3.64 4.58 1.5 3.14 3.06 ...
 $ EOF                              : int  1 1 1 1 1 1 1 1 1 1 ...
[1] "2022-03-09 02:48:57 --- Predict InputDataSet Finish ---"
[1] "2022-03-09 02:48:57 --- rxPredict (glm) Start ---"
[1] "analyzeFunc=glm"
Rows Read: 260934, Total Rows Processed: 260934, Total Chunk Time: 0.003 seconds 
[1] "--------------------------------------------------------------------------------"
[1] "nrow(PredictDataSet) afte predict=260934"
[1] "--------------------------------------------------------------------------------"
[1] "str(PredictDataSet)"
'data.frame':	260934 obs. of  1 variable:
 $ RaceHorse.IsHitA_Pred: num  0.0975 0.0899 0.0928 0.0966 0.0941 ...
NULL
[1] "2022-03-09 02:48:57 --- rxPredict (glm) Finish ---"
[1] "2022-03-09 02:48:57 --- add key Start ---"
[1] "--------------------------------------------------------------------------------"
[1] "nrow(OutputDataSet) add KeyColmn=260934"
[1] "--------------------------------------------------------------------------------"
[1] "str(OutputDataSet) after add Key"
'data.frame':	260934 obs. of  2 variables:
 $ RaceHorse.RaceId  : Factor w/ 523 levels "20160110-06-01-03-04",..: 1 1 1 1 1 1 1 1 1 1 ...
 $ RaceHorse.KettoNum: Factor w/ 1838 levels "2005105204","2008104924",..: 1 1 1 1 1 1 1 1 1 1 ...
NULL
[1] "2022-03-09 02:48:57 --- add key Finish ---"
[1] "2022-03-09 02:48:57 --- add PredictValue Start ---"
[1] "str(PredictDataSet) before rename="
[1] "colnames(PredictDataSet)=RaceHorse.IsHitA_Pred"
[1] "str(PredictDataSet) after rename="
'data.frame':	260934 obs. of  1 variable:
 $ PredictValue: num  0.0975 0.0899 0.0928 0.0966 0.0941 ...
NULL
[1] "str(OutputDataSet) before cbind="
'data.frame':	260934 obs. of  2 variables:
 $ RaceHorse.RaceId  : Factor w/ 523 levels "20160110-06-01-03-04",..: 1 1 1 1 1 1 1 1 1 1 ...
 $ RaceHorse.KettoNum: Factor w/ 1838 levels "2005105204","2008104924",..: 1 1 1 1 1 1 1 1 1 1 ...
NULL
[1] "str(OutputDataSet) after cbind="
'data.frame':	260934 obs. of  3 variables:
 $ RaceHorse.RaceId  : Factor w/ 523 levels "20160110-06-01-03-04",..: 1 1 1 1 1 1 1 1 1 1 ...
 $ RaceHorse.KettoNum: Factor w/ 1838 levels "2005105204","2008104924",..: 1 1 1 1 1 1 1 1 1 1 ...
 $ PredictValue      : num  0.0975 0.0899 0.0928 0.0966 0.0941 ...
NULL
[1] "2022-03-09 02:48:57 --- add PredictValue Finish ---"
[1] "2022-03-09 02:48:57 --- final Start ---"
[1] "--------------------------------------------------------------------------------"
[1] "nrow(OutputDataSet) final=260934"
[1] "--------------------------------------------------------------------------------"
[1] "str(OutputDataSet)="
'data.frame':	260934 obs. of  3 variables:
 $ RaceHorse.RaceId  : Factor w/ 523 levels "20160110-06-01-03-04",..: 1 1 1 1 1 1 1 1 1 1 ...
 $ RaceHorse.KettoNum: Factor w/ 1838 levels "2005105204","2008104924",..: 1 1 1 1 1 1 1 1 1 1 ...
 $ PredictValue      : num  0.0975 0.0899 0.0928 0.0966 0.0941 ...
NULL
[1] "2022-03-09 02:48:57 --- final Finish ---"
[1] "2022-03-09 02:48:57 --- predict.R Finished ---"
[1] "2022-03-09 02:48:57 --- log Finish ---"
