[1] "2022-03-09 01:16:46 --- D1116_Predict_glm_Gen02_IsHitA_Type14 Start ---"
[1] "2022-03-09 01:16:46 --- Log Start ---"
[1] "2022-03-09 01:16:46 --- predict.R Start ---"
[1] "--------------------------------------------------------------------------------"
[1] "analyzeVersion=D1116"
[1] "analyzeCategory=Predict"
[1] "analyzeType=Gen02"
[1] "analyzeFamily=IsHitA"
[1] "analyzeFunc=glm"
[1] "analyzeTrackTypeCd=1"
[1] "analyzeJyokenCd=4"
[1] "--------------------------------------------------------------------------------"
[1] "2022-03-09 01:16:46 --- source_function.R Start ---"
[1] "2022-03-09 01:16:46 --- source_function.R Finished ---"
[1] "2022-03-09 01:16:46 --- source_library.R Start ---"
[1] "2022-03-09 01:16:46 --- source_library.R Finished ---"
[1] "2022-03-09 01:16:46 --- Load Start ---"
[1] "analyzeTrackTypeCd=1"
[1] "analyzeJyokenCd=4"
[1] "loadFilename=RData_Analyze_glm_Gen02_Type14.RData"
[1] "2022-03-09 01:16:46 --- Load Finished ---"
[1] "2022-03-09 01:16:46 --- RxSqlServerData Start ---"
[1] "2022-03-09 01:16:46 --- RxInSqlServer Start ---"
[1] "2022-03-09 01:16:46 --- RxInSqlServer Finish ---"
[1] "2022-03-09 01:16:46 --- rxSetComputeContext Start ---"
[1] "2022-03-09 01:16:46 --- rxSetComputeContext Finish ---"
[1] "2022-03-09 01:16:46 --- RxSqlServerData Start ---"
[1] "analyzeTrackTypeCd=1"
[1] "analyzeJyokenCd=4"
[1] "predictSqlQuery=SELECT * FROM ViewAnalyzeD1116Predict01Gen02Type14"
[1] "2022-03-09 01:16:46 --- RxSqlServerData Finish ---"
[1] "2022-03-09 01:16:46 --- rxGetVarInfo Start ---"
[1] "2022-03-09 01:16:46 --- rxGetVarInfo Finish---"
[1] "2022-03-09 01:16:46 --- rxImport Start ---"
Rows Read: 154086, Total Rows Processed: 154086, Total Chunk Time: 4.552 seconds 
[1] "2022-03-09 01:16:55 --- rxImport Finish ---"
[1] "object.size(InputDataSet) auto=27.1 Mb"
[1] "--------------------------------------------------------------------------------"
[1] "nrow(InputDataSet) RxSqlServerData=154086"
[1] "--------------------------------------------------------------------------------"
[1] "str(InputDataSet)="
'data.frame':	154086 obs. of  29 variables:
 $ Race.RaceId                      : Factor w/ 2718 levels "20160109-06-01-02-06",..: 1 1 1 1 1 1 1 1 1 1 ...
 $ Race.IsAnalyzeNormalPastAndFuture: logi  TRUE TRUE TRUE TRUE TRUE TRUE ...
 $ Race.IsAnalyzeNormalPast         : logi  TRUE TRUE TRUE TRUE TRUE TRUE ...
 $ Race.IsAnalyzeNormalFuture       : logi  FALSE FALSE FALSE FALSE FALSE FALSE ...
 $ Race.IsAnalyzeFullPastAndFuture  : logi  TRUE TRUE TRUE TRUE TRUE TRUE ...
 $ Race.IsAnalyzeFullPast           : logi  TRUE TRUE TRUE TRUE TRUE TRUE ...
 $ Race.IsAnalyzeFullFuture         : logi  FALSE FALSE FALSE FALSE FALSE FALSE ...
 $ Race.JyokenCd                    : Factor w/ 1 level "4": 1 1 1 1 1 1 1 1 1 1 ...
 $ Race.JyoType1Cd                  : Factor w/ 185 levels "18-06-1200-1",..: 1 1 1 1 1 1 1 1 1 1 ...
 $ Race.RaceType1Cd                 : Factor w/ 4 levels "1-4-12","1-4-14",..: 1 1 1 1 1 1 1 1 1 1 ...
 $ RaceHorse.RaceId                 : Factor w/ 2718 levels "20160109-06-01-02-06",..: 1 1 1 1 1 1 1 1 1 1 ...
 $ RaceHorse.KettoNum               : Factor w/ 6138 levels "2013100092","2013100782",..: 1 1 1 1 1 2 2 2 2 3 ...
 $ PrevRaceHorse.RaceId             : Factor w/ 5153 levels "20150517-05-02-08-07",..: 1 2 3 4 5 6 7 8 9 10 ...
 $ PrevRaceHorse.KettoNum           : Factor w/ 7439 levels "2012101095","2009106570",..: 1 1 1 1 1 2 2 2 2 3 ...
 $ PrevRaceHorse.FinishTimeSdvByRace: num  -0.93 0.672 0.374 0.319 0.565 ...
 $ PrevRaceHorse.FirstTimeSdvByRace : num  -1.54 -1.39 -1.84 -1.79 -1.4 ...
 $ PrevRaceHorse.LastTimeSdvByRace  : num  0.864 1.701 1.056 1.684 1.196 ...
 $ PrevRaceHorse.FinishTimeSdv      : num  0.341 0.833 0.603 -0.327 -0.349 ...
 $ PrevRaceHorse.FirstTimeSdv       : num  -0.3834 -0.0603 -0.2772 -1.3096 -1.0854 ...
 $ PrevRaceHorse.LastTimeSdv        : num  1.037 1.173 1.436 1.348 0.472 ...
 $ PrevRaceHorse.IsRun              : num  1 1 1 1 1 1 1 1 1 1 ...
 $ PrevRaceHorse.IsHit1             : num  0 0 0 0 0 0 0 0 0 0 ...
 $ PrevRaceHorse.IsHit2             : num  0 0 0 0 0 0 1 0 0 0 ...
 $ PrevRaceHorse.IsHit3             : num  0 0 0 0 0 0 0 0 1 1 ...
 $ PrevRaceHorse.IsHit4             : num  0 0 0 0 0 0 0 0 0 0 ...
 $ PrevRaceHorse.IsHit5             : num  0 1 0 0 0 0 0 1 0 0 ...
 $ PrevRaceHorse.RowNum             : num  1 2 3 4 5 1 2 3 4 1 ...
 $ PrevOdds.RealOddsLog1            : num  3.88 2.8 2.91 4.42 4.47 ...
 $ EOF                              : int  1 1 1 1 1 1 1 1 1 1 ...
[1] "2022-03-09 01:16:55 --- RxSqlServerData Finish ---"
[1] "2022-03-09 01:16:55 --- subset Start ---"
[1] "--------------------------------------------------------------------------------"
[1] "nrow(InputDataSet) subset before=154086"
[1] "nrow(InputDataSet) subset after=154086"
[1] "nrow(InputDataSet) subset diff=0"
[1] "--------------------------------------------------------------------------------"
[1] "class(InputDataSet$Race.IsAnalyzeNormalPast)=logical"
[1] "class(InputDataSet$Race.analyzeTrackTypeCd)=NULL"
[1] "2022-03-09 01:16:55 --- subset Finish ---"
[1] "2022-03-09 01:16:55 --- na.omit Start ---"
[1] "--------------------------------------------------------------------------------"
[1] "nrow(InputDataSet) na.omit before=154086"
[1] "nrow(InputDataSet) na.omit after=154086"
[1] "nrow(InputDataSet) na.omit diff=0"
[1] "--------------------------------------------------------------------------------"
[1] "2022-03-09 01:16:55 --- na.omit Finish---"
[1] "2022-03-09 01:16:55 --- New Levels Start ---"
[1] "levels(data$Race.RaceType1Cd)=1-4-12"
[2] "levels(data$Race.RaceType1Cd)=1-4-14"
[3] "levels(data$Race.RaceType1Cd)=1-4-13"
[4] "levels(data$Race.RaceType1Cd)=1-4-11"
[1] "levels(InputDataSet$Race.RaceType1Cd)=1-4-12"
[2] "levels(InputDataSet$Race.RaceType1Cd)=1-4-14"
[3] "levels(InputDataSet$Race.RaceType1Cd)=1-4-13"
[4] "levels(InputDataSet$Race.RaceType1Cd)=1-4-11"
[1] "length(Race.RaceType1Cd.Index)=0"
[1] "2022-03-09 01:16:55 --- New Levels Finish ---"
[1] "2022-03-09 01:16:55 --- na.omit Start ---"
[1] "--------------------------------------------------------------------------------"
[1] "nrow(InputDataSet) na.omit levels before=154086"
[1] "nrow(InputDataSet) na.omit levels after=154086"
[1] "nrow(InputDataSet) na.omit levels diff=0"
[1] "--------------------------------------------------------------------------------"
[1] "2022-03-09 01:16:55 --- na.omit Finish ---"
[1] "2022-03-09 01:16:55 --- Predict InputDataSet Start ---"
[1] "--------------------------------------------------------------------------------"
[1] "nrow(InputDataSet) predict=154086"
[1] "--------------------------------------------------------------------------------"
[1] "str(InputDataSet)="
'data.frame':	154086 obs. of  29 variables:
 $ Race.RaceId                      : Factor w/ 2718 levels "20160109-06-01-02-06",..: 1 1 1 1 1 1 1 1 1 1 ...
 $ Race.IsAnalyzeNormalPastAndFuture: logi  TRUE TRUE TRUE TRUE TRUE TRUE ...
 $ Race.IsAnalyzeNormalPast         : logi  TRUE TRUE TRUE TRUE TRUE TRUE ...
 $ Race.IsAnalyzeNormalFuture       : logi  FALSE FALSE FALSE FALSE FALSE FALSE ...
 $ Race.IsAnalyzeFullPastAndFuture  : logi  TRUE TRUE TRUE TRUE TRUE TRUE ...
 $ Race.IsAnalyzeFullPast           : logi  TRUE TRUE TRUE TRUE TRUE TRUE ...
 $ Race.IsAnalyzeFullFuture         : logi  FALSE FALSE FALSE FALSE FALSE FALSE ...
 $ Race.JyokenCd                    : Factor w/ 1 level "4": 1 1 1 1 1 1 1 1 1 1 ...
 $ Race.JyoType1Cd                  : Factor w/ 185 levels "18-06-1200-1",..: 1 1 1 1 1 1 1 1 1 1 ...
 $ Race.RaceType1Cd                 : Factor w/ 4 levels "1-4-12","1-4-14",..: 1 1 1 1 1 1 1 1 1 1 ...
 $ RaceHorse.RaceId                 : Factor w/ 2718 levels "20160109-06-01-02-06",..: 1 1 1 1 1 1 1 1 1 1 ...
 $ RaceHorse.KettoNum               : Factor w/ 6138 levels "2013100092","2013100782",..: 1 1 1 1 1 2 2 2 2 3 ...
 $ PrevRaceHorse.RaceId             : Factor w/ 5153 levels "20150517-05-02-08-07",..: 1 2 3 4 5 6 7 8 9 10 ...
 $ PrevRaceHorse.KettoNum           : Factor w/ 7439 levels "2012101095","2009106570",..: 1 1 1 1 1 2 2 2 2 3 ...
 $ PrevRaceHorse.FinishTimeSdvByRace: num  -0.93 0.672 0.374 0.319 0.565 ...
 $ PrevRaceHorse.FirstTimeSdvByRace : num  -1.54 -1.39 -1.84 -1.79 -1.4 ...
 $ PrevRaceHorse.LastTimeSdvByRace  : num  0.864 1.701 1.056 1.684 1.196 ...
 $ PrevRaceHorse.FinishTimeSdv      : num  0.341 0.833 0.603 -0.327 -0.349 ...
 $ PrevRaceHorse.FirstTimeSdv       : num  -0.3834 -0.0603 -0.2772 -1.3096 -1.0854 ...
 $ PrevRaceHorse.LastTimeSdv        : num  1.037 1.173 1.436 1.348 0.472 ...
 $ PrevRaceHorse.IsRun              : num  1 1 1 1 1 1 1 1 1 1 ...
 $ PrevRaceHorse.IsHit1             : num  0 0 0 0 0 0 0 0 0 0 ...
 $ PrevRaceHorse.IsHit2             : num  0 0 0 0 0 0 1 0 0 0 ...
 $ PrevRaceHorse.IsHit3             : num  0 0 0 0 0 0 0 0 1 1 ...
 $ PrevRaceHorse.IsHit4             : num  0 0 0 0 0 0 0 0 0 0 ...
 $ PrevRaceHorse.IsHit5             : num  0 1 0 0 0 0 0 1 0 0 ...
 $ PrevRaceHorse.RowNum             : num  1 2 3 4 5 1 2 3 4 1 ...
 $ PrevOdds.RealOddsLog1            : num  3.88 2.8 2.91 4.42 4.47 ...
 $ EOF                              : int  1 1 1 1 1 1 1 1 1 1 ...
[1] "2022-03-09 01:16:55 --- Predict InputDataSet Finish ---"
[1] "2022-03-09 01:16:55 --- rxPredict (glm) Start ---"
[1] "analyzeFunc=glm"
Rows Read: 154086, Total Rows Processed: 154086, Total Chunk Time: 0.002 seconds 
[1] "--------------------------------------------------------------------------------"
[1] "nrow(PredictDataSet) afte predict=154086"
[1] "--------------------------------------------------------------------------------"
[1] "str(PredictDataSet)"
'data.frame':	154086 obs. of  1 variable:
 $ RaceHorse.IsHitA_Pred: num  0.0436 0.078 0.0701 0.0688 0.0751 ...
NULL
[1] "2022-03-09 01:16:55 --- rxPredict (glm) Finish ---"
[1] "2022-03-09 01:16:55 --- add key Start ---"
[1] "--------------------------------------------------------------------------------"
[1] "nrow(OutputDataSet) add KeyColmn=154086"
[1] "--------------------------------------------------------------------------------"
[1] "str(OutputDataSet) after add Key"
'data.frame':	154086 obs. of  2 variables:
 $ RaceHorse.RaceId  : Factor w/ 2718 levels "20160109-06-01-02-06",..: 1 1 1 1 1 1 1 1 1 1 ...
 $ RaceHorse.KettoNum: Factor w/ 6138 levels "2013100092","2013100782",..: 1 1 1 1 1 2 2 2 2 3 ...
NULL
[1] "2022-03-09 01:16:55 --- add key Finish ---"
[1] "2022-03-09 01:16:55 --- add PredictValue Start ---"
[1] "str(PredictDataSet) before rename="
[1] "colnames(PredictDataSet)=RaceHorse.IsHitA_Pred"
[1] "str(PredictDataSet) after rename="
'data.frame':	154086 obs. of  1 variable:
 $ PredictValue: num  0.0436 0.078 0.0701 0.0688 0.0751 ...
NULL
[1] "str(OutputDataSet) before cbind="
'data.frame':	154086 obs. of  2 variables:
 $ RaceHorse.RaceId  : Factor w/ 2718 levels "20160109-06-01-02-06",..: 1 1 1 1 1 1 1 1 1 1 ...
 $ RaceHorse.KettoNum: Factor w/ 6138 levels "2013100092","2013100782",..: 1 1 1 1 1 2 2 2 2 3 ...
NULL
[1] "str(OutputDataSet) after cbind="
'data.frame':	154086 obs. of  3 variables:
 $ RaceHorse.RaceId  : Factor w/ 2718 levels "20160109-06-01-02-06",..: 1 1 1 1 1 1 1 1 1 1 ...
 $ RaceHorse.KettoNum: Factor w/ 6138 levels "2013100092","2013100782",..: 1 1 1 1 1 2 2 2 2 3 ...
 $ PredictValue      : num  0.0436 0.078 0.0701 0.0688 0.0751 ...
NULL
[1] "2022-03-09 01:16:55 --- add PredictValue Finish ---"
[1] "2022-03-09 01:16:55 --- final Start ---"
[1] "--------------------------------------------------------------------------------"
[1] "nrow(OutputDataSet) final=154086"
[1] "--------------------------------------------------------------------------------"
[1] "str(OutputDataSet)="
'data.frame':	154086 obs. of  3 variables:
 $ RaceHorse.RaceId  : Factor w/ 2718 levels "20160109-06-01-02-06",..: 1 1 1 1 1 1 1 1 1 1 ...
 $ RaceHorse.KettoNum: Factor w/ 6138 levels "2013100092","2013100782",..: 1 1 1 1 1 2 2 2 2 3 ...
 $ PredictValue      : num  0.0436 0.078 0.0701 0.0688 0.0751 ...
NULL
[1] "2022-03-09 01:16:55 --- final Finish ---"
[1] "2022-03-09 01:16:55 --- predict.R Finished ---"
[1] "2022-03-09 01:16:55 --- log Finish ---"
