[1] "2022-03-09 01:27:02 --- D1116_Predict_glm_Gen02_IsHitA_Type21 Start ---"
[1] "2022-03-09 01:27:02 --- Log Start ---"
[1] "2022-03-09 01:27:02 --- predict.R Start ---"
[1] "--------------------------------------------------------------------------------"
[1] "analyzeVersion=D1116"
[1] "analyzeCategory=Predict"
[1] "analyzeType=Gen02"
[1] "analyzeFamily=IsHitA"
[1] "analyzeFunc=glm"
[1] "analyzeTrackTypeCd=2"
[1] "analyzeJyokenCd=1"
[1] "--------------------------------------------------------------------------------"
[1] "2022-03-09 01:27:02 --- source_function.R Start ---"
[1] "2022-03-09 01:27:02 --- source_function.R Finished ---"
[1] "2022-03-09 01:27:02 --- source_library.R Start ---"
[1] "2022-03-09 01:27:02 --- source_library.R Finished ---"
[1] "2022-03-09 01:27:02 --- Load Start ---"
[1] "analyzeTrackTypeCd=2"
[1] "analyzeJyokenCd=1"
[1] "loadFilename=RData_Analyze_glm_Gen02_Type21.RData"
[1] "2022-03-09 01:27:02 --- Load Finished ---"
[1] "2022-03-09 01:27:02 --- RxSqlServerData Start ---"
[1] "2022-03-09 01:27:02 --- RxInSqlServer Start ---"
[1] "2022-03-09 01:27:02 --- RxInSqlServer Finish ---"
[1] "2022-03-09 01:27:02 --- rxSetComputeContext Start ---"
[1] "2022-03-09 01:27:02 --- rxSetComputeContext Finish ---"
[1] "2022-03-09 01:27:02 --- RxSqlServerData Start ---"
[1] "analyzeTrackTypeCd=2"
[1] "analyzeJyokenCd=1"
[1] "predictSqlQuery=SELECT * FROM ViewAnalyzeD1116Predict01Gen02Type21"
[1] "2022-03-09 01:27:02 --- RxSqlServerData Finish ---"
[1] "2022-03-09 01:27:02 --- rxGetVarInfo Start ---"
[1] "2022-03-09 01:27:02 --- rxGetVarInfo Finish---"
[1] "2022-03-09 01:27:02 --- rxImport Start ---"
Rows Read: 17607, Total Rows Processed: 17607, Total Chunk Time: 21.325 seconds 
[1] "2022-03-09 01:27:46 --- rxImport Finish ---"
[1] "object.size(InputDataSet) auto=3.1 Mb"
[1] "--------------------------------------------------------------------------------"
[1] "nrow(InputDataSet) RxSqlServerData=17607"
[1] "--------------------------------------------------------------------------------"
[1] "str(InputDataSet)="
'data.frame':	17607 obs. of  29 variables:
 $ Race.RaceId                      : Factor w/ 378 levels "20160109-06-01-02-11",..: 1 1 1 1 1 1 1 1 1 1 ...
 $ Race.IsAnalyzeNormalPastAndFuture: logi  TRUE TRUE TRUE TRUE TRUE TRUE ...
 $ Race.IsAnalyzeNormalPast         : logi  TRUE TRUE TRUE TRUE TRUE TRUE ...
 $ Race.IsAnalyzeNormalFuture       : logi  FALSE FALSE FALSE FALSE FALSE FALSE ...
 $ Race.IsAnalyzeFullPastAndFuture  : logi  TRUE TRUE TRUE TRUE TRUE TRUE ...
 $ Race.IsAnalyzeFullPast           : logi  TRUE TRUE TRUE TRUE TRUE TRUE ...
 $ Race.IsAnalyzeFullFuture         : logi  FALSE FALSE FALSE FALSE FALSE FALSE ...
 $ Race.JyokenCd                    : Factor w/ 1 level "1": 1 1 1 1 1 1 1 1 1 1 ...
 $ Race.JyoType1Cd                  : Factor w/ 73 levels "24-06-1800-1",..: 1 1 1 1 1 1 1 1 1 1 ...
 $ Race.RaceType1Cd                 : Factor w/ 4 levels "2-1-14","2-1-12",..: 1 1 1 1 1 1 1 1 1 1 ...
 $ RaceHorse.RaceId                 : Factor w/ 378 levels "20160109-06-01-02-11",..: 1 1 1 1 1 1 1 1 1 1 ...
 $ RaceHorse.KettoNum               : Factor w/ 740 levels "2006100429","2009102606",..: 1 1 2 2 2 3 3 3 3 3 ...
 $ PrevRaceHorse.RaceId             : Factor w/ 614 levels "20100221-05-01-08-11",..: 1 2 3 4 5 6 7 8 9 10 ...
 $ PrevRaceHorse.KettoNum           : Factor w/ 779 levels "2006100429","2009102606",..: 1 1 2 2 2 3 3 3 3 3 ...
 $ PrevRaceHorse.FinishTimeSdvByRace: num  0.303 1.074 -0.545 0.145 0.347 ...
 $ PrevRaceHorse.FirstTimeSdvByRace : num  -0.565 -0.126 -0.91 -0.659 -1.312 ...
 $ PrevRaceHorse.LastTimeSdvByRace  : num  0.472 0.999 -0.154 0.442 0.943 ...
 $ PrevRaceHorse.FinishTimeSdv      : num  1.4 1.78 1.08 1.35 1.42 ...
 $ PrevRaceHorse.FirstTimeSdv       : num  1.407 0.946 1.055 1.396 1.242 ...
 $ PrevRaceHorse.LastTimeSdv        : num  0.713 1.642 0.483 0.57 0.958 ...
 $ PrevRaceHorse.IsRun              : num  1 1 1 1 1 1 1 1 1 1 ...
 $ PrevRaceHorse.IsHit1             : num  0 1 0 0 0 0 0 0 0 0 ...
 $ PrevRaceHorse.IsHit2             : num  0 0 0 0 0 0 0 0 0 0 ...
 $ PrevRaceHorse.IsHit3             : num  0 0 0 0 0 0 0 0 0 0 ...
 $ PrevRaceHorse.IsHit4             : num  0 0 0 0 0 0 1 0 0 0 ...
 $ PrevRaceHorse.IsHit5             : num  1 0 0 0 0 0 0 0 0 0 ...
 $ PrevRaceHorse.RowNum             : num  1 2 1 2 3 1 2 3 4 5 ...
 $ PrevOdds.RealOddsLog1            : num  2.94 4.05 5.3 3.89 5.48 ...
 $ EOF                              : int  1 1 1 1 1 1 1 1 1 1 ...
[1] "2022-03-09 01:27:46 --- RxSqlServerData Finish ---"
[1] "2022-03-09 01:27:46 --- subset Start ---"
[1] "--------------------------------------------------------------------------------"
[1] "nrow(InputDataSet) subset before=17607"
[1] "nrow(InputDataSet) subset after=17607"
[1] "nrow(InputDataSet) subset diff=0"
[1] "--------------------------------------------------------------------------------"
[1] "class(InputDataSet$Race.IsAnalyzeNormalPast)=logical"
[1] "class(InputDataSet$Race.analyzeTrackTypeCd)=NULL"
[1] "2022-03-09 01:27:46 --- subset Finish ---"
[1] "2022-03-09 01:27:46 --- na.omit Start ---"
[1] "--------------------------------------------------------------------------------"
[1] "nrow(InputDataSet) na.omit before=17607"
[1] "nrow(InputDataSet) na.omit after=17607"
[1] "nrow(InputDataSet) na.omit diff=0"
[1] "--------------------------------------------------------------------------------"
[1] "2022-03-09 01:27:46 --- na.omit Finish---"
[1] "2022-03-09 01:27:46 --- New Levels Start ---"
[1] "levels(data$Race.RaceType1Cd)=2-1-14"
[2] "levels(data$Race.RaceType1Cd)=2-1-12"
[3] "levels(data$Race.RaceType1Cd)=2-1-13"
[1] "levels(InputDataSet$Race.RaceType1Cd)=2-1-14"
[2] "levels(InputDataSet$Race.RaceType1Cd)=2-1-12"
[3] "levels(InputDataSet$Race.RaceType1Cd)=2-1-13"
[4] "levels(InputDataSet$Race.RaceType1Cd)=2-1-11"
[1] "length(Race.RaceType1Cd.Index)=2"
[1] "2022-03-09 01:27:46 --- New Levels Finish ---"
[1] "2022-03-09 01:27:46 --- na.omit Start ---"
[1] "--------------------------------------------------------------------------------"
[1] "nrow(InputDataSet) na.omit levels before=17607"
[1] "nrow(InputDataSet) na.omit levels after=17605"
[1] "nrow(InputDataSet) na.omit levels diff=2"
[1] "--------------------------------------------------------------------------------"
[1] "2022-03-09 01:27:46 --- na.omit Finish ---"
[1] "2022-03-09 01:27:46 --- Predict InputDataSet Start ---"
[1] "--------------------------------------------------------------------------------"
[1] "nrow(InputDataSet) predict=17605"
[1] "--------------------------------------------------------------------------------"
[1] "str(InputDataSet)="
'data.frame':	17605 obs. of  29 variables:
 $ Race.RaceId                      : Factor w/ 378 levels "20160109-06-01-02-11",..: 1 1 1 1 1 1 1 1 1 1 ...
 $ Race.IsAnalyzeNormalPastAndFuture: logi  TRUE TRUE TRUE TRUE TRUE TRUE ...
 $ Race.IsAnalyzeNormalPast         : logi  TRUE TRUE TRUE TRUE TRUE TRUE ...
 $ Race.IsAnalyzeNormalFuture       : logi  FALSE FALSE FALSE FALSE FALSE FALSE ...
 $ Race.IsAnalyzeFullPastAndFuture  : logi  TRUE TRUE TRUE TRUE TRUE TRUE ...
 $ Race.IsAnalyzeFullPast           : logi  TRUE TRUE TRUE TRUE TRUE TRUE ...
 $ Race.IsAnalyzeFullFuture         : logi  FALSE FALSE FALSE FALSE FALSE FALSE ...
 $ Race.JyokenCd                    : Factor w/ 1 level "1": 1 1 1 1 1 1 1 1 1 1 ...
 $ Race.JyoType1Cd                  : Factor w/ 73 levels "24-06-1800-1",..: 1 1 1 1 1 1 1 1 1 1 ...
 $ Race.RaceType1Cd                 : Factor w/ 4 levels "2-1-14","2-1-12",..: 1 1 1 1 1 1 1 1 1 1 ...
 $ RaceHorse.RaceId                 : Factor w/ 378 levels "20160109-06-01-02-11",..: 1 1 1 1 1 1 1 1 1 1 ...
 $ RaceHorse.KettoNum               : Factor w/ 740 levels "2006100429","2009102606",..: 1 1 2 2 2 3 3 3 3 3 ...
 $ PrevRaceHorse.RaceId             : Factor w/ 614 levels "20100221-05-01-08-11",..: 1 2 3 4 5 6 7 8 9 10 ...
 $ PrevRaceHorse.KettoNum           : Factor w/ 779 levels "2006100429","2009102606",..: 1 1 2 2 2 3 3 3 3 3 ...
 $ PrevRaceHorse.FinishTimeSdvByRace: num  0.303 1.074 -0.545 0.145 0.347 ...
 $ PrevRaceHorse.FirstTimeSdvByRace : num  -0.565 -0.126 -0.91 -0.659 -1.312 ...
 $ PrevRaceHorse.LastTimeSdvByRace  : num  0.472 0.999 -0.154 0.442 0.943 ...
 $ PrevRaceHorse.FinishTimeSdv      : num  1.4 1.78 1.08 1.35 1.42 ...
 $ PrevRaceHorse.FirstTimeSdv       : num  1.407 0.946 1.055 1.396 1.242 ...
 $ PrevRaceHorse.LastTimeSdv        : num  0.713 1.642 0.483 0.57 0.958 ...
 $ PrevRaceHorse.IsRun              : num  1 1 1 1 1 1 1 1 1 1 ...
 $ PrevRaceHorse.IsHit1             : num  0 1 0 0 0 0 0 0 0 0 ...
 $ PrevRaceHorse.IsHit2             : num  0 0 0 0 0 0 0 0 0 0 ...
 $ PrevRaceHorse.IsHit3             : num  0 0 0 0 0 0 0 0 0 0 ...
 $ PrevRaceHorse.IsHit4             : num  0 0 0 0 0 0 1 0 0 0 ...
 $ PrevRaceHorse.IsHit5             : num  1 0 0 0 0 0 0 0 0 0 ...
 $ PrevRaceHorse.RowNum             : num  1 2 1 2 3 1 2 3 4 5 ...
 $ PrevOdds.RealOddsLog1            : num  2.94 4.05 5.3 3.89 5.48 ...
 $ EOF                              : int  1 1 1 1 1 1 1 1 1 1 ...
 - attr(*, "na.action")= 'omit' Named int  16681 16682
  ..- attr(*, "names")= chr  "16681" "16682"
[1] "2022-03-09 01:27:46 --- Predict InputDataSet Finish ---"
[1] "2022-03-09 01:27:46 --- rxPredict (glm) Start ---"
[1] "analyzeFunc=glm"
Rows Read: 17605, Total Rows Processed: 17605, Total Chunk Time: 0.001 seconds 
[1] "--------------------------------------------------------------------------------"
[1] "nrow(PredictDataSet) afte predict=17605"
[1] "--------------------------------------------------------------------------------"
[1] "str(PredictDataSet)"
'data.frame':	17605 obs. of  1 variable:
 $ RaceHorse.IsHitA_Pred: num  0.0453 0.0579 0.0345 0.0431 0.046 ...
NULL
[1] "2022-03-09 01:27:46 --- rxPredict (glm) Finish ---"
[1] "2022-03-09 01:27:46 --- add key Start ---"
[1] "--------------------------------------------------------------------------------"
[1] "nrow(OutputDataSet) add KeyColmn=17605"
[1] "--------------------------------------------------------------------------------"
[1] "str(OutputDataSet) after add Key"
'data.frame':	17605 obs. of  2 variables:
 $ RaceHorse.RaceId  : Factor w/ 378 levels "20160109-06-01-02-11",..: 1 1 1 1 1 1 1 1 1 1 ...
 $ RaceHorse.KettoNum: Factor w/ 740 levels "2006100429","2009102606",..: 1 1 2 2 2 3 3 3 3 3 ...
NULL
[1] "2022-03-09 01:27:46 --- add key Finish ---"
[1] "2022-03-09 01:27:46 --- add PredictValue Start ---"
[1] "str(PredictDataSet) before rename="
[1] "colnames(PredictDataSet)=RaceHorse.IsHitA_Pred"
[1] "str(PredictDataSet) after rename="
'data.frame':	17605 obs. of  1 variable:
 $ PredictValue: num  0.0453 0.0579 0.0345 0.0431 0.046 ...
NULL
[1] "str(OutputDataSet) before cbind="
'data.frame':	17605 obs. of  2 variables:
 $ RaceHorse.RaceId  : Factor w/ 378 levels "20160109-06-01-02-11",..: 1 1 1 1 1 1 1 1 1 1 ...
 $ RaceHorse.KettoNum: Factor w/ 740 levels "2006100429","2009102606",..: 1 1 2 2 2 3 3 3 3 3 ...
NULL
[1] "str(OutputDataSet) after cbind="
'data.frame':	17605 obs. of  3 variables:
 $ RaceHorse.RaceId  : Factor w/ 378 levels "20160109-06-01-02-11",..: 1 1 1 1 1 1 1 1 1 1 ...
 $ RaceHorse.KettoNum: Factor w/ 740 levels "2006100429","2009102606",..: 1 1 2 2 2 3 3 3 3 3 ...
 $ PredictValue      : num  0.0453 0.0579 0.0345 0.0431 0.046 ...
NULL
[1] "2022-03-09 01:27:46 --- add PredictValue Finish ---"
[1] "2022-03-09 01:27:46 --- final Start ---"
[1] "--------------------------------------------------------------------------------"
[1] "nrow(OutputDataSet) final=17605"
[1] "--------------------------------------------------------------------------------"
[1] "str(OutputDataSet)="
'data.frame':	17605 obs. of  3 variables:
 $ RaceHorse.RaceId  : Factor w/ 378 levels "20160109-06-01-02-11",..: 1 1 1 1 1 1 1 1 1 1 ...
 $ RaceHorse.KettoNum: Factor w/ 740 levels "2006100429","2009102606",..: 1 1 2 2 2 3 3 3 3 3 ...
 $ PredictValue      : num  0.0453 0.0579 0.0345 0.0431 0.046 ...
NULL
[1] "2022-03-09 01:27:46 --- final Finish ---"
[1] "2022-03-09 01:27:46 --- predict.R Finished ---"
[1] "2022-03-09 01:27:46 --- log Finish ---"
