[1] "2022-03-09 00:57:23 --- D1116_Predict_glm_Basic_IsHitA_Type25 Start ---"
[1] "2022-03-09 00:57:23 --- Log Start ---"
[1] "2022-03-09 00:57:23 --- predict.R Start ---"
[1] "--------------------------------------------------------------------------------"
[1] "analyzeVersion=D1116"
[1] "analyzeCategory=Predict"
[1] "analyzeType=Basic"
[1] "analyzeFamily=IsHitA"
[1] "analyzeFunc=glm"
[1] "analyzeTrackTypeCd=2"
[1] "analyzeJyokenCd=5"
[1] "--------------------------------------------------------------------------------"
[1] "2022-03-09 00:57:23 --- source_function.R Start ---"
[1] "2022-03-09 00:57:23 --- source_function.R Finished ---"
[1] "2022-03-09 00:57:23 --- source_library.R Start ---"
[1] "2022-03-09 00:57:23 --- source_library.R Finished ---"
[1] "2022-03-09 00:57:23 --- Load Start ---"
[1] "analyzeTrackTypeCd=2"
[1] "analyzeJyokenCd=5"
[1] "loadFilename=RData_Analyze_glm_Basic_Type25.RData"
[1] "2022-03-09 00:57:23 --- Load Finished ---"
[1] "2022-03-09 00:57:23 --- RxSqlServerData Start ---"
[1] "2022-03-09 00:57:23 --- RxInSqlServer Start ---"
[1] "2022-03-09 00:57:23 --- RxInSqlServer Finish ---"
[1] "2022-03-09 00:57:24 --- rxSetComputeContext Start ---"
[1] "2022-03-09 00:57:24 --- rxSetComputeContext Finish ---"
[1] "2022-03-09 00:57:24 --- RxSqlServerData Start ---"
[1] "analyzeTrackTypeCd=2"
[1] "analyzeJyokenCd=5"
[1] "predictSqlQuery=SELECT * FROM ViewAnalyzeD1116Predict01BasicType25"
[1] "2022-03-09 00:57:24 --- RxSqlServerData Finish ---"
[1] "2022-03-09 00:57:24 --- rxGetVarInfo Start ---"
[1] "2022-03-09 00:57:24 --- rxGetVarInfo Finish---"
[1] "2022-03-09 00:57:24 --- rxImport Start ---"
Rows Read: 60094, Total Rows Processed: 60094, Total Chunk Time: 2.148 seconds 
[1] "2022-03-09 00:57:28 --- rxImport Finish ---"
[1] "object.size(InputDataSet) auto=14.5 Mb"
[1] "--------------------------------------------------------------------------------"
[1] "nrow(InputDataSet) RxSqlServerData=60094"
[1] "--------------------------------------------------------------------------------"
[1] "str(InputDataSet)="
'data.frame':	60094 obs. of  34 variables:
 $ Race.RaceId                        : Factor w/ 4086 levels "20200801-04-02-03-01",..: 1 1 1 1 1 1 1 1 1 1 ...
 $ Race.IsAnalyzeNormalPastAndFuture  : logi  TRUE TRUE TRUE TRUE TRUE TRUE ...
 $ Race.IsAnalyzeNormalPast           : logi  TRUE TRUE TRUE TRUE TRUE TRUE ...
 $ Race.IsAnalyzeNormalFuture         : logi  FALSE FALSE FALSE FALSE FALSE FALSE ...
 $ Race.IsAnalyzeFullPastAndFuture    : logi  TRUE TRUE TRUE TRUE TRUE TRUE ...
 $ Race.IsAnalyzeFullPast             : logi  TRUE TRUE TRUE TRUE TRUE TRUE ...
 $ Race.IsAnalyzeFullFuture           : logi  FALSE FALSE FALSE FALSE FALSE FALSE ...
 $ Race.JyokenCd                      : Factor w/ 1 level "5": 1 1 1 1 1 1 1 1 1 1 ...
 $ Race.JyoType1Cd                    : Factor w/ 118 levels "23-04-1200-3",..: 1 1 1 1 1 1 1 1 1 1 ...
 $ Race.RaceType1Cd                   : Factor w/ 2 levels "2-5-11","2-5-12": 1 1 1 1 1 1 1 1 1 1 ...
 $ RaceHorse.RaceId                   : Factor w/ 4086 levels "20200801-04-02-03-01",..: 1 1 1 1 1 1 1 1 1 1 ...
 $ RaceHorse.KettoNum                 : Factor w/ 20856 levels "2018100824","2018106303",..: 1 2 3 4 5 6 7 8 9 10 ...
 $ RaceHorse.IsValidRaceHorse         : logi  TRUE TRUE TRUE TRUE TRUE TRUE ...
 $ RaceHorse.HorseNumRatio            : num  0.0667 0.1333 0.2 0.2667 0.3333 ...
 $ RaceHorse.WeightSdvByRace          : num  0.0838 -0.5448 1.3411 0.8172 -0.2305 ...
 $ RaceHorse.WeightDeltaSdvByRace     : num  -1.294 -0.821 2.02 0.126 0.6 ...
 $ RaceHorse.WeightDeltaRatioSdvByRace: num  -1.271 -0.812 1.914 0.129 0.627 ...
 $ RaceHorse.HandicapSdvByRace        : num  -2 0.5 0.5 0.5 0.5 ...
 $ RaceHorse.HandicapRatioSdvByRace   : num  -0.452 0.559 -1.131 -0.687 0.259 ...
 $ RaceHorse.WeightSdv                : num  0 0 0 0 0 0 0 0 0 0 ...
 $ RaceHorse.WeightDeltaSdv           : num  0 0 0 0 0 0 0 0 0 0 ...
 $ RaceHorse.WeightDeltaRatioSdv      : num  0 0 0 0 0 0 0 0 0 0 ...
 $ RaceHorse.HandicapSdv              : num  0 0 0 0 0 0 0 0 0 0 ...
 $ RaceHorse.HandicapRatioSdv         : num  0 0 0 0 0 0 0 0 0 0 ...
 $ DataMining.DmTimeSdv               : num  -0.674 -0.23 -0.614 1.542 -0.644 ...
 $ DataMiningTaisen.TmScoreSdv        : num  -0.391 0.329 -1.342 0.903 -1.299 ...
 $ OddsByWin.Odds1                    : num  34 17.2 262.4 5.8 103.9 ...
 $ OddsByWin.RealOdds1                : num  42.5 21.5 328 7.25 129.88 ...
 $ OddsByWin.Ninki                    : num  8 5 15 3 13 1 9 10 14 4 ...
 $ OddsByWin.OddsLog1                 : num  3.53 2.84 5.57 1.76 4.64 ...
 $ OddsByWin.ApprovalRate1            : num  0.02353 0.04651 0.00305 0.13793 0.0077 ...
 $ OddsByWin.RealOddsLog1             : num  3.75 3.07 5.79 1.98 4.87 ...
 $ OddsByWin.RealApprovalRate1        : num  0.02941 0.05814 0.00381 0.17241 0.00962 ...
 $ EOF                                : int  1 1 1 1 1 1 1 1 1 1 ...
[1] "2022-03-09 00:57:28 --- RxSqlServerData Finish ---"
[1] "2022-03-09 00:57:28 --- subset Start ---"
[1] "--------------------------------------------------------------------------------"
[1] "nrow(InputDataSet) subset before=60094"
[1] "nrow(InputDataSet) subset after=60094"
[1] "nrow(InputDataSet) subset diff=0"
[1] "--------------------------------------------------------------------------------"
[1] "class(InputDataSet$Race.IsAnalyzeNormalPast)=logical"
[1] "class(InputDataSet$Race.analyzeTrackTypeCd)=NULL"
[1] "2022-03-09 00:57:28 --- subset Finish ---"
[1] "2022-03-09 00:57:28 --- na.omit Start ---"
[1] "--------------------------------------------------------------------------------"
[1] "nrow(InputDataSet) na.omit before=60094"
[1] "nrow(InputDataSet) na.omit after=59850"
[1] "nrow(InputDataSet) na.omit diff=244"
[1] "--------------------------------------------------------------------------------"
[1] "2022-03-09 00:57:28 --- na.omit Finish---"
[1] "2022-03-09 00:57:28 --- New Levels Start ---"
[1] "levels(data$Race.RaceType1Cd)=2-5-11"
[2] "levels(data$Race.RaceType1Cd)=2-5-12"
[1] "levels(InputDataSet$Race.RaceType1Cd)=2-5-11"
[2] "levels(InputDataSet$Race.RaceType1Cd)=2-5-12"
[1] "length(Race.RaceType1Cd.Index)=0"
[1] "2022-03-09 00:57:28 --- New Levels Finish ---"
[1] "2022-03-09 00:57:28 --- na.omit Start ---"
[1] "--------------------------------------------------------------------------------"
[1] "nrow(InputDataSet) na.omit levels before=59850"
[1] "nrow(InputDataSet) na.omit levels after=59850"
[1] "nrow(InputDataSet) na.omit levels diff=0"
[1] "--------------------------------------------------------------------------------"
[1] "2022-03-09 00:57:28 --- na.omit Finish ---"
[1] "2022-03-09 00:57:28 --- Predict InputDataSet Start ---"
[1] "--------------------------------------------------------------------------------"
[1] "nrow(InputDataSet) predict=59850"
[1] "--------------------------------------------------------------------------------"
[1] "str(InputDataSet)="
'data.frame':	59850 obs. of  34 variables:
 $ Race.RaceId                        : Factor w/ 4086 levels "20200801-04-02-03-01",..: 1 1 1 1 1 1 1 1 1 1 ...
 $ Race.IsAnalyzeNormalPastAndFuture  : logi  TRUE TRUE TRUE TRUE TRUE TRUE ...
 $ Race.IsAnalyzeNormalPast           : logi  TRUE TRUE TRUE TRUE TRUE TRUE ...
 $ Race.IsAnalyzeNormalFuture         : logi  FALSE FALSE FALSE FALSE FALSE FALSE ...
 $ Race.IsAnalyzeFullPastAndFuture    : logi  TRUE TRUE TRUE TRUE TRUE TRUE ...
 $ Race.IsAnalyzeFullPast             : logi  TRUE TRUE TRUE TRUE TRUE TRUE ...
 $ Race.IsAnalyzeFullFuture           : logi  FALSE FALSE FALSE FALSE FALSE FALSE ...
 $ Race.JyokenCd                      : Factor w/ 1 level "5": 1 1 1 1 1 1 1 1 1 1 ...
 $ Race.JyoType1Cd                    : Factor w/ 118 levels "23-04-1200-3",..: 1 1 1 1 1 1 1 1 1 1 ...
 $ Race.RaceType1Cd                   : Factor w/ 2 levels "2-5-11","2-5-12": 1 1 1 1 1 1 1 1 1 1 ...
 $ RaceHorse.RaceId                   : Factor w/ 4086 levels "20200801-04-02-03-01",..: 1 1 1 1 1 1 1 1 1 1 ...
 $ RaceHorse.KettoNum                 : Factor w/ 20856 levels "2018100824","2018106303",..: 1 2 3 4 5 6 7 8 9 10 ...
 $ RaceHorse.IsValidRaceHorse         : logi  TRUE TRUE TRUE TRUE TRUE TRUE ...
 $ RaceHorse.HorseNumRatio            : num  0.0667 0.1333 0.2 0.2667 0.3333 ...
 $ RaceHorse.WeightSdvByRace          : num  0.0838 -0.5448 1.3411 0.8172 -0.2305 ...
 $ RaceHorse.WeightDeltaSdvByRace     : num  -1.294 -0.821 2.02 0.126 0.6 ...
 $ RaceHorse.WeightDeltaRatioSdvByRace: num  -1.271 -0.812 1.914 0.129 0.627 ...
 $ RaceHorse.HandicapSdvByRace        : num  -2 0.5 0.5 0.5 0.5 ...
 $ RaceHorse.HandicapRatioSdvByRace   : num  -0.452 0.559 -1.131 -0.687 0.259 ...
 $ RaceHorse.WeightSdv                : num  0 0 0 0 0 0 0 0 0 0 ...
 $ RaceHorse.WeightDeltaSdv           : num  0 0 0 0 0 0 0 0 0 0 ...
 $ RaceHorse.WeightDeltaRatioSdv      : num  0 0 0 0 0 0 0 0 0 0 ...
 $ RaceHorse.HandicapSdv              : num  0 0 0 0 0 0 0 0 0 0 ...
 $ RaceHorse.HandicapRatioSdv         : num  0 0 0 0 0 0 0 0 0 0 ...
 $ DataMining.DmTimeSdv               : num  -0.674 -0.23 -0.614 1.542 -0.644 ...
 $ DataMiningTaisen.TmScoreSdv        : num  -0.391 0.329 -1.342 0.903 -1.299 ...
 $ OddsByWin.Odds1                    : num  34 17.2 262.4 5.8 103.9 ...
 $ OddsByWin.RealOdds1                : num  42.5 21.5 328 7.25 129.88 ...
 $ OddsByWin.Ninki                    : num  8 5 15 3 13 1 9 10 14 4 ...
 $ OddsByWin.OddsLog1                 : num  3.53 2.84 5.57 1.76 4.64 ...
 $ OddsByWin.ApprovalRate1            : num  0.02353 0.04651 0.00305 0.13793 0.0077 ...
 $ OddsByWin.RealOddsLog1             : num  3.75 3.07 5.79 1.98 4.87 ...
 $ OddsByWin.RealApprovalRate1        : num  0.02941 0.05814 0.00381 0.17241 0.00962 ...
 $ EOF                                : int  1 1 1 1 1 1 1 1 1 1 ...
 - attr(*, "na.action")= 'omit' Named int  424 489 721 1005 1462 1700 1825 1871 2240 2250 ...
  ..- attr(*, "names")= chr  "424" "489" "721" "1005" ...
[1] "2022-03-09 00:57:28 --- Predict InputDataSet Finish ---"
[1] "2022-03-09 00:57:28 --- rxPredict (glm) Start ---"
[1] "analyzeFunc=glm"
Rows Read: 59850, Total Rows Processed: 59850, Total Chunk Time: 0.005 seconds 
[1] "--------------------------------------------------------------------------------"
[1] "nrow(PredictDataSet) afte predict=59850"
[1] "--------------------------------------------------------------------------------"
[1] "str(PredictDataSet)"
'data.frame':	59850 obs. of  1 variable:
 $ RaceHorse.IsHitA_Pred: num  0.02326 0.04676 0.00242 0.15163 0.00644 ...
NULL
[1] "2022-03-09 00:57:28 --- rxPredict (glm) Finish ---"
[1] "2022-03-09 00:57:28 --- add key Start ---"
[1] "--------------------------------------------------------------------------------"
[1] "nrow(OutputDataSet) add KeyColmn=59850"
[1] "--------------------------------------------------------------------------------"
[1] "str(OutputDataSet) after add Key"
'data.frame':	59850 obs. of  2 variables:
 $ RaceHorse.RaceId  : Factor w/ 4086 levels "20200801-04-02-03-01",..: 1 1 1 1 1 1 1 1 1 1 ...
 $ RaceHorse.KettoNum: Factor w/ 20856 levels "2018100824","2018106303",..: 1 2 3 4 5 6 7 8 9 10 ...
NULL
[1] "2022-03-09 00:57:28 --- add key Finish ---"
[1] "2022-03-09 00:57:28 --- add PredictValue Start ---"
[1] "str(PredictDataSet) before rename="
[1] "colnames(PredictDataSet)=RaceHorse.IsHitA_Pred"
[1] "str(PredictDataSet) after rename="
'data.frame':	59850 obs. of  1 variable:
 $ PredictValue: num  0.02326 0.04676 0.00242 0.15163 0.00644 ...
NULL
[1] "str(OutputDataSet) before cbind="
'data.frame':	59850 obs. of  2 variables:
 $ RaceHorse.RaceId  : Factor w/ 4086 levels "20200801-04-02-03-01",..: 1 1 1 1 1 1 1 1 1 1 ...
 $ RaceHorse.KettoNum: Factor w/ 20856 levels "2018100824","2018106303",..: 1 2 3 4 5 6 7 8 9 10 ...
NULL
[1] "str(OutputDataSet) after cbind="
'data.frame':	59850 obs. of  3 variables:
 $ RaceHorse.RaceId  : Factor w/ 4086 levels "20200801-04-02-03-01",..: 1 1 1 1 1 1 1 1 1 1 ...
 $ RaceHorse.KettoNum: Factor w/ 20856 levels "2018100824","2018106303",..: 1 2 3 4 5 6 7 8 9 10 ...
 $ PredictValue      : num  0.02326 0.04676 0.00242 0.15163 0.00644 ...
NULL
[1] "2022-03-09 00:57:28 --- add PredictValue Finish ---"
[1] "2022-03-09 00:57:28 --- final Start ---"
[1] "--------------------------------------------------------------------------------"
[1] "nrow(OutputDataSet) final=59850"
[1] "--------------------------------------------------------------------------------"
[1] "str(OutputDataSet)="
'data.frame':	59850 obs. of  3 variables:
 $ RaceHorse.RaceId  : Factor w/ 4086 levels "20200801-04-02-03-01",..: 1 1 1 1 1 1 1 1 1 1 ...
 $ RaceHorse.KettoNum: Factor w/ 20856 levels "2018100824","2018106303",..: 1 2 3 4 5 6 7 8 9 10 ...
 $ PredictValue      : num  0.02326 0.04676 0.00242 0.15163 0.00644 ...
NULL
[1] "2022-03-09 00:57:28 --- final Finish ---"
[1] "2022-03-09 00:57:28 --- predict.R Finished ---"
[1] "2022-03-09 00:57:28 --- log Finish ---"
