[1] "2022-03-10 17:09:08 --- D1116_analyze_glm_Basic_IsHitA_Type11 Start ---"
[1] "2022-03-10 17:09:08 --- Log Start ---"
[1] "2022-03-10 17:09:08 --- analyze_glm.R Start ---"
[1] "analyzeVersion=D1116"
[1] "analyzeCategory=analyze"
[1] "analyzeType=Basic"
[1] "analyzeFamily=IsHitA"
[1] "analyzeFunc=glm"
[1] "analyzeTrackTypeCd=1"
[1] "analyzeJyokenCd=1"
[1] "2022-03-10 17:09:08 --- source_function.R Start ---"
[1] "2022-03-10 17:09:08 --- source_function.R Finished ---"

> print(paste0(Sys.time(), " --- source_library.R Start ---"))
[1] "2022-03-10 17:09:08 --- source_library.R Start ---"

> require("RevoScaleR")

> print(paste0(Sys.time(), " --- source_library.R Finished ---"))
[1] "2022-03-10 17:09:09 --- source_library.R Finished ---"
[1] "2022-03-10 17:09:09 --- RxSqlServerData Start ---"
[1] "2022-03-10 17:09:09 --- RxInSqlServer Start ---"
[1] "2022-03-10 17:09:09 --- RxInSqlServer Finish ---"
[1] "2022-03-10 17:09:09 --- rxSetComputeContext Start ---"
[1] "2022-03-10 17:09:09 --- rxSetComputeContext Finish ---"
[1] "2022-03-10 17:09:09 --- RxSqlServerData Start ---"
[1] "sqlQuery=SELECT * FROM ViewAnalyzeD1116analyze01BasicType11"
[1] "2022-03-10 17:09:09 --- RxSqlServerData Finish ---"
[1] "2022-03-10 17:09:09 --- rxGetVarInfo Start ---"
[1] "2022-03-10 17:09:09 --- rxGetVarInfo Finish---"
[1] "2022-03-10 17:09:09 --- rxImport Start ---"
Rows Read: 12852, Total Rows Processed: 12852, Total Chunk Time: 2.401 seconds 
[1] "2022-03-10 17:09:14 --- rxImport Finish ---"
[1] "object.size(data) auto=3.9 Mb"
[1] "--------------------------------------------------------------------------------"
[1] "nrow(data) RxSqlServerData=12852"
[1] "--------------------------------------------------------------------------------"
[1] "str(data)="
'data.frame':	12852 obs. of  43 variables:
 $ Race.RaceId                        : Factor w/ 928 levels "20200802-04-02-04-11",..: 1 1 1 1 1 1 1 1 1 1 ...
 $ Race.IsAnalyzeNormalPastAndFuture  : logi  TRUE TRUE TRUE TRUE TRUE TRUE ...
 $ Race.IsAnalyzeNormalPast           : logi  TRUE TRUE TRUE TRUE TRUE TRUE ...
 $ Race.IsAnalyzeNormalFuture         : logi  FALSE FALSE FALSE FALSE FALSE FALSE ...
 $ Race.IsAnalyzeFullPastAndFuture    : logi  TRUE TRUE TRUE TRUE TRUE TRUE ...
 $ Race.IsAnalyzeFullPast             : logi  TRUE TRUE TRUE TRUE TRUE TRUE ...
 $ Race.IsAnalyzeFullFuture           : logi  FALSE FALSE FALSE FALSE FALSE FALSE ...
 $ Race.JyokenCd                      : Factor w/ 1 level "1": 1 1 1 1 1 1 1 1 1 1 ...
 $ Race.JyoType1Cd                    : Factor w/ 141 levels "12-04-1800-1",..: 1 1 1 1 1 1 1 1 1 1 ...
 $ Race.RaceType1Cd                   : Factor w/ 4 levels "1-1-13","1-1-11",..: 1 1 1 1 1 1 1 1 1 1 ...
 $ RaceHorse.RaceId                   : Factor w/ 928 levels "20200802-04-02-04-11",..: 1 1 1 1 1 1 1 1 1 1 ...
 $ RaceHorse.KettoNum                 : Factor w/ 3103 levels "2015105105","2013106128",..: 1 2 3 4 5 6 7 8 9 10 ...
 $ RaceHorse.IsValidRaceHorse         : logi  TRUE TRUE TRUE TRUE TRUE TRUE ...
 $ RaceHorse.HorseNumRatio            : num  0.0714 0.1429 0.2143 0.2857 0.3571 ...
 $ RaceHorse.WeightSdvByRace          : num  -2.031 1.266 0.648 -0.795 1.266 ...
 $ RaceHorse.WeightDeltaSdvByRace     : num  0.871 -0.348 0.871 -0.836 -1.324 ...
 $ RaceHorse.WeightDeltaRatioSdvByRace: num  1.004 -0.355 0.863 -0.871 -1.307 ...
 $ RaceHorse.HandicapSdvByRace        : num  0.224 0.224 0.224 -2.907 0.224 ...
 $ RaceHorse.HandicapRatioSdvByRace   : num  2.2466 -1.1844 -0.608 -0.0795 -1.1844 ...
 $ RaceHorse.WeightSdv                : num  -1.396 1.139 0.663 -0.445 1.139 ...
 $ RaceHorse.WeightDeltaSdv           : num  1.5721 -0.0863 1.5721 -0.7496 -1.413 ...
 $ RaceHorse.WeightDeltaRatioSdv      : num  1.7067 -0.0819 1.5207 -0.761 -1.334 ...
 $ RaceHorse.HandicapSdv              : num  0.379 0.379 0.379 -0.765 0.379 ...
 $ RaceHorse.HandicapRatioSdv         : num  1.668 -0.8805 -0.4523 -0.0597 -0.8805 ...
 $ RaceHorse.FinishTimeSdvByRace      : num  0.16 0.575 0.658 -0.255 0.492 ...
 $ RaceHorse.FirstTimeSdvByRace       : num  -0.436 3.052 0.145 -0.339 -0.533 ...
 $ RaceHorse.LastTimeSdvByRace        : num  0.4008 -1.532 0.4008 0.0267 0.7126 ...
 $ RaceHorse.FinishTimeSdv            : num  1.237 1.497 1.549 0.978 1.445 ...
 $ RaceHorse.FirstTimeSdv             : num  0.669 2.726 1.012 0.727 0.612 ...
 $ RaceHorse.LastTimeSdv              : num  0.939 -1.465 0.939 0.473 1.327 ...
 $ RaceHorse.IsHitA                   : num  0 0 0 0 0 0 0 0 0 0 ...
 $ RaceHorse.IsHitB                   : num  0 0 0 0 0 0 0 0 0 0 ...
 $ RaceHorse.IsHitC                   : num  0 0 1 0 0 0 0 0 0 0 ...
 $ DataMining.DmTimeSdv               : num  0.25 1.098 1.55 0.504 0.956 ...
 $ DataMiningTaisen.TmScoreSdv        : num  0.416 0.332 1.804 -1.002 0.266 ...
 $ OddsByWin.Odds1                    : num  7.5 19.4 5.6 46.7 7.2 ...
 $ OddsByWin.RealOdds1                : num  9.38 24.25 7 58.38 9 ...
 $ OddsByWin.Ninki                    : num  5 8 2 10 3 6 9 13 7 14 ...
 $ OddsByWin.OddsLog1                 : num  2.01 2.97 1.72 3.84 1.97 ...
 $ OddsByWin.ApprovalRate1            : num  0.1067 0.0412 0.1429 0.0171 0.1111 ...
 $ OddsByWin.RealOddsLog1             : num  2.24 3.19 1.95 4.07 2.2 ...
 $ OddsByWin.RealApprovalRate1        : num  0.1333 0.0515 0.1786 0.0214 0.1389 ...
 $ EOF                                : int  1 1 1 1 1 1 1 1 1 1 ...
[1] "2022-03-10 17:09:14 --- RxSqlServerData Finish ---"
[1] "2022-03-10 17:09:14 --- subset Start ---"
[1] "--------------------------------------------------------------------------------"
[1] "nrow(data) subset before=12852"
[1] "nrow(data) subset after =12852"
[1] "nrow(data) subset diff =0"
[1] "--------------------------------------------------------------------------------"
[1] "2022-03-10 17:09:15 --- subset Finish---"
[1] "2022-03-10 17:09:15 --- transform Start ---"
[1] "--------------------------------------------------------------------------------"
[1] "nrow(data) transform before=12852"
[1] "nrow(data) transform after=12852"
[1] "nrow(data) transform diff=0"
[1] "--------------------------------------------------------------------------------"
[1] "str(data)="
'data.frame':	12852 obs. of  43 variables:
 $ Race.RaceId                        : Factor w/ 928 levels "20200802-04-02-04-11",..: 1 1 1 1 1 1 1 1 1 1 ...
 $ Race.IsAnalyzeNormalPastAndFuture  : logi  TRUE TRUE TRUE TRUE TRUE TRUE ...
 $ Race.IsAnalyzeNormalPast           : logi  TRUE TRUE TRUE TRUE TRUE TRUE ...
 $ Race.IsAnalyzeNormalFuture         : logi  FALSE FALSE FALSE FALSE FALSE FALSE ...
 $ Race.IsAnalyzeFullPastAndFuture    : logi  TRUE TRUE TRUE TRUE TRUE TRUE ...
 $ Race.IsAnalyzeFullPast             : logi  TRUE TRUE TRUE TRUE TRUE TRUE ...
 $ Race.IsAnalyzeFullFuture           : logi  FALSE FALSE FALSE FALSE FALSE FALSE ...
 $ Race.JyokenCd                      : Factor w/ 1 level "1": 1 1 1 1 1 1 1 1 1 1 ...
 $ Race.JyoType1Cd                    : Factor w/ 141 levels "12-04-1800-1",..: 1 1 1 1 1 1 1 1 1 1 ...
 $ Race.RaceType1Cd                   : Factor w/ 4 levels "1-1-13","1-1-11",..: 1 1 1 1 1 1 1 1 1 1 ...
 $ RaceHorse.RaceId                   : Factor w/ 928 levels "20200802-04-02-04-11",..: 1 1 1 1 1 1 1 1 1 1 ...
 $ RaceHorse.KettoNum                 : Factor w/ 3103 levels "2015105105","2013106128",..: 1 2 3 4 5 6 7 8 9 10 ...
 $ RaceHorse.IsValidRaceHorse         : logi  TRUE TRUE TRUE TRUE TRUE TRUE ...
 $ RaceHorse.HorseNumRatio            : num  0.0714 0.1429 0.2143 0.2857 0.3571 ...
 $ RaceHorse.WeightSdvByRace          : num  -2.031 1.266 0.648 -0.795 1.266 ...
 $ RaceHorse.WeightDeltaSdvByRace     : num  0.871 -0.348 0.871 -0.836 -1.324 ...
 $ RaceHorse.WeightDeltaRatioSdvByRace: num  1.004 -0.355 0.863 -0.871 -1.307 ...
 $ RaceHorse.HandicapSdvByRace        : num  0.224 0.224 0.224 -2.907 0.224 ...
 $ RaceHorse.HandicapRatioSdvByRace   : num  2.2466 -1.1844 -0.608 -0.0795 -1.1844 ...
 $ RaceHorse.WeightSdv                : num  -1.396 1.139 0.663 -0.445 1.139 ...
 $ RaceHorse.WeightDeltaSdv           : num  1.5721 -0.0863 1.5721 -0.7496 -1.413 ...
 $ RaceHorse.WeightDeltaRatioSdv      : num  1.7067 -0.0819 1.5207 -0.761 -1.334 ...
 $ RaceHorse.HandicapSdv              : num  0.379 0.379 0.379 -0.765 0.379 ...
 $ RaceHorse.HandicapRatioSdv         : num  1.668 -0.8805 -0.4523 -0.0597 -0.8805 ...
 $ RaceHorse.FinishTimeSdvByRace      : num  0.16 0.575 0.658 -0.255 0.492 ...
 $ RaceHorse.FirstTimeSdvByRace       : num  -0.436 3.052 0.145 -0.339 -0.533 ...
 $ RaceHorse.LastTimeSdvByRace        : num  0.4008 -1.532 0.4008 0.0267 0.7126 ...
 $ RaceHorse.FinishTimeSdv            : num  1.237 1.497 1.549 0.978 1.445 ...
 $ RaceHorse.FirstTimeSdv             : num  0.669 2.726 1.012 0.727 0.612 ...
 $ RaceHorse.LastTimeSdv              : num  0.939 -1.465 0.939 0.473 1.327 ...
 $ RaceHorse.IsHitA                   : num  0 0 0 0 0 0 0 0 0 0 ...
 $ RaceHorse.IsHitB                   : num  0 0 0 0 0 0 0 0 0 0 ...
 $ RaceHorse.IsHitC                   : num  0 0 1 0 0 0 0 0 0 0 ...
 $ DataMining.DmTimeSdv               : num  0.25 1.098 1.55 0.504 0.956 ...
 $ DataMiningTaisen.TmScoreSdv        : num  0.416 0.332 1.804 -1.002 0.266 ...
 $ OddsByWin.Odds1                    : num  7.5 19.4 5.6 46.7 7.2 ...
 $ OddsByWin.RealOdds1                : num  9.38 24.25 7 58.38 9 ...
 $ OddsByWin.Ninki                    : num  5 8 2 10 3 6 9 13 7 14 ...
 $ OddsByWin.OddsLog1                 : num  2.01 2.97 1.72 3.84 1.97 ...
 $ OddsByWin.ApprovalRate1            : num  0.1067 0.0412 0.1429 0.0171 0.1111 ...
 $ OddsByWin.RealOddsLog1             : num  2.24 3.19 1.95 4.07 2.2 ...
 $ OddsByWin.RealApprovalRate1        : num  0.1333 0.0515 0.1786 0.0214 0.1389 ...
 $ EOF                                : int  1 1 1 1 1 1 1 1 1 1 ...
NULL
[1] "2022-03-10 17:09:15 --- transform Finish ---"
[1] "2022-03-10 17:09:15 --- na.omit Start ---"
[1] "--------------------------------------------------------------------------------"
[1] "nrow(data) na.omit before=12852"
[1] "nrow(data) na.omit after =12776"
[1] "nrow(data) na.omit diff =76"
[1] "--------------------------------------------------------------------------------"
'data.frame':	12776 obs. of  43 variables:
 $ Race.RaceId                        : Factor w/ 928 levels "20200802-04-02-04-11",..: 1 1 1 1 1 1 1 1 1 1 ...
 $ Race.IsAnalyzeNormalPastAndFuture  : logi  TRUE TRUE TRUE TRUE TRUE TRUE ...
 $ Race.IsAnalyzeNormalPast           : logi  TRUE TRUE TRUE TRUE TRUE TRUE ...
 $ Race.IsAnalyzeNormalFuture         : logi  FALSE FALSE FALSE FALSE FALSE FALSE ...
 $ Race.IsAnalyzeFullPastAndFuture    : logi  TRUE TRUE TRUE TRUE TRUE TRUE ...
 $ Race.IsAnalyzeFullPast             : logi  TRUE TRUE TRUE TRUE TRUE TRUE ...
 $ Race.IsAnalyzeFullFuture           : logi  FALSE FALSE FALSE FALSE FALSE FALSE ...
 $ Race.JyokenCd                      : Factor w/ 1 level "1": 1 1 1 1 1 1 1 1 1 1 ...
 $ Race.JyoType1Cd                    : Factor w/ 141 levels "12-04-1800-1",..: 1 1 1 1 1 1 1 1 1 1 ...
 $ Race.RaceType1Cd                   : Factor w/ 4 levels "1-1-13","1-1-11",..: 1 1 1 1 1 1 1 1 1 1 ...
 $ RaceHorse.RaceId                   : Factor w/ 928 levels "20200802-04-02-04-11",..: 1 1 1 1 1 1 1 1 1 1 ...
 $ RaceHorse.KettoNum                 : Factor w/ 3103 levels "2015105105","2013106128",..: 1 2 3 4 5 6 7 8 9 10 ...
 $ RaceHorse.IsValidRaceHorse         : logi  TRUE TRUE TRUE TRUE TRUE TRUE ...
 $ RaceHorse.HorseNumRatio            : num  0.0714 0.1429 0.2143 0.2857 0.3571 ...
 $ RaceHorse.WeightSdvByRace          : num  -2.031 1.266 0.648 -0.795 1.266 ...
 $ RaceHorse.WeightDeltaSdvByRace     : num  0.871 -0.348 0.871 -0.836 -1.324 ...
 $ RaceHorse.WeightDeltaRatioSdvByRace: num  1.004 -0.355 0.863 -0.871 -1.307 ...
 $ RaceHorse.HandicapSdvByRace        : num  0.224 0.224 0.224 -2.907 0.224 ...
 $ RaceHorse.HandicapRatioSdvByRace   : num  2.2466 -1.1844 -0.608 -0.0795 -1.1844 ...
 $ RaceHorse.WeightSdv                : num  -1.396 1.139 0.663 -0.445 1.139 ...
 $ RaceHorse.WeightDeltaSdv           : num  1.5721 -0.0863 1.5721 -0.7496 -1.413 ...
 $ RaceHorse.WeightDeltaRatioSdv      : num  1.7067 -0.0819 1.5207 -0.761 -1.334 ...
 $ RaceHorse.HandicapSdv              : num  0.379 0.379 0.379 -0.765 0.379 ...
 $ RaceHorse.HandicapRatioSdv         : num  1.668 -0.8805 -0.4523 -0.0597 -0.8805 ...
 $ RaceHorse.FinishTimeSdvByRace      : num  0.16 0.575 0.658 -0.255 0.492 ...
 $ RaceHorse.FirstTimeSdvByRace       : num  -0.436 3.052 0.145 -0.339 -0.533 ...
 $ RaceHorse.LastTimeSdvByRace        : num  0.4008 -1.532 0.4008 0.0267 0.7126 ...
 $ RaceHorse.FinishTimeSdv            : num  1.237 1.497 1.549 0.978 1.445 ...
 $ RaceHorse.FirstTimeSdv             : num  0.669 2.726 1.012 0.727 0.612 ...
 $ RaceHorse.LastTimeSdv              : num  0.939 -1.465 0.939 0.473 1.327 ...
 $ RaceHorse.IsHitA                   : num  0 0 0 0 0 0 0 0 0 0 ...
 $ RaceHorse.IsHitB                   : num  0 0 0 0 0 0 0 0 0 0 ...
 $ RaceHorse.IsHitC                   : num  0 0 1 0 0 0 0 0 0 0 ...
 $ DataMining.DmTimeSdv               : num  0.25 1.098 1.55 0.504 0.956 ...
 $ DataMiningTaisen.TmScoreSdv        : num  0.416 0.332 1.804 -1.002 0.266 ...
 $ OddsByWin.Odds1                    : num  7.5 19.4 5.6 46.7 7.2 ...
 $ OddsByWin.RealOdds1                : num  9.38 24.25 7 58.38 9 ...
 $ OddsByWin.Ninki                    : num  5 8 2 10 3 6 9 13 7 14 ...
 $ OddsByWin.OddsLog1                 : num  2.01 2.97 1.72 3.84 1.97 ...
 $ OddsByWin.ApprovalRate1            : num  0.1067 0.0412 0.1429 0.0171 0.1111 ...
 $ OddsByWin.RealOddsLog1             : num  2.24 3.19 1.95 4.07 2.2 ...
 $ OddsByWin.RealApprovalRate1        : num  0.1333 0.0515 0.1786 0.0214 0.1389 ...
 $ EOF                                : int  1 1 1 1 1 1 1 1 1 1 ...
 - attr(*, "na.action")= 'omit' Named int  359 419 491 891 1127 1216 1335 1336 1369 1506 ...
  ..- attr(*, "names")= chr  "359" "419" "491" "891" ...
[1] "2022-03-10 17:09:16 --- na.omit Finish ---"
[1] "2022-03-10 17:09:16 --- rxLogit with rxStepControl Start ---"

> print(paste0(Sys.time(), " --- source_logic_glm.R Start ---"))
[1] "2022-03-10 17:09:16 --- source_logic_glm.R Start ---"

> formula <- formula(RaceHorse.IsHitA ~ +1 + Race.RaceType1Cd + 
+     RaceHorse.WeightDeltaRatioSdvByRace + RaceHorse.HandicapRatioSdvByRace + 
+     DataMiningTaisen.TmScoreSdv + log(OddsByWin.RealOdds1))

> print(paste0(Sys.time(), " --- source_logic_glm.R Finished ---"))
[1] "2022-03-10 17:09:16 --- source_logic_glm.R Finished ---"
Rows Read: 12776, Total Rows Processed: 12776, Total Chunk Time: 0.005 seconds 

Starting values (iteration 1) time: 0.569 secs.
Rows Read: 12776, Total Rows Processed: 12776, Total Chunk Time: 0.007 seconds 

Iteration 2 time: 0.023 secs.
Rows Read: 12776, Total Rows Processed: 12776, Total Chunk Time: 0.007 seconds 

Iteration 3 time: 0.015 secs.
Rows Read: 12776, Total Rows Processed: 12776, Total Chunk Time: 0.017 seconds 

Iteration 4 time: 0.023 secs.
Rows Read: 12776, Total Rows Processed: 12776, Total Chunk Time: 0.011 seconds 

Iteration 5 time: 0.022 secs.
Rows Read: 12776, Total Rows Processed: 12776, Total Chunk Time: 0.008 seconds 

Iteration 6 time: 0.015 secs.

Elapsed computation time: 0.680 secs.
Rows Read: 12776, Total Rows Processed: 12776, Total Chunk Time: 0.005 seconds 

Starting values (iteration 1) time: 0.016 secs.
Rows Read: 12776, Total Rows Processed: 12776, Total Chunk Time: 0.006 seconds 

Iteration 2 time: 0.025 secs.
Rows Read: 12776, Total Rows Processed: 12776, Total Chunk Time: 0.015 seconds 

Iteration 3 time: 0.022 secs.
Rows Read: 12776, Total Rows Processed: 12776, Total Chunk Time: 0.012 seconds 

Iteration 4 time: 0.020 secs.
Rows Read: 12776, Total Rows Processed: 12776, Total Chunk Time: 0.017 seconds 

Iteration 5 time: 0.023 secs.
Rows Read: 12776, Total Rows Processed: 12776, Total Chunk Time: 0.013 seconds 

Iteration 6 time: 0.019 secs.

Elapsed computation time: 0.140 secs.
Rows Read: 12776, Total Rows Processed: 12776, Total Chunk Time: 0.004 seconds 

Starting values (iteration 1) time: 0.020 secs.
Rows Read: 12776, Total Rows Processed: 12776, Total Chunk Time: 0.005 seconds 

Iteration 2 time: 0.018 secs.
Rows Read: 12776, Total Rows Processed: 12776, Total Chunk Time: 0.021 seconds 

Iteration 3 time: 0.029 secs.
Rows Read: 12776, Total Rows Processed: 12776, Total Chunk Time: 0.010 seconds 

Iteration 4 time: 0.017 secs.
Rows Read: 12776, Total Rows Processed: 12776, Total Chunk Time: 0.021 seconds 

Iteration 5 time: 0.029 secs.
Rows Read: 12776, Total Rows Processed: 12776, Total Chunk Time: 0.009 seconds 

Iteration 6 time: 0.025 secs.

Elapsed computation time: 0.150 secs.
Rows Read: 12776, Total Rows Processed: 12776, Total Chunk Time: 0.006 seconds 

Starting values (iteration 1) time: 0.039 secs.
Rows Read: 12776, Total Rows Processed: 12776, Total Chunk Time: 0.006 seconds 

Iteration 2 time: 0.029 secs.
Rows Read: 12776, Total Rows Processed: 12776, Total Chunk Time: 0.021 seconds 

Iteration 3 time: 0.031 secs.
Rows Read: 12776, Total Rows Processed: 12776, Total Chunk Time: 0.035 seconds 

Iteration 4 time: 0.048 secs.
Rows Read: 12776, Total Rows Processed: 12776, Total Chunk Time: 0.009 seconds 

Iteration 5 time: 0.018 secs.
Rows Read: 12776, Total Rows Processed: 12776, Total Chunk Time: 0.020 seconds 

Iteration 6 time: 0.030 secs.

Elapsed computation time: 0.198 secs.
Rows Read: 12776, Total Rows Processed: 12776, Total Chunk Time: 0.004 seconds 

Starting values (iteration 1) time: 0.037 secs.
Rows Read: 12776, Total Rows Processed: 12776, Total Chunk Time: 0.007 seconds 

Iteration 2 time: 0.036 secs.
Rows Read: 12776, Total Rows Processed: 12776, Total Chunk Time: 0.019 seconds 

Iteration 3 time: 0.026 secs.
Rows Read: 12776, Total Rows Processed: 12776, Total Chunk Time: 0.018 seconds 

Iteration 4 time: 0.033 secs.
Rows Read: 12776, Total Rows Processed: 12776, Total Chunk Time: 0.034 seconds 

Iteration 5 time: 0.040 secs.
Rows Read: 12776, Total Rows Processed: 12776, Total Chunk Time: 0.008 seconds 

Iteration 6 time: 0.018 secs.

Elapsed computation time: 0.200 secs.
Rows Read: 12776, Total Rows Processed: 12776, Total Chunk Time: 0.005 seconds 

Starting values (iteration 1) time: 0.019 secs.
Rows Read: 12776, Total Rows Processed: 12776, Total Chunk Time: 0.006 seconds 

Iteration 2 time: 0.022 secs.
Rows Read: 12776, Total Rows Processed: 12776, Total Chunk Time: 0.010 seconds 

Iteration 3 time: 0.018 secs.
Rows Read: 12776, Total Rows Processed: 12776, Total Chunk Time: 0.008 seconds 

Iteration 4 time: 0.015 secs.
Rows Read: 12776, Total Rows Processed: 12776, Total Chunk Time: 0.009 seconds 

Iteration 5 time: 0.015 secs.
Rows Read: 12776, Total Rows Processed: 12776, Total Chunk Time: 0.014 seconds 

Iteration 6 time: 0.031 secs.

Elapsed computation time: 0.132 secs.
Rows Read: 12776, Total Rows Processed: 12776, Total Chunk Time: 0.004 seconds 

Starting values (iteration 1) time: 0.031 secs.
Rows Read: 12776, Total Rows Processed: 12776, Total Chunk Time: 0.005 seconds 

Iteration 2 time: 0.027 secs.
Rows Read: 12776, Total Rows Processed: 12776, Total Chunk Time: 0.026 seconds 

Iteration 3 time: 0.031 secs.
Rows Read: 12776, Total Rows Processed: 12776, Total Chunk Time: 0.031 seconds 

Iteration 4 time: 0.035 secs.
Rows Read: 12776, Total Rows Processed: 12776, Total Chunk Time: 0.008 seconds 

Iteration 5 time: 0.014 secs.
Rows Read: 12776, Total Rows Processed: 12776, Total Chunk Time: 0.018 seconds 

Iteration 6 time: 0.025 secs.

Elapsed computation time: 0.187 secs.
Rows Read: 12776, Total Rows Processed: 12776, Total Chunk Time: 0.004 seconds 

Starting values (iteration 1) time: 0.025 secs.
Rows Read: 12776, Total Rows Processed: 12776, Total Chunk Time: 0.004 seconds 

Iteration 2 time: 0.031 secs.
Rows Read: 12776, Total Rows Processed: 12776, Total Chunk Time: 0.014 seconds 

Iteration 3 time: 0.020 secs.
Rows Read: 12776, Total Rows Processed: 12776, Total Chunk Time: 0.006 seconds 

Iteration 4 time: 0.026 secs.
Rows Read: 12776, Total Rows Processed: 12776, Total Chunk Time: 0.039 seconds 

Iteration 5 time: 0.049 secs.
Rows Read: 12776, Total Rows Processed: 12776, Total Chunk Time: 0.005 seconds 

Iteration 6 time: 0.012 secs.

Elapsed computation time: 0.172 secs.
Rows Read: 12776, Total Rows Processed: 12776, Total Chunk Time: 0.004 seconds 

Starting values (iteration 1) time: 0.019 secs.
Rows Read: 12776, Total Rows Processed: 12776, Total Chunk Time: 0.005 seconds 

Iteration 2 time: 0.023 secs.
Rows Read: 12776, Total Rows Processed: 12776, Total Chunk Time: 0.012 seconds 

Iteration 3 time: 0.020 secs.
Rows Read: 12776, Total Rows Processed: 12776, Total Chunk Time: 0.009 seconds 

Iteration 4 time: 0.014 secs.
Rows Read: 12776, Total Rows Processed: 12776, Total Chunk Time: 0.013 seconds 

Iteration 5 time: 0.020 secs.
Rows Read: 12776, Total Rows Processed: 12776, Total Chunk Time: 0.011 seconds 

Iteration 6 time: 0.023 secs.

Elapsed computation time: 0.143 secs.
Rows Read: 12776, Total Rows Processed: 12776, Total Chunk Time: 0.003 seconds 

Starting values (iteration 1) time: 0.023 secs.
Rows Read: 12776, Total Rows Processed: 12776, Total Chunk Time: 0.005 seconds 

Iteration 2 time: 0.023 secs.
Rows Read: 12776, Total Rows Processed: 12776, Total Chunk Time: 0.017 seconds 

Iteration 3 time: 0.028 secs.
Rows Read: 12776, Total Rows Processed: 12776, Total Chunk Time: 0.011 seconds 

Iteration 4 time: 0.019 secs.
Rows Read: 12776, Total Rows Processed: 12776, Total Chunk Time: 0.017 seconds 

Iteration 5 time: 0.027 secs.
Rows Read: 12776, Total Rows Processed: 12776, Total Chunk Time: 0.011 seconds 

Iteration 6 time: 0.022 secs.

Elapsed computation time: 0.156 secs.
Rows Read: 12776, Total Rows Processed: 12776, Total Chunk Time: 0.005 seconds 

Starting values (iteration 1) time: 0.042 secs.
Rows Read: 12776, Total Rows Processed: 12776, Total Chunk Time: 0.005 seconds 

Iteration 2 time: 0.031 secs.
Rows Read: 12776, Total Rows Processed: 12776, Total Chunk Time: 0.012 seconds 

Iteration 3 time: 0.020 secs.
Rows Read: 12776, Total Rows Processed: 12776, Total Chunk Time: 0.022 seconds 

Iteration 4 time: 0.030 secs.
Rows Read: 12776, Total Rows Processed: 12776, Total Chunk Time: 0.013 seconds 

Iteration 5 time: 0.016 secs.

Elapsed computation time: 0.149 secs.
Rows Read: 12776, Total Rows Processed: 12776, Total Chunk Time: 0.004 seconds 

Starting values (iteration 1) time: 0.025 secs.
Rows Read: 12776, Total Rows Processed: 12776, Total Chunk Time: 0.005 seconds 

Iteration 2 time: 0.030 secs.
Rows Read: 12776, Total Rows Processed: 12776, Total Chunk Time: 0.021 seconds 

Iteration 3 time: 0.033 secs.
Rows Read: 12776, Total Rows Processed: 12776, Total Chunk Time: 0.024 seconds 

Iteration 4 time: 0.034 secs.
Rows Read: 12776, Total Rows Processed: 12776, Total Chunk Time: 0.017 seconds 

Iteration 5 time: 0.027 secs.
Rows Read: 12776, Total Rows Processed: 12776, Total Chunk Time: 0.018 seconds 

Iteration 6 time: 0.031 secs.

Elapsed computation time: 0.197 secs.
Rows Read: 12776, Total Rows Processed: 12776, Total Chunk Time: 0.003 seconds 

Starting values (iteration 1) time: 0.016 secs.
Rows Read: 12776, Total Rows Processed: 12776, Total Chunk Time: 0.004 seconds 

Iteration 2 time: 0.026 secs.
Rows Read: 12776, Total Rows Processed: 12776, Total Chunk Time: 0.009 seconds 

Iteration 3 time: 0.022 secs.
Rows Read: 12776, Total Rows Processed: 12776, Total Chunk Time: 0.016 seconds 

Iteration 4 time: 0.030 secs.
Rows Read: 12776, Total Rows Processed: 12776, Total Chunk Time: 0.018 seconds 

Iteration 5 time: 0.032 secs.
Rows Read: 12776, Total Rows Processed: 12776, Total Chunk Time: 0.017 seconds 

Iteration 6 time: 0.024 secs.

Elapsed computation time: 0.158 secs.
Rows Read: 12776, Total Rows Processed: 12776, Total Chunk Time: 0.004 seconds 

Starting values (iteration 1) time: 0.026 secs.
Rows Read: 12776, Total Rows Processed: 12776, Total Chunk Time: 0.004 seconds 

Iteration 2 time: 0.028 secs.
Rows Read: 12776, Total Rows Processed: 12776, Total Chunk Time: 0.015 seconds 

Iteration 3 time: 0.019 secs.
Rows Read: 12776, Total Rows Processed: 12776, Total Chunk Time: 0.021 seconds 

Iteration 4 time: 0.034 secs.
Rows Read: 12776, Total Rows Processed: 12776, Total Chunk Time: 0.017 seconds 

Iteration 5 time: 0.030 secs.
Rows Read: 12776, Total Rows Processed: 12776, Total Chunk Time: 0.013 seconds 

Iteration 6 time: 0.024 secs.

Elapsed computation time: 0.170 secs.
Rows Read: 12776, Total Rows Processed: 12776, Total Chunk Time: 0.003 seconds 

Starting values (iteration 1) time: 0.036 secs.
Rows Read: 12776, Total Rows Processed: 12776, Total Chunk Time: 0.004 seconds 

Iteration 2 time: 0.029 secs.
Rows Read: 12776, Total Rows Processed: 12776, Total Chunk Time: 0.021 seconds 

Iteration 3 time: 0.029 secs.
Rows Read: 12776, Total Rows Processed: 12776, Total Chunk Time: 0.009 seconds 

Iteration 4 time: 0.019 secs.

Elapsed computation time: 0.119 secs.
Rows Read: 12776, Total Rows Processed: 12776, Total Chunk Time: 0.003 seconds 

Starting values (iteration 1) time: 0.033 secs.
Rows Read: 12776, Total Rows Processed: 12776, Total Chunk Time: 0.006 seconds 

Iteration 2 time: 0.028 secs.
Rows Read: 12776, Total Rows Processed: 12776, Total Chunk Time: 0.009 seconds 

Iteration 3 time: 0.018 secs.
Rows Read: 12776, Total Rows Processed: 12776, Total Chunk Time: 0.013 seconds 

Iteration 4 time: 0.027 secs.
Rows Read: 12776, Total Rows Processed: 12776, Total Chunk Time: 0.030 seconds 

Iteration 5 time: 0.042 secs.
Rows Read: 12776, Total Rows Processed: 12776, Total Chunk Time: 0.011 seconds 

Iteration 6 time: 0.028 secs.
Rows Read: 12776, Total Rows Processed: 12776, Total Chunk Time: 0.013 seconds 

Iteration 7 time: 0.029 secs.

Elapsed computation time: 0.211 secs.
Rows Read: 12776, Total Rows Processed: 12776, Total Chunk Time: 0.003 seconds 

Starting values (iteration 1) time: 0.026 secs.
Rows Read: 12776, Total Rows Processed: 12776, Total Chunk Time: 0.003 seconds 

Iteration 2 time: 0.031 secs.
Rows Read: 12776, Total Rows Processed: 12776, Total Chunk Time: 0.017 seconds 

Iteration 3 time: 0.023 secs.
Rows Read: 12776, Total Rows Processed: 12776, Total Chunk Time: 0.010 seconds 

Iteration 4 time: 0.025 secs.
Rows Read: 12776, Total Rows Processed: 12776, Total Chunk Time: 0.024 seconds 

Iteration 5 time: 0.029 secs.
Rows Read: 12776, Total Rows Processed: 12776, Total Chunk Time: 0.012 seconds 

Iteration 6 time: 0.035 secs.

Elapsed computation time: 0.185 secs.
Rows Read: 12776, Total Rows Processed: 12776, Total Chunk Time: 0.004 seconds 

Starting values (iteration 1) time: 0.042 secs.
Rows Read: 12776, Total Rows Processed: 12776, Total Chunk Time: 0.004 seconds 

Iteration 2 time: 0.035 secs.
Rows Read: 12776, Total Rows Processed: 12776, Total Chunk Time: 0.021 seconds 

Iteration 3 time: 0.035 secs.
Rows Read: 12776, Total Rows Processed: 12776, Total Chunk Time: 0.024 seconds 

Iteration 4 time: 0.035 secs.
Rows Read: 12776, Total Rows Processed: 12776, Total Chunk Time: 0.019 seconds 

Iteration 5 time: 0.029 secs.
Rows Read: 12776, Total Rows Processed: 12776, Total Chunk Time: 0.026 seconds 

Iteration 6 time: 0.037 secs.

Elapsed computation time: 0.231 secs.
Rows Read: 12776, Total Rows Processed: 12776, Total Chunk Time: 0.003 seconds 

Starting values (iteration 1) time: 0.045 secs.
Rows Read: 12776, Total Rows Processed: 12776, Total Chunk Time: 0.004 seconds 

Iteration 2 time: 0.027 secs.
Rows Read: 12776, Total Rows Processed: 12776, Total Chunk Time: 0.017 seconds 

Iteration 3 time: 0.032 secs.
Rows Read: 12776, Total Rows Processed: 12776, Total Chunk Time: 0.014 seconds 

Iteration 4 time: 0.024 secs.

Elapsed computation time: 0.136 secs.
Rows Read: 12776, Total Rows Processed: 12776, Total Chunk Time: 0.005 seconds 

Starting values (iteration 1) time: 0.021 secs.
Rows Read: 12776, Total Rows Processed: 12776, Total Chunk Time: 0.005 seconds 

Iteration 2 time: 0.033 secs.
Rows Read: 12776, Total Rows Processed: 12776, Total Chunk Time: 0.016 seconds 

Iteration 3 time: 0.023 secs.
Rows Read: 12776, Total Rows Processed: 12776, Total Chunk Time: 0.022 seconds 

Iteration 4 time: 0.029 secs.
Rows Read: 12776, Total Rows Processed: 12776, Total Chunk Time: 0.023 seconds 

Iteration 5 time: 0.032 secs.
Rows Read: 12776, Total Rows Processed: 12776, Total Chunk Time: 0.025 seconds 

Iteration 6 time: 0.036 secs.

Elapsed computation time: 0.187 secs.
Rows Read: 12776, Total Rows Processed: 12776, Total Chunk Time: 0.004 seconds 

Starting values (iteration 1) time: 0.028 secs.
Rows Read: 12776, Total Rows Processed: 12776, Total Chunk Time: 0.006 seconds 

Iteration 2 time: 0.025 secs.
Rows Read: 12776, Total Rows Processed: 12776, Total Chunk Time: 0.014 seconds 

Iteration 3 time: 0.020 secs.
Rows Read: 12776, Total Rows Processed: 12776, Total Chunk Time: 0.016 seconds 

Iteration 4 time: 0.033 secs.
Rows Read: 12776, Total Rows Processed: 12776, Total Chunk Time: 0.016 seconds 

Iteration 5 time: 0.029 secs.
Rows Read: 12776, Total Rows Processed: 12776, Total Chunk Time: 0.019 seconds 

Iteration 6 time: 0.031 secs.
Rows Read: 12776, Total Rows Processed: 12776, Total Chunk Time: 0.017 seconds 

Iteration 7 time: 0.025 secs.

Elapsed computation time: 0.199 secs.
Rows Read: 12776, Total Rows Processed: 12776, Total Chunk Time: 0.004 seconds 

Starting values (iteration 1) time: 0.031 secs.
Rows Read: 12776, Total Rows Processed: 12776, Total Chunk Time: 0.005 seconds 

Iteration 2 time: 0.020 secs.
Rows Read: 12776, Total Rows Processed: 12776, Total Chunk Time: 0.011 seconds 

Iteration 3 time: 0.019 secs.
Rows Read: 12776, Total Rows Processed: 12776, Total Chunk Time: 0.019 seconds 

Iteration 4 time: 0.028 secs.
Rows Read: 12776, Total Rows Processed: 12776, Total Chunk Time: 0.009 seconds 

Iteration 5 time: 0.016 secs.
Rows Read: 12776, Total Rows Processed: 12776, Total Chunk Time: 0.006 seconds 

Iteration 6 time: 0.010 secs.

Elapsed computation time: 0.147 secs.

Elapsed computation time: 4.588 secs.
[1] "--------------------------------------------------------------------------------"
[1] "analyze.results.glm.step="
Logistic Regression Results for: RaceHorse.IsHitA ~
    RaceHorse.HandicapRatioSdvByRace + log(OddsByWin.RealOdds1)
Data: data
Dependent variable(s): RaceHorse.IsHitA
Total independent variables: 3 
Number of valid observations: 12776
Number of missing observations: 0 
 
Coefficients:
                                 RaceHorse.IsHitA
(Intercept)                                  0.70
RaceHorse.HandicapRatioSdvByRace            -0.09
log(OddsByWin.RealOdds1)                    -1.24
[1] "analyze.results.glm.step.summary"
Call:
rxLogit(formula = formula, data = data, variableSelection = analyze.results.glm.step.varsel)

Logistic Regression Results for: RaceHorse.IsHitA ~
    RaceHorse.HandicapRatioSdvByRace + log(OddsByWin.RealOdds1)
Data: data
Dependent variable(s): RaceHorse.IsHitA
Total independent variables: 3 
Number of valid observations: 12776
Number of missing observations: 0 
-2*LogLikelihood: 5258.982 (Residual deviance on 12773 degrees of freedom)
 
Coefficients:
                                 Estimate Std. Error z value Pr(>|z|)    
(Intercept)                        0.6966     0.0949    7.34  2.2e-16 ***
RaceHorse.HandicapRatioSdvByRace  -0.0948     0.0372   -2.55    0.011 *  
log(OddsByWin.RealOdds1)          -1.2403     0.0418  -29.66  2.2e-16 ***
---
Signif. codes:  0 '***' 0.001 '**' 0.01 '*' 0.05 '.' 0.1 ' ' 1

Condition number of final variance-covariance matrix: 1 
Number of iterations: 6
[1] "--------------------------------------------------------------------------------"
[1] "2022-03-10 17:09:21 --- rxLogit with rxStepControl Finish ---"
[1] "2022-03-10 17:09:21 --- rxStepPlot Start ---"
[1] "pdfFilename=pdf_analyze_glm_Basic_Type11_rxStepPlot.pdf"
[1] "rxStepPlot="
[1] "2022-03-10 17:09:22 --- rxStepPlot Finish ---"
[1] "2022-03-10 17:09:22 --- save.image Start ---"
[1] "save.image"
[1] "rdataFilename=RData_analyze_glm_Basic_Type11.RData"
[1] "2022-03-10 17:09:24 --- save.image Finish ---"
[1] "2022-03-10 17:09:24 --- final Start ---"
[1] "--------------------------------------------------------------------------------"
[1] "nrow(data) final=12776"
[1] "--------------------------------------------------------------------------------"
[1] "2022-03-10 17:09:24 --- final Finish ---"
[1] "2022-03-10 17:09:24 --- analyze_glm.R Finished ---"
[1] "2022-03-10 17:09:24 --- log Finish ---"
