[1] "2022-02-04 17:19:15 --- D1113_Predict_glm_Odds_IsHitA_Type22 Start ---"
[1] "2022-02-04 17:19:15 --- Log Start ---"
[1] "2022-02-04 17:19:15 --- predict.R Start ---"
[1] "analyzeVersion=D1113"
[1] "analyzeCategory=Predict"
[1] "analyzeType=Odds"
[1] "analyzeFamily=IsHitA"
[1] "analyzeFunc=glm"
[1] "analyzeTrackTypeCd=2"
[1] "analyzeJyokenCd=2"
[1] "2022-02-04 17:19:15 --- source_function.R Start ---"
[1] "2022-02-04 17:19:15 --- source_function.R Finished ---"

> print(paste0(Sys.time(), " --- source_library.R Start ---"))
[1] "2022-02-04 17:19:15 --- source_library.R Start ---"

> require("RevoScaleR")

> print(paste0(Sys.time(), " --- source_library.R Finished ---"))
[1] "2022-02-04 17:19:15 --- source_library.R Finished ---"
[1] "2022-02-04 17:19:15 --- Load Start ---"
[1] "loadFilename=RData_Analyze_glm_Odds_Type22.RData"
[1] "2022-02-04 17:19:16 --- Load Finished ---"
[1] "2022-02-04 17:19:16 --- RxSqlServerData Start ---"
[1] "sqlQuery=SELECT * FROM ViewAnalyzeD1113analyze01OddsType22 WHERE [Race.IsPredictedRace] = 1"
Rows Read: 7483, Total Rows Processed: 7483, Total Chunk Time: 0.951 seconds 
[1] "head(InputDataSet)="
           Race.RaceId Race.IsPredictedRace Race.IsAnalyzeNormalPastAndFuture
1 20160116-06-01-05-10                 TRUE                              TRUE
2 20160116-06-01-05-10                 TRUE                              TRUE
3 20160116-06-01-05-10                 TRUE                              TRUE
4 20160116-06-01-05-10                 TRUE                              TRUE
5 20160116-06-01-05-10                 TRUE                              TRUE
6 20160116-06-01-05-10                 TRUE                              TRUE
  Race.IsAnalyzeNormalPast Race.IsAnalyzeNormalFuture
1                     TRUE                      FALSE
2                     TRUE                      FALSE
3                     TRUE                      FALSE
4                     TRUE                      FALSE
5                     TRUE                      FALSE
6                     TRUE                      FALSE
  Race.IsAnalyzeFullPastAndFuture Race.IsAnalyzeFullPast
1                            TRUE                   TRUE
2                            TRUE                   TRUE
3                            TRUE                   TRUE
4                            TRUE                   TRUE
5                            TRUE                   TRUE
6                            TRUE                   TRUE
  Race.IsAnalyzeFullFuture Race.JyokenCd Race.JyoType1Cd   Race.RaceType0Cd
1                    FALSE             2     2-06-1200-1 2-06-1200-1-2-E-14
2                    FALSE             2     2-06-1200-1 2-06-1200-1-2-E-14
3                    FALSE             2     2-06-1200-1 2-06-1200-1-2-E-14
4                    FALSE             2     2-06-1200-1 2-06-1200-1-2-E-14
5                    FALSE             2     2-06-1200-1 2-06-1200-1-2-E-14
6                    FALSE             2     2-06-1200-1 2-06-1200-1-2-E-14
  Race.RaceType1Cd Race.RaceType2Cd Race.RaceType3Cd Race.RaceType4Cd
1            2-2-E            2-2-E           2-E-14           2-2-14
2            2-2-E            2-2-E           2-E-14           2-2-14
3            2-2-E            2-2-E           2-E-14           2-2-14
4            2-2-E            2-2-E           2-E-14           2-2-14
5            2-2-E            2-2-E           2-E-14           2-2-14
6            2-2-E            2-2-E           2-E-14           2-2-14
      RaceHorse.RaceId RaceHorse.KettoNum RaceHorse.IsHit1 RaceHorse.IsHit2
1 20160116-06-01-05-10         2009100330                0                0
2 20160116-06-01-05-10         2009106084                0                0
3 20160116-06-01-05-10         2009110112                0                0
4 20160116-06-01-05-10         2010100703                0                0
5 20160116-06-01-05-10         2010100960                1                0
6 20160116-06-01-05-10         2010102026                0                0
  RaceHorse.IsHit3 RaceHorse.IsHit4 RaceHorse.IsHit5 RaceHorse.IsHit6
1                0                0                0                1
2                0                0                0                1
3                0                0                0                1
4                0                0                0                1
5                0                0                0                0
6                0                0                0                1
  RaceHorse.IsValidRaceHorse RaceHorse.IsHitA RaceHorse.IsHitB RaceHorse.IsHitC
1                       TRUE                0                0                0
2                       TRUE                0                0                0
3                       TRUE                0                0                0
4                       TRUE                0                0                0
5                       TRUE                1                1                1
6                       TRUE                0                0                0
  OddsByWin.Odds1 OddsByWin.Ninki OddsByWin.OddsLog1 OddsByWin.OddsRatio1
1           252.7              16           5.536152          0.003972984
2            10.9               6           2.476538          0.101010101
3            26.8               8           3.325036          0.038759690
4            31.0              10           3.465736          0.033333333
5             7.0               3           2.079442          0.166666667
6            34.0              13           3.555348          0.030303030
  OddsByWin.OddsLogit1 OddsByWin.ApprovalRate1 OddsByWin.ApprovalRateLog1 EOF
1            -5.532203             0.003957262                0.003949452   1
2            -2.388763             0.091743119                0.087775611   1
3            -3.288402             0.037313433                0.036634133   1
4            -3.433987             0.032258065                0.031748698   1
5            -1.945910             0.142857143                0.133531393   1
6            -3.526361             0.029411765                0.028987537   1
[1] "object.size(InputDataSet) auto=1.4 Mb"
[1] "nrow(InputDataSet) RxSqlServerData=7483"
[1] "str(InputDataSet)="
'data.frame':	7483 obs. of  35 variables:
 $ Race.RaceId                      : Factor w/ 510 levels "20160130-08-02-01-11",..: 2 2 2 2 2 2 2 2 2 2 ...
 $ Race.IsPredictedRace             : logi  TRUE TRUE TRUE TRUE TRUE TRUE ...
 $ Race.IsAnalyzeNormalPastAndFuture: logi  TRUE TRUE TRUE TRUE TRUE TRUE ...
 $ Race.IsAnalyzeNormalPast         : logi  TRUE TRUE TRUE TRUE TRUE TRUE ...
 $ Race.IsAnalyzeNormalFuture       : logi  FALSE FALSE FALSE FALSE FALSE FALSE ...
 $ Race.IsAnalyzeFullPastAndFuture  : logi  TRUE TRUE TRUE TRUE TRUE TRUE ...
 $ Race.IsAnalyzeFullPast           : logi  TRUE TRUE TRUE TRUE TRUE TRUE ...
 $ Race.IsAnalyzeFullFuture         : logi  FALSE FALSE FALSE FALSE FALSE FALSE ...
 $ Race.JyokenCd                    : Factor w/ 1 level "2": 1 1 1 1 1 1 1 1 1 1 ...
 $ Race.JyoType1Cd                  : Factor w/ 82 levels "2-08-1800-3",..: 2 2 2 2 2 2 2 2 2 2 ...
 $ Race.RaceType0Cd                 : Factor w/ 133 levels "2-08-1800-3-2-E-14",..: 2 2 2 2 2 2 2 2 2 2 ...
 $ Race.RaceType1Cd                 : Factor w/ 2 levels "2-2-E","2-2-X": 1 1 1 1 1 1 1 1 1 1 ...
 $ Race.RaceType2Cd                 : Factor w/ 2 levels "2-2-E","2-2-X": 1 1 1 1 1 1 1 1 1 1 ...
 $ Race.RaceType3Cd                 : Factor w/ 3 levels "2-E-14","2-E-13",..: 1 1 1 1 1 1 1 1 1 1 ...
 $ Race.RaceType4Cd                 : Factor w/ 2 levels "2-2-14","2-2-13": 1 1 1 1 1 1 1 1 1 1 ...
 $ RaceHorse.RaceId                 : Factor w/ 510 levels "20160130-08-02-01-11",..: 2 2 2 2 2 2 2 2 2 2 ...
 $ RaceHorse.KettoNum               : Factor w/ 1517 levels "2009104414","2009105834",..: 11 12 13 14 15 16 17 18 19 20 ...
 $ RaceHorse.IsHit1                 : int  0 0 0 0 1 0 0 0 0 0 ...
 $ RaceHorse.IsHit2                 : int  0 0 0 0 0 0 0 0 1 0 ...
 $ RaceHorse.IsHit3                 : int  0 0 0 0 0 0 0 0 0 0 ...
 $ RaceHorse.IsHit4                 : int  0 0 0 0 0 0 0 0 0 0 ...
 $ RaceHorse.IsHit5                 : int  0 0 0 0 0 0 1 0 0 0 ...
 $ RaceHorse.IsHit6                 : int  1 1 1 1 0 1 0 1 0 1 ...
 $ RaceHorse.IsValidRaceHorse       : logi  TRUE TRUE TRUE TRUE TRUE TRUE ...
 $ RaceHorse.IsHitA                 : int  0 0 0 0 1 0 0 0 0 0 ...
 $ RaceHorse.IsHitB                 : int  0 0 0 0 1 0 0 0 1 0 ...
 $ RaceHorse.IsHitC                 : int  0 0 0 0 1 0 0 0 1 0 ...
 $ OddsByWin.Odds1                  : num  252.7 10.9 26.8 31 7 ...
 $ OddsByWin.Ninki                  : num  16 6 8 10 3 13 7 4 14 5 ...
 $ OddsByWin.OddsLog1               : num  5.54 2.48 3.33 3.47 2.08 ...
 $ OddsByWin.OddsRatio1             : num  0.00397 0.10101 0.03876 0.03333 0.16667 ...
 $ OddsByWin.OddsLogit1             : num  -5.53 -2.39 -3.29 -3.43 -1.95 ...
 $ OddsByWin.ApprovalRate1          : num  0.00396 0.09174 0.03731 0.03226 0.14286 ...
 $ OddsByWin.ApprovalRateLog1       : num  0.00395 0.08778 0.03663 0.03175 0.13353 ...
 $ EOF                              : int  1 1 1 1 1 1 1 1 1 1 ...
[1] "2022-02-04 17:19:19 --- RxSqlServerData Finish ---"
[1] "2022-02-04 17:19:19 --- subset Start ---"
[1] "nrow(InputDataSet) subset before=7483"
[1] "nrow(InputDataSet) subset after=7483"
[1] "nrow(InputDataSet) subset diff=0"
[1] "class(InputDataSet$Race.IsAnalyzeNormalPast)=logical"
[1] "class(InputDataSet$Race.analyzeTrackTypeCd)=NULL"
[1] "2022-02-04 17:19:19 --- subset Finish ---"
[1] "2022-02-04 17:19:19 --- transform Start ---"
[1] "nrow(InputDataSet) transaform before=7483"
[1] "nrow(InputDataSet) transaform after=7483"
[1] "nrow(InputDataSet) transaform diff=0"
[1] "str(InputDataSet)="
'data.frame':	7483 obs. of  35 variables:
 $ Race.RaceId                      : Factor w/ 510 levels "20160130-08-02-01-11",..: 2 2 2 2 2 2 2 2 2 2 ...
 $ Race.IsPredictedRace             : logi  TRUE TRUE TRUE TRUE TRUE TRUE ...
 $ Race.IsAnalyzeNormalPastAndFuture: logi  TRUE TRUE TRUE TRUE TRUE TRUE ...
 $ Race.IsAnalyzeNormalPast         : logi  TRUE TRUE TRUE TRUE TRUE TRUE ...
 $ Race.IsAnalyzeNormalFuture       : logi  FALSE FALSE FALSE FALSE FALSE FALSE ...
 $ Race.IsAnalyzeFullPastAndFuture  : logi  TRUE TRUE TRUE TRUE TRUE TRUE ...
 $ Race.IsAnalyzeFullPast           : logi  TRUE TRUE TRUE TRUE TRUE TRUE ...
 $ Race.IsAnalyzeFullFuture         : logi  FALSE FALSE FALSE FALSE FALSE FALSE ...
 $ Race.JyokenCd                    : Factor w/ 1 level "2": 1 1 1 1 1 1 1 1 1 1 ...
 $ Race.JyoType1Cd                  : Factor w/ 82 levels "2-08-1800-3",..: 2 2 2 2 2 2 2 2 2 2 ...
 $ Race.RaceType0Cd                 : Factor w/ 133 levels "2-08-1800-3-2-E-14",..: 2 2 2 2 2 2 2 2 2 2 ...
 $ Race.RaceType1Cd                 : Factor w/ 2 levels "2-2-E","2-2-X": 1 1 1 1 1 1 1 1 1 1 ...
 $ Race.RaceType2Cd                 : Factor w/ 2 levels "2-2-E","2-2-X": 1 1 1 1 1 1 1 1 1 1 ...
 $ Race.RaceType3Cd                 : Factor w/ 3 levels "2-E-14","2-E-13",..: 1 1 1 1 1 1 1 1 1 1 ...
 $ Race.RaceType4Cd                 : Factor w/ 2 levels "2-2-14","2-2-13": 1 1 1 1 1 1 1 1 1 1 ...
 $ RaceHorse.RaceId                 : Factor w/ 510 levels "20160130-08-02-01-11",..: 2 2 2 2 2 2 2 2 2 2 ...
 $ RaceHorse.KettoNum               : Factor w/ 1517 levels "2009104414","2009105834",..: 11 12 13 14 15 16 17 18 19 20 ...
 $ RaceHorse.IsHit1                 : int  0 0 0 0 1 0 0 0 0 0 ...
 $ RaceHorse.IsHit2                 : int  0 0 0 0 0 0 0 0 1 0 ...
 $ RaceHorse.IsHit3                 : int  0 0 0 0 0 0 0 0 0 0 ...
 $ RaceHorse.IsHit4                 : int  0 0 0 0 0 0 0 0 0 0 ...
 $ RaceHorse.IsHit5                 : int  0 0 0 0 0 0 1 0 0 0 ...
 $ RaceHorse.IsHit6                 : int  1 1 1 1 0 1 0 1 0 1 ...
 $ RaceHorse.IsValidRaceHorse       : logi  TRUE TRUE TRUE TRUE TRUE TRUE ...
 $ RaceHorse.IsHitA                 : int  0 0 0 0 1 0 0 0 0 0 ...
 $ RaceHorse.IsHitB                 : int  0 0 0 0 1 0 0 0 1 0 ...
 $ RaceHorse.IsHitC                 : int  0 0 0 0 1 0 0 0 1 0 ...
 $ OddsByWin.Odds1                  : num  252.7 10.9 26.8 31 7 ...
 $ OddsByWin.Ninki                  : num  16 6 8 10 3 13 7 4 14 5 ...
 $ OddsByWin.OddsLog1               : num  5.54 2.48 3.33 3.47 2.08 ...
 $ OddsByWin.OddsRatio1             : num  0.00397 0.10101 0.03876 0.03333 0.16667 ...
 $ OddsByWin.OddsLogit1             : num  -5.53 -2.39 -3.29 -3.43 -1.95 ...
 $ OddsByWin.ApprovalRate1          : num  0.00396 0.09174 0.03731 0.03226 0.14286 ...
 $ OddsByWin.ApprovalRateLog1       : num  0.00395 0.08778 0.03663 0.03175 0.13353 ...
 $ EOF                              : int  1 1 1 1 1 1 1 1 1 1 ...
NULL
[1] "2022-02-04 17:19:19 --- transform Finish ---"
[1] "2022-02-04 17:19:19 --- na.omit Start ---"
[1] "nrow(InputDataSet) na.omit before=7483"
[1] "nrow(InputDataSet) na.omit after=7438"
[1] "nrow(InputDataSet) na.omit diff=45"
[1] "2022-02-04 17:19:19 --- na.omit Finish---"
[1] "2022-02-04 17:19:19 --- New Levels Start ---"
[1] "levels(data$Race.RaceType1Cd)=2-2-E" "levels(data$Race.RaceType1Cd)=2-2-X"
[1] "levels(InputDataSet$Race.RaceType1Cd)=2-2-E"
[2] "levels(InputDataSet$Race.RaceType1Cd)=2-2-X"
[1] "length(Race.RaceType1Cd.Index)=0"
[1] "2022-02-04 17:19:19 --- New Levels Finish ---"
[1] "2022-02-04 17:19:19 --- na.omit Start ---"
[1] "nrow(InputDataSet) na.omit levels before=7438"
[1] "nrow(InputDataSet) na.omit levels after=7438"
[1] "nrow(InputDataSet) na.omit levels diff=0"
[1] "2022-02-04 17:19:19 --- na.omit Finish ---"
[1] "2022-02-04 17:19:19 --- Predict InputDataSet Start ---"
[1] "nrow(InputDataSet) predict=7438"
[1] "str(InputDataSet)="
'data.frame':	7438 obs. of  35 variables:
 $ Race.RaceId                      : Factor w/ 510 levels "20160130-08-02-01-11",..: 2 2 2 2 2 2 2 2 2 2 ...
 $ Race.IsPredictedRace             : logi  TRUE TRUE TRUE TRUE TRUE TRUE ...
 $ Race.IsAnalyzeNormalPastAndFuture: logi  TRUE TRUE TRUE TRUE TRUE TRUE ...
 $ Race.IsAnalyzeNormalPast         : logi  TRUE TRUE TRUE TRUE TRUE TRUE ...
 $ Race.IsAnalyzeNormalFuture       : logi  FALSE FALSE FALSE FALSE FALSE FALSE ...
 $ Race.IsAnalyzeFullPastAndFuture  : logi  TRUE TRUE TRUE TRUE TRUE TRUE ...
 $ Race.IsAnalyzeFullPast           : logi  TRUE TRUE TRUE TRUE TRUE TRUE ...
 $ Race.IsAnalyzeFullFuture         : logi  FALSE FALSE FALSE FALSE FALSE FALSE ...
 $ Race.JyokenCd                    : Factor w/ 1 level "2": 1 1 1 1 1 1 1 1 1 1 ...
 $ Race.JyoType1Cd                  : Factor w/ 82 levels "2-08-1800-3",..: 2 2 2 2 2 2 2 2 2 2 ...
 $ Race.RaceType0Cd                 : Factor w/ 133 levels "2-08-1800-3-2-E-14",..: 2 2 2 2 2 2 2 2 2 2 ...
 $ Race.RaceType1Cd                 : Factor w/ 2 levels "2-2-E","2-2-X": 1 1 1 1 1 1 1 1 1 1 ...
 $ Race.RaceType2Cd                 : Factor w/ 2 levels "2-2-E","2-2-X": 1 1 1 1 1 1 1 1 1 1 ...
 $ Race.RaceType3Cd                 : Factor w/ 3 levels "2-E-14","2-E-13",..: 1 1 1 1 1 1 1 1 1 1 ...
 $ Race.RaceType4Cd                 : Factor w/ 2 levels "2-2-14","2-2-13": 1 1 1 1 1 1 1 1 1 1 ...
 $ RaceHorse.RaceId                 : Factor w/ 510 levels "20160130-08-02-01-11",..: 2 2 2 2 2 2 2 2 2 2 ...
 $ RaceHorse.KettoNum               : Factor w/ 1517 levels "2009104414","2009105834",..: 11 12 13 14 15 16 17 18 19 20 ...
 $ RaceHorse.IsHit1                 : int  0 0 0 0 1 0 0 0 0 0 ...
 $ RaceHorse.IsHit2                 : int  0 0 0 0 0 0 0 0 1 0 ...
 $ RaceHorse.IsHit3                 : int  0 0 0 0 0 0 0 0 0 0 ...
 $ RaceHorse.IsHit4                 : int  0 0 0 0 0 0 0 0 0 0 ...
 $ RaceHorse.IsHit5                 : int  0 0 0 0 0 0 1 0 0 0 ...
 $ RaceHorse.IsHit6                 : int  1 1 1 1 0 1 0 1 0 1 ...
 $ RaceHorse.IsValidRaceHorse       : logi  TRUE TRUE TRUE TRUE TRUE TRUE ...
 $ RaceHorse.IsHitA                 : int  0 0 0 0 1 0 0 0 0 0 ...
 $ RaceHorse.IsHitB                 : int  0 0 0 0 1 0 0 0 1 0 ...
 $ RaceHorse.IsHitC                 : int  0 0 0 0 1 0 0 0 1 0 ...
 $ OddsByWin.Odds1                  : num  252.7 10.9 26.8 31 7 ...
 $ OddsByWin.Ninki                  : num  16 6 8 10 3 13 7 4 14 5 ...
 $ OddsByWin.OddsLog1               : num  5.54 2.48 3.33 3.47 2.08 ...
 $ OddsByWin.OddsRatio1             : num  0.00397 0.10101 0.03876 0.03333 0.16667 ...
 $ OddsByWin.OddsLogit1             : num  -5.53 -2.39 -3.29 -3.43 -1.95 ...
 $ OddsByWin.ApprovalRate1          : num  0.00396 0.09174 0.03731 0.03226 0.14286 ...
 $ OddsByWin.ApprovalRateLog1       : num  0.00395 0.08778 0.03663 0.03175 0.13353 ...
 $ EOF                              : int  1 1 1 1 1 1 1 1 1 1 ...
 - attr(*, "na.action")= 'omit' Named int  43 210 256 492 657 881 2397 2829 3085 3259 ...
  ..- attr(*, "names")= chr  "43" "210" "256" "492" ...
[1] "2022-02-04 17:19:19 --- Predict InputDataSet Finish ---"
[1] "2022-02-04 17:19:19 --- rxPredict (glm) Start ---"
[1] "analyzeFunc=glm"
Rows Read: 7438, Total Rows Processed: 7438, Total Chunk Time: 0.001 seconds 
[1] "nrow(PredictDataSet) afte predict=7438"
[1] "str(PredictDataSet)"
'data.frame':	7438 obs. of  1 variable:
 $ RaceHorse.IsHitA_Pred: num  0.00198 0.07537 0.02738 0.02315 0.12095 ...
NULL
[1] "head(PredictDataSet) afte predict="
  RaceHorse.IsHitA_Pred
1           0.001980303
2           0.075373150
3           0.027376200
4           0.023148449
5           0.120948142
6           0.020803863
[1] "2022-02-04 17:19:19 --- rxPredict (glm) Finish ---"
[1] "2022-02-04 17:19:19 --- add key Start ---"
[1] "nrow(OutputDataSet) add KeyColmn=7438"
[1] "str(OutputDataSet) after add Key"
'data.frame':	7438 obs. of  2 variables:
 $ RaceHorse.RaceId  : Factor w/ 510 levels "20160130-08-02-01-11",..: 2 2 2 2 2 2 2 2 2 2 ...
 $ RaceHorse.KettoNum: Factor w/ 1517 levels "2009104414","2009105834",..: 11 12 13 14 15 16 17 18 19 20 ...
NULL
[1] "2022-02-04 17:19:19 --- add key Finish ---"
[1] "2022-02-04 17:19:19 --- add PredictValue Start ---"
[1] "str(PredictDataSet) before rename="
[1] "colnames(PredictDataSet)=RaceHorse.IsHitA_Pred"
[1] "str(PredictDataSet) after rename="
'data.frame':	7438 obs. of  1 variable:
 $ PredictValue: num  0.00198 0.07537 0.02738 0.02315 0.12095 ...
NULL
[1] "str(OutputDataSet) before cbind="
'data.frame':	7438 obs. of  2 variables:
 $ RaceHorse.RaceId  : Factor w/ 510 levels "20160130-08-02-01-11",..: 2 2 2 2 2 2 2 2 2 2 ...
 $ RaceHorse.KettoNum: Factor w/ 1517 levels "2009104414","2009105834",..: 11 12 13 14 15 16 17 18 19 20 ...
NULL
[1] "str(OutputDataSet) after cbind="
'data.frame':	7438 obs. of  3 variables:
 $ RaceHorse.RaceId  : Factor w/ 510 levels "20160130-08-02-01-11",..: 2 2 2 2 2 2 2 2 2 2 ...
 $ RaceHorse.KettoNum: Factor w/ 1517 levels "2009104414","2009105834",..: 11 12 13 14 15 16 17 18 19 20 ...
 $ PredictValue      : num  0.00198 0.07537 0.02738 0.02315 0.12095 ...
NULL
[1] "2022-02-04 17:19:20 --- add PredictValue Finish ---"
[1] "2022-02-04 17:19:20 --- final Start ---"
[1] "nrow(OutputDataSet) final=7438"
[1] "head(OutputDataSet)="
      RaceHorse.RaceId RaceHorse.KettoNum PredictValue
1 20160116-06-01-05-10         2009100330  0.001980303
2 20160116-06-01-05-10         2009106084  0.075373150
3 20160116-06-01-05-10         2009110112  0.027376200
4 20160116-06-01-05-10         2010100703  0.023148449
5 20160116-06-01-05-10         2010100960  0.120948142
6 20160116-06-01-05-10         2010102026  0.020803863
[1] "str(OutputDataSet)="
'data.frame':	7438 obs. of  3 variables:
 $ RaceHorse.RaceId  : Factor w/ 510 levels "20160130-08-02-01-11",..: 2 2 2 2 2 2 2 2 2 2 ...
 $ RaceHorse.KettoNum: Factor w/ 1517 levels "2009104414","2009105834",..: 11 12 13 14 15 16 17 18 19 20 ...
 $ PredictValue      : num  0.00198 0.07537 0.02738 0.02315 0.12095 ...
NULL
[1] "2022-02-04 17:19:20 --- final Finish ---"
[1] "2022-02-04 17:19:20 --- predict.R Finished ---"
[1] "2022-02-04 17:19:20 --- log Finish ---"
