[1] "2022-02-04 22:57:05 --- D1113_Predict_glm_Horse_IsHitA_Type12 Start ---"
[1] "2022-02-04 22:57:05 --- Log Start ---"
[1] "2022-02-04 22:57:05 --- predict.R Start ---"
[1] "analyzeVersion=D1113"
[1] "analyzeCategory=Predict"
[1] "analyzeType=Horse"
[1] "analyzeFamily=IsHitA"
[1] "analyzeFunc=glm"
[1] "analyzeTrackTypeCd=1"
[1] "analyzeJyokenCd=2"
[1] "2022-02-04 22:57:05 --- source_function.R Start ---"
[1] "2022-02-04 22:57:05 --- source_function.R Finished ---"

> print(paste0(Sys.time(), " --- source_library.R Start ---"))
[1] "2022-02-04 22:57:05 --- source_library.R Start ---"

> require("RevoScaleR")

> print(paste0(Sys.time(), " --- source_library.R Finished ---"))
[1] "2022-02-04 22:57:05 --- source_library.R Finished ---"
[1] "2022-02-04 22:57:05 --- Load Start ---"
[1] "loadFilename=RData_Analyze_glm_Horse_Type12.RData"
[1] "2022-02-04 22:57:06 --- Load Finished ---"
[1] "2022-02-04 22:57:06 --- RxSqlServerData Start ---"
[1] "sqlQuery=SELECT * FROM ViewAnalyzeD1113analyze01HorseType12 WHERE [Race.IsPredictedRace] = 1"
Rows Read: 7075, Total Rows Processed: 7075, Total Chunk Time: 10.664 seconds 
[1] "head(InputDataSet)="
           Race.RaceId Race.IsPredictedRace Race.IsAnalyzeNormalPastAndFuture
1 20160813-04-02-05-11                 TRUE                              TRUE
2 20160813-04-02-05-11                 TRUE                              TRUE
3 20160813-04-02-05-11                 TRUE                              TRUE
4 20160813-04-02-05-11                 TRUE                              TRUE
5 20160813-04-02-05-11                 TRUE                              TRUE
6 20160813-04-02-05-11                 TRUE                              TRUE
  Race.IsAnalyzeNormalPast Race.IsAnalyzeNormalFuture
1                     TRUE                      FALSE
2                     TRUE                      FALSE
3                     TRUE                      FALSE
4                     TRUE                      FALSE
5                     TRUE                      FALSE
6                     TRUE                      FALSE
  Race.IsAnalyzeFullPastAndFuture Race.IsAnalyzeFullPast
1                            TRUE                   TRUE
2                            TRUE                   TRUE
3                            TRUE                   TRUE
4                            TRUE                   TRUE
5                            TRUE                   TRUE
6                            TRUE                   TRUE
  Race.IsAnalyzeFullFuture Race.JyokenCd Race.JyoType1Cd   Race.RaceType0Cd
1                    FALSE             2     1-04-1400-1 1-04-1400-1-2-E-13
2                    FALSE             2     1-04-1400-1 1-04-1400-1-2-E-13
3                    FALSE             2     1-04-1400-1 1-04-1400-1-2-E-13
4                    FALSE             2     1-04-1400-1 1-04-1400-1-2-E-13
5                    FALSE             2     1-04-1400-1 1-04-1400-1-2-E-13
6                    FALSE             2     1-04-1400-1 1-04-1400-1-2-E-13
  Race.RaceType1Cd Race.RaceType2Cd Race.RaceType3Cd Race.RaceType4Cd
1            1-2-E            1-2-E           2-E-13           1-2-13
2            1-2-E            1-2-E           2-E-13           1-2-13
3            1-2-E            1-2-E           2-E-13           1-2-13
4            1-2-E            1-2-E           2-E-13           1-2-13
5            1-2-E            1-2-E           2-E-13           1-2-13
6            1-2-E            1-2-E           2-E-13           1-2-13
      RaceHorse.RaceId RaceHorse.KettoNum RaceHorse.IsHit1 RaceHorse.IsHit2
1 20160813-04-02-05-11         2008100889                0                0
2 20160813-04-02-05-11         2009101079                0                0
3 20160813-04-02-05-11         2009106017                0                0
4 20160813-04-02-05-11         2009106444                0                0
5 20160813-04-02-05-11         2010102675                0                0
6 20160813-04-02-05-11         2010104262                0                0
  RaceHorse.IsHit3 RaceHorse.IsHit4 RaceHorse.IsHit5 RaceHorse.IsHit6
1                0                0                0                1
2                0                0                0                1
3                0                1                0                0
4                0                0                0                1
5                0                0                0                1
6                0                0                0                1
  RaceHorse.IsValidRaceHorse RaceHorse.IsHitA RaceHorse.IsHitB RaceHorse.IsHitC
1                       TRUE                0                0                0
2                       TRUE                0                0                0
3                       TRUE                0                0                0
4                       TRUE                0                0                0
5                       TRUE                0                0                0
6                       TRUE                0                0                0
  Horse.PrevKettoNum Horse.TimeDvByRaceAvg Horse.TimeDvByRaceMax Horse.RunCount
1         2008100889              52.41550              61.21848             20
2         2009101079              45.51557              59.64901             24
3         2009106017              54.62589              63.05582             10
4         2009106444              41.00346              56.51339              7
5         2010102675              46.37716              53.92232              7
6         2010104262              36.20763              53.68433              3
  Horse.HitCount1 Horse.HitCount2 Horse.HitCount3 Horse.HitCount4
1               0               2               1               5
2               0               1               1               0
3               0               2               0               1
4               0               0               0               1
5               0               0               0               1
6               0               0               0               0
  Horse.HitCount5 Horse.HitRate1 Horse.HitRate2 Horse.HitRate3 Horse.HitRate4
1               2              0     0.10000000     0.05000000      0.2500000
2               0              0     0.04166667     0.04166667      0.0000000
3               1              0     0.20000000     0.00000000      0.1000000
4               0              0     0.00000000     0.00000000      0.1428571
5               1              0     0.00000000     0.00000000      0.1428571
6               0              0     0.00000000     0.00000000      0.0000000
  Horse.HitRate5 EOF
1      0.1000000   1
2      0.0000000   1
3      0.1000000   1
4      0.0000000   1
5      0.1428571   1
6      0.0000000   1
[1] "object.size(InputDataSet) auto=1.7 Mb"
[1] "nrow(InputDataSet) RxSqlServerData=7075"
[1] "str(InputDataSet)="
'data.frame':	7075 obs. of  42 variables:
 $ Race.RaceId                      : Factor w/ 662 levels "20160813-04-02-05-11",..: 1 1 1 1 1 1 1 1 1 1 ...
 $ Race.IsPredictedRace             : logi  TRUE TRUE TRUE TRUE TRUE TRUE ...
 $ Race.IsAnalyzeNormalPastAndFuture: logi  TRUE TRUE TRUE TRUE TRUE TRUE ...
 $ Race.IsAnalyzeNormalPast         : logi  TRUE TRUE TRUE TRUE TRUE TRUE ...
 $ Race.IsAnalyzeNormalFuture       : logi  FALSE FALSE FALSE FALSE FALSE FALSE ...
 $ Race.IsAnalyzeFullPastAndFuture  : logi  TRUE TRUE TRUE TRUE TRUE TRUE ...
 $ Race.IsAnalyzeFullPast           : logi  TRUE TRUE TRUE TRUE TRUE TRUE ...
 $ Race.IsAnalyzeFullFuture         : logi  FALSE FALSE FALSE FALSE FALSE FALSE ...
 $ Race.JyokenCd                    : Factor w/ 1 level "2": 1 1 1 1 1 1 1 1 1 1 ...
 $ Race.JyoType1Cd                  : Factor w/ 122 levels "1-04-1400-1",..: 1 1 1 1 1 1 1 1 1 1 ...
 $ Race.RaceType0Cd                 : Factor w/ 178 levels "1-04-1400-1-2-E-13",..: 1 1 1 1 1 1 1 1 1 1 ...
 $ Race.RaceType1Cd                 : Factor w/ 1 level "1-2-E": 1 1 1 1 1 1 1 1 1 1 ...
 $ Race.RaceType2Cd                 : Factor w/ 1 level "1-2-E": 1 1 1 1 1 1 1 1 1 1 ...
 $ Race.RaceType3Cd                 : Factor w/ 2 levels "2-E-13","2-E-14": 1 1 1 1 1 1 1 1 1 1 ...
 $ Race.RaceType4Cd                 : Factor w/ 2 levels "1-2-13","1-2-14": 1 1 1 1 1 1 1 1 1 1 ...
 $ RaceHorse.RaceId                 : Factor w/ 662 levels "20160813-04-02-05-11",..: 1 1 1 1 1 1 1 1 1 1 ...
 $ RaceHorse.KettoNum               : Factor w/ 1353 levels "2008100889","2009101079",..: 1 2 3 4 5 6 7 8 9 10 ...
 $ RaceHorse.IsHit1                 : int  0 0 0 0 0 0 0 0 0 0 ...
 $ RaceHorse.IsHit2                 : int  0 0 0 0 0 0 0 0 0 0 ...
 $ RaceHorse.IsHit3                 : int  0 0 0 0 0 0 0 0 0 0 ...
 $ RaceHorse.IsHit4                 : int  0 0 1 0 0 0 0 0 0 0 ...
 $ RaceHorse.IsHit5                 : int  0 0 0 0 0 0 0 0 1 0 ...
 $ RaceHorse.IsHit6                 : int  1 1 0 1 1 1 1 1 0 1 ...
 $ RaceHorse.IsValidRaceHorse       : logi  TRUE TRUE TRUE TRUE TRUE TRUE ...
 $ RaceHorse.IsHitA                 : int  0 0 0 0 0 0 0 0 0 0 ...
 $ RaceHorse.IsHitB                 : int  0 0 0 0 0 0 0 0 0 0 ...
 $ RaceHorse.IsHitC                 : int  0 0 0 0 0 0 0 0 0 0 ...
 $ Horse.PrevKettoNum               : Factor w/ 1353 levels "2008100889","2009101079",..: 1 2 3 4 5 6 7 8 9 10 ...
 $ Horse.TimeDvByRaceAvg            : num  52.4 45.5 54.6 41 46.4 ...
 $ Horse.TimeDvByRaceMax            : num  61.2 59.6 63.1 56.5 53.9 ...
 $ Horse.RunCount                   : int  20 24 10 7 7 3 8 15 9 5 ...
 $ Horse.HitCount1                  : int  0 0 0 0 0 0 0 0 0 1 ...
 $ Horse.HitCount2                  : int  2 1 2 0 0 0 0 0 0 0 ...
 $ Horse.HitCount3                  : int  1 1 0 0 0 0 0 1 0 0 ...
 $ Horse.HitCount4                  : int  5 0 1 1 1 0 1 2 0 0 ...
 $ Horse.HitCount5                  : int  2 0 1 0 1 0 0 0 0 0 ...
 $ Horse.HitRate1                   : num  0 0 0 0 0 0 0 0 0 0.2 ...
 $ Horse.HitRate2                   : num  0.1 0.0417 0.2 0 0 ...
 $ Horse.HitRate3                   : num  0.05 0.0417 0 0 0 ...
 $ Horse.HitRate4                   : num  0.25 0 0.1 0.143 0.143 ...
 $ Horse.HitRate5                   : num  0.1 0 0.1 0 0.143 ...
 $ EOF                              : int  1 1 1 1 1 1 1 1 1 1 ...
[1] "2022-02-04 22:57:28 --- RxSqlServerData Finish ---"
[1] "2022-02-04 22:57:28 --- subset Start ---"
[1] "nrow(InputDataSet) subset before=7075"
[1] "nrow(InputDataSet) subset after=7075"
[1] "nrow(InputDataSet) subset diff=0"
[1] "class(InputDataSet$Race.IsAnalyzeNormalPast)=logical"
[1] "class(InputDataSet$Race.analyzeTrackTypeCd)=NULL"
[1] "2022-02-04 22:57:28 --- subset Finish ---"
[1] "2022-02-04 22:57:28 --- transform Start ---"
[1] "nrow(InputDataSet) transaform before=7075"
[1] "nrow(InputDataSet) transaform after=7075"
[1] "nrow(InputDataSet) transaform diff=0"
[1] "str(InputDataSet)="
'data.frame':	7075 obs. of  42 variables:
 $ Race.RaceId                      : Factor w/ 662 levels "20160813-04-02-05-11",..: 1 1 1 1 1 1 1 1 1 1 ...
 $ Race.IsPredictedRace             : logi  TRUE TRUE TRUE TRUE TRUE TRUE ...
 $ Race.IsAnalyzeNormalPastAndFuture: logi  TRUE TRUE TRUE TRUE TRUE TRUE ...
 $ Race.IsAnalyzeNormalPast         : logi  TRUE TRUE TRUE TRUE TRUE TRUE ...
 $ Race.IsAnalyzeNormalFuture       : logi  FALSE FALSE FALSE FALSE FALSE FALSE ...
 $ Race.IsAnalyzeFullPastAndFuture  : logi  TRUE TRUE TRUE TRUE TRUE TRUE ...
 $ Race.IsAnalyzeFullPast           : logi  TRUE TRUE TRUE TRUE TRUE TRUE ...
 $ Race.IsAnalyzeFullFuture         : logi  FALSE FALSE FALSE FALSE FALSE FALSE ...
 $ Race.JyokenCd                    : Factor w/ 1 level "2": 1 1 1 1 1 1 1 1 1 1 ...
 $ Race.JyoType1Cd                  : Factor w/ 122 levels "1-04-1400-1",..: 1 1 1 1 1 1 1 1 1 1 ...
 $ Race.RaceType0Cd                 : Factor w/ 178 levels "1-04-1400-1-2-E-13",..: 1 1 1 1 1 1 1 1 1 1 ...
 $ Race.RaceType1Cd                 : Factor w/ 1 level "1-2-E": 1 1 1 1 1 1 1 1 1 1 ...
 $ Race.RaceType2Cd                 : Factor w/ 1 level "1-2-E": 1 1 1 1 1 1 1 1 1 1 ...
 $ Race.RaceType3Cd                 : Factor w/ 2 levels "2-E-13","2-E-14": 1 1 1 1 1 1 1 1 1 1 ...
 $ Race.RaceType4Cd                 : Factor w/ 2 levels "1-2-13","1-2-14": 1 1 1 1 1 1 1 1 1 1 ...
 $ RaceHorse.RaceId                 : Factor w/ 662 levels "20160813-04-02-05-11",..: 1 1 1 1 1 1 1 1 1 1 ...
 $ RaceHorse.KettoNum               : Factor w/ 1353 levels "2008100889","2009101079",..: 1 2 3 4 5 6 7 8 9 10 ...
 $ RaceHorse.IsHit1                 : int  0 0 0 0 0 0 0 0 0 0 ...
 $ RaceHorse.IsHit2                 : int  0 0 0 0 0 0 0 0 0 0 ...
 $ RaceHorse.IsHit3                 : int  0 0 0 0 0 0 0 0 0 0 ...
 $ RaceHorse.IsHit4                 : int  0 0 1 0 0 0 0 0 0 0 ...
 $ RaceHorse.IsHit5                 : int  0 0 0 0 0 0 0 0 1 0 ...
 $ RaceHorse.IsHit6                 : int  1 1 0 1 1 1 1 1 0 1 ...
 $ RaceHorse.IsValidRaceHorse       : logi  TRUE TRUE TRUE TRUE TRUE TRUE ...
 $ RaceHorse.IsHitA                 : int  0 0 0 0 0 0 0 0 0 0 ...
 $ RaceHorse.IsHitB                 : int  0 0 0 0 0 0 0 0 0 0 ...
 $ RaceHorse.IsHitC                 : int  0 0 0 0 0 0 0 0 0 0 ...
 $ Horse.PrevKettoNum               : Factor w/ 1353 levels "2008100889","2009101079",..: 1 2 3 4 5 6 7 8 9 10 ...
 $ Horse.TimeDvByRaceAvg            : num  52.4 45.5 54.6 41 46.4 ...
 $ Horse.TimeDvByRaceMax            : num  61.2 59.6 63.1 56.5 53.9 ...
 $ Horse.RunCount                   : int  20 24 10 7 7 3 8 15 9 5 ...
 $ Horse.HitCount1                  : int  0 0 0 0 0 0 0 0 0 1 ...
 $ Horse.HitCount2                  : int  2 1 2 0 0 0 0 0 0 0 ...
 $ Horse.HitCount3                  : int  1 1 0 0 0 0 0 1 0 0 ...
 $ Horse.HitCount4                  : int  5 0 1 1 1 0 1 2 0 0 ...
 $ Horse.HitCount5                  : int  2 0 1 0 1 0 0 0 0 0 ...
 $ Horse.HitRate1                   : num  0 0 0 0 0 0 0 0 0 0.2 ...
 $ Horse.HitRate2                   : num  0.1 0.0417 0.2 0 0 ...
 $ Horse.HitRate3                   : num  0.05 0.0417 0 0 0 ...
 $ Horse.HitRate4                   : num  0.25 0 0.1 0.143 0.143 ...
 $ Horse.HitRate5                   : num  0.1 0 0.1 0 0.143 ...
 $ EOF                              : int  1 1 1 1 1 1 1 1 1 1 ...
NULL
[1] "2022-02-04 22:57:28 --- transform Finish ---"
[1] "2022-02-04 22:57:28 --- na.omit Start ---"
[1] "nrow(InputDataSet) na.omit before=7075"
[1] "nrow(InputDataSet) na.omit after=7075"
[1] "nrow(InputDataSet) na.omit diff=0"
[1] "2022-02-04 22:57:28 --- na.omit Finish---"
[1] "2022-02-04 22:57:28 --- New Levels Start ---"
[1] "levels(data$Race.RaceType1Cd)=1-2-E"
[1] "levels(InputDataSet$Race.RaceType1Cd)=1-2-E"
[1] "length(Race.RaceType1Cd.Index)=0"
[1] "2022-02-04 22:57:28 --- New Levels Finish ---"
[1] "2022-02-04 22:57:28 --- na.omit Start ---"
[1] "nrow(InputDataSet) na.omit levels before=7075"
[1] "nrow(InputDataSet) na.omit levels after=7075"
[1] "nrow(InputDataSet) na.omit levels diff=0"
[1] "2022-02-04 22:57:28 --- na.omit Finish ---"
[1] "2022-02-04 22:57:28 --- Predict InputDataSet Start ---"
[1] "nrow(InputDataSet) predict=7075"
[1] "str(InputDataSet)="
'data.frame':	7075 obs. of  42 variables:
 $ Race.RaceId                      : Factor w/ 662 levels "20160813-04-02-05-11",..: 1 1 1 1 1 1 1 1 1 1 ...
 $ Race.IsPredictedRace             : logi  TRUE TRUE TRUE TRUE TRUE TRUE ...
 $ Race.IsAnalyzeNormalPastAndFuture: logi  TRUE TRUE TRUE TRUE TRUE TRUE ...
 $ Race.IsAnalyzeNormalPast         : logi  TRUE TRUE TRUE TRUE TRUE TRUE ...
 $ Race.IsAnalyzeNormalFuture       : logi  FALSE FALSE FALSE FALSE FALSE FALSE ...
 $ Race.IsAnalyzeFullPastAndFuture  : logi  TRUE TRUE TRUE TRUE TRUE TRUE ...
 $ Race.IsAnalyzeFullPast           : logi  TRUE TRUE TRUE TRUE TRUE TRUE ...
 $ Race.IsAnalyzeFullFuture         : logi  FALSE FALSE FALSE FALSE FALSE FALSE ...
 $ Race.JyokenCd                    : Factor w/ 1 level "2": 1 1 1 1 1 1 1 1 1 1 ...
 $ Race.JyoType1Cd                  : Factor w/ 122 levels "1-04-1400-1",..: 1 1 1 1 1 1 1 1 1 1 ...
 $ Race.RaceType0Cd                 : Factor w/ 178 levels "1-04-1400-1-2-E-13",..: 1 1 1 1 1 1 1 1 1 1 ...
 $ Race.RaceType1Cd                 : Factor w/ 1 level "1-2-E": 1 1 1 1 1 1 1 1 1 1 ...
 $ Race.RaceType2Cd                 : Factor w/ 1 level "1-2-E": 1 1 1 1 1 1 1 1 1 1 ...
 $ Race.RaceType3Cd                 : Factor w/ 2 levels "2-E-13","2-E-14": 1 1 1 1 1 1 1 1 1 1 ...
 $ Race.RaceType4Cd                 : Factor w/ 2 levels "1-2-13","1-2-14": 1 1 1 1 1 1 1 1 1 1 ...
 $ RaceHorse.RaceId                 : Factor w/ 662 levels "20160813-04-02-05-11",..: 1 1 1 1 1 1 1 1 1 1 ...
 $ RaceHorse.KettoNum               : Factor w/ 1353 levels "2008100889","2009101079",..: 1 2 3 4 5 6 7 8 9 10 ...
 $ RaceHorse.IsHit1                 : int  0 0 0 0 0 0 0 0 0 0 ...
 $ RaceHorse.IsHit2                 : int  0 0 0 0 0 0 0 0 0 0 ...
 $ RaceHorse.IsHit3                 : int  0 0 0 0 0 0 0 0 0 0 ...
 $ RaceHorse.IsHit4                 : int  0 0 1 0 0 0 0 0 0 0 ...
 $ RaceHorse.IsHit5                 : int  0 0 0 0 0 0 0 0 1 0 ...
 $ RaceHorse.IsHit6                 : int  1 1 0 1 1 1 1 1 0 1 ...
 $ RaceHorse.IsValidRaceHorse       : logi  TRUE TRUE TRUE TRUE TRUE TRUE ...
 $ RaceHorse.IsHitA                 : int  0 0 0 0 0 0 0 0 0 0 ...
 $ RaceHorse.IsHitB                 : int  0 0 0 0 0 0 0 0 0 0 ...
 $ RaceHorse.IsHitC                 : int  0 0 0 0 0 0 0 0 0 0 ...
 $ Horse.PrevKettoNum               : Factor w/ 1353 levels "2008100889","2009101079",..: 1 2 3 4 5 6 7 8 9 10 ...
 $ Horse.TimeDvByRaceAvg            : num  52.4 45.5 54.6 41 46.4 ...
 $ Horse.TimeDvByRaceMax            : num  61.2 59.6 63.1 56.5 53.9 ...
 $ Horse.RunCount                   : int  20 24 10 7 7 3 8 15 9 5 ...
 $ Horse.HitCount1                  : int  0 0 0 0 0 0 0 0 0 1 ...
 $ Horse.HitCount2                  : int  2 1 2 0 0 0 0 0 0 0 ...
 $ Horse.HitCount3                  : int  1 1 0 0 0 0 0 1 0 0 ...
 $ Horse.HitCount4                  : int  5 0 1 1 1 0 1 2 0 0 ...
 $ Horse.HitCount5                  : int  2 0 1 0 1 0 0 0 0 0 ...
 $ Horse.HitRate1                   : num  0 0 0 0 0 0 0 0 0 0.2 ...
 $ Horse.HitRate2                   : num  0.1 0.0417 0.2 0 0 ...
 $ Horse.HitRate3                   : num  0.05 0.0417 0 0 0 ...
 $ Horse.HitRate4                   : num  0.25 0 0.1 0.143 0.143 ...
 $ Horse.HitRate5                   : num  0.1 0 0.1 0 0.143 ...
 $ EOF                              : int  1 1 1 1 1 1 1 1 1 1 ...
[1] "2022-02-04 22:57:28 --- Predict InputDataSet Finish ---"
[1] "2022-02-04 22:57:28 --- rxPredict (glm) Start ---"
[1] "analyzeFunc=glm"
Rows Read: 7075, Total Rows Processed: 7075, Total Chunk Time: Less than .001 seconds 
[1] "nrow(PredictDataSet) afte predict=7075"
[1] "str(PredictDataSet)"
'data.frame':	7075 obs. of  1 variable:
 $ RaceHorse.IsHitA_Pred: num  0.0712 0.0342 0.0894 0.0209 0.0375 ...
NULL
[1] "head(PredictDataSet) afte predict="
  RaceHorse.IsHitA_Pred
1            0.07115044
2            0.03415407
3            0.08935562
4            0.02088543
5            0.03748522
6            0.01231123
[1] "2022-02-04 22:57:28 --- rxPredict (glm) Finish ---"
[1] "2022-02-04 22:57:28 --- add key Start ---"
[1] "nrow(OutputDataSet) add KeyColmn=7075"
[1] "str(OutputDataSet) after add Key"
'data.frame':	7075 obs. of  2 variables:
 $ RaceHorse.RaceId  : Factor w/ 662 levels "20160813-04-02-05-11",..: 1 1 1 1 1 1 1 1 1 1 ...
 $ RaceHorse.KettoNum: Factor w/ 1353 levels "2008100889","2009101079",..: 1 2 3 4 5 6 7 8 9 10 ...
NULL
[1] "2022-02-04 22:57:28 --- add key Finish ---"
[1] "2022-02-04 22:57:28 --- add PredictValue Start ---"
[1] "str(PredictDataSet) before rename="
[1] "colnames(PredictDataSet)=RaceHorse.IsHitA_Pred"
[1] "str(PredictDataSet) after rename="
'data.frame':	7075 obs. of  1 variable:
 $ PredictValue: num  0.0712 0.0342 0.0894 0.0209 0.0375 ...
NULL
[1] "str(OutputDataSet) before cbind="
'data.frame':	7075 obs. of  2 variables:
 $ RaceHorse.RaceId  : Factor w/ 662 levels "20160813-04-02-05-11",..: 1 1 1 1 1 1 1 1 1 1 ...
 $ RaceHorse.KettoNum: Factor w/ 1353 levels "2008100889","2009101079",..: 1 2 3 4 5 6 7 8 9 10 ...
NULL
[1] "str(OutputDataSet) after cbind="
'data.frame':	7075 obs. of  3 variables:
 $ RaceHorse.RaceId  : Factor w/ 662 levels "20160813-04-02-05-11",..: 1 1 1 1 1 1 1 1 1 1 ...
 $ RaceHorse.KettoNum: Factor w/ 1353 levels "2008100889","2009101079",..: 1 2 3 4 5 6 7 8 9 10 ...
 $ PredictValue      : num  0.0712 0.0342 0.0894 0.0209 0.0375 ...
NULL
[1] "2022-02-04 22:57:28 --- add PredictValue Finish ---"
[1] "2022-02-04 22:57:28 --- final Start ---"
[1] "nrow(OutputDataSet) final=7075"
[1] "head(OutputDataSet)="
      RaceHorse.RaceId RaceHorse.KettoNum PredictValue
1 20160813-04-02-05-11         2008100889   0.07115044
2 20160813-04-02-05-11         2009101079   0.03415407
3 20160813-04-02-05-11         2009106017   0.08935562
4 20160813-04-02-05-11         2009106444   0.02088543
5 20160813-04-02-05-11         2010102675   0.03748522
6 20160813-04-02-05-11         2010104262   0.01231123
[1] "str(OutputDataSet)="
'data.frame':	7075 obs. of  3 variables:
 $ RaceHorse.RaceId  : Factor w/ 662 levels "20160813-04-02-05-11",..: 1 1 1 1 1 1 1 1 1 1 ...
 $ RaceHorse.KettoNum: Factor w/ 1353 levels "2008100889","2009101079",..: 1 2 3 4 5 6 7 8 9 10 ...
 $ PredictValue      : num  0.0712 0.0342 0.0894 0.0209 0.0375 ...
NULL
[1] "2022-02-04 22:57:28 --- final Finish ---"
[1] "2022-02-04 22:57:28 --- predict.R Finished ---"
[1] "2022-02-04 22:57:28 --- log Finish ---"
