[1] "2022-02-04 22:26:08 --- D1113_Predict_glm_Gen02_IsHitA_Type11 Start ---"
[1] "2022-02-04 22:26:08 --- Log Start ---"
[1] "2022-02-04 22:26:08 --- predict.R Start ---"
[1] "analyzeVersion=D1113"
[1] "analyzeCategory=Predict"
[1] "analyzeType=Gen02"
[1] "analyzeFamily=IsHitA"
[1] "analyzeFunc=glm"
[1] "analyzeTrackTypeCd=1"
[1] "analyzeJyokenCd=1"
[1] "2022-02-04 22:26:09 --- source_function.R Start ---"
[1] "2022-02-04 22:26:09 --- source_function.R Finished ---"

> print(paste0(Sys.time(), " --- source_library.R Start ---"))
[1] "2022-02-04 22:26:09 --- source_library.R Start ---"

> require("RevoScaleR")

> print(paste0(Sys.time(), " --- source_library.R Finished ---"))
[1] "2022-02-04 22:26:09 --- source_library.R Finished ---"
[1] "2022-02-04 22:26:09 --- Load Start ---"
[1] "loadFilename=RData_Analyze_glm_Gen02_Type11.RData"
[1] "2022-02-04 22:26:09 --- Load Finished ---"
[1] "2022-02-04 22:26:09 --- RxSqlServerData Start ---"
[1] "sqlQuery=SELECT * FROM ViewAnalyzeD1113analyze01Gen02Type11 WHERE [Race.IsPredictedRace] = 1"
Rows Read: 10880, Total Rows Processed: 10880, Total Chunk Time: 8.307 seconds 
[1] "head(InputDataSet)="
           Race.RaceId Race.IsPredictedRace Race.IsAnalyzeNormalPastAndFuture
1 20170827-04-02-10-10                 TRUE                              TRUE
2 20160925-09-04-06-11                 TRUE                              TRUE
3 20160117-08-01-06-11                 TRUE                              TRUE
4 20161120-08-05-06-11                 TRUE                              TRUE
5 20200404-06-03-03-11                 TRUE                              TRUE
6 20200830-04-03-06-10                 TRUE                              TRUE
  Race.IsAnalyzeNormalPast Race.IsAnalyzeNormalFuture
1                     TRUE                      FALSE
2                     TRUE                      FALSE
3                     TRUE                      FALSE
4                     TRUE                      FALSE
5                     TRUE                      FALSE
6                     TRUE                      FALSE
  Race.IsAnalyzeFullPastAndFuture Race.IsAnalyzeFullPast
1                            TRUE                   TRUE
2                            TRUE                   TRUE
3                            TRUE                   TRUE
4                            TRUE                   TRUE
5                            TRUE                   TRUE
6                            TRUE                   TRUE
  Race.IsAnalyzeFullFuture Race.JyokenCd Race.JyoType1Cd   Race.RaceType0Cd
1                    FALSE             1     1-04-1400-1 1-04-1400-1-1-E-13
2                    FALSE             1     1-09-2400-1 1-09-2400-1-1-B-12
3                    FALSE             1     1-08-2400-1 1-08-2400-1-1-B-14
4                    FALSE             1     1-08-1600-1 1-08-1600-1-1-A-13
5                    FALSE             1     1-06-1600-1 1-06-1600-1-1-C-14
6                    FALSE             1     1-04-1400-1 1-04-1400-1-1-L-13
  Race.RaceType1Cd Race.RaceType2Cd Race.RaceType3Cd Race.RaceType4Cd
1            1-1-E            1-1-E           1-E-13           1-1-13
2            1-1-B            1-1-B           1-B-12           1-1-12
3            1-1-B            1-1-B           1-B-14           1-1-14
4            1-1-A            1-1-A           1-A-13           1-1-13
5            1-1-C            1-1-C           1-C-14           1-1-14
6            1-1-L            1-1-L           1-L-13           1-1-13
      RaceHorse.RaceId RaceHorse.KettoNum RaceHorse.IsHit1 RaceHorse.IsHit2
1 20170827-04-02-10-10         2011105000                0                1
2 20160925-09-04-06-11         2013106099                0                1
3 20160117-08-01-06-11         2010103940                0                0
4 20161120-08-05-06-11         2011103565                0                1
5 20200404-06-03-03-11         2012101505                0                0
6 20200830-04-03-06-10         2014104369                0                0
  RaceHorse.IsHit3 RaceHorse.IsHit4 RaceHorse.IsHit5 RaceHorse.IsHit6
1                0                0                0                0
2                0                0                0                0
3                0                0                0                1
4                0                0                0                0
5                0                0                0                1
6                0                0                0                1
  RaceHorse.IsValidRaceHorse RaceHorse.IsHitA RaceHorse.IsHitB RaceHorse.IsHitC
1                       TRUE                0                1                1
2                       TRUE                0                1                1
3                       TRUE                0                0                0
4                       TRUE                0                1                1
5                       TRUE                0                0                0
6                       TRUE                0                0                0
  Gen02.HansyokuNum Gen02.TimeDvByRaceAvg Gen02.TimeDvByRaceMax Gen02.RunCount
1          12256011              53.21424              63.54571             14
2          12257522              56.25389              56.25389              1
3          12251640              53.48267              65.66428             13
4          12255384              58.07565              61.89972              7
5          12251860              49.38810              63.86906              8
6          12253495              38.97906              41.82763              2
  Gen02.HitCount1 Gen02.HitCount2 Gen02.HitCount3 Gen02.HitCount4
1               1               1               3               3
2               0               0               0               0
3               1               1               1               1
4               1               1               3               0
5               1               0               1               0
6               0               0               0               0
  Gen02.HitCount5 Gen02.HitRate1 Gen02.HitRate2 Gen02.HitRate3 Gen02.HitRate4
1               0     0.07142857     0.07142857     0.21428571     0.21428571
2               1     0.00000000     0.00000000     0.00000000     0.00000000
3               2     0.07692308     0.07692308     0.07692308     0.07692308
4               1     0.14285714     0.14285714     0.42857143     0.00000000
5               0     0.12500000     0.00000000     0.12500000     0.00000000
6               0     0.00000000     0.00000000     0.00000000     0.00000000
  Gen02.HitRate5 EOF
1      0.0000000   1
2      1.0000000   1
3      0.1538462   1
4      0.1428571   1
5      0.0000000   1
6      0.0000000   1
[1] "object.size(InputDataSet) auto=2.5 Mb"
[1] "nrow(InputDataSet) RxSqlServerData=10880"
[1] "str(InputDataSet)="
'data.frame':	10880 obs. of  42 variables:
 $ Race.RaceId                      : Factor w/ 1122 levels "20180826-10-02-10-11",..: 11 12 13 14 4 15 16 17 18 19 ...
 $ Race.IsPredictedRace             : logi  TRUE TRUE TRUE TRUE TRUE TRUE ...
 $ Race.IsAnalyzeNormalPastAndFuture: logi  TRUE TRUE TRUE TRUE TRUE TRUE ...
 $ Race.IsAnalyzeNormalPast         : logi  TRUE TRUE TRUE TRUE TRUE TRUE ...
 $ Race.IsAnalyzeNormalFuture       : logi  FALSE FALSE FALSE FALSE FALSE FALSE ...
 $ Race.IsAnalyzeFullPastAndFuture  : logi  TRUE TRUE TRUE TRUE TRUE TRUE ...
 $ Race.IsAnalyzeFullPast           : logi  TRUE TRUE TRUE TRUE TRUE TRUE ...
 $ Race.IsAnalyzeFullFuture         : logi  FALSE FALSE FALSE FALSE FALSE FALSE ...
 $ Race.JyokenCd                    : Factor w/ 1 level "1": 1 1 1 1 1 1 1 1 1 1 ...
 $ Race.JyoType1Cd                  : Factor w/ 155 levels "1-10-1800-1",..: 9 10 11 12 4 9 13 2 3 14 ...
 $ Race.RaceType0Cd                 : Factor w/ 420 levels "1-10-1800-1-1-E-13",..: 11 12 13 14 4 15 16 17 18 19 ...
 $ Race.RaceType1Cd                 : Factor w/ 6 levels "1-1-E","1-1-C",..: 1 4 4 3 2 5 2 1 5 2 ...
 $ Race.RaceType2Cd                 : Factor w/ 6 levels "1-1-E","1-1-C",..: 1 4 4 3 2 5 2 1 5 2 ...
 $ Race.RaceType3Cd                 : Factor w/ 22 levels "1-E-13","1-C-13",..: 1 8 6 5 4 9 2 7 9 4 ...
 $ Race.RaceType4Cd                 : Factor w/ 4 levels "1-1-13","1-1-11",..: 1 4 3 1 3 1 1 3 1 3 ...
 $ RaceHorse.RaceId                 : Factor w/ 1122 levels "20180826-10-02-10-11",..: 11 12 13 14 4 15 16 17 18 19 ...
 $ RaceHorse.KettoNum               : Factor w/ 2178 levels "2010100356","2010105964",..: 11 12 13 14 15 16 17 18 19 20 ...
 $ RaceHorse.IsHit1                 : int  0 0 0 0 0 0 0 0 0 0 ...
 $ RaceHorse.IsHit2                 : int  1 1 0 1 0 0 0 0 0 0 ...
 $ RaceHorse.IsHit3                 : int  0 0 0 0 0 0 0 0 0 0 ...
 $ RaceHorse.IsHit4                 : int  0 0 0 0 0 0 0 0 0 0 ...
 $ RaceHorse.IsHit5                 : int  0 0 0 0 0 0 0 1 0 0 ...
 $ RaceHorse.IsHit6                 : int  0 0 1 0 1 1 1 0 1 1 ...
 $ RaceHorse.IsValidRaceHorse       : logi  TRUE TRUE TRUE TRUE TRUE TRUE ...
 $ RaceHorse.IsHitA                 : int  0 0 0 0 0 0 0 0 0 0 ...
 $ RaceHorse.IsHitB                 : int  1 1 0 1 0 0 0 0 0 0 ...
 $ RaceHorse.IsHitC                 : int  1 1 0 1 0 0 0 0 0 0 ...
 $ Gen02.HansyokuNum                : Factor w/ 1611 levels "12254049","12251665",..: 11 12 13 14 15 16 17 18 19 20 ...
 $ Gen02.TimeDvByRaceAvg            : num  53.2 56.3 53.5 58.1 49.4 ...
 $ Gen02.TimeDvByRaceMax            : num  63.5 56.3 65.7 61.9 63.9 ...
 $ Gen02.RunCount                   : int  14 1 13 7 8 2 5 11 4 3 ...
 $ Gen02.HitCount1                  : int  1 0 1 1 1 0 1 0 0 0 ...
 $ Gen02.HitCount2                  : int  1 0 1 1 0 0 0 0 0 1 ...
 $ Gen02.HitCount3                  : int  3 0 1 3 1 0 2 0 0 0 ...
 $ Gen02.HitCount4                  : int  3 0 1 0 0 0 0 0 0 0 ...
 $ Gen02.HitCount5                  : int  0 1 2 1 0 0 0 2 2 0 ...
 $ Gen02.HitRate1                   : num  0.0714 0 0.0769 0.1429 0.125 ...
 $ Gen02.HitRate2                   : num  0.0714 0 0.0769 0.1429 0 ...
 $ Gen02.HitRate3                   : num  0.2143 0 0.0769 0.4286 0.125 ...
 $ Gen02.HitRate4                   : num  0.2143 0 0.0769 0 0 ...
 $ Gen02.HitRate5                   : num  0 1 0.154 0.143 0 ...
 $ EOF                              : int  1 1 1 1 1 1 1 1 1 1 ...
[1] "2022-02-04 22:26:26 --- RxSqlServerData Finish ---"
[1] "2022-02-04 22:26:26 --- subset Start ---"
[1] "nrow(InputDataSet) subset before=10880"
[1] "nrow(InputDataSet) subset after=10880"
[1] "nrow(InputDataSet) subset diff=0"
[1] "class(InputDataSet$Race.IsAnalyzeNormalPast)=logical"
[1] "class(InputDataSet$Race.analyzeTrackTypeCd)=NULL"
[1] "2022-02-04 22:26:26 --- subset Finish ---"
[1] "2022-02-04 22:26:26 --- transform Start ---"
[1] "nrow(InputDataSet) transaform before=10880"
[1] "nrow(InputDataSet) transaform after=10880"
[1] "nrow(InputDataSet) transaform diff=0"
[1] "str(InputDataSet)="
'data.frame':	10880 obs. of  42 variables:
 $ Race.RaceId                      : Factor w/ 1122 levels "20180826-10-02-10-11",..: 11 12 13 14 4 15 16 17 18 19 ...
 $ Race.IsPredictedRace             : logi  TRUE TRUE TRUE TRUE TRUE TRUE ...
 $ Race.IsAnalyzeNormalPastAndFuture: logi  TRUE TRUE TRUE TRUE TRUE TRUE ...
 $ Race.IsAnalyzeNormalPast         : logi  TRUE TRUE TRUE TRUE TRUE TRUE ...
 $ Race.IsAnalyzeNormalFuture       : logi  FALSE FALSE FALSE FALSE FALSE FALSE ...
 $ Race.IsAnalyzeFullPastAndFuture  : logi  TRUE TRUE TRUE TRUE TRUE TRUE ...
 $ Race.IsAnalyzeFullPast           : logi  TRUE TRUE TRUE TRUE TRUE TRUE ...
 $ Race.IsAnalyzeFullFuture         : logi  FALSE FALSE FALSE FALSE FALSE FALSE ...
 $ Race.JyokenCd                    : Factor w/ 1 level "1": 1 1 1 1 1 1 1 1 1 1 ...
 $ Race.JyoType1Cd                  : Factor w/ 155 levels "1-10-1800-1",..: 9 10 11 12 4 9 13 2 3 14 ...
 $ Race.RaceType0Cd                 : Factor w/ 420 levels "1-10-1800-1-1-E-13",..: 11 12 13 14 4 15 16 17 18 19 ...
 $ Race.RaceType1Cd                 : Factor w/ 6 levels "1-1-E","1-1-C",..: 1 4 4 3 2 5 2 1 5 2 ...
 $ Race.RaceType2Cd                 : Factor w/ 6 levels "1-1-E","1-1-C",..: 1 4 4 3 2 5 2 1 5 2 ...
 $ Race.RaceType3Cd                 : Factor w/ 22 levels "1-E-13","1-C-13",..: 1 8 6 5 4 9 2 7 9 4 ...
 $ Race.RaceType4Cd                 : Factor w/ 4 levels "1-1-13","1-1-11",..: 1 4 3 1 3 1 1 3 1 3 ...
 $ RaceHorse.RaceId                 : Factor w/ 1122 levels "20180826-10-02-10-11",..: 11 12 13 14 4 15 16 17 18 19 ...
 $ RaceHorse.KettoNum               : Factor w/ 2178 levels "2010100356","2010105964",..: 11 12 13 14 15 16 17 18 19 20 ...
 $ RaceHorse.IsHit1                 : int  0 0 0 0 0 0 0 0 0 0 ...
 $ RaceHorse.IsHit2                 : int  1 1 0 1 0 0 0 0 0 0 ...
 $ RaceHorse.IsHit3                 : int  0 0 0 0 0 0 0 0 0 0 ...
 $ RaceHorse.IsHit4                 : int  0 0 0 0 0 0 0 0 0 0 ...
 $ RaceHorse.IsHit5                 : int  0 0 0 0 0 0 0 1 0 0 ...
 $ RaceHorse.IsHit6                 : int  0 0 1 0 1 1 1 0 1 1 ...
 $ RaceHorse.IsValidRaceHorse       : logi  TRUE TRUE TRUE TRUE TRUE TRUE ...
 $ RaceHorse.IsHitA                 : int  0 0 0 0 0 0 0 0 0 0 ...
 $ RaceHorse.IsHitB                 : int  1 1 0 1 0 0 0 0 0 0 ...
 $ RaceHorse.IsHitC                 : int  1 1 0 1 0 0 0 0 0 0 ...
 $ Gen02.HansyokuNum                : Factor w/ 1611 levels "12254049","12251665",..: 11 12 13 14 15 16 17 18 19 20 ...
 $ Gen02.TimeDvByRaceAvg            : num  53.2 56.3 53.5 58.1 49.4 ...
 $ Gen02.TimeDvByRaceMax            : num  63.5 56.3 65.7 61.9 63.9 ...
 $ Gen02.RunCount                   : int  14 1 13 7 8 2 5 11 4 3 ...
 $ Gen02.HitCount1                  : int  1 0 1 1 1 0 1 0 0 0 ...
 $ Gen02.HitCount2                  : int  1 0 1 1 0 0 0 0 0 1 ...
 $ Gen02.HitCount3                  : int  3 0 1 3 1 0 2 0 0 0 ...
 $ Gen02.HitCount4                  : int  3 0 1 0 0 0 0 0 0 0 ...
 $ Gen02.HitCount5                  : int  0 1 2 1 0 0 0 2 2 0 ...
 $ Gen02.HitRate1                   : num  0.0714 0 0.0769 0.1429 0.125 ...
 $ Gen02.HitRate2                   : num  0.0714 0 0.0769 0.1429 0 ...
 $ Gen02.HitRate3                   : num  0.2143 0 0.0769 0.4286 0.125 ...
 $ Gen02.HitRate4                   : num  0.2143 0 0.0769 0 0 ...
 $ Gen02.HitRate5                   : num  0 1 0.154 0.143 0 ...
 $ EOF                              : int  1 1 1 1 1 1 1 1 1 1 ...
NULL
[1] "2022-02-04 22:26:26 --- transform Finish ---"
[1] "2022-02-04 22:26:26 --- na.omit Start ---"
[1] "nrow(InputDataSet) na.omit before=10880"
[1] "nrow(InputDataSet) na.omit after=10880"
[1] "nrow(InputDataSet) na.omit diff=0"
[1] "2022-02-04 22:26:26 --- na.omit Finish---"
[1] "2022-02-04 22:26:26 --- New Levels Start ---"
[1] "levels(data$Race.RaceType1Cd)=1-1-E" "levels(data$Race.RaceType1Cd)=1-1-C"
[3] "levels(data$Race.RaceType1Cd)=1-1-B" "levels(data$Race.RaceType1Cd)=1-1-A"
[5] "levels(data$Race.RaceType1Cd)=1-1-L" "levels(data$Race.RaceType1Cd)=1-1-D"
[1] "levels(InputDataSet$Race.RaceType1Cd)=1-1-E"
[2] "levels(InputDataSet$Race.RaceType1Cd)=1-1-C"
[3] "levels(InputDataSet$Race.RaceType1Cd)=1-1-A"
[4] "levels(InputDataSet$Race.RaceType1Cd)=1-1-B"
[5] "levels(InputDataSet$Race.RaceType1Cd)=1-1-L"
[6] "levels(InputDataSet$Race.RaceType1Cd)=1-1-D"
[1] "length(Race.RaceType1Cd.Index)=0"
[1] "2022-02-04 22:26:26 --- New Levels Finish ---"
[1] "2022-02-04 22:26:26 --- na.omit Start ---"
[1] "nrow(InputDataSet) na.omit levels before=10880"
[1] "nrow(InputDataSet) na.omit levels after=10880"
[1] "nrow(InputDataSet) na.omit levels diff=0"
[1] "2022-02-04 22:26:26 --- na.omit Finish ---"
[1] "2022-02-04 22:26:26 --- Predict InputDataSet Start ---"
[1] "nrow(InputDataSet) predict=10880"
[1] "str(InputDataSet)="
'data.frame':	10880 obs. of  42 variables:
 $ Race.RaceId                      : Factor w/ 1122 levels "20180826-10-02-10-11",..: 11 12 13 14 4 15 16 17 18 19 ...
 $ Race.IsPredictedRace             : logi  TRUE TRUE TRUE TRUE TRUE TRUE ...
 $ Race.IsAnalyzeNormalPastAndFuture: logi  TRUE TRUE TRUE TRUE TRUE TRUE ...
 $ Race.IsAnalyzeNormalPast         : logi  TRUE TRUE TRUE TRUE TRUE TRUE ...
 $ Race.IsAnalyzeNormalFuture       : logi  FALSE FALSE FALSE FALSE FALSE FALSE ...
 $ Race.IsAnalyzeFullPastAndFuture  : logi  TRUE TRUE TRUE TRUE TRUE TRUE ...
 $ Race.IsAnalyzeFullPast           : logi  TRUE TRUE TRUE TRUE TRUE TRUE ...
 $ Race.IsAnalyzeFullFuture         : logi  FALSE FALSE FALSE FALSE FALSE FALSE ...
 $ Race.JyokenCd                    : Factor w/ 1 level "1": 1 1 1 1 1 1 1 1 1 1 ...
 $ Race.JyoType1Cd                  : Factor w/ 155 levels "1-10-1800-1",..: 9 10 11 12 4 9 13 2 3 14 ...
 $ Race.RaceType0Cd                 : Factor w/ 420 levels "1-10-1800-1-1-E-13",..: 11 12 13 14 4 15 16 17 18 19 ...
 $ Race.RaceType1Cd                 : Factor w/ 6 levels "1-1-E","1-1-C",..: 1 4 4 3 2 5 2 1 5 2 ...
 $ Race.RaceType2Cd                 : Factor w/ 6 levels "1-1-E","1-1-C",..: 1 4 4 3 2 5 2 1 5 2 ...
 $ Race.RaceType3Cd                 : Factor w/ 22 levels "1-E-13","1-C-13",..: 1 8 6 5 4 9 2 7 9 4 ...
 $ Race.RaceType4Cd                 : Factor w/ 4 levels "1-1-13","1-1-11",..: 1 4 3 1 3 1 1 3 1 3 ...
 $ RaceHorse.RaceId                 : Factor w/ 1122 levels "20180826-10-02-10-11",..: 11 12 13 14 4 15 16 17 18 19 ...
 $ RaceHorse.KettoNum               : Factor w/ 2178 levels "2010100356","2010105964",..: 11 12 13 14 15 16 17 18 19 20 ...
 $ RaceHorse.IsHit1                 : int  0 0 0 0 0 0 0 0 0 0 ...
 $ RaceHorse.IsHit2                 : int  1 1 0 1 0 0 0 0 0 0 ...
 $ RaceHorse.IsHit3                 : int  0 0 0 0 0 0 0 0 0 0 ...
 $ RaceHorse.IsHit4                 : int  0 0 0 0 0 0 0 0 0 0 ...
 $ RaceHorse.IsHit5                 : int  0 0 0 0 0 0 0 1 0 0 ...
 $ RaceHorse.IsHit6                 : int  0 0 1 0 1 1 1 0 1 1 ...
 $ RaceHorse.IsValidRaceHorse       : logi  TRUE TRUE TRUE TRUE TRUE TRUE ...
 $ RaceHorse.IsHitA                 : int  0 0 0 0 0 0 0 0 0 0 ...
 $ RaceHorse.IsHitB                 : int  1 1 0 1 0 0 0 0 0 0 ...
 $ RaceHorse.IsHitC                 : int  1 1 0 1 0 0 0 0 0 0 ...
 $ Gen02.HansyokuNum                : Factor w/ 1611 levels "12254049","12251665",..: 11 12 13 14 15 16 17 18 19 20 ...
 $ Gen02.TimeDvByRaceAvg            : num  53.2 56.3 53.5 58.1 49.4 ...
 $ Gen02.TimeDvByRaceMax            : num  63.5 56.3 65.7 61.9 63.9 ...
 $ Gen02.RunCount                   : int  14 1 13 7 8 2 5 11 4 3 ...
 $ Gen02.HitCount1                  : int  1 0 1 1 1 0 1 0 0 0 ...
 $ Gen02.HitCount2                  : int  1 0 1 1 0 0 0 0 0 1 ...
 $ Gen02.HitCount3                  : int  3 0 1 3 1 0 2 0 0 0 ...
 $ Gen02.HitCount4                  : int  3 0 1 0 0 0 0 0 0 0 ...
 $ Gen02.HitCount5                  : int  0 1 2 1 0 0 0 2 2 0 ...
 $ Gen02.HitRate1                   : num  0.0714 0 0.0769 0.1429 0.125 ...
 $ Gen02.HitRate2                   : num  0.0714 0 0.0769 0.1429 0 ...
 $ Gen02.HitRate3                   : num  0.2143 0 0.0769 0.4286 0.125 ...
 $ Gen02.HitRate4                   : num  0.2143 0 0.0769 0 0 ...
 $ Gen02.HitRate5                   : num  0 1 0.154 0.143 0 ...
 $ EOF                              : int  1 1 1 1 1 1 1 1 1 1 ...
[1] "2022-02-04 22:26:26 --- Predict InputDataSet Finish ---"
[1] "2022-02-04 22:26:26 --- rxPredict (glm) Start ---"
[1] "analyzeFunc=glm"
Rows Read: 10880, Total Rows Processed: 10880, Total Chunk Time: 0.001 seconds 
[1] "nrow(PredictDataSet) afte predict=10880"
[1] "str(PredictDataSet)"
'data.frame':	10880 obs. of  1 variable:
 $ RaceHorse.IsHitA_Pred: num  0.0662 0.0798 0.0677 0.0979 0.0512 ...
NULL
[1] "head(PredictDataSet) afte predict="
  RaceHorse.IsHitA_Pred
1            0.06621500
2            0.07984574
3            0.06773517
4            0.09786246
5            0.05115025
6            0.02155454
[1] "2022-02-04 22:26:26 --- rxPredict (glm) Finish ---"
[1] "2022-02-04 22:26:26 --- add key Start ---"
[1] "nrow(OutputDataSet) add KeyColmn=10880"
[1] "str(OutputDataSet) after add Key"
'data.frame':	10880 obs. of  2 variables:
 $ RaceHorse.RaceId  : Factor w/ 1122 levels "20180826-10-02-10-11",..: 11 12 13 14 4 15 16 17 18 19 ...
 $ RaceHorse.KettoNum: Factor w/ 2178 levels "2010100356","2010105964",..: 11 12 13 14 15 16 17 18 19 20 ...
NULL
[1] "2022-02-04 22:26:26 --- add key Finish ---"
[1] "2022-02-04 22:26:26 --- add PredictValue Start ---"
[1] "str(PredictDataSet) before rename="
[1] "colnames(PredictDataSet)=RaceHorse.IsHitA_Pred"
[1] "str(PredictDataSet) after rename="
'data.frame':	10880 obs. of  1 variable:
 $ PredictValue: num  0.0662 0.0798 0.0677 0.0979 0.0512 ...
NULL
[1] "str(OutputDataSet) before cbind="
'data.frame':	10880 obs. of  2 variables:
 $ RaceHorse.RaceId  : Factor w/ 1122 levels "20180826-10-02-10-11",..: 11 12 13 14 4 15 16 17 18 19 ...
 $ RaceHorse.KettoNum: Factor w/ 2178 levels "2010100356","2010105964",..: 11 12 13 14 15 16 17 18 19 20 ...
NULL
[1] "str(OutputDataSet) after cbind="
'data.frame':	10880 obs. of  3 variables:
 $ RaceHorse.RaceId  : Factor w/ 1122 levels "20180826-10-02-10-11",..: 11 12 13 14 4 15 16 17 18 19 ...
 $ RaceHorse.KettoNum: Factor w/ 2178 levels "2010100356","2010105964",..: 11 12 13 14 15 16 17 18 19 20 ...
 $ PredictValue      : num  0.0662 0.0798 0.0677 0.0979 0.0512 ...
NULL
[1] "2022-02-04 22:26:26 --- add PredictValue Finish ---"
[1] "2022-02-04 22:26:26 --- final Start ---"
[1] "nrow(OutputDataSet) final=10880"
[1] "head(OutputDataSet)="
      RaceHorse.RaceId RaceHorse.KettoNum PredictValue
1 20170827-04-02-10-10         2011105000   0.06621500
2 20160925-09-04-06-11         2013106099   0.07984574
3 20160117-08-01-06-11         2010103940   0.06773517
4 20161120-08-05-06-11         2011103565   0.09786246
5 20200404-06-03-03-11         2012101505   0.05115025
6 20200830-04-03-06-10         2014104369   0.02155454
[1] "str(OutputDataSet)="
'data.frame':	10880 obs. of  3 variables:
 $ RaceHorse.RaceId  : Factor w/ 1122 levels "20180826-10-02-10-11",..: 11 12 13 14 4 15 16 17 18 19 ...
 $ RaceHorse.KettoNum: Factor w/ 2178 levels "2010100356","2010105964",..: 11 12 13 14 15 16 17 18 19 20 ...
 $ PredictValue      : num  0.0662 0.0798 0.0677 0.0979 0.0512 ...
NULL
[1] "2022-02-04 22:26:26 --- final Finish ---"
[1] "2022-02-04 22:26:26 --- predict.R Finished ---"
[1] "2022-02-04 22:26:26 --- log Finish ---"
