[1] "2022-02-04 03:26:32 --- D1113_Predict_glm_Gen02_IsHitA_Type21 Start ---"
[1] "2022-02-04 03:26:32 --- Log Start ---"
[1] "2022-02-04 03:26:32 --- predict.R Start ---"
[1] "analyzeVersion=D1113"
[1] "analyzeCategory=Predict"
[1] "analyzeType=Gen02"
[1] "analyzeFamily=IsHitA"
[1] "analyzeFunc=glm"
[1] "analyzeTrackTypeCd=2"
[1] "analyzeJyokenCd=1"
[1] "2022-02-04 03:26:32 --- source_function.R Start ---"
[1] "2022-02-04 03:26:32 --- source_function.R Finished ---"

> print(paste0(Sys.time(), " --- source_library.R Start ---"))
[1] "2022-02-04 03:26:32 --- source_library.R Start ---"

> require("RevoScaleR")

> print(paste0(Sys.time(), " --- source_library.R Finished ---"))
[1] "2022-02-04 03:26:32 --- source_library.R Finished ---"
[1] "2022-02-04 03:26:32 --- Load Start ---"
[1] "loadFilename=RData_Analyze_glm_Gen02_Type21.RData"
[1] "2022-02-04 03:26:32 --- Load Finished ---"
[1] "2022-02-04 03:26:32 --- RxSqlServerData Start ---"
[1] "sqlQuery=SELECT * FROM ViewAnalyzeD1113analyze01Gen02Type21"
Rows Read: 3891, Total Rows Processed: 3891, Total Chunk Time: 8.900 seconds 
[1] "head(InputDataSet)="
           Race.RaceId Race.IsPredictedRace Race.IsAnalyzeNormalPastAndFuture
1 20181118-05-05-06-11                FALSE                              TRUE
2 20170826-04-02-09-11                FALSE                              TRUE
3 20181118-03-03-06-11                FALSE                              TRUE
4 20190217-05-01-08-11                FALSE                              TRUE
5 20211121-03-02-06-11                FALSE                              TRUE
6 20180415-09-02-08-11                FALSE                              TRUE
  Race.IsAnalyzeNormalPast Race.IsAnalyzeNormalFuture
1                     TRUE                      FALSE
2                     TRUE                      FALSE
3                     TRUE                      FALSE
4                     TRUE                      FALSE
5                    FALSE                       TRUE
6                     TRUE                      FALSE
  Race.IsAnalyzeFullPastAndFuture Race.IsAnalyzeFullPast
1                            TRUE                   TRUE
2                            TRUE                   TRUE
3                            TRUE                   TRUE
4                            TRUE                   TRUE
5                            TRUE                  FALSE
6                            TRUE                   TRUE
  Race.IsAnalyzeFullFuture Race.JyokenCd Race.JyoType1Cd   Race.RaceType0Cd
1                    FALSE             1     2-05-1400-1 2-05-1400-1-1-E-13
2                    FALSE             1     2-04-1800-3 2-04-1800-3-1-E-13
3                    FALSE             1     2-03-1700-1 2-03-1700-1-1-E-13
4                    FALSE             1     2-05-1600-1 2-05-1600-1-1-A-14
5                     TRUE             1     2-03-1700-1 2-03-1700-1-1-L-13
6                    FALSE             1     2-09-1800-4 2-09-1800-4-1-C-14
  Race.RaceType1Cd Race.RaceType2Cd Race.RaceType3Cd Race.RaceType4Cd
1            2-1-E            2-1-E           1-E-13           2-1-13
2            2-1-E            2-1-E           1-E-13           2-1-13
3            2-1-E            2-1-E           1-E-13           2-1-13
4            2-1-A            2-1-A           1-A-14           2-1-14
5            2-1-L            2-1-L           1-L-13           2-1-13
6            2-1-C            2-1-C           1-C-14           2-1-14
      RaceHorse.RaceId RaceHorse.KettoNum RaceHorse.IsHit1 RaceHorse.IsHit2
1 20181118-05-05-06-11         2012105586                0                0
2 20170826-04-02-09-11         2012101018                0                0
3 20181118-03-03-06-11         2010104486                0                0
4 20190217-05-01-08-11         2014106474                0                0
5 20211121-03-02-06-11         2015100348                0                0
6 20180415-09-02-08-11         2011103964                0                0
  RaceHorse.IsHit3 RaceHorse.IsHit4 RaceHorse.IsHit5 RaceHorse.IsHit6
1                0                0                0                1
2                1                0                0                0
3                0                0                0                1
4                0                0                0                1
5                0                0                0                1
6                0                0                0                1
  RaceHorse.IsValidRaceHorse RaceHorse.IsHitA RaceHorse.IsHitB RaceHorse.IsHitC
1                       TRUE                0                0                0
2                       TRUE                0                0                1
3                       TRUE                0                0                0
4                       TRUE                0                0                0
5                       TRUE                0                0                0
6                       TRUE                0                0                0
  Gen02.HansyokuNum Gen02.TimeDvByRaceAvg Gen02.TimeDvByRaceMax Gen02.RunCount
1          12258563              51.68949              61.77313             11
2          12256351              58.03733              68.24000              6
3          12252919              51.45034              59.72561             11
4          12252051              54.06938              58.26836              2
5          12254739              53.71937              64.36583              9
6          12255147              57.62666              62.51784              2
  Gen02.HitCount1 Gen02.HitCount2 Gen02.HitCount3 Gen02.HitCount4
1               1               1               0               0
2               1               2               1               0
3               0               3               0               3
4               0               0               0               1
5               0               1               2               0
6               0               1               0               0
  Gen02.HitCount5 Gen02.HitRate1 Gen02.HitRate2 Gen02.HitRate3 Gen02.HitRate4
1               1     0.09090909     0.09090909      0.0000000      0.0000000
2               1     0.16666667     0.33333333      0.1666667      0.0000000
3               0     0.00000000     0.27272727      0.0000000      0.2727273
4               0     0.00000000     0.00000000      0.0000000      0.5000000
5               0     0.00000000     0.11111111      0.2222222      0.0000000
6               0     0.00000000     0.50000000      0.0000000      0.0000000
  Gen02.HitRate5 EOF
1     0.09090909   1
2     0.16666667   1
3     0.00000000   1
4     0.00000000   1
5     0.00000000   1
6     0.00000000   1
[1] "object.size(InputDataSet) auto=937.2 Kb"
[1] "nrow(InputDataSet) RxSqlServerData=3891"
[1] "str(InputDataSet)="
'data.frame':	3891 obs. of  42 variables:
 $ Race.RaceId                      : Factor w/ 368 levels "20160501-08-03-04-10",..: 11 12 13 14 15 16 17 18 19 20 ...
 $ Race.IsPredictedRace             : logi  FALSE FALSE FALSE FALSE FALSE FALSE ...
 $ Race.IsAnalyzeNormalPastAndFuture: logi  TRUE TRUE TRUE TRUE TRUE TRUE ...
 $ Race.IsAnalyzeNormalPast         : logi  TRUE TRUE TRUE TRUE FALSE TRUE ...
 $ Race.IsAnalyzeNormalFuture       : logi  FALSE FALSE FALSE FALSE TRUE FALSE ...
 $ Race.IsAnalyzeFullPastAndFuture  : logi  TRUE TRUE TRUE TRUE TRUE TRUE ...
 $ Race.IsAnalyzeFullPast           : logi  TRUE TRUE TRUE TRUE FALSE TRUE ...
 $ Race.IsAnalyzeFullFuture         : logi  FALSE FALSE FALSE FALSE TRUE FALSE ...
 $ Race.JyokenCd                    : Factor w/ 1 level "1": 1 1 1 1 1 1 1 1 1 1 ...
 $ Race.JyoType1Cd                  : Factor w/ 71 levels "2-08-1400-1",..: 3 10 11 2 11 12 5 13 13 14 ...
 $ Race.RaceType0Cd                 : Factor w/ 168 levels "2-08-1400-1-1-E-12",..: 3 11 12 13 14 15 16 17 18 19 ...
 $ Race.RaceType1Cd                 : Factor w/ 5 levels "2-1-E","2-1-C",..: 1 1 1 3 4 2 1 2 4 1 ...
 $ Race.RaceType2Cd                 : Factor w/ 5 levels "2-1-E","2-1-C",..: 1 1 1 3 4 2 1 2 4 1 ...
 $ Race.RaceType3Cd                 : Factor w/ 13 levels "1-E-12","1-C-13",..: 3 3 3 5 6 4 7 4 6 7 ...
 $ Race.RaceType4Cd                 : Factor w/ 4 levels "2-1-12","2-1-13",..: 2 2 2 3 2 3 3 3 2 3 ...
 $ RaceHorse.RaceId                 : Factor w/ 368 levels "20160501-08-03-04-10",..: 11 12 13 14 15 16 17 18 19 20 ...
 $ RaceHorse.KettoNum               : Factor w/ 726 levels "2013102037","2014106474",..: 11 12 13 2 14 15 16 7 17 18 ...
 $ RaceHorse.IsHit1                 : int  0 0 0 0 0 0 1 0 0 0 ...
 $ RaceHorse.IsHit2                 : int  0 0 0 0 0 0 0 0 0 0 ...
 $ RaceHorse.IsHit3                 : int  0 1 0 0 0 0 0 0 0 0 ...
 $ RaceHorse.IsHit4                 : int  0 0 0 0 0 0 0 0 0 0 ...
 $ RaceHorse.IsHit5                 : int  0 0 0 0 0 0 0 0 0 0 ...
 $ RaceHorse.IsHit6                 : int  1 0 1 1 1 1 0 1 1 1 ...
 $ RaceHorse.IsValidRaceHorse       : logi  TRUE TRUE TRUE TRUE TRUE TRUE ...
 $ RaceHorse.IsHitA                 : int  0 0 0 0 0 0 1 0 0 0 ...
 $ RaceHorse.IsHitB                 : int  0 0 0 0 0 0 1 0 0 0 ...
 $ RaceHorse.IsHitC                 : int  0 1 0 0 0 0 1 0 0 0 ...
 $ Gen02.HansyokuNum                : Factor w/ 660 levels "12257440","12252051",..: 11 12 13 2 14 15 16 7 17 18 ...
 $ Gen02.TimeDvByRaceAvg            : num  51.7 58 51.5 54.1 53.7 ...
 $ Gen02.TimeDvByRaceMax            : num  61.8 68.2 59.7 58.3 64.4 ...
 $ Gen02.RunCount                   : int  11 6 11 2 9 2 2 2 2 2 ...
 $ Gen02.HitCount1                  : int  1 1 0 0 0 0 1 0 1 0 ...
 $ Gen02.HitCount2                  : int  1 2 3 0 1 1 0 0 1 0 ...
 $ Gen02.HitCount3                  : int  0 1 0 0 2 0 1 0 0 0 ...
 $ Gen02.HitCount4                  : int  0 0 3 1 0 0 0 0 0 0 ...
 $ Gen02.HitCount5                  : int  1 1 0 0 0 0 0 0 0 0 ...
 $ Gen02.HitRate1                   : num  0.0909 0.1667 0 0 0 ...
 $ Gen02.HitRate2                   : num  0.0909 0.3333 0.2727 0 0.1111 ...
 $ Gen02.HitRate3                   : num  0 0.167 0 0 0.222 ...
 $ Gen02.HitRate4                   : num  0 0 0.273 0.5 0 ...
 $ Gen02.HitRate5                   : num  0.0909 0.1667 0 0 0 ...
 $ EOF                              : int  1 1 1 1 1 1 1 1 1 1 ...
[1] "2022-02-04 03:26:51 --- RxSqlServerData Finish ---"
[1] "2022-02-04 03:26:51 --- subset Start ---"
[1] "nrow(InputDataSet) subset before=3891"
[1] "nrow(InputDataSet) subset after=3891"
[1] "nrow(InputDataSet) subset diff=0"
[1] "class(InputDataSet$Race.IsAnalyzeNormalPast)=logical"
[1] "class(InputDataSet$Race.analyzeTrackTypeCd)=NULL"
[1] "2022-02-04 03:26:51 --- subset Finish ---"
[1] "2022-02-04 03:26:51 --- transform Start ---"
[1] "2022-02-04 03:26:51 --- Transform Finished ---"
[1] "nrow(InputDataSet) transaform before=3891"
[1] "nrow(InputDataSet) transaform after=3891"
[1] "nrow(InputDataSet) transaform diff=0"
[1] "str(InputDataSet)="
'data.frame':	3891 obs. of  42 variables:
 $ Race.RaceId                      : Factor w/ 368 levels "20160501-08-03-04-10",..: 11 12 13 14 15 16 17 18 19 20 ...
 $ Race.IsPredictedRace             : logi  FALSE FALSE FALSE FALSE FALSE FALSE ...
 $ Race.IsAnalyzeNormalPastAndFuture: logi  TRUE TRUE TRUE TRUE TRUE TRUE ...
 $ Race.IsAnalyzeNormalPast         : logi  TRUE TRUE TRUE TRUE FALSE TRUE ...
 $ Race.IsAnalyzeNormalFuture       : logi  FALSE FALSE FALSE FALSE TRUE FALSE ...
 $ Race.IsAnalyzeFullPastAndFuture  : logi  TRUE TRUE TRUE TRUE TRUE TRUE ...
 $ Race.IsAnalyzeFullPast           : logi  TRUE TRUE TRUE TRUE FALSE TRUE ...
 $ Race.IsAnalyzeFullFuture         : logi  FALSE FALSE FALSE FALSE TRUE FALSE ...
 $ Race.JyokenCd                    : Factor w/ 1 level "1": 1 1 1 1 1 1 1 1 1 1 ...
 $ Race.JyoType1Cd                  : Factor w/ 71 levels "2-08-1400-1",..: 3 10 11 2 11 12 5 13 13 14 ...
 $ Race.RaceType0Cd                 : Factor w/ 168 levels "2-08-1400-1-1-E-12",..: 3 11 12 13 14 15 16 17 18 19 ...
 $ Race.RaceType1Cd                 : Factor w/ 5 levels "2-1-E","2-1-C",..: 1 1 1 3 4 2 1 2 4 1 ...
 $ Race.RaceType2Cd                 : Factor w/ 5 levels "2-1-E","2-1-C",..: 1 1 1 3 4 2 1 2 4 1 ...
 $ Race.RaceType3Cd                 : Factor w/ 13 levels "1-E-12","1-C-13",..: 3 3 3 5 6 4 7 4 6 7 ...
 $ Race.RaceType4Cd                 : Factor w/ 4 levels "2-1-12","2-1-13",..: 2 2 2 3 2 3 3 3 2 3 ...
 $ RaceHorse.RaceId                 : Factor w/ 368 levels "20160501-08-03-04-10",..: 11 12 13 14 15 16 17 18 19 20 ...
 $ RaceHorse.KettoNum               : Factor w/ 726 levels "2013102037","2014106474",..: 11 12 13 2 14 15 16 7 17 18 ...
 $ RaceHorse.IsHit1                 : int  0 0 0 0 0 0 1 0 0 0 ...
 $ RaceHorse.IsHit2                 : int  0 0 0 0 0 0 0 0 0 0 ...
 $ RaceHorse.IsHit3                 : int  0 1 0 0 0 0 0 0 0 0 ...
 $ RaceHorse.IsHit4                 : int  0 0 0 0 0 0 0 0 0 0 ...
 $ RaceHorse.IsHit5                 : int  0 0 0 0 0 0 0 0 0 0 ...
 $ RaceHorse.IsHit6                 : int  1 0 1 1 1 1 0 1 1 1 ...
 $ RaceHorse.IsValidRaceHorse       : logi  TRUE TRUE TRUE TRUE TRUE TRUE ...
 $ RaceHorse.IsHitA                 : int  0 0 0 0 0 0 1 0 0 0 ...
 $ RaceHorse.IsHitB                 : int  0 0 0 0 0 0 1 0 0 0 ...
 $ RaceHorse.IsHitC                 : int  0 1 0 0 0 0 1 0 0 0 ...
 $ Gen02.HansyokuNum                : Factor w/ 660 levels "12257440","12252051",..: 11 12 13 2 14 15 16 7 17 18 ...
 $ Gen02.TimeDvByRaceAvg            : num  51.7 58 51.5 54.1 53.7 ...
 $ Gen02.TimeDvByRaceMax            : num  61.8 68.2 59.7 58.3 64.4 ...
 $ Gen02.RunCount                   : int  11 6 11 2 9 2 2 2 2 2 ...
 $ Gen02.HitCount1                  : int  1 1 0 0 0 0 1 0 1 0 ...
 $ Gen02.HitCount2                  : int  1 2 3 0 1 1 0 0 1 0 ...
 $ Gen02.HitCount3                  : int  0 1 0 0 2 0 1 0 0 0 ...
 $ Gen02.HitCount4                  : int  0 0 3 1 0 0 0 0 0 0 ...
 $ Gen02.HitCount5                  : int  1 1 0 0 0 0 0 0 0 0 ...
 $ Gen02.HitRate1                   : num  0.0909 0.1667 0 0 0 ...
 $ Gen02.HitRate2                   : num  0.0909 0.3333 0.2727 0 0.1111 ...
 $ Gen02.HitRate3                   : num  0 0.167 0 0 0.222 ...
 $ Gen02.HitRate4                   : num  0 0 0.273 0.5 0 ...
 $ Gen02.HitRate5                   : num  0.0909 0.1667 0 0 0 ...
 $ EOF                              : int  1 1 1 1 1 1 1 1 1 1 ...
NULL
[1] "2022-02-04 03:26:52 --- transform Finish ---"
[1] "2022-02-04 03:26:52 --- na.omit Start ---"
[1] "nrow(InputDataSet) na.omit before=3891"
[1] "nrow(InputDataSet) na.omit after=3856"
[1] "nrow(InputDataSet) na.omit diff=35"
[1] "2022-02-04 03:26:52 --- na.omit Finish---"
[1] "2022-02-04 03:26:52 --- New Levels Start ---"
[1] "levels(data$Race.RaceType1Cd)=2-1-E" "levels(data$Race.RaceType1Cd)=2-1-C"
[3] "levels(data$Race.RaceType1Cd)=2-1-L" "levels(data$Race.RaceType1Cd)=2-1-A"
[5] "levels(data$Race.RaceType1Cd)=2-1-B"
[1] "levels(InputDataSet$Race.RaceType1Cd)=2-1-E"
[2] "levels(InputDataSet$Race.RaceType1Cd)=2-1-C"
[3] "levels(InputDataSet$Race.RaceType1Cd)=2-1-A"
[4] "levels(InputDataSet$Race.RaceType1Cd)=2-1-L"
[5] "levels(InputDataSet$Race.RaceType1Cd)=2-1-B"
[1] "length(Race.RaceType1Cd.Index)=0"
[1] "2022-02-04 03:26:52 --- New Levels Finish ---"
[1] "2022-02-04 03:26:52 --- na.omit Start ---"
[1] "nrow(InputDataSet) na.omit levels before=3856"
[1] "nrow(InputDataSet) na.omit levels after=3856"
[1] "nrow(InputDataSet) na.omit levels diff=0"
[1] "2022-02-04 03:26:52 --- na.omit Finish ---"
[1] "2022-02-04 03:26:52 --- Predict InputDataSet Start ---"
[1] "nrow(InputDataSet) predict=3856"
[1] "str(InputDataSet)="
'data.frame':	3856 obs. of  42 variables:
 $ Race.RaceId                      : Factor w/ 368 levels "20160501-08-03-04-10",..: 11 12 13 14 15 16 17 18 19 20 ...
 $ Race.IsPredictedRace             : logi  FALSE FALSE FALSE FALSE FALSE FALSE ...
 $ Race.IsAnalyzeNormalPastAndFuture: logi  TRUE TRUE TRUE TRUE TRUE TRUE ...
 $ Race.IsAnalyzeNormalPast         : logi  TRUE TRUE TRUE TRUE FALSE TRUE ...
 $ Race.IsAnalyzeNormalFuture       : logi  FALSE FALSE FALSE FALSE TRUE FALSE ...
 $ Race.IsAnalyzeFullPastAndFuture  : logi  TRUE TRUE TRUE TRUE TRUE TRUE ...
 $ Race.IsAnalyzeFullPast           : logi  TRUE TRUE TRUE TRUE FALSE TRUE ...
 $ Race.IsAnalyzeFullFuture         : logi  FALSE FALSE FALSE FALSE TRUE FALSE ...
 $ Race.JyokenCd                    : Factor w/ 1 level "1": 1 1 1 1 1 1 1 1 1 1 ...
 $ Race.JyoType1Cd                  : Factor w/ 71 levels "2-08-1400-1",..: 3 10 11 2 11 12 5 13 13 14 ...
 $ Race.RaceType0Cd                 : Factor w/ 168 levels "2-08-1400-1-1-E-12",..: 3 11 12 13 14 15 16 17 18 19 ...
 $ Race.RaceType1Cd                 : Factor w/ 5 levels "2-1-E","2-1-C",..: 1 1 1 3 4 2 1 2 4 1 ...
 $ Race.RaceType2Cd                 : Factor w/ 5 levels "2-1-E","2-1-C",..: 1 1 1 3 4 2 1 2 4 1 ...
 $ Race.RaceType3Cd                 : Factor w/ 13 levels "1-E-12","1-C-13",..: 3 3 3 5 6 4 7 4 6 7 ...
 $ Race.RaceType4Cd                 : Factor w/ 4 levels "2-1-12","2-1-13",..: 2 2 2 3 2 3 3 3 2 3 ...
 $ RaceHorse.RaceId                 : Factor w/ 368 levels "20160501-08-03-04-10",..: 11 12 13 14 15 16 17 18 19 20 ...
 $ RaceHorse.KettoNum               : Factor w/ 726 levels "2013102037","2014106474",..: 11 12 13 2 14 15 16 7 17 18 ...
 $ RaceHorse.IsHit1                 : int  0 0 0 0 0 0 1 0 0 0 ...
 $ RaceHorse.IsHit2                 : int  0 0 0 0 0 0 0 0 0 0 ...
 $ RaceHorse.IsHit3                 : int  0 1 0 0 0 0 0 0 0 0 ...
 $ RaceHorse.IsHit4                 : int  0 0 0 0 0 0 0 0 0 0 ...
 $ RaceHorse.IsHit5                 : int  0 0 0 0 0 0 0 0 0 0 ...
 $ RaceHorse.IsHit6                 : int  1 0 1 1 1 1 0 1 1 1 ...
 $ RaceHorse.IsValidRaceHorse       : logi  TRUE TRUE TRUE TRUE TRUE TRUE ...
 $ RaceHorse.IsHitA                 : int  0 0 0 0 0 0 1 0 0 0 ...
 $ RaceHorse.IsHitB                 : int  0 0 0 0 0 0 1 0 0 0 ...
 $ RaceHorse.IsHitC                 : int  0 1 0 0 0 0 1 0 0 0 ...
 $ Gen02.HansyokuNum                : Factor w/ 660 levels "12257440","12252051",..: 11 12 13 2 14 15 16 7 17 18 ...
 $ Gen02.TimeDvByRaceAvg            : num  51.7 58 51.5 54.1 53.7 ...
 $ Gen02.TimeDvByRaceMax            : num  61.8 68.2 59.7 58.3 64.4 ...
 $ Gen02.RunCount                   : int  11 6 11 2 9 2 2 2 2 2 ...
 $ Gen02.HitCount1                  : int  1 1 0 0 0 0 1 0 1 0 ...
 $ Gen02.HitCount2                  : int  1 2 3 0 1 1 0 0 1 0 ...
 $ Gen02.HitCount3                  : int  0 1 0 0 2 0 1 0 0 0 ...
 $ Gen02.HitCount4                  : int  0 0 3 1 0 0 0 0 0 0 ...
 $ Gen02.HitCount5                  : int  1 1 0 0 0 0 0 0 0 0 ...
 $ Gen02.HitRate1                   : num  0.0909 0.1667 0 0 0 ...
 $ Gen02.HitRate2                   : num  0.0909 0.3333 0.2727 0 0.1111 ...
 $ Gen02.HitRate3                   : num  0 0.167 0 0 0.222 ...
 $ Gen02.HitRate4                   : num  0 0 0.273 0.5 0 ...
 $ Gen02.HitRate5                   : num  0.0909 0.1667 0 0 0 ...
 $ EOF                              : int  1 1 1 1 1 1 1 1 1 1 ...
 - attr(*, "na.action")= 'omit' Named int  33 140 225 270 312 318 470 471 477 627 ...
  ..- attr(*, "names")= chr  "33" "140" "225" "270" ...
[1] "2022-02-04 03:26:52 --- Predict InputDataSet Finish ---"
[1] "2022-02-04 03:26:52 --- rxPredict (glm) Start ---"
[1] "analyzeFunc=glm"
Rows Read: 3856, Total Rows Processed: 3856, Total Chunk Time: Less than .001 seconds 
[1] "nrow(PredictDataSet) afte predict=3856"
[1] "str(PredictDataSet)"
'data.frame':	3856 obs. of  1 variable:
 $ RaceHorse.IsHitA_Pred: num  0.0593 0.0871 0.0584 0.0686 0.0671 ...
NULL
[1] "head(PredictDataSet) afte predict="
  RaceHorse.IsHitA_Pred
1            0.05930972
2            0.08705073
3            0.05844619
4            0.06857693
5            0.06713433
6            0.08494734
[1] "2022-02-04 03:26:52 --- rxPredict (glm) Finish ---"
[1] "2022-02-04 03:26:52 --- add key Start ---"
[1] "nrow(OutputDataSet) add KeyColmn=3856"
[1] "str(OutputDataSet) after add Key"
'data.frame':	3856 obs. of  2 variables:
 $ RaceHorse.RaceId  : Factor w/ 368 levels "20160501-08-03-04-10",..: 11 12 13 14 15 16 17 18 19 20 ...
 $ RaceHorse.KettoNum: Factor w/ 726 levels "2013102037","2014106474",..: 11 12 13 2 14 15 16 7 17 18 ...
NULL
[1] "2022-02-04 03:26:52 --- add key Finish ---"
[1] "2022-02-04 03:26:52 --- add PredictValue Start ---"
[1] "str(PredictDataSet) before rename="
[1] "colnames(PredictDataSet)=RaceHorse.IsHitA_Pred"
[1] "str(PredictDataSet) after rename="
'data.frame':	3856 obs. of  1 variable:
 $ PredictValue: num  0.0593 0.0871 0.0584 0.0686 0.0671 ...
NULL
[1] "str(OutputDataSet) before cbind="
'data.frame':	3856 obs. of  2 variables:
 $ RaceHorse.RaceId  : Factor w/ 368 levels "20160501-08-03-04-10",..: 11 12 13 14 15 16 17 18 19 20 ...
 $ RaceHorse.KettoNum: Factor w/ 726 levels "2013102037","2014106474",..: 11 12 13 2 14 15 16 7 17 18 ...
NULL
[1] "str(OutputDataSet) after cbind="
'data.frame':	3856 obs. of  3 variables:
 $ RaceHorse.RaceId  : Factor w/ 368 levels "20160501-08-03-04-10",..: 11 12 13 14 15 16 17 18 19 20 ...
 $ RaceHorse.KettoNum: Factor w/ 726 levels "2013102037","2014106474",..: 11 12 13 2 14 15 16 7 17 18 ...
 $ PredictValue      : num  0.0593 0.0871 0.0584 0.0686 0.0671 ...
NULL
[1] "2022-02-04 03:26:52 --- add PredictValue Finish ---"
[1] "2022-02-04 03:26:52 --- final Start ---"
[1] "nrow(OutputDataSet) final=3856"
[1] "head(OutputDataSet)="
      RaceHorse.RaceId RaceHorse.KettoNum PredictValue
1 20181118-05-05-06-11         2012105586   0.05930972
2 20170826-04-02-09-11         2012101018   0.08705073
3 20181118-03-03-06-11         2010104486   0.05844619
4 20190217-05-01-08-11         2014106474   0.06857693
5 20211121-03-02-06-11         2015100348   0.06713433
6 20180415-09-02-08-11         2011103964   0.08494734
[1] "str(OutputDataSet)="
'data.frame':	3856 obs. of  3 variables:
 $ RaceHorse.RaceId  : Factor w/ 368 levels "20160501-08-03-04-10",..: 11 12 13 14 15 16 17 18 19 20 ...
 $ RaceHorse.KettoNum: Factor w/ 726 levels "2013102037","2014106474",..: 11 12 13 2 14 15 16 7 17 18 ...
 $ PredictValue      : num  0.0593 0.0871 0.0584 0.0686 0.0671 ...
NULL
[1] "2022-02-04 03:26:52 --- final Finish ---"
[1] "2022-02-04 03:26:52 --- predict.R Finished ---"
[1] "2022-02-04 03:26:52 --- log Finish ---"
