[1] "2022-02-04 01:24:06 --- D1113_Predict_glm_Gen01_IsHitA_Type12 Start ---"
[1] "2022-02-04 01:24:06 --- Log Start ---"
[1] "2022-02-04 01:24:06 --- predict.R Start ---"
[1] "analyzeVersion=D1113"
[1] "analyzeCategory=Predict"
[1] "analyzeType=Gen01"
[1] "analyzeFamily=IsHitA"
[1] "analyzeFunc=glm"
[1] "analyzeTrackTypeCd=1"
[1] "analyzeJyokenCd=2"
[1] "2022-02-04 01:24:06 --- source_function.R Start ---"
[1] "2022-02-04 01:24:06 --- source_function.R Finished ---"

> print(paste0(Sys.time(), " --- source_library.R Start ---"))
[1] "2022-02-04 01:24:06 --- source_library.R Start ---"

> require("RevoScaleR")

> print(paste0(Sys.time(), " --- source_library.R Finished ---"))
[1] "2022-02-04 01:24:06 --- source_library.R Finished ---"
[1] "2022-02-04 01:24:06 --- Load Start ---"
[1] "loadFilename=RData_Analyze_glm_Gen01_Type12.RData"
[1] "2022-02-04 01:24:07 --- Load Finished ---"
[1] "2022-02-04 01:24:07 --- RxSqlServerData Start ---"
[1] "sqlQuery=SELECT * FROM ViewAnalyzeD1113analyze01Gen01Type12"
Rows Read: 8438, Total Rows Processed: 8438, Total Chunk Time: 13.579 seconds 
[1] "head(InputDataSet)="
           Race.RaceId Race.IsPredictedRace Race.IsAnalyzeNormalPastAndFuture
1 20190317-09-01-08-10                FALSE                              TRUE
2 20180408-09-02-06-10                FALSE                              TRUE
3 20180421-08-03-01-11                FALSE                              TRUE
4 20171009-08-04-03-10                FALSE                              TRUE
5 20170219-08-02-08-11                FALSE                              TRUE
6 20190429-08-03-04-10                FALSE                              TRUE
  Race.IsAnalyzeNormalPast Race.IsAnalyzeNormalFuture
1                     TRUE                      FALSE
2                     TRUE                      FALSE
3                     TRUE                      FALSE
4                     TRUE                      FALSE
5                     TRUE                      FALSE
6                     TRUE                      FALSE
  Race.IsAnalyzeFullPastAndFuture Race.IsAnalyzeFullPast
1                            TRUE                   TRUE
2                            TRUE                   TRUE
3                            TRUE                   TRUE
4                            TRUE                   TRUE
5                            TRUE                   TRUE
6                            TRUE                   TRUE
  Race.IsAnalyzeFullFuture Race.JyokenCd Race.JyoType1Cd   Race.RaceType0Cd
1                    FALSE             2     1-09-2000-2 1-09-2000-2-2-E-14
2                    FALSE             2     1-09-1400-1 1-09-1400-1-2-E-14
3                    FALSE             2     1-08-1200-1 1-08-1200-1-2-E-14
4                    FALSE             2     1-08-2000-1 1-08-2000-1-2-E-13
5                    FALSE             2     1-08-1400-1 1-08-1400-1-2-E-14
6                    FALSE             2     1-08-2400-1 1-08-2400-1-2-E-14
  Race.RaceType1Cd Race.RaceType2Cd Race.RaceType3Cd Race.RaceType4Cd
1            1-2-E            1-2-E           2-E-14           1-2-14
2            1-2-E            1-2-E           2-E-14           1-2-14
3            1-2-E            1-2-E           2-E-14           1-2-14
4            1-2-E            1-2-E           2-E-13           1-2-13
5            1-2-E            1-2-E           2-E-14           1-2-14
6            1-2-E            1-2-E           2-E-14           1-2-14
      RaceHorse.RaceId RaceHorse.KettoNum RaceHorse.IsHit1 RaceHorse.IsHit2
1 20190317-09-01-08-10         2014106185                1                0
2 20180408-09-02-06-10         2013109027                0                0
3 20180421-08-03-01-11         2012104510                0                0
4 20171009-08-04-03-10         2011104083                0                1
5 20170219-08-02-08-11         2013101315                1                0
6 20190429-08-03-04-10         2015101700                0                0
  RaceHorse.IsHit3 RaceHorse.IsHit4 RaceHorse.IsHit5 RaceHorse.IsHit6
1                0                0                0                0
2                0                0                0                1
3                0                0                0                1
4                0                0                0                0
5                0                0                0                0
6                0                0                0                1
  RaceHorse.IsValidRaceHorse RaceHorse.IsHitA RaceHorse.IsHitB RaceHorse.IsHitC
1                       TRUE                1                1                1
2                       TRUE                0                0                0
3                       TRUE                0                0                0
4                       TRUE                0                1                1
5                       TRUE                1                1                1
6                       TRUE                0                0                0
  Gen01.HansyokuNum Gen01.TimeDvByRaceAvg Gen01.TimeDvByRaceMax Gen01.RunCount
1          11202219              52.92416              72.86002            135
2          11201853              47.24876              64.49472             36
3          11202004              50.23888              66.85274            132
4          11202086              52.68380              71.43304            344
5          11202129              49.62740              63.72457             27
6          11201872              52.32601              73.36914            271
  Gen01.HitCount1 Gen01.HitCount2 Gen01.HitCount3 Gen01.HitCount4
1              15              14              15              16
2               1               2               1               2
3               8              14              10               9
4              33              40              37              19
5               1               1               1               2
6              32              30              29              22
  Gen01.HitCount5 Gen01.HitRate1 Gen01.HitRate2 Gen01.HitRate3 Gen01.HitRate4
1              16     0.11111111     0.10370370     0.11111111     0.11851852
2               4     0.02777778     0.05555556     0.02777778     0.05555556
3               8     0.06060606     0.10606061     0.07575758     0.06818182
4              41     0.09593023     0.11627907     0.10755814     0.05523256
5               3     0.03703704     0.03703704     0.03703704     0.07407407
6              26     0.11808118     0.11070111     0.10701107     0.08118081
  Gen01.HitRate5 EOF
1     0.11851852   1
2     0.11111111   1
3     0.06060606   1
4     0.11918605   1
5     0.11111111   1
6     0.09594096   1
[1] "object.size(InputDataSet) auto=1.9 Mb"
[1] "nrow(InputDataSet) RxSqlServerData=8438"
[1] "str(InputDataSet)="
'data.frame':	8438 obs. of  42 variables:
 $ Race.RaceId                      : Factor w/ 660 levels "20210501-04-01-07-11",..: 5 11 12 13 14 15 16 17 18 19 ...
 $ Race.IsPredictedRace             : logi  FALSE FALSE FALSE FALSE FALSE FALSE ...
 $ Race.IsAnalyzeNormalPastAndFuture: logi  TRUE TRUE TRUE TRUE TRUE TRUE ...
 $ Race.IsAnalyzeNormalPast         : logi  TRUE TRUE TRUE TRUE TRUE TRUE ...
 $ Race.IsAnalyzeNormalFuture       : logi  FALSE FALSE FALSE FALSE FALSE FALSE ...
 $ Race.IsAnalyzeFullPastAndFuture  : logi  TRUE TRUE TRUE TRUE TRUE TRUE ...
 $ Race.IsAnalyzeFullPast           : logi  TRUE TRUE TRUE TRUE TRUE TRUE ...
 $ Race.IsAnalyzeFullFuture         : logi  FALSE FALSE FALSE FALSE FALSE FALSE ...
 $ Race.JyokenCd                    : Factor w/ 1 level "2": 1 1 1 1 1 1 1 1 1 1 ...
 $ Race.JyoType1Cd                  : Factor w/ 122 levels "1-04-1200-2",..: 5 3 9 10 11 12 13 14 3 15 ...
 $ Race.RaceType0Cd                 : Factor w/ 178 levels "1-04-1200-2-2-E-14",..: 5 3 10 11 12 13 14 15 7 16 ...
 $ Race.RaceType1Cd                 : Factor w/ 1 level "1-2-E": 1 1 1 1 1 1 1 1 1 1 ...
 $ Race.RaceType2Cd                 : Factor w/ 1 level "1-2-E": 1 1 1 1 1 1 1 1 1 1 ...
 $ Race.RaceType3Cd                 : Factor w/ 2 levels "2-E-14","2-E-13": 1 1 1 2 1 1 2 2 2 2 ...
 $ Race.RaceType4Cd                 : Factor w/ 2 levels "1-2-14","1-2-13": 1 1 1 2 1 1 2 2 2 2 ...
 $ RaceHorse.RaceId                 : Factor w/ 660 levels "20210501-04-01-07-11",..: 5 11 12 13 14 15 16 17 18 19 ...
 $ RaceHorse.KettoNum               : Factor w/ 1696 levels "2015105082","2010100483",..: 11 12 13 14 15 16 17 18 19 20 ...
 $ RaceHorse.IsHit1                 : int  1 0 0 0 1 0 0 0 0 0 ...
 $ RaceHorse.IsHit2                 : int  0 0 0 1 0 0 0 0 0 0 ...
 $ RaceHorse.IsHit3                 : int  0 0 0 0 0 0 0 0 0 0 ...
 $ RaceHorse.IsHit4                 : int  0 0 0 0 0 0 0 0 0 0 ...
 $ RaceHorse.IsHit5                 : int  0 0 0 0 0 0 0 0 1 0 ...
 $ RaceHorse.IsHit6                 : int  0 1 1 0 0 1 1 1 0 1 ...
 $ RaceHorse.IsValidRaceHorse       : logi  TRUE TRUE TRUE TRUE TRUE TRUE ...
 $ RaceHorse.IsHitA                 : int  1 0 0 0 1 0 0 0 0 0 ...
 $ RaceHorse.IsHitB                 : int  1 0 0 1 1 0 0 0 0 0 ...
 $ RaceHorse.IsHitC                 : int  1 0 0 1 1 0 0 0 0 0 ...
 $ Gen01.HansyokuNum                : Factor w/ 221 levels "11202307","11202006",..: 9 10 11 6 12 13 14 15 16 6 ...
 $ Gen01.TimeDvByRaceAvg            : num  52.9 47.2 50.2 52.7 49.6 ...
 $ Gen01.TimeDvByRaceMax            : num  72.9 64.5 66.9 71.4 63.7 ...
 $ Gen01.RunCount                   : int  135 36 132 344 27 271 44 100 96 438 ...
 $ Gen01.HitCount1                  : int  15 1 8 33 1 32 1 7 10 50 ...
 $ Gen01.HitCount2                  : int  14 2 14 40 1 30 2 7 9 38 ...
 $ Gen01.HitCount3                  : int  15 1 10 37 1 29 3 5 9 47 ...
 $ Gen01.HitCount4                  : int  16 2 9 19 2 22 1 21 8 39 ...
 $ Gen01.HitCount5                  : int  16 4 8 41 3 26 4 6 7 31 ...
 $ Gen01.HitRate1                   : num  0.1111 0.0278 0.0606 0.0959 0.037 ...
 $ Gen01.HitRate2                   : num  0.1037 0.0556 0.1061 0.1163 0.037 ...
 $ Gen01.HitRate3                   : num  0.1111 0.0278 0.0758 0.1076 0.037 ...
 $ Gen01.HitRate4                   : num  0.1185 0.0556 0.0682 0.0552 0.0741 ...
 $ Gen01.HitRate5                   : num  0.1185 0.1111 0.0606 0.1192 0.1111 ...
 $ EOF                              : int  1 1 1 1 1 1 1 1 1 1 ...
[1] "2022-02-04 01:24:34 --- RxSqlServerData Finish ---"
[1] "2022-02-04 01:24:34 --- subset Start ---"
[1] "nrow(InputDataSet) subset before=8438"
[1] "nrow(InputDataSet) subset after=8438"
[1] "nrow(InputDataSet) subset diff=0"
[1] "class(InputDataSet$Race.IsAnalyzeNormalPast)=logical"
[1] "class(InputDataSet$Race.analyzeTrackTypeCd)=NULL"
[1] "2022-02-04 01:24:34 --- subset Finish ---"
[1] "2022-02-04 01:24:34 --- transform Start ---"
[1] "2022-02-04 01:24:35 --- Transform Finished ---"
[1] "nrow(InputDataSet) transaform before=8438"
[1] "nrow(InputDataSet) transaform after=8438"
[1] "nrow(InputDataSet) transaform diff=0"
[1] "str(InputDataSet)="
'data.frame':	8438 obs. of  42 variables:
 $ Race.RaceId                      : Factor w/ 660 levels "20210501-04-01-07-11",..: 5 11 12 13 14 15 16 17 18 19 ...
 $ Race.IsPredictedRace             : logi  FALSE FALSE FALSE FALSE FALSE FALSE ...
 $ Race.IsAnalyzeNormalPastAndFuture: logi  TRUE TRUE TRUE TRUE TRUE TRUE ...
 $ Race.IsAnalyzeNormalPast         : logi  TRUE TRUE TRUE TRUE TRUE TRUE ...
 $ Race.IsAnalyzeNormalFuture       : logi  FALSE FALSE FALSE FALSE FALSE FALSE ...
 $ Race.IsAnalyzeFullPastAndFuture  : logi  TRUE TRUE TRUE TRUE TRUE TRUE ...
 $ Race.IsAnalyzeFullPast           : logi  TRUE TRUE TRUE TRUE TRUE TRUE ...
 $ Race.IsAnalyzeFullFuture         : logi  FALSE FALSE FALSE FALSE FALSE FALSE ...
 $ Race.JyokenCd                    : Factor w/ 1 level "2": 1 1 1 1 1 1 1 1 1 1 ...
 $ Race.JyoType1Cd                  : Factor w/ 122 levels "1-04-1200-2",..: 5 3 9 10 11 12 13 14 3 15 ...
 $ Race.RaceType0Cd                 : Factor w/ 178 levels "1-04-1200-2-2-E-14",..: 5 3 10 11 12 13 14 15 7 16 ...
 $ Race.RaceType1Cd                 : Factor w/ 1 level "1-2-E": 1 1 1 1 1 1 1 1 1 1 ...
 $ Race.RaceType2Cd                 : Factor w/ 1 level "1-2-E": 1 1 1 1 1 1 1 1 1 1 ...
 $ Race.RaceType3Cd                 : Factor w/ 2 levels "2-E-14","2-E-13": 1 1 1 2 1 1 2 2 2 2 ...
 $ Race.RaceType4Cd                 : Factor w/ 2 levels "1-2-14","1-2-13": 1 1 1 2 1 1 2 2 2 2 ...
 $ RaceHorse.RaceId                 : Factor w/ 660 levels "20210501-04-01-07-11",..: 5 11 12 13 14 15 16 17 18 19 ...
 $ RaceHorse.KettoNum               : Factor w/ 1696 levels "2015105082","2010100483",..: 11 12 13 14 15 16 17 18 19 20 ...
 $ RaceHorse.IsHit1                 : int  1 0 0 0 1 0 0 0 0 0 ...
 $ RaceHorse.IsHit2                 : int  0 0 0 1 0 0 0 0 0 0 ...
 $ RaceHorse.IsHit3                 : int  0 0 0 0 0 0 0 0 0 0 ...
 $ RaceHorse.IsHit4                 : int  0 0 0 0 0 0 0 0 0 0 ...
 $ RaceHorse.IsHit5                 : int  0 0 0 0 0 0 0 0 1 0 ...
 $ RaceHorse.IsHit6                 : int  0 1 1 0 0 1 1 1 0 1 ...
 $ RaceHorse.IsValidRaceHorse       : logi  TRUE TRUE TRUE TRUE TRUE TRUE ...
 $ RaceHorse.IsHitA                 : int  1 0 0 0 1 0 0 0 0 0 ...
 $ RaceHorse.IsHitB                 : int  1 0 0 1 1 0 0 0 0 0 ...
 $ RaceHorse.IsHitC                 : int  1 0 0 1 1 0 0 0 0 0 ...
 $ Gen01.HansyokuNum                : Factor w/ 221 levels "11202307","11202006",..: 9 10 11 6 12 13 14 15 16 6 ...
 $ Gen01.TimeDvByRaceAvg            : num  52.9 47.2 50.2 52.7 49.6 ...
 $ Gen01.TimeDvByRaceMax            : num  72.9 64.5 66.9 71.4 63.7 ...
 $ Gen01.RunCount                   : int  135 36 132 344 27 271 44 100 96 438 ...
 $ Gen01.HitCount1                  : int  15 1 8 33 1 32 1 7 10 50 ...
 $ Gen01.HitCount2                  : int  14 2 14 40 1 30 2 7 9 38 ...
 $ Gen01.HitCount3                  : int  15 1 10 37 1 29 3 5 9 47 ...
 $ Gen01.HitCount4                  : int  16 2 9 19 2 22 1 21 8 39 ...
 $ Gen01.HitCount5                  : int  16 4 8 41 3 26 4 6 7 31 ...
 $ Gen01.HitRate1                   : num  0.1111 0.0278 0.0606 0.0959 0.037 ...
 $ Gen01.HitRate2                   : num  0.1037 0.0556 0.1061 0.1163 0.037 ...
 $ Gen01.HitRate3                   : num  0.1111 0.0278 0.0758 0.1076 0.037 ...
 $ Gen01.HitRate4                   : num  0.1185 0.0556 0.0682 0.0552 0.0741 ...
 $ Gen01.HitRate5                   : num  0.1185 0.1111 0.0606 0.1192 0.1111 ...
 $ EOF                              : int  1 1 1 1 1 1 1 1 1 1 ...
NULL
[1] "2022-02-04 01:24:35 --- transform Finish ---"
[1] "2022-02-04 01:24:35 --- na.omit Start ---"
[1] "nrow(InputDataSet) na.omit before=8438"
[1] "nrow(InputDataSet) na.omit after=8319"
[1] "nrow(InputDataSet) na.omit diff=119"
[1] "2022-02-04 01:24:35 --- na.omit Finish---"
[1] "2022-02-04 01:24:35 --- New Levels Start ---"
[1] "levels(data$Race.RaceType1Cd)=1-2-E"
[1] "levels(InputDataSet$Race.RaceType1Cd)=1-2-E"
[1] "length(Race.RaceType1Cd.Index)=0"
[1] "2022-02-04 01:24:35 --- New Levels Finish ---"
[1] "2022-02-04 01:24:35 --- na.omit Start ---"
[1] "nrow(InputDataSet) na.omit levels before=8319"
[1] "nrow(InputDataSet) na.omit levels after=8319"
[1] "nrow(InputDataSet) na.omit levels diff=0"
[1] "2022-02-04 01:24:35 --- na.omit Finish ---"
[1] "2022-02-04 01:24:35 --- Predict InputDataSet Start ---"
[1] "nrow(InputDataSet) predict=8319"
[1] "str(InputDataSet)="
'data.frame':	8319 obs. of  42 variables:
 $ Race.RaceId                      : Factor w/ 660 levels "20210501-04-01-07-11",..: 5 11 12 13 14 15 16 17 18 19 ...
 $ Race.IsPredictedRace             : logi  FALSE FALSE FALSE FALSE FALSE FALSE ...
 $ Race.IsAnalyzeNormalPastAndFuture: logi  TRUE TRUE TRUE TRUE TRUE TRUE ...
 $ Race.IsAnalyzeNormalPast         : logi  TRUE TRUE TRUE TRUE TRUE TRUE ...
 $ Race.IsAnalyzeNormalFuture       : logi  FALSE FALSE FALSE FALSE FALSE FALSE ...
 $ Race.IsAnalyzeFullPastAndFuture  : logi  TRUE TRUE TRUE TRUE TRUE TRUE ...
 $ Race.IsAnalyzeFullPast           : logi  TRUE TRUE TRUE TRUE TRUE TRUE ...
 $ Race.IsAnalyzeFullFuture         : logi  FALSE FALSE FALSE FALSE FALSE FALSE ...
 $ Race.JyokenCd                    : Factor w/ 1 level "2": 1 1 1 1 1 1 1 1 1 1 ...
 $ Race.JyoType1Cd                  : Factor w/ 122 levels "1-04-1200-2",..: 5 3 9 10 11 12 13 14 3 15 ...
 $ Race.RaceType0Cd                 : Factor w/ 178 levels "1-04-1200-2-2-E-14",..: 5 3 10 11 12 13 14 15 7 16 ...
 $ Race.RaceType1Cd                 : Factor w/ 1 level "1-2-E": 1 1 1 1 1 1 1 1 1 1 ...
 $ Race.RaceType2Cd                 : Factor w/ 1 level "1-2-E": 1 1 1 1 1 1 1 1 1 1 ...
 $ Race.RaceType3Cd                 : Factor w/ 2 levels "2-E-14","2-E-13": 1 1 1 2 1 1 2 2 2 2 ...
 $ Race.RaceType4Cd                 : Factor w/ 2 levels "1-2-14","1-2-13": 1 1 1 2 1 1 2 2 2 2 ...
 $ RaceHorse.RaceId                 : Factor w/ 660 levels "20210501-04-01-07-11",..: 5 11 12 13 14 15 16 17 18 19 ...
 $ RaceHorse.KettoNum               : Factor w/ 1696 levels "2015105082","2010100483",..: 11 12 13 14 15 16 17 18 19 20 ...
 $ RaceHorse.IsHit1                 : int  1 0 0 0 1 0 0 0 0 0 ...
 $ RaceHorse.IsHit2                 : int  0 0 0 1 0 0 0 0 0 0 ...
 $ RaceHorse.IsHit3                 : int  0 0 0 0 0 0 0 0 0 0 ...
 $ RaceHorse.IsHit4                 : int  0 0 0 0 0 0 0 0 0 0 ...
 $ RaceHorse.IsHit5                 : int  0 0 0 0 0 0 0 0 1 0 ...
 $ RaceHorse.IsHit6                 : int  0 1 1 0 0 1 1 1 0 1 ...
 $ RaceHorse.IsValidRaceHorse       : logi  TRUE TRUE TRUE TRUE TRUE TRUE ...
 $ RaceHorse.IsHitA                 : int  1 0 0 0 1 0 0 0 0 0 ...
 $ RaceHorse.IsHitB                 : int  1 0 0 1 1 0 0 0 0 0 ...
 $ RaceHorse.IsHitC                 : int  1 0 0 1 1 0 0 0 0 0 ...
 $ Gen01.HansyokuNum                : Factor w/ 221 levels "11202307","11202006",..: 9 10 11 6 12 13 14 15 16 6 ...
 $ Gen01.TimeDvByRaceAvg            : num  52.9 47.2 50.2 52.7 49.6 ...
 $ Gen01.TimeDvByRaceMax            : num  72.9 64.5 66.9 71.4 63.7 ...
 $ Gen01.RunCount                   : int  135 36 132 344 27 271 44 100 96 438 ...
 $ Gen01.HitCount1                  : int  15 1 8 33 1 32 1 7 10 50 ...
 $ Gen01.HitCount2                  : int  14 2 14 40 1 30 2 7 9 38 ...
 $ Gen01.HitCount3                  : int  15 1 10 37 1 29 3 5 9 47 ...
 $ Gen01.HitCount4                  : int  16 2 9 19 2 22 1 21 8 39 ...
 $ Gen01.HitCount5                  : int  16 4 8 41 3 26 4 6 7 31 ...
 $ Gen01.HitRate1                   : num  0.1111 0.0278 0.0606 0.0959 0.037 ...
 $ Gen01.HitRate2                   : num  0.1037 0.0556 0.1061 0.1163 0.037 ...
 $ Gen01.HitRate3                   : num  0.1111 0.0278 0.0758 0.1076 0.037 ...
 $ Gen01.HitRate4                   : num  0.1185 0.0556 0.0682 0.0552 0.0741 ...
 $ Gen01.HitRate5                   : num  0.1185 0.1111 0.0606 0.1192 0.1111 ...
 $ EOF                              : int  1 1 1 1 1 1 1 1 1 1 ...
 - attr(*, "na.action")= 'omit' Named int  135 136 194 198 236 250 335 438 455 459 ...
  ..- attr(*, "names")= chr  "135" "136" "194" "198" ...
[1] "2022-02-04 01:24:35 --- Predict InputDataSet Finish ---"
[1] "2022-02-04 01:24:35 --- rxPredict (glm) Start ---"
[1] "analyzeFunc=glm"
Rows Read: 8319, Total Rows Processed: 8319, Total Chunk Time: 0.001 seconds 
[1] "nrow(PredictDataSet) afte predict=8319"
[1] "str(PredictDataSet)"
'data.frame':	8319 obs. of  1 variable:
 $ RaceHorse.IsHitA_Pred: num  0.0899 0.0591 0.0738 0.0883 0.0706 ...
NULL
[1] "head(PredictDataSet) afte predict="
  RaceHorse.IsHitA_Pred
1            0.08987174
2            0.05908008
3            0.07382103
4            0.08831563
5            0.07055435
6            0.08604431
[1] "2022-02-04 01:24:35 --- rxPredict (glm) Finish ---"
[1] "2022-02-04 01:24:35 --- add key Start ---"
[1] "nrow(OutputDataSet) add KeyColmn=8319"
[1] "str(OutputDataSet) after add Key"
'data.frame':	8319 obs. of  2 variables:
 $ RaceHorse.RaceId  : Factor w/ 660 levels "20210501-04-01-07-11",..: 5 11 12 13 14 15 16 17 18 19 ...
 $ RaceHorse.KettoNum: Factor w/ 1696 levels "2015105082","2010100483",..: 11 12 13 14 15 16 17 18 19 20 ...
NULL
[1] "2022-02-04 01:24:35 --- add key Finish ---"
[1] "2022-02-04 01:24:35 --- add PredictValue Start ---"
[1] "str(PredictDataSet) before rename="
[1] "colnames(PredictDataSet)=RaceHorse.IsHitA_Pred"
[1] "str(PredictDataSet) after rename="
'data.frame':	8319 obs. of  1 variable:
 $ PredictValue: num  0.0899 0.0591 0.0738 0.0883 0.0706 ...
NULL
[1] "str(OutputDataSet) before cbind="
'data.frame':	8319 obs. of  2 variables:
 $ RaceHorse.RaceId  : Factor w/ 660 levels "20210501-04-01-07-11",..: 5 11 12 13 14 15 16 17 18 19 ...
 $ RaceHorse.KettoNum: Factor w/ 1696 levels "2015105082","2010100483",..: 11 12 13 14 15 16 17 18 19 20 ...
NULL
[1] "str(OutputDataSet) after cbind="
'data.frame':	8319 obs. of  3 variables:
 $ RaceHorse.RaceId  : Factor w/ 660 levels "20210501-04-01-07-11",..: 5 11 12 13 14 15 16 17 18 19 ...
 $ RaceHorse.KettoNum: Factor w/ 1696 levels "2015105082","2010100483",..: 11 12 13 14 15 16 17 18 19 20 ...
 $ PredictValue      : num  0.0899 0.0591 0.0738 0.0883 0.0706 ...
NULL
[1] "2022-02-04 01:24:35 --- add PredictValue Finish ---"
[1] "2022-02-04 01:24:35 --- final Start ---"
[1] "nrow(OutputDataSet) final=8319"
[1] "head(OutputDataSet)="
      RaceHorse.RaceId RaceHorse.KettoNum PredictValue
1 20190317-09-01-08-10         2014106185   0.08987174
2 20180408-09-02-06-10         2013109027   0.05908008
3 20180421-08-03-01-11         2012104510   0.07382103
4 20171009-08-04-03-10         2011104083   0.08831563
5 20170219-08-02-08-11         2013101315   0.07055435
6 20190429-08-03-04-10         2015101700   0.08604431
[1] "str(OutputDataSet)="
'data.frame':	8319 obs. of  3 variables:
 $ RaceHorse.RaceId  : Factor w/ 660 levels "20210501-04-01-07-11",..: 5 11 12 13 14 15 16 17 18 19 ...
 $ RaceHorse.KettoNum: Factor w/ 1696 levels "2015105082","2010100483",..: 11 12 13 14 15 16 17 18 19 20 ...
 $ PredictValue      : num  0.0899 0.0591 0.0738 0.0883 0.0706 ...
NULL
[1] "2022-02-04 01:24:35 --- final Finish ---"
[1] "2022-02-04 01:24:35 --- predict.R Finished ---"
[1] "2022-02-04 01:24:35 --- log Finish ---"
