[1] "2022-02-04 03:09:58 --- D1113_Predict_glm_Gen02_IsHitA_Type15 Start ---"
[1] "2022-02-04 03:09:58 --- Log Start ---"
[1] "2022-02-04 03:09:58 --- predict.R Start ---"
[1] "analyzeVersion=D1113"
[1] "analyzeCategory=Predict"
[1] "analyzeType=Gen02"
[1] "analyzeFamily=IsHitA"
[1] "analyzeFunc=glm"
[1] "analyzeTrackTypeCd=1"
[1] "analyzeJyokenCd=5"
[1] "2022-02-04 03:09:58 --- source_function.R Start ---"
[1] "2022-02-04 03:09:58 --- source_function.R Finished ---"

> print(paste0(Sys.time(), " --- source_library.R Start ---"))
[1] "2022-02-04 03:09:58 --- source_library.R Start ---"

> require("RevoScaleR")

> print(paste0(Sys.time(), " --- source_library.R Finished ---"))
[1] "2022-02-04 03:09:58 --- source_library.R Finished ---"
[1] "2022-02-04 03:09:58 --- Load Start ---"
[1] "loadFilename=RData_Analyze_glm_Gen02_Type15.RData"
[1] "2022-02-04 03:09:58 --- Load Finished ---"
[1] "2022-02-04 03:09:58 --- RxSqlServerData Start ---"
[1] "sqlQuery=SELECT * FROM ViewAnalyzeD1113analyze01Gen02Type15"
Rows Read: 39583, Total Rows Processed: 39583, Total Chunk Time: 436.952 seconds 
[1] "head(InputDataSet)="
           Race.RaceId Race.IsPredictedRace Race.IsAnalyzeNormalPastAndFuture
1 20190518-05-02-09-05                FALSE                              TRUE
2 20200704-09-04-01-04                FALSE                              TRUE
3 20211127-09-05-07-04                FALSE                              TRUE
4 20180617-05-03-06-04                FALSE                              TRUE
5 20210829-10-04-06-03                FALSE                              TRUE
6 20200222-10-01-11-05                FALSE                              TRUE
  Race.IsAnalyzeNormalPast Race.IsAnalyzeNormalFuture
1                     TRUE                      FALSE
2                     TRUE                      FALSE
3                    FALSE                       TRUE
4                     TRUE                      FALSE
5                    FALSE                       TRUE
6                     TRUE                      FALSE
  Race.IsAnalyzeFullPastAndFuture Race.IsAnalyzeFullPast
1                            TRUE                   TRUE
2                            TRUE                   TRUE
3                            TRUE                  FALSE
4                            TRUE                   TRUE
5                            TRUE                  FALSE
6                            TRUE                   TRUE
  Race.IsAnalyzeFullFuture Race.JyokenCd Race.JyoType1Cd   Race.RaceType0Cd
1                    FALSE             5     1-05-1600-1 1-05-1600-1-5-X-12
2                    FALSE             5     1-09-2400-3 1-09-2400-3-5-X-12
3                     TRUE             5     1-09-1400-1 1-09-1400-1-5-X-11
4                    FALSE             5     1-05-1400-2 1-05-1400-2-5-X-12
5                     TRUE             5     1-10-2000-1 1-10-2000-1-5-X-12
6                    FALSE             5     1-10-2000-3 1-10-2000-3-5-X-12
  Race.RaceType1Cd Race.RaceType2Cd Race.RaceType3Cd Race.RaceType4Cd
1            1-5-X            1-5-X           5-X-12           1-5-12
2            1-5-X            1-5-X           5-X-12           1-5-12
3            1-5-X            1-5-X           5-X-11           1-5-11
4            1-5-X            1-5-X           5-X-12           1-5-12
5            1-5-X            1-5-X           5-X-12           1-5-12
6            1-5-X            1-5-X           5-X-12           1-5-12
      RaceHorse.RaceId RaceHorse.KettoNum RaceHorse.IsHit1 RaceHorse.IsHit2
1 20190518-05-02-09-05         2016103192                0                0
2 20200704-09-04-01-04         2017102173                0                0
3 20211127-09-05-07-04         2019105501                0                0
4 20180617-05-03-06-04         2015101504                0                0
5 20210829-10-04-06-03         2018106030                0                0
6 20200222-10-01-11-05         2017104086                0                0
  RaceHorse.IsHit3 RaceHorse.IsHit4 RaceHorse.IsHit5 RaceHorse.IsHit6
1                0                0                0                1
2                0                0                0                1
3                0                0                0                1
4                0                0                0                1
5                0                0                0                1
6                1                0                0                0
  RaceHorse.IsValidRaceHorse RaceHorse.IsHitA RaceHorse.IsHitB RaceHorse.IsHitC
1                       TRUE                0                0                0
2                       TRUE                0                0                0
3                       TRUE                0                0                0
4                       TRUE                0                0                0
5                       TRUE                0                0                0
6                       TRUE                0                0                1
  Gen02.HansyokuNum Gen02.TimeDvByRaceAvg Gen02.TimeDvByRaceMax Gen02.RunCount
1          12261322              46.90470              54.15514              4
2          12259606              46.25320              60.75079              2
3          12261751              49.33785              56.78551              6
4          12250883              49.28694              65.89482             11
5          12258795              44.90165              60.81786              5
6          12256893              48.74060              62.08217             21
  Gen02.HitCount1 Gen02.HitCount2 Gen02.HitCount3 Gen02.HitCount4
1               0               0               0               0
2               1               0               0               0
3               0               0               0               0
4               1               0               1               0
5               0               0               0               1
6               0               2               1               1
  Gen02.HitCount5 Gen02.HitRate1 Gen02.HitRate2 Gen02.HitRate3 Gen02.HitRate4
1               0     0.00000000      0.0000000     0.00000000     0.00000000
2               0     0.50000000      0.0000000     0.00000000     0.00000000
3               1     0.00000000      0.0000000     0.00000000     0.00000000
4               0     0.09090909      0.0000000     0.09090909     0.00000000
5               0     0.00000000      0.0000000     0.00000000     0.20000000
6               1     0.00000000      0.0952381     0.04761905     0.04761905
  Gen02.HitRate5 EOF
1     0.00000000   1
2     0.00000000   1
3     0.16666667   1
4     0.00000000   1
5     0.00000000   1
6     0.04761905   1
[1] "object.size(InputDataSet) auto=9.5 Mb"
[1] "nrow(InputDataSet) RxSqlServerData=39583"
[1] "str(InputDataSet)="
'data.frame':	39583 obs. of  42 variables:
 $ Race.RaceId                      : Factor w/ 2997 levels "20220109-07-01-03-05",..: 2 3 11 4 5 6 7 8 12 13 ...
 $ Race.IsPredictedRace             : logi  FALSE FALSE FALSE FALSE FALSE FALSE ...
 $ Race.IsAnalyzeNormalPastAndFuture: logi  TRUE TRUE TRUE TRUE TRUE TRUE ...
 $ Race.IsAnalyzeNormalPast         : logi  TRUE TRUE FALSE TRUE FALSE TRUE ...
 $ Race.IsAnalyzeNormalFuture       : logi  FALSE FALSE TRUE FALSE TRUE FALSE ...
 $ Race.IsAnalyzeFullPastAndFuture  : logi  TRUE TRUE TRUE TRUE TRUE TRUE ...
 $ Race.IsAnalyzeFullPast           : logi  TRUE TRUE FALSE TRUE FALSE TRUE ...
 $ Race.IsAnalyzeFullFuture         : logi  FALSE FALSE TRUE FALSE TRUE FALSE ...
 $ Race.JyokenCd                    : Factor w/ 1 level "5": 1 1 1 1 1 1 1 1 1 1 ...
 $ Race.JyoType1Cd                  : Factor w/ 182 levels "1-07-1600-1",..: 2 3 11 4 5 6 7 8 12 13 ...
 $ Race.RaceType0Cd                 : Factor w/ 290 levels "1-07-1600-1-5-X-12",..: 2 3 11 4 5 6 7 8 12 13 ...
 $ Race.RaceType1Cd                 : Factor w/ 1 level "1-5-X": 1 1 1 1 1 1 1 1 1 1 ...
 $ Race.RaceType2Cd                 : Factor w/ 1 level "1-5-X": 1 1 1 1 1 1 1 1 1 1 ...
 $ Race.RaceType3Cd                 : Factor w/ 2 levels "5-X-12","5-X-11": 1 1 2 1 1 1 1 2 1 1 ...
 $ Race.RaceType4Cd                 : Factor w/ 2 levels "1-5-12","1-5-11": 1 1 2 1 1 1 1 2 1 1 ...
 $ RaceHorse.RaceId                 : Factor w/ 2997 levels "20220109-07-01-03-05",..: 2 3 11 4 5 6 7 8 12 13 ...
 $ RaceHorse.KettoNum               : Factor w/ 14565 levels "2019106256","2016103192",..: 2 3 11 4 5 6 7 8 12 13 ...
 $ RaceHorse.IsHit1                 : int  0 0 0 0 0 0 0 0 0 0 ...
 $ RaceHorse.IsHit2                 : int  0 0 0 0 0 0 0 0 0 0 ...
 $ RaceHorse.IsHit3                 : int  0 0 0 0 0 1 0 0 0 0 ...
 $ RaceHorse.IsHit4                 : int  0 0 0 0 0 0 0 0 0 0 ...
 $ RaceHorse.IsHit5                 : int  0 0 0 0 0 0 0 0 0 0 ...
 $ RaceHorse.IsHit6                 : int  1 1 1 1 1 0 1 1 1 1 ...
 $ RaceHorse.IsValidRaceHorse       : logi  TRUE TRUE TRUE TRUE TRUE TRUE ...
 $ RaceHorse.IsHitA                 : int  0 0 0 0 0 0 0 0 0 0 ...
 $ RaceHorse.IsHitB                 : int  0 0 0 0 0 0 0 0 0 0 ...
 $ RaceHorse.IsHitC                 : int  0 0 0 0 0 1 0 0 0 0 ...
 $ Gen02.HansyokuNum                : Factor w/ 7704 levels "12257367","12261322",..: 2 3 11 4 5 6 7 8 12 13 ...
 $ Gen02.TimeDvByRaceAvg            : num  46.9 46.3 49.3 49.3 44.9 ...
 $ Gen02.TimeDvByRaceMax            : num  54.2 60.8 56.8 65.9 60.8 ...
 $ Gen02.RunCount                   : int  4 2 6 11 5 21 10 5 16 7 ...
 $ Gen02.HitCount1                  : int  0 1 0 1 0 0 1 2 2 0 ...
 $ Gen02.HitCount2                  : int  0 0 0 0 0 2 2 0 2 0 ...
 $ Gen02.HitCount3                  : int  0 0 0 1 0 1 1 1 2 0 ...
 $ Gen02.HitCount4                  : int  0 0 0 0 1 1 2 0 1 3 ...
 $ Gen02.HitCount5                  : int  0 0 1 0 0 1 0 0 3 1 ...
 $ Gen02.HitRate1                   : num  0 0.5 0 0.0909 0 ...
 $ Gen02.HitRate2                   : num  0 0 0 0 0 ...
 $ Gen02.HitRate3                   : num  0 0 0 0.0909 0 ...
 $ Gen02.HitRate4                   : num  0 0 0 0 0.2 ...
 $ Gen02.HitRate5                   : num  0 0 0.167 0 0 ...
 $ EOF                              : int  1 1 1 1 1 1 1 1 1 1 ...
[1] "2022-02-04 03:23:59 --- RxSqlServerData Finish ---"
[1] "2022-02-04 03:23:59 --- subset Start ---"
[1] "nrow(InputDataSet) subset before=39583"
[1] "nrow(InputDataSet) subset after=39583"
[1] "nrow(InputDataSet) subset diff=0"
[1] "class(InputDataSet$Race.IsAnalyzeNormalPast)=logical"
[1] "class(InputDataSet$Race.analyzeTrackTypeCd)=NULL"
[1] "2022-02-04 03:23:59 --- subset Finish ---"
[1] "2022-02-04 03:23:59 --- transform Start ---"
[1] "2022-02-04 03:23:59 --- Transform Finished ---"
[1] "nrow(InputDataSet) transaform before=39583"
[1] "nrow(InputDataSet) transaform after=39583"
[1] "nrow(InputDataSet) transaform diff=0"
[1] "str(InputDataSet)="
'data.frame':	39583 obs. of  42 variables:
 $ Race.RaceId                      : Factor w/ 2997 levels "20220109-07-01-03-05",..: 2 3 11 4 5 6 7 8 12 13 ...
 $ Race.IsPredictedRace             : logi  FALSE FALSE FALSE FALSE FALSE FALSE ...
 $ Race.IsAnalyzeNormalPastAndFuture: logi  TRUE TRUE TRUE TRUE TRUE TRUE ...
 $ Race.IsAnalyzeNormalPast         : logi  TRUE TRUE FALSE TRUE FALSE TRUE ...
 $ Race.IsAnalyzeNormalFuture       : logi  FALSE FALSE TRUE FALSE TRUE FALSE ...
 $ Race.IsAnalyzeFullPastAndFuture  : logi  TRUE TRUE TRUE TRUE TRUE TRUE ...
 $ Race.IsAnalyzeFullPast           : logi  TRUE TRUE FALSE TRUE FALSE TRUE ...
 $ Race.IsAnalyzeFullFuture         : logi  FALSE FALSE TRUE FALSE TRUE FALSE ...
 $ Race.JyokenCd                    : Factor w/ 1 level "5": 1 1 1 1 1 1 1 1 1 1 ...
 $ Race.JyoType1Cd                  : Factor w/ 182 levels "1-07-1600-1",..: 2 3 11 4 5 6 7 8 12 13 ...
 $ Race.RaceType0Cd                 : Factor w/ 290 levels "1-07-1600-1-5-X-12",..: 2 3 11 4 5 6 7 8 12 13 ...
 $ Race.RaceType1Cd                 : Factor w/ 1 level "1-5-X": 1 1 1 1 1 1 1 1 1 1 ...
 $ Race.RaceType2Cd                 : Factor w/ 1 level "1-5-X": 1 1 1 1 1 1 1 1 1 1 ...
 $ Race.RaceType3Cd                 : Factor w/ 2 levels "5-X-12","5-X-11": 1 1 2 1 1 1 1 2 1 1 ...
 $ Race.RaceType4Cd                 : Factor w/ 2 levels "1-5-12","1-5-11": 1 1 2 1 1 1 1 2 1 1 ...
 $ RaceHorse.RaceId                 : Factor w/ 2997 levels "20220109-07-01-03-05",..: 2 3 11 4 5 6 7 8 12 13 ...
 $ RaceHorse.KettoNum               : Factor w/ 14565 levels "2019106256","2016103192",..: 2 3 11 4 5 6 7 8 12 13 ...
 $ RaceHorse.IsHit1                 : int  0 0 0 0 0 0 0 0 0 0 ...
 $ RaceHorse.IsHit2                 : int  0 0 0 0 0 0 0 0 0 0 ...
 $ RaceHorse.IsHit3                 : int  0 0 0 0 0 1 0 0 0 0 ...
 $ RaceHorse.IsHit4                 : int  0 0 0 0 0 0 0 0 0 0 ...
 $ RaceHorse.IsHit5                 : int  0 0 0 0 0 0 0 0 0 0 ...
 $ RaceHorse.IsHit6                 : int  1 1 1 1 1 0 1 1 1 1 ...
 $ RaceHorse.IsValidRaceHorse       : logi  TRUE TRUE TRUE TRUE TRUE TRUE ...
 $ RaceHorse.IsHitA                 : int  0 0 0 0 0 0 0 0 0 0 ...
 $ RaceHorse.IsHitB                 : int  0 0 0 0 0 0 0 0 0 0 ...
 $ RaceHorse.IsHitC                 : int  0 0 0 0 0 1 0 0 0 0 ...
 $ Gen02.HansyokuNum                : Factor w/ 7704 levels "12257367","12261322",..: 2 3 11 4 5 6 7 8 12 13 ...
 $ Gen02.TimeDvByRaceAvg            : num  46.9 46.3 49.3 49.3 44.9 ...
 $ Gen02.TimeDvByRaceMax            : num  54.2 60.8 56.8 65.9 60.8 ...
 $ Gen02.RunCount                   : int  4 2 6 11 5 21 10 5 16 7 ...
 $ Gen02.HitCount1                  : int  0 1 0 1 0 0 1 2 2 0 ...
 $ Gen02.HitCount2                  : int  0 0 0 0 0 2 2 0 2 0 ...
 $ Gen02.HitCount3                  : int  0 0 0 1 0 1 1 1 2 0 ...
 $ Gen02.HitCount4                  : int  0 0 0 0 1 1 2 0 1 3 ...
 $ Gen02.HitCount5                  : int  0 0 1 0 0 1 0 0 3 1 ...
 $ Gen02.HitRate1                   : num  0 0.5 0 0.0909 0 ...
 $ Gen02.HitRate2                   : num  0 0 0 0 0 ...
 $ Gen02.HitRate3                   : num  0 0 0 0.0909 0 ...
 $ Gen02.HitRate4                   : num  0 0 0 0 0.2 ...
 $ Gen02.HitRate5                   : num  0 0 0.167 0 0 ...
 $ EOF                              : int  1 1 1 1 1 1 1 1 1 1 ...
NULL
[1] "2022-02-04 03:23:59 --- transform Finish ---"
[1] "2022-02-04 03:23:59 --- na.omit Start ---"
[1] "nrow(InputDataSet) na.omit before=39583"
[1] "nrow(InputDataSet) na.omit after=39148"
[1] "nrow(InputDataSet) na.omit diff=435"
[1] "2022-02-04 03:23:59 --- na.omit Finish---"
[1] "2022-02-04 03:23:59 --- New Levels Start ---"
[1] "levels(data$Race.RaceType1Cd)=1-5-X"
[1] "levels(InputDataSet$Race.RaceType1Cd)=1-5-X"
[1] "length(Race.RaceType1Cd.Index)=0"
[1] "2022-02-04 03:23:59 --- New Levels Finish ---"
[1] "2022-02-04 03:23:59 --- na.omit Start ---"
[1] "nrow(InputDataSet) na.omit levels before=39148"
[1] "nrow(InputDataSet) na.omit levels after=39148"
[1] "nrow(InputDataSet) na.omit levels diff=0"
[1] "2022-02-04 03:23:59 --- na.omit Finish ---"
[1] "2022-02-04 03:23:59 --- Predict InputDataSet Start ---"
[1] "nrow(InputDataSet) predict=39148"
[1] "str(InputDataSet)="
'data.frame':	39148 obs. of  42 variables:
 $ Race.RaceId                      : Factor w/ 2997 levels "20220109-07-01-03-05",..: 2 3 11 4 5 6 7 8 12 13 ...
 $ Race.IsPredictedRace             : logi  FALSE FALSE FALSE FALSE FALSE FALSE ...
 $ Race.IsAnalyzeNormalPastAndFuture: logi  TRUE TRUE TRUE TRUE TRUE TRUE ...
 $ Race.IsAnalyzeNormalPast         : logi  TRUE TRUE FALSE TRUE FALSE TRUE ...
 $ Race.IsAnalyzeNormalFuture       : logi  FALSE FALSE TRUE FALSE TRUE FALSE ...
 $ Race.IsAnalyzeFullPastAndFuture  : logi  TRUE TRUE TRUE TRUE TRUE TRUE ...
 $ Race.IsAnalyzeFullPast           : logi  TRUE TRUE FALSE TRUE FALSE TRUE ...
 $ Race.IsAnalyzeFullFuture         : logi  FALSE FALSE TRUE FALSE TRUE FALSE ...
 $ Race.JyokenCd                    : Factor w/ 1 level "5": 1 1 1 1 1 1 1 1 1 1 ...
 $ Race.JyoType1Cd                  : Factor w/ 182 levels "1-07-1600-1",..: 2 3 11 4 5 6 7 8 12 13 ...
 $ Race.RaceType0Cd                 : Factor w/ 290 levels "1-07-1600-1-5-X-12",..: 2 3 11 4 5 6 7 8 12 13 ...
 $ Race.RaceType1Cd                 : Factor w/ 1 level "1-5-X": 1 1 1 1 1 1 1 1 1 1 ...
 $ Race.RaceType2Cd                 : Factor w/ 1 level "1-5-X": 1 1 1 1 1 1 1 1 1 1 ...
 $ Race.RaceType3Cd                 : Factor w/ 2 levels "5-X-12","5-X-11": 1 1 2 1 1 1 1 2 1 1 ...
 $ Race.RaceType4Cd                 : Factor w/ 2 levels "1-5-12","1-5-11": 1 1 2 1 1 1 1 2 1 1 ...
 $ RaceHorse.RaceId                 : Factor w/ 2997 levels "20220109-07-01-03-05",..: 2 3 11 4 5 6 7 8 12 13 ...
 $ RaceHorse.KettoNum               : Factor w/ 14565 levels "2019106256","2016103192",..: 2 3 11 4 5 6 7 8 12 13 ...
 $ RaceHorse.IsHit1                 : int  0 0 0 0 0 0 0 0 0 0 ...
 $ RaceHorse.IsHit2                 : int  0 0 0 0 0 0 0 0 0 0 ...
 $ RaceHorse.IsHit3                 : int  0 0 0 0 0 1 0 0 0 0 ...
 $ RaceHorse.IsHit4                 : int  0 0 0 0 0 0 0 0 0 0 ...
 $ RaceHorse.IsHit5                 : int  0 0 0 0 0 0 0 0 0 0 ...
 $ RaceHorse.IsHit6                 : int  1 1 1 1 1 0 1 1 1 1 ...
 $ RaceHorse.IsValidRaceHorse       : logi  TRUE TRUE TRUE TRUE TRUE TRUE ...
 $ RaceHorse.IsHitA                 : int  0 0 0 0 0 0 0 0 0 0 ...
 $ RaceHorse.IsHitB                 : int  0 0 0 0 0 0 0 0 0 0 ...
 $ RaceHorse.IsHitC                 : int  0 0 0 0 0 1 0 0 0 0 ...
 $ Gen02.HansyokuNum                : Factor w/ 7704 levels "12257367","12261322",..: 2 3 11 4 5 6 7 8 12 13 ...
 $ Gen02.TimeDvByRaceAvg            : num  46.9 46.3 49.3 49.3 44.9 ...
 $ Gen02.TimeDvByRaceMax            : num  54.2 60.8 56.8 65.9 60.8 ...
 $ Gen02.RunCount                   : int  4 2 6 11 5 21 10 5 16 7 ...
 $ Gen02.HitCount1                  : int  0 1 0 1 0 0 1 2 2 0 ...
 $ Gen02.HitCount2                  : int  0 0 0 0 0 2 2 0 2 0 ...
 $ Gen02.HitCount3                  : int  0 0 0 1 0 1 1 1 2 0 ...
 $ Gen02.HitCount4                  : int  0 0 0 0 1 1 2 0 1 3 ...
 $ Gen02.HitCount5                  : int  0 0 1 0 0 1 0 0 3 1 ...
 $ Gen02.HitRate1                   : num  0 0.5 0 0.0909 0 ...
 $ Gen02.HitRate2                   : num  0 0 0 0 0 ...
 $ Gen02.HitRate3                   : num  0 0 0 0.0909 0 ...
 $ Gen02.HitRate4                   : num  0 0 0 0 0.2 ...
 $ Gen02.HitRate5                   : num  0 0 0.167 0 0 ...
 $ EOF                              : int  1 1 1 1 1 1 1 1 1 1 ...
 - attr(*, "na.action")= 'omit' Named int  38 42 167 323 391 408 442 475 487 528 ...
  ..- attr(*, "names")= chr  "38" "42" "167" "323" ...
[1] "2022-02-04 03:23:59 --- Predict InputDataSet Finish ---"
[1] "2022-02-04 03:23:59 --- rxPredict (glm) Start ---"
[1] "analyzeFunc=glm"
Rows Read: 39148, Total Rows Processed: 39148, Total Chunk Time: Less than .001 seconds 
[1] "nrow(PredictDataSet) afte predict=39148"
[1] "str(PredictDataSet)"
'data.frame':	39148 obs. of  1 variable:
 $ RaceHorse.IsHitA_Pred: num  0.0373 0.022 0.0503 0.0461 0.0292 ...
NULL
[1] "head(PredictDataSet) afte predict="
  RaceHorse.IsHitA_Pred
1            0.03734455
2            0.02201045
3            0.05028925
4            0.04614494
5            0.02915184
6            0.04676438
[1] "2022-02-04 03:23:59 --- rxPredict (glm) Finish ---"
[1] "2022-02-04 03:23:59 --- add key Start ---"
[1] "nrow(OutputDataSet) add KeyColmn=39148"
[1] "str(OutputDataSet) after add Key"
'data.frame':	39148 obs. of  2 variables:
 $ RaceHorse.RaceId  : Factor w/ 2997 levels "20220109-07-01-03-05",..: 2 3 11 4 5 6 7 8 12 13 ...
 $ RaceHorse.KettoNum: Factor w/ 14565 levels "2019106256","2016103192",..: 2 3 11 4 5 6 7 8 12 13 ...
NULL
[1] "2022-02-04 03:23:59 --- add key Finish ---"
[1] "2022-02-04 03:23:59 --- add PredictValue Start ---"
[1] "str(PredictDataSet) before rename="
[1] "colnames(PredictDataSet)=RaceHorse.IsHitA_Pred"
[1] "str(PredictDataSet) after rename="
'data.frame':	39148 obs. of  1 variable:
 $ PredictValue: num  0.0373 0.022 0.0503 0.0461 0.0292 ...
NULL
[1] "str(OutputDataSet) before cbind="
'data.frame':	39148 obs. of  2 variables:
 $ RaceHorse.RaceId  : Factor w/ 2997 levels "20220109-07-01-03-05",..: 2 3 11 4 5 6 7 8 12 13 ...
 $ RaceHorse.KettoNum: Factor w/ 14565 levels "2019106256","2016103192",..: 2 3 11 4 5 6 7 8 12 13 ...
NULL
[1] "str(OutputDataSet) after cbind="
'data.frame':	39148 obs. of  3 variables:
 $ RaceHorse.RaceId  : Factor w/ 2997 levels "20220109-07-01-03-05",..: 2 3 11 4 5 6 7 8 12 13 ...
 $ RaceHorse.KettoNum: Factor w/ 14565 levels "2019106256","2016103192",..: 2 3 11 4 5 6 7 8 12 13 ...
 $ PredictValue      : num  0.0373 0.022 0.0503 0.0461 0.0292 ...
NULL
[1] "2022-02-04 03:23:59 --- add PredictValue Finish ---"
[1] "2022-02-04 03:23:59 --- final Start ---"
[1] "nrow(OutputDataSet) final=39148"
[1] "head(OutputDataSet)="
      RaceHorse.RaceId RaceHorse.KettoNum PredictValue
1 20190518-05-02-09-05         2016103192   0.03734455
2 20200704-09-04-01-04         2017102173   0.02201045
3 20211127-09-05-07-04         2019105501   0.05028925
4 20180617-05-03-06-04         2015101504   0.04614494
5 20210829-10-04-06-03         2018106030   0.02915184
6 20200222-10-01-11-05         2017104086   0.04676438
[1] "str(OutputDataSet)="
'data.frame':	39148 obs. of  3 variables:
 $ RaceHorse.RaceId  : Factor w/ 2997 levels "20220109-07-01-03-05",..: 2 3 11 4 5 6 7 8 12 13 ...
 $ RaceHorse.KettoNum: Factor w/ 14565 levels "2019106256","2016103192",..: 2 3 11 4 5 6 7 8 12 13 ...
 $ PredictValue      : num  0.0373 0.022 0.0503 0.0461 0.0292 ...
NULL
[1] "2022-02-04 03:23:59 --- final Finish ---"
[1] "2022-02-04 03:23:59 --- predict.R Finished ---"
[1] "2022-02-04 03:23:59 --- log Finish ---"
