[1] "2022-02-03 21:30:17 --- D1113_analyze_glm_Gen02_IsHitA_Type24 Start ---"
[1] "2022-02-03 21:30:17 --- Log Start ---"
[1] "2022-02-03 21:30:17 --- analyze_glm.R Start ---"
[1] "analyzeVersion=D1113"
[1] "analyzeCategory=analyze"
[1] "analyzeType=Gen02"
[1] "analyzeFamily=IsHitA"
[1] "analyzeFunc=glm"
[1] "analyzeTrackTypeCd=2"
[1] "analyzeJyokenCd=4"
[1] "2022-02-03 21:30:17 --- source_function.R Start ---"
[1] "2022-02-03 21:30:17 --- source_function.R Finished ---"

> print(paste0(Sys.time(), " --- source_library.R Start ---"))
[1] "2022-02-03 21:30:18 --- source_library.R Start ---"

> require("RevoScaleR")

> print(paste0(Sys.time(), " --- source_library.R Finished ---"))
[1] "2022-02-03 21:30:18 --- source_library.R Finished ---"
[1] "2022-02-03 21:30:18 --- RxSqlServerData Start ---"
[1] "sqlQuery=SELECT * FROM ViewAnalyzeD1113analyze01Gen02Type24"
Rows Read: 42895, Total Rows Processed: 42895, Total Chunk Time: 3606.470 seconds 
[1] "head(data)="
           Race.RaceId Race.IsPredictedRace Race.IsAnalyzeNormalPastAndFuture
1 20190727-01-01-01-09                 TRUE                              TRUE
2 20171118-03-03-05-02                 TRUE                              TRUE
3 20210822-01-02-04-06                 TRUE                              TRUE
4 20170408-06-03-05-07                 TRUE                              TRUE
5 20200711-03-02-03-12                 TRUE                              TRUE
6 20170107-08-01-02-07                 TRUE                              TRUE
  Race.IsAnalyzeNormalPast Race.IsAnalyzeNormalFuture
1                     TRUE                      FALSE
2                     TRUE                      FALSE
3                    FALSE                       TRUE
4                     TRUE                      FALSE
5                     TRUE                      FALSE
6                     TRUE                      FALSE
  Race.IsAnalyzeFullPastAndFuture Race.IsAnalyzeFullPast
1                            TRUE                   TRUE
2                            TRUE                   TRUE
3                            TRUE                  FALSE
4                            TRUE                   TRUE
5                            TRUE                   TRUE
6                            TRUE                   TRUE
  Race.IsAnalyzeFullFuture Race.JyokenCd Race.JyoType1Cd   Race.RaceType0Cd
1                    FALSE             4     2-01-1700-1 2-01-1700-1-4-X-13
2                    FALSE             4     2-03-1700-1 2-03-1700-1-4-X-13
3                     TRUE             4     2-01-2400-1 2-01-2400-1-4-X-13
4                    FALSE             4     2-06-1200-4 2-06-1200-4-4-X-12
5                    FALSE             4     2-03-1700-2 2-03-1700-2-4-X-13
6                    FALSE             4     2-08-1900-1 2-08-1900-1-4-X-14
  Race.RaceType1Cd Race.RaceType2Cd Race.RaceType3Cd Race.RaceType4Cd
1            2-4-X            2-4-X           4-X-13           2-4-13
2            2-4-X            2-4-X           4-X-13           2-4-13
3            2-4-X            2-4-X           4-X-13           2-4-13
4            2-4-X            2-4-X           4-X-12           2-4-12
5            2-4-X            2-4-X           4-X-13           2-4-13
6            2-4-X            2-4-X           4-X-14           2-4-14
      RaceHorse.RaceId RaceHorse.KettoNum RaceHorse.IsHit1 RaceHorse.IsHit2
1 20190727-01-01-01-09         2016103115                1                0
2 20171118-03-03-05-02         2014103173                0                0
3 20210822-01-02-04-06         2018104156                0                0
4 20170408-06-03-05-07         2014102814                0                0
5 20200711-03-02-03-12         2017103261                0                0
6 20170107-08-01-02-07         2012104426                0                0
  RaceHorse.IsHit3 RaceHorse.IsHit4 RaceHorse.IsHit5 RaceHorse.IsHit6
1                0                0                0                0
2                0                0                0                1
3                0                0                0                1
4                0                0                0                1
5                0                0                1                0
6                0                1                0                0
  RaceHorse.IsValidRaceHorse RaceHorse.IsHitA RaceHorse.IsHitB RaceHorse.IsHitC
1                       TRUE                1                1                1
2                       TRUE                0                0                0
3                       TRUE                0                0                0
4                       TRUE                0                0                0
5                       TRUE                0                0                0
6                       TRUE                0                0                0
  Gen02.HansyokuNum Gen02.TimeDvByRaceAvg Gen02.TimeDvByRaceMax Gen02.RunCount
1          12262248                    50                    59              5
2          12252181                    35                    38              3
3          12252551                    48                    61              7
4          12260108                    51                    55              4
5          12253730                    52                    64             21
6          12256390                    50                    59             12
  Gen02.HitCount1 Gen02.HitCount2 Gen02.HitCount3 Gen02.HitCount4
1               0               1               1               0
2               0               0               0               0
3               0               0               2               0
4               0               0               0               0
5               2               5               1               0
6               0               2               0               1
  Gen02.HitCount5 Gen02.HitRate1 Gen02.HitRate2 Gen02.HitRate3 Gen02.HitRate4
1               0            0.0            0.2           0.20           0.00
2               0            0.0            0.0           0.00           0.00
3               0            0.0            0.0           0.29           0.00
4               1            0.0            0.0           0.00           0.00
5               2            0.1            0.2           0.05           0.00
6               3            0.0            0.2           0.00           0.08
  Gen02.HitRate5 EOF
1            0.0   1
2            0.0   1
3            0.0   1
4            0.2   1
5            0.1   1
6            0.2   1
[1] "object.size(data) auto=9.6 Mb"
[1] "nrow(data) RxSqlServerData=42895"
[1] "str(data)="
'data.frame':	42895 obs. of  42 variables:
 $ Race.RaceId                      : Factor w/ 3427 levels "20190727-01-01-01-09",..: 1 2 3 4 5 6 7 8 9 10 ...
 $ Race.IsPredictedRace             : logi  TRUE TRUE TRUE TRUE TRUE TRUE ...
 $ Race.IsAnalyzeNormalPastAndFuture: logi  TRUE TRUE TRUE TRUE TRUE TRUE ...
 $ Race.IsAnalyzeNormalPast         : logi  TRUE TRUE FALSE TRUE TRUE TRUE ...
 $ Race.IsAnalyzeNormalFuture       : logi  FALSE FALSE TRUE FALSE FALSE FALSE ...
 $ Race.IsAnalyzeFullPastAndFuture  : logi  TRUE TRUE TRUE TRUE TRUE TRUE ...
 $ Race.IsAnalyzeFullPast           : logi  TRUE TRUE FALSE TRUE TRUE TRUE ...
 $ Race.IsAnalyzeFullFuture         : logi  FALSE FALSE TRUE FALSE FALSE FALSE ...
 $ Race.JyokenCd                    : Factor w/ 1 level "4": 1 1 1 1 1 1 1 1 1 1 ...
 $ Race.JyoType1Cd                  : Factor w/ 134 levels "2-01-1700-1",..: 1 2 3 4 5 6 7 8 9 10 ...
 $ Race.RaceType0Cd                 : Factor w/ 344 levels "2-01-1700-1-4-X-13",..: 1 2 3 4 5 6 7 8 9 10 ...
 $ Race.RaceType1Cd                 : Factor w/ 2 levels "2-4-X","2-4-E": 1 1 1 1 1 1 1 1 1 1 ...
 $ Race.RaceType2Cd                 : Factor w/ 2 levels "2-4-X","2-4-E": 1 1 1 1 1 1 1 1 1 1 ...
 $ Race.RaceType3Cd                 : Factor w/ 8 levels "4-X-13","4-X-12",..: 1 1 1 2 1 3 1 1 1 2 ...
 $ Race.RaceType4Cd                 : Factor w/ 4 levels "2-4-13","2-4-12",..: 1 1 1 2 1 3 1 1 1 2 ...
 $ RaceHorse.RaceId                 : Factor w/ 3427 levels "20190727-01-01-01-09",..: 1 2 3 4 5 6 7 8 9 10 ...
 $ RaceHorse.KettoNum               : Factor w/ 8397 levels "2016103115","2014103173",..: 1 2 3 4 5 6 7 8 9 10 ...
 $ RaceHorse.IsHit1                 : int  1 0 0 0 0 0 0 0 0 0 ...
 $ RaceHorse.IsHit2                 : int  0 0 0 0 0 0 1 0 0 0 ...
 $ RaceHorse.IsHit3                 : int  0 0 0 0 0 0 0 0 0 0 ...
 $ RaceHorse.IsHit4                 : int  0 0 0 0 0 1 0 0 0 0 ...
 $ RaceHorse.IsHit5                 : int  0 0 0 0 1 0 0 0 0 0 ...
 $ RaceHorse.IsHit6                 : int  0 1 1 1 0 0 0 1 1 1 ...
 $ RaceHorse.IsValidRaceHorse       : logi  TRUE TRUE TRUE TRUE TRUE TRUE ...
 $ RaceHorse.IsHitA                 : int  1 0 0 0 0 0 0 0 0 0 ...
 $ RaceHorse.IsHitB                 : int  1 0 0 0 0 0 1 0 0 0 ...
 $ RaceHorse.IsHitC                 : int  1 0 0 0 0 0 1 0 0 0 ...
 $ Gen02.HansyokuNum                : Factor w/ 5631 levels "12262248","12252181",..: 1 2 3 4 5 6 7 8 9 10 ...
 $ Gen02.TimeDvByRaceAvg            : num  49.8 34.6 48.3 50.9 51.6 ...
 $ Gen02.TimeDvByRaceMax            : num  59.1 38.4 61 55.3 63.6 ...
 $ Gen02.RunCount                   : int  5 3 7 4 21 12 5 23 21 2 ...
 $ Gen02.HitCount1                  : int  0 0 0 0 2 0 1 1 1 0 ...
 $ Gen02.HitCount2                  : int  1 0 0 0 5 2 4 1 3 1 ...
 $ Gen02.HitCount3                  : int  1 0 2 0 1 0 0 4 0 0 ...
 $ Gen02.HitCount4                  : int  0 0 0 0 0 1 0 0 1 0 ...
 $ Gen02.HitCount5                  : int  0 0 0 1 2 3 0 3 2 1 ...
 $ Gen02.HitRate1                   : num  0 0 0 0 0.0952 ...
 $ Gen02.HitRate2                   : num  0.2 0 0 0 0.238 ...
 $ Gen02.HitRate3                   : num  0.2 0 0.2857 0 0.0476 ...
 $ Gen02.HitRate4                   : num  0 0 0 0 0 ...
 $ Gen02.HitRate5                   : num  0 0 0 0.25 0.0952 ...
 $ EOF                              : int  1 1 1 1 1 1 1 1 1 1 ...
[1] "2022-02-03 23:29:12 --- RxSqlServerData Finish ---"
[1] "2022-02-03 23:29:12 --- subset Start ---"
[1] "nrow(data) subset before=42895"
[1] "nrow(data) subset after =35162"
[1] "nrow(data) subset diff =7733"
[1] "2022-02-03 23:29:12 --- subset Finish---"
[1] "2022-02-03 23:29:12 --- transform Start ---"
[1] "nrow(data) transform before=35162"
[1] "nrow(data) transform after=35162"
[1] "nrow(data) transform diff=0"
[1] "str(data)="
'data.frame':	35162 obs. of  42 variables:
 $ Race.RaceId                      : Factor w/ 3427 levels "20190727-01-01-01-09",..: 1 2 4 5 6 7 8 9 12 13 ...
 $ Race.IsPredictedRace             : logi  TRUE TRUE TRUE TRUE TRUE TRUE ...
 $ Race.IsAnalyzeNormalPastAndFuture: logi  TRUE TRUE TRUE TRUE TRUE TRUE ...
 $ Race.IsAnalyzeNormalPast         : logi  TRUE TRUE TRUE TRUE TRUE TRUE ...
 $ Race.IsAnalyzeNormalFuture       : logi  FALSE FALSE FALSE FALSE FALSE FALSE ...
 $ Race.IsAnalyzeFullPastAndFuture  : logi  TRUE TRUE TRUE TRUE TRUE TRUE ...
 $ Race.IsAnalyzeFullPast           : logi  TRUE TRUE TRUE TRUE TRUE TRUE ...
 $ Race.IsAnalyzeFullFuture         : logi  FALSE FALSE FALSE FALSE FALSE FALSE ...
 $ Race.JyokenCd                    : Factor w/ 1 level "4": 1 1 1 1 1 1 1 1 1 1 ...
 $ Race.JyoType1Cd                  : Factor w/ 134 levels "2-01-1700-1",..: 1 2 4 5 6 7 8 9 11 12 ...
 $ Race.RaceType0Cd                 : Factor w/ 344 levels "2-01-1700-1-4-X-13",..: 1 2 4 5 6 7 8 9 12 13 ...
 $ Race.RaceType1Cd                 : Factor w/ 2 levels "2-4-X","2-4-E": 1 1 1 1 1 1 1 1 1 1 ...
 $ Race.RaceType2Cd                 : Factor w/ 2 levels "2-4-X","2-4-E": 1 1 1 1 1 1 1 1 1 1 ...
 $ Race.RaceType3Cd                 : Factor w/ 8 levels "4-X-13","4-X-12",..: 1 1 2 1 3 1 1 1 1 1 ...
 $ Race.RaceType4Cd                 : Factor w/ 4 levels "2-4-13","2-4-12",..: 1 1 2 1 3 1 1 1 1 1 ...
 $ RaceHorse.RaceId                 : Factor w/ 3427 levels "20190727-01-01-01-09",..: 1 2 4 5 6 7 8 9 12 13 ...
 $ RaceHorse.KettoNum               : Factor w/ 8397 levels "2016103115","2014103173",..: 1 2 4 5 6 7 8 9 12 13 ...
 $ RaceHorse.IsHit1                 : int  1 0 0 0 0 0 0 0 0 0 ...
 $ RaceHorse.IsHit2                 : int  0 0 0 0 0 1 0 0 0 0 ...
 $ RaceHorse.IsHit3                 : int  0 0 0 0 0 0 0 0 1 0 ...
 $ RaceHorse.IsHit4                 : int  0 0 0 0 1 0 0 0 0 0 ...
 $ RaceHorse.IsHit5                 : int  0 0 0 1 0 0 0 0 0 0 ...
 $ RaceHorse.IsHit6                 : int  0 1 1 0 0 0 1 1 0 1 ...
 $ RaceHorse.IsValidRaceHorse       : logi  TRUE TRUE TRUE TRUE TRUE TRUE ...
 $ RaceHorse.IsHitA                 : int  1 0 0 0 0 0 0 0 0 0 ...
 $ RaceHorse.IsHitB                 : int  1 0 0 0 0 1 0 0 0 0 ...
 $ RaceHorse.IsHitC                 : int  1 0 0 0 0 1 0 0 1 0 ...
 $ Gen02.HansyokuNum                : Factor w/ 5631 levels "12262248","12252181",..: 1 2 4 5 6 7 8 9 12 13 ...
 $ Gen02.TimeDvByRaceAvg            : num  49.8 34.6 50.9 51.6 50.3 ...
 $ Gen02.TimeDvByRaceMax            : num  59.1 38.4 55.3 63.6 58.9 ...
 $ Gen02.RunCount                   : int  5 3 4 21 12 5 23 21 31 1 ...
 $ Gen02.HitCount1                  : int  0 0 0 2 0 1 1 1 4 0 ...
 $ Gen02.HitCount2                  : int  1 0 0 5 2 4 1 3 7 0 ...
 $ Gen02.HitCount3                  : int  1 0 0 1 0 0 4 0 2 0 ...
 $ Gen02.HitCount4                  : int  0 0 0 0 1 0 0 1 5 0 ...
 $ Gen02.HitCount5                  : int  0 0 1 2 3 0 3 2 3 0 ...
 $ Gen02.HitRate1                   : num  0 0 0 0.0952 0 ...
 $ Gen02.HitRate2                   : num  0.2 0 0 0.238 0.167 ...
 $ Gen02.HitRate3                   : num  0.2 0 0 0.0476 0 ...
 $ Gen02.HitRate4                   : num  0 0 0 0 0.0833 ...
 $ Gen02.HitRate5                   : num  0 0 0.25 0.0952 0.25 ...
 $ EOF                              : int  1 1 1 1 1 1 1 1 1 1 ...
NULL
[1] "2022-02-03 23:29:13 --- transform Finish ---"
[1] "2022-02-03 23:29:13 --- na.omit Start ---"
[1] "nrow(data) na.omit before=35162"
[1] "nrow(data) na.omit after =35162"
[1] "nrow(data) na.omit diff =0"
'data.frame':	35162 obs. of  42 variables:
 $ Race.RaceId                      : Factor w/ 3427 levels "20190727-01-01-01-09",..: 1 2 4 5 6 7 8 9 12 13 ...
 $ Race.IsPredictedRace             : logi  TRUE TRUE TRUE TRUE TRUE TRUE ...
 $ Race.IsAnalyzeNormalPastAndFuture: logi  TRUE TRUE TRUE TRUE TRUE TRUE ...
 $ Race.IsAnalyzeNormalPast         : logi  TRUE TRUE TRUE TRUE TRUE TRUE ...
 $ Race.IsAnalyzeNormalFuture       : logi  FALSE FALSE FALSE FALSE FALSE FALSE ...
 $ Race.IsAnalyzeFullPastAndFuture  : logi  TRUE TRUE TRUE TRUE TRUE TRUE ...
 $ Race.IsAnalyzeFullPast           : logi  TRUE TRUE TRUE TRUE TRUE TRUE ...
 $ Race.IsAnalyzeFullFuture         : logi  FALSE FALSE FALSE FALSE FALSE FALSE ...
 $ Race.JyokenCd                    : Factor w/ 1 level "4": 1 1 1 1 1 1 1 1 1 1 ...
 $ Race.JyoType1Cd                  : Factor w/ 134 levels "2-01-1700-1",..: 1 2 4 5 6 7 8 9 11 12 ...
 $ Race.RaceType0Cd                 : Factor w/ 344 levels "2-01-1700-1-4-X-13",..: 1 2 4 5 6 7 8 9 12 13 ...
 $ Race.RaceType1Cd                 : Factor w/ 2 levels "2-4-X","2-4-E": 1 1 1 1 1 1 1 1 1 1 ...
 $ Race.RaceType2Cd                 : Factor w/ 2 levels "2-4-X","2-4-E": 1 1 1 1 1 1 1 1 1 1 ...
 $ Race.RaceType3Cd                 : Factor w/ 8 levels "4-X-13","4-X-12",..: 1 1 2 1 3 1 1 1 1 1 ...
 $ Race.RaceType4Cd                 : Factor w/ 4 levels "2-4-13","2-4-12",..: 1 1 2 1 3 1 1 1 1 1 ...
 $ RaceHorse.RaceId                 : Factor w/ 3427 levels "20190727-01-01-01-09",..: 1 2 4 5 6 7 8 9 12 13 ...
 $ RaceHorse.KettoNum               : Factor w/ 8397 levels "2016103115","2014103173",..: 1 2 4 5 6 7 8 9 12 13 ...
 $ RaceHorse.IsHit1                 : int  1 0 0 0 0 0 0 0 0 0 ...
 $ RaceHorse.IsHit2                 : int  0 0 0 0 0 1 0 0 0 0 ...
 $ RaceHorse.IsHit3                 : int  0 0 0 0 0 0 0 0 1 0 ...
 $ RaceHorse.IsHit4                 : int  0 0 0 0 1 0 0 0 0 0 ...
 $ RaceHorse.IsHit5                 : int  0 0 0 1 0 0 0 0 0 0 ...
 $ RaceHorse.IsHit6                 : int  0 1 1 0 0 0 1 1 0 1 ...
 $ RaceHorse.IsValidRaceHorse       : logi  TRUE TRUE TRUE TRUE TRUE TRUE ...
 $ RaceHorse.IsHitA                 : int  1 0 0 0 0 0 0 0 0 0 ...
 $ RaceHorse.IsHitB                 : int  1 0 0 0 0 1 0 0 0 0 ...
 $ RaceHorse.IsHitC                 : int  1 0 0 0 0 1 0 0 1 0 ...
 $ Gen02.HansyokuNum                : Factor w/ 5631 levels "12262248","12252181",..: 1 2 4 5 6 7 8 9 12 13 ...
 $ Gen02.TimeDvByRaceAvg            : num  49.8 34.6 50.9 51.6 50.3 ...
 $ Gen02.TimeDvByRaceMax            : num  59.1 38.4 55.3 63.6 58.9 ...
 $ Gen02.RunCount                   : int  5 3 4 21 12 5 23 21 31 1 ...
 $ Gen02.HitCount1                  : int  0 0 0 2 0 1 1 1 4 0 ...
 $ Gen02.HitCount2                  : int  1 0 0 5 2 4 1 3 7 0 ...
 $ Gen02.HitCount3                  : int  1 0 0 1 0 0 4 0 2 0 ...
 $ Gen02.HitCount4                  : int  0 0 0 0 1 0 0 1 5 0 ...
 $ Gen02.HitCount5                  : int  0 0 1 2 3 0 3 2 3 0 ...
 $ Gen02.HitRate1                   : num  0 0 0 0.0952 0 ...
 $ Gen02.HitRate2                   : num  0.2 0 0 0.238 0.167 ...
 $ Gen02.HitRate3                   : num  0.2 0 0 0.0476 0 ...
 $ Gen02.HitRate4                   : num  0 0 0 0 0.0833 ...
 $ Gen02.HitRate5                   : num  0 0 0.25 0.0952 0.25 ...
 $ EOF                              : int  1 1 1 1 1 1 1 1 1 1 ...
[1] "2022-02-03 23:29:13 --- na.omit Finish ---"
[1] "2022-02-03 23:29:13 --- rxGlm with rxStepControl Start ---"
[1] "2022-02-03 23:29:13 --- source_logic_glm.R Start ---"
[1] "2022-02-03 23:29:13 --- source_logic_glm.R Finished ---"
Rows Read: 35162, Total Rows Processed: 35162, Total Chunk Time: 0.004 seconds 

Starting values (iteration 1) time: 0.014 secs.
Rows Read: 35162, Total Rows Processed: 35162, Total Chunk Time: 0.004 seconds 

Iteration 2 time: 0.011 secs.
Rows Read: 35162, Total Rows Processed: 35162, Total Chunk Time: 0.004 seconds 

Iteration 3 time: 0.007 secs.
Rows Read: 35162, Total Rows Processed: 35162, Total Chunk Time: 0.003 seconds 

Iteration 4 time: 0.006 secs.
Rows Read: 35162, Total Rows Processed: 35162, Total Chunk Time: 0.003 seconds 

Iteration 5 time: 0.007 secs.
Rows Read: 35162, Total Rows Processed: 35162, Total Chunk Time: 0.004 seconds 

Iteration 6 time: 0.006 secs.

Elapsed computation time: 0.071 secs.
Rows Read: 35162, Total Rows Processed: 35162, Total Chunk Time: 0.003 seconds 

Starting values (iteration 1) time: 0.012 secs.
Rows Read: 35162, Total Rows Processed: 35162, Total Chunk Time: 0.003 seconds 

Iteration 2 time: 0.009 secs.
Rows Read: 35162, Total Rows Processed: 35162, Total Chunk Time: 0.003 seconds 

Iteration 3 time: 0.006 secs.
Rows Read: 35162, Total Rows Processed: 35162, Total Chunk Time: 0.003 seconds 

Iteration 4 time: 0.005 secs.
Rows Read: 35162, Total Rows Processed: 35162, Total Chunk Time: 0.004 seconds 

Iteration 5 time: 0.006 secs.
Rows Read: 35162, Total Rows Processed: 35162, Total Chunk Time: 0.003 seconds 

Iteration 6 time: 0.005 secs.

Elapsed computation time: 0.069 secs.
Rows Read: 35162, Total Rows Processed: 35162, Total Chunk Time: 0.004 seconds 

Starting values (iteration 1) time: 0.013 secs.
Rows Read: 35162, Total Rows Processed: 35162, Total Chunk Time: 0.004 seconds 

Iteration 2 time: 0.011 secs.
Rows Read: 35162, Total Rows Processed: 35162, Total Chunk Time: 0.004 seconds 

Iteration 3 time: 0.006 secs.
Rows Read: 35162, Total Rows Processed: 35162, Total Chunk Time: 0.003 seconds 

Iteration 4 time: 0.005 secs.
Rows Read: 35162, Total Rows Processed: 35162, Total Chunk Time: 0.003 seconds 

Iteration 5 time: 0.007 secs.
Rows Read: 35162, Total Rows Processed: 35162, Total Chunk Time: 0.004 seconds 

Iteration 6 time: 0.006 secs.

Elapsed computation time: 0.072 secs.
Rows Read: 35162, Total Rows Processed: 35162, Total Chunk Time: 0.005 seconds 

Starting values (iteration 1) time: 0.014 secs.
Rows Read: 35162, Total Rows Processed: 35162, Total Chunk Time: 0.004 seconds 

Iteration 2 time: 0.009 secs.
Rows Read: 35162, Total Rows Processed: 35162, Total Chunk Time: 0.004 seconds 

Iteration 3 time: 0.007 secs.
Rows Read: 35162, Total Rows Processed: 35162, Total Chunk Time: 0.004 seconds 

Iteration 4 time: 0.006 secs.
Rows Read: 35162, Total Rows Processed: 35162, Total Chunk Time: 0.004 seconds 

Iteration 5 time: 0.007 secs.
Rows Read: 35162, Total Rows Processed: 35162, Total Chunk Time: 0.003 seconds 

Iteration 6 time: 0.006 secs.

Elapsed computation time: 0.074 secs.

Elapsed computation time: 0.309 secs.
[1] "analyze.results.glm.step="
Generalized Linear Model Results for: RaceHorse.IsHitA ~
    Gen02.TimeDvByRaceAvg + Gen02.HitRate1
Data: data
Dependent variable(s): RaceHorse.IsHitA
Total independent variables: 3 
Number of valid observations: 35162
Number of missing observations: 0 
Family-link: binomial-logit 
 
 
Coefficients:
                      RaceHorse.IsHitA
(Intercept)                       -8.7
Gen02.TimeDvByRaceAvg              0.1
Gen02.HitRate1                    -0.5
[1] "analyze.results.glm.step.summary"
Call:
rxGlm(formula = form, data = data, family = binomial(), variableSelection = analyze.results.glm.step.varsel)

Generalized Linear Model Results for: RaceHorse.IsHitA ~
    Gen02.TimeDvByRaceAvg + Gen02.HitRate1
Data: data
Dependent variable(s): RaceHorse.IsHitA
Total independent variables: 3 
Number of valid observations: 35162
Number of missing observations: 0 
Family-link: binomial-logit 
 
Residual deviance: 17760.674 (on 35159 degrees of freedom)
 
Coefficients:
                      Estimate Std. Error z value Pr(>|z|)    
(Intercept)           -8.71351    0.24973  -34.89  2.2e-16 ***
Gen02.TimeDvByRaceAvg  0.12026    0.00479   25.09  2.2e-16 ***
Gen02.HitRate1        -0.53993    0.17306   -3.12   0.0018 ** 
---
Signif. codes:  0 '***' 0.001 '**' 0.01 '*' 0.05 '.' 0.1 ' ' 1

(Dispersion parameter for binomial family taken to be 1)

Condition number of final variance-covariance matrix: 2 
Number of iterations: 6
[1] "2022-02-03 23:29:13 --- rxGlm with rxStepControl Finish ---"
[1] "2022-02-03 23:29:13 --- rxStepPlot Start ---"
[1] "pdfFilename=pdf_analyze_glm_Gen02_Type24_rxStepPlot.pdf"
[1] "rxStepPlot="
[1] "2022-02-03 23:29:13 --- rxStepPlot Finish ---"
[1] "2022-02-03 23:29:13 --- save.image Start ---"
[1] "save.image"
[1] "rdataFilename=RData_analyze_glm_Gen02_Type24.RData"
[1] "2022-02-03 23:29:15 --- save.image Finish ---"
[1] "2022-02-03 23:29:15 --- final Start ---"
[1] "nrow(data) final=35162"
[1] "2022-02-03 23:29:15 --- final Finish ---"
[1] "2022-02-03 23:29:15 --- analyze_glm.R Finished ---"
[1] "2022-02-03 23:29:15 --- log Finish ---"
